time,size,first_call,destination,dest_out_traffic,dest_in_traffic,total_network_out,total_network_in,dens10
3.723779012,0.244,244,2,0.244,24.576,0.244,26.624,0
3.761704716,0.183,183,2,0.427,40.96,0.427,43.008,0.037925704
4.771837319,0.183,183,2,0.61,57.344,0.61,59.392,1.010132603
5.773226648,0.183,183,2,0.793,73.728,0.793,75.776,1.001389329
6.774026003,0.183,183,2,0.976,90.112,0.976,92.16,1.000799355
7.774779104,0.183,183,2,1.159,106.496,1.159,108.544,1.000753101
8.775547584,0.183,183,2,1.342,122.88,1.342,124.928,1.00076848
9.776249934,0.183,183,2,1.525,139.264,1.525,141.312,1.00070235
10.776972784,0.183,183,2,1.708,155.648,1.708,157.696,1.00072285
11.777854607,0.183,183,2,1.891,172.032,1.891,174.08,1.000881823
12.778557219,0.183,183,2,2.074,188.416,2.074,190.464,1.000702612
13.779355738,0.183,183,2,2.257,204.8,2.257,206.848,1.000798519
14.780172873,0.183,183,2,2.44,221.184,2.44,223.232,1.000817135
15.780987495,0.183,183,2,2.623,237.568,2.623,239.616,1.000814622
16.781767924,0.183,183,2,2.806,253.952,2.806,256.0,1.000780429
17.782459918,0.183,183,2,2.989,270.336,2.989,272.384,1.000691994
18.784243437,0.183,183,2,3.172,278.528,3.172,280.576,1.001783519
19.479395848,0.268,268,5,0.268,8.452,3.606,291.76,0.695152411
18.924615329,0.166,166,2,3.338,289.452,3.859,308.144,0
19.791659883,0.219,219,2,3.557,322.22,4.078,340.912,0.867044554
20.002533573,0.283,283,2,3.84,338.604,4.361,357.296,0.21087369
20.044605696,0.207,207,2,4.047,354.988,4.568,373.68,0.042072123
20.085291149,0.102,102,2,4.149,363.18,4.67,381.872,0.040685453
19.522992455,0.253,253,5,0.521,24.836,4.795,50410.687,0
20.535085675,0.291,291,5,0.812,25.123,5.086,50480.898,1.01209322
20.11238514,0.125,125,2,4.274,81123.859,5.32,81159.222,0
20.538190051,0.234,234,5,1.046,41.507,5.539,160734.408,0.425804911
21.539301029,0.405,405,5,1.451,41.908,5.944,161042.639,1.001110978
20.793211244,0.219,219,2,4.493,193268.304,6.174,193320.452,0
21.541573731,0.23,230,5,1.681,58.292,6.393,285223.846,0.748362487
21.800970993,0.219,219,2,4.712,318716.449,6.908,318785.492,0.259397262
22.542725356,0.515,515,5,2.196,75.187,7.127,407800.548,0.741754363
22.81168289,0.219,219,2,4.931,442704.437,7.642,442790.375,0.268957534
23.821781943,0.219,219,2,5.15,463024.149,7.861,463110.087,1.010099053
23.54502241,0.515,515,5,2.711,92.082,7.986,526674.063,0
23.998153225,0.125,125,2,5.275,555726.612,8.501,555829.445,0.453130815
24.547196787,0.515,515,5,3.226,108.977,8.72,641963.314,0.549043562
24.829044089,0.219,219,2,5.494,671317.08,9.235,671436.808,0.281847302
25.837771509,0.219,219,2,5.713,671333.464,9.454,671453.192,1.00872742
26.361824064,0.174,174,2,5.887,671349.848,9.628,671469.576,0.524052555
25.549790595,0.515,515,5,3.741,125.872,9.816,671485.96,0
26.366032968,0.188,188,2,6.075,671358.04,10.467,671486.607,0.816242373
26.371919877,0.123,123,2,6.198,671595.677,10.59,671732.436,0.005886909
26.369909921,0.651,651,5,4.392,142.903,10.76,671740.628,0
26.405463334,0.17,170,2,6.368,671612.061,11.257,671765.697,0.035553413
26.409681326,0.184,184,2,6.552,671620.253,11.441,671773.889,0.004217992
26.406407346,0.497,497,5,4.889,159.78,11.564,671831.632,0
26.416558444,0.123,123,2,6.675,671677.996,11.943,671848.391,0.010151098
26.435737894,0.379,379,5,5.268,176.539,12.162,671864.775,0.01917945
27.437103033,0.156,156,5,5.424,193.075,12.318,671881.311,1.001365139
26.843553682,0.219,219,2,6.894,671694.38,12.474,671897.847,0
27.84703972,0.219,219,2,7.113,671702.572,12.693,671906.039,1.003486038
28.594344352,0.176,176,2,7.289,671703.596,12.869,671907.063,0.747304632
28.671246787,0.154,154,2,7.443,671707.18,13.023,671910.647,0.076902435
28.80608088,0.17,170,2,7.613,671708.204,13.193,671911.671,0.134834093
28.841226823,0.172,172,2,7.785,671717.42,13.365,671920.887,0.035145943
28.849946833,0.219,219,2,8.004,671725.612,13.584,671929.079,0.00872001
29.155064021,0.177,177,2,8.181,671726.124,13.761,671929.591,0.305117188
29.18584476,0.176,176,2,8.357,671726.636,13.937,671930.103,0.030780739
29.203912209,1.53,1530,2,9.887,671727.628,15.467,671931.095,0.018067449
29.280331265,1.256,1256,2,11.143,671728.108,16.723,671931.575,0.076419056
29.295472433,0.171,171,2,11.314,671737.244,16.894,671940.711,0.015141168
29.850964096,0.219,219,2,11.533,671753.628,17.113,671957.095,0.555491663
30.851805244,0.219,219,2,11.752,671770.012,17.332,671973.479,1.000841148
31.852621366,0.219,219,2,11.971,671786.396,17.551,671989.863,1.000816122
32.853359816,0.219,219,2,12.19,671802.78,17.77,672006.247,1.00073845
33.854028732,0.219,219,2,12.409,671819.164,17.989,672022.631,1.000668916
34.855102832,0.219,219,2,12.628,671827.356,18.208,672030.823,1.0010741
35.855807627,0.219,219,2,12.847,671843.74,18.427,672047.207,1.000704795
36.856529718,0.219,219,2,13.066,671860.124,18.646,672063.591,1.000722091
37.857306579,0.219,219,2,13.285,671876.508,18.865,672079.975,1.000776861
38.858104648,0.219,219,2,13.504,671892.892,19.084,672096.359,1.000798069
39.858821378,0.219,219,2,13.723,671909.276,19.303,672112.743,1.00071673
40.859493157,0.219,219,2,13.942,671925.66,19.522,672129.127,1.000671779
41.860172904,0.219,219,2,14.161,671942.044,19.741,672145.511,1.000679747
42.860866616,0.219,219,2,14.38,671950.236,19.96,672153.703,1.000693712
43.278008769,0.339,339,2,14.719,671958.892,20.299,672162.359,0.417142153
43.861590458,0.219,219,2,14.938,671975.276,20.518,672178.743,0.583581689
44.862262883,0.219,219,2,15.157,671991.66,20.737,672195.127,1.000672425
45.862971655,0.219,219,2,15.376,672008.044,20.956,672211.511,1.000708772
46.863655173,0.219,219,2,15.595,672024.428,21.175,672227.895,1.000683518
47.86430175,0.22,220,2,15.815,672040.812,21.395,672244.279,1.000646577
48.865006109,0.22,220,2,16.035,672058.156,21.615,672261.623,1.000704359
49.194775125,1.575,1575,2,17.61,672058.156,23.19,672261.623,0.329769016
49.31006816,0.286,286,2,17.896,672071.468,23.476,672274.935,0.115293035
49.379519538,0.189,189,2,18.085,672079.66,23.665,672283.127,0.069451378
49.781282044,0.286,286,2,18.371,672210.732,23.951,672414.199,0.401762506
49.793958159,0.189,189,2,18.56,672220.972,24.14,672424.439,0.012676115
49.866137113,0.22,220,2,18.78,672237.356,24.59,672475.639,0.072178954
50.801671943,0.23,230,8,0.23,40.96,24.81,672492.023,0.93553483
50.867143156,0.22,220,2,19.0,672253.74,25.064,678127.399,0.065471213
51.868485334,0.22,220,2,19.22,672270.124,25.284,690036.923,1.001342178
52.869910723,0.22,220,2,19.44,672278.316,25.504,695264.882,1.001425389
53.284626243,2.513,2513,2,21.953,672288.556,28.017,701618.13,0.41471552
53.871086237,0.22,220,2,22.173,672304.94,28.237,713791.946,0.586459994
54.872114987,0.22,220,2,22.393,672321.324,28.457,726758.638,1.00102875
55.873119593,0.22,220,2,22.613,672337.708,28.677,739527.111,1.001004606
56.874429878,0.22,220,2,22.833,672354.092,28.897,753022.387,1.001310285
57.875741755,0.22,220,2,23.053,672370.476,29.117,766517.663,1.001311877
58.876820128,0.22,220,2,23.273,672386.86,29.337,780211.158,1.001078373
59.87792602,0.22,220,2,23.493,672403.244,29.557,793442.142,1.001105892
60.879033333,0.22,220,2,23.713,672419.628,29.777,806607.053,1.001107313
50.920547956,0.152,152,9,0.152,135650.656,29.997,808333.143,0
61.880089668,0.22,220,2,23.933,672427.82,30.149,808399.216,10.959541712
62.103637768,2.581,2581,2,26.514,672437.036,32.73,808408.432,0.2235481
50.890372031,0.102,102,8,0.332,73.728,34.305,808433.008,0
62.013448043,0.152,152,9,0.304,135716.729,34.535,808441.2,11.123076012
62.110473824,1.575,1575,2,28.089,672445.228,34.687,816909.523,0.097025781
62.881079713,0.22,220,2,28.309,672453.42,34.907,821939.263,0.770605889
63.267449719,2.513,2513,2,30.822,672477.996,37.42,830090.818,0.386370006
63.882138675,0.22,220,2,31.042,672494.38,37.64,843255.729,0.614688956
64.883289072,0.22,220,2,31.262,672510.764,37.86,856817.078,1.001150397
65.884350484,0.22,220,2,31.482,672527.148,38.08,869519.478,1.001061412
66.885507801,0.22,220,2,31.702,672535.34,38.3,883006.562,1.001157317
67.886580981,0.22,220,2,31.922,672551.724,38.52,896369.692,1.00107318
68.887849932,0.22,220,2,32.142,672568.108,38.74,909666.749,1.001268951
69.888968308,0.22,220,2,32.362,672584.492,38.96,923360.244,1.001118376
70.889837532,0.22,220,2,32.582,672600.876,39.18,936657.301,1.000869224
62.177448721,0.23,230,8,0.562,106.496,39.4,944288.464,0
62.180467437,0.152,152,9,0.456,271367.385,39.634,944296.656,0.003018716
71.890826217,0.22,220,2,32.802,672609.068,39.786,944678.505,9.71035878
72.525569952,2.538,2538,2,35.34,672625.452,42.324,944694.889,0.634743735
72.463274563,0.234,234,8,0.796,122.88,43.899,944703.081,0
72.540478129,0.14,140,8,0.936,139.264,44.039,944719.465,0.077203566
72.465740272,0.152,152,9,0.608,271749.234,44.183,944727.657,0
72.531017123,1.575,1575,2,36.915,672633.644,44.335,948835.162,0.065276851
72.891917697,0.22,220,2,37.135,672641.836,44.555,953798.829,0.360900574
73.266333159,2.513,2513,2,39.648,672674.604,47.068,962222.868,0.374415462
73.893010272,0.22,220,2,39.868,672690.988,47.288,974594.903,0.626677113
74.89410014,0.22,220,2,40.088,672707.372,47.508,987825.887,1.001089868
75.895101805,0.22,220,2,40.308,672723.756,47.728,1001321.163,1.001001665
76.896192488,0.22,220,2,40.528,672740.14,47.948,1014486.074,1.001090683
77.897170924,0.22,220,2,40.748,672756.524,48.168,1028047.423,1.000978436
78.89818055,0.22,220,2,40.968,672772.908,48.388,1041014.115,1.001009626
79.899136843,0.22,220,2,41.188,672789.292,48.608,1054179.026,1.000956293
80.900164746,0.22,220,2,41.408,672805.676,48.828,1067476.083,1.001027903
81.901152944,0.22,220,2,41.628,672822.06,49.048,1080508.848,1.000988198
72.544944457,0.152,152,9,0.76,407399.89,49.268,1080583.113,0
82.902195882,0.22,220,2,41.848,672830.252,49.42,1080677.088,10.357251425
82.959175219,2.538,2538,2,44.386,672846.636,51.958,1080693.472,0.056979337
72.54240329,0.144,144,8,1.08,172.032,53.533,1080718.048,0
82.974273836,0.23,230,8,1.31,188.416,53.763,1080734.432,10.431870546
82.910746842,0.152,152,9,0.912,407493.865,53.907,1080742.624,0
82.964668367,1.575,1575,2,45.961,672846.636,54.059,1084957.222,0.053921525
83.26604762,2.513,2513,2,48.474,672985.9,56.572,1093619.903,0.301379253
83.903223816,0.22,220,2,48.694,673002.284,56.792,1107247.325,0.637176196
84.904221292,0.22,220,2,48.914,673018.668,57.012,1120940.82,1.000997476
85.905239363,0.22,220,2,49.134,673035.052,57.232,1134237.877,1.001018071
86.906251906,0.22,220,2,49.354,673051.436,57.452,1147931.372,1.001012543
87.907455201,0.22,220,2,49.574,673067.82,57.672,1161360.575,1.001203295
88.910519315,0.22,220,2,49.794,673084.204,57.892,1174789.778,1.003064114
89.911599662,0.22,220,2,50.014,673100.588,58.112,1187690.397,1.001080347
90.912623345,0.22,220,2,50.234,673116.972,58.332,1200591.016,1.001023683
91.913639681,0.22,220,2,50.454,673133.356,58.552,1214152.365,1.001016336
82.977968559,0.152,152,9,1.064,543722.317,58.772,1217265.988,0
92.91456933,0.22,220,2,50.674,673141.548,58.924,1217364.697,9.936600771
93.224138916,2.538,2538,2,53.212,673207.084,61.462,1217430.233,0.309569586
82.976121259,0.144,144,8,1.454,221.184,63.037,1217454.809,0
93.240498599,0.23,230,8,1.684,237.568,63.267,1217471.193,10.26437734
93.142944852,0.152,152,9,1.216,543821.026,63.411,1217479.385,0
93.230715076,1.575,1575,2,54.787,673207.084,63.563,1217893.842,0.087770224
93.266383989,2.513,2513,2,57.3,673248.044,66.076,1226193.927,0.035668913
93.915536446,0.22,220,2,57.52,673264.428,66.296,1239557.057,0.649152457
94.916606724,0.22,220,2,57.74,673280.812,66.516,1252854.114,1.001070278
95.917746328,0.22,220,2,57.96,673297.196,66.736,1266151.171,1.001139604
96.918772647,0.22,220,2,58.18,673313.58,66.956,1279382.155,1.001026319
97.919762215,0.22,220,2,58.4,673329.964,67.176,1292547.066,1.000989568
98.920716969,0.22,220,2,58.62,673338.156,67.396,1305439.493,1.000954754
99.921791059,0.22,220,2,58.84,673354.54,67.616,1318802.623,1.00107409
100.922771876,0.22,220,2,59.06,673370.924,67.836,1332099.68,1.000980817
101.923894955,0.22,220,2,59.28,673387.308,68.056,1345594.956,1.001123079
102.924892887,0.22,220,2,59.5,673395.5,68.276,1350162.185,1.000997932
93.244472067,0.152,152,9,1.368,679486.914,70.789,1353350.073,0
103.265669641,2.513,2513,2,62.013,673411.884,70.941,1353475.375,10.021197574
103.549025201,2.538,2538,2,64.551,673444.652,73.479,1353508.143,0.28335556
93.242464882,0.144,144,8,1.828,270.336,75.054,1353532.719,0
103.562899151,0.23,230,8,2.058,286.72,75.284,1353549.103,10.320434269
103.501651201,0.152,152,9,1.52,679612.216,75.428,1353557.295,0
103.555070835,1.575,1575,2,66.126,673452.844,75.58,1358208.242,0.053419634
103.925847046,0.22,220,2,66.346,673469.228,75.8,1370976.715,0.370776211
104.926851342,0.22,220,2,66.566,673485.612,76.02,1384538.064,1.001004296
105.927917097,0.22,220,2,66.786,673501.996,76.24,1397967.267,1.001065755
106.928986972,0.22,220,2,67.006,673518.38,76.46,1411462.543,1.001069875
107.929965347,0.22,220,2,67.226,673534.764,76.68,1424957.819,1.000978375
108.93091226,0.22,220,2,67.446,673551.148,76.9,1437924.511,1.000946913
109.932016074,0.22,220,2,67.666,673567.532,77.12,1451485.86,1.001103814
110.933026256,0.22,220,2,67.886,673583.916,77.34,1464848.99,1.001010182
111.934227677,0.22,220,2,68.106,673600.3,77.56,1478344.266,1.001201421
112.935300026,0.22,220,2,68.326,673608.492,77.78,1482911.495,1.001072349
103.56637622,0.152,152,9,1.672,815145.584,80.293,1489385.575,0
113.266993287,2.513,2513,2,70.839,673739.564,80.445,1489639.61,9.700617067
113.777942266,2.538,2538,2,73.377,673772.332,82.983,1489672.378,0.510948979
103.564586295,0.144,144,8,2.202,319.488,84.558,1489696.954,0
113.790605868,0.23,230,8,2.432,335.872,84.788,1489713.338,10.226019573
113.732204546,0.152,152,9,1.824,815399.619,84.932,1489721.53,0
113.783137589,1.575,1575,2,74.952,673780.524,85.084,1491589.097,0.050933043
113.936274312,0.22,220,2,75.172,673796.908,85.304,1504687.935,0.153136723
114.937245756,0.22,220,2,75.392,673813.292,85.524,1517852.846,1.000971444
115.938240694,0.22,220,2,75.612,673829.676,85.744,1531083.83,1.000994938
116.939214272,0.22,220,2,75.832,673846.06,85.964,1544645.179,1.000973578
117.940187249,0.22,220,2,76.052,673862.444,86.184,1557876.163,1.000972977
118.941318468,0.22,220,2,76.272,673878.828,86.404,1570908.928,1.001131219
119.942307979,0.22,220,2,76.492,673895.212,86.624,1584338.131,1.000989511
120.943294928,0.22,220,2,76.712,673911.596,86.844,1597767.334,1.000986949
121.944275531,0.22,220,2,76.932,673927.98,87.064,1611394.756,1.000980603
122.945255519,0.22,220,2,77.152,673936.172,87.284,1615697.693,1.000979988
123.265490949,2.513,2513,2,79.665,673977.132,89.797,1624724.581,0.32023543
113.794716896,0.152,152,9,1.976,951056.819,90.017,1625591.722,0
123.946295285,0.22,220,2,79.885,673985.324,90.169,1625830.915,10.151578389
124.056418565,2.538,2538,2,82.423,674034.476,92.707,1625880.067,0.11012328
113.793238273,0.144,144,8,2.576,360.448,94.282,1625896.451,0
124.072472684,0.23,230,8,2.806,385.024,94.512,1625921.027,10.279234411
124.011636782,0.152,152,9,2.128,951296.012,94.656,1625929.219,0
124.061848761,1.575,1575,2,83.998,674042.668,94.808,1637238.681,0.050211979
124.947372721,0.22,220,2,84.218,674059.052,95.028,1650733.957,0.88552396
125.948321685,0.22,220,2,84.438,674075.436,95.248,1664163.16,1.000948964
126.949254531,0.22,220,2,84.658,674091.82,95.468,1677790.582,1.000932846
127.950184343,0.22,220,2,84.878,674108.204,95.688,1691550.15,1.000929812
128.951116711,0.22,220,2,85.098,674124.588,95.908,1705177.572,1.000932368
129.952051803,0.22,220,2,85.318,674140.972,96.128,1718738.921,1.000935092
130.953200525,0.22,220,2,85.538,674149.164,96.348,1732300.27,1.001148722
131.954740434,0.221,221,2,85.759,674165.548,96.569,1745927.692,1.001539909
132.955708172,0.221,221,2,85.98,674173.74,96.79,1750230.629,1.000967738
133.266050134,2.513,2513,2,88.493,674198.316,99.303,1759439.352,0.310341962
124.075834308,0.152,152,9,2.28,1086880.595,99.524,1761760.099,0
133.956691098,0.221,221,2,88.714,674206.508,99.676,1762019.926,9.88085679
134.187185061,2.538,2538,2,91.252,674239.276,102.214,1762052.694,0.230493963
124.07397305,0.144,144,8,2.95,417.792,103.789,1762077.27,0
134.201642777,0.23,230,8,3.18,434.176,104.019,1762093.654,10.127669727
134.139254928,0.152,152,9,2.432,1087140.422,104.163,1762101.846,0
134.19304463,1.575,1575,2,92.827,674247.468,104.315,1772354.14,0.053789702
134.957715247,0.221,221,2,93.048,674263.852,104.536,1785519.051,0.764670617
135.958672484,0.221,221,2,93.269,674280.236,104.757,1798221.451,1.000957237
136.959620339,0.221,221,2,93.49,674296.62,104.978,1811386.362,1.000947855
137.960666589,0.221,221,2,93.711,674313.004,105.199,1824617.346,1.00104625
138.96166802,0.221,221,2,93.932,674329.388,105.42,1837782.257,1.001001431
139.962623079,0.221,221,2,94.153,674345.772,105.641,1851145.387,1.000955059
140.963573576,0.221,221,2,94.374,674362.156,105.862,1864046.006,1.000950497
141.964546503,0.221,221,2,94.595,674378.54,106.083,1877673.428,1.000972927
142.965556581,0.221,221,2,94.816,674386.732,106.304,1881712.073,1.001010078
143.265905095,2.513,2513,2,97.329,674525.996,108.817,1891497.995,0.300348514
134.205199529,0.152,152,9,2.584,1222791.078,109.038,1898047.414,0
143.966641907,0.221,221,2,97.55,674534.188,109.19,1898301.449,9.761442378
144.500050797,2.538,2538,2,100.088,674599.724,111.728,1898366.985,0.53340889
134.203286297,0.144,144,8,3.324,466.944,113.303,1898391.561,0
144.512637461,0.23,230,8,3.554,483.328,113.533,1898407.945,10.309351164
144.455908177,0.152,152,9,2.736,1223045.113,113.677,1898416.137,0
144.504707163,1.575,1575,2,101.663,674607.916,113.829,1904782.605,0.048798986
144.967671837,0.221,221,2,101.884,674624.3,114.05,1918527.584,0.462964674
145.968601034,0.221,221,2,102.105,674640.684,114.271,1932155.006,1.000929197
146.969703846,0.221,221,2,102.326,674657.068,114.492,1945782.428,1.001102812
147.970906262,0.221,221,2,102.547,674673.452,114.713,1959541.996,1.001202416
148.97186681,0.221,221,2,102.768,674689.836,114.934,1973235.491,1.000960548
149.972788913,0.221,221,2,102.989,674706.22,115.155,1986796.84,1.000922103
150.973761196,0.221,221,2,103.21,674722.604,115.376,2000292.116,1.000972283
151.974438075,0.221,221,2,103.431,674738.988,115.597,2013589.173,1.000676879
152.975372855,0.221,221,2,103.652,674747.18,115.818,2017495.672,1.00093478
153.266186696,2.513,2513,2,106.165,674788.14,118.331,2026918.998,0.290813841
144.51609372,0.152,152,9,2.888,1359354.391,118.552,2034922.023,0
153.976329403,0.221,221,2,106.386,674796.332,118.704,2035127.355,9.460235683
154.635289908,2.538,2538,2,108.924,674829.1,121.242,2035160.123,0.658960505
144.514388843,0.144,144,8,3.698,507.904,122.817,2035176.507,0
154.658309178,0.23,230,8,3.928,532.48,123.047,2035201.083,10.143920335
154.589741891,0.152,152,9,3.04,1359559.723,123.191,2035209.275,0
154.651513405,1.575,1575,2,110.499,674837.292,123.343,2039403.877,0.061771514
154.977337164,0.221,221,2,110.72,674853.676,123.564,2052568.788,0.325823759
155.978463942,0.221,221,2,110.941,674870.06,123.785,2066064.064,1.001126778
156.979420218,0.221,221,2,111.162,674886.444,124.006,2079757.559,1.000956276
157.980345047,0.221,221,2,111.383,674902.828,124.227,2092129.594,1.000924829
158.981292369,0.221,221,2,111.604,674919.212,124.448,2105492.724,1.000947322
159.982257744,0.221,221,2,111.825,674935.596,124.669,2118855.854,1.000965375
160.983273521,0.221,221,2,112.046,674951.98,124.89,2132417.203,1.001015777
161.984209325,0.221,221,2,112.267,674968.364,125.111,2145383.895,1.000935804
162.985137911,0.221,221,2,112.488,674968.364,125.332,2149216.129,1.000928586
163.276003469,2.513,2513,2,115.001,675001.132,127.845,2158895.555,0.290865558
154.661879669,0.152,152,9,3.192,1495165.33,128.066,2170995.106,0
163.986136754,0.221,221,2,115.222,675009.324,128.218,2171249.141,9.324257085
164.915215194,2.538,2538,2,117.76,675029.804,130.756,2171269.621,0.92907844
154.660066097,0.144,144,8,4.072,557.056,132.331,2171286.005,0
164.927451556,0.23,230,8,4.302,581.632,132.561,2171310.581,10.267385459
164.868030762,0.152,152,9,3.344,1495419.365,132.705,2171318.773,0
164.920792691,1.575,1575,2,119.335,675037.996,132.857,2172218.107,0.052761929
164.98704115,0.221,221,2,119.556,675054.38,133.078,2185571.702,0.066248459
165.987982682,0.221,221,2,119.777,675070.764,133.299,2198934.832,1.000941532
166.988995521,0.221,221,2,119.998,675087.148,133.52,2212562.254,1.001012839
167.990796211,0.221,221,2,120.219,675103.532,133.741,2226057.53,1.00180069
168.991826972,0.221,221,2,120.44,675119.916,133.962,2239354.587,1.001030761
169.992793208,0.221,221,2,120.661,675136.3,134.183,2252783.79,1.000966236
170.99377281,0.221,221,2,120.882,675152.684,134.404,2266477.285,1.000979602
171.994658584,0.221,221,2,121.103,675169.068,134.625,2279642.196,1.000885774
172.995551659,0.221,221,2,121.324,675177.26,134.846,2283416.549,1.000893075
173.26672677,2.513,2513,2,123.837,675250.988,137.359,2293335.154,0.271175111
173.996429264,0.221,221,2,124.058,675267.372,137.58,2306962.576,0.729702494
164.930452833,0.152,152,9,3.496,1631420.257,137.801,2307565.425,0
174.997309421,0.221,221,2,124.279,675275.564,137.953,2307722.054,10.066856588
175.091232848,2.538,2538,2,126.817,675373.868,140.491,2307820.358,0.093923427
164.929019788,0.144,144,8,4.446,606.208,142.066,2307836.742,0
175.104152522,0.23,230,8,4.676,630.784,142.296,2307861.318,10.175132734
175.04595549,0.152,152,9,3.648,1631576.886,142.44,2307869.51,0
175.097076414,1.575,1575,2,128.392,675382.06,142.592,2319673.756,0.051120924
175.99817431,0.221,221,2,128.613,675398.444,142.813,2333036.886,0.901097896
176.999042191,0.221,221,2,128.834,675414.828,143.034,2346664.308,1.000867881
177.999921692,0.221,221,2,129.055,675431.212,143.255,2360357.803,1.000879501
179.000765582,0.221,221,2,129.276,675447.596,143.476,2373985.225,1.00084389
180.001616896,0.221,221,2,129.497,675463.98,143.697,2387612.647,1.000851314
181.002484162,0.221,221,2,129.718,675480.364,143.918,2401041.85,1.000867266
182.003383045,0.221,221,2,129.939,675496.748,144.139,2414272.834,1.000898883
183.004260924,0.221,221,2,130.16,675504.94,144.36,2417915.041,1.000877879
183.266755546,2.513,2513,2,132.673,675545.9,146.873,2427800.878,0.262494622
184.005143019,0.221,221,2,132.894,675562.284,147.094,2441164.008,0.738387473
175.107739864,0.152,152,9,3.8,1767458.034,147.315,2443947.266,0
185.005984126,0.221,221,2,133.115,675570.476,147.467,2444103.895,9.898244262
185.258156564,2.538,2538,2,135.653,675603.244,150.005,2444136.663,0.252172438
175.106137964,0.144,144,8,4.82,655.36,151.58,2444153.047,0
185.271606945,0.23,230,8,5.05,679.936,151.81,2444177.623,10.165468981
185.211508085,0.152,152,9,3.952,1767614.663,151.954,2444185.815,0
185.264851105,1.575,1575,2,137.228,675611.436,152.106,2454128.768,0.05334302
186.007254266,0.221,221,2,137.449,675627.82,152.327,2467756.19,0.742403161
187.008462729,0.221,221,2,137.67,675644.204,152.548,2481515.758,1.001208463
188.009435477,0.221,221,2,137.891,675660.588,152.769,2495011.034,1.000972748
189.010310666,0.221,221,2,138.112,675676.972,152.99,2508638.456,1.000875189
190.011200216,0.221,221,2,138.333,675693.356,153.211,2522119.143,1.00088955
191.012053955,0.221,221,2,138.554,675709.74,153.432,2535614.419,1.000853739
192.012815339,0.221,221,2,138.775,675726.124,153.653,2548911.476,1.000761384
193.014241945,0.221,221,2,138.996,675734.316,153.874,2552355.464,1.001426606
193.265175654,2.513,2513,2,141.509,675791.66,156.387,2562389.831,0.250933709
194.015310586,0.221,221,2,141.73,675808.044,156.608,2575752.961,0.750134932
185.274896897,0.152,152,9,4.104,1903536.046,156.829,2580311.998,0
195.016327681,0.221,221,2,141.951,675808.044,156.981,2580378.071,9.741430784
195.403534194,2.538,2538,2,144.489,675840.812,159.519,2580410.839,0.387206513
185.273093229,0.144,144,8,5.194,704.512,161.094,2580427.223,0
195.414552109,0.23,230,8,5.424,729.088,161.324,2580451.799,10.14145888
195.357910357,0.152,152,9,4.256,1903602.119,161.468,2580459.991,0
195.40832792,1.575,1575,2,146.064,675849.004,161.62,2588135.438,0.050417563
196.017583047,0.221,221,2,146.285,675865.388,161.841,2601630.714,0.609255127
197.018651185,0.221,221,2,146.506,675881.772,162.062,2614993.844,1.001068138
198.021718926,0.221,221,2,146.727,675898.156,162.283,2628555.193,1.003067741
199.023805339,0.221,221,2,146.948,675914.54,162.504,2641654.031,1.002086413
200.024721601,0.221,221,2,147.169,675930.924,162.725,2655281.453,1.000916262
201.025622374,0.221,221,2,147.39,675947.308,162.946,2668974.948,1.000900773
202.026469841,0.221,221,2,147.611,675963.692,163.167,2681941.64,1.000847467
203.027354929,0.221,221,2,147.832,675971.884,163.388,2685253.482,1.000885088
203.266763439,2.513,2513,2,150.345,676111.148,165.901,2695435.842,0.23940851
204.028231483,0.221,221,2,150.566,676127.532,166.122,2708666.826,0.761468044
195.41739284,0.152,152,9,4.408,2039252.775,166.343,2716405.559,0
205.029127608,0.221,221,2,150.787,676135.724,166.495,2716633.53,9.611734768
205.657095495,2.538,2538,2,153.325,676201.26,169.033,2716699.066,0.627967887
195.416004745,0.144,144,8,5.568,761.856,170.608,2716723.642,0
205.672031132,0.23,230,8,5.798,778.24,170.838,2716740.026,10.256026387
205.608280525,0.152,152,9,4.56,2039480.746,170.982,2716748.218,0
205.662375559,1.575,1575,2,154.9,676209.452,171.134,2721771.97,0.054095034
206.03003877,0.221,221,2,155.121,676225.836,171.355,2735465.465,0.367663211
207.031081819,0.221,221,2,155.342,676242.22,171.576,2748894.668,1.001043049
208.032102563,0.221,221,2,155.563,676258.604,171.797,2759747.024,1.001020744
209.033034231,0.221,221,2,155.784,676274.988,172.018,2772449.424,1.000931668
210.033921289,0.221,221,2,156.005,676291.372,172.239,2785944.7,1.000887058
211.034890443,0.221,221,2,156.226,676307.756,172.46,2799572.122,1.000969154
212.035774401,0.221,221,2,156.447,676324.14,172.681,2812803.106,1.000883958
213.036663115,0.221,221,2,156.668,676332.332,172.902,2815982.802,1.000888714
213.265231396,2.513,2513,2,159.181,676373.292,175.415,2826265.077,0.228568281
214.037620324,0.221,221,2,159.402,676389.676,175.636,2839760.353,0.772388928
205.675117746,0.152,152,9,4.712,2175452.992,175.857,2852917.072,0
215.038789562,0.221,221,2,159.623,676406.06,176.009,2853081.893,9.363671816
216.039934568,0.221,221,2,159.844,676414.252,176.23,2853090.085,1.001145006
216.07276276,2.538,2538,2,162.382,676447.02,178.768,2853122.853,0.032828192
205.673378032,0.144,144,8,5.942,802.816,180.343,2853139.237,0
216.083529339,0.23,230,8,6.172,827.392,180.573,2853163.813,10.410151307
216.028733299,0.152,152,9,4.864,2175609.621,180.717,2853172.005,0
216.077445313,1.575,1575,2,163.957,676455.212,180.869,2866595.792,0.048712014
217.040833284,0.221,221,2,164.178,676471.596,181.09,2879694.63,0.963387971
218.041768495,0.221,221,2,164.399,676487.98,181.311,2893123.833,1.000935211
219.04269345,0.221,221,2,164.62,676504.364,181.532,2906817.328,1.000924955
220.043517969,0.221,221,2,164.841,676520.748,181.753,2920444.75,1.000824519
221.044359329,0.221,221,2,165.062,676537.132,181.974,2934006.099,1.00084136
222.045209389,0.221,221,2,165.283,676553.516,182.195,2947369.229,1.00085006
223.046169492,0.221,221,2,165.504,676561.708,182.416,2950350.706,1.000960103
223.266433264,2.513,2513,2,168.017,676594.476,184.929,2960294.424,0.220263772
224.047117607,0.221,221,2,168.238,676610.86,185.15,2973657.554,0.780684343
225.047946328,0.221,221,2,168.459,676627.244,185.371,2987020.684,1.000828721
216.086643054,0.152,152,9,5.016,2311854.923,185.592,2989605.723,0
226.048977844,0.221,221,2,168.68,676635.436,185.744,2989768.144,9.96233479
226.298207503,2.538,2538,2,171.218,676655.916,188.282,2989788.624,0.249229659
216.085024793,0.144,144,8,6.316,851.968,189.857,2989805.008,0
226.31143565,0.23,230,8,6.546,876.544,190.087,2989829.584,10.226410857
226.254836999,0.152,152,9,5.168,2312017.344,190.231,2989837.776,0
226.303410818,1.575,1575,2,172.793,676664.108,190.383,3000076.016,0.048573819
227.050390647,0.221,221,2,173.014,676672.3,190.604,3013497.027,0.746979829
228.051433496,0.221,221,2,173.235,676688.684,190.825,3026794.084,1.001042849
229.052400365,0.221,221,2,173.456,676705.068,191.046,3039562.557,1.000966869
230.053270645,0.221,221,2,173.677,676721.452,191.267,3052793.541,1.00087028
231.054225249,0.221,221,2,173.898,676729.644,191.488,3066016.333,1.000954604
232.055543702,0.221,221,2,174.119,676754.22,191.709,3078925.144,1.001318453
233.056584486,0.221,221,2,174.34,676762.412,191.93,3081642.329,1.001040784
233.265066544,2.513,2513,2,176.853,676901.676,194.443,3092155.054,0.208482058
234.057495544,0.221,221,2,177.074,676918.06,194.664,3105518.184,0.792429
235.058718295,0.221,221,2,177.295,676934.444,194.885,3118881.314,1.001222751
226.315185243,0.152,152,9,5.32,2447984.311,195.106,3126091.463,0
236.059640118,0.221,221,2,177.516,676942.636,195.258,3126396.568,9.744454875
236.641690859,2.538,2538,2,180.054,677008.172,197.796,3126462.104,0.582050741
226.313206081,0.144,144,8,6.69,901.12,199.371,3126478.488,0
236.652433491,0.23,230,8,6.92,917.504,199.601,3126494.872,10.33922741
236.599560163,0.152,152,9,5.472,2448289.416,199.745,3126511.256,0
236.646521993,1.575,1575,2,181.629,677016.364,199.897,3131972.829,0.04696183
237.060524299,0.221,221,2,181.85,677032.748,200.118,3145996.689,0.414002306
238.061499699,0.221,221,2,182.071,677049.132,200.339,3160020.549,1.0009754
239.062480556,0.221,221,2,182.292,677065.516,200.56,3174110.482,1.000980857
240.064066729,0.221,221,2,182.513,677081.9,200.781,3187671.831,1.001586173
241.064981085,0.221,221,2,182.734,677098.284,201.002,3201563.545,1.000914356
242.065774765,0.221,221,2,182.955,677114.668,201.223,3215455.259,1.00079368
243.066655687,0.221,221,2,183.176,677122.86,201.444,3218172.444,1.000880922
243.265910839,2.513,2513,2,185.689,677163.82,203.957,3229379.741,0.199255152
244.067470591,0.221,221,2,185.91,677180.204,204.178,3243271.455,0.801559752
245.068392773,0.221,221,2,186.131,677196.588,204.399,3256766.731,1.000922182
236.65633612,0.152,152,9,5.624,2583972.68,204.62,3262391.128,0
246.06931827,0.221,221,2,186.352,677204.78,204.772,3262549.595,9.41298215
246.518732493,2.538,2538,2,188.89,677237.548,207.31,3262582.363,0.449414223
236.654050388,0.144,144,8,7.064,942.08,208.885,3262590.555,0
246.528139969,0.14,140,8,7.204,958.464,209.025,3262606.939,9.874089581
246.479459124,0.152,152,9,5.776,2584131.147,209.169,3262615.131,0
246.523713514,1.575,1575,2,190.465,677245.74,209.321,3270179.456,0.04425439
247.070253676,0.221,221,2,190.686,677262.124,209.542,3283674.732,0.546540162
248.071252965,0.221,221,2,190.907,677278.508,209.763,3296971.789,1.000999289
249.072081941,0.221,221,2,191.128,677294.892,209.984,3310533.138,1.000828976
250.072872681,0.221,221,2,191.349,677311.276,210.205,3324424.852,1.00079074
251.073804022,0.221,221,2,191.57,677327.66,210.426,3338250.493,1.000931341
252.074881614,0.221,221,2,191.791,677344.044,210.647,3352142.207,1.001077592
253.075844176,0.221,221,2,192.012,677352.236,210.868,3354727.246,1.000962562
253.265038459,2.513,2513,2,194.525,677376.812,213.381,3366050.305,0.189194283
254.076744584,0.221,221,2,194.746,677393.196,213.602,3379677.727,0.811706125
255.077639155,0.221,221,2,194.967,677409.58,213.823,3393371.222,1.000894571
246.530959437,0.152,152,9,5.928,2719802.827,214.044,3398467.035,0
256.078858154,0.221,221,2,195.188,677417.772,214.196,3398623.664,9.547898717
256.491810857,2.538,2538,2,197.726,677442.348,216.734,3398648.24,0.412952703
246.529708186,0.144,144,8,7.348,974.848,218.309,3398656.432,0
256.500203933,0.14,140,8,7.488,991.232,218.449,3398672.816,9.970495747
256.454767249,0.152,152,9,6.08,2719959.456,218.593,3398681.008,0
256.496244953,1.575,1575,2,199.301,677450.54,218.745,3407244.354,0.041477704
257.079806346,0.221,221,2,199.522,677466.924,218.966,3420475.338,0.583561393
258.081606375,0.221,221,2,199.743,677483.308,219.187,3434036.687,1.001800029
259.082906423,0.221,221,2,199.964,677491.5,219.408,3447920.209,1.001300048
260.084155951,0.221,221,2,200.185,677507.884,219.629,3462010.142,1.001249528
261.084940876,0.221,221,2,200.406,677524.268,219.85,3475967.929,1.000784925
262.085775829,0.221,221,2,200.627,677540.652,220.071,3489793.57,1.000834953
263.086664043,0.221,221,2,200.848,677548.844,220.292,3492378.609,1.000888214
263.265195463,2.513,2513,2,203.361,677622.572,222.805,3503750.82,0.17853142
264.087490097,0.221,221,2,203.582,677638.956,223.026,3517708.607,0.822294634
265.088312269,0.221,221,2,203.803,677655.34,223.247,3531600.321,1.000822172
256.502984554,0.152,152,9,6.232,2856431.938,223.468,3535374.674,0
266.089131172,0.221,221,2,204.024,677663.532,223.62,3535628.709,9.586146618
266.40096909,2.538,2538,2,206.562,677761.836,226.158,3535727.013,0.311837918
256.501420411,0.144,144,8,7.632,1007.616,227.733,3535735.205,0
266.410791933,0.14,140,8,7.772,1024.0,227.873,3535751.589,9.909371522
266.369263236,0.152,152,9,6.384,2856685.973,228.017,3535759.781,0
266.40556698,1.575,1575,2,208.137,677770.028,228.169,3545110.651,0.036303744
267.089902945,0.221,221,2,208.358,677786.412,228.39,3558804.146,0.684335965
268.090719475,0.221,221,2,208.579,677802.796,228.611,3572629.787,1.00081653
269.09150619,0.221,221,2,208.8,677819.18,228.832,3585596.479,1.000786715
270.092270716,0.221,221,2,209.021,677835.564,229.053,3598232.806,1.000764526
271.09304493,0.221,221,2,209.242,677851.948,229.274,3611794.155,1.000774214
272.093892272,0.221,221,2,209.463,677868.332,229.495,3625487.65,1.000847342
273.09488086,0.221,221,2,209.684,677876.524,229.716,3627742.324,1.000988588
273.265425799,2.513,2513,2,212.197,677917.484,232.229,3638883.548,0.170544939
274.095769983,0.221,221,2,212.418,677933.868,232.45,3652378.824,0.830344184
275.096816433,0.221,221,2,212.639,677950.252,232.671,3665808.027,1.00104645
266.413180055,0.152,152,9,6.536,2992492.373,232.892,3671762.789,0
276.09780825,0.221,221,2,212.86,677958.444,233.044,3672082.172,9.684628195
276.560402656,2.538,2538,2,215.398,678007.596,235.582,3672131.324,0.462594406
266.411965234,0.144,144,8,7.916,1048.576,237.157,3672147.708,0
276.573490217,0.23,230,8,8.146,1073.152,237.387,3672172.284,10.161524983
276.528215038,0.152,152,9,6.688,2992811.756,237.531,3672180.476,0
276.565998712,1.575,1575,2,216.973,678015.788,237.683,3679891.27,0.037783674
277.098600017,0.221,221,2,217.194,678032.172,237.904,3693782.984,0.532601305
278.099375135,0.221,221,2,217.415,678048.556,238.125,3707674.698,1.000775118
279.100218793,0.221,221,2,217.636,678064.94,238.346,3721169.974,1.000843658
280.100874131,0.221,221,2,217.857,678081.324,238.567,3735061.688,1.000655338
281.101595047,0.221,221,2,218.078,678097.708,238.788,3749019.475,1.000720916
282.102455417,0.221,221,2,218.299,678114.092,239.009,3762845.116,1.00086037
283.103260378,0.221,221,2,218.52,678122.284,239.23,3764967.644,1.000804961
283.266211708,2.513,2513,2,221.033,678163.244,241.743,3776108.868,0.16295133
284.104012106,0.221,221,2,221.254,678179.628,241.964,3789868.436,0.837800398
285.104712483,0.221,221,2,221.475,678196.012,242.185,3803628.004,1.000700377
276.576066666,0.152,152,9,6.84,3128960.27,242.406,3808525.598,0
286.105342595,0.221,221,2,221.696,678204.204,242.558,3808779.633,9.529275929
286.497356608,2.538,2538,2,224.234,678228.78,245.096,3808804.209,0.392014013
276.574739732,0.144,144,8,8.29,1089.536,246.671,3808812.401,0
286.506011868,0.14,140,8,8.43,1105.92,246.811,3808828.785,9.931272136
286.462169656,0.152,152,9,6.992,3129214.305,246.955,3808836.977,0
286.501908535,1.575,1575,2,225.809,678236.972,247.107,3817055.866,0.039738879
287.106101265,0.221,221,2,226.03,678253.356,247.328,3830551.142,0.60419273
288.10686251,0.221,221,2,226.251,678269.74,247.549,3844244.637,1.000761245
289.107641702,0.221,221,2,226.472,678286.124,247.77,3857872.059,1.000779192
290.108414088,0.221,221,2,226.693,678302.508,247.991,3871169.116,1.000772386
291.109245832,0.221,221,2,226.914,678310.7,248.212,3884796.538,1.000831744
292.110204147,0.221,221,2,227.135,678327.084,248.433,3898159.668,1.000958315
293.110982333,0.221,221,2,227.356,678335.276,248.654,3900282.196,1.000778186
293.266354494,2.513,2513,2,229.869,678409.004,251.167,3911654.407,0.155372161
294.111757368,0.221,221,2,230.09,678425.388,251.388,3925281.829,0.845402874
295.112539908,0.221,221,2,230.311,678441.772,251.609,3938909.251,1.00078254
286.508890135,0.152,152,9,7.144,3264747.673,251.83,3944599.721,0
296.113321718,0.221,221,2,230.532,678449.964,251.982,3944756.35,9.604431583
296.565699571,2.538,2538,2,233.07,678548.268,254.52,3944854.654,0.452377853
286.507176525,0.144,144,8,8.574,1130.496,256.095,3944871.038,0
296.5767829,0.23,230,8,8.804,1155.072,256.325,3944895.614,10.069606375
296.531680406,0.152,152,9,7.296,3264904.302,256.469,3944903.806,0
296.570395192,1.575,1575,2,234.645,678556.46,256.621,3951918.523,0.038714786
297.114081073,0.221,221,2,234.866,678572.844,256.842,3965347.726,0.543685881
298.114670082,0.221,221,2,235.087,678589.228,257.063,3979239.44,1.000589009
299.115362793,0.221,221,2,235.308,678605.612,257.284,3993263.3,1.000692711
300.116123305,0.221,221,2,235.529,678621.996,257.505,4007155.014,1.000760512
301.116911294,0.221,221,2,235.75,678638.38,257.726,4020980.655,1.000787989
302.117710454,0.221,221,2,235.971,678654.764,257.947,4034542.004,1.00079916
303.118526818,0.221,221,2,236.192,678662.956,258.168,4036598.459,1.000816364
303.265285647,2.513,2513,2,238.705,678736.684,260.681,4048433.181,0.146758829
304.119322356,0.221,221,2,238.926,678753.068,260.902,4062244.233,0.854036709
305.120419154,0.221,221,2,239.147,678769.452,261.123,4076003.801,1.001096798
296.579607302,0.152,152,9,7.448,3400870.734,261.344,4081099.614,0
306.121221938,0.221,221,2,239.368,678777.644,261.496,4081353.649,9.541614636
306.525719652,2.538,2538,2,241.906,678810.412,264.034,4081386.417,0.404497714
296.578301038,0.144,144,8,8.948,1171.456,265.609,4081394.609,0
306.534249875,0.14,140,8,9.088,1187.84,265.749,4081410.993,9.955948837
306.492951485,0.152,152,9,7.6,3401124.769,265.893,4081419.185,0
306.530652968,1.575,1575,2,243.481,678818.604,266.045,4089614.206,0.037701483
307.122037832,0.221,221,2,243.702,678834.988,266.266,4103505.92,0.591384864
308.122832901,0.221,221,2,243.923,678851.372,266.487,4117397.634,1.000795069
309.123632482,0.221,221,2,244.144,678867.756,266.708,4131355.421,1.000799581
310.124524342,0.221,221,2,244.365,678884.14,266.929,4144652.478,1.00089186
311.125408034,0.221,221,2,244.586,678900.524,267.15,4158345.973,1.000883692
312.126344845,0.221,221,2,244.807,678916.908,267.371,4172105.541,1.000936811
313.12723584,0.221,221,2,245.028,678925.1,267.592,4174095.923,1.000890995
313.266034889,2.513,2513,2,247.541,678957.868,270.105,4185823.612,0.138799049
314.128046851,0.221,221,2,247.762,678974.252,270.326,4199781.399,0.862011962
315.128860434,0.221,221,2,247.983,678990.636,270.547,4213607.04,1.000813583
306.536738433,0.152,152,9,7.752,3536898.561,270.768,4217381.393,0
316.129730592,0.221,221,2,248.204,678998.828,270.92,4217577.508,9.592992159
316.46059202,2.538,2538,2,250.742,679019.308,273.458,4217597.988,0.330861428
306.535516975,0.144,144,8,9.232,1204.224,275.033,4217606.18,0
316.424433581,0.152,152,9,7.904,3537094.676,275.317,4217630.756,9.888916606
316.465987256,1.575,1575,2,252.317,679027.5,275.469,4225982.941,0.041553675
317.130582441,0.221,221,2,252.538,679043.884,275.69,4239808.582,0.664595185
318.131373054,0.221,221,2,252.759,679060.268,275.911,4253634.223,1.000790613
319.132177449,0.221,221,2,252.98,679076.652,276.132,4267459.864,1.000804395
320.132986155,0.221,221,2,253.201,679093.036,276.353,4280822.994,1.000808706
321.133794694,0.221,221,2,253.422,679109.42,276.574,4294252.197,1.000808539
322.134616276,0.221,221,2,253.643,679125.804,276.795,4307945.692,1.000821582
323.135438195,0.221,221,2,253.864,679125.804,277.016,4309729.663,1.000821919
323.265303004,2.513,2513,2,256.377,679199.532,279.529,4321300.093,0.129864809
324.136311769,0.221,221,2,256.598,679215.916,279.75,4334861.442,0.871008765
325.137201731,0.221,221,2,256.819,679232.3,279.971,4347828.134,1.000889962
316.472325396,0.152,152,9,8.056,3673157.778,280.192,4353915.042,0
326.13815047,0.221,221,2,257.04,679240.492,280.344,4354169.077,9.665825074
326.628140448,2.538,2538,2,259.578,679338.796,282.882,4354267.381,0.489989978
316.470306641,0.284,140,8,9.516,1245.184,284.457,4354283.765,0
326.637940287,0.23,230,8,9.746,1269.76,284.687,4354308.341,10.167633646
326.585476239,0.152,152,9,8.208,3673411.813,284.831,4354316.533,0
326.632716501,1.575,1575,2,261.153,679346.988,284.983,4361021.909,0.047240262
327.139147712,0.221,221,2,261.374,679363.372,285.204,4374252.893,0.506431211
328.140003623,0.221,221,2,261.595,679379.756,285.425,4387549.95,1.000855911
329.140899106,0.221,221,2,261.816,679396.14,285.646,4401111.299,1.000895483
330.141748494,0.221,221,2,262.037,679412.524,285.867,4414606.575,1.000849388
331.142567599,0.221,221,2,262.258,679428.908,286.088,4427969.705,1.000819105
332.143299368,0.221,221,2,262.479,679445.292,286.309,4441531.054,1.000731769
333.144111726,0.221,221,2,262.7,679453.484,286.53,4443191.071,1.000812358
333.265415902,2.513,2513,2,265.213,679527.212,289.043,4454959.72,0.121304176
334.145002304,0.221,221,2,265.434,679543.596,289.264,4468322.85,0.879586402
335.146053053,0.221,221,2,265.655,679559.98,289.485,4481355.615,1.001050749
326.64062409,0.152,152,9,8.36,3809083.493,289.706,4490217.589,0
336.14686516,0.221,221,2,265.876,679568.172,289.858,4490380.01,9.50624107
336.850079665,2.538,2538,2,268.414,679600.94,292.396,4490412.778,0.703214505
326.638948789,0.144,144,8,9.89,1294.336,293.971,4490429.162,0
336.859602885,0.23,230,8,10.12,1318.912,294.201,4490453.738,10.220654096
336.807499364,0.152,152,9,8.512,3809245.914,294.345,4490461.93,0
336.854276898,1.575,1575,2,269.989,679609.132,294.497,4494734.178,0.046777534
337.147747593,0.221,221,2,270.21,679625.516,294.718,4508229.454,0.293470695
338.148708143,0.221,221,2,270.431,679641.9,294.939,4521526.511,1.00096055
339.149800841,0.221,221,2,270.652,679658.284,295.16,4535153.933,1.001092698
340.150862876,0.221,221,2,270.873,679674.668,295.381,4548781.355,1.001062035
341.15168751,0.221,221,2,271.094,679691.052,295.602,4561880.193,1.000824634
342.152455242,0.221,221,2,271.315,679707.436,295.823,4575243.323,1.000767732
343.15321966,0.221,221,2,271.536,679715.628,296.044,4576705.121,1.000764418
343.265037055,2.513,2513,2,274.049,679748.396,298.557,4588697.102,0.111817395
344.154250286,0.221,221,2,274.27,679764.78,298.778,4602390.597,0.889213231
345.155172911,0.221,221,2,274.491,679781.164,298.999,4615753.727,1.000922625
336.861773949,0.152,152,9,8.664,3945391.678,299.22,4626796.11,0
346.156006078,0.221,221,2,274.712,679789.356,299.372,4627050.145,9.294232129
347.030379986,2.581,2581,2,277.293,679809.836,301.953,4627070.625,0.874373908
336.860739605,0.144,144,8,10.264,1343.488,303.528,4627087.009,0
347.039443016,0.23,230,8,10.494,1368.064,303.758,4627111.585,10.178703411
346.985587944,0.152,152,9,8.816,3945645.713,303.902,4627119.777,0
347.03426471,1.575,1575,2,278.868,679818.028,304.054,4628614.074,0.048676766
347.1568747,0.221,221,2,279.089,679834.412,304.275,4642109.35,0.12260999
348.157703221,0.221,221,2,279.31,679850.796,304.496,4655736.772,1.000828521
349.158548699,0.221,221,2,279.531,679867.18,304.717,4669298.121,1.000845478
350.159392967,0.221,221,2,279.752,679883.564,304.938,4682330.886,1.000844268
351.160155165,0.221,221,2,279.973,679899.948,305.159,4695760.089,1.000762198
352.160770598,0.221,221,2,280.194,679916.332,305.38,4708777.408,1.000615433
353.161608344,0.221,221,2,280.415,679924.524,305.601,4710173.133,1.000837746
353.265785973,2.513,2513,2,282.928,680063.788,308.114,4722535.902,0.104177629
354.162458049,0.221,221,2,283.149,680080.172,308.335,4735899.032,0.896672076
355.163366185,0.221,221,2,283.37,680088.364,308.556,4749518.262,1.000908136
356.164321345,0.221,221,2,283.591,680104.748,308.777,4763079.611,1.00095516
347.041748012,0.152,152,9,8.968,4081641.0,308.998,4763418.168,0
357.165165262,0.221,221,2,283.812,680112.94,309.15,4763676.937,10.12341725
357.233181598,2.538,2538,2,286.35,680178.476,311.688,4763742.473,0.068016336
347.04057963,0.144,144,8,10.638,1392.64,313.263,4763758.857,0
357.243829679,0.23,230,8,10.868,1417.216,313.493,4763783.433,10.203250049
357.190847019,0.152,152,9,9.12,4081899.769,313.637,4763791.625,0
357.23702365,1.575,1575,2,287.925,680186.668,313.789,4775761.817,0.046176631
358.165982321,0.221,221,2,288.146,680203.052,314.01,4789257.093,0.928958671
359.166775607,0.221,221,2,288.367,680219.436,314.231,4802752.369,1.000793286
360.167612585,0.221,221,2,288.588,680235.82,314.452,4816313.718,1.000836978
361.16847939,0.221,221,2,288.809,680252.204,314.673,4830007.213,1.000866805
362.169446995,0.221,221,2,289.03,680268.588,314.894,4843502.489,1.000967605
363.170284122,0.221,221,2,289.251,680276.78,315.115,4844832.141,1.000837127
363.264959377,2.513,2513,2,291.764,680334.124,317.628,4856914.771,0.094675255
364.171088845,0.221,221,2,291.985,680350.508,317.849,4870343.974,0.906129468
365.171878831,0.221,221,2,292.206,680366.892,318.07,4883971.396,1.000789986
366.17254892,0.221,221,2,292.427,680383.276,318.291,4897532.745,1.000670089
357.246351578,0.152,152,9,9.272,4217550.425,318.512,4899655.273,0
367.173607743,0.221,221,2,292.648,680391.468,318.664,4899909.308,9.927256165
367.372406416,2.538,2538,2,295.186,680424.236,321.202,4899942.076,0.198798673
357.245161899,0.144,144,8,11.012,1441.792,322.777,4899958.46,0
367.38399866,0.23,230,8,11.242,1466.368,323.007,4899983.036,10.138836761
367.328375015,0.152,152,9,9.424,4217804.46,323.151,4899991.228,0
367.37798052,1.575,1575,2,296.761,680432.428,323.303,4910204.265,0.049605505
368.175232467,0.221,221,2,296.982,680448.812,323.524,4923765.614,0.797251947
369.176064675,0.221,221,2,297.203,680465.196,323.745,4937260.89,1.000832208
370.176895055,0.221,221,2,297.424,680481.58,323.966,4950491.874,1.00083038
371.177672269,0.221,221,2,297.645,680497.964,324.187,4964185.369,1.000777214
372.178424286,0.221,221,2,297.866,680514.348,324.408,4977812.791,1.000752017
373.179197719,0.221,221,2,298.087,680522.54,324.629,4979010.297,1.000773433
373.264997631,2.513,2513,2,300.6,680661.804,327.142,4991373.066,0.085799912
374.180015973,0.221,221,2,300.821,680678.188,327.363,5005000.488,0.915018342
375.180781961,0.221,221,2,301.042,680694.572,327.584,5018627.91,1.000765988
376.181598867,0.221,221,2,301.263,680710.956,327.805,5031991.04,1.000816906
367.387021224,0.152,152,9,9.576,4353481.932,328.026,5035963.612,0
377.182422471,0.221,221,2,301.484,680719.148,328.178,5036088.914,9.795401247
377.539906243,2.538,2538,2,304.022,680751.916,330.716,5036121.682,0.357483772
367.38542489,0.144,144,8,11.386,1490.944,332.291,5036138.066,0
377.548848541,0.231,231,8,11.617,1515.52,332.522,5036162.642,10.163423651
377.481398646,0.152,152,9,9.728,4353607.234,332.667,5036170.834,0
377.544050663,1.575,1575,2,305.597,680760.108,332.819,5044374.865,0.062652017
378.183223103,0.221,221,2,305.818,680776.492,333.04,5057936.214,0.63917244
379.183988025,0.221,221,2,306.039,680792.876,333.261,5071431.49,1.000764922
380.184820957,0.221,221,2,306.26,680809.26,333.482,5084596.401,1.000832932
381.185572846,0.221,221,2,306.481,680825.644,333.703,5098091.677,1.000751889
382.186303689,0.221,221,2,306.702,680842.028,333.924,5111653.026,1.000730843
383.187052781,0.221,221,2,306.923,680850.22,334.145,5112718.386,1.000749092
383.265100821,2.513,2513,2,309.436,680923.948,336.658,5125279.911,0.07804804
384.187823569,0.221,221,2,309.657,680940.332,336.879,5138444.822,0.922722748
385.188574769,0.221,221,2,309.878,680956.716,337.1,5151807.952,1.0007512
386.189384742,0.221,221,2,310.099,680973.1,337.321,5165171.082,1.000809973
377.551860551,0.152,152,9,9.88,4489191.817,337.542,5172050.866,0
387.190271815,0.221,221,2,310.32,680973.1,337.694,5172304.901,9.638411264
387.755433315,2.538,2538,2,312.858,681005.868,340.232,5172354.053,0.5651615
377.54999555,0.145,145,8,11.762,1540.096,341.807,5172354.053,0
387.764879685,0.231,231,8,11.993,1564.672,342.038,5172378.629,10.214884135
387.711634809,0.152,152,9,10.032,4489445.852,342.183,5172386.821,0
387.763925024,1.575,1575,2,314.433,681014.06,342.335,5177829.935,0.052290215
388.191675311,0.221,221,2,314.654,681030.444,342.556,5191325.211,0.427750287
389.192641855,0.221,221,2,314.875,681046.828,342.777,5204490.122,1.000966544
390.19349056,0.221,221,2,315.096,681063.212,342.998,5217985.398,1.000848705
391.194234345,0.221,221,2,315.317,681079.596,343.219,5231150.309,1.000743785
392.194812736,0.221,221,2,315.538,681095.98,343.44,5244381.293,1.000578391
393.195339875,0.221,221,2,315.759,681104.172,343.661,5245314.507,1.000527139
393.269723719,2.513,2513,2,318.272,681136.94,346.174,5257372.561,0.074383844
394.196083232,0.221,221,2,318.493,681153.324,346.395,5270339.253,0.926359513
395.19681088,0.221,221,2,318.714,681169.708,346.616,5283966.675,1.000727648
396.197450491,0.221,221,2,318.935,681186.092,346.837,5297329.805,1.000639611
387.766962165,0.152,152,9,10.184,4625573.168,347.058,5308702.553,0
397.198212094,0.221,221,2,319.156,681194.284,347.21,5308956.588,9.431249929
398.101910606,2.538,2538,2,321.694,681202.476,349.748,5308964.78,0.903698512
398.198969876,0.221,221,2,321.915,681218.86,349.969,5308983.212,0.09705927
399.199826916,0.221,221,2,322.136,681235.244,350.19,5308999.596,1.00085704
400.20036866,0.221,221,2,322.357,681251.628,350.411,5309015.98,1.000541744
401.200835515,0.221,221,2,322.578,681268.012,350.632,5309032.364,1.000466855
402.201298959,0.221,221,2,322.799,681284.396,350.853,5309048.748,1.000463444
403.201912562,0.221,221,2,323.02,681292.588,351.074,5309056.94,1.000613603
403.264575439,0.339,339,2,323.359,681308.972,351.413,5309073.324,0.062662877
404.20291888,0.221,221,2,323.58,681325.356,351.634,5309089.708,0.938343441
405.203506769,0.221,221,2,323.801,681341.74,351.855,5309106.092,1.000587889
406.203966398,0.221,221,2,324.022,681358.124,352.076,5309122.476,1.000459629
407.204420774,0.221,221,2,324.243,681374.508,352.297,5309138.86,1.000454376
408.204887072,0.221,221,2,324.464,681390.892,352.518,5309155.244,1.000466298
409.205355975,0.221,221,2,324.685,681407.276,352.739,5309171.628,1.000468903
410.2058186,0.221,221,2,324.906,681423.66,352.96,5309189.036,1.000462625
411.206655236,0.221,221,2,325.127,681440.044,353.181,5309205.42,1.000836636
412.208302561,0.221,221,2,325.348,681456.428,353.402,5309223.26,1.001647325
413.20906522,0.221,221,2,325.569,681464.62,353.623,5309231.452,1.000762659
413.265405917,0.339,339,2,325.908,681476.908,353.962,5309243.74,0.056340697
414.215905556,0.221,221,2,326.129,681493.292,354.183,5309260.124,0.950499639
415.216408425,0.221,221,2,326.35,681509.676,354.404,5309276.508,1.000502869
416.21686133,0.221,221,2,326.571,681526.06,354.625,5309292.892,1.000452905
417.217315345,0.221,221,2,326.792,681542.444,354.846,5309309.276,1.000454015
418.217787707,0.221,221,2,327.013,681558.828,355.067,5309327.036,1.000472362
419.218337433,0.221,221,2,327.234,681567.02,355.288,5309335.228,1.000549726
420.218875128,0.221,221,2,327.455,681583.404,355.509,5309351.612,1.000537695
421.219346552,0.221,221,2,327.676,681599.788,355.73,5309367.996,1.000471424
422.219825079,0.221,221,2,327.897,681616.172,355.951,5309384.38,1.000478527
423.220296418,0.221,221,2,328.118,681624.364,356.172,5309392.572,1.000471339
423.264462149,0.339,339,2,328.457,681638.7,356.511,5309406.908,0.044165731
424.220826541,0.221,221,2,328.678,681655.084,356.732,5309423.292,0.956364392
425.221388233,0.221,221,2,328.899,681671.468,356.953,5309439.676,1.000561692
426.221873098,0.221,221,2,329.12,681687.852,357.174,5309456.06,1.000484865
427.222352112,0.221,221,2,329.341,681704.236,357.395,5309472.444,1.000479014
428.22281473,0.221,221,2,329.562,681720.62,357.616,5309488.828,1.000462618
429.22329232,0.221,221,2,329.783,681737.004,357.837,5309505.212,1.00047759
430.22375808,0.221,221,2,330.004,681753.388,358.058,5309521.596,1.00046576
431.224220309,0.221,221,2,330.225,681769.772,358.279,5309537.98,1.000462229
432.224715379,0.221,221,2,330.446,681786.156,358.5,5309554.364,1.00049507
433.225184332,0.221,221,2,330.667,681794.348,358.721,5309562.556,1.000468953
433.264373135,0.339,339,2,331.006,681805.612,359.06,5309573.82,0.039188803
434.225650183,0.221,221,2,331.227,681821.996,359.281,5309590.204,0.961277048
435.226111095,0.221,221,2,331.448,681838.38,359.502,5309606.588,1.000460912
436.226623556,0.221,221,2,331.669,681854.764,359.723,5309622.972,1.000512461
437.227151665,0.221,221,2,331.89,681871.148,359.944,5309639.356,1.000528109
438.227700156,0.221,221,2,332.111,681887.532,360.165,5309655.74,1.000548491
439.228303659,0.221,221,2,332.332,681903.916,360.386,5309672.124,1.000603503
440.228826922,0.221,221,2,332.553,681920.3,360.607,5309688.508,1.000523263
441.229307859,0.221,221,2,332.774,681936.684,360.828,5309704.892,1.000480937
442.229809462,0.221,221,2,332.995,681962.284,361.049,5309730.492,1.000501603
442.831796423,1.575,1575,2,334.57,681962.284,362.624,5309730.492,0.601986961
442.842834438,0.286,286,2,334.856,681974.572,362.91,5309747.388,0.011038015
442.85238277,0.189,189,2,335.045,681980.716,363.099,5309753.532,0.00954833200001
442.873499684,0.249,249,2,335.294,681983.788,363.348,5309756.604,0.021116914
442.921309294,0.158,158,4,0.158,295.936,364.243,5310661.82,0.04780961
442.887128336,0.114,114,2,335.408,681993.004,364.429,5421368.508,0
443.230623732,0.221,221,2,335.629,682001.196,364.65,5434090.684,0.343495396
443.26765008,2.513,2513,2,338.142,682010.412,367.163,5825120.444,0.037026348
444.23192507,0.221,221,2,338.363,682026.796,367.384,5825147.532,0.96427499
445.232694393,0.221,221,2,338.584,682043.18,367.605,5825169.404,1.000769323
446.235088613,0.221,221,2,338.805,682059.564,367.826,5825185.788,1.00239422
447.236575254,0.221,221,2,339.026,682075.948,368.047,5825202.172,1.001486641
448.237284846,0.221,221,2,339.247,682092.332,368.268,5825218.556,1.000709592
449.238024485,0.221,221,2,339.468,682108.716,368.489,5825234.94,1.000739639
450.238762532,0.221,221,2,339.689,682125.1,368.71,5825251.324,1.000738047
451.239495271,0.221,221,2,339.91,682133.292,368.931,5825267.708,1.000732739
452.240247596,0.221,221,2,340.131,682149.676,369.152,5825284.092,1.000752325
453.241144663,0.221,221,2,340.352,682157.868,369.373,5825292.284,1.000897067
453.500970971,2.513,2513,2,342.865,682167.052,371.886,5825301.468,0.259826308
454.242053009,0.221,221,2,343.086,682175.244,372.107,5825309.66,0.741082038
455.242989148,0.221,221,2,343.307,682199.82,372.328,5825334.236,1.000936139
442.927721905,0.186,186,4,0.344,197179.76,372.549,5825342.428,0
456.243792932,0.221,221,2,343.528,682216.204,372.737,5887380.444,13.316071027
457.244541065,0.221,221,2,343.749,682232.588,372.958,5887399.244,1.000748133
456.263925169,0.188,188,4,0.532,259209.584,373.179,5887407.436,0
458.245305056,0.221,221,2,343.97,682248.972,373.428,5954639.18,1.981379887
459.246065809,0.221,221,2,344.191,682265.356,373.649,5954655.564,1.000760753
442.917228218,0.186,186,7,0.186,97782.128,373.87,5954663.756,0
460.246800618,0.221,221,2,344.412,682281.74,374.058,6013850.956,17.3295724
461.24754766,0.221,221,2,344.633,682298.124,374.279,6013871.132,1.000747042
442.925271365,0.437,188,3,0.437,220394.016,374.5,6013879.324,0
462.248279472,0.221,221,2,344.854,682314.508,374.677,6063449.116,19.323008107
463.249026325,0.221,221,2,345.075,682322.7,374.898,6063457.308,1.000746853
463.992415364,2.513,2513,2,347.588,682331.852,377.411,6063466.46,0.743389039
464.249843173,0.221,221,2,347.809,682348.236,377.632,6063482.844,0.257427809
465.250632512,0.221,221,2,348.03,682364.62,377.853,6063500.316,1.000789339
466.251374934,0.221,221,2,348.251,682381.004,378.304,6144293.916,1.000742422
467.252123584,0.221,221,2,348.472,682397.388,378.525,6144314.316,1.00074865
468.252893912,0.221,221,2,348.693,682413.772,378.746,6144330.7,1.000770328
460.5838293,0.188,188,7,0.374,156962.928,378.967,6144338.892,0
469.253710396,0.221,221,2,348.914,682430.156,379.216,6206507.98,8.669881096
470.254450454,0.221,221,2,349.135,682446.54,379.437,6206525.708,1.000740058
471.255162306,0.221,221,2,349.356,682462.924,379.658,6206542.092,1.000711852
462.497798709,0.177,177,3,0.614,269955.616,379.879,6206550.284,0
472.255864684,0.221,221,2,349.577,682479.308,380.065,6272307.468,9.758065975
473.256667572,0.221,221,2,349.798,682495.692,380.286,6272323.852,1.000802888
474.257467405,0.221,221,2,350.019,682503.884,380.507,6272332.044,1.000799833
474.528237761,2.513,2513,2,352.532,682513.004,383.02,6272341.164,0.270770356
466.396787983,0.23,230,6,0.23,80793.872,383.241,6272349.356,0
475.258324455,0.221,221,2,352.753,682529.388,383.437,6334190.764,8.861536472
476.259129969,0.221,221,2,352.974,682545.772,383.658,6334207.148,1.000805514
475.419410212,0.196,196,6,0.426,142627.088,383.879,6334215.34,0
477.259870809,0.221,221,2,353.195,682562.156,384.065,6402872.492,1.840460597
478.260634167,0.221,221,2,353.416,682578.54,384.286,6402890.14,1.000763358
479.261341903,0.221,221,2,353.637,682594.924,384.507,6402906.524,1.000707736
480.262102172,0.221,221,2,353.858,682611.308,384.728,6402922.908,1.000760269
477.943788494,0.186,186,6,0.612,211276.048,384.949,6402931.1,0
481.262836238,0.221,221,2,354.079,682627.692,385.137,6468845.564,3.319047744
482.263542117,0.221,221,2,354.3,682644.076,385.358,6468861.948,1.000705879
483.26427563,2.734,221,2,357.034,682653.164,388.092,6468879.228,1.000733513
484.265129646,0.221,221,2,357.255,682669.548,388.313,6468895.612,1.000854016
469.726990078,0.249,249,7,0.623,219125.088,388.534,6468903.804,0
485.265964998,0.221,221,2,357.476,682685.932,388.692,6516556.668,15.53897492
486.266770091,0.221,221,2,357.697,682702.316,388.913,6516573.052,1.000805093
487.267525015,0.221,221,2,357.918,682718.7,389.134,6516589.436,1.000754924
488.268317692,0.221,221,2,358.139,682735.084,389.355,6516605.82,1.000792677
489.269133226,0.221,221,2,358.36,682751.468,389.576,6516622.204,1.000815534
490.269924228,0.221,221,2,358.581,682767.852,389.797,6516638.588,1.000791002
491.270503179,0.221,221,2,358.802,682784.236,390.018,6516654.972,1.000578951
492.271244138,0.221,221,2,359.023,682792.428,390.239,6516663.164,1.000740959
493.264734248,2.513,2513,2,361.536,682801.484,392.752,6516672.22,0.99349011
493.272031586,0.221,221,2,361.757,682817.868,392.973,6516688.604,0.007297338
494.27281056,0.221,221,2,361.978,682834.252,393.194,6516704.988,1.000778974
495.273586384,0.221,221,2,362.199,682850.636,393.415,6516721.372,1.000775824
496.274464767,0.221,221,2,362.42,682867.02,393.636,6516737.756,1.000878383
497.275314312,0.221,221,2,362.641,682883.404,393.857,6516754.14,1.000849545
498.276145132,0.221,221,2,362.862,682899.788,394.078,6516770.524,1.00083082
499.276895824,0.221,221,2,363.083,682916.172,394.299,6516786.908,1.000750692
500.277672113,0.221,221,2,363.304,682924.364,394.52,6516795.1,1.000776289
500.788491225,0.178,178,2,363.482,682933.388,394.698,6516804.124,0.510819112
501.278438128,0.221,221,2,363.703,682949.772,394.919,6516820.508,0.489946903
502.279209271,0.221,221,2,363.924,682957.964,395.14,6516828.7,1.000771143
502.48262171,2.588,2588,2,366.512,682966.62,397.728,6516837.356,0.203412439
502.487418834,1.575,1575,2,368.087,682966.62,399.303,6516837.356,0.00479712399999
481.607197541,0.188,188,6,0.8,277147.92,399.552,6516839.404,0
485.361155255,0.158,158,7,0.781,266769.76,399.74,6516839.404,3.753957714
458.434799903,0.249,249,4,0.781,326435.36,400.114,6516904.94,0
502.497007643,0.374,188,6,1.174,277213.456,400.272,6516904.94,44.06220774
502.491807552,0.249,249,2,368.336,682968.668,400.502,6914098.156,0
503.265029373,2.513,2513,2,370.849,682977.884,403.015,6918399.98,0.773221821
503.279968277,0.221,221,2,371.07,682994.268,403.236,7027993.74,0.014938904
504.280822869,0.221,221,2,371.291,683010.652,403.457,7028010.124,1.000854592
505.2817129,0.221,221,2,371.512,683027.036,403.678,7028026.508,1.000890031
506.282448842,0.221,221,2,371.733,683043.42,403.899,7028042.892,1.000735942
507.28320828,0.221,221,2,371.954,683059.804,404.12,7028059.276,1.000759438
508.28398416,0.221,221,2,372.175,683076.188,404.341,7028075.66,1.00077588
509.284702569,0.221,221,2,372.396,683092.572,404.562,7028092.044,1.000718409
510.285519644,0.221,221,2,372.617,683108.956,404.783,7028108.428,1.000817075
511.286248489,0.221,221,2,372.838,683125.34,405.004,7028124.812,1.000728845
512.286978829,0.221,221,2,373.059,683141.724,405.225,7028141.196,1.00073034
513.287705407,0.221,221,2,373.28,683158.108,405.446,7028157.58,1.000726578
514.288413177,0.221,221,2,373.501,683174.492,405.667,7028173.964,1.00070777
515.289568402,0.221,221,2,373.722,683174.492,405.888,7028173.964,1.001155225
515.475412905,2.513,2513,2,376.235,683183.676,408.401,7028183.148,0.185844503
516.291044898,0.221,221,2,376.456,683200.06,408.622,7028199.532,0.815631993
517.291870339,0.221,221,2,376.677,683216.444,408.843,7028215.916,1.000825441
502.49881103,0.158,158,4,0.939,368706.08,409.064,7028224.108,0
518.29260164,0.221,221,2,376.898,683232.828,409.25,7090558.156,15.79379061
519.293311354,0.221,221,2,377.119,683249.212,409.471,7090574.54,1.000709714
472.427552398,0.186,186,3,0.8,335706.24,409.692,7090582.732,0
520.294026818,0.221,221,2,377.34,683265.596,409.869,7152653.516,47.86647442
521.294741574,0.221,221,2,377.561,683281.98,410.09,7152669.9,1.000714756
522.295424229,0.221,221,2,377.782,683298.364,410.311,7152686.284,1.000682655
523.296128494,0.221,221,2,378.003,683314.748,410.532,7152702.668,1.000704265
524.296828704,0.221,221,2,378.224,683331.132,410.753,7152719.052,1.00070021
525.297331751,0.221,221,2,378.445,683347.516,410.974,7152735.436,1.000503047
526.297762518,0.221,221,2,378.666,683355.708,411.195,7152743.628,1.000430767
518.711774282,0.186,186,4,1.125,431030.816,413.708,7152743.628,0
526.464949575,2.513,2513,2,381.179,683364.86,413.957,7222713.5,7.753175293
527.298397931,0.221,221,2,381.4,683381.244,414.178,7222729.884,0.833448356
528.301089971,0.221,221,2,381.621,683397.628,414.399,7222746.268,1.00269204
520.84430979,0.177,177,3,0.977,397768.832,414.62,7222754.46,0
529.301873266,0.221,221,2,381.842,683414.012,414.806,7283023.004,8.457563476
530.303719232,0.221,221,2,382.063,683430.396,415.027,7283039.388,1.001845966
502.497448673,0.188,188,7,0.969,434754.16,415.248,7283047.58,0
531.304496616,0.221,221,2,382.284,683446.78,415.406,7325998.236,28.807047943
532.305216531,0.221,221,2,382.505,683463.164,415.627,7326014.62,1.000719915
533.305964443,0.221,221,2,382.726,683479.548,415.848,7326031.004,1.000747912
534.306672245,0.221,221,2,382.947,683495.932,416.069,7326047.388,1.000707802
535.307358796,0.221,221,2,383.168,683504.124,416.29,7326055.58,1.000686551
536.140961961,2.513,2513,2,385.681,683513.244,418.803,7326064.7,0.833603165
531.951346817,0.158,158,7,1.127,477696.624,419.024,7326072.892,0
536.308084907,0.221,221,2,385.902,683529.628,419.273,7390667.788,4.35673809
537.308891546,0.221,221,2,386.123,683546.012,419.494,7390684.172,1.000806639
538.309690763,0.221,221,2,386.344,683562.396,419.715,7390700.556,1.000799217
526.464952297,0.249,249,4,1.374,500990.496,419.936,7390708.748,0
539.310373575,0.221,221,2,386.565,683578.78,420.124,7453090.828,12.845421278
540.311068657,0.221,221,2,386.786,683595.164,420.345,7453107.212,1.000695082
541.311759409,0.221,221,2,387.007,683611.548,420.566,7453123.596,1.000690752
542.312464562,0.221,221,2,387.228,683619.74,420.787,7453131.788,1.000705153
536.627334823,0.249,249,7,1.376,542283.328,423.3,7453132.684,0
543.264895054,2.513,2513,2,389.741,683628.828,423.486,7461070.732,6.637560231
543.313196517,0.221,221,2,389.962,683645.212,423.707,7517579.148,0.048301463
544.314107684,0.221,221,2,390.183,683661.596,423.928,7517595.532,1.000911167
545.314907726,0.221,221,2,390.404,683677.98,424.149,7517611.916,1.000800042
546.315663443,0.221,221,2,390.625,683694.364,424.37,7517628.3,1.000755717
547.316368599,0.221,221,2,390.846,683702.556,424.591,7517636.492,1.000705156
529.655036204,0.186,186,3,1.163,458029.184,424.812,7517644.684,0
548.317092374,0.221,221,2,391.067,683718.94,425.061,7587661.708,18.66205617
549.317810167,0.221,221,2,391.288,683735.324,425.282,7587678.092,1.000717793
548.912573798,0.249,249,3,1.412,528038.016,425.503,7587686.284,0
550.318520855,0.221,221,2,391.509,683751.708,425.691,7647823.756,1.405947057
551.319234039,0.221,221,2,391.73,683768.092,425.912,7647840.14,1.000713184
552.319919979,0.221,221,2,391.951,683776.284,426.133,7647848.332,1.00068594
553.266092381,2.513,2513,2,394.464,683785.34,428.646,7647857.388,0.946172402
502.49909443,0.23,230,6,1.404,578023.696,428.867,7647865.58,0
553.320625669,0.221,221,2,394.685,683801.724,429.063,7707241.196,50.821531239
554.321349897,0.221,221,2,394.906,683818.108,429.284,7718824.684,1.000724228
555.322050213,0.221,221,2,395.127,683834.492,429.505,7718841.068,1.000700316
556.322749269,0.221,221,2,395.348,683850.876,429.726,7718857.452,1.000699056
557.323429411,0.221,221,2,395.569,683867.26,429.947,7718873.836,1.000680142
558.324140008,0.221,221,2,395.79,683883.644,430.168,7718890.22,1.000710597
559.324882672,0.221,221,2,396.011,683900.028,430.389,7718906.604,1.000742664
560.325628312,0.221,221,2,396.232,683916.412,430.61,7718922.988,1.00074564
561.326330986,0.221,221,2,396.453,683932.796,430.831,7718939.372,1.000702674
562.326871926,0.221,221,2,396.674,683949.18,431.052,7718955.756,1.00054094
563.327493719,0.221,221,2,396.895,683957.372,431.273,7718963.948,1.000621793
563.61548759,2.513,2513,2,399.408,683966.396,433.786,7718972.972,0.287993871
564.328247652,0.221,221,2,399.629,683982.78,434.007,7718989.356,0.712760062
565.329084948,0.221,221,2,399.85,683999.164,434.228,7719005.74,1.000837296
566.329910603,0.221,221,2,400.071,684015.548,434.449,7719022.124,1.000825655
567.330665789,0.221,221,2,400.292,684031.932,434.67,7719038.508,1.000755186
568.331508317,0.221,221,2,400.513,684048.316,434.891,7719054.892,1.000842528
569.332222802,0.221,221,2,400.734,684056.508,435.112,7719063.084,1.000714485
569.831037559,0.178,178,2,400.912,684065.5,435.29,7719072.076,0.498814757
570.332936665,0.221,221,2,401.133,684073.692,435.511,7719080.268,0.501899106
571.21931047,2.588,2588,2,403.721,684082.46,438.099,7719089.036,0.886373805
571.273397442,1.575,1575,2,405.296,684082.46,439.674,7719089.036,0.0540869720001
571.275487169,0.286,286,2,405.582,684230.94,439.96,7719237.516,0.002089727
571.279938507,0.189,189,2,405.771,684240.124,440.149,7719246.7,0.00445133799997
571.333679526,0.221,221,2,405.992,684256.508,440.37,7719263.084,0.053741019
572.334462289,0.221,221,2,406.213,684264.7,440.591,7719271.276,1.000782763
573.264917543,2.513,2513,2,408.726,684273.852,443.104,7719280.428,0.930455254
573.335164707,0.221,221,2,408.947,684282.044,443.325,7719288.62,0.070247164
574.089991609,2.376,2376,2,411.323,684290.956,445.701,7719297.532,0.754826902
574.093265807,1.575,1575,2,412.898,684299.148,447.276,7719305.724,0.00327419799999
574.335896228,0.221,221,2,413.119,684315.532,447.497,7719322.108,0.242630421
575.336666642,0.221,221,2,413.34,684323.724,447.718,7719330.3,1.000770414
575.747313651,2.419,2419,2,415.759,684331.916,450.137,7719338.492,0.410647009
576.337376374,0.221,221,2,415.98,684348.3,450.358,7719354.876,0.590062723
577.338099346,0.221,221,2,416.201,684366.732,450.579,7719373.308,1.000722972
578.338943932,0.221,221,2,416.422,684375.436,450.8,7719382.012,1.000844586
578.508285169,0.189,189,2,416.611,684377.42,450.989,7719383.996,0.169341237
578.513627848,0.189,189,2,416.8,684379.276,451.178,7719385.852,0.00534267900002
578.520175064,0.189,189,2,416.989,684388.348,451.367,7719394.924,0.00654721599994
579.339665311,0.221,221,2,417.21,684396.54,451.588,7719403.116,0.819490247
580.340411911,0.221,221,2,417.431,684412.924,451.809,7719419.5,1.0007466
581.341103089,0.221,221,2,417.652,684429.308,452.03,7719435.884,1.000691178
582.341809115,0.221,221,2,417.873,684437.5,452.251,7719444.076,1.000706026
583.266138957,0.339,339,2,418.212,684445.692,452.59,7719452.268,0.924329842
583.34262595,0.221,221,2,418.433,684462.924,452.811,7719469.5,0.076486993
584.343356706,0.221,221,2,418.654,684479.308,453.032,7719485.884,1.000730756
585.344190937,0.221,221,2,418.875,684495.692,453.253,7719502.268,1.000834231
586.344719385,0.221,221,2,419.096,684512.076,453.474,7719518.652,1.000528448
587.345150813,0.221,221,2,419.317,684528.46,453.695,7719535.036,1.000431428
588.345746005,0.221,221,2,419.538,684544.844,453.916,7719551.42,1.000595192
589.346188514,0.221,221,2,419.759,684561.228,454.137,7719567.804,1.000442509
590.346677311,0.221,221,2,419.98,684577.612,454.358,7719584.188,1.000488797
591.347122865,0.221,221,2,420.201,684593.996,454.579,7719600.572,1.000445554
592.347561899,0.221,221,2,420.422,684602.188,454.8,7719608.764,1.000439034
593.264845609,0.339,339,2,420.761,684611.196,455.139,7719617.772,0.91728371
593.348100203,0.221,221,2,420.982,684627.58,455.36,7719634.156,0.083254594
594.348592487,0.221,221,2,421.203,684643.964,455.581,7719650.54,1.000492284
595.349043776,0.221,221,2,421.424,684660.348,455.802,7719666.924,1.000451289
596.349522869,0.221,221,2,421.645,684676.732,456.023,7719683.308,1.000479093
597.349969619,0.221,221,2,421.866,684693.116,456.244,7719699.692,1.00044675
598.350430209,0.221,221,2,422.087,684709.5,456.465,7719716.076,1.00046059
599.350875208,0.221,221,2,422.308,684725.884,456.686,7719732.46,1.000444999
600.351318001,0.221,221,2,422.529,684742.268,456.907,7719748.844,1.000442793
601.351904077,0.221,221,2,422.75,684759.692,457.128,7719766.268,1.000586076
602.254721887,1.575,1575,2,424.325,684759.692,458.703,7719766.268,0.90281781
602.259509439,0.286,286,2,424.611,693403.276,458.989,7728409.852,0.00478755200004
602.352661547,0.221,221,2,424.832,694492.812,459.21,7729499.388,0.093152108
602.378703051,0.189,189,2,425.021,694493.804,459.399,7729500.38,0.026041504
602.386217158,0.286,286,2,425.307,694494.764,459.685,7729869.98,0.00751410700002
602.398496536,0.189,189,2,425.496,694495.692,459.874,7729870.908,0.012279378
603.264933428,2.513,2513,2,428.009,694504.78,462.387,7729879.996,0.866436892
603.357442624,0.221,221,2,428.23,694521.164,462.608,7729896.38,0.092509196
604.358191237,0.221,221,2,428.451,694537.548,462.829,7729912.764,1.000748613
605.359018812,0.221,221,2,428.672,694545.74,463.05,7729920.956,1.000827575
605.933130755,0.286,286,2,428.958,694546.604,463.336,7735951.132,0.574111943
605.966584039,0.189,189,2,429.147,694555.628,463.525,7735960.156,0.0334532840001
606.359762414,0.221,221,2,429.368,694572.012,463.746,7735976.54,0.393178375
607.360470371,0.221,221,2,429.589,694588.396,463.967,7735992.924,1.000707957
608.361178851,0.221,221,2,429.81,694604.78,464.188,7736009.308,1.00070848
609.361896691,0.221,221,2,430.031,694621.164,464.409,7736025.692,1.00071784
610.362585409,0.221,221,2,430.252,694637.548,464.63,7736042.076,1.000688718
611.363280371,0.221,221,2,430.473,694645.74,464.851,7736050.268,1.000694962
612.364008362,0.221,221,2,430.694,694653.932,465.072,7736058.46,1.000727991
613.265835329,2.513,2513,2,433.207,694662.924,467.585,7736067.452,0.901826967
613.364713976,0.221,221,2,433.428,694679.308,467.806,7736083.836,0.098878647
614.36543199,0.221,221,2,433.649,694695.692,468.027,7736100.22,1.000718014
615.366151757,0.221,221,2,433.87,694712.076,468.248,7736116.604,1.000719767
616.366851618,0.221,221,2,434.091,694728.46,468.469,7736132.988,1.000699861
617.367563342,0.221,221,2,434.312,694744.844,468.69,7736149.372,1.000711724
618.368275255,0.221,221,2,434.533,694761.228,468.911,7736165.756,1.000711913
619.36896587,0.221,221,2,434.754,694777.612,469.132,7736182.14,1.000690615
620.369655217,0.221,221,2,434.975,694793.996,469.353,7736198.524,1.000689347
621.370338034,0.221,221,2,435.196,694802.188,469.574,7736206.716,1.000682817
621.471439308,2.663,2663,2,437.859,694811.404,472.237,7736215.932,0.101101274
621.475450906,1.575,1575,2,439.434,694819.596,473.812,7736224.124,0.00401159800003
622.371034153,0.221,221,2,439.655,694827.788,474.033,7736232.316,0.895583247
623.265086109,2.513,2513,2,442.168,694837.004,476.546,7736241.532,0.894051956
623.371759421,0.221,221,2,442.389,694853.388,476.767,7736257.916,0.106673312
624.372463629,0.221,221,2,442.61,694869.772,476.988,7736274.3,1.000704208
625.373162777,0.221,221,2,442.831,694886.156,477.209,7736290.684,1.000699148
626.373683959,0.221,221,2,443.052,694902.54,477.43,7736307.068,1.000521182
627.374113574,0.221,221,2,443.273,694918.924,477.651,7736323.452,1.000429615
628.374741869,0.221,221,2,443.494,694935.308,477.872,7736339.836,1.000628295
629.375284864,0.221,221,2,443.715,694951.692,478.093,7736356.22,1.000542995
630.375733956,0.221,221,2,443.936,694968.076,478.314,7736372.604,1.000449092
631.376353243,0.221,221,2,444.157,694984.46,478.535,7736388.988,1.000619287
632.377068761,0.221,221,2,444.378,695000.844,478.756,7736405.372,1.000715518
633.377857551,0.221,221,2,444.599,695017.228,478.977,7736421.756,1.00078879
634.378553335,0.221,221,2,444.82,695025.42,479.198,7736429.948,1.000695784
634.828810676,2.513,2513,2,447.333,695034.604,481.711,7736439.132,0.450257341
635.379350542,0.221,221,2,447.554,695050.988,481.932,7736455.516,0.550539866
636.380045292,0.221,221,2,447.775,695059.18,482.153,7736463.708,1.00069475
636.640123715,2.663,2663,2,450.438,695067.372,484.816,7736471.9,0.260078423
637.380725706,0.221,221,2,450.659,695083.756,485.037,7736488.284,0.740601991
638.381530831,0.221,221,2,450.88,695100.14,485.258,7736504.668,1.000805125
639.38223552,0.221,221,2,451.101,695116.524,485.479,7736521.052,1.000704689
640.382942813,0.221,221,2,451.322,695132.908,485.7,7736537.436,1.000707293
641.383671887,0.221,221,2,451.543,695149.292,485.921,7736553.82,1.000729074
642.384318135,0.221,221,2,451.764,695157.484,486.142,7736562.012,1.000646248
643.264387271,0.339,339,2,452.103,695166.156,486.481,7736570.684,0.880069136
643.384936384,0.221,221,2,452.324,695182.54,486.702,7736587.068,0.120549113
644.386608556,0.221,221,2,452.545,695198.924,486.923,7736603.452,1.001672172
645.38734058,0.221,221,2,452.766,695215.308,487.144,7736619.836,1.000732024
646.387787652,0.221,221,2,452.987,695231.692,487.365,7736637.116,1.000447072
647.388516404,0.221,221,2,453.208,695248.076,487.586,7736653.5,1.000728752
648.388974129,0.221,221,2,453.429,695264.46,487.807,7736669.884,1.000457725
649.389441106,0.221,221,2,453.65,695280.844,488.028,7736686.268,1.000466977
650.38995375,0.221,221,2,453.871,695297.228,488.249,7736702.652,1.000512644
651.390451435,0.221,221,2,454.092,695313.612,488.47,7736720.172,1.000497685
652.391047821,0.221,221,2,454.313,695321.804,488.691,7736728.364,1.000596386
653.264280776,0.339,339,2,454.652,695330.924,489.03,7736737.484,0.873232955
653.393194979,0.221,221,2,454.873,695347.308,489.251,7736753.868,0.128914203
654.393616532,0.221,221,2,455.094,695363.692,489.472,7736770.252,1.000421553
655.394025671,0.221,221,2,455.315,695380.076,489.693,7736786.636,1.000409139
656.394453923,0.221,221,2,455.536,695396.46,489.914,7736803.02,1.000428252
657.394858325,0.221,221,2,455.757,695412.844,490.135,7736819.404,1.000404402
658.395258855,0.221,221,2,455.978,695429.228,490.356,7736835.788,1.00040053
659.395689386,0.221,221,2,456.199,695445.612,490.577,7736852.172,1.000430531
660.396233709,0.221,221,2,456.42,695461.996,490.798,7736868.556,1.000544323
661.39672602,0.221,221,2,456.641,695478.38,491.019,7736884.94,1.000492311
662.397175516,0.221,221,2,456.862,695486.572,491.24,7736893.132,1.000449496
663.264093357,0.339,339,2,457.201,695495.66,491.579,7736902.22,0.866917841
663.397710089,0.221,221,2,457.422,695512.044,491.8,7736918.604,0.133616732
664.398300567,0.221,221,2,457.643,695528.428,492.021,7736934.988,1.000590478
665.398826759,0.221,221,2,457.864,695544.812,492.242,7736951.372,1.000526192
666.399305888,0.221,221,2,458.085,695561.196,492.463,7736967.756,1.000479129
667.399744845,0.221,221,2,458.306,695577.58,492.684,7736984.14,1.000438957
668.40033563,0.221,221,2,458.527,695593.964,492.905,7737000.524,1.000590785
669.40087379,0.221,221,2,458.748,695610.348,493.126,7737016.908,1.00053816
670.401411839,0.221,221,2,458.969,695626.732,493.347,7737033.292,1.000538049
671.401910729,0.221,221,2,459.19,695643.116,493.568,7737049.676,1.00049889
672.402456582,0.221,221,2,459.411,695651.308,493.789,7737057.868,1.000545853
673.264172988,0.339,339,2,459.75,695659.5,494.128,7737066.06,0.861716406
673.403016029,0.221,221,2,459.971,695668.556,494.349,7737075.116,0.138843041
674.090730498,0.189,189,2,460.16,695670.188,494.538,7737076.748,0.687714469
674.092897664,0.189,189,2,460.349,695679.148,494.727,7737085.708,0.00216716600005
674.403710253,0.221,221,2,460.57,695695.532,494.948,7737102.092,0.310812589
675.404272361,0.221,221,2,460.791,695696.268,495.169,7737102.828,1.000562108
