time,size,first_call,destination,dest_out_traffic,dest_in_traffic,total_network_out,total_network_in,dens10
4.834604945,0.244,244,2,0.244,24.576,0.244,26.624,0
4.881328135,0.183,183,2,0.427,40.96,0.427,43.008,0.04672319
5.892463211,0.183,183,2,0.61,57.344,0.61,59.392,1.011135076
6.894415274,0.183,183,2,0.793,73.728,0.793,75.776,1.001952063
7.895437122,0.183,183,2,0.976,90.112,0.976,92.16,1.001021848
8.896185891,0.183,183,2,1.159,106.496,1.159,108.544,1.000748769
9.897016164,0.183,183,2,1.342,122.88,1.342,124.928,1.000830273
10.897755224,0.183,183,2,1.525,139.264,1.525,141.312,1.00073906
11.898491072,0.183,183,2,1.708,155.648,1.708,157.696,1.000735848
12.899460609,0.183,183,2,1.891,172.032,1.891,174.08,1.000969537
13.900272025,0.183,183,2,2.074,188.416,2.074,190.464,1.000811416
14.902028184,0.183,183,2,2.257,204.8,2.257,206.848,1.001756159
15.916981971,0.183,183,2,2.44,221.184,2.44,223.232,1.014953787
16.917703851,0.183,183,2,2.623,237.568,2.623,239.616,1.00072188
17.918436975,0.183,183,2,2.806,253.952,2.806,256.0,1.000733124
18.919164791,0.183,183,2,2.989,270.336,2.989,272.384,1.000727816
19.920975496,0.183,183,2,3.172,286.72,3.172,288.768,1.001810705
21.641839022,0.268,268,3,0.268,8.452,3.789,308.144,1.720863526
20.921769312,0.183,183,2,3.355,303.104,4.042,324.528,0
21.981722746,0.219,219,2,3.574,335.872,4.261,357.296,1.059953434
22.212970518,0.283,283,2,3.857,352.256,4.544,373.68,0.231247772
22.257272381,0.207,207,2,4.064,368.64,4.751,390.064,0.044301863
22.301610631,0.102,102,2,4.166,376.832,4.853,398.256,0.04433825
21.687223634,0.253,253,3,0.521,24.836,4.977,21819.302,0
22.700662145,0.291,291,3,0.812,25.123,5.268,21887.112,1.013438511
22.329489665,0.124,124,2,4.29,39002.934,5.502,39041.029,0
22.703146609,0.234,234,3,1.046,41.507,5.721,81767.523,0.373656944
23.705263638,0.405,405,3,1.451,41.908,6.126,81767.924,1.002117029
22.983543299,0.219,219,2,4.509,98253.793,6.356,98308.673,0
23.707322489,0.23,230,3,1.681,58.292,6.575,140258.096,0.72377919
23.987923325,0.219,219,2,4.728,156307.031,7.09,156378.806,0.280600836
24.708450984,0.515,515,3,2.196,75.187,7.309,198857.672,0.720527659
24.993186285,0.219,219,2,4.947,216847.678,7.824,216936.348,0.284735301
25.710674102,0.515,515,3,2.711,92.082,8.043,265084.307,0.717487817
25.999072229,0.219,219,2,5.166,315756.149,8.558,315861.714,0.288398127
26.712831988,0.515,515,3,3.226,108.977,8.777,453628.49,0.713759759
27.005212675,0.219,219,2,5.385,463418.258,9.292,463540.718,0.292380687
27.772811892,0.124,124,2,5.509,503544.132,9.416,503666.592,0.767599217
27.714730554,0.515,515,3,3.741,125.872,9.635,613222.762,0
28.008609475,0.219,219,2,5.728,613100.302,10.15,613239.657,0.293878921
29.012204905,0.219,219,2,5.947,613116.686,10.369,613256.041,1.00359543
29.148966919,0.174,174,2,6.121,613133.07,10.543,613272.425,0.136762014
29.15000497,0.188,188,2,6.309,613141.262,10.731,613280.617,0.001038051
28.718185812,0.515,515,3,4.256,142.767,10.853,613498.165,0
29.151863307,0.122,122,2,6.431,613358.81,11.504,613515.196,0.433677495
29.157300241,0.651,651,3,4.907,159.798,11.674,613539.772,0.005436934
29.186384596,0.17,170,2,6.601,613375.194,12.171,613540.265,0.029084355
29.188527117,0.184,184,2,6.785,613383.386,12.355,613556.649,0.002142521
29.187214939,0.497,497,3,5.404,176.675,12.477,613638.742,0
29.189924711,0.122,122,2,6.907,613465.479,12.856,613655.501,0.002709772
29.204026015,0.379,379,3,5.783,193.434,13.075,613671.885,0.014101304
30.013428454,0.219,219,2,7.126,613481.863,13.387,613704.957,0.809402439
21.093828971,0.166,166,5,0.166,2.732,13.606,613713.149,0
31.423195366,0.176,176,5,0.342,3.756,13.782,613714.173,10.329366395
31.448170889,0.154,154,5,0.496,6.828,13.936,613717.245,0.024975523
31.576248279,0.17,170,5,0.666,7.852,14.106,613718.269,0.12807739
31.613353067,0.172,172,5,0.838,9.388,14.278,613719.805,0.037104788
31.973811964,0.177,177,5,1.015,10.396,14.455,613720.813,0.360458897
31.014391775,0.219,219,2,7.345,613498.247,14.631,613729.501,0
32.003392471,0.176,176,5,1.191,10.892,14.85,613737.693,0.989000696
32.025380044,1.53,1530,5,2.721,11.372,16.38,613738.173,0.021987573
32.085489154,1.256,1256,5,3.977,12.316,17.636,613739.117,0.06010911
32.015381845,0.219,219,2,7.564,613514.631,17.807,613748.221,0
33.016452791,0.219,219,2,7.783,613531.015,18.026,613764.605,1.001070946
34.017265534,0.219,219,2,8.002,613547.399,18.245,613780.989,1.000812743
35.017922531,0.219,219,2,8.221,613563.783,18.464,613797.373,1.000656997
36.018563255,0.219,219,2,8.44,613580.167,18.683,613813.757,1.000640724
37.019616601,0.219,219,2,8.659,613596.551,18.902,613830.141,1.001053346
38.020262354,0.219,219,2,8.878,613612.935,19.121,613846.525,1.000645753
39.021071954,0.219,219,2,9.097,613629.319,19.34,613862.909,1.0008096
40.021699269,0.219,219,2,9.316,613645.703,19.559,613879.293,1.000627315
41.022512291,0.219,219,2,9.535,613662.087,19.778,613895.677,1.000813022
42.023216431,0.219,219,2,9.754,613678.471,19.997,613912.061,1.00070414
43.023910653,0.219,219,2,9.973,613694.855,20.216,613928.445,1.000694222
44.024522952,0.219,219,2,10.192,613711.239,20.435,613944.829,1.000612299
45.025173314,0.219,219,2,10.411,613727.623,20.654,613961.213,1.000650362
46.025845885,0.219,219,2,10.63,613744.007,20.873,613977.597,1.000672571
47.026514127,0.219,219,2,10.849,613760.391,21.092,613993.981,1.000668242
32.095247937,0.171,171,5,4.148,13.228,21.312,614002.173,0
48.027262267,0.22,220,2,11.069,613776.775,21.651,614010.813,15.93201433
49.0280924,0.22,220,2,11.289,613793.159,21.871,614027.197,1.000830133
50.029244362,0.22,220,2,11.509,613809.543,22.091,614043.581,1.001151962
48.611466934,0.339,339,5,4.487,22.508,22.311,614060.605,0
51.275403389,1.575,1575,5,6.062,22.508,23.886,614060.605,2.663936455
51.388298541,0.286,286,5,6.348,32.236,24.172,614070.333,0.112895152
51.63304838,0.189,189,5,6.537,36.332,24.361,614090.813,0.244749839
52.051926507,0.286,286,5,6.823,38.38,24.647,614127.677,0.418878127
51.030399817,0.22,220,2,11.729,613842.311,24.836,614140.989,0
53.098839386,0.237,237,8,0.237,40.96,25.293,614190.141,2.068439569
53.032459925,0.22,220,2,11.949,613858.695,25.547,620699.698,0
54.033724541,0.22,220,2,12.169,613875.079,25.767,632807.441,1.001264616
55.034792694,0.22,220,2,12.389,613891.463,25.987,645377.695,1.001068153
56.03582851,0.22,220,2,12.609,613907.847,26.207,656626.489,1.001035816
57.036927393,0.22,220,2,12.829,613924.231,26.427,669461.035,1.001098883
52.127497988,0.189,189,5,7.012,41.452,26.647,677397.987,0
58.037957063,0.22,220,2,13.049,613940.615,29.16,683155.554,5.910459075
59.039277203,0.22,220,2,13.269,613956.999,29.38,696650.83,1.00132014
60.040334111,0.22,220,2,13.489,613973.383,29.6,709749.668,1.001056908
61.041449546,0.22,220,2,13.709,613989.767,29.82,723377.09,1.001115435
62.042491788,0.22,220,2,13.929,614006.151,30.04,734625.884,1.001042242
63.043488493,0.22,220,2,14.149,614022.535,30.26,748781.89,1.000996705
53.213205605,0.152,152,9,0.152,135665.888,30.48,750045.469,0
58.618613863,2.513,2513,5,9.525,42.476,30.632,750302.198,5.405408258
64.231508422,2.538,2538,5,12.063,59.372,33.17,750319.094,5.612894559
53.182466291,0.102,102,8,0.339,73.728,34.745,750343.67,0
64.147451294,0.152,152,9,0.304,135922.617,34.982,750351.862,10.964985003
64.044432258,0.22,220,2,14.369,614038.919,35.134,759480.915,0
65.045532328,0.22,220,2,14.589,614055.303,35.354,773358.04,1.00110007
66.046580925,0.22,220,2,14.809,614071.687,35.574,786258.659,1.001048597
67.047658646,0.22,220,2,15.029,614088.071,35.794,799027.132,1.001077721
64.239676011,1.575,1575,5,13.638,59.372,36.014,806567.646,0
68.049135021,0.22,220,2,15.249,614104.455,38.527,812860.965,3.80945901
69.050274761,0.22,220,2,15.469,614120.839,38.747,826686.606,1.00113974
70.051336348,0.22,220,2,15.689,614137.223,38.967,840049.736,1.001061587
71.052463098,0.22,220,2,15.909,614153.607,39.187,853545.012,1.00112675
72.053382558,0.22,220,2,16.129,614169.991,39.407,867238.507,1.00091946
73.054403708,0.22,220,2,16.349,614186.375,39.627,880667.71,1.00102115
64.302804639,0.152,152,9,0.456,271889.049,39.847,886490.326,0
68.603146882,2.513,2513,5,16.151,67.564,39.999,886646.955,4.300342243
74.533658996,2.581,2581,5,18.732,83.948,42.58,886663.339,5.930512114
64.29997027,0.237,237,8,0.576,98.304,44.155,886679.723,0
74.553601965,0.237,237,8,0.813,122.88,44.392,886704.299,10.253631695
74.483366846,0.152,152,9,0.608,272045.678,44.543,886712.491,0
74.055460127,0.22,220,2,16.569,614202.759,44.695,893670.271,0
75.056502648,0.22,220,2,16.789,614219.143,44.915,907495.912,1.001042521
76.057716489,0.22,220,2,17.009,614235.527,45.135,921255.48,1.001213841
77.059053601,0.22,220,2,17.229,614251.911,45.355,935279.34,1.001337112
74.54036753,1.575,1575,5,20.307,83.948,45.575,942621.635,0
78.05998668,0.22,220,2,17.449,614268.295,48.088,948708.006,3.51961915
79.060962433,0.22,220,2,17.669,614284.679,48.308,962203.282,1.000975753
80.061947893,0.22,220,2,17.889,614301.063,48.528,975632.485,1.00098546
81.06295689,0.22,220,2,18.109,614317.447,48.748,989392.053,1.001008997
82.063899119,0.22,220,2,18.329,614333.831,48.968,1003283.767,1.000942229
83.064800002,0.22,220,2,18.549,614342.023,49.188,1017101.216,1.000900883
74.558201083,0.152,152,9,0.76,408696.565,49.408,1023584.562,0
78.602497778,2.513,2513,5,22.82,149.484,49.56,1023666.034,4.044296695
84.065818218,0.22,220,2,18.769,614358.407,52.098,1023674.226,5.46332044
85.066756047,0.22,220,2,18.989,614374.791,52.318,1023690.61,1.000937829
86.067532333,0.22,220,2,19.209,614391.175,52.538,1023706.994,1.000776286
87.068108873,0.22,220,2,19.429,614407.559,52.758,1023723.378,1.00057654
84.585280714,2.538,2538,5,25.358,149.484,52.978,1023731.57,0
88.068863368,0.22,220,2,19.649,614423.943,53.317,1023805.298,3.483582654
89.069669127,0.22,220,2,19.869,614440.327,53.537,1023821.682,1.000805759
90.070871095,0.22,220,2,20.089,614456.711,53.757,1023838.066,1.001201968
91.071950283,0.22,220,2,20.309,614473.095,53.977,1023854.45,1.001079188
92.072896563,0.22,220,2,20.529,614489.479,54.197,1023870.834,1.00094628
93.073614042,0.22,220,2,20.749,614505.863,54.417,1023889.266,1.000717479
94.074419382,0.22,220,2,20.969,614522.247,54.637,1023905.65,1.00080534
95.07514203,0.22,220,2,21.189,614538.631,54.857,1023922.034,1.000722648
96.075796373,0.22,220,2,21.409,614557.575,55.077,1023942.994,1.000654343
88.599567377,0.339,339,5,25.697,247.788,55.297,1023983.954,0
97.986352457,1.575,1575,5,27.272,247.788,56.872,1023983.954,9.38678508
97.998986396,0.286,286,5,27.558,280.556,57.158,1024180.562,0.012633939
98.00568627,0.189,189,5,27.747,329.708,57.347,1024229.714,0.00669987399999
98.027684808,0.249,249,5,27.996,354.284,57.596,1024254.29,0.021998538
97.076830443,0.22,220,2,21.629,614573.959,57.71,1024273.234,0
98.078257161,0.22,220,2,21.849,614582.151,57.93,1029892.434,1.001426718
98.040693864,0.114,114,5,28.11,362.476,58.158,1230168.402,0
98.101217063,0.114,114,2,21.963,675972.455,60.671,1230183.618,0.060523199
99.079431681,0.22,220,2,22.183,675988.839,60.891,1230200.002,0.978214618
98.603529334,2.513,2513,5,30.623,366.572,61.111,1230208.194,0
100.905144085,0.178,178,5,30.801,370.668,61.289,1230212.29,2.301614751
100.081291695,0.22,220,2,22.403,676005.223,63.877,1230220.482,0
100.963269494,2.588,2588,5,33.389,382.956,64.097,1230240.962,0.881977799
101.609392929,1.575,1575,5,34.964,382.956,65.672,1230240.962,0.646123435
101.612161786,0.286,286,5,35.25,468.972,65.958,1230326.978,0.00276885700001
101.619190823,0.189,189,5,35.439,501.74,66.147,1230359.746,0.007029037
101.082461955,0.22,220,2,22.623,676021.607,68.479,1230367.938,0
101.695816908,2.332,2332,5,37.771,526.316,68.699,1230400.706,0.613354953
102.379532274,0.189,189,5,37.96,532.46,68.888,1230406.85,0.683715366
102.083443924,0.22,220,2,22.843,676037.991,69.077,1230416.066,0
102.38694404,0.189,189,5,38.149,534.476,69.297,1230425.25,0.303500116
103.331777039,0.189,189,5,38.338,544.348,69.486,1230435.122,0.944832999
103.718268506,1.575,1575,5,39.913,544.348,71.061,1230435.122,0.386491467
103.722712995,0.286,286,5,40.199,1259.1,71.347,1231149.874,0.00444448899999
103.084276083,0.22,220,2,23.063,676054.375,71.536,1231159.09,0
103.737806116,0.189,189,5,40.388,1260.124,71.756,1231167.282,0.653530033
104.384709888,0.286,286,5,40.674,1261.116,72.042,1231659.794,0.646903772
104.391907311,0.189,189,5,40.863,1262.076,72.231,1231660.754,0.00719742299999
104.08517033,0.22,220,2,23.283,676562.279,74.851,1231668.946,0
105.086194134,0.22,220,2,23.503,676578.663,75.071,1231686.242,1.001023804
104.75932205,2.62,2620,5,43.483,1263.004,75.291,1231695.362,0
106.900432592,0.189,189,5,43.672,1264.764,75.48,1231697.122,2.141110542
106.08689988,0.22,220,2,23.723,676595.047,75.669,1231706.146,0
106.993225049,0.189,189,5,43.861,1274.716,75.889,1231723.458,0.906325169
107.377244274,1.575,1575,5,45.436,1274.716,77.464,1231723.458,0.384019225
107.38038315,0.286,286,5,45.722,3029.852,77.75,1233478.594,0.00313887599999
107.41373837,0.189,189,5,45.911,3030.876,77.939,1233479.618,0.03335522
107.087724007,0.22,220,2,23.943,676611.431,80.278,1233487.81,0
107.784141408,2.339,2339,5,48.25,3030.876,80.498,1233496.002,0.696417401
108.088647868,0.22,220,2,24.163,676627.815,80.837,1233505.186,0.30450646
108.599356806,0.339,339,5,48.589,3033.756,81.057,1233515.266,0.510708938
109.452861711,0.189,189,5,48.778,3045.468,81.246,1233526.978,0.853504905
109.999227768,1.575,1575,5,50.353,3045.468,82.821,1233526.978,0.546366057
110.00165119,0.286,286,5,50.639,3801.18,83.107,1234282.69,0.00242342200001
109.089345722,0.22,220,2,24.383,676644.199,83.297,1234291.906,0
110.013144412,0.19,190,5,50.829,3802.204,83.517,1234300.098,0.92379869
110.136919369,0.286,286,5,51.115,3803.196,83.803,1236152.482,0.123774957
110.152952204,0.189,189,5,51.304,3804.156,83.992,1236153.442,0.016032835
110.090258617,0.22,220,2,24.603,676660.583,86.612,1236161.634,0
111.09146764,0.22,220,2,24.823,676676.967,86.832,1236179.33,1.001209023
110.41875011,2.62,2620,5,53.924,3805.084,87.052,1236188.45,0
112.092366008,0.22,220,2,25.043,676693.351,87.241,1236197.538,1.673615898
112.644328168,0.189,189,5,54.113,3814.812,87.461,1236214.562,0.55196216
113.171063027,1.575,1575,5,55.688,3814.812,89.036,1236214.562,0.526734859
113.173216513,0.286,286,5,55.974,6837.66,89.322,1239237.41,0.002153486
113.22394524,0.19,190,5,56.164,6839.708,89.512,1239239.458,0.050728727
113.093131119,0.22,220,2,25.263,676709.735,91.851,1239247.65,0
113.544526161,2.339,2339,5,58.503,6842.78,92.071,1239258.914,0.451395042
114.72796073,0.19,190,5,58.693,6845.324,92.261,1239261.458,1.183434569
114.093998409,0.22,220,2,25.483,676726.119,92.451,1239273.362,0
114.73283202,0.19,190,5,58.883,6858.044,92.671,1239282.37,0.638833611
115.596108139,1.575,1575,5,60.458,6858.044,94.246,1239282.37,0.863276119
115.598587854,0.286,286,5,60.744,7648.572,94.532,1240072.898,0.00247971500001
115.608296351,0.19,190,5,60.934,7649.596,94.722,1240073.922,0.00970849700001
115.735306427,0.286,286,5,61.22,11648.828,95.008,1244073.154,0.127010076
115.75629066,0.19,190,5,61.41,11649.34,95.198,1244073.666,0.020984233
115.094784682,0.22,220,2,25.703,676734.311,97.818,1244081.858,0
115.99559658,2.62,2620,5,64.03,11661.868,98.038,1244102.578,0.900811898
116.775726371,1.575,1575,5,65.605,11661.868,99.613,1244102.578,0.780129791
116.778643642,0.286,286,5,65.891,13011.5,99.899,1245452.21,0.002917271
116.796067505,401.0,262144,6,401.0,46106.592,501.089,1245456.786,0.017423863
116.797396376,140.152,138856,6,541.152,46106.592,641.241,1245456.786,0.001328871
116.787029485,0.19,190,5,66.081,13014.572,642.537,1245456.786,0
116.095715806,0.22,220,2,25.923,676750.695,642.651,1247891.346,0
116.977212957,0.114,114,5,66.195,13016.108,642.871,1247899.538,0.881497151
117.458671388,0.184,184,5,66.379,13017.116,643.055,1247900.546,0.481458431
117.464005097,1.775,1775,5,68.154,13019.164,644.83,1247902.594,0.005333709
117.471136591,2621.44,262144,5,2689.594,13019.164,3266.27,1247902.594,0.00713149400001
117.474423322,1572.864,262144,5,4262.458,13019.164,4839.134,1247902.594,0.003286731
117.477337868,1048.576,262144,5,5311.034,13019.164,5887.71,1247902.594,0.002914546
117.479830573,524.288,262144,5,5835.322,13019.164,6411.998,1247902.594,0.00249270499999
117.481748764,1048.576,262144,5,6883.898,13019.164,7460.574,1247902.594,0.001918191
117.484080904,524.288,262144,5,7408.186,13019.164,7984.862,1247902.594,0.00233213999999
117.485573762,524.288,262144,5,7932.474,13019.164,8509.15,1247902.594,0.00149285800001
117.487047413,524.288,262144,5,8456.762,13019.164,9033.438,1247902.594,0.001473651
117.48851855,524.288,262144,5,8981.05,13019.164,9557.726,1247902.594,0.001471137
117.489985217,524.288,262144,5,9505.338,13019.164,10082.014,1247902.594,0.001466667
117.491455446,524.288,262144,5,10029.626,13019.164,10606.302,1247902.594,0.00147022900001
117.492933706,524.288,262144,5,10553.914,13019.164,11130.59,1247902.594,0.00147826
117.494390037,524.288,262144,5,11078.202,13019.164,11654.878,1247902.594,0.001456331
117.495868786,524.288,262144,5,11602.49,13019.164,12179.166,1247902.594,0.001478749
117.497338875,524.288,262144,5,12126.778,13019.164,12703.454,1247902.594,0.00147008899999
117.498810291,524.288,262144,5,12651.066,13019.164,13227.742,1247902.594,0.001471416
117.500275003,524.288,262144,5,13175.354,13019.164,13752.03,1247902.594,0.001464712
117.501753752,524.288,262144,5,13699.642,13019.164,14276.318,1247902.594,0.001478749
117.503217835,524.288,262144,5,14223.93,13019.164,14800.606,1247902.594,0.001464083
117.504688134,524.288,262144,5,14748.218,13019.164,15324.894,1247902.594,0.001470299
117.506157036,524.288,262144,5,15272.506,13019.164,15849.182,1247902.594,0.001468902
117.507628731,524.288,262144,5,15796.794,13019.164,16373.47,1247902.594,0.00147169499999
117.509104128,524.288,262144,5,16321.082,13019.164,16897.758,1247902.594,0.00147539700001
117.510549145,524.288,262144,5,16845.37,13019.164,17422.046,1247902.594,0.00144501699999
117.512039558,524.288,262144,5,17369.658,13019.164,17946.334,1247902.594,0.001490413
117.513512091,524.288,262144,5,17893.946,13019.164,18470.622,1247902.594,0.001472533
117.515148612,786.432,262144,5,18680.378,13019.164,19257.054,1247902.594,0.00163652100001
117.517191749,524.288,262144,5,19204.666,13019.164,19781.342,1247902.594,0.002043137
117.519156315,524.288,262144,5,19728.954,13019.164,20305.63,1247902.594,0.001964566
117.521192467,524.288,262144,5,20253.242,13019.164,20829.918,1247902.594,0.002036152
117.523243915,524.288,262144,5,20777.53,13019.164,21354.206,1247902.594,0.00205144799999
117.52516476,524.288,262144,5,21301.818,13019.164,21878.494,1247902.594,0.001920845
117.527060602,524.288,262144,5,21826.106,13019.164,22402.782,1247902.594,0.00189584200001
117.528968875,524.288,262144,5,22350.394,13019.164,22927.07,1247902.594,0.001908273
117.531168526,524.288,262144,5,22874.682,13019.164,23451.358,1247902.594,0.002199651
117.533079454,524.288,262144,5,23398.97,13019.164,23975.646,1247902.594,0.001910928
117.535261994,524.288,262144,5,23923.258,13019.164,24499.934,1247902.594,0.00218253999999
117.53718675,524.288,262144,5,24447.546,13019.164,25024.222,1247902.594,0.00192475600001
117.539126242,524.288,262144,5,24971.834,13019.164,25548.51,1247902.594,0.00193949199999
117.541013563,524.288,262144,5,25496.122,13019.164,26072.798,1247902.594,0.00188732100001
117.543080586,524.288,262144,5,26020.41,13019.164,26597.086,1247902.594,0.002067023
117.545159901,524.288,262144,5,26544.698,13019.164,27121.374,1247902.594,0.002079315
117.546888333,524.288,262144,5,27068.986,13019.164,27645.662,1247902.594,0.00172843199999
117.548659787,524.288,262144,5,27593.274,13019.164,28169.95,1247902.594,0.00177145400001
117.550571552,524.288,262144,5,28117.562,13019.164,28694.238,1247902.594,0.00191176499999
117.551891273,524.288,262144,5,28641.85,13019.164,29218.526,1247902.594,0.001319721
117.553061185,524.288,262144,5,29166.138,13019.164,29742.814,1247902.594,0.00116991200001
117.554382163,524.288,262144,5,29690.426,13019.164,30267.102,1247902.594,0.001320978
117.555567718,524.288,262144,5,30214.714,13019.164,30791.39,1247902.594,0.00118555500001
117.557046189,524.288,262144,5,30739.002,13019.164,31315.678,1247902.594,0.001478471
117.558356481,524.288,262144,5,31263.29,13019.164,31839.966,1247902.594,0.001310292
117.559521224,524.288,262144,5,31787.578,13019.164,32364.254,1247902.594,0.00116474299999
117.560719281,524.288,262144,5,32311.866,13019.164,32888.542,1247902.594,0.00119805700001
117.562046405,524.288,262144,5,32836.154,13019.164,33412.83,1247902.594,0.001327124
117.563375276,524.288,262144,5,33360.442,13019.164,33937.118,1247902.594,0.001328871
117.564695835,524.288,262144,5,33884.73,13019.164,34461.406,1247902.594,0.00132055899999
117.566005778,524.288,262144,5,34409.018,13019.164,34985.694,1247902.594,0.00130994300001
117.567329619,524.288,262144,5,34933.306,13019.164,35509.982,1247902.594,0.001323841
117.56881235,524.288,262144,5,35457.594,13019.164,36034.27,1247902.594,0.001482731
117.570135423,524.288,262144,5,35981.882,13019.164,36558.558,1247902.594,0.00132307299999
117.571470439,524.288,262144,5,36506.17,13019.164,37082.846,1247902.594,0.001335016
117.572777868,524.288,262144,5,37030.458,13019.164,37607.134,1247902.594,0.00130742900001
117.573949106,524.288,262144,5,37554.746,13019.164,38131.422,1247902.594,0.001171238
117.575127189,524.288,262144,5,38079.034,13019.164,38655.71,1247902.594,0.001178083
117.576461716,524.288,262144,5,38603.322,13019.164,39179.998,1247902.594,0.001334527
117.577778713,524.288,262144,5,39127.61,13019.164,39704.286,1247902.594,0.001316997
117.57894618,524.288,262144,5,39651.898,13019.164,40228.574,1247902.594,0.001167467
117.58014766,524.288,262144,5,40176.186,13019.164,40752.862,1247902.594,0.00120147999999
117.581462422,524.288,262144,5,40700.474,13019.164,41277.15,1247902.594,0.00131476200001
117.582934537,524.288,262144,5,41224.762,13019.164,41801.438,1247902.594,0.001472115
117.584684131,524.288,262144,5,41749.05,13019.164,42325.726,1247902.594,0.001749594
117.586449159,524.288,262144,5,42273.338,13019.164,42850.014,1247902.594,0.00176502799999
117.588216214,524.288,262144,5,42797.626,13019.164,43374.302,1247902.594,0.001767055
117.589993814,524.288,262144,5,43321.914,13019.164,43898.59,1247902.594,0.0017776
117.591745853,524.288,262144,5,43846.202,13019.164,44422.878,1247902.594,0.00175203900001
117.593514164,524.288,262144,5,44370.49,13019.164,44947.166,1247902.594,0.00176831099999
117.595278564,524.288,262144,5,44894.778,13019.164,45471.454,1247902.594,0.0017644
117.596600939,524.288,262144,5,45419.066,13019.164,45995.742,1247902.594,0.001322375
117.5983608,524.288,262144,5,45943.354,13019.164,46520.03,1247902.594,0.001759861
117.600125689,524.288,262144,5,46467.642,13019.164,47044.318,1247902.594,0.001764889
117.601876401,524.288,262144,5,46991.93,13019.164,47568.606,1247902.594,0.001750712
117.603510198,524.288,262144,5,47516.218,13019.164,48092.894,1247902.594,0.001633797
117.605276204,524.288,262144,5,48040.506,13019.164,48617.182,1247902.594,0.00176600600001
117.606873056,524.288,262144,5,48564.794,13019.164,49141.47,1247902.594,0.00159685199999
117.60851265,524.288,262144,5,49089.082,13019.164,49665.758,1247902.594,0.001639594
117.610274745,524.288,262144,5,49613.37,13019.164,50190.046,1247902.594,0.001762095
117.612048714,524.288,262144,5,50137.658,13019.164,50714.334,1247902.594,0.001773969
117.6138018,524.288,262144,5,50661.946,13019.164,51238.622,1247902.594,0.00175308600001
117.615584149,524.288,262144,5,51186.234,13019.164,51762.91,1247902.594,0.001782349
117.617479712,1048.576,262144,5,52234.81,13019.164,52811.486,1247902.594,0.00189556300001
117.619842791,524.288,262144,5,52759.098,13019.164,53335.774,1247902.594,0.00236307899999
117.621154271,524.288,262144,5,53283.386,13019.164,53860.062,1247902.594,0.00131148
117.622489357,524.288,262144,5,53807.674,13019.164,54384.35,1247902.594,0.00133508600001
117.623804189,524.288,262144,5,54331.962,13019.164,54908.638,1247902.594,0.00131483199999
117.625124818,524.288,262144,5,54856.25,13019.164,55432.926,1247902.594,0.00132062900001
117.626301713,524.288,262144,5,55380.538,13019.164,55957.214,1247902.594,0.001176895
117.627633796,524.288,262144,5,55904.826,13019.164,56481.502,1247902.594,0.00133208299999
117.628957498,524.288,262144,5,56429.114,13019.164,57005.79,1247902.594,0.00132370200001
117.630280781,524.288,262144,5,56953.402,13019.164,57530.078,1247902.594,0.00132328299999
117.631751848,524.288,262144,5,57477.69,13019.164,58054.366,1247902.594,0.001471067
117.63307527,524.288,262144,5,58001.978,13019.164,58578.654,1247902.594,0.00132342200001
117.634416293,524.288,262144,5,58526.266,13019.164,59102.942,1247902.594,0.00134102299999
117.63571562,524.288,262144,5,59050.554,13019.164,59627.23,1247902.594,0.001299327
117.636896846,524.288,262144,5,59574.842,13019.164,60151.518,1247902.594,0.001181226
117.638212795,524.288,262144,5,60099.13,13019.164,60675.806,1247902.594,0.001315949
117.639696294,524.288,262144,5,60623.418,13019.164,61200.094,1247902.594,0.001483499
117.641006307,524.288,262144,5,61147.706,13019.164,61724.382,1247902.594,0.00131001299999
117.642480098,524.288,262144,5,61671.994,13019.164,62248.67,1247902.594,0.001473791
117.64395752,524.288,262144,5,62196.282,13019.164,62772.958,1247902.594,0.00147742200001
117.645426003,524.288,262144,5,62720.57,13019.164,63297.246,1247902.594,0.001468483
117.646754314,524.288,262144,5,63244.858,13019.164,63821.534,1247902.594,0.00132831100001
117.648227756,524.288,262144,5,63769.146,13019.164,64345.822,1247902.594,0.00147344199999
117.649707972,524.288,262144,5,64293.434,13019.164,64870.11,1247902.594,0.001480216
117.651298398,524.288,262144,5,64817.722,13019.164,65394.398,1247902.594,0.00159042599999
117.652934779,524.288,262144,5,65342.01,13019.164,65918.686,1247902.594,0.00163638100001
117.654545878,524.288,262144,5,65866.298,13019.164,66442.974,1247902.594,0.00161109899999
117.656178837,524.288,262144,5,66390.586,13019.164,66967.262,1247902.594,0.00163295900001
117.657772894,524.288,262144,5,66914.874,13019.164,67491.55,1247902.594,0.00159405700001
117.659260583,524.288,262144,5,67439.162,13019.164,68015.838,1247902.594,0.001487689
117.660720965,524.288,262144,5,67963.45,13019.164,68540.126,1247902.594,0.00146038199999
117.662498006,524.288,262144,5,68487.738,13019.164,69064.414,1247902.594,0.00177704100001
117.664108965,524.288,262144,5,69012.026,13019.164,69588.702,1247902.594,0.00161095899999
117.665557613,524.288,262144,5,69536.314,13019.164,70112.99,1247902.594,0.00144864800001
117.667199233,524.288,262144,5,70060.602,13019.164,70637.278,1247902.594,0.00164162
117.668817525,524.288,262144,5,70584.89,13019.164,71161.566,1247902.594,0.00161829199999
117.670423665,524.288,262144,5,71109.178,13019.164,71685.854,1247902.594,0.00160614000001
117.672044332,524.288,262144,5,71633.466,13019.164,72210.142,1247902.594,0.001620667
117.673665767,524.288,262144,5,72157.754,13019.164,72734.43,1247902.594,0.001621435
117.675146263,524.288,262144,5,72682.042,13019.164,73258.718,1247902.594,0.001480496
117.676901723,524.288,262144,5,73206.33,13019.164,73783.006,1247902.594,0.00175546
117.678502136,524.288,262144,5,73730.618,13019.164,74307.294,1247902.594,0.00160041300001
117.680132511,524.288,262144,5,74254.906,13019.164,74831.582,1247902.594,0.00163037499999
117.681606651,524.288,262144,5,74779.194,13019.164,75355.87,1247902.594,0.00147414
117.683077299,524.288,262144,5,75303.482,13019.164,75880.158,1247902.594,0.00147064800001
117.684559331,524.288,262144,5,75827.77,13019.164,76404.446,1247902.594,0.001482032
117.686457966,524.288,262144,5,76352.058,13019.164,76928.734,1247902.594,0.001898635
117.687803319,524.288,262144,5,76876.346,13019.164,77453.022,1247902.594,0.00134535299999
117.689267472,524.288,262144,5,77400.634,13019.164,77977.31,1247902.594,0.001464153
117.690582374,524.288,262144,5,77924.922,13019.164,78501.598,1247902.594,0.001314902
117.692046806,524.288,262144,5,78449.21,13019.164,79025.886,1247902.594,0.00146443199999
117.693526882,524.288,262144,5,78973.498,13019.164,79550.174,1247902.594,0.00148007600001
117.694845206,524.288,262144,5,79497.786,13019.164,80074.462,1247902.594,0.001318324
117.696170933,524.288,262144,5,80022.074,13019.164,80598.75,1247902.594,0.00132572700001
117.697634388,524.288,262144,5,80546.362,13019.164,81123.038,1247902.594,0.00146345499999
117.699106432,524.288,262144,5,81070.65,13019.164,81647.326,1247902.594,0.001472044
117.700428249,524.288,262144,5,81594.938,13019.164,82171.614,1247902.594,0.001321817
117.701759004,524.288,262144,5,82119.226,13019.164,82695.902,1247902.594,0.001330755
117.7032307,524.288,262144,5,82643.514,13019.164,83220.19,1247902.594,0.00147169600001
117.704543926,524.288,262144,5,83167.802,13019.164,83744.478,1247902.594,0.00131322599999
117.705867977,524.288,262144,5,83692.09,13019.164,84268.766,1247902.594,0.001324051
117.707194193,524.288,262144,5,84216.378,13019.164,84793.054,1247902.594,0.00132621600001
117.708680206,524.288,262144,5,84740.666,13019.164,85317.342,1247902.594,0.00148601299999
117.709973876,524.288,262144,5,85264.954,13019.164,85841.63,1247902.594,0.00129367000001
117.711162016,524.288,262144,5,85789.242,13019.164,86365.918,1247902.594,0.00118814
117.712500873,524.288,262144,5,86313.53,13019.164,86890.206,1247902.594,0.00133885699999
117.713961813,524.288,262144,5,86837.818,13019.164,87414.494,1247902.594,0.00146094
117.715439026,524.288,262144,5,87362.106,13019.164,87938.782,1247902.594,0.001477213
117.716750226,786.432,262144,5,88148.538,13019.164,88725.214,1247902.594,0.0013112
117.718075884,524.288,262144,5,88672.826,13019.164,89249.502,1247902.594,0.001325658
117.7196925,524.288,262144,5,89197.114,13019.164,89773.79,1247902.594,0.00161661599999
117.721321967,524.288,262144,5,89721.402,13019.164,90298.078,1247902.594,0.001629467
117.72291379,524.288,262144,5,90245.69,13019.164,90822.366,1247902.594,0.00159182300001
117.724408253,524.288,262144,5,90769.978,13019.164,91346.654,1247902.594,0.00149446299999
117.7260116,524.288,262144,5,91294.266,13019.164,91870.942,1247902.594,0.00160334700001
117.727640997,524.288,262144,5,91818.554,13019.164,92395.23,1247902.594,0.00162939699999
117.728962813,524.288,262144,5,92342.842,13019.164,92919.518,1247902.594,0.001321816
117.730582921,524.288,262144,5,92867.13,13019.164,93443.806,1247902.594,0.00162010800001
117.731893842,524.288,262144,5,93391.418,13019.164,93968.094,1247902.594,0.001310921
117.733527569,524.288,262144,5,93915.706,13019.164,94492.382,1247902.594,0.001633727
117.734987671,524.288,262144,5,94439.994,13019.164,95016.67,1247902.594,0.001460102
117.736619234,524.288,262144,5,94964.282,13019.164,95540.958,1247902.594,0.001631563
117.738074027,524.288,262144,5,95488.57,13019.164,96065.246,1247902.594,0.00145479299999
117.739691971,524.288,262144,5,96012.858,13019.164,96589.534,1247902.594,0.001617944
117.741172606,524.288,262144,5,96537.146,13019.164,97113.822,1247902.594,0.00148063500001
117.742643882,524.288,262144,5,97061.434,13019.164,97638.11,1247902.594,0.00147127599999
117.744111038,524.288,262144,5,97585.722,13019.164,98162.398,1247902.594,0.001467156
117.745584759,524.288,262144,5,98110.01,13019.164,98686.686,1247902.594,0.001473721
117.747056804,524.288,262144,5,98634.298,13019.164,99210.974,1247902.594,0.001472045
117.748662176,524.288,262144,5,99158.586,13019.164,99735.262,1247902.594,0.001605372
117.75014302,524.288,262144,5,99682.874,13019.164,100259.55,1247902.594,0.001480844
117.751743992,524.288,262144,5,100207.162,13019.164,100783.838,1247902.594,0.00160097200001
117.753512513,524.288,262144,5,100731.45,13019.164,101308.126,1247902.594,0.001768521
117.755442298,524.288,262144,5,101255.738,13019.164,101832.414,1247902.594,0.001929785
117.756757898,524.288,262144,5,101780.026,13019.164,102356.702,1247902.594,0.0013156
117.758366692,524.288,262144,5,102304.314,13019.164,102880.99,1247902.594,0.00160879399999
117.759989105,524.288,262144,5,102828.602,13019.164,103405.278,1247902.594,0.00162241300001
117.761760559,524.288,262144,5,103352.89,13019.164,103929.566,1247902.594,0.00177145399999
117.763359785,524.288,262144,5,103877.178,13019.164,104453.854,1247902.594,0.00159922600001
117.764838604,524.288,262144,5,104401.466,13019.164,104978.142,1247902.594,0.001478819
117.766327411,524.288,262144,5,104925.754,13019.164,105502.43,1247902.594,0.001488807
117.767945983,524.288,262144,5,105450.042,13019.164,106026.718,1247902.594,0.001618572
117.769550307,524.288,262144,5,105974.33,13019.164,106551.006,1247902.594,0.001604324
117.771170974,524.288,262144,5,106498.618,13019.164,107075.294,1247902.594,0.001620667
117.772789545,524.288,262144,5,107022.906,13019.164,107599.582,1247902.594,0.00161857099999
117.774260263,524.288,262144,5,107547.194,13019.164,108123.87,1247902.594,0.00147071800001
117.775875273,524.288,262144,5,108071.482,13019.164,108648.158,1247902.594,0.00161500999999
117.77734627,524.288,262144,5,108595.77,13019.164,109172.446,1247902.594,0.001470997
117.77882928,524.288,262144,5,109120.058,13019.164,109696.734,1247902.594,0.00148301
117.780291687,524.288,262144,5,109644.346,13019.164,110221.022,1247902.594,0.00146240700001
117.78162328,524.288,262144,5,110168.634,13019.164,110745.31,1247902.594,0.001331593
117.783233192,524.288,262144,5,110692.922,13019.164,111269.598,1247902.594,0.00160991199999
117.785005624,524.288,262144,5,111217.21,13019.164,111793.886,1247902.594,0.001772432
117.786765485,524.288,262144,5,111741.498,13019.164,112318.174,1247902.594,0.00175986100001
117.788662234,524.288,262144,5,112265.786,13019.164,112842.462,1247902.594,0.001896749
117.790136444,524.288,262144,5,112790.074,13019.164,113366.75,1247902.594,0.00147421
117.792623003,524.288,262144,5,113314.362,13019.164,113891.038,1247902.594,0.002486559
117.794114673,524.288,262144,5,113838.65,13019.164,114415.326,1247902.594,0.00149166999999
117.795410788,524.288,262144,5,114362.938,13019.164,114939.614,1247902.594,0.001296115
117.796750483,524.288,262144,5,114887.226,13019.164,115463.902,1247902.594,0.001339695
117.797922839,524.288,262144,5,115411.514,13019.164,115988.19,1247902.594,0.001172356
117.799402287,524.288,262144,5,115935.802,13019.164,116512.478,1247902.594,0.00147944800001
117.801898694,524.288,262144,5,116460.09,13019.164,117036.766,1247902.594,0.002496407
117.803213875,524.288,262144,5,116984.378,13019.164,117561.054,1247902.594,0.001315181
117.804385323,524.288,262144,5,117508.666,13019.164,118085.342,1247902.594,0.00117144800001
117.806898212,524.288,262144,5,118032.954,13019.164,118609.63,1247902.594,0.00251288899999
117.808069032,524.288,262144,5,118557.242,13019.164,119133.918,1247902.594,0.00117082000001
117.809399648,524.288,262144,5,119081.53,13019.164,119658.206,1247902.594,0.00133061599999
117.81071874,524.288,262144,5,119605.818,13019.164,120182.494,1247902.594,0.001319092
117.812028055,524.288,262144,5,120130.106,13019.164,120706.782,1247902.594,0.001309315
117.814545274,524.288,262144,5,120654.394,13019.164,121231.07,1247902.594,0.002517219
117.815725173,524.288,262144,5,121178.682,13019.164,121755.358,1247902.594,0.00117989900001
117.817184087,524.288,262144,5,121702.97,13019.164,122279.646,1247902.594,0.001458914
117.818667516,524.288,262144,5,122227.258,13019.164,122803.934,1247902.594,0.001483429
117.820271212,524.288,262144,5,122751.546,13019.164,123328.222,1247902.594,0.00160369599999
117.821460888,524.288,262144,5,123275.834,13019.164,123852.51,1247902.594,0.00118967600001
117.823059835,524.288,262144,5,123800.122,13019.164,124376.798,1247902.594,0.00159894699999
117.824544521,524.288,262144,5,124324.41,13019.164,124901.086,1247902.594,0.00148468600001
117.826008813,524.288,262144,5,124848.698,13019.164,125425.374,1247902.594,0.00146429199999
117.827485677,524.288,262144,5,125372.986,13019.164,125949.662,1247902.594,0.001476864
117.828814407,524.288,262144,5,125897.274,13019.164,126473.95,1247902.594,0.00132873
117.830276884,524.288,262144,5,126421.562,13019.164,126998.238,1247902.594,0.001462477
117.831756541,524.288,262144,5,126945.85,13019.164,127522.526,1247902.594,0.001479657
117.833219157,524.288,262144,5,127470.138,13019.164,128046.814,1247902.594,0.001462616
117.834695323,524.288,262144,5,127994.426,13019.164,128571.102,1247902.594,0.001476166
117.836160802,524.288,262144,5,128518.714,13019.164,129095.39,1247902.594,0.00146547899999
117.837636758,524.288,262144,5,129043.002,13019.164,129619.678,1247902.594,0.00147595600001
117.839100981,524.288,262144,5,129567.29,13019.164,130143.966,1247902.594,0.001464223
117.840575749,524.288,262144,5,130091.578,13019.164,130668.254,1247902.594,0.00147476799999
117.842042416,524.288,262144,5,130615.866,13019.164,131192.542,1247902.594,0.001466667
117.843520397,524.288,262144,5,131140.154,13019.164,131716.83,1247902.594,0.00147798100001
117.844986715,524.288,262144,5,131664.442,13019.164,132241.118,1247902.594,0.001466318
117.84644109,524.288,262144,5,132188.73,13019.164,132765.406,1247902.594,0.00145437499999
117.847912506,524.288,262144,5,132713.018,13019.164,133289.694,1247902.594,0.001471416
117.849399497,524.288,262144,5,133237.306,13019.164,133813.982,1247902.594,0.00148699099999
117.850860158,524.288,262144,5,133761.594,13019.164,134338.27,1247902.594,0.00146066100001
117.852784075,524.288,262144,5,134285.882,13019.164,134862.558,1247902.594,0.001923917
117.854540514,524.288,262144,5,134810.17,13019.164,135386.846,1247902.594,0.001756439
117.856155454,524.288,262144,5,135334.458,13019.164,135911.134,1247902.594,0.00161494
117.857766343,524.288,262144,5,135858.746,13019.164,136435.422,1247902.594,0.00161088899999
117.859407962,524.288,262144,5,136383.034,13019.164,136959.71,1247902.594,0.00164161900001
117.861162655,524.288,262144,5,136907.322,13019.164,137483.998,1247902.594,0.001754693
117.862340179,524.288,262144,5,137431.61,13019.164,138008.286,1247902.594,0.001177524
117.863809849,524.288,262144,5,137955.898,13019.164,138532.574,1247902.594,0.00146967000001
117.865293557,524.288,262144,5,138480.186,13019.164,139056.862,1247902.594,0.00148370799999
117.866367786,36930.224,262144,5,175410.41,13020.14,175987.086,1247903.57,0.001074229
118.014768641,0.184,184,5,175410.594,13021.996,175987.27,1247905.426,0.148400855
117.096820136,0.22,220,2,26.143,676767.079,175987.46,1247914.498,0
118.024059836,0.19,190,5,175410.784,13031.884,175987.68,1247931.698,0.9272397
118.539464414,1.575,1575,5,175412.359,13031.884,175989.255,1247931.698,0.515404578
118.543679335,0.286,286,5,175412.645,15182.284,175989.541,1250082.098,0.004214921
118.601666248,2.513,2513,5,175415.158,16740.812,175992.054,1251640.626,0.057986913
118.618161572,0.19,190,5,175415.348,16741.836,175992.244,1251641.65,0.016495324
118.098376829,0.22,220,2,26.363,676783.463,175994.626,1251649.842,0
119.099459299,0.22,220,2,26.583,676799.847,175994.846,1251666.226,1.00108247
118.969650962,2.382,2382,5,175417.73,16743.788,175995.066,1251676.37,0
120.43056125,0.19,190,5,175417.92,16745.612,175995.256,1251678.194,1.460910288
120.434320107,0.19,190,5,175418.11,16747.308,175995.446,1251679.89,0.00375885700001
120.439796572,0.19,190,5,175418.3,16757.724,175995.636,1251690.306,0.005476465
120.661324673,1.575,1575,5,175419.875,16757.724,175997.211,1251690.306,0.221528101
120.663141524,0.286,286,5,175420.161,17708.988,175997.497,1252641.57,0.001816851
120.676538549,0.19,190,5,175420.351,17709.948,175997.687,1252642.53,0.013397025
120.801262649,0.286,286,5,175420.637,21348.124,175997.973,1256280.706,0.1247241
120.852556533,0.19,190,5,175420.827,21349.02,175998.163,1256281.602,0.051293884
120.100122791,0.22,220,2,26.803,676816.231,176000.783,1256289.794,0
121.100988893,0.22,220,2,27.023,676832.615,176001.003,1256306.178,1.000866102
122.101804709,0.22,220,2,27.243,676848.999,176001.223,1256323.394,1.000815816
121.075310418,2.62,2620,5,175423.447,21349.884,176001.443,1256332.45,0
123.237424678,0.19,190,5,175423.637,21359.836,176001.633,1256342.402,2.16211426
123.741618263,1.575,1575,5,175425.212,21359.836,176003.208,1256342.402,0.504193585
123.743634022,0.286,286,5,175425.498,27047.132,176003.494,1262029.698,0.00201575899999
123.102567725,0.22,220,2,27.463,676865.383,176003.684,1262038.914,0
123.824705575,0.19,190,5,175425.688,27048.156,176003.904,1262047.106,0.72213785
124.103464347,0.22,220,2,27.683,676881.767,176006.243,1262055.298,0.278758772
124.128904384,2.339,2339,5,175428.027,27049.148,176006.463,1262064.482,0.025440037
125.445921303,0.19,190,5,175428.217,27051.036,176006.653,1262066.37,1.317016919
125.10436516,0.22,220,2,27.903,676898.151,176006.843,1262076.322,0
125.450964124,0.19,190,5,175428.407,27061.788,176007.063,1262093.506,0.346598964
126.217589474,1.575,1575,5,175429.982,27061.788,176008.638,1262093.506,0.76662535
126.219375595,0.286,286,5,175430.268,28096.028,176008.924,1263127.746,0.00178612100001
126.231689242,0.19,190,5,175430.458,28099.1,176009.114,1263130.818,0.012313647
126.337177447,0.286,286,5,175430.744,32966.684,176009.4,1267998.402,0.105488205
126.408688007,0.19,190,5,175430.934,32967.692,176009.59,1267999.41,0.07151056
126.105140817,0.22,220,2,28.123,676914.535,176012.253,1268007.602,0
126.635835258,2.663,2663,5,175433.597,32977.916,176012.473,1268026.018,0.530694441
127.352494199,1.575,1575,5,175435.172,32977.916,176014.048,1268026.018,0.716658941
127.355439406,0.286,286,5,175435.458,34488.316,176014.334,1269536.418,0.002945207
127.366581955,0.19,190,5,175435.648,34489.852,176014.524,1269537.954,0.011142549
127.514284257,0.114,114,5,175435.762,34490.86,176014.638,1271259.282,0.147702302
127.931837983,0.185,185,5,175435.947,34491.836,176014.823,1271260.258,0.417553726
127.934636314,1.775,1775,5,175437.722,34493.356,176016.598,1271261.778,0.00279833100001
127.937743483,8126.464,262144,5,183564.186,34493.356,184143.062,1271261.778,0.003107169
127.950992165,786.432,262144,5,184350.618,34493.356,184929.494,1271261.778,0.013248682
127.952462184,786.432,262144,5,185137.05,34493.356,185715.926,1271261.778,0.001470019
127.954081524,524.288,262144,5,185661.338,34493.356,186240.214,1271261.778,0.00161934
127.955541836,524.288,262144,5,186185.626,34493.356,186764.502,1271261.778,0.00146031199999
127.957029525,524.288,262144,5,186709.914,34493.356,187288.79,1271261.778,0.001487689
127.958639157,524.288,262144,5,187234.202,34493.356,187813.078,1271261.778,0.001609632
127.960109595,524.288,262144,5,187758.49,34493.356,188337.366,1271261.778,0.00147043800001
127.96157277,524.288,262144,5,188282.778,34493.356,188861.654,1271261.778,0.001463175
127.963044605,786.432,262144,5,189069.21,34493.356,189648.086,1271261.778,0.00147183499999
127.965116796,786.432,262144,5,189855.642,34493.356,190434.518,1271261.778,0.00207219100001
127.967168803,524.288,262144,5,190379.93,34493.356,190958.806,1271261.778,0.002052007
127.96922507,524.288,262144,5,190904.218,34493.356,191483.094,1271261.778,0.00205626699999
127.971133204,524.288,262144,5,191428.506,34493.356,192007.382,1271261.778,0.001908134
127.973187864,786.432,262144,5,192214.938,34493.356,192793.814,1271261.778,0.00205466
127.975709903,786.432,262144,5,193001.37,34493.356,193580.246,1271261.778,0.002522039
127.978197231,786.432,262144,5,193787.802,34493.356,194366.678,1271261.778,0.002487328
127.980695383,786.432,262144,5,194574.234,34493.356,195153.11,1271261.778,0.002498152
127.983487498,786.432,262144,5,195360.666,34493.356,195939.542,1271261.778,0.00279211500001
127.986133575,786.432,262144,5,196147.098,34493.356,196725.974,1271261.778,0.00264607699999
127.988930579,786.432,262144,5,196933.53,34493.356,197512.406,1271261.778,0.002797004
127.991584128,786.432,262144,5,197719.962,34493.356,198298.838,1271261.778,0.002653549
127.994378478,786.432,262144,5,198506.394,34493.356,199085.27,1271261.778,0.00279435
127.997159768,786.432,262144,5,199292.826,34493.356,199871.702,1271261.778,0.00278129
127.999963895,786.432,262144,5,200079.258,34493.356,200658.134,1271261.778,0.00280412699999
128.002755451,786.432,262144,5,200865.69,34493.356,201444.566,1271261.778,0.00279155600002
128.005549731,786.432,262144,5,201652.122,34493.356,202230.998,1271261.778,0.00279427999999
128.008196087,786.432,262144,5,202438.554,34493.356,203017.43,1271261.778,0.00264635599999
128.010999866,786.432,262144,5,203224.986,34493.356,203803.862,1271261.778,0.002803779
128.013781853,786.432,262144,5,204011.418,34493.356,204590.294,1271261.778,0.00278198700002
128.016585422,786.432,262144,5,204797.85,34493.356,205376.726,1271261.778,0.00280356899998
128.019232407,786.432,262144,5,205584.282,34493.356,206163.158,1271261.778,0.00264698500001
128.022012998,786.432,262144,5,206370.714,34493.356,206949.59,1271261.778,0.002780591
128.024828998,786.432,262144,5,207157.146,34493.356,207736.022,1271261.778,0.002816
128.027611475,786.432,262144,5,207943.578,34493.356,208522.454,1271261.778,0.00278247699998
128.030403869,786.432,262144,5,208730.01,34493.356,209308.886,1271261.778,0.00279239400001
128.033051762,786.432,262144,5,209516.442,34493.356,210095.318,1271261.778,0.00264789300002
128.035842829,786.432,262144,5,210302.874,34493.356,210881.75,1271261.778,0.00279106699998
128.038633477,786.432,262144,5,211089.306,34493.356,211668.182,1271261.778,0.002790648
128.041443402,786.432,262144,5,211875.738,34493.356,212454.614,1271261.778,0.00280992500001
128.044233631,786.432,262144,5,212662.17,34493.356,213241.046,1271261.778,0.002790229
128.04697525,786.432,262144,5,213448.602,34493.356,214027.478,1271261.778,0.00274161900001
128.049628032,786.432,262144,5,214235.034,34493.356,214813.91,1271261.778,0.00265278199998
128.052422871,786.432,262144,5,215021.466,34493.356,215600.342,1271261.778,0.00279483900002
128.055214846,786.432,262144,5,215807.898,34493.356,216386.774,1271261.778,0.00279197500001
128.058007589,786.432,262144,5,216594.33,34493.356,217173.206,1271261.778,0.00279274299999
128.060814999,786.432,262144,5,217380.762,34493.356,217959.638,1271261.778,0.00280741
128.06404886,786.432,262144,5,218167.194,34493.356,218746.07,1271261.778,0.00323386100001
128.066824842,786.432,262144,5,218953.626,34493.356,219532.502,1271261.778,0.00277598199997
128.069634207,786.432,262144,5,219740.058,34493.356,220318.934,1271261.778,0.00280936500002
128.072427509,786.432,262144,5,220526.49,34493.356,221105.366,1271261.778,0.00279330199999
128.075663116,786.432,262144,5,221312.922,34493.356,221891.798,1271261.778,0.00323560699999
128.078443707,786.432,262144,5,222099.354,34493.356,222678.23,1271261.778,0.002780591
128.081248673,786.432,262144,5,222885.786,34493.356,223464.662,1271261.778,0.00280496600001
128.084490426,786.432,262144,5,223672.218,34493.356,224251.094,1271261.778,0.003241753
128.087277722,786.432,262144,5,224458.65,34493.356,225037.526,1271261.778,0.00278729600001
128.09007696,786.432,262144,5,225245.082,34493.356,225823.958,1271261.778,0.00279923799999
128.093289939,786.432,262144,5,226031.514,34493.356,226610.39,1271261.778,0.00321297899998
128.096099793,786.432,262144,5,226817.946,34493.356,227396.822,1271261.778,0.00280985400002
128.098891489,786.432,262144,5,227604.378,34493.356,228183.254,1271261.778,0.002791696
128.101700925,786.432,262144,5,228390.81,34493.356,228969.686,1271261.778,0.00280943599998
127.106007408,0.22,220,2,28.343,676930.919,229756.118,1271269.97,0
128.104904614,786.432,262144,5,229177.242,34493.356,229756.338,1271269.97,0.998897206
128.107739751,786.432,262144,5,229963.674,34493.356,230542.77,1271278.162,0.00283513700001
128.110521879,786.432,262144,5,230750.106,34493.356,231329.202,1271278.162,0.00278212800001
128.113321187,786.432,262144,5,231536.538,34493.356,232115.634,1271278.162,0.00279930799999
128.116549531,786.432,262144,5,232322.97,34493.356,232902.066,1271278.162,0.00322834400001
128.119347442,786.432,262144,5,233109.402,34493.356,233688.498,1271278.162,0.00279791099999
128.122726084,786.432,262144,5,233895.834,34493.356,234474.93,1271278.162,0.003378642
128.125964206,786.432,262144,5,234682.266,34493.356,235261.362,1271278.162,0.003238122
128.128755343,786.432,262144,5,235468.698,34493.356,236047.794,1271278.162,0.002791137
128.132140689,786.432,262144,5,236255.13,34493.356,236834.226,1271278.162,0.00338534600002
128.135375249,786.432,262144,5,237041.562,34493.356,237620.658,1271278.162,0.00323455999998
128.138171345,786.432,262144,5,237827.994,34493.356,238407.09,1271278.162,0.002796096
128.141541326,786.432,262144,5,238614.426,34493.356,239193.522,1271278.162,0.00336998100002
128.144783428,786.432,262144,5,239400.858,34493.356,239979.954,1271278.162,0.003242102
128.147584413,786.432,262144,5,240187.29,34493.356,240766.386,1271278.162,0.00280098499999
128.150828541,337.616,262144,5,240524.906,34494.3,241104.002,1271279.106,0.00324412800001
128.278591436,0.185,185,5,240525.091,34496.092,241104.187,1271280.898,0.127762895
128.513922409,0.19,190,5,240525.281,34496.94,241104.377,1271281.746,0.235330973
128.107012773,0.22,220,2,28.563,676947.303,241104.716,1271290.754,0
128.59907374,0.339,339,5,240525.62,34506.54,241104.936,1271307.73,0.492060967
129.311173582,1.575,1575,5,240527.195,34506.54,241106.511,1271307.73,0.712099842
129.312960541,0.286,286,5,240527.481,39537.452,241106.797,1276338.642,0.00178695899999
129.400134476,0.19,190,5,240527.671,39538.444,241106.987,1276339.634,0.087173935
129.10958391,0.22,220,2,28.783,676963.687,241109.326,1276347.826,0
129.812652366,2.339,2339,5,240530.01,39540.332,241109.546,1276357.906,0.703068456
130.788331047,0.19,190,5,240530.2,39542.092,241109.736,1276359.666,0.975678681
130.792820026,0.19,190,5,240530.39,39543.724,241109.926,1276361.298,0.00448897899997
130.11043786,0.22,220,2,29.003,676980.071,241110.116,1276370.258,0
130.79746042,0.19,190,5,240530.58,39553.34,241110.336,1276387.298,0.68702256
131.455990531,1.575,1575,5,240532.155,39553.34,241111.911,1276387.298,0.658530111
131.459044341,0.286,286,5,240532.441,40389.916,241112.197,1277223.874,0.00305381000001
131.474232096,0.19,190,5,240532.631,40390.876,241112.387,1277224.834,0.015187755
131.616831236,0.286,286,5,240532.917,40391.804,241112.673,1283402.53,0.14259914
131.656426494,0.19,190,5,240533.107,40392.7,241112.863,1283403.426,0.039595258
131.1113224,0.22,220,2,29.223,676996.455,241115.483,1283411.618,0
131.924999404,2.62,2620,5,240535.727,40401.532,241115.703,1283428.642,0.813677004
132.504356388,1.575,1575,5,240537.302,40401.532,241117.278,1283428.642,0.579356984
132.506168769,0.286,286,5,240537.588,41441.916,241117.564,1284469.026,0.00181238100001
132.516995356,0.19,190,5,240537.778,41446.012,241117.754,1284473.122,0.010826587
132.112677041,0.22,220,2,29.443,677012.839,241117.868,1286695.202,0
132.697136001,0.114,114,5,240537.892,41448.06,241118.089,1286703.394,0.58445896
133.148293721,0.185,185,5,240538.077,41449.084,241118.274,1286704.418,0.45115772
133.150180903,1.775,1775,5,240539.852,41450.54,241120.049,1286705.874,0.00188718200002
133.152493627,1310.72,262144,5,241850.572,41450.54,242430.769,1286705.874,0.00231272400001
133.155656599,786.432,262144,5,242637.004,41450.54,243217.201,1286705.874,0.00316297199998
133.159039152,786.432,262144,5,243423.436,41450.54,244003.633,1286705.874,0.00338255299999
133.162278949,786.432,262144,5,244209.868,41450.54,244790.065,1286705.874,0.00323979700002
133.165654588,786.432,262144,5,244996.3,41450.54,245576.497,1286705.874,0.00337563899998
133.169006341,786.432,262144,5,245782.732,41450.54,246362.929,1286705.874,0.003351753
133.17239497,786.432,262144,5,246569.164,41450.54,247149.361,1286705.874,0.003388629
133.177396724,786.432,262144,5,247355.596,41450.54,247935.793,1286705.874,0.00500175400001
133.181065766,786.432,262144,5,248142.028,41450.54,248722.225,1286705.874,0.00366904199998
133.183882325,786.432,262144,5,248928.46,41450.54,249508.657,1286705.874,0.00281655900002
133.187956167,786.432,262144,5,249714.892,41450.54,250295.089,1286705.874,0.004073842
133.191798974,786.432,262144,5,250501.324,41450.54,251081.521,1286705.874,0.00384280699998
133.195478981,786.432,262144,5,251287.756,41450.54,251867.953,1286705.874,0.00368000700001
133.199137757,786.432,262144,5,252074.188,41450.54,252654.385,1286705.874,0.00365877599998
133.202971415,786.432,262144,5,252860.62,41450.54,253440.817,1286705.874,0.00383365800002
133.206660711,786.432,262144,5,253647.052,41450.54,254227.249,1286705.874,0.003689296
133.2110656,786.432,262144,5,254433.484,41450.54,255013.681,1286705.874,0.004404889
133.214593563,786.432,262144,5,255219.916,41450.54,255800.113,1286705.874,0.00352796299998
133.218707983,786.432,262144,5,256006.348,41450.54,256586.545,1286705.874,0.00411442000001
133.222988415,786.432,262144,5,256792.78,41450.54,257372.977,1286705.874,0.004280432
133.22781361,786.432,262144,5,257579.212,41450.54,258159.409,1286705.874,0.004825195
133.231952754,786.432,262144,5,258365.644,41450.54,258945.841,1286705.874,0.00413914399999
133.236078139,786.432,262144,5,259152.076,41450.54,259732.273,1286705.874,0.00412538500001
133.240195422,786.432,262144,5,259938.508,41450.54,260518.705,1286705.874,0.004117283
133.244303416,786.432,262144,5,260724.94,41450.54,261305.137,1286705.874,0.00410799400001
133.248422097,786.432,262144,5,261511.372,41450.54,262091.569,1286705.874,0.00411868099999
133.252673685,786.432,262144,5,262297.804,41450.54,262878.001,1286705.874,0.00425158799999
133.256951463,786.432,262144,5,263084.236,41450.54,263664.433,1286705.874,0.00427777800002
133.261223585,786.432,262144,5,263870.668,41450.54,264450.865,1286705.874,0.004272122
133.26547217,786.432,262144,5,264657.1,41450.54,265237.297,1286705.874,0.004248585
133.269746736,786.432,262144,5,265443.532,41450.54,266023.729,1286705.874,0.00427456599999
133.27402193,786.432,262144,5,266229.964,41450.54,266810.161,1286705.874,0.004275194
133.27825976,786.432,262144,5,267016.396,41450.54,267596.593,1286705.874,0.00423782999999
133.28284463,786.432,262144,5,267802.828,41450.54,268383.025,1286705.874,0.00458487
133.287392555,786.432,262144,5,268589.26,41450.54,269169.457,1286705.874,0.004547925
133.29284248,786.432,262144,5,269375.692,41450.54,269955.889,1286705.874,0.00544992499999
133.297394735,786.432,262144,5,270162.124,41450.54,270742.321,1286705.874,0.00455225500002
133.302107206,786.432,262144,5,270948.556,41450.54,271528.753,1286705.874,0.00471247099998
133.306659321,786.432,262144,5,271734.988,41450.54,272315.185,1286705.874,0.00455211500002
133.311223518,786.432,262144,5,272521.42,41450.54,273101.617,1286705.874,0.00456419699998
133.316209907,786.432,262144,5,273307.852,41450.54,273888.049,1286705.874,0.00498638900001
133.321075539,786.432,262144,5,274094.284,41450.54,274674.481,1286705.874,0.00486563199999
133.326227102,786.432,262144,5,274880.716,41450.54,275460.913,1286705.874,0.005151563
133.331364487,786.432,262144,5,275667.148,41450.54,276247.345,1286705.874,0.00513738500001
133.336216571,786.432,262144,5,276453.58,41450.54,277033.777,1286705.874,0.00485208399999
133.341212388,786.432,262144,5,277240.012,41450.54,277820.209,1286705.874,0.00499581700001
133.346227481,786.432,262144,5,278026.444,41450.54,278606.641,1286705.874,0.005015093
133.351226929,786.432,262144,5,278812.876,41450.54,279393.073,1286705.874,0.00499944800001
133.356066372,786.432,262144,5,279599.308,41450.54,280179.505,1286705.874,0.00483944299998
133.36108356,786.432,262144,5,280385.74,41450.54,280965.937,1286705.874,0.00501718800001
133.366226602,786.432,262144,5,281172.172,41450.54,281752.369,1286705.874,0.00514304200001
133.37137586,786.432,262144,5,281958.604,41450.54,282538.801,1286705.874,0.00514925799999
133.376675836,786.432,262144,5,282745.036,41450.54,283325.233,1286705.874,0.005299976
133.382690917,786.432,262144,5,283531.468,41450.54,284111.665,1286705.874,0.00601508099999
133.388715496,786.432,262144,5,284317.9,41450.54,284898.097,1286705.874,0.00602457900001
133.394605909,786.432,262144,5,285104.332,41450.54,285684.529,1286705.874,0.005890413
133.400785327,786.432,262144,5,285890.764,41450.54,286470.961,1286705.874,0.00617941799999
133.406522159,786.432,262144,5,286677.196,41450.54,287257.393,1286705.874,0.005736832
133.412691659,786.432,262144,5,287463.628,41450.54,288043.825,1286705.874,0.0061695
133.419459,786.432,262144,5,288250.06,41450.54,288830.257,1286705.874,0.006767341
133.427101452,786.432,262144,5,289036.492,41450.54,289616.689,1286705.874,0.007642452
133.435040241,786.432,262144,5,289822.924,41450.54,290403.121,1286705.874,0.00793878900001
133.442699944,786.432,262144,5,290609.356,41450.54,291189.553,1286705.874,0.007659703
133.450044524,786.432,262144,5,291395.788,41450.54,291975.985,1286705.874,0.00734457999999
133.456518811,786.432,262144,5,292182.22,41450.54,292762.417,1286705.874,0.006474287
133.46255198,786.432,262144,5,292968.652,41450.54,293548.849,1286705.874,0.00603316900001
133.468884349,786.432,262144,5,293755.084,41450.54,294335.281,1286705.874,0.00633236900001
133.475052662,786.432,262144,5,294541.516,41450.54,295121.713,1286705.874,0.00616831299999
133.480807514,786.432,262144,5,295327.948,41450.54,295908.145,1286705.874,0.005754852
133.487410029,786.432,262144,5,296114.38,41450.54,296694.577,1286705.874,0.006602515
133.493425389,786.432,262144,5,296900.812,41450.54,297481.009,1286705.874,0.00601536000002
133.499032527,786.432,262144,5,297687.244,41450.54,298267.441,1286705.874,0.00560713799999
133.50476482,786.432,262144,5,298473.676,41450.54,299053.873,1286705.874,0.00573229299999
133.51064825,712.803,262144,5,299186.479,41450.54,299766.676,1286705.874,0.00588343000001
133.517535299,188.515,188515,5,299374.994,41451.532,299955.191,1286706.866,0.006887049
133.610195965,0.185,185,5,299375.179,41453.42,299955.376,1286708.754,0.092660666
133.114821169,0.221,221,2,29.664,677029.223,299955.566,1286717.842,0
133.697460274,0.19,190,5,299375.369,41463.148,299955.787,1286734.866,0.582639105
134.171185808,1.575,1575,5,299376.944,41463.148,299957.362,1286734.866,0.473725534
134.173560552,0.286,286,5,299377.23,49761.644,299957.648,1295033.362,0.00237474400001
134.292073248,0.19,190,5,299377.42,49765.74,299957.838,1295037.458,0.118512696
134.115734204,0.221,221,2,29.885,677045.607,299960.177,1295045.65,0
134.602909284,2.339,2339,5,299379.759,49768.812,299960.398,1295056.914,0.48717508
135.302660768,0.19,190,5,299379.949,49770.764,299960.588,1295058.866,0.699751484
135.307145346,0.19,190,5,299380.139,49772.588,299960.778,1295060.69,0.00448457799999
135.313120827,0.19,190,5,299380.329,49782.444,299960.968,1295070.546,0.00597548100001
136.001156715,1.575,1575,5,299381.904,49782.444,299962.543,1295070.546,0.688035888
136.003177293,0.286,286,5,299382.19,50802.348,299962.829,1296090.45,0.00202057799999
136.014330597,0.19,190,5,299382.38,50804.396,299963.019,1296092.498,0.011153304
135.116596115,0.221,221,2,30.106,677061.991,299963.305,1299001.682,0
136.105497776,0.286,286,5,299382.666,57227.948,299963.526,1302532.434,0.988901661
136.143261727,0.19,190,5,299382.856,57228.94,299963.716,1302533.426,0.037763951
136.11754009,0.221,221,2,30.327,677078.375,299966.336,1302541.618,0
136.361834563,2.62,2620,5,299385.476,57239.148,299966.557,1302560.018,0.244294473
137.197912601,1.575,1575,5,299387.051,57239.148,299968.132,1302560.018,0.836078038
137.200077401,0.286,286,5,299387.337,58438.252,299968.418,1303759.122,0.00216479999997
137.217369894,0.19,190,5,299387.527,58439.788,299968.608,1303760.658,0.017292493
137.373882464,0.114,114,5,299387.641,58440.796,299968.722,1305547.522,0.15651257
137.821256673,0.185,185,5,299387.826,58441.772,299968.907,1305548.498,0.447374209
137.823240096,1.775,1775,5,299389.601,58443.148,299970.682,1305549.874,0.00198342300001
137.825458185,1310.72,262144,5,300700.321,58443.148,301281.402,1305549.874,0.002218089
137.82892783,786.432,262144,5,301486.753,58443.148,302067.834,1305549.874,0.003469645
137.831712542,786.432,262144,5,302273.185,58443.148,302854.266,1305549.874,0.00278471199999
137.834511012,786.432,262144,5,303059.617,58443.148,303640.698,1305549.874,0.00279847000002
137.837889095,786.432,262144,5,303846.049,58443.148,304427.13,1305549.874,0.003378083
137.841113597,786.432,262144,5,304632.481,58443.148,305213.562,1305549.874,0.00322450199999
137.844507814,786.432,262144,5,305418.913,58443.148,305999.994,1305549.874,0.00339421699999
137.847745586,786.432,262144,5,306205.345,58443.148,306786.426,1305549.874,0.00323777200001
137.850531904,786.432,262144,5,306991.777,58443.148,307572.858,1305549.874,0.00278631800001
137.853920883,786.432,262144,5,307778.209,58443.148,308359.29,1305549.874,0.00338897899999
137.857159982,786.432,262144,5,308564.641,58443.148,309145.722,1305549.874,0.00323909900001
137.859951608,786.432,262144,5,309351.073,58443.148,309932.154,1305549.874,0.00279162599998
137.862741627,786.432,262144,5,310137.505,58443.148,310718.586,1305549.874,0.002790019
137.866126345,786.432,262144,5,310923.937,58443.148,311505.018,1305549.874,0.00338471800001
137.86936293,786.432,262144,5,311710.369,58443.148,312291.45,1305549.874,0.003236585
137.872155953,786.432,262144,5,312496.801,58443.148,313077.882,1305549.874,0.00279302300001
137.875539763,786.432,262144,5,313283.233,58443.148,313864.314,1305549.874,0.00338381
137.878776767,786.432,262144,5,314069.665,58443.148,314650.746,1305549.874,0.003237004
137.881570488,786.432,262144,5,314856.097,58443.148,315437.178,1305549.874,0.00279372099999
137.884954019,786.432,262144,5,315642.529,58443.148,316223.61,1305549.874,0.003383531
137.888188858,786.432,262144,5,316428.961,58443.148,317010.042,1305549.874,0.00323483900002
137.890974128,786.432,262144,5,317215.393,58443.148,317796.474,1305549.874,0.00278527
137.894333144,786.432,262144,5,318001.825,58443.148,318582.906,1305549.874,0.00335901599999
137.897584605,786.432,262144,5,318788.257,58443.148,319369.338,1305549.874,0.00325146099999
137.900362542,786.432,262144,5,319574.689,58443.148,320155.77,1305549.874,0.00277793700002
137.903762626,786.432,262144,5,320361.121,58443.148,320942.202,1305549.874,0.00340008399999
137.907005007,786.432,262144,5,321147.553,58443.148,321728.634,1305549.874,0.00324238100001
137.90978937,786.432,262144,5,321933.985,58443.148,322515.066,1305549.874,0.00278436299999
137.913176183,786.432,262144,5,322720.417,58443.148,323301.498,1305549.874,0.00338681299999
137.916396425,786.432,262144,5,323506.849,58443.148,324087.93,1305549.874,0.003220242
137.919206838,786.432,262144,5,324293.281,58443.148,324874.362,1305549.874,0.00281041300002
137.922570115,786.432,262144,5,325079.713,58443.148,325660.794,1305549.874,0.00336327700001
137.925822065,786.432,262144,5,325866.145,58443.148,326447.226,1305549.874,0.00325194999999
137.928600631,786.432,262144,5,326652.577,58443.148,327233.658,1305549.874,0.00277856599999
137.932000365,786.432,262144,5,327439.009,58443.148,328020.09,1305549.874,0.003399734
137.935236041,786.432,262144,5,328225.441,58443.148,328806.522,1305549.874,0.003235676
137.938028505,786.432,262144,5,329011.873,58443.148,329592.954,1305549.874,0.00279246400001
137.941417484,786.432,262144,5,329798.305,58443.148,330379.386,1305549.874,0.00338897899999
137.94463165,786.432,262144,5,330584.737,58443.148,331165.818,1305549.874,0.00321416599999
137.947441015,786.432,262144,5,331371.169,58443.148,331952.25,1305549.874,0.00280936500002
137.95080953,786.432,262144,5,332157.601,58443.148,332738.682,1305549.874,0.00336851499998
137.95406134,786.432,262144,5,332944.033,58443.148,333525.114,1305549.874,0.00325181000002
137.956935449,786.432,262144,5,333730.465,58443.148,334311.546,1305549.874,0.002874109
137.960286015,786.432,262144,5,334516.897,58443.148,335097.978,1305549.874,0.00335056599999
137.964080352,786.432,262144,5,335303.329,58443.148,335884.41,1305549.874,0.00379433699999
137.96862213,786.432,262144,5,336089.761,58443.148,336670.842,1305549.874,0.004541778
137.973395573,1048.576,262144,5,337138.337,58443.148,337719.418,1305549.874,0.004773443
137.978797307,786.432,262144,5,337924.769,58443.148,338505.85,1305549.874,0.005401734
137.983404806,786.432,262144,5,338711.201,58443.148,339292.282,1305549.874,0.004607499
137.988162325,786.432,262144,5,339497.633,58443.148,340078.714,1305549.874,0.00475751899998
137.992867532,786.432,262144,5,340284.065,58443.148,340865.146,1305549.874,0.004705207
137.997830593,786.432,262144,5,341070.497,58443.148,341651.578,1305549.874,0.00496306100001
138.002864125,786.432,262144,5,341856.929,58443.148,342438.01,1305549.874,0.005033532
138.007763072,786.432,262144,5,342643.361,58443.148,343224.442,1305549.874,0.00489894699999
138.012749041,786.432,262144,5,343429.793,58443.148,344010.874,1305549.874,0.00498596900002
138.018033023,786.432,262144,5,344216.225,58443.148,344797.306,1305549.874,0.00528398199998
138.022813938,786.432,262144,5,345002.657,58443.148,345583.738,1305549.874,0.00478091500003
138.027635012,786.432,262144,5,345789.089,58443.148,346370.17,1305549.874,0.00482107399998
138.032979476,786.432,262144,5,346575.521,58443.148,347156.602,1305549.874,0.00534446400002
138.038171617,786.432,262144,5,347361.953,58443.148,347943.034,1305549.874,0.00519214099998
138.04333652,786.432,262144,5,348148.385,58443.148,348729.466,1305549.874,0.00516490300001
138.0484804,786.432,262144,5,348934.817,58443.148,349515.898,1305549.874,0.00514387999999
138.053583284,786.432,262144,5,349721.249,58443.148,350302.33,1305549.874,0.00510288400002
138.058938713,786.432,262144,5,350507.681,58443.148,351088.762,1305549.874,0.00535542899999
138.064295679,786.432,262144,5,351294.113,58443.148,351875.194,1305549.874,0.00535696599999
138.070505966,786.432,262144,5,352080.545,58443.148,352661.626,1305549.874,0.00621028700002
138.075787504,786.432,262144,5,352866.977,58443.148,353448.058,1305549.874,0.00528153799999
138.081684343,786.432,262144,5,353653.409,58443.148,354234.49,1305549.874,0.005896839
138.087245735,786.432,262144,5,354439.841,58443.148,355020.922,1305549.874,0.005561392
138.093573425,1048.576,262144,5,355488.417,58443.148,356069.498,1305549.874,0.00632768999998
138.100709737,388.528,262144,5,355876.945,58443.148,356458.026,1305549.874,0.007136312
137.118578979,0.221,221,2,30.548,677094.759,356469.842,1305558.066,0
138.107625351,11.816,11816,5,355888.761,58444.092,356470.063,1305567.202,0.989046372
138.200545478,0.185,185,5,355888.946,58445.884,356470.248,1305568.994,0.092920127
138.342278864,0.19,190,5,355889.136,58446.732,356470.438,1305569.842,0.141733386
138.599402902,0.339,339,5,355889.475,58456.332,356470.777,1305579.442,0.257124038
138.8210952,1.575,1575,5,355891.05,58456.332,356472.352,1305579.442,0.221692298
138.822816718,0.286,286,5,355891.336,65682.7,356472.638,1312805.81,0.00172151800001
138.120972859,0.221,221,2,30.769,677111.143,356472.828,1312814.994,0
138.934582467,0.19,190,5,355891.526,65683.692,356473.049,1312823.186,0.813609608
139.121990865,0.221,221,2,30.99,677127.527,356475.388,1312831.378,0.187408398
139.26065794,2.339,2339,5,355893.865,65685.58,356475.609,1312841.458,0.138667075
140.728077296,0.19,190,5,355894.055,65687.34,356475.799,1312843.218,1.467419356
140.732187735,0.19,190,5,355894.245,65688.972,356475.989,1312844.85,0.00411043899999
140.122878129,0.221,221,2,31.211,677143.911,356476.179,1312857.17,0
140.73645804,0.19,190,5,355894.435,65701.868,356476.4,1312874.13,0.613579911
141.162254435,1.575,1575,5,355896.01,65701.868,356477.975,1312874.13,0.425796395
141.16372655,0.286,286,5,355896.296,66439.98,356478.261,1313612.242,0.00147211500001
141.172616787,0.19,190,5,355896.486,66440.78,356478.451,1313613.042,0.008890237
141.284700244,0.286,286,5,355896.772,73371.98,356478.737,1320544.242,0.112083457
141.362484297,0.19,190,5,355896.962,73372.716,356478.927,1320544.978,0.077784053
141.123687659,0.221,221,2,31.432,677160.295,356481.547,1320553.17,0
141.610739679,2.62,2620,5,355899.582,73381.196,356481.768,1320569.842,0.48705202
142.314054395,1.575,1575,5,355901.157,73381.196,356483.343,1320569.842,0.703314716
142.317081596,0.286,286,5,355901.443,74709.26,356483.629,1321897.906,0.00302720100001
142.330137586,0.19,190,5,355901.633,74710.188,356483.819,1321898.834,0.01305599
142.561530768,0.114,114,5,355901.747,74711.084,356483.933,1324209.874,0.231393182
143.007580856,0.185,185,5,355901.932,74711.948,356484.118,1324210.738,0.446050088
143.009758786,1.775,1775,5,355903.707,74713.26,356485.893,1324212.05,0.00217792999999
143.012314838,1310.72,262144,5,357214.427,74713.26,357796.613,1324212.05,0.00255605200002
143.025065272,786.432,262144,5,358000.859,74713.26,358583.045,1324212.05,0.012750434
143.033723286,786.432,262144,5,358787.291,74713.26,359369.477,1324212.05,0.00865801399999
143.042127847,786.432,262144,5,359573.723,74713.26,360155.909,1324212.05,0.00840456099999
143.050655956,786.432,262144,5,360360.155,74713.26,360942.341,1324212.05,0.00852810900003
143.058305113,786.432,262144,5,361146.587,74713.26,361728.773,1324212.05,0.00764915699997
143.064900086,786.432,262144,5,361933.019,74713.26,362515.205,1324212.05,0.00659497300001
143.071369624,786.432,262144,5,362719.451,74713.26,363301.637,1324212.05,0.006469538
143.077844749,786.432,262144,5,363505.883,74713.26,364088.069,1324212.05,0.00647512500001
143.08534249,786.432,262144,5,364292.315,74713.26,364874.501,1324212.05,0.00749774099998
143.09183759,786.432,262144,5,365078.747,74713.26,365660.933,1324212.05,0.00649510000002
143.097563318,786.432,262144,5,365865.179,74713.26,366447.365,1324212.05,0.00572572799999
143.103059129,786.432,262144,5,366651.611,74713.26,367233.797,1324212.05,0.005495811
143.108670457,786.432,262144,5,367438.043,74713.26,368020.229,1324212.05,0.00561132799999
143.114269213,786.432,262144,5,368224.475,74713.26,368806.661,1324212.05,0.00559875600001
143.119550192,786.432,262144,5,369010.907,74713.26,369593.093,1324212.05,0.00528097899999
142.124482733,0.221,221,2,31.653,677176.679,370379.525,1324220.242,0
143.124852682,786.432,262144,5,369797.339,74713.26,370379.746,1324228.434,1.000369949
143.130155451,786.432,262144,5,370583.771,74713.26,371166.178,1324228.434,0.005302769
143.135725503,786.432,262144,5,371370.203,74713.26,371952.61,1324228.434,0.005570052
143.141176685,786.432,262144,5,372156.635,74713.26,372739.042,1324228.434,0.005451182
143.146348013,786.432,262144,5,372943.067,74713.26,373525.474,1324228.434,0.00517132799999
143.157725996,786.432,262144,5,373729.499,74713.26,374311.906,1324228.434,0.011377983
143.162131096,786.432,262144,5,374515.931,74713.26,375098.338,1324228.434,0.00440509999999
143.166842798,786.432,262144,5,375302.363,74713.26,375884.77,1324228.434,0.00471170200001
143.172270933,786.432,262144,5,376088.795,74713.26,376671.202,1324228.434,0.00542813499999
143.176845397,786.432,262144,5,376875.227,74713.26,377457.634,1324228.434,0.004574464
143.181392274,786.432,262144,5,377661.659,74713.26,378244.066,1324228.434,0.004546877
143.186107259,786.432,262144,5,378448.091,74713.26,379030.498,1324228.434,0.00471498500002
143.190671666,786.432,262144,5,379234.523,74713.26,379816.93,1324228.434,0.00456440699998
143.195226366,786.432,262144,5,380020.955,74713.26,380603.362,1324228.434,0.00455470000003
143.199790005,786.432,262144,5,380807.387,74713.26,381389.794,1324228.434,0.004563639
143.204478799,786.432,262144,5,381593.819,74713.26,382176.226,1324228.434,0.00468879399997
143.209203702,786.432,262144,5,382380.251,74713.26,382962.658,1324228.434,0.00472490300001
143.214349189,786.432,262144,5,383166.683,74713.26,383749.09,1324228.434,0.00514548699999
143.219920917,786.432,262144,5,383953.115,74713.26,384535.522,1324228.434,0.00557172800001
143.225519743,786.432,262144,5,384739.547,74713.26,385321.954,1324228.434,0.00559882600001
143.23096897,786.432,262144,5,385525.979,74713.26,386108.386,1324228.434,0.00544922699999
143.236552152,786.432,262144,5,386312.411,74713.26,386894.818,1324228.434,0.00558318200001
143.242146718,786.432,262144,5,387098.843,74713.26,387681.25,1324228.434,0.00559456599998
143.247711392,786.432,262144,5,387885.275,74713.26,388467.682,1324228.434,0.00556467400003
143.253329076,786.432,262144,5,388671.707,74713.26,389254.114,1324228.434,0.00561768399999
143.258909324,786.432,262144,5,389458.139,74713.26,390040.546,1324228.434,0.005580248
143.264335713,786.432,262144,5,390244.571,74713.26,390826.978,1324228.434,0.00542638900001
143.269925111,786.432,262144,5,391031.003,74713.26,391613.41,1324228.434,0.00558939799998
143.275669766,786.432,262144,5,391817.435,74713.26,392399.842,1324228.434,0.005744655
143.281257837,786.432,262144,5,392603.867,74713.26,393186.274,1324228.434,0.00558807100001
143.286702873,786.432,262144,5,393390.299,74713.26,393972.706,1324228.434,0.005445036
143.29303168,786.432,262144,5,394176.731,74713.26,394759.138,1324228.434,0.00632880700002
143.298619472,786.432,262144,5,394963.163,74713.26,395545.57,1324228.434,0.005587792
143.304940038,786.432,262144,5,395749.595,74713.26,396332.002,1324228.434,0.006320566
143.310521963,786.432,262144,5,396536.027,74713.26,397118.434,1324228.434,0.005581925
143.316128542,786.432,262144,5,397322.459,74713.26,397904.866,1324228.434,0.00560657899999
143.32184987,786.432,262144,5,398108.891,74713.26,398691.298,1324228.434,0.00572132799999
143.327278284,786.432,262144,5,398895.323,74713.26,399477.73,1324228.434,0.00542841399999
143.332864259,786.432,262144,5,399681.755,74713.26,400264.162,1324228.434,0.005585975
143.338323334,786.432,262144,5,400468.187,74713.26,401050.594,1324228.434,0.005459075
143.343767671,786.432,262144,5,401254.619,74713.26,401837.026,1324228.434,0.005444337
143.349648168,786.432,262144,5,402041.051,74713.26,402623.458,1324228.434,0.00588049699999
143.355382765,786.432,262144,5,402827.483,74713.26,403409.89,1324228.434,0.00573459700001
143.360824589,786.432,262144,5,403613.915,74713.26,404196.322,1324228.434,0.005441824
143.366550247,786.432,262144,5,404400.347,74713.26,404982.754,1324228.434,0.00572565799999
143.372292877,786.432,262144,5,405186.779,74713.26,405769.186,1324228.434,0.00574263000001
143.378041233,786.432,262144,5,405973.211,74713.26,406555.618,1324228.434,0.005748356
143.384215133,786.432,262144,5,406759.643,74713.26,407342.05,1324228.434,0.00617389999999
143.390828963,786.432,262144,5,407546.075,74713.26,408128.482,1324228.434,0.00661382999999
143.397158958,786.432,262144,5,408332.507,74713.26,408914.914,1324228.434,0.00632999500002
143.403483016,786.432,262144,5,409118.939,74713.26,409701.346,1324228.434,0.00632405799999
143.410090211,786.432,262144,5,409905.371,74713.26,410487.778,1324228.434,0.00660719500002
143.414046231,786.432,262144,5,410691.803,74713.26,411274.21,1324228.434,0.00395601999998
143.417427597,786.432,262144,5,411478.235,74713.26,412060.642,1324228.434,0.00338136600001
143.420649655,786.432,262144,5,412264.667,74713.26,412847.074,1324228.434,0.00322205800001
143.423466353,786.432,262144,5,413051.099,74713.26,413633.506,1324228.434,0.002816698
143.426828722,786.432,262144,5,413837.531,74713.26,414419.938,1324228.434,0.003362369
143.430078228,786.432,262144,5,414623.963,74713.26,415206.37,1324228.434,0.003249506
143.432869085,786.432,262144,5,415410.395,74713.26,415992.802,1324228.434,0.00279085699998
143.436253734,354.88,262144,5,415765.275,74714.092,416347.682,1324229.266,0.003384649
143.540454345,0.185,185,5,415765.46,74715.66,416347.867,1324230.834,0.104200611
143.125619749,0.221,221,2,31.874,677193.063,416348.057,1324239.762,0
143.550464347,0.19,190,5,415765.65,74725.292,416348.278,1324256.85,0.424844598
144.217942243,1.575,1575,5,415767.225,74725.292,416349.853,1324256.85,0.667477896
144.219639037,0.286,286,5,415767.511,82213.74,416350.139,1331745.298,0.001696794
144.359864131,0.19,190,5,415767.701,82214.668,416350.329,1331746.226,0.140225094
144.126520143,0.221,221,2,32.095,677209.447,416352.668,1331754.418,0
145.127381914,0.221,221,2,32.316,677225.831,416352.889,1331770.802,1.000861771
144.767177869,2.339,2339,5,415770.04,82223.82,416353.11,1331788.146,0
146.319501387,1.575,1575,5,415771.615,82223.82,416354.685,1331788.146,1.552323518
146.3216606,0.286,286,5,415771.901,83010.252,416354.971,1332574.578,0.002159213
146.33550412,0.19,190,5,415772.091,83018.444,416355.161,1332582.77,0.01384352
146.457247325,0.286,286,5,415772.377,89854.668,416355.447,1339418.994,0.121743205
146.577079952,0.19,190,5,415772.567,89855.692,416355.637,1339420.018,0.119832627
146.128004549,0.221,221,2,32.537,677242.215,416358.257,1339428.21,0
146.815146469,2.62,2620,5,415775.187,89856.716,416358.478,1339437.426,0.68714192
147.336376438,0.19,190,5,415775.377,89858.668,416358.668,1339439.378,0.521229969
147.340186071,0.19,190,5,415775.567,89860.492,416358.858,1339441.202,0.003809633
147.343682116,0.19,190,5,415775.757,89869.868,416359.048,1339450.578,0.00349604499999
147.551054226,1.575,1575,5,415777.332,89869.868,416360.623,1339450.578,0.20737211
147.552681109,0.286,286,5,415777.618,90889.772,416360.909,1340470.482,0.001626883
147.561618559,0.19,190,5,415777.808,90891.82,416361.099,1340472.53,0.00893745000002
147.745877954,0.114,114,5,415777.922,90892.844,416361.213,1342243.026,0.184259395
148.233378215,0.185,185,5,415778.107,90893.836,416361.398,1342244.018,0.487500261
148.235849339,1.775,1775,5,415779.882,90894.668,416363.173,1342244.85,0.00247112400001
148.238429765,1572.864,262144,5,417352.746,90894.668,417936.037,1342244.85,0.00258042600001
148.2416,786.432,262144,5,418139.178,90894.668,418722.469,1342244.85,0.003170235
148.244988141,786.432,262144,5,418925.61,90894.668,419508.901,1342244.85,0.00338814099999
148.24822696,786.432,262144,5,419712.042,90894.668,420295.333,1342244.85,0.00323881900002
148.251015932,786.432,262144,5,420498.474,90894.668,421081.765,1342244.85,0.00278897199999
148.254331577,786.432,262144,5,421284.906,90894.668,421868.197,1342244.85,0.00331564499999
148.259888639,786.432,262144,5,422071.338,90894.668,422654.629,1342244.85,0.00555706200001
148.267378977,786.432,262144,5,422857.77,90894.668,423441.061,1342244.85,0.007490338
148.274880769,786.432,262144,5,423644.202,90894.668,424227.493,1342244.85,0.007501792
148.28238738,786.432,262144,5,424430.634,90894.668,425013.925,1342244.85,0.007506611
148.289882677,786.432,262144,5,425217.066,90894.668,425800.357,1342244.85,0.00749529700002
148.296655046,786.432,262144,5,426003.498,90894.668,426586.789,1342244.85,0.006772369
148.303256584,786.432,262144,5,426789.93,90894.668,427373.221,1342244.85,0.00660153799998
148.309890947,786.432,262144,5,427576.362,90894.668,428159.653,1342244.85,0.00663436300002
148.317383101,786.432,262144,5,428362.794,90894.668,428946.085,1342244.85,0.00749215399998
148.32399288,786.432,262144,5,429149.226,90894.668,429732.517,1342244.85,0.006609779
148.330320361,786.432,262144,5,429935.658,90894.668,430518.949,1342244.85,0.006327481
148.336937333,786.432,262144,5,430722.09,90894.668,431305.381,1342244.85,0.00661697200002
148.343279481,786.432,262144,5,431508.522,90894.668,432091.813,1342244.85,0.00634214799999
148.349907838,786.432,262144,5,432294.954,90894.668,432878.245,1342244.85,0.00662835700001
148.356057712,786.432,262144,5,433081.386,90894.668,433664.677,1342244.85,0.00614987399999
148.362240411,786.432,262144,5,433867.818,90894.668,434451.109,1342244.85,0.00618269899999
148.368132432,786.432,262144,5,434654.25,90894.668,435237.541,1342244.85,0.00589202100002
148.373854388,786.432,262144,5,435440.682,90894.668,436023.973,1342244.85,0.005721956
148.379752555,786.432,262144,5,436227.114,90894.668,436810.405,1342244.85,0.005898167
148.385632422,786.432,262144,5,437013.546,90894.668,437596.837,1342244.85,0.00587986699998
148.391658468,786.432,262144,5,437799.978,90894.668,438383.269,1342244.85,0.00602604600002
148.397550069,786.432,262144,5,438586.41,90894.668,439169.701,1342244.85,0.005891601
148.404307074,786.432,262144,5,439372.842,90894.668,439956.133,1342244.85,0.006757005
148.410768091,786.432,262144,5,440159.274,90894.668,440742.565,1342244.85,0.00646101699999
148.417405457,786.432,262144,5,440945.706,90894.668,441528.997,1342244.85,0.00663736600001
148.424147236,786.432,262144,5,441732.138,90894.668,442315.429,1342244.85,0.00674177900001
148.430622012,786.432,262144,5,442518.57,90894.668,443101.861,1342244.85,0.00647477599998
148.436504115,786.432,262144,5,443305.002,90894.668,443888.293,1342244.85,0.005882103
148.442551462,786.432,262144,5,444091.434,90894.668,444674.725,1342244.85,0.00604734700002
148.448420714,786.432,262144,5,444877.866,90894.668,445461.157,1342244.85,0.005869252
148.454313223,786.432,262144,5,445664.298,90894.668,446247.589,1342244.85,0.00589250900001
148.460192393,786.432,262144,5,446450.73,90894.668,447034.021,1342244.85,0.00587916999999
148.465923848,786.432,262144,5,447237.162,90894.668,447820.453,1342244.85,0.00573145499999
148.471806998,786.432,262144,5,448023.594,90894.668,448606.885,1342244.85,0.00588315000002
148.477538802,786.432,262144,5,448810.026,90894.668,449393.317,1342244.85,0.00573180399999
148.484308727,786.432,262144,5,449596.458,90894.668,450179.749,1342244.85,0.00676992500001
148.490922208,786.432,262144,5,450382.89,90894.668,450966.181,1342244.85,0.00661348099999
148.496642978,786.432,262144,5,451169.322,90894.668,451752.613,1342244.85,0.00572077000001
148.502258775,786.432,262144,5,451955.754,90894.668,452539.045,1342244.85,0.00561579699999
148.50798618,786.432,262144,5,452742.186,90894.668,453325.477,1342244.85,0.00572740499999
148.513429609,786.432,262144,5,453528.618,90894.668,454111.909,1342244.85,0.00544342900002
148.519158899,786.432,262144,5,454315.05,90894.668,454898.341,1342244.85,0.00572928999998
148.524593739,786.432,262144,5,455101.482,90894.668,455684.773,1342244.85,0.00543484000002
148.530779302,786.432,262144,5,455887.914,90894.668,456471.205,1342244.85,0.006185563
148.537099728,786.432,262144,5,456674.346,90894.668,457257.637,1342244.85,0.00632042599997
148.543578834,786.432,262144,5,457460.778,90894.668,458044.069,1342244.85,0.006479106
148.550196436,786.432,262144,5,458247.21,90894.668,458830.501,1342244.85,0.00661760200001
148.556516443,786.432,262144,5,459033.642,90894.668,459616.933,1342244.85,0.006320007
148.562701029,786.432,262144,5,459820.074,90894.668,460403.365,1342244.85,0.00618458600002
148.569015589,786.432,262144,5,460606.506,90894.668,461189.797,1342244.85,0.00631455999999
148.575476815,786.432,262144,5,461392.938,90894.668,461976.229,1342244.85,0.006461226
148.581947261,786.432,262144,5,462179.37,90894.668,462762.661,1342244.85,0.00647044600001
148.588434399,786.432,262144,5,462965.802,90894.668,463549.093,1342244.85,0.00648713799998
148.594745956,786.432,262144,5,463752.234,90894.668,464335.525,1342244.85,0.006311557
148.599218522,0.339,339,5,463752.573,90894.668,464335.864,1342244.85,0.004472566
148.600616744,786.432,262144,5,464539.005,90895.628,465122.296,1342245.81,0.00139822200001
148.606490815,786.432,262144,5,465325.437,90895.628,465908.728,1342245.81,0.00587407099999
148.612360696,786.432,262144,5,466111.869,90895.628,466695.16,1342245.81,0.005869881
148.618411186,786.432,262144,5,466898.301,90895.628,467481.592,1342245.81,0.00605049000001
148.624275269,786.432,262144,5,467684.733,90895.628,468268.024,1342245.81,0.00586408300001
148.630603379,786.432,262144,5,468471.165,90895.628,469054.456,1342245.81,0.00632811
148.638251697,786.432,262144,5,469257.597,90895.628,469840.888,1342245.81,0.00764831799998
148.645913356,786.432,262144,5,470044.029,90895.628,470627.32,1342245.81,0.00766165900001
148.653390773,786.432,262144,5,470830.461,90895.628,471413.752,1342245.81,0.00747741700002
148.660157486,786.432,262144,5,471616.893,90895.628,472200.184,1342245.81,0.00676671299999
148.663317315,786.432,262144,5,472403.325,90895.628,472986.616,1342245.81,0.003159829
148.666122001,786.432,262144,5,473189.757,90895.628,473773.048,1342245.81,0.00280468599999
148.668910415,786.432,262144,5,473976.189,90895.628,474559.48,1342245.81,0.00278841400001
148.672477558,384.184,262144,5,474360.373,90895.628,474943.664,1342245.81,0.003567143
148.675250397,29.192,29192,5,474389.565,90896.556,474972.856,1342246.738,0.00277283900002
148.764324573,0.185,185,5,474389.75,90898.316,474973.041,1342248.498,0.089074176
148.775520899,0.19,190,5,474389.94,90908.268,474973.231,1342258.45,0.011196326
149.268364577,1.575,1575,5,474391.515,90908.268,474974.806,1342258.45,0.492843678
149.273478076,0.286,286,5,474391.801,99102.316,474975.092,1350452.498,0.005113499
149.417931013,0.19,190,5,474391.991,99103.34,474975.282,1350453.522,0.144452937
149.855190877,2.339,2339,5,474394.33,99115.868,474977.621,1350466.05,0.437259864
151.009217656,1.575,1575,5,474395.905,99115.868,474979.196,1350466.05,1.154026779
151.010972069,0.286,286,5,474396.191,99924.828,474979.482,1351275.01,0.00175441299999
151.023948021,0.19,190,5,474396.381,99927.9,474979.672,1351278.082,0.012975952
151.147056833,0.286,286,5,474396.667,107982.172,474979.958,1359332.354,0.123108812
151.272751308,0.19,190,5,474396.857,107983.18,474980.148,1359333.362,0.125694475
151.515894937,2.62,2620,5,474399.477,107993.404,474982.768,1359343.586,0.243143629
152.0858971,1.575,1575,5,474401.052,107993.404,474984.343,1359343.586,0.570002163
152.088428288,0.286,286,5,474401.338,109077.82,474984.629,1360428.002,0.00253118799998
152.097945699,0.19,190,5,474401.528,109079.356,474984.819,1360429.538,0.00951741100002
152.284302288,0.114,114,5,474401.642,109080.364,474984.933,1362347.474,0.186356589
152.764934567,0.185,185,5,474401.827,109081.34,474985.118,1362348.45,0.480632279
152.771363736,1.775,1775,5,474403.602,109082.14,474986.893,1362349.25,0.006429169
152.77390121,1835.008,262144,5,476238.61,109082.14,476821.901,1362349.25,0.00253747399998
152.990600205,1048.576,262144,5,477287.186,109082.14,477870.477,1362349.25,0.216698995
152.995778866,1048.576,262144,5,478335.762,109082.14,478919.053,1362349.25,0.005178661
152.999763312,1048.576,262144,5,479384.338,109082.14,479967.629,1362349.25,0.003984446
153.003140557,786.432,262144,5,480170.77,109082.14,480754.061,1362349.25,0.003377245
153.00636471,786.432,262144,5,480957.202,109082.14,481540.493,1362349.25,0.00322415300002
153.009152704,786.432,262144,5,481743.634,109082.14,482326.925,1362349.25,0.00278799399999
153.017248775,1048.576,262144,5,482792.21,109082.14,483375.501,1362349.25,0.00809607100001
153.020370401,786.432,262144,5,483578.642,109082.14,484161.933,1362349.25,0.003121626
153.023730326,786.432,262144,5,484365.074,109082.14,484948.365,1362349.25,0.00335992499998
153.026961533,786.432,262144,5,485151.506,109082.14,485734.797,1362349.25,0.003231207
153.030344924,786.432,262144,5,485937.938,109082.14,486521.229,1362349.25,0.003383391
153.033580461,786.432,262144,5,486724.37,109082.14,487307.661,1362349.25,0.00323553700002
153.036975027,786.432,262144,5,487510.802,109082.14,488094.093,1362349.25,0.003394566
153.040201205,786.432,262144,5,488297.234,109082.14,488880.525,1362349.25,0.00322617799998
153.042995206,786.432,262144,5,489083.666,109082.14,489666.957,1362349.25,0.00279400100001
153.046376781,786.432,262144,5,489870.098,109082.14,490453.389,1362349.25,0.00338157499999
153.049623283,786.432,262144,5,490656.53,109082.14,491239.821,1362349.25,0.003246502
153.052270897,786.432,262144,5,491442.962,109082.14,492026.253,1362349.25,0.00264761400001
153.055352853,786.432,262144,5,492229.394,109082.14,492812.685,1362349.25,0.00308195599999
153.058439628,786.432,262144,5,493015.826,109082.14,493599.117,1362349.25,0.00308677500001
153.061399641,786.432,262144,5,493802.258,109082.14,494385.549,1362349.25,0.00296001300001
153.064491026,786.432,262144,5,494588.69,109082.14,495171.981,1362349.25,0.003091385
153.067997687,786.432,262144,5,495375.122,109082.14,495958.413,1362349.25,0.00350666099999
153.071527884,786.432,262144,5,496161.554,109082.14,496744.845,1362349.25,0.003530197
153.075071631,786.432,262144,5,496947.986,109082.14,497531.277,1362349.25,0.00354374699998
153.079183816,786.432,262144,5,497734.418,109082.14,498317.709,1362349.25,0.00411218500003
153.083156318,786.432,262144,5,498520.85,109082.14,499104.141,1362349.25,0.00397250199998
153.087282751,1048.576,262144,5,499569.426,109082.14,500152.717,1362349.25,0.00412643300001
153.091831514,1048.576,262144,5,500618.002,109082.14,501201.293,1362349.25,0.004548763
153.0963786,1048.576,262144,5,501666.578,109082.14,502249.869,1362349.25,0.004547086
153.101539033,1048.576,262144,5,502715.154,109082.14,503298.445,1362349.25,0.00516043299999
153.106976457,1048.576,262144,5,503763.73,109082.14,504347.021,1362349.25,0.00543742400001
153.112119778,1310.72,262144,5,505074.45,109082.14,505657.741,1362349.25,0.00514332099999
153.118007678,1048.576,262144,5,506123.026,109082.14,506706.317,1362349.25,0.0058879
153.123750098,1048.576,262144,5,507171.602,109082.14,507754.893,1362349.25,0.00574241999999
153.129633318,1048.576,262144,5,508220.178,109082.14,508803.469,1362349.25,0.00588322000002
153.135370849,1048.576,262144,5,509268.754,109082.14,509852.045,1362349.25,0.00573753099999
153.141843809,1310.72,262144,5,510579.474,109082.14,511162.765,1362349.25,0.00647296
153.148017779,1048.576,262144,5,511628.05,109082.14,512211.341,1362349.25,0.00617397000002
153.154492136,1048.576,262144,5,512676.626,109082.14,513259.917,1362349.25,0.00647435699997
153.160667292,1310.72,262144,5,513987.346,109082.14,514570.637,1362349.25,0.00617515600001
153.167728386,1310.72,262144,5,515298.066,109082.14,515881.357,1362349.25,0.00706109399999
153.174489581,1310.72,262144,5,516608.786,109082.14,517192.077,1362349.25,0.006761195
153.181554027,1572.864,262144,5,518181.65,109082.14,518764.941,1362349.25,0.00706444600002
153.18891425,1296.304,262144,5,519477.954,109082.14,520061.245,1362349.25,0.00736022300001
153.196260646,247.728,247728,5,519725.682,109083.084,520308.973,1362350.194,0.007346396
153.298627923,0.185,185,5,519725.867,109084.876,520309.158,1362351.986,0.102367277
153.310475868,0.19,190,5,519726.057,109094.86,520309.348,1362361.97,0.011847945
153.974906869,1.575,1575,5,519727.632,109094.86,520310.923,1362361.97,0.664431001
153.976372977,0.286,286,5,519727.918,118386.636,520311.209,1371653.746,0.00146610800002
154.120441158,0.19,190,5,519728.108,118387.66,520311.399,1371654.77,0.144068181
154.600467424,2.382,2382,5,519730.49,118388.652,520313.781,1371655.762,0.480026266
