time,size,first_call,destination,dest_out_traffic,dest_in_traffic,total_network_out,total_network_in,dens10
3.653128376,0.244,244,2,0.244,24.576,0.244,26.624,0
3.687862472,0.183,183,2,0.427,40.96,0.427,43.008,0.034734096
4.699658386,0.183,183,2,0.61,57.344,0.61,59.392,1.011795914
5.70148711,0.183,183,2,0.793,73.728,0.793,75.776,1.001828724
6.702404335,0.183,183,2,0.976,90.112,0.976,92.16,1.000917225
7.70313264,0.183,183,2,1.159,106.496,1.159,108.544,1.000728305
8.703903269,0.183,183,2,1.342,122.88,1.342,124.928,1.000770629
9.704632412,0.183,183,2,1.525,139.264,1.525,141.312,1.000729143
10.705423504,0.183,183,2,1.708,155.648,1.708,157.696,1.000791092
11.706332908,0.183,183,2,1.891,172.032,1.891,174.08,1.000909404
12.707151797,0.183,183,2,2.074,188.416,2.074,190.464,1.000818889
13.707868299,0.183,183,2,2.257,204.8,2.257,206.848,1.000716502
14.709916185,0.183,183,2,2.44,221.184,2.44,223.232,1.002047886
15.710610687,0.183,183,2,2.623,237.568,2.623,239.616,1.000694502
16.71131301,0.183,183,2,2.806,253.952,2.806,256.0,1.000702323
17.712011912,0.183,183,2,2.989,270.336,2.989,272.384,1.000698902
18.71378169,0.183,183,2,3.172,286.72,3.172,288.768,1.001769778
20.493721653,0.268,268,6,0.268,8.452,3.789,308.144,1.779939963
19.714545684,0.183,183,2,3.355,303.104,4.042,324.528,0
20.831306342,0.219,219,2,3.574,327.68,4.261,349.104,1.116760658
21.063888921,0.283,283,2,3.857,352.256,4.544,373.68,0.232582579
21.112146594,0.207,207,2,4.064,368.64,4.751,390.064,0.048257673
21.155972838,0.102,102,2,4.166,376.832,4.853,398.256,0.043826244
20.541477098,0.253,253,6,0.521,24.836,4.977,20734.078,0
21.553808345,0.291,291,6,0.812,25.123,5.268,20806.48,1.012331247
21.18422217,0.124,124,2,4.29,35892.177,5.502,35930.272,0
21.556421666,0.234,234,6,1.046,41.507,5.721,75645.341,0.372199496
22.558603228,0.405,405,6,1.451,41.908,6.126,75815.386,1.002181562
21.833224184,0.219,219,2,4.509,91225.158,6.356,91280.038,0
22.561060314,0.23,230,6,1.681,58.292,6.575,129645.637,0.72783613
22.837787124,0.219,219,2,4.728,145645.221,7.09,145716.996,0.27672681
23.562267731,0.515,515,6,2.196,75.187,7.309,183935.242,0.724480607
23.844553138,0.219,219,2,4.947,199968.448,7.824,200057.118,0.282285407
24.563888188,0.515,515,6,2.711,92.082,8.043,245344.015,0.71933505
24.85110027,0.219,219,2,5.166,284675.287,8.558,284780.852,0.287212082
25.565567312,0.515,515,6,3.226,108.977,8.777,372578.532,0.714467042
25.856512201,0.219,219,2,5.385,412513.033,9.292,412635.493,0.290944889
26.859422837,0.219,219,2,5.604,419843.251,9.511,419965.711,1.002910636
26.568729376,0.515,515,6,3.741,125.872,9.635,506405.658,0
26.935560661,0.124,124,2,5.728,551579.87,10.15,551719.225,0.366831285
27.861883555,0.219,219,2,5.947,551596.254,10.369,551735.609,0.926322894
28.322789163,0.174,174,2,6.121,551612.638,10.543,551751.993,0.460905608
28.324354097,0.188,188,2,6.309,551620.83,10.731,551760.185,0.001564934
27.572126107,0.515,515,6,4.256,142.767,10.853,551949.477,0
28.326330325,0.122,122,2,6.431,551923.553,11.504,552079.939,0.754204218
28.328142567,0.651,651,6,4.907,159.798,11.858,552112.707,0.001812242
28.356575722,0.354,170,2,6.785,551948.129,12.355,552113.2,0.028433155
28.35843783,0.497,497,6,5.404,176.675,12.477,552196.511,0.001862108
28.359248129,0.122,122,2,6.907,552023.248,12.856,552213.27,0.000810299000001
28.372098087,0.379,379,6,5.783,193.434,13.075,552229.654,0.012849958
28.863145796,0.219,219,2,7.126,552039.632,13.387,552262.726,0.491047709
19.937227214,0.166,166,5,0.166,2.732,13.606,552270.918,0
30.526629749,0.176,176,5,0.342,3.756,13.782,552271.942,10.589402535
30.551841195,0.154,154,5,0.496,6.828,13.936,552275.014,0.025211446
30.689436486,0.17,170,5,0.666,7.852,14.106,552276.038,0.137595291
29.864390717,0.219,219,2,7.345,552056.016,14.278,552285.766,0
30.717430618,0.172,172,5,0.838,9.388,14.497,552293.958,0.853039901
31.065276808,0.177,177,5,1.015,10.396,14.674,552294.966,0.34784619
31.087204596,0.176,176,5,1.191,11.372,14.85,552295.942,0.021927788
31.106071241,1.53,1530,5,2.721,12.316,16.38,552296.886,0.018866645
31.15794795,1.256,1256,5,3.977,13.228,17.636,552297.798,0.051876709
30.865462082,0.219,219,2,7.564,552072.4,17.807,552306.87,0
31.866510191,0.219,219,2,7.783,552088.784,18.026,552323.254,1.001048109
32.867224877,0.219,219,2,8.002,552105.168,18.245,552339.638,1.000714686
33.867853239,0.219,219,2,8.221,552121.552,18.464,552356.022,1.000628362
34.868571417,0.219,219,2,8.44,552137.936,18.683,552372.406,1.000718178
35.86958216,0.219,219,2,8.659,552154.32,18.902,552388.79,1.001010743
36.870508465,0.219,219,2,8.878,552170.704,19.121,552405.174,1.000926305
37.871241798,0.219,219,2,9.097,552187.088,19.34,552421.558,1.000733333
38.871889925,0.219,219,2,9.316,552203.472,19.559,552437.942,1.000648127
39.872619697,0.219,219,2,9.535,552219.856,19.778,552454.326,1.000729772
40.873356802,0.219,219,2,9.754,552236.24,19.997,552470.71,1.000737105
41.874032307,0.219,219,2,9.973,552252.624,20.216,552487.094,1.000675505
42.874625189,0.219,219,2,10.192,552269.008,20.435,552503.478,1.000592882
43.875238955,0.219,219,2,10.411,552285.392,20.654,552519.862,1.000613766
44.875898117,0.219,219,2,10.63,552318.16,21.092,552552.63,1.000659162
46.877216022,0.22,220,2,10.85,552334.544,21.312,552569.014,2.001317905
47.877813654,0.22,220,2,11.07,552350.928,21.532,552585.398,1.000597632
48.878411635,0.22,220,2,11.29,552367.312,21.752,552601.782,1.000597981
31.167876796,0.171,171,5,4.148,22.508,21.972,552618.374,0
50.118563053,1.575,1575,5,5.723,22.508,23.547,552618.374,18.950686257
50.232884435,0.286,286,5,6.009,32.236,23.833,552628.102,0.114321382
49.87906046,0.22,220,2,11.51,552383.696,24.022,552640.39,0
50.475240882,0.189,189,5,6.198,36.332,24.242,552648.582,0.596180422
50.900399417,0.286,286,5,6.484,38.38,24.528,552685.446,0.425158535
50.977652746,0.189,189,5,6.673,40.428,24.717,552687.494,0.077253329
50.880016238,0.22,220,2,11.73,552400.08,27.23,552696.71,0
52.04662283,0.237,237,8,0.237,40.96,27.687,552747.91,1.166606592
51.881035153,0.22,220,2,11.95,552416.464,27.94,558212.096,0
52.882339858,0.22,220,2,12.17,552432.848,28.16,570253.766,1.001304705
53.883411502,0.22,220,2,12.39,552449.232,28.38,582427.582,1.001071644
54.884464709,0.22,220,2,12.61,552465.616,28.6,595196.055,1.001053207
55.885426703,0.22,220,2,12.83,552482.0,28.82,607898.455,1.000961994
56.88639149,0.22,220,2,13.05,552498.384,29.04,621264.909,1.000964787
57.887543383,0.22,220,2,13.27,552514.768,29.26,634033.382,1.001151893
58.888681656,0.22,220,2,13.49,552531.152,29.48,645216.103,1.001138273
59.889695542,0.22,220,2,13.71,552547.536,29.7,654284.488,1.001013886
51.096446274,2.513,2513,5,9.186,41.452,29.92,656473.089,0
60.890687777,0.22,220,2,13.93,552563.92,32.433,665666.452,9.794241503
61.891626793,0.22,220,2,14.15,552580.304,32.653,678038.487,1.000939016
52.163036237,0.151,151,9,0.151,136143.52,32.873,689080.87,0
62.892547581,0.22,220,2,14.37,552596.688,33.024,689155.135,10.729511344
61.073618861,2.513,2513,5,11.699,42.476,33.244,689163.327,0
63.955987981,2.581,2581,5,14.28,58.86,35.825,689179.711,2.88236912
52.13167324,0.102,102,8,0.339,73.728,37.4,689204.287,0
63.871568377,0.151,151,9,0.302,136209.593,37.637,689212.479,11.739895137
63.893525848,0.22,220,2,14.59,552613.072,37.788,698077.24,0.021957471
64.894663213,0.22,220,2,14.81,552629.456,38.008,709722.472,1.001137365
65.895643575,0.22,220,2,15.03,552645.84,38.228,721698.069,1.000980362
66.896879347,0.22,220,2,15.25,552662.224,38.448,733871.885,1.001235772
67.89799995,0.22,220,2,15.47,552678.608,38.668,746177.847,1.001120603
68.899045544,0.22,220,2,15.69,552694.992,38.888,757558.787,1.001045594
69.899959976,0.22,220,2,15.91,552711.376,39.108,770393.333,1.000914432
63.963691265,1.575,1575,5,15.855,58.86,39.328,772581.934,0
70.901069265,0.22,220,2,16.13,552727.76,41.841,783037.852,6.937378
71.902186865,0.22,220,2,16.35,552744.144,42.061,795079.522,1.0011176
72.903245799,0.22,220,2,16.57,552760.528,42.281,807781.922,1.001058934
73.904318701,0.22,220,2,16.79,552776.912,42.501,820484.322,1.001072902
64.026214858,0.237,237,8,0.576,106.496,42.721,825076.127,0
64.029207766,0.151,151,9,0.453,271860.249,42.962,825084.319,0.002992908
71.074089172,2.513,2513,5,18.368,67.052,43.113,825240.948,7.044881406
75.333864385,2.538,2538,5,20.906,83.436,45.651,825257.332,4.259775213
75.27740546,0.241,241,8,0.817,122.88,47.226,825265.524,0
75.352238719,0.147,147,8,0.964,139.264,47.373,825281.908,0.074833259
75.279696743,0.151,151,9,0.604,272016.878,47.524,825290.1,0
74.905278739,0.22,220,2,17.01,552793.296,47.675,831578.014,0
75.906370289,0.22,220,2,17.23,552809.68,47.895,844280.414,1.00109155
76.907356447,0.22,220,2,17.45,552817.872,48.115,856512.111,1.000986158
77.908337508,0.22,220,2,17.67,552834.256,48.335,869082.365,1.000981061
78.909313959,0.22,220,2,17.89,552850.64,48.555,881718.692,1.000976451
79.910249134,0.22,220,2,18.11,552867.024,48.775,894355.019,1.000935175
75.340571942,1.575,1575,5,22.481,83.436,48.995,896411.474,0
80.911231731,0.22,220,2,18.33,552883.408,51.508,907122.955,5.570659789
81.912166347,0.22,220,2,18.55,552899.792,51.728,919693.209,1.000934616
82.91319902,0.22,220,2,18.77,552916.176,51.948,932197.39,1.001032673
83.9142113,0.22,220,2,18.99,552932.56,52.168,944305.133,1.00101228
84.915204513,0.22,220,2,19.21,552948.944,52.388,956941.46,1.000993213
75.356091025,0.151,151,9,0.755,407601.461,52.608,961178.324,0
81.073826988,2.513,2513,5,24.994,148.972,52.759,961244.397,5.717735963
85.916179357,0.22,220,2,19.43,552965.328,55.297,961252.589,4.842352369
86.917123053,0.22,220,2,19.65,552981.712,55.517,961268.973,1.000943696
87.917823142,0.22,220,2,19.87,552998.096,55.737,961285.357,1.000700089
88.918474971,0.22,220,2,20.09,553014.48,55.957,961301.741,1.000651829
89.919690838,0.22,220,2,20.31,553030.864,56.177,961318.125,1.001215867
86.304847428,2.538,2538,5,27.532,148.972,56.397,961326.317,0
90.920313333,0.22,220,2,20.53,553047.248,56.736,961400.045,4.615465905
91.920990584,0.22,220,2,20.75,553063.632,56.956,961418.477,1.000677251
92.921852914,0.22,220,2,20.97,553080.016,57.176,961434.861,1.00086233
93.922603848,0.22,220,2,21.19,553096.4,57.396,961451.245,1.000750934
94.923320769,0.22,220,2,21.41,553115.856,57.616,961472.221,1.000716921
91.070252232,0.339,339,5,27.871,247.276,57.836,961513.181,0
96.830030274,1.575,1575,5,29.446,247.276,59.411,961513.181,5.759778042
96.840459743,0.286,286,5,29.732,312.812,59.697,961742.557,0.010429469
96.847142715,0.189,189,5,29.921,345.58,59.886,961775.325,0.00668297200001
96.869368726,0.249,249,5,30.17,353.772,60.135,961783.517,0.022226011
95.924150343,0.22,220,2,21.63,553124.048,60.249,961806.045,0
96.907578962,0.114,114,2,21.744,554230.992,60.477,965212.893,0.983428619
96.925250204,0.22,220,2,21.964,593423.472,60.697,1094308.861,0.017671242
97.92687569,0.22,220,2,22.184,593439.856,60.917,1094325.245,1.001625486
96.883223002,0.114,114,5,30.284,366.06,61.137,1094333.437,0
99.665521994,0.178,178,5,30.462,370.156,61.315,1094337.533,2.782298992
98.928607824,0.22,220,2,22.404,593456.24,63.903,1094345.725,0
99.723481879,2.588,2588,5,33.05,382.444,64.123,1094366.205,0.794874055
100.450194612,1.575,1575,5,34.625,382.444,65.698,1094366.205,0.726712733
100.453072073,0.286,286,5,34.911,472.556,65.984,1094456.317,0.002877461
100.459984195,0.189,189,5,35.1,505.324,66.173,1094489.085,0.006912122
99.92963931,0.22,220,2,22.624,593472.624,68.505,1094497.277,0
100.564648203,2.332,2332,5,37.432,505.324,68.725,1094505.469,0.635008893
101.070240499,0.339,339,5,37.771,533.996,69.064,1094534.141,0.505592296
101.221662339,0.189,189,5,37.96,537.068,69.253,1094537.213,0.15142184
100.930687837,0.22,220,2,22.844,593489.008,69.442,1094546.397,0
101.22800707,0.189,189,5,38.149,539.02,69.662,1094555.549,0.297319233
102.176770666,0.189,189,5,38.338,549.1,69.851,1094565.629,0.948763596
102.560665364,1.575,1575,5,39.913,549.1,71.426,1094565.629,0.383894698
102.564503631,0.286,286,5,40.199,1274.092,71.712,1095290.621,0.00383826699999
101.931617774,0.22,220,2,23.064,593505.392,71.901,1095307.005,0
102.574807386,0.189,189,5,40.388,1282.284,72.121,1095315.197,0.643189612
103.204787078,0.286,286,5,40.674,1286.38,72.407,1095835.389,0.629979692
103.212028292,0.189,189,5,40.863,1288.428,72.596,1095837.437,0.007241214
102.932550015,0.22,220,2,23.284,594037.872,75.216,1095845.629,0
103.934352968,0.22,220,2,23.504,594055.184,75.436,1095862.941,1.001802953
103.55444928,2.62,2620,5,43.483,1289.452,75.656,1095872.157,0
105.75030156,0.189,189,5,43.672,1291.404,75.845,1095874.109,2.19585228
104.935224447,0.22,220,2,23.724,594071.568,76.034,1095883.229,0
105.836139571,0.189,189,5,43.861,1301.484,76.254,1095900.573,0.900915124
106.218920649,1.575,1575,5,45.436,1301.484,77.829,1095900.573,0.382781078
106.222049888,0.286,286,5,45.722,3070.956,78.115,1097670.045,0.003129239
106.251818687,0.189,189,5,45.911,3079.148,78.304,1097678.237,0.029768799
105.936052974,0.22,220,2,23.944,594087.952,80.643,1097686.429,0
106.937353559,0.22,220,2,24.164,594104.336,80.863,1097702.813,1.001300585
106.673329412,2.339,2339,5,48.25,3085.292,81.083,1097717.149,0
108.296260163,0.189,189,5,48.439,3097.18,81.272,1097729.037,1.622930751
108.84242375,1.575,1575,5,50.014,3097.18,82.847,1097729.037,0.546163587
108.844910938,0.286,286,5,50.3,3983.964,83.133,1098615.821,0.002487188
107.938019077,0.22,220,2,24.384,594120.72,83.323,1098625.037,0
108.857770883,0.19,190,5,50.49,3984.988,83.543,1098633.229,0.919751806
108.968215654,0.286,286,5,50.776,6443.084,83.829,1101091.325,0.110444771
108.986186794,0.189,189,5,50.965,6444.044,84.018,1101092.285,0.01797114
108.938896981,0.22,220,2,24.604,594128.912,86.681,1101092.285,0
109.368091364,2.663,2663,5,53.628,6452.956,86.901,1101109.389,0.429194383
110.28484705,1.575,1575,5,55.203,6452.956,88.476,1101109.389,0.916755686
110.288518047,0.286,286,5,55.489,7945.948,88.762,1102602.381,0.003670997
110.298630227,0.19,190,5,55.679,7946.972,88.952,1102603.405,0.01011218
109.940037629,0.22,220,2,24.824,595587.088,89.066,1104939.117,0
110.523177846,0.114,114,5,55.793,7947.964,89.286,1104947.309,0.583140217
111.06683881,0.184,184,5,55.977,7948.924,89.47,1104948.269,0.543660964
111.070350779,2.513,2513,5,58.49,7949.852,91.983,1104949.197,0.003511969
111.073049027,1.775,1775,5,60.265,7951.9,93.758,1104951.245,0.002698248
111.082102692,2883.584,262144,5,2943.849,7951.9,2977.342,1104951.245,0.00905366500001
111.084791512,524.288,262144,5,3468.137,7951.9,3501.63,1104951.245,0.00268881999999
111.086206077,1310.72,262144,5,4778.857,7951.9,4812.35,1104951.245,0.001414565
111.088634249,3145.728,262144,5,7924.585,7951.9,7958.078,1104951.245,0.00242817199999
111.093899933,524.288,262144,5,8448.873,7951.9,8482.366,1104951.245,0.00526568400001
111.095534917,1048.576,262144,5,9497.449,7951.9,9530.942,1104951.245,0.00163498399999
111.098015959,1835.008,262144,5,11332.457,7951.9,11365.95,1104951.245,0.002481042
111.10145208,524.288,262144,5,11856.745,7951.9,11890.238,1104951.245,0.00343612100001
111.103170874,786.432,262144,5,12643.177,7951.9,12676.67,1104951.245,0.001718794
111.104717579,1048.576,262144,5,13691.753,7951.9,13725.246,1104951.245,0.001546705
111.107356532,1048.576,262144,5,14740.329,7951.9,14773.822,1104951.245,0.002638953
111.109935491,786.432,262144,5,15526.761,7951.9,15560.254,1104951.245,0.002578959
111.111575784,1048.576,262144,5,16575.337,7951.9,16608.83,1104951.245,0.00164029299999
111.114038806,786.432,262144,5,17361.769,7951.9,17395.262,1104951.245,0.002463022
111.11577534,524.288,262144,5,17886.057,7951.9,17919.55,1104951.245,0.001736534
111.117574172,786.432,262144,5,18672.489,7951.9,18705.982,1104951.245,0.00179883200001
111.118773557,1310.72,262144,5,19983.209,7951.9,20016.702,1104951.245,0.00119938499999
111.120407144,524.288,262144,5,20507.497,7951.9,20540.99,1104951.245,0.001633587
111.122155621,524.288,262144,5,21031.785,7951.9,21065.278,1104951.245,0.00174847700001
111.124141628,524.288,262144,5,21556.073,7951.9,21589.566,1104951.245,0.001986007
111.125515266,524.288,262144,5,22080.361,7951.9,22113.854,1104951.245,0.00137363799999
111.126926409,524.288,262144,5,22604.649,7951.9,22638.142,1104951.245,0.00141114300001
111.128305425,524.288,262144,5,23128.937,7951.9,23162.43,1104951.245,0.00137901599999
111.12965874,524.288,262144,5,23653.225,7951.9,23686.718,1104951.245,0.001353315
111.131043203,524.288,262144,5,24177.513,7951.9,24211.006,1104951.245,0.00138446300001
111.132341623,524.288,262144,5,24701.801,7951.9,24735.294,1104951.245,0.00129842
111.133705064,524.288,262144,5,25226.089,7951.9,25259.582,1104951.245,0.001363441
111.134988188,524.288,262144,5,25750.377,7951.9,25783.87,1104951.245,0.001283124
111.136460652,524.288,262144,5,26274.665,7951.9,26308.158,1104951.245,0.001472464
111.138001141,524.288,262144,5,26798.953,7951.9,26832.446,1104951.245,0.00154048900001
111.139551618,524.288,262144,5,27323.241,7951.9,27356.734,1104951.245,0.00155047699999
111.140976939,524.288,262144,5,27847.529,7951.9,27881.022,1104951.245,0.001425321
111.142448355,524.288,262144,5,28371.817,7951.9,28405.31,1104951.245,0.001471416
111.143683428,524.288,262144,5,28896.105,7951.9,28929.598,1104951.245,0.001235073
111.145104838,524.288,262144,5,29420.393,7951.9,29453.886,1104951.245,0.00142140999999
111.146483016,524.288,262144,5,29944.681,7951.9,29978.174,1104951.245,0.00137817800001
111.147820826,524.288,262144,5,30468.969,7951.9,30502.462,1104951.245,0.00133781
111.149191671,524.288,262144,5,30993.257,7951.9,31026.75,1104951.245,0.001370845
111.150589614,524.288,262144,5,31517.545,7951.9,31551.038,1104951.245,0.001397943
111.152040916,524.288,262144,5,32041.833,7951.9,32075.326,1104951.245,0.00145130200001
111.153357703,524.288,262144,5,32566.121,7951.9,32599.614,1104951.245,0.00131678699999
111.154759488,524.288,262144,5,33090.409,7951.9,33123.902,1104951.245,0.001401785
111.156245151,524.288,262144,5,33614.697,7951.9,33648.19,1104951.245,0.001485663
111.157753723,524.288,262144,5,34138.985,7951.9,34172.478,1104951.245,0.00150857200001
111.159481387,524.288,262144,5,34663.273,7951.9,34696.766,1104951.245,0.001727664
111.160955946,524.288,262144,5,35187.561,7951.9,35221.054,1104951.245,0.001474559
111.162653787,524.288,262144,5,35711.849,7951.9,35745.342,1104951.245,0.001697841
111.164025331,524.288,262144,5,36236.137,7951.9,36269.63,1104951.245,0.00137154400001
111.165612963,524.288,262144,5,36760.425,7951.9,36793.918,1104951.245,0.001587632
111.166885401,524.288,262144,5,37284.713,7951.9,37318.206,1104951.245,0.001272438
111.168508233,524.288,262144,5,37809.001,7951.9,37842.494,1104951.245,0.001622832
111.169978392,524.288,262144,5,38333.289,7951.9,38366.782,1104951.245,0.00147015900001
111.171407694,524.288,262144,5,38857.577,7951.9,38891.07,1104951.245,0.00142930199999
111.172850475,524.288,262144,5,39381.865,7951.9,39415.358,1104951.245,0.00144278100001
111.174341866,524.288,262144,5,39906.153,7951.9,39939.646,1104951.245,0.001491391
111.175795961,524.288,262144,5,40430.441,7951.9,40463.934,1104951.245,0.001454095
111.177204451,524.288,262144,5,40954.729,7951.9,40988.222,1104951.245,0.00140848999999
111.178823581,524.288,262144,5,41479.017,7951.9,41512.51,1104951.245,0.00161913000001
111.180483918,524.288,262144,5,42003.305,7951.9,42036.798,1104951.245,0.00166033699999
111.182003455,524.288,262144,5,42527.593,7951.9,42561.086,1104951.245,0.00151953700001
111.183284553,524.288,262144,5,43051.881,7951.9,43085.374,1104951.245,0.00128109799999
111.184813379,524.288,262144,5,43576.169,7951.9,43609.662,1104951.245,0.00152882600001
111.186204268,524.288,262144,5,44100.457,7951.9,44133.95,1104951.245,0.00139088899999
111.187410916,524.288,262144,5,44624.745,7951.9,44658.238,1104951.245,0.00120664800001
111.188686428,524.288,262144,5,45149.033,7951.9,45182.526,1104951.245,0.00127551199999
111.190004193,524.288,262144,5,45673.321,7951.9,45706.814,1104951.245,0.001317765
111.191320212,524.288,262144,5,46197.609,7951.9,46231.102,1104951.245,0.001316019
111.19265439,524.288,262144,5,46721.897,7951.9,46755.39,1104951.245,0.00133417800001
111.194420816,2097.152,262144,5,48819.049,7951.9,48852.542,1104951.245,0.001766426
111.19862561,786.432,262144,5,49605.481,7951.9,49638.974,1104951.245,0.00420479399999
111.200516284,524.288,262144,5,50129.769,7951.9,50163.262,1104951.245,0.00189067400001
111.20158283,524.288,262144,5,50654.057,7951.9,50687.55,1104951.245,0.001066546
111.202725224,524.288,262144,5,51178.345,7951.9,51211.838,1104951.245,0.001142394
111.203864056,1048.576,262144,5,52226.921,7951.9,52260.414,1104951.245,0.001138832
111.206100374,524.288,262144,5,52751.209,7951.9,52784.702,1104951.245,0.002236318
111.207551396,524.288,262144,5,53275.497,7951.9,53308.99,1104951.245,0.001451022
111.208734927,1572.864,262144,5,54848.361,7951.9,54881.854,1104951.245,0.001183531
111.212063004,524.288,262144,5,55372.649,7951.9,55406.142,1104951.245,0.00332807700001
111.21314722,1048.576,262144,5,56421.225,7951.9,56454.718,1104951.245,0.001084216
111.215276541,3145.728,262144,5,59566.953,7951.9,59600.446,1104951.245,0.002129321
111.221486828,524.288,262144,5,60091.241,7951.9,60124.734,1104951.245,0.006210287
111.222911101,524.288,262144,5,60615.529,7951.9,60649.022,1104951.245,0.001424273
111.224046092,524.288,262144,5,61139.817,7951.9,61173.31,1104951.245,0.001134991
111.225166695,524.288,262144,5,61664.105,7951.9,61697.598,1104951.245,0.001120603
111.226334581,524.288,262144,5,62188.393,7951.9,62221.886,1104951.245,0.001167886
111.227515597,524.288,262144,5,62712.681,7951.9,62746.174,1104951.245,0.00118101599999
111.228763242,524.288,262144,5,63236.969,7951.9,63270.462,1104951.245,0.00124764500001
111.230139604,524.288,262144,5,63761.257,7951.9,63794.75,1104951.245,0.001376362
111.23142203,524.288,262144,5,64285.545,7951.9,64319.038,1104951.245,0.001282426
111.232739585,524.288,262144,5,64809.833,7951.9,64843.326,1104951.245,0.001317555
111.234288805,524.288,262144,5,65334.121,7951.9,65367.614,1104951.245,0.00154922
111.235664119,524.288,262144,5,65858.409,7951.9,65891.902,1104951.245,0.001375314
111.236967707,524.288,262144,5,66382.697,7951.9,66416.19,1104951.245,0.001303588
111.238260958,524.288,262144,5,66906.985,7951.9,66940.478,1104951.245,0.00129325099999
111.239590945,524.288,262144,5,67431.273,7951.9,67464.766,1104951.245,0.00132998700001
111.240844666,524.288,262144,5,67955.561,7951.9,67989.054,1104951.245,0.001253721
111.242112425,524.288,262144,5,68479.849,7951.9,68513.342,1104951.245,0.001267759
111.243473353,524.288,262144,5,69004.137,7951.9,69037.63,1104951.245,0.001360928
111.244727842,524.288,262144,5,69528.425,7951.9,69561.918,1104951.245,0.001254489
111.24596494,524.288,262144,5,70052.713,7951.9,70086.206,1104951.245,0.00123709799999
111.247239334,524.288,262144,5,70577.001,7951.9,70610.494,1104951.245,0.00127439400001
111.248579938,524.288,262144,5,71101.289,7951.9,71134.782,1104951.245,0.00134060400001
111.250335538,1048.576,262144,5,72149.865,7951.9,72183.358,1104951.245,0.0017556
111.253052294,524.288,262144,5,72674.153,7951.9,72707.646,1104951.245,0.002716756
111.254666815,1048.576,262144,5,73722.729,7951.9,73756.222,1104951.245,0.00161452099999
111.256867235,1048.576,262144,5,74771.305,7951.9,74804.798,1104951.245,0.00220042000001
111.259012759,1048.576,262144,5,75819.881,7951.9,75853.374,1104951.245,0.002145524
111.261172461,1048.576,262144,5,76868.457,7951.9,76901.95,1104951.245,0.002159702
111.263153788,2621.44,262144,5,79489.897,7951.9,79523.39,1104951.245,0.001981327
111.267953142,1048.576,262144,5,80538.473,7951.9,80571.966,1104951.245,0.004799354
111.269917847,1048.576,262144,5,81587.049,7951.9,81620.542,1104951.245,0.00196470500001
111.27191419,1048.576,262144,5,82635.625,7951.9,82669.118,1104951.245,0.001996343
111.273838457,1048.576,262144,5,83684.201,7951.9,83717.694,1104951.245,0.00192426699999
111.27580393,1048.576,262144,5,84732.777,7951.9,84766.27,1104951.245,0.001965473
111.277771429,1048.576,262144,5,85781.353,7951.9,85814.846,1104951.245,0.001967499
111.280145195,2621.44,262144,5,88402.793,7951.9,88436.286,1104951.245,0.00237376600001
111.284079424,2359.296,262144,5,90762.089,7951.9,90795.582,1104951.245,0.003934229
111.287021488,786.432,262144,5,91548.521,7951.9,91582.014,1104951.245,0.002942064
111.288205368,786.432,262144,5,92334.953,7951.9,92368.446,1104951.245,0.00118388000001
111.289374301,786.432,262144,5,93121.385,7951.9,93154.878,1104951.245,0.00116893299999
111.290549102,1310.72,262144,5,94432.105,7951.9,94465.598,1104951.245,0.001174801
111.292309661,786.432,262144,5,95218.537,7951.9,95252.03,1104951.245,0.001760559
111.293493261,786.432,262144,5,96004.969,7951.9,96038.462,1104951.245,0.00118359999999
111.294672182,1310.72,262144,5,97315.689,7951.9,97349.182,1104951.245,0.001178921
111.296430366,1310.72,262144,5,98626.409,7951.9,98659.902,1104951.245,0.001758184
111.298190157,1310.72,262144,5,99937.129,7951.9,99970.622,1104951.245,0.001759791
111.299964126,786.432,262144,5,100723.561,7951.9,100757.054,1104951.245,0.00177396900001
111.301136062,786.432,262144,5,101509.993,7951.9,101543.486,1104951.245,0.00117193599999
111.302310723,1310.72,262144,5,102820.713,7951.9,102854.206,1104951.245,0.00117466100001
111.304083993,2883.584,262144,5,105704.297,7951.9,105737.79,1104951.245,0.00177327
111.307604762,786.432,262144,5,106490.729,7951.9,106524.222,1104951.245,0.00352076899999
111.308788432,786.432,262144,5,107277.161,7951.9,107310.654,1104951.245,0.00118367
111.309966026,3407.872,262144,5,110685.033,7951.9,110718.526,1104951.245,0.001177594
111.314077582,46399.488,262144,5,157084.521,7951.9,157118.014,1104951.245,0.004111556
111.37924823,1310.72,262144,5,158395.241,7951.9,158428.734,1104951.245,0.065170648
111.381009418,786.432,262144,5,159181.673,7951.9,159215.166,1104951.245,0.001761188
111.382189107,2359.296,262144,5,161540.969,7951.9,161574.462,1104951.245,0.001179689
111.385129914,1310.72,262144,5,162851.689,7951.9,162885.182,1104951.245,0.002940807
111.386888028,786.432,262144,5,163638.121,7951.9,163671.614,1104951.245,0.001758114
111.388071279,2359.296,262144,5,165997.417,7951.9,166030.91,1104951.245,0.001183251
111.391008594,2359.296,262144,5,168356.713,7951.9,168390.206,1104951.245,0.002937315
111.393951427,1500.64,262144,5,169857.353,7951.9,169890.846,1104951.245,0.00294283300001
111.396292786,416.736,189920,5,170274.089,7952.796,170307.582,1104952.141,0.002341359
111.475177817,0.184,184,5,170274.273,7954.076,170307.766,1104953.421,0.078885031
110.941392341,0.22,220,2,25.044,595603.472,170307.955,1104962.429,0
111.486427502,0.189,189,5,170274.462,7963.676,170308.175,1104979.405,0.545035161
112.013431739,1.575,1575,5,170276.037,7963.676,170309.75,1104979.405,0.527004237
112.01559172,0.286,286,5,170276.323,11061.276,170310.036,1108077.005,0.00215998100001
112.058410713,0.19,190,5,170276.513,11062.268,170310.226,1108077.997,0.042818993
111.942388976,0.22,220,2,25.264,595619.856,170312.565,1108086.189,0
112.435536813,2.339,2339,5,170278.852,11063.228,170312.785,1108095.341,0.493147837
113.570827341,0.19,190,5,170279.042,11065.052,170312.975,1108097.165,1.135290528
113.575684383,0.19,190,5,170279.232,11066.748,170313.165,1108098.861,0.004857042
112.943311021,0.22,220,2,25.484,595636.24,170313.355,1108109.357,0
113.580708695,0.19,190,5,170279.422,11077.948,170313.575,1108126.445,0.637397674
114.440070001,1.575,1575,5,170280.997,11077.948,170315.15,1108126.445,0.859361306
114.442278871,0.286,286,5,170281.283,12176.636,170315.436,1109225.133,0.00220887
114.45767189,0.19,190,5,170281.473,12177.564,170315.626,1109226.061,0.015393019
114.586971922,0.286,286,5,170281.759,12178.46,170315.912,1113003.469,0.129300032
114.607689221,0.19,190,5,170281.949,12179.324,170316.102,1113004.333,0.020717299
113.944127256,0.22,220,2,25.704,595652.624,170318.722,1113012.525,0
114.834405342,2.62,2620,5,170284.569,12187.836,170318.942,1113029.229,0.890278086
115.634359023,1.861,1575,5,170286.43,12191.932,170320.803,1114073.709,0.799953681
115.645687559,0.19,190,5,170286.62,12193.98,170320.993,1114075.757,0.011328536
114.945036659,0.22,220,2,25.924,597012.496,170321.107,1116165.229,0
115.83005004,0.114,114,5,170286.734,12194.492,170321.327,1116173.421,0.885013381
116.311003937,0.184,184,5,170286.918,12195.004,170321.511,1116173.933,0.480953897
116.313503906,1.775,1775,5,170288.693,12196.028,170323.286,1116174.957,0.002499969
116.315896599,524.288,262144,5,170812.981,12196.028,170847.574,1116174.957,0.002392693
116.317459018,2883.584,262144,5,173696.565,12196.028,173731.158,1116174.957,0.001562419
116.322457629,524.288,262144,5,174220.853,12196.028,174255.446,1116174.957,0.004998611
116.324079553,524.288,262144,5,174745.141,12196.028,174779.734,1116174.957,0.00162192400001
116.325848144,524.288,262144,5,175269.429,12196.028,175304.022,1116174.957,0.001768591
116.327610239,1048.576,262144,5,176318.005,12196.028,176352.598,1116174.957,0.00176209499999
116.330255338,786.432,262144,5,177104.437,12196.028,177139.03,1116174.957,0.00264509900001
116.332027072,1048.576,262144,5,178153.013,12196.028,178187.606,1116174.957,0.001771734
116.334816253,524.288,262144,5,178677.301,12196.028,178711.894,1116174.957,0.002789181
116.336577441,524.288,262144,5,179201.589,12196.028,179236.182,1116174.957,0.001761188
116.338348197,524.288,262144,5,179725.877,12196.028,179760.47,1116174.957,0.001770756
116.340114483,524.288,262144,5,180250.165,12196.028,180284.758,1116174.957,0.00176628599999
116.34188007,524.288,262144,5,180774.453,12196.028,180809.046,1116174.957,0.00176558700001
116.343637766,524.288,262144,5,181298.741,12196.028,181333.334,1116174.957,0.001757696
116.345425074,524.288,262144,5,181823.029,12196.028,181857.622,1116174.957,0.001787308
116.347174459,524.288,262144,5,182347.317,12196.028,182381.91,1116174.957,0.001749385
116.348933342,524.288,262144,5,182871.605,12196.028,182906.198,1116174.957,0.00175888299999
116.350702421,524.288,262144,5,183395.893,12196.028,183430.486,1116174.957,0.001769079
116.352460606,1048.576,262144,5,184444.469,12196.028,184479.062,1116174.957,0.001758185
116.355251394,524.288,262144,5,184968.757,12196.028,185003.35,1116174.957,0.00279078800001
116.357027737,524.288,262144,5,185493.045,12196.028,185527.638,1116174.957,0.00177634299999
116.358930563,1048.576,262144,5,186541.621,12196.028,186576.214,1116174.957,0.00190282600001
116.361865014,1310.72,262144,5,187852.341,12196.028,187886.934,1116174.957,0.002934451
116.364814202,524.288,262144,5,188376.629,12196.028,188411.222,1116174.957,0.002949188
116.366732113,524.288,262144,5,188900.917,12196.028,188935.51,1116174.957,0.00191791099999
116.36863892,524.288,262144,5,189425.205,12196.028,189459.798,1116174.957,0.001906807
116.370547892,524.288,262144,5,189949.493,12196.028,189984.086,1116174.957,0.00190897200001
116.372464267,524.288,262144,5,190473.781,12196.028,190508.374,1116174.957,0.00191637499999
116.373646051,524.288,262144,5,190998.069,12196.028,191032.662,1116174.957,0.001181784
116.375414153,524.288,262144,5,191522.357,12196.028,191556.95,1116174.957,0.001768102
116.377316909,524.288,262144,5,192046.645,12196.028,192081.238,1116174.957,0.00190275600001
116.379236218,1572.864,262144,5,193619.509,12196.028,193654.102,1116174.957,0.001919309
116.383195171,1048.576,262144,5,194668.085,12196.028,194702.678,1116174.957,0.00395895299999
116.38614799,524.288,262144,5,195192.373,12196.028,195226.966,1116174.957,0.002952819
116.388057521,524.288,262144,5,195716.661,12196.028,195751.254,1116174.957,0.001909531
116.389962651,1048.576,262144,5,196765.237,12196.028,196799.83,1116174.957,0.00190513000001
116.392902341,524.288,262144,5,197289.525,12196.028,197324.118,1116174.957,0.00293968999999
116.39497544,524.288,262144,5,197813.813,12196.028,197848.406,1116174.957,0.002073099
116.396873167,1048.576,262144,5,198862.389,12196.028,198896.982,1116174.957,0.001897727
116.399820399,524.288,262144,5,199386.677,12196.028,199421.27,1116174.957,0.00294723200001
116.401736844,524.288,262144,5,199910.965,12196.028,199945.558,1116174.957,0.00191644499999
116.403783333,524.288,262144,5,200435.253,12196.028,200469.846,1116174.957,0.00204648900001
116.405554927,524.288,262144,5,200959.541,12196.028,200994.134,1116174.957,0.00177159399999
116.406737061,524.288,262144,5,201483.829,12196.028,201518.422,1116174.957,0.001182134
116.408640306,524.288,262144,5,202008.117,12196.028,202042.71,1116174.957,0.00190324499999
116.41056597,524.288,262144,5,202532.405,12196.028,202566.998,1116174.957,0.001925664
116.412617418,524.288,262144,5,203056.693,12196.028,203091.286,1116174.957,0.002051448
116.414520313,524.288,262144,5,203580.981,12196.028,203615.574,1116174.957,0.001902895
116.416438015,524.288,262144,5,204105.269,12196.028,204139.862,1116174.957,0.001917702
116.418346009,524.288,262144,5,204629.557,12196.028,204664.15,1116174.957,0.00190799400001
116.420261756,2097.152,262144,5,206726.709,12196.028,206761.302,1116174.957,0.001915747
116.425255477,524.288,262144,5,207250.997,12196.028,207285.59,1116174.957,0.00499372099999
116.427314957,524.288,262144,5,207775.285,12196.028,207809.878,1116174.957,0.00205948
116.429236221,524.288,262144,5,208299.573,12196.028,208334.166,1116174.957,0.001921264
116.431142609,524.288,262144,5,208823.861,12196.028,208858.454,1116174.957,0.00190638800001
116.433344984,524.288,262144,5,209348.149,12196.028,209382.742,1116174.957,0.002202375
116.43526953,524.288,262144,5,209872.437,12196.028,209907.03,1116174.957,0.001924546
116.437168375,524.288,262144,5,210396.725,12196.028,210431.318,1116174.957,0.001898845
116.43938402,524.288,262144,5,210921.013,12196.028,210955.606,1116174.957,0.00221564500001
116.441285519,524.288,262144,5,211445.301,12196.028,211479.894,1116174.957,0.001901499
116.443192744,524.288,262144,5,211969.589,12196.028,212004.182,1116174.957,0.001907225
116.445267519,524.288,262144,5,212493.877,12196.028,212528.47,1116174.957,0.002074775
116.447179075,524.288,262144,5,213018.165,12196.028,213052.758,1116174.957,0.001911556
116.449219977,524.288,262144,5,213542.453,12196.028,213577.046,1116174.957,0.002040902
116.451293286,524.288,262144,5,214066.741,12196.028,214101.334,1116174.957,0.002073309
116.453200023,524.288,262144,5,214591.029,12196.028,214625.622,1116174.957,0.001906737
116.455248677,1048.576,262144,5,215639.605,12196.028,215674.198,1116174.957,0.00204865400001
116.457319681,524.288,262144,5,216163.893,12196.028,216198.486,1116174.957,0.002071004
116.459230049,524.288,262144,5,216688.181,12196.028,216722.774,1116174.957,0.001910368
116.460715294,524.288,262144,5,217212.469,12196.028,217247.062,1116174.957,0.001485245
116.462469707,524.288,262144,5,217736.757,12196.028,217771.35,1116174.957,0.001754413
116.464541199,524.288,262144,5,218261.045,12196.028,218295.638,1116174.957,0.002071492
116.466593974,524.288,262144,5,218785.333,12196.028,218819.926,1116174.957,0.00205277500001
116.468653803,524.288,262144,5,219309.621,12196.028,219344.214,1116174.957,0.00205982899999
116.470716007,786.432,262144,5,220096.053,12196.028,220130.646,1116174.957,0.002062204
116.472918871,524.288,262144,5,220620.341,12196.028,220654.934,1116174.957,0.00220286400001
116.47481604,524.288,262144,5,221144.629,12196.028,221179.222,1116174.957,0.00189716899999
116.476006275,524.288,262144,5,221668.917,12196.028,221703.51,1116174.957,0.00119023500001
116.4780543,524.288,262144,5,222193.205,12196.028,222227.798,1116174.957,0.00204802499999
116.480128168,524.288,262144,5,222717.493,12196.028,222752.086,1116174.957,0.002073868
116.482331101,524.288,262144,5,223241.781,12196.028,223276.374,1116174.957,0.00220293300001
116.48424147,524.288,262144,5,223766.069,12196.028,223800.662,1116174.957,0.001910369
116.486299343,524.288,262144,5,224290.357,12196.028,224324.95,1116174.957,0.002057873
116.488357007,524.288,262144,5,224814.645,12196.028,224849.238,1116174.957,0.00205766400001
116.490416976,524.288,262144,5,225338.933,12196.028,225373.526,1116174.957,0.002059969
116.492477783,524.288,262144,5,225863.221,12196.028,225897.814,1116174.957,0.00206080699999
116.493642875,524.288,262144,5,226387.509,12196.028,226422.102,1116174.957,0.00116509200001
116.495720723,786.432,262144,5,227173.941,12196.028,227208.534,1116174.957,0.002077848
116.497625854,786.432,262144,5,227960.373,12196.028,227994.966,1116174.957,0.001905131
116.499815308,524.288,262144,5,228484.661,12196.028,228519.254,1116174.957,0.00218945399999
116.501888477,524.288,262144,5,229008.949,12196.028,229043.542,1116174.957,0.002073169
116.504091131,524.288,262144,5,229533.237,12196.028,229567.83,1116174.957,0.002202654
116.505993887,524.288,262144,5,230057.525,12196.028,230092.118,1116174.957,0.00190275600001
116.508214211,524.288,262144,5,230581.813,12196.028,230616.406,1116174.957,0.00222032399999
116.510564091,524.288,262144,5,231106.101,12196.028,231140.694,1116174.957,0.00234988000001
116.512614771,524.288,262144,5,231630.389,12196.028,231664.982,1116174.957,0.00205068
116.514691292,524.288,262144,5,232154.677,12196.028,232189.27,1116174.957,0.00207652099999
116.516887102,524.288,262144,5,232678.965,12196.028,232713.558,1116174.957,0.00219581
116.519088569,524.288,262144,5,233203.253,12196.028,233237.846,1116174.957,0.00220146700001
116.521014582,524.288,262144,5,233727.541,12196.028,233762.134,1116174.957,0.001926013
116.523209833,524.288,262144,5,234251.829,12196.028,234286.422,1116174.957,0.00219525099999
116.525418983,524.288,262144,5,234776.117,12196.028,234810.71,1116174.957,0.00220915
116.527615701,524.288,262144,5,235300.405,12196.028,235334.998,1116174.957,0.00219671800001
116.529688171,786.432,262144,5,236086.837,12196.028,236121.43,1116174.957,0.00207247
116.531886425,524.288,262144,5,236611.125,12196.028,236645.718,1116174.957,0.00219825399999
116.533939619,524.288,262144,5,237135.413,12196.028,237170.006,1116174.957,0.002053194
116.535996794,524.288,262144,5,237659.701,12196.028,237694.294,1116174.957,0.002057175
116.53716936,524.288,262144,5,238183.989,12196.028,238218.582,1116174.957,0.00117256599999
116.53939136,524.288,262144,5,238708.277,12196.028,238742.87,1116174.957,0.002222
116.541298656,1048.576,262144,5,239756.853,12196.028,239791.446,1116174.957,0.001907296
116.543497469,1310.72,262144,5,241067.573,12196.028,241102.166,1116174.957,0.00219881300001
116.546589343,524.288,262144,5,241591.861,12196.028,241626.454,1116174.957,0.00309187399999
116.547771825,524.288,262144,5,242116.149,12196.028,242150.742,1116174.957,0.001182482
116.549834657,524.288,262144,5,242640.437,12196.028,242675.03,1116174.957,0.00206283200001
116.55189728,524.288,262144,5,243164.725,12196.028,243199.318,1116174.957,0.002062623
116.553945725,524.288,262144,5,243689.013,12196.028,243723.606,1116174.957,0.002048445
116.555995497,524.288,262144,5,244213.301,12196.028,244247.894,1116174.957,0.00204977199999
116.558065313,524.288,262144,5,244737.589,12196.028,244772.182,1116174.957,0.002069816
116.560273345,524.288,262144,5,245261.877,12196.028,245296.47,1116174.957,0.002208032
116.562476139,1048.576,262144,5,246310.453,12196.028,246345.046,1116174.957,0.002202794
116.565556,524.288,262144,5,246834.741,12196.028,246869.334,1116174.957,0.003079861
116.567770109,524.288,262144,5,247359.029,12196.028,247393.622,1116174.957,0.00221410899999
116.569817226,524.288,262144,5,247883.317,12196.028,247917.91,1116174.957,0.002047117
116.571874192,524.288,262144,5,248407.605,12196.028,248442.198,1116174.957,0.002056966
116.574098218,524.288,262144,5,248931.893,12196.028,248966.486,1116174.957,0.00222402600001
116.576015571,524.288,262144,5,249456.181,12196.028,249490.774,1116174.957,0.001917353
116.578204117,524.288,262144,5,249980.469,12196.028,250015.062,1116174.957,0.002188546
116.580262829,524.288,262144,5,250504.757,12196.028,250539.35,1116174.957,0.00205871200001
116.582477426,524.288,262144,5,251029.045,12196.028,251063.638,1116174.957,0.00221459699999
116.584534391,524.288,262144,5,251553.333,12196.028,251587.926,1116174.957,0.00205696500001
116.586604417,524.288,262144,5,252077.621,12196.028,252112.214,1116174.957,0.002070026
116.588798481,524.288,262144,5,252601.909,12196.028,252636.502,1116174.957,0.00219406399999
116.5908625,524.288,262144,5,253126.197,12196.028,253160.79,1116174.957,0.002064019
116.593069485,524.288,262144,5,253650.485,12196.028,253685.078,1116174.957,0.002206985
116.595274305,524.288,262144,5,254174.773,12196.028,254209.366,1116174.957,0.00220482
116.597320794,524.288,262144,5,254699.061,12196.028,254733.654,1116174.957,0.00204648899999
116.5991,524.288,262144,5,255223.349,12196.028,255257.942,1116174.957,0.00177920600001
116.601155988,524.288,262144,5,255747.637,12196.028,255782.23,1116174.957,0.002055988
116.603059443,524.288,262144,5,256271.925,12196.028,256306.518,1116174.957,0.001903455
116.605127652,524.288,262144,5,256796.213,12196.028,256830.806,1116174.957,0.00206820899999
116.606885697,524.288,262144,5,257320.501,12196.028,257355.094,1116174.957,0.001758045
116.608810593,524.288,262144,5,257844.789,12196.028,257879.382,1116174.957,0.00192489600001
116.610713698,524.288,262144,5,258369.077,12196.028,258403.67,1116174.957,0.001903105
116.612620505,524.288,262144,5,258893.365,12196.028,258927.958,1116174.957,0.001906807
116.61454135,524.288,262144,5,259417.653,12196.028,259452.246,1116174.957,0.001920845
116.616447388,524.288,262144,5,259941.941,12196.028,259976.534,1116174.957,0.001906038
116.6183653,524.288,262144,5,260466.229,12196.028,260500.822,1116174.957,0.001917912
116.620269243,524.288,262144,5,260990.517,12196.028,261025.11,1116174.957,0.001903943
116.622185129,524.288,262144,5,261514.805,12196.028,261549.398,1116174.957,0.00191588600001
116.62409452,524.288,262144,5,262039.093,12196.028,262073.686,1116174.957,0.001909391
116.626004679,524.288,262144,5,262563.381,12196.028,262597.974,1116174.957,0.001910159
116.627782838,524.288,262144,5,263087.669,12196.028,263122.262,1116174.957,0.001778159
116.629688807,524.288,262144,5,263611.957,12196.028,263646.55,1116174.957,0.00190596899999
116.631432883,524.288,262144,5,264136.245,12196.028,264170.838,1116174.957,0.00174407600001
116.633204756,524.288,262144,5,264660.533,12196.028,264695.126,1116174.957,0.001771873
116.634821861,1048.576,262144,5,265709.109,12196.028,265743.702,1116174.957,0.00161710500001
116.637469614,524.288,262144,5,266233.397,12196.028,266267.99,1116174.957,0.00264775299999
116.63923157,524.288,262144,5,266757.685,12196.028,266792.278,1116174.957,0.00176195600001
116.640993666,524.288,262144,5,267281.973,12196.028,267316.566,1116174.957,0.00176209599999
116.642622085,1048.576,262144,5,268330.549,12196.028,268365.142,1116174.957,0.001628419
116.645408403,524.288,262144,5,268854.837,12196.028,268889.43,1116174.957,0.00278631800001
116.647168404,524.288,262144,5,269379.125,12196.028,269413.718,1116174.957,0.00176000099999
116.648792144,524.288,262144,5,269903.413,12196.028,269938.006,1116174.957,0.00162374
116.65069895,524.288,262144,5,270427.701,12196.028,270462.294,1116174.957,0.00190680600001
116.652472011,524.288,262144,5,270951.989,12196.028,270986.582,1116174.957,0.00177306099999
116.654234945,524.288,262144,5,271476.277,12196.028,271510.87,1116174.957,0.001762934
116.656002418,524.288,262144,5,272000.565,12196.028,272035.158,1116174.957,0.001767473
116.657615891,524.288,262144,5,272524.853,12196.028,272559.446,1116174.957,0.00161347300001
116.659375123,524.288,262144,5,273049.141,12196.028,273083.734,1116174.957,0.001759232
116.66100019,2097.152,262144,5,275146.293,12196.028,275180.886,1116174.957,0.00162506699999
116.665857722,524.288,262144,5,275670.581,12196.028,275705.174,1116174.957,0.004857532
116.66791357,524.288,262144,5,276194.869,12196.028,276229.462,1116174.957,0.002055848
116.669970116,524.288,262144,5,276719.157,12196.028,276753.75,1116174.957,0.00205654600001
116.672031761,786.432,262144,5,277505.589,12196.028,277540.182,1116174.957,0.002061645
116.674091171,1048.576,262144,5,278554.165,12196.028,278588.758,1116174.957,0.00205941
116.67718046,524.288,262144,5,279078.453,12196.028,279113.046,1116174.957,0.003089289
116.679241267,524.288,262144,5,279602.741,12196.028,279637.334,1116174.957,0.00206080699999
116.681286429,524.288,262144,5,280127.029,12196.028,280161.622,1116174.957,0.002045162
116.683353941,524.288,262144,5,280651.317,12196.028,280685.91,1116174.957,0.002067512
116.68540951,524.288,262144,5,281175.605,12196.028,281210.198,1116174.957,0.00205556900001
116.687463262,524.288,262144,5,281699.893,12196.028,281734.486,1116174.957,0.00205375199999
116.689388926,1048.576,262144,5,282748.469,12196.028,282783.062,1116174.957,0.00192566400001
116.692472768,524.288,262144,5,283272.757,12196.028,283307.35,1116174.957,0.003083842
116.694524984,524.288,262144,5,283797.045,12196.028,283831.638,1116174.957,0.002052216
116.696739651,524.288,262144,5,284321.333,12196.028,284355.926,1116174.957,0.002214667
116.698649461,1835.008,262144,5,286156.341,12196.028,286190.934,1116174.957,0.00190981
116.702912713,407.176,262144,5,286563.517,12196.028,286598.11,1116174.957,0.004263252
116.70480604,159.744,145032,5,286723.261,12196.028,286757.854,1116174.957,0.00189332699999
116.706549768,14.712,14712,5,286737.973,12197.02,286772.566,1116175.949,0.00174372800001
116.783278799,0.184,184,5,286738.157,12198.908,286772.75,1116177.837,0.076729031
115.945980564,0.22,220,2,26.144,597028.88,286772.94,1116186.925,0
116.866716015,0.19,190,5,286738.347,12208.636,286773.16,1116203.949,0.920735451
117.38141317,1.575,1575,5,286739.922,12208.636,286774.735,1116203.949,0.514697155
117.38326585,0.286,286,5,286740.208,15886.844,286775.021,1119882.157,0.00185268
117.449750771,0.19,190,5,286740.398,15890.94,286775.211,1119886.253,0.066484921
116.946951218,0.22,220,2,26.364,597045.264,286777.55,1119894.445,0
117.947977117,0.22,220,2,26.584,597061.648,286777.77,1119910.829,1.001025899
117.819428647,2.339,2339,5,286742.737,15894.012,286777.99,1119922.093,0
119.273522495,0.19,190,5,286742.927,15895.964,286778.18,1119924.045,1.454093848
119.277131544,0.19,190,5,286743.117,15897.788,286778.37,1119925.869,0.003609049
119.282358535,0.19,190,5,286743.307,15908.604,286778.56,1119936.685,0.005226991
119.503273709,1.575,1575,5,286744.882,15908.604,286780.135,1119936.685,0.220915174
119.50586922,0.286,286,5,286745.168,16721.66,286780.421,1120749.741,0.002595511
119.518742575,0.19,190,5,286745.358,16722.684,286780.611,1120750.765,0.012873355
119.63125821,0.286,286,5,286745.644,20573.916,286780.897,1124601.997,0.112515635
119.670768891,0.19,190,5,286745.834,20574.876,286781.087,1124602.957,0.039510681
118.9486272,0.22,220,2,26.804,597078.032,286783.707,1124611.149,0
119.949440431,0.22,220,2,27.024,597094.416,286783.927,1124627.533,1.000813231
119.9020138,2.62,2620,5,286748.454,20574.876,286784.147,1124635.725,0
120.950410457,0.22,220,2,27.244,597111.696,286784.486,1124645.741,1.048396657
121.069787998,0.339,339,5,286748.793,20576.7,286784.706,1124654.829,0.119377541
122.079918127,0.19,190,5,286748.983,20586.556,286784.896,1124664.685,1.010130129
122.584438988,1.575,1575,5,286750.558,20586.556,286786.471,1124664.685,0.504520861
122.586354316,0.286,286,5,286750.844,25276.476,286786.757,1129354.605,0.001915328
121.951247714,0.22,220,2,27.464,597128.08,286786.947,1129364.845,0
122.665527931,0.19,190,5,286751.034,25278.524,286787.167,1129373.037,0.714280217
122.952117727,0.22,220,2,27.684,597144.464,286789.506,1129381.229,0.286589796
123.010453847,2.339,2339,5,286753.373,25279.548,286789.726,1129390.445,0.05833612
124.288525451,0.19,190,5,286753.563,25281.5,286789.916,1129392.397,1.278071604
123.953028178,0.22,220,2,27.904,597160.848,286790.106,1129402.413,0
124.29369608,0.19,190,5,286753.753,25292.652,286790.326,1129419.933,0.340667902
125.051408706,1.575,1575,5,286755.328,25292.652,286791.901,1129419.933,0.757712626
125.054266122,0.286,286,5,286755.614,26300.268,286792.187,1130427.549,0.002857416
125.063060676,0.19,190,5,286755.804,26304.364,286792.377,1130431.645,0.008794554
125.185496707,0.286,286,5,286756.09,30762.86,286792.663,1134890.141,0.122436031
125.266356011,0.19,190,5,286756.28,30763.884,286792.853,1134891.165,0.080859304
124.953879264,0.22,220,2,28.124,597177.232,286795.473,1134899.357,0
125.954712331,0.22,220,2,28.344,597193.616,286795.693,1134917.245,1.000833067
125.509323989,2.62,2620,5,286758.9,30764.876,286795.913,1134926.429,0
126.955485195,0.22,220,2,28.564,597210.0,286796.103,1134935.581,1.446161206
127.35681975,0.19,190,5,286759.09,30774.748,286796.323,1134952.685,0.401334555
128.155190898,1.575,1575,5,286760.665,30774.748,286797.898,1134952.685,0.798371148
128.157157628,0.286,286,5,286760.951,36199.9,286798.184,1140377.837,0.00196672999999
128.255490454,0.19,190,5,286761.141,36200.924,286798.374,1140378.861,0.098332826
127.956293258,0.22,220,2,28.784,597226.384,286800.713,1140387.053,0
128.592622361,2.339,2339,5,286763.48,36203.34,286800.933,1140397.661,0.636329103
129.63558816,0.19,190,5,286763.67,36205.132,286801.123,1140399.453,1.042965799
128.95716802,0.22,220,2,29.004,597242.768,286801.313,1140408.493,0
129.639985647,0.19,190,5,286763.86,36215.116,286801.533,1140425.821,0.682817627
130.292067102,1.575,1575,5,286765.435,36215.116,286803.108,1140425.821,0.652081455
130.294525166,0.286,286,5,286765.721,36856.14,286803.394,1141066.845,0.002458064
130.304871035,0.19,190,5,286765.911,36856.652,286803.584,1141067.357,0.010345869
130.425626754,0.286,286,5,286766.197,41961.276,286803.87,1146171.981,0.120755719
130.488855884,0.19,190,5,286766.387,41962.252,286804.06,1146172.957,0.06322913
129.957984884,0.22,220,2,29.224,597259.152,286806.68,1146181.149,0
130.727402001,2.62,2620,5,286769.007,41962.252,286806.9,1146189.341,0.769417117
131.069781643,0.339,339,5,286769.346,41971.852,286807.239,1146198.941,0.342379642
131.346953621,1.575,1575,5,286770.921,41971.852,286808.814,1146198.941,0.277171978
131.348657399,0.286,286,5,286771.207,42987.66,286809.1,1147214.749,0.00170377799998
131.357978207,0.19,190,5,286771.397,42995.852,286809.29,1147222.941,0.00932080800001
130.959789234,0.22,220,2,29.444,598455.184,286809.404,1149234.077,0
131.547530105,0.114,114,5,286771.511,42999.948,286809.625,1149242.269,0.587740871
132.009406228,0.185,185,5,286771.696,43001.996,286809.81,1149244.317,0.461876123
132.011630603,1.775,1775,5,286773.471,43003.468,286811.585,1149245.789,0.002224375
132.014351689,524.288,262144,5,287297.759,43003.468,287335.873,1149245.789,0.00272108600001
132.023205888,524.288,262144,5,287822.047,43003.468,287860.161,1149245.789,0.00885419900001
132.028048054,524.288,262144,5,288346.335,43003.468,288384.449,1149245.789,0.004842166
132.031438359,524.288,262144,5,288870.623,43003.468,288908.737,1149245.789,0.00339030499998
132.034526322,524.288,262144,5,289394.911,43003.468,289433.025,1149245.789,0.00308796300001
132.037756202,524.288,262144,5,289919.199,43003.468,289957.313,1149245.789,0.00322987999999
132.039814843,524.288,262144,5,290443.487,43003.468,290481.601,1149245.789,0.00205864099999
132.043054501,524.288,262144,5,290967.775,43003.468,291005.889,1149245.789,0.00323965800001
132.046136248,524.288,262144,5,291492.063,43003.468,291530.177,1149245.789,0.00308174700001
132.048338483,524.288,262144,5,292016.351,43003.468,292054.465,1149245.789,0.002202235
132.051582401,524.288,262144,5,292540.639,43003.468,292578.753,1149245.789,0.00324391799998
132.053794973,524.288,262144,5,293064.927,43003.468,293103.041,1149245.789,0.00221257200002
132.057320142,786.432,262144,5,293851.359,43003.468,293889.473,1149245.789,0.003525169
132.059225203,524.288,262144,5,294375.647,43003.468,294413.761,1149245.789,0.001905061
132.062167825,524.288,262144,5,294899.935,43003.468,294938.049,1149245.789,0.00294262199998
132.06467841,524.288,262144,5,295424.223,43003.468,295462.337,1149245.789,0.00251058500001
132.067167414,524.288,262144,5,295948.511,43003.468,295986.625,1149245.789,0.00248900400001
132.069823967,524.288,262144,5,296472.799,43003.468,296510.913,1149245.789,0.00265655299998
132.072310456,524.288,262144,5,296997.087,43003.468,297035.201,1149245.789,0.00248648900001
132.074819714,524.288,262144,5,297521.375,43003.468,297559.489,1149245.789,0.002509258
132.077315212,524.288,262144,5,298045.663,43003.468,298083.777,1149245.789,0.002495498
132.0799608,524.288,262144,5,298569.951,43003.468,298608.065,1149245.789,0.00264558800001
132.082603664,524.288,262144,5,299094.239,43003.468,299132.353,1149245.789,0.00264286399999
132.085106916,524.288,262144,5,299618.527,43003.468,299656.641,1149245.789,0.002503252
132.087620224,524.288,262144,5,300142.815,43003.468,300180.929,1149245.789,0.002513308
132.090249539,524.288,262144,5,300667.103,43003.468,300705.217,1149245.789,0.00262931500001
132.092022949,524.288,262144,5,301191.391,43003.468,301229.505,1149245.789,0.00177341
132.094074746,524.288,262144,5,301715.679,43003.468,301753.793,1149245.789,0.00205179699998
132.096434194,524.288,262144,5,302239.967,43003.468,302278.081,1149245.789,0.00235944800002
132.098791198,524.288,262144,5,302764.255,43003.468,302802.369,1149245.789,0.00235700399998
132.101006004,524.288,262144,5,303288.543,43003.468,303326.657,1149245.789,0.00221480600001
132.103057243,524.288,262144,5,303812.831,43003.468,303850.945,1149245.789,0.002051239
132.105257174,524.288,262144,5,304337.119,43003.468,304375.233,1149245.789,0.00219993100001
132.107471212,524.288,262144,5,304861.407,43003.468,304899.521,1149245.789,0.00221403800001
132.1098176,524.288,262144,5,305385.695,43003.468,305423.809,1149245.789,0.00234638800001
132.112012502,524.288,262144,5,305909.983,43003.468,305948.097,1149245.789,0.00219490199999
132.114371531,524.288,262144,5,306434.271,43003.468,306472.385,1149245.789,0.00235902899999
132.11658536,524.288,262144,5,306958.559,43003.468,306996.673,1149245.789,0.002213829
132.118936427,524.288,262144,5,307482.847,43003.468,307520.961,1149245.789,0.00235106700001
132.121142434,524.288,262144,5,308007.135,43003.468,308045.249,1149245.789,0.00220600700001
132.12349385,524.288,262144,5,308531.423,43003.468,308569.537,1149245.789,0.00235141599998
132.126153686,524.288,262144,5,309055.711,43003.468,309093.825,1149245.789,0.00265983600002
132.129089045,524.288,262144,5,309579.999,43003.468,309618.113,1149245.789,0.00293535899999
132.131566734,524.288,262144,5,310104.287,43003.468,310142.401,1149245.789,0.00247768899999
132.133928208,524.288,262144,5,310628.575,43003.468,310666.689,1149245.789,0.002361474
132.136718716,524.288,262144,5,311152.863,43003.468,311190.977,1149245.789,0.002790508
132.139371288,524.288,262144,5,311677.151,43003.468,311715.265,1149245.789,0.00265257200002
132.141897447,524.288,262144,5,312201.439,43003.468,312239.553,1149245.789,0.00252615899998
132.144372483,524.288,262144,5,312725.727,43003.468,312763.841,1149245.789,0.00247503600002
132.147022261,524.288,262144,5,313250.015,43003.468,313288.129,1149245.789,0.00264977799998
132.14965849,524.288,262144,5,313774.303,43003.468,313812.417,1149245.789,0.00263622900002
132.152469602,524.288,262144,5,314298.591,43003.468,314336.705,1149245.789,0.00281111199999
132.154650605,524.288,262144,5,314822.879,43003.468,314860.993,1149245.789,0.002181003
132.156146396,524.288,262144,5,315347.167,43003.468,315385.281,1149245.789,0.001495791
132.158647832,524.288,262144,5,315871.455,43003.468,315909.569,1149245.789,0.00250143600002
132.160851464,524.288,262144,5,316395.743,43003.468,316433.857,1149245.789,0.00220363199998
132.163058518,524.288,262144,5,316920.031,43003.468,316958.145,1149245.789,0.00220705400002
132.165263198,524.288,262144,5,317444.319,43003.468,317482.433,1149245.789,0.00220467999998
132.167459427,524.288,262144,5,317968.607,43003.468,318006.721,1149245.789,0.00219622900002
132.169525961,524.288,262144,5,318492.895,43003.468,318531.009,1149245.789,0.00206653399999
132.171731968,524.288,262144,5,319017.183,43003.468,319055.297,1149245.789,0.00220600699998
132.173920654,524.288,262144,5,319541.471,43003.468,319579.585,1149245.789,0.00218868600001
132.17615327,524.288,262144,5,320065.759,43003.468,320103.873,1149245.789,0.00223261599999
132.178354039,524.288,262144,5,320590.047,43003.468,320628.161,1149245.789,0.00220076900001
132.180545239,524.288,262144,5,321114.335,43003.468,321152.449,1149245.789,0.0021912
132.182767868,524.288,262144,5,321638.623,43003.468,321676.737,1149245.789,0.00222262900002
132.185114046,524.288,262144,5,322162.911,43003.468,322201.025,1149245.789,0.00234617799998
132.187322917,524.288,262144,5,322687.199,43003.468,322725.313,1149245.789,0.00220887099999
132.189511463,524.288,262144,5,323211.487,43003.468,323249.601,1149245.789,0.00218854600001
132.190996917,524.288,262144,5,323735.775,43003.468,323773.889,1149245.789,0.001485454
132.19218366,524.288,262144,5,324260.063,43003.468,324298.177,1149245.789,0.00118674300001
132.194823731,524.288,262144,5,324784.351,43003.468,324822.465,1149245.789,0.002640071
132.19732775,524.288,262144,5,325308.639,43003.468,325346.753,1149245.789,0.00250401899999
132.19967784,524.288,262144,5,325832.927,43003.468,325871.041,1149245.789,0.00235008999999
132.202027999,524.288,262144,5,326357.215,43003.468,326395.329,1149245.789,0.002350159
132.20453153,524.288,262144,5,326881.503,43003.468,326919.617,1149245.789,0.002503531
132.206889581,524.288,262144,5,327405.791,43003.468,327443.905,1149245.789,0.00235805100002
132.209239461,524.288,262144,5,327930.079,43003.468,327968.193,1149245.789,0.00234988
132.211592553,786.432,262144,5,328716.511,43003.468,328754.625,1149245.789,0.00235309199999
132.214096782,524.288,262144,5,329240.799,43003.468,329278.913,1149245.789,0.00250422900001
132.216440795,524.288,262144,5,329765.087,43003.468,329803.201,1149245.789,0.002344013
132.218937901,524.288,262144,5,330289.375,43003.468,330327.489,1149245.789,0.00249710599999
132.221431654,524.288,262144,5,330813.663,43003.468,330851.777,1149245.789,0.00249375300001
132.223931203,1048.576,262144,5,331862.239,43003.468,331900.353,1149245.789,0.00249954899999
132.225993547,524.288,262144,5,332386.527,43003.468,332424.641,1149245.789,0.002062344
132.228057356,524.288,262144,5,332910.815,43003.468,332948.929,1149245.789,0.00206380899999
132.230111598,524.288,262144,5,333435.103,43003.468,333473.217,1149245.789,0.00205424200001
132.232178202,524.288,262144,5,333959.391,43003.468,333997.505,1149245.789,0.00206660399999
132.234235027,524.288,262144,5,334483.679,43003.468,334521.793,1149245.789,0.00205682500001
132.236287383,1048.576,262144,5,335532.255,43003.468,335570.369,1149245.789,0.00205235599998
132.239374648,524.288,262144,5,336056.543,43003.468,336094.657,1149245.789,0.003087265
132.24144195,524.288,262144,5,336580.831,43003.468,336618.945,1149245.789,0.002067302
132.243486344,524.288,262144,5,337105.119,43003.468,337143.233,1149245.789,0.002044394
132.245572014,524.288,262144,5,337629.407,43003.468,337667.521,1149245.789,0.00208567000001
132.247621297,1048.576,262144,5,338677.983,43003.468,338716.097,1149245.789,0.00204928299999
132.250709539,524.288,262144,5,339202.271,43003.468,339240.385,1149245.789,0.00308824200002
132.252762523,1048.576,262144,5,340250.847,43003.468,340288.961,1149245.789,0.00205298399999
132.255851533,524.288,262144,5,340775.135,43003.468,340813.249,1149245.789,0.00308901
132.257773985,524.288,262144,5,341299.423,43003.468,341337.537,1149245.789,0.001922452
132.259677229,524.288,262144,5,341823.711,43003.468,341861.825,1149245.789,0.001903244
132.261436671,524.288,262144,5,342347.999,43003.468,342386.113,1149245.789,0.00175944200001
132.26321064,524.288,262144,5,342872.287,43003.468,342910.401,1149245.789,0.001773969
132.265110811,524.288,262144,5,343396.575,43003.468,343434.689,1149245.789,0.00190017099999
132.266893161,524.288,262144,5,343920.863,43003.468,343958.977,1149245.789,0.00178235000001
132.268642126,524.288,262144,5,344445.151,43003.468,344483.265,1149245.789,0.00174896499999
132.270556825,524.288,262144,5,344969.439,43003.468,345007.553,1149245.789,0.001914699
132.272179238,524.288,262144,5,345493.727,43003.468,345531.841,1149245.789,0.00162241300001
132.274083321,524.288,262144,5,346018.015,43003.468,346056.129,1149245.789,0.001904083
132.275706293,524.288,262144,5,346542.303,43003.468,346580.417,1149245.789,0.00162297200001
132.277482776,786.432,262144,5,347328.735,43003.468,347366.849,1149245.789,0.00177648299999
132.279388535,524.288,262144,5,347853.023,43003.468,347891.137,1149245.789,0.00190575900001
132.281150211,524.288,262144,5,348377.311,43003.468,348415.425,1149245.789,0.001761676
132.282910701,524.288,262144,5,348901.599,43003.468,348939.713,1149245.789,0.00176048999998
132.284822257,524.288,262144,5,349425.887,43003.468,349464.001,1149245.789,0.00191155600001
132.286590219,786.432,262144,5,350212.319,43003.468,350250.433,1149245.789,0.001767962
132.288356854,524.288,262144,5,350736.607,43003.468,350774.721,1149245.789,0.001766635
132.290120277,786.432,262144,5,351523.039,43003.468,351561.153,1149245.789,0.001763423
132.292040842,524.288,262144,5,352047.327,43003.468,352085.441,1149245.789,0.00192056500001
132.293803915,786.432,262144,5,352833.759,43003.468,352871.873,1149245.789,0.00176307300001
132.296141852,524.288,262144,5,353358.047,43003.468,353396.161,1149245.789,0.00233793699999
132.297465694,524.288,262144,5,353882.335,43003.468,353920.449,1149245.789,0.00132384200001
132.299537396,524.288,262144,5,354406.623,43003.468,354444.737,1149245.789,0.00207170199999
132.301300399,524.288,262144,5,354930.911,43003.468,354969.025,1149245.789,0.00176300300001
132.303062914,524.288,262144,5,355455.199,43003.468,355493.313,1149245.789,0.001762515
132.304828921,524.288,262144,5,355979.487,43003.468,356017.601,1149245.789,0.00176600699999
132.3065804,524.288,262144,5,356503.775,43003.468,356541.889,1149245.789,0.00175147900001
132.308641975,524.288,262144,5,357028.063,43003.468,357066.177,1149245.789,0.002061575
132.310416154,524.288,262144,5,357552.351,43003.468,357590.465,1149245.789,0.00177417899999
132.312479475,524.288,262144,5,358076.639,43003.468,358114.753,1149245.789,0.00206332100001
132.31438251,524.288,262144,5,358600.927,43003.468,358639.041,1149245.789,0.001903035
132.316436193,524.288,262144,5,359125.215,43003.468,359163.329,1149245.789,0.00205368299999
132.318198498,524.288,262144,5,359649.503,43003.468,359687.617,1149245.789,0.001762305
132.319968905,524.288,262144,5,360173.791,43003.468,360211.905,1149245.789,0.00177040700001
132.321884721,524.288,262144,5,360698.079,43003.468,360736.193,1149245.789,0.00191581600001
132.323951534,524.288,262144,5,361222.367,43003.468,361260.481,1149245.789,0.002066813
132.325713001,786.432,262144,5,362008.799,43003.468,362046.913,1149245.789,0.00176146699999
132.327770874,524.288,262144,5,362533.087,43003.468,362571.201,1149245.789,0.00205787300001
132.329834475,524.288,262144,5,363057.375,43003.468,363095.489,1149245.789,0.002063601
132.330993491,524.288,262144,5,363581.663,43003.468,363619.777,1149245.789,0.00115901599997
132.333069872,524.288,262144,5,364105.951,43003.468,364144.065,1149245.789,0.00207638100002
132.335270222,524.288,262144,5,364630.239,43003.468,364668.353,1149245.789,0.00220034999998
132.337332146,524.288,262144,5,365154.527,43003.468,365192.641,1149245.789,0.002061924
132.339400007,524.288,262144,5,365678.815,43003.468,365716.929,1149245.789,0.002067861
132.341454807,786.432,262144,5,366465.247,43003.468,366503.361,1149245.789,0.0020548
132.343645728,524.288,262144,5,366989.535,43003.468,367027.649,1149245.789,0.00219092100002
132.345560916,1048.576,262144,5,368038.111,43003.468,368076.225,1149245.789,0.001915188
132.347777678,524.288,262144,5,368562.399,43003.468,368600.513,1149245.789,0.00221676199999
132.349824726,524.288,262144,5,369086.687,43003.468,369124.801,1149245.789,0.00204704800001
132.351894752,524.288,262144,5,369610.975,43003.468,369649.089,1149245.789,0.00207002599998
132.353060752,524.288,262144,5,370135.263,43003.468,370173.377,1149245.789,0.00116600000001
132.354975381,2097.152,262144,5,372232.415,43003.468,372270.529,1149245.789,0.001914629
132.3601333,786.432,262144,5,373018.847,43003.468,373056.961,1149245.789,0.005157919
132.362326037,524.288,262144,5,373543.135,43003.468,373581.249,1149245.789,0.002192737
132.364541402,524.288,262144,5,374067.423,43003.468,374105.537,1149245.789,0.00221536499998
132.366601022,524.288,262144,5,374591.711,43003.468,374629.825,1149245.789,0.00205962000001
132.368801371,524.288,262144,5,375115.999,43003.468,375154.113,1149245.789,0.00220034899999
132.371022045,524.288,262144,5,375640.287,43003.468,375678.401,1149245.789,0.002220674
132.37321548,524.288,262144,5,376164.575,43003.468,376202.689,1149245.789,0.00219343500001
132.374774128,1572.864,262144,5,377737.439,43003.468,377775.553,1149245.789,0.00155864800001
132.378052199,1048.576,262144,5,378786.015,43003.468,378824.129,1149245.789,0.00327807099998
132.380267844,1048.576,262144,5,379834.591,43003.468,379872.705,1149245.789,0.00221564500001
132.382467146,1048.576,262144,5,380883.167,43003.468,380921.281,1149245.789,0.00219930200001
132.384677762,1048.576,262144,5,381931.743,43003.468,381969.857,1149245.789,0.00221061599999
132.386876365,1310.72,262144,5,383242.463,43003.468,383280.577,1149245.789,0.00219860300001
132.389097388,1310.72,262144,5,384553.183,43003.468,384591.297,1149245.789,0.002221023
132.391302627,1310.72,262144,5,385863.903,43003.468,385902.017,1149245.789,0.00220523899998
132.393509192,524.288,262144,5,386388.191,43003.468,386426.305,1149245.789,0.00220656500002
132.394682246,1048.576,262144,5,387436.767,43003.468,387474.881,1149245.789,0.00117305399999
132.396884831,1048.576,262144,5,388485.343,43003.468,388523.457,1149245.789,0.00220258499999
132.399100895,524.288,262144,5,389009.631,43003.468,389047.745,1149245.789,0.00221606400001
132.401598489,524.288,262144,5,389533.919,43003.468,389572.033,1149245.789,0.002497594
132.402707569,1048.576,262144,5,390582.495,43003.468,390620.609,1149245.789,0.00110907999999
132.404463518,1048.576,262144,5,391631.071,43003.468,391669.185,1149245.789,0.001755949
132.406676509,1310.72,262144,5,392941.791,43003.468,392979.905,1149245.789,0.00221299099999
132.408880421,1310.72,262144,5,394252.511,43003.468,394290.625,1149245.789,0.002203912
132.411082027,1310.72,262144,5,395563.231,43003.468,395601.345,1149245.789,0.002201606
132.413283145,524.288,262144,5,396087.519,43003.468,396125.633,1149245.789,0.00220111800002
132.414457946,1048.576,262144,5,397136.095,43003.468,397174.209,1149245.789,0.00117480099999
132.416661438,1048.576,262144,5,398184.671,43003.468,398222.785,1149245.789,0.00220349200001
132.418879527,1048.576,262144,5,399233.247,43003.468,399271.361,1149245.789,0.002218089
132.421081274,1048.576,262144,5,400281.823,43003.468,400319.937,1149245.789,0.00220174699999
132.423280716,1048.576,262144,5,401330.399,43003.468,401368.513,1149245.789,0.00219944200001
132.425494824,1572.864,262144,5,402903.263,43003.468,402941.377,1149245.789,0.002214108
132.42828652,1048.576,262144,5,403951.839,43003.468,403989.953,1149245.789,0.002791696
132.430489523,1048.576,262144,5,405000.415,43003.468,405038.529,1149245.789,0.00220300300001
132.432690571,1048.576,262144,5,406048.991,43003.468,406087.105,1149245.789,0.00220104799999
132.434903562,717.744,262144,5,406766.735,43004.492,406804.849,1149246.813,0.00221299099999
132.52971946,0.185,185,5,406766.92,43006.444,406805.034,1149248.765,0.094815898
131.961141431,0.221,221,2,29.665,598471.568,406805.224,1149257.885,0
132.539851405,0.19,190,5,406767.11,43016.524,406805.445,1149275.229,0.578709974
133.012874266,1.575,1575,5,406768.685,43016.524,406807.02,1149275.229,0.473022861
133.014546406,0.286,286,5,406768.971,49439.052,406807.306,1155697.757,0.00167213999998
133.127879394,0.19,190,5,406769.161,49447.244,406807.496,1155705.949,0.113332988
132.96203498,0.221,221,2,29.886,598487.952,406809.835,1155714.141,0
133.470008096,2.339,2339,5,406771.5,49452.364,406810.056,1155727.453,0.507973116
134.144740477,0.19,190,5,406771.69,49454.412,406810.246,1155729.501,0.674732381
134.149847411,0.19,190,5,406771.88,49456.364,406810.436,1155731.453,0.005106934
134.155720295,0.19,190,5,406772.07,49466.444,406810.626,1155741.533,0.00587288400001
134.841886811,1.575,1575,5,406773.645,49466.444,406812.201,1155741.533,0.686166516
134.84354603,0.286,286,5,406773.931,50269.26,406812.487,1156544.349,0.001659219
133.962878942,0.221,221,2,30.107,598504.336,406812.677,1156556.637,0
134.850678012,0.19,190,5,406774.121,50273.356,406812.898,1156564.829,0.88779907
134.971608335,0.286,286,5,406774.407,56824.908,406813.184,1163116.381,0.120930323
135.05662138,0.19,190,5,406774.597,56827.98,406813.374,1163119.453,0.085013045
134.963847571,0.221,221,2,30.328,598520.72,406816.037,1163127.645,0
135.964774924,0.221,221,2,30.549,598538.384,406816.258,1163145.309,1.000927353
135.288756556,2.663,2663,5,406777.26,56829.516,406816.479,1163155.037,0
137.185525831,0.19,190,5,406777.45,56840.748,406816.669,1163166.269,1.896769275
137.662546966,1.575,1575,5,406779.025,56840.748,406818.244,1163166.269,0.477021135
137.664864998,0.286,286,5,406779.311,63037.996,406818.53,1169363.517,0.00231803200001
136.965489749,0.221,221,2,30.77,598554.768,406818.72,1169373.757,0
137.770354809,0.19,190,5,406779.501,63040.044,406818.941,1169381.949,0.80486506
137.966516416,0.221,221,2,30.991,598571.152,406821.28,1169390.141,0.196161607
138.131195807,2.339,2339,5,406781.84,63042.06,406821.501,1169400.349,0.164679391
139.570848084,0.19,190,5,406782.03,63043.484,406821.691,1169401.773,1.439652277
138.96741234,0.221,221,2,31.212,598587.536,406821.881,1169415.325,0
139.574856765,0.19,190,5,406782.22,63057.74,406822.102,1169432.413,0.607444425
140.005992875,1.575,1575,5,406783.795,63057.74,406823.677,1169432.413,0.43113611
140.00768024,0.286,286,5,406784.081,63828.748,406823.963,1170203.421,0.00168736500001
140.019761455,0.19,190,5,406784.271,63829.676,406824.153,1170204.349,0.012081215
140.139917028,0.286,286,5,406784.557,70498.86,406824.439,1176873.533,0.120155573
140.231673389,0.19,190,5,406784.747,70499.724,406824.629,1176874.397,0.091756361
139.968205807,0.221,221,2,31.433,598603.92,406827.249,1176882.589,0
140.470335582,2.62,2620,5,406787.367,70499.724,406827.47,1176890.781,0.502129775
141.069747351,0.339,339,5,406787.706,70509.212,406827.809,1176900.269,0.599411769
141.151362827,1.575,1575,5,406789.281,70509.212,406829.384,1176900.269,0.081615476
141.153580148,0.286,286,5,406789.567,72018.588,406829.67,1178409.645,0.00221732099999
141.160842874,0.19,190,5,406789.757,72019.612,406829.86,1178410.669,0.00726272599999
141.34547117,0.114,114,5,406789.871,72020.604,406829.974,1180631.693,0.184628296
141.831985971,0.185,185,5,406790.056,72021.564,406830.159,1180632.653,0.486514801
141.836302162,1.775,1775,5,406791.831,72022.972,406831.934,1180634.061,0.00431619100002
141.838377077,1572.864,262144,5,408364.695,72022.972,408404.798,1180634.061,0.00207491499998
141.841666322,4980.736,262144,5,413345.431,72022.972,413385.534,1180634.061,0.00328924500002
141.851196165,786.432,262144,5,414131.863,72022.972,414171.966,1180634.061,0.009529843
141.852798464,524.288,262144,5,414656.151,72022.972,414696.254,1180634.061,0.00160229899998
141.854240477,524.288,262144,5,415180.439,72022.972,415220.542,1180634.061,0.001442013
141.856132826,524.288,262144,5,415704.727,72022.972,415744.83,1180634.061,0.001892349
141.85908376,786.432,262144,5,416491.159,72022.972,416531.262,1180634.061,0.00295093400001
141.860689691,524.288,262144,5,417015.447,72022.972,417055.55,1180634.061,0.001605931
141.862608859,524.288,262144,5,417539.735,72022.972,417579.838,1180634.061,0.001919168
141.865242714,524.288,262144,5,418064.023,72022.972,418104.126,1180634.061,0.002633855
141.867603629,524.288,262144,5,418588.311,72022.972,418628.414,1180634.061,0.002360915
141.869951413,524.288,262144,5,419112.599,72022.972,419152.702,1180634.061,0.00234778399999
141.872594207,524.288,262144,5,419636.887,72022.972,419676.99,1180634.061,0.002642794
141.874943249,524.288,262144,5,420161.175,72022.972,420201.278,1180634.061,0.00234904200002
141.87729285,524.288,262144,5,420685.463,72022.972,420725.566,1180634.061,0.00234960099999
141.87994158,524.288,262144,5,421209.751,72022.972,421249.854,1180634.061,0.00264873
141.882283708,524.288,262144,5,421734.039,72022.972,421774.142,1180634.061,0.00234212799998
141.884645391,524.288,262144,5,422258.327,72022.972,422298.43,1180634.061,0.002361683
141.886997645,524.288,262144,5,422782.615,72022.972,422822.718,1180634.061,0.00235225400002
141.889504738,524.288,262144,5,423306.903,72022.972,423347.006,1180634.061,0.00250709299999
141.891993322,524.288,262144,5,423831.191,72022.972,423871.294,1180634.061,0.00248858399999
141.894804783,524.288,262144,5,424355.479,72022.972,424395.582,1180634.061,0.00281146100002
141.897598295,524.288,262144,5,424879.767,72022.972,424919.87,1180634.061,0.00279351199998
141.900094841,524.288,262144,5,425404.055,72022.972,425444.158,1180634.061,0.002496546
141.90288975,524.288,262144,5,425928.343,72022.972,425968.446,1180634.061,0.00279490900002
141.905829789,524.288,262144,5,426452.631,72022.972,426492.734,1180634.061,0.00294003899998
141.908617014,524.288,262144,5,426976.919,72022.972,427017.022,1180634.061,0.00278722499999
141.911267631,524.288,262144,5,427501.207,72022.972,427541.31,1180634.061,0.002650617
141.914210812,524.288,262144,5,428025.495,72022.972,428065.598,1180634.061,0.00294318100001
141.916998038,524.288,262144,5,428549.783,72022.972,428589.886,1180634.061,0.00278722600001
141.919792807,524.288,262144,5,429074.071,72022.972,429114.174,1180634.061,0.00279476899999
141.9225991,524.288,262144,5,429598.359,72022.972,429638.462,1180634.061,0.00280629300002
141.925545983,524.288,262144,5,430122.647,72022.972,430162.75,1180634.061,0.00294688299999
141.928481202,524.288,262144,5,430646.935,72022.972,430687.038,1180634.061,0.00293521899999
141.931424873,524.288,262144,5,431171.223,72022.972,431211.326,1180634.061,0.002943671
141.9343742,524.288,262144,5,431695.511,72022.972,431735.614,1180634.061,0.00294932700001
141.937446588,524.288,262144,5,432219.799,72022.972,432259.902,1180634.061,0.00307238799999
141.940829281,524.288,262144,5,432744.087,72022.972,432784.19,1180634.061,0.00338269299999
141.943996513,524.288,262144,5,433268.375,72022.972,433308.478,1180634.061,0.00316723200001
141.947379625,524.288,262144,5,433792.663,72022.972,433832.766,1180634.061,0.00338311199999
141.950757639,262.144,262144,5,434054.807,72022.972,434094.91,1180634.061,0.00337801399999
141.954005188,524.288,262144,5,434579.095,72022.972,434619.198,1180634.061,0.00324754900001
141.957381945,524.288,262144,5,435103.383,72022.972,435143.486,1180634.061,0.00337675700001
141.960759329,524.288,262144,5,435627.671,72022.972,435667.774,1180634.061,0.003377384
141.964289527,524.288,262144,5,436151.959,72022.972,436192.062,1180634.061,0.00353019799999
141.967828525,524.288,262144,5,436676.247,72022.972,436716.35,1180634.061,0.00353899799998
141.971354252,524.288,262144,5,437200.535,72022.972,437240.638,1180634.061,0.00352572700001
141.974741904,524.288,262144,5,437724.823,72022.972,437764.926,1180634.061,0.00338765200001
141.977826025,524.288,262144,5,438249.111,72022.972,438289.214,1180634.061,0.003084121
141.981360762,524.288,262144,5,438773.399,72022.972,438813.502,1180634.061,0.003534737
141.984604401,524.288,262144,5,439297.687,72022.972,439337.79,1180634.061,0.003243639
141.9882747,524.288,262144,5,439821.975,72022.972,439862.078,1180634.061,0.00367029899999
141.998774848,524.288,262144,5,440346.263,72022.972,440386.366,1180634.061,0.010500148
142.002754265,524.288,262144,5,440870.551,72022.972,440910.654,1180634.061,0.00397941699998
142.006565713,524.288,262144,5,441394.839,72022.972,441434.942,1180634.061,0.00381144799999
142.010257244,524.288,262144,5,441919.127,72022.972,441959.23,1180634.061,0.00369153100002
142.014098305,524.288,262144,5,442443.415,72022.972,442483.518,1180634.061,0.003841061
142.017595468,524.288,262144,5,442967.703,72022.972,443007.806,1180634.061,0.00349716299999
142.02141844,524.288,262144,5,443491.991,72022.972,443532.094,1180634.061,0.00382297199999
142.025247209,524.288,262144,5,444016.279,72022.972,444056.382,1180634.061,0.00382876900002
142.029372314,524.288,262144,5,444540.567,72022.972,444580.67,1180634.061,0.00412510499999
142.033492182,524.288,262144,5,445064.855,72022.972,445104.958,1180634.061,0.004119868
142.037752221,524.288,262144,5,445589.143,72022.972,445629.246,1180634.061,0.004260039
142.041581269,524.288,262144,5,446113.431,72022.972,446153.534,1180634.061,0.003829048
142.045715105,524.288,262144,5,446637.719,72022.972,446677.822,1180634.061,0.00413383599999
142.04981828,524.288,262144,5,447162.007,72022.972,447202.11,1180634.061,0.00410317500001
142.053638249,524.288,262144,5,447686.295,72022.972,447726.398,1180634.061,0.00381996899998
142.05716265,524.288,262144,5,448210.583,72022.972,448250.686,1180634.061,0.00352440100002
142.060396371,524.288,262144,5,448734.871,72022.972,448774.974,1180634.061,0.00323372099999
142.063654467,524.288,262144,5,449259.159,72022.972,449299.262,1180634.061,0.003258096
142.066867236,524.288,262144,5,449783.447,72022.972,449823.55,1180634.061,0.00321276900002
142.070119256,524.288,262144,5,450307.735,72022.972,450347.838,1180634.061,0.00325201999999
142.073651828,524.288,262144,5,450832.023,72022.972,450872.126,1180634.061,0.00353257200001
142.076732806,524.288,262144,5,451356.311,72022.972,451396.414,1180634.061,0.00308097799999
142.080117734,524.288,262144,5,451880.599,72022.972,451920.702,1180634.061,0.003384928
142.083353341,524.288,262144,5,452404.887,72022.972,452444.99,1180634.061,0.00323560699999
142.086876764,524.288,262144,5,452929.175,72022.972,452969.278,1180634.061,0.00352342300002
142.09010832,524.288,262144,5,453453.463,72022.972,453493.566,1180634.061,0.003231556
142.093344975,524.288,262144,5,453977.751,72022.972,454017.854,1180634.061,0.00323665499999
142.096569686,524.288,262144,5,454502.039,72022.972,454542.142,1180634.061,0.003224711
142.100112944,524.288,262144,5,455026.327,72022.972,455066.43,1180634.061,0.00354325799998
142.103193504,524.288,262144,5,455550.615,72022.972,455590.718,1180634.061,0.00308056
142.106576685,524.288,262144,5,456074.903,72022.972,456115.006,1180634.061,0.003383181
142.109816343,524.288,262144,5,456599.191,72022.972,456639.294,1180634.061,0.00323965800001
142.113200852,524.288,262144,5,457123.479,72022.972,457163.582,1180634.061,0.003384509
142.11643583,524.288,262144,5,457647.767,72022.972,457687.87,1180634.061,0.00323497799999
142.119671577,524.288,262144,5,458172.055,72022.972,458212.158,1180634.061,0.00323574699999
142.123058949,524.288,262144,5,458696.343,72022.972,458736.446,1180634.061,0.00338737200002
142.126296022,524.288,262144,5,459220.631,72022.972,459260.734,1180634.061,0.00323707299998
142.129812391,524.288,262144,5,459744.919,72022.972,459785.022,1180634.061,0.00351636900001
142.133198716,524.288,262144,5,460269.207,72022.972,460309.31,1180634.061,0.00338632500001
142.136595167,524.288,262144,5,460793.495,72022.972,460833.598,1180634.061,0.00339645099999
142.140113422,524.288,262144,5,461317.783,72022.972,461357.886,1180634.061,0.00351825500002
142.143337016,524.288,262144,5,461842.071,72022.972,461882.174,1180634.061,0.00322359399999
142.147175284,524.288,262144,5,462366.359,72022.972,462406.462,1180634.061,0.00383826800001
142.150110573,524.288,262144,5,462890.647,72022.972,462930.75,1180634.061,0.00293528899999
142.153636021,524.288,262144,5,463414.935,72022.972,463455.038,1180634.061,0.003525448
142.156735368,524.288,262144,5,463939.223,72022.972,463979.326,1180634.061,0.00309934699999
142.159970905,524.288,262144,5,464463.511,72022.972,464503.614,1180634.061,0.00323553699999
142.163348709,524.288,262144,5,464987.799,72022.972,465027.902,1180634.061,0.003377804
142.166739294,524.288,262144,5,465512.087,72022.972,465552.19,1180634.061,0.00339058500001
142.17011626,524.288,262144,5,466036.375,72022.972,466076.478,1180634.061,0.00337696599999
142.173201219,524.288,262144,5,466560.663,72022.972,466600.766,1180634.061,0.00308495900001
142.176728832,524.288,262144,5,467084.951,72022.972,467125.054,1180634.061,0.00352761300002
142.179960947,524.288,262144,5,467609.239,72022.972,467649.342,1180634.061,0.003232115
142.183359703,524.288,262144,5,468133.527,72022.972,468173.63,1180634.061,0.003398756
142.186747076,524.288,262144,5,468657.815,72022.972,468697.918,1180634.061,0.00338737299998
142.189820022,524.288,262144,5,469182.103,72022.972,469222.206,1180634.061,0.003072946
142.193069877,524.288,262144,5,469706.391,72022.972,469746.494,1180634.061,0.00324985500001
142.196140658,524.288,262144,5,470230.679,72022.972,470270.782,1180634.061,0.00307078099999
142.199548145,524.288,262144,5,470754.967,72022.972,470795.07,1180634.061,0.003407487
142.202751555,524.288,262144,5,471279.255,72022.972,471319.358,1180634.061,0.00320341
142.205999384,524.288,262144,5,471803.543,72022.972,471843.646,1180634.061,0.003247829
142.209384242,524.288,262144,5,472327.831,72022.972,472367.934,1180634.061,0.003384858
142.212617335,524.288,262144,5,472852.119,72022.972,472892.222,1180634.061,0.00323309300001
142.215694332,524.288,262144,5,473376.407,72022.972,473416.51,1180634.061,0.00307699699999
142.219085406,524.288,262144,5,473900.695,72022.972,473940.798,1180634.061,0.00339107400001
142.221881292,524.288,262144,5,474424.983,72022.972,474465.086,1180634.061,0.002795886
142.224818327,524.288,262144,5,474949.271,72022.972,474989.374,1180634.061,0.002937035
142.228054493,524.288,262144,5,475473.559,72022.972,475513.662,1180634.061,0.00323616599999
142.23086323,524.288,262144,5,475997.847,72022.972,476037.95,1180634.061,0.00280873700001
142.233806482,524.288,262144,5,476522.135,72022.972,476562.238,1180634.061,0.00294325199999
142.236590704,524.288,262144,5,477046.423,72022.972,477086.526,1180634.061,0.002784222
142.239538705,524.288,262144,5,477570.711,72022.972,477610.814,1180634.061,0.00294800099999
142.242613817,524.288,262144,5,478094.999,72022.972,478135.102,1180634.061,0.003075112
142.2454199,399.979,262144,5,478494.978,72022.972,478535.081,1180634.061,0.002806083
142.248480973,137.835,137835,5,478632.813,72023.9,478672.916,1180634.989,0.003061073
142.370213213,0.185,185,5,478632.998,72025.66,478673.101,1180636.749,0.12173224
142.392879294,0.19,190,5,478633.188,72035.612,478673.291,1180646.701,0.022666081
143.060012733,1.575,1575,5,478634.763,72035.612,478674.866,1180646.701,0.667133439
143.062138422,0.286,286,5,478635.049,80016.668,478675.152,1188627.757,0.002125689
143.198613249,0.19,190,5,478635.239,80017.692,478675.342,1188628.781,0.136474827
143.521392145,2.339,2339,5,478637.578,80030.22,478677.681,1188641.309,0.322778896
145.16149114,1.575,1575,5,478639.153,80030.22,478679.256,1188641.309,1.640098995
145.163281242,0.286,286,5,478639.439,80937.484,478679.542,1189548.573,0.001790102
145.171712482,0.19,190,5,478639.629,80940.556,478679.732,1189551.645,0.00843123999999
145.282452472,0.286,286,5,478639.915,88151.052,478680.018,1196762.141,0.11073999
145.4049603,0.19,190,5,478640.105,88152.06,478680.208,1196763.149,0.122507828
145.656147339,2.62,2620,5,478642.725,88153.036,478682.828,1196764.125,0.251187039
146.178908509,0.19,190,5,478642.915,88154.892,478683.018,1196765.981,0.52276117
146.182939748,0.19,190,5,478643.105,88156.62,478683.208,1196767.709,0.004031239
146.186791285,0.19,190,5,478643.295,88158.22,478683.398,1196770.733,0.003851537
147.617916919,0.19,190,5,478643.485,88167.884,478683.588,1196780.397,1.431125634
148.116828059,1.575,1575,5,478645.06,88167.884,478685.163,1196780.397,0.49891114
148.118379932,0.286,286,5,478645.346,96573.836,478685.449,1205186.349,0.00155187300001
148.256194943,0.19,190,5,478645.536,96574.764,478685.639,1205187.277,0.137815011
148.617477338,2.339,2339,5,478647.875,96583.916,478687.978,1205196.429,0.361282395
149.850987479,1.575,1575,5,478649.45,96583.916,478689.553,1205196.429,1.233510141
149.852582585,0.286,286,5,478649.736,97403.116,478689.839,1206015.629,0.001595106
149.860416542,0.19,190,5,478649.926,97411.308,478690.029,1206023.821,0.007833957
149.983622223,0.286,286,5,478650.212,106066.156,478690.315,1214678.669,0.123205681
150.11077722,0.19,190,5,478650.402,106068.204,478690.505,1214680.717,0.127154997
150.334581168,2.62,2620,5,478653.022,106068.204,478693.125,1214680.717,0.223803948
151.069587135,0.339,339,5,478653.361,106069.724,478693.464,1214683.453,0.735005967
152.153160822,0.19,190,5,478653.551,106079.628,478693.654,1214693.357,1.083573687
152.816903047,1.575,1575,5,478655.126,106079.628,478695.229,1214693.357,0.663742225
152.818619676,0.286,286,5,478655.412,114928.012,478695.515,1223541.741,0.00171662899999
152.95798251,0.19,190,5,478655.602,114929.548,478695.705,1223543.277,0.139362834
153.288453515,2.339,2339,5,478657.941,114930.06,478698.044,1223543.789,0.330471005
