time,size,first_call,destination,dest_out_traffic,dest_in_traffic,total_network_out,total_network_in,dens10
3.709684512,0.244,244,2,0.244,24.576,0.244,26.624,0
3.744765336,0.183,183,2,0.427,40.96,0.427,43.008,0.035080824
4.755745937,0.183,183,2,0.61,57.344,0.61,59.392,1.010980601
5.757035302,0.183,183,2,0.793,73.728,0.793,75.776,1.001289365
6.757948571,0.183,183,2,0.976,90.112,0.976,92.16,1.000913269
7.758703646,0.183,183,2,1.159,106.496,1.159,108.544,1.000755075
8.759541537,0.183,183,2,1.342,122.88,1.342,124.928,1.000837891
9.760220283,0.183,183,2,1.525,139.264,1.525,141.312,1.000678746
10.760857653,0.183,183,2,1.708,155.648,1.708,157.696,1.00063737
11.761650377,0.183,183,2,1.891,172.032,1.891,174.08,1.000792724
12.762475234,0.183,183,2,2.074,188.416,2.074,190.464,1.000824857
13.763155761,0.183,183,2,2.257,204.8,2.257,206.848,1.000680527
14.765742836,0.183,183,2,2.44,221.184,2.44,223.232,1.002587075
15.766365596,0.183,183,2,2.623,237.568,2.623,239.616,1.00062276
16.767029318,0.183,183,2,2.806,253.952,2.806,256.0,1.000663722
17.767662641,0.183,183,2,2.989,270.336,2.989,272.384,1.000633323
18.76941689,0.183,183,2,3.172,286.72,3.172,288.768,1.001754249
19.770113286,0.183,183,2,3.355,303.104,3.355,305.152,1.000696396
20.770696332,0.183,183,2,3.538,319.488,3.704,324.268,1.000583046
21.908828856,0.268,268,7,0.268,8.452,4.191,340.912,1.138132524
21.779408688,0.219,219,2,3.757,352.256,4.444,373.68,0
22.454886928,0.283,283,2,4.04,368.64,4.727,390.064,0.67547824
22.499274004,0.207,207,2,4.247,385.024,4.934,406.448,0.044387076
22.543983912,0.102,102,2,4.349,393.216,5.036,414.64,0.044709908
22.571888756,0.125,125,2,4.474,17752.818,5.161,17774.242,0.027904844
21.952943267,0.253,253,7,0.521,24.836,5.38,36061.973,0
22.96461712,0.291,291,7,0.812,25.123,5.671,36273.106,1.011673853
22.789311487,0.219,219,2,4.693,216749.728,5.905,216787.823,0
22.967020497,0.234,234,7,1.046,41.507,6.124,278127.005,0.17770901
23.96797626,0.405,405,7,1.451,41.908,6.529,278597.671,1.000955763
23.796564194,0.219,219,2,4.912,385342.471,6.759,385397.351,0
24.269863067,0.125,125,2,5.037,532300.857,6.884,532355.737,0.473298873
23.970513038,0.23,230,7,1.681,58.292,7.103,532372.121,0
24.799956202,0.219,219,2,5.256,532317.241,7.618,532389.016,0.829443164
25.31431014,0.174,174,2,5.43,532333.625,7.792,532405.4,0.514353938
25.315430377,0.188,188,2,5.618,532341.817,7.98,532413.592,0.001120237
24.972087664,0.515,515,7,2.196,75.187,8.103,532828.981,0
25.317238786,0.123,123,2,5.741,532757.206,8.754,532846.012,0.345151122
25.326459,0.651,651,7,2.847,92.218,8.924,532862.396,0.009220214
25.346472548,0.17,170,2,5.911,532773.59,9.421,532871.081,0.020013548
25.348400895,0.184,184,2,6.095,532781.782,9.605,532887.465,0.001928347
25.346955244,0.497,497,7,3.344,109.095,9.728,532962.584,0
25.350205292,0.123,123,2,6.218,532856.901,10.107,532979.343,0.003250048
25.361314812,0.379,379,7,3.723,125.854,10.326,532995.727,0.01110952
26.362671309,0.156,156,7,3.879,142.39,10.482,533012.263,1.001356497
25.801211706,0.219,219,2,6.437,532873.285,10.638,533028.799,0
21.375320364,0.166,166,5,0.166,2.732,10.857,533036.991,0
27.566634622,0.176,176,5,0.342,3.756,11.033,533038.015,6.191314258
27.61608032,0.154,154,5,0.496,6.828,11.187,533041.087,0.049445698
27.75820157,0.17,170,5,0.666,7.852,11.357,533042.111,0.14212125
26.802321385,0.219,219,2,6.656,532889.669,11.529,533051.839,0
27.789045973,0.172,172,5,0.838,9.388,11.748,533060.031,0.986724588
28.097400177,0.177,177,5,1.015,10.396,11.925,533061.039,0.308354204
28.122924798,0.176,176,5,1.191,10.892,12.101,533061.535,0.025524621
28.147303814,1.53,1530,5,2.721,11.852,13.631,533062.495,0.024379016
28.205177508,1.256,1256,5,3.977,12.316,14.887,533062.959,0.057873694
27.80336024,0.219,219,2,6.875,532906.053,15.058,533072.063,0
28.805383392,0.219,219,2,7.094,532922.437,15.277,533088.447,1.002023152
29.806098957,0.219,219,2,7.313,532938.821,15.496,533104.831,1.000715565
30.806775163,0.219,219,2,7.532,532955.205,15.715,533121.215,1.000676206
31.807398999,0.219,219,2,7.751,532971.589,15.934,533137.599,1.000623836
32.808043786,0.219,219,2,7.97,532987.973,16.153,533153.983,1.000644787
33.80866728,0.219,219,2,8.189,533004.357,16.372,533170.367,1.000623494
34.809325685,0.219,219,2,8.408,533020.741,16.591,533186.751,1.000658405
35.809932047,0.219,219,2,8.627,533037.125,16.81,533203.135,1.000606362
36.811135533,0.219,219,2,8.846,533053.509,17.029,533219.519,1.001203486
37.811794652,0.219,219,2,9.065,533069.893,17.248,533235.903,1.000659119
38.812423104,0.219,219,2,9.284,533086.277,17.467,533252.287,1.000628452
28.216502317,0.171,171,5,4.148,13.228,17.686,533260.479,0
39.813059204,0.219,219,2,9.503,533102.661,18.025,533269.119,11.596556887
40.813698864,0.219,219,2,9.722,533119.045,18.244,533285.503,1.00063966
41.814361767,0.219,219,2,9.941,533135.429,18.463,533301.887,1.000662903
42.815126229,0.219,219,2,10.16,533151.813,18.682,533318.271,1.000764462
43.815775896,0.219,219,2,10.379,533168.197,18.901,533334.655,1.000649667
44.816389538,0.219,219,2,10.598,533184.581,19.12,533351.039,1.000613642
45.817039143,0.219,219,2,10.817,533200.965,19.339,533367.423,1.000649605
46.817718794,0.219,219,2,11.036,533217.349,19.558,533383.807,1.000679651
47.818306631,0.219,219,2,11.255,533233.733,19.777,533400.191,1.000587837
48.818937813,0.219,219,2,11.474,533250.117,19.996,533416.575,1.000631182
40.45329367,0.339,339,5,4.487,22.508,20.215,533433.599,0
50.320092255,1.575,1575,5,6.062,22.508,21.79,533433.599,9.866798585
50.42909583,0.286,286,5,6.348,26.604,22.076,533437.695,0.109003575
50.458125002,2.513,2513,5,8.861,38.38,24.589,533449.471,0.029029172
49.819563633,0.219,219,2,11.693,533266.501,24.778,533459.711,0
50.512387231,0.189,189,5,9.05,40.428,24.998,533467.903,0.692823598
50.908302149,0.286,286,5,9.336,86.508,25.284,533513.983,0.395914918
50.820466386,0.22,220,2,11.913,533282.885,25.473,533525.759,0
51.879928644,0.235,235,8,0.235,32.768,25.928,533566.719,1.059462258
51.955661634,0.102,102,8,0.337,40.96,26.03,533574.911,0.07573299
51.821403423,0.22,220,2,12.133,533299.269,26.181,540454.695,0
52.822328439,0.22,220,2,12.353,533315.653,26.401,553883.898,1.000925016
53.823518678,0.22,220,2,12.573,533323.845,26.621,567172.763,1.001190239
54.824654726,0.22,220,2,12.793,533340.229,26.841,581196.623,1.001136048
55.825567712,0.22,220,2,13.013,533356.613,27.061,595220.483,1.000912986
56.826491927,0.22,220,2,13.233,533372.997,27.281,610169.365,1.000924215
57.827450952,0.22,220,2,13.453,533389.381,27.501,625580.758,1.000959025
58.828328136,0.22,220,2,13.673,533405.765,27.721,640793.932,1.000877184
50.918089134,0.189,189,5,9.525,88.044,27.941,650184.49,0
59.82922922,0.22,220,2,13.893,533422.149,30.454,655479.034,8.911140086
51.982369366,0.151,151,8,0.488,135292.391,30.674,668966.118,0
60.829976193,0.22,220,2,14.113,533438.533,30.825,669365.599,8.847606827
60.444685572,2.513,2513,5,12.038,88.556,31.045,669373.791,0
61.841426416,2.578,2578,5,14.616,101.084,33.623,669386.319,1.396740844
61.751921256,0.151,151,8,0.639,135691.872,35.198,669394.511,0
61.91861899,0.145,145,8,0.784,135700.064,35.343,669402.703,0.166697734
61.830714542,0.22,220,2,14.333,533454.917,35.494,682242.358,0
62.831611907,0.22,220,2,14.553,533471.301,35.714,697125.167,1.000897365
63.832618383,0.22,220,2,14.773,533487.685,35.934,712074.049,1.001006476
64.833649079,0.22,220,2,14.993,533504.069,36.154,726626.493,1.001030696
65.834363933,0.22,220,2,15.213,533520.453,36.374,741377.156,1.000714854
66.836169587,0.22,220,2,15.433,533536.837,36.594,755665.308,1.001805654
67.837211852,0.22,220,2,15.653,533553.221,36.814,770482.044,1.001042265
68.837939725,0.22,220,2,15.873,533569.605,37.034,785563.072,1.000727873
61.8546894,1.575,1575,5,16.191,101.084,37.254,794557.192,0
69.838513468,0.22,220,2,16.093,533585.989,39.767,800516.05,7.983824068
61.921665361,0.151,151,8,0.935,271229.088,39.987,805083.279,0
70.446426475,2.513,2513,5,18.704,105.18,40.138,805239.908,8.524761114
71.217562179,2.578,2578,5,21.282,117.468,42.716,805252.196,0.771135704
71.167580897,0.151,151,8,1.086,271393.909,44.291,805260.388,0
71.236100603,0.145,145,8,1.231,271402.101,44.436,805268.58,0.068519706
70.83922204,0.22,220,2,16.313,533602.373,44.587,814786.464,0
71.840054663,0.22,220,2,16.533,533618.757,44.807,829603.2,1.000832623
72.840936137,0.22,220,2,16.753,533635.141,45.027,844353.863,1.000881474
73.841933492,0.22,220,2,16.973,533651.525,45.247,858642.015,1.000997355
74.842677857,0.22,220,2,17.193,533667.909,45.467,873524.824,1.000744365
75.843702747,0.22,220,2,17.413,533684.293,45.687,887879.049,1.00102489
76.844543667,0.22,220,2,17.633,533700.677,45.907,902563.639,1.00084092
77.845381976,0.22,220,2,17.853,533717.061,46.127,916851.791,1.000838309
78.846014179,0.22,220,2,18.073,533733.445,46.347,931602.454,1.000632203
71.2243937,1.575,1575,5,22.857,117.468,46.567,940266.209,0
71.238961295,0.151,151,8,1.382,407771.953,49.08,941818.656,0.014567595
80.445959575,2.513,2513,5,25.37,150.236,49.231,941912.631,9.20699828
80.59538556,2.535,2535,5,27.905,199.388,51.766,941961.783,0.149425985
80.549688713,0.151,151,8,1.533,407874.12,53.341,941969.975,0
80.609141492,0.145,145,8,1.678,407882.312,53.486,941978.167,0.059452779
79.846688979,0.22,220,2,18.293,533749.829,53.637,945359.621,0
80.847586543,0.22,220,2,18.513,533766.213,53.857,960440.649,1.000897564
81.84847101,0.22,220,2,18.733,533782.597,54.077,975257.385,1.000884467
82.849392979,0.22,220,2,18.953,533798.981,54.297,989875.902,1.000921969
83.850210215,0.22,220,2,19.173,533815.365,54.517,1004956.93,1.000817236
84.850894596,0.22,220,2,19.393,533848.133,54.737,1033863.599,1.000684381
86.854890154,0.22,220,2,19.613,533864.517,54.957,1048614.262,2.003995558
87.855620175,0.22,220,2,19.833,533880.901,55.177,1063364.925,1.000730021
88.856389117,0.22,220,2,20.053,533897.285,55.397,1077454.858,1.000768942
80.611567731,0.151,151,8,1.829,543467.647,55.617,1077727.342,0
80.602279884,1.575,1575,5,29.48,199.388,55.768,1077883.971,0
89.924557387,2.535,2535,5,32.015,215.772,58.303,1077900.355,9.322277503
89.876302524,0.151,151,8,1.98,543632.468,59.878,1077908.547,0
89.939435507,0.145,145,8,2.125,543640.66,60.023,1077916.739,0.063132983
89.93119892,1.575,1575,5,33.59,215.772,60.174,1085411.554,0
89.857252119,0.22,220,2,20.273,533913.669,62.687,1091514.846,0
90.857798994,0.22,220,2,20.493,533930.053,62.907,1106067.29,1.000546875
91.858355896,0.22,220,2,20.713,533946.437,63.127,1120553.661,1.000556902
92.858972215,0.22,220,2,20.933,533962.821,63.347,1135436.47,1.000616319
93.859521777,0.22,220,2,21.153,533979.205,63.567,1150253.206,1.000549562
94.860123606,0.22,220,2,21.373,533995.589,63.787,1164937.796,1.000601829
95.860653919,0.22,220,2,21.593,534011.973,64.007,1179490.24,1.000530313
96.861288841,0.22,220,2,21.813,534028.357,64.227,1193778.392,1.000634922
97.861914325,0.22,220,2,22.033,534044.741,64.447,1208066.544,1.000625484
89.942385048,0.151,151,8,2.276,679647.46,64.667,1214087.379,0
90.443047366,2.513,2513,5,36.103,232.156,64.818,1214341.414,0.500662318
99.316973273,2.535,2535,5,38.638,264.924,67.353,1214374.182,8.873925907
99.269055791,0.151,151,8,2.427,679909.687,68.928,1214382.374,0
99.329779932,0.145,145,8,2.572,679926.071,69.073,1214398.758,0.060724141
99.331847156,0.149,149,8,2.721,679934.263,69.222,1214406.95,0.002067224
98.862458704,0.22,220,2,22.253,534061.125,69.373,1222069.686,0
99.323572369,1.575,1575,5,40.213,264.924,69.593,1230667.368,0.461113665
99.863039691,0.22,220,2,22.473,534077.509,72.106,1236885.348,0.539467322
100.863665944,0.22,220,2,22.693,534093.893,72.326,1251834.23,1.000626253
101.864283159,0.22,220,2,22.913,534110.277,72.546,1265792.017,1.000617215
102.864991989,0.22,220,2,23.133,534126.661,72.766,1280476.607,1.00070883
103.86558067,0.22,220,2,23.353,534143.045,72.986,1294632.613,1.000588681
104.86649286,0.22,220,2,23.573,534159.429,73.206,1309118.984,1.00091219
105.867226383,0.22,220,2,23.793,534175.813,73.426,1323935.72,1.000733523
106.86782497,0.22,220,2,24.013,534192.197,73.646,1338752.456,1.000598587
99.333857817,0.151,151,8,2.872,815902.573,73.866,1350653.788,0
100.443035988,2.513,2513,5,42.726,395.996,74.017,1350750.659,1.109178171
108.725137437,2.535,2535,5,45.261,428.764,76.552,1350783.427,8.282101449
108.675277254,0.151,151,8,3.023,816007.636,78.127,1350791.619,0
108.737945719,0.145,145,8,3.168,816024.02,78.272,1350808.003,0.062668465
108.739748965,0.149,149,8,3.317,816032.212,78.421,1350816.195,0.00180324600001
107.868620654,0.22,220,2,24.233,534208.581,78.572,1352753.268,0
108.869317477,0.22,220,2,24.453,534224.965,78.792,1367636.077,1.000696823
108.731376464,1.575,1575,5,46.836,428.764,79.012,1375771.248,0
109.869989815,0.22,220,2,24.673,534241.349,81.525,1381989.765,1.138613351
110.870696536,0.22,220,2,24.893,534257.733,81.745,1396740.428,1.000706721
111.871383645,0.22,220,2,25.113,534274.117,81.965,1411491.091,1.000687109
112.871993228,0.22,220,2,25.333,534290.501,82.185,1426373.9,1.000609583
113.872764779,0.22,220,2,25.553,534306.885,82.405,1441256.709,1.000771551
114.873563482,0.22,220,2,25.773,534323.269,82.625,1455875.226,1.000798703
115.874105953,0.22,220,2,25.993,534339.653,82.845,1470625.889,1.000542471
108.741646993,0.151,151,8,3.468,951560.699,83.065,1486574.058,0
110.44282625,2.513,2513,5,49.349,494.3,83.216,1486828.093,1.701179257
117.979654888,2.578,2578,5,51.927,527.068,85.794,1486860.861,7.536828638
117.937442828,0.151,151,8,3.619,951822.926,87.369,1486869.053,0
117.994025576,0.145,145,8,3.764,951839.31,87.514,1486885.437,0.056582748
117.995734917,0.149,149,8,3.913,951847.502,87.663,1486893.629,0.00170934099999
116.874814926,0.22,220,2,26.213,534372.421,87.814,1500146.65,0
118.876400422,0.22,220,2,26.433,534388.805,88.034,1514765.167,2.001585496
117.986008727,1.575,1575,5,53.502,527.068,88.254,1522834.265,0
119.877234173,0.22,220,2,26.653,534405.189,90.767,1529135.776,1.891225446
120.878135441,0.22,220,2,26.873,534421.573,90.987,1544282.877,1.000901268
121.879135326,0.22,220,2,27.093,534437.957,91.207,1559165.686,1.000999885
122.879928813,0.22,220,2,27.313,534454.341,91.427,1573718.13,1.000793487
123.880871744,0.22,220,2,27.533,534470.725,91.647,1588072.355,1.000942931
124.881658945,0.22,220,2,27.753,534487.109,91.867,1602426.58,1.000787201
125.882306763,0.22,220,2,27.973,534503.493,92.087,1617045.097,1.000647818
117.997981374,0.151,151,8,4.064,1087657.746,92.307,1622867.713,0
120.450014612,2.513,2513,5,56.015,543.452,92.458,1623121.748,2.452033238
127.35893843,2.535,2535,5,58.55,568.028,94.993,1623146.324,6.908923818
127.31734329,0.151,151,8,4.215,1087919.973,96.568,1623154.516,0
127.368701434,0.145,145,8,4.36,1087936.357,96.713,1623170.9,0.051358144
127.372457532,0.149,149,8,4.509,1087944.549,96.862,1623179.092,0.003756098
126.88290973,0.22,220,2,28.193,534519.877,97.013,1630475.855,0
127.883432046,0.22,220,2,28.413,534536.261,97.233,1644697.934,1.000522316
128.883975798,0.22,220,2,28.633,534552.645,97.453,1659778.962,1.000543752
127.364039685,1.575,1575,5,60.125,568.028,97.673,1668178.425,0
129.884728714,0.22,220,2,28.853,534569.029,100.186,1674991.062,2.520689029
130.886124744,0.22,220,2,29.073,534585.413,100.406,1689873.871,1.00139603
131.887249157,0.221,221,2,29.294,534601.797,100.627,1704492.388,1.001124413
132.888001979,0.221,221,2,29.515,534618.181,100.848,1718780.54,1.000752822
133.888687687,0.221,221,2,29.736,534634.565,101.069,1733531.203,1.000685708
134.889417374,0.221,221,2,29.957,534650.949,101.29,1748414.012,1.000729687
127.374160422,0.151,151,8,4.66,1223480.813,101.511,1758993.884,0
130.443513035,2.513,2513,5,62.638,699.1,101.662,1759256.607,3.069352613
136.644641585,2.535,2535,5,65.173,764.636,104.197,1759322.143,6.20112855
136.602311186,0.151,151,8,4.811,1223751.728,105.772,1759330.335,0
136.654350399,0.145,145,8,4.956,1223768.112,105.917,1759346.719,0.052039213
136.655927686,0.149,149,8,5.105,1223776.304,106.066,1759354.911,0.001577287
135.890147836,0.221,221,2,30.178,534667.333,106.217,1762750.845,0
136.891105503,0.221,221,2,30.399,534683.717,106.438,1777699.727,1.000957667
137.891992079,0.221,221,2,30.62,534700.101,106.659,1792384.317,1.000886576
138.892638428,0.221,221,2,30.841,534716.485,106.88,1807068.907,1.000646349
136.649520982,1.575,1575,5,66.748,764.636,107.101,1815204.078,0
139.893375904,0.221,221,2,31.062,534732.869,109.614,1822000.868,3.243854922
140.894306161,0.221,221,2,31.283,534749.253,109.835,1836949.75,1.000930257
141.895099234,0.221,221,2,31.504,534765.637,110.056,1852030.778,1.000793073
142.89586591,0.221,221,2,31.725,534782.021,110.277,1866715.368,1.000766676
143.896634603,0.221,221,2,31.946,534798.405,110.498,1881796.396,1.000768693
136.658108071,0.151,151,8,5.256,1359442.192,110.719,1895217.407,0
140.44312702,2.513,2513,5,69.261,813.788,110.87,1895471.442,3.785018949
145.837403386,2.535,2535,5,71.796,846.556,113.405,1895504.21,5.394276366
145.794285724,0.151,151,8,5.407,1359704.419,114.98,1895512.402,0
145.848589976,0.145,145,8,5.552,1359720.803,115.125,1895528.786,0.054304252
145.850320052,0.149,149,8,5.701,1359728.995,115.274,1895536.978,0.001730076
144.897370817,0.221,221,2,32.167,534814.789,115.425,1896219.201,0
145.898309895,0.221,221,2,32.388,534831.173,115.646,1910639.499,1.000939078
146.899200429,0.221,221,2,32.609,534847.557,115.867,1925720.527,1.000890534
147.900002959,0.221,221,2,32.83,534863.941,116.088,1940206.898,1.00080253
145.842730639,1.575,1575,5,73.371,846.556,116.309,1963555.243,0
148.900952379,0.221,221,2,33.051,534896.709,118.822,1970235.734,3.05822174
150.902501374,0.221,221,2,33.272,534913.093,119.043,1985118.543,2.001548995
151.903155657,0.221,221,2,33.493,534929.477,119.264,1999935.279,1.000654283
152.903762838,0.221,221,2,33.714,534945.861,119.485,2014752.015,1.000607181
153.90434944,0.221,221,2,33.935,534962.245,119.706,2029634.824,1.000586602
145.852051508,0.151,151,8,5.852,1495258.019,119.927,2031360.914,0
150.442798727,2.513,2513,5,75.884,977.628,120.078,2031614.949,4.590747219
155.065864177,2.535,2535,5,78.419,1043.164,122.613,2031680.485,4.62306545
155.02432396,0.151,151,8,6.003,1495520.246,124.188,2031688.677,0
155.076079072,0.145,145,8,6.148,1495536.63,124.333,2031705.061,0.051755112
155.077689398,0.149,149,8,6.297,1495544.822,124.482,2031713.253,0.00161032599999
154.904955137,0.221,221,2,34.156,534978.629,124.633,2043304.981,0
155.905720095,0.221,221,2,34.377,534995.013,124.854,2057989.571,1.000764958
156.906334603,0.221,221,2,34.598,535011.397,125.075,2072872.38,1.000614508
157.906959043,0.221,221,2,34.819,535027.781,125.296,2087689.116,1.00062444
158.907610368,0.221,221,2,35.04,535044.165,125.517,2102373.706,1.000651325
155.071599904,1.575,1575,5,79.994,1043.164,125.738,2110376.731,0
159.908179158,0.221,221,2,35.261,535060.549,128.251,2117305.667,4.836579254
160.908846897,0.221,221,2,35.482,535076.933,128.472,2132254.549,1.000667739
161.909446506,0.221,221,2,35.703,535093.317,128.693,2147137.358,1.000599609
162.910099587,0.221,221,2,35.924,535109.701,128.914,2161888.021,1.000653081
155.07936471,0.151,151,8,6.448,1631345.598,129.135,2167710.637,0
160.442634804,2.513,2513,5,82.507,1092.316,129.286,2167964.672,5.363270094
164.357729843,2.578,2578,5,85.085,1125.084,131.864,2167997.44,3.915095039
164.317260698,0.151,151,8,6.599,1631607.825,133.439,2168005.632,0
164.368700191,0.145,145,8,6.744,1631624.209,133.584,2168022.016,0.051439493
164.370384217,0.149,149,8,6.893,1631632.401,133.733,2168030.208,0.00168402600002
163.910788313,0.221,221,2,36.145,535126.085,133.884,2176046.534,0
164.911572053,0.221,221,2,36.366,535142.469,134.105,2190995.416,1.00078374
165.912343857,0.221,221,2,36.587,535158.853,134.326,2206076.444,1.000771804
166.913099354,0.221,221,2,36.808,535175.237,134.547,2221157.472,1.000755497
167.913864012,0.221,221,2,37.029,535191.621,134.768,2236172.427,1.000764658
168.914725688,0.221,221,2,37.25,535208.005,134.989,2250989.163,1.000861676
164.36380368,1.575,1575,5,86.66,1125.084,135.21,2258661.823,0
169.915607666,0.221,221,2,37.471,535224.389,137.723,2265739.289,5.551803986
170.917092131,0.221,221,2,37.692,535240.773,137.944,2280754.244,1.001484465
171.917990671,0.221,221,2,37.913,535257.157,138.165,2295637.053,1.00089854
164.371997203,0.151,151,8,7.044,1767161.425,138.386,2303772.224,0
170.443244652,2.513,2513,5,89.173,1190.62,138.537,2303934.645,6.071247449
173.511739463,2.535,2535,5,91.708,1256.156,141.072,2304000.181,3.068494811
173.470337524,0.151,151,8,7.195,1767332.038,142.647,2304008.373,0
173.523614498,0.145,145,8,7.34,1767348.422,142.792,2304024.757,0.053276974
173.525103146,0.149,149,8,7.489,1767356.614,142.941,2304032.949,0.00148864799999
172.918681973,0.221,221,2,38.134,535273.541,143.092,2309947.433,0
173.919452638,0.221,221,2,38.355,535289.925,143.313,2324764.169,1.000770665
174.920176879,0.221,221,2,38.576,535306.309,143.534,2339184.467,1.000724241
175.920932234,0.221,221,2,38.797,535322.693,143.755,2354265.495,1.000755355
176.921673182,0.221,221,2,39.018,535339.077,143.976,2369214.377,1.000740948
177.92240545,0.221,221,2,39.239,535355.461,144.197,2383766.821,1.000732268
178.923143598,0.221,221,2,39.46,535371.845,144.418,2398583.557,1.000738148
173.517354472,1.575,1575,5,93.283,1256.156,144.639,2405859.779,0
179.923763809,0.221,221,2,39.681,535388.229,147.152,2412937.245,6.406409337
173.526797502,0.151,151,8,7.64,1902964.205,147.373,2439853.532,0
180.442651373,2.513,2513,5,95.796,1321.692,147.524,2440107.567,6.915853871
182.800807105,2.535,2535,5,98.331,1354.46,150.059,2440140.335,2.358155732
182.760115276,0.151,151,8,7.791,1903226.432,151.634,2440148.527,0
182.81414277,0.145,145,8,7.936,1903242.816,151.779,2440164.911,0.054027494
182.815722303,0.149,149,8,8.085,1903251.008,151.928,2440173.103,0.00157953300001
180.924302263,0.221,221,2,39.902,535420.997,152.079,2442293.801,0
182.925712891,0.221,221,2,40.123,535437.381,152.3,2456856.115,2.001410628
183.926484505,0.221,221,2,40.344,535453.765,152.521,2471804.997,1.000771614
184.927306939,0.221,221,2,40.565,535470.149,152.742,2486753.879,1.000822434
185.92805882,0.221,221,2,40.786,535486.533,152.963,2501834.907,1.000751881
186.928824171,0.221,221,2,41.007,535502.917,153.184,2516717.716,1.000765351
187.929521323,0.221,221,2,41.228,535519.301,153.405,2531732.671,1.000697152
188.930110348,0.221,221,2,41.449,535535.685,153.626,2546351.188,1.000589025
182.809595113,1.575,1575,5,99.906,1354.46,153.847,2553957.775,0
189.930630592,0.221,221,2,41.67,535552.069,156.36,2561192.5,7.121035479
190.931307192,0.221,221,2,41.891,535568.453,156.581,2575612.798,1.0006766
182.817365256,0.151,151,8,8.236,2039237.282,156.802,2576347.793,0
190.443409558,2.513,2513,5,102.419,1379.036,156.953,2576601.828,7.626044302
192.040559745,2.535,2535,5,104.954,1399.516,159.488,2576622.308,1.597150187
191.993366601,0.151,151,8,8.387,2039499.509,161.063,2576630.5,0
192.054753811,0.145,145,8,8.532,2039515.893,161.208,2576646.884,0.06138721
192.056380719,0.149,149,8,8.681,2039524.085,161.357,2576655.076,0.00162690799999
191.931949651,0.221,221,2,42.112,535584.837,161.508,2589895.513,0
192.932767068,0.221,221,2,42.333,535601.221,161.729,2604844.395,1.000817417
193.933359567,0.221,221,2,42.554,535617.605,161.95,2619528.985,1.000592499
194.934096676,0.221,221,2,42.775,535633.989,162.171,2634213.575,1.000737109
195.934922927,0.221,221,2,42.996,535650.373,162.392,2649228.53,1.000826251
196.935657281,0.221,221,2,43.217,535666.757,162.613,2663847.047,1.000734354
197.936211925,0.221,221,2,43.438,535683.141,162.834,2678928.075,1.000554644
198.936816504,0.221,221,2,43.659,535699.525,163.055,2693744.811,1.000604579
192.046966551,1.575,1575,5,106.529,1399.516,163.276,2701021.033,0
199.937453306,0.221,221,2,43.88,535715.909,165.789,2708560.473,7.890486755
192.057782387,0.151,151,8,8.832,2175057.453,166.01,2712466.972,0
200.443931095,2.513,2513,5,109.042,1530.588,166.161,2712721.007,8.386148708
201.247997015,2.535,2535,5,111.577,1596.124,168.696,2712786.543,0.80406592
201.20729724,0.151,151,8,8.983,2175319.68,170.271,2712794.735,0
201.260241053,0.145,145,8,9.128,2175336.064,170.416,2712811.119,0.052943813
201.261424823,0.149,149,8,9.277,2175344.256,170.565,2712819.311,0.00118377000001
200.938203614,0.221,221,2,44.101,535732.293,170.716,2723088.534,0
201.939008633,0.221,221,2,44.322,535748.677,170.937,2738103.489,1.000805019
202.939671079,0.221,221,2,44.543,535765.061,171.158,2752788.079,1.000662446
203.940240398,0.221,221,2,44.764,535781.445,171.379,2767472.669,1.000569319
204.940787474,0.221,221,2,44.985,535797.829,171.6,2782223.332,1.000547076
205.941823266,0.221,221,2,45.206,535814.213,171.821,2796643.63,1.001035792
206.942803446,0.221,221,2,45.427,535830.597,172.042,2811328.22,1.00098018
207.943472165,0.221,221,2,45.648,535846.981,172.263,2825682.445,1.000668719
208.944082939,0.221,221,2,45.869,535863.365,172.484,2840300.962,1.000610774
201.255920599,1.575,1575,5,113.152,1596.124,172.705,2847775.403,0
201.262736384,0.151,151,8,9.428,2311077.914,175.218,2848749.577,0.00681578499999
210.442716023,2.513,2513,5,115.665,1645.276,175.369,2848909.102,9.179979639
210.549448971,2.578,2578,5,118.243,1678.044,177.947,2848941.87,0.106732948
210.505205514,0.151,151,8,9.579,2311245.631,179.522,2848950.062,0
210.559296394,0.145,145,8,9.724,2311262.015,179.667,2848966.446,0.05409088
210.560727573,0.149,149,8,9.873,2311270.207,179.816,2848974.638,0.00143117900001
209.944635215,0.221,221,2,46.09,535879.749,179.967,2854479.116,0
210.945409319,0.221,221,2,46.311,535896.133,180.188,2868833.341,1.000774104
211.946078784,0.221,221,2,46.532,535912.517,180.409,2883385.785,1.000669465
212.947148061,0.221,221,2,46.753,535945.285,180.63,2912887.111,1.001069277
214.948570007,0.221,221,2,46.974,535961.669,180.851,2927109.19,2.001421946
215.94927706,0.221,221,2,47.195,535978.053,181.072,2941925.926,1.000707053
216.95024112,0.221,221,2,47.416,535994.437,181.293,2956544.443,1.00096406
217.951153387,0.221,221,2,47.637,536010.821,181.514,2971427.252,1.000912267
210.562117022,0.151,151,8,10.024,2446864.23,181.735,2984716.117,0
210.554830159,1.575,1575,5,119.818,1678.044,181.886,2984810.092,0
219.930576888,2.535,2535,5,122.353,1743.58,184.421,2984875.628,9.375746729
219.866323619,0.151,151,8,10.175,2446966.397,185.996,2984883.82,0
219.943028172,0.145,145,8,10.32,2446982.781,186.141,2984900.204,0.076704553
219.94479654,0.149,149,8,10.469,2446990.973,186.29,2984908.396,0.001768368
218.951808651,0.221,221,2,47.858,536027.205,186.441,2985325.253,0
219.936022896,1.575,1575,5,123.928,1743.58,186.662,2991676.453,0.984214245
219.95257003,0.221,221,2,48.079,536043.589,189.175,2998852.76,0.016547134
220.953496032,0.221,221,2,48.3,536059.973,189.396,3013405.204,1.000926002
221.954191754,0.221,221,2,48.521,536076.357,189.617,3028155.867,1.000695722
222.954723015,0.221,221,2,48.742,536092.741,189.838,3042906.53,1.000531261
223.955252723,0.221,221,2,48.963,536109.125,190.059,3057458.974,1.000529708
224.955832942,0.221,221,2,49.184,536125.509,190.28,3072011.418,1.000580219
225.956360264,0.221,221,2,49.405,536141.893,190.501,3086696.008,1.000527322
226.956860249,0.221,221,2,49.626,536158.277,190.722,3101446.671,1.000499985
227.957368631,0.221,221,2,49.847,536174.661,190.943,3116131.261,1.000508382
219.946635178,0.151,151,8,10.62,2582651.069,191.164,3120830.636,0
220.442670464,2.513,2513,5,126.441,1841.884,191.315,3121084.671,0.496035286
229.314395764,2.535,2535,5,128.976,1891.036,193.85,3121133.823,8.8717253
229.273994235,0.151,151,8,10.771,2582913.296,195.425,3121142.015,0
229.325166164,0.145,145,8,10.916,2582929.68,195.57,3121158.399,0.051171929
229.326703304,0.149,149,8,11.065,2582937.872,195.719,3121166.591,0.00153714000001
228.95801638,0.221,221,2,50.068,536191.045,195.87,3130741.37,0
229.319845469,1.575,1575,5,130.551,1891.036,196.091,3138083.665,0.361829089
229.958868749,0.221,221,2,50.289,536207.429,198.604,3146119.458,0.63902328
230.959686474,0.221,221,2,50.51,536223.813,198.825,3160870.121,1.000817725
231.961057671,0.221,221,2,50.731,536240.197,199.046,3175620.784,1.001371197
232.962727943,0.221,221,2,50.952,536256.581,199.267,3190041.082,1.001670272
233.963727508,0.221,221,2,51.173,536272.965,199.488,3204263.161,1.000999565
234.965651368,0.221,221,2,51.394,536289.349,199.709,3219013.824,1.00192386
235.966678039,0.221,221,2,51.615,536305.733,199.93,3234028.779,1.001026671
236.967396138,0.221,221,2,51.836,536322.117,200.151,3248911.588,1.000718099
229.328248582,0.151,151,8,11.216,2718637.816,200.372,3257046.759,0
230.442599715,2.513,2513,5,133.064,1923.804,200.523,3257285.256,1.114351133
238.548355587,2.535,2535,5,135.599,1948.38,203.058,3257309.832,8.105755872
238.507283524,0.151,151,8,11.367,2718884.505,204.633,3257318.024,0
238.557423669,0.145,145,8,11.512,2718900.889,204.778,3257334.408,0.050140145
238.559079038,0.149,149,8,11.661,2718909.081,204.927,3257342.6,0.00165536899999
237.968129568,0.221,221,2,52.057,536338.501,205.078,3263641.028,0
238.968986224,0.221,221,2,52.278,536354.885,205.299,3278655.983,1.000856656
238.5526527,1.575,1575,5,137.174,1948.38,205.52,3285733.986,0
239.969760293,0.221,221,2,52.499,536371.269,208.033,3293868.083,1.417107593
240.970539419,0.221,221,2,52.72,536387.653,208.254,3309015.184,1.000779126
241.971398611,0.221,221,2,52.941,536404.037,208.475,3324096.212,1.000859192
242.972519369,0.221,221,2,53.162,536420.421,208.696,3339309.386,1.001120758
243.973417185,0.221,221,2,53.383,536436.805,208.917,3354192.195,1.000897816
244.974104965,0.221,221,2,53.604,536469.573,209.359,3384486.397,1.00068778
238.560674424,0.151,151,8,11.812,2854372.032,209.58,3393150.152,0
240.446458702,2.513,2513,5,139.687,2079.452,209.731,3393404.187,1.885784278
247.59779917,2.535,2535,5,142.222,2144.988,212.266,3393469.723,7.151340468
247.558071468,0.151,151,8,11.963,2854634.259,213.841,3393477.915,0
247.606732795,0.145,145,8,12.108,2854650.643,213.986,3393494.299,0.048661327
247.607935491,0.149,149,8,12.257,2854658.835,214.135,3393502.491,0.00120269600001
246.97548979,0.221,221,2,53.825,536485.957,214.286,3399196.958,0
247.976215276,0.221,221,2,54.046,536502.341,214.507,3414211.913,1.000725486
248.976916253,0.221,221,2,54.267,536518.725,214.728,3429359.014,1.000700977
247.60250744,1.575,1575,5,143.797,2144.988,214.949,3436238.798,0
249.977611036,0.221,221,2,54.488,536535.109,217.462,3444290.975,2.375103596
250.978346056,0.221,221,2,54.709,536551.493,217.683,3459173.784,1.00073502
251.979134321,0.221,221,2,54.93,536567.877,217.904,3474056.593,1.000788265
252.979829189,0.221,221,2,55.151,536584.261,218.125,3488741.183,1.000694868
253.980490662,0.221,221,2,55.372,536600.645,218.346,3503425.773,1.000661473
254.98109758,0.221,221,2,55.593,536617.029,218.567,3518374.655,1.000606918
247.609170552,0.151,151,8,12.408,2990574.993,218.788,3529615.257,0
250.442723341,2.513,2513,5,146.31,2194.14,218.939,3529869.292,2.833552789
256.769914683,2.535,2535,5,148.845,2226.908,221.474,3529902.06,6.327191342
256.72910947,0.151,151,8,12.559,2990837.22,223.049,3529910.252,0
256.781268481,0.145,145,8,12.704,2990853.604,223.194,3529926.636,0.052159011
256.782646206,0.149,149,8,12.853,2990861.796,223.343,3529934.828,0.001377725
255.981773702,0.221,221,2,55.814,536633.413,223.494,3532733.371,0
256.982548262,0.221,221,2,56.035,536649.797,223.715,3547880.472,1.00077456
257.984080761,0.221,221,2,56.256,536666.181,223.936,3562961.5,1.001532499
258.985516174,0.221,221,2,56.477,536682.565,224.157,3577646.09,1.001435413
256.775834739,1.575,1575,5,150.42,2226.908,224.378,3584261.582,0
259.986710096,0.221,221,2,56.698,536698.949,226.891,3592594.435,3.210875357
260.987389553,0.221,221,2,56.919,536715.333,227.112,3607609.39,1.000679457
261.988122808,0.221,221,2,57.14,536731.717,227.333,3622293.98,1.000733255
262.988860557,0.221,221,2,57.361,536748.101,227.554,3637110.716,1.000737749
263.989458474,0.221,221,2,57.582,536764.485,227.775,3651927.452,1.000597917
256.784218865,0.151,151,8,13.004,3126392.804,227.996,3665678.828,0
260.442423126,2.513,2513,5,152.933,2292.444,228.147,3665932.863,3.658204261
264.990000573,0.221,221,2,57.803,536780.869,230.682,3665941.055,4.547577447
265.958183336,2.535,2535,5,155.468,2390.748,230.903,3666047.551,0.968182763
265.919870618,0.151,151,8,13.155,3126655.031,232.478,3666055.743,0
266.010581823,0.145,145,8,13.3,3126671.415,232.623,3666072.127,0.090711205
266.011844501,0.149,149,8,13.449,3126679.607,232.772,3666080.319,0.00126267799999
265.990586963,0.221,221,2,58.024,536797.253,232.923,3680439.653,0
266.991259264,0.221,221,2,58.245,536813.637,233.144,3695058.17,1.000672301
267.99178188,0.221,221,2,58.466,536830.021,233.365,3709874.906,1.000522616
268.99227135,0.221,221,2,58.687,536846.405,233.586,3724559.496,1.00048947
266.00696792,1.575,1575,5,157.043,2390.748,233.807,3731373.207,0
269.992849985,0.221,221,2,58.908,536862.789,236.32,3739276.854,3.985882065
270.993537826,0.221,221,2,59.129,536879.173,236.541,3754556.101,1.000687841
271.994243543,0.221,221,2,59.35,536895.557,236.762,3769769.275,1.000705717
272.994862205,0.221,221,2,59.571,536911.941,236.983,3784982.449,1.000618662
273.995479314,0.221,221,2,59.792,536928.325,237.204,3799997.404,1.000617109
266.013144681,0.151,151,8,13.6,3262208.631,237.425,3801789.567,0
270.442896698,2.513,2513,5,159.556,2423.516,237.576,3802043.602,4.429752017
275.166496271,2.535,2535,5,162.091,2472.668,240.111,3802092.754,4.723599573
275.128035671,0.151,151,8,13.751,3262470.858,241.686,3802100.946,0
275.176418335,0.145,145,8,13.896,3262487.242,241.831,3802117.33,0.048382664
275.177469551,0.149,149,8,14.045,3262495.434,241.98,3802125.522,0.00105121600001
274.996454702,0.221,221,2,60.013,536944.709,242.131,3814837.749,0
275.999564038,0.221,221,2,60.234,536961.093,242.352,3829918.777,1.003109336
277.000519892,0.221,221,2,60.455,536993.861,242.573,3860080.833,1.000955854
279.00199118,0.221,221,2,60.676,537010.245,242.794,3875029.715,2.001471288
275.171852235,1.575,1575,5,163.666,2472.668,243.015,3881446.988,0
280.002441269,0.221,221,2,60.897,537026.629,245.528,3889681.0,4.830589034
281.002876323,0.221,221,2,61.118,537043.013,245.749,3904497.736,1.000435054
282.003439963,0.221,221,2,61.339,537059.397,245.97,3919182.326,1.00056364
283.003913344,0.221,221,2,61.56,537075.781,246.191,3934065.135,1.000473381
275.178638277,0.151,151,8,14.196,3398095.249,246.412,3937905.561,0
280.442442393,2.513,2513,5,166.179,2505.436,246.563,3938165.388,5.263804116
284.305715008,2.535,2535,5,168.714,2530.012,249.098,3938189.964,3.863272615
284.267499342,0.151,151,8,14.347,3398363.268,250.673,3938198.156,0
284.314289375,0.145,145,8,14.492,3398379.652,250.818,3938214.54,0.046790033
284.315693036,0.149,149,8,14.641,3398387.844,250.967,3938222.732,0.00140366100004
284.004435187,0.221,221,2,61.781,537092.165,251.118,3948221.248,0
285.00499584,0.221,221,2,62.002,537108.549,251.339,3963104.057,1.000560653
286.005627865,0.221,221,2,62.223,537124.933,251.56,3977854.72,1.000632025
287.006207633,0.221,221,2,62.444,537141.317,251.781,3993001.821,1.000579768
288.006684266,0.221,221,2,62.665,537157.701,252.002,4007620.338,1.000476633
289.007150358,0.221,221,2,62.886,537174.085,252.223,4021776.344,1.000466092
284.310522632,1.575,1575,5,170.289,2530.012,252.444,4028127.544,0
290.007610097,0.221,221,2,63.107,537190.469,254.957,4036393.787,5.697087465
291.008067975,0.221,221,2,63.328,537206.853,255.178,4051276.596,1.000457878
292.008626597,0.221,221,2,63.549,537223.237,255.399,4065630.821,1.000558622
284.320151236,0.151,151,8,14.792,3533916.868,255.62,4074030.284,0
290.442417801,2.513,2513,5,172.802,2661.084,255.771,4074287.215,6.122266565
293.601949127,2.535,2535,5,175.337,2726.62,258.306,4074352.751,3.159531326
293.562862632,0.151,151,8,14.943,3534181.991,259.881,4074360.943,0
293.610221146,0.145,145,8,15.088,3534198.375,260.026,4074377.327,0.047358514
293.611516224,0.149,149,8,15.237,3534206.567,260.175,4074385.519,0.001295078
293.009145907,0.221,221,2,63.77,537239.621,260.326,4080144.849,0
294.009637776,0.221,221,2,63.991,537256.005,260.547,4094631.22,1.000491869
295.010095102,0.221,221,2,64.212,537272.389,260.768,4109381.883,1.000457326
296.010542032,0.221,221,2,64.433,537288.773,260.989,4123868.254,1.00044693
297.010993066,0.221,221,2,64.654,537305.157,261.21,4138618.917,1.000451034
298.011444907,0.221,221,2,64.875,537321.541,261.431,4153766.018,1.000451841
299.011900436,0.221,221,2,65.096,537337.925,261.652,4168582.754,1.000455529
293.606364157,1.575,1575,5,176.912,2726.62,261.873,4175000.027,0
300.012364808,0.221,221,2,65.317,537354.309,264.386,4183580.788,6.406000651
301.012928082,0.221,221,2,65.538,537370.693,264.607,4198463.597,1.000563274
293.613153738,0.151,151,8,15.388,3669857.223,264.828,4210232.783,0
300.442524622,2.513,2513,5,179.425,2775.772,264.979,4210389.412,6.829370884
302.858556544,2.535,2535,5,181.96,2808.54,267.514,4210422.18,2.416031922
302.819800522,0.151,151,8,15.539,3670022.044,269.089,4210430.372,0
302.866585257,0.145,145,8,15.684,3670038.428,269.234,4210446.756,0.046784735
302.867898594,0.149,149,8,15.833,3670046.62,269.383,4210454.948,0.001313337
302.013420071,0.221,221,2,65.759,537387.077,269.534,4213022.689,0
303.014052754,0.221,221,2,65.98,537403.461,269.755,4228037.644,1.000632683
304.014718234,0.221,221,2,66.201,537419.845,269.976,4242986.526,1.00066548
305.015462452,0.221,221,2,66.422,537436.229,270.197,4257406.824,1.000744218
306.016200745,0.221,221,2,66.643,537452.613,270.418,4272421.779,1.000738293
307.016868812,0.221,221,2,66.864,537468.997,270.639,4287502.807,1.000668067
308.017546332,0.221,221,2,67.085,537485.381,270.86,4302385.616,1.00067752
302.86320043,1.575,1575,5,183.535,2808.54,271.081,4323553.552,0
309.018228879,0.221,221,2,67.306,537518.149,273.594,4332282.306,6.155028449
302.869107802,0.151,151,8,15.984,3805875.41,273.815,4346562.266,0
311.01958249,0.221,221,2,67.527,537534.533,273.966,4346824.493,8.150474688
310.442542765,2.513,2513,5,186.048,2939.612,274.187,4346832.685,0
312.033510207,2.535,2535,5,188.583,3005.148,276.722,4346898.221,1.590967442
311.993554459,0.151,151,8,16.135,3806137.637,278.297,4346906.413,0
312.041379562,0.145,145,8,16.28,3806162.213,278.442,4346930.989,0.047825103
312.042899554,0.149,149,8,16.429,3806170.405,278.591,4346939.181,0.001519992
312.020426611,0.221,221,2,67.748,537550.917,278.742,4361229.632,0
313.020960075,0.221,221,2,67.969,537567.301,278.963,4376112.441,1.000533464
314.021415256,0.221,221,2,68.19,537583.685,279.184,4390995.25,1.000455181
315.021867235,0.221,221,2,68.411,537600.069,279.405,4405811.986,1.000451979
316.022367317,0.221,221,2,68.632,537616.453,279.626,4420628.722,1.000500082
317.022888064,0.221,221,2,68.853,537632.837,279.847,4435511.531,1.000520747
318.023359401,0.221,221,2,69.074,537649.221,280.068,4450394.34,1.000471337
319.023843289,0.221,221,2,69.295,537665.605,280.289,4465409.295,1.000483888
312.037667446,1.575,1575,5,190.158,3005.148,280.51,4471694.422,0
320.02431968,0.221,221,2,69.516,537681.989,283.023,4480258.799,7.986652234
312.043961434,0.151,151,8,16.58,3941960.911,283.244,4482909.911,0
320.443253907,2.513,2513,5,192.671,3037.916,283.395,4483066.54,8.399292473
321.024786395,0.221,221,2,69.737,537698.373,285.93,4483074.732,0.581532488
322.025238544,0.221,221,2,69.958,537714.757,286.151,4483091.116,1.000452149
323.025683683,0.221,221,2,70.179,537731.141,286.372,4483107.5,1.000445139
324.02613526,0.221,221,2,70.4,537747.525,286.593,4483123.884,1.000451577
325.026577775,0.221,221,2,70.621,537763.909,286.814,4483140.268,1.000442515
326.027025762,0.221,221,2,70.842,537780.293,287.035,4483156.652,1.000447987
321.238412643,2.535,2535,5,195.206,3070.684,287.256,4483197.612,0
327.027468096,0.221,221,2,71.063,537796.677,287.445,4483225.26,5.789055453
328.027919157,0.221,221,2,71.284,537813.061,287.666,4483241.644,1.000451061
329.033166121,0.221,221,2,71.505,537829.445,287.887,4483258.028,1.005246964
327.560518975,0.189,189,5,195.395,3087.068,288.108,4483266.22,0
330.033670245,0.221,221,2,71.726,537845.829,288.447,4483282.604,2.47315127
331.034169204,0.221,221,2,71.947,537862.213,288.668,4483298.988,1.000498959
332.034632134,0.221,221,2,72.168,537878.597,288.889,4483315.372,1.00046293
333.035077341,0.221,221,2,72.389,537894.981,289.11,4483331.756,1.000445207
334.03551674,0.221,221,2,72.61,537911.365,289.331,4483348.14,1.000439399
335.03605889,0.221,221,2,72.831,537927.749,289.552,4483364.524,1.00054215
336.036520151,0.221,221,2,73.052,537944.133,289.773,4483380.908,1.000461261
337.036969476,0.221,221,2,73.273,537960.517,289.994,4483397.292,1.000449325
338.037415845,0.221,221,2,73.494,537976.901,290.215,4483413.676,1.000446369
339.037943475,0.221,221,2,73.715,537993.285,290.436,4483430.06,1.00052763
330.441820026,0.339,339,5,195.734,3095.26,290.657,4483438.252,0
340.038488507,0.221,221,2,73.936,538009.669,290.996,4483450.54,9.596668481
341.038973308,0.221,221,2,74.157,538042.437,291.438,4483485.324,1.000484801
343.040004001,0.221,221,2,74.378,538058.821,291.659,4483501.708,2.001030693
344.040422351,0.221,221,2,74.599,538075.205,291.88,4483518.092,1.00041835
345.040891495,0.221,221,2,74.82,538091.589,292.101,4483534.476,1.000469144
346.041361205,0.221,221,2,75.041,538107.973,292.322,4483550.86,1.00046971
347.041820972,0.221,221,2,75.262,538124.357,292.543,4483567.244,1.000459767
348.042262633,0.221,221,2,75.483,538140.741,292.764,4483583.628,1.000441661
349.04275654,0.221,221,2,75.704,538157.125,292.985,4483600.012,1.000493907
340.441601734,0.339,339,5,196.073,3099.356,293.206,4483608.204,0
350.0432342,0.221,221,2,75.925,538173.509,293.545,4483618.444,9.601632466
350.441753012,0.339,339,5,196.412,3118.3,293.766,4483643.532,0.398518812
351.446203732,1.575,1575,5,197.987,3118.3,295.341,4483643.532,1.00445072
351.45713872,0.286,286,5,198.273,3130.588,295.627,4483661.964,0.010934988
351.512005791,0.189,189,5,198.462,3136.732,295.816,4483668.108,0.054867071
351.531084351,0.249,249,5,198.711,3139.804,296.065,4483671.18,0.01907856
351.56792771,0.299,152,4,0.299,18.4,296.478,4483680.908,0.036843359
351.569983284,0.152,152,4,0.451,2340.832,296.63,4486003.34,0.002055574
351.043662755,0.221,221,2,76.146,538189.893,296.782,4603976.332,0
352.044444011,0.221,221,2,76.367,538206.277,297.003,4766757.932,1.000781256
353.045935334,0.221,221,2,76.588,538222.661,297.224,4766774.316,1.001491323
354.04854391,0.221,221,2,76.809,538239.045,297.445,4766790.7,1.002608576
355.049302545,0.221,221,2,77.03,538255.429,297.666,4766807.084,1.000758635
356.050046867,0.221,221,2,77.251,538271.813,297.887,4766823.468,1.000744322
357.050592646,0.221,221,2,77.472,538288.197,298.108,4766839.852,1.000545779
358.051224741,0.221,221,2,77.693,538304.581,298.329,4766856.236,1.000632095
359.051949248,0.221,221,2,77.914,538320.965,298.55,4766872.62,1.000724507
351.544072919,0.114,114,5,198.825,3141.34,298.771,4766880.812,0
360.052634675,0.221,221,2,78.135,538337.349,301.284,4766890.012,8.508561756
361.053432187,0.221,221,2,78.356,538353.733,301.505,4766906.396,1.000797512
362.054149805,0.221,221,2,78.577,538370.117,301.726,4766922.78,1.000717618
363.054743844,0.221,221,2,78.798,538386.501,301.947,4766939.164,1.000594039
364.055415623,0.221,221,2,79.019,538402.885,302.168,4766955.548,1.000671779
351.585212674,0.152,152,4,0.603,283070.848,302.389,4766963.74,0
365.056430674,0.221,221,2,79.24,538419.269,302.541,4831705.116,13.471218
366.057187747,0.221,221,2,79.461,538435.653,302.762,4831721.5,1.000757073
367.057943747,0.221,221,2,79.682,538452.037,302.983,4831739.42,1.000756
368.05867502,0.221,221,2,79.903,538468.421,303.204,4831755.804,1.000731273
369.059366077,0.221,221,2,80.124,538484.805,303.425,4831772.188,1.000691057
360.443914378,2.513,2513,5,201.338,3142.348,303.646,4831780.38,0
370.060631926,0.221,221,2,80.345,538501.189,306.159,4831789.548,9.616717548
371.061712845,0.221,221,2,80.566,538517.573,306.38,4831805.932,1.001080919
372.062391035,0.221,221,2,80.787,538533.957,306.601,4831822.316,1.00067819
373.063136614,0.221,221,2,81.008,538566.725,306.822,4831855.084,1.000745579
370.442222157,2.513,2513,5,203.851,3143.324,307.043,4831863.276,0
375.064638691,0.221,221,2,81.229,538583.109,307.221,4831872.412,4.622416534
376.065285307,0.221,221,2,81.45,538599.493,307.442,4831888.796,1.000646616
376.003460534,0.178,178,5,204.029,3144.268,307.663,4831896.988,0
377.821823706,2.633,2633,5,206.662,3153.436,310.296,4831906.156,1.818363172
377.827928741,1.575,1575,5,208.237,3153.436,311.871,4831906.156,0.00610503500002
365.683996306,0.152,152,4,0.755,347805.568,312.12,4831914.348,0
377.065733266,0.221,221,2,81.671,538615.877,312.723,4878453.1,11.38173696
378.066302582,0.221,221,2,81.892,538632.261,312.944,5100800.364,1.000569316
379.066985325,0.221,221,2,82.113,538648.645,313.165,5100820.524,1.000682743
377.832834472,0.249,249,5,208.486,3161.628,313.386,5100828.716,0
380.06762569,0.221,221,2,82.334,538665.029,315.899,5100849.196,2.234791218
381.069648222,0.221,221,2,82.555,538681.413,316.12,5100865.58,1.002022532
382.071656644,0.221,221,2,82.776,538697.797,316.341,5100881.964,1.002008422
383.072325134,0.221,221,2,82.997,538714.181,316.562,5100898.348,1.00066849
384.072974095,0.221,221,2,83.218,538730.565,316.783,5100914.732,1.000648961
385.073652314,0.221,221,2,83.439,538746.949,317.004,5100931.116,1.000678219
386.074338359,0.221,221,2,83.66,538763.333,317.225,5100947.5,1.000686045
387.075306619,0.221,221,2,83.881,538779.717,317.446,5100963.884,1.00096826
388.076723965,0.221,221,2,84.102,538796.101,317.667,5100980.268,1.001417346
389.07785998,0.221,221,2,84.323,538812.485,317.888,5100996.652,1.001136015
380.442689003,2.513,2513,5,210.999,3173.916,318.109,5101004.844,0
390.078700989,0.221,221,2,84.544,538828.869,320.622,5101019.18,9.636011986
391.079443328,0.221,221,2,84.765,538845.253,320.843,5101035.564,1.000742339
377.840090239,0.603,152,4,1.358,616670.784,321.064,5101043.756,0
392.080195081,0.221,221,2,84.986,538861.637,321.216,5163491.372,14.240104842
393.080962576,0.221,221,2,85.207,538878.021,321.437,5168357.42,1.000767495
394.082730991,0.221,221,2,85.428,538894.405,321.658,5168373.804,1.001768415
395.083973821,0.221,221,2,85.649,538910.789,321.879,5168390.188,1.00124283
396.084635945,0.221,221,2,85.87,538927.173,322.1,5168407.852,1.000662124
397.085290542,0.221,221,2,86.091,538943.557,322.321,5168424.236,1.000654597
398.085960188,0.221,221,2,86.312,538959.941,322.542,5168440.62,1.000669646
399.086658647,0.221,221,2,86.533,538976.325,322.763,5168457.004,1.000698459
390.442776641,2.513,2513,5,213.512,3180.06,322.984,5168465.196,0
400.087351821,0.221,221,2,86.754,538992.709,325.497,5168476.46,9.64457518
401.088046211,0.221,221,2,86.975,539009.093,325.718,5168492.844,1.00069439
402.088727606,0.221,221,2,87.196,539025.477,325.939,5168509.228,1.000681395
403.089576673,0.221,221,2,87.417,539041.861,326.16,5168525.612,1.000849067
404.09036849,0.221,221,2,87.638,539058.245,326.381,5168541.996,1.000791817
400.442482541,2.513,2513,5,216.025,3183.132,326.602,5168550.188,0
405.395147457,0.178,178,5,216.203,3184.668,326.78,5168568.108,4.952664916
405.091174275,0.221,221,2,87.859,539091.013,329.368,5168576.3,0
407.092821161,0.221,221,2,88.08,539107.397,329.589,5168592.684,2.001646886
408.093486962,0.221,221,2,88.301,539123.781,329.81,5168609.068,1.000665801
406.126636621,2.588,2588,5,218.791,3197.212,330.031,5168629.804,0
409.784382668,1.575,1575,5,220.366,3197.212,331.606,5168629.804,3.657746047
409.786100592,0.286,286,5,220.652,3399.964,331.892,5168832.556,0.00171792400005
409.093985888,0.221,221,2,88.522,539140.165,332.081,5168843.82,0
409.790951711,0.189,189,5,220.841,3403.036,332.302,5168852.012,0.696965823
410.4423998,2.513,2513,5,223.354,3404.572,334.815,5168853.548,0.651448089
410.468845664,2.376,2376,5,225.73,3417.116,337.191,5168866.092,0.026445864
410.094538863,0.221,221,2,88.743,539156.549,338.766,5168874.284,0
410.477627341,1.575,1575,5,227.305,3417.116,338.987,5168882.476,0.383088478
411.095181207,0.221,221,2,88.964,539172.933,341.363,5168890.668,0.617553866
412.095837306,0.221,221,2,89.185,539189.317,341.584,5168907.052,1.000656099
413.096318422,0.221,221,2,89.406,539205.701,341.805,5168923.436,1.000481116
411.251947546,2.376,2376,5,229.681,3423.26,342.026,5168937.772,0
414.137099645,0.189,189,5,229.87,3428.876,342.215,5168943.388,2.885152099
414.150281431,0.189,189,5,230.059,3439.804,342.404,5168954.316,0.013181786
414.907310254,1.575,1575,5,231.634,3439.804,343.979,5168954.316,0.757028823
414.910576385,0.286,286,5,231.92,3792.06,344.265,5169306.572,0.00326613100003
414.096736748,0.221,221,2,89.627,539222.085,344.454,5169331.148,0
392.302209886,0.152,152,4,1.51,683962.368,344.675,5169340.556,0
414.915741419,0.189,189,5,232.109,3808.444,426.655,5169340.556,22.613531533
415.868564458,0.286,286,5,232.395,4078.78,426.941,5169610.892,0.952823039
415.0973094,0.221,221,2,89.848,539238.469,427.13,5169623.18,0
416.097975314,0.221,221,2,90.069,539254.853,427.351,5169639.564,1.000665914
417.098690474,0.221,221,2,90.29,539271.237,427.572,5169655.948,1.00071516
415.874667591,0.189,189,5,232.584,4082.876,427.793,5169664.14,0
418.714684312,0.184,184,5,232.768,4084.924,427.977,5169666.188,2.840016721
418.721472108,1.775,1775,5,234.543,4101.82,429.752,5169683.084,0.00678779600003
418.726040332,1.575,1575,5,236.118,4103.868,431.327,5169685.132,0.00456822400002
418.7543547,1572.864,262144,5,1808.982,4103.868,2004.191,5169685.132,0.028314368
418.757078432,11272.192,262144,5,13081.174,4103.868,13276.383,5169685.132,0.00272373199999
418.769396698,3932.16,262144,5,17013.334,4103.868,17208.543,5169685.132,0.012318266
418.776876444,786.432,262144,5,17799.766,4103.868,17994.975,5169685.132,0.007479746
418.778338252,786.432,262144,5,18586.198,4103.868,18781.407,5169685.132,0.00146180800004
418.779963165,524.288,262144,5,19110.486,4103.868,19305.695,5169685.132,0.001624913
418.781430918,524.288,262144,5,19634.774,4103.868,19829.983,5169685.132,0.00146775299999
418.782901572,524.288,262144,5,20159.062,4103.868,20354.271,5169685.132,0.001470654
418.784365507,524.288,262144,5,20683.35,4103.868,20878.559,5169685.132,0.001463935
418.785986793,786.432,262144,5,21469.782,4103.868,21664.991,5169685.132,0.00162128599999
418.787897778,524.288,262144,5,21994.07,4103.868,22189.279,5169685.132,0.00191098499999
418.789379136,786.432,262144,5,22780.502,4103.868,22975.711,5169685.132,0.00148135799998
418.791434582,524.288,262144,5,23304.79,4103.868,23499.999,5169685.132,0.00205544600004
418.793481327,524.288,262144,5,23829.078,4103.868,24024.287,5169685.132,0.00204674499997
418.795555407,524.288,262144,5,24353.366,4103.868,24548.575,5169685.132,0.00207408
418.797471862,524.288,262144,5,24877.654,4103.868,25072.863,5169685.132,0.00191645500001
418.799516151,786.432,262144,5,25664.086,4103.868,25859.295,5169685.132,0.00204428899997
418.802006707,786.432,262144,5,26450.518,4103.868,26645.727,5169685.132,0.002490556
418.804658884,786.432,262144,5,27236.95,4103.868,27432.159,5169685.132,0.00265217700002
418.807151952,786.432,262144,5,28023.382,4103.868,28218.591,5169685.132,0.00249306800004
418.809648258,786.432,262144,5,28809.814,4103.868,29005.023,5169685.132,0.00249630599995
418.812152818,786.432,262144,5,29596.246,4103.868,29791.455,5169685.132,0.00250456000003
418.81524821,786.432,262144,5,30382.678,4103.868,30577.887,5169685.132,0.00309539199998
418.818175193,264.121,262144,5,30646.799,4116.156,30842.008,5169697.42,0.00292698300001
418.099392078,0.221,221,2,90.511,539287.621,30842.192,5169711.756,0
419.100058008,0.221,221,2,90.732,539304.005,30842.413,5169728.14,1.00066593
418.90401976,0.184,184,5,30646.983,4122.3,30842.634,5169736.332,0
420.100534796,0.221,221,2,90.953,539320.389,30845.147,5169747.596,1.196515036
420.442364486,2.513,2513,5,30649.496,4125.372,30845.368,5169755.788,0.34182969
422.083223549,0.184,184,5,30649.68,4126.908,30845.552,5169757.324,1.640859063
422.086373458,1.775,1775,5,30651.455,4128.428,30847.327,5169758.844,0.003149909
422.090283318,1572.864,262144,5,32224.319,4128.428,32420.191,5169758.844,0.00390985999996
422.093853537,786.432,262144,5,33010.751,4128.428,33206.623,5169758.844,0.00357021899998
422.097081588,786.432,262144,5,33797.183,4128.428,33993.055,5169758.844,0.00322805100001
421.101125825,0.221,221,2,91.174,539336.773,34779.487,5169767.036,0
422.100464323,786.432,262144,5,34583.615,4128.428,34779.708,5169775.228,0.999338498
422.1038495,786.432,262144,5,35370.047,4128.428,35566.14,5169775.228,0.00338517700004
422.10708639,786.432,262144,5,36156.479,4128.428,36352.572,5169775.228,0.00323688999998
422.1104561,786.432,262144,5,36942.911,4128.428,37139.004,5169775.228,0.00336971000002
422.113698499,786.432,262144,5,37729.343,4128.428,37925.436,5169775.228,0.00324239899999
422.117043765,786.432,262144,5,38515.775,4128.428,38711.868,5169775.228,0.003345266
422.120415727,786.432,262144,5,39302.207,4128.428,39498.3,5169775.228,0.00337196200002
422.12365102,786.432,262144,5,40088.639,4128.428,40284.732,5169775.228,0.00323529299999
422.127034858,786.432,262144,5,40875.071,4128.428,41071.164,5169775.228,0.00338383799999
422.130421852,786.432,262144,5,41661.503,4128.428,41857.596,5169775.228,0.00338699399998
422.133657985,786.432,262144,5,42447.935,4128.428,42644.028,5169775.228,0.00323613300003
422.137038135,786.432,262144,5,43234.367,4128.428,43430.46,5169775.228,0.00338015
422.140569904,786.432,262144,5,44020.799,4128.428,44216.892,5169775.228,0.00353176900001
422.144102873,786.432,262144,5,44807.231,4128.428,45003.324,5169775.228,0.00353296899999
422.147630755,538.378,262144,5,45345.609,4128.428,45541.702,5169775.228,0.00352788200001
422.151116303,41.129,41129,5,45386.738,4129.436,45582.831,5169776.236,0.00348554799996
422.101800407,0.221,221,2,91.395,539353.157,45583.015,5169785.404,0
422.190834069,0.184,184,5,45386.922,4139.9,45583.236,5169803.084,0.089033662
423.108216379,1.575,1575,5,45388.497,4139.9,45584.811,5169803.084,0.91738231
423.103636589,0.221,221,2,91.616,539369.541,45585.06,5169909.58,0
424.10433809,0.221,221,2,91.837,539385.925,45585.281,5169925.964,1.000701501
425.10504383,0.221,221,2,92.058,539402.309,45585.502,5169942.348,1.00070574
426.105685348,0.221,221,2,92.279,539418.693,45585.723,5169958.732,1.000641518
427.106130785,0.221,221,2,92.5,539435.077,45585.944,5169975.116,1.000445437
428.106519608,0.221,221,2,92.721,539451.461,45586.165,5169991.5,1.000388823
429.106922521,0.221,221,2,92.942,539467.845,45586.386,5170007.884,1.000402913
423.135074102,0.249,249,5,45388.746,4172.668,45586.607,5170016.076,0
430.107314257,0.221,221,2,93.163,539484.229,45589.12,5170040.652,6.972240155
431.10772588,0.221,221,2,93.384,539500.613,45589.341,5170057.036,1.000411623
432.108146583,0.221,221,2,93.605,539516.997,45589.562,5170073.42,1.000420703
433.10853513,0.221,221,2,93.826,539533.381,45589.783,5170089.804,1.000388547
434.108926751,0.221,221,2,94.047,539549.765,45590.004,5170106.188,1.000391621
435.109316216,0.221,221,2,94.268,539566.149,45590.225,5170122.572,1.000389465
436.109714057,0.221,221,2,94.489,539582.533,45590.446,5170138.956,1.000397841
437.110112887,0.221,221,2,94.71,539615.301,45590.667,5170171.724,1.00039883
415.370767265,81.98,81980,4,83.49,684044.288,45590.888,5170196.3,0
439.111068593,0.221,221,2,94.931,539631.685,45591.491,5319417.676,23.740301328
430.442393061,2.513,2513,5,45391.259,4189.052,45591.712,5319458.636,0
440.111722213,0.221,221,2,95.152,539648.069,45594.225,5410013.004,9.669329152
441.112362377,0.221,221,2,95.373,539664.453,45594.446,5439553.356,1.000640164
442.113094571,0.221,221,2,95.594,539680.837,45594.667,5439569.74,1.000732194
443.113924822,0.221,221,2,95.815,539697.221,45594.888,5439586.124,1.000830251
444.114667099,0.221,221,2,96.036,539713.605,45595.109,5439602.508,1.000742277
445.115331835,0.221,221,2,96.257,539729.989,45595.33,5439618.892,1.000664736
446.115982901,0.221,221,2,96.478,539746.373,45595.551,5439635.276,1.000651066
447.116659535,0.221,221,2,96.699,539762.757,45595.772,5439651.66,1.000676634
448.117357138,0.221,221,2,96.92,539779.141,45595.993,5439668.044,1.000697603
449.118066083,0.221,221,2,97.141,539795.525,45596.214,5439684.428,1.000708945
440.752646509,2.513,2513,5,45393.772,4197.244,45596.435,5439692.62,0
450.118741595,0.221,221,2,97.362,539811.909,45598.948,5439704.908,9.366095086
451.11941861,0.221,221,2,97.583,539828.293,45599.169,5439721.292,1.000677015
452.120074921,0.221,221,2,97.804,539844.677,45599.39,5439737.676,1.000656311
439.281848108,0.603,152,4,84.093,953352.192,45599.611,5439745.868,0
453.120772743,0.221,221,2,98.025,539861.061,45599.763,5459005.26,13.838924635
454.121462281,0.221,221,2,98.246,539877.445,45599.984,5503258.444,1.000689538
455.122213662,0.221,221,2,98.467,539893.829,45600.205,5503274.828,1.000751381
456.122896112,0.221,221,2,98.688,539910.213,45600.426,5503291.212,1.00068245
457.123608249,0.221,221,2,98.909,539926.597,45600.647,5503307.596,1.000712137
458.124323834,0.221,221,2,99.13,539942.981,45600.868,5503323.98,1.000715585
459.125016327,0.221,221,2,99.351,539959.365,45601.089,5503340.364,1.000692493
450.442749016,2.513,2513,5,45396.285,4201.34,45601.31,5503348.556,0
460.125701926,0.221,221,2,99.572,539975.749,45603.823,5503358.796,9.68295291
461.126389608,0.221,221,2,99.793,539992.133,45604.044,5503375.18,1.000687682
462.127030595,0.221,221,2,100.014,540008.517,45604.265,5503391.564,1.000640987
463.127721584,0.221,221,2,100.235,540024.901,45604.486,5503407.948,1.000690989
460.45731951,2.513,2513,5,45398.798,4203.388,45604.707,5503416.14,0
464.128419597,0.221,221,2,100.456,540041.285,45604.885,5503425.356,3.671100087
465.129105437,0.221,221,2,100.677,540057.669,45605.106,5503441.74,1.00068584
466.12980443,0.221,221,2,100.898,540074.053,45605.327,5503458.124,1.000698993
467.130487835,0.221,221,2,101.119,540090.437,45605.548,5503474.508,1.000683405
468.131169911,0.221,221,2,101.34,540106.821,45605.769,5503490.892,1.000682076
464.984201181,0.178,178,5,45398.976,4204.412,45605.99,5503499.084,0
469.227758833,0.184,184,5,45399.16,4205.404,45606.174,5503500.076,4.243557652
469.231127758,1.775,1775,5,45400.935,4206.86,45607.949,5503501.532,0.00336892500002
469.235150997,1835.008,262144,5,47235.943,4206.86,47442.957,5503501.532,0.00402323899999
469.240084515,786.432,262144,5,48022.375,4206.86,48229.389,5503501.532,0.00493351799997
469.244483085,786.432,262144,5,48808.807,4206.86,49015.821,5503501.532,0.00439857000003
469.248899633,786.432,262144,5,49595.239,4206.86,49802.253,5503501.532,0.00441654799999
469.253305284,1048.576,262144,5,50643.815,4206.86,50850.829,5503501.532,0.00440565100001
469.257577018,786.432,262144,5,51430.247,4206.86,51637.261,5503501.532,0.00427173399999
469.26154689,786.432,262144,5,52216.679,4206.86,52423.693,5503501.532,0.00396987199997
469.265660445,1048.576,262144,5,53265.255,4206.86,53472.269,5503501.532,0.004113555
469.270231757,1310.72,262144,5,54575.975,4206.86,54782.989,5503501.532,0.004571312
469.275245745,1048.576,262144,5,55624.551,4206.86,55831.565,5503501.532,0.00501398800003
469.280242508,1048.576,262144,5,56673.127,4206.86,56880.141,5503501.532,0.00499676300001
469.285830193,1285.4,262144,5,57958.527,4206.86,58165.541,5503501.532,0.00558768499997
469.29140391,236.824,236824,5,58195.351,4207.82,58402.365,5503502.492,0.005573717
469.336724739,0.184,184,5,58195.535,4209.196,58402.549,5503503.868,0.045320829
469.34686182,0.189,189,5,58195.724,4219.052,58402.738,5503513.724,0.010137081
469.540018644,1.575,1575,5,58197.299,4219.052,58404.313,5503513.724,0.193156824
469.542285479,0.286,286,5,58197.585,5255.34,58404.599,5504550.012,0.002266835
469.554167914,0.189,189,5,58197.774,5257.388,58404.788,5504568.444,0.011882435
469.131851036,0.221,221,2,101.561,540139.589,58407.301,5504577.66,0
470.442500441,2.513,2513,5,58200.287,5258.412,58407.522,5504585.852,1.310649405
471.555504115,2.382,2382,5,58202.669,5270.94,58409.904,5504598.38,1.113003674
471.133132674,0.221,221,2,101.782,540155.973,58411.479,5504606.572,0
472.133823037,0.221,221,2,102.003,540172.357,58411.7,5504622.956,1.000690363
471.55980067,1.575,1575,5,58204.244,5270.94,58411.921,5504631.148,0
473.934931361,2.382,2382,5,58206.626,5285.276,58414.303,5504645.484,2.375130691
473.134523532,0.221,221,2,102.224,540188.741,58415.878,5504653.676,0
474.135257442,0.221,221,2,102.445,540205.125,58416.099,5504670.06,1.00073391
475.135856725,0.221,221,2,102.666,540221.509,58416.32,5504686.444,1.000599283
473.939085553,1.575,1575,5,58208.201,5285.276,58416.541,5504694.636,0
476.191657275,2.382,2382,5,58210.583,5350.812,58418.923,5504760.172,2.252571722
476.452169906,0.189,189,5,58210.772,5408.156,58419.112,5504817.516,0.260512631
476.463031194,0.189,189,5,58210.961,5422.492,58419.301,5504831.852,0.010861288
476.54541504,1.575,1575,5,58212.536,5422.492,58420.876,5504831.852,0.082383846
476.546970807,0.286,286,5,58212.822,5799.324,58421.162,5505208.684,0.00155576699996
476.552049961,0.189,189,5,58213.011,5815.708,58421.351,5505225.068,0.00507915400004
476.599262844,0.286,286,5,58213.297,6741.404,58421.637,5506150.764,0.047212883
476.136502416,0.221,221,2,102.887,540237.893,58421.826,5506163.052,0
477.137146883,0.221,221,2,103.108,540254.277,58422.047,5506179.436,1.000644467
478.137863895,0.221,221,2,103.329,540270.661,58422.268,5506195.82,1.000717012
479.138571029,0.221,221,2,103.55,540287.045,58422.489,5506212.204,1.000707134
476.60713064,0.189,189,5,58213.486,6745.5,58422.71,5506220.396,0
480.268100029,0.184,184,5,58213.67,6747.548,58422.894,5506222.444,3.660969389
480.270601832,1.775,1775,5,58215.445,6765.82,58424.669,5506240.716,0.00250180300003
480.274755493,2360.871,262144,5,60576.316,6765.82,60785.54,5506240.716,0.00415366099998
480.281661022,1048.576,262144,5,61624.892,6765.82,61834.116,5506240.716,0.00690552899999
480.287859998,1310.72,262144,5,62935.612,6765.82,63144.836,5506240.716,0.00619897600001
480.294458227,1048.576,262144,5,63984.188,6765.82,64193.412,5506240.716,0.00659822900002
480.300502426,1048.576,262144,5,65032.764,6765.82,65241.988,5506240.716,0.00604419899997
480.306690893,1048.576,262144,5,66081.34,6765.82,66290.564,5506240.716,0.00618846700002
480.312699226,1048.576,262144,5,67129.916,6765.82,67339.14,5506240.716,0.00600833300001
480.318409489,1310.72,262144,5,68440.636,6765.82,68649.86,5506240.716,0.00571026299997
480.324742638,1064.17,262144,5,69504.806,6765.82,69714.03,5506240.716,0.006333149
480.331005009,106.289,106289,5,69611.095,6778.108,69820.319,5506253.004,0.00626237100005
480.384924483,0.184,184,5,69611.279,6784.252,69820.503,5506259.148,0.053919474
480.139254773,0.221,221,2,103.771,540303.429,69823.016,5506270.412,0
481.139909363,0.221,221,2,103.992,540319.813,69823.237,5506286.796,1.00065459
482.140545154,0.221,221,2,104.213,540336.197,69823.458,5506303.18,1.000635791
483.141015515,0.221,221,2,104.434,540352.581,69823.679,5506319.564,1.000470361
484.141448219,0.221,221,2,104.655,540368.965,69823.9,5506335.948,1.000432704
480.443472967,2.513,2513,5,69613.792,6787.324,69824.121,5506344.14,0
485.617586717,0.184,184,5,69613.976,6788.86,69824.305,5506345.676,5.17411375
485.620456851,1.775,1775,5,69615.751,6789.74,69826.08,5506346.556,0.00287013399998
485.623739057,2621.44,262144,5,72237.191,6789.74,72447.52,5506346.556,0.00328220600005
485.630249263,1048.576,262144,5,73285.767,6789.74,73496.096,5506346.556,0.00651020599997
485.636430046,1048.576,262144,5,74334.343,6789.74,74544.672,5506346.556,0.00618078299999
485.643052011,1310.72,262144,5,75645.063,6789.74,75855.392,5506346.556,0.00662196500002
485.649817895,1048.576,262144,5,76693.639,6789.74,76903.968,5506346.556,0.006765884
485.656433357,1048.576,262144,5,77742.215,6789.74,77952.544,5506346.556,0.00661546200001
485.663059809,1048.576,262144,5,78790.791,6789.74,79001.12,5506346.556,0.00662645199998
485.669672566,1048.576,262144,5,79839.367,6789.74,80049.696,5506346.556,0.00661275699997
485.676306124,542.137,262144,5,80381.504,6790.748,80591.833,5506347.564,0.00663355800003
485.142058037,0.221,221,2,104.876,540385.349,80592.017,5506356.732,0
486.142668842,0.221,221,2,105.097,540401.733,80592.238,5506373.116,1.000610805
487.143121266,0.221,221,2,105.318,540418.117,80592.459,5506389.5,1.000452424
488.14369839,0.221,221,2,105.539,540434.501,80592.68,5506405.884,1.000577124
489.144228549,0.221,221,2,105.76,540450.885,80592.901,5506422.268,1.000530159
485.739362153,0.184,184,5,80381.688,6791.724,80593.122,5506430.46,0
490.144650699,0.221,221,2,105.981,540467.269,80593.461,5506439.596,4.405288546
490.442302796,0.339,339,5,80382.027,6793.58,80593.682,5506448.7,0.297652097
491.53842992,0.189,189,5,80382.216,6803.468,80593.871,5506458.588,1.096127124
491.783654752,1.575,1575,5,80383.791,6803.468,80595.446,5506458.588,0.245224832
491.786214275,0.286,286,5,80384.077,8101.9,80595.732,5507757.02,0.002559523
491.145128773,0.221,221,2,106.202,540483.653,80595.922,5507767.26,0
492.145726572,0.221,221,2,106.423,540500.037,80596.143,5507783.644,1.000597799
491.799247915,0.19,190,5,80384.267,8103.948,80596.364,5507791.836,0
493.968636156,2.382,2382,5,80386.649,8120.844,80598.746,5507808.732,2.169388241
493.146303341,0.221,221,2,106.644,540516.421,80600.321,5507816.924,0
494.14694528,0.221,221,2,106.865,540532.805,80600.542,5507833.308,1.000641939
495.147610411,0.221,221,2,107.086,540549.189,80600.763,5507849.692,1.000665131
493.974055771,1.575,1575,5,80388.224,8120.844,80600.984,5507857.884,0
496.442276264,2.382,2382,5,80390.606,8141.324,80603.366,5507878.364,2.468220493
496.148079334,0.221,221,2,107.307,540565.573,80604.941,5507886.556,0
497.148706717,0.221,221,2,107.528,540581.957,80605.162,5507902.94,1.000627383
496.454242013,1.575,1575,5,80392.181,8141.324,80605.383,5507911.132,0
498.14939726,0.221,221,2,107.749,540598.341,80607.765,5507919.324,1.695155247
499.084150957,2.382,2382,5,80394.563,8272.396,80607.986,5508058.588,0.934753697
499.238055845,0.19,190,5,80394.753,8370.7,80608.176,5508156.892,0.153904888
499.242967665,0.189,189,5,80394.942,8403.468,80608.365,5508189.66,0.00491181999996
499.391903336,1.575,1575,5,80396.517,8403.468,80609.94,5508189.66,0.148935671
499.39554421,0.286,286,5,80396.803,8796.684,80610.226,5508582.876,0.00364087400004
499.401073835,0.19,190,5,80396.993,8829.452,80610.416,5508615.644,0.00552962499995
499.454419186,0.286,286,5,80397.279,10205.708,80610.702,5509991.9,0.053345351
499.150120174,0.221,221,2,107.97,540614.725,80610.892,5510008.284,0
499.463241657,0.19,190,5,80397.469,10213.9,80611.113,5510016.476,0.313121483
500.150811458,0.221,221,2,108.191,540631.109,80613.626,5510028.764,0.687569801
500.443709081,2.513,2513,5,80399.982,10217.996,80613.847,5510053.34,0.292897623
502.527502131,0.184,184,5,80400.166,10220.044,80614.031,5510055.388,2.08379305
502.530083847,1.775,1775,5,80401.941,10237.788,80615.806,5510073.132,0.00258171600001
502.533442283,2621.44,262144,5,83023.381,10237.788,83237.246,5510073.132,0.00335843599998
502.540765835,1048.576,262144,5,84071.957,10237.788,84285.822,5510073.132,0.007323552
502.547393762,1048.576,262144,5,85120.533,10237.788,85334.398,5510073.132,0.00662792700001
502.554010401,1048.576,262144,5,86169.109,10237.788,86382.974,5510073.132,0.00661663900001
502.560705641,1048.576,262144,5,87217.685,10237.788,87431.55,5510073.132,0.00669524
502.567324089,1048.576,262144,5,88266.261,10237.788,88480.126,5510073.132,0.00661844799998
502.574068102,1048.576,262144,5,89314.837,10237.788,89528.702,5510073.132,0.006744013
502.580692613,1048.576,262144,5,90363.413,10237.788,90577.278,5510073.132,0.00662451099998
502.587300653,366.929,262144,5,90730.342,10250.076,90944.207,5510085.42,0.00660804
502.643768776,0.184,184,5,90730.526,10256.22,90944.391,5510091.564,0.056468123
501.151485507,0.221,221,2,108.412,540663.877,90945.966,5510099.756,0
503.15280734,0.221,221,2,108.633,540680.261,90946.187,5510116.14,2.001321833
504.153483916,0.221,221,2,108.854,540696.645,90946.408,5510132.524,1.000676576
505.154162742,0.221,221,2,109.075,540713.029,90946.629,5510148.908,1.000678826
502.89478054,1.575,1575,5,90732.101,10256.22,90946.85,5510157.1,0
506.677757341,0.184,184,5,90732.285,10259.292,90947.034,5510160.172,3.782976801
506.680818003,1.775,1775,5,90734.06,10277.516,90948.809,5510178.396,0.003060662
506.68422308,2623.015,262144,5,93357.075,10277.516,93571.824,5510178.396,0.00340507699997
506.692039298,1048.576,262144,5,94405.651,10277.516,94620.4,5510178.396,0.00781621800002
506.69863447,1048.576,262144,5,95454.227,10277.516,95668.976,5510178.396,0.006595172
506.705264395,1048.576,262144,5,96502.803,10277.516,96717.552,5510178.396,0.00662992499997
506.711877796,1048.576,262144,5,97551.379,10277.516,97766.128,5510178.396,0.00661340100004
506.71850457,1048.576,262144,5,98599.955,10277.516,98814.704,5510178.396,0.00662677399998
506.725263949,1048.576,262144,5,99648.531,10277.516,99863.28,5510178.396,0.00675937900002
506.7318756,1048.576,262144,5,100697.107,10277.516,100911.856,5510178.396,0.00661165100001
506.73848337,301.769,262144,5,100998.876,10285.708,101213.625,5510186.588,0.00660776999996
506.154836485,0.221,221,2,109.296,540729.413,101213.809,5510202.972,0
507.155490668,0.221,221,2,109.517,540745.797,101214.03,5510219.356,1.000654183
508.156143029,0.221,221,2,109.738,540762.181,101214.251,5510235.74,1.000652361
506.775593844,0.184,184,5,100999.06,10293.9,101214.472,5510243.932,0
509.60373075,0.184,184,5,100999.244,10297.996,101214.656,5510248.028,2.828136906
509.605723023,1.775,1775,5,101001.019,10299.164,101216.431,5510249.196,0.00199227299998
509.60822138,2621.44,262144,5,103622.459,10299.164,103837.871,5510249.196,0.00249835699998
509.615759991,1048.576,262144,5,104671.035,10299.164,104886.447,5510249.196,0.00753861100003
509.622374138,1048.576,262144,5,105719.611,10299.164,105935.023,5510249.196,0.00661414699999
509.628984531,1048.576,262144,5,106768.187,10299.164,106983.599,5510249.196,0.00661039300002
509.635749352,1048.576,262144,5,107816.763,10299.164,108032.175,5510249.196,0.00676482099999
509.642369965,1048.576,262144,5,108865.339,10299.164,109080.751,5510249.196,0.006620613
509.648997607,1048.576,262144,5,109913.915,10299.164,110129.327,5510249.196,0.00662764200001
509.655610345,1048.576,262144,5,110962.491,10299.164,111177.903,5510249.196,0.006612738
509.662078803,330.729,262144,5,111293.22,10301.212,111508.632,5510251.244,0.00646845799997
509.70088257,0.184,184,5,111293.404,10303.228,111508.816,5510253.26,0.038803767
509.156741015,0.221,221,2,109.959,540778.565,111509.006,5510271.324,0
509.706836598,0.19,190,5,111293.594,10313.1,111509.227,5510279.516,0.550095583
510.441523653,0.339,339,5,111293.933,10315.148,111509.566,5510281.564,0.734687055
510.806807006,1.575,1575,5,111295.508,10315.148,111511.141,5510281.564,0.365283353
510.808222057,0.286,286,5,111295.794,10316.172,111511.427,5511855.452,0.00141505100004
510.157361823,0.221,221,2,110.18,540794.949,111511.617,5511864.636,0
511.158016773,0.221,221,2,110.401,540811.333,111511.838,5511881.02,1.00065495
510.817170577,0.19,190,5,111295.984,10317.164,111512.059,5511889.212,0
513.117972138,2.382,2382,5,111298.366,10327.372,111514.441,5511899.42,2.300801561
512.15869923,0.221,221,2,110.622,540827.717,111516.016,5511907.612,0
513.159431627,0.221,221,2,110.843,540844.101,111516.237,5511923.996,1.000732397
514.160163388,0.221,221,2,111.064,540860.485,111516.458,5511940.38,1.000731761
513.122479367,1.575,1575,5,111299.941,10327.372,111516.679,5511948.572,0
515.161222359,0.221,221,2,111.285,540876.869,111519.061,5511956.764,2.038742992
516.162381853,0.221,221,2,111.506,540893.253,111519.282,5511973.148,1.001159494
515.609903493,2.382,2382,5,111302.323,10331.468,111519.503,5511985.436,0
517.371718201,0.19,190,5,111302.513,10335.532,111519.693,5511989.5,1.761814708
517.376770643,0.19,190,5,111302.703,10346.428,111519.883,5512000.396,0.00505244199996
517.571273331,1.575,1575,5,111304.278,10346.428,111521.458,5512000.396,0.194502688
517.573558793,0.286,286,5,111304.564,10756.028,111521.744,5512409.996,0.00228546199992
454.041072816,0.152,152,4,84.245,1018413.824,111521.934,5512427.148,0
517.57844461,0.19,190,5,111304.754,10772.412,111603.914,5512427.148,63.537371794
517.625732503,0.286,286,5,111305.04,11730.876,111604.2,5513385.612,0.047287893
517.162859689,0.221,221,2,111.727,540909.637,111604.39,5513397.9,0
518.163430301,0.221,221,2,111.948,540926.021,111604.611,5513414.284,1.000570612
519.163890922,0.221,221,2,112.169,540942.405,111604.832,5513430.668,1.000460621
517.634011409,0.19,190,5,111305.23,11734.972,111605.053,5513438.86,0
520.428090356,0.185,185,5,111305.415,11737.02,111605.238,5513440.908,2.794078947
520.430500143,1.775,1775,5,111307.19,11754.652,111607.013,5513458.54,0.00240978700003
520.433475524,2621.44,262144,5,113928.63,11754.652,114228.453,5513458.54,0.00297538099994
520.440662662,1311.059,262144,5,115239.689,11754.652,115539.512,5513458.54,0.00718713800006
520.447723169,1310.72,262144,5,116550.409,11766.94,116850.232,5513470.828,0.00706050700001
520.454932608,1048.576,262144,5,117598.985,11766.94,117898.808,5513470.828,0.00720943900001
520.461546886,1048.576,262144,5,118647.561,11766.94,118947.384,5513470.828,0.00661427799992
520.468154351,1048.576,262144,5,119696.137,11766.94,119995.96,5513470.828,0.006607465
520.474789482,1048.576,262144,5,120744.713,11766.94,121044.536,5513470.828,0.00663513100005
520.48154155,1011.457,262144,5,121756.17,11766.94,122055.993,5513470.828,0.00675206799997
520.488146467,225.025,225025,5,121981.195,11773.084,122281.018,5513476.972,0.006604917
520.527902287,0.185,185,5,121981.38,11776.156,122281.203,5513480.044,0.03975582
520.164284076,0.221,221,2,112.39,540958.789,122282.778,5513488.236,0
521.164697614,0.221,221,2,112.611,540975.173,122282.999,5513504.62,1.000413538
522.165095728,0.221,221,2,112.832,540991.557,122283.22,5513521.004,1.000398114
523.165479404,0.221,221,2,113.053,541007.941,122283.441,5513537.388,1.000383676
521.001762685,1.575,1575,5,121982.955,11776.156,122283.662,5513545.58,0
524.555864317,0.185,185,5,121983.14,11777.692,122283.847,5513547.116,3.554101632
524.558916255,1.775,1775,5,121984.915,11790.94,122285.622,5513560.364,0.003051938
524.562249664,2885.159,262144,5,124870.074,11790.94,125170.781,5513560.364,0.00333340899999
524.570623585,1310.72,262144,5,126180.794,11790.94,126481.501,5513560.364,0.00837392100004
524.577767653,1048.576,262144,5,127229.37,11790.94,127530.077,5513560.364,0.007144068
524.584428654,1310.72,262144,5,128540.09,11790.94,128840.797,5513560.364,0.006661001
524.591610191,1310.72,262144,5,129850.81,11790.94,130151.517,5513560.364,0.00718153699995
524.598801605,1048.576,262144,5,130899.386,11790.94,131200.093,5513560.364,0.00719141399998
524.605426278,1310.72,262144,5,132210.106,11790.94,132510.813,5513560.364,0.00662467300003
524.612632631,721.689,262144,5,132931.795,11797.084,133232.502,5513566.508,0.00720635300002
524.165874064,0.221,221,2,113.274,541024.325,133232.687,5513577.772,0
525.166438423,0.221,221,2,113.495,541040.709,133232.908,5513594.156,1.000564359
526.166892258,0.221,221,2,113.716,541057.093,133233.129,5513610.54,1.000453835
524.661545942,0.185,185,5,132931.98,11800.156,133233.35,5513618.732,0
527.444114825,0.185,185,5,132932.165,11801.692,133233.535,5513620.268,2.782568883
527.446969783,1.775,1775,5,132933.94,11802.684,133235.31,5513621.26,0.00285495799994
527.44971417,2621.44,262144,5,135555.38,11802.684,135856.75,5513621.26,0.00274438700001
527.45752456,1310.72,262144,5,136866.1,11802.684,137167.47,5513621.26,0.00781039000003
527.464719058,1310.72,262144,5,138176.82,11802.684,138478.19,5513621.26,0.00719449799999
527.471927957,1310.72,262144,5,139487.54,11802.684,139788.91,5513621.26,0.00720889900003
527.479127552,1310.72,262144,5,140798.26,11802.684,141099.63,5513621.26,0.00719959499997
527.486342195,1310.72,262144,5,142108.98,11802.684,142410.35,5513621.26,0.007214643
527.493407146,1310.72,262144,5,143419.7,11802.684,143721.07,5513621.26,0.00706495099996
527.500598293,656.529,262144,5,144076.229,11803.692,144377.599,5513622.268,0.00719114700007
527.556293034,0.185,185,5,144076.414,11805.612,144377.784,5513624.188,0.0556947409999
527.167269595,0.221,221,2,113.937,541073.477,144377.974,5513642.14,0
527.737764879,0.19,190,5,144076.604,11815.372,144378.195,5513650.332,0.570495284
528.618983052,1.575,1575,5,144078.179,11815.372,144379.77,5513650.332,0.881218173
528.620650905,0.286,286,5,144078.465,11823.564,144380.056,5515165.852,0.00166785300007
528.167779443,0.221,221,2,114.158,541089.861,144380.246,5515178.14,0
529.168441431,0.221,221,2,114.379,541106.245,144380.467,5515194.524,1.000661988
528.629594654,0.19,190,5,144078.655,11827.66,144380.688,5515202.716,0
530.442147361,2.513,2513,5,144081.168,11829.708,144383.201,5515204.764,1.812552707
530.918110337,2.382,2382,5,144083.55,11846.604,144385.583,5515221.66,0.475962976
530.169067584,0.221,221,2,114.6,541122.629,144387.158,5515229.852,0
531.169718886,0.221,221,2,114.821,541139.013,144387.379,5515246.236,1.000651302
532.170340435,0.221,221,2,115.042,541155.397,144387.6,5515262.62,1.000621549
530.962832519,1.575,1575,5,144085.125,11846.604,144387.821,5515270.812,0
533.197118202,2.382,2382,5,144087.507,11867.084,144390.203,5515291.292,2.234285683
533.170965575,0.221,221,2,115.263,541188.165,144391.778,5515315.868,0
533.20122316,1.575,1575,5,144089.082,11867.084,144391.999,5515324.06,0.0302575850001
535.675839036,2.382,2382,5,144091.464,11998.156,144394.381,5515455.132,2.474615876
535.839715228,0.19,190,5,144091.654,12112.844,144394.571,5515569.82,0.163876192
535.843660315,0.19,190,5,144091.844,12133.324,144394.761,5515590.3,0.00394508699992
535.965266872,1.575,1575,5,144093.419,12133.324,144396.336,5515590.3,0.121606557
535.966476846,0.286,286,5,144093.705,12518.348,144396.622,5515975.324,0.00120997399995
535.974562026,0.19,190,5,144093.895,12551.116,144396.812,5516008.092,0.00808517999997
535.172143127,0.221,221,2,115.484,541204.549,144397.098,5517572.764,0
536.034970925,0.286,286,5,144094.181,14107.596,144397.319,5517580.956,0.862827798
536.172734637,0.221,221,2,115.705,541220.933,144397.509,5517597.34,0.137763712
537.173372835,0.221,221,2,115.926,541237.317,144397.73,5517613.724,1.000638198
538.174042997,0.221,221,2,116.147,541253.701,144397.951,5517630.108,1.000670162
539.174680293,0.221,221,2,116.368,541270.085,144398.172,5517646.492,1.000637296
536.941475442,0.19,190,5,144094.371,14115.788,144398.393,5517654.684,0
540.20491646,0.185,185,5,144094.556,14119.884,144398.578,5517658.78,3.263441018
540.20721529,1.775,1775,5,144096.331,14130.748,144400.353,5517669.644,0.00229882999997
540.210807288,2623.015,262144,5,146719.346,14130.748,147023.368,5517669.644,0.00359199799993
540.218752168,1310.72,262144,5,148030.066,14130.748,148334.088,5517669.644,0.00794488000008
540.22597465,1310.72,262144,5,149340.786,14130.748,149644.808,5517669.644,0.00722248199997
540.233174186,1310.72,262144,5,150651.506,14130.748,150955.528,5517669.644,0.00719953600003
540.24036612,1048.576,262144,5,151700.082,14130.748,152004.104,5517669.644,0.00719193399993
540.246979601,1310.72,262144,5,153010.802,14130.748,153314.824,5517669.644,0.00661348100004
540.254193514,1310.72,262144,5,154321.522,14130.748,154625.544,5517669.644,0.00721391299999
540.261403948,692.729,262144,5,155014.251,14163.516,155318.273,5517702.412,0.00721043399994
540.303502912,0.185,185,5,155014.436,14179.9,155318.458,5517718.796,0.042098964
540.175300097,0.221,221,2,116.589,541286.469,155320.971,5517735.18,0
541.175926156,0.221,221,2,116.81,541302.853,155321.192,5517751.564,1.000626059
540.441768635,2.513,2513,5,155016.949,14188.092,155321.413,5517759.756,0
543.168101407,0.185,185,5,155017.134,14192.188,155321.598,5517763.852,2.726332772
543.170569122,1.775,1775,5,155018.909,14203.02,155323.373,5517774.684,0.00246771499997
542.17647226,0.221,221,2,117.031,541319.237,157944.813,5517782.876,0
543.173332432,2621.44,262144,5,157640.349,14203.02,157945.034,5517791.068,0.996860172
543.181146495,1310.72,262144,5,158951.069,14203.02,159255.754,5517791.068,0.00781406299996
543.188361587,1048.576,262144,5,159999.645,14203.02,160304.33,5517791.068,0.00721509200002
543.194953588,1048.576,262144,5,161048.221,14203.02,161352.906,5517791.068,0.00659200099994
543.201570291,1048.576,262144,5,162096.797,14203.02,162401.482,5517791.068,0.00661670300008
543.208191596,1048.576,262144,5,163145.373,14203.02,163450.058,5517791.068,0.00662130499995
543.214824815,1048.576,262144,5,164193.949,14203.02,164498.634,5517791.068,0.00663321900004
543.221572911,1122.09,262144,5,165316.039,14203.02,165620.724,5517791.068,0.00674809599991
543.228731245,135.249,135249,5,165451.288,14235.788,165755.973,5517823.836,0.007158334
543.177014089,0.221,221,2,117.252,541335.621,165756.158,5517848.412,0
543.266061063,0.185,185,5,165451.473,14252.172,165756.379,5517856.604,0.0890469740001
544.181981155,0.221,221,2,117.473,541352.005,165757.954,5517864.796,0.915920092
545.182601559,0.221,221,2,117.694,541368.389,165758.175,5517881.18,1.000620404
546.183012868,0.221,221,2,117.915,541384.773,165758.396,5517897.564,1.000411309
544.323394133,1.575,1575,5,165453.048,14252.172,165758.617,5517905.756,0
547.420536234,0.185,185,5,165453.233,14260.364,165758.802,5517913.948,3.097142101
547.422465795,1.775,1775,5,165455.008,14261.196,165760.577,5517914.78,0.001929561
547.424673833,2621.44,262144,5,168076.448,14261.196,168382.017,5517914.78,0.00220803800005
547.432109655,1048.576,262144,5,169125.024,14261.196,169430.593,5517914.78,0.00743582199993
547.438724687,1310.72,262144,5,170435.744,14261.196,170741.313,5517914.78,0.00661503200001
547.445932856,1048.576,262144,5,171484.32,14261.196,171789.889,5517914.78,0.00720816900002
547.452538497,1048.576,262144,5,172532.896,14261.196,172838.465,5517914.78,0.00660564099996
547.459308486,1310.72,262144,5,173843.616,14261.196,174149.185,5517914.78,0.00676998900008
547.466366798,1048.576,262144,5,174892.192,14261.196,175197.761,5517914.78,0.00705831199991
547.473139237,1064.17,262144,5,175956.362,14261.196,176261.931,5517914.78,0.00677243900009
547.480144458,106.289,106289,5,176062.651,14265.292,176368.22,5517918.876,0.00700522099999
547.517014291,0.185,185,5,176062.836,14268.364,176368.405,5517921.948,0.036869833
547.522327052,0.19,190,5,176063.026,14279.564,176368.595,5517933.148,0.00531276100003
547.676039583,1.575,1575,5,176064.601,14279.564,176370.17,5517933.148,0.153712531
547.677664485,0.286,286,5,176064.887,15856.524,176370.456,5519510.108,0.001624902
547.183427742,0.221,221,2,118.136,541401.157,176370.646,5519520.348,0
548.184005824,0.221,221,2,118.357,541417.541,176370.867,5519536.732,1.000578082
547.689495155,0.19,190,5,176065.077,15858.572,176371.088,5519544.924,0
549.828129659,2.382,2382,5,176067.459,15875.468,176373.47,5519561.82,2.138634504
549.184668947,0.221,221,2,118.578,541433.925,176375.045,5519570.012,0
549.832315497,1.575,1575,5,176069.034,15875.468,176375.266,5519578.204,0.64764655
550.185339519,0.221,221,2,118.799,541450.309,176377.779,5519598.684,0.353024022
550.442148729,2.513,2513,5,176071.547,15887.756,176378.0,5519606.876,0.25680921
552.097053769,2.382,2382,5,176073.929,15902.092,176380.382,5519621.212,1.65490504
551.18601399,0.221,221,2,119.02,541466.693,176381.957,5519629.404,0
552.186717168,0.221,221,2,119.241,541483.077,176382.178,5519645.788,1.000703178
553.18737318,0.221,221,2,119.462,541499.461,176382.399,5519662.172,1.000656012
552.100778807,1.575,1575,5,176075.504,15902.092,176382.62,5519670.364,0
554.187839418,0.221,221,2,119.683,541515.845,176385.002,5519678.556,2.087060611
555.132962915,2.382,2382,5,176077.886,16000.396,176385.223,5519785.052,0.945123497
555.348459681,0.19,190,5,176078.076,16024.972,176385.413,5519809.628,0.215496766
555.351815804,0.19,190,5,176078.266,16039.308,176385.603,5519823.964,0.003356123
555.494892031,1.575,1575,5,176079.841,16039.308,176387.178,5519823.964,0.143076227
555.496565948,0.286,286,5,176080.127,16399.756,176387.464,5520184.412,0.00167391700006
555.501850768,0.19,190,5,176080.317,16416.14,176387.654,5520200.796,0.00528482000004
555.554260161,0.286,286,5,176080.603,17341.836,176387.94,5521126.492,0.0524093929999
555.188418908,0.221,221,2,119.904,541532.229,176388.13,5521138.78,0
556.189051546,0.221,221,2,120.125,541548.613,176388.351,5521155.164,1.000632638
557.189630089,0.221,221,2,120.346,541564.997,176388.572,5521171.548,1.000578543
555.561773052,0.19,190,5,176080.793,17345.932,176388.793,5521179.74,0
558.328105021,0.185,185,5,176080.978,17347.98,176388.978,5521181.788,2.766331969
558.330126232,1.775,1775,5,176082.753,17365.628,176390.753,5521199.436,0.00202121099994
558.333372098,2621.44,262144,5,178704.193,17365.628,179012.193,5521199.436,0.00324586600004
558.340515962,1310.72,262144,5,180014.913,17365.628,180322.913,5521199.436,0.007143864
558.347591423,1048.576,262144,5,181063.489,17365.628,181371.489,5521199.436,0.007075461
558.354202865,1048.576,262144,5,182112.065,17365.628,182420.065,5521199.436,0.00661144200001
558.360824726,1048.576,262144,5,183160.641,17365.628,183468.641,5521199.436,0.00662186099999
558.367581356,1310.72,262144,5,184471.361,17365.628,184779.361,5521199.436,0.00675662999993
558.374795263,1310.72,262144,5,185782.081,17365.628,186090.081,5521199.436,0.00721390700005
558.381985338,1023.626,262144,5,186805.707,17365.628,187113.707,5521199.436,0.00719007500004
558.389003876,86.017,86017,5,186891.724,17377.916,187199.724,5521211.724,0.0070185379999
558.434566267,0.185,185,5,186891.909,17384.06,187199.909,5521217.868,0.0455623910001
558.190231775,0.221,221,2,120.567,541581.381,187201.484,5521226.06,0
559.19088069,0.221,221,2,120.788,541597.765,187201.705,5521242.444,1.000648915
558.663356656,1.575,1575,5,186893.484,17384.06,187201.926,5521250.636,0
560.191524802,0.221,221,2,121.009,541614.149,187204.439,5521261.9,1.528168146
561.192009638,0.221,221,2,121.23,541630.533,187204.66,5521278.284,1.000484836
562.192582954,0.221,221,2,121.451,541646.917,187204.881,5521294.668,1.000573316
560.442137949,2.513,2513,5,186895.997,17387.132,187205.102,5521294.668,0
563.193326822,0.185,185,5,186896.182,17388.668,187205.287,5521304.396,2.751188873
563.195808136,1.775,1775,5,186897.957,17401.9,187207.062,5521317.628,0.00248131399997
563.198789345,2885.159,262144,5,189783.116,17401.9,190092.221,5521317.628,0.00298120900004
563.210325946,1310.72,262144,5,191093.836,17401.9,191402.941,5521317.628,0.011536601
563.21750384,1048.576,262144,5,192142.412,17401.9,192451.517,5521317.628,0.00717789399994
563.224130207,1048.576,262144,5,193190.988,17401.9,193500.093,5521317.628,0.00662636700008
563.230896762,1310.72,262144,5,194501.708,17401.9,194810.813,5521317.628,0.00676655500001
563.237954197,1048.576,262144,5,195550.284,17401.9,195859.389,5521317.628,0.00705743499998
563.251559487,1539.809,262144,5,197090.093,17408.044,197399.198,5521323.772,0.01360529
563.193247493,0.221,221,2,121.672,541663.301,197399.383,5521335.036,0
564.193901445,0.221,221,2,121.893,541679.685,197399.604,5521351.42,1.000653952
563.303674885,0.185,185,5,197090.278,17411.116,197399.825,5521359.612,0
566.030206516,0.185,185,5,197090.463,17412.652,197400.01,5521361.148,2.726531631
566.032492462,1.775,1775,5,197092.238,17413.26,197401.785,5521361.756,0.00228594600003
566.034796074,2621.44,262144,5,199713.678,17413.26,200023.225,5521361.756,0.00230361199999
566.041867135,1048.576,262144,5,200762.254,17413.26,201071.801,5521361.756,0.00707106099992
566.048328433,1048.576,262144,5,201810.83,17413.26,202120.377,5521361.756,0.00646129800009
566.055096992,1048.576,262144,5,202859.406,17413.26,203168.953,5521361.756,0.00676855899997
566.061715842,1048.576,262144,5,203907.982,17413.26,204217.529,5521361.756,0.00661885
566.068335015,1048.576,262144,5,204956.558,17413.26,205266.105,5521361.756,0.00661917299999
566.074953993,1048.576,262144,5,206005.134,17413.26,206314.681,5521361.756,0.00661897800001
566.081580087,1048.576,262144,5,207053.71,17413.26,207363.257,5521361.756,0.00662609400001
566.088195005,346.657,262144,5,207400.367,17414.268,207709.914,5521362.764,0.00661491799997
566.131920656,0.185,185,5,207400.552,17416.188,207710.099,5521364.684,0.043725651
566.138312634,0.19,190,5,207400.742,17425.948,207710.289,5521382.636,0.00639197800001
566.660755117,1.575,1575,5,207402.317,17425.948,207711.864,5521382.636,0.522442483
566.662221293,0.286,286,5,207402.603,17430.044,207712.15,5522959.596,0.00146617600001
566.686967699,0.19,190,5,207402.793,17436.188,207712.34,5522965.74,0.024746406
569.603034038,2.382,2382,5,207405.175,17447.452,207714.722,5522977.004,2.916066339
569.617594733,1.575,1575,5,207406.75,17447.452,207716.297,5522977.004,0.014560695
570.442022888,2.513,2513,5,207409.263,17480.22,207718.81,5523009.772,0.824428155
