time,size,first_call,destination,dest_out_traffic,dest_in_traffic,total_network_out,total_network_in,dens10
3.481416618,0.244,244,2,0.244,24.576,0.244,26.624,0
3.516892564,0.183,183,2,0.427,40.96,0.427,43.008,0.035475946
4.526463548,0.183,183,2,0.61,57.344,0.61,59.392,1.009570984
5.527741551,0.183,183,2,0.793,73.728,0.793,75.776,1.001278003
6.528818314,0.183,183,2,0.976,90.112,0.976,92.16,1.001076763
7.529679918,0.183,183,2,1.159,106.496,1.159,108.544,1.000861604
8.530457165,0.183,183,2,1.342,122.88,1.342,124.928,1.000777247
9.531227537,0.183,183,2,1.525,139.264,1.525,141.312,1.000770372
10.531979692,0.183,183,2,1.708,155.648,1.708,157.696,1.000752155
11.532867751,0.183,183,2,1.891,163.84,1.891,165.888,1.000888059
12.128703548,0.268,268,4,0.268,8.452,2.325,176.836,0.595835797
11.550870734,0.166,166,2,2.057,174.528,2.578,193.22,0
12.539974338,0.219,219,2,2.276,207.296,2.797,225.988,0.989103604
12.651660169,0.283,283,2,2.559,223.68,3.08,242.372,0.111685831
12.693889675,0.207,207,2,2.766,240.064,3.287,258.756,0.042229506
12.734242548,0.102,102,2,2.868,248.256,3.389,266.948,0.040352873
12.165799032,0.253,253,4,0.521,24.836,3.515,79213.747,0
13.177140839,0.291,291,4,0.812,25.123,3.806,79674.095,1.011341807
12.760210644,0.126,126,2,2.994,163207.534,4.04,163242.897,0
13.542771426,0.219,219,2,3.213,285828.497,4.259,285863.86,0.782560782
13.18027313,0.234,234,4,1.046,41.507,4.385,341569.698,0
14.182919517,0.405,405,4,1.451,41.908,4.79,342047.494,1.002646387
13.936261988,0.126,126,2,3.339,408548.584,5.02,408600.732,0
14.545288335,0.219,219,2,3.558,408564.968,5.239,408617.116,0.609026347
14.960251353,0.174,174,2,3.732,408581.352,5.413,408633.5,0.414963018
14.961393422,0.188,188,2,3.92,408589.544,5.601,408641.692,0.001142069
14.18495369,0.23,230,4,1.681,58.292,5.725,408938.623,0
14.963016799,0.124,124,2,4.044,408886.475,6.376,408955.654,0.778063109
14.972248969,0.651,651,4,2.332,75.323,6.73,408980.23,0.00923217
14.992680573,0.354,170,2,4.398,408911.051,7.227,408988.915,0.020431604
14.993829448,0.497,497,4,2.829,84.008,7.351,409064.034,0.001148875
14.995160921,0.124,124,2,4.522,408986.17,7.73,409080.793,0.001331473
15.00667097,0.379,379,4,3.208,100.767,7.949,409097.177,0.011510049
15.546519713,0.219,219,2,4.741,409002.554,8.261,409130.249,0.539848743
16.547849882,0.219,219,2,4.96,409018.938,8.48,409146.633,1.001330169
17.549086485,0.219,219,2,5.179,409051.706,8.699,409179.401,1.001236603
17.610870593,0.264,264,2,5.443,409068.09,8.963,409195.785,0.061784108
18.550982637,0.219,219,2,5.662,409092.666,9.182,409220.361,0.940112044
19.471325804,0.328,328,2,5.99,409117.242,9.51,409244.937,0.920343167
19.474442939,0.252,252,2,6.242,409133.626,9.762,409261.321,0.003117135
19.552025505,0.219,219,2,6.461,409150.01,9.981,409277.705,0.077582566
19.556131668,0.131,131,2,6.592,409166.394,10.112,409294.089,0.004106163
19.578469532,0.11,110,2,6.702,409182.778,10.222,409310.473,0.022337864
19.892312417,0.368,368,5,0.368,40.96,11.068,409384.201,0.313842885
19.892391016,0.368,368,6,0.368,40.96,13.532,409400.585,7.85990000018e-05
19.781855881,0.11,110,2,6.812,409199.162,15.996,409408.777,0
20.202322289,0.131,131,2,6.943,409223.738,16.495,409474.313,0.420466408
20.23080738,0.368,368,2,7.311,409248.314,17.231,409523.465,0.028485091
20.22985712,0.368,368,7,0.368,40.96,19.695,409539.849,0
20.232345803,0.368,368,3,0.368,40.96,22.159,409556.233,0.002488683
20.322926773,2.464,2464,2,9.775,409256.506,24.623,409564.425,0.09058097
20.552993518,0.219,219,2,9.994,409281.082,24.842,409605.385,0.230066745
21.553833957,0.219,219,2,10.213,409297.466,25.061,409621.769,1.000840439
22.557279476,0.219,219,2,10.432,409313.85,25.28,409638.153,1.003445519
23.209976106,0.131,131,2,10.563,409330.234,25.411,409654.537,0.65269663
23.5611844,0.219,219,2,10.782,409346.618,25.63,409670.921,0.351208294
24.564705198,0.219,219,2,11.001,409357.37,25.849,409681.673,1.003520798
25.481092719,2.243,2243,2,13.244,409366.074,28.092,409690.377,0.916387521
25.566701314,0.219,219,2,13.463,409381.61,28.311,409705.913,0.085608595
26.041115156,0.136,136,2,13.599,409425.642,28.447,409749.945,0.474413842
26.215444035,0.11,110,2,13.709,409442.026,28.557,409766.329,0.174328879
19.989997251,2.464,2464,6,2.832,51.2,28.776,409776.569,0
26.569585708,0.219,219,2,13.928,409458.41,31.019,409787.321,6.579588457
27.26583131,2.243,2243,6,5.075,57.264,31.238,409799.017,0.696245602
19.981981508,2.464,2464,5,2.832,51.2,31.374,409831.785,0
27.573136022,0.219,219,2,14.147,409491.178,33.617,409839.977,7.591154514
29.219845547,0.11,110,2,14.257,409507.562,33.727,409859.433,1.646709525
29.178579441,2.243,2243,5,5.075,58.176,33.946,409871.529,0
20.324592477,2.464,2464,7,2.832,51.2,34.082,409877.673,0
29.577855921,0.219,219,2,14.476,409523.946,36.325,409888.425,9.253263444
20.328307507,2.464,2464,3,2.832,52.224,36.544,409899.689,0
30.333260194,2.243,2243,7,5.075,57.696,38.787,409906.681,10.004952687
30.654586438,2.243,2243,3,5.075,58.704,38.923,409914.201,0.321326244
30.578914011,0.219,219,2,14.695,409540.33,39.059,409926.489,0
31.607576316,0.221,221,8,0.221,40.96,39.499,409977.689,1.028662305
29.756987853,0.136,136,5,5.211,62.272,39.644,409994.073,0
27.803101721,0.136,136,6,5.211,71.6,47.937,409994.073,0
31.580118416,0.219,219,2,14.914,409548.522,56.23,409994.073,3.777016695
31.200950051,0.136,136,3,5.211,62.8,64.523,409994.073,0
30.867031338,0.136,136,7,5.211,61.792,72.816,409994.073,0
31.895132179,8.293,8293,2,23.207,409569.002,81.109,410028.889,1.028100841
31.895754045,8.293,8293,3,13.504,67.92,81.354,410031.961,0.000621865999999
31.896383084,8.293,8293,7,13.504,82.272,81.599,410048.345,0.000629039
31.894479068,8.293,8293,6,13.504,92.08,81.844,410064.729,0
31.893817196,8.293,8293,5,13.504,99.136,82.089,410097.497,0
32.05205249,0.245,245,3,13.749,69.968,82.334,410107.737,0.158235294
32.05585086,0.245,245,7,13.749,84.32,85.486,410107.737,0.00379837
32.045743795,0.245,245,2,23.452,409571.05,88.638,410107.737,0
32.059711838,0.245,245,6,13.749,94.128,91.79,410107.737,0.013968043
32.060967225,0.245,245,5,13.749,101.184,94.942,410107.737,0.001255387
32.147170858,3.152,3152,2,26.604,409583.338,98.094,410178.905,0.086203633
32.147167746,3.152,3152,7,16.901,117.088,98.204,410211.673,0
32.147179243,3.152,3152,5,16.901,125.76,98.449,410211.673,1.14969999956e-05
32.561377698,0.245,245,7,17.146,118.112,98.694,410226.009,0.414198455
32.14717924,3.152,3152,6,16.901,130.992,124.363,410226.009,0
32.561773082,0.245,245,5,17.146,127.28,124.608,410226.505,0.414593842
32.566114258,0.245,245,6,17.146,132.512,150.277,410228.025,0.004341176
32.221282536,0.11,110,2,26.714,409595.626,175.946,410244.409,0
32.5722907,0.311,311,2,27.025,409603.818,176.257,410258.745,0.351008164
32.147166389,3.152,3152,3,16.901,72.512,176.476,410267.945,0
32.628794936,0.344,344,3,17.245,74.032,176.82,410271.513,0.481628547
32.581200557,0.219,219,2,27.244,409622.25,202.489,410280.681,0
33.582179019,0.219,219,2,27.463,409638.634,202.708,410297.065,1.000978462
34.582946573,0.219,219,2,27.682,409655.018,202.927,410313.449,1.000767554
35.222755828,0.11,110,2,27.792,409671.402,203.037,410329.833,0.639809255
35.583711815,0.219,219,2,28.011,409687.786,203.256,410346.217,0.360955987
36.584568404,0.219,219,2,28.23,409704.17,203.475,410362.601,1.000856589
37.585311428,0.219,219,2,28.449,409720.554,203.694,410378.985,1.000743024
38.224246609,0.11,110,2,28.559,409736.938,203.804,410395.369,0.638935181
38.586109404,0.219,219,2,28.778,409753.322,204.023,410416.873,0.361862795
39.587194225,0.219,219,2,28.997,409769.706,204.242,410433.257,1.001084821
40.587956217,0.219,219,2,29.216,409786.09,204.461,410452.713,1.000761992
41.225771396,0.11,110,2,29.326,409802.474,204.571,410469.097,0.637815179
41.588826808,0.219,219,2,29.545,409818.858,204.79,410485.481,0.363055412
32.565733776,25.669,25669,7,42.815,132.448,205.009,410502.377,0
42.589579016,0.219,219,2,29.764,409837.802,213.302,410576.105,10.02384524
32.566613194,25.669,25669,5,42.815,150.832,221.595,410608.873,0
32.569632712,25.669,25669,6,42.815,160.16,229.888,410641.641,0.003019518
43.386788223,8.293,8293,2,38.057,409862.378,238.181,410666.217,10.817155511
43.590591144,0.219,219,2,38.276,409878.762,238.4,410682.601,0.203802921
32.63367901,25.669,25669,3,42.914,77.888,238.51,410693.673,0
44.227292942,0.11,110,2,38.386,409895.146,246.803,410703.913,11.593613932
44.591719893,0.219,219,2,38.605,409911.53,247.022,410720.297,0.364426951
45.592531676,0.219,219,2,38.824,409927.914,247.241,410736.681,1.000811783
46.593370305,0.219,219,2,39.043,409944.298,247.46,410757.161,1.000838629
47.228941051,0.11,110,2,39.153,409960.682,247.57,410773.545,0.635570746
47.59426452,0.219,219,2,39.372,409977.066,247.789,410789.929,0.365323469
48.594963668,0.219,219,2,39.591,409993.45,248.008,410806.313,1.000699148
49.595793589,0.219,219,2,39.81,410009.834,248.227,410839.081,1.000829921
50.230357282,0.11,110,2,39.92,410026.218,248.337,410871.849,0.634563693
50.596885395,0.219,219,2,40.139,410042.602,248.556,410888.233,0.366528113
43.232119456,8.293,8293,7,51.108,230.752,248.776,410912.809,0
43.474115359,8.293,8293,6,51.108,184.736,257.07,410929.193,0.241995903
51.59780817,0.22,220,2,40.359,410058.986,265.364,410945.577,8.123692811
52.598730378,0.22,220,2,40.579,410075.37,265.584,410961.961,1.000922208
43.431315371,8.293,8293,5,51.108,191.792,273.878,410974.249,0
52.810963272,8.294,8294,2,48.873,410087.658,282.172,410990.633,9.379647901
53.231930758,0.11,110,2,48.983,410104.042,282.282,411007.017,0.420967486
44.333774116,8.293,8293,3,51.207,116.8,282.502,411047.977,0
53.599709224,0.22,220,2,49.203,410120.426,290.796,411088.937,9.265935108
54.600686483,0.22,220,2,49.423,410136.81,291.016,411105.321,1.000977259
55.602064454,0.22,220,2,49.643,410153.194,291.236,411121.705,1.001377971
56.234298403,0.11,110,2,49.753,410169.578,291.346,411138.089,0.632233949
56.602979428,0.22,220,2,49.973,410185.962,291.566,411170.857,0.368681025
57.604074447,0.22,220,2,50.193,410202.346,291.786,411187.241,1.001095019
58.604887078,0.22,220,2,50.413,410218.73,292.006,411203.625,1.000812631
59.235722546,0.11,110,2,50.523,410235.114,292.116,411228.201,0.630835468
52.535113636,8.294,8294,6,59.402,209.312,292.336,411273.257,0
59.605684383,0.22,220,2,50.743,410267.882,300.63,411289.641,7.070570747
52.334232236,8.294,8294,7,59.402,255.328,300.85,411306.025,0
61.607397164,0.22,220,2,50.963,410280.17,309.144,411318.313,9.273164928
52.847181221,8.294,8294,5,59.402,208.176,317.438,411330.601,0
61.904355518,8.294,8294,2,59.257,410296.554,325.732,411346.985,9.057174297
62.237368186,0.11,110,2,59.367,410312.938,325.842,411363.369,0.333012668
62.608404959,0.22,220,2,59.587,410333.418,326.062,411383.849,0.371036773
54.372422346,8.294,8294,3,59.501,182.336,326.282,411408.425,0
63.609671853,0.22,220,2,59.807,410349.802,334.576,411424.809,9.237249507
64.6107125,0.22,220,2,60.027,410366.186,334.796,411441.193,1.001040647
65.238716564,0.11,110,2,60.137,410382.57,334.906,411457.577,0.628004064
65.611477462,0.22,220,2,60.357,410398.954,335.126,411473.961,0.372760898
66.612280776,0.22,220,2,60.577,410415.338,335.346,411498.537,1.000803314
67.613012285,0.22,220,2,60.797,410431.722,335.566,411514.921,1.000731509
68.240136117,0.11,110,2,60.907,410448.106,335.676,411531.305,0.627123832
68.613791099,0.22,220,2,61.127,410464.49,335.896,411551.785,0.373654982
61.468934253,8.294,8294,6,67.696,225.696,336.116,411568.169,0
69.614529947,0.22,220,2,61.347,410480.874,344.41,411588.649,8.145595694
61.637059743,8.294,8294,7,67.696,271.712,344.63,411600.937,0
70.615409787,0.22,220,2,61.567,410493.162,352.924,411613.225,8.978350044
70.934908233,8.294,8294,2,69.861,410507.498,361.218,411627.561,0.319498446
61.913205561,8.294,8294,5,67.696,257.328,361.328,411668.521,0
71.241626449,0.11,110,2,69.971,410523.882,369.622,411725.865,9.328420888
71.616378419,0.22,220,2,70.191,410540.266,369.842,411742.249,0.37475197
72.617248978,0.22,220,2,70.411,410560.746,370.062,411762.729,1.000870559
64.478428893,8.294,8294,3,67.795,206.912,370.282,411779.113,0
73.618167148,0.22,220,2,70.631,410577.13,378.576,411799.593,9.139738255
74.243015796,0.11,110,2,70.741,410593.514,378.686,411815.977,0.624848648
74.619242615,0.22,220,2,70.961,410609.898,378.906,411832.361,0.376226819
75.620057966,0.22,220,2,71.181,410626.282,379.126,411848.745,1.000815351
76.620808679,0.22,220,2,71.401,410642.666,379.346,411869.225,1.000750713
77.244382915,0.11,110,2,71.511,410659.05,379.456,411885.609,0.623574236
77.621647569,0.22,220,2,71.731,410675.434,379.676,411901.993,0.377264654
70.348385038,8.294,8294,6,75.99,233.888,379.896,411914.281,0
78.622364074,0.22,220,2,71.951,410691.818,388.19,411938.857,8.273979036
70.65652251,8.294,8294,7,75.99,284.0,388.41,411951.145,0
79.623223945,0.22,220,2,72.171,410708.202,396.704,411967.529,8.966701435
80.245872826,0.11,110,2,72.281,410749.162,396.814,412008.489,0.622648881
71.606873743,8.294,8294,5,75.99,331.056,405.108,412065.833,0
80.422781518,8.294,8294,2,80.575,410790.122,413.402,412090.409,8.815907775
80.624203548,0.22,220,2,80.795,410806.506,413.622,412106.793,0.20142203
81.624966057,0.22,220,2,81.015,410822.89,413.842,412123.177,1.000762509
82.625730123,0.22,220,2,81.235,410855.658,414.062,412155.945,1.000764066
83.247273224,0.11,110,2,81.345,410872.042,414.172,412172.329,0.621543101
73.961406191,8.294,8294,3,76.089,231.488,414.392,412188.713,0
83.626597786,0.22,220,2,81.565,410888.426,422.686,412201.001,9.665191595
84.627550246,0.22,220,2,81.785,410904.81,422.906,412217.385,1.00095246
85.628277044,0.22,220,2,82.005,410921.194,423.126,412233.769,1.000726798
86.248842258,0.11,110,2,82.115,410937.578,423.236,412250.153,0.620565214
86.629115792,0.22,220,2,82.335,410953.962,423.456,412274.729,0.380273534
79.208646004,8.294,8294,6,84.284,283.04,423.676,412315.689,0
87.629949705,0.22,220,2,82.555,410970.346,431.97,412356.649,8.421303701
79.810750852,8.294,8294,7,84.284,296.288,432.19,412368.937,0
88.630947862,0.22,220,2,82.775,410986.73,440.484,412383.273,8.82019701
89.250436599,0.11,110,2,82.885,411011.306,440.594,412407.849,0.619488737
89.421430368,8.294,8294,2,91.179,411035.882,448.888,412465.193,0.170993769
80.507236252,8.294,8294,5,84.284,355.632,449.108,412481.577,0
89.632042657,0.22,220,2,91.399,411052.266,457.402,412512.297,9.124806405
90.633021938,0.22,220,2,91.619,411068.65,457.622,412528.681,1.000979281
91.633755889,0.22,220,2,91.839,411085.034,457.842,412545.065,1.000733951
92.251920397,0.11,110,2,91.949,411093.226,457.952,412553.257,0.618164508
83.704505456,8.294,8294,3,84.383,276.544,458.172,412602.409,0
92.634458005,0.22,220,2,92.169,411117.802,466.466,412659.753,8.929952549
93.6353319,0.22,220,2,92.389,411134.186,466.686,412676.137,1.000873895
94.636015998,0.22,220,2,92.609,411150.57,466.906,412692.521,1.000684098
95.253381156,0.11,110,2,92.719,411166.954,467.016,412708.905,0.617365158
95.636665552,0.22,220,2,92.939,411183.338,467.236,412725.289,0.383284396
88.154017914,8.294,8294,6,92.578,364.96,467.456,412766.249,0
96.637697503,0.22,220,2,93.159,411199.722,475.75,412786.729,8.483679589
88.995373122,8.294,8294,7,92.578,341.344,475.97,412827.689,0
97.638690961,0.22,220,2,93.379,411216.106,484.264,412885.033,8.643317839
98.254736595,0.11,110,2,93.489,411228.394,484.374,412897.321,0.616045634
98.370153329,8.294,8294,2,101.783,411240.682,492.668,412909.609,0.115416734
89.675479067,8.294,8294,5,92.578,380.208,492.888,412925.993,0
98.639784201,0.22,220,2,102.003,411257.066,501.182,412948.521,8.964305134
99.640809836,0.22,220,2,102.223,411273.45,501.402,412987.433,1.001025635
100.641693122,0.22,220,2,102.443,411289.834,501.622,413003.817,1.000883286
101.256183938,0.11,110,2,102.553,411306.218,501.732,413020.201,0.614490816
101.642489731,0.22,220,2,102.773,411322.602,501.952,413036.585,0.386305793
93.409378792,8.294,8294,3,92.677,358.464,502.172,413065.257,0
102.643162114,0.22,220,2,102.993,411343.082,510.466,413085.737,9.233783322
103.644027922,0.22,220,2,103.213,411359.466,510.686,413102.121,1.000865808
104.257545496,0.11,110,2,103.323,411375.85,510.796,413118.505,0.613517574
104.644803529,0.22,220,2,103.543,411392.234,511.016,413134.889,0.387258033
96.971311489,8.294,8294,6,100.872,393.632,511.236,413151.273,0
105.645606854,0.22,220,2,103.763,411408.618,519.53,413225.001,8.674295365
106.646630198,0.22,220,2,103.983,411425.002,519.75,413249.577,1.001023344
107.258938003,0.11,110,2,104.093,411441.386,519.86,413265.961,0.612307805
98.122207723,8.294,8294,7,100.872,423.264,528.154,413347.881,0
107.30624688,8.294,8294,2,112.387,411515.114,536.448,413364.265,9.184039157
98.956943866,8.294,8294,5,100.872,425.264,536.668,413405.225,0
107.647552792,0.22,220,2,112.607,411531.498,544.962,413462.569,8.690608926
108.648511409,0.22,220,2,112.827,411547.882,545.182,413495.337,1.000958617
109.649331327,0.22,220,2,113.047,411564.266,545.402,413515.817,1.000819918
110.260573392,0.11,110,2,113.157,411580.65,545.512,413548.585,0.611242065
110.650215896,0.22,220,2,113.377,411597.034,545.732,413564.969,0.389642504
103.057509418,8.294,8294,3,100.971,383.04,545.952,413577.257,0
111.650948759,0.22,220,2,113.597,411613.418,554.246,413591.593,8.593439341
112.651842406,0.22,220,2,113.817,411646.186,554.466,413624.361,1.000893647
113.264039893,0.11,110,2,113.927,411662.57,554.576,413640.745,0.612197487
105.76350158,8.294,8294,6,109.166,500.128,554.796,413673.513,0
113.652852766,0.22,220,2,114.147,411678.954,563.09,413689.897,7.889351186
114.65393456,0.22,220,2,114.367,411695.338,563.31,413706.281,1.001081794
115.654753548,0.22,220,2,114.587,411719.914,563.53,413730.857,1.000818988
116.119112761,8.294,8294,2,122.881,411744.49,571.824,413755.433,0.464359213
107.428061269,8.294,8294,7,109.166,443.744,571.934,413771.817,0
116.265662679,0.11,110,2,122.991,411760.874,580.228,413786.153,8.83760141
107.909137844,8.294,8294,5,109.166,507.184,580.448,413810.729,0
116.655625168,0.22,220,2,123.211,411777.258,588.742,413837.353,8.746487324
117.656559277,0.22,220,2,123.431,411793.642,588.962,413853.737,1.000934109
118.657262534,0.22,220,2,123.651,411810.026,589.182,413870.121,1.000703257
119.267372327,0.11,110,2,123.761,411826.41,589.292,413898.793,0.610109793
119.658078942,0.22,220,2,123.981,411842.794,589.512,413927.465,0.390706615
120.658923307,0.22,220,2,124.201,411859.178,589.732,413943.849,1.000844365
112.532303945,8.294,8294,3,109.265,428.096,589.952,413984.809,0
121.659657904,0.22,220,2,124.421,411875.562,598.246,414042.153,9.127353959
122.268859379,0.11,110,2,124.531,411891.946,598.356,414058.537,0.609201475
114.556684954,8.294,8294,6,117.46,528.8,598.576,414083.113,0
122.660571119,0.22,220,2,124.751,411916.522,606.87,414097.449,8.103886165
123.66148634,0.22,220,2,124.971,411924.714,607.09,414105.641,1.000915221
124.662252518,0.22,220,2,125.191,411937.002,607.31,414117.929,1.000766178
124.915940311,8.294,8294,2,133.485,411951.338,615.604,414132.265,0.253687793
125.270885936,0.11,110,2,133.595,411967.722,615.714,414148.649,0.354945625
116.443909936,8.294,8294,7,117.46,486.752,615.934,414189.609,0
116.854227098,8.294,8294,5,117.46,535.856,624.228,414246.953,0.410317162
125.663138468,0.22,220,2,133.815,411984.106,632.522,414320.681,8.80891137
126.664067103,0.22,220,2,134.035,412000.49,632.742,414361.641,1.000928635
127.66490742,0.22,220,2,134.255,412016.874,632.962,414378.025,1.000840317
128.272593317,0.11,110,2,134.365,412033.258,633.072,414394.409,0.607685897
128.665717403,0.22,220,2,134.585,412049.642,633.292,414414.889,0.393124086
129.666522877,0.22,220,2,134.805,412066.026,633.512,414464.041,1.000805474
130.667757781,0.22,220,2,135.025,412082.41,633.732,414480.425,1.001234904
122.047798842,8.294,8294,3,117.559,518.208,633.842,414505.001,0
131.27399253,0.11,110,2,135.135,412098.794,642.136,414525.481,9.226193688
123.291369309,8.294,8294,6,125.754,571.808,642.357,414566.441,0
131.669056364,0.221,221,2,135.356,412115.178,650.651,414623.785,8.377687055
132.669963789,0.221,221,2,135.577,412135.658,650.872,414644.265,1.000907425
133.670807999,0.221,221,2,135.798,412176.618,651.093,414685.225,1.00084421
133.831569182,8.294,8294,2,144.092,412233.962,659.387,414742.569,0.160761183
125.755395704,8.294,8294,5,125.754,634.16,659.497,414767.145,0
134.275344106,0.11,110,2,144.202,412250.346,667.791,414791.721,8.519948402
125.722045676,8.294,8294,7,125.754,568.672,668.012,414816.297,0
134.671716736,0.221,221,2,144.423,412266.73,676.306,414836.777,8.94967106
135.672608013,0.221,221,2,144.644,412283.114,676.527,414853.161,1.000891277
136.673405705,0.221,221,2,144.865,412299.498,676.748,414877.737,1.000797692
137.276817859,0.11,110,2,144.975,412315.882,676.858,414894.121,0.603412154
137.674170508,0.221,221,2,145.196,412332.266,677.079,414910.505,0.397352649
138.674883067,0.221,221,2,145.417,412348.65,677.3,414943.273,1.000712559
139.675713135,0.221,221,2,145.638,412365.034,677.521,414967.849,1.000830068
140.278186362,0.11,110,2,145.748,412381.418,677.631,414992.425,0.602473227
140.676652974,0.221,221,2,145.969,412397.802,677.852,415029.289,0.398466612
141.677649946,0.221,221,2,146.19,412430.57,678.073,415066.153,1.000996972
142.678566704,0.221,221,2,146.411,412463.338,678.294,415098.921,1.000916758
134.767417765,8.294,8294,7,134.048,593.248,678.404,415115.305,0
143.496165806,8.331,8331,7,142.379,603.488,686.735,415125.545,8.728748041
143.510205021,0.245,245,7,142.624,604.48,686.98,415126.537,0.014039215
143.513033497,2.424,2424,7,145.048,607.552,689.404,415129.609,0.00282847600002
143.540738479,0.133,133,7,145.181,608.544,689.537,415130.601,0.027704982
143.279576442,0.11,110,2,146.521,412479.722,689.856,415138.793,0
143.679560757,0.221,221,2,146.742,412496.106,690.077,415155.177,0.399984315
144.680340455,0.221,221,2,146.963,412512.49,690.298,415171.561,1.000779698
145.680951662,0.221,221,2,147.184,412528.874,690.519,415187.945,1.000611207
146.28096205,0.11,110,2,147.294,412545.258,690.629,415204.329,0.600010388
146.681643908,0.221,221,2,147.515,412561.642,690.85,415226.857,0.400681858
147.682345005,0.221,221,2,147.736,412578.026,691.071,415243.241,1.000701097
148.682927446,0.221,221,2,147.957,412594.41,691.292,415259.625,1.000582441
149.282406705,0.11,110,2,148.067,412610.794,691.402,415288.297,0.599479259
149.683579281,0.221,221,2,148.288,412627.178,691.623,415373.577,0.401172576
150.684306898,0.221,221,2,148.509,412643.562,691.844,415389.961,1.000727617
151.684939592,0.221,221,2,148.73,412659.946,692.065,415406.345,1.000632694
152.283746084,0.11,110,2,148.84,412676.33,692.175,415422.729,0.598806492
152.685803055,0.221,221,2,149.061,412700.906,692.396,415447.305,0.402056971
153.686606984,0.221,221,2,149.282,412717.29,692.617,415463.689,1.000803929
154.687203891,0.221,221,2,149.503,412733.674,692.838,415480.073,1.000596907
155.285170032,0.11,110,2,149.613,412750.058,692.948,415496.457,0.597966141
155.68784751,0.221,221,2,149.834,412758.25,693.169,415504.649,0.402677478
156.688495712,0.221,221,2,150.055,412774.634,693.39,415524.105,1.000648202
157.689198772,0.221,221,2,150.276,412791.018,693.611,415540.489,1.00070306
158.286491035,0.11,110,2,150.386,412807.402,693.721,415556.873,0.597292263
158.68978875,0.221,221,2,150.607,412823.786,693.942,415579.401,0.403297715
159.690442546,0.221,221,2,150.828,412840.17,694.163,415618.313,1.000653796
160.691262698,0.221,221,2,151.049,412856.554,694.384,415634.697,1.000820152
161.287875322,0.11,110,2,151.159,412872.938,694.494,415651.081,0.596612624
161.691935574,0.221,221,2,151.38,412889.322,694.715,415667.465,0.404060252
162.692533482,0.221,221,2,151.601,412909.802,694.936,415687.945,1.000597908
163.69315432,0.221,221,2,151.822,412926.186,695.157,415704.329,1.000620838
164.289133128,0.11,110,2,151.932,412942.57,695.267,415720.713,0.595978808
164.693789168,0.221,221,2,152.153,412958.954,695.488,415737.097,0.40465604
132.045987447,8.294,8294,6,134.048,672.16,695.709,415843.593,0
134.615084903,8.294,8294,5,134.048,748.848,703.958,415843.593,2.569097456
143.562019314,0.319,319,7,145.5,716.352,712.207,415843.593,8.946934411
165.940833451,8.249,8249,7,153.749,740.928,720.456,415896.841,22.378814137
165.946813679,0.245,245,7,153.994,741.888,720.701,415897.801,0.005980228
165.940253312,8.249,8249,6,142.297,709.024,723.058,415946.953,0
165.940551898,8.249,8249,5,142.297,785.712,723.336,415946.953,0.000298585999985
165.954151916,0.278,278,6,142.575,710.48,723.614,415948.409,0.013600018
165.957355376,2.357,2357,6,144.932,735.056,725.971,415972.985,0.00320346000001
165.983787433,0.133,133,6,145.065,739.152,726.104,415977.081,0.026432057
165.954416213,0.278,278,5,142.575,794.928,726.423,415986.297,0
166.026997161,0.133,133,5,142.708,796.464,726.556,415987.833,0.072580948
165.694364681,0.221,221,2,152.374,412975.338,726.875,415996.025,0
165.948847248,2.357,2357,7,156.351,750.08,727.096,416008.313,0.254482567
166.728207716,8.249,8249,7,164.6,799.232,735.345,416057.465,0.779360468
166.695219061,0.221,221,2,152.595,412991.722,735.478,416067.193,0
167.29061221,0.11,110,2,152.705,413008.106,735.588,416083.577,0.595393149
167.696134115,0.221,221,2,152.926,413016.298,735.809,416091.769,0.405521905
167.781439636,8.249,8249,2,161.175,413076.714,744.058,416152.185,0.085305521
167.827865409,0.133,133,2,161.308,413080.81,744.191,416156.281,0.046425773
167.84038146,0.319,319,2,161.627,413089.002,744.51,416164.473,0.012516051
168.696964334,0.221,221,2,161.848,413105.386,744.731,416183.929,0.856582874
169.698266193,0.221,221,2,162.069,413121.77,744.952,416208.505,1.001301859
170.291993743,0.11,110,2,162.179,413138.154,745.062,416227.449,0.59372755
170.699190638,0.221,221,2,162.4,413154.538,745.283,416243.833,0.407196895
171.699971266,0.221,221,2,162.621,413170.922,745.504,416260.217,1.000780628
172.700607366,0.221,221,2,162.842,413191.402,745.725,416280.697,1.0006361
173.293643163,0.11,110,2,162.952,413207.786,745.835,416297.081,0.593035797
173.701355438,0.221,221,2,163.173,413224.17,746.056,416313.465,0.407712275
174.702176962,0.221,221,2,163.394,413240.554,746.277,416329.849,1.000821524
175.702881268,0.221,221,2,163.615,413256.938,746.498,416346.233,1.000704306
176.296939475,0.111,111,2,163.726,413273.322,746.609,416362.617,0.594058207
176.703565908,0.221,221,2,163.947,413289.706,746.83,416380.009,0.406626433
177.704392662,0.221,221,2,164.168,413306.09,747.051,416396.393,1.000826754
178.705030714,0.221,221,2,164.389,413322.474,747.272,416412.777,1.000638052
179.298372264,0.111,111,2,164.5,413338.858,747.383,416461.929,0.59334155
179.705706052,0.221,221,2,164.721,413355.242,747.604,416490.601,0.407333788
180.7066295,0.221,221,2,164.942,413371.626,747.825,416506.985,1.000923448
181.707369031,0.221,221,2,165.163,413388.01,748.046,416523.369,1.000739531
182.299968188,0.111,111,2,165.274,413404.394,748.157,416539.753,0.592599157
182.708075257,0.221,221,2,165.495,413437.162,748.378,416572.521,0.408107069
183.708760998,0.221,221,2,165.716,413453.546,748.599,416588.905,1.000685741
184.709356501,0.221,221,2,165.937,413469.93,748.82,416605.289,1.000595503
185.301362326,0.111,111,2,166.048,413486.314,748.931,416621.673,0.592005825
185.70992827,0.221,221,2,166.269,413502.698,749.152,416638.057,0.408565944
186.710489603,0.221,221,2,166.49,413519.082,749.373,416655.417,1.000561333
187.711292547,0.221,221,2,166.711,413535.466,749.594,416671.801,1.000802944
188.3026866,0.111,111,2,166.822,413543.658,749.705,416679.993,0.591394053
188.711885751,0.221,221,2,167.043,413560.042,749.926,416729.145,0.409199151
189.712605964,0.221,221,2,167.264,413576.426,750.147,416782.393,1.000720213
190.713434222,0.221,221,2,167.485,413617.386,750.368,416888.889,1.000828258
191.304115381,0.111,111,2,167.596,413633.77,750.479,416905.273,0.590681159
166.041367989,0.319,319,5,143.027,837.936,750.7,416933.945,0
191.714273923,0.221,221,2,167.817,413654.25,758.949,416933.945,25.672905934
166.734684581,0.133,133,7,164.733,887.296,767.198,416933.945,0
165.997389303,0.319,319,6,145.384,811.856,775.447,416933.945,0
191.867228004,8.249,8249,5,151.276,874.8,783.696,417077.305,25.869838701
191.867477331,8.249,8249,2,176.066,413668.586,783.941,417084.425,0.000249327000006
191.872409797,0.245,245,5,151.521,876.256,784.186,417134.057,0.00493246599999
191.868243873,8.249,8249,6,153.633,910.16,786.513,417134.057,0
191.867830431,8.249,8249,7,172.982,936.448,786.758,417134.569,0
191.875009601,0.245,245,7,173.227,937.824,787.003,417137.321,0.00717917
191.874908507,0.245,245,6,153.878,911.536,789.33,417137.321,0
191.873560711,0.245,245,2,176.311,413669.61,791.657,417178.793,0
191.876967709,2.327,2327,7,175.554,950.112,793.984,417189.033,0.003406998
191.883088445,2.327,2327,2,178.638,413683.946,802.233,417262.761,0.00612073599999
192.715117761,0.221,221,2,178.859,413733.098,802.454,417352.873,0.832029316
191.876999742,2.327,2327,6,156.205,932.016,802.675,417361.065,0
131.386182513,8.294,8294,3,125.853,555.52,802.844,417361.065,0
191.874640601,2.327,2327,5,153.848,896.736,803.013,417361.065,60.488458088
192.659392173,8.249,8249,7,183.803,1048.416,803.182,417361.065,0.784751572
193.716061221,0.221,221,2,179.08,413741.29,803.351,417361.065,1.056669048
193.82167173,0.169,169,6,156.374,942.256,803.52,417429.593,0.105610509
193.825658905,0.169,169,3,126.022,556.464,803.689,417429.593,0.00398717500002
193.825840609,0.169,169,5,154.017,909.024,803.858,417429.593,0.000181703999999
193.826038521,0.169,169,7,183.972,1068.896,804.027,417429.593,0.000197911999976
193.835544888,0.169,169,2,179.249,413765.866,804.196,417429.593,0.009506367
193.85906454,0.169,169,6,156.543,945.328,804.365,417448.489,0.023519652
193.85914844,0.169,169,3,126.191,556.928,804.534,417448.489,8.39000000212e-05
193.859219089,0.169,169,5,154.186,911.072,804.703,417448.489,7.064899998e-05
193.859392618,0.169,169,7,184.141,1078.112,804.872,417448.489,0.000173528999994
193.859426082,0.169,169,2,179.418,413769.962,805.041,417448.489,3.34640000119e-05
193.862786836,0.169,169,6,156.712,947.872,805.21,417459.929,0.003360754
193.862915764,0.169,169,3,126.36,558.688,805.379,417459.929,0.000128928000009
193.863007496,0.169,169,5,154.355,913.088,805.548,417459.929,9.17319999871e-05
193.863108148,0.169,169,7,184.31,1080.16,805.717,417459.929,0.000100652000015
193.863216344,0.169,169,2,179.587,413773.034,805.886,417459.929,0.000108195999985
193.871768712,0.169,169,2,179.756,413782.698,806.055,417475.705,0.00855236800001
194.306011493,0.111,111,2,179.867,413790.89,806.166,417483.897,0.434242781
193.871672121,0.169,169,7,184.479,1081.632,814.615,417483.897,0
193.871309051,0.169,169,6,156.881,949.792,823.064,417483.897,0
193.871518379,0.169,169,5,154.524,914.976,831.513,417483.897,0.000209328000011
194.501119557,8.449,8449,2,188.316,413795.274,839.962,417494.921,0.629601178
194.50147211,8.449,8449,7,192.928,1086.016,840.207,417494.921,0.000352552999999
194.502022517,8.449,8449,6,165.33,953.072,840.452,417497.385,0.000550406999992
194.507306249,0.245,245,2,188.561,413796.746,840.697,417498.297,0.00528373200001
194.507414719,0.245,245,7,193.173,1086.896,953.977,417498.297,0.000108469999986
194.509255965,0.245,245,6,165.575,953.952,1106.689,417499.177,0.001841246
194.502546627,8.449,8449,5,162.973,917.792,1210.725,417505.033,0
194.509781957,144.58,81980,2,333.141,413805.962,1211.069,417514.217,0.00723533000001
194.509845528,121.412,81980,7,314.585,1088.912,1211.29,417523.401,6.35709999983e-05
194.95158811,0.245,245,7,314.83,1090.176,1211.535,417524.665,0.441742582
194.716943343,0.221,221,2,333.362,413815.146,1250.694,417526.617,0
194.992378361,0.278,278,2,333.64,413816.554,1250.972,417528.025,0.275435018
194.511697628,104.036,81980,6,269.611,955.904,1290.131,417529.945,0
194.994657441,39.159,39159,2,372.799,413825.706,1290.442,417539.065,0.482959813
194.518594858,0.344,344,5,163.317,919.744,1290.663,417548.217,0
195.717966188,0.221,221,2,373.02,413842.09,1291.007,417557.337,1.19937133
193.871449382,0.169,169,3,126.529,559.52,1291.228,417565.529,0
196.781576455,8.449,8449,3,134.978,562.048,1299.677,417568.057,2.910127073
196.718760867,0.221,221,2,373.241,413858.474,1300.054,417580.169,0
196.796933074,0.377,377,3,135.355,566.96,1300.165,417589.353,0.078172207
197.308519679,0.111,111,2,373.352,413874.858,1300.405,417597.545,0.511586605
197.719463352,0.221,221,2,373.573,435759.434,1300.626,449799.577,0.410943673
195.01817694,0.311,311,6,269.922,18283.92,1300.872,456813.449,0
197.999151957,0.246,246,2,373.819,435769.146,1301.118,479315.737,2.980975017
195.795321902,0.344,344,5,163.661,23412.816,1301.339,479323.929,0
198.720345128,0.221,221,2,374.04,435785.53,1301.585,479335.001,2.925023226
199.721190545,0.221,221,2,374.261,435801.914,1301.806,479352.409,1.000845417
200.310100187,0.111,111,2,374.372,435818.298,1301.917,479369.721,0.588909642
200.721894191,0.221,221,2,374.593,435834.682,1302.138,479386.105,0.411794004
201.722462788,0.221,221,2,374.814,435851.066,1302.359,479402.489,1.000568597
202.723026242,0.221,221,2,375.035,435868.426,1302.58,479419.849,1.000563454
203.311436673,0.111,111,2,375.146,435884.81,1302.691,479436.233,0.588410431
203.723751145,0.221,221,2,375.367,435901.194,1302.912,479452.617,0.412314472
204.724429757,0.221,221,2,375.588,435917.578,1303.133,479469.001,1.000678612
205.725039334,0.221,221,2,375.809,435933.962,1303.354,479485.385,1.000609577
206.312724606,0.111,111,2,375.92,435950.346,1303.465,479501.769,0.587685272
206.725631231,0.221,221,2,376.141,435966.73,1303.686,479521.033,0.412906625
207.72635245,0.221,221,2,376.362,435983.114,1303.907,479537.417,1.000721219
208.726986503,0.221,221,2,376.583,435999.498,1304.128,479553.801,1.000634053
209.314028245,0.111,111,2,376.694,436015.882,1304.239,479571.081,0.587041742
209.728023495,0.221,221,2,376.915,436032.266,1304.46,479589.353,0.41399525
210.728700538,0.221,221,2,377.136,436048.65,1304.681,479605.737,1.000677043
211.729245452,0.221,221,2,377.357,436065.034,1304.902,479622.121,1.000544914
212.315313764,0.111,111,2,377.468,436081.418,1305.013,479638.505,0.586068312
197.348369193,0.24,240,3,135.595,573.936,1305.234,486117.273,0
212.729853499,0.221,221,2,377.689,436098.746,1305.553,495924.985,15.381484306
213.730688165,0.221,221,2,377.91,436115.13,1305.774,495941.369,1.000834666
214.731373122,0.221,221,2,378.131,436131.514,1305.995,495957.753,1.000684957
215.316686081,0.111,111,2,378.242,436147.898,1306.106,495974.137,0.585312959
215.732089253,0.221,221,2,378.463,436164.282,1306.327,495990.521,0.415403172
216.732992626,0.221,221,2,378.684,436180.666,1306.548,496009.977,1.000903373
217.733795665,0.221,221,2,378.905,436197.05,1306.769,496026.361,1.000803039
218.318047243,0.111,111,2,379.016,436213.434,1306.88,496042.745,0.584251578
218.734393318,0.221,221,2,379.237,436229.818,1307.101,496059.993,0.416346075
219.735137974,0.221,221,2,379.458,436238.01,1307.322,496069.945,1.000744656
220.735863088,0.221,221,2,379.679,436254.394,1307.543,496086.329,1.000725114
221.319362543,0.111,111,2,379.79,436270.778,1307.654,496102.713,0.583499455
221.736470108,0.221,221,2,380.011,436287.162,1307.875,496119.097,0.417107565
222.73716198,0.221,221,2,380.232,436304.458,1308.096,496136.393,1.000691872
223.737880391,0.221,221,2,380.453,436320.842,1308.317,496152.777,1.000718411
224.320653328,0.111,111,2,380.564,436337.226,1308.428,496169.161,0.582772937
224.738509599,0.221,221,2,380.785,436353.61,1308.649,496185.545,0.417856271
225.739063666,0.221,221,2,381.006,436369.994,1308.87,496201.929,1.000554067
226.739746122,0.221,221,2,381.227,436386.378,1309.091,496251.081,1.000682456
227.321853925,0.111,111,2,381.338,436402.762,1309.202,496267.465,0.582107803
227.740419896,0.221,221,2,381.559,436419.146,1309.423,496283.849,0.418565971
228.74114945,0.221,221,2,381.78,436435.53,1309.644,496301.065,1.000729554
229.741752976,0.221,221,2,382.001,436451.914,1309.865,496318.313,1.000603526
230.323087215,0.111,111,2,382.112,436468.298,1309.976,496335.529,0.581334239
230.742547543,0.221,221,2,382.333,436484.682,1310.197,496351.913,0.419460328
231.743229175,0.221,221,2,382.554,436501.066,1310.418,496368.297,1.000681632
232.743920879,0.221,221,2,382.775,436518.33,1310.639,496385.561,1.000691704
233.324330663,0.111,111,2,382.886,436534.714,1310.75,496401.945,0.580409784
233.74459517,0.221,221,2,383.107,436551.098,1310.971,496418.329,0.420264507
234.745310536,0.221,221,2,383.328,436567.482,1311.192,496434.713,1.000715366
235.746084381,0.221,221,2,383.549,436583.866,1311.413,496451.097,1.000773845
236.325708292,0.111,111,2,383.66,436600.25,1311.524,496467.481,0.579623911
236.746787629,0.221,221,2,383.881,436616.634,1311.745,496500.249,0.421079337
213.628726691,0.319,319,3,135.914,644.592,1311.966,496526.873,0
237.74748425,0.221,221,2,384.102,436633.018,1312.343,496538.137,24.118757559
238.748237819,0.221,221,2,384.323,436649.402,1312.564,496554.521,1.000753569
239.326974762,0.111,111,2,384.434,436665.786,1312.675,496571.705,0.578736943
239.748899926,0.221,221,2,384.655,436682.17,1312.896,496589.721,0.421925164
240.74954248,0.221,221,2,384.876,436698.554,1313.117,496606.105,1.000642554
241.750126705,0.221,221,2,385.097,436714.938,1313.338,496622.489,1.000584225
242.328256335,0.111,111,2,385.208,436731.322,1313.449,496638.873,0.57812963
238.733859717,0.377,377,3,136.291,17758.192,1313.67,513758.441,0
198.063549112,0.246,246,6,270.168,18290.192,1313.916,513783.017,0
243.380156844,0.246,246,3,136.537,17782.768,1314.085,513783.017,45.316607732
198.736721492,0.246,246,5,163.907,23419.088,1314.254,513783.017,0
194.953777347,39.159,39159,7,353.989,17363.52,1314.423,513783.017,0
242.750825949,0.221,221,2,385.429,436740.362,1314.592,513783.017,47.797048602
243.399126098,0.169,169,6,270.337,18291.696,1314.761,513795.337,0.648300149
243.399213644,0.169,169,3,136.706,17788.912,1314.93,513795.337,8.75460000032e-05
243.399304339,0.169,169,5,164.076,23420.592,1315.099,513795.337,9.0694999983e-05
243.399466244,0.169,169,7,354.158,17365.088,1315.268,513795.337,0.000161904999999
243.399527731,0.169,169,2,385.598,436741.962,1315.437,513795.337,6.14870000106e-05
243.561513103,0.169,169,7,354.327,17366.528,1315.606,513803.017,0.161985372
243.561286929,0.169,169,6,270.506,18293.072,1323.939,513803.017,0
243.561352384,0.169,169,3,136.875,17790.928,1332.272,513803.017,6.54549999979e-05
243.561410575,0.169,169,5,164.245,23421.968,1340.605,513803.017,5.81909999937e-05
243.561578512,0.169,169,2,385.767,436743.434,1348.938,513803.017,0.000167937000015
243.677578776,8.333,8333,7,362.66,17369.344,1357.271,513815.641,0.116000264
243.677896994,8.333,8333,6,278.839,18295.76,1357.516,513815.641,0.000318218000018
243.678567255,8.333,8333,5,172.578,23424.656,1357.761,513817.689,0.000670260999982
243.67821553,8.333,8333,3,145.208,17797.424,1358.006,513819.737,0
243.678913773,8.333,8333,2,394.1,436746.266,1358.251,513825.337,0.000698243000016
243.683776435,0.245,245,7,362.905,17370.528,1358.496,513825.817,0.00486266199999
243.683905503,0.245,245,6,279.084,18297.024,1620.64,513825.817,0.000129068000007
243.683954665,0.245,245,5,172.823,23426.032,1882.784,513825.817,4.91619999821e-05
243.68432216,0.245,245,3,145.453,17798.88,2931.36,513825.817,0.000367495000006
243.68593351,524.288,262144,7,887.193,17370.528,3979.936,513826.713,0.00161135000002
243.685956499,524.288,262144,5,697.111,23426.032,4472.536,513826.713,2.29890000014e-05
243.686239637,524.288,262144,3,669.741,17798.88,4996.824,513826.713,0.000283137999986
243.685559114,0.245,245,2,394.345,436747.594,5467.704,513827.145,0
243.685954982,1048.576,262144,6,1327.66,18297.024,5991.992,513827.145,0.000395867999998
243.687315034,492.6,262144,7,1379.793,17370.528,6499.072,513827.145,0.001360052
243.687430548,524.288,262144,5,1221.399,23426.032,6907.856,513827.145,0.000115514000015
243.688822256,408.784,230456,7,1788.577,17370.528,7401.904,513827.145,0.001391708
243.687696825,470.88,262144,3,1140.621,17798.88,7703.536,513827.145,0
243.688322542,524.288,262144,2,918.633,436747.594,8022.544,513827.145,0.00062571700002
243.688676761,507.08,262144,6,1834.74,18297.024,8515.144,513827.145,0.000354219000002
243.689927899,301.632,178328,7,2090.209,17370.528,8934.064,513827.145,0.00125113799999
243.689143502,494.048,262144,5,1715.447,23426.032,9124.2,513827.145,0
243.69205023,190.136,123304,7,2280.345,17370.528,9564.84,513827.145,0.002906728
243.692435973,440.64,231904,5,2156.087,23426.032,9631.672,513827.145,0.000385742999981
243.691485885,492.6,262144,2,1411.233,436747.594,9981.088,513827.145,0
243.690648736,319.008,208736,3,1459.629,17798.88,10389.872,513827.145,0
243.693820972,408.784,230456,2,1820.017,436747.594,10509.056,513827.145,0.00317223599998
243.691959704,418.92,244936,6,2253.66,18297.024,10809.24,513827.145,0
243.695176273,300.184,178328,2,2120.201,436747.594,11080.464,513827.145,0.00321656899999
243.693647878,349.416,208736,5,2505.503,23426.032,11218.472,513827.145,0
243.694211893,119.184,110272,3,1578.813,17798.88,11414.4,513827.145,0.000564014999981
243.695677748,271.224,173984,6,2524.884,18297.024,11423.312,513827.145,0.00146585500002
243.696486412,138.008,121856,2,2258.209,436747.594,11580.144,513827.145,0.000808664000004
243.697481551,195.928,140680,5,2701.431,23426.032,11596.296,513827.145,0.000995138999997
243.699259356,156.832,97240,6,2681.716,18297.024,11651.544,513827.913,0.00177780499999
243.69963303,16.152,16152,2,2274.361,436756.17,11720.272,513840.009,0.000373674000002
243.751924649,0.221,221,2,2274.582,436772.554,11720.493,513856.393,0.052291619
244.752722979,0.221,221,2,2274.803,436788.938,11720.714,513872.777,1.00079833
245.329585983,0.111,111,2,2274.914,436808.282,11720.825,513897.657,0.576863004
243.70119194,68.728,59592,6,2750.444,18300.576,11721.046,513911.609,0
245.753476762,0.221,221,2,2275.135,436816.474,11729.496,513911.609,2.052284822
243.698063745,8.912,8912,3,1587.725,17804.0,11737.946,513911.609,0
243.700541001,55.248,55248,5,2756.679,23429.232,11746.396,513911.609,0.00247725599999
243.693292037,66.832,66832,7,2347.177,17374.24,11754.846,513911.609,0
246.669038596,8.45,8450,2,2283.585,436819.626,11763.296,513937.465,2.975746559
246.669412335,8.45,8450,3,1596.175,17820.384,11763.541,513937.465,0.000373738999997
246.669818131,8.45,8450,5,2765.129,23432.272,11763.786,513938.425,0.000405795999995
246.673979989,0.245,245,2,2283.83,436820.89,11764.031,513940.617,0.004161858
246.674048186,0.245,245,3,1596.42,17821.76,11846.011,513942.505,6.81969999903e-05
246.670183698,8.45,8450,7,2355.627,17377.392,11927.991,513943.417,0
246.668797394,8.45,8450,6,2758.894,18303.616,11928.236,513943.897,0
246.674888201,0.245,245,5,2765.374,23433.584,11928.481,513944.329,0.00609080699999
246.676602243,0.245,245,7,2355.872,17378.512,12010.461,513947.593,0.001714042
246.676937424,0.245,245,6,2759.139,18304.8,12092.441,513947.593,0.000335180999997
246.67729923,81.98,81980,5,2847.354,23435.408,12174.421,513959.497,0.000361806000001
246.726061462,0.245,245,5,2847.599,23436.64,12174.666,513960.729,0.048762232
246.676410942,81.98,81980,3,1678.4,17834.048,13165.677,513964.825,0
246.729234936,0.245,245,3,1678.645,17835.36,14021.945,513966.137,0.052823994
246.678945557,81.98,81980,6,2841.119,18306.624,15165.519,513969.945,0
246.675973989,81.98,81980,2,2365.81,436830.042,15165.83,513978.137,0
246.678879473,81.98,81980,7,2437.852,17380.4,15166.051,513988.121,0.002905484
246.773930099,0.344,344,7,2438.196,17381.44,15166.395,513989.161,0.095050626
246.754593979,0.221,221,2,2366.031,436839.162,16283.905,513990.089,0
246.783350211,0.344,344,2,2366.375,436848.25,16284.249,514002.249,0.028756232
247.756048332,0.221,221,2,2366.596,436864.634,16284.47,514019.529,0.972698121
248.331036937,0.111,111,2,2366.707,436881.018,16284.581,514035.913,0.574988605
246.727919165,1847.034,262144,5,4694.633,40463.712,16284.802,544917.385,0
248.756893707,0.221,221,2,2366.928,476959.642,16285.048,608108.201,2.028974542
246.731421233,1143.574,262144,3,2822.219,54802.784,16285.269,608116.393,0
246.752397833,0.311,311,6,2841.43,18310.816,16285.684,608116.393,0.0209766
246.776082688,1117.51,262144,7,3555.706,17382.336,16285.853,608116.393,0.023684855
249.757869931,0.221,221,2,2367.149,476967.834,16286.022,608116.393,2.981787243
249.594719005,0.246,246,5,4694.879,40465.536,16286.191,608120.489,0
249.817568598,0.169,169,6,2841.599,18312.704,16286.36,608131.481,0.222849593
249.81657294,0.415,246,3,2822.634,54812.0,16286.529,608131.481,0
249.818235315,0.169,169,5,4695.048,40466.816,16286.698,608131.481,0.00166237500002
249.817989602,0.169,169,7,3555.875,17383.616,16286.867,608131.481,0
249.818154159,0.169,169,2,2367.318,476969.258,16287.036,608131.481,0.000164556999977
249.826678776,0.169,169,6,2841.768,34880.768,16287.451,624708.937,0.00852461700001
249.827115341,0.415,169,2,2367.733,476980.09,16287.697,624719.017,0.000436565000001
250.758913264,0.221,221,2,2367.954,476996.474,16287.918,624735.401,0.931797923
249.82698436,0.169,169,7,3556.044,34773.824,16288.029,642130.185,0
250.619333018,0.246,246,6,2842.014,34882.656,16288.275,642132.201,0.792348658
249.826767717,0.169,169,3,2822.803,54813.536,16288.444,642132.201,0
249.826933089,0.169,169,5,4695.217,40468.416,16288.613,642132.201,0.000165371999998
251.645573383,0.246,246,7,3556.29,34775.84,16288.782,642132.201,1.818640294
251.332686555,0.111,111,2,2368.065,477004.666,16288.951,642132.201,0
251.652676857,0.169,169,2,2368.234,477014.458,16289.12,642148.617,0.319990302
251.652427492,0.169,169,3,2822.972,54815.04,16289.341,642156.809,0
251.652402148,0.169,169,6,2842.183,34884.416,16297.675,642156.809,0
251.652602578,0.169,169,7,3556.459,34777.728,16306.009,642156.809,0.000200430000007
251.760701361,0.221,221,2,2368.455,477022.65,16314.343,642156.809,0.108098783
251.652525807,0.169,169,5,4695.386,40469.888,16322.677,642156.809,0
251.885965186,8.334,8334,3,2831.306,54821.536,16331.011,642171.881,0.233439379
251.886300188,8.334,8334,6,2850.517,34887.456,16331.256,642174.105,0.000335002000014
251.887112181,8.334,8334,2,2376.789,477025.738,16331.501,642175.049,0.000811992999985
251.886727611,8.334,8334,7,3564.793,34780.992,16331.746,642175.961,0
251.890416154,0.245,245,3,2831.551,54822.768,16331.991,642176.361,0.00368854300001
251.887577253,8.334,8334,5,4703.72,40472.72,16852.952,642176.761,0
251.891892498,0.245,245,2,2377.034,477026.922,17525.017,642180.825,0.00431524500002
251.892286312,0.245,245,7,3565.038,34781.968,17787.161,642180.825,0.000393814000006
251.891520594,0.245,245,6,2850.762,34888.576,18555.786,642180.825,0
251.892621711,1192.781,262144,3,4024.332,54822.768,19080.074,642180.825,0.00110111699999
251.893006772,0.245,245,5,4703.965,40473.888,19157.891,642181.209,0.000385061000003
251.894379129,524.288,262144,2,2901.322,477026.922,19678.852,642181.209,0.00137235699998
251.894383264,506.481,262144,7,4071.519,34781.968,20104.245,642181.209,4.13500001173e-06
251.89723562,387.314,244337,7,4458.833,34781.968,20491.559,642181.209,0.00285235600001
251.896396978,425.393,262144,2,3326.715,477026.922,20690.633,642181.209,0
251.895473253,520.961,262144,5,5224.926,40473.888,20923.011,642181.209,0
251.900564437,471.298,258817,5,5696.224,40473.888,21394.309,642181.209,0.00509118400001
251.900138621,199.074,142977,7,4657.907,34781.968,21765.695,642182.233,0
251.90026851,232.378,163249,2,3559.093,477026.922,21821.792,642183.257,0.000129888999993
251.901760391,371.386,212481,5,6067.61,40473.888,21890.921,642183.257,0.00149188100002
251.894846151,524.288,262144,6,3375.05,34888.576,22153.707,642183.257,0
251.903684148,262.786,158905,5,6330.396,40473.888,22846.605,642183.257,0.008837997
251.905162339,148.394,103881,5,6478.79,40473.888,22994.999,642183.257,0.00147819099999
251.904058403,692.898,262144,6,4067.948,34888.576,23039.512,642183.257,0
251.90677264,616.796,206689,6,4684.744,34888.576,23656.308,642184.249,0.00271423700002
251.90235577,69.129,69129,2,3628.222,477030.954,23849.215,642189.977,0
252.761877762,0.221,221,2,3628.443,477047.338,23849.436,642206.361,0.859521992
253.762590884,0.221,221,2,3628.664,477066.97,23849.657,642234.889,1.000713122
251.908717065,192.907,100985,6,4877.651,34892.64,23849.768,642246.217,0
251.895189338,77.817,77817,3,4102.149,54827.888,23849.937,642246.217,0
251.906566399,44.513,44513,5,6523.303,40477.6,23850.106,642246.217,0.011377061
251.902059158,56.097,56097,7,4714.004,34785.84,23850.275,642246.217,0
254.334380806,0.111,111,2,3628.775,477075.162,23850.444,642246.217,2.432321648
254.69002082,0.169,169,6,4877.82,34893.664,23850.613,642262.441,0.355640014
254.690100146,0.169,169,3,4102.318,54836.08,23850.782,642262.441,7.93259999909e-05
254.690313721,0.169,169,5,6523.472,40478.464,23850.951,642262.441,0.000213575000004
254.690448607,0.169,169,7,4714.173,34789.936,23851.12,642262.441,0.000134886000012
254.690552587,0.169,169,2,3628.944,477077.21,23851.289,642262.441,0.000103980000006
254.695257142,0.169,169,6,4877.989,34895.616,23851.458,642289.033,0.00470455499999
254.695311589,0.169,169,3,4102.487,54854.512,23851.627,642289.033,5.44469999966e-05
254.695550576,0.169,169,7,4714.342,34792.496,23851.796,642289.033,0.000238986999989
254.695639611,0.169,169,2,3629.113,477079.226,23851.965,642289.033,8.9035000002e-05
254.695371099,0.169,169,5,6523.641,40480.096,23852.134,642289.033,0
254.701328713,0.169,169,2,3629.282,477088.842,23852.303,642308.089,0.00595761400001
254.701227036,0.169,169,7,4714.511,34794.0,23852.524,642316.281,0
254.701051311,0.169,169,3,4102.656,54859.12,23860.974,642316.281,0
254.700931096,0.169,169,6,4878.158,34897.44,23869.424,642316.281,0
254.763397711,0.221,221,2,3629.503,477097.034,23877.874,642316.281,0.062466615
254.701529963,0.169,169,5,6523.81,40481.6,23886.324,642316.281,0
254.786009676,8.45,8450,7,4722.961,34800.496,23894.774,642329.305,0.084479713
254.786797349,8.45,8450,6,4886.608,34900.592,23895.019,642331.321,0.000787673000019
254.787148668,8.45,8450,2,3637.953,477100.314,23895.264,642331.321,0.000351318999975
254.787499278,8.45,8450,5,6532.26,40484.544,23895.509,642332.761,0.000350610000027
254.789999036,0.245,245,7,4723.206,34801.392,23895.754,642333.801,0.002499758
254.791137484,0.245,245,2,3638.198,477101.434,23977.734,642334.169,0.00113844799998
254.791988606,0.245,245,5,6532.505,40485.632,24059.714,642336.809,0.000851122
254.791094295,0.245,245,6,4886.853,34901.632,24141.694,642337.801,0
254.786325745,8.45,8450,3,4111.106,54869.808,24223.674,642351.785,0
254.792471426,81.98,81980,7,4805.186,34804.464,24224.051,642356.905,0.00614568099999
254.844497186,0.245,245,7,4805.431,34805.296,24224.296,642357.737,0.05202576
254.792735751,81.98,81980,2,3720.178,477103.386,25312.832,642358.697,0
254.794138065,81.98,81980,6,4968.833,34903.52,25313.077,642359.625,0.00140231399999
254.849820385,0.245,245,2,3720.423,477104.426,25313.322,642360.665,0.05568232
254.850566182,0.245,245,6,4969.078,34904.496,26197.174,642362.633,0.000745797000008
254.85138737,1130.356,262144,2,4850.779,477104.426,26942.018,642362.633,0.000821188000003
254.852572738,498.34,262144,6,5467.418,34904.496,27024.726,642362.633,0.00118536799999
254.799662077,0.377,377,3,4111.483,54875.952,27392.862,642364.681,0
254.854452169,368.136,236196,6,5835.554,34904.496,27393.14,642364.681,0.054790092
254.794074522,81.98,81980,5,6614.485,40487.2,27600.72,642368.297,0
254.854026833,82.708,82708,2,4933.487,477113.546,27601.097,642376.489,0.059952311
255.764191183,0.221,221,2,4933.708,477129.93,27601.318,642393.609,0.91016435
256.765032366,0.221,221,2,4933.929,477146.314,27601.539,642413.465,1.000841183
257.336016998,0.111,111,2,4934.04,477162.698,27601.65,642429.849,0.570984632
254.855391471,0.278,278,3,4111.761,100638.912,27601.871,740406.793,0
257.766440408,0.221,221,2,4934.261,529377.898,27602.117,740406.793,2.911048937
254.846060615,1088.536,262144,7,5893.967,50669.28,27602.363,756274.601,0
254.856548054,207.58,131940,6,6043.134,51522.128,27602.609,772894.409,0.010487439
257.968939837,0.246,246,2,4934.507,529388.042,27602.855,779026.969,3.112391783
254.876644941,0.377,377,5,6614.862,63354.864,27603.076,795779.609,0
258.529947447,0.246,246,6,6043.38,51524.016,27603.322,795781.177,3.653302506
257.96862043,0.246,246,3,4112.007,100645.056,27603.491,795781.177,0
258.842534421,0.246,246,5,6615.108,63356.432,27603.66,795781.177,0.873913991
258.068388241,0.246,246,7,5894.213,50672.352,27603.829,795781.177,0
258.76793683,0.221,221,2,4934.728,529396.234,27603.998,795781.177,0.699548589
258.848477922,0.169,169,6,6043.549,51525.776,27604.167,795789.721,0.080541092
258.848750914,0.169,169,2,4934.897,529397.61,27612.501,795789.721,0.000272992000021
258.848708895,0.169,169,7,5894.382,50674.304,27620.835,795789.721,0
258.848539027,0.169,169,3,4112.176,100647.072,27629.169,795789.721,0
258.848585871,0.169,169,5,6615.277,63357.872,27637.503,795789.721,4.68439999963e-05
259.024875243,8.334,8334,2,4943.231,529400.778,27645.837,795796.985,0.176289372
259.024551853,8.334,8334,6,6051.883,51528.816,27646.082,795798.345,0
259.02590926,8.334,8334,5,6623.611,63360.688,27646.327,795798.745,0.001357407
259.029328809,0.245,245,2,4943.476,529401.754,27646.572,795800.681,0.003419549
259.029777217,0.245,245,6,6052.128,51529.712,28102.86,795801.305,0.000448408000011
259.030146843,0.245,245,5,6623.856,63361.712,28559.148,795801.641,0.000369626000008
259.031166425,456.288,262144,2,5399.764,529401.754,29080.596,795801.641,0.00101958199997
259.03210101,521.448,262144,5,7145.304,63361.712,29338.564,795801.641,0.000934585000039
259.032428821,257.968,194144,2,5657.732,529401.754,29773.188,795801.641,0.000327810999977
259.031648385,456.288,262144,6,6508.416,51529.712,29837.012,795801.641,0
259.034300224,434.624,259304,5,7579.928,63361.712,30197.9,795801.641,0.00265183900001
259.035029504,360.888,194144,6,6869.304,51529.712,30451.524,795801.641,0.00072928000003
259.036419887,253.624,175320,5,7833.552,63361.712,30502.316,795801.641,0.001390383
259.025238001,8.334,8334,7,5902.716,50678.672,30580.62,795808.665,0
259.025554077,8.334,8334,3,4120.51,100653.568,30580.964,795816.185,0.00031607599999
259.298787473,0.377,377,3,4120.887,100654.736,30581.341,795817.353,0.273233396
259.300769479,456.288,262144,3,4577.175,100654.736,31037.629,795817.353,0.00198200599999
259.034849215,63.824,63824,2,5721.556,529410.906,31495.757,795830.729,0
259.769597421,0.221,221,2,5721.777,529427.29,31495.978,795850.585,0.734748206
260.337462465,0.111,111,2,5721.888,529443.674,31496.089,795869.913,0.567865044
260.770442733,0.221,221,2,5722.109,529463.306,31496.31,795903.833,0.432980268
259.038929072,50.792,50792,6,6920.096,51536.848,31496.531,795915.097,0
259.301995718,458.128,194144,3,5035.303,100659.856,31496.7,795915.097,0.263066646
259.039285935,78.304,78304,5,7911.856,63368.448,31496.869,795915.097,0
259.20270291,0.344,344,7,5903.06,50691.36,31497.038,795915.097,0.163416975
261.771299239,0.221,221,2,5722.33,529471.498,31497.207,795915.097,2.568596329
262.348785224,0.169,169,6,6920.265,51553.232,31497.376,795947.833,0.577485985
262.348812177,0.169,169,3,5035.472,100668.048,31497.545,795947.833,2.6953000031e-05
262.348865891,0.169,169,5,7912.025,63369.44,31497.714,795947.833,5.37139999892e-05
262.348967549,0.169,169,7,5903.229,50697.504,31497.883,795947.833,0.000101658000006
262.349054805,0.169,169,2,5722.499,529472.522,31498.052,795947.833,8.72559999721e-05
262.354402471,0.169,169,6,6920.434,51565.52,31498.221,795986.585,0.00534766600003
262.354429767,0.169,169,3,5035.641,100686.48,31498.39,795986.585,2.72959999847e-05
262.354567156,0.169,169,5,7912.194,63371.328,31498.559,795986.585,0.000137388999974
262.354628014,0.169,169,7,5903.398,50701.6,31498.728,795986.585,6.08580000403e-05
262.354725463,0.169,169,2,5722.668,529474.57,31498.897,795986.585,9.7449000009e-05
262.359258454,0.169,169,3,5035.81,100691.088,31499.066,795998.985,0.00453299099996
262.359511144,0.169,169,2,5722.837,529476.522,31507.516,795998.985,0.000252690000025
262.359182006,0.169,169,6,6920.603,51568.08,31515.966,795998.985,0
262.359325953,0.169,169,5,7912.363,63373.088,31524.416,795998.985,0.00014394699997
262.359420298,0.169,169,7,5903.567,50703.12,31532.866,795998.985,9.43449999795e-05
262.512499594,8.45,8450,2,5731.287,529480.426,31541.316,796021.049,0.153079296
262.51221957,8.45,8450,3,5044.26,100701.776,31541.561,796021.049,0
262.513172698,8.45,8450,5,7920.813,63376.128,31541.806,796025.625,0.000953127999992
262.513516182,8.45,8450,7,5912.017,50709.632,31542.051,796025.625,0.000343483999984
262.51285749,8.45,8450,6,6929.053,51578.768,31542.296,796036.089,0
262.516864478,0.245,245,2,5731.532,529481.322,31542.541,796036.745,0.00400698800001
262.51720128,0.245,245,5,7921.058,63377.072,31624.52,796037.001,0.000336801999993
262.516917935,0.245,245,3,5044.505,100702.864,31706.499,796037.257,0
262.517401594,0.245,245,7,5912.262,50710.384,31788.478,796038.057,0.000483658999997
262.518338171,0.245,245,6,6929.298,51579.6,31870.457,796038.329,0.000936577000004
262.518602614,81.979,81979,3,5126.484,100709.008,31952.436,796052.569,0.000264442999992
262.518569499,81.979,81979,5,8003.037,63378.896,31952.681,796053.961,0
262.518453332,81.979,81979,2,5813.511,529483.338,31952.926,796054.809,0
262.567789248,0.245,245,3,5126.729,100710.032,31953.171,796056.361,0.049335916
262.568402195,0.245,245,5,8003.282,63379.776,32443.313,796056.921,0.000612946999979
262.568733197,0.245,245,2,5813.756,529484.17,33325.739,796057.193,0.000331001999996
262.569926948,491.59,262144,5,8494.872,63379.776,33811.537,796057.193,0.00119375100002
262.569597064,880.978,262144,3,6007.707,100710.032,34205.269,796057.193,0
262.570525541,485.798,262144,2,6299.554,529484.17,34442.617,796057.193,0.000928477000002
262.571313048,393.732,229446,5,8888.604,63379.776,34824.765,796057.193,0.000787506999984
262.57243194,382.148,223654,2,6681.702,529484.17,35070.801,796057.193,0.00111889200002
262.572015445,237.348,162838,3,6245.055,100710.032,35257.469,796057.193,0
262.573893648,83.86,74510,3,6328.915,100710.032,35341.329,796057.193,0.00187820300005
262.573317855,246.036,164286,5,9134.64,63379.776,35350.679,796057.193,0
262.519926789,81.979,81979,7,5994.241,50713.456,35432.429,796058.217,0
262.573730805,186.668,158494,2,6868.37,529484.17,35432.674,796058.217,0.053804016
262.521034876,81.979,81979,6,7011.277,51585.744,35460.848,796060.265,0
262.576923777,0.245,245,7,5994.486,50714.144,35461.093,796060.953,0.055888901
262.580344721,420.638,262144,7,6415.124,50714.144,35881.731,796062.729,0.00342094400003
262.577927699,0.245,245,6,7011.522,51586.496,36040.225,796062.729,0
262.581569358,493.038,262144,6,7504.56,51586.496,36719.931,796064.553,0.00364165900004
262.583020379,497.202,230894,6,8001.762,51586.496,37217.133,796064.553,0.00145102099998
262.577014356,28.174,28174,2,6896.544,529496.57,37388.535,796078.009,0
262.772071951,0.221,221,2,6896.765,529512.954,37388.756,796094.393,0.195057595
263.338924178,0.111,111,2,6896.876,529529.338,37388.867,796110.777,0.566852227
263.772735369,0.221,221,2,6897.097,529545.722,37389.088,796127.161,0.433811191
262.575564738,81.75,81750,5,9216.39,86272.32,37389.309,819027.033,0
264.773388519,0.221,221,2,6897.318,533777.402,37389.555,823252.345,2.197823781
262.575251748,9.35,9350,3,6338.265,126257.104,37389.776,862479.033,0
265.774428486,0.221,221,2,6897.539,547589.114,37390.022,862616.249,3.199176738
262.585578555,171.402,100574,6,8173.164,75216.64,37390.268,900699.337,0
266.060322581,0.246,246,2,6897.785,547621.882,37390.514,900713.673,3.474744026
262.581522691,345.162,158494,7,6760.286,65734.352,37390.625,901311.689,0
266.30434659,0.246,246,6,8173.41,75222.784,37390.871,901314.761,3.722823899
265.936896137,0.246,246,3,6338.511,126263.248,37391.04,901314.761,0
265.456430529,0.246,246,5,9216.636,86274.144,37391.209,901314.761,0
266.423128194,0.246,246,7,6760.532,65737.424,37391.378,901314.761,0.966697665
266.340238561,0.111,111,2,6897.896,547630.074,37391.547,901314.761,0
266.428830162,0.169,169,2,6898.065,547636.218,37391.716,901327.593,0.088591601
266.428661665,0.169,169,5,9216.805,86275.84,37400.05,901327.593,0
266.428575376,0.169,169,6,8173.579,75224.304,37408.384,901327.593,0
266.428623987,0.169,169,3,6338.68,126264.768,37416.718,901327.593,4.86109999542e-05
266.428779648,0.169,169,7,6760.701,65739.376,37425.052,901327.593,0.000155661000008
266.619803787,8.334,8334,5,9225.139,86278.768,37433.386,901339.801,0.191024139
266.620797594,8.334,8334,7,6769.035,65743.744,37433.631,901350.841,0.000993806999986
266.62047011,8.334,8334,3,6347.014,126274.944,37433.876,901350.841,0
266.62374548,0.245,245,5,9225.384,86279.568,37434.121,901350.841,0.00327537000004
266.619529457,8.334,8334,2,6906.399,547655.162,38148.554,901368.281,0
266.625142354,0.245,245,3,6347.259,126275.888,38148.799,901372.681,0.00561289699999
266.620134158,8.334,8334,6,8181.913,75230.816,38410.943,901372.681,0
266.625142246,0.245,245,7,6769.28,65744.352,38605.391,901372.873,0.00500808800001
266.625359917,714.433,262144,5,9939.817,86279.568,39061.738,901372.873,0.00021767100003
266.626942307,456.347,262144,3,6803.606,126275.888,39125.621,901373.337,0.00158238999995
266.627483121,456.347,262144,7,7225.627,65744.352,39383.707,901373.561,0.000540814000033
266.627005363,0.245,245,6,8182.158,75231.504,39577.91,901373.561,0
266.629805884,258.086,194203,3,7061.692,126275.888,40119.86,901373.561,0.00280052099998
266.631225703,258.086,194203,7,7483.713,65744.352,40183.743,901374.457,0.00141981899998
266.631240712,478.067,262144,6,8660.225,75231.504,40247.626,901374.457,1.50090000375e-05
266.634412416,330.486,215923,6,8990.711,75231.504,40578.112,901374.969,0.00317170399995
266.626621652,0.245,245,2,6906.644,547655.914,40791.481,901375.209,0
266.63826361,449.107,262144,2,7355.751,547655.914,41240.588,901379.305,0.011641958
266.640092169,358.169,186963,2,7713.92,547672.298,41598.757,901398.761,0.00182855899999
266.775764049,0.221,221,2,7714.141,547688.682,41598.978,901419.241,0.13567188
267.776709179,0.221,221,2,7714.362,547711.21,41599.199,901480.537,1.00094513
268.777628136,0.221,221,2,7714.583,547727.594,41599.42,901499.993,1.000918957
266.632458126,63.883,63883,3,7125.575,126316.848,41599.531,901499.993,0
266.636952618,213.369,114563,6,9204.08,75236.624,41599.7,901499.993,0.00449449199999
266.627700541,63.883,63883,5,10003.7,86283.488,41599.869,901499.993,0
266.634011355,63.883,63883,7,7547.596,65748.352,41600.038,901508.185,0.00631081399996
269.359652558,0.111,111,2,7714.694,547735.786,41600.207,901508.185,2.725641203
269.360230924,0.169,169,6,9204.249,75253.008,41600.376,901615.673,0.000578366000013
269.360040374,0.169,169,3,7125.744,126333.232,41600.545,901615.673,0
269.36039442,0.169,169,5,10003.869,86284.48,41600.714,901615.673,0.000354045999984
269.360526296,0.169,169,7,7547.765,65756.544,41600.883,901615.673,0.000131876000012
269.360958583,0.169,169,2,7714.863,547801.322,41601.052,901615.673,0.000432287000024
269.36262988,0.169,169,6,9204.418,75265.296,41601.221,901696.409,0.00167129699997
269.362705225,0.169,169,3,7125.913,126345.52,41601.39,901696.409,7.53450000275e-05
269.362758708,0.169,169,5,10004.038,86286.368,41601.559,901696.409,5.34829999879e-05
269.36282601,0.169,169,7,7547.934,65761.664,41601.728,901696.409,6.73019999908e-05
269.362897263,0.169,169,2,7715.032,547850.474,41601.897,901696.409,7.12529999873e-05
269.371659116,0.169,169,6,9204.587,75269.36,41602.066,901717.593,0.00876185300001
269.37183241,0.169,169,5,10004.207,86288.128,41610.516,901717.593,0.000173294000035
269.371741782,0.169,169,3,7126.082,126348.592,41618.966,901717.593,0
269.371909914,0.169,169,7,7548.103,65763.712,41627.416,901717.593,0.000168131999999
269.372018555,0.169,169,2,7715.201,547860.714,41635.866,901717.593,0.000108640999997
269.553371747,8.45,8450,3,7134.532,126359.264,41644.316,901742.329,0.181353192
269.553011798,8.45,8450,5,10012.657,86291.168,41644.561,901744.377,0
269.552700747,8.45,8450,6,9213.037,75275.856,41644.806,901744.377,0
269.553990292,8.45,8450,2,7723.651,547897.578,41645.051,901777.737,0.00128954499996
269.553711548,8.45,8450,7,7556.553,65774.384,41645.296,901787.737,0
269.557801125,0.245,245,6,9213.282,75276.464,41645.541,901788.025,0.004089577
269.557763244,0.245,245,5,10012.902,86291.904,41727.521,901788.025,0
269.55751634,0.245,245,3,7134.777,126360.144,41809.501,901788.025,0
269.558346444,0.245,245,2,7723.896,547898.266,41891.481,901788.249,0.000830103999988
269.559223631,0.245,245,7,7556.798,65774.928,41973.461,901788.793,0.000877187000015
269.559547209,81.98,81980,5,10094.882,86293.728,42055.441,901817.241,0.000323578000007
269.607559695,0.245,245,5,10095.127,86294.384,42055.686,901817.897,0.048012486
269.609320931,420.657,262144,5,10515.784,86294.384,42476.343,901819.945,0.00176123599999
269.559606529,81.98,81980,3,7216.757,126366.288,42663.049,901819.945,0
269.562038938,81.98,81980,7,7638.778,65781.072,42663.294,901821.993,0.00243240899999
269.61063002,186.706,158513,5,10702.49,86294.384,42663.539,901821.993,0.048591082
269.61105063,0.245,245,3,7217.002,126367.088,42691.732,901823.113,0.000420610000049
269.611671059,0.245,245,7,7639.023,65781.536,43112.389,901823.257,0.00062042899998
269.55982337,81.98,81980,2,7805.876,547922.842,43530.15,901831.449,0
269.613280046,420.657,262144,3,7637.659,126367.088,43530.395,901831.449,0.053456676
269.613711735,417.761,262144,7,8056.784,65781.536,43717.101,901831.449,0.000431688999981
269.615007216,186.706,158513,3,7824.365,126367.088,43898.015,901831.865,0.001295481
269.614282001,0.245,245,2,7806.121,547923.45,43926.208,901832.921,0
269.615945906,180.914,155617,7,8237.698,65781.536,44343.969,901832.921,0.00166390499999
269.559545535,81.98,81980,6,9295.262,75279.536,44369.266,901833.945,0
269.617962404,417.761,262144,2,8223.882,547923.45,44369.544,901833.945,0.058416869
269.621257664,180.914,155617,2,8404.796,547923.45,44550.458,901833.945,0.00329525999996
269.622412337,25.297,25297,2,8430.093,547935.738,44575.755,901849.273,0.00115467300003
269.778432183,0.221,221,2,8430.314,547952.122,44575.976,901871.961,0.156019846
270.779287106,0.221,221,2,8430.535,547968.506,44576.197,901888.345,1.000854923
271.779919824,0.221,221,2,8430.756,547984.89,44576.418,901904.729,1.000632718
269.617171383,28.193,28193,3,7852.558,157705.904,44576.529,964027.241,0
269.611714441,28.193,28193,5,10730.683,120876.192,44576.775,970427.241,0
272.361511135,0.111,111,2,8430.867,566388.218,44577.021,995361.849,2.749796694
272.726788579,0.246,246,2,8431.113,566425.082,44577.267,1008751.673,0.365277444
269.62123095,0.278,278,6,9295.54,97762.656,44577.488,1008759.865,0
269.618398744,25.297,25297,7,8262.995,82345.664,44577.734,1025323.065,0
272.795542698,0.246,246,6,9295.786,97765.728,44577.98,1025327.673,3.177143954
272.601643334,0.246,246,3,7852.804,157712.048,44578.149,1025327.673,0
272.637115873,0.246,246,5,10730.929,120879.264,44578.318,1025327.673,0.035472539
272.977586994,0.246,246,7,8263.241,82350.272,44578.487,1025327.673,0.340471121
272.780775401,0.221,221,2,8431.334,566433.274,44578.656,1025327.673,0
272.982843652,0.169,169,6,9295.955,97767.68,44578.825,1025337.657,0.202068251
272.983010081,0.169,169,5,10731.098,120881.216,44587.159,1025337.657,0.000166428999989
272.983126061,0.169,169,2,8431.503,566435.834,44595.493,1025337.657,0.000115980000032
272.98305331,0.169,169,7,8263.41,82351.776,44603.827,1025337.657,0
272.98294435,0.169,169,3,7852.973,157714.064,44612.161,1025337.657,0
273.15198919,8.334,8334,5,10739.432,120885.12,44620.495,1025348.777,0.16904484
273.152310115,8.334,8334,2,8439.837,566446.522,44620.74,1025356.969,0.000320924999983
273.151587212,8.334,8334,6,9304.289,97772.048,44620.985,1025363.881,0
273.152921136,8.334,8334,3,7861.307,157720.56,44621.23,1025363.881,0.00133392399999
273.156191238,0.245,245,5,10739.677,120885.712,44621.475,1025364.249,0.00327010200004
273.156555279,0.245,245,2,8440.082,566447.066,45077.363,1025364.249,0.000364040999955
273.157530611,0.245,245,3,7861.552,157721.296,45533.251,1025365.529,0.000975332000053
273.157405647,0.245,245,6,9304.534,97772.592,45795.395,1025365.529,0
273.157996679,455.888,262144,5,11195.565,120885.712,46251.283,1025365.529,0.000591031999988
273.15814957,455.888,262144,2,8895.97,566447.066,46702.195,1025365.529,0.000152890999971
273.160072007,257.168,193744,2,9153.138,566447.066,46959.363,1025365.529,0.00192243700002
273.159672143,257.168,193744,5,11452.733,120885.712,47022.787,1025365.529,0
273.159569715,455.888,262144,3,8317.44,157721.296,47086.211,1025365.529,0
273.159569814,455.888,262144,6,9760.422,97772.592,47343.379,1025365.529,9.90000330603e-08
273.164226823,257.168,193744,3,8574.608,157721.296,47600.547,1025365.529,0.00465700899997
273.164649861,257.168,193744,6,10017.59,97772.592,47663.971,1025365.529,0.000423038000008
273.162422667,63.424,63424,2,9216.562,566459.354,47727.395,1025381.913,0
273.152623833,8.334,8334,7,8271.744,82358.272,47727.616,1025396.601,0
273.781636715,0.221,221,2,9216.783,566475.738,47727.993,1025406.841,0.629012882
274.782335467,0.221,221,2,9217.004,566496.218,47728.214,1025433.369,1.000698752
275.363340046,0.111,111,2,9217.115,566512.602,47728.325,1025452.729,0.581004579
275.783141154,0.221,221,2,9217.336,566520.794,47728.546,1025463.993,0.419801108
273.168728989,63.424,63424,6,10081.014,97776.592,47728.676,1025463.993,0
274.075663437,0.377,377,7,8272.121,82363.392,47728.806,1025463.993,0.906934448
273.163196189,63.424,63424,5,11516.157,120889.712,47728.936,1025463.993,0
273.168332698,63.424,63424,3,8638.032,157726.416,47729.066,1025463.993,0.00513650899995
276.266242267,0.13,130,2,9217.466,566561.754,47729.196,1025586.873,3.097909569
276.320610478,0.123,123,2,9217.589,566578.138,47729.319,1025603.257,0.054368211
276.453832969,0.123,123,2,9217.712,566610.906,47729.442,1025636.025,0.133222491
276.459833163,0.243,243,2,9217.955,566627.29,47729.685,1025652.409,0.00600019399997
