time,size,first_call,destination,dest_out_traffic,dest_in_traffic,total_network_out,total_network_in,dens10
3.677093854,0.244,244,2,0.244,24.576,0.244,26.624,0
3.714164071,0.183,183,2,0.427,40.96,0.427,43.008,0.037070217
4.724743908,0.183,183,2,0.61,57.344,0.61,59.392,1.010579837
5.725863883,0.183,183,2,0.793,73.728,0.793,75.776,1.001119975
6.726823293,0.183,183,2,0.976,90.112,0.976,92.16,1.00095941
7.727577928,0.183,183,2,1.159,106.496,1.159,108.544,1.000754635
8.728348696,0.183,183,2,1.342,122.88,1.342,124.928,1.000770768
9.729063592,0.183,183,2,1.525,139.264,1.525,141.312,1.000714896
10.729741611,0.183,183,2,1.708,155.648,1.708,157.696,1.000678019
11.730607363,0.183,183,2,1.891,172.032,1.891,174.08,1.000865752
12.731297535,0.183,183,2,2.074,188.416,2.074,190.464,1.000690172
13.731998113,0.183,183,2,2.257,204.8,2.257,206.848,1.000700578
14.733822367,0.183,183,2,2.44,221.184,2.44,223.232,1.001824254
15.734472869,0.183,183,2,2.623,237.568,2.623,239.616,1.000650502
16.735190418,0.183,183,2,2.806,253.952,2.806,256.0,1.000717549
17.735848393,0.183,183,2,2.989,270.336,2.989,272.384,1.000657975
18.737604552,0.183,183,2,3.172,286.72,3.172,288.768,1.001756159
20.448889137,0.268,268,6,0.268,8.452,3.789,308.144,1.711284585
19.738347524,0.183,183,2,3.355,303.104,4.042,324.528,0
20.813083494,0.219,219,2,3.574,335.872,4.261,357.296,1.07473597
21.045324899,0.283,283,2,3.857,352.256,4.544,373.68,0.232241405
21.095962553,0.207,207,2,4.064,368.64,4.751,390.064,0.050637654
21.144975979,0.102,102,2,4.166,376.832,4.853,398.256,0.049013426
20.489796573,0.253,253,6,0.521,24.836,4.978,36752.549,0
21.501901465,0.291,291,6,0.812,25.123,5.269,36843.485,1.012104892
21.173379171,0.125,125,2,4.291,80392.743,5.503,80430.838,0
21.504802532,0.234,234,6,1.046,41.507,5.722,183137.14,0.331423361
22.507183561,0.405,405,6,1.451,41.908,6.127,183659.005,1.002381029
21.814625799,0.219,219,2,4.51,229313.679,6.357,229368.559,0
22.818952467,0.219,219,2,4.729,312775.319,6.576,312830.199,1.004326668
22.509602304,0.23,230,6,1.681,58.292,6.701,325853.53,0
23.409174589,0.125,125,2,4.854,372472.344,7.216,372544.119,0.899572285
23.510735619,0.515,515,6,2.196,75.187,7.435,448126.588,0.10156103
23.823833535,0.219,219,2,5.073,448054.813,7.95,448143.483,0.313097916
24.828338577,0.219,219,2,5.292,448071.197,8.169,448159.867,1.004505042
24.896150901,0.174,174,2,5.466,448087.581,8.343,448176.251,0.067812324
24.899022565,0.188,188,2,5.654,448095.773,8.531,448184.443,0.002871664
24.512727492,0.515,515,6,2.711,92.082,8.654,448192.635,0
24.90216249,0.123,123,2,5.777,448419.352,9.305,448525.053,0.389434998
24.903670014,0.651,651,6,3.362,109.113,9.475,448533.245,0.001507524
24.935001163,0.17,170,2,5.947,448435.736,9.972,448558.314,0.031331149
24.937376185,0.184,184,2,6.131,448443.928,10.156,448566.506,0.002375022
24.93584282,0.497,497,6,3.859,125.99,10.279,448644.521,0
24.939998726,0.123,123,2,6.254,448521.943,10.658,448661.28,0.004155906
24.954680621,0.379,379,6,4.238,142.749,10.877,448677.664,0.014681895
25.956242411,0.156,156,6,4.394,159.285,11.033,448694.2,1.00156179
25.831020272,0.219,219,2,6.473,448538.327,11.189,448710.736,0
19.887342169,0.166,166,4,0.166,2.732,11.408,448718.928,0
27.218804641,0.176,176,4,0.342,3.756,11.584,448719.952,7.331462472
27.263761126,0.154,154,4,0.496,7.34,11.738,448723.536,0.044956485
27.374567884,0.17,170,4,0.666,8.364,11.908,448724.56,0.110806758
27.406186989,0.172,172,4,0.838,9.9,12.08,448726.096,0.031619105
27.759495116,0.177,177,4,1.015,10.908,12.257,448727.104,0.353308127
27.781892168,0.176,176,4,1.191,11.884,12.433,448728.08,0.022397052
26.833916102,0.219,219,2,6.692,448554.711,13.963,448737.216,0
27.800866508,1.53,1530,4,2.721,12.828,14.182,448745.408,0.966950406
27.852986893,1.256,1256,4,3.977,13.74,15.438,448746.32,0.052120385
27.836786159,0.219,219,2,6.911,448571.095,15.609,448755.392,0
28.837891677,0.219,219,2,7.13,448587.479,15.828,448771.776,1.001105518
29.838650782,0.219,219,2,7.349,448603.863,16.047,448788.16,1.000759105
30.83932496,0.219,219,2,7.568,448620.247,16.266,448804.544,1.000674178
27.863220457,0.171,171,4,4.148,23.02,16.485,448821.136,0
31.940633164,1.575,1575,4,5.723,23.02,18.06,448821.136,4.077412707
32.059298883,0.286,286,4,6.009,32.236,18.346,448830.352,0.118665719
32.172136695,0.189,189,4,6.198,36.332,18.535,448834.448,0.112837812
32.565281103,0.286,286,4,6.484,105.964,18.821,448904.08,0.393144408
31.839938725,0.219,219,2,7.787,448636.631,19.01,448914.32,0
33.594685959,0.235,235,8,0.235,32.768,19.464,448957.328,1.754747234
33.681675583,0.102,102,8,0.337,40.96,19.566,448965.52,0.086989624
32.84089164,0.219,219,2,8.006,448653.015,19.719,449039.785,0
33.842128669,0.219,219,2,8.225,448669.399,19.938,458174.243,1.001237029
34.84321952,0.219,219,2,8.444,448685.783,20.157,472660.614,1.001090851
35.84480359,0.219,219,2,8.663,448702.167,20.376,486221.963,1.00158407
36.845950663,0.219,219,2,8.882,448718.551,20.595,500576.188,1.001147073
37.847009666,0.219,219,2,9.101,448734.935,20.814,514930.413,1.001059003
32.574084946,0.189,189,4,6.673,108.012,21.033,523792.387,0
38.84806001,0.219,219,2,9.32,448751.319,23.546,529879.807,6.273975064
39.849094848,0.219,219,2,9.539,448767.703,23.765,545092.981,1.001034838
40.850257286,0.219,219,2,9.758,448784.087,23.984,560900.812,1.001162438
41.851322366,0.219,219,2,9.977,448800.471,24.203,576180.059,1.00106508
33.711695671,0.153,153,8,0.49,135358.464,24.422,584447.376,0
39.458414441,2.513,2513,4,9.186,108.524,24.575,584513.449,5.74671877
43.470363516,2.535,2535,4,11.721,121.068,27.11,584525.993,4.011949075
43.39102298,0.153,153,8,0.643,135432.729,28.685,584534.185,0
43.540626641,0.145,145,8,0.788,135440.921,28.83,584542.377,0.149603661
42.852382137,0.219,219,2,10.196,448816.855,28.983,587454.414,0
43.85348549,0.219,219,2,10.415,448833.239,29.202,602006.858,1.001103353
44.854629141,0.219,219,2,10.634,448849.623,29.421,617682.543,1.001143651
45.855928678,0.219,219,2,10.853,448866.007,29.64,633490.374,1.001299537
46.857050119,0.219,219,2,11.072,448882.391,29.859,648835.694,1.001121441
47.858069174,0.219,219,2,11.291,448898.775,30.078,663916.722,1.001019055
43.478918445,1.575,1575,4,13.296,121.068,30.297,673042.988,0
48.859156114,0.219,219,2,11.51,448915.159,32.81,679728.649,5.380237669
49.860237606,0.22,220,2,11.73,448931.543,33.03,695404.334,1.001081492
50.861243111,0.22,220,2,11.95,448947.927,33.25,710947.873,1.001005505
43.544581194,0.153,153,8,0.941,271019.35,33.47,720272.358,0
49.437857148,2.513,2513,4,15.809,125.164,33.623,720352.382,5.893275954
52.532169281,2.535,2535,4,18.344,137.452,36.158,720364.67,3.094312133
52.480113499,0.153,153,8,1.094,271107.566,37.733,720372.862,0
52.548016268,0.145,145,8,1.239,271123.95,37.878,720389.246,0.067902769
52.550691608,0.149,149,8,1.388,271132.142,38.027,720397.438,0.00267534
51.8622204,0.22,220,2,12.17,448964.311,38.18,725161.647,0
52.863246508,0.22,220,2,12.39,448980.695,38.4,740705.186,1.001026108
53.864381429,0.22,220,2,12.61,448997.079,38.62,755984.433,1.001134921
54.865621461,0.22,220,2,12.83,449013.463,38.84,771858.337,1.001240032
55.866738503,0.22,220,2,13.05,449029.847,39.06,787203.657,1.001117042
56.867473792,0.22,220,2,13.27,449038.039,39.28,802408.639,1.000735289
57.868441373,0.22,220,2,13.49,449054.423,39.5,817820.032,1.000967581
52.538989492,1.575,1575,4,19.919,137.452,39.72,826351.641,0
58.869506173,0.22,220,2,13.71,449070.807,42.233,833264.193,6.330516681
59.87058103,0.22,220,2,13.93,449087.191,42.453,848213.075,1.001074857
52.553469685,0.153,153,8,1.541,407043.064,42.673,856480.392,0
59.435901034,2.513,2513,4,22.432,170.22,42.826,856546.465,6.882431349
61.4656097,2.535,2535,4,24.967,219.372,45.361,856595.617,2.029708666
61.417945049,0.153,153,8,1.694,407117.329,46.936,856603.809,0
61.47950169,0.145,145,8,1.839,407133.713,47.081,856620.193,0.061556641
61.481333487,0.149,149,8,1.988,407141.905,47.23,856628.385,0.001831797
60.871667481,0.22,220,2,14.15,449103.575,47.383,862520.753,0
61.872816231,0.22,220,2,14.37,449119.959,47.603,877932.146,1.00114875
62.873955622,0.22,220,2,14.59,449136.343,47.823,893013.174,1.001139391
63.875090752,0.22,220,2,14.81,449152.727,48.043,908292.421,1.00113513
64.876240968,0.22,220,2,15.03,449169.111,48.263,923968.106,1.001150216
65.877346416,0.22,220,2,15.25,449185.495,48.483,939709.864,1.001105448
66.878571781,0.22,220,2,15.47,449201.879,48.703,954923.038,1.001225365
67.879584759,0.22,220,2,15.69,449218.263,48.923,970664.796,1.001012978
61.472472514,1.575,1575,4,26.542,219.372,49.143,979328.551,0
68.880571547,0.22,220,2,15.91,449234.647,51.656,986092.573,7.408099033
61.483331018,0.153,153,8,2.141,542925.599,51.876,992575.919,0
69.436104063,2.513,2513,4,29.055,235.756,52.029,992732.548,7.952773045
70.346129213,2.535,2535,4,31.59,268.524,54.564,992765.316,0.91002515
70.300857255,0.153,153,8,2.294,543090.42,56.139,992773.508,0
70.358259527,0.145,145,8,2.439,543106.804,56.284,992789.892,0.057402272
70.360478245,0.149,149,8,2.588,543114.996,56.433,992798.084,0.00221871799999
69.881527465,0.22,220,2,16.13,449251.031,56.586,1000823.547,0
70.88253709,0.22,220,2,16.35,449267.415,56.806,1016631.378,1.001009625
71.883599446,0.22,220,2,16.57,449283.799,57.026,1032307.063,1.001062356
72.887485764,0.22,220,2,16.79,449300.183,57.246,1047652.383,1.003886318
73.88863626,0.22,220,2,17.01,449316.567,57.466,1062997.703,1.001150496
74.889601606,0.22,220,2,17.23,449332.951,57.686,1078210.877,1.000965346
75.890666686,0.22,220,2,17.45,449349.335,57.906,1094018.708,1.00106508
76.891744057,0.22,220,2,17.67,449365.719,58.126,1109033.663,1.001077371
77.892774705,0.22,220,2,17.89,449382.103,58.346,1124709.348,1.001030648
70.362249839,0.153,153,8,2.741,678983.522,58.566,1128814.066,0
70.351655614,1.575,1575,4,33.165,268.524,58.719,1128970.695,0
79.206450208,2.535,2535,4,35.7,334.06,61.254,1129036.231,8.854794594
79.158963932,0.153,153,8,2.894,679148.343,62.829,1129044.423,0
79.218665099,0.145,145,8,3.039,679164.727,62.974,1129060.807,0.059701167
79.220365874,0.149,149,8,3.188,679172.919,63.123,1129068.999,0.00170077499999
79.212399708,1.575,1575,4,37.275,334.06,63.276,1132179.572,0
78.893818553,0.22,220,2,18.11,449398.487,65.789,1139289.806,0
79.89511369,0.22,220,2,18.33,449414.871,66.009,1154635.126,1.001295137
80.896263557,0.22,220,2,18.55,449431.255,66.229,1169980.446,1.001149867
81.89729637,0.22,220,2,18.77,449447.639,66.449,1185061.474,1.001032813
82.89836103,0.22,220,2,18.99,449464.023,66.669,1200803.232,1.00106466
83.899572427,0.22,220,2,19.21,449480.407,66.889,1216082.479,1.001211397
84.900582053,0.22,220,2,19.43,449496.791,67.109,1231163.507,1.001009626
85.901717323,0.22,220,2,19.65,449513.175,67.329,1246508.827,1.00113527
86.903018815,0.22,220,2,19.87,449529.559,67.549,1261722.001,1.001301492
79.223108821,0.153,153,8,3.341,814693.784,67.769,1264835.624,0
79.436084088,2.513,2513,4,39.788,432.364,67.922,1264932.495,0.212975267
88.150254934,2.535,2535,4,42.323,465.132,70.457,1264965.263,8.714170846
88.104297833,0.153,153,8,3.494,814798.847,72.032,1264973.455,0
88.163333343,0.145,145,8,3.639,814815.231,72.177,1264989.839,0.05903551
88.164916505,0.149,149,8,3.788,814823.423,72.326,1264998.031,0.00158316199999
88.157196668,1.575,1575,4,43.898,465.132,72.479,1283684.246,0
87.905549584,0.22,220,2,20.09,449562.327,74.992,1290861.09,0
89.908070505,0.22,220,2,20.31,449578.711,75.212,1306008.191,2.002520921
90.909394975,0.22,220,2,20.53,449595.095,75.432,1321617.803,1.00132447
91.910408372,0.22,220,2,20.75,449611.479,75.652,1337557.78,1.001013397
92.911416322,0.22,220,2,20.97,449627.863,75.872,1353431.684,1.00100795
93.912478468,0.22,220,2,21.19,449644.247,76.092,1369437.734,1.001062146
94.91357344,0.22,220,2,21.41,449660.631,76.312,1385113.419,1.001094972
95.914872069,0.22,220,2,21.63,449677.015,76.532,1400590.885,1.001298629
88.167727547,0.153,153,8,3.941,950310.318,76.752,1400665.15,0
89.435643669,2.513,2513,4,46.411,497.9,76.905,1400759.125,1.267916122
96.96942314,2.535,2535,4,48.946,530.668,79.44,1400791.893,7.533779471
96.923561023,0.153,153,8,4.094,950412.485,81.015,1400800.085,0
96.985248965,0.145,145,8,4.239,950428.869,81.16,1400816.469,0.061687942
96.987158775,0.149,149,8,4.388,950437.061,81.309,1400824.661,0.00190981
96.916175866,0.22,220,2,21.85,449693.399,81.462,1414922.955,0
97.917508088,0.22,220,2,22.07,449709.783,81.682,1430532.567,1.001332222
96.97456262,1.575,1575,4,50.521,530.668,81.902,1438601.665,0
98.918670177,0.22,220,2,22.29,449726.167,84.415,1446166.755,1.944107557
99.919919917,0.22,220,2,22.51,449742.551,84.635,1461842.44,1.00124974
100.921167213,0.22,220,2,22.73,449758.935,84.855,1477518.125,1.001247296
101.922385105,0.22,220,2,22.95,449775.319,85.075,1493127.737,1.001217892
102.92352722,0.22,220,2,23.17,449791.703,85.295,1508869.495,1.001142115
103.924836395,0.22,220,2,23.39,449808.087,85.515,1524479.107,1.001309175
96.988689067,0.153,153,8,4.541,1086365.775,85.735,1536909.023,0
99.434751657,2.513,2513,4,53.034,555.244,85.888,1537163.058,2.44606259
105.761489016,2.535,2535,4,55.569,571.628,88.423,1537179.442,6.326737359
105.717796589,0.153,153,8,4.694,1086628.002,89.998,1537187.634,0
105.771281114,0.145,145,8,4.839,1086644.386,90.143,1537204.018,0.053484525
105.773657743,0.149,149,8,4.988,1086652.578,90.292,1537212.21,0.002376629
104.925970827,0.22,220,2,23.61,449824.471,90.445,1539550.602,0
105.927195773,0.22,220,2,23.83,449840.855,90.665,1554895.922,1.001224946
106.928620954,0.22,220,2,24.05,449857.239,90.885,1570571.607,1.001425181
107.929751405,0.22,220,2,24.27,449873.623,91.105,1585388.343,1.001130451
105.766674871,1.575,1575,4,57.144,571.628,91.325,1593457.441,0
108.931029082,0.22,220,2,24.49,449890.007,93.838,1601327.783,3.164354211
109.932035914,0.22,220,2,24.71,449906.391,94.058,1617267.76,1.001006832
110.933112657,0.22,220,2,24.93,449922.775,94.278,1632745.226,1.001076743
111.934096301,0.22,220,2,25.15,449939.159,94.498,1648288.765,1.000983644
112.935233737,0.22,220,2,25.37,449955.543,94.718,1663766.231,1.001137436
105.775295241,0.153,153,8,5.141,1222185.946,94.938,1672958.57,0
109.435459778,2.513,2513,4,59.657,637.164,95.091,1673115.199,3.660164537
114.554776487,2.535,2535,4,62.192,735.468,97.626,1673213.503,5.119316709
114.510345069,0.153,153,8,5.294,1222350.767,99.201,1673221.695,0
114.564526889,0.145,145,8,5.439,1222367.151,99.346,1673238.079,0.05418182
114.566511569,0.149,149,8,5.588,1222375.343,99.495,1673246.271,0.00198467999999
113.93703194,0.22,220,2,25.59,449971.927,99.648,1679109.7,0
114.938178175,0.22,220,2,25.81,449988.311,99.868,1694917.531,1.001146235
115.939180607,0.22,220,2,26.03,450004.695,100.088,1710328.924,1.001002432
116.940136106,0.22,220,2,26.25,450021.079,100.308,1725872.463,1.000955499
117.94114182,0.22,220,2,26.47,450037.463,100.528,1741151.71,1.001005714
114.559660977,1.575,1575,4,63.767,735.468,100.748,1748890.443,0
118.942209205,0.22,220,2,26.69,450053.847,103.261,1756992.309,4.382548228
119.943244532,0.22,220,2,26.91,450086.615,103.481,1788409.752,1.001035327
121.945444463,0.22,220,2,27.13,450102.999,103.701,1804217.583,2.002199931
114.569637874,0.153,153,8,5.741,1357865.806,103.921,1808916.958,0
119.436553073,2.513,2513,4,66.28,768.236,104.074,1809073.587,4.866915199
123.289246422,2.535,2535,4,68.815,801.004,106.609,1809106.355,3.852693349
123.247596922,0.153,153,8,5.894,1358030.627,108.184,1809114.547,0
123.300143339,0.145,145,8,6.039,1358047.011,108.329,1809130.931,0.052546417
123.302357168,0.149,149,8,6.188,1358055.203,108.478,1809139.123,0.002213829
122.946404082,0.22,220,2,27.35,450119.383,108.631,1818969.816,0
123.947371593,0.22,220,2,27.57,450135.767,108.851,1834513.355,1.000967511
124.948415162,0.22,220,2,27.79,450152.151,109.071,1850387.259,1.001043569
125.950124248,0.22,220,2,28.01,450168.535,109.291,1865996.871,1.001709086
126.95107381,0.22,220,2,28.23,450184.919,109.511,1881474.337,1.000949562
127.95199795,0.22,220,2,28.45,450201.303,109.731,1896885.73,1.00092414
123.29472596,1.575,1575,4,70.39,801.004,109.951,1904294.098,0
128.952932985,0.22,220,2,28.67,450217.687,112.464,1912528.11,5.658207025
129.953944566,0.22,220,2,28.89,450234.071,112.684,1928203.795,1.001011581
130.955422058,0.22,220,2,29.11,450250.455,112.904,1944077.699,1.001477492
123.304400444,0.153,153,8,6.341,1493482.477,113.125,1944746.621,0
129.435102191,2.513,2513,4,72.903,833.772,113.278,1944871.923,6.130701747
132.044329524,2.535,2535,4,75.438,866.54,115.813,1944904.691,2.609227333
132.000644988,0.153,153,8,6.494,1493615.971,117.388,1944912.883,0
132.055559723,0.145,145,8,6.639,1493632.355,117.533,1944929.267,0.054914735
132.057157412,0.149,149,8,6.788,1493640.547,117.682,1944937.459,0.00159768900002
131.956662719,0.221,221,2,29.331,450266.839,117.835,1958709.376,0
132.957603481,0.221,221,2,29.552,450283.223,118.056,1974649.353,1.000940762
133.958510231,0.221,221,2,29.773,450299.607,118.277,1990721.476,1.00090675
134.95944778,0.221,221,2,29.994,450315.991,118.498,2006793.599,1.000937549
135.960388053,0.221,221,2,30.215,450332.375,118.719,2022799.649,1.000940273
136.961406479,0.221,221,2,30.436,450348.759,118.94,2038078.896,1.001018426
137.962405209,0.221,221,2,30.657,450365.143,119.161,2053820.654,1.00099873
132.049581588,1.575,1575,4,77.013,866.54,119.382,2061295.095,0
138.96333759,0.221,221,2,30.878,450381.527,121.895,2069653.061,6.913756002
132.059042358,0.153,153,8,6.941,1629110.738,122.116,2080563.298,0
139.434401683,2.513,2513,4,79.526,891.116,122.269,2080878.929,7.375359325
139.964277654,0.221,221,2,31.099,450397.911,124.804,2080887.121,0.529875971
140.965230638,0.221,221,2,31.32,450414.295,125.025,2080903.505,1.000952984
141.965865705,0.221,221,2,31.541,450430.679,125.246,2080919.889,1.000635067
142.966481286,0.221,221,2,31.762,450447.063,125.467,2080938.321,1.000615581
143.967391039,0.221,221,2,31.983,450463.447,125.688,2080954.705,1.000909753
144.968098252,0.221,221,2,32.204,450479.831,125.909,2080971.089,1.000707213
145.968703706,0.221,221,2,32.425,450496.215,126.13,2080987.473,1.000605454
146.969308462,0.221,221,2,32.646,450512.599,126.351,2081003.857,1.000604756
147.97000003,0.221,221,2,32.867,450528.983,126.572,2081020.241,1.000691568
140.711062982,2.535,2535,4,82.061,891.116,126.793,2081028.433,0
148.970691319,0.221,221,2,33.088,450545.367,127.132,2081046.337,8.259628337
149.971521313,0.221,221,2,33.309,450561.751,127.353,2081062.721,1.000829994
150.972312405,0.221,221,2,33.53,450578.135,127.574,2081079.105,1.000791092
151.972859681,0.221,221,2,33.751,450610.903,127.795,2081111.873,1.000547276
153.974059206,0.221,221,2,33.972,450627.287,128.016,2081128.257,2.001199525
155.103322012,0.221,221,2,34.193,450643.671,128.237,2081144.641,1.129262806
156.103941295,0.221,221,2,34.414,450660.055,128.458,2081161.025,1.000619283
157.104534247,0.221,221,2,34.635,450676.439,128.679,2081177.409,1.000592952
158.105154089,0.221,221,2,34.856,450692.823,128.9,2081193.793,1.000619842
149.43380468,0.339,339,4,82.4,899.308,129.121,2081201.985,0
159.105716241,0.221,221,2,35.077,450709.207,129.46,2081218.369,9.671911561
160.106321346,0.221,221,2,35.298,450725.591,129.681,2081234.753,1.000605105
161.106905289,0.221,221,2,35.519,450741.975,129.902,2081251.137,1.000583943
162.107460178,0.221,221,2,35.74,450758.359,130.123,2081267.521,1.000554889
163.10805781,0.221,221,2,35.961,450774.743,130.344,2081283.905,1.000597632
164.108607461,0.221,221,2,36.182,450791.127,130.565,2081300.289,1.000549651
159.43373442,0.339,339,4,82.739,919.788,130.786,2081320.769,0
165.943799771,1.575,1575,4,84.314,919.788,132.361,2081320.769,6.510065351
165.954326808,0.286,286,4,84.6,1149.164,132.647,2081550.145,0.010527037
165.962993343,0.189,189,4,84.789,1165.548,132.836,2081566.529,0.008666535
165.984070186,0.249,249,4,85.038,1190.124,133.085,2081591.105,0.021076843
165.10915781,0.221,221,2,36.403,450799.319,133.349,2081605.441,0
166.038512653,0.15,150,2,36.553,455011.031,133.783,2100936.513,0.929354843
166.110066375,0.221,221,2,36.774,559241.943,134.004,2456671.473,0.071553722
167.111524103,0.221,221,2,36.995,559260.887,134.225,2487328.497,1.001457728
168.112565576,0.221,221,2,37.216,559277.271,134.446,2487344.881,1.001041473
165.997430125,0.114,114,4,85.152,1202.412,134.667,2487353.073,0
169.114063602,0.221,221,2,37.437,559293.655,137.18,2487367.409,3.116633477
170.115209697,0.221,221,2,37.658,559310.039,137.401,2487383.793,1.001146095
171.116225399,0.221,221,2,37.879,559326.423,137.622,2487400.177,1.001015702
166.055422625,0.134,134,3,0.134,86307.84,137.843,2487408.369,0
172.117197869,0.221,221,2,38.1,559342.807,137.993,2556884.721,6.061775244
173.118179628,0.221,221,2,38.321,559359.191,138.214,2556901.105,1.000981759
166.034505859,0.15,150,7,0.15,113564.576,138.435,2556911.281,0
174.119099508,0.221,221,2,38.542,559377.559,138.587,2591999.569,8.084593649
175.120176949,0.221,221,2,38.763,559393.943,138.808,2623669.841,1.001077441
176.122294886,0.221,221,2,38.984,559410.327,139.029,2623686.225,1.002117937
177.122950207,0.221,221,2,39.205,559418.519,139.25,2623694.417,1.000655321
177.266103467,0.152,152,2,39.357,625728.663,139.402,2690004.561,0.14315326
178.125552842,0.221,221,2,39.578,625745.047,139.623,2690020.945,0.859449375
169.468416903,2.513,2513,4,87.665,1208.556,139.844,2690029.137,0
166.047400446,0.15,150,5,0.15,97396.64,142.357,2690032.209,0
179.126461827,0.221,221,2,39.799,625761.431,142.509,2760574.897,13.079061381
180.127515941,0.221,221,2,40.02,625777.815,142.73,2760591.281,1.001054114
181.130659288,0.221,221,2,40.241,625794.199,142.951,2760607.665,1.003143347
182.131697548,0.221,221,2,40.462,625810.583,143.172,2760624.049,1.00103826
183.132592704,0.221,221,2,40.683,625826.967,143.393,2760640.433,1.000895156
184.13321918,0.221,221,2,40.904,625859.735,143.614,2760673.201,1.000626476
186.135004044,0.221,221,2,41.125,625876.119,143.835,2760689.585,2.001784864
187.135945086,0.221,221,2,41.346,625892.503,144.056,2760705.969,1.000941042
188.13687195,0.221,221,2,41.567,625908.887,144.277,2760722.353,1.000926864
179.434657932,2.513,2513,4,90.178,1211.628,144.498,2760730.545,0
189.137779816,0.221,221,2,41.788,625925.271,147.011,2760740.273,9.703121884
189.434951056,2.513,2513,4,92.691,1213.164,147.232,2760748.465,0.29717124
190.138750191,0.221,221,2,42.009,625941.655,147.41,2760757.169,0.703799135
190.377127362,0.178,178,4,92.869,1213.676,147.631,2760765.361,0.238377171
191.827827133,2.588,2588,4,95.457,1226.204,150.219,2760777.889,1.450699771
191.871849212,1.575,1575,4,97.032,1226.204,151.794,2760777.889,0.044022079
191.874672965,0.286,286,4,97.318,1306.076,152.08,2760857.761,0.002823753
191.139712814,0.221,221,2,42.23,625958.039,152.269,2760869.025,0
191.879734991,0.189,189,4,97.507,1309.148,152.49,2760877.217,0.740022177
192.140724465,0.221,221,2,42.451,625974.423,154.866,2760885.409,0.260989474
192.838061885,2.376,2376,4,99.883,1310.684,155.087,2760895.137,0.69733742
193.838528215,0.189,189,4,100.072,1313.612,155.276,2760898.065,1.00046633
193.864771147,0.189,189,4,100.261,1315.404,155.465,2760899.857,0.026242932
193.141638617,0.221,221,2,42.672,625990.807,155.654,2760908.897,0
193.873068361,0.189,189,4,100.45,1325.388,155.875,2760926.225,0.731429744
194.506138181,1.575,1575,4,102.025,1325.388,157.45,2760926.225,0.63306982
194.50961048,0.286,286,4,102.311,1691.98,157.736,2761292.817,0.00347229899998
194.515375878,0.189,189,4,102.5,1693.004,157.925,2761293.841,0.00576539799999
195.018526803,0.286,286,4,102.786,1693.996,158.211,2761491.441,0.503150925
194.142471056,0.221,221,2,42.893,626203.799,158.4,2761500.593,0
195.143379202,0.221,221,2,43.114,626220.183,158.621,2761516.977,1.000908146
196.144495266,0.221,221,2,43.335,626236.567,158.842,2761533.361,1.001116064
195.023336423,0.189,189,4,102.975,1694.956,159.063,2761541.553,0
197.895079191,0.184,184,4,103.159,1695.884,159.247,2761542.481,2.871742768
197.901377618,1.775,1775,4,104.934,1697.932,161.022,2761544.529,0.00629842699999
197.911460394,1310.72,262144,4,1415.654,1697.932,1471.742,2761544.529,0.010082776
197.914921449,524.288,262144,4,1939.942,1697.932,1996.03,2761544.529,0.003461055
197.918199729,524.288,262144,4,2464.23,1697.932,2520.318,2761544.529,0.00327828000002
197.922300181,786.432,262144,4,3250.662,1697.932,3306.75,2761544.529,0.00410045199999
197.924251197,524.288,262144,4,3774.95,1697.932,3831.038,2761544.529,0.00195101599999
197.926152975,524.288,262144,4,4299.238,1697.932,4355.326,2761544.529,0.00190177800002
197.928010194,524.288,262144,4,4823.526,1697.932,4879.614,2761544.529,0.00185721899999
197.929926988,524.288,262144,4,5347.814,1697.932,5403.902,2761544.529,0.00191679400001
197.93184476,524.288,262144,4,5872.102,1697.932,5928.19,2761544.529,0.00191777199998
197.933694297,524.288,262144,4,6396.39,1697.932,6452.478,2761544.529,0.001849537
197.935559688,524.288,262144,4,6920.678,1697.932,6976.766,2761544.529,0.00186539100002
197.937472361,524.288,262144,4,7444.966,1697.932,7501.054,2761544.529,0.00191267299999
197.939315613,524.288,262144,4,7969.254,1697.932,8025.342,2761544.529,0.00184325199999
197.941238134,524.288,262144,4,8493.542,1697.932,8549.63,2761544.529,0.00192252100001
197.943070001,524.288,262144,4,9017.83,1697.932,9073.918,2761544.529,0.00183186699999
197.944966331,524.288,262144,4,9542.118,1697.932,9598.206,2761544.529,0.00189632999999
197.946855468,524.288,262144,4,10066.406,1697.932,10122.494,2761544.529,0.00188913700001
197.948759062,524.288,262144,4,10590.694,1697.932,10646.782,2761544.529,0.001903594
197.950007056,19660.8,262144,4,30251.494,1697.932,30307.582,2761544.529,0.00124799400001
197.970919631,61415.99,262144,4,91667.484,1698.828,91723.572,2761545.425,0.020912575
197.14556244,0.221,221,2,43.556,626252.951,91723.756,2761554.481,0
198.146479596,0.221,221,2,43.777,626269.335,91723.977,2761570.865,1.000917156
198.067976806,0.184,184,4,91667.668,1699.692,91724.198,2761579.057,0
199.147134428,0.221,221,2,43.998,626285.719,91724.537,2761588.081,1.079157622
200.147799247,0.221,221,2,44.219,626302.103,91724.758,2761604.465,1.000664819
201.148346384,0.221,221,2,44.44,626318.487,91724.979,2761620.849,1.000547137
202.149014276,0.221,221,2,44.661,626334.871,91725.2,2761637.233,1.000667892
203.149696765,0.221,221,2,44.882,626351.255,91725.421,2761653.617,1.000682489
204.150257661,0.221,221,2,45.103,626367.639,91725.642,2761670.001,1.000560896
205.150804029,0.221,221,2,45.324,626384.023,91725.863,2761686.385,1.000546368
206.151381547,0.221,221,2,45.545,626400.407,91726.084,2761702.769,1.000577518
207.151936156,0.221,221,2,45.766,626416.791,91726.305,2761719.153,1.000554609
208.152477845,0.221,221,2,45.987,626433.175,91726.526,2761735.537,1.000541689
199.433420764,0.339,339,4,91668.007,1700.524,91726.747,2761743.729,0
209.153067725,0.221,221,2,46.208,626449.559,91727.086,2761752.721,9.719646961
210.153681141,0.221,221,2,46.429,626465.943,91727.307,2761769.105,1.000613416
211.15428876,0.221,221,2,46.65,626482.327,91727.528,2761785.489,1.000607619
212.154998906,0.221,221,2,46.871,626498.711,91727.749,2761801.873,1.000710146
213.155614278,0.221,221,2,47.092,626515.095,91727.97,2761818.257,1.000615372
214.156156106,0.221,221,2,47.313,626531.479,91728.191,2761834.641,1.000541828
215.156863808,0.221,221,2,47.534,626547.863,91728.412,2761851.025,1.000707702
216.158047059,0.221,221,2,47.755,626580.631,91728.633,2761883.793,1.001183251
218.159381167,0.221,221,2,47.976,626597.015,91728.854,2761900.177,2.001334108
209.43342272,0.339,339,4,91668.346,1701.324,91729.075,2761908.369,0
219.160020495,0.221,221,2,48.197,626613.399,91729.414,2761917.329,9.726597775
220.160924939,0.221,221,2,48.418,626629.783,91729.635,2761936.785,1.000904444
221.162001543,0.221,221,2,48.639,626646.167,91729.856,2761953.169,1.001076604
222.162623689,0.221,221,2,48.86,626662.551,91730.077,2761969.553,1.000622146
223.163239759,0.221,221,2,49.081,626678.935,91730.298,2761985.937,1.00061607
224.163874756,0.221,221,2,49.302,626695.319,91730.519,2762002.321,1.000634997
225.164417143,0.221,221,2,49.523,626711.703,91730.74,2762020.657,1.000542387
226.165236591,0.221,221,2,49.744,626728.087,91730.961,2762037.041,1.000819448
227.165892261,0.221,221,2,49.965,626744.471,91731.182,2762053.425,1.00065567
228.166439956,0.221,221,2,50.186,626760.855,91731.403,2762069.809,1.000547695
219.433538307,0.339,339,4,91668.685,1702.092,91731.624,2762078.001,0
229.167073976,0.221,221,2,50.407,626777.239,91731.963,2762086.929,9.733535669
230.167721614,0.221,221,2,50.628,626793.623,91732.184,2762103.313,1.000647638
231.168985951,0.221,221,2,50.849,626810.007,91732.405,2762119.697,1.001264337
232.169694141,0.221,221,2,51.07,626826.391,91732.626,2762136.081,1.00070819
233.170378376,0.221,221,2,51.291,626842.775,91732.847,2762152.465,1.000684235
234.171100046,0.221,221,2,51.512,626859.159,91733.068,2762168.849,1.00072167
235.171766681,0.221,221,2,51.733,626875.543,91733.289,2762185.233,1.000666635
236.172364453,0.221,221,2,51.954,626891.927,91733.51,2762201.617,1.000597772
237.173792498,0.221,221,2,52.175,626908.311,91733.731,2762218.001,1.001428045
172.620689619,0.15,150,3,0.284,155781.952,91733.952,2762227.121,0
238.174508231,0.221,221,2,52.396,626924.695,91773.111,2762235.313,65.553818612
229.433481945,0.339,339,4,91669.024,1702.828,91773.332,2762243.505,0
239.175104955,0.221,221,2,52.617,626941.079,91773.671,2762252.401,9.74162301
240.175795476,0.221,221,2,52.838,626957.463,91773.892,2762268.785,1.000690521
241.177797337,0.221,221,2,53.059,626973.847,91774.113,2762285.169,1.002001861
242.178879527,0.221,221,2,53.28,626990.231,91774.334,2762301.553,1.00108219
239.433475311,0.339,339,4,91669.363,1704.204,91774.555,2762310.417,0
243.401857952,0.189,189,4,91669.552,1705.452,91774.744,2762311.665,3.968382641
243.563400702,0.189,189,4,91669.741,1714.684,91774.933,2762320.897,0.16154275
243.681574249,1.575,1575,4,91671.316,1714.684,91776.508,2762320.897,0.118173547
243.684342129,0.286,286,4,91671.602,3017.612,91776.794,2763623.825,0.00276787999999
243.179561318,0.221,221,2,53.501,627006.615,91776.983,2763632.801,0
244.180344379,0.221,221,2,53.722,627022.999,91777.204,2763649.185,1.000783061
245.180993553,0.221,221,2,53.943,627039.383,91777.425,2763665.569,1.000649174
243.706886057,0.189,189,4,91671.791,3018.396,91777.646,2763673.761,0
246.389874166,2.382,2382,4,91674.173,3027.26,91780.028,2763682.625,2.682988109
246.673766761,1.575,1575,4,91675.748,3027.26,91781.603,2763682.625,0.283892595
246.677509556,0.286,286,4,91676.034,3437.356,91781.889,2764092.721,0.00374279499999
246.683530294,0.189,189,4,91676.223,3438.332,91782.078,2764093.697,0.00602073800002
246.752913907,0.286,286,4,91676.509,3439.276,91782.364,2765601.969,0.069383613
246.181673179,0.221,221,2,54.164,627055.767,91782.553,2765611.073,0
247.182516512,0.221,221,2,54.385,627072.151,91782.774,2765627.457,1.000843333
246.762357357,0.189,189,4,91676.698,3440.188,91782.995,2765652.033,0
249.435971648,2.513,2513,4,91679.211,3441.916,91785.508,2765653.761,2.673614291
248.183512589,0.221,221,2,54.606,627104.919,91785.697,2765663.553,0
249.823889763,0.189,189,4,91679.4,3443.516,91785.918,2765671.745,1.640377174
250.516188832,0.184,184,4,91679.584,3444.268,91786.102,2765672.497,0.692299069
250.525444339,1.775,1775,4,91681.359,3445.292,91787.877,2765673.521,0.00925550699998
250.528868447,3932.16,262144,4,95613.519,3445.292,95720.037,2765673.521,0.00342410800002
250.534528245,4456.448,262144,4,100069.967,3445.292,100176.485,2765673.521,0.00565979799998
250.543050837,786.432,262144,4,100856.399,3445.292,100962.917,2765673.521,0.00852259200002
250.544516177,786.432,262144,4,101642.831,3445.292,101749.349,2765673.521,0.00146533999998
250.546142571,524.288,262144,4,102167.119,3445.292,102273.637,2765673.521,0.001626394
250.547602743,524.288,262144,4,102691.407,3445.292,102797.925,2765673.521,0.00146017200001
250.549082401,524.288,262144,4,103215.695,3445.292,103322.213,2765673.521,0.00147965799999
250.55056108,524.288,262144,4,103739.983,3445.292,103846.501,2765673.521,0.001478679
250.55216743,786.432,262144,4,104526.415,3445.292,104632.933,2765673.521,0.00160635
250.554222509,524.288,262144,4,105050.703,3445.292,105157.221,2765673.521,0.002055079
250.556147545,524.288,262144,4,105574.991,3445.292,105681.509,2765673.521,0.00192503599999
250.558201088,524.288,262144,4,106099.279,3445.292,106205.797,2765673.521,0.00205354300002
250.560103984,524.288,262144,4,106623.567,3445.292,106730.085,2765673.521,0.00190289599999
250.562176663,524.288,262144,4,107147.855,3445.292,107254.373,2765673.521,0.00207267900001
250.564223502,786.432,262144,4,107934.287,3445.292,108040.805,2765673.521,0.002046839
250.566726404,786.432,262144,4,108720.719,3445.292,108827.237,2765673.521,0.002502902
250.569235243,786.432,262144,4,109507.151,3445.292,109613.669,2765673.521,0.002508839
250.571731719,786.432,262144,4,110293.583,3445.292,110400.101,2765673.521,0.002496476
250.574229942,786.432,262144,4,111080.015,3445.292,111186.533,2765673.521,0.00249822299998
250.576876577,786.432,262144,4,111866.447,3445.292,111972.965,2765673.521,0.00264663500002
250.579817664,786.432,262144,4,112652.879,3445.292,112759.397,2765673.521,0.00294108699998
250.582896198,786.432,262144,4,113439.311,3445.292,113545.829,2765673.521,0.003078534
250.585982763,714.518,262144,4,114153.829,3445.292,114260.347,2765673.521,0.00308656500002
250.589506047,190.23,190230,4,114344.059,3446.012,114450.577,2765674.241,0.00352328399998
250.18518843,0.221,221,2,54.827,627121.303,114450.761,2765683.121,0
250.622058091,0.184,184,4,114344.243,3447.356,114450.982,2765691.969,0.436869661
251.656404149,0.189,189,4,114344.432,3456.764,114451.171,2765701.377,1.034346058
251.88968528,1.575,1575,4,114346.007,3456.764,114452.746,2765701.377,0.233281131
251.892106747,0.286,286,4,114346.293,4424.252,114453.032,2766668.865,0.002421467
251.186021008,0.221,221,2,55.048,627137.687,114453.222,2766677.857,0
252.186943682,0.221,221,2,55.269,627154.071,114453.443,2766694.241,1.000922674
253.18785972,0.221,221,2,55.49,627170.455,114453.664,2766710.625,1.000916038
251.914572244,0.19,190,4,114346.483,4425.052,114453.885,2766718.817,0
254.428571545,2.382,2382,4,114348.865,4426.556,114456.267,2766720.321,2.513999301
254.697257528,0.19,190,4,114349.055,4427.932,114456.457,2766721.697,0.268685983
254.702797618,0.189,189,4,114349.244,4437.42,114456.646,2766731.185,0.00554009000001
254.789942569,1.575,1575,4,114350.819,4437.42,114458.221,2766731.185,0.087144951
254.791666671,0.286,286,4,114351.105,4765.964,114458.507,2767059.729,0.001724102
254.799557199,0.19,190,4,114351.295,4766.796,114458.697,2767060.561,0.00789052799999
254.851241355,0.286,286,4,114351.581,5914.476,114458.983,2768208.241,0.051684156
254.188702215,0.221,221,2,55.711,627186.839,114459.173,2768217.201,0
255.189504901,0.221,221,2,55.932,627203.223,114459.394,2768233.585,1.000802686
256.190427295,0.221,221,2,56.153,627219.607,114459.615,2768249.969,1.000922394
257.191462553,0.221,221,2,56.374,627235.991,114459.836,2768266.353,1.001035258
254.861876437,0.19,190,4,114351.771,5915.244,114460.057,2768274.545,0
258.435419483,0.184,184,4,114351.955,5915.98,114460.241,2768275.281,3.573543046
258.43783655,1.775,1775,4,114353.73,5916.972,114462.016,2768276.273,0.00241706700001
258.440450151,1572.864,262144,4,115926.594,5916.972,116034.88,2768276.273,0.00261360100001
258.444569739,786.432,262144,4,116713.026,5916.972,116821.312,2768276.273,0.00411958799998
258.448566686,786.432,262144,4,117499.458,5916.972,117607.744,2768276.273,0.00399694700002
258.452380229,786.432,262144,4,118285.89,5916.972,118394.176,2768276.273,0.00381354300004
258.456211233,786.432,262144,4,119072.322,5916.972,119180.608,2768276.273,0.00383100399995
258.460170885,786.432,262144,4,119858.754,5916.972,119967.04,2768276.273,0.00395965200005
258.463994346,786.432,262144,4,120645.186,5916.972,120753.472,2768276.273,0.00382346099997
258.467819134,786.432,262144,4,121431.618,5916.972,121539.904,2768276.273,0.00382478800003
258.471793941,786.432,262144,4,122218.05,5916.972,122326.336,2768276.273,0.00397480699996
258.475609161,786.432,262144,4,123004.482,5916.972,123112.768,2768276.273,0.00381522000004
258.479435346,786.432,262144,4,123790.914,5916.972,123899.2,2768276.273,0.00382618499998
258.483407289,786.432,262144,4,124577.346,5916.972,124685.632,2768276.273,0.00397194300001
258.487236617,786.432,262144,4,125363.778,5916.972,125472.064,2768276.273,0.00382932799999
258.491069297,786.432,262144,4,126150.21,5916.972,126258.496,2768276.273,0.00383268000002
258.49502406,786.432,262144,4,126936.642,5916.972,127044.928,2768276.273,0.00395476299997
258.498851362,432.046,262144,4,127368.688,5917.676,127476.974,2768276.977,0.00382730199999
258.53293754,0.184,184,4,127368.872,5918.988,127477.158,2768278.289,0.034086178
258.850651686,0.19,190,4,127369.062,5928.364,127477.348,2768287.665,0.317714146
259.027710025,1.575,1575,4,127370.637,5928.364,127478.923,2768287.665,0.177058339
259.030461632,0.286,286,4,127370.923,7059.692,127479.209,2769418.993,0.00275160700005
258.192602362,0.221,221,2,56.595,627252.375,127479.399,2769427.985,0
259.044954606,0.19,190,4,127371.113,7060.492,127479.62,2769436.177,0.852352244
259.193850496,0.221,221,2,56.816,627268.759,127482.133,2769445.137,0.14889589
260.195312623,0.221,221,2,57.037,627285.143,127482.354,2769461.521,1.001462127
261.196070122,0.221,221,2,57.258,627301.527,127482.575,2769477.905,1.000757499
259.4385101,2.513,2513,4,127373.626,7061.26,127482.796,2769486.097,0
262.201611259,2.339,2339,4,127375.965,7062.7,127485.135,2769487.537,2.763101159
262.356892179,0.19,190,4,127376.155,7064.012,127485.325,2769488.849,0.15528092
262.361419151,0.19,190,4,127376.345,7073.388,127485.515,2769498.225,0.00452697200001
262.51620315,1.575,1575,4,127377.92,7073.388,127487.09,2769498.225,0.154783999
262.51901482,0.286,286,4,127378.206,7418.284,127487.376,2769843.121,0.00281166999997
262.52493806,0.19,190,4,127378.396,7419.084,127487.566,2769843.921,0.00592324000002
262.578611435,0.286,286,4,127378.682,8550.348,127487.852,2770975.185,0.053673375
262.196626408,0.221,221,2,57.479,627317.911,127488.042,2770984.113,0
263.197361767,0.221,221,2,57.7,627334.295,127488.263,2771000.497,1.000735359
264.198147621,0.221,221,2,57.921,627350.679,127488.484,2771016.881,1.000785854
262.591504066,0.19,190,4,127378.872,8551.084,127488.705,2771025.073,0
266.174333768,0.185,185,4,127379.057,8551.788,127488.89,2771025.777,3.582829702
266.177357756,1.775,1775,4,127380.832,8552.748,127490.665,2771026.737,0.003023988
266.180209446,1572.864,262144,4,128953.696,8552.748,129063.529,2771026.737,0.00285169
265.19907183,0.221,221,2,58.142,627367.063,129849.961,2771034.929,0
266.198492567,786.432,262144,4,129740.128,8552.748,129850.182,2771043.121,0.999420737
266.204670727,786.432,262144,4,130526.56,8552.748,130636.614,2771043.121,0.00617815999999
266.210589147,786.432,262144,4,131312.992,8552.748,131423.046,2771043.121,0.00591842
266.216785256,786.432,262144,4,132099.424,8552.748,132209.478,2771043.121,0.00619610899997
266.222884775,786.432,262144,4,132885.856,8552.748,132995.91,2771043.121,0.00609951900003
266.22869082,1048.576,262144,4,133934.432,8552.748,134044.486,2771043.121,0.00580604499999
266.233409228,1048.576,262144,4,134983.008,8552.748,135093.062,2771043.121,0.00471840800003
266.238194683,1048.576,262144,4,136031.584,8552.748,136141.638,2771043.121,0.00478545499999
266.243202023,1048.576,262144,4,137080.16,8552.748,137190.214,2771043.121,0.00500733999996
266.248204126,786.432,262144,4,137866.592,8552.748,137976.646,2771043.121,0.00500210300004
266.252652457,786.432,262144,4,138653.024,8552.748,138763.078,2771043.121,0.00444833099999
266.256738102,786.432,262144,4,139439.456,8552.748,139549.51,2771043.121,0.00408564499998
266.260704249,1048.576,262144,4,140488.032,8552.748,140598.086,2771043.121,0.00396614700003
266.265091329,1048.576,262144,4,141536.608,8552.748,141646.662,2771043.121,0.00438707999996
266.269432594,337.926,262144,4,141874.534,8553.42,141984.588,2771043.793,0.00434126500005
266.307013979,0.185,185,4,141874.719,8554.668,141984.773,2771045.041,0.037581385
266.430801717,0.19,190,4,141874.909,8563.9,141984.963,2771054.273,0.123787738
266.623581539,1.575,1575,4,141876.484,8563.9,141986.538,2771054.273,0.192779822
266.627720194,0.286,286,4,141876.77,9744.348,141986.824,2772234.721,0.00413865500002
266.199897843,0.221,221,2,58.363,627383.447,141987.014,2772243.681,0
267.200706675,0.221,221,2,58.584,627399.831,141987.235,2772260.065,1.000808832
268.20162006,0.221,221,2,58.805,627416.215,141987.456,2772276.449,1.000913385
266.643071588,0.19,190,4,141876.96,9745.116,141987.677,2772284.641,0
269.274703585,2.382,2382,4,141879.342,9746.556,141990.059,2772286.081,2.631631997
269.364638066,0.19,190,4,141879.532,9747.868,141990.249,2772287.393,0.089934481
269.373539617,0.19,190,4,141879.722,9748.476,141990.439,2772288.001,0.00890155100001
269.433222137,0.339,339,4,141880.061,9758.044,141990.778,2772297.569,0.05968252
269.556197691,1.575,1575,4,141881.636,9758.044,141992.353,2772297.569,0.122975554
269.558527876,0.286,286,4,141881.922,10053.756,141992.639,2772593.281,0.00233018500001
269.564072296,0.19,190,4,141882.112,10054.524,141992.829,2772594.049,0.00554441999998
269.621877761,0.286,286,4,141882.398,10054.892,141993.115,2774167.281,0.057805465
269.202422117,0.221,221,2,59.026,627432.599,141993.305,2774176.193,0
270.203234231,0.221,221,2,59.247,627448.983,141993.526,2774192.577,1.000812114
271.204029514,0.221,221,2,59.468,627465.367,141993.747,2774208.961,1.000795283
269.631175103,0.19,190,4,141882.588,10055.612,141993.968,2774217.153,0
272.665784113,0.185,185,4,141882.773,10056.3,141994.153,2774217.841,3.03460901
272.669527117,1.775,1775,4,141884.548,10057.228,141995.928,2774218.769,0.003743004
272.672437403,1835.008,262144,4,143719.556,10057.228,143830.936,2774218.769,0.00291028600003
272.699999917,1048.576,262144,4,144768.132,10057.228,144879.512,2774218.769,0.027562514
272.708374236,1048.576,262144,4,145816.708,10057.228,145928.088,2774218.769,0.00837431899998
272.716013475,786.432,262144,4,146603.14,10057.228,146714.52,2774218.769,0.00763923900001
272.720105197,786.432,262144,4,147389.572,10057.228,147500.952,2774218.769,0.004091722
272.724363629,1048.576,262144,4,148438.148,10057.228,148549.528,2774218.769,0.00425843199997
272.72869777,1048.576,262144,4,149486.724,10057.228,149598.104,2774218.769,0.00433414100002
272.73318179,786.432,262144,4,150273.156,10057.228,150384.536,2774218.769,0.00448402000001
272.737447905,786.432,262144,4,151059.588,10057.228,151170.968,2774218.769,0.00426611500001
272.741334014,786.432,262144,4,151846.02,10057.228,151957.4,2774218.769,0.00388610900001
272.74515929,786.432,262144,4,152632.452,10057.228,152743.832,2774218.769,0.00382527599999
272.749109304,786.432,262144,4,153418.884,10057.228,153530.264,2774218.769,0.003950014
272.752941216,786.432,262144,4,154205.316,10057.228,154316.696,2774218.769,0.00383191200001
272.756917001,786.432,262144,4,154991.748,10057.228,155103.128,2774218.769,0.00397578499997
272.760732779,786.432,262144,4,155778.18,10057.228,155889.56,2774218.769,0.00381577800005
272.764554913,374.126,262144,4,156152.306,10057.884,156263.686,2774219.425,0.00382213399996
272.79847473,0.185,185,4,156152.491,10059.1,156263.871,2774220.641,0.033919817
272.985081769,0.19,190,4,156152.681,10068.508,156264.061,2774230.049,0.186607039
273.154841206,1.575,1575,4,156154.256,10068.508,156265.636,2774230.049,0.169759437
273.158087429,0.286,286,4,156154.542,11199.772,156265.922,2775361.313,0.00324622299996
272.204985362,0.221,221,2,59.689,627481.751,156266.112,2775370.241,0
174.959718206,0.152,152,7,0.302,180298.864,156266.333,2775379.313,0
273.206194734,0.221,221,2,59.91,627498.135,156668.589,2775387.505,98.246476528
274.207437909,0.221,221,2,60.131,627514.519,156668.81,2775403.889,1.001243175
273.175223267,0.19,190,4,156154.732,11200.508,156669.031,2775412.081,0
275.208609706,0.221,221,2,60.352,627530.903,156671.37,2775420.273,2.033386439
