time,size,first_call,destination,dest_out_traffic,dest_in_traffic,total_network_out,total_network_in,dens10
3.632760143,0.244,244,2,0.244,24.576,0.244,26.624,0
3.672480138,0.183,183,2,0.427,40.96,0.427,43.008,0.039719995
4.682496007,0.183,183,2,0.61,57.344,0.61,59.392,1.010015869
5.683669271,0.183,183,2,0.793,73.728,0.793,75.776,1.001173264
6.684619252,0.183,183,2,0.976,90.112,0.976,92.16,1.000949981
7.685372839,0.183,183,2,1.159,106.496,1.159,108.544,1.000753587
8.686250116,0.183,183,2,1.342,122.88,1.342,124.928,1.000877277
9.686986802,0.183,183,2,1.525,139.264,1.525,141.312,1.000736686
10.687743742,0.183,183,2,1.708,155.648,1.708,157.696,1.00075694
11.688638897,0.183,183,2,1.891,163.84,1.891,165.888,1.000895155
12.267589056,0.268,268,6,0.268,8.452,2.325,176.843,0.578950159
11.703947199,0.166,166,2,2.057,174.535,2.578,193.227,0
12.696314245,0.219,219,2,2.276,207.303,2.797,225.995,0.992367046
12.827584499,0.283,283,2,2.559,223.687,3.08,242.379,0.131270254
12.871588349,0.207,207,2,2.766,240.071,3.287,258.763,0.04400385
12.91409997,0.102,102,2,2.868,248.263,3.389,266.955,0.042511621
12.309269565,0.253,253,6,0.521,24.836,3.514,70209.776,0
13.321960425,0.291,291,6,0.812,25.123,3.805,70654.094,1.01269086
12.941453309,0.125,125,2,2.993,153649.472,4.039,153684.835,0
13.697425699,0.219,219,2,3.212,285957.575,4.258,285992.938,0.75597239
13.32475673,0.234,234,6,1.046,41.507,4.383,331699.088,0
14.326129321,0.405,405,6,1.451,41.908,4.788,332119.699,1.001372591
14.121834138,0.125,125,2,3.337,399675.409,5.018,399727.557,0
14.328267582,0.23,230,6,1.681,58.292,5.237,399743.941,0.206433444
14.700553122,0.219,219,2,3.556,399691.793,5.752,399760.836,0.37228554
15.611801193,0.174,174,2,3.73,399708.177,5.926,399777.22,0.911248071
15.612869416,0.188,188,2,3.918,399716.369,6.114,399785.412,0.001068223
15.329659379,0.515,515,6,2.196,75.187,6.237,400082.343,0
15.615434896,0.123,123,2,4.041,400013.3,6.888,400099.374,0.285775517
15.646404407,0.17,170,2,4.211,400029.684,7.058,400115.758,0.030969511
15.620266586,0.651,651,6,2.847,92.218,7.242,400132.142,0
15.647415848,0.184,184,2,4.395,400037.876,7.739,400132.635,0.027149262
15.648639328,0.497,497,6,3.344,109.095,7.862,400218.842,0.00122348
15.649102934,0.123,123,2,4.518,400115.891,8.241,400235.601,0.000463606
15.660979584,0.379,379,6,3.723,125.854,8.46,400251.985,0.01187665
16.663026981,0.156,156,6,3.879,142.39,8.616,400268.521,1.002047397
15.701814316,0.219,219,2,4.737,400132.275,8.772,400285.057,0
16.702883516,0.219,219,2,4.956,400148.659,8.991,400301.441,1.0010692
17.703984354,0.219,219,2,5.175,400181.427,9.21,400334.209,1.001100838
18.43551893,0.264,264,2,5.439,400197.811,9.474,400350.593,0.731534576
18.705910787,0.219,219,2,5.658,400214.195,9.693,400366.977,0.270391857
19.70698299,0.219,219,2,5.877,400238.771,9.912,400391.553,1.001072203
20.417203682,0.328,328,2,6.205,400263.347,10.24,400416.129,0.710220692
20.420054953,0.252,252,2,6.457,400279.731,10.492,400432.513,0.002851271
20.492246884,0.131,131,2,6.588,400296.115,10.623,400448.897,0.072191931
20.51624421,0.11,110,2,6.698,400312.499,10.733,400465.281,0.023997326
20.708026209,0.219,219,2,6.917,400328.883,10.952,400481.665,0.191781999
20.826393147,0.368,368,5,0.368,40.96,11.798,400571.777,0.118366938
20.826367306,0.368,368,4,0.368,40.96,14.262,400571.777,0
20.719674478,0.11,110,2,7.027,400345.267,16.726,400579.969,0
21.141162295,0.131,131,2,7.158,400369.843,17.225,400645.505,0.421487817
21.167942725,0.368,368,7,0.368,40.96,17.961,400694.657,0.02678043
21.169307284,0.368,368,2,7.526,400394.419,20.425,400719.233,0.001364559
21.170684484,0.368,368,3,0.368,40.96,22.889,400727.425,0.0013772
21.262622572,2.464,2464,2,9.99,400410.803,25.353,400760.193,0.091938088
21.709021168,0.219,219,2,10.209,400427.187,25.572,400776.577,0.446398596
21.948851038,0.131,131,2,10.34,400443.571,25.703,400792.961,0.23982987
22.70995746,0.219,219,2,10.559,400459.955,25.922,400809.345,0.761106422
23.551581874,0.11,110,2,10.669,400476.339,26.032,400825.729,0.841624414
23.714718261,0.219,219,2,10.888,400492.723,26.251,400842.113,0.163136387
24.719807316,0.219,219,2,11.107,400509.107,26.47,400858.497,1.005089055
25.725066644,0.219,219,2,11.326,400525.491,26.689,400874.881,1.005259328
26.557384358,0.11,110,2,11.436,400536.243,26.799,400885.633,0.832317714
26.692432606,2.243,2243,2,13.679,400544.435,29.042,400893.825,0.135048248
26.730452944,0.219,219,2,13.898,400560.483,29.261,400909.873,0.038020338
27.342272715,0.136,136,2,14.034,400588.131,29.397,400937.521,0.611819771
27.735580412,0.219,219,2,14.253,400604.515,29.616,400953.905,0.393307697
28.740057727,0.219,219,2,14.472,400620.899,29.835,400970.289,1.004477315
29.563760099,0.11,110,2,14.582,400637.283,29.945,400986.673,0.823702372
20.917071508,2.464,2464,4,2.832,51.2,30.164,400996.913,0
29.740776114,0.219,219,2,14.801,400653.667,32.407,401006.641,8.823704606
21.259847359,2.464,2464,7,2.832,51.2,32.626,401017.905,0
30.598612785,2.243,2243,4,5.075,57.696,34.869,401024.913,9.338765426
21.263910027,2.464,2464,3,2.832,51.712,35.005,401027.473,0
30.848707926,2.243,2243,7,5.075,58.176,37.248,401042.129,9.584797899
20.916345996,2.464,2464,5,2.832,51.712,37.384,401042.641,0
31.143961673,2.243,2243,3,5.075,58.208,39.627,401056.817,10.227615677
30.741682445,0.219,219,2,15.02,400670.051,39.763,401065.009,0
31.393871735,2.243,2243,5,5.075,58.624,39.982,401083.665,0.65218929
31.742686972,0.219,219,2,15.239,400686.435,40.118,401111.313,0.348815237
32.565659782,0.11,110,2,15.349,400702.819,40.228,401127.697,0.82297281
32.743597632,0.219,219,2,15.568,400719.203,40.447,401144.081,0.17793785
33.744271461,0.219,219,2,15.787,400735.587,40.666,401160.465,1.000673829
34.744879011,0.219,219,2,16.006,400751.971,40.885,401176.849,1.00060755
35.567806423,0.11,110,2,16.116,400760.163,40.995,401185.041,0.822927412
35.745522179,0.219,219,2,16.335,400776.547,41.214,401201.425,0.177715756
36.746205925,0.219,219,2,16.554,400792.931,41.433,401217.809,1.000683746
37.746866903,0.219,219,2,16.773,400809.315,41.652,401234.193,1.000660978
38.569263522,0.11,110,2,16.883,400825.699,41.762,401250.577,0.822396619
38.747600586,0.219,219,2,17.102,400858.467,41.981,401283.345,0.178337064
39.748496161,0.219,219,2,17.321,400874.851,42.2,401299.729,1.000895575
40.74922237,0.219,219,2,17.54,400891.235,42.419,401316.113,1.000726209
41.5708837,0.11,110,2,17.65,400907.619,42.529,401333.521,0.82166133
41.750053551,0.219,219,2,17.869,400924.003,42.748,401349.905,0.179169851
42.750803018,0.219,219,2,18.088,400940.387,42.967,401366.289,1.000749467
43.751555488,0.219,219,2,18.307,400956.771,43.186,401382.673,1.00075247
44.572547669,0.11,110,2,18.417,400973.155,43.296,401399.057,0.820992181
44.752278206,0.219,219,2,18.636,400989.539,43.515,401415.441,0.179730537
45.753002111,0.219,219,2,18.855,401005.923,43.734,401431.825,1.000723905
46.753730276,0.219,219,2,19.074,401022.307,43.953,401464.593,1.000728165
47.574229098,0.11,110,2,19.184,401038.691,44.063,401480.977,0.820498822
47.754526187,0.219,219,2,19.403,401055.075,44.282,401499.409,0.180297089
48.755280334,0.219,219,2,19.622,401079.651,44.501,401523.985,1.000754147
50.43148846,0.223,223,8,0.223,40.96,44.943,401575.185,1.676208126
49.756181007,0.219,219,2,19.841,401096.035,45.09,401591.569,0
31.91962721,0.136,136,5,5.211,94.464,45.2,401601.809,0
31.696587744,0.136,136,3,5.211,65.376,53.495,401601.809,0
31.382524482,0.136,136,7,5.211,66.368,61.79,401601.809,0
31.104483119,0.136,136,4,5.211,64.864,70.085,401601.809,0
50.576660064,0.11,110,2,19.951,401104.227,78.38,401601.809,19.472176945
50.711414001,8.295,8295,2,28.246,401112.419,86.675,401626.385,0.134753937
50.710296471,8.295,8295,7,13.506,76.608,86.895,401650.961,0
50.710878249,8.295,8295,4,13.506,84.32,87.14,401667.345,0.000581777999997
50.757260264,0.22,220,2,28.466,401132.899,87.385,401687.825,0.046382015
50.709762744,8.295,8295,3,13.506,84.832,87.63,401687.825,0
50.709483239,8.295,8295,5,13.506,114.944,87.875,401700.113,0
50.875405106,0.245,245,5,13.751,116.992,88.12,401710.353,0.165921867
50.864137473,0.245,245,4,13.751,86.368,91.277,401710.353,0
50.86937047,0.245,245,2,28.711,401134.947,94.434,401710.353,0.005232997
50.858064563,0.245,245,7,13.751,78.656,97.591,401710.353,0
50.869919353,0.245,245,3,13.751,86.88,100.748,401710.353,0.01185479
51.13169042,3.157,3157,5,16.908,123.136,103.905,401745.169,0.261771067
51.548661671,0.245,245,5,17.153,124.16,104.15,401746.193,0.416971251
51.131708719,3.157,3157,2,31.868,401143.139,129.819,401753.361,0
51.558841247,0.278,278,2,32.146,401144.659,130.097,401754.881,0.427132528
51.13187962,3.157,3157,3,16.908,99.168,155.766,401758.977,0
51.131697265,3.157,3157,4,16.908,96.608,156.044,401773.313,0
51.131807474,3.157,3157,7,16.908,97.088,156.355,401773.313,0.000110208999999
51.575379593,0.311,311,4,17.219,98.128,156.666,401775.857,0.443572119
51.5761116,0.311,311,7,17.219,98.608,182.335,401776.353,0.000732006999996
51.563022296,25.669,25669,2,57.815,401154.899,208.004,401795.297,0
51.758342385,0.22,220,2,58.035,401171.283,208.224,401811.681,0.195320089
52.759181458,0.22,220,2,58.255,401187.667,208.444,401828.065,1.000839073
53.579492756,0.11,110,2,58.365,401204.051,208.554,401844.449,0.820311298
53.75995537,0.22,220,2,58.585,401220.435,208.774,401860.833,0.180462614
54.76075184,0.22,220,2,58.805,401236.819,208.994,401877.217,1.00079647
55.761406113,0.22,220,2,59.025,401253.203,209.214,401893.601,1.000654273
56.581295988,0.11,110,2,59.135,401269.587,209.324,401909.985,0.819889875
56.762184145,0.22,220,2,59.355,401285.971,209.544,401929.953,0.180888157
57.763109542,0.22,220,2,59.575,401302.355,209.764,401952.993,1.000925397
58.763962793,0.22,220,2,59.795,401321.811,209.984,401972.449,1.000853251
59.583000465,0.11,110,2,59.905,401338.195,210.094,401988.833,0.819037672
59.764785383,0.22,220,2,60.125,401354.579,210.314,402005.217,0.181784918
60.765545396,0.22,220,2,60.345,401370.963,210.534,402029.793,1.000760013
61.766395993,0.22,220,2,60.565,401387.347,210.754,402046.177,1.000850597
62.584581672,0.11,110,2,60.675,401403.731,210.864,402062.561,0.818185679
51.552710859,25.669,25669,5,42.822,147.2,211.084,402087.137,0
51.579911944,25.669,25669,7,42.888,121.136,219.379,402111.713,0.027201085
62.767237301,0.22,220,2,60.895,401420.115,227.674,402136.289,11.187325357
63.633918253,8.295,8295,2,69.19,401436.499,235.969,402152.673,0.866680952
51.579181474,25.669,25669,4,42.888,121.168,236.189,402169.057,0
51.5661097,0.278,278,3,17.186,120.16,244.484,402201.825,0
63.768199156,0.22,220,2,69.41,401452.883,252.779,402218.209,12.202089456
64.769319759,0.22,220,2,69.63,401469.267,252.999,402234.593,1.001120603
65.586196682,0.11,110,2,69.74,401485.651,253.109,402250.977,0.816876923
65.770136413,0.22,220,2,69.96,401518.419,253.549,402287.841,0.183939731
67.771795493,0.22,220,2,70.18,401534.803,253.769,402316.513,2.00165908
68.587838161,0.11,110,2,70.29,401551.187,253.879,402332.897,0.816042668
68.772738001,0.22,220,2,70.51,401575.763,254.099,402357.473,0.18489984
69.773444376,0.22,220,2,70.73,401592.147,254.319,402373.857,1.000706375
70.774233512,0.22,220,2,70.95,401608.531,254.539,402390.241,1.000789136
71.58932627,0.11,110,2,71.06,401624.915,254.649,402410.721,0.815092758
62.914160943,8.295,8295,5,51.117,163.584,254.869,402423.009,0
71.775147316,0.22,220,2,71.28,401641.299,263.165,402439.393,8.860986373
72.776017049,0.22,220,2,71.5,401657.683,263.385,402455.777,1.000869733
63.568096964,8.295,8295,7,51.183,153.904,263.605,402472.161,0
73.776687456,0.22,220,2,71.72,401674.067,271.901,402488.545,10.208590492
64.000687798,8.295,8295,3,25.481,140.64,280.197,402504.929,0
63.807925506,8.295,8295,4,51.183,145.744,288.493,402515.169,0
73.937591367,8.296,8296,2,80.016,401690.451,296.789,402531.553,10.129665861
74.591344194,0.11,110,2,80.126,401706.835,296.899,402547.937,0.653752827
74.777585266,0.22,220,2,80.346,401723.219,297.119,402564.321,0.186241072
75.778311825,0.22,220,2,80.566,401739.603,297.339,402580.705,1.000726559
76.77890806,0.22,220,2,80.786,401755.987,297.559,402601.185,1.000596235
77.592967096,0.11,110,2,80.896,401772.371,297.669,402617.569,0.814059036
77.779710885,0.22,220,2,81.116,401788.755,297.889,402646.241,0.186743789
78.780504142,0.22,220,2,81.336,401809.235,298.109,402666.721,1.000793257
79.781342517,0.22,220,2,81.556,401825.619,298.329,402683.105,1.000838375
80.594608646,0.11,110,2,81.666,401842.003,298.439,402699.489,0.813266129
80.782029197,0.22,220,2,81.886,401858.387,298.659,402719.969,0.187420551
72.717241139,8.296,8296,5,59.413,179.968,298.879,402732.257,0
81.782787394,0.22,220,2,82.106,401874.771,307.175,402744.545,9.065546255
82.783643159,0.22,220,2,82.326,401891.155,307.395,402760.929,1.000855765
83.596352513,0.11,110,2,82.436,401907.539,307.505,402777.313,0.812709354
73.851027915,8.296,8296,7,59.479,178.48,307.725,402793.697,0
83.784342969,0.22,220,2,82.656,401928.019,316.021,402846.945,9.933315054
84.78527549,0.22,220,2,82.876,401944.403,316.241,402867.425,1.000932521
85.786177909,0.22,220,2,83.096,401960.787,316.461,402883.809,1.000902419
86.597992246,0.11,110,2,83.206,401977.171,316.571,402900.193,0.811814337
86.786937293,0.22,220,2,83.426,401993.555,316.791,402920.673,0.188945047
87.787802976,0.22,220,2,83.646,402009.939,317.011,402978.017,1.000865683
88.788832436,0.22,220,2,83.866,402030.419,317.231,402998.497,1.00102946
89.599701542,0.11,110,2,83.976,402046.803,317.341,403014.881,0.810869106
89.789842272,0.22,220,2,84.196,402063.187,317.561,403031.265,0.19014073
90.790545713,0.22,220,2,84.416,402079.571,317.781,403053.793,1.000703441
82.512395607,8.296,8296,5,67.709,192.256,318.001,403066.081,0
92.227045564,8.331,8331,5,76.04,200.448,326.332,403074.273,9.714649957
92.24156424,0.245,245,5,76.285,201.44,326.577,403075.265,0.014518676
92.244400425,2.425,2425,5,78.71,206.56,329.002,403080.385,0.00283618499999
92.278757238,0.133,133,5,78.843,207.584,329.135,403081.409,0.034356813
91.7912421,0.22,220,2,84.636,402095.955,329.395,403089.601,0
92.60131746,0.11,110,2,84.746,402112.339,329.505,403105.985,0.81007536
92.792225396,0.22,220,2,84.966,402128.723,329.725,403122.369,0.190907936
93.792935822,0.22,220,2,85.186,402145.107,329.945,403138.753,1.000710426
92.297785007,0.26,260,5,79.103,212.08,330.165,403151.441,0
83.984311275,8.296,8296,7,67.775,194.864,338.414,403151.441,0
95.082447358,8.249,8249,5,87.352,224.368,346.663,403171.921,11.098136083
95.088765969,0.245,245,5,87.597,225.328,346.908,403172.881,0.006318611
95.082743345,8.249,8249,7,76.024,209.2,349.266,403183.121,0
95.097482021,0.278,278,7,76.302,213.808,349.544,403187.729,0.014738676
95.134708333,0.133,133,7,76.435,214.816,349.677,403188.737,0.037226312
95.091170744,2.358,2358,5,89.955,233.52,349.937,403192.833,0
95.170403026,8.249,8249,5,98.204,274.48,358.186,403233.793,0.079232282
94.793600222,0.22,220,2,85.406,402161.491,358.319,403241.985,0
95.602983105,0.11,110,2,85.516,402177.875,358.429,403258.369,0.809382883
74.413515226,8.296,8296,3,33.777,216.416,358.649,403266.561,0
95.794488533,0.22,220,2,85.736,402186.067,366.898,403266.561,21.380973307
74.540623498,8.296,8296,4,59.479,168.272,375.147,403266.561,0
96.646140199,8.249,8249,3,42.026,257.376,383.396,403321.857,22.105516701
96.646433044,8.249,8249,2,93.985,402196.307,383.707,403321.857,0.000292845000004
96.646911177,8.249,8249,4,67.728,205.136,384.018,403354.625,0.000478133000001
96.661203427,0.311,311,2,94.296,402200.915,384.329,403394.049,0.01429225
96.66081951,0.311,311,3,42.337,275.808,384.462,403394.049,0
96.66312092,0.311,311,4,68.039,229.712,384.595,403402.241,0.00230141
96.694181434,0.133,133,2,94.429,402201.427,384.728,403402.753,0.031060514
96.694345002,0.133,133,3,42.47,278.88,384.988,403405.825,0.000163568000005
96.695389479,0.133,133,4,68.172,233.808,385.248,403409.921,0.00104447699999
96.706065487,0.26,260,2,94.689,402209.619,385.508,403418.113,0.010676008
95.177262278,0.133,133,5,98.337,301.104,385.728,403452.929,0
97.709190116,8.249,8249,5,106.586,383.024,393.977,403534.849,2.531927838
96.79548887,0.22,220,2,94.909,402226.003,394.11,403543.041,0
95.147817053,0.26,260,7,76.695,223.152,394.33,403562.641,0
98.17908325,8.249,8249,7,84.944,272.304,402.579,403611.793,3.031266197
97.797024261,0.22,220,2,95.129,402242.387,402.712,403619.985,0
98.604584635,0.11,110,2,95.239,402290.419,402.822,403714.097,0.807560374
99.799236623,0.22,220,2,95.459,402306.803,403.042,403767.345,1.194651988
96.708747183,0.26,260,4,68.432,238.928,403.262,403787.825,0
100.800308826,0.22,220,2,95.679,402314.995,411.511,403787.825,4.091561643
98.186898979,0.133,133,7,85.077,284.592,419.76,403787.825,0
96.707350497,0.26,260,3,42.73,322.912,428.009,403787.825,0
97.716560327,0.133,133,5,106.719,419.888,436.258,403787.825,1.00920983
100.915512862,8.249,8249,7,93.326,382.896,444.507,403996.721,3.198952535
100.914814519,8.249,8249,4,76.681,259.408,444.752,403996.721,0
100.915945459,8.249,8249,3,50.979,343.392,444.997,404021.793,0.00113094
100.916317154,8.249,8249,5,114.968,432.176,445.242,404022.289,0.000371694999998
100.915111414,8.249,8249,2,103.928,402396.915,445.487,404022.769,0
100.921511949,0.245,245,7,93.571,383.872,445.732,404023.249,0.00640053500001
100.921861784,0.245,245,4,76.926,260.384,448.06,404023.761,0.000349834999994
100.923311549,0.245,245,3,51.224,344.416,450.388,404024.737,0.001449765
100.924037689,0.245,245,5,115.213,433.104,452.716,404033.393,0.000726139999998
100.924214178,0.245,245,2,104.173,402397.891,455.044,404034.369,0.000176488999998
100.924577981,2.328,2328,7,95.899,400.256,457.372,404083.521,0.000363802999999
100.926844261,2.328,2328,5,117.541,440.272,465.621,404119.361,0.00226628
101.178570894,8.249,8249,5,125.79,481.232,473.87,404160.321,0.251726633
100.928511233,2.328,2328,2,106.501,402438.851,482.119,404193.089,0
101.607125252,0.11,110,2,106.611,402455.235,482.229,404242.241,0.678614019
100.926310534,2.328,2328,3,53.552,354.656,482.449,404250.433,0
101.405096139,8.249,8249,5,134.039,505.808,482.618,404250.433,0.478785605
100.925799365,2.328,2328,4,79.254,303.392,482.787,404250.433,0
100.996460097,8.249,8249,7,104.148,416.64,482.956,404250.433,0.070660732
101.801250496,0.22,220,2,106.831,402463.427,483.125,404250.433,0.804790399
102.139737674,0.169,169,3,53.721,436.576,483.294,404443.969,0.338487178
102.144970532,0.169,169,5,134.208,515.024,483.463,404443.969,0.005232858
102.144987224,0.169,169,4,79.423,377.12,483.632,404443.969,1.66920000026e-05
102.145189205,0.169,169,2,107.0,402479.811,483.801,404443.969,0.000201980999989
102.14517824,0.169,169,7,104.317,428.928,483.97,404478.273,0
102.171245941,0.169,169,5,134.377,517.568,484.139,404489.521,0.026067701
102.171661566,0.169,169,4,79.592,389.408,484.308,404489.521,0.000415625000002
102.172813458,0.169,169,7,104.486,430.976,484.477,404489.521,0.001151892
102.171989611,0.169,169,2,107.169,402483.907,484.646,404489.521,0
102.171108423,0.169,169,3,53.89,461.152,484.815,404489.521,0
102.17661918,0.169,169,2,107.338,402495.171,484.984,404532.369,0.005510757
102.176684551,0.169,169,3,54.059,479.584,485.204,404540.561,6.53709999909e-05
102.176471046,0.169,169,7,104.655,432.992,493.642,404540.561,0
102.176205021,0.169,169,5,134.546,519.488,502.08,404540.561,0
102.80240637,0.22,220,2,107.558,402503.363,510.518,404540.561,0.626201349
102.176396665,0.169,169,4,79.761,398.624,518.956,404546.513,0
103.503899346,8.438,8438,7,113.093,434.912,527.394,404548.369,1.327502681
103.504502565,8.438,8438,2,115.996,402505.347,527.639,404548.369,0.000603218999998
103.513699824,0.245,245,7,113.338,436.32,527.884,404556.865,0.009197259
103.513998256,0.245,245,2,116.241,402506.291,984.044,404556.865,0.000298431999994
103.503543155,8.438,8438,3,62.497,484.704,1700.884,404556.865,0
103.504169841,8.438,8438,5,142.984,523.392,2050.137,404558.913,0.000626686000004
103.51635072,729.872,257040,7,843.21,436.32,2050.382,404558.913,0.012180879
103.512407341,8.438,8438,4,88.199,418.08,2676.782,404577.185,0
103.517062472,0.245,245,3,62.742,485.696,2801.595,404577.185,0.00465513100001
103.518129926,0.245,245,5,143.229,524.72,3663.275,404578.561,0.00106745399999
103.521148257,443.128,257040,5,586.357,524.72,4176.651,404583.121,0.00301833099999
103.519912555,0.245,245,4,88.444,419.488,4525.659,404583.121,0
103.523098016,598.104,186088,5,1184.461,524.72,5504.627,404591.313,0.003185461
103.52381382,729.872,257040,4,818.316,419.488,5630.643,404591.313,0.000715803999995
103.516533774,1454.736,257040,2,1570.977,402522.675,5801.587,404610.257,0
103.518246003,128.208,74592,7,971.418,442.464,5801.807,404620.497,0.00171222900001
104.049659948,0.245,245,7,971.663,443.36,5802.052,404621.393,0.531413945
103.525735083,131.104,74592,4,949.42,431.776,5981.275,404626.513,0
103.803465303,0.22,220,2,1571.197,402534.963,5981.553,404632.657,0.27773022
103.520184238,892.088,257040,3,954.83,488.24,5981.864,404635.713,0
103.525434277,165.856,86176,5,1350.317,526.736,5982.208,404637.681,0.005250039
104.051690584,179.223,126349,7,1150.886,447.856,5982.585,404642.113,0.526256307
104.098738117,0.311,311,2,1571.508,402548.787,5991.023,404668.417,0.047047533
104.216831766,0.377,377,5,1350.694,530.48,5991.133,404687.585,0.118093649
104.609539386,0.11,110,2,1571.618,402565.171,5999.571,404698.849,0.39270762
104.651912931,8.438,8438,5,1359.132,549.936,5999.791,404723.425,0.042373545
104.164614371,0.344,344,3,955.174,492.48,6008.229,404760.289,0
104.804590516,0.22,220,2,1571.838,402573.363,6016.293,404760.289,0.639976145
105.47707729,8.064,8064,3,963.238,527.296,6024.357,404815.585,0.672486774
105.477085182,8.064,8064,2,1579.902,402597.939,6024.602,404819.681,7.89199999929e-06
105.482666827,0.245,245,3,963.483,528.256,6024.847,404822.001,0.00558164500001
105.483196015,0.245,245,2,1580.147,402599.299,6462.045,404822.001,0.000529188000002
105.485059031,437.198,262144,3,1400.681,528.256,6978.883,404822.001,0.001863016
105.486224054,219.788,175054,3,1620.469,528.256,7198.671,404822.001,0.001165023
105.485475914,516.838,262144,2,2096.985,402599.299,7243.405,404822.001,0
105.488350721,675.754,254694,2,2772.739,402599.299,7919.159,404822.001,0.002874807
105.48776559,44.734,44734,3,1665.203,552.832,8732.011,404852.721,0
105.489756556,812.852,204014,2,3585.591,402605.443,8732.243,404852.721,0.00199096600001
105.675968015,0.232,232,2,3585.823,402613.635,8732.475,404860.913,0.186211459
105.675948599,0.232,232,3,1665.435,560.0,8732.695,404879.281,0
104.935855393,8.438,8438,5,1367.57,586.8,8732.864,404879.281,0
104.077307179,0.278,278,4,949.698,436.896,8733.033,404879.281,0
105.805577374,0.22,220,2,3586.043,402624.835,8733.202,404879.281,1.728270195
104.373976539,8.438,8438,7,1159.324,464.24,8733.371,404879.281,0
106.286988871,0.169,169,2,3586.212,512675.139,8733.54,629370.801,1.913012332
106.806838428,0.22,220,2,3586.432,512683.331,8733.76,629378.993,0.519849557
106.286412332,0.169,169,3,1665.604,114892.672,8734.006,629381.041,0
106.840821869,0.246,246,3,1665.85,114904.96,8734.252,629395.377,0.554409537
106.286622554,0.169,169,5,1367.739,597.04,8734.421,629395.377,0
106.286736954,0.169,169,4,949.867,453.28,8734.59,629395.377,0.000114400000001
106.287000605,0.169,169,7,1159.493,546.16,8734.759,629395.377,0.000263650999997
106.836667361,0.246,246,2,3586.678,512687.427,8734.928,629395.377,0.549666756
106.876536816,0.169,169,4,950.036,465.568,8735.097,629454.225,0.039869455
106.876360886,0.169,169,3,1666.019,114908.032,8743.431,629454.225,0
106.876749203,0.169,169,2,3586.847,512689.443,8751.765,629454.225,0.000388317000002
106.876613013,0.169,169,7,1159.662,583.024,8760.099,629454.225,0
106.876422695,0.169,169,5,1367.908,601.648,8768.433,629454.225,0
107.301503217,8.334,8334,3,1674.353,114918.704,8776.767,629510.305,0.425080522
107.301206043,8.334,8334,4,958.37,500.384,8777.012,629510.305,0
107.302368271,8.334,8334,7,1167.996,593.264,8777.257,629514.401,0.00116222800001
107.301931693,8.334,8334,2,3595.181,512695.939,8777.502,629536.705,0
107.302832436,8.334,8334,5,1376.242,620.08,8777.747,629536.705,0.000900743000003
107.306668958,0.245,245,3,1674.598,114920.08,8777.992,629538.449,0.003836522
107.306792647,0.245,245,4,958.615,501.712,9040.136,629538.449,0.000123688999992
107.307404387,0.245,245,7,1168.241,594.544,9826.568,629540.161,0.000611740000011
107.308870215,524.288,262144,3,2198.886,114920.08,10350.856,629540.161,0.00146582799999
107.308131784,0.245,245,2,3595.426,512697.219,10875.144,629540.577,0
107.308229352,0.245,245,5,1376.487,620.928,11399.432,629540.993,9.7568000001e-05
107.309024215,524.288,262144,4,1482.903,501.712,11661.576,629540.993,0.000794862999996
107.310181695,524.288,262144,3,2723.174,114920.08,12710.152,629540.993,0.00115748
107.309540343,524.288,262144,7,1692.529,594.544,13210.017,629540.993,0
107.31150854,786.432,262144,4,2269.335,501.712,13734.305,629540.993,0.00196819700001
107.312220153,499.865,262144,3,3223.039,114920.08,14258.593,629540.993,0.000711612999993
107.310840927,524.288,262144,2,4119.714,512697.219,14603.715,629540.993,0
107.314232769,524.288,262144,4,2793.623,501.712,15128.003,629540.993,0.003391842
107.314979163,345.122,237721,3,3568.161,114920.08,15652.291,629540.993,0.000746394000004
107.313877556,524.288,262144,7,2216.817,594.544,15759.692,629540.993,0
107.316766471,524.288,262144,4,3317.911,501.712,16283.98,629540.993,0.002888915
107.31142026,524.288,262144,5,1900.775,620.928,16808.268,629540.993,0
107.315421537,524.288,262144,2,4644.002,512697.219,17332.556,629540.993,0.004001277
107.31797263,524.288,262144,7,2741.105,594.544,17856.844,629540.993,0.00255109299999
107.318334827,524.288,262144,4,3842.199,501.712,18365.397,629540.993,0.000362197000001
107.318862687,524.288,262144,5,2425.063,620.928,18810.238,629540.993,0.000527860000005
107.320195329,524.288,262144,2,5168.29,512697.219,19334.526,629540.993,0.00133264199999
107.322121272,508.553,262144,7,3249.658,594.544,19858.814,629540.993,0.001925943
107.323225114,444.841,262144,4,4287.04,501.712,20261.856,629540.993,0.00110384199999
107.323933514,524.288,262144,5,2949.351,620.928,20530.234,629540.993,0.000708400000008
107.324892085,524.288,262144,2,5692.578,512697.219,21316.666,629540.993,0.000958570999998
107.32522425,403.042,246409,7,3652.7,594.544,21778.883,629545.089,0.000332165000003
107.326084486,268.378,182697,4,4555.418,501.712,21996.581,629545.089,0.000860235999994
107.327694327,462.217,262144,2,6154.795,512697.219,22082.262,629545.089,0.001609841
107.326855882,786.432,262144,5,3735.783,620.928,22417.248,629545.089,0
107.328070632,217.698,156633,7,3870.398,594.544,23203.68,629545.089,0.00121475
107.329267712,334.986,200073,2,6489.781,512697.219,23264.745,629545.089,0.00119708
107.329757159,786.432,262144,5,4522.215,620.928,23404.251,629545.089,0.000489446999993
107.332866773,524.288,262144,5,5046.503,620.928,23928.539,629545.089,0.00310961400001
107.332054449,139.506,134913,2,6629.287,512697.219,24395.1,629545.089,0
107.33469857,466.561,262144,5,5513.064,620.928,24399.693,629545.089,0.002644121
107.335895859,303.13,204417,5,5816.194,620.928,24702.823,629545.089,0.001197289
107.335320925,4.593,4593,2,6633.88,512707.459,24804.93,629581.953,0
107.329948734,61.065,61065,7,3931.463,599.664,24805.04,629593.217,0
107.337583154,102.107,98713,5,5918.301,635.264,24813.374,629618.817,0.00763442
107.612924383,0.11,110,2,6633.99,512726.915,24821.708,629704.833,0.275341229
107.689028405,8.334,8334,5,5926.635,733.568,24821.928,629786.753,0.076104022
107.976874436,8.334,8334,5,5934.969,758.144,24830.262,629817.473,0.287846031
107.317635925,107.401,107401,3,3675.562,114961.04,24830.431,629817.473,0
107.669478223,8.334,8334,7,3939.797,630.384,24830.6,629817.473,0.351842298
107.328928702,85.681,85681,4,4641.099,526.288,24830.769,629817.473,0
107.807868028,0.22,220,2,6634.21,512735.107,24830.938,629817.473,0.478939326
108.507645004,0.169,169,3,3675.731,114985.616,24831.107,629885.057,0.699776976
108.507636763,0.169,169,5,5935.138,767.36,24831.276,629885.057,0
108.50770821,0.169,169,4,4641.268,535.504,24831.445,629885.057,7.14470000105e-05
108.507832947,0.169,169,2,6634.379,512755.587,24831.614,629885.057,0.000124736999993
108.507662185,0.169,169,7,3939.966,634.48,24831.783,629889.153,0
108.51536505,0.169,169,3,3675.9,114990.736,24831.952,629905.505,0.007702865
108.515506199,0.169,169,5,5935.307,769.408,24832.121,629905.505,0.000141149000001
108.515575132,0.169,169,4,4641.437,537.552,24832.29,629905.505,6.89329999943e-05
108.522610943,0.169,169,7,3940.135,636.496,24832.459,629905.505,0.00703581100001
108.515856593,0.169,169,2,6634.548,512764.803,24832.628,629905.505,0
108.52754502,0.169,169,3,3676.069,114993.28,24832.797,629913.057,0.011688427
108.527657674,0.169,169,5,5935.476,770.4,24832.938,629913.057,0.000112653999992
108.527954779,0.169,169,4,4641.606,538.544,24833.079,629913.057,0.000297105000001
108.528192938,0.169,169,2,6634.717,512767.347,24833.22,629913.057,0.000238159000006
108.528075814,0.169,169,7,3940.304,636.976,24833.361,629913.057,0
108.536185295,0.141,141,2,6634.858,512776.515,24833.502,629926.065,0.00810948099999
108.536035276,0.141,141,4,4641.747,539.504,24833.722,629934.737,0
108.535760451,0.141,141,3,3676.21,114994.256,24842.161,629934.737,0
108.808838752,0.22,220,2,6635.078,512785.187,24850.6,629934.737,0.273078301
108.53620094,0.141,141,7,3940.445,637.92,24859.039,629934.737,0
108.536017397,0.141,141,5,5935.617,771.36,24867.478,629934.737,0
109.445662681,8.439,8439,3,3684.649,114998.64,24875.917,629950.385,0.909645284
109.446637665,8.439,8439,7,3948.884,641.2,24876.162,629950.385,0.000974983999996
109.447084509,8.439,8439,5,5944.056,775.728,24876.407,629951.409,0.00044684400001
109.445158846,8.439,8439,4,4650.186,543.872,24876.652,629957.201,0
109.451886656,0.245,245,5,5944.301,776.944,24876.897,629957.201,0.00672781
109.45151084,0.245,245,7,3949.129,642.416,25133.939,629957.201,0
109.451510142,0.245,245,3,3684.894,114999.952,25490.191,629957.201,0
109.45373312,356.252,257042,5,6300.553,776.944,25817.483,629959.249,0.00222297799999
109.45374632,327.292,257042,7,4276.421,642.416,25917.439,629960.097,1.31999999979e-05
109.446083823,8.439,8439,2,6643.517,512789.555,25987.689,629960.097,0
109.453600352,0.245,245,4,4650.431,545.136,25987.934,629960.513,0.007516529
109.455170524,99.956,99210,5,6400.509,776.944,26315.226,629961.329,0.001570172
109.455675895,0.245,245,2,6643.762,512790.771,26315.972,629961.729,0.000505371000003
109.457906905,327.292,257042,4,4977.723,545.136,26614.304,629961.729,0.00223101
109.460618703,298.332,257042,2,6942.094,512790.771,26684.554,629963.745,0.00271179799999
109.455511838,70.25,70250,7,4346.671,644.368,26725.844,629967.777,0
109.567462387,0.245,245,7,4346.916,645.504,26726.089,629968.913,0.111950549
109.45858681,0.746,746,5,6401.255,778.96,28802.533,629970.833,0
109.460777452,70.25,70250,4,5047.973,547.152,28802.811,629971.825,0.002190642
109.580298726,0.278,278,5,6401.533,780.096,28803.089,629973.761,0.119521274
109.580912002,0.278,278,4,5048.251,548.336,29589.521,629974.145,0.00061327600001
109.582750365,1048.576,262144,5,7450.109,780.096,30375.953,629974.145,0.00183836299999
109.583686657,524.288,262144,4,5572.539,548.336,30900.241,629974.145,0.000936292000006
109.584749222,524.288,262144,5,7974.397,780.096,31948.817,629974.145,0.001062565
109.58644008,524.288,262144,5,8498.685,780.096,32996.184,629974.145,0.001690858
109.584909508,1571.655,262144,4,7144.194,548.336,33464.239,629974.145,0
109.588048105,468.055,262144,5,8966.74,780.096,33855.789,629974.145,0.003138597
109.588501864,391.55,260935,4,7535.744,548.336,34137.291,629974.145,0.000453758999996
109.589192106,281.502,205911,5,9248.242,780.096,34268.201,629975.137,0.000690242000005
109.453830269,257.042,257042,3,3941.936,115001.968,34343.792,629975.137,0
109.590475998,130.91,130615,4,7666.654,548.336,34344.07,629975.137,0.136645729
109.462802989,41.29,41290,2,6983.384,512792.787,34344.365,629978.049,0
109.569484641,2076.444,262144,7,6423.36,649.12,34344.709,629982.657,0.106681652
109.602432476,0.344,344,2,6983.728,512801.939,34353.148,629992.897,0.032947835
109.591203674,75.591,75591,5,9323.833,783.84,34353.368,630013.153,0
109.886409161,8.439,8439,5,9332.272,819.68,34361.807,630065.377,0.295205487
109.809908651,0.22,220,2,6983.948,512821.571,34370.246,630098.145,0
110.615086181,0.11,110,2,6984.058,512837.955,34370.356,630114.529,0.80517753
110.811017241,0.22,220,2,6984.278,512846.147,34370.576,630122.721,0.19593106
109.591918779,0.295,295,4,7666.949,552.544,34378.641,630122.721,0
110.93713726,8.065,8065,2,6992.343,512881.987,34386.706,630158.561,1.345218481
110.943356696,0.245,245,2,6992.588,512883.123,34386.951,630159.697,0.00621943599999
110.945127801,656.992,262144,2,7649.58,512883.123,35043.943,630159.697,0.001771105
110.937663654,8.065,8065,4,7675.014,588.384,35088.679,630195.537,0
110.950779497,0.245,245,4,7675.259,589.504,35088.924,630213.041,0.013115843
110.947048297,44.736,44736,2,7694.316,512907.699,35813.82,630237.617,0
110.953000171,724.896,262144,4,8400.155,614.08,35814.052,630245.809,0.005951874
111.151496223,0.232,232,2,7694.548,564463.027,35814.284,717988.273,0.198496052
111.813589007,0.22,220,2,7694.768,641570.227,35814.504,889856.433,0.662092784
109.591628309,0.278,278,3,3942.214,115005.712,35814.75,889905.585,0
110.27170257,8.439,8439,5,9340.711,844.256,35814.919,889905.585,0.680074261
111.174574367,0.232,232,4,8400.387,131562.176,35815.088,889905.585,0.902871797
109.796289111,8.439,8439,7,6431.799,667.552,35815.257,889905.585,0
112.143697535,0.246,246,2,7695.014,641619.379,35815.426,889905.585,2.347408424
112.307984419,0.169,169,4,8400.556,131599.04,35815.595,889985.457,0.164286884
112.307845155,0.169,169,3,3942.383,115008.784,35815.841,889994.673,0
112.307900609,0.169,169,5,9340.88,853.472,35816.01,889994.673,5.54540000053e-05
112.350907125,0.246,246,4,8400.802,131608.256,35816.179,889994.673,0.043006516
112.308095955,0.169,169,7,6431.968,685.984,35816.348,889994.673,0
112.308141492,0.169,169,2,7695.183,641631.667,35816.517,889994.673,4.55370000054e-05
112.362064201,0.169,169,2,7695.352,641642.419,35816.686,890017.073,0.053922709
112.361987724,0.169,169,7,6432.137,690.592,35816.906,890025.265,0
112.361775826,0.169,169,3,3942.552,115010.736,35825.24,890025.265,0
112.81509262,0.22,220,2,7695.572,641650.611,35833.574,890025.265,0.453316794
112.361940721,0.169,169,4,8400.971,131610.8,35841.908,890025.265,0
112.361827369,0.169,169,5,9341.049,856.016,35850.242,890025.265,0
112.885162983,8.334,8334,7,6440.471,701.28,35858.576,890045.169,0.523335614
112.885672056,8.334,8334,3,3950.886,115015.104,35858.821,890060.225,0.000509073000003
112.886383809,8.334,8334,4,8409.305,131617.312,35859.066,890064.321,0.00071175299999
112.886084329,8.334,8334,2,7703.906,641661.299,35859.311,890064.321,0
112.886764234,8.334,8334,5,9349.383,862.096,35859.556,890064.321,0.000679904999998
112.890287657,0.245,245,7,6440.716,702.352,35859.801,890064.673,0.003523423
112.891363143,0.245,245,4,8409.55,131618.352,36908.377,890067.985,0.001075486
112.891310203,0.245,245,3,3951.131,115016.336,37694.809,890068.385,0
112.892039905,1048.576,262144,7,7489.292,702.352,38219.097,890068.737,0.000729702000001
112.891553181,0.245,245,2,7704.151,641662.371,39005.529,890068.737,0
112.891621346,0.245,245,5,9349.628,863.168,39791.961,890069.089,6.81649999876e-05
112.89362181,524.288,262144,7,8013.58,702.352,40578.393,890069.089,0.00200046400001
112.892986604,786.432,262144,4,9195.982,131618.352,41102.681,890069.089,0
112.893491486,786.432,262144,3,4737.563,115016.336,41626.969,890069.089,0.000504882000001
112.896073099,524.288,262144,7,8537.868,702.352,42413.401,890069.089,0.002581613
112.894105391,786.432,262144,5,10136.06,863.168,42937.689,890069.089,0
112.893787334,786.432,262144,2,8490.583,641662.371,43461.977,890069.089,0
112.896743296,524.288,262144,4,9720.27,131618.352,43986.265,890069.089,0.002955962
112.899585208,786.432,262144,3,5523.995,115016.336,44510.553,890069.089,0.00284191200001
112.900152808,524.288,262144,7,9062.156,702.352,45034.841,890069.089,0.000567599999997
112.902714936,524.288,262144,4,10244.558,131618.352,45559.129,890069.089,0.00256212799999
112.902581609,524.288,262144,2,9014.871,641662.371,46083.417,890069.089,0
112.904893285,524.288,262144,7,9586.444,702.352,46607.705,890069.089,0.00231167600001
112.901334802,524.288,262144,5,10660.348,863.168,47091.464,890069.089,0
112.904762682,524.288,262144,3,6048.283,115016.336,47615.752,890069.089,0.00342788
112.905907939,524.288,262144,4,10768.846,131618.352,48140.04,890069.089,0.001145257
112.908696283,483.759,262144,7,10070.203,702.352,48664.328,890069.089,0.002788344
112.907928587,524.288,262144,2,9539.159,641662.371,48977.238,890069.089,0
112.908993946,524.288,262144,5,11184.636,863.168,49501.526,890069.089,0.00106535899999
112.910132848,524.288,262144,3,6572.571,115016.336,50025.814,890069.089,0.00113890200001
112.913212849,312.91,221615,7,10383.113,702.352,50550.102,890069.089,0.003080001
112.911389153,524.288,262144,4,11293.134,131618.352,50641.397,890069.089,0
112.913776119,524.288,262144,2,10063.447,641662.371,51161.356,890069.089,0.002386966
112.915941478,524.288,262144,3,7096.859,115016.336,51685.644,890069.089,0.00216535899999
112.917655243,519.959,262144,4,11813.093,131618.352,52169.403,890069.089,0.00171376500001
112.914932271,524.288,262144,5,11708.924,863.168,52554.713,890069.089,0
112.921301517,524.288,262144,5,12233.212,863.168,53079.001,890069.089,0.00636924600001
112.918807066,524.288,262144,2,10587.735,641662.371,53598.96,890069.089,0
112.919406514,483.759,262144,3,7580.618,115016.336,54118.919,890069.089,0.000599448000003
112.92114172,385.31,257815,4,12198.403,131618.352,54431.829,890069.089,0.00173520599999
112.926094375,312.91,221615,3,7893.528,115016.336,54559.324,890069.089,0.00495265500001
112.925273112,519.959,262144,2,11107.694,641662.371,54650.619,890069.089,0
112.925056743,519.959,262144,5,12753.171,863.168,55035.929,890071.137,0
112.929939836,385.31,257815,2,11493.004,641662.371,55421.239,890073.185,0.004883093
112.93131117,385.31,257815,5,13138.481,863.168,55548.734,890073.185,0.001371334
112.916921631,91.295,91295,7,10474.408,710.544,55676.229,890093.569,0
112.936931927,127.495,127495,5,13265.976,874.432,55684.563,890131.457,0.020010296
113.290239914,8.334,8334,5,13274.31,923.584,55692.897,890187.777,0.353307987
112.934813431,127.495,127495,2,11620.499,641678.755,55701.231,890216.449,0
113.616988587,0.11,110,2,11620.609,641695.139,55701.341,890241.025,0.682175156
112.929727239,91.295,91295,3,7984.823,115020.336,55701.561,890249.217,0
113.555550258,8.334,8334,5,13282.644,944.064,55701.73,890249.217,0.625823019
112.92738609,127.495,127495,4,12325.898,131623.472,55701.899,890249.217,0
113.272086697,8.334,8334,7,10482.742,751.504,55702.068,890249.217,0.344700607
113.816207496,0.22,220,2,11620.829,641703.331,55702.237,890249.217,0.544120799
114.237813414,0.169,169,5,13282.813,953.28,55702.406,890358.785,0.421605918
114.239133834,0.169,169,2,11620.998,641752.483,55710.845,890358.785,0.00132042
114.237897364,0.169,169,4,12326.067,131643.952,55719.284,890358.785,0
114.238031459,0.169,169,7,10482.911,771.984,55727.723,890358.785,0.000134094999993
114.237811808,0.169,169,3,7984.992,115030.576,55736.162,890358.785,0
114.674271221,8.439,8439,5,13291.252,972.736,55744.601,890394.625,0.436459413
114.674866478,8.439,8439,4,12334.506,131654.192,55744.846,890403.489,0.000595257000001
114.675282593,8.439,8439,7,10491.35,782.224,55745.091,890403.489,0.000416115000007
114.678683234,0.245,245,5,13291.497,973.728,55745.336,890403.809,0.003400641
114.675637526,8.439,8439,3,7993.431,115067.44,56002.378,890437.905,0
114.679844485,0.245,245,4,12334.751,131655.168,56002.623,890438.545,0.004206959
114.680064974,0.245,245,7,10491.595,783.216,56259.665,890438.545,0.000220489
114.681276302,0.245,245,3,7993.676,115068.608,56516.707,890443.809,0.001211328
114.674523977,8.439,8439,2,11629.437,641764.771,56773.749,890480.673,0
114.681889159,257.042,257042,7,10748.637,786.288,56774.093,890485.793,0.00736518199999
114.796252096,0.245,245,7,10748.882,787.216,56774.338,890486.721,0.114362937
114.798743753,786.432,262144,7,11535.314,787.216,57560.77,890486.721,0.00249165699999
114.800083309,786.432,262144,7,12321.746,787.216,58347.202,890486.721,0.001339556
114.801693919,786.432,262144,7,13108.178,787.216,59133.634,890486.721,0.00161061
114.803172529,763.353,262144,7,13871.531,787.216,59896.987,890486.721,0.00147860999999
114.804768193,282.65,239065,7,14154.181,787.216,60179.637,890486.721,0.00159566400001
114.685017979,257.042,257042,3,8250.718,115093.184,60223.222,890495.905,0
114.692192913,0.344,344,2,11629.781,641777.059,60223.5,890504.097,0.00717493400001
114.681683267,257.042,257042,4,12591.793,131658.24,60223.72,890513.313,0
114.81737643,0.22,220,2,11630.001,641787.299,60223.998,890519.457,0.135693163
114.837174548,0.311,311,2,11630.312,641788.291,60224.309,890520.449,0.019798118
114.841865298,786.432,262144,2,12416.744,641788.291,61010.741,890520.449,0.00469075000001
114.843629489,786.432,262144,2,13203.176,641788.291,61797.173,890520.449,0.00176419099999
114.84527062,786.432,262144,2,13989.608,641788.291,62583.605,890521.441,0.001641131
114.84671836,451.977,262144,2,14441.585,641788.291,63035.582,890521.441,0.00144774
114.680706886,257.042,257042,5,13548.539,986.016,63225.415,890526.561,0
114.806219425,43.585,43585,7,14197.766,791.568,63225.792,890529.921,0.125512539
115.038237896,0.377,377,5,13548.916,991.648,63234.231,890555.697,0.232018471
115.421224028,8.439,8439,5,13557.355,1016.224,63242.67,890580.273,0.382986132
114.848155763,189.833,189833,2,14631.418,641800.979,63251.109,890594.609,0
115.637068376,8.439,8439,5,13565.794,1028.512,63251.329,890608.945,0.788912613
114.825555124,0.278,278,4,12592.071,131662.592,63259.394,890608.945,0
116.116584521,8.065,8065,5,13573.859,1126.816,63267.459,890711.345,1.291029397
116.120029512,0.245,245,5,13574.104,1127.744,63267.704,890715.345,0.00344499100001
116.11679174,8.065,8065,4,12600.136,131669.76,63703.248,890715.345,0
116.122168681,435.544,262144,5,14009.648,1127.744,63703.493,890715.345,0.00537694100001
116.122427373,0.245,245,4,12600.381,131670.656,63755.469,890732.625,0.000258691999989
116.13047693,406.584,262144,4,13006.965,131670.656,64162.053,890732.625,0.00804955700001
116.123522414,51.976,51976,5,14061.624,1152.32,64185.069,890742.353,0
116.131980473,23.016,23016,4,13029.981,131673.2,64185.301,890743.361,0.00845805899999
115.818395275,0.22,220,2,14631.638,641817.363,64185.533,890751.553,0
116.618846296,0.11,110,2,14631.748,641833.747,64185.643,893636.161,0.800451021
116.300151719,0.232,232,5,14061.856,55023.936,64185.863,984771.377,0
116.323435266,0.232,232,4,13030.213,193161.568,64186.109,1006172.977,0.023283547
114.816960874,0.278,278,3,8250.996,115101.376,64186.355,1006176.049,0
117.158210554,0.246,246,5,14062.102,55060.8,64186.524,1006176.049,2.34124968
117.327628258,0.246,246,4,13030.459,193164.64,64186.693,1006176.049,0.169417704
115.074732271,8.439,8439,7,14206.205,800.784,64186.862,1006176.049,0
116.81952377,0.22,220,2,14631.968,641841.939,64187.031,1006176.049,1.744791499
117.338614152,0.169,169,2,14632.137,641862.419,64187.2,1006306.001,0.519090382
117.338293371,0.169,169,3,8251.165,115150.528,64187.42,1006314.193,0
117.338387517,0.169,169,5,14062.271,55070.016,64187.589,1006314.193,9.4145999995e-05
117.338469022,0.169,169,4,13030.628,193166.592,64187.758,1006314.193,8.15049999972e-05
117.33858405,0.169,169,7,14206.374,849.936,64187.927,1006314.193,0.000115027999996
117.820734259,0.22,220,2,14632.357,641870.611,64188.096,1006314.193,0.482150209
117.858760045,0.169,169,3,8251.334,115158.72,64188.265,1006335.089,0.038025786
117.858845181,0.169,169,5,14062.44,55071.552,64188.434,1006335.089,8.51360000098e-05
117.858939187,0.169,169,4,13030.797,193167.52,64188.603,1006335.089,9.40059999976e-05
117.859130622,0.169,169,7,14206.543,858.128,64188.772,1006335.089,0.000191434999991
117.859154578,0.169,169,2,14632.526,641872.659,64188.941,1006335.089,2.39560000068e-05
117.861251213,0.169,169,3,8251.503,115162.816,64189.11,1006348.049,0.002096635
117.86130974,0.169,169,5,14062.609,55073.536,64189.279,1006348.049,5.85269999931e-05
117.861403188,0.169,169,4,13030.966,193169.28,64189.448,1006348.049,9.34480000012e-05
117.861494959,0.169,169,7,14206.712,862.224,64189.617,1006348.049,9.1771000001e-05
117.86156955,0.169,169,2,14632.695,641873.683,64189.786,1006348.049,7.45910000006e-05
117.86534503,0.169,169,3,8251.672,115165.888,64189.955,1006359.153,0.00377548
117.865415221,0.169,169,5,14062.778,55075.392,64190.096,1006359.153,7.0191000006e-05
117.865500567,0.169,169,4,13031.135,193170.912,64190.237,1006359.153,8.53459999917e-05
117.865682084,0.169,169,2,14632.864,641875.155,64190.378,1006359.153,0.000181517000001
117.865588846,0.169,169,7,14206.881,865.296,64190.519,1006359.153,0
117.872750022,0.141,141,3,8251.813,115165.888,64190.66,1006359.153,0.00716117600001
117.873048314,0.141,141,4,13031.276,193170.912,64190.829,1006360.097,0.000298291999997
117.87288726,0.141,141,5,14062.919,55075.84,64190.998,1006360.481,0
117.873240587,0.141,141,2,14633.005,641875.155,64191.167,1006360.481,0.000353326999999
117.873329006,0.141,141,7,14207.022,865.792,64191.336,1006362.913,8.84190000079e-05
117.874234848,0.169,169,3,8251.982,115167.84,64191.505,1006367.601,0.000905841999995
117.874672892,0.169,169,5,14063.088,55076.704,64191.674,1006367.601,0.000438044000006
117.874498918,0.169,169,4,13031.445,193172.768,64191.843,1006367.601,0
117.875318295,0.169,169,7,14207.191,866.768,64192.012,1006367.601,0.000819376999999
117.874743641,0.169,169,2,14633.174,641877.011,64192.181,1006367.601,0
117.87848888,0.169,169,3,8252.151,115168.768,64192.35,1006371.409,0.00374523900001
117.878571572,0.169,169,5,14063.257,55077.536,64192.491,1006371.409,8.26919999923e-05
117.878668652,0.169,169,4,13031.614,193173.456,64192.632,1006371.409,9.70800000033e-05
117.878799744,0.169,169,7,14207.36,867.248,64192.773,1006371.409,0.000131092000004
117.879210061,0.169,169,2,14633.343,641877.891,64192.914,1006371.409,0.000410316999989
117.880845325,0.141,141,2,14633.484,641878.739,64193.055,1006377.297,0.001635264
117.880576297,0.141,141,5,14063.398,55078.336,64201.389,1006377.297,0
117.880679452,0.141,141,4,13031.755,193174.112,64209.723,1006377.297,0.000103154999991
117.880751738,0.141,141,7,14207.501,869.072,64218.057,1006377.297,7.22860000053e-05
117.880412868,0.141,141,3,8252.292,115170.528,64226.391,1006377.297,0
118.163554809,8.334,8334,5,14071.732,55081.536,64234.725,1006388.545,0.283141941
118.163196524,8.334,8334,2,14641.818,641881.363,64234.97,1006389.505,0
118.164420492,8.334,8334,7,14215.835,872.224,64235.215,1006391.441,0.00122396800001
118.163978676,8.334,8334,4,13040.089,193176.992,64235.46,1006392.705,0
118.167892931,0.245,245,5,14071.977,55082.384,64235.705,1006392.705,0.003914255
118.168503414,0.245,245,2,14642.063,641882.291,65022.137,1006394.545,0.000610483000003
118.164814886,8.334,8334,3,8260.626,115173.568,65546.425,1006394.545,0
118.169680519,786.432,262144,5,14858.409,55082.384,65808.814,1006395.377,0.00486563299999
118.169265242,0.245,245,7,14216.08,873.072,66333.102,1006395.377,0
118.171037185,524.288,262144,5,15382.697,55082.384,67119.534,1006396.385,0.00177194300001
118.16957436,0.245,245,4,13040.334,193177.824,67643.822,1006396.385,0
118.170403935,786.432,262144,2,15428.495,641882.291,68430.254,1006396.737,0.000829574999997
118.170619604,0.245,245,3,8260.871,115174.656,69216.686,1006396.737,0.000215668999999
118.172618183,524.288,262144,5,15906.985,55082.384,70003.118,1006396.737,0.001998579
118.171251319,786.432,262144,7,15002.512,873.072,70527.406,1006396.737,0
118.174812735,786.432,262144,2,16214.927,641882.291,71051.694,1006396.737,0.003561416
118.17281744,786.432,262144,4,13826.766,193177.824,71575.982,1006396.737,0
118.176591453,524.288,262144,5,16431.273,55082.384,72100.27,1006396.737,0.003774013
118.178240266,524.288,262144,7,15526.8,873.072,72624.558,1006396.737,0.001648813
118.181703905,524.288,262144,2,16739.215,641882.291,73148.846,1006396.737,0.003463639
118.183305226,524.288,262144,5,16955.561,55082.384,73673.134,1006396.737,0.001601321
118.185432801,524.288,262144,2,17263.503,641882.291,74197.422,1006396.737,0.002127575
118.183173785,524.288,262144,4,14351.054,193177.824,74721.71,1006396.737,0
118.184190813,524.288,262144,7,16051.088,873.072,75508.142,1006396.737,0.00101702800001
118.175098456,786.432,262144,3,9047.303,115174.656,76032.43,1006396.737,0
118.191396618,524.288,262144,7,16575.376,873.072,76556.718,1006396.737,0.016298162
118.18820124,524.288,262144,5,17479.849,55082.384,77081.006,1006396.737,0
118.189409214,524.288,262144,2,17787.791,641882.291,77605.294,1006396.737,0.001207974
118.189754091,786.432,262144,4,15137.486,193177.824,77939.291,1006396.737,0.000344877000003
118.196885444,333.997,262144,2,18121.788,641882.291,78725.723,1006396.737,0.00713135300001
118.195844879,524.288,262144,7,17099.664,873.072,78797.576,1006396.737,0
118.192351558,524.288,262144,3,9571.591,115174.656,79240.173,1006396.737,0
118.196278524,524.288,262144,5,18004.137,55082.384,80026.605,1006396.737,0.00392696599999
118.197974899,786.432,262144,4,15923.918,193177.824,80550.893,1006396.737,0.00169637500001
118.203506608,442.597,262144,7,17542.261,873.072,81337.325,1006396.737,0.005531709
118.206434284,786.432,262144,4,16710.35,193177.824,81517.778,1006396.737,0.002927676
118.204681548,786.432,262144,3,10358.023,115174.656,82304.21,1006396.737,0
118.205161986,524.288,262144,5,18528.425,55082.384,82828.498,1006396.737,0.000480437999997
118.212158686,786.432,262144,4,17496.782,193177.824,83321.775,1006396.737,0.0069967
118.212845435,493.277,262144,5,19021.702,55082.384,83757.132,1006396.737,0.00068674900001
118.212748984,524.288,262144,3,10882.311,115174.656,84074.598,1006396.737,0
118.217102471,435.357,262144,4,17932.139,193177.824,84598.886,1006396.737,0.004353487
118.219222363,317.466,231133,5,19339.168,55082.384,84772.099,1006396.737,0.002119892
118.219321049,524.288,262144,3,11406.599,115174.656,84858.432,1006396.737,9.86860000012e-05
118.225724587,786.432,262144,3,12193.031,115174.656,85644.864,1006398.625,0.006403538
118.230126334,524.288,262144,3,12717.319,115174.656,86169.152,1006398.625,0.004401747
118.233121966,519.341,262144,3,13236.66,115174.656,86688.493,1006398.625,0.00299563199999
118.234635706,340.634,257197,3,13577.294,115174.656,87029.127,1006398.625,0.00151374000001
118.208304844,180.453,180453,7,17722.714,877.28,87112.564,1006404.369,0
118.224582263,86.333,86333,5,19425.501,55086.16,87120.898,1006416.625,0.016277419
118.202006626,71.853,71853,2,18193.641,641894.547,87129.232,1006429.905,0
118.620911433,8.334,8334,5,19433.835,55094.704,87129.452,1006477.009,0.418904807
118.821780831,0.22,220,2,18193.861,641911.955,87137.786,1006584.529,0.200869398
119.620540156,0.11,110,2,18193.971,641928.339,87137.896,1006600.913,0.798759325
118.984721104,8.334,8334,5,19442.169,55193.008,87138.116,1006609.105,0
118.543318675,8.334,8334,7,17731.048,913.12,87146.555,1006609.105,0
119.822803517,0.22,220,2,18194.191,641936.531,87154.994,1006609.105,1.279484842
118.223573894,173.213,173213,4,18105.352,193181.216,87163.433,1006609.105,0
118.235940271,83.437,83437,3,13660.731,115178.72,87171.872,1006609.105,0.012366377
120.309090356,8.439,8439,5,19450.608,55213.488,87180.311,1006651.009,2.073150085
120.309386064,8.439,8439,7,17739.487,937.696,87180.556,1006661.201,0.000295707999996
120.31286849,0.245,245,5,19450.853,55214.272,87180.801,1006678.369,0.00348242600001
120.31037313,8.439,8439,3,13669.17,115197.664,87437.842,1006682.465,0
120.309718438,8.439,8439,2,18202.63,641947.203,87438.087,1006687.089,0
120.310033772,8.439,8439,4,18113.791,193184.144,87438.332,1006688.961,0.000315333999993
120.313513264,0.245,245,7,17739.732,938.48,87438.577,1006688.961,0.003479492
120.314753087,0.245,245,3,13669.415,115198.688,87695.618,1006690.145,0.00123982300001
120.315023373,0.245,245,2,18202.875,641948.051,87952.659,1006690.145,0.000270286000003
120.315709004,0.245,245,4,18114.036,193184.896,88209.7,1006697.041,0.000685630999996
120.314609144,257.041,257041,5,19707.894,55223.488,88466.741,1006717.393,0
120.430601757,0.245,245,5,19708.139,55224.192,88466.986,1006718.097,0.115992613
120.432295269,786.432,262144,5,20494.571,55224.192,89253.418,1006718.097,0.00169351199999
120.433785542,524.288,262144,5,21018.859,55224.192,89777.706,1006718.097,0.001490273
120.435395034,524.288,262144,5,21543.147,55224.192,90301.994,1006718.097,0.001609492
120.437175009,524.288,262144,5,22067.435,55224.192,90826.282,1006718.097,0.00177997500001
120.438629105,524.288,262144,5,22591.723,55224.192,91350.57,1006718.097,0.001454096
120.44025487,475.91,262144,5,23067.633,55224.192,91826.48,1006718.097,0.001625765
120.441712248,232.052,213766,5,23299.685,55224.192,92058.532,1006718.097,0.001457378
120.317685164,257.041,257041,2,18459.916,641954.195,92076.818,1006720.145,0
120.449415951,0.245,245,2,18460.161,641954.979,92077.063,1006725.025,0.131730787
120.317639208,257.041,257041,3,13926.456,115210.976,92339.207,1006725.025,0
120.451031939,1048.576,262144,2,19508.737,641954.979,93125.884,1006726.561,0.133392731
120.453442092,524.288,262144,2,20033.025,641954.979,93650.172,1006727.201,0.002410153
120.451108695,0.245,245,3,13926.701,115211.92,94174.46,1006727.505,0
120.455640626,524.288,262144,2,20557.313,641954.979,94960.892,1006727.505,0.004531931
120.457620766,442.606,262144,2,20999.919,641954.979,95403.498,1006727.505,0.00198014
120.456851534,786.432,262144,3,14713.133,115211.92,95583.96,1006727.505,0
120.461504639,524.288,262144,3,15237.421,115211.92,96108.248,1006727.505,0.004653105
120.466394298,524.288,262144,3,15761.709,115211.92,96632.536,1006728.369,0.004889659
120.320920421,257.041,257041,4,18371.077,193186.656,97156.824,1006728.369,0
120.469644222,524.288,262144,3,16285.997,115211.92,97157.102,1006728.369,0.148723801
120.471692807,524.288,262144,3,16810.285,115211.92,97681.39,1006728.833,0.002048585
120.473182312,400.614,262144,3,17210.899,115211.92,98082.004,1006728.833,0.00148950500001
120.46975513,0.278,278,4,18371.355,193187.344,98220.474,1006729.057,0
120.475829296,786.432,262144,4,19157.787,193187.344,99006.906,1006730.081,0.006074166
120.480047291,524.288,262144,4,19682.075,193187.344,99531.194,1006730.081,0.004217995
120.482314479,524.288,262144,4,20206.363,193187.344,100055.482,1006730.081,0.00226718799999
120.483931863,524.288,262144,4,20730.651,193187.344,100579.77,1006730.081,0.001617384
120.485421717,524.288,262144,4,21254.939,193187.344,101104.058,1006732.129,0.001489854
120.487016613,404.958,262144,4,21659.897,193187.344,101509.016,1006732.129,0.001594896
120.315805246,257.041,257041,7,17996.773,944.624,101651.83,1006735.009,0
120.565777676,0.377,377,7,17997.15,945.328,101652.207,1006735.713,0.24997243
120.567700825,1048.576,262144,7,19045.726,945.328,102700.783,1006735.713,0.00192314900001
120.569917448,524.288,262144,7,19570.014,945.328,103225.071,1006735.713,0.002216623
120.571676191,786.432,262144,7,20356.446,945.328,104011.503,1006735.713,0.001758743
120.573885271,786.432,262144,7,21142.878,945.328,104797.935,1006735.713,0.00220908
120.575943983,387.582,262144,7,21530.46,945.328,105185.517,1006735.713,0.00205871200001
120.443151817,18.286,18286,5,23317.971,55229.216,105310.955,1006743.697,0
120.577386065,125.438,125438,7,21655.898,949.824,105319.394,1006762.145,0.134234248
120.460575331,180.462,180462,2,21180.381,641967.667,105327.833,1006778.529,0
120.724843155,8.439,8439,5,23326.41,55245.6,105328.053,1006803.105,0.264267824
121.050144997,8.439,8439,5,23334.849,55343.904,105336.492,1006901.873,0.325301842
120.488488448,142.814,142814,4,21802.711,193191.84,105336.661,1006901.873,0
120.823777663,0.22,220,2,21180.601,641975.859,105336.83,1006901.873,0.335289215
120.474629633,138.47,138470,3,17349.369,115217.552,105336.999,1006901.873,0
120.81731497,8.439,8439,7,21664.337,966.208,105337.168,1006901.873,0.342685337
121.703604351,0.169,169,2,21180.77,641994.291,105337.337,1007068.673,0.886289381
121.704010408,0.169,169,3,17349.538,115242.128,105337.557,1007076.865,0.000406057000006
121.824964546,0.22,220,2,21180.99,642002.483,105345.622,1007076.865,0.120954138
121.833141075,8.065,8065,3,17357.603,115249.296,105353.687,1007104.513,0.008176529
121.833408986,8.065,8065,2,21189.055,642039.347,105353.932,1007120.897,0.000267910999995
121.838251501,0.245,245,3,17357.848,115250.176,105354.177,1007122.481,0.00484251500001
121.838589812,0.245,245,2,21189.3,642040.051,105737.744,1007122.481,0.000338310999993
121.84021879,383.567,262144,2,21572.867,642064.627,106121.311,1007148.593,0.001628978
121.840050543,383.567,262144,3,17741.415,115252.72,106121.543,1007149.601,0
122.03781368,0.232,232,2,21573.099,657046.771,106121.775,1022131.745,0.197763137
122.624415789,0.11,110,2,21573.209,723307.763,106121.885,1124485.905,0.586602109
122.826622648,0.22,220,2,21573.429,723709.171,106122.105,1144679.185,0.202206859
122.046556621,0.232,232,3,17741.647,194206.432,106122.351,1167797.009,0
123.096742612,0.246,246,3,17741.893,194209.504,106122.597,1167800.081,1.050185991
121.703349919,0.169,169,5,23335.018,55368.48,106122.766,1167800.081,0
121.70338463,0.169,169,4,21802.88,193192.752,106122.935,1167800.081,3.47109999979e-05
121.704196395,0.169,169,7,21664.506,1064.512,106123.104,1167800.081,0.000811764999995
122.901645596,0.246,246,2,21573.675,723758.323,106123.273,1167800.081,1.197449201
123.107843046,0.169,169,2,21573.844,723770.611,106123.442,1167841.649,0.20619745
123.107491605,0.169,169,3,17742.062,194211.456,106131.776,1167841.649,0
123.107616062,0.169,169,5,23335.187,55373.6,106140.11,1167841.649,0.000124456999998
123.107701338,0.169,169,4,21803.049,193194.48,106148.444,1167841.649,8.5275999993e-05
123.107785148,0.169,169,7,21664.675,1084.992,106156.778,1167841.649,8.38100000067e-05
123.611495571,8.334,8334,3,17750.396,194215.824,106165.112,1167855.233,0.503710423
123.612567495,8.334,8334,7,21673.009,1095.232,106165.357,1167859.329,0.00107192399999
123.611206288,8.334,8334,2,21582.178,723806.451,106165.602,1167892.641,0
123.615981337,0.245,245,3,17750.641,194216.624,106165.847,1167893.329,0.00477504899999
123.616616753,0.245,245,7,21673.254,1095.872,107214.423,1167893.969,0.000635416000009
123.61712827,0.245,245,2,21582.423,723807.091,108262.999,1167897.249,0.000511516999993
123.617733515,1048.576,262144,3,18799.217,194216.624,109311.575,1167897.249,0.000605245000003
123.611846244,8.334,8334,5,23343.521,55393.056,110098.007,1167913.633,0
123.612204669,8.334,8334,4,21811.383,193197.424,110098.252,1167916.577,0.000358424999988
123.618333102,1048.576,262144,7,22721.83,1095.872,110098.497,1167916.577,0.006128433
123.620283909,786.432,262144,3,19585.649,194216.624,110622.785,1167916.577,0.001950807
123.624094729,524.288,262144,7,23246.118,1095.872,111409.217,1167917.217,0.00381082000001
123.624246145,786.432,262144,3,20372.081,194216.624,111933.505,1167917.217,0.000151415999994
123.61929768,1048.576,262144,2,22630.999,723807.091,112457.793,1167917.217,0
123.621032607,0.245,245,5,23343.766,55393.488,113244.225,1167917.425,0.001734927
123.630950489,786.432,262144,2,23417.431,723807.091,114292.801,1167917.425,0.009917882
123.629956647,524.288,262144,7,23770.406,1095.872,115079.233,1167917.425,0
123.630278685,524.288,262144,3,20896.369,194216.624,115603.521,1167917.617,0.000322037999993
123.623572875,0.245,245,4,21811.628,193198.032,115865.665,1167917.617,0
123.637611252,786.432,262144,3,21682.801,194216.624,117438.529,1167917.617,0.014038377
123.637347322,524.288,262144,7,24294.694,1095.872,117863.133,1167917.617,0
123.635592699,786.432,262144,2,24203.863,723807.091,118387.421,1167917.617,0
123.633554312,1048.576,262144,5,24392.342,55393.488,119173.853,1167917.617,0
123.64280912,424.604,262144,3,22107.405,194216.624,119698.141,1167917.617,0.00925480799999
123.643915685,524.288,262144,7,24818.982,1095.872,119860.601,1167917.617,0.001106565
123.637689544,1048.576,262144,4,22860.204,193198.032,120566.401,1167917.617,0
123.644945844,786.432,262144,2,24990.295,723807.091,121090.689,1167917.617,0.00725630000001
123.65009168,524.288,262144,5,24916.63,55393.488,121616.937,1167917.617,0.005145836
123.652155909,705.8,262144,7,25524.782,1095.872,122403.369,1167917.617,0.002064229
123.662103962,209.08,208796,7,25733.862,1095.872,122612.449,1167917.617,0.009948053
123.65831591,526.248,262144,2,25516.543,723807.091,122612.733,1167917.617,0
123.658177345,524.288,262144,4,23384.492,193198.032,122728.857,1167917.617,0
123.660161606,786.432,262144,5,25703.062,55393.488,123253.145,1167917.617,0.001984261
123.671038128,786.432,262144,5,26489.494,55393.488,124039.577,1167917.617,0.010876522
123.670379385,524.288,262144,4,23908.78,193198.032,124826.009,1167917.617,0
123.679009743,786.432,262144,4,24695.212,193198.032,125612.441,1167918.641,0.00863035799999
123.677707692,786.432,262144,5,27275.926,55393.488,126136.729,1167918.641,0
123.686265344,786.432,262144,5,28062.358,55393.488,126923.161,1167918.641,0.00855765200001
123.68507895,524.288,262144,4,25219.5,193198.032,127709.593,1167918.641,0
123.689599078,786.432,262144,5,28848.79,55393.488,128233.881,1167920.689,0.004520128
123.690169751,524.288,262144,4,25743.788,193198.032,128571.605,1167920.689,0.000570672999999
123.693583174,468.044,262144,4,26211.832,193198.032,129039.649,1167937.073,0.003413423
123.69299113,337.724,262144,5,29186.514,55393.488,129245.549,1167937.073,0
123.669037734,116.124,116124,2,25632.667,723831.667,129321.129,1167954.353,0
123.668856217,0.284,284,7,25734.146,1100.992,129321.349,1167965.617,0
123.69678393,75.58,75580,5,29262.094,55407.824,129329.683,1168002.337,0.027927713
124.208244641,8.334,8334,5,29270.428,55506.128,129338.017,1168108.833,0.511460711
123.828183112,0.22,220,2,25632.887,723856.243,129346.351,1168133.409,0
124.829143569,0.22,220,2,25633.107,723872.627,129346.571,1168157.985,1.000960457
125.628858812,0.11,110,2,25633.217,723889.011,129346.681,1168174.369,0.799715243
123.651066874,162.46,162460,3,22269.865,194220.624,129346.901,1168182.561,0
124.652006588,8.334,8334,5,29278.762,55530.704,129347.07,1168182.561,1.000939714
123.696492902,205.9,205900,4,26417.732,193201.952,129347.239,1168182.561,0
123.995237176,8.334,8334,7,25742.48,1125.568,129347.408,1168182.561,0.298744274
125.830163112,0.22,220,2,25633.437,723897.203,129347.577,1168182.561,1.834925936
126.209853155,0.169,169,3,22270.034,194232.912,129347.746,1168217.345,0.379690043
126.209854273,0.169,169,5,29278.931,55536.848,129347.915,1168217.345,1.11800000013e-06
126.209883885,0.169,169,4,26417.901,193202.944,129348.084,1168217.345,2.96119999916e-05
126.210101581,0.169,169,7,25742.649,1131.712,129348.253,1168217.345,0.000217696000007
126.210119949,0.169,169,2,25633.606,723906.419,129348.422,1168217.345,1.83679999992e-05
126.21478388,0.169,169,4,26418.07,193204.832,129348.591,1168233.569,0.004663931
126.214671016,0.169,169,5,29279.1,55541.456,129357.03,1168233.569,0
126.214998223,0.169,169,2,25633.775,723908.467,129365.469,1168233.569,0.000327206999998
126.214602432,0.169,169,3,22270.203,194235.984,129373.908,1168233.569,0
126.214857912,0.169,169,7,25742.818,1136.32,129382.347,1168233.569,0.000255479999993
126.269371827,8.439,8439,5,29287.539,55552.144,129390.786,1168253.953,0.054513915
126.269699103,8.439,8439,2,25642.214,723919.139,129391.031,1168262.145,0.000327275999993
126.270354354,8.439,8439,7,25751.257,1147.008,129391.276,1168270.737,0.000655251000012
126.270028196,8.439,8439,3,22278.642,194246.656,129391.521,1168280.529,0
126.269074443,8.439,8439,4,26426.509,193208.096,129391.766,1168280.529,0
126.273912698,0.245,245,2,25642.459,723919.699,129392.011,1168281.089,0.00483825500001
126.27285565,0.245,245,5,29287.784,55552.736,129649.053,1168281.089,0
126.274706025,0.245,245,7,25751.502,1147.568,129906.095,1168282.129,0.001850375
126.275427905,0.245,245,4,26426.754,193208.64,130163.137,1168282.305,0.00072188
126.275383905,0.245,245,3,22278.887,194247.392,130420.179,1168282.545,0
126.27950049,257.042,257042,3,22535.929,194253.536,130677.221,1168304.017,0.00411658500001
126.275797155,257.042,257042,5,29544.826,55558.88,130677.466,1168304.017,0
126.395818982,0.245,245,3,22536.174,194254.192,130677.711,1168305.185,0.120021827
126.395966347,0.245,245,5,29545.071,55559.392,130939.855,1168305.185,0.000147365000004
126.39761977,1048.576,262144,3,23584.75,194254.192,132774.863,1168305.185,0.00165342300001
126.397644564,1048.576,262144,5,30593.647,55559.392,133299.151,1168305.185,2.4793999998e-05
126.401207656,524.288,262144,3,24109.038,194254.192,134085.583,1168305.185,0.00356309199999
126.402161479,786.432,262144,5,31380.079,55559.392,134609.871,1168305.185,0.000953823000003
126.275758324,257.042,257042,2,25899.501,723925.843,135396.303,1168307.233,0
126.405637829,524.288,262144,3,24633.326,194254.192,135396.548,1168307.233,0.129879505
126.406594654,786.432,262144,5,32166.511,55559.392,135920.836,1168307.233,0.000956825000003
126.410055988,524.288,262144,3,25157.614,194254.192,136707.268,1168307.569,0.00346133399999
126.411028668,786.432,262144,5,32952.943,55559.392,137231.556,1168307.569,0.000972680000004
126.414499989,524.288,262144,3,25681.902,194254.192,137755.844,1168307.569,0.00347132100001
126.276545225,257.042,257042,7,26008.544,1153.712,138095.347,1168309.777,0
126.415856097,524.288,262144,5,33477.231,55559.392,138095.592,1168309.777,0.139310872
126.408499924,0.245,245,2,25899.746,723926.339,138508.943,1168309.777,0
126.417576358,339.503,262144,3,26021.405,194254.192,139819.663,1168309.777,0.00907643400001
126.419527304,413.351,262144,5,33890.582,55559.392,139897.022,1168309.777,0.00195094599999
126.419646384,1310.72,262144,2,27210.466,723926.339,140048.229,1168310.113,0.000119080000005
126.419407946,0.245,245,7,26008.789,1154.208,140834.661,1168310.273,0
126.431777186,786.432,262144,2,27996.898,723926.339,141883.237,1168310.273,0.01236924
126.434625174,1048.576,262144,7,27057.365,1154.208,142669.669,1168310.273,0.002847988
126.438890032,786.432,262144,2,28783.33,723926.339,143456.101,1168311.297,0.004264858
126.44020661,786.432,262144,7,27843.797,1154.208,144242.533,1168311.297,0.001316578
126.443771938,786.432,262144,2,29569.762,723926.339,144766.821,1168312.321,0.00356532799999
126.445505468,524.288,262144,7,28368.085,1154.208,145167.755,1168312.321,0.00173353
126.447824758,400.934,262144,2,29970.696,723926.339,145692.043,1168312.321,0.00231929
126.449153977,524.288,262144,7,28892.373,1154.208,145728.858,1168312.321,0.001329219
126.278732585,257.042,257042,4,26683.796,193210.592,146253.146,1168313.281,0
126.454720257,524.288,262144,7,29416.661,1154.208,146253.457,1168313.281,0.175987672
126.458914087,449.551,262144,7,29866.212,1154.208,146703.008,1168313.281,0.00419382999999
126.462291541,187.407,187407,7,30053.619,1158.208,146890.415,1168322.705,0.003377454
126.45285752,36.815,36815,2,30007.511,723939.027,146898.854,1168345.697,0
126.426034068,151.207,151207,5,34041.789,55563.888,146899.074,1168365.553,0
126.944466125,8.439,8439,5,34050.228,55583.344,146907.513,1168385.009,0.518432057
127.233469427,8.439,8439,5,34058.667,55624.304,146915.952,1168425.969,0.289003302
126.687544138,8.439,8439,7,30062.058,1174.592,146924.017,1168425.969,0
127.695907352,8.065,8065,5,34066.732,55644.784,146932.082,1168511.985,1.008363214
127.696200895,8.065,8065,7,30070.123,1272.896,146932.327,1168544.753,0.000293542999998
127.699465067,0.245,245,5,34066.977,55645.232,146932.572,1168545.489,0.003264172
127.700055296,0.245,245,7,30070.368,1273.312,147316.137,1168545.617,0.000590228999997
126.831499595,0.22,220,2,30007.731,723955.411,147699.702,1168576.337,0
127.701086992,383.565,262144,5,34450.542,55654.448,147699.922,1168595.793,0.869587397
127.701698801,383.565,262144,7,30453.933,1297.888,147700.154,1168603.985,0.000611809000006
127.911167827,0.232,232,7,30454.165,53507.552,147700.386,1243800.337,0.209469026
127.832774827,0.22,220,2,30007.951,723971.795,147700.632,1251730.193,0
128.631259187,0.11,110,2,30008.061,723988.179,147700.742,1280582.417,0.79848436
127.905790537,0.232,232,5,34450.774,115374.064,147700.962,1280590.609,0
126.421288981,77.359,77359,3,26098.764,194266.88,147701.208,1280602.897,0
128.844625566,0.246,246,5,34451.02,115386.352,147701.377,1280602.897,2.423336585
128.598614254,0.246,246,7,30454.411,53532.128,147701.546,1280602.897,0
128.833696383,0.22,220,2,30008.281,723996.371,147701.715,1280602.897,0.235082129
126.45851669,0.311,311,4,26684.107,193214.656,147701.884,1280602.897,0
128.859635296,0.169,169,5,34451.189,115389.424,147702.053,1280634.609,2.401118606
128.85980955,0.169,169,2,30008.45,724010.707,147710.387,1280634.609,0.000174254000001
128.859850337,0.169,169,4,26684.276,193216.672,147718.721,1280634.609,4.07870000174e-05
128.859720013,0.169,169,7,30454.58,53538.272,147727.055,1280634.609,0
128.859543315,0.169,169,3,26098.933,194273.024,147735.389,1280634.609,0
129.436046165,8.334,8334,5,34459.523,115400.096,147743.723,1280655.361,0.57650285
129.436393206,8.334,8334,2,30016.784,724029.651,147743.968,1280688.385,0.000347040999998
129.43706941,8.334,8334,7,30462.914,53557.216,147744.213,1280688.497,0.000676204000001
129.439629791,0.245,245,5,34459.768,115400.464,147744.458,1280688.497,0.002560381
129.437455213,8.334,8334,3,26107.267,194291.968,148793.034,1280705.409,0
129.436754425,8.334,8334,4,26692.61,193223.168,148793.279,1280709.505,0
129.440854318,0.245,245,2,30017.029,724030.067,148793.524,1280709.633,0.00409989299999
129.441006083,0.245,245,7,30463.159,53557.568,149579.956,1280709.745,0.000151764999998
129.441270293,1048.576,262144,5,35508.344,115400.464,151152.82,1280709.745,0.000264210000012
129.444139862,1048.576,262144,5,36556.92,115400.464,152201.396,1280710.465,0.00286956899998
129.442672636,0.245,245,3,26107.512,194292.56,152725.684,1280710.657,0
129.443102788,0.245,245,4,26692.855,193223.632,153774.26,1280710.801,0.000430152000007
129.447665659,524.288,262144,5,37081.208,115400.464,154560.692,1280710.801,0.00456287099999
129.443341925,1310.72,262144,2,31327.749,724030.067,155347.124,1280710.801,0
129.451767577,524.288,262144,5,37605.496,115400.464,156133.556,1280710.801,0.008425652
129.443566674,1048.576,262144,7,31511.735,53557.568,156657.844,1280710.801,0
129.457032702,524.288,262144,5,38129.784,115400.464,157444.276,1280710.801,0.013466028
129.454918746,786.432,262144,2,32114.181,724030.067,157985.384,1280710.801,0
129.457626353,786.432,262144,7,32298.167,53557.568,159033.96,1280710.801,0.00270760699999
129.449076593,1048.576,262144,3,27156.088,194292.56,159558.248,1280710.801,0
129.463742424,541.108,262144,5,38670.892,115400.464,160344.68,1280710.801,0.014665831
129.451509723,1048.576,262144,4,27741.431,193223.632,160465.338,1280710.801,0
129.464291447,1048.576,262144,2,33162.757,724030.067,160989.626,1280710.801,0.012781724
129.468537517,524.288,262144,7,32822.455,53557.568,161776.058,1280710.801,0.00424606999999
129.474723779,524.288,262144,4,28265.719,193223.632,162300.346,1280710.801,0.006186262
129.471694273,786.432,262144,3,27942.52,194292.56,163086.778,1280710.801,0
129.47959011,524.288,262144,7,33346.743,53557.568,163873.21,1280710.801,0.00789583700001
129.476476097,786.432,262144,2,33949.189,724030.067,164397.498,1280710.801,0
129.482215583,786.432,262144,4,29052.151,193223.632,165006.606,1280710.801,0.00573948600001
129.483995349,786.432,262144,3,28728.952,194292.56,165793.038,1280710.801,0.001779766
129.491448531,524.288,262144,7,33871.031,53557.568,166579.47,1280710.801,0.00745318200001
129.4922897,609.108,262144,2,34558.297,724030.067,167250.898,1280710.801,0.000841168999983
129.493709364,786.432,262144,4,29838.583,193223.632,167401.964,1280710.801,0.00141966400003
129.496244462,786.432,262144,3,29515.384,194292.56,168188.396,1280714.897,0.00253509799998
129.503424565,786.432,262144,4,30625.015,193223.632,168974.828,1280714.897,0.007180103
129.502090457,671.428,262144,7,34542.459,53557.568,169761.26,1280714.897,0
129.505762782,786.432,262144,3,30301.816,194292.56,169952.87,1280714.897,0.003672325
129.509241297,786.432,262144,4,31411.447,193223.632,170546.106,1280714.897,0.00347851499998
129.514894669,593.236,262144,3,30895.052,194292.56,171256.63,1280714.897,0.00565337200001
129.518347273,710.524,262144,4,32121.971,193223.632,171410.592,1280714.897,0.00345260399999
129.526275865,216.7,213330,4,32338.671,193223.632,171627.292,1280714.897,0.00792859200001
129.502706946,151.066,151066,2,34709.363,724046.451,171630.662,1280749.713,0
129.511257126,191.61,191610,7,34734.069,53571.904,171630.882,1280770.193,0.00855018000001
129.474135296,120.658,120658,5,38791.55,115408.656,171639.216,1280845.969,0
129.898165335,8.334,8334,5,38799.884,115457.808,171647.55,1280930.961,0.424030039
129.524243065,153.962,153962,3,31049.014,194306.896,171655.884,1280959.633,0
129.855209663,8.334,8334,7,34742.403,53670.208,171656.025,1280959.633,0.330966598
130.171278837,8.334,8334,5,38808.218,115478.288,171656.166,1280959.633,0.316069174
129.834654186,0.22,220,2,34709.583,724068.979,171656.307,1280959.633,0
129.532490692,3.37,3370,4,32342.041,193228.752,171656.448,1280959.633,0
131.379399995,0.141,141,3,31049.155,194372.432,171656.589,1281129.617,1.846909303
131.379774135,0.141,141,5,38808.359,115484.432,171656.758,1281129.617,0.000374139999991
131.379592897,0.141,141,7,34742.544,53686.592,171656.927,1281129.617,0
131.379928205,0.141,141,4,32342.182,193245.136,171657.096,1281129.617,0.00033530799999
131.379832173,0.141,141,2,34709.724,724134.515,171657.265,1281129.617,0
131.388658086,0.169,169,3,31049.324,194421.584,171657.434,1281257.105,0.00882591299998
131.388825845,0.169,169,4,32342.351,193257.424,171657.603,1281265.297,0.000167759000021
131.388813413,0.169,169,7,34742.713,53698.88,171657.772,1281265.297,0
131.388711444,0.169,169,5,38808.528,115489.04,171657.941,1281265.297,0
131.3888894,0.169,169,2,34709.893,724183.667,171658.11,1281265.297,0.000177956000016
131.392894099,0.169,169,3,31049.493,194429.776,171658.279,1281274.481,0.00400469899998
131.394230233,0.169,169,5,38808.697,115490.544,171658.448,1281274.481,0.00133613400001
131.394050741,0.169,169,4,32342.52,193258.448,171658.617,1281274.481,0
131.394146004,0.169,169,7,34742.882,53701.44,171658.786,1281274.481,9.52629999915e-05
131.394283033,0.169,169,2,34710.062,724187.763,171658.955,1281274.481,0.000137029000001
131.402620476,0.169,169,3,31049.662,194435.92,171659.124,1281296.257,0.00833744300002
131.402758482,0.169,169,5,38808.866,115492.432,171659.293,1281296.257,0.000138005999986
131.402814704,0.169,169,4,32342.689,193260.992,171659.462,1281296.257,5.6222000012e-05
131.40291367,0.169,169,7,34743.051,53703.424,171659.631,1281296.257,9.89659999959e-05
131.403092952,0.169,169,2,34710.231,724196.979,171659.8,1281296.257,0.000179282000005
131.406946654,0.169,169,3,31049.831,194436.944,171659.969,1281301.633,0.00385370199999
131.407063988,0.169,169,5,38809.035,115493.328,171660.11,1281301.633,0.000117334000009
131.407161067,0.169,169,4,32342.858,193261.968,171660.251,1281301.633,9.70789999997e-05
131.407213099,0.169,169,7,34743.22,53704.368,171660.392,1281301.633,5.2031999985e-05
131.407390077,0.169,169,2,34710.4,724198.515,171660.533,1281301.633,0.000176978000013
131.408776426,0.31,141,3,31050.141,194438.416,171661.519,1281308.625,0.001386349
131.408897112,0.31,141,5,38809.345,115494.608,171661.688,1281308.625,0.000120686000002
131.408957175,0.31,141,4,32343.168,193262.912,171661.857,1281308.625,6.00630000065e-05
131.408987417,0.31,141,7,34743.53,53706.16,171662.026,1281309.089,3.02419999798e-05
131.409075277,0.31,141,2,34710.71,724200.019,171662.195,1281309.089,8.78600000078e-05
131.411531316,0.169,169,3,31050.31,194439.824,171662.364,1281317.409,0.00245603900001
131.411687411,0.169,169,5,38809.514,115496.208,171662.533,1281317.409,0.000156094999994
131.411854052,0.169,169,7,34743.699,53707.824,171662.702,1281317.409,0.000166640999993
131.411969779,0.169,169,2,34710.879,724201.907,171662.871,1281318.689,0.000115727000008
131.411737627,0.169,169,4,32343.337,193265.136,171663.04,1281319.057,0
131.416307063,0.169,169,7,34743.868,53708.608,171663.209,1281321.569,0.004569436
131.416496053,0.169,169,4,32343.506,193265.968,171671.648,1281321.569,0.000188989999998
131.415664942,0.169,169,3,31050.479,194440.72,171680.087,1281321.569,0
131.415795405,0.169,169,5,38809.683,115496.96,171688.526,1281321.569,0.000130463000005
131.416441856,0.169,169,2,34711.048,724202.803,171696.965,1281321.569,0.000646450999994
131.606320891,8.439,8439,3,31058.918,194443.872,171705.404,1281332.225,0.189879035
131.607052268,8.439,8439,5,38818.122,115499.92,171705.649,1281334.065,0.000731376999994
131.607507703,8.439,8439,2,34719.487,724205.955,171705.894,1281335.233,0.000455435000021
131.605673113,8.439,8439,4,32351.945,193268.896,171706.139,1281336.881,0
131.610616129,0.245,245,3,31059.163,194444.384,171706.384,1281337.473,0.004943016
131.610709577,0.245,245,5,38818.367,115500.032,171963.426,1281337.601,9.34480000012e-05
131.605232554,8.439,8439,7,34752.307,53711.696,172220.468,1281337.713,0
131.611559126,0.245,245,2,34719.732,724206.307,172220.713,1281338.097,0.00632657200001
131.612080841,0.245,245,4,32352.19,193269.296,172477.755,1281338.225,0.000521714999991
131.612658568,0.245,245,7,34752.552,53711.696,172734.797,1281338.225,0.000577727000007
131.613435552,257.042,257042,2,34976.774,724215.459,172991.839,1281353.889,0.000776983999998
131.612449533,257.042,257042,3,31316.205,194446.272,172991.949,1281363.009,0
131.725579981,0.245,245,3,31316.45,194446.72,172992.194,1281363.457,0.113130448
131.727213429,1048.576,262144,3,32365.026,194446.72,174040.77,1281363.457,0.00163344799998
131.729739029,786.432,262144,3,33151.458,194446.72,174827.202,1281363.457,0.00252560000001
131.732537639,786.432,262144,3,33937.89,194446.72,175613.634,1281363.457,0.00279860999999
131.735184624,524.288,262144,3,34462.178,194446.72,176137.922,1281363.457,0.00264698500001
131.737392726,786.432,262144,3,35248.61,194446.72,176924.354,1281363.457,0.002208102
131.6124598,257.042,257042,5,39075.409,115501.6,177213.24,1281364.225,0
131.739879495,288.886,262144,3,35537.496,194446.72,177213.485,1281364.225,0.127419695
131.617749648,257.042,257042,7,35009.594,53713.328,177240.227,1281365.025,0
131.741803552,0.245,245,5,39075.654,115501.6,177240.472,1281365.025,0.124053904
131.616365464,257.042,257042,4,32609.232,193274.208,178289.048,1281366.017,0
131.74712022,1048.576,262144,5,40124.23,115501.6,178289.293,1281366.017,0.130754756
131.745220607,0.245,245,7,35009.839,53713.328,178813.581,1281366.017,0
131.749499922,524.288,262144,5,40648.518,115501.6,179862.157,1281366.241,0.00427931500002
131.749934684,1048.576,262144,7,36058.415,53713.328,180648.589,1281367.137,0.000434761999998
131.748614334,0.245,245,4,32609.477,193274.432,181172.877,1281367.137,0
131.753105269,786.432,262144,5,41434.95,115501.6,182221.453,1281367.137,0.00449093500001
131.754819872,524.288,262144,7,36582.703,53713.328,183007.885,1281367.137,0.00171460300001
131.756353307,1048.576,262144,4,33658.053,193274.432,183532.173,1281367.137,0.001533435
131.75810339,786.432,262144,5,42221.382,115501.6,184056.461,1281367.137,0.00175008299999
131.761637639,524.288,262144,7,37106.991,53713.328,184842.893,1281367.137,0.00353424900001
131.763829398,524.288,262144,4,34182.341,193274.432,185367.181,1281367.137,0.002191759
131.766674382,524.288,262144,7,37631.279,53713.328,185891.469,1281367.137,0.00284498399998
131.764929049,786.432,262144,5,43007.814,115501.6,186677.901,1281367.137,0
131.773234434,786.432,262144,7,38417.711,53713.328,187074.561,1281367.137,0.008305385
131.632884045,0.11,110,2,34976.884,724224.579,187589.957,1281368.065,0
131.774610028,396.66,262144,5,43404.474,115501.6,187590.235,1281368.065,0.141725983
131.772133107,524.288,262144,4,34706.629,193274.432,187645.937,1281368.065,0
131.77798902,515.396,262144,7,38933.107,53713.328,188170.225,1281368.065,0.005855913
131.780707941,524.288,262144,4,35230.917,193274.432,188265.023,1281368.065,0.002718921
131.788584711,524.288,262144,4,35755.205,193274.432,188789.311,1281368.065,0.00787677
131.793875607,524.288,262144,4,36279.493,193274.432,189313.599,1281368.065,0.00529089599999
131.797550865,361.286,262144,4,36640.779,193274.432,189674.885,1281368.065,0.00367525800002
131.785947504,94.798,94798,7,39027.905,53717.408,189774.027,1281378.193,0
131.779629661,55.702,55702,5,43460.176,115505.504,189782.466,1281389.761,0
132.173219307,8.439,8439,5,43468.615,115510.944,189790.905,1281398.673,0.393589646
132.457054283,8.439,8439,5,43477.054,115520.16,189799.344,1281407.889,0.283834976
132.028118313,8.439,8439,7,39036.344,53723.04,189807.409,1281407.889,0
133.004645705,8.065,8065,5,43485.119,115569.312,189815.474,1281465.233,0.976527392
133.004890569,8.065,8065,7,39044.409,53737.376,189815.719,1281471.377,0.000244863999995
133.007751757,0.245,245,5,43485.364,115569.44,189815.964,1281471.505,0.002861188
133.008954843,0.245,245,7,39044.654,53737.504,190199.531,1281471.633,0.001203086
133.011665802,383.567,262144,7,39428.221,53742.112,190583.098,1281484.433,0.00271095900001
133.009426551,383.567,262144,5,43868.931,115581.728,190583.33,1281488.529,0
133.202430075,0.232,232,7,39428.453,140728.192,190583.562,1444632.049,0.193003524
133.268318551,0.232,232,5,43869.163,209138.976,190583.808,1462038.001,0.065888476
131.741912225,26.742,26742,3,35564.238,194451.072,190584.054,1462062.577,0
134.150701849,0.246,246,5,43869.409,209163.552,190584.223,1462062.577,2.408789624
131.800301075,99.142,99142,4,36739.921,193278.176,190584.392,1462062.577,0
134.003995483,0.246,246,7,39428.699,140734.336,190584.561,1462062.577,2.203694408
131.779437528,0.278,278,2,34977.162,724228.931,190584.73,1462062.577,0
134.162139127,0.169,169,3,35564.407,194453.024,190584.899,1462077.713,2.382701599
134.162196676,0.169,169,4,36740.09,193281.248,190593.233,1462077.713,5.75490000188e-05
134.162144505,0.169,169,5,43869.578,209169.696,190601.567,1462077.713,0
134.16229641,0.169,169,2,34977.331,724230.883,190609.901,1462077.713,0.000151905000024
134.16225674,0.169,169,7,39428.868,140736.352,190618.235,1462077.713,0
134.608018732,8.334,8334,3,35572.741,194457.392,190626.569,1462086.881,0.445761992
134.612573571,0.245,245,3,35572.986,194457.76,190626.814,1462089.297,0.00455483900001
134.608936936,8.334,8334,2,34985.665,724235.251,190888.958,1462089.297,0
134.608285177,8.334,8334,4,36748.424,193291.92,191937.779,1462097.489,0
134.609270777,8.334,8334,7,39437.202,140742.848,191938.024,1462106.545,0.000985600000007
134.614327006,1310.72,262144,3,36883.706,194457.76,191938.269,1462106.545,0.00505622899999
134.608618808,8.334,8334,5,43877.912,209188.64,192724.701,1462122.929,0
134.614465083,0.245,245,2,34985.91,724235.251,192724.946,1462122.929,0.00584627500001
134.617683579,786.432,262144,3,37670.138,194457.76,194035.666,1462122.929,0.00321849599999
134.615089115,0.245,245,4,36748.669,193291.92,194297.81,1462122.929,0
134.620400125,786.432,262144,3,38456.57,194457.76,195870.674,1462123.409,0.00531101000001
134.617256778,0.245,245,7,39437.447,140743.2,196657.106,1462123.521,0
134.618012601,0.245,245,5,43878.157,209188.992,197967.826,1462123.633,0.000755822999992
134.623709694,786.432,262144,3,39243.002,194457.76,199016.402,1462123.633,0.00569709300001
134.61909975,1310.72,262144,2,36296.63,724235.251,199802.834,1462123.633,0
134.628771232,786.432,262144,3,40029.434,194457.76,200589.266,1462123.633,0.00967148199999
134.620515852,1048.576,262144,4,37797.245,193291.92,201193.774,1462131.825,0
134.631704216,786.432,262144,2,37083.062,724243.443,201455.918,1462131.825,0.011188364
134.634376064,604.508,262144,3,40633.942,194457.76,201980.316,1462131.825,0.00267184800001
134.635604153,0.11,110,2,37083.172,724243.443,202119.67,1462131.825,0.00122808899999
134.635563646,786.432,262144,4,38583.677,193291.92,202906.102,1462140.017,0
134.641061412,786.432,262144,2,37869.604,724251.635,203692.534,1462140.017,0.00549776599999
134.627128844,1048.576,262144,5,44926.733,209188.992,204478.966,1462140.017,0
134.646531311,786.432,262144,4,39370.109,193291.92,205265.398,1462140.017,0.019402467
134.625025923,1310.72,262144,7,40748.167,140743.2,206051.83,1462140.017,0
134.649904506,786.432,262144,2,38656.036,724251.635,206838.262,1462140.017,0.024878583
134.652628316,786.432,262144,5,45713.165,209188.992,207624.694,1462140.017,0.00272380999999
134.654148411,786.432,262144,4,40156.541,193291.92,208411.126,1462140.017,0.00152009499999
134.654648754,786.432,262144,7,41534.599,140743.2,208935.414,1462140.017,0.000500342999999
134.664082705,786.432,262144,5,46499.597,209188.992,209983.99,1462140.017,0.00943395100001
134.665633531,524.288,262144,4,40680.829,193291.92,210770.422,1462140.017,0.001550826
134.662070089,786.432,262144,2,39442.468,724251.635,211556.854,1462141.041,0
134.666526591,1048.576,262144,7,42583.175,140743.2,212605.43,1462141.041,0.00445650200001
134.674819964,786.432,262144,5,47286.029,209188.992,213391.862,1462141.041,0.00829337299999
134.676010409,786.432,262144,4,41467.261,193291.92,214178.294,1462141.041,0.00119044500002
134.677933908,1048.576,262144,2,40491.044,724251.635,214905.882,1462141.041,0.00192349899999
134.681211978,786.432,262144,7,43369.607,140743.2,215207.356,1462141.041,0.00327806999999
134.684423979,786.432,262144,5,48072.461,209188.992,215993.788,1462141.041,0.00321200100001
134.687048265,727.588,262144,4,42194.849,193291.92,216780.22,1462141.041,0.00262428599999
134.690912793,786.432,262144,7,44156.039,140743.2,216994.87,1462141.041,0.00386452800001
134.693891594,786.432,262144,5,48858.893,209188.992,217780.144,1462141.041,0.00297880100001
134.700546071,785.274,262144,7,44941.313,140743.2,218549.49,1462141.041,0.00665447699998
134.703390986,769.346,262144,5,49628.239,209188.992,218810.476,1462141.041,0.002844915
134.71048721,260.986,260986,7,45202.299,140748.32,219055.534,1462165.425,0.00709622400001
134.712927883,245.058,245058,5,49873.297,209201.28,219063.868,1462185.905,0.002440673
135.102527636,8.334,8334,5,49881.631,209299.584,219072.202,1462292.401,0.389599753
134.687762672,301.474,262144,2,40792.518,724255.635,219080.536,1462316.977,0
134.696825696,214.65,214650,4,42409.499,193300.112,219080.666,1462316.977,0.009063024
134.639962459,139.354,139354,3,40773.296,194461.76,219080.796,1462316.977,0
135.055892446,8.334,8334,7,45210.633,140768.8,219080.926,1462316.977,0.415929987
135.401733212,8.334,8334,5,49889.965,209324.16,219081.056,1462316.977,0.345840766
135.703332459,0.13,130,2,40792.648,724263.827,219081.186,1462325.169,0.301599247
135.742203044,0.122,122,2,40792.77,724280.211,219081.308,1462341.553,0.038870585
135.84594417,0.122,122,2,40792.892,724304.787,219081.43,1462366.129,0.103741126
