time,size,first_call,destination,dest_out_traffic,dest_in_traffic,total_network_out,total_network_in,dens10
3.805421911,0.244,244,2,0.244,24.576,0.244,354.841,0
3.861868937,0.183,183,2,0.427,40.96,0.427,371.225,0.056447026
4.872919816,0.183,183,2,0.61,57.344,0.61,387.609,1.011050879
5.87396553,0.183,183,2,0.793,73.728,0.793,403.993,1.001045714
6.874989104,0.183,183,2,0.976,90.112,0.976,420.377,1.001023574
7.875978963,0.183,183,2,1.159,106.496,1.159,436.761,1.000989859
8.877117398,0.183,183,2,1.342,122.88,1.342,453.145,1.001138435
9.878097966,0.183,183,2,1.525,139.264,1.525,469.529,1.000980568
10.879121034,0.183,183,2,1.708,155.648,1.708,485.913,1.001023068
11.880464326,0.183,183,2,1.891,172.032,1.891,502.297,1.001343292
12.881405044,0.183,183,2,2.074,188.416,2.074,518.681,1.000940718
13.882323762,0.183,183,2,2.257,204.8,2.257,535.065,1.000918718
14.883111762,0.183,183,2,2.44,221.184,2.44,551.449,1.000788
15.883869106,0.183,183,2,2.623,237.568,2.623,567.833,1.000757344
16.884760945,0.183,183,2,2.806,253.952,2.806,584.217,1.000891839
17.885626701,0.183,183,2,2.989,270.336,2.989,600.601,1.000865756
18.88761901,0.183,183,2,3.172,286.72,3.172,616.985,1.001992309
19.888618153,0.183,183,2,3.355,303.104,3.355,633.369,1.000999143
20.889404072,0.183,183,2,3.538,319.488,3.538,649.753,1.000785919
21.890193469,0.183,183,2,3.721,335.872,3.721,666.137,1.000789397
22.891101304,0.183,183,2,3.904,352.256,3.904,682.521,1.000907835
23.891893282,0.183,183,2,4.087,368.64,4.087,698.905,1.000791978
24.893448892,0.183,183,2,4.27,385.024,4.27,715.289,1.00155561
25.894191928,0.183,183,2,4.453,401.408,4.453,731.673,1.000743036
26.895006127,0.183,183,2,4.636,417.792,4.636,748.057,1.000814199
27.895830807,0.183,183,2,4.819,434.176,4.819,764.441,1.00082468
28.896598509,0.183,183,2,5.002,450.56,5.002,780.825,1.000767702
29.897417324,0.183,183,2,5.185,466.944,5.185,797.209,1.000818815
30.898396744,0.183,183,2,5.368,483.328,5.368,813.593,1.00097942
31.899298728,0.183,183,2,5.551,499.712,5.551,829.977,1.000901984
32.900102067,0.183,183,2,5.734,516.096,5.734,846.361,1.000803339
33.900885199,0.183,183,2,5.917,532.48,5.917,862.745,1.000783132
34.901776059,0.183,183,2,6.1,548.864,6.1,879.129,1.00089086
35.902539196,0.183,183,2,6.283,565.248,6.283,895.513,1.000763137
36.903247436,0.183,183,2,6.466,581.632,6.466,911.897,1.00070824
37.903974029,0.183,183,2,6.649,598.016,6.649,928.281,1.000726593
38.904701549,0.183,183,2,6.832,614.4,6.832,944.665,1.00072752
39.905581341,0.183,183,2,7.015,630.784,7.015,961.049,1.000879792
40.906262413,0.183,183,2,7.198,647.168,7.198,977.433,1.000681072
41.907036967,0.183,183,2,7.381,663.552,7.381,993.817,1.000774554
42.907903004,0.183,183,2,7.564,679.936,7.564,1010.201,1.000866037
43.908945204,0.183,183,2,7.747,696.32,7.747,1026.585,1.0010422
44.911522655,0.183,183,2,7.93,712.704,7.93,1042.969,1.002577451
45.912385692,0.183,183,2,8.113,729.088,8.113,1059.353,1.000863037
46.913324151,0.183,183,2,8.296,745.472,8.296,1075.737,1.000938459
47.914105808,0.183,183,2,8.479,761.856,8.479,1092.121,1.000781657
48.91474974,0.183,183,2,8.662,778.24,8.662,1108.505,1.000643932
49.915456444,0.183,183,2,8.845,794.624,8.845,1124.889,1.000706704
50.916106504,0.183,183,2,9.028,811.008,9.028,1141.273,1.00065006
51.916740074,0.183,183,2,9.211,827.392,9.211,1157.657,1.00063357
52.917411049,0.183,183,2,9.394,843.776,9.394,1174.041,1.000670975
53.917987889,0.183,183,2,9.577,860.16,9.577,1190.425,1.00057684
54.918833744,0.183,183,2,9.76,876.544,9.76,1206.809,1.000845855
55.919448365,0.183,183,2,9.943,892.928,9.943,1223.193,1.000614621
56.920018825,0.183,183,2,10.126,909.312,10.126,1239.577,1.00057046
57.920613533,0.183,183,2,10.309,925.696,10.309,1255.961,1.000594708
58.921229728,0.183,183,2,10.492,942.08,10.492,1272.345,1.000616195
59.921941725,0.183,183,2,10.675,958.464,10.675,1288.729,1.000711997
60.922629635,0.183,183,2,10.858,974.848,10.858,1305.113,1.00068791
61.923279143,0.183,183,2,11.041,991.232,11.041,1321.497,1.000649508
62.924056405,0.183,183,2,11.224,1007.616,11.224,1337.881,1.000777262
63.924716672,0.183,183,2,11.407,1024.0,11.407,1354.265,1.000660267
64.925379014,0.183,183,2,11.59,1040.384,11.59,1370.649,1.000662342
65.926197003,0.183,183,2,11.773,1056.768,11.773,1387.033,1.000817989
66.927471915,0.184,184,2,11.957,1073.152,11.957,1403.417,1.001274912
67.928296476,0.184,184,2,12.141,1089.536,12.141,1419.801,1.000824561
68.928909145,0.184,184,2,12.325,1105.92,12.325,1436.185,1.000612669
69.929622879,0.184,184,2,12.509,1122.304,12.509,1452.569,1.000713734
70.930237822,0.184,184,2,12.693,1138.688,12.693,1468.953,1.000614943
71.930821907,0.184,184,2,12.877,1155.072,12.877,1485.337,1.000584085
72.931517649,0.184,184,2,13.061,1171.456,13.061,1501.721,1.000695742
73.932181515,0.184,184,2,13.245,1187.84,13.245,1518.105,1.000663866
74.932811992,0.184,184,2,13.429,1204.224,13.429,1534.489,1.000630477
75.933382518,0.184,184,2,13.613,1220.608,13.613,1550.873,1.000570526
76.93393162,0.184,184,2,13.797,1236.992,13.797,1567.257,1.000549102
77.934524759,0.184,184,2,13.981,1253.376,13.981,1583.641,1.000593139
78.935131242,0.184,184,2,14.165,1269.76,14.165,1600.025,1.000606483
79.93585466,0.184,184,2,14.349,1286.144,14.349,1616.409,1.000723418
80.936592928,0.184,184,2,14.533,1302.528,14.533,1632.793,1.000738268
81.937424881,0.184,184,2,14.717,1318.912,14.717,1649.177,1.000831953
82.938322936,0.184,184,2,14.901,1335.296,14.901,1665.561,1.000898055
83.939072721,0.184,184,2,15.085,1351.68,15.085,1681.945,1.000749785
84.939714684,0.184,184,2,15.269,1368.064,15.269,1698.329,1.000641963
85.940488203,0.184,184,2,15.453,1384.448,15.453,1714.713,1.000773519
86.944978373,0.184,184,2,15.637,1400.832,15.637,1731.097,1.00449017
87.947157799,0.184,184,2,15.821,1417.216,15.821,1747.481,1.002179426
88.948190345,0.184,184,2,16.005,1433.6,16.005,1763.865,1.001032546
89.948995816,0.184,184,2,16.189,1449.984,16.189,1780.249,1.000805471
90.949590257,0.184,184,2,16.373,1466.368,16.373,1796.633,1.000594441
91.950206722,0.184,184,2,16.557,1482.752,16.557,1813.017,1.000616465
92.950801862,0.184,184,2,16.741,1499.136,16.741,1829.401,1.00059514
93.951394989,0.184,184,2,16.925,1515.52,16.925,1845.785,1.000593127
94.951976421,0.184,184,2,17.109,1531.904,17.109,1862.169,1.000581432
95.952614132,0.184,184,2,17.293,1548.288,17.293,1878.553,1.000637711
96.953506198,0.184,184,2,17.477,1564.672,17.477,1894.937,1.000892066
97.954098498,0.184,184,2,17.661,1581.056,17.661,1911.321,1.0005923
98.954659146,0.184,184,2,17.845,1597.44,17.845,1927.705,1.000560648
99.955282489,0.184,184,2,18.029,1613.824,18.029,1944.089,1.000623343
100.95600497,0.184,184,2,18.213,1630.208,18.213,1960.473,1.000722481
101.956664798,0.184,184,2,18.397,1646.592,18.397,1976.857,1.000659828
102.957373247,0.184,184,2,18.581,1662.976,18.581,1993.241,1.000708449
103.958164199,0.184,184,2,18.765,1679.36,18.765,2009.625,1.000790952
104.958759263,0.184,184,2,18.949,1695.744,18.949,2026.009,1.000595064
105.959465586,0.184,184,2,19.133,1712.128,19.133,2042.393,1.000706323
106.96013882,0.184,184,2,19.317,1728.512,19.317,2058.777,1.000673234
107.960829859,0.184,184,2,19.501,1744.896,19.501,2075.161,1.000691039
108.961512774,0.184,184,2,19.685,1761.28,19.685,2091.545,1.000682915
109.962179831,0.184,184,2,19.869,1777.664,19.869,2107.929,1.000667057
110.962783112,0.184,184,2,20.053,1794.048,20.053,2124.313,1.000603281
111.96330931,0.184,184,2,20.237,1810.432,20.237,2140.697,1.000526198
112.963851277,0.184,184,2,20.421,1826.816,20.421,2157.081,1.000541967
113.964350881,0.184,184,2,20.605,1843.2,20.605,2173.465,1.000499604
114.964891885,0.184,184,2,20.789,1859.584,20.789,2189.849,1.000541004
115.965446734,0.184,184,2,20.973,1875.968,20.973,2206.233,1.000554849
116.966067369,0.184,184,2,21.157,1892.352,21.157,2222.617,1.000620635
117.966696407,0.184,184,2,21.341,1908.736,21.341,2239.001,1.000629038
118.96741987,0.184,184,2,21.525,1925.12,21.525,2255.385,1.000723463
119.96826359,0.184,184,2,21.709,1941.504,21.709,2271.769,1.00084372
120.969008364,0.184,184,2,21.893,1957.888,21.893,2288.153,1.000744774
121.969667731,0.184,184,2,22.077,1974.272,22.077,2304.537,1.000659367
122.970374208,0.184,184,2,22.261,1990.656,22.261,2320.921,1.000706477
123.971054218,0.184,184,2,22.445,2007.04,22.445,2337.305,1.00068001
124.971717981,0.184,184,2,22.629,2023.424,22.629,2353.689,1.000663763
125.972361441,0.184,184,2,22.813,2039.808,22.813,2370.073,1.00064346
126.973008133,0.184,184,2,22.997,2056.192,22.997,2386.457,1.000646692
127.973764621,0.184,184,2,23.181,2072.576,23.181,2402.841,1.000756488
128.97471694,0.184,184,2,23.365,2088.96,23.365,2419.225,1.000952319
129.975904855,0.184,184,2,23.549,2105.344,23.549,2435.609,1.001187915
130.977891239,0.184,184,2,23.733,2121.728,23.733,2451.993,1.001986384
131.979127935,0.185,185,2,23.918,2138.112,23.918,2468.377,1.001236696
132.979746453,0.185,185,2,24.103,2154.496,24.103,2484.761,1.000618518
133.980414075,0.185,185,2,24.288,2170.88,24.288,2501.145,1.000667622
134.981043784,0.185,185,2,24.473,2187.264,24.473,2517.529,1.000629709
135.981686154,0.185,185,2,24.658,2203.648,24.658,2533.913,1.00064237
136.982273328,0.185,185,2,24.843,2220.032,24.843,2550.297,1.000587174
137.982868653,0.185,185,2,25.028,2236.416,25.028,2566.681,1.000595325
138.983521563,0.185,185,2,25.213,2252.8,25.213,2583.065,1.00065291
139.984154568,0.185,185,2,25.398,2269.184,25.398,2599.449,1.000633005
140.984708635,0.185,185,2,25.583,2285.568,25.583,2615.833,1.000554067
141.985306539,0.185,185,2,25.768,2301.952,25.768,2632.217,1.000597904
142.985876785,0.185,185,2,25.953,2318.336,25.953,2648.601,1.000570246
143.986484864,0.185,185,2,26.138,2334.72,26.138,2664.985,1.000608079
144.987059666,0.185,185,2,26.323,2351.104,26.323,2681.369,1.000574802
145.98763464,0.185,185,2,26.508,2367.488,26.508,2697.753,1.000574974
146.988245012,0.185,185,2,26.693,2383.872,26.693,2714.137,1.000610372
147.988814581,0.185,185,2,26.878,2400.256,26.878,2730.521,1.000569569
148.989352018,0.185,185,2,27.063,2416.64,27.063,2746.905,1.000537437
149.989956701,0.185,185,2,27.248,2433.024,27.248,2763.289,1.000604683
150.990538531,0.185,185,2,27.433,2449.408,27.433,2779.673,1.00058183
151.991101806,0.185,185,2,27.618,2465.792,27.618,2796.057,1.000563275
152.991656471,0.185,185,2,27.803,2482.176,27.803,2812.441,1.000554665
153.992314332,0.185,185,2,27.988,2498.56,27.988,2828.825,1.000657861
154.992902733,0.185,185,2,28.173,2514.944,28.173,2845.209,1.000588401
155.993441667,0.185,185,2,28.358,2531.328,28.358,2861.593,1.000538934
156.994026669,0.185,185,2,28.543,2547.712,28.543,2877.977,1.000585002
157.99457557,0.185,185,2,28.728,2564.096,28.728,2894.361,1.000548901
158.995105008,0.185,185,2,28.913,2580.48,28.913,2910.745,1.000529438
159.995737919,0.185,185,2,29.098,2596.864,29.098,2927.129,1.000632911
160.996364111,0.185,185,2,29.283,2613.248,29.283,2943.513,1.000626192
161.996921208,0.185,185,2,29.468,2629.632,29.468,2959.897,1.000557097
162.997588235,0.185,185,2,29.653,2646.016,29.653,2976.281,1.000667027
163.998327287,0.185,185,2,29.838,2662.4,29.838,2992.665,1.000739052
164.998937171,0.185,185,2,30.023,2678.784,30.023,3009.049,1.000609884
165.999506764,0.185,185,2,30.208,2695.168,30.208,3025.433,1.000569593
167.000119264,0.185,185,2,30.393,2711.552,30.393,3041.817,1.0006125
168.000702033,0.185,185,2,30.578,2727.936,30.578,3058.201,1.000582769
169.001244463,0.185,185,2,30.763,2744.32,30.763,3074.585,1.00054243
170.001895287,0.185,185,2,30.948,2760.704,30.948,3090.969,1.000650824
171.002537124,0.185,185,2,31.133,2777.088,31.133,3107.353,1.000641837
172.00312401,0.185,185,2,31.318,2793.472,31.318,3123.737,1.000586886
173.003696516,0.185,185,2,31.503,2809.856,31.503,3140.121,1.000572506
174.004274276,0.185,185,2,31.688,2826.24,31.688,3156.505,1.00057776
175.004825488,0.185,185,2,31.873,2842.624,31.873,3172.889,1.000551212
176.005349635,0.185,185,2,32.058,2859.008,32.058,3189.273,1.000524147
177.005880683,0.185,185,2,32.243,2875.392,32.243,3205.657,1.000531048
178.006443555,0.185,185,2,32.428,2891.776,32.428,3222.041,1.000562872
179.00701082,0.185,185,2,32.613,2908.16,32.613,3238.425,1.000567265
180.007667047,0.185,185,2,32.798,2924.544,32.798,3254.809,1.000656227
181.008262498,0.185,185,2,32.983,2940.928,32.983,3271.193,1.000595451
182.008800677,0.185,185,2,33.168,2957.312,33.168,3287.577,1.000538179
183.009373839,0.185,185,2,33.353,2973.696,33.353,3303.961,1.000573162
184.010003982,0.185,185,2,33.538,2990.08,33.538,3320.345,1.000630143
185.010592043,0.185,185,2,33.723,3006.464,33.723,3336.729,1.000588061
186.01113432,0.185,185,2,33.908,3022.848,33.908,3353.113,1.000542277
187.011715605,0.185,185,2,34.093,3039.232,34.093,3369.497,1.000581285
188.012303756,0.185,185,2,34.278,3055.616,34.278,3385.881,1.000588151
189.012887582,0.185,185,2,34.463,3072.0,34.463,3402.265,1.000583826
190.013546075,0.185,185,2,34.648,3088.384,34.648,3418.649,1.000658493
191.014154056,0.185,185,2,34.833,3104.768,34.833,3435.033,1.000607981
192.014756168,0.185,185,2,35.018,3121.152,35.018,3451.417,1.000602112
193.015440344,0.185,185,2,35.203,3137.536,35.203,3467.801,1.000684176
194.016234807,0.185,185,2,35.388,3153.92,35.388,3484.185,1.000794463
195.017460761,0.185,185,2,35.573,3170.304,35.573,3500.569,1.001225954
196.018286933,0.185,185,2,35.758,3186.688,35.758,3516.953,1.000826172
197.018906431,0.185,185,2,35.943,3203.072,35.943,3533.337,1.000619498
198.019518561,0.185,185,2,36.128,3219.456,36.128,3549.721,1.00061213
199.020149962,0.185,185,2,36.313,3235.84,36.313,3566.105,1.000631401
200.02085733,0.185,185,2,36.498,3252.224,36.498,3582.489,1.000707368
201.021477303,0.185,185,2,36.683,3268.608,36.683,3598.873,1.000619973
202.022029682,0.185,185,2,36.868,3284.992,36.868,3615.257,1.000552379
203.022582695,0.185,185,2,37.053,3301.376,37.053,3631.641,1.000553013
204.023151559,0.185,185,2,37.238,3317.76,37.238,3648.025,1.000568864
205.023839893,0.185,185,2,37.423,3334.144,37.423,3664.409,1.000688334
206.024481409,0.185,185,2,37.608,3350.528,37.608,3680.793,1.000641516
207.025209267,0.185,185,2,37.793,3366.912,37.793,3697.177,1.000727858
208.025865387,0.185,185,2,37.978,3383.296,37.978,3713.561,1.00065612
209.026475248,0.185,185,2,38.163,3399.68,38.163,3729.945,1.000609861
210.0271142,0.185,185,2,38.348,3416.064,38.348,3746.329,1.000638952
211.027708762,0.185,185,2,38.533,3432.448,38.533,3762.713,1.000594562
212.02826543,0.185,185,2,38.718,3448.832,38.718,3779.097,1.000556668
213.028804854,0.185,185,2,38.903,3465.216,38.903,3795.481,1.000539424
214.029371175,0.185,185,2,39.088,3481.6,39.088,3811.865,1.000566321
215.029972715,0.185,185,2,39.273,3497.984,39.273,3828.249,1.00060154
216.030773497,0.185,185,2,39.458,3514.368,39.458,3844.633,1.000800782
217.032069203,0.185,185,2,39.643,3530.752,39.643,3861.017,1.001295706
218.032878392,0.185,185,2,39.828,3547.136,39.828,3877.401,1.000809189
219.033419504,0.185,185,2,40.013,3563.52,40.013,3893.785,1.000541112
220.034042239,0.185,185,2,40.198,3579.904,40.198,3910.169,1.000622735
221.034616919,0.185,185,2,40.383,3596.288,40.383,3926.553,1.00057468
222.035194393,0.185,185,2,40.568,3612.672,40.568,3942.937,1.000577474
223.035857407,0.185,185,2,40.753,3629.056,40.753,3959.321,1.000663014
224.03661728,0.185,185,2,40.938,3645.44,40.938,3975.705,1.000759873
225.037313786,0.185,185,2,41.123,3661.824,41.123,3992.089,1.000696506
226.037963102,0.185,185,2,41.308,3678.208,41.308,4008.473,1.000649316
227.038659976,0.185,185,2,41.493,3694.592,41.493,4024.857,1.000696874
228.039323655,0.185,185,2,41.678,3710.976,41.678,4041.241,1.000663679
229.039994202,0.185,185,2,41.863,3727.36,41.863,4057.625,1.000670547
230.040658329,0.185,185,2,42.048,3743.744,42.048,4074.009,1.000664127
231.041281782,0.185,185,2,42.233,3760.128,42.233,4090.393,1.000623453
232.041870619,0.185,185,2,42.418,3776.512,42.418,4106.777,1.000588837
233.042474393,0.185,185,2,42.603,3792.896,42.603,4123.161,1.000603774
234.043157322,0.185,185,2,42.788,3809.28,42.788,4139.545,1.000682929
235.043813061,0.185,185,2,42.973,3825.664,42.973,4155.929,1.000655739
236.044384561,0.185,185,2,43.158,3842.048,43.158,4172.313,1.0005715
237.045005432,0.185,185,2,43.343,3858.432,43.343,4188.697,1.000620871
238.045625515,0.185,185,2,43.528,3874.816,43.528,4205.081,1.000620083
239.04621977,0.185,185,2,43.713,3891.2,43.713,4221.465,1.000594255
240.047468433,0.185,185,2,43.898,3907.584,43.898,4237.849,1.001248663
241.048119291,0.185,185,2,44.083,3923.968,44.083,4254.233,1.000650858
242.048716108,0.185,185,2,44.268,3940.352,44.268,4270.617,1.000596817
243.049292826,0.185,185,2,44.453,3956.736,44.453,4287.001,1.000576718
244.049892766,0.185,185,2,44.638,3973.12,44.638,4303.385,1.00059994
245.050424024,0.185,185,2,44.823,3989.504,44.823,4319.769,1.000531258
246.05097602,0.185,185,2,45.008,4005.888,45.008,4336.153,1.000551996
247.051546276,0.185,185,2,45.193,4022.272,45.193,4352.537,1.000570256
248.052222032,0.185,185,2,45.378,4038.656,45.378,4368.921,1.000675756
249.052901696,0.185,185,2,45.563,4055.04,45.563,4385.305,1.000679664
250.053636852,0.185,185,2,45.748,4071.424,45.748,4401.689,1.000735156
251.054399523,0.185,185,2,45.933,4087.808,45.933,4418.073,1.000762671
252.054996823,0.185,185,2,46.118,4104.192,46.118,4434.457,1.0005973
253.055698674,0.185,185,2,46.303,4120.576,46.303,4450.841,1.000701851
254.056591757,0.185,185,2,46.488,4136.96,46.488,4467.225,1.000893083
255.057442344,0.185,185,2,46.673,4153.344,46.673,4483.609,1.000850587
256.05818356,0.185,185,2,46.858,4169.728,46.858,4499.993,1.000741216
257.059151985,0.185,185,2,47.043,4186.112,47.043,4516.377,1.000968425
258.060111403,0.185,185,2,47.228,4202.496,47.228,4532.761,1.000959418
259.06118711,0.185,185,2,47.413,4218.88,47.413,4549.145,1.001075707
260.062474559,0.185,185,2,47.598,4235.264,47.598,4565.529,1.001287449
261.063143394,0.185,185,2,47.783,4251.648,47.783,4581.913,1.000668835
262.063721278,0.185,185,2,47.968,4268.032,47.968,4598.297,1.000577884
263.064344743,0.185,185,2,48.153,4284.416,48.153,4614.681,1.000623465
264.065031915,0.185,185,2,48.338,4300.8,48.338,4631.065,1.000687172
265.065737397,0.185,185,2,48.523,4317.184,48.523,4647.449,1.000705482
266.066353278,0.185,185,2,48.708,4333.568,48.708,4663.833,1.000615881
267.067036518,0.185,185,2,48.893,4349.952,48.893,4680.217,1.00068324
268.067672437,0.185,185,2,49.078,4366.336,49.078,4696.601,1.000635919
269.06824865,0.185,185,2,49.263,4382.72,49.263,4712.985,1.000576213
270.068827384,0.185,185,2,49.448,4399.104,49.448,4729.369,1.000578734
271.069388071,0.185,185,2,49.633,4415.488,49.633,4745.753,1.000560687
272.069908521,0.185,185,2,49.818,4431.872,49.818,4762.137,1.00052045
273.070492487,0.185,185,2,50.003,4448.256,50.003,4778.521,1.000583966
274.071062799,0.185,185,2,50.188,4464.64,50.188,4794.905,1.000570312
275.071689971,0.185,185,2,50.373,4481.024,50.373,4811.289,1.000627172
276.072349082,0.185,185,2,50.558,4497.408,50.558,4827.673,1.000659111
277.072877113,0.185,185,2,50.743,4513.792,50.743,4844.057,1.000528031
278.073393126,0.185,185,2,50.928,4530.176,50.928,4860.441,1.000516013
279.073897665,0.185,185,2,51.113,4546.56,51.113,4876.825,1.000504539
280.074493162,0.185,185,2,51.298,4562.944,51.298,4893.209,1.000595497
281.07505246,0.185,185,2,51.483,4579.328,51.483,4909.593,1.000559298
282.075571358,0.185,185,2,51.668,4595.712,51.668,4925.977,1.000518898
283.076167997,0.185,185,2,51.853,4612.096,51.853,4942.361,1.000596639
284.076743411,0.185,185,2,52.038,4628.48,52.038,4958.745,1.000575414
285.077259935,0.185,185,2,52.223,4644.864,52.223,4975.129,1.000516524
286.077818606,0.185,185,2,52.408,4661.248,52.408,4991.513,1.000558671
287.078349341,0.185,185,2,52.593,4677.632,52.593,5007.897,1.000530735
288.0788772,0.185,185,2,52.778,4694.016,52.778,5024.281,1.000527859
289.079388127,0.185,185,2,52.963,4710.4,52.963,5040.665,1.000510927
290.079969123,0.185,185,2,53.148,4726.784,53.148,5057.049,1.000580996
291.08054759,0.185,185,2,53.333,4743.168,53.333,5073.433,1.000578467
292.08106717,0.185,185,2,53.518,4759.552,53.518,5089.817,1.00051958
293.08157752,0.185,185,2,53.703,4775.936,53.703,5106.201,1.00051035
294.082109124,0.185,185,2,53.888,4792.32,53.888,5122.585,1.000531604
295.082630294,0.185,185,2,54.073,4808.704,54.073,5138.969,1.00052117
296.083131353,0.185,185,2,54.258,4825.088,54.258,5155.353,1.000501059
297.08364758,0.185,185,2,54.443,4841.472,54.443,5171.737,1.000516227
298.084160861,0.185,185,2,54.628,4857.856,54.628,5188.121,1.000513281
299.08464232,0.185,185,2,54.813,4874.24,54.813,5204.505,1.000481459
300.085197693,0.185,185,2,54.998,4890.624,54.998,5220.889,1.000555373
301.085752582,0.185,185,2,55.183,4907.008,55.183,5237.273,1.000554889
302.086260919,0.185,185,2,55.368,4923.392,55.368,5253.657,1.000508337
303.086827501,0.185,185,2,55.553,4939.776,55.553,5270.041,1.000566582
304.087398016,0.185,185,2,55.738,4956.16,55.738,5286.425,1.000570515
305.087930004,0.185,185,2,55.923,4972.544,55.923,5302.809,1.000531988
306.08845348,0.185,185,2,56.108,4988.928,56.108,5319.193,1.000523476
307.089020275,0.185,185,2,56.293,5005.312,56.293,5335.577,1.000566795
308.089562888,0.185,185,2,56.478,5021.696,56.478,5351.961,1.000542613
309.090070351,0.185,185,2,56.663,5038.08,56.663,5368.345,1.000507463
310.09067139,0.185,185,2,56.848,5054.464,56.848,5384.729,1.000601039
311.091309371,0.185,185,2,57.033,5070.848,57.033,5401.113,1.000637981
312.091906035,0.185,185,2,57.218,5087.232,57.218,5417.497,1.000596664
313.092441531,0.185,185,2,57.403,5103.616,57.403,5433.881,1.000535496
314.092986925,0.185,185,2,57.588,5120.0,57.588,5450.265,1.000545394
315.093495245,0.185,185,2,57.773,5136.384,57.773,5466.649,1.00050832
316.093998584,0.185,185,2,57.958,5152.768,57.958,5483.033,1.000503339
317.09452464,0.185,185,2,58.143,5169.152,58.143,5499.417,1.000526056
318.095051196,0.185,185,2,58.328,5185.536,58.328,5515.801,1.000526556
319.095570359,0.185,185,2,58.513,5201.92,58.513,5532.185,1.000519163
320.096178133,0.185,185,2,58.698,5218.304,58.698,5548.569,1.000607774
321.09674688,0.185,185,2,58.883,5234.688,58.883,5564.953,1.000568747
322.097274238,0.185,185,2,59.068,5251.072,59.068,5581.337,1.000527358
323.09781279,0.185,185,2,59.253,5267.456,59.253,5597.721,1.000538552
324.098339654,0.185,185,2,59.438,5283.84,59.438,5614.105,1.000526864
325.098900232,0.185,185,2,59.623,5300.224,59.623,5630.489,1.000560578
326.099513127,0.185,185,2,59.808,5316.608,59.808,5646.873,1.000612895
327.100080438,0.185,185,2,59.993,5332.992,59.993,5663.257,1.000567311
328.10059919,0.185,185,2,60.178,5349.376,60.178,5679.641,1.000518752
329.101100538,0.185,185,2,60.363,5365.76,60.363,5696.025,1.000501348
330.101666908,0.185,185,2,60.548,5382.144,60.548,5712.409,1.00056637
331.102220344,0.185,185,2,60.733,5398.528,60.733,5728.793,1.000553436
332.102753975,0.185,185,2,60.918,5414.912,60.918,5745.177,1.000533631
333.103273501,0.185,185,2,61.103,5431.296,61.103,5761.561,1.000519526
334.103796597,0.185,185,2,61.288,5447.68,61.288,5777.945,1.000523096
335.104298531,0.185,185,2,61.473,5464.064,61.473,5794.329,1.000501934
336.104816739,0.185,185,2,61.658,5480.448,61.658,5810.713,1.000518208
337.105332891,0.185,185,2,61.843,5496.832,61.843,5827.097,1.000516152
338.105847513,0.185,185,2,62.028,5513.216,62.028,5843.481,1.000514622
339.106335396,0.185,185,2,62.213,5529.6,62.213,5859.865,1.000487883
340.106914856,0.185,185,2,62.398,5545.984,62.398,5876.249,1.00057946
341.107479785,0.185,185,2,62.583,5562.368,62.583,5892.633,1.000564929
342.107982428,0.185,185,2,62.768,5578.752,62.768,5909.017,1.000502643
343.108604376,0.185,185,2,62.953,5595.136,62.953,5925.401,1.000621948
344.109274123,0.185,185,2,63.138,5611.52,63.138,5941.785,1.000669747
345.109946661,0.185,185,2,63.323,5627.904,63.323,5958.169,1.000672538
346.110597028,0.185,185,2,63.508,5644.288,63.508,5974.553,1.000650367
347.111202753,0.185,185,2,63.693,5660.672,63.693,5990.937,1.000605725
348.111766551,0.185,185,2,63.878,5677.056,63.878,6007.321,1.000563798
349.112310249,0.185,185,2,64.063,5693.44,64.063,6023.705,1.000543698
350.112893221,0.185,185,2,64.248,5709.824,64.248,6040.089,1.000582972
351.113468828,0.185,185,2,64.433,5726.208,64.433,6056.473,1.000575607
352.113985977,0.185,185,2,64.618,5742.592,64.618,6072.857,1.000517149
353.114538724,0.185,185,2,64.803,5758.976,64.803,6089.241,1.000552747
354.115069005,0.185,185,2,64.988,5775.36,64.988,6105.625,1.000530281
355.115609427,0.185,185,2,65.173,5791.744,65.173,6122.009,1.000540422
356.116117417,0.185,185,2,65.358,5808.128,65.358,6138.393,1.00050799
357.116633779,0.185,185,2,65.543,5824.512,65.543,6154.777,1.000516362
358.117195267,0.185,185,2,65.728,5840.896,65.728,6171.161,1.000561488
359.11773229,0.185,185,2,65.913,5857.28,65.913,6187.545,1.000537023
360.118284068,0.185,185,2,66.098,5873.664,66.098,6203.929,1.000551778
361.118950556,0.185,185,2,66.283,5890.048,66.283,6220.313,1.000666488
362.119654266,0.185,185,2,66.468,5906.432,66.468,6236.697,1.00070371
363.120301085,0.185,185,2,66.653,5922.816,66.653,6253.081,1.000646819
364.120934053,0.185,185,2,66.838,5939.2,66.838,6269.465,1.000632968
365.121595786,0.185,185,2,67.023,5955.584,67.023,6285.849,1.000661733
366.122139506,0.185,185,2,67.208,5971.968,67.208,6302.233,1.00054372
367.122673364,0.185,185,2,67.393,5988.352,67.393,6318.617,1.000533858
368.12319303,0.185,185,2,67.578,6004.736,67.578,6335.001,1.000519666
369.123702277,0.185,185,2,67.763,6021.12,67.763,6351.385,1.000509247
370.124314916,0.185,185,2,67.948,6037.504,67.948,6367.769,1.000612639
371.124897532,0.185,185,2,68.133,6053.888,68.133,6384.153,1.000582616
372.125411093,0.185,185,2,68.318,6070.272,68.318,6400.537,1.000513561
373.125928124,0.185,185,2,68.503,6086.656,68.503,6416.921,1.000517031
374.126521232,0.185,185,2,68.688,6103.04,68.688,6433.305,1.000593108
375.12714261,0.185,185,2,68.873,6119.424,68.873,6449.689,1.000621378
376.127655852,0.185,185,2,69.058,6135.808,69.058,6466.073,1.000513242
377.128192779,0.185,185,2,69.243,6152.192,69.243,6482.457,1.000536927
378.128704627,0.185,185,2,69.428,6168.576,69.428,6498.841,1.000511848
379.129212021,0.185,185,2,69.613,6184.96,69.613,6515.225,1.000507394
380.129817529,0.185,185,2,69.798,6201.344,69.798,6531.609,1.000605508
381.130467248,0.185,185,2,69.983,6217.728,69.983,6547.993,1.000649719
382.131635404,0.185,185,2,70.168,6234.112,70.168,6564.377,1.001168156
383.132180381,0.185,185,2,70.353,6250.496,70.353,6580.761,1.000544977
384.132818239,0.185,185,2,70.538,6266.88,70.538,6597.145,1.000637858
385.133659703,0.185,185,2,70.723,6283.264,70.723,6613.529,1.000841464
386.134709872,0.185,185,2,70.908,6299.648,70.908,6629.913,1.001050169
387.136462119,0.185,185,2,71.093,6316.032,71.093,6646.297,1.001752247
388.137659381,0.185,185,2,71.278,6332.416,71.278,6662.681,1.001197262
389.13827597,0.185,185,2,71.463,6348.8,71.463,6679.065,1.000616589
390.138826321,0.185,185,2,71.648,6365.184,71.648,6695.449,1.000550351
391.139469776,0.185,185,2,71.833,6381.568,71.833,6711.833,1.000643455
392.140127488,0.185,185,2,72.018,6397.952,72.018,6728.217,1.000657712
393.140628116,0.185,185,2,72.203,6414.336,72.203,6744.601,1.000500628
394.14110422,0.185,185,2,72.388,6430.72,72.388,6760.985,1.000476104
395.141657703,0.185,185,2,72.573,6447.104,72.573,6777.369,1.000553483
396.14217761,0.185,185,2,72.758,6463.488,72.758,6793.753,1.000519907
397.14268895,0.185,185,2,72.943,6479.872,72.943,6810.137,1.00051134
398.143188024,0.185,185,2,73.128,6496.256,73.128,6826.521,1.000499074
399.143652726,0.185,185,2,73.313,6512.64,73.313,6842.905,1.000464702
400.144169822,0.185,185,2,73.498,6529.024,73.498,6859.289,1.000517096
401.144755312,0.185,185,2,73.683,6545.408,73.683,6875.673,1.00058549
402.14527938,0.185,185,2,73.868,6561.792,73.868,6892.057,1.000524068
403.145838895,0.185,185,2,74.053,6578.176,74.053,6908.441,1.000559515
404.146588383,0.185,185,2,74.238,6594.56,74.238,6924.825,1.000749488
405.147161328,0.185,185,2,74.423,6610.944,74.423,6941.209,1.000572945
406.147650806,0.185,185,2,74.608,6627.328,74.608,6957.593,1.000489478
407.148201158,0.185,185,2,74.793,6643.712,74.793,6973.977,1.000550352
408.14869473,0.185,185,2,74.978,6660.096,74.978,6990.361,1.000493572
409.149160575,0.185,185,2,75.163,6676.48,75.163,7006.745,1.000465845
410.14962247,0.185,185,2,75.348,6692.864,75.348,7023.129,1.000461895
411.150162085,0.185,185,2,75.533,6709.248,75.533,7039.513,1.000539615
412.15068258,0.185,185,2,75.718,6725.632,75.718,7055.897,1.000520495
413.15115775,0.185,185,2,75.903,6742.016,75.903,7072.281,1.00047517
414.151647954,0.185,185,2,76.088,6758.4,76.088,7088.665,1.000490204
415.152137317,0.185,185,2,76.273,6774.784,76.273,7105.049,1.000489363
416.152602485,0.185,185,2,76.458,6791.168,76.458,7121.433,1.000465168
417.15306739,0.185,185,2,76.643,6807.552,76.643,7137.817,1.000464905
418.153540977,0.185,185,2,76.828,6823.936,76.828,7154.201,1.000473587
419.15402775,0.185,185,2,77.013,6840.32,77.013,7170.585,1.000486773
420.154474546,0.185,185,2,77.198,6856.704,77.198,7186.969,1.000446796
421.155028825,0.185,185,2,77.383,6873.088,77.383,7203.353,1.000554279
422.155546814,0.185,185,2,77.568,6889.472,77.568,7219.737,1.000517989
423.156091014,0.185,185,2,77.753,6905.856,77.753,7236.121,1.0005442
424.156740094,0.185,185,2,77.938,6922.24,77.938,7252.505,1.00064908
425.157320234,0.185,185,2,78.123,6938.624,78.123,7268.889,1.00058014
426.157790391,0.185,185,2,78.308,6955.008,78.308,7285.273,1.000470157
427.158304797,0.185,185,2,78.493,6971.392,78.493,7301.657,1.000514406
428.158873998,0.185,185,2,78.678,6987.776,78.678,7318.041,1.000569201
429.159411317,0.185,185,2,78.863,7004.16,78.863,7334.425,1.000537319
430.159899163,0.185,185,2,79.048,7020.544,79.048,7350.809,1.000487846
431.160464196,0.185,185,2,79.233,7036.928,79.233,7367.193,1.000565033
432.161017963,0.185,185,2,79.418,7053.312,79.418,7383.577,1.000553767
433.161508282,0.185,185,2,79.603,7069.696,79.603,7399.961,1.000490319
434.162070949,0.185,185,2,79.788,7086.08,79.788,7416.345,1.000562667
435.162544146,0.185,185,2,79.973,7102.464,79.973,7432.729,1.000473197
436.163032935,0.185,185,2,80.158,7118.848,80.158,7449.113,1.000488789
437.16352288,0.185,185,2,80.343,7135.232,80.343,7465.497,1.000489945
438.164019489,0.185,185,2,80.528,7151.616,80.528,7481.881,1.000496609
439.164501453,0.185,185,2,80.713,7168.0,80.713,7498.265,1.000481964
440.164987844,0.185,185,2,80.898,7184.384,80.898,7514.649,1.000486391
441.165542144,0.185,185,2,81.083,7200.768,81.083,7531.033,1.0005543
442.16606223,0.185,185,2,81.268,7217.152,81.268,7547.417,1.000520086
443.166545448,0.185,185,2,81.453,7233.536,81.453,7563.801,1.000483218
444.167073116,0.185,185,2,81.638,7249.92,81.638,7580.185,1.000527668
445.167636231,0.185,185,2,81.823,7266.304,81.823,7596.569,1.000563115
446.16813116,0.185,185,2,82.008,7282.688,82.008,7612.953,1.000494929
447.168635771,0.185,185,2,82.193,7299.072,82.193,7629.337,1.000504611
448.1692645,0.185,185,2,82.378,7315.456,82.378,7645.721,1.000628729
449.169765259,0.185,185,2,82.563,7331.84,82.563,7662.105,1.000500759
450.170245363,0.185,185,2,82.748,7348.224,82.748,7678.489,1.000480104
451.170828948,0.185,185,2,82.933,7364.608,82.933,7694.873,1.000583585
452.171357883,0.185,185,2,83.118,7380.992,83.118,7711.257,1.000528935
453.171830842,0.185,185,2,83.303,7397.376,83.303,7727.641,1.000472959
454.172335079,0.185,185,2,83.488,7413.76,83.488,7744.025,1.000504237
455.17280835,0.185,185,2,83.673,7430.144,83.673,7760.409,1.000473271
456.17327425,0.185,185,2,83.858,7446.528,83.858,7776.793,1.0004659
457.173752053,0.185,185,2,84.043,7462.912,84.043,7793.177,1.000477803
458.17425197,0.185,185,2,84.228,7479.296,84.228,7809.561,1.000499917
459.174736911,0.185,185,2,84.413,7495.68,84.413,7825.945,1.000484941
460.175283152,0.185,185,2,84.598,7512.064,84.598,7842.329,1.000546241
461.176326938,0.185,185,2,84.783,7528.448,84.783,7858.713,1.001043786
462.177092556,0.185,185,2,84.968,7544.832,84.968,7875.097,1.000765618
463.177613785,0.185,185,2,85.153,7561.216,85.153,7891.481,1.000521229
464.178153878,0.185,185,2,85.338,7577.6,85.338,7907.865,1.000540093
465.178626098,0.185,185,2,85.523,7593.984,85.523,7924.249,1.00047222
466.179115441,0.185,185,2,85.708,7610.368,85.708,7940.633,1.000489343
467.179656327,0.185,185,2,85.893,7626.752,85.893,7957.017,1.000540886
468.18017952,0.185,185,2,86.078,7643.136,86.078,7973.401,1.000523193
469.180653735,0.185,185,2,86.263,7659.52,86.263,7989.785,1.000474215
470.18111513,0.185,185,2,86.448,7675.904,86.448,8006.169,1.000461395
471.181701218,0.185,185,2,86.633,7692.288,86.633,8022.553,1.000586088
472.182246249,0.185,185,2,86.818,7708.672,86.818,8038.937,1.000545031
473.182803268,0.185,185,2,87.003,7725.056,87.003,8055.321,1.000557019
474.183293505,0.185,185,2,87.188,7741.44,87.188,8071.705,1.000490237
475.183775384,0.185,185,2,87.373,7757.824,87.373,8088.089,1.000481879
476.184271278,0.185,185,2,87.558,7774.208,87.558,8104.473,1.000495894
477.184829541,0.185,185,2,87.743,7790.592,87.743,8120.857,1.000558263
478.185480608,0.185,185,2,87.928,7806.976,87.928,8137.241,1.000651067
479.186053857,0.185,185,2,88.113,7823.36,88.113,8153.625,1.000573249
480.186717295,0.185,185,2,88.298,7839.744,88.298,8170.009,1.000663438
481.187334619,0.185,185,2,88.483,7856.128,88.483,8186.393,1.000617324
482.187885737,0.185,185,2,88.668,7872.512,88.668,8202.777,1.000551118
483.188400305,0.185,185,2,88.853,7888.896,88.853,8219.161,1.000514568
484.188879541,0.185,185,2,89.038,7905.28,89.038,8235.545,1.000479236
485.18934504,0.185,185,2,89.223,7921.664,89.223,8251.929,1.000465499
486.189810318,0.185,185,2,89.408,7938.048,89.408,8268.313,1.000465278
487.19050304,0.185,185,2,89.593,7954.432,89.593,8284.697,1.000692722
488.191093415,0.185,185,2,89.778,7970.816,89.778,8301.081,1.000590375
489.191573535,0.185,185,2,89.963,7987.2,89.963,8317.465,1.00048012
490.192144468,0.185,185,2,90.148,8003.584,90.148,8333.849,1.000570933
491.192749472,0.185,185,2,90.333,8019.968,90.333,8350.233,1.000605004
492.193273131,0.185,185,2,90.518,8036.352,90.518,8366.617,1.000523659
493.193753492,0.185,185,2,90.703,8052.736,90.703,8383.001,1.000480361
494.194280659,0.185,185,2,90.888,8069.12,90.888,8399.385,1.000527167
495.194744513,0.185,185,2,91.073,8085.504,91.073,8415.769,1.000463854
496.195212202,0.185,185,2,91.258,8101.888,91.258,8432.153,1.000467689
497.195749444,0.185,185,2,91.443,8118.272,91.443,8448.537,1.000537242
498.196339707,0.185,185,2,91.628,8134.656,91.628,8464.921,1.000590263
499.196880208,0.185,185,2,91.813,8151.04,91.813,8481.305,1.000540501
500.19735082,0.185,185,2,91.998,8167.424,91.998,8497.689,1.000470612
501.197899258,0.185,185,2,92.183,8183.808,92.183,8514.073,1.000548438
502.198420206,0.185,185,2,92.368,8200.192,92.368,8530.457,1.000520948
503.198873627,0.185,185,2,92.553,8216.576,92.553,8546.841,1.000453421
504.199339192,0.185,185,2,92.738,8232.96,92.738,8563.225,1.000465565
505.199797414,0.185,185,2,92.923,8249.344,92.923,8579.609,1.000458222
506.200265928,0.185,185,2,93.108,8265.728,93.108,8595.993,1.000468514
507.200769893,0.185,185,2,93.293,8282.112,93.293,8612.377,1.000503965
508.20126076,0.185,185,2,93.478,8298.496,93.478,8628.761,1.000490867
509.201783208,0.185,185,2,93.663,8314.88,93.663,8645.145,1.000522448
510.202299619,0.185,185,2,93.848,8331.264,93.848,8661.529,1.000516411
511.202857604,0.185,185,2,94.033,8347.648,94.033,8677.913,1.000557985
512.203368085,0.185,185,2,94.218,8364.032,94.218,8694.297,1.000510481
513.203834352,0.185,185,2,94.403,8380.416,94.403,8710.681,1.000466267
514.205803787,0.185,185,2,94.588,8396.8,94.588,8727.065,1.001969435
515.207701887,0.185,185,2,94.773,8413.184,94.773,8743.449,1.0018981
516.209193358,0.185,185,2,94.958,8429.568,94.958,8759.833,1.001491471
517.209865661,0.185,185,2,95.143,8445.952,95.143,8776.217,1.000672303
518.21037413,0.185,185,2,95.328,8462.336,95.328,8792.601,1.000508469
519.210832046,0.185,185,2,95.513,8478.72,95.513,8808.985,1.000457916
520.211255437,0.185,185,2,95.698,8495.104,95.698,8825.369,1.000423391
521.211771605,0.185,185,2,95.883,8511.488,95.883,8841.753,1.000516168
522.212290574,0.185,185,2,96.068,8527.872,96.068,8858.137,1.000518969
523.212818069,0.185,185,2,96.253,8544.256,96.253,8874.521,1.000527495
524.213363064,0.185,185,2,96.438,8560.64,96.438,8890.905,1.000544995
525.213817549,0.185,185,2,96.623,8577.024,96.623,8907.289,1.000454485
526.214254581,0.185,185,2,96.808,8593.408,96.808,8923.673,1.000437032
527.214710418,0.185,185,2,96.993,8609.792,96.993,8940.057,1.000455837
528.215163694,0.185,185,2,97.178,8626.176,97.178,8956.441,1.000453276
529.215616022,0.185,185,2,97.363,8642.56,97.363,8972.825,1.000452328
530.216151737,0.185,185,2,97.548,8658.944,97.548,8989.209,1.000535715
531.216691184,0.185,185,2,97.733,8675.328,97.733,9005.593,1.000539447
532.217186332,0.185,185,2,97.918,8691.712,97.918,9021.977,1.000495148
533.217633359,0.185,185,2,98.103,8708.096,98.103,9038.361,1.000447027
534.218068085,0.185,185,2,98.288,8724.48,98.288,9054.745,1.000434726
535.218505908,0.185,185,2,98.473,8740.864,98.473,9071.129,1.000437823
536.2189455,0.185,185,2,98.658,8757.248,98.658,9087.513,1.000439592
537.219390702,0.185,185,2,98.843,8773.632,98.843,9103.897,1.000445202
538.21983831,0.185,185,2,99.028,8790.016,99.028,9120.281,1.000447608
539.220326847,0.185,185,2,99.213,8806.4,99.213,9136.665,1.000488537
540.22083182,0.185,185,2,99.398,8822.784,99.398,9153.049,1.000504973
541.221423743,0.185,185,2,99.583,8839.168,99.583,9169.433,1.000591923
542.221911242,0.185,185,2,99.768,8855.552,99.768,9185.817,1.000487499
543.222347285,0.185,185,2,99.953,8871.936,99.953,9202.201,1.000436043
544.222820418,0.185,185,2,100.138,8888.32,100.138,9218.585,1.000473133
545.223270158,0.185,185,2,100.323,8904.704,100.323,9234.969,1.00044974
546.223704257,0.185,185,2,100.508,8921.088,100.508,9251.353,1.000434099
547.224207455,0.185,185,2,100.693,8937.472,100.693,9267.737,1.000503198
548.224654359,0.185,185,2,100.878,8953.856,100.878,9284.121,1.000446904
549.225072051,0.185,185,2,101.063,8970.24,101.063,9300.505,1.000417692
550.225508099,0.185,185,2,101.248,8986.624,101.248,9316.889,1.000436048
551.226017109,0.185,185,2,101.433,9003.008,101.433,9333.273,1.00050901
552.226486657,0.185,185,2,101.618,9019.392,101.618,9349.657,1.000469548
553.226927662,0.185,185,2,101.803,9035.776,101.803,9366.041,1.000441005
554.227421698,0.185,185,2,101.988,9052.16,101.988,9382.425,1.000494036
555.227833153,0.185,185,2,102.173,9068.544,102.173,9398.809,1.000411455
556.228294054,0.185,185,2,102.358,9084.928,102.358,9415.193,1.000460901
557.228760186,0.185,185,2,102.543,9101.312,102.543,9431.577,1.000466132
558.229197769,0.185,185,2,102.728,9117.696,102.728,9447.961,1.000437583
559.229628646,0.185,185,2,102.913,9134.08,102.913,9464.345,1.000430877
560.230055613,0.185,185,2,103.098,9150.464,103.098,9480.729,1.000426967
561.230546681,0.185,185,2,103.283,9166.848,103.283,9497.113,1.000491068
562.231018187,0.185,185,2,103.468,9183.232,103.468,9513.497,1.000471506
563.231479087,0.185,185,2,103.653,9199.616,103.653,9529.881,1.0004609
564.231934708,0.185,185,2,103.838,9216.0,103.838,9546.265,1.000455621
565.232377306,0.185,185,2,104.023,9232.384,104.023,9562.649,1.000442598
566.232798354,0.185,185,2,104.208,9248.768,104.208,9579.033,1.000421048
567.233222883,0.185,185,2,104.393,9265.152,104.393,9595.417,1.000424529
568.233671502,0.185,185,2,104.578,9281.536,104.578,9611.801,1.000448619
569.23411167,0.185,185,2,104.763,9297.92,104.763,9628.185,1.000440168
570.234582478,0.185,185,2,104.948,9314.304,104.948,9644.569,1.000470808
571.235121032,0.185,185,2,105.133,9330.688,105.133,9660.953,1.000538554
572.235599234,0.185,185,2,105.318,9347.072,105.318,9677.337,1.000478202
573.2360245,0.185,185,2,105.503,9363.456,105.503,9693.721,1.000425266
574.236648553,0.185,185,2,105.688,9379.84,105.688,9710.105,1.000624053
575.237194505,0.185,185,2,105.873,9396.224,105.873,9726.489,1.000545952
576.237665106,0.185,185,2,106.058,9412.608,106.058,9742.873,1.000470601
577.238102005,0.185,185,2,106.243,9428.992,106.243,9759.257,1.000436899
578.238533686,0.185,185,2,106.428,9445.376,106.428,9775.641,1.000431681
579.238978396,0.185,185,2,106.613,9461.76,106.613,9792.025,1.00044471
580.239407186,0.185,185,2,106.798,9478.144,106.798,9808.409,1.00042879
581.239907733,0.185,185,2,106.983,9494.528,106.983,9824.793,1.000500547
582.240394996,0.185,185,2,107.168,9510.912,107.168,9841.177,1.000487263
583.240844332,0.185,185,2,107.353,9527.296,107.353,9857.561,1.000449336
584.241342389,0.185,185,2,107.538,9543.68,107.538,9873.945,1.000498057
585.241773646,0.185,185,2,107.723,9560.064,107.723,9890.329,1.000431257
586.242224704,0.185,185,2,107.908,9576.448,107.908,9906.713,1.000451058
587.242723206,0.185,185,2,108.093,9592.832,108.093,9923.097,1.000498502
588.243234537,0.185,185,2,108.278,9609.216,108.278,9939.481,1.000511331
589.243696338,0.185,185,2,108.463,9625.6,108.463,9955.865,1.000461801
590.244189148,0.185,185,2,108.648,9641.984,108.648,9972.249,1.00049281
591.244723867,0.185,185,2,108.833,9658.368,108.833,9988.633,1.000534719
592.245211284,0.185,185,2,109.018,9674.752,109.018,10005.017,1.000487417
593.245652806,0.185,185,2,109.203,9691.136,109.203,10021.401,1.000441522
594.246099349,0.185,185,2,109.388,9707.52,109.388,10037.785,1.000446543
595.246548789,0.185,185,2,109.573,9723.904,109.573,10054.169,1.00044944
596.247013618,0.185,185,2,109.758,9740.288,109.758,10070.553,1.000464829
597.247530995,0.185,185,2,109.943,9756.672,109.943,10086.937,1.000517377
598.248024484,0.185,185,2,110.128,9773.056,110.128,10103.321,1.000493489
599.248473927,0.185,185,2,110.313,9789.44,110.313,10119.705,1.000449443
600.248899757,0.185,185,2,110.498,9805.824,110.498,10136.089,1.00042583
601.249421546,0.185,185,2,110.683,9822.208,110.683,10152.473,1.000521789
602.249917325,0.185,185,2,110.868,9838.592,110.868,10168.857,1.000495779
603.250376291,0.185,185,2,111.053,9854.976,111.053,10185.241,1.000458966
604.250819404,0.185,185,2,111.238,9871.36,111.238,10201.625,1.000443113
605.251237908,0.185,185,2,111.423,9887.744,111.423,10218.009,1.000418504
606.251659302,0.185,185,2,111.608,9904.128,111.608,10234.393,1.000421394
607.252100142,0.185,185,2,111.793,9920.512,111.793,10250.777,1.00044084
608.252532064,0.185,185,2,111.978,9936.896,111.978,10267.161,1.000431922
609.252962869,0.185,185,2,112.163,9953.28,112.163,10283.545,1.000430805
610.253389109,0.185,185,2,112.348,9969.664,112.348,10299.929,1.00042624
611.253940143,0.185,185,2,112.533,9986.048,112.533,10316.313,1.000551034
612.254420002,0.185,185,2,112.718,10002.432,112.718,10332.697,1.000479859
613.254858718,0.185,185,2,112.903,10018.816,112.903,10349.081,1.000438716
614.255345112,0.185,185,2,113.088,10035.2,113.088,10365.465,1.000486394
615.255791365,0.185,185,2,113.273,10051.584,113.273,10381.849,1.000446253
616.256221823,0.185,185,2,113.458,10067.968,113.458,10398.233,1.000430458
617.256672109,0.185,185,2,113.643,10084.352,113.643,10414.617,1.000450286
618.257111051,0.185,185,2,113.828,10100.736,113.828,10431.001,1.000438942
619.257550009,0.185,185,2,114.013,10117.12,114.013,10447.385,1.000438958
620.257986934,0.185,185,2,114.198,10133.504,114.198,10463.769,1.000436925
621.258510624,0.185,185,2,114.383,10149.888,114.383,10480.153,1.00052369
622.258978737,0.185,185,2,114.568,10166.272,114.568,10496.537,1.000468113
623.259405459,0.185,185,2,114.753,10182.656,114.753,10512.921,1.000426722
624.25982476,0.185,185,2,114.938,10199.04,114.938,10529.305,1.000419301
625.260261165,0.185,185,2,115.123,10215.424,115.123,10545.689,1.000436405
626.260681534,0.185,185,2,115.308,10231.808,115.308,10562.073,1.000420369
627.261153503,0.185,185,2,115.493,10248.192,115.493,10578.457,1.000471969
628.261610777,0.185,185,2,115.678,10264.576,115.678,10594.841,1.000457274
629.262038051,0.185,185,2,115.863,10280.96,115.863,10611.225,1.000427274
630.262457587,0.185,185,2,116.048,10297.344,116.048,10627.609,1.000419536
631.262963416,0.185,185,2,116.233,10313.728,116.233,10643.993,1.000505829
632.263441667,0.185,185,2,116.418,10330.112,116.418,10660.377,1.000478251
633.263890588,0.185,185,2,116.603,10346.496,116.603,10676.761,1.000448921
634.264324725,0.185,185,2,116.788,10362.88,116.788,10693.145,1.000434137
635.264740716,0.185,185,2,116.973,10379.264,116.973,10709.529,1.000415991
636.265146267,0.185,185,2,117.158,10395.648,117.158,10725.913,1.000405551
637.265562605,0.185,185,2,117.343,10412.032,117.343,10742.297,1.000416338
638.265983978,0.185,185,2,117.528,10428.416,117.528,10758.681,1.000421373
639.266395611,0.185,185,2,117.713,10444.8,117.713,10775.065,1.000411633
640.266841246,0.185,185,2,117.898,10461.184,117.898,10791.449,1.000445635
641.267355977,0.185,185,2,118.083,10477.568,118.083,10807.833,1.000514731
642.267903251,0.185,185,2,118.268,10493.952,118.268,10824.217,1.000547274
643.268639509,0.185,185,2,118.453,10510.336,118.453,10840.601,1.000736258
644.269862773,0.185,185,2,118.638,10526.72,118.638,10856.985,1.001223264
645.270738609,0.185,185,2,118.823,10543.104,118.823,10873.369,1.000875836
646.271275865,0.185,185,2,119.008,10559.488,119.008,10889.753,1.000537256
647.271712488,0.185,185,2,119.193,10575.872,119.193,10906.137,1.000436623
648.272152806,0.185,185,2,119.378,10592.256,119.378,10922.521,1.000440318
649.272560323,0.185,185,2,119.563,10608.64,119.563,10938.905,1.000407517
650.272944302,0.185,185,2,119.748,10625.024,119.748,10955.289,1.000383979
651.27341824,0.185,185,2,119.933,10641.408,119.933,10971.673,1.000473938
652.273924895,0.185,185,2,120.118,10657.792,120.118,10988.057,1.000506655
653.274356129,0.185,185,2,120.303,10674.176,120.303,11004.441,1.000431234
654.274766736,0.185,185,2,120.488,10690.56,120.488,11020.825,1.000410607
655.275155967,0.185,185,2,120.673,10706.944,120.673,11037.209,1.000389231
656.275547271,0.185,185,2,120.858,10723.328,120.858,11053.593,1.000391304
657.275944929,0.185,185,2,121.043,10739.712,121.043,11069.977,1.000397658
658.27636486,0.185,185,2,121.228,10756.096,121.228,11086.361,1.000419931
659.276754985,0.185,185,2,121.413,10772.48,121.413,11102.745,1.000390125
660.277138764,0.185,185,2,121.598,10788.864,121.598,11119.129,1.000383779
661.277617304,0.185,185,2,121.783,10805.248,121.783,11135.513,1.00047854
662.278057039,0.185,185,2,121.968,10821.632,121.968,11151.897,1.000439735
663.278488733,0.185,185,2,122.153,10838.016,122.153,11168.281,1.000431694
664.278937585,0.185,185,2,122.338,10854.4,122.338,11184.665,1.000448852
665.27939661,0.185,185,2,122.523,10870.784,122.523,11201.049,1.000459025
666.2803058,0.185,185,2,122.708,10887.168,122.708,11217.433,1.00090919
667.280993859,0.185,185,2,122.893,10903.552,122.893,11233.817,1.000688059
668.281419094,0.185,185,2,123.078,10919.936,123.078,11250.201,1.000425235
669.281818853,0.185,185,2,123.263,10936.32,123.263,11266.585,1.000399759
670.282229109,0.185,185,2,123.448,10952.704,123.448,11282.969,1.000410256
671.282696366,0.185,185,2,123.633,10969.088,123.633,11299.353,1.000467257
672.283123314,0.185,185,2,123.818,10985.472,123.818,11315.737,1.000426948
673.283542672,0.185,185,2,124.003,11001.856,124.003,11332.121,1.000419358
674.284076085,0.185,185,2,124.188,11018.24,124.188,11348.505,1.000533413
675.284680043,0.185,185,2,124.373,11034.624,124.373,11364.889,1.000603958
676.285198639,0.185,185,2,124.558,11051.008,124.558,11381.273,1.000518596
677.285678614,0.185,185,2,124.743,11067.392,124.743,11397.657,1.000479975
678.286153902,0.185,185,2,124.928,11083.776,124.928,11414.041,1.000475288
679.286584419,0.185,185,2,125.113,11100.16,125.113,11430.425,1.000430517
680.286976771,0.185,185,2,125.298,11116.544,125.298,11446.809,1.000392352
681.287426144,0.185,185,2,125.483,11132.928,125.483,11463.193,1.000449373
682.287847548,0.185,185,2,125.668,11149.312,125.668,11479.577,1.000421404
683.288248279,0.185,185,2,125.853,11165.696,125.853,11495.961,1.000400731
684.288674548,0.185,185,2,126.038,11182.08,126.038,11512.345,1.000426269
685.289170763,0.185,185,2,126.223,11198.464,126.223,11528.729,1.000496215
686.289569539,0.185,185,2,126.408,11214.848,126.408,11545.113,1.000398776
687.289969474,0.185,185,2,126.593,11231.232,126.593,11561.497,1.000399935
688.290358435,0.185,185,2,126.778,11247.616,126.778,11577.881,1.000388961
689.290734926,0.185,185,2,126.963,11264.0,126.963,11594.265,1.000376491
690.291155863,0.185,185,2,127.148,11280.384,127.148,11610.649,1.000420937
691.291629865,0.185,185,2,127.333,11296.768,127.333,11627.033,1.000474002
692.292046618,0.185,185,2,127.518,11313.152,127.518,11643.417,1.000416753
693.292439219,0.185,185,2,127.703,11329.536,127.703,11659.801,1.000392601
694.292815201,0.185,185,2,127.888,11345.92,127.888,11676.185,1.000375982
695.293184801,0.185,185,2,128.073,11362.304,128.073,11692.569,1.0003696
696.293550626,0.185,185,2,128.258,11378.688,128.258,11708.953,1.000365825
697.293924931,0.185,185,2,128.443,11395.072,128.443,11725.337,1.000374305
698.294296887,0.185,185,2,128.628,11411.456,128.628,11741.721,1.000371956
699.294665384,0.185,185,2,128.813,11427.84,128.813,11758.105,1.000368497
700.295049415,0.185,185,2,128.998,11444.224,128.998,11774.489,1.000384031
701.295492954,0.185,185,2,129.183,11460.608,129.183,11790.873,1.000443539
702.295905336,0.185,185,2,129.368,11476.992,129.368,11807.257,1.000412382
703.296302033,0.185,185,2,129.553,11493.376,129.553,11823.641,1.000396697
704.296731161,0.185,185,2,129.738,11509.76,129.738,11840.025,1.000429128
705.297105254,0.185,185,2,129.923,11526.144,129.923,11856.409,1.000374093
706.297481779,0.185,185,2,130.108,11542.528,130.108,11872.793,1.000376525
707.297957688,0.185,185,2,130.293,11558.912,130.293,11889.177,1.000475909
708.298389581,0.185,185,2,130.478,11575.296,130.478,11905.561,1.000431893
709.298785531,0.185,185,2,130.663,11591.68,130.663,11921.945,1.00039595
710.299164676,0.185,185,2,130.848,11608.064,130.848,11938.329,1.000379145
711.299598944,0.185,185,2,131.033,11624.448,131.033,11954.713,1.000434268
712.30001587,0.185,185,2,131.218,11640.832,131.218,11971.097,1.000416926
713.300397519,0.185,185,2,131.403,11657.216,131.403,11987.481,1.000381649
714.300765421,0.185,185,2,131.588,11673.6,131.588,12003.865,1.000367902
715.30113676,0.185,185,2,131.773,11689.984,131.773,12020.249,1.000371339
716.301508507,0.185,185,2,131.958,11706.368,131.958,12036.633,1.000371747
717.301885881,0.185,185,2,132.143,11722.752,132.143,12053.017,1.000377374
718.302270216,0.185,185,2,132.328,11739.136,132.328,12069.401,1.000384335
719.302640188,0.185,185,2,132.513,11755.52,132.513,12085.785,1.000369972
720.303015567,0.185,185,2,132.698,11771.904,132.698,12102.169,1.000375379
721.303464022,0.185,185,2,132.883,11788.288,132.883,12118.553,1.000448455
722.303896642,0.185,185,2,133.068,11804.672,133.068,12134.937,1.00043262
723.304322472,0.185,185,2,133.253,11821.056,133.253,12151.321,1.00042583
724.304733691,0.185,185,2,133.438,11837.44,133.438,12167.705,1.000411219
725.305126491,0.185,185,2,133.623,11853.824,133.623,12184.089,1.0003928
726.305504888,0.185,185,2,133.808,11870.208,133.808,12200.473,1.000378397
727.305895588,0.185,185,2,133.993,11886.592,133.993,12216.857,1.0003907
728.306271202,0.185,185,2,134.178,11902.976,134.178,12233.241,1.000375614
729.306643906,0.185,185,2,134.363,11919.36,134.363,12249.625,1.000372704
730.307013835,0.185,185,2,134.548,11935.744,134.548,12266.009,1.000369929
731.307455748,0.185,185,2,134.733,11952.128,134.733,12282.393,1.000441913
732.307862729,0.185,185,2,134.918,11968.512,134.918,12298.777,1.000406981
733.308292397,0.185,185,2,135.103,11984.896,135.103,12315.161,1.000429668
734.308722364,0.185,185,2,135.288,12001.28,135.288,12331.545,1.000429967
735.309083506,0.185,185,2,135.473,12017.664,135.473,12347.929,1.000361142
736.309457912,0.185,185,2,135.658,12034.048,135.658,12364.313,1.000374406
737.309850821,0.185,185,2,135.843,12050.432,135.843,12380.697,1.000392909
738.31022785,0.185,185,2,136.028,12066.816,136.028,12397.081,1.000377029
739.310627977,0.185,185,2,136.213,12083.2,136.213,12413.465,1.000400127
740.310996241,0.185,185,2,136.398,12099.584,136.398,12429.849,1.000368264
741.311425054,0.185,185,2,136.583,12115.968,136.583,12446.233,1.000428813
742.31182953,0.185,185,2,136.768,12132.352,136.768,12462.617,1.000404476
743.312196978,0.185,185,2,136.953,12148.736,136.953,12479.001,1.000367448
744.312568685,0.185,185,2,137.138,12165.12,137.138,12495.385,1.000371707
745.312945404,0.185,185,2,137.323,12181.504,137.323,12511.769,1.000376719
746.313362437,0.185,185,2,137.508,12197.888,137.508,12528.153,1.000417033
747.313817671,0.185,185,2,137.693,12214.272,137.693,12544.537,1.000455234
748.314257252,0.185,185,2,137.878,12230.656,137.878,12560.921,1.000439581
749.314635889,0.185,185,2,138.063,12247.04,138.063,12577.305,1.000378637
750.315021701,0.185,185,2,138.248,12263.424,138.248,12593.689,1.000385812
751.315466422,0.185,185,2,138.433,12279.808,138.433,12610.073,1.000444721
752.315929105,0.185,185,2,138.618,12296.192,138.618,12626.457,1.000462683
753.316373537,0.185,185,2,138.803,12312.576,138.803,12642.841,1.000444432
754.31677466,0.185,185,2,138.988,12328.96,138.988,12659.225,1.000401123
755.317143685,0.185,185,2,139.173,12345.344,139.173,12675.609,1.000369025
756.317535333,0.185,185,2,139.358,12361.728,139.358,12691.993,1.000391648
757.31800201,0.185,185,2,139.543,12378.112,139.543,12708.377,1.000466677
758.318448682,0.185,185,2,139.728,12394.496,139.728,12724.761,1.000446672
759.318826797,0.185,185,2,139.913,12410.88,139.913,12741.145,1.000378115
760.319208776,0.185,185,2,140.098,12427.264,140.098,12757.529,1.000381979
761.319658581,0.185,185,2,140.283,12443.648,140.283,12773.913,1.000449805
762.320107125,0.185,185,2,140.468,12460.032,140.468,12790.297,1.000448544
763.320583802,0.185,185,2,140.653,12476.416,140.653,12806.681,1.000476677
764.321089646,0.185,185,2,140.838,12492.8,140.838,12823.065,1.000505844
765.321594803,0.185,185,2,141.023,12509.184,141.023,12839.449,1.000505157
766.322082366,0.185,185,2,141.208,12525.568,141.208,12855.833,1.000487563
767.322565932,0.185,185,2,141.393,12541.952,141.393,12872.217,1.000483566
768.322995493,0.185,185,2,141.578,12558.336,141.578,12888.601,1.000429561
769.323399361,0.185,185,2,141.763,12574.72,141.763,12904.985,1.000403868
770.323862018,0.185,185,2,141.948,12591.104,141.948,12921.369,1.000462657
771.324531681,0.185,185,2,142.133,12607.488,142.133,12937.753,1.000669663
772.325131811,0.185,185,2,142.318,12623.872,142.318,12954.137,1.00060013
773.325707283,0.185,185,2,142.503,12640.256,142.503,12970.521,1.000575472
774.326260951,0.185,185,2,142.688,12656.64,142.688,12986.905,1.000553668
775.326898894,0.185,185,2,142.873,12673.024,142.873,13003.289,1.000637943
776.327353107,0.185,185,2,143.058,12689.408,143.058,13019.673,1.000454213
777.327750153,0.185,185,2,143.243,12705.792,143.243,13036.057,1.000397046
778.328172606,0.185,185,2,143.428,12722.176,143.428,13052.441,1.000422453
779.328562483,0.185,185,2,143.613,12738.56,143.613,13068.825,1.000389877
780.329034272,0.185,185,2,143.798,12754.944,143.964,13087.941,1.000471789
781.128679573,0.269,269,2,144.067,12755.205,144.233,13088.202,0.799645301
781.170758494,0.254,254,2,144.321,12771.589,144.487,13104.586,0.042078921
781.453438634,0.221,221,2,144.542,12796.165,144.708,13129.162,0.28268014
781.709253402,0.284,284,2,144.826,12820.741,144.992,13153.738,0.255814768
781.758504902,0.208,208,2,145.034,12837.125,145.2,13170.122,0.0492515000001
781.800028442,0.103,103,2,145.137,12845.317,145.303,13178.314,0.04152354
781.826578588,0.126,126,2,145.263,88176.729,145.429,88509.726,0.026550146
782.183788284,0.292,292,2,145.555,88573.455,145.721,88906.452,0.357209696
782.186514911,0.235,235,2,145.79,148179.493,145.956,148512.49,0.00272662700002
782.415761381,0.126,126,2,145.916,157570.051,146.082,157903.048,0.22924647
782.454433009,0.221,221,2,146.137,207495.953,146.303,207828.95,0.038671628
783.187414383,0.406,406,2,146.543,207496.355,146.709,207829.352,0.732981374
783.190007608,0.231,231,2,146.774,207512.739,146.94,207845.736,0.00259322499994
783.455427155,0.221,221,2,146.995,207529.123,147.161,207862.12,0.265419547
783.521201242,0.175,175,2,147.17,207545.507,147.336,207878.504,0.0657740869999
783.522299402,0.189,189,2,147.359,207553.699,147.525,207886.696,0.00109816000008
783.52399784,0.124,124,2,147.483,207755.144,147.649,208088.141,0.00169843799995
783.528316032,0.652,652,2,148.135,207763.984,148.301,208096.981,0.00431819200003
783.557564821,0.978,171,2,149.113,207847.519,149.279,208180.516,0.029248789
783.572274805,0.38,380,2,149.493,207864.279,149.659,208197.276,0.014709984
784.456502609,0.221,221,2,149.714,207880.663,149.88,208213.66,0.884227804
784.573377959,0.314,157,2,150.028,207913.737,150.194,208246.734,0.11687535
780.571925548,0.166,166,4,0.166,264.876,150.415,208254.926,0
786.320291148,0.176,176,4,0.342,265.9,150.591,208255.95,5.7483656
785.457690862,0.221,221,2,150.249,207930.121,150.745,208267.214,0
786.377575719,0.154,154,4,0.496,268.972,150.966,208275.406,0.919884857
786.51284095,0.17,170,4,0.666,269.996,151.136,208276.43,0.135265231
786.55049424,0.172,172,4,0.838,271.02,151.308,208277.454,0.03765329
786.868568425,0.177,177,4,1.015,271.532,151.485,208277.966,0.318074185
786.890517993,0.176,176,4,1.191,272.044,151.661,208278.478,0.021949568
786.910785532,1.53,1530,4,2.721,273.036,153.191,208279.47,0.020267539
786.959626919,1.256,1256,4,3.977,273.516,154.447,208279.95,0.048841387
786.458905499,0.221,221,2,150.47,207946.505,154.618,208289.086,0
787.459944984,0.221,221,2,150.691,207962.889,154.839,208305.47,1.001039485
788.460637972,0.221,221,2,150.912,207971.081,155.06,208313.662,1.000692988
789.461309297,0.221,221,2,151.133,207987.465,155.281,208330.046,1.000671325
786.9694139,0.171,171,4,4.148,282.908,155.502,208346.686,0
791.205553749,1.575,1575,4,5.723,282.908,157.077,208346.686,4.236139849
791.314736401,0.286,286,4,6.009,290.588,157.363,208354.366,0.109182652
790.46185051,0.221,221,2,151.354,208003.849,157.552,208363.07,0
791.440627862,0.189,189,4,6.198,291.1,157.773,208371.262,0.978777352
791.829171757,0.286,286,4,6.484,337.164,158.059,208417.326,0.388543895
791.462482663,0.221,221,2,151.575,208020.233,158.248,208426.494,0
792.764119851,0.235,235,8,0.235,107.033,158.704,208477.694,1.301637188
792.844227984,0.102,102,8,0.337,115.225,158.806,208485.886,0.080108133
792.463190219,0.221,221,2,151.796,208036.617,158.958,211401.29,0
793.46387409,0.221,221,2,152.017,208053.001,159.179,226019.807,1.000683871
794.46467103,0.221,221,2,152.238,208069.385,159.4,239515.083,1.00079694
795.465595353,0.221,221,2,152.459,208085.769,159.621,255256.841,1.000924323
796.466727181,0.221,221,2,152.68,208102.153,159.842,269743.212,1.001131828
797.467442568,0.221,221,2,152.901,208118.537,160.063,285815.335,1.000715387
798.468110676,0.221,221,2,153.122,208134.921,160.284,301953.531,1.000668108
799.468749569,0.221,221,2,153.343,208151.305,160.505,318488.165,1.000638893
800.469405509,0.221,221,2,153.564,208167.689,160.726,333635.266,1.00065594
791.837758259,0.189,189,4,6.673,338.14,160.947,339656.101,0
792.872961095,0.152,152,8,0.489,135432.729,163.46,343951.326,1.035202836
801.839815764,2.513,2513,4,9.186,338.62,163.612,344017.399,8.966854669
802.196365318,2.578,2578,4,11.764,347.532,166.19,344026.311,0.356549554
802.111805074,0.152,152,8,0.641,135506.994,167.765,344034.503,0
802.27419406,0.145,145,8,0.786,135515.186,167.91,344042.695,0.162388986
801.470036545,0.221,221,2,153.785,208184.073,168.062,346521.58,0
802.470720056,0.221,221,2,154.006,208200.457,168.283,362263.338,1.000683511
803.471515031,0.221,221,2,154.227,208216.841,168.504,377608.658,1.000794975
804.472254924,0.221,221,2,154.448,208233.225,168.725,393548.635,1.000739893
805.472994146,0.221,221,2,154.669,208249.609,168.946,409158.247,1.000739222
806.473735432,0.221,221,2,154.89,208265.993,169.167,425032.151,1.000741286
807.474514083,0.221,221,2,155.111,208282.377,169.388,440707.836,1.000778651
808.47524827,0.221,221,2,155.332,208298.761,169.609,456713.886,1.000734187
809.475905671,0.221,221,2,155.553,208315.145,169.83,472653.863,1.000657401
802.277295502,0.152,152,8,0.938,271122.974,170.051,479797.939,0
802.206951989,1.575,1575,4,13.339,347.532,170.203,479923.241,0
810.997467667,2.535,2535,4,15.874,356.748,172.738,479932.457,8.790515678
810.945871025,0.152,152,8,1.09,271256.468,174.313,479940.649,0
811.017320767,0.145,145,8,1.235,271272.852,174.458,479957.033,0.071449742
811.019531635,0.149,149,8,1.384,271281.044,174.607,479965.225,0.00221086800002
810.476603375,0.221,221,2,155.774,208331.529,174.759,486437.381,0
811.008589594,1.575,1575,4,17.449,356.748,174.98,491467.121,0.531986219
811.477266216,0.221,221,2,155.995,208347.913,177.493,501799.085,0.468676622
812.477959302,0.221,221,2,156.216,208364.297,177.714,517342.624,1.000693086
813.478651559,0.221,221,2,156.437,208380.681,177.935,532291.506,1.000692257
814.479335884,0.221,221,2,156.658,208397.065,178.156,547702.899,1.000684325
815.480014221,0.221,221,2,156.879,208413.449,178.377,563246.438,1.000678337
816.480749321,0.221,221,2,157.1,208429.833,178.598,578922.123,1.0007351
817.481441471,0.221,221,2,157.321,208446.217,178.819,594928.173,1.00069215
818.482182693,0.221,221,2,157.542,208462.601,179.04,610207.42,1.000741222
811.022271928,0.152,152,8,1.536,406983.796,179.261,615831.817,0
811.817432571,2.513,2513,4,19.962,373.132,179.413,615897.89,0.795160643
819.889120832,2.535,2535,4,22.497,405.9,181.948,615930.658,8.071688261
819.838793891,0.152,152,8,1.688,407058.061,183.523,615938.85,0
819.903960104,0.145,145,8,1.833,407074.445,183.668,615955.234,0.065166213
819.906198861,0.149,149,8,1.982,407082.637,183.817,615963.426,0.00223875699999
819.482927292,0.221,221,2,157.763,208478.985,183.969,624122.408,0
820.483630718,0.221,221,2,157.984,208487.177,184.19,639591.682,1.000703426
819.896263245,1.575,1575,4,24.072,405.9,184.411,644951.787,0
821.484484102,0.221,221,2,158.205,208503.561,186.924,655200.757,1.588220857
822.485190364,0.221,221,2,158.426,208519.945,187.145,670612.15,1.000706262
823.485877681,0.221,221,2,158.647,208536.329,187.366,685561.032,1.000687317
824.486547938,0.221,221,2,158.868,208552.713,187.587,701368.863,1.000670257
825.487210603,0.221,221,2,159.089,208569.097,187.808,717176.694,1.000662665
826.487867205,0.221,221,2,159.31,208585.481,188.029,732852.379,1.000656602
827.48855731,0.221,221,2,159.531,208601.865,188.25,748594.137,1.000690105
819.90869264,0.152,152,8,2.134,542754.317,188.471,751839.906,0
821.827691198,2.513,2513,4,26.585,471.436,188.623,751905.979,1.918998558
828.774075574,2.535,2535,4,29.12,569.74,191.158,752004.283,6.946384376
828.721968012,0.152,152,8,2.286,542828.582,192.733,752012.475,0
828.789731048,0.145,145,8,2.431,542844.966,192.878,752028.859,0.067763036
828.791792315,0.149,149,8,2.58,542853.158,193.027,752037.051,0.00206126699993
828.489224586,0.221,221,2,159.752,208618.249,193.179,762553.637,0
829.489873416,0.221,221,2,159.973,208634.633,193.4,778361.468,1.00064883
830.490607998,0.221,221,2,160.194,208651.017,193.621,794301.445,1.000734582
828.780209928,1.575,1575,4,30.695,569.74,193.842,799529.404,0
831.49138329,0.221,221,2,160.415,208667.401,196.355,810108.739,2.711173362
832.492115993,0.221,221,2,160.636,208683.785,196.576,826114.789,1.000732703
833.492898112,0.221,221,2,160.857,208700.169,196.797,841394.036,1.000782119
834.493628584,0.221,221,2,161.078,208716.553,197.018,857267.94,1.000730472
835.49429151,0.221,221,2,161.299,208732.937,197.239,872348.968,1.000662926
828.794196823,0.152,152,8,2.732,678503.814,197.46,887884.315,0
836.494993415,0.221,221,2,161.52,208749.321,197.612,888049.136,7.700796592
831.815804506,2.513,2513,4,33.208,635.276,197.833,888057.328,0
837.527380893,2.535,2535,4,35.743,668.044,200.368,888090.096,5.711576387
837.478142813,0.152,152,8,2.884,678668.635,201.943,888098.288,0
837.540675173,0.145,145,8,3.029,678685.019,202.088,888114.672,0.06253236
837.542334295,0.149,149,8,3.178,678693.211,202.237,888122.864,0.00165912200009
837.495714997,0.221,221,2,161.741,208765.705,202.389,903180.836,0
838.496522912,0.221,221,2,161.962,208782.089,202.61,918592.229,1.000807915
839.497183621,0.221,221,2,162.183,208798.473,202.831,934532.206,1.000660709
840.497880583,0.221,221,2,162.404,208814.857,203.052,950207.891,1.000696962
837.533258155,1.575,1575,4,37.318,668.044,203.273,955105.485,0
841.498571044,0.221,221,2,162.625,208831.241,205.786,965767.814,3.965312889
842.499220148,0.221,221,2,162.846,208847.625,206.007,981839.937,1.000649104
843.49991569,0.221,221,2,163.067,208864.009,206.228,997581.695,1.000695542
844.500639904,0.221,221,2,163.288,208880.393,206.449,1013125.234,1.000724214
837.544447788,0.152,152,8,3.33,814524.435,206.67,1024101.544,0
841.817583929,2.513,2513,4,39.831,684.428,206.822,1024167.617,4.273136141
846.250319124,2.535,2535,4,42.366,700.812,209.357,1024184.001,4.432735195
846.196072745,0.152,152,8,3.482,814598.7,210.932,1024192.193,0
846.262826153,0.145,145,8,3.627,814615.084,211.077,1024208.577,0.066753408
846.264587448,0.149,149,8,3.776,814623.276,211.226,1024216.769,0.00176129500005
845.50130781,0.221,221,2,163.509,208896.777,211.378,1027624.706,0
846.501974827,0.221,221,2,163.73,208913.161,211.599,1043564.683,1.000667017
847.502635283,0.221,221,2,163.951,208929.545,211.82,1059636.806,1.000660456
848.503293242,0.221,221,2,164.172,208945.929,212.041,1075576.783,1.000657959
849.503946182,0.221,221,2,164.393,208962.313,212.262,1091384.614,1.00065294
850.504623697,0.221,221,2,164.614,208978.697,212.483,1106928.153,1.000677515
846.256148235,1.575,1575,4,43.941,700.812,212.704,1112023.966,0
851.505294947,0.221,221,2,164.835,208995.081,215.217,1123065.812,5.249146712
852.506044708,0.221,221,2,165.056,209003.273,215.438,1138601.159,1.000749761
853.506844009,0.221,221,2,165.277,209019.657,215.659,1154408.99,1.000799301
846.26750534,0.152,152,8,3.928,950301.167,215.88,1160099.46,0
851.815476701,2.513,2513,4,46.454,766.348,216.032,1160256.089,5.547971361
854.92124109,2.535,2535,4,48.989,864.652,218.567,1160354.393,3.105764389
854.872231799,0.152,152,8,4.08,950465.988,220.142,1160362.585,0
854.934475789,0.145,145,8,4.225,950482.372,220.287,1160378.969,0.06224399
854.936399294,0.149,149,8,4.374,950490.564,220.436,1160387.161,0.00192350500004
854.507649849,0.221,221,2,165.498,209036.041,220.588,1168799.925,0
855.50842683,0.221,221,2,165.719,209052.425,220.809,1184211.318,1.000776981
856.509273408,0.221,221,2,165.94,209068.809,221.03,1199820.93,1.000846578
857.510068082,0.221,221,2,166.161,209085.193,221.251,1215496.615,1.000794674
858.510775121,0.221,221,2,166.382,209101.577,221.472,1230709.789,1.000707039
859.511531715,0.221,221,2,166.603,209117.961,221.693,1246187.255,1.000756594
860.512282625,0.221,221,2,166.824,209134.345,221.914,1262193.305,1.00075091
854.926666464,1.575,1575,4,50.564,864.652,222.135,1267090.899,0
861.512934024,0.221,221,2,167.045,209150.729,224.648,1278232.123,6.58626756
862.513589245,0.221,221,2,167.266,209167.113,224.869,1293841.735,1.000655221
854.937945302,0.152,152,8,4.526,1086019.588,225.09,1296096.409,0
861.815672713,2.513,2513,4,53.077,897.42,225.242,1296190.384,6.877727411
863.704314751,2.535,2535,4,55.612,930.188,227.777,1296223.152,1.888642038
863.654295732,0.152,152,8,4.678,1086121.755,229.352,1296231.344,0
863.722141469,0.145,145,8,4.823,1086138.139,229.497,1296247.728,0.067845737
863.724515925,0.149,149,8,4.972,1086146.331,229.646,1296255.92,0.00237445599998
863.514266634,0.221,221,2,167.487,209183.497,229.798,1308325.867,0
864.514973253,0.221,221,2,167.708,209199.881,230.019,1324265.844,1.000706619
865.515628252,0.221,221,2,167.929,209216.265,230.24,1339743.31,1.000654999
866.516305728,0.221,221,2,168.15,209232.649,230.461,1355749.36,1.000677476
867.517061589,0.221,221,2,168.371,209249.033,230.682,1371623.264,1.000755861
868.517661585,0.221,221,2,168.592,209265.417,230.903,1387695.387,1.000599996
869.518334173,0.221,221,2,168.813,209281.801,231.124,1402776.415,1.000672588
870.519032212,0.221,221,2,169.034,209298.185,231.345,1418055.662,1.000698039
863.716951841,1.575,1575,4,57.187,930.188,231.566,1422755.037,0
863.726921905,0.152,152,8,5.124,1221698.523,234.079,1431988.336,0.00997006400007
871.816564556,2.513,2513,4,59.7,979.34,234.231,1432082.311,8.089642651
872.455882205,2.535,2535,4,62.235,1012.108,236.766,1432115.079,0.639317649
872.408728824,0.152,152,8,5.276,1221800.69,238.341,1432123.271,0
872.466493139,0.145,145,8,5.421,1221817.074,238.486,1432139.655,0.057764315
872.467983178,0.149,149,8,5.57,1221825.266,238.635,1432147.847,0.00149003900003
871.519806867,0.221,221,2,169.255,209314.569,238.787,1433028.289,0
872.520508938,0.221,221,2,169.476,209330.953,239.008,1448902.193,1.000702071
873.521308279,0.221,221,2,169.697,209347.337,239.229,1465106.462,1.000799341
874.521966638,0.221,221,2,169.918,209363.721,239.45,1480517.855,1.000658359
875.522673891,0.221,221,2,170.139,209380.105,239.671,1496193.54,1.000707253
876.523455039,0.221,221,2,170.36,209396.489,239.892,1512199.59,1.000781148
877.524132982,0.221,221,2,170.581,209412.873,240.113,1528139.567,1.000677943
878.524767424,0.221,221,2,170.802,209429.257,240.334,1544145.617,1.000634442
879.525398615,0.221,221,2,171.023,209445.641,240.555,1560283.813,1.000631191
872.470186076,0.152,152,8,5.722,1357354.29,240.776,1567824.327,0
872.461553494,1.575,1575,4,63.81,1012.108,240.928,1567918.302,0
881.062062485,2.535,2535,4,66.345,1143.18,243.463,1568049.374,8.600508991
881.016726621,0.152,152,8,5.874,1357456.457,245.038,1568057.566,0
881.072381462,0.145,145,8,6.019,1357472.841,245.183,1568073.95,0.055654841
881.073819959,0.149,149,8,6.168,1357481.033,245.332,1568082.142,0.00143849700009
880.526096868,0.221,221,2,171.244,209462.025,245.484,1574866.249,0
881.066925713,1.575,1575,4,67.92,1143.18,245.705,1579301.332,0.540828845
881.526896341,0.221,221,2,171.465,209478.409,248.218,1590838.994,0.459970628
882.527520044,0.221,221,2,171.686,209494.793,248.439,1606514.679,1.000623703
883.528164364,0.221,221,2,171.907,209511.177,248.66,1622652.875,1.00064432
884.528834395,0.221,221,2,172.128,209519.369,248.881,1638518.587,1.000670031
885.529506755,0.221,221,2,172.349,209535.753,249.102,1654128.199,1.00067236
886.530129188,0.221,221,2,172.57,209552.137,249.323,1670002.103,1.000622433
887.53078276,0.221,221,2,172.791,209568.521,249.544,1686763.927,1.000653572
888.531434017,0.221,221,2,173.012,209584.905,249.765,1702043.174,1.000651257
881.077292993,0.152,152,8,6.32,1494449.729,249.986,1705222.87,0
881.816380701,2.513,2513,4,70.433,1175.948,250.138,1705319.741,0.739087708
889.79371445,2.535,2535,4,72.968,1225.1,252.673,1705368.893,7.977333749
889.745032591,0.152,152,8,6.472,1494554.792,254.248,1705377.085,0
889.803802188,0.145,145,8,6.617,1494571.176,254.393,1705393.469,0.0587695969999
889.80549445,0.149,149,8,6.766,1494579.368,254.542,1705401.661,0.00169226200001
889.532065695,0.221,221,2,173.233,209601.289,254.694,1716947.368,0
890.532700674,0.221,221,2,173.454,209617.673,254.915,1732821.272,1.000634979
889.798423426,1.575,1575,4,74.543,1225.1,255.136,1737058.136,0
891.533369583,0.221,221,2,173.675,209634.057,257.649,1748645.487,1.734946157
892.534081162,0.221,221,2,173.896,209650.441,257.87,1764519.391,1.000711579
893.534817912,0.221,221,2,174.117,209666.825,258.091,1780591.514,1.00073675
894.535480773,0.221,221,2,174.338,209683.209,258.312,1796399.345,1.000662861
895.536241983,0.221,221,2,174.559,209699.593,258.533,1811942.884,1.00076121
896.537014351,0.221,221,2,174.78,209715.977,258.754,1827023.912,1.000772368
889.807510338,0.152,152,8,6.918,1630135.904,258.975,1841105.653,0
891.815397845,2.513,2513,4,77.056,1241.484,259.127,1841190.411,2.007887507
897.537681793,0.221,221,2,175.001,209732.361,261.662,1841198.603,5.722283948
898.538314438,0.221,221,2,175.222,209748.745,261.883,1841214.987,1.000632645
899.53888747,0.221,221,2,175.443,209765.129,262.104,1841231.371,1.000573032
900.53941327,0.221,221,2,175.664,209781.513,262.325,1841247.755,1.0005258
898.47707724,2.535,2535,4,79.591,1241.484,262.546,1841255.947,0
901.540105606,0.221,221,2,175.885,209797.897,262.885,1841282.571,3.063028366
902.54077348,0.221,221,2,176.106,209814.281,263.106,1841298.955,1.000667874
903.54138293,0.221,221,2,176.327,209830.665,263.327,1841315.339,1.00060945
904.54189541,0.221,221,2,176.548,209847.049,263.548,1841331.723,1.00051248
905.542509384,0.221,221,2,176.769,209863.433,263.769,1841348.107,1.000613974
906.543000368,0.221,221,2,176.99,209879.817,263.99,1841364.491,1.000490984
907.543497142,0.221,221,2,177.211,209896.201,264.211,1841380.875,1.000496774
908.54415605,0.221,221,2,177.432,209912.585,264.432,1841397.259,1.000658908
909.544838661,0.221,221,2,177.653,209928.969,264.653,1841413.643,1.000682611
910.545314401,0.221,221,2,177.874,209945.353,264.874,1841431.547,1.00047574
901.814756447,0.339,339,4,79.93,1257.868,265.095,1841439.739,0
911.54588594,0.221,221,2,178.095,209961.737,265.434,1841456.123,9.731129493
912.546399731,0.221,221,2,178.316,209978.121,265.655,1841472.507,1.000513791
913.546935571,0.221,221,2,178.537,209994.505,265.876,1841488.891,1.00053584
914.547650307,0.221,221,2,178.758,210010.889,266.097,1841505.275,1.000714736
915.548246147,0.221,221,2,178.979,210027.273,266.318,1841521.659,1.00059584
916.548736668,0.221,221,2,179.2,210035.465,266.539,1841529.851,1.000490521
917.549343013,0.221,221,2,179.421,210051.849,266.76,1841546.235,1.000606345
918.549911378,0.221,221,2,179.642,210068.233,266.981,1841562.619,1.000568365
919.550364362,0.221,221,2,179.863,210084.617,267.202,1841579.003,1.000452984
920.550855262,0.221,221,2,180.084,210101.001,267.423,1841595.387,1.0004909
911.814664037,0.339,339,4,80.269,1266.06,267.644,1841603.579,0
921.551296766,0.221,221,2,180.305,210117.385,267.983,1841624.059,9.736632729
922.551746918,0.221,221,2,180.526,210133.769,268.204,1841640.443,1.000450152
923.552260452,0.221,221,2,180.747,210150.153,268.425,1841656.827,1.000513534
924.552729602,0.221,221,2,180.968,210166.537,268.646,1841673.211,1.00046915
925.553243478,0.221,221,2,181.189,210182.921,268.867,1841689.595,1.000513876
921.814594198,0.339,339,4,80.608,1292.684,269.088,1841712.123,0
926.762269989,1.575,1575,4,82.183,1292.684,270.663,1841712.123,4.947675791
926.775409923,0.286,286,4,82.469,1325.452,270.949,1841749.499,0.013139934
926.78562813,0.189,189,4,82.658,1374.604,271.138,1841798.651,0.010218207
926.808310455,0.249,249,4,82.907,1390.988,271.387,1841815.035,0.022682325
926.553746942,0.221,221,2,181.41,210199.305,272.103,2238247.915,0
927.554417536,0.221,221,2,181.631,210215.689,272.324,2417545.483,1.000670594
928.5552583,0.221,221,2,181.852,210232.073,272.545,2420642.059,1.000840764
929.556065968,0.221,221,2,182.073,210248.457,272.766,2420658.443,1.000807668
930.556876935,0.221,221,2,182.294,210264.841,272.987,2420674.827,1.000810967
926.820271476,0.114,114,4,83.021,1407.372,273.208,2420683.019,0
931.557503087,0.221,221,2,182.515,210281.225,275.721,2420699.403,4.737231611
932.558122527,0.221,221,2,182.736,210297.609,275.942,2420715.787,1.00061944
926.840719761,0.15,150,3,0.15,164787.648,276.163,2420723.979,0
933.558936056,0.221,221,2,182.957,210313.993,276.315,2486710.539,6.718216295
926.853264105,0.15,150,6,0.15,194688.0,276.536,2486718.731,0
934.559858989,0.221,221,2,183.178,210330.377,276.67,2502848.779,7.706594884
935.560538231,0.221,221,2,183.399,210346.761,276.891,2542843.595,1.000679242
936.561186583,0.221,221,2,183.62,210363.145,277.112,2542859.979,1.000648352
937.561851627,0.221,221,2,183.841,210379.529,277.483,2610710.219,1.000665044
938.562634503,0.221,221,2,184.062,210395.913,277.704,2610726.603,1.000782876
937.627243858,0.15,150,5,0.15,67844.416,277.925,2610734.795,0
939.563274772,0.221,221,2,184.283,210412.297,278.077,2675640.011,1.936030914
940.563910199,0.221,221,2,184.504,210428.681,278.298,2675656.395,1.000635427
931.816764559,2.513,2513,4,85.534,1415.564,278.519,2675664.587,0
941.564566367,0.221,221,2,184.725,210445.065,281.032,2675676.875,9.747801808
942.565069237,0.221,221,2,184.946,210461.449,281.253,2675693.259,1.00050287
943.565668821,0.221,221,2,185.167,210477.833,281.474,2675709.643,1.000599584
944.566340017,0.221,221,2,185.388,210486.025,281.695,2675717.835,1.000671196
945.567225277,0.221,221,2,185.609,210510.601,281.916,2675742.411,1.00088526
946.568228346,0.221,221,2,185.83,210526.985,282.137,2675758.795,1.001003069
947.568898886,0.221,221,2,186.051,210543.369,282.358,2675775.179,1.00067054
948.569529778,0.221,221,2,186.272,210551.561,282.579,2675783.371,1.000630892
941.816432419,2.513,2513,4,88.047,1419.66,282.8,2675791.563,0
949.570135378,0.221,221,2,186.493,210567.945,282.978,2675801.803,7.753702959
950.039158286,0.178,178,4,88.225,1421.708,283.199,2675809.995,0.469022908
950.570832885,0.221,221,2,186.714,210584.329,285.787,2675818.187,0.531674599
950.830664301,2.588,2588,4,90.813,1421.708,286.008,2675826.379,0.259831416
951.571396418,0.221,221,2,186.935,210600.713,286.347,2675835.595,0.740732117
952.57188031,0.221,221,2,187.156,210617.097,286.568,2675851.979,1.000483892
953.572383012,0.221,221,2,187.377,210633.481,286.789,2675868.363,1.000502702
954.572838129,0.221,221,2,187.598,210649.865,287.01,2675884.747,1.000455117
955.573334563,0.221,221,2,187.819,210666.249,287.231,2675901.131,1.000496434
956.573898217,0.221,221,2,188.04,210682.633,287.452,2675917.515,1.000563654
951.81464883,0.339,339,4,91.152,1435.26,287.673,2675938.235,0
957.923893451,1.575,1575,4,92.727,1435.26,289.248,2675938.235,6.109244621
957.926621038,0.286,286,4,93.013,1638.012,289.534,2676140.987,0.00272758699998
957.574360784,0.221,221,2,188.261,210699.017,289.723,2676152.251,0
957.932006702,0.189,189,4,93.202,1641.084,289.944,2676160.443,0.357645918
958.574804202,0.221,221,2,188.482,210715.401,292.32,2676168.635,0.6427975
958.848278414,2.376,2376,4,95.578,1642.62,292.541,2676178.363,0.273474212
960.354371889,0.189,189,4,95.767,1644.604,292.73,2676180.347,1.506093475
960.36434917,0.189,189,4,95.956,1647.34,292.919,2676183.083,0.00997728099992
959.575373509,0.221,221,2,188.703,210731.785,293.108,2676192.123,0
960.372550005,0.189,189,4,96.145,1657.324,293.329,2676209.451,0.797176496
961.026374294,1.575,1575,4,97.72,1657.324,294.904,2676209.451,0.653824289
961.030208733,0.286,286,4,98.006,2044.396,295.19,2676596.523,0.003834439
961.036222259,0.189,189,4,98.195,2045.42,295.379,2676597.547,0.00601352600006
961.500505782,0.286,286,4,98.481,2243.02,295.665,2676795.147,0.464283523
960.575850025,0.221,221,2,188.924,210748.169,295.854,2676804.299,0
933.69392581,0.152,152,3,0.302,230766.96,296.075,2676813.435,0
939.570946922,0.152,152,5,0.302,132742.768,335.234,2676814.763,5.877021112
926.845339833,0.302,150,7,0.302,219294.064,374.393,2676815.707,0
961.505009963,0.189,189,4,98.67,2243.98,413.552,2676815.707,34.65967013
961.576476136,0.221,221,2,189.145,210764.553,416.065,2676824.827,0.071466173
962.577226116,0.221,221,2,189.366,210780.937,416.286,2676841.211,1.00074998
963.577720178,0.221,221,2,189.587,210797.321,416.507,2676857.595,1.000494062
961.815367017,2.513,2513,4,101.183,2244.908,416.728,2676865.787,0
964.897177613,0.184,184,4,101.367,2245.804,416.912,2676866.683,3.081810596
964.90327901,1.775,1775,4,103.142,2247.852,418.687,2676868.731,0.00610139699995
964.916075893,2359.296,262144,4,2462.438,2247.852,2777.983,2676868.731,0.012796883
964.918209169,2621.44,262144,4,5083.878,2247.852,5399.423,2676868.731,0.002133276
964.923720402,524.288,262144,4,5608.166,2247.852,5923.711,2676868.731,0.00551123299999
964.925335305,524.288,262144,4,6132.454,2247.852,6447.999,2676868.731,0.00161490300002
964.926811015,524.288,262144,4,6656.742,2247.852,6972.287,2676868.731,0.00147571000002
964.928270919,524.288,262144,4,7181.03,2247.852,7496.575,2676868.731,0.00145990400006
964.929754692,524.288,262144,4,7705.318,2247.852,8020.863,2676868.731,0.0014837729999
964.931365138,786.432,262144,4,8491.75,2247.852,8807.295,2676868.731,0.00161044600009
964.933286165,786.432,262144,4,9278.182,2247.852,9593.727,2676868.731,0.00192102699998
964.935340361,524.288,262144,4,9802.47,2247.852,10118.015,2676868.731,0.00205419600002
964.93739359,524.288,262144,4,10326.758,2247.852,10642.303,2676868.731,0.00205322900001
964.939463794,524.288,262144,4,10851.046,2247.852,11166.591,2676868.731,0.00207020399989
964.941373116,524.288,262144,4,11375.334,2247.852,11690.879,2676868.731,0.00190932200007
964.943379344,786.432,262144,4,12161.766,2247.852,12477.311,2676868.731,0.00200622800003
964.951943028,1048.576,262144,4,13210.342,2247.852,13525.887,2676868.731,0.00856368399991
964.954340496,786.432,262144,4,13996.774,2247.852,14312.319,2676868.731,0.00239746800003
964.956757859,786.432,262144,4,14783.206,2247.852,15098.751,2676868.731,0.00241736300006
964.959990922,786.432,262144,4,15569.638,2247.852,15885.183,2676868.731,0.00323306299993
964.963374848,786.432,262144,4,16356.07,2247.852,16671.615,2676868.731,0.00338392599997
964.966667451,786.432,262144,4,17142.502,2247.852,17458.047,2676868.731,0.00329260300009
964.970042466,786.432,262144,4,17928.934,2247.852,18244.479,2676868.731,0.00337501499996
964.973421722,786.432,262144,4,18715.366,2247.852,19030.911,2676868.731,0.00337925600002
964.976669038,786.432,262144,4,19501.798,2247.852,19817.343,2676868.731,0.00324731599994
964.980043239,786.432,262144,4,20288.23,2247.852,20603.775,2676868.731,0.00337420100004
964.983428278,712.138,262144,4,21000.368,2247.852,21315.913,2676868.731,0.00338503900002
964.578299176,0.221,221,2,189.808,210813.705,21509.082,2676877.355,0
964.986653098,193.169,193169,4,21193.537,2248.284,21509.303,2676885.547,0.408353922
965.578916443,0.221,221,2,190.029,210830.089,21509.487,2676894.587,0.592263345
966.579525348,0.221,221,2,190.25,210846.473,21509.708,2676910.971,1.000608905
967.580214539,0.221,221,2,190.471,210862.857,21509.929,2676927.355,1.000689191
968.580730209,0.221,221,2,190.692,210879.241,21510.15,2676943.739,1.00051567
969.581192009,0.221,221,2,190.913,210895.625,21510.371,2676960.123,1.0004618
970.581637697,0.221,221,2,191.134,210912.009,21510.592,2676976.507,1.000445688
965.746113823,0.184,184,4,21193.721,2249.132,21510.813,2676984.699,0
971.582183595,0.221,221,2,191.355,210928.393,21511.152,2676993.707,5.836069772
972.582727576,0.221,221,2,191.576,210944.777,21511.373,2677010.091,1.000543981
973.583298945,0.221,221,2,191.797,210961.161,21511.594,2677026.475,1.000571369
974.583797721,0.221,221,2,192.018,210977.545,21511.815,2677042.859,1.000498776
975.584239786,0.221,221,2,192.239,210993.929,21512.036,2677059.243,1.000442065
976.584703064,0.221,221,2,192.46,211010.313,21512.257,2677075.627,1.000463278
977.585261563,0.221,221,2,192.681,211026.697,21512.478,2677092.011,1.000558499
978.585733486,0.221,221,2,192.902,211043.081,21512.699,2677108.395,1.000471923
979.586197394,0.221,221,2,193.123,211059.465,21512.92,2677127.851,1.000463908
980.586694021,0.221,221,2,193.344,211067.657,21513.141,2677136.043,1.000496627
971.815302582,0.339,339,4,21194.06,2249.948,21513.362,2677144.235,0
981.587185541,0.221,221,2,193.565,211084.041,21513.701,2677153.211,9.771882959
982.58763572,0.221,221,2,193.786,211100.425,21513.922,2677169.595,1.000450179
983.58810583,0.221,221,2,194.007,211116.809,21514.143,2677185.979,1.00047011
984.588588758,0.221,221,2,194.228,211133.193,21514.364,2677202.363,1.000482928
985.589184405,0.221,221,2,194.449,211149.577,21514.585,2677218.747,1.000595647
986.58974519,0.221,221,2,194.67,211165.961,21514.806,2677235.131,1.000560785
987.590221305,0.221,221,2,194.891,211182.345,21515.027,2677253.467,1.000476115
988.590706411,0.221,221,2,195.112,211198.729,21515.248,2677269.851,1.000485106
989.591200315,0.221,221,2,195.333,211215.113,21515.469,2677286.235,1.000493904
990.591651932,0.221,221,2,195.554,211231.497,21515.69,2677302.619,1.000451617
981.814381669,0.339,339,4,21194.399,2250.732,21515.911,2677310.811,0
991.592232917,0.221,221,2,195.775,211247.881,21516.25,2677319.755,9.777851248
992.592763954,0.221,221,2,195.996,211264.265,21516.471,2677336.139,1.000531037
993.59322264,0.221,221,2,196.217,211280.649,21516.692,2677352.523,1.000458686
994.593674407,0.221,221,2,196.438,211297.033,21516.913,2677368.907,1.000451767
995.594182987,0.221,221,2,196.659,211313.417,21517.134,2677385.291,1.00050858
996.594646093,0.221,221,2,196.88,211329.801,21517.355,2677401.675,1.000463106
997.595089008,0.221,221,2,197.101,211346.185,21517.576,2677418.059,1.000442915
998.595544725,0.221,221,2,197.322,211362.569,21517.797,2677434.443,1.000455717
999.596019258,0.221,221,2,197.543,211378.953,21518.018,2677450.827,1.000474533
1000.59651264,0.221,221,2,197.764,211395.337,21518.239,2677467.211,1.000493384
991.814590564,0.339,339,4,21194.738,2251.484,21518.46,2677475.403,0
1001.59705166,0.221,221,2,197.985,211411.721,21518.799,2677484.315,9.782461097
1002.59756525,0.221,221,2,198.206,211428.105,21519.02,2677500.699,1.000513584
1003.59804672,0.221,221,2,198.427,211444.489,21519.241,2677517.083,1.00048147
1004.59851788,0.221,221,2,198.648,211460.873,21519.462,2677533.467,1.000471169
1005.59895209,0.221,221,2,198.869,211477.257,21519.683,2677549.851,1.000434206
1006.59939294,0.221,221,2,199.09,211493.641,21519.904,2677566.235,1.000440849
1007.59988597,0.221,221,2,199.311,211510.025,21520.125,2677582.619,1.00049303
1008.60032119,0.221,221,2,199.532,211526.409,21520.346,2677599.003,1.000435219
1009.60074505,0.221,221,2,199.753,211542.793,21520.567,2677615.387,1.000423863
1010.60120502,0.221,221,2,199.974,211559.177,21520.788,2677631.771,1.000459964
1001.81435536,0.339,339,4,21195.077,2252.892,21521.009,2677640.651,0
1011.66065024,0.189,189,4,21195.266,2254.172,21521.198,2677641.931,9.846294875
1011.76731519,0.189,189,4,21195.455,2254.764,21521.387,2677642.523,0.106664951
1011.81412899,0.339,339,4,21195.794,2263.916,21521.726,2677651.675,0.046813806
1011.87061625,1.575,1575,4,21197.369,2263.916,21523.301,2677651.675,0.056487257
1011.87381883,0.286,286,4,21197.655,3542.636,21523.587,2678930.395,0.00320258399995
1011.60168506,0.221,221,2,200.195,211575.561,21523.776,2678938.955,0
1012.6021849,0.221,221,2,200.416,211583.753,21523.997,2678947.147,1.00049984
1011.88948821,0.189,189,4,21197.844,3543.004,21524.218,2678955.339,0
1013.60270324,0.221,221,2,200.637,211600.137,21526.6,2678963.531,1.713215035
1014.48098865,2.382,2382,4,21200.226,3551.916,21526.821,2678980.635,0.878285414
1014.85896279,1.575,1575,4,21201.801,3551.916,21528.396,2678980.635,0.377974137
1014.86128289,0.286,286,4,21202.087,3962.476,21528.682,2679391.195,0.00232009800004
1014.86666478,0.189,189,4,21202.276,3963.404,21528.871,2679392.123,0.00538189099996
1014.91575245,0.286,286,4,21202.562,5586.316,21529.157,2681015.035,0.0490876700001
1014.60321595,0.221,221,2,200.858,211616.521,21529.346,2681024.091,0
1015.60380362,0.221,221,2,201.079,211632.905,21529.567,2681040.475,1.000587666
1016.60434366,0.221,221,2,201.3,211649.289,21529.788,2681056.859,1.000540044
1014.92378572,0.189,189,4,21202.751,5587.18,21530.009,2681065.051,0
1017.69852385,0.184,184,4,21202.935,5588.012,21530.193,2681065.883,2.774738132
1017.70058743,1.775,1775,4,21204.71,5589.532,21531.968,2681067.403,0.00206358699995
1017.71103792,1310.72,262144,4,22515.43,5589.532,22842.688,2681067.403,0.010450484
1017.71412036,786.432,262144,4,23301.862,5589.532,23629.12,2681067.403,0.00308244500002
1017.71694635,786.432,262144,4,24088.294,5589.532,24415.552,2681067.403,0.00282598399997
1017.71968553,786.432,262144,4,24874.726,5589.532,25201.984,2681067.403,0.00273917900006
1017.72233,786.432,262144,4,25661.158,5589.532,25988.416,2681067.403,0.00264447500001
1017.72512632,786.432,262144,4,26447.59,5589.532,26774.848,2681067.403,0.00279631499996
1017.7279178,786.432,262144,4,27234.022,5589.532,27561.28,2681067.403,0.002791484
1017.73071084,786.432,262144,4,28020.454,5589.532,28347.712,2681067.403,0.00279303900004
1017.73349858,786.432,262144,4,28806.886,5589.532,29134.144,2681067.403,0.00278773899993
1017.73629927,786.432,262144,4,29593.318,5589.532,29920.576,2681067.403,0.00280068800009
1017.7389389,786.432,262144,4,30379.75,5589.532,30707.008,2681067.403,0.00263962899999
1017.74173833,786.432,262144,4,31166.182,5589.532,31493.44,2681067.403,0.00279942999998
1017.74454049,786.432,262144,4,31952.614,5589.532,32279.872,2681067.403,0.00280216099998
1017.74733086,786.432,262144,4,32739.046,5589.532,33066.304,2681067.403,0.002790377
1017.74998611,786.432,262144,4,33525.478,5589.532,33852.736,2681067.403,0.00265524999998
1017.75247482,786.432,262144,4,34311.91,5589.532,34639.168,2681067.403,0.00248870600001
1017.75512171,786.432,262144,4,35098.342,5589.532,35425.6,2681067.403,0.002646895
1017.75762147,786.432,262144,4,35884.774,5589.532,36212.032,2681067.403,0.002499758
1017.76013664,786.432,262144,4,36671.206,5589.532,36998.464,2681067.403,0.00251516700007
1017.76321926,786.432,262144,4,37457.638,5589.532,37784.896,2681067.403,0.00308262099998
1017.76630918,786.432,262144,4,38244.07,5589.532,38571.328,2681067.403,0.00308992199996
1017.76940032,618.018,262144,4,38862.088,5589.532,39189.346,2681067.403,0.00309113800006
1017.77245434,113.529,113529,4,38975.617,5590.332,39302.875,2681068.203,0.00305401999992
1017.60492377,0.221,221,2,201.521,211665.673,39303.059,2681077.163,0
1017.80513984,0.184,184,4,38975.801,5591.468,39303.28,2681085.723,0.200216065
1018.60552822,0.221,221,2,201.742,211682.057,39303.469,2681095.323,0.800388376
1019.60629112,0.221,221,2,201.963,211698.441,39303.69,2681111.707,1.000762904
1018.88550162,0.189,189,4,38975.99,5593.532,39303.911,2681120.555,0
1021.10728744,0.189,189,4,38976.179,5602.94,39304.1,2681129.963,2.221785826
1021.35346863,1.575,1575,4,38977.754,5602.94,39305.675,2681129.963,0.246181185
1021.35561003,0.286,286,4,38978.04,6783.42,39305.961,2682310.443,0.00214140100002
1020.60679765,0.221,221,2,202.184,211714.825,39306.151,2682319.435,0
1021.37025293,0.19,190,4,38978.23,6784.22,39306.372,2682327.627,0.763455281
1021.60731646,0.221,221,2,202.405,211731.209,39308.885,2682336.587,0.237063535
1021.81507936,2.513,2513,4,38980.743,6784.988,39309.106,2682344.779,0.207762902
1022.60780236,0.221,221,2,202.626,211747.593,39311.445,2682352.971,0.792722992
1023.60824132,0.221,221,2,202.847,211763.977,39311.666,2682369.355,1.000438967
1023.35621948,2.339,2339,4,38983.082,6786.428,39311.887,2682378.987,0
1024.81494945,0.189,189,4,38983.271,6787.74,39312.076,2682380.299,1.458729974
1024.82094063,0.19,190,4,38983.461,6797.116,39312.266,2682389.675,0.00599118199989
1024.92882242,1.575,1575,4,38985.036,6797.116,39313.841,2682389.675,0.107881784
1024.93040494,0.286,286,4,38985.322,7240.316,39314.127,2682832.875,0.0015825160001
1024.93493629,0.19,190,4,38985.512,7240.716,39314.317,2682833.275,0.00453134999998
1024.98342653,0.286,286,4,38985.798,8863.516,39314.603,2684456.075,0.048490244
961.59765293,39.159,39159,7,39.461,219294.976,39314.793,2684457.739,0
1024.60867084,0.221,221,2,203.068,211780.361,39714.503,2684465.931,63.01101791
1025.60924344,0.221,221,2,203.289,211796.745,39714.724,2684482.315,1.000572602
1026.6097524,0.221,221,2,203.51,211813.129,39714.945,2684498.699,1.000508961
1024.99131275,0.19,190,4,38985.988,8864.268,39715.166,2684506.891,0
1027.78548014,0.184,184,4,38986.172,8864.988,39715.35,2684507.611,2.794167389
1027.78783241,1.775,1775,4,38987.947,8866.444,39717.125,2684509.067,0.00235227199983
1027.79124892,1572.864,262144,4,40560.811,8866.444,41289.989,2684509.067,0.00341650400014
1027.79521347,786.432,262144,4,41347.243,8866.444,42076.421,2684509.067,0.00396455199984
1027.79918279,786.432,262144,4,42133.675,8866.444,42862.853,2684509.067,0.00396931700016
1027.8029933,786.432,262144,4,42920.107,8866.444,43649.285,2684509.067,0.00381050700003
1027.80682443,786.432,262144,4,43706.539,8866.444,44435.717,2684509.067,0.00383113399994
1027.81064125,786.432,262144,4,44492.971,8866.444,45222.149,2684509.067,0.0038168179999
1027.81415025,786.432,262144,4,45279.403,8866.444,46008.581,2684509.067,0.00350900500007
1027.81768779,1048.576,262144,4,46327.979,8866.444,47057.157,2684509.067,0.00353753600007
1027.82181619,786.432,262144,4,47114.411,8866.444,47843.589,2684509.067,0.00412839799992
1027.82593085,786.432,262144,4,47900.843,8866.444,48630.021,2684509.067,0.00411466500009
1027.83005106,1048.576,262144,4,48949.419,8866.444,49678.597,2684509.067,0.00412021299985
1027.83462259,1048.576,262144,4,49997.995,8866.444,50727.173,2684509.067,0.00457153100001
1027.83915857,1048.576,262144,4,51046.571,8866.444,51775.749,2684509.067,0.00453597900014
1027.84374075,936.161,262144,4,51982.732,8866.444,52711.91,2684509.067,0.00458217400001
1027.8488693,149.729,149729,4,52132.461,8867.132,52861.639,2684509.755,0.00512855299985
1027.61025275,0.221,221,2,203.731,211829.513,52861.823,2684518.603,0
1028.09132451,0.184,184,4,52132.645,8868.108,52862.044,2684527.115,0.481071765
1029.21312894,0.19,190,4,52132.835,8869.292,52862.234,2684528.299,1.121804424
1029.47389292,0.19,190,4,52133.025,8878.668,52862.424,2684537.675,0.260763982
1029.50485766,1.575,1575,4,52134.6,8878.668,52863.999,2684537.675,0.0309647419999
1029.50675684,0.286,286,4,52134.886,10452.3,52864.285,2686111.307,0.00189918199999
1028.61108575,0.221,221,2,203.952,211845.897,52864.475,2686119.867,0
1029.61172897,0.221,221,2,204.173,211862.281,52864.696,2686136.251,1.000643221
1029.51493327,0.19,190,4,52135.076,10452.668,52864.917,2686144.443,0
1030.61237296,0.221,221,2,204.394,211878.665,52867.256,2686152.635,1.097439694
1031.58104443,2.339,2339,4,52137.415,10452.668,52867.477,2686160.827,0.968671467
1031.61311039,0.221,221,2,204.615,211895.049,52867.816,2686169.739,0.0320659629999
1032.6136232,0.221,221,2,204.836,211911.433,52868.037,2686186.123,1.000512802
1031.81433235,0.339,339,4,52137.754,10462.316,52868.258,2686203.243,0
1033.83318576,1.575,1575,4,52139.329,10462.316,52869.833,2686203.243,2.018853411
1033.83499637,0.286,286,4,52139.615,10774.54,52870.119,2686515.467,0.00181060800014
1033.84080669,0.19,190,4,52139.805,10775.436,52870.309,2686516.363,0.00581032199989
1033.89121632,0.286,286,4,52140.091,12373.74,52870.595,2688114.667,0.0504096330001
1033.61410813,0.221,221,2,205.057,211927.817,52870.785,2688123.691,0
1034.61488205,0.221,221,2,205.278,211944.201,52871.006,2688140.075,1.000773913
1035.61547483,0.221,221,2,205.499,211960.585,52871.227,2688156.459,1.000592786
1033.89907708,0.19,190,4,52140.281,12374.572,52871.448,2688164.651,0
1036.73749288,0.185,185,4,52140.466,12375.372,52871.633,2688165.451,2.838415804
1036.73952823,1.775,1775,4,52142.241,12376.748,52873.408,2688166.827,0.002035342
1036.74203539,2097.152,262144,4,54239.393,12376.748,54970.56,2688166.827,0.00250716799997
1036.74827162,1048.576,262144,4,55287.969,12376.748,56019.136,2688166.827,0.00623622100011
1036.75370071,1048.576,262144,4,56336.545,12376.748,57067.712,2688166.827,0.00542909199999
1036.7592899,1048.576,262144,4,57385.121,12376.748,58116.288,2688166.827,0.00558919600007
1036.76820645,1572.864,262144,4,58957.985,12376.748,59689.152,2688166.827,0.00891654799989
1036.77418638,1048.576,262144,4,60006.561,12376.748,60737.728,2688166.827,0.00597993199995
1036.77976904,1048.576,262144,4,61055.137,12376.748,61786.304,2688166.827,0.00558265300015
1036.78536534,1048.576,262144,4,62103.713,12376.748,62834.88,2688166.827,0.00559630099997
1036.79078184,1048.576,262144,4,63152.289,12376.748,63883.456,2688166.827,0.00541650600007
1036.79637382,540.689,262144,4,63692.978,12377.516,64424.145,2688167.595,0.00559197199982
1036.61681229,0.221,221,2,205.72,211976.969,64424.33,2688176.523,0
1036.83445801,0.185,185,4,63693.163,12378.956,64424.551,2688185.419,0.217645721
1038.18220577,0.19,190,4,63693.353,12380.268,64424.741,2688186.731,1.347747762
1038.23773715,0.19,190,4,63693.543,12381.996,64424.931,2688188.459,0.0555313779998
1038.24422785,0.19,190,4,63693.733,12391.148,64425.121,2688197.611,0.00649070200006
1038.39404642,1.575,1575,4,63695.308,12391.148,64426.696,2688197.611,0.149818567
1038.39561114,0.286,286,4,63695.594,13604.3,64426.982,2689410.763,0.00156472100002
1037.61769351,0.221,221,2,205.941,211993.353,64427.172,2689419.307,0
1038.61829402,0.221,221,2,206.162,212009.737,64427.393,2689435.691,1.000600514
1038.40536365,0.19,190,4,63695.784,13604.652,64427.614,2689443.883,0
1039.61878862,0.221,221,2,206.383,212026.121,64429.953,2689452.075,1.21342497
1040.61931819,0.221,221,2,206.604,212042.505,64430.174,2689468.459,1.000529574
1040.19587258,2.339,2339,4,63698.123,13604.652,64430.395,2689476.651,0
1041.81429874,0.339,339,4,63698.462,13614.252,64430.734,2689486.251,1.61842616
1042.03440985,1.575,1575,4,63700.037,13614.252,64432.309,2689486.251,0.220111109
1042.0358908,0.286,286,4,63700.323,14024.748,64432.595,2689896.747,0.00148095300005
1042.04221539,0.19,190,4,63700.513,14025.612,64432.785,2689897.611,0.00632458899986
1042.08584911,0.286,286,4,63700.799,15517.388,64433.071,2691389.387,0.0436337220001
961.582141332,39.159,39159,3,39.461,230768.32,64433.261,2691391.547,0
935.492984789,0.134,134,6,0.284,250793.216,65087.726,2691392.923,0
1042.10163851,527.534,262144,6,527.818,250793.216,65615.26,2691392.923,106.608653722
1041.61976817,0.221,221,2,206.825,212058.889,65742.191,2691401.115,0
1042.62033243,0.221,221,2,207.046,212075.273,65742.412,2691417.499,1.000564263
1043.62085508,0.221,221,2,207.267,212091.657,65742.633,2691433.883,1.000522648
1042.09504641,0.19,190,4,63700.989,15518.188,65742.854,2691433.883,0
1044.89616138,0.185,185,4,63701.174,15518.956,65743.039,2691434.651,2.801114976
1044.89884737,1.775,1775,4,63702.949,15520.268,65744.814,2691435.963,0.00268598399998
1044.90118806,2097.152,262144,4,65800.101,15520.268,67841.966,2691435.963,0.00234069600015
1044.90704899,1048.576,262144,4,66848.677,15520.268,68890.542,2691435.963,0.00586092699996
1044.91261249,1048.576,262144,4,67897.253,15520.268,69939.118,2691435.963,0.0055634979999
1044.91807978,1048.576,262144,4,68945.829,15520.268,70987.694,2691435.963,0.00546729600001
1044.9236648,1048.576,262144,4,69994.405,15520.268,72036.27,2691435.963,0.00558501400019
1044.92927495,1048.576,262144,4,71042.981,15520.268,73084.846,2691435.963,0.00561015099993
1044.93471547,1048.576,262144,4,72091.557,15520.268,74133.422,2691435.963,0.00544052400005
1044.94032118,1048.576,262144,4,73140.133,15520.268,75181.998,2691435.963,0.00560570599987
1044.9458897,1048.576,262144,4,74188.709,15520.268,76230.574,2691435.963,0.00556852499994
1044.95133699,1048.576,262144,4,75237.285,15520.268,77279.15,2691435.963,0.00544728500017
1044.95662353,366.929,262144,4,75604.214,15521.004,77646.079,2691436.699,0.00528653699985
1044.99849165,0.185,185,4,75604.399,15522.38,77646.264,2691438.075,0.0418681240001
1047.18587896,0.19,190,4,75604.589,15523.628,77646.454,2691439.323,2.187387311
1047.32037509,0.19,190,4,75604.779,15525.26,77646.644,2691440.955,0.134496131
1047.33795698,0.19,190,4,75604.969,15534.508,77646.834,2691450.203,0.017581891
1047.50708509,1.575,1575,4,75606.544,15534.508,77648.409,2691450.203,0.169128107
1047.51004803,0.286,286,4,75606.83,16698.46,77648.695,2692614.155,0.00296294200007
1047.52341009,0.19,190,4,75607.02,16699.116,77648.885,2692614.811,0.013362057
