time,size,first_call,destination,dest_out_traffic,dest_in_traffic,total_network_out,total_network_in,dens10
3.643780037,0.244,244,2,0.244,40.96,0.244,108.544,0
3.68232607,0.183,183,2,0.427,57.344,0.427,124.928,0.038546033
4.696799121,0.183,183,2,0.61,73.728,0.61,141.312,1.014473051
5.698050201,0.183,183,2,0.793,90.112,0.793,157.696,1.00125108
6.699143045,0.183,183,2,0.976,106.496,0.976,174.08,1.001092844
7.699824437,0.183,183,2,1.159,122.88,1.159,190.464,1.000681392
8.700624296,0.183,183,2,1.342,139.264,1.342,206.848,1.000799859
9.701279975,0.183,183,2,1.525,155.648,1.525,223.232,1.000655679
10.701930203,0.183,183,2,1.708,172.032,1.708,239.616,1.000650228
11.702625447,0.183,183,2,1.891,188.416,1.891,256.0,1.000695244
12.703297571,0.183,183,2,2.074,204.8,2.074,272.384,1.000672124
13.704034709,0.183,183,2,2.257,221.184,2.257,288.768,1.000737138
14.704670661,0.183,183,2,2.44,237.568,2.44,305.152,1.000635952
15.705297721,0.183,183,2,2.623,253.952,2.623,321.536,1.00062706
16.70593017,0.183,183,2,2.806,270.336,2.806,337.92,1.000632449
17.706571639,0.183,183,2,2.989,286.72,2.989,354.304,1.000641469
18.708419121,0.183,183,2,3.172,303.104,3.172,370.688,1.001847482
19.709128999,0.183,183,2,3.355,319.488,3.355,387.072,1.000709878
20.709731076,0.183,183,2,3.538,335.872,3.538,403.456,1.000602077
21.710330741,0.183,183,2,3.721,352.256,3.721,419.84,1.000599665
22.710965987,0.183,183,2,3.904,368.64,3.904,436.224,1.000635246
23.711571457,0.183,183,2,4.087,385.024,4.087,452.608,1.00060547
24.712977159,0.183,183,2,4.27,401.408,4.27,468.992,1.001405702
25.713576678,0.183,183,2,4.453,417.792,4.453,485.376,1.000599519
26.71419125,0.183,183,2,4.636,434.176,4.636,501.76,1.000614572
27.714816053,0.183,183,2,4.819,450.56,4.819,518.144,1.000624803
28.71544403,0.183,183,2,5.002,466.944,5.002,534.528,1.000627977
29.716057733,0.183,183,2,5.185,483.328,5.185,550.912,1.000613703
30.716714679,0.183,183,2,5.368,499.712,5.368,567.296,1.000656946
31.717339757,0.183,183,2,5.551,516.096,5.551,583.68,1.000625078
32.718010773,0.183,183,2,5.734,532.48,5.734,600.064,1.000671016
33.718642505,0.183,183,2,5.917,548.864,5.917,616.448,1.000631732
34.719310801,0.183,183,2,6.1,565.248,6.1,632.832,1.000668296
35.71991959,0.183,183,2,6.283,581.632,6.283,649.216,1.000608789
36.720556073,0.183,183,2,6.466,598.016,6.466,665.6,1.000636483
37.721130894,0.183,183,2,6.649,614.4,6.649,681.984,1.000574821
38.721743759,0.183,183,2,6.832,630.784,6.832,698.368,1.000612865
39.722403116,0.183,183,2,7.015,647.168,7.015,714.752,1.000659357
40.7229756,0.183,183,2,7.198,663.552,7.198,731.136,1.000572484
41.723591358,0.183,183,2,7.381,679.936,7.381,747.52,1.000615758
42.724215213,0.183,183,2,7.564,696.32,7.564,763.904,1.000623855
43.724951374,0.183,183,2,7.747,712.704,7.747,780.288,1.000736161
44.726284961,0.183,183,2,7.93,729.088,7.93,796.672,1.001333587
45.726858806,0.183,183,2,8.113,745.472,8.113,813.056,1.000573845
46.727489392,0.183,183,2,8.296,761.856,8.296,829.44,1.000630586
47.728063205,0.183,183,2,8.479,778.24,8.479,845.824,1.000573813
48.728628217,0.183,183,2,8.662,794.624,8.662,862.208,1.000565012
49.729184719,0.183,183,2,8.845,811.008,8.845,878.592,1.000556502
50.729789806,0.183,183,2,9.028,827.392,9.028,894.976,1.000605087
51.730430298,0.183,183,2,9.211,843.776,9.211,911.36,1.000640492
52.731025805,0.183,183,2,9.394,860.16,9.394,927.744,1.000595507
53.731631894,0.183,183,2,9.577,876.544,9.577,944.128,1.000606089
54.732313933,0.183,183,2,9.76,892.928,9.76,960.512,1.000682039
55.732887992,0.183,183,2,9.943,909.312,9.943,976.896,1.000574059
56.733465694,0.183,183,2,10.126,925.696,10.126,993.28,1.000577702
57.734044119,0.183,183,2,10.309,942.08,10.309,1009.664,1.000578425
58.734618033,0.183,183,2,10.492,958.464,10.492,1026.048,1.000573914
59.73522222,0.183,183,2,10.675,974.848,10.675,1042.432,1.000604187
60.735787787,0.183,183,2,10.858,991.232,10.858,1058.816,1.000565567
61.736360261,0.183,183,2,11.041,1007.616,11.041,1075.2,1.000572474
62.736967323,0.183,183,2,11.224,1024.0,11.224,1091.584,1.000607062
63.737611434,0.183,183,2,11.407,1040.384,11.407,1107.968,1.000644111
64.738222821,0.183,183,2,11.59,1056.768,11.59,1124.352,1.000611387
65.738960591,0.183,183,2,11.773,1073.152,11.773,1140.736,1.00073777
66.739953019,0.184,184,2,11.957,1089.536,11.957,1157.12,1.000992428
67.740704454,0.184,184,2,12.141,1105.92,12.141,1173.504,1.000751435
68.741288491,0.184,184,2,12.325,1122.304,12.325,1189.888,1.000584037
69.741835684,0.184,184,2,12.509,1138.688,12.509,1206.272,1.000547193
70.742388675,0.184,184,2,12.693,1155.072,12.693,1222.656,1.000552991
71.742958388,0.184,184,2,12.877,1171.456,12.877,1239.04,1.000569713
72.743580443,0.184,184,2,13.061,1187.84,13.061,1255.424,1.000622055
73.744192203,0.184,184,2,13.245,1204.224,13.245,1271.808,1.00061176
74.744718763,0.184,184,2,13.429,1220.608,13.429,1288.192,1.00052656
75.745283473,0.184,184,2,13.613,1236.992,13.613,1304.576,1.00056471
76.745811406,0.184,184,2,13.797,1253.376,13.797,1320.96,1.000527933
77.746356186,0.184,184,2,13.981,1269.76,13.981,1337.344,1.00054478
78.746921806,0.184,184,2,14.165,1286.144,14.165,1353.728,1.00056562
79.747490434,0.184,184,2,14.349,1302.528,14.349,1370.112,1.000568628
80.748079652,0.184,184,2,14.533,1318.912,14.533,1386.496,1.000589218
81.7486596,0.184,184,2,14.717,1335.296,14.717,1402.88,1.000579948
82.749242634,0.184,184,2,14.901,1351.68,14.901,1419.264,1.000583034
83.749864553,0.184,184,2,15.085,1368.064,15.085,1435.648,1.000621919
84.750397995,0.184,184,2,15.269,1384.448,15.269,1452.032,1.000533442
85.751003463,0.184,184,2,15.453,1400.832,15.453,1468.416,1.000605468
86.756970022,0.184,184,2,15.637,1417.216,15.637,1484.8,1.005966559
87.757750544,0.184,184,2,15.821,1433.6,15.821,1501.184,1.000780522
88.758365663,0.184,184,2,16.005,1449.984,16.005,1517.568,1.000615119
89.759354515,0.184,184,2,16.189,1466.368,16.189,1533.952,1.000988852
90.759924985,0.184,184,2,16.373,1482.752,16.373,1550.336,1.00057047
91.760511861,0.184,184,2,16.557,1499.136,16.557,1566.72,1.000586876
92.761086246,0.184,184,2,16.741,1515.52,16.741,1583.104,1.000574385
93.761645222,0.184,184,2,16.925,1531.904,16.925,1599.488,1.000558976
94.762214922,0.184,184,2,17.109,1548.288,17.109,1615.872,1.0005697
95.762961932,0.184,184,2,17.293,1564.672,17.293,1632.256,1.00074701
96.763626507,0.184,184,2,17.477,1581.056,17.477,1648.64,1.000664575
97.764154041,0.184,184,2,17.661,1597.44,17.661,1665.024,1.000527534
98.764710963,0.184,184,2,17.845,1613.824,17.845,1681.408,1.000556922
99.76522618,0.184,184,2,18.029,1630.208,18.029,1697.792,1.000515217
100.765712589,0.184,184,2,18.213,1646.592,18.213,1714.176,1.000486409
101.766208199,0.184,184,2,18.397,1662.976,18.397,1730.56,1.00049561
102.766764371,0.184,184,2,18.581,1679.36,18.581,1746.944,1.000556172
103.767383718,0.184,184,2,18.765,1695.744,18.765,1763.328,1.000619347
104.767945318,0.184,184,2,18.949,1712.128,18.949,1779.712,1.0005616
105.768452653,0.184,184,2,19.133,1728.512,19.133,1796.096,1.000507335
106.768975025,0.184,184,2,19.317,1744.896,19.317,1812.48,1.000522372
107.769568139,0.184,184,2,19.501,1761.28,19.501,1828.864,1.000593114
108.770151294,0.184,184,2,19.685,1777.664,19.685,1845.248,1.000583155
109.770741143,0.184,184,2,19.869,1794.048,19.869,1861.632,1.000589849
110.771266951,0.184,184,2,20.053,1810.432,20.053,1878.016,1.000525808
111.771767761,0.184,184,2,20.237,1826.816,20.237,1894.4,1.00050081
112.772310181,0.184,184,2,20.421,1843.2,20.421,1910.784,1.00054242
113.77285825,0.184,184,2,20.605,1859.584,20.605,1927.168,1.000548069
114.773367467,0.184,184,2,20.789,1875.968,20.789,1943.552,1.000509217
115.773895901,0.184,184,2,20.973,1892.352,20.973,1959.936,1.000528434
116.774443167,0.184,184,2,21.157,1908.736,21.157,1976.32,1.000547266
117.774924582,0.184,184,2,21.341,1925.12,21.341,1992.704,1.000481415
118.775450251,0.184,184,2,21.525,1941.504,21.525,2009.088,1.000525669
119.7760325,0.184,184,2,21.709,1957.888,21.709,2025.472,1.000582249
120.776613102,0.184,184,2,21.893,1974.272,21.893,2041.856,1.000580602
121.777192931,0.184,184,2,22.077,1990.656,22.077,2058.24,1.000579829
122.777807496,0.184,184,2,22.261,2007.04,22.261,2074.624,1.000614565
123.778373291,0.184,184,2,22.445,2023.424,22.445,2091.008,1.000565795
124.77887742,0.184,184,2,22.629,2039.808,22.629,2107.392,1.000504129
125.779372372,0.184,184,2,22.813,2056.192,22.813,2123.776,1.000494952
126.779862492,0.184,184,2,22.997,2072.576,22.997,2140.16,1.00049012
127.780559576,0.184,184,2,23.181,2088.96,23.181,2156.544,1.000697084
128.781547231,0.184,184,2,23.365,2105.344,23.365,2172.928,1.000987655
129.782581802,0.184,184,2,23.549,2121.728,23.549,2189.312,1.001034571
130.784105917,0.184,184,2,23.733,2138.112,23.733,2205.696,1.001524115
131.785247413,0.185,185,2,23.918,2154.496,23.918,2222.08,1.001141496
132.785766274,0.185,185,2,24.103,2170.88,24.103,2238.464,1.000518861
133.786319575,0.185,185,2,24.288,2187.264,24.288,2254.848,1.000553301
134.786802127,0.185,185,2,24.473,2203.648,24.473,2271.232,1.000482552
135.787336848,0.185,185,2,24.658,2220.032,24.658,2287.616,1.000534721
136.787837265,0.185,185,2,24.843,2236.416,24.843,2304.0,1.000500417
137.788331076,0.185,185,2,25.028,2252.8,25.028,2320.384,1.000493811
138.788834317,0.185,185,2,25.213,2269.184,25.213,2336.768,1.000503241
139.78932459,0.185,185,2,25.398,2285.568,25.398,2353.152,1.000490273
140.78980901,0.185,185,2,25.583,2301.952,25.583,2369.536,1.00048442
141.790314548,0.185,185,2,25.768,2318.336,25.768,2385.92,1.000505538
142.7908328,0.185,185,2,25.953,2334.72,25.953,2402.304,1.000518252
143.791349849,0.185,185,2,26.138,2351.104,26.138,2418.688,1.000517049
144.791851929,0.185,185,2,26.323,2367.488,26.323,2435.072,1.00050208
145.792364354,0.185,185,2,26.508,2383.872,26.508,2451.456,1.000512425
146.792902492,0.185,185,2,26.693,2400.256,26.693,2467.84,1.000538138
147.793420642,0.185,185,2,26.878,2416.64,26.878,2484.224,1.00051815
148.793932911,0.185,185,2,27.063,2433.024,27.063,2500.608,1.000512269
149.794440027,0.185,185,2,27.248,2449.408,27.248,2516.992,1.000507116
150.794943791,0.185,185,2,27.433,2465.792,27.433,2533.376,1.000503764
151.795463656,0.185,185,2,27.618,2482.176,27.618,2549.76,1.000519865
152.796024593,0.185,185,2,27.803,2498.56,27.803,2566.144,1.000560937
153.796546233,0.185,185,2,27.988,2514.944,27.988,2582.528,1.00052164
154.797073099,0.185,185,2,28.173,2531.328,28.173,2598.912,1.000526866
155.797570342,0.185,185,2,28.358,2547.712,28.358,2615.296,1.000497243
156.798078497,0.185,185,2,28.543,2564.096,28.543,2631.68,1.000508155
157.798597891,0.185,185,2,28.728,2580.48,28.728,2648.064,1.000519394
158.799098345,0.185,185,2,28.913,2596.864,28.913,2664.448,1.000500454
159.799606628,0.185,185,2,29.098,2613.248,29.098,2680.832,1.000508283
160.800094262,0.185,185,2,29.283,2629.632,29.283,2697.216,1.000487634
161.800593763,0.185,185,2,29.468,2646.016,29.468,2713.6,1.000499501
162.801109392,0.185,185,2,29.653,2662.4,29.653,2729.984,1.000515629
163.80170003,0.185,185,2,29.838,2678.784,29.838,2746.368,1.000590638
164.80219216,0.185,185,2,30.023,2695.168,30.023,2762.752,1.00049213
165.802665198,0.185,185,2,30.208,2711.552,30.208,2779.136,1.000473038
166.803179395,0.185,185,2,30.393,2727.936,30.393,2795.52,1.000514197
167.80365745,0.185,185,2,30.578,2744.32,30.578,2811.904,1.000478055
168.804126211,0.185,185,2,30.763,2760.704,30.763,2828.288,1.000468761
169.804593594,0.185,185,2,30.948,2777.088,30.948,2844.672,1.000467383
170.805059595,0.185,185,2,31.133,2793.472,31.133,2861.056,1.000466001
171.805559122,0.185,185,2,31.318,2809.856,31.318,2877.44,1.000499527
172.806050036,0.185,185,2,31.503,2826.24,31.503,2893.824,1.000490914
173.806528192,0.185,185,2,31.688,2842.624,31.688,2910.208,1.000478156
174.807000736,0.185,185,2,31.873,2859.008,31.873,2926.592,1.000472544
175.807479703,0.185,185,2,32.058,2875.392,32.058,2942.976,1.000478967
176.807947494,0.185,185,2,32.243,2891.776,32.243,2959.36,1.000467791
177.808419884,0.185,185,2,32.428,2908.16,32.428,2975.744,1.00047239
178.808905222,0.185,185,2,32.613,2924.544,32.613,2992.128,1.000485338
179.809409597,0.185,185,2,32.798,2940.928,32.798,3008.512,1.000504375
180.809888688,0.185,185,2,32.983,2957.312,32.983,3024.896,1.000479091
181.810375369,0.185,185,2,33.168,2973.696,33.168,3041.28,1.000486681
182.810880073,0.185,185,2,33.353,2990.08,33.353,3057.664,1.000504704
183.811380825,0.185,185,2,33.538,3006.464,33.538,3074.048,1.000500752
184.811872179,0.185,185,2,33.723,3022.848,33.723,3090.432,1.000491354
185.812353578,0.185,185,2,33.908,3039.232,33.908,3106.816,1.000481399
186.812834261,0.185,185,2,34.093,3055.616,34.093,3123.2,1.000480683
187.813332541,0.185,185,2,34.278,3072.0,34.278,3139.584,1.00049828
188.81381464,0.185,185,2,34.463,3088.384,34.463,3155.968,1.000482099
189.81429155,0.185,185,2,34.648,3104.768,34.648,3172.352,1.00047691
190.814760149,0.185,185,2,34.833,3121.152,34.833,3188.736,1.000468599
191.815248781,0.185,185,2,35.018,3137.536,35.018,3205.12,1.000488632
192.815748278,0.185,185,2,35.203,3153.92,35.203,3221.504,1.000499497
193.816302255,0.185,185,2,35.388,3162.112,35.388,3229.696,1.000553977
194.817061022,0.185,185,2,35.573,3186.688,35.573,3254.272,1.000758767
195.817815863,0.185,185,2,35.758,3203.072,35.758,3270.656,1.000754841
196.818313634,0.185,185,2,35.943,3219.456,35.943,3287.04,1.000497771
197.818761505,0.185,185,2,36.128,3235.84,36.128,3303.424,1.000447871
198.819237375,0.185,185,2,36.313,3252.224,36.313,3319.808,1.00047587
199.819698234,0.185,185,2,36.498,3268.608,36.498,3336.192,1.000460859
200.82017195,0.185,185,2,36.683,3284.992,36.683,3352.576,1.000473716
201.820752889,0.185,185,2,36.868,3301.376,36.868,3368.96,1.000580939
202.821209932,0.185,185,2,37.053,3317.76,37.053,3385.344,1.000457043
203.821665945,0.185,185,2,37.238,3334.144,37.238,3401.728,1.000456013
204.822118706,0.185,185,2,37.423,3350.528,37.423,3418.112,1.000452761
205.822565541,0.185,185,2,37.608,3366.912,37.608,3434.496,1.000446835
206.823026876,0.185,185,2,37.793,3383.296,37.793,3450.88,1.000461335
207.823542418,0.185,185,2,37.978,3399.68,37.978,3467.264,1.000515542
208.824009299,0.185,185,2,38.163,3416.064,38.163,3483.648,1.000466881
209.824475395,0.185,185,2,38.348,3432.448,38.348,3500.032,1.000466096
210.82493014,0.185,185,2,38.533,3448.832,38.533,3516.416,1.000454745
211.825397644,0.185,185,2,38.718,3465.216,38.718,3532.8,1.000467504
212.825870936,0.185,185,2,38.903,3481.6,38.903,3549.184,1.000473292
213.826326266,0.185,185,2,39.088,3497.984,39.088,3565.568,1.00045533
214.826783841,0.185,185,2,39.273,3514.368,39.273,3581.952,1.000457575
215.827277189,0.185,185,2,39.458,3530.752,39.458,3598.336,1.000493348
216.827816466,0.185,185,2,39.643,3547.136,39.643,3614.72,1.000539277
217.82833468,0.185,185,2,39.828,3563.52,39.828,3631.104,1.000518214
218.828784859,0.185,185,2,40.013,3579.904,40.013,3647.488,1.000450179
219.829249873,0.185,185,2,40.198,3596.288,40.198,3663.872,1.000465014
220.829707377,0.185,185,2,40.383,3612.672,40.383,3680.256,1.000457504
221.830158691,0.185,185,2,40.568,3629.056,40.568,3696.64,1.000451314
222.830660608,0.185,185,2,40.753,3645.44,40.753,3713.024,1.000501917
223.831226507,0.185,185,2,40.938,3661.824,40.938,3729.408,1.000565899
224.831708195,0.185,185,2,41.123,3678.208,41.123,3745.792,1.000481688
225.832219929,0.185,185,2,41.308,3694.592,41.308,3762.176,1.000511734
226.832721417,0.185,185,2,41.493,3710.976,41.493,3778.56,1.000501488
227.833209924,0.185,185,2,41.678,3727.36,41.678,3794.944,1.000488507
228.833694407,0.185,185,2,41.863,3743.744,41.863,3811.328,1.000484483
229.834163876,0.185,185,2,42.048,3760.128,42.048,3827.712,1.000469469
230.834621523,0.185,185,2,42.233,3776.512,42.233,3844.096,1.000457647
231.835075872,0.185,185,2,42.418,3792.896,42.418,3860.48,1.000454349
232.835532515,0.185,185,2,42.603,3809.28,42.603,3876.864,1.000456643
233.8359792,0.185,185,2,42.788,3825.664,42.788,3893.248,1.000446685
234.836439759,0.185,185,2,42.973,3842.048,42.973,3909.632,1.000460559
235.836888341,0.185,185,2,43.158,3858.432,43.158,3926.016,1.000448582
236.837329113,0.185,185,2,43.343,3874.816,43.343,3942.4,1.000440772
237.837829614,0.185,185,2,43.528,3891.2,43.528,3958.784,1.000500501
238.838284567,0.185,185,2,43.713,3907.584,43.713,3975.168,1.000454953
239.838727027,0.185,185,2,43.898,3923.968,43.898,3991.552,1.00044246
240.839207991,0.185,185,2,44.083,3940.352,44.083,4007.936,1.000480964
241.839661311,0.185,185,2,44.268,3956.736,44.268,4024.32,1.00045332
242.840128921,0.185,185,2,44.453,3973.12,44.453,4040.704,1.00046761
243.840587055,0.185,185,2,44.638,3989.504,44.638,4057.088,1.000458134
244.841035448,0.185,185,2,44.823,4005.888,44.823,4073.472,1.000448393
245.841481738,0.185,185,2,45.008,4022.272,45.008,4089.856,1.00044629
246.841941729,0.185,185,2,45.193,4038.656,45.193,4106.24,1.000459991
247.8424017,0.185,185,2,45.378,4055.04,45.378,4122.624,1.000459971
248.842917714,0.185,185,2,45.563,4071.424,45.563,4139.008,1.000516014
249.843470727,0.185,185,2,45.748,4087.808,45.748,4155.392,1.000553013
250.844029462,0.185,185,2,45.933,4104.192,45.933,4171.776,1.000558735
251.844511148,0.185,185,2,46.118,4120.576,46.118,4188.16,1.000481686
252.844999205,0.185,185,2,46.303,4136.96,46.303,4204.544,1.000488057
253.845865497,0.185,185,2,46.488,4153.344,46.488,4220.928,1.000866292
254.846350371,0.185,185,2,46.673,4169.728,46.673,4237.312,1.000484874
255.847137517,0.185,185,2,46.858,4186.112,46.858,4253.696,1.000787146
256.847995874,0.185,185,2,47.043,4202.496,47.043,4270.08,1.000858357
257.848755232,0.185,185,2,47.228,4218.88,47.228,4286.464,1.000759358
258.849635133,0.185,185,2,47.413,4235.264,47.413,4302.848,1.000879901
259.850598173,0.185,185,2,47.598,4251.648,47.598,4319.232,1.00096304
260.85112873,0.185,185,2,47.783,4268.032,47.783,4335.616,1.000530557
261.851640087,0.185,185,2,47.968,4284.416,47.968,4352.0,1.000511357
262.852130781,0.185,185,2,48.153,4300.8,48.153,4368.384,1.000490694
263.852615124,0.185,185,2,48.338,4317.184,48.338,4384.768,1.000484343
264.853063277,0.185,185,2,48.523,4333.568,48.523,4401.152,1.000448153
265.85349479,0.185,185,2,48.708,4349.952,48.708,4417.536,1.000431513
266.853940582,0.185,185,2,48.893,4366.336,48.893,4433.92,1.000445792
267.854429913,0.185,185,2,49.078,4382.72,49.078,4450.304,1.000489331
268.854918272,0.185,185,2,49.263,4399.104,49.263,4466.688,1.000488359
269.855369665,0.185,185,2,49.448,4415.488,49.448,4483.072,1.000451393
270.855810726,0.185,185,2,49.633,4431.872,49.633,4499.456,1.000441061
271.856257942,0.185,185,2,49.818,4448.256,49.818,4515.84,1.000447216
272.856716954,0.185,185,2,50.003,4464.64,50.003,4532.224,1.000459012
273.857168819,0.185,185,2,50.188,4481.024,50.188,4548.608,1.000451865
274.857683414,0.185,185,2,50.373,4497.408,50.373,4564.992,1.000514595
275.858210281,0.185,185,2,50.558,4513.792,50.558,4581.376,1.000526867
276.858670308,0.185,185,2,50.743,4530.176,50.743,4597.76,1.000460027
277.859128111,0.185,185,2,50.928,4546.56,50.928,4614.144,1.000457803
278.859554855,0.185,185,2,51.113,4562.944,51.113,4630.528,1.000426744
279.859990007,0.185,185,2,51.298,4579.328,51.298,4646.912,1.000435152
280.860425012,0.185,185,2,51.483,4595.712,51.483,4663.296,1.000435005
281.860853554,0.185,185,2,51.668,4612.096,51.668,4679.68,1.000428542
282.861308595,0.185,185,2,51.853,4628.48,51.853,4696.064,1.000455041
283.861798807,0.185,185,2,52.038,4644.864,52.038,4712.448,1.000490212
284.862227731,0.185,185,2,52.223,4661.248,52.223,4728.832,1.000428924
285.862673451,0.185,185,2,52.408,4677.632,52.408,4745.216,1.00044572
286.863110718,0.185,185,2,52.593,4694.016,52.593,4761.6,1.000437267
287.863552926,0.185,185,2,52.778,4710.4,52.778,4777.984,1.000442208
288.863992533,0.185,185,2,52.963,4726.784,52.963,4794.368,1.000439607
289.864424707,0.185,185,2,53.148,4743.168,53.148,4810.752,1.000432174
290.864878448,0.185,185,2,53.333,4759.552,53.333,4827.136,1.000453741
291.865320342,0.185,185,2,53.518,4775.936,53.518,4843.52,1.000441894
292.865754164,0.185,185,2,53.703,4792.32,53.703,4859.904,1.000433822
293.866184989,0.185,185,2,53.888,4808.704,53.888,4876.288,1.000430825
294.866624659,0.185,185,2,54.073,4825.088,54.073,4892.672,1.00043967
295.86705202,0.185,185,2,54.258,4841.472,54.258,4909.056,1.000427361
296.867483855,0.185,185,2,54.443,4857.856,54.443,4925.44,1.000431835
297.867919794,0.185,185,2,54.628,4874.24,54.628,4941.824,1.000435939
298.868358171,0.185,185,2,54.813,4890.624,54.813,4958.208,1.000438377
299.868784464,0.185,185,2,54.998,4907.008,54.998,4974.592,1.000426293
300.869226997,0.185,185,2,55.183,4923.392,55.183,4990.976,1.000442533
301.869697716,0.185,185,2,55.368,4939.776,55.368,5007.36,1.000470719
302.870172237,0.185,185,2,55.553,4956.16,55.553,5023.744,1.000474521
303.870607942,0.185,185,2,55.738,4972.544,55.738,5040.128,1.000435705
304.871037323,0.185,185,2,55.923,4988.928,55.923,5056.512,1.000429381
305.871466538,0.185,185,2,56.108,5005.312,56.108,5072.896,1.000429215
306.871899359,0.185,185,2,56.293,5021.696,56.293,5089.28,1.000432821
307.872348594,0.185,185,2,56.478,5038.08,56.478,5105.664,1.000449235
308.87276919,0.185,185,2,56.663,5054.464,56.663,5122.048,1.000420596
309.873202492,0.185,185,2,56.848,5070.848,56.848,5138.432,1.000433302
310.873687971,0.185,185,2,57.033,5087.232,57.033,5154.816,1.000485479
311.874176043,0.185,185,2,57.218,5103.616,57.218,5171.2,1.000488072
312.874625143,0.185,185,2,57.403,5120.0,57.403,5187.584,1.0004491
313.875106884,0.185,185,2,57.588,5136.384,57.588,5203.968,1.000481741
314.875537988,0.185,185,2,57.773,5152.768,57.773,5220.352,1.000431104
315.875957453,0.185,185,2,57.958,5169.152,57.958,5236.736,1.000419465
316.876382904,0.185,185,2,58.143,5185.536,58.143,5253.12,1.000425451
317.876807284,0.185,185,2,58.328,5201.92,58.328,5269.504,1.00042438
318.877232287,0.185,185,2,58.513,5218.304,58.513,5285.888,1.000425003
319.877654145,0.185,185,2,58.698,5234.688,58.698,5302.272,1.000421858
320.878087244,0.185,185,2,58.883,5251.072,58.883,5318.656,1.000433099
321.878529894,0.185,185,2,59.068,5267.456,59.068,5335.04,1.00044265
322.885803422,0.185,185,2,59.253,5283.84,59.253,5351.424,1.007273528
323.886227097,0.185,185,2,59.438,5300.224,59.438,5367.808,1.000423675
324.886688298,0.185,185,2,59.623,5316.608,59.623,5384.192,1.000461201
325.88713695,0.185,185,2,59.808,5332.992,59.808,5400.576,1.000448652
326.887562227,0.185,185,2,59.993,5349.376,59.993,5416.96,1.000425277
327.888008991,0.185,185,2,60.178,5365.76,60.178,5433.344,1.000446764
328.888436318,0.185,185,2,60.363,5382.144,60.363,5449.728,1.000427327
329.888868739,0.185,185,2,60.548,5398.528,60.548,5466.112,1.000432421
330.889311784,0.185,185,2,60.733,5414.912,60.733,5482.496,1.000443045
331.889754266,0.185,185,2,60.918,5431.296,60.918,5498.88,1.000442482
332.890187547,0.185,185,2,61.103,5447.68,61.103,5515.264,1.000433281
333.890621412,0.185,185,2,61.288,5464.064,61.288,5531.648,1.000433865
334.891054112,0.185,185,2,61.473,5480.448,61.473,5548.032,1.0004327
335.891475044,0.185,185,2,61.658,5496.832,61.658,5564.416,1.000420932
336.89190738,0.185,185,2,61.843,5513.216,61.843,5580.8,1.000432336
337.892338304,0.185,185,2,62.028,5529.6,62.028,5597.184,1.000430924
338.892759506,0.185,185,2,62.213,5545.984,62.213,5613.568,1.000421202
339.893194013,0.185,185,2,62.398,5562.368,62.398,5629.952,1.000434507
340.893615839,0.185,185,2,62.583,5578.752,62.583,5646.336,1.000421826
341.894046659,0.185,185,2,62.768,5595.136,62.768,5662.72,1.00043082
342.894482038,0.185,185,2,62.953,5611.52,62.953,5679.104,1.000435379
343.895000644,0.185,185,2,63.138,5627.904,63.138,5695.488,1.000518606
344.895507506,0.185,185,2,63.323,5644.288,63.323,5711.872,1.000506862
345.896044734,0.185,185,2,63.508,5660.672,63.508,5728.256,1.000537228
346.896486,0.185,185,2,63.693,5677.056,63.693,5744.64,1.000441266
347.896915579,0.185,185,2,63.878,5693.44,63.878,5761.024,1.000429579
348.897334496,0.185,185,2,64.063,5709.824,64.063,5777.408,1.000418917
349.897747397,0.185,185,2,64.248,5726.208,64.248,5793.792,1.000412901
350.898163066,0.185,185,2,64.433,5742.592,64.433,5810.176,1.000415669
351.898594231,0.185,185,2,64.618,5758.976,64.618,5826.56,1.000431165
352.899029786,0.185,185,2,64.803,5775.36,64.803,5842.944,1.000435555
353.899461627,0.185,185,2,64.988,5791.744,64.988,5859.328,1.000431841
354.899928002,0.185,185,2,65.173,5808.128,65.173,5875.712,1.000466375
355.900349633,0.185,185,2,65.358,5824.512,65.358,5892.096,1.000421631
356.900768361,0.185,185,2,65.543,5840.896,65.543,5908.48,1.000418728
357.901206994,0.185,185,2,65.728,5857.28,65.728,5924.864,1.000438633
358.901629593,0.185,185,2,65.913,5873.664,65.913,5941.248,1.000422599
359.902047493,0.185,185,2,66.098,5890.048,66.098,5957.632,1.0004179
360.902475757,0.185,185,2,66.283,5906.432,66.283,5974.016,1.000428264
361.902997487,0.185,185,2,66.468,5922.816,66.468,5990.4,1.00052173
362.903606116,0.185,185,2,66.653,5939.2,66.653,6006.784,1.000608629
363.904116538,0.185,185,2,66.838,5955.584,66.838,6023.168,1.000510422
364.904609917,0.185,185,2,67.023,5971.968,67.023,6039.552,1.000493379
365.905069519,0.185,185,2,67.208,5988.352,67.208,6055.936,1.000459602
366.905526591,0.185,185,2,67.393,6004.736,67.393,6072.32,1.000457072
367.905979678,0.185,185,2,67.578,6021.12,67.578,6088.704,1.000453087
368.906432577,0.185,185,2,67.763,6037.504,67.763,6105.088,1.000452899
369.906883128,0.185,185,2,67.948,6053.888,67.948,6121.472,1.000450551
370.907347006,0.185,185,2,68.133,6070.272,68.133,6137.856,1.000463878
371.907805311,0.185,185,2,68.318,6086.656,68.318,6154.24,1.000458305
372.908264924,0.185,185,2,68.503,6103.04,68.503,6170.624,1.000459613
373.908803473,0.185,185,2,68.688,6119.424,68.688,6187.008,1.000538549
374.909301001,0.185,185,2,68.873,6135.808,68.873,6203.392,1.000497528
375.909738641,0.185,185,2,69.058,6152.192,69.058,6219.776,1.00043764
376.910171969,0.185,185,2,69.243,6168.576,69.243,6236.16,1.000433328
377.910596402,0.185,185,2,69.428,6184.96,69.428,6252.544,1.000424433
378.911034561,0.185,185,2,69.613,6201.344,69.613,6268.928,1.000438159
379.911479599,0.185,185,2,69.798,6217.728,69.798,6285.312,1.000445038
380.911907711,0.185,185,2,69.983,6234.112,69.983,6301.696,1.000428112
381.912696663,0.185,185,2,70.168,6250.496,70.168,6318.08,1.000788952
382.91315235,0.185,185,2,70.353,6266.88,70.353,6334.464,1.000455687
383.913658878,0.185,185,2,70.538,6283.264,70.538,6350.848,1.000506528
384.914421561,0.185,185,2,70.723,6299.648,70.723,6367.232,1.000762683
385.915275043,0.185,185,2,70.908,6316.032,70.908,6383.616,1.000853482
386.916136749,0.185,185,2,71.093,6332.416,71.093,6400.0,1.000861706
387.91704728,0.185,185,2,71.278,6348.8,71.278,6416.384,1.000910531
388.917647304,0.185,185,2,71.463,6365.184,71.463,6432.768,1.000600024
389.918086304,0.185,185,2,71.648,6381.568,71.648,6449.152,1.000439
390.918505155,0.185,185,2,71.833,6397.952,71.833,6465.536,1.000418851
391.918962292,0.185,185,2,72.018,6414.336,72.018,6481.92,1.000457137
392.919415086,0.185,185,2,72.203,6430.72,72.203,6498.304,1.000452794
393.919843132,0.185,185,2,72.388,6447.104,72.388,6514.688,1.000428046
394.920275364,0.185,185,2,72.573,6463.488,72.573,6531.072,1.000432232
395.920732318,0.185,185,2,72.758,6479.872,72.758,6547.456,1.000456954
396.921151891,0.185,185,2,72.943,6496.256,72.943,6563.84,1.000419573
397.92165911,0.185,185,2,73.128,6512.64,73.128,6580.224,1.000507219
398.922073199,0.185,185,2,73.313,6529.024,73.313,6596.608,1.000414089
399.922494418,0.185,185,2,73.498,6545.408,73.498,6612.992,1.000421219
400.922906347,0.185,185,2,73.683,6561.792,73.683,6629.376,1.000411929
401.92334579,0.185,185,2,73.868,6578.176,73.868,6645.76,1.000439443
402.923830872,0.185,185,2,74.053,6594.56,74.053,6662.144,1.000485082
403.924324932,0.185,185,2,74.238,6610.944,74.238,6678.528,1.00049406
404.924787644,0.185,185,2,74.423,6627.328,74.423,6694.912,1.000462712
405.925201228,0.185,185,2,74.608,6643.712,74.608,6711.296,1.000413584
406.925615191,0.185,185,2,74.793,6660.096,74.793,6727.68,1.000413963
407.926024201,0.185,185,2,74.978,6676.48,74.978,6744.064,1.00040901
408.92643112,0.185,185,2,75.163,6692.864,75.163,6760.448,1.000406919
409.926835175,0.185,185,2,75.348,6709.248,75.348,6776.832,1.000404055
410.927247347,0.185,185,2,75.533,6725.632,75.533,6793.216,1.000412172
411.927698731,0.185,185,2,75.718,6742.016,75.718,6809.6,1.000451384
412.928125681,0.185,185,2,75.903,6758.4,75.903,6825.984,1.00042695
413.928527981,0.185,185,2,76.088,6774.784,76.088,6842.368,1.0004023
414.928932214,0.185,185,2,76.273,6791.168,76.273,6858.752,1.000404233
415.929345015,0.185,185,2,76.458,6807.552,76.458,6875.136,1.000412801
416.929745858,0.185,185,2,76.643,6823.936,76.643,6891.52,1.000400843
417.930157361,0.185,185,2,76.828,6840.32,76.828,6907.904,1.000411503
418.930574026,0.185,185,2,77.013,6856.704,77.013,6924.288,1.000416665
419.930972095,0.185,185,2,77.198,6873.088,77.198,6940.672,1.000398069
420.931379072,0.185,185,2,77.383,6889.472,77.383,6957.056,1.000406977
421.931794846,0.185,185,2,77.568,6905.856,77.568,6973.44,1.000415774
422.932233179,0.185,185,2,77.753,6922.24,77.753,6989.824,1.000438333
423.93278909,0.185,185,2,77.938,6938.624,77.938,7006.208,1.000555911
424.933288314,0.185,185,2,78.123,6955.008,78.123,7022.592,1.000499224
425.933697125,0.185,185,2,78.308,6971.392,78.308,7038.976,1.000408811
426.934112242,0.185,185,2,78.493,6987.776,78.493,7055.36,1.000415117
427.934596867,0.185,185,2,78.678,7004.16,78.678,7071.744,1.000484625
428.935021462,0.185,185,2,78.863,7020.544,78.863,7088.128,1.000424595
429.935434242,0.185,185,2,79.048,7036.928,79.048,7104.512,1.00041278
430.935849057,0.185,185,2,79.233,7053.312,79.233,7120.896,1.000414815
431.936388707,0.185,185,2,79.418,7069.696,79.418,7137.28,1.00053965
432.936869399,0.185,185,2,79.603,7086.08,79.603,7153.664,1.000480692
433.937325068,0.185,185,2,79.788,7102.464,79.788,7170.048,1.000455669
434.937732587,0.185,185,2,79.973,7118.848,79.973,7186.432,1.000407519
435.938141283,0.185,185,2,80.158,7135.232,80.158,7202.816,1.000408696
436.938546726,0.185,185,2,80.343,7151.616,80.343,7219.2,1.000405443
437.938960795,0.185,185,2,80.528,7168.0,80.528,7235.584,1.000414069
438.939367944,0.185,185,2,80.713,7184.384,80.713,7251.968,1.000407149
439.939779581,0.185,185,2,80.898,7200.768,80.898,7268.352,1.000411637
440.940188441,0.185,185,2,81.083,7217.152,81.083,7284.736,1.00040886
441.940602214,0.185,185,2,81.268,7233.536,81.268,7301.12,1.000413773
442.941012907,0.185,185,2,81.453,7249.92,81.453,7317.504,1.000410693
443.94145974,0.185,185,2,81.638,7266.304,81.638,7333.888,1.000446833
444.941923678,0.185,185,2,81.823,7282.688,81.823,7350.272,1.000463938
445.942333396,0.185,185,2,82.008,7299.072,82.008,7366.656,1.000409718
446.942757173,0.185,185,2,82.193,7315.456,82.193,7383.04,1.000423777
447.943230156,0.185,185,2,82.378,7331.84,82.378,7399.424,1.000472983
448.943639485,0.185,185,2,82.563,7348.224,82.563,7415.808,1.000409329
449.944057112,0.185,185,2,82.748,7364.608,82.748,7432.192,1.000417627
450.944508403,0.185,185,2,82.933,7380.992,82.933,7448.576,1.000451291
451.944941779,0.185,185,2,83.118,7397.376,83.118,7464.96,1.000433376
452.945351858,0.185,185,2,83.303,7413.76,83.303,7481.344,1.000410079
453.945755317,0.185,185,2,83.488,7430.144,83.488,7497.728,1.000403459
454.946148888,0.185,185,2,83.673,7446.528,83.673,7514.112,1.000393571
455.946555205,0.185,185,2,83.858,7462.912,83.858,7530.496,1.000406317
456.946962565,0.185,185,2,84.043,7479.296,84.043,7546.88,1.00040736
457.94736498,0.185,185,2,84.228,7495.68,84.228,7563.264,1.000402415
458.947762606,0.185,185,2,84.413,7512.064,84.413,7579.648,1.000397626
459.948212267,0.185,185,2,84.598,7528.448,84.598,7596.032,1.000449661
460.948675328,0.185,185,2,84.783,7544.832,84.783,7612.416,1.000463061
461.949133921,0.185,185,2,84.968,7561.216,84.968,7628.8,1.000458593
462.949560995,0.185,185,2,85.153,7577.6,85.153,7645.184,1.000427074
463.950007285,0.185,185,2,85.338,7593.984,85.338,7661.568,1.00044629
464.950410352,0.185,185,2,85.523,7610.368,85.523,7677.952,1.000403067
465.95081327,0.185,185,2,85.708,7626.752,85.708,7694.336,1.000402918
466.951216451,0.185,185,2,85.893,7643.136,85.893,7710.72,1.000403181
467.951620287,0.185,185,2,86.078,7659.52,86.078,7727.104,1.000403836
468.952010486,0.185,185,2,86.263,7675.904,86.263,7743.488,1.000390199
469.952404375,0.185,185,2,86.448,7692.288,86.448,7759.872,1.000393889
470.952797817,0.185,185,2,86.633,7708.672,86.633,7776.256,1.000393442
471.95319158,0.185,185,2,86.818,7725.056,86.818,7792.64,1.000393763
472.953657739,0.185,185,2,87.003,7741.44,87.003,7809.024,1.000466159
473.954060336,0.185,185,2,87.188,7757.824,87.188,7825.408,1.000402597
474.954465919,0.185,185,2,87.373,7774.208,87.373,7841.792,1.000405583
475.954860435,0.185,185,2,87.558,7790.592,87.558,7858.176,1.000394516
476.955296186,0.185,185,2,87.743,7806.976,87.743,7874.56,1.000435751
477.955805786,0.185,185,2,87.928,7823.36,87.928,7890.944,1.0005096
478.956240433,0.185,185,2,88.113,7839.744,88.113,7907.328,1.000434647
479.956640549,0.185,185,2,88.298,7856.128,88.298,7923.712,1.000400116
480.95704138,0.185,185,2,88.483,7872.512,88.483,7940.096,1.000400831
481.957466944,0.185,185,2,88.668,7888.896,88.668,7956.48,1.000425564
482.95789183,0.185,185,2,88.853,7905.28,88.853,7972.864,1.000424886
483.958284641,0.185,185,2,89.038,7921.664,89.038,7989.248,1.000392811
484.958686269,0.185,185,2,89.223,7938.048,89.223,8005.632,1.000401628
485.959093945,0.185,185,2,89.408,7954.432,89.408,8022.016,1.000407676
486.959496159,0.185,185,2,89.593,7970.816,89.593,8038.4,1.000402214
487.959993647,0.185,185,2,89.778,7987.2,89.778,8054.784,1.000497488
488.960474405,0.185,185,2,89.963,8003.584,89.963,8071.168,1.000480758
489.960886389,0.185,185,2,90.148,8019.968,90.148,8087.552,1.000411984
490.961287332,0.185,185,2,90.333,8036.352,90.333,8103.936,1.000400943
491.961695296,0.185,185,2,90.518,8052.736,90.518,8120.32,1.000407964
492.962097438,0.185,185,2,90.703,8069.12,90.703,8136.704,1.000402142
493.962543188,0.185,185,2,90.888,8085.504,90.888,8153.088,1.00044575
494.962947047,0.185,185,2,91.073,8101.888,91.073,8169.472,1.000403859
495.963341145,0.185,185,2,91.258,8118.272,91.258,8185.856,1.000394098
496.963775408,0.185,185,2,91.443,8134.656,91.443,8202.24,1.000434263
497.96423725,0.185,185,2,91.628,8151.04,91.628,8218.624,1.000461842
498.964668807,0.185,185,2,91.813,8167.424,91.813,8235.008,1.000431557
499.965057628,0.185,185,2,91.998,8183.808,91.998,8251.392,1.000388821
500.965445262,0.185,185,2,92.183,8200.192,92.183,8267.776,1.000387634
501.965847473,0.185,185,2,92.368,8216.576,92.368,8284.16,1.000402211
502.966239966,0.185,185,2,92.553,8232.96,92.553,8300.544,1.000392493
503.966635912,0.185,185,2,92.738,8249.344,92.738,8316.928,1.000395946
504.967031596,0.185,185,2,92.923,8265.728,92.923,8333.312,1.000395684
505.967425204,0.185,185,2,93.108,8282.112,93.108,8349.696,1.000393608
506.96782286,0.185,185,2,93.293,8298.496,93.293,8366.08,1.000397656
507.968220807,0.185,185,2,93.478,8314.88,93.478,8382.464,1.000397947
508.968700659,0.185,185,2,93.663,8331.264,93.663,8398.848,1.000479852
509.969121161,0.185,185,2,93.848,8347.648,93.848,8415.232,1.000420502
510.969545209,0.185,185,2,94.033,8364.032,94.033,8431.616,1.000424048
511.969951051,0.185,185,2,94.218,8380.416,94.218,8448.0,1.000405842
512.970369149,0.185,185,2,94.403,8396.8,94.403,8464.384,1.000418098
513.971404922,0.185,185,2,94.588,8413.184,94.588,8480.768,1.001035773
514.973681605,0.185,185,2,94.773,8429.568,94.773,8497.152,1.002276683
515.975532273,0.185,185,2,94.958,8445.952,94.958,8513.536,1.001850668
516.976249568,0.185,185,2,95.143,8462.336,95.143,8529.92,1.000717295
517.976660831,0.185,185,2,95.328,8478.72,95.328,8546.304,1.000411263
518.977019402,0.185,185,2,95.513,8495.104,95.513,8562.688,1.000358571
519.977381095,0.185,185,2,95.698,8511.488,95.698,8579.072,1.000361693
520.97774955,0.185,185,2,95.883,8527.872,95.883,8595.456,1.000368455
521.978119651,0.185,185,2,96.068,8544.256,96.068,8611.84,1.000370101
522.978500261,0.185,185,2,96.253,8560.64,96.253,8628.224,1.00038061
523.97891835,0.185,185,2,96.438,8577.024,96.438,8644.608,1.000418089
524.979289328,0.185,185,2,96.623,8593.408,96.623,8660.992,1.000370978
525.979662179,0.185,185,2,96.808,8609.792,96.808,8677.376,1.000372851
526.980018839,0.185,185,2,96.993,8626.176,96.993,8693.76,1.00035666
527.980371428,0.185,185,2,97.178,8642.56,97.178,8710.144,1.000352589
528.980734663,0.185,185,2,97.363,8658.944,97.363,8726.528,1.000363235
529.981115507,0.185,185,2,97.548,8675.328,97.548,8742.912,1.000380844
530.981477352,0.185,185,2,97.733,8691.712,97.733,8759.296,1.000361845
531.981845083,0.185,185,2,97.918,8708.096,97.918,8775.68,1.000367731
532.982210025,0.185,185,2,98.103,8724.48,98.103,8792.064,1.000364942
533.982565393,0.185,185,2,98.288,8740.864,98.288,8808.448,1.000355368
534.982917355,0.185,185,2,98.473,8757.248,98.473,8824.832,1.000351962
535.983287083,0.185,185,2,98.658,8773.632,98.658,8841.216,1.000369728
536.983634939,0.185,185,2,98.843,8790.016,98.843,8857.6,1.000347856
537.983999771,0.185,185,2,99.028,8806.4,99.028,8873.984,1.000364832
538.984360954,0.185,185,2,99.213,8822.784,99.213,8890.368,1.000361183
539.984770864,0.185,185,2,99.398,8839.168,99.398,8906.752,1.00040991
540.985188594,0.185,185,2,99.583,8855.552,99.583,8923.136,1.00041773
541.985560549,0.185,185,2,99.768,8871.936,99.768,8939.52,1.000371955
542.985925852,0.185,185,2,99.953,8888.32,99.953,8955.904,1.000365303
543.986278928,0.185,185,2,100.138,8904.704,100.138,8972.288,1.000353076
544.986646952,0.185,185,2,100.323,8921.088,100.323,8988.672,1.000368024
545.987016598,0.185,185,2,100.508,8937.472,100.508,9005.056,1.000369646
546.987401619,0.185,185,2,100.693,8953.856,100.693,9021.44,1.000385021
547.987752726,0.185,185,2,100.878,8970.24,100.878,9037.824,1.000351107
548.988112068,0.185,185,2,101.063,8986.624,101.063,9054.208,1.000359342
549.98845924,0.185,185,2,101.248,9003.008,101.248,9070.592,1.000347172
550.988807287,0.185,185,2,101.433,9019.392,101.433,9086.976,1.000348047
551.989155767,0.185,185,2,101.618,9035.776,101.618,9103.36,1.00034848
552.989528883,0.185,185,2,101.803,9052.16,101.803,9119.744,1.000373116
553.989947352,0.185,185,2,101.988,9068.544,101.988,9136.128,1.000418469
554.990301096,0.185,185,2,102.173,9084.928,102.173,9152.512,1.000353744
555.990654285,0.185,185,2,102.358,9101.312,102.358,9168.896,1.000353189
556.99101752,0.185,185,2,102.543,9117.696,102.543,9185.28,1.000363235
557.991375132,0.185,185,2,102.728,9134.08,102.728,9201.664,1.000357612
558.991721853,0.185,185,2,102.913,9150.464,102.913,9218.048,1.000346721
559.992069476,0.185,185,2,103.098,9166.848,103.098,9234.432,1.000347623
560.992420652,0.185,185,2,103.283,9183.232,103.283,9250.816,1.000351176
561.992791051,0.185,185,2,103.468,9199.616,103.468,9267.2,1.000370399
562.993159732,0.185,185,2,103.653,9216.0,103.653,9283.584,1.000368681
563.993514917,0.185,185,2,103.838,9232.384,103.838,9299.968,1.000355185
564.993876791,0.185,185,2,104.023,9248.768,104.023,9316.352,1.000361874
565.994252744,0.185,185,2,104.208,9265.152,104.208,9332.736,1.000375953
566.994609771,0.185,185,2,104.393,9281.536,104.393,9349.12,1.000357027
567.994968109,0.185,185,2,104.578,9297.92,104.578,9365.504,1.000358338
568.995333157,0.185,185,2,104.763,9314.304,104.763,9381.888,1.000365048
569.995740764,0.185,185,2,104.948,9330.688,104.948,9398.272,1.000407607
570.996132688,0.185,185,2,105.133,9347.072,105.133,9414.656,1.000391924
571.99651235,0.185,185,2,105.318,9363.456,105.318,9431.04,1.000379662
572.99687245,0.185,185,2,105.503,9379.84,105.503,9447.424,1.0003601
573.997295556,0.185,185,2,105.688,9396.224,105.688,9463.808,1.000423106
574.9977362,0.185,185,2,105.873,9412.608,105.873,9480.192,1.000440644
575.998181532,0.185,185,2,106.058,9428.992,106.058,9496.576,1.000445332
576.99857172,0.185,185,2,106.243,9445.376,106.243,9512.96,1.000390188
577.998925592,0.185,185,2,106.428,9461.76,106.428,9529.344,1.000353872
578.999298803,0.185,185,2,106.613,9478.144,106.613,9545.728,1.000373211
579.999649285,0.185,185,2,106.798,9494.528,106.798,9562.112,1.000350482
580.999996839,0.185,185,2,106.983,9510.912,106.983,9578.496,1.000347554
582.0003449,0.185,185,2,107.168,9527.296,107.168,9594.88,1.000348061
583.000710219,0.185,185,2,107.353,9543.68,107.353,9611.264,1.000365319
584.001110439,0.185,185,2,107.538,9560.064,107.538,9627.648,1.00040022
585.001520759,0.185,185,2,107.723,9576.448,107.723,9644.032,1.00041032
586.001886803,0.185,185,2,107.908,9592.832,107.908,9660.416,1.000366044
587.00225235,0.185,185,2,108.093,9609.216,108.093,9676.8,1.000365547
588.002617259,0.185,185,2,108.278,9625.6,108.278,9693.184,1.000364909
589.002976132,0.185,185,2,108.463,9641.984,108.463,9709.568,1.000358873
590.003333733,0.185,185,2,108.648,9658.368,108.648,9725.952,1.000357601
591.003677248,0.185,185,2,108.833,9674.752,108.833,9742.336,1.000343515
592.004040298,0.185,185,2,109.018,9691.136,109.018,9758.72,1.00036305
593.004404421,0.185,185,2,109.203,9707.52,109.203,9775.104,1.000364123
594.004769243,0.185,185,2,109.388,9723.904,109.388,9791.488,1.000364822
595.005126307,0.185,185,2,109.573,9740.288,109.573,9807.872,1.000357064
596.005485935,0.185,185,2,109.758,9756.672,109.758,9824.256,1.000359628
597.005845178,0.185,185,2,109.943,9773.056,109.943,9840.64,1.000359243
598.006272535,0.185,185,2,110.128,9789.44,110.128,9857.024,1.000427357
599.006656099,0.185,185,2,110.313,9805.824,110.313,9873.408,1.000383564
600.007027153,0.185,185,2,110.498,9822.208,110.498,9889.792,1.000371054
601.007432315,0.185,185,2,110.683,9838.592,110.683,9906.176,1.000405162
602.007874162,0.185,185,2,110.868,9854.976,110.868,9922.56,1.000441847
603.008269182,0.185,185,2,111.053,9871.36,111.053,9938.944,1.00039502
604.008662174,0.185,185,2,111.238,9887.744,111.238,9955.328,1.000392992
605.009052835,0.185,185,2,111.423,9904.128,111.423,9971.712,1.000390661
606.009437293,0.185,185,2,111.608,9920.512,111.608,9988.096,1.000384458
607.009819977,0.185,185,2,111.793,9936.896,111.793,10004.48,1.000382684
608.010193041,0.185,185,2,111.978,9953.28,111.978,10020.864,1.000373064
609.010562849,0.185,185,2,112.163,9969.664,112.163,10037.248,1.000369808
610.010933824,0.185,185,2,112.348,9986.048,112.348,10053.632,1.000370975
611.011328884,0.185,185,2,112.533,10002.432,112.533,10070.016,1.00039506
612.011735032,0.185,185,2,112.718,10018.816,112.718,10086.4,1.000406148
613.012111932,0.185,185,2,112.903,10035.2,112.903,10102.784,1.0003769
614.012590985,0.185,185,2,113.088,10051.584,113.088,10119.168,1.000479053
615.012961411,0.185,185,2,113.273,10067.968,113.273,10135.552,1.000370426
616.013334831,0.185,185,2,113.458,10084.352,113.458,10151.936,1.00037342
617.013710985,0.185,185,2,113.643,10100.736,113.643,10168.32,1.000376154
618.014082812,0.185,185,2,113.828,10117.12,113.828,10184.704,1.000371827
619.01446779,0.185,185,2,114.013,10133.504,114.013,10201.088,1.000384978
620.01483526,0.185,185,2,114.198,10149.888,114.198,10217.472,1.00036747
621.015207855,0.185,185,2,114.383,10166.272,114.383,10233.856,1.000372595
622.015604373,0.185,185,2,114.568,10182.656,114.568,10250.24,1.000396518
623.015980984,0.185,185,2,114.753,10199.04,114.753,10266.624,1.000376611
624.016350434,0.185,185,2,114.938,10215.424,114.938,10283.008,1.00036945
625.01673371,0.185,185,2,115.123,10231.808,115.123,10299.392,1.000383276
626.017106883,0.185,185,2,115.308,10248.192,115.308,10315.776,1.000373173
627.017478109,0.185,185,2,115.493,10264.576,115.493,10332.16,1.000371226
628.017864946,0.185,185,2,115.678,10280.96,115.678,10348.544,1.000386837
629.018240271,0.185,185,2,115.863,10297.344,115.863,10364.928,1.000375325
630.018612698,0.185,185,2,116.048,10313.728,116.048,10381.312,1.000372427
631.01898849,0.185,185,2,116.233,10330.112,116.233,10397.696,1.000375792
632.019394706,0.185,185,2,116.418,10346.496,116.418,10414.08,1.000406216
633.019801879,0.185,185,2,116.603,10362.88,116.603,10430.464,1.000407173
634.02018471,0.185,185,2,116.788,10379.264,116.788,10446.848,1.000382831
635.020563077,0.185,185,2,116.973,10395.648,116.973,10463.232,1.000378367
636.020930228,0.185,185,2,117.158,10412.032,117.158,10479.616,1.000367151
637.021302745,0.185,185,2,117.343,10428.416,117.343,10496.0,1.000372517
638.021677847,0.185,185,2,117.528,10444.8,117.528,10512.384,1.000375102
639.022045326,0.185,185,2,117.713,10461.184,117.713,10528.768,1.000367479
640.022420515,0.185,185,2,117.898,10477.568,117.898,10545.152,1.000375189
641.022804412,0.185,185,2,118.083,10493.952,118.083,10561.536,1.000383897
642.023260458,0.185,185,2,118.268,10510.336,118.268,10577.92,1.000456046
643.023932829,0.185,185,2,118.453,10526.72,118.453,10594.304,1.000672371
644.025104214,0.185,185,2,118.638,10543.104,118.638,10610.688,1.001171385
645.025955222,0.185,185,2,118.823,10559.488,118.823,10627.072,1.000851008
646.026324843,0.185,185,2,119.008,10575.872,119.008,10643.456,1.000369621
647.026677143,0.185,185,2,119.193,10592.256,119.193,10659.84,1.0003523
648.027028417,0.185,185,2,119.378,10608.64,119.378,10676.224,1.000351274
649.027389739,0.185,185,2,119.563,10625.024,119.563,10692.608,1.000361322
650.027729421,0.185,185,2,119.748,10641.408,119.748,10708.992,1.000339682
651.028074816,0.185,185,2,119.933,10657.792,119.933,10725.376,1.000345395
652.028477471,0.185,185,2,120.118,10674.176,120.118,10741.76,1.000402655
653.028833793,0.185,185,2,120.303,10690.56,120.303,10758.144,1.000356322
654.029196267,0.185,185,2,120.488,10706.944,120.488,10774.528,1.000362474
655.029566947,0.185,185,2,120.673,10723.328,120.673,10790.912,1.00037068
656.029909942,0.185,185,2,120.858,10739.712,120.858,10807.296,1.000342995
657.030260891,0.185,185,2,121.043,10756.096,121.043,10823.68,1.000350949
658.030617426,0.185,185,2,121.228,10772.48,121.228,10840.064,1.000356535
659.030960696,0.185,185,2,121.413,10788.864,121.413,10856.448,1.00034327
660.031303158,0.185,185,2,121.598,10805.248,121.598,10872.832,1.000342462
661.031653738,0.185,185,2,121.783,10821.632,121.783,10889.216,1.00035058
662.032061038,0.185,185,2,121.968,10838.016,121.968,10905.6,1.0004073
663.032410876,0.185,185,2,122.153,10854.4,122.153,10921.984,1.000349838
664.032764796,0.185,185,2,122.338,10870.784,122.338,10938.368,1.00035392
665.033145273,0.185,185,2,122.523,10887.168,122.523,10954.752,1.000380477
666.033523734,0.185,185,2,122.708,10903.552,122.708,10971.136,1.000378461
667.033909486,0.185,185,2,122.893,10919.936,122.893,10987.52,1.000385752
668.034273268,0.185,185,2,123.078,10936.32,123.078,11003.904,1.000363782
669.034624872,0.185,185,2,123.263,10952.704,123.263,11020.288,1.000351604
670.034971262,0.185,185,2,123.448,10969.088,123.448,11036.672,1.00034639
671.035320946,0.185,185,2,123.633,10985.472,123.633,11053.056,1.000349684
672.035698374,0.185,185,2,123.818,11001.856,123.818,11069.44,1.000377428
673.036060906,0.185,185,2,124.003,11018.24,124.003,11085.824,1.000362532
674.036538644,0.185,185,2,124.188,11034.624,124.188,11102.208,1.000477738
675.037029916,0.185,185,2,124.373,11051.008,124.373,11118.592,1.000491272
676.037450474,0.185,185,2,124.558,11067.392,124.558,11134.976,1.000420558
677.037816534,0.185,185,2,124.743,11083.776,124.743,11151.36,1.00036606
678.038168239,0.185,185,2,124.928,11100.16,124.928,11167.744,1.000351705
679.038515924,0.185,185,2,125.113,11116.544,125.113,11184.128,1.000347685
680.038862889,0.185,185,2,125.298,11132.928,125.298,11200.512,1.000346965
681.039217227,0.185,185,2,125.483,11149.312,125.483,11216.896,1.000354338
682.039585115,0.185,185,2,125.668,11165.696,125.668,11233.28,1.000367888
683.039932973,0.185,185,2,125.853,11182.08,125.853,11249.664,1.000347858
684.040302687,0.185,185,2,126.038,11198.464,126.038,11266.048,1.000369714
685.040721669,0.185,185,2,126.223,11214.848,126.223,11282.432,1.000418982
686.041086187,0.185,185,2,126.408,11231.232,126.408,11298.816,1.000364518
687.041439215,0.185,185,2,126.593,11247.616,126.593,11315.2,1.000353028
688.041793946,0.185,185,2,126.778,11264.0,126.778,11331.584,1.000354731
689.042150582,0.185,185,2,126.963,11280.384,126.963,11347.968,1.000356636
690.042542453,0.185,185,2,127.148,11296.768,127.148,11364.352,1.000391871
691.04293562,0.185,185,2,127.333,11313.152,127.333,11380.736,1.000393167
692.043331164,0.185,185,2,127.518,11329.536,127.518,11397.12,1.000395544
693.043686919,0.185,185,2,127.703,11345.92,127.703,11413.504,1.000355755
694.044068561,0.185,185,2,127.888,11362.304,127.888,11429.888,1.000381642
695.044419562,0.185,185,2,128.073,11378.688,128.073,11446.272,1.000351001
696.044773061,0.185,185,2,128.258,11395.072,128.258,11462.656,1.000353499
697.045120212,0.185,185,2,128.443,11411.456,128.443,11479.04,1.000347151
698.045473884,0.185,185,2,128.628,11427.84,128.628,11495.424,1.000353672
699.045824647,0.185,185,2,128.813,11444.224,128.813,11511.808,1.000350763
700.046182572,0.185,185,2,128.998,11460.608,128.998,11528.192,1.000357925
701.046533745,0.185,185,2,129.183,11476.992,129.183,11544.576,1.000351173
702.04691189,0.185,185,2,129.368,11493.376,129.368,11560.96,1.000378145
703.047273023,0.185,185,2,129.553,11509.76,129.553,11577.344,1.000361133
704.047710432,0.185,185,2,129.738,11526.144,129.738,11593.728,1.000437409
705.048073568,0.185,185,2,129.923,11542.528,129.923,11610.112,1.000363136
706.048423575,0.185,185,2,130.108,11558.912,130.108,11626.496,1.000350007
707.048805411,0.185,185,2,130.293,11575.296,130.293,11642.88,1.000381836
708.049180447,0.185,185,2,130.478,11591.68,130.478,11659.264,1.000375036
709.049533013,0.185,185,2,130.663,11608.064,130.663,11675.648,1.000352566
710.049875799,0.185,185,2,130.848,11624.448,130.848,11692.032,1.000342786
711.050215912,0.185,185,2,131.033,11640.832,131.033,11708.416,1.000340113
712.050590157,0.185,185,2,131.218,11657.216,131.218,11724.8,1.000374245
713.050948615,0.185,185,2,131.403,11673.6,131.403,11741.184,1.000358458
714.051296014,0.185,185,2,131.588,11689.984,131.588,11757.568,1.000347399
715.05167229,0.185,185,2,131.773,11706.368,131.773,11773.952,1.000376276
716.052060867,0.185,185,2,131.958,11722.752,131.958,11790.336,1.000388577
717.052412182,0.185,185,2,132.143,11739.136,132.143,11806.72,1.000351315
718.052775157,0.185,185,2,132.328,11755.52,132.328,11823.104,1.000362975
719.053141368,0.185,185,2,132.513,11771.904,132.513,11839.488,1.000366211
720.053510557,0.185,185,2,132.698,11788.288,132.698,11855.872,1.000369189
721.05385876,0.185,185,2,132.883,11804.672,132.883,11872.256,1.000348203
722.054251581,0.185,185,2,133.068,11821.056,133.068,11888.64,1.000392821
723.054616606,0.185,185,2,133.253,11837.44,133.253,11905.024,1.000365025
724.054964799,0.185,185,2,133.438,11853.824,133.438,11921.408,1.000348193
725.055333734,0.185,185,2,133.623,11870.208,133.623,11937.792,1.000368935
726.055672772,0.185,185,2,133.808,11886.592,133.808,11954.176,1.000339038
727.056022845,0.185,185,2,133.993,11902.976,133.993,11970.56,1.000350073
728.056371758,0.185,185,2,134.178,11919.36,134.178,11986.944,1.000348913
729.056726067,0.185,185,2,134.363,11935.744,134.363,12003.328,1.000354309
730.057073804,0.185,185,2,134.548,11952.128,134.548,12019.712,1.000347737
731.057425569,0.185,185,2,134.733,11968.512,134.733,12036.096,1.000351765
732.057799014,0.185,185,2,134.918,11984.896,134.918,12052.48,1.000373445
733.058153517,0.185,185,2,135.103,12001.28,135.103,12068.864,1.000354503
734.058586883,0.185,185,2,135.288,12017.664,135.288,12085.248,1.000433366
735.058938694,0.185,185,2,135.473,12034.048,135.473,12101.632,1.000351811
736.059286019,0.185,185,2,135.658,12050.432,135.658,12118.016,1.000347325
737.059639598,0.185,185,2,135.843,12066.816,135.843,12134.4,1.000353579
738.059980473,0.185,185,2,136.028,12083.2,136.028,12150.784,1.000340875
739.060347802,0.185,185,2,136.213,12099.584,136.213,12167.168,1.000367329
740.060693569,0.185,185,2,136.398,12115.968,136.398,12183.552,1.000345767
741.06103623,0.185,185,2,136.583,12132.352,136.583,12199.936,1.000342661
742.061410496,0.185,185,2,136.768,12148.736,136.768,12216.32,1.000374266
743.061760374,0.185,185,2,136.953,12165.12,136.953,12232.704,1.000349878
744.062108709,0.185,185,2,137.138,12181.504,137.138,12249.088,1.000348335
745.062457691,0.185,185,2,137.323,12197.888,137.323,12265.472,1.000348982
746.062804183,0.185,185,2,137.508,12214.272,137.508,12281.856,1.000346492
747.06315974,0.185,185,2,137.693,12230.656,137.693,12298.24,1.000355557
748.063515191,0.185,185,2,137.878,12247.04,137.878,12314.624,1.000355451
749.06387121,0.185,185,2,138.063,12263.424,138.063,12331.008,1.000356019
750.064220612,0.185,185,2,138.248,12279.808,138.248,12347.392,1.000349402
751.064567472,0.185,185,2,138.433,12296.192,138.433,12363.776,1.00034686
752.064955057,0.185,185,2,138.618,12312.576,138.618,12380.16,1.000387585
753.065311611,0.185,185,2,138.803,12328.96,138.803,12396.544,1.000356554
754.065673535,0.185,185,2,138.988,12345.344,138.988,12412.928,1.000361924
755.06602666,0.185,185,2,139.173,12361.728,139.173,12429.312,1.000353125
756.066375238,0.185,185,2,139.358,12378.112,139.358,12445.696,1.000348578
757.066717693,0.185,185,2,139.543,12394.496,139.543,12462.08,1.000342455
758.067059115,0.185,185,2,139.728,12410.88,139.728,12478.464,1.000341422
759.067416609,0.185,185,2,139.913,12427.264,139.913,12494.848,1.000357494
760.067767134,0.185,185,2,140.098,12443.648,140.098,12511.232,1.000350525
761.06810697,0.185,185,2,140.283,12460.032,140.283,12527.616,1.000339836
762.068485487,0.185,185,2,140.468,12476.416,140.468,12544.0,1.000378517
763.068837447,0.185,185,2,140.653,12484.608,140.653,12552.192,1.00035196
763.630819763,0.269,269,7,0.269,8.453,141.088,12563.142,0.561982316
763.091602551,0.166,166,2,140.819,12495.297,141.342,12579.526,0
764.077054282,0.222,222,2,141.041,12528.065,141.564,12612.294,0.985451731
764.180195749,0.284,284,2,141.325,12544.449,141.848,12628.678,0.103141467
764.224876341,0.208,208,2,141.533,12560.833,142.056,12645.062,0.0446805920001
764.266069893,0.103,103,2,141.636,12569.025,142.159,12653.254,0.041193552
763.674804872,0.254,254,7,0.523,24.837,142.285,89399.195,0
764.688072339,0.292,292,7,0.815,25.125,142.577,89794.246,1.013267467
764.292688389,0.126,126,2,141.762,198150.672,142.812,198251.573,0
765.077973687,0.222,222,2,141.984,323346.227,143.034,323447.128,0.785285298
764.690637842,0.235,235,7,1.05,41.509,143.16,378510.228,0
765.692209079,0.406,406,7,1.456,41.911,143.566,379015.84,1.001571237
765.474202573,0.126,126,2,142.11,467160.098,143.797,467277.785,0
766.081199447,0.222,222,2,142.332,467176.482,144.019,467294.169,0.606996874
766.519329761,0.175,175,2,142.507,467192.866,144.194,467310.553,0.438130314
766.520606266,0.189,189,2,142.696,467201.058,144.383,467318.745,0.00127650499996
765.694377364,0.231,231,7,1.687,58.295,144.507,467575.034,0
766.522824753,0.124,124,2,142.82,467457.347,145.159,467592.066,0.828447389
766.528242423,0.652,652,7,2.339,75.327,145.515,467616.642,0.00541767000004
766.549300297,0.356,171,2,143.176,467481.923,146.013,467633.52,0.0210578739999
766.550053505,0.498,498,7,2.837,92.205,146.137,467674.75,0.000753208000106
766.551211037,0.124,124,2,143.3,467523.153,146.517,467691.51,0.00115753199998
766.562367937,0.38,380,7,3.217,108.965,146.739,467707.894,0.0111568999999
767.563770105,0.157,157,7,3.374,125.502,146.896,467724.431,1.001402168
767.082439358,0.222,222,2,143.522,467539.537,147.053,467740.968,0
768.083462593,0.222,222,2,143.744,467555.921,147.275,467757.352,1.001023235
769.084482768,0.222,222,2,143.966,467588.689,147.497,467790.12,1.001020175
769.287705808,0.264,264,2,144.23,467605.073,147.761,467806.504,0.20322304
770.085366139,0.222,222,2,144.452,467621.457,147.983,467822.888,0.797660331
771.086273577,0.222,222,2,144.674,467637.841,148.205,467839.272,1.000907438
771.373794977,1.231,1231,2,145.905,467654.225,149.436,467855.656,0.2875214
772.374583548,0.185,185,2,146.09,467670.609,149.621,467872.04,1.000788571
773.376137485,0.185,185,2,146.275,467686.993,149.806,467888.424,1.001553937
774.380261531,0.185,185,2,146.46,467703.377,149.991,467904.808,1.004124046
775.382558783,0.185,185,2,146.645,467719.761,150.176,467921.192,1.002297252
776.382934,0.185,185,2,146.83,467736.145,150.361,467937.576,1.000375217
777.383292716,0.185,185,2,147.015,467752.529,150.546,467953.96,1.000358716
778.38379263,0.185,185,2,147.2,467768.913,150.731,467970.344,1.000499914
779.384165316,0.185,185,2,147.385,467785.297,150.916,467986.728,1.000372686
780.384518269,0.185,185,2,147.57,467801.681,151.267,468005.844,1.000352953
781.385671543,0.221,221,2,147.791,467809.873,151.488,468014.036,1.001153274
780.542471057,0.166,166,4,0.166,2.732,151.709,468023.252,0
782.792218049,0.176,176,4,0.342,3.756,151.885,468024.276,2.249746992
782.870360787,0.154,154,4,0.496,7.34,152.039,468027.86,0.078142738
783.037822321,0.17,170,4,0.666,8.364,152.209,468028.884,0.167461534
782.387139584,0.221,221,2,148.012,467826.257,152.381,468038.1,0
783.075758428,0.172,172,4,0.838,9.388,152.602,468038.1,0.688618844
783.393520702,0.177,177,4,1.015,9.9,152.779,468046.804,0.317762274
783.416679081,0.176,176,4,1.191,10.412,152.955,468047.316,0.0231583789999
783.443220685,1.53,1530,4,2.721,11.404,154.485,468048.308,0.026541604
783.516574175,1.256,1256,4,3.977,12.364,155.741,468049.268,0.0733534899999
783.389917682,0.221,221,2,148.233,467842.641,155.912,468058.388,0
784.394877856,0.221,221,2,148.454,467859.025,156.133,468074.772,1.004960174
785.400612173,0.221,221,2,148.675,467875.409,156.354,468091.156,1.005734317
786.407166886,0.221,221,2,148.896,467891.793,156.575,468107.54,1.006554713
787.413260357,0.221,221,2,149.117,467908.177,156.796,468123.924,1.006093471
788.413735163,0.221,221,2,149.338,467924.561,157.017,468140.308,1.000474806
789.414206822,0.221,221,2,149.559,467940.945,157.238,468156.692,1.000471659
783.531493352,0.171,171,4,4.148,21.996,157.459,468173.588,0
791.186862114,1.575,1575,4,5.723,21.996,159.034,468173.588,7.655368762
790.414706286,0.221,221,2,149.78,467957.329,159.32,468195.604,0
791.303488145,0.286,286,4,6.009,35.82,159.541,468203.796,0.888781859
791.426709567,0.189,189,4,6.198,44.012,159.73,468211.988,0.123221422
791.810026877,0.286,286,4,6.484,101.356,160.016,468269.332,0.38331731
791.415497976,0.221,221,2,150.001,467973.713,160.205,468281.62,0
792.794447334,0.235,235,8,0.235,40.96,160.661,468332.82,1.378949358
792.872451043,0.102,102,8,0.337,49.152,160.763,468341.012,0.078003709
792.416459181,0.221,221,2,150.222,467990.097,160.914,470992.124,0
793.417549519,0.221,221,2,150.443,468006.481,161.135,484553.473,1.001090338
794.418649699,0.221,221,2,150.664,468022.865,161.356,498445.187,1.00110018
795.419602274,0.221,221,2,150.885,468039.249,161.577,512469.047,1.000952575
796.420472088,0.221,221,2,151.106,468055.633,161.798,527946.513,1.000869814
797.421324152,0.221,221,2,151.327,468072.017,162.019,543093.614,1.000852064
791.819681597,0.189,189,4,6.673,105.452,162.24,547462.624,0
798.422168479,0.221,221,2,151.548,468088.401,164.753,558969.566,6.602486882
799.423043282,0.221,221,2,151.769,468104.785,164.974,574975.616,1.000874803
800.423827281,0.221,221,2,151.99,468121.169,165.195,590254.863,1.000783999
792.900046326,0.151,151,8,0.488,135366.656,165.416,603808.02,0
798.704199057,2.513,2513,4,9.186,107.5,165.567,603874.093,5.804152731
802.393123663,2.535,2535,4,11.721,123.884,168.102,603890.477,3.688924606
801.424592137,0.221,221,2,152.211,468137.553,169.677,603898.669,0
802.304151458,0.151,151,8,0.639,135440.921,169.898,603915.053,0.879559321
802.461681506,0.145,145,8,0.784,135465.497,170.043,603939.629,0.157530048
802.425443947,0.221,221,2,152.432,468153.937,170.194,617295.908,0
803.42646232,0.221,221,2,152.653,468170.321,170.415,631650.133,1.001018373
804.427338378,0.221,221,2,152.874,468186.705,170.636,646731.161,1.000876058
805.428214168,0.221,221,2,153.095,468203.089,170.857,661613.97,1.00087579
806.429088919,0.221,221,2,153.316,468219.473,171.078,676959.29,1.000874751
807.430168587,0.221,221,2,153.537,468235.857,171.299,692172.464,1.001079668
802.400663783,1.575,1575,4,13.296,123.884,171.52,695682.525,0
808.430943018,0.221,221,2,153.758,468252.241,174.033,707261.684,6.030279235
809.431567814,0.221,221,2,153.979,468268.625,174.254,721880.201,1.000624796
810.432040302,0.221,221,2,154.2,468285.009,174.475,737093.375,1.000472488
802.465973563,0.151,151,8,0.935,270982.561,174.696,739612.341,0
808.684893466,2.513,2513,4,15.809,132.076,174.847,739774.762,6.218919903
811.655203163,2.535,2535,4,18.344,148.46,177.382,739791.146,2.970309697
811.605030175,0.151,151,8,1.086,271153.174,178.957,739799.338,0
811.67070506,0.145,145,8,1.231,271169.558,179.102,739815.722,0.065674885
811.673172399,0.149,149,8,1.38,271177.75,179.251,739823.914,0.00246733899996
811.432578173,0.221,221,2,154.421,468301.393,179.402,751196.443,0
812.433416189,0.221,221,2,154.642,468317.777,179.623,766475.69,1.000838016
813.434260983,0.221,221,2,154.863,468325.969,179.844,781614.599,1.000844794
814.435122543,0.221,221,2,155.084,468342.353,180.065,797025.992,1.00086156
815.435905585,0.221,221,2,155.305,468358.737,180.286,812107.02,1.000783042
816.436795967,0.221,221,2,155.526,468375.121,180.507,827254.121,1.000890382
817.437660626,0.221,221,2,155.747,468391.505,180.728,842665.514,1.000864659
811.661872187,1.575,1575,4,19.919,148.46,180.949,846439.867,0
818.438360587,0.221,221,2,155.968,468407.889,183.462,857547.249,6.7764884
819.439191057,0.221,221,2,156.189,468424.273,183.683,873024.715,1.00083047
811.675344723,0.151,151,8,1.531,407155.765,183.904,876072.265,0
818.683404984,2.513,2513,4,22.432,279.532,184.055,876166.24,7.008060261
820.688606796,2.535,2535,4,24.967,345.068,186.59,876231.776,2.005201812
820.641339173,0.151,151,8,1.682,407257.932,188.165,876239.968,0
820.701256208,0.145,145,8,1.827,407274.316,188.31,876256.352,0.059917035
820.7033847,0.149,149,8,1.976,407282.508,188.459,876264.544,0.002128492
820.439923431,0.221,221,2,156.41,468440.657,188.61,887640.079,0
821.440804513,0.221,221,2,156.631,468457.041,188.831,902655.034,1.000881082
822.441735525,0.221,221,2,156.852,468473.425,189.052,917339.624,1.000931012
823.442623994,0.221,221,2,157.073,468489.809,189.273,933015.309,1.000888469
824.443493996,0.221,221,2,157.294,468506.193,189.494,948757.067,1.000870002
825.444318516,0.221,221,2,157.515,468522.577,189.715,964300.606,1.00082452
826.445170135,0.221,221,2,157.736,468538.961,189.936,979183.415,1.000851619
827.445913492,0.221,221,2,157.957,468555.345,190.157,994594.808,1.000743357
820.694108573,1.575,1575,4,26.542,345.068,190.378,998303.088,0
828.44661538,0.221,221,2,158.178,468571.729,192.891,1010319.645,7.752506807
820.706351514,0.151,151,8,2.127,542933.164,193.112,1012111.808,0
828.684387686,2.513,2513,4,29.055,394.22,193.263,1012365.843,7.978036172
829.607794766,2.535,2535,4,31.59,426.988,195.798,1012398.611,0.92340708
829.562056459,0.151,151,8,2.278,543195.391,197.373,1012406.803,0
829.623433867,0.145,145,8,2.423,543211.775,197.518,1012423.187,0.061377408
829.625169689,0.149,149,8,2.572,543219.967,197.667,1012431.379,0.001735822
829.447405536,0.221,221,2,158.399,468588.113,197.818,1024821.929,0
830.448244381,0.221,221,2,158.62,468604.497,198.039,1040365.468,1.000838845
831.449185772,0.221,221,2,158.841,468620.881,198.26,1055710.788,1.000941391
832.450158326,0.221,221,2,159.062,468637.265,198.481,1071188.254,1.000972554
833.45114259,0.221,221,2,159.283,468653.649,198.702,1086731.793,1.000984264
834.452182585,0.221,221,2,159.504,468670.033,198.923,1102275.332,1.001039995
835.453402156,0.221,221,2,159.725,468686.417,199.144,1117092.068,1.001219571
836.454349444,0.221,221,2,159.946,468702.801,199.365,1132503.461,1.000947288
837.455127386,0.221,221,2,160.167,468719.185,199.586,1148245.219,1.000777942
829.626931573,0.151,151,8,2.723,678894.543,199.807,1148253.411,0
829.613492885,1.575,1575,4,33.165,426.988,199.958,1148513.238,0
838.504297195,2.535,2535,4,35.7,492.524,202.493,1148578.774,8.89080431
838.459767274,0.151,151,8,2.874,679162.562,204.068,1148586.966,0
838.52059875,0.145,145,8,3.019,679178.946,204.213,1148603.35,0.060831476
838.522683224,0.149,149,8,3.168,679187.138,204.362,1148611.542,0.00208447400007
838.514031594,1.575,1575,4,37.275,492.524,204.513,1151140.335,0
838.455972629,0.221,221,2,160.388,468735.569,207.026,1162875.679,0
839.456915002,0.221,221,2,160.609,468751.953,207.247,1178353.145,1.000942373
840.457722871,0.221,221,2,160.83,468768.337,207.468,1193764.538,1.000807869
841.458384982,0.221,221,2,161.051,468784.721,207.689,1209440.223,1.000662111
842.458874624,0.221,221,2,161.272,468801.105,207.91,1225049.835,1.000489642
843.459513352,0.221,221,2,161.493,468817.489,208.131,1240395.155,1.000638728
844.460266314,0.221,221,2,161.714,468833.873,208.352,1255344.037,1.000752962
845.460974514,0.221,221,2,161.935,468842.065,208.573,1271077.603,1.0007082
838.52525856,0.151,151,8,3.319,814786.953,208.794,1284432.541,0
838.682986702,2.513,2513,4,39.788,590.828,208.945,1284589.17,0.157728142
847.373038756,2.535,2535,4,42.323,639.98,211.48,1284638.322,8.690052054
847.328851532,0.151,151,8,3.47,814951.774,213.055,1284646.514,0
847.385235092,0.145,145,8,3.615,814968.158,213.2,1284662.898,0.05638356
847.387015092,0.149,149,8,3.764,814976.35,213.349,1284671.09,0.00177999999994
846.46159745,0.221,221,2,162.156,468858.449,213.5,1285871.383,0
847.462588678,0.221,221,2,162.377,468874.833,213.721,1301414.922,1.000991228
847.379611178,1.575,1575,4,43.898,639.98,213.942,1304726.764,0
848.463418878,0.221,221,2,162.598,468891.217,216.455,1316859.083,1.0838077
849.4643773,0.221,221,2,162.819,468907.601,216.676,1332138.33,1.000958422
850.465202398,0.221,221,2,163.04,468923.985,216.897,1347681.869,1.000825098
851.466018884,0.221,221,2,163.261,468940.369,217.118,1363357.554,1.000816486
852.466944972,0.221,221,2,163.482,468956.753,217.339,1378967.166,1.000926088
853.467750694,0.221,221,2,163.703,468973.137,217.56,1394708.924,1.000805722
854.468691221,0.221,221,2,163.924,468989.521,217.781,1410384.609,1.000940527
847.389425531,0.151,151,8,3.915,950627.006,218.002,1420501.97,0
848.681810595,2.513,2513,4,46.411,672.748,218.153,1420756.005,1.292385064
856.159840324,2.535,2535,4,48.946,697.324,220.688,1420780.581,7.478029729
856.116111011,0.151,151,8,4.066,950889.233,222.263,1420788.773,0
856.173214052,0.145,145,8,4.211,950905.617,222.408,1420805.157,0.057103041
856.174651176,0.149,149,8,4.36,950913.809,222.557,1420813.349,0.00143712399995
855.469569759,0.221,221,2,164.145,469005.905,222.708,1425251.219,0
856.470558665,0.221,221,2,164.366,469022.289,222.929,1440992.977,1.000988906
857.471449385,0.221,221,2,164.587,469038.673,223.15,1456470.443,1.00089072
856.165635449,1.575,1575,4,50.521,697.324,223.371,1459782.285,0
858.472387912,0.221,221,2,164.808,469055.057,225.884,1472078.981,2.306752463
859.473165676,0.221,221,2,165.029,469071.441,226.105,1487027.863,1.000777764
860.474004246,0.221,221,2,165.25,469087.825,226.326,1502042.818,1.00083857
861.474919734,0.221,221,2,165.471,469104.209,226.547,1517322.065,1.000915488
862.475637239,0.221,221,2,165.692,469120.593,226.768,1528901.224,1.000717505
863.476434564,0.221,221,2,165.913,469136.977,226.989,1544576.909,1.000797325
856.176415526,0.151,151,8,4.511,1086564.465,227.21,1556742.533,0
858.681676972,2.513,2513,4,53.034,828.396,227.361,1556996.568,2.505261446
865.303840046,2.535,2535,4,55.569,893.932,229.896,1557062.104,6.622163074
865.260190165,0.151,151,8,4.662,1086826.692,231.471,1557070.296,0
865.313653282,0.145,145,8,4.807,1086843.076,231.616,1557086.68,0.053463117
865.315884341,0.149,149,8,4.956,1086851.268,231.765,1557094.872,0.002231059
864.477227084,0.221,221,2,166.134,469153.361,231.916,1559720.724,0
865.477902594,0.221,221,2,166.355,469169.745,232.137,1575132.117,1.00067551
866.47861246,0.221,221,2,166.576,469186.129,232.358,1590675.656,1.000709866
867.479353994,0.221,221,2,166.797,469202.513,232.579,1606285.268,1.000741534
865.30886074,1.575,1575,4,57.144,893.932,232.8,1609398.891,0
868.480155584,0.221,221,2,167.018,469218.897,235.313,1622010.105,3.171294844
869.480932718,0.221,221,2,167.239,469235.281,235.534,1636958.987,1.000777134
870.48176541,0.221,221,2,167.46,469251.665,235.755,1652172.161,1.000832692
871.482573768,0.221,221,2,167.681,469268.049,235.976,1667781.773,1.000808358
872.483320075,0.221,221,2,167.902,469284.433,236.197,1683457.458,1.000746307
865.318047387,0.151,151,8,5.107,1222407.804,236.418,1692848.016,0
868.681946104,2.513,2513,4,59.657,943.084,236.569,1693004.645,3.363898717
874.135699734,2.535,2535,4,62.192,959.468,239.104,1693021.029,5.45375363
874.092491911,0.151,151,8,5.258,1222572.625,240.679,1693029.221,0
874.145689223,0.145,145,8,5.403,1222589.009,240.824,1693045.605,0.053197312
874.147533892,0.149,149,8,5.552,1222597.201,240.973,1693053.797,0.00184466899998
873.484021895,0.221,221,2,168.123,469300.817,241.124,1698286.047,0
874.484882869,0.221,221,2,168.344,469317.201,241.345,1713895.659,1.000860974
875.485666573,0.221,221,2,168.565,469333.585,241.566,1729307.052,1.000783704
876.486541813,0.221,221,2,168.786,469349.969,241.787,1744586.299,1.00087524
877.487380233,0.221,221,2,169.007,469358.161,242.008,1760452.011,1.00083842
874.140396312,1.575,1575,4,63.767,959.468,242.229,1763565.634,0
878.488252143,0.221,221,2,169.228,469374.545,244.742,1776020.126,4.347855831
879.489009538,0.221,221,2,169.449,469390.929,244.963,1790902.935,1.000757395
880.48960907,0.221,221,2,169.67,469407.313,245.184,1806380.401,1.000599532
881.490218379,0.221,221,2,169.891,469423.697,245.405,1822056.086,1.000609309
874.149069457,0.151,151,8,5.703,1358183.288,245.626,1828803.724,0
878.68211239,2.513,2513,4,66.28,984.044,245.777,1829036.429,4.533042933
882.965958145,2.535,2535,4,68.815,1004.524,248.312,1829056.909,4.283845755
882.924614493,0.151,151,8,5.854,1358424.185,249.887,1829065.101,0
882.976475568,0.145,145,8,5.999,1358440.569,250.032,1829081.485,0.0518610749999
882.978326865,0.149,149,8,6.148,1358448.761,250.181,1829089.677,0.00185129700003
882.490761527,0.221,221,2,170.112,469440.081,250.332,1836251.398,0
883.491547387,0.221,221,2,170.333,469456.465,250.553,1851662.791,1.00078586
884.492331084,0.221,221,2,170.554,469472.849,250.774,1867272.403,1.000783697
885.493061917,0.221,221,2,170.775,469489.233,250.995,1882882.015,1.000730833
886.493905608,0.221,221,2,170.996,469505.617,251.216,1898689.846,1.000843691
887.494763276,0.221,221,2,171.217,469522.001,251.437,1915913.274,1.000857668
882.971160734,1.575,1575,4,70.39,1004.524,251.658,1918867.198,0
888.495624061,0.221,221,2,171.438,469538.385,254.171,1931692.478,5.524463327
889.496544526,0.221,221,2,171.659,469554.769,254.392,1947368.163,1.000920465
890.497244997,0.221,221,2,171.88,469571.153,254.613,1962977.775,1.000700471
882.979956274,0.151,151,8,6.299,1497154.144,254.834,1968073.588,0
888.682078852,2.513,2513,4,72.903,1135.596,254.985,1968327.623,5.702122578
891.873590527,2.535,2535,4,75.438,1201.132,257.52,1968393.159,3.191511675
891.826953958,0.151,151,8,6.45,1497416.371,259.095,1968401.351,0
891.889017184,0.145,145,8,6.595,1497432.755,259.24,1968417.735,0.062063226
891.890900023,0.149,149,8,6.744,1497440.947,259.389,1968425.927,0.00188283900002
891.498071449,0.221,221,2,172.101,469587.537,259.54,1978029.302,0
892.499045677,0.221,221,2,172.322,469603.921,259.761,1993837.133,1.000974228
893.499897699,0.221,221,2,172.543,469620.305,259.982,2009512.818,1.000852022
894.500821415,0.221,221,2,172.764,469636.689,260.203,2024990.284,1.000923716
895.501619095,0.221,221,2,172.985,469653.073,260.424,2040269.531,1.00079768
896.502442985,0.221,221,2,173.206,469669.457,260.645,2055945.216,1.00082389
897.503124982,0.221,221,2,173.427,469685.841,260.866,2071488.755,1.000681997
891.884683737,1.575,1575,4,77.013,1201.132,261.087,2074205.94,0
898.503964777,0.221,221,2,173.648,469702.225,263.6,2087213.592,6.61928104
899.50494841,0.221,221,2,173.869,469718.609,263.821,2102955.35,1.000983633
891.892530218,0.151,151,8,6.895,1633169.487,264.042,2104351.075,0
898.681729643,2.513,2513,4,79.526,1250.284,264.193,2104605.11,6.789199425
900.506507349,0.221,221,2,174.09,469734.993,266.728,2104613.302,1.824777706
901.507146213,0.221,221,2,174.311,469751.377,266.949,2104629.686,1.000638864
902.507586312,0.221,221,2,174.532,469767.761,267.17,2104646.07,1.000440099
903.508105513,0.221,221,2,174.753,469784.145,267.391,2104662.454,1.000519201
904.508574062,0.221,221,2,174.974,469800.529,267.612,2104678.838,1.000468549
905.50911076,0.221,221,2,175.195,469816.913,267.833,2104695.222,1.000536698
906.50955918,0.221,221,2,175.416,469833.297,268.054,2104711.606,1.00044842
907.509968035,0.221,221,2,175.637,469849.681,268.275,2104727.99,1.000408855
900.642920141,2.535,2535,4,82.061,1250.284,268.496,2104738.23,0
908.510372033,0.221,221,2,175.858,469866.065,268.835,2104762.806,7.867451892
909.510988895,0.221,221,2,176.079,469874.257,269.056,2104770.998,1.000616862
910.511501748,0.221,221,2,176.3,469890.641,269.277,2104787.382,1.000512853
911.511891987,0.221,221,2,176.521,469907.025,269.498,2104803.766,1.000390239
912.512301988,0.221,221,2,176.742,469923.409,269.719,2104821.67,1.000410001
913.512724362,0.221,221,2,176.963,469939.793,269.94,2104838.054,1.000422374
914.513280082,0.221,221,2,177.184,469956.177,270.161,2104854.438,1.00055572
915.513714216,0.221,221,2,177.405,469972.561,270.382,2104870.822,1.000434134
916.514120136,0.221,221,2,177.626,469988.945,270.603,2104887.206,1.00040592
917.514558269,0.221,221,2,177.847,470005.329,270.824,2104903.59,1.000438133
908.680775925,0.339,339,4,82.4,1266.668,271.045,2104911.782,0
918.515183767,0.221,221,2,178.068,470021.713,271.384,2104936.358,9.834407842
919.51563605,0.221,221,2,178.289,470038.097,271.605,2104952.742,1.000452283
920.516038189,0.221,221,2,178.51,470054.481,271.826,2104969.126,1.000402139
921.516474972,0.221,221,2,178.731,470070.865,272.047,2104985.51,1.000436783
922.516874089,0.221,221,2,178.952,470087.249,272.268,2105001.894,1.000399117
923.517278452,0.221,221,2,179.173,470103.633,272.489,2105018.278,1.000404363
924.517678418,0.221,221,2,179.394,470120.017,272.71,2105034.662,1.000399966
925.51807255,0.221,221,2,179.615,470136.401,272.931,2105051.046,1.000394132
918.68068054,0.339,339,4,82.739,1299.436,273.152,2105075.622,0
926.746114027,1.575,1575,4,84.314,1299.436,274.727,2105075.622,8.065433487
926.759481196,0.286,286,4,84.6,1561.58,275.013,2105337.766,0.013367169
926.766421084,0.189,189,4,84.789,1659.884,275.202,2105436.07,0.00693988799992
926.787229965,0.249,249,4,85.038,1709.036,275.451,2105485.222,0.0208088810001
926.518470662,0.221,221,2,179.836,470148.657,275.867,2106656.646,0
926.831852942,0.152,152,3,0.152,82.944,276.017,2106656.646,0.31338228
926.837071352,0.15,150,2,179.986,604847.665,276.167,2466889.606,0.00521841
927.519444755,0.221,221,2,180.207,639897.137,276.388,2650416.902,0.682373403
926.800548259,0.114,114,4,85.152,1725.42,276.609,2650425.094,0
928.520913815,0.221,221,2,180.428,639913.521,279.122,2650449.67,1.720365556
929.522640321,0.221,221,2,180.649,639929.905,279.343,2650466.054,1.001726506
930.523587764,0.221,221,2,180.87,639946.289,279.564,2650482.438,1.000947443
931.5243724,0.221,221,2,181.091,639962.673,279.785,2650498.822,1.000784636
932.525156828,0.221,221,2,181.312,639979.057,280.006,2650515.206,1.000784428
933.525941129,0.221,221,2,181.533,639995.441,280.377,2717608.71,1.000784301
934.526858969,0.221,221,2,181.754,640011.825,280.598,2717625.094,1.00091784
935.527692754,0.221,221,2,181.975,640020.017,280.819,2717633.286,1.000833785
936.132368798,0.152,152,2,182.127,708496.945,280.971,2786110.214,0.604676044
936.528703633,0.221,221,2,182.348,708513.329,281.192,2786129.158,0.396334835
933.811550371,0.15,150,5,0.15,67082.608,281.413,2786137.35,0
937.52944798,0.221,221,2,182.569,708529.713,281.565,2819699.974,3.717897609
928.727547162,2.513,2513,4,87.665,1741.804,281.786,2852246.79,0
938.53034081,0.221,221,2,182.79,708546.097,284.299,2852265.158,9.802793648
939.531219009,0.221,221,2,183.011,708562.481,284.52,2852281.542,1.000878199
926.825589188,0.15,150,6,0.15,146293.76,284.741,2852289.734,0
940.532162316,0.221,221,2,183.232,708578.865,284.875,2908126.406,13.706573128
941.533052273,0.221,221,2,183.453,708587.057,285.096,2908134.598,1.000889957
942.533945333,0.221,221,2,183.674,708603.441,285.317,2908150.982,1.00089306
943.534719077,0.221,221,2,183.895,708619.825,285.538,2908167.366,1.000773744
944.53574755,0.221,221,2,184.116,708636.209,285.759,2908183.75,1.001028473
945.536726438,0.221,221,2,184.337,708652.593,285.98,2908200.134,1.000978888
946.537664873,0.221,221,2,184.558,708668.977,286.201,2908216.518,1.000938435
947.538444421,0.221,221,2,184.779,708685.361,286.422,2908232.902,1.000779548
938.68159301,2.513,2513,4,90.178,1749.996,286.643,2908241.094,0
948.539334989,0.221,221,2,185.0,708701.745,289.156,2908253.382,9.857741979
948.681871964,2.513,2513,4,92.691,1754.092,289.377,2908261.574,0.142536975
949.540098388,0.221,221,2,185.221,708718.129,289.555,2908271.814,0.858226424
950.541017872,0.221,221,2,185.442,708734.513,289.776,2908288.198,1.000919484
950.52435447,0.178,178,4,92.869,1756.14,289.997,2908296.39,0
951.541822579,0.221,221,2,185.663,708750.897,292.63,2908304.582,1.017468109
952.542542054,0.221,221,2,185.884,708767.281,292.851,2908320.966,1.000719475
953.543030111,0.221,221,2,186.105,708783.665,293.072,2908337.35,1.000488057
954.5434587,0.221,221,2,186.326,708800.049,293.293,2908353.734,1.000428589
955.543886364,0.221,221,2,186.547,708816.433,293.514,2908370.118,1.000427664
956.544310338,0.221,221,2,186.768,708832.817,293.735,2908386.502,1.000423974
951.599529573,2.633,2633,4,95.502,1773.036,293.956,2908411.59,0
957.908034778,1.575,1575,4,97.077,1773.036,295.531,2908411.59,6.308505205
957.91036806,0.286,286,4,97.363,1834.476,295.817,2908473.03,0.002333282
957.544738559,0.221,221,2,186.989,708849.201,296.006,2908487.366,0
957.915809158,0.189,189,4,97.552,1840.62,296.227,2908495.558,0.371070599
958.660906261,2.333,2333,4,99.885,1840.62,298.56,2908495.558,0.745097103
958.545427078,0.221,221,2,187.21,708865.585,298.899,2908506.822,0
958.681035438,0.339,339,4,100.224,1845.228,299.12,2908516.55,0.13560836
960.33464981,0.189,189,4,100.413,1847.212,299.309,2908518.534,1.653614372
960.347008588,0.189,189,4,100.602,1849.948,299.498,2908521.27,0.012358778
959.546148823,0.221,221,2,187.431,708881.969,299.687,2908530.31,0
960.355280002,0.189,189,4,100.791,1859.932,299.908,2908547.638,0.809131179
961.008866787,1.575,1575,4,102.366,1859.932,301.483,2908547.638,0.653586785
961.013646852,0.286,286,4,102.652,2055.516,301.769,2908743.222,0.00478006499998
960.54687004,0.221,221,2,187.652,708898.353,301.958,2908752.95,0
961.02089845,0.189,189,4,102.841,2057.052,302.179,2908761.142,0.47402841
961.570925235,0.286,286,4,103.127,2058.06,302.465,2908958.758,0.550026785
961.547604217,0.221,221,2,187.873,709111.345,302.654,2908967.926,0
962.548805483,0.221,221,2,188.094,709127.729,302.875,2908984.31,1.001201266
963.54964588,0.221,221,2,188.315,709144.113,303.096,2909000.694,1.000840397
961.584237002,0.189,189,4,103.316,2059.036,303.317,2909008.886,0
964.638910335,0.184,184,4,103.5,2059.98,303.501,2909009.83,3.054673333
964.645027222,1.775,1775,4,105.275,2062.028,305.276,2909011.878,0.00611688699996
964.73420886,16252.928,262144,4,16358.203,2062.028,16558.204,2909011.878,0.089181638
964.755410279,1310.72,262144,4,17668.923,2062.028,17868.924,2909011.878,0.021201419
964.757921274,524.288,262144,4,18193.211,2062.028,18393.212,2909011.878,0.00251099499997
964.75938301,524.288,262144,4,18717.499,2062.028,18917.5,2909011.878,0.00146173600001
964.760997823,524.288,262144,4,19241.787,2062.028,19441.788,2909011.878,0.00161481300006
964.762473034,524.288,262144,4,19766.075,2062.028,19966.076,2909011.878,0.00147521099996
964.763945404,524.288,262144,4,20290.363,2062.028,20490.364,2909011.878,0.00147236999999
964.765412261,524.288,262144,4,20814.651,2062.028,21014.652,2909011.878,0.00146685700008
964.767024106,786.432,262144,4,21601.083,2062.028,21801.084,2909011.878,0.00161184499996
964.769079122,524.288,262144,4,22125.371,2062.028,22325.372,2909011.878,0.00205501599999
964.770993541,524.288,262144,4,22649.659,2062.028,22849.66,2909011.878,0.00191441900006
964.773052028,524.288,262144,4,23173.947,2062.028,23373.948,2909011.878,0.002058487
964.77511973,524.288,262144,4,23698.235,2062.028,23898.236,2909011.878,0.00206770199998
964.777170367,786.432,262144,4,24484.667,2062.028,24684.668,2909011.878,0.00205063700002
964.779673026,786.432,262144,4,25271.099,2062.028,25471.1,2909011.878,0.0025026589999
964.782165046,786.432,262144,4,26057.531,2062.028,26257.532,2909011.878,0.00249202000009
964.784677797,786.432,262144,4,26843.963,2062.028,27043.964,2909011.878,0.00251275099993
964.787177604,786.432,262144,4,27630.395,2062.028,27830.396,2909011.878,0.00249980700005
964.789673835,786.432,262144,4,28416.827,2062.028,28616.828,2909011.878,0.00249623100001
964.792324085,786.432,262144,4,29203.259,2062.028,29403.26,2909011.878,0.00265024999999
964.795262757,565.89,262144,4,29769.149,2062.028,29969.15,2909011.878,0.00293867200003
964.550445596,0.221,221,2,188.536,709160.497,30056.615,2909020.982,0
964.798322637,87.465,87465,4,29856.614,2062.94,30056.836,2909029.174,0.247877041
965.551203779,0.221,221,2,188.757,709176.881,30057.02,2909038.246,0.752881142
966.55198451,0.221,221,2,188.978,709193.265,30057.241,2909054.63,1.000780731
967.552863646,0.221,221,2,189.199,709209.649,30057.462,2909071.014,1.000879136
966.067354691,0.184,184,4,29856.798,2063.82,30057.683,2909079.206,0
968.55357087,0.221,221,2,189.42,709226.033,30058.022,2909088.246,2.486216179
969.554084899,0.221,221,2,189.641,709242.417,30058.243,2909104.63,1.000514029
970.554526719,0.221,221,2,189.862,709258.801,30058.464,2909121.014,1.00044182
971.554978268,0.221,221,2,190.083,709275.185,30058.685,2909137.398,1.000451549
972.555428662,0.221,221,2,190.304,709291.569,30058.906,2909153.782,1.000450394
973.55587385,0.221,221,2,190.525,709299.761,30059.127,2909161.974,1.000445188
974.556389482,0.221,221,2,190.746,709316.145,30059.348,2909178.358,1.000515632
975.556819026,0.221,221,2,190.967,709332.529,30059.569,2909194.742,1.000429544
976.557252829,0.221,221,2,191.188,709348.913,30059.79,2909211.126,1.000433803
977.557680524,0.221,221,2,191.409,709365.297,30060.011,2909227.51,1.000427695
968.682603125,0.339,339,4,29857.137,2064.668,30060.232,2909235.702,0
978.558121721,0.221,221,2,191.63,709381.681,30060.571,2909244.71,9.875518596
979.558587662,0.221,221,2,191.851,709398.065,30060.792,2909264.662,1.000465941
980.559218977,0.221,221,2,192.072,709414.449,30061.013,2909282.502,1.000631315
981.559775357,0.221,221,2,192.293,709430.833,30061.234,2909298.886,1.00055638
982.560567261,0.221,221,2,192.514,709447.217,30061.455,2909315.27,1.000791904
983.561008425,0.221,221,2,192.735,709463.601,30061.676,2909331.654,1.000441164
984.561440593,0.221,221,2,192.956,709479.985,30061.897,2909348.038,1.000432168
985.561880087,0.221,221,2,193.177,709496.369,30062.118,2909364.422,1.000439494
986.562319485,0.221,221,2,193.398,709512.753,30062.339,2909380.806,1.000439398
987.562763167,0.221,221,2,193.619,709529.137,30062.56,2909397.19,1.000443682
978.680618239,0.339,339,4,29857.476,2065.484,30062.781,2909405.382,0
988.563201357,0.221,221,2,193.84,709545.521,30063.12,2909414.358,9.882583118
989.563646995,0.221,221,2,194.061,709561.905,30063.341,2909430.742,1.000445638
990.564080072,0.221,221,2,194.282,709578.289,30063.562,2909447.126,1.000433077
991.564512374,0.221,221,2,194.503,709594.673,30063.783,2909463.51,1.000432302
992.564948147,0.221,221,2,194.724,709611.057,30064.004,2909479.894,1.000435773
993.565391017,0.221,221,2,194.945,709627.441,30064.225,2909496.278,1.00044287
994.565819426,0.221,221,2,195.166,709643.825,30064.446,2909512.662,1.000428409
995.566250291,0.221,221,2,195.387,709660.209,30064.667,2909529.046,1.000430865
996.566715892,0.221,221,2,195.608,709676.593,30064.888,2909545.43,1.000465601
997.567163409,0.221,221,2,195.829,709692.977,30065.109,2909561.814,1.000447517
988.680644358,0.339,339,4,29857.815,2066.268,30065.33,2909570.006,0
998.567594512,0.221,221,2,196.05,709709.361,30065.669,2909578.95,9.886950154
999.56801915,0.221,221,2,196.271,709725.745,30065.89,2909595.334,1.000424638
1000.56843694,0.221,221,2,196.492,709742.129,30066.111,2909611.718,1.000417794
1001.56891243,0.221,221,2,196.713,709758.513,30066.332,2909628.102,1.000475482
1002.56939135,0.221,221,2,196.934,709774.897,30066.553,2909644.486,1.000478929
1003.56984468,0.221,221,2,197.155,709791.281,30066.774,2909660.87,1.000453325
1004.57032792,0.221,221,2,197.376,709807.665,30066.995,2909677.254,1.000483241
1005.57073276,0.221,221,2,197.597,709815.857,30067.216,2909685.446,1.000404842
1006.57118407,0.221,221,2,197.818,709832.241,30067.437,2909701.83,1.000451302
1007.57160972,0.221,221,2,198.039,709848.625,30067.658,2909718.214,1.000425659
998.680637899,0.339,339,4,29858.154,2067.02,30067.879,2909726.406,0
1008.57202595,0.221,221,2,198.26,709865.009,30068.218,2909735.318,9.891388051
1009.57243542,0.221,221,2,198.481,709881.393,30068.439,2909751.702,1.000409468
1010.57284631,0.221,221,2,198.702,709897.777,30068.66,2909768.086,1.000410895
1008.68053129,0.339,339,4,29858.493,2068.428,30068.881,2909776.966,0
1011.64276378,0.189,189,4,29858.682,2069.708,30069.07,2909778.246,2.962232489
1011.75004816,0.189,189,4,29858.871,2078.972,30069.259,2909787.51,0.107284381
1011.85300044,1.575,1575,4,29860.446,2078.972,30070.834,2909787.51,0.102952286
1011.85650874,0.286,286,4,29860.732,3079.196,30071.12,2910787.734,0.00350829299998
1011.57325805,0.221,221,2,198.923,709914.161,30071.309,2910796.31,0
1012.57390932,0.221,221,2,199.144,709930.545,30071.53,2910812.694,1.000651263
1011.87462418,0.189,189,4,29860.921,3079.58,30071.751,2910820.886,0
1013.57463492,0.221,221,2,199.365,709946.929,30074.09,2910829.078,1.700010744
1014.50543464,2.339,2339,4,29863.26,3088.444,30074.311,2910846.134,0.930799713
1014.84072535,1.575,1575,4,29864.835,3088.444,30075.886,2910846.134,0.335290715
1014.84335212,0.286,286,4,29865.121,3482.652,30076.172,2911240.342,0.00262676900002
1014.84907069,0.189,189,4,29865.31,3483.132,30076.361,2911240.822,0.00571857300008
1014.90281166,0.286,286,4,29865.596,5073.324,30076.647,2912831.014,0.0537409699999
1014.57537726,0.221,221,2,199.586,709963.313,30076.836,2912840.118,0
1015.5761191,0.221,221,2,199.807,709979.697,30077.057,2912856.502,1.000741845
1016.57685212,0.221,221,2,200.028,709996.081,30077.278,2912872.886,1.000733018
1014.91416517,0.189,189,4,29865.785,5074.236,30077.499,2912881.078,0
1017.90525731,0.184,184,4,29865.969,5075.116,30077.683,2912881.958,2.991092147
1017.90728642,1.775,1775,4,29867.744,5076.636,30079.458,2912883.478,0.00202910300004
1017.91047543,1572.864,262144,4,31440.608,5076.636,31652.322,2912883.478,0.00318901499998
1017.91405174,786.432,262144,4,32227.04,5076.636,32438.754,2912883.478,0.00357630400003
1017.91744329,786.432,262144,4,33013.472,5076.636,33225.186,2912883.478,0.00339154899996
1017.92068127,786.432,262144,4,33799.904,5076.636,34011.618,2912883.478,0.00323798800002
1017.92406398,786.432,262144,4,34586.336,5076.636,34798.05,2912883.478,0.00338270600002
1017.92730047,786.432,262144,4,35372.768,5076.636,35584.482,2912883.478,0.00323649299992
1017.93068336,786.432,262144,4,36159.2,5076.636,36370.914,2912883.478,0.00338288700004
1017.93392023,786.432,262144,4,36945.632,5076.636,37157.346,2912883.478,0.00323687399998
1017.93730557,786.432,262144,4,37732.064,5076.636,37943.778,2912883.478,0.00338533199999
1017.94068933,786.432,262144,4,38518.496,5076.636,38730.21,2912883.478,0.00338376000002
1017.94391841,786.432,262144,4,39304.928,5076.636,39516.642,2912883.478,0.00322908700002
1017.94730232,786.432,262144,4,40091.36,5076.636,40303.074,2912883.478,0.00338390900004
1017.95052504,786.432,262144,4,40877.792,5076.636,41089.506,2912883.478,0.00322271599998
1017.95361724,786.432,262144,4,41664.224,5076.636,41875.938,2912883.478,0.00309219799999
1017.9567217,786.432,262144,4,42450.656,5076.636,42662.37,2912883.478,0.00310446100002
1017.96023363,786.432,262144,4,43237.088,5076.636,43448.802,2912883.478,0.00351193500001
1017.96376576,786.432,262144,4,44023.52,5076.636,44235.234,2912883.478,0.00353212499999
1017.96729652,497.249,262144,4,44520.769,5077.484,44732.483,2912884.326,0.00353076599993
1017.57760161,0.221,221,2,200.249,710012.465,44732.667,2912893.334,0
1018.0038563,0.184,184,4,44520.953,5078.3,44732.888,2912901.526,0.426254687
1018.68057973,0.339,339,4,44521.292,5079.836,44733.227,2912903.062,0.676723428
1018.57842414,0.221,221,2,200.47,710028.849,44733.416,2912912.662,0
1019.57891469,0.221,221,2,200.691,710045.233,44733.637,2912929.046,1.000490553
1018.86279813,0.189,189,4,44521.481,5081.9,44733.858,2912937.894,0
1021.08944094,0.189,189,4,44521.67,5091.308,44734.047,2912947.302,2.226642806
1021.3359463,1.575,1575,4,44523.245,5091.308,44735.622,2912947.302,0.246505368
1021.3386308,0.286,286,4,44523.531,6304.556,44735.908,2914160.55,0.00268449999999
1020.57933927,0.221,221,2,200.912,710061.617,44736.098,2914169.542,0
1021.5800403,0.221,221,2,201.133,710078.001,44736.319,2914185.926,1.000701027
1021.35572284,0.19,190,4,44523.721,6305.356,44736.54,2914194.118,0
1022.58092478,0.221,221,2,201.354,710094.385,44738.879,2914202.31,1.225201936
1023.58163467,0.221,221,2,201.575,710110.769,44739.1,2914218.694,1.000709888
1023.26173276,2.339,2339,4,44526.06,6306.86,44739.321,2914228.39,0
1024.79783781,0.189,189,4,44526.249,6308.236,44739.51,2914229.766,1.536105045
1024.80339187,0.19,190,4,44526.439,6317.724,44739.7,2914239.254,0.00555405700015
1024.91171604,1.575,1575,4,44528.014,6317.724,44741.275,2914239.254,0.108324171
1024.91360973,0.286,286,4,44528.3,6679.036,44741.561,2914600.566,0.00189369200007
1024.91867979,0.19,190,4,44528.49,6679.452,44741.751,2914600.982,0.00507006599992
1024.98315193,0.286,286,4,44528.776,6680.268,44742.037,2916223.814,0.064472132
1024.58217525,0.221,221,2,201.796,711749.169,44742.227,2916232.79,0
1025.58284818,0.221,221,2,202.017,711765.553,44742.448,2916249.174,1.000672928
1026.58366798,0.221,221,2,202.238,711781.937,44742.669,2916265.558,1.000819805
1024.99364294,0.19,190,4,44528.966,6681.052,44742.89,2916273.75,0
1027.82808451,0.184,184,4,44529.15,6681.804,44743.074,2916274.502,2.834441573
1027.83156393,1.775,1775,4,44530.925,6682.78,44744.849,2916275.478,0.00347941599989
1027.83464067,1835.008,262144,4,46365.933,6682.78,46579.857,2916275.478,0.00307674300007
1027.84753488,786.432,262144,4,47152.365,6682.78,47366.289,2916275.478,0.012894212
1027.85233468,786.432,262144,4,47938.797,6682.78,48152.721,2916275.478,0.00479979400006
1027.85743675,786.432,262144,4,48725.229,6682.78,48939.153,2916275.478,0.00510206700005
1027.86186978,786.432,262144,4,49511.661,6682.78,49725.585,2916275.478,0.00443302999997
1027.86632625,786.432,262144,4,50298.093,6682.78,50512.017,2916275.478,0.00445647099991
1027.87088329,786.432,262144,4,51084.525,6682.78,51298.449,2916275.478,0.00455704000001
1027.8753709,1048.576,262144,4,52133.101,6682.78,52347.025,2916275.478,0.00448761899997
1027.8799672,1048.576,262144,4,53181.677,6682.78,53395.601,2916275.478,0.00459629800002
1027.88451206,786.432,262144,4,53968.109,6682.78,54182.033,2916275.478,0.00454485299997
1027.88884309,786.432,262144,4,54754.541,6682.78,54968.465,2916275.478,0.00433103499995
1027.89334212,786.432,262144,4,55540.973,6682.78,55754.897,2916275.478,0.00449902900004
1027.89787996,786.432,262144,4,56327.405,6682.78,56541.329,2916275.478,0.00453783900002
1027.90219848,277.097,262144,4,56604.502,6683.5,56818.426,2916276.198,0.004318517
1027.58470012,0.221,221,2,202.459,711798.321,56818.61,2916285.078,0
1027.93557019,0.184,184,4,56604.686,6684.188,56818.831,2916293.27,0.35087007
1028.68131706,0.339,339,4,56605.025,6685.468,56819.17,2916294.55,0.745746873
1029.19600135,0.19,190,4,56605.215,6686.62,56819.36,2916295.702,0.514684289
1029.45692413,0.19,190,4,56605.405,6695.804,56819.55,2916304.886,0.260922783
1029.48839496,1.575,1575,4,56606.98,6695.804,56821.125,2916304.886,0.031470829
1029.49148941,0.286,286,4,56607.266,8260.844,56821.411,2917869.926,0.00309444799996
1028.58552275,0.221,221,2,202.68,711814.705,56821.601,2917878.838,0
1029.58625379,0.221,221,2,202.901,711831.089,56821.822,2917895.222,1.000731041
1030.5871127,0.221,221,2,203.122,711847.473,56822.043,2917911.606,1.000858906
1029.50146083,0.19,190,4,56607.456,8261.564,56822.264,2917919.798,0
1031.58794105,0.221,221,2,203.343,711863.857,56824.603,2917927.99,2.086480224
1032.58867035,0.221,221,2,203.564,711880.241,56824.824,2917944.374,1.000729301
1031.67866266,2.339,2339,4,56609.795,8270.492,56825.045,2917961.494,0
1033.81521182,1.575,1575,4,56611.37,8270.492,56826.62,2917961.494,2.136549162
1033.81720789,0.286,286,4,56611.656,8599.1,56826.906,2918290.102,0.0019960699999
1033.8219753,0.19,190,4,56611.846,8599.996,56827.096,2918290.998,0.00476741400007
1033.88482869,0.286,286,4,56612.132,8600.86,56827.382,2919799.19,0.0628533879999
1033.58916427,0.221,221,2,203.785,711896.625,56827.572,2919808.214,0
1034.58989844,0.221,221,2,204.006,711913.009,56827.793,2919824.598,1.000734173
1035.59063114,0.221,221,2,204.227,711929.393,56828.014,2919840.982,1.000732694
1033.89286913,0.19,190,4,56612.322,8601.692,56828.235,2919849.174,0
1036.90601193,0.185,185,4,56612.507,8602.492,56828.42,2919849.974,3.013142807
1036.90818522,1.775,1775,4,56614.282,8603.9,56830.195,2919851.382,0.00217328700001
1036.91060336,1835.008,262144,4,58449.29,8603.9,58665.203,2919851.382,0.00241814300011
1036.91554716,786.432,262144,4,59235.722,8603.9,59451.635,2919851.382,0.00494379799989
1036.91994289,786.432,262144,4,60022.154,8603.9,60238.067,2919851.382,0.00439572400001
1036.92436015,786.432,262144,4,60808.586,8603.9,61024.499,2919851.382,0.00441726600002
1036.92876454,786.432,262144,4,61595.018,8603.9,61810.931,2919851.382,0.00440438400005
1036.93333082,786.432,262144,4,62381.45,8603.9,62597.363,2919851.382,0.00456628799998
1036.93774477,786.432,262144,4,63167.882,8603.9,63383.795,2919851.382,0.0044139449999
1036.94214876,786.432,262144,4,63954.314,8603.9,64170.227,2919851.382,0.00440398800015
1036.94656636,786.432,262144,4,64740.746,8603.9,64956.659,2919851.382,0.00441760099989
1036.95097239,786.432,262144,4,65527.178,8603.9,65743.091,2919851.382,0.00440603200013
1036.95538779,786.432,262144,4,66313.61,8603.9,66529.523,2919851.382,0.00441540299994
1036.95981096,786.432,262144,4,67100.042,8603.9,67315.955,2919851.382,0.00442317000011
1036.96421141,786.432,262144,4,67886.474,8603.9,68102.387,2919851.382,0.00440044199991
1036.96863158,314.758,262144,4,68201.232,8604.668,68417.145,2919852.15,0.00442017099999
1036.59116492,0.221,221,2,204.448,711945.777,68417.33,2919861.078,0
1037.00146495,0.185,185,4,68201.417,8606.108,68417.551,2919861.782,0.410300032
1038.16394291,0.19,190,4,68201.607,8607.42,68417.741,2919863.094,1.162477966
1038.2200965,0.19,190,4,68201.797,8609.148,68417.931,2919864.822,0.056153583
1038.22667497,0.19,190,4,68201.987,8618.3,68418.121,2919873.974,0.00657847000002
1038.37693988,1.575,1575,4,68203.562,8618.3,68419.696,2919873.974,0.150264911
1038.37904304,0.286,286,4,68203.848,9896.988,68419.982,2921152.662,0.00210316799985
1038.39351467,0.19,190,4,68204.038,9897.692,68420.172,2921153.366,0.0144716220002
1038.68115972,2.513,2513,4,68206.551,9898.364,68422.685,2921154.038,0.287645052
1040.65356401,2.339,2339,4,68208.89,9907.26,68425.024,2921162.934,1.972404291
1042.02563757,1.575,1575,4,68210.465,9907.26,68426.599,2921162.934,1.372073563
1042.02785305,0.286,286,4,68210.751,10301.372,68426.885,2921557.046,0.00221547399997
1042.03309302,0.19,190,4,68210.941,10302.236,68427.075,2921557.91,0.00523997799996
1042.08909438,0.286,286,4,68211.227,11695.708,68427.361,2922951.382,0.05600136
1042.09796176,0.19,190,4,68211.417,11696.508,68427.551,2922952.182,0.00886737900009
1045.02793479,0.185,185,4,68211.602,11697.276,68427.736,2922952.95,2.929973031
1045.03063479,1.775,1775,4,68213.377,11698.604,68429.511,2922954.278,0.00269999900001
1045.03334886,1835.008,262144,4,70048.385,11698.604,70264.519,2922954.278,0.00271406699994
1045.03842327,786.432,262144,4,70834.817,11698.604,71050.951,2922954.278,0.00507440900014
1045.04283203,786.432,262144,4,71621.249,11698.604,71837.383,2922954.278,0.00440875899994
1045.04723786,786.432,262144,4,72407.681,11698.604,72623.815,2922954.278,0.00440582900001
1045.0516553,786.432,262144,4,73194.113,11698.604,73410.247,2922954.278,0.00441743900001
1045.05606041,786.432,262144,4,73980.545,11698.604,74196.679,2922954.278,0.00440510899989
1045.06047603,786.432,262144,4,74766.977,11698.604,74983.111,2922954.278,0.00441562500009
1045.06489393,786.432,262144,4,75553.409,11698.604,75769.543,2922954.278,0.00441790199989
1045.06944967,786.432,262144,4,76339.841,11698.604,76555.975,2922954.278,0.0045557410001
1045.07386379,786.432,262144,4,77126.273,11698.604,77342.407,2922954.278,0.00441411800011
1045.07827137,786.432,262144,4,77912.705,11698.604,78128.839,2922954.278,0.0044075809999
1045.08268553,786.432,262144,4,78699.137,11698.604,78915.271,2922954.278,0.00441416099989
1045.08696115,786.432,262144,4,79485.569,11698.604,79701.703,2922954.278,0.00427561100014
1045.09107264,301.769,262144,4,79787.338,11699.34,80003.472,2922955.014,0.00411149199999
1045.13883985,0.185,185,4,79787.523,11700.716,80003.657,2922956.39,0.0477672100001
1047.16830252,0.19,190,4,79787.713,11701.964,80003.847,2922957.638,2.029462669
1047.30333851,0.19,190,4,79787.903,11703.596,80004.037,2922959.27,0.135035999
1047.32036226,0.19,190,4,79788.093,11712.844,80004.227,2922968.518,0.0170237459999
1047.49057726,1.575,1575,4,79789.668,11712.844,80005.802,2922968.518,0.170215003
1047.49371523,0.286,286,4,79789.954,12860.412,80006.088,2924116.086,0.00313796800015
1047.510463,0.19,190,4,79790.144,12861.068,80006.278,2924116.742,0.016747768
1048.68212752,2.513,2513,4,79792.657,12861.692,80008.791,2924117.366,1.171664523
