time,size,first_call,destination,dest_out_traffic,dest_in_traffic,total_network_out,total_network_in,dens10
3.579212138,0.244,244,2,0.244,24.797,0.244,26.845,0
3.617476031,0.183,183,2,0.427,41.181,0.427,43.229,0.038263893
4.628797856,0.183,183,2,0.61,57.565,0.61,59.613,1.011321825
5.630082577,0.183,183,2,0.793,73.949,0.793,75.997,1.001284721
6.631131356,0.183,183,2,0.976,90.333,0.976,92.381,1.001048779
7.631812775,0.183,183,2,1.159,106.717,1.159,108.765,1.000681419
8.632601568,0.183,183,2,1.342,123.101,1.342,125.149,1.000788793
9.633283708,0.183,183,2,1.525,139.485,1.525,141.533,1.00068214
10.633968761,0.183,183,2,1.708,155.869,1.708,157.917,1.000685053
11.634783275,0.183,183,2,1.891,172.253,1.891,174.301,1.000814514
12.635558232,0.183,183,2,2.074,188.637,2.074,190.685,1.000774957
13.636218597,0.183,183,2,2.257,205.021,2.257,207.069,1.000660365
14.640650802,0.183,183,2,2.44,221.405,2.44,223.453,1.004432205
15.641299567,0.183,183,2,2.623,237.789,2.623,239.837,1.000648765
16.641955473,0.183,183,2,2.806,254.173,2.806,256.221,1.000655906
17.642606945,0.183,183,2,2.989,270.557,2.989,272.605,1.000651472
18.644297482,0.183,183,2,3.172,286.941,3.172,288.989,1.001690537
19.645037963,0.183,183,2,3.355,303.325,3.355,305.373,1.000740481
20.645678383,0.183,183,2,3.538,319.709,3.538,321.757,1.00064042
21.646393726,0.183,183,2,3.721,336.093,3.721,338.141,1.000715343
22.647130933,0.183,183,2,3.904,352.477,3.904,354.525,1.000737207
23.64790231,0.183,183,2,4.087,368.861,4.087,370.909,1.000771377
24.649234233,0.183,183,2,4.27,385.245,4.27,387.293,1.001331923
25.649969803,0.183,183,2,4.453,401.629,4.453,403.677,1.00073557
26.650711379,0.183,183,2,4.636,418.013,4.636,420.061,1.000741576
27.651434202,0.183,183,2,4.819,426.205,4.819,428.253,1.000722823
28.087033226,0.166,166,2,4.985,437.129,5.253,447.629,0.435599024
28.634319326,0.268,268,4,0.268,8.452,5.472,455.821,0.5472861
28.658944319,0.219,219,2,5.204,469.897,5.725,488.589,0.024624993
29.187871954,0.283,283,2,5.487,486.281,6.008,504.973,0.528927635
29.23033858,0.207,207,2,5.694,502.665,6.215,521.357,0.042466626
29.270979307,0.102,102,2,5.796,510.857,6.317,529.549,0.040640727
29.297180097,0.125,125,2,5.921,32423.421,6.442,32442.113,0.02620079
28.677633752,0.253,253,4,0.521,24.836,6.661,36107.913,0
29.690934269,0.291,291,4,0.812,25.123,6.952,36183.144,1.013300517
29.660393023,0.219,219,2,6.14,138515.464,7.186,138550.827,0
29.693592227,0.234,234,4,1.046,41.507,7.405,140886.63,0.033199204
30.694800199,0.405,405,4,1.451,41.908,7.81,141205.841,1.001207972
30.665619798,0.219,219,2,6.359,230061.48,8.04,230113.628,0
30.697189684,0.23,230,4,1.681,58.292,8.259,232693.979,0.031569886
31.671024041,0.219,219,2,6.578,315139.735,8.774,315208.778,0.973834357
31.698113683,0.515,515,4,2.196,75.187,8.993,317145.74,0.027089642
32.676920904,0.219,219,2,6.797,395309.184,9.508,395395.122,0.978807221
32.699402009,0.515,515,4,2.711,92.082,9.727,397080.218,0.022481105
33.682593025,0.219,219,2,7.016,409426.124,10.242,409528.957,0.983191016
33.862817671,0.125,125,2,7.141,503444.486,10.367,503547.319,0.180224646
33.700858763,0.515,515,4,3.226,108.977,10.586,504970.008,0
34.688384404,0.219,219,2,7.36,599617.505,11.101,599737.233,0.987525641
34.702164106,0.515,515,4,3.741,125.872,11.32,599753.617,0.013779702
35.694378982,0.219,219,2,7.579,599633.889,11.835,599770.512,0.992214876
36.047344923,0.174,174,2,7.753,599650.273,12.009,599786.896,0.352965941
36.048351471,0.188,188,2,7.941,599658.465,12.197,599795.088,0.001006548
35.704305589,0.515,515,4,4.256,142.767,12.32,600214.333,0
36.050110045,0.123,123,2,8.064,600077.71,12.971,600231.364,0.345804456
36.056003014,0.651,651,4,4.907,159.798,13.141,600255.94,0.005892969
36.079737376,0.17,170,2,8.234,600094.094,13.638,600256.433,0.023734362
36.080915943,0.184,184,2,8.418,600102.286,13.822,600272.817,0.001178567
36.080632006,0.497,497,4,5.404,176.675,13.945,600347.936,0
36.082374716,0.123,123,2,8.541,600177.405,14.324,600364.695,0.00174270999999
36.094467154,0.379,379,4,5.783,193.434,14.543,600381.079,0.012092438
36.697634082,0.219,219,2,8.76,600193.789,14.855,600414.151,0.603166928
37.698727579,0.219,219,2,8.979,600201.981,15.074,600422.343,1.001093497
38.314472776,0.176,176,2,9.155,600203.005,15.25,600423.367,0.615745197
38.346117432,0.154,154,2,9.309,600206.077,15.404,600426.439,0.031644656
38.480077615,0.17,170,2,9.479,600207.101,15.574,600427.463,0.133960183
38.521551824,0.172,172,2,9.651,600208.125,15.746,600428.487,0.041474209
38.699864411,0.219,219,2,9.87,600216.317,15.965,600436.679,0.178312587
38.826328018,0.177,177,2,10.047,600216.829,16.142,600437.191,0.126463607
38.855647272,0.176,176,2,10.223,600217.341,16.318,600437.703,0.029319254
38.876519765,1.53,1530,2,11.753,600218.333,17.848,600438.695,0.020872493
38.932739094,1.256,1256,2,13.009,600218.813,19.104,600439.175,0.056219329
38.946311368,0.171,171,2,13.18,600227.485,19.275,600447.847,0.013572274
39.701531973,0.219,219,2,13.399,600244.125,19.494,600464.487,0.755220605
40.380128052,1.575,1575,2,14.974,600244.125,21.069,600464.487,0.678596079
40.495576853,0.286,286,2,15.26,600250.269,21.355,600470.631,0.115448801
40.559694736,0.189,189,2,15.449,600259.997,21.544,600480.359,0.064117883
40.702726547,0.219,219,2,15.668,600268.189,21.763,600488.551,0.143031811
40.943405223,0.286,286,2,15.954,600383.885,22.049,600604.247,0.240678676
40.951386423,0.189,189,2,16.143,600393.053,47.907,600615.463,0.0079812
41.886398303,0.235,235,8,0.235,40.96,48.361,600666.663,0.93501188
41.96049631,0.102,102,8,0.337,49.152,48.463,600674.855,0.074098007
41.703828726,0.219,219,2,16.362,600409.437,48.612,606101.033,0
42.704911247,0.219,219,2,16.581,600425.821,48.831,620389.185,1.001082521
43.70645415,0.219,219,2,16.8,600442.205,49.05,634082.68,1.001542903
44.707732573,0.219,219,2,17.019,600458.589,49.269,649428.0,1.001278423
45.70876115,0.219,219,2,17.238,600491.357,49.488,678863.253,1.001028577
47.710962028,0.22,220,2,17.458,600507.741,49.708,694142.5,2.002200878
48.712055422,0.22,220,2,17.678,600515.933,49.928,706440.27,1.001093394
49.487054304,2.513,2513,2,20.191,600524.605,52.441,709752.592,0.774998882
49.71334382,0.22,220,2,20.411,600540.989,52.661,725758.642,0.226289516
41.986609912,0.149,149,8,0.486,135366.656,52.881,736140.295,0
50.714765328,0.22,220,2,20.631,600549.181,53.03,736206.368,8.728155416
51.443724556,2.578,2578,2,23.209,600558.093,55.608,736215.28,0.728959228
51.359532889,0.149,149,8,0.635,135440.921,57.183,736223.472,0
51.510444871,0.145,145,8,0.78,135449.113,57.328,736231.664,0.150911982
51.454857842,1.575,1575,2,24.784,600566.285,57.477,738102.449,0
51.715958974,0.22,220,2,25.004,600582.669,57.697,753249.55,0.261101132
52.717139452,0.22,220,2,25.224,600599.053,57.917,767868.067,1.001180478
53.718169156,0.22,220,2,25.444,600615.437,58.137,782420.511,1.001029704
54.719349185,0.22,220,2,25.664,600631.821,58.357,798228.342,1.001180029
55.720586957,0.22,220,2,25.884,600648.205,58.577,813970.1,1.001237772
56.722130034,0.22,220,2,26.104,600664.589,58.797,827927.887,1.001543077
57.723224016,0.22,220,2,26.324,600680.973,59.017,842876.769,1.001093982
58.724262017,0.22,220,2,26.544,600689.165,59.237,854315.59,1.001038001
59.46681433,2.513,2513,2,29.057,600698.381,61.75,857892.748,0.742552313
51.513673575,0.149,149,8,0.929,270977.385,61.97,871908.416,0
59.725445011,0.22,220,2,29.277,600706.573,62.119,872002.391,8.211771436
60.680132237,2.535,2535,2,31.812,600723.981,64.654,872019.799,0.954687226
60.629182598,0.149,149,8,1.078,271079.552,66.229,872027.991,0
60.69761073,0.145,145,8,1.223,271095.936,66.374,872044.375,0.068428132
60.700599392,0.149,149,8,1.372,271104.128,66.523,872052.567,0.002988662
60.688309767,1.575,1575,2,33.387,600732.173,66.672,872337.976,0
60.726660783,0.22,220,2,33.607,600748.557,66.892,887996.777,0.038351016
61.727791072,0.22,220,2,33.827,600764.941,67.112,902945.659,1.001130289
62.728788252,0.22,220,2,34.047,600781.325,67.332,917762.395,1.00099718
63.729857454,0.22,220,2,34.267,600797.709,67.552,933041.642,1.001069202
64.731120456,0.22,220,2,34.487,600814.093,67.772,948585.181,1.001263002
65.732213045,0.22,220,2,34.707,600830.477,67.992,962410.822,1.001092589
66.733495524,0.22,220,2,34.927,600846.861,68.212,977293.631,1.001282479
67.734632323,0.22,220,2,35.147,600863.245,68.432,992705.024,1.001136799
68.735874459,0.22,220,2,35.367,600871.437,68.652,1004011.699,1.001242136
60.702791496,0.149,149,8,1.521,407012.33,71.165,1008116.417,0
69.465971299,2.513,2513,2,37.88,600887.821,71.314,1008190.682,8.763179803
69.736945742,0.22,220,2,38.1,600896.013,71.534,1008198.874,0.270974443
69.777790981,2.535,2535,2,40.635,600912.397,74.069,1008215.258,0.040845239
69.730749816,0.149,149,8,1.67,407086.595,75.644,1008223.45,0
69.792285422,0.145,145,8,1.815,407102.979,75.789,1008239.834,0.061535606
69.794205137,0.149,149,8,1.964,407111.171,75.938,1008248.026,0.001919715
69.784794271,1.575,1575,2,42.21,600920.589,76.087,1022410.641,0
70.738104193,0.22,220,2,42.43,600936.973,76.307,1036830.939,0.953309922
71.739340882,0.22,220,2,42.65,600953.357,76.527,1051251.237,1.001236689
72.740321877,0.22,220,2,42.87,600969.741,76.747,1066464.411,1.000980995
73.741279597,0.22,220,2,43.09,600986.125,76.967,1081677.585,1.00095772
74.742264983,0.22,220,2,43.31,601002.509,77.187,1097155.051,1.000985386
75.74334452,0.22,220,2,43.53,601018.893,77.407,1112500.371,1.001079537
76.74437229,0.22,220,2,43.75,601035.277,77.627,1127052.815,1.00102777
77.745449182,0.22,220,2,43.97,601043.469,77.847,1142059.578,1.001076892
69.796706943,0.149,149,8,2.113,542839.914,78.067,1144182.106,0
78.746582024,0.22,220,2,44.19,601051.661,78.216,1144347.423,8.949875081
78.947053559,2.535,2535,2,46.725,601117.197,80.751,1144412.959,0.200471535
78.897869988,0.149,149,8,2.262,543013.423,82.326,1144421.151,0
78.959482034,0.145,145,8,2.407,543029.807,82.471,1144437.535,0.061612046
78.96127161,0.149,149,8,2.556,543037.999,82.62,1144445.727,0.00178957599999
78.952626939,1.575,1575,2,48.3,601117.197,82.769,1152236.118,0
79.46353354,2.513,2513,2,50.813,601223.693,85.282,1156439.14,0.510906601
79.748814064,0.22,220,2,51.033,601240.077,85.502,1171586.241,0.285280524
80.75035985,0.22,220,2,51.253,601256.461,85.722,1192613.839,1.001545786
82.106404574,0.22,220,2,51.473,601272.845,85.942,1208157.378,1.356044724
83.107520389,0.22,220,2,51.693,601289.229,86.162,1223634.844,1.001115815
84.108606275,0.22,220,2,51.913,601305.613,86.382,1239112.31,1.001085886
85.10962785,0.22,220,2,52.133,601321.997,86.602,1253664.754,1.001021575
86.1103092,0.22,220,2,52.353,601338.381,86.822,1268944.001,1.00068135
78.963769579,0.149,149,8,2.705,678811.791,87.042,1280448.895,0
87.111105954,0.22,220,2,52.573,601346.573,87.191,1280533.653,8.147336375
88.067152932,2.535,2535,2,55.108,601379.341,89.726,1280566.421,0.956046978
88.020607748,0.149,149,8,2.854,678904.741,91.301,1280574.613,0
88.084680252,0.145,145,8,2.999,678921.125,91.446,1280590.997,0.064072504
88.087211638,0.149,149,8,3.148,678929.317,91.595,1280599.189,0.002531386
88.078151059,1.575,1575,2,56.683,601387.533,91.744,1281006.606,0
88.112198031,0.22,220,2,56.903,601403.917,91.964,1296021.561,0.034046972
89.113265487,0.22,220,2,57.123,601412.109,92.184,1301381.666,1.001067456
89.464023895,2.513,2513,2,59.636,601453.069,94.697,1311135.357,0.350758408
90.11436481,0.22,220,2,59.856,601469.453,94.917,1325753.874,0.650340915
91.115089187,0.22,220,2,60.076,601485.837,95.137,1341099.194,1.000724377
92.115987233,0.22,220,2,60.296,601502.221,95.357,1356378.441,1.000898046
93.116942513,0.22,220,2,60.516,601518.605,95.577,1371723.761,1.00095528
94.118197094,0.22,220,2,60.736,601534.989,95.797,1387003.008,1.001254581
95.119275349,0.22,220,2,60.956,601551.373,96.017,1402282.255,1.001078255
88.089452096,0.149,149,8,3.297,814579.973,96.237,1416430.069,0
96.120241639,0.22,220,2,61.176,601559.565,96.386,1416496.142,8.030789543
97.113059746,2.535,2535,2,63.711,601592.333,98.921,1416528.91,0.992818107
97.118882071,1.575,1575,2,65.286,601600.525,100.496,1416537.102,0.005822325
97.065532607,0.149,149,8,3.446,814654.238,100.716,1416553.486,0
97.126130439,0.145,145,8,3.591,814670.622,100.861,1416569.87,0.060597832
97.13169794,0.149,149,8,3.74,814678.814,101.01,1416578.062,0.005567501
97.121377331,0.22,220,2,65.506,601616.909,101.159,1431257.247,0
98.122377508,0.22,220,2,65.726,601633.293,101.379,1446272.202,1.001000177
99.123377483,0.22,220,2,65.946,601641.485,101.599,1451434.088,1.000999975
99.463768596,2.513,2513,2,68.459,601666.061,104.112,1461633.906,0.340391113
100.12435826,0.22,220,2,68.679,601682.445,104.332,1476252.423,0.660589664
101.125371706,0.22,220,2,68.899,601698.829,104.552,1491135.232,1.001013446
102.126262817,0.22,220,2,69.119,601715.213,104.772,1506282.333,1.000891111
103.127165888,0.22,220,2,69.339,601731.597,104.992,1520438.339,1.000903071
104.128242877,0.22,220,2,69.559,601747.981,105.212,1535255.075,1.001076989
105.129531502,0.22,220,2,69.779,601764.365,105.432,1549939.665,1.001288625
97.136513319,0.149,149,8,3.889,950329.47,105.652,1552392.558,0
106.130502141,0.22,220,2,69.999,601772.557,105.801,1552552.083,8.993988822
106.335492663,2.535,2535,2,72.534,601797.133,108.336,1552576.659,0.204990522
106.293029956,0.149,149,8,4.038,950497.187,109.911,1552584.851,0
106.349748469,0.145,145,8,4.183,950513.571,110.056,1552601.235,0.056718513
106.352253419,0.149,149,8,4.332,950521.763,110.205,1552609.427,0.00250494999999
106.340672961,1.575,1575,2,74.109,601805.325,110.354,1564559.511,0
107.131494423,0.22,220,2,74.329,601821.709,110.574,1579574.466,0.790821462
108.13248623,0.22,220,2,74.549,601838.093,110.794,1594523.348,1.000991807
109.133399772,0.22,220,2,74.769,601846.285,111.014,1599288.796,1.000913542
109.464247678,2.513,2513,2,77.282,601920.013,113.527,1609735.985,0.330847906
110.134413053,0.22,220,2,77.502,601928.205,113.747,1624874.894,0.670165375
111.13545306,0.22,220,2,77.722,601944.589,113.967,1640352.36,1.001040007
112.136445849,0.22,220,2,77.942,601960.973,114.187,1655763.753,1.000992789
113.13742569,0.22,220,2,78.162,601977.357,114.407,1670976.927,1.000979841
114.138373954,0.22,220,2,78.382,601993.741,114.627,1686454.393,1.000948264
106.354110468,0.149,149,8,4.481,1086416.603,114.847,1688709.067,0
115.139462335,0.22,220,2,78.602,602001.933,114.996,1688865.696,8.785351867
115.332026169,2.535,2535,2,81.137,602067.469,117.531,1688931.232,0.192563834
115.287918471,0.149,149,8,4.63,1086581.424,119.106,1688939.424,0
115.343700665,0.145,145,8,4.775,1086597.808,119.251,1688955.808,0.055782194
115.347232586,0.149,149,8,4.924,1086606.0,119.4,1688964.0,0.003531921
115.337209261,1.575,1575,2,82.712,602075.661,119.549,1700446.518,0
116.140403323,0.22,220,2,82.932,602092.045,119.769,1715857.911,0.803194062
117.141402369,0.22,220,2,83.152,602108.429,119.989,1731005.012,1.000999046
118.142465308,0.22,220,2,83.372,602124.813,120.209,1746218.186,1.001062939
119.143402214,0.22,220,2,83.592,602133.005,120.429,1751181.853,1.000936906
119.463480876,2.513,2513,2,86.105,602173.965,122.942,1761596.274,0.320078662
120.144260905,0.22,220,2,86.325,602190.349,123.162,1776941.594,0.680780029
121.145227373,0.22,220,2,86.545,602206.733,123.382,1792154.768,1.000966468
122.14614348,0.22,220,2,86.765,602223.117,123.602,1807896.526,1.000916107
123.147139042,0.22,220,2,86.985,602239.501,123.822,1823572.211,1.000995562
115.350114127,0.149,149,8,5.073,1222033.274,124.042,1824571.498,0
124.148117771,0.22,220,2,87.205,602247.693,124.191,1824728.127,8.798003644
124.259171053,2.535,2535,2,89.74,602296.845,126.726,1824777.279,0.111053282
124.214921893,0.149,149,8,5.222,1222198.095,128.301,1824785.471,0
124.269007558,0.145,145,8,5.367,1222214.479,128.446,1824801.855,0.054085665
124.27084658,0.149,149,8,5.516,1222222.671,128.595,1824810.047,0.001839022
124.264172349,1.575,1575,2,91.315,602305.037,128.744,1838174.465,0
125.149135913,0.22,220,2,91.535,602321.421,128.964,1853585.858,0.884963564
126.15001942,0.22,220,2,91.755,602337.805,129.184,1868600.813,1.000883507
127.150678119,0.22,220,2,91.975,602354.189,129.404,1883880.06,1.000658699
128.151292335,0.22,220,2,92.195,602370.573,129.624,1899093.234,1.000614216
129.152106758,0.22,220,2,92.415,602378.765,129.844,1903330.098,1.000814423
129.466494055,2.513,2513,2,94.928,602403.341,132.357,1913860.281,0.314387297
130.153108699,0.22,220,2,95.148,602419.725,132.577,1929073.455,0.686614644
131.154347424,0.22,220,2,95.368,602436.109,132.797,1943890.191,1.001238725
132.155833383,0.221,221,2,95.589,602452.493,133.018,1959103.365,1.001485959
124.273041424,0.149,149,8,5.665,1357681.801,133.239,1960433.017,0
133.156808564,0.221,221,2,95.81,602460.685,133.388,1960569.374,8.88376714
133.291631339,2.535,2535,2,98.345,602493.453,135.923,1960602.142,0.134822775
133.245948667,0.149,149,8,5.814,1357826.35,137.498,1960610.334,0
133.302255052,0.145,145,8,5.959,1357842.734,137.643,1960626.718,0.056306385
133.303893242,0.149,149,8,6.108,1357850.926,137.792,1960634.91,0.00163818999999
133.297037923,1.575,1575,2,99.92,602501.645,137.941,1973217.513,0
134.157731741,0.221,221,2,100.141,602518.029,138.162,1988298.541,0.860693818
135.158666287,0.221,221,2,100.362,602534.413,138.383,2003379.569,1.000934546
136.159560018,0.221,221,2,100.583,602550.797,138.604,2018790.962,1.000893731
137.16044328,0.221,221,2,100.804,602567.181,138.825,2034466.647,1.000883262
138.16133455,0.221,221,2,101.025,602583.565,139.046,2050142.332,1.00089127
139.162208661,0.221,221,2,101.246,602591.757,139.267,2054841.707,1.000874111
139.463963167,2.513,2513,2,103.759,602731.021,141.78,2065949.089,0.301754506
140.163085523,0.221,221,2,103.98,602747.405,142.001,2081690.847,0.699122356
133.306342313,0.149,149,8,6.257,1493387.19,142.222,2096433.318,0
141.16396142,0.221,221,2,104.201,602755.597,142.371,2096589.947,7.857619107
142.148142706,2.535,2535,2,106.736,602821.133,144.906,2096655.483,0.984181286
142.107638394,0.149,149,8,6.406,1493552.011,146.481,2096663.675,0
142.158852587,0.145,145,8,6.551,1493568.395,146.626,2096680.059,0.051214193
142.16041878,0.149,149,8,6.7,1493576.587,146.775,2096688.251,0.00156619299997
142.153032808,1.575,1575,2,108.311,602829.325,146.924,2096977.461,0
142.164866185,0.221,221,2,108.532,602837.517,147.145,2112222.12,0.011833377
143.165848944,0.221,221,2,108.753,602853.901,147.366,2127633.513,1.000982759
144.166822748,0.221,221,2,108.974,602870.285,147.587,2143044.906,1.000973804
145.167747554,0.221,221,2,109.195,602886.669,147.808,2158522.372,1.000924806
146.168606346,0.221,221,2,109.416,602903.053,148.029,2173933.765,1.000858792
147.169500865,0.221,221,2,109.637,602919.437,148.25,2189345.158,1.000894519
148.170390318,0.221,221,2,109.858,602935.821,148.471,2204756.551,1.000889453
149.17129897,0.221,221,2,110.079,602944.013,148.692,2209323.78,1.000908652
149.463079601,2.513,2513,2,112.592,602993.165,151.205,2211476.306,0.291780631
149.633778447,2.535,2535,2,115.127,603001.357,153.74,2211484.498,0.170698846
150.17216337,0.221,221,2,115.348,603017.741,153.961,2211503.442,0.538384923
151.173067435,0.221,221,2,115.569,603034.125,154.182,2211519.826,1.000904065
152.173832042,0.221,221,2,115.79,603050.509,154.403,2211536.21,1.000764607
153.174461934,0.221,221,2,116.011,603066.893,154.624,2211552.594,1.000629892
154.175060848,0.221,221,2,116.232,603083.277,154.845,2211568.978,1.000598914
155.175759879,0.221,221,2,116.453,603099.661,155.066,2211585.362,1.000699031
156.176517703,0.221,221,2,116.674,603116.045,155.287,2211601.746,1.000757824
157.1771946,0.221,221,2,116.895,603132.429,155.508,2211619.634,1.000676897
158.177912975,0.221,221,2,117.116,603148.813,155.729,2211636.018,1.000718375
159.178552092,0.221,221,2,117.337,603157.005,155.95,2211644.21,1.000639117
159.462553259,0.339,339,2,117.676,603181.581,156.289,2211668.786,0.284001167
160.179191713,0.221,221,2,117.897,603197.965,156.51,2211685.17,0.716638454
161.179830121,0.221,221,2,118.118,603214.349,156.731,2211701.554,1.000638408
162.180428361,0.221,221,2,118.339,603230.733,156.952,2211717.938,1.00059824
163.181029768,0.221,221,2,118.56,603247.117,157.173,2211734.322,1.000601407
164.181609471,0.221,221,2,118.781,603263.501,157.394,2211750.706,1.000579703
165.182220781,0.221,221,2,119.002,603279.885,157.615,2211767.09,1.00061131
166.182836713,0.221,221,2,119.223,603296.269,157.836,2211783.474,1.000615932
167.183426929,0.221,221,2,119.444,603312.653,158.057,2211799.858,1.000590216
168.184013358,0.221,221,2,119.665,603329.037,158.278,2211816.242,1.000586429
169.184636521,0.221,221,2,119.886,603337.229,158.499,2211824.434,1.000623163
169.462263357,0.339,339,2,120.225,603361.805,158.838,2211849.01,0.277626836
170.185279734,0.221,221,2,120.446,603378.189,159.059,2211865.394,0.723016377
171.185905486,0.221,221,2,120.667,603394.573,159.28,2211881.778,1.000625752
172.186529504,0.221,221,2,120.888,603410.957,159.501,2211898.162,1.000624018
173.187258428,0.221,221,2,121.109,603427.341,159.722,2211914.546,1.000728924
174.187836931,0.221,221,2,121.33,603435.533,159.943,2211922.738,1.000578503
175.188408193,0.221,221,2,121.551,603451.917,160.164,2211939.122,1.000571262
176.189006337,0.221,221,2,121.772,603468.301,160.385,2211955.506,1.000598144
177.189559158,0.221,221,2,121.993,603488.781,160.606,2211975.986,1.000552821
177.706866036,1.575,1575,2,123.568,603488.781,162.181,2211975.986,0.517306878
177.718723213,0.286,286,2,123.854,603685.389,162.467,2212172.594,0.011857177
177.726050091,0.189,189,2,124.043,603783.693,162.656,2212270.898,0.00732687799999
177.747455659,0.249,249,2,124.292,603816.461,162.905,2212303.666,0.021405568
41.041938958,25.669,25669,3,25.669,2.048,163.169,2212700.978,0
177.815275875,0.15,150,7,0.15,3.072,163.453,2213291.826,136.773336917
177.762905969,0.114,114,2,124.406,603832.845,163.605,2358442.274,0
178.19052968,0.221,221,2,124.627,603857.421,163.826,2598853.586,0.427623711
179.191803562,0.221,221,2,124.848,603865.613,164.047,2624109.522,1.001273882
179.464376359,2.513,2513,2,127.361,603898.381,166.56,2626665.426,0.272572797
180.193932692,0.221,221,2,127.582,603914.765,166.781,2626681.81,0.729556333
181.194825966,0.221,221,2,127.803,603931.149,167.002,2626698.194,1.000893274
182.195513371,0.221,221,2,128.024,603947.533,167.223,2626714.578,1.000687405
183.196136573,0.221,221,2,128.245,603963.917,167.594,2677179.346,1.000623202
184.196962651,0.221,221,2,128.466,603972.109,167.815,2698093.522,1.000826078
183.83519379,0.15,150,5,0.15,71360.768,168.036,2698101.714,0
185.198787612,0.221,221,2,128.687,603988.493,168.188,2712945.618,1.363593822
186.200231395,0.221,221,2,128.908,604004.877,168.409,2770961.362,1.001443783
187.202545211,0.221,221,2,129.129,604021.261,168.63,2770977.746,1.002313816
177.810474298,0.134,134,3,25.803,96783.36,168.851,2770985.938,0
188.205774716,0.221,221,2,129.35,604037.645,169.001,2840249.298,10.395300418
189.207026809,0.221,221,2,129.571,604045.837,169.222,2840257.49,1.001252093
189.46273378,2.513,2513,2,132.084,604066.317,171.735,2840277.97,0.255706971
177.805068121,0.15,150,6,0.15,118560.672,171.956,2840286.162,0
190.21219636,0.221,221,2,132.305,604082.701,172.108,2906256.338,12.407128239
191.213286766,0.221,221,2,132.526,604099.085,172.329,2906272.722,1.001090406
192.214189342,0.221,221,2,132.747,604115.469,172.55,2906289.106,1.000902576
193.215106195,0.221,221,2,132.968,604131.853,172.771,2906305.49,1.000916853
194.216008971,0.221,221,2,133.189,604148.237,172.992,2906321.874,1.000902776
195.216713823,0.221,221,2,133.41,604164.621,173.213,2906338.258,1.000704852
196.21766958,0.221,221,2,133.631,604181.005,173.434,2906354.642,1.000955757
197.218623866,0.221,221,2,133.852,604197.389,173.655,2906371.026,1.000954286
198.219493263,0.221,221,2,134.073,604213.773,173.876,2906387.41,1.000869397
199.220389703,0.221,221,2,134.294,604221.965,174.097,2906395.602,1.00089644
199.464290023,2.513,2513,2,136.807,604236.301,176.61,2906409.938,0.24390032
200.221296129,0.221,221,2,137.028,604244.493,176.831,2906418.13,0.757006106
200.73007297,0.178,178,2,137.206,604255.757,177.009,2906429.394,0.508776841
201.222241506,0.221,221,2,137.427,604272.141,177.23,2906445.778,0.492168536
202.223213767,0.221,221,2,137.648,604280.333,177.451,2906453.97,1.000972261
202.617177461,2.588,2588,2,140.236,604288.525,180.039,2906462.162,0.393963694
203.224117289,0.221,221,2,140.457,604304.909,180.26,2906478.546,0.606939828
204.224952043,0.221,221,2,140.678,604321.293,180.481,2906494.93,1.000834754
205.225583065,0.221,221,2,140.899,604337.677,180.702,2906511.314,1.000631022
206.226186582,0.221,221,2,141.12,604370.445,180.923,2906544.082,1.000603517
208.227440061,0.221,221,2,141.341,604386.829,181.144,2906560.466,2.001253479
209.228021392,0.221,221,2,141.562,604395.021,181.365,2906568.658,1.000581331
209.462225873,0.339,339,2,141.901,604404.749,181.704,2906578.386,0.234204481
210.228787424,0.221,221,2,142.122,604421.133,181.925,2906594.77,0.766561551
211.229374811,0.221,221,2,142.343,604441.869,182.146,2906615.506,1.000587387
211.280057183,1.575,1575,2,143.918,604441.869,183.721,2906615.506,0.050682372
211.28209437,0.286,286,2,144.204,604497.165,184.007,2906670.802,0.00203718700001
211.286566835,0.189,189,2,144.393,604500.237,184.196,2906673.874,0.00447246499999
212.185847012,2.376,2376,2,146.769,604508.429,186.572,2906682.066,0.899280177
212.230188591,0.221,221,2,146.99,604524.813,186.793,2906698.45,0.044341579
213.231007515,0.221,221,2,147.211,604535.549,187.014,2906709.186,1.000818924
214.178441699,0.189,189,2,147.4,604537.469,187.203,2906711.106,0.947434184
214.186423119,0.189,189,2,147.589,604539.261,187.392,2906712.898,0.00798142000002
214.19460226,0.189,189,2,147.778,604548.301,187.581,2906721.938,0.008179141
214.231893824,0.221,221,2,147.999,604565.629,187.802,2906739.266,0.037291564
214.465252385,1.575,1575,2,149.574,604565.629,189.377,2906739.266,0.233358561
214.470177113,0.286,286,2,149.86,604728.445,189.663,2906902.082,0.00492472799999
214.475874516,0.189,189,2,150.049,604729.981,189.852,2906903.618,0.005697403
214.924745526,0.286,286,2,150.335,604927.597,190.138,2907101.234,0.44887101
177.816867347,0.152,152,7,0.302,198936.48,190.327,2907103.17,0
214.930033203,0.189,189,2,150.524,604936.765,229.486,2907111.362,37.113165856
215.233636595,0.221,221,2,150.745,604953.149,229.707,2907127.746,0.303603392
216.234636373,0.221,221,2,150.966,604969.533,229.928,2907144.13,1.000999778
217.235385857,0.221,221,2,151.187,604985.917,230.149,2907160.514,1.000749484
218.236242159,0.221,221,2,151.408,604994.109,230.37,2907168.706,1.000856302
218.646968687,0.184,184,2,151.592,604995.053,230.554,2907169.65,0.410726528
218.65423744,1.775,1775,2,153.367,604997.101,232.329,2907171.698,0.00726875300001
218.678865278,1835.008,262144,2,1988.375,604997.101,2067.337,2907171.698,0.024627838
218.681477539,4194.304,262144,2,6182.679,604997.101,6261.641,2907171.698,0.00261226100002
218.689121386,786.432,262144,2,6969.111,604997.101,7048.073,2907171.698,0.007643847
218.69468508,524.288,262144,2,7493.399,604997.101,7572.361,2907171.698,0.00556369399999
218.69631181,524.288,262144,2,8017.687,604997.101,8096.649,2907171.698,0.00162673
218.69778094,524.288,262144,2,8541.975,604997.101,8620.937,2907171.698,0.00146913
218.699266763,524.288,262144,2,9066.263,604997.101,9145.225,2907171.698,0.001485823
218.700709,524.288,262144,2,9590.551,604997.101,9669.513,2907171.698,0.00144223699999
218.70233191,524.288,262144,2,10114.839,604997.101,10193.801,2907171.698,0.00162291000001
218.703800908,524.288,262144,2,10639.127,604997.101,10718.089,2907171.698,0.00146899800001
218.705273578,786.432,262144,2,11425.559,604997.101,11504.521,2907171.698,0.00147267
218.707334986,786.432,262144,2,12211.991,604997.101,12290.953,2907171.698,0.002061408
218.709388067,524.288,262144,2,12736.279,604997.101,12815.241,2907171.698,0.00205308099999
218.711336644,524.288,262144,2,13260.567,604997.101,13339.529,2907171.698,0.00194857700001
218.713366281,524.288,262144,2,13784.855,604997.101,13863.817,2907171.698,0.00202963699999
218.715412634,524.288,262144,2,14309.143,604997.101,14388.105,2907171.698,0.002046353
218.717477572,786.432,262144,2,15095.575,604997.101,15174.537,2907171.698,0.00206493800002
218.719984987,786.432,262144,2,15882.007,604997.101,15960.969,2907171.698,0.002507415
218.722472949,786.432,262144,2,16668.439,604997.101,16747.401,2907171.698,0.002487962
218.724975358,786.432,262144,2,17454.871,604997.101,17533.833,2907171.698,0.00250240899999
218.727634613,786.432,262144,2,18241.303,604997.101,18320.265,2907171.698,0.002659255
218.730573507,786.432,262144,2,19027.735,604997.101,19106.697,2907171.698,0.00293889400001
218.733578927,786.432,262144,2,19814.167,604997.101,19893.129,2907171.698,0.00300541999999
218.736665286,786.432,262144,2,20600.599,604997.101,20679.561,2907171.698,0.00308635900001
218.73975788,786.432,262144,2,21387.031,604997.101,21465.993,2907171.698,0.00309259400001
218.743319604,368.377,262144,2,21755.408,605006.205,21834.37,2907180.802,0.00356172399998
219.237104788,0.221,221,2,21755.629,605022.589,21834.591,2907197.186,0.493785184
220.237813216,0.221,221,2,21755.85,605030.781,21834.812,2907205.378,1.000708428
220.40581654,0.339,339,2,21756.189,605031.661,21835.151,2907206.258,0.168003324
220.408984792,0.184,184,2,21756.373,605040.285,21835.335,2907214.882,0.00316825200002
221.238609424,0.221,221,2,21756.594,605056.669,21835.556,2907231.266,0.829624632
222.239536087,0.221,221,2,21756.815,605073.053,21835.777,2907247.65,1.000926663
223.24042661,0.221,221,2,21757.036,605089.437,21835.998,2907264.034,1.000890523
224.241088345,0.221,221,2,21757.257,605105.821,21836.219,2907280.418,1.000661735
225.241717151,0.221,221,2,21757.478,605122.205,21836.44,2907296.802,1.000628806
226.242365676,0.221,221,2,21757.699,605138.589,21836.661,2907313.186,1.000648525
227.24291548,0.221,221,2,21757.92,605154.973,21836.882,2907329.57,1.000549804
228.243499222,0.221,221,2,21758.141,605171.357,21837.103,2907345.954,1.000583742
229.244029179,0.221,221,2,21758.362,605179.549,21837.324,2907354.146,1.000529957
229.463073057,0.339,339,2,21758.701,605188.573,21837.663,2907363.17,0.219043878
230.244692217,0.221,221,2,21758.922,605204.957,21837.884,2907379.554,0.78161916
231.245495419,0.221,221,2,21759.143,605221.341,21838.105,2907395.938,1.000803202
232.246320251,0.221,221,2,21759.364,605237.725,21838.326,2907412.322,1.000824832
233.246968495,0.221,221,2,21759.585,605254.109,21838.547,2907430.226,1.000648244
234.247896293,0.221,221,2,21759.806,605270.493,21838.768,2907446.61,1.000927798
235.248804778,0.221,221,2,21760.027,605286.877,21838.989,2907462.994,1.000908485
236.249412828,0.221,221,2,21760.248,605303.261,21839.21,2907479.378,1.00060805
237.249997193,0.221,221,2,21760.469,605319.645,21839.431,2907495.762,1.000584365
238.250636348,0.221,221,2,21760.69,605344.221,21839.652,2907520.338,1.000639155
239.462180657,0.339,339,2,21761.029,605353.213,21839.991,2907529.33,1.211544309
240.252443752,0.221,221,2,21761.25,605369.597,21840.212,2907545.714,0.790263095
241.252989641,0.221,221,2,21761.471,605385.981,21840.433,2907562.098,1.000545889
242.253573181,0.221,221,2,21761.692,605402.365,21840.654,2907578.482,1.00058354
243.254101025,0.221,221,2,21761.913,605418.749,21840.875,2907594.866,1.000527844
244.254625377,0.221,221,2,21762.134,605435.133,21841.096,2907611.25,1.000524352
245.255294021,0.221,221,2,21762.355,605451.517,21841.317,2907630.018,1.000668644
246.255953982,0.221,221,2,21762.576,605467.901,21841.538,2907646.402,1.000659961
247.258340452,0.221,221,2,21762.797,605484.285,21841.759,2907662.786,1.00238647
248.258898732,0.221,221,2,21763.018,605500.669,21841.98,2907679.17,1.00055828
249.259417503,0.221,221,2,21763.239,605508.861,21842.201,2907687.362,1.000518771
249.462020287,0.339,339,2,21763.578,605517.821,21842.54,2907696.322,0.202602784
250.260072634,0.221,221,2,21763.799,605534.205,21842.761,2907712.706,0.798052347
251.260680195,0.221,221,2,21764.02,605550.589,21842.982,2907729.09,1.000607561
252.261511579,0.221,221,2,21764.241,605566.973,21843.203,2907745.474,1.000831384
253.262128926,0.221,221,2,21764.462,605583.357,21843.424,2907761.858,1.000617347
254.262640641,0.221,221,2,21764.683,605599.741,21843.645,2907778.242,1.000511715
255.263190355,0.221,221,2,21764.904,605616.125,21843.866,2907794.626,1.000549714
256.263895107,0.221,221,2,21765.125,605632.509,21844.087,2907811.01,1.000704752
257.264447121,0.221,221,2,21765.346,605640.701,21844.308,2907819.202,1.000552014
258.265459041,0.221,221,2,21765.567,605665.277,21844.529,2907843.778,1.00101192
259.266419276,0.221,221,2,21765.788,605673.469,21844.75,2907851.97,1.000960235
259.462316837,0.339,339,2,21766.127,605682.397,21845.089,2907860.898,0.195897561
260.267591031,0.221,221,2,21766.348,605698.781,21845.31,2907877.282,0.805274194
261.268160645,0.221,221,2,21766.569,605715.165,21845.531,2907893.666,1.000569614
262.269096837,0.221,221,2,21766.79,605731.549,21845.752,2907910.05,1.000936192
263.269675717,0.221,221,2,21767.011,605740.445,21845.973,2907918.946,1.00057888
263.632859291,0.189,189,2,21767.2,605741.757,21846.162,2907920.258,0.363183574
264.237172494,0.189,189,2,21767.389,605751.133,21846.351,2907929.634,0.604313203
264.257378422,1.575,1575,2,21768.964,605751.133,21847.926,2907929.634,0.020205928
264.261892279,0.286,286,2,21769.25,606300.829,21848.212,2908479.33,0.00451385700001
264.27044737,0.221,221,2,21769.471,606833.309,21848.433,2909011.81,0.00855509100001
264.280342456,0.189,189,2,21769.66,606842.301,21848.622,2909020.802,0.00989508600003
265.272579884,0.221,221,2,21769.881,606858.685,21848.843,2909037.186,0.992237428
266.273399728,0.221,221,2,21770.102,606866.877,21849.064,2909045.378,1.000819844
267.155156927,2.382,2382,2,21772.484,606875.069,21851.446,2909053.57,0.881757199
267.274216919,0.221,221,2,21772.705,606892.477,21851.667,2909070.978,0.119059992
267.421560456,1.575,1575,2,21774.28,606892.477,21853.242,2909070.978,0.147343537
267.42503476,0.286,286,2,21774.566,607212.989,21853.528,2909391.49,0.00347430400001
267.431429215,0.189,189,2,21774.755,607213.981,21853.717,2909392.482,0.00639445499996
267.488634423,0.286,286,2,21775.041,608427.357,21854.003,2910605.858,0.057205208
214.952159677,39.159,39159,7,39.461,198937.408,21854.192,2910607.714,0
267.512687465,527.604,262144,7,567.065,198937.408,22381.796,2910607.714,52.560527788
267.504304398,0.189,189,2,21775.23,608436.477,22508.762,2910615.906,0
268.275136782,0.221,221,2,21775.451,608452.861,22508.983,2910632.29,0.770832384
269.276086952,0.221,221,2,21775.672,608461.053,22509.204,2910640.482,1.00095017
269.466970311,2.513,2513,2,21778.185,608470.141,22511.717,2910649.57,0.190883359
270.276904158,0.221,221,2,21778.406,608494.717,22511.938,2910674.146,0.809933847
271.545566847,0.184,184,2,21778.59,608495.581,22512.122,2910675.01,1.268662689
271.549018643,1.775,1775,2,21780.365,608497.101,22513.897,2910676.53,0.00345179600004
271.555047892,1572.864,262144,2,23353.229,608497.101,24086.761,2910676.53,0.00602924899999
271.563647039,786.432,262144,2,24139.661,608497.101,24873.193,2910676.53,0.00859914699998
271.57130001,786.432,262144,2,24926.093,608497.101,25659.625,2910676.53,0.00765297100003
271.578805724,786.432,262144,2,25712.525,608497.101,26446.057,2910676.53,0.00750571399999
271.586145329,786.432,262144,2,26498.957,608497.101,27232.489,2910676.53,0.00733960499997
271.593345453,786.432,262144,2,27285.389,608497.101,28018.921,2910676.53,0.00720012400001
271.599631169,1048.576,262144,2,28333.965,608497.101,29067.497,2910676.53,0.00628571600004
271.603945696,786.432,262144,2,29120.397,608497.101,29853.929,2910676.53,0.00431452699996
271.607910164,786.432,262144,2,29906.829,608497.101,30640.361,2910676.53,0.00396446799999
271.611739594,786.432,262144,2,30693.261,608497.101,31426.793,2910676.53,0.00382943000005
271.618758387,786.432,262144,2,31479.693,608497.101,32213.225,2910676.53,0.00701879299999
271.622573397,786.432,262144,2,32266.125,608497.101,32999.657,2910676.53,0.00381500999998
271.626518806,786.432,262144,2,33052.557,608497.101,33786.089,2910676.53,0.00394540899998
271.630307568,786.432,262144,2,33838.989,608497.101,34572.521,2910676.53,0.003788762
271.637013071,786.432,262144,2,34625.421,608497.101,35358.953,2910676.53,0.00670550300003
271.640845892,323.489,262144,2,34948.91,608497.933,35682.442,2910677.362,0.003832821
271.685741325,0.184,184,2,34949.094,608506.925,35682.626,2910686.354,0.044895433
272.278648884,0.221,221,2,34949.315,608523.309,35682.847,2910702.738,0.592907559
273.279454502,0.221,221,2,34949.536,608539.693,35683.068,2910719.122,1.000805618
274.280253822,0.221,221,2,34949.757,608548.653,35683.289,2910728.082,1.00079932
274.398465053,0.189,189,2,34949.946,608558.285,35683.478,2910737.714,0.118211231
274.591518038,1.575,1575,2,34951.521,608558.285,35685.053,2910737.714,0.193052985
274.593921867,0.286,286,2,34951.807,609829.005,35685.339,2912008.434,0.002403829
274.6071353,0.19,190,2,34951.997,609838.125,35685.529,2912017.554,0.013213433
275.281235399,0.221,221,2,34952.218,609854.509,35685.75,2912033.938,0.674100099
276.28216357,0.221,221,2,34952.439,609862.701,35685.971,2912042.13,1.000928171
276.640656474,2.382,2382,2,34954.821,609863.597,35688.353,2912043.026,0.358492904
277.278153539,0.19,190,2,34955.011,609872.653,35688.543,2912052.082,0.637497065
277.2830045,0.221,221,2,34955.232,609882.477,35688.764,2912061.906,0.00485096099999
277.287259618,0.189,189,2,34955.421,609883.981,35688.953,2912063.41,0.004255118
277.292986287,0.189,189,2,34955.61,609893.597,35689.142,2912073.026,0.00572666900001
277.467650865,1.575,1575,2,34957.185,609893.597,35690.717,2912073.026,0.174664578
277.469277326,0.286,286,2,34957.471,610304.125,35691.003,2912483.554,0.001626461
277.474350545,0.19,190,2,34957.661,610305.021,35691.193,2912484.45,0.005073219
277.521538677,0.286,286,2,34957.947,611895.133,35691.479,2914074.562,0.047188132
277.530510592,0.19,190,2,34958.137,611904.157,35691.669,2914083.586,0.00897191499996
278.283915406,0.221,221,2,34958.358,611920.541,35691.89,2914099.97,0.753404814
279.284737812,0.221,221,2,34958.579,611928.733,35692.111,2914108.162,1.000822406
279.46472644,2.513,2513,2,34961.092,611937.725,35694.624,2914117.154,0.179988628
280.285553599,0.221,221,2,34961.313,611945.917,35694.845,2914125.346,0.820827159
280.880957213,0.184,184,2,34961.497,611946.685,35695.029,2914126.114,0.595403614
280.883048447,1.775,1775,2,34963.272,611948.141,35696.804,2914127.57,0.00209123400003
280.885744144,1572.864,262144,2,36536.136,611948.141,37269.668,2914127.57,0.00269569699998
280.890332508,786.432,262144,2,37322.568,611948.141,38056.1,2914127.57,0.00458836399997
280.894195095,786.432,262144,2,38109.0,611948.141,38842.532,2914127.57,0.00386258700001
280.899477674,786.432,262144,2,38895.432,611948.141,39628.964,2914127.57,0.00528257900004
280.905061609,786.432,262144,2,39681.864,611948.141,40415.396,2914127.57,0.00558393499995
280.910641727,786.432,262144,2,40468.296,611948.141,41201.828,2914127.57,0.00558011800001
280.91638288,786.432,262144,2,41254.728,611948.141,41988.26,2914127.57,0.00574115300003
280.921822487,786.432,262144,2,42041.16,611948.141,42774.692,2914127.57,0.00543960699997
280.927556259,786.432,262144,2,42827.592,611948.141,43561.124,2914127.57,0.00573377200004
280.933293883,786.432,262144,2,43614.024,611948.141,44347.556,2914127.57,0.00573762399995
280.939329771,786.432,262144,2,44400.456,611948.141,45133.988,2914127.57,0.00603588800004
280.945496381,786.432,262144,2,45186.888,611948.141,45920.42,2914127.57,0.00616660999998
280.951670029,786.432,262144,2,45973.32,611948.141,46706.852,2914127.57,0.00617364800001
280.95769921,786.432,262144,2,46759.752,611948.141,47493.284,2914127.57,0.00602918099997
280.963859514,786.432,262144,2,47546.184,611948.141,48279.716,2914127.57,0.00616030399999
280.970191568,345.209,262144,2,47891.393,611948.877,48624.925,2914128.306,0.00633205400004
281.012144016,0.184,184,2,47891.577,611957.773,48625.109,2914137.202,0.041952448
281.28642043,0.221,221,2,47891.798,611974.157,48625.33,2914153.586,0.274276414
282.28739979,0.221,221,2,47892.019,611983.021,48625.551,2914162.45,1.00097936
282.494073567,0.19,190,2,47892.209,611992.509,48625.741,2914171.938,0.206673777
282.673005089,1.575,1575,2,47893.784,611992.509,48627.316,2914171.938,0.178931522
282.674924212,0.286,286,2,47894.07,612992.797,48627.602,2915172.226,0.00191912299999
186.111446647,0.152,152,5,0.302,144196.72,48627.792,2915173.938,0
282.944199106,466.572,262144,5,466.874,144196.72,49094.364,2915173.938,96.832752459
282.707876039,0.19,190,2,47894.26,613001.821,49158.234,2915182.13,0
283.288411399,0.221,221,2,47894.481,613018.205,49158.455,2915198.514,0.58053536
284.289399231,0.221,221,2,47894.702,613026.397,49158.676,2915206.706,1.000987832
284.697306657,2.339,2339,2,47897.041,613034.589,49161.015,2915214.898,0.407907426
285.290371482,0.221,221,2,47897.262,613051.901,49161.236,2915232.21,0.593064825
285.924930607,1.575,1575,2,47898.837,613051.901,49162.811,2915232.21,0.634559125
285.927147623,0.286,286,2,47899.123,613479.933,49163.097,2915660.242,0.00221701599997
285.933347027,0.19,190,2,47899.313,613480.957,49163.287,2915661.266,0.00619940400003
285.980787293,0.286,286,2,47899.599,614391.261,49163.573,2916571.57,0.047440266
286.00184774,0.19,190,2,47899.789,614400.413,49163.763,2916580.722,0.021060447
286.291222925,0.221,221,2,47900.01,614416.797,49163.984,2916597.106,0.289375185
287.292082288,0.221,221,2,47900.231,614433.181,49164.205,2916613.49,1.000859363
288.292922746,0.221,221,2,47900.452,614441.373,49164.426,2916621.682,1.000840458
288.784966062,0.185,185,2,47900.637,614450.493,49164.611,2916630.802,0.492043316
289.293734789,0.221,221,2,47900.858,614458.685,49164.832,2916638.994,0.508768727
289.975125964,4.288,1775,2,47905.146,614460.957,49169.12,2916641.266,0.681391175
289.978089703,1572.864,262144,2,49478.01,614460.957,50741.984,2916641.266,0.00296373900005
289.982439664,786.432,262144,2,50264.442,614460.957,51528.416,2916641.266,0.004349961
289.986399822,786.432,262144,2,51050.874,614460.957,52314.848,2916641.266,0.00396015799998
289.990222112,786.432,262144,2,51837.306,614460.957,53101.28,2916641.266,0.00382229000002
289.99403812,786.432,262144,2,52623.738,614460.957,53887.712,2916641.266,0.003816008
289.998037717,786.432,262144,2,53410.17,614460.957,54674.144,2916641.266,0.00399959699996
290.001845867,786.432,262144,2,54196.602,614460.957,55460.576,2916641.266,0.00380815
290.005666585,786.432,262144,2,54983.034,614460.957,56247.008,2916641.266,0.00382071799999
290.009637851,786.432,262144,2,55769.466,614460.957,57033.44,2916641.266,0.00397126600001
290.013471955,786.432,262144,2,56555.898,614460.957,57819.872,2916641.266,0.00383410400002
290.0172973,786.432,262144,2,57342.33,614460.957,58606.304,2916641.266,0.003825345
290.021266175,786.432,262144,2,58128.762,614460.957,59392.736,2916641.266,0.003968875
290.025076887,786.432,262144,2,58915.194,614460.957,60179.168,2916641.266,0.00381071200002
290.028907056,786.432,262144,2,59701.626,614460.957,60965.6,2916641.266,0.00383016899997
290.032895125,786.432,262144,2,60488.058,614460.957,61752.032,2916641.266,0.003988069
290.036709388,374.169,262144,2,60862.227,614461.821,62126.201,2916642.13,0.00381426300004
290.078033463,0.185,185,2,60862.412,614470.845,62126.386,2916651.154,0.041324075
290.294562081,0.221,221,2,60862.633,614487.229,62126.607,2916667.538,0.216528618
291.295598751,0.221,221,2,60862.854,614495.821,62126.828,2916676.13,1.00103667
292.052822551,0.19,190,2,60863.044,614497.357,62127.018,2916677.666,0.7572238
292.096235156,0.19,190,2,60863.234,614498.765,62127.208,2916679.074,0.043412605
292.101694776,0.19,190,2,60863.424,614500.045,62127.398,2916680.354,0.00545962000001
292.105302794,0.19,190,2,60863.614,614509.309,62127.588,2916689.618,0.00360801800002
292.233740152,1.575,1575,2,60865.189,614509.309,62129.163,2916689.618,0.128437358
292.236409174,0.286,286,2,60865.475,615702.045,62129.449,2917882.354,0.00266902200002
292.258361597,0.19,190,2,60865.665,615711.005,62129.639,2917891.314,0.021952423
292.296536918,0.221,221,2,60865.886,615727.389,62129.86,2917907.698,0.038175321
293.297179637,0.221,221,2,60866.107,615743.773,62130.081,2917924.082,1.000642719
294.297694718,0.221,221,2,60866.328,615751.965,62130.302,2917932.274,1.000515081
294.968515897,2.339,2339,2,60868.667,615760.813,62132.641,2917941.122,0.670821179
295.184165584,1.575,1575,2,60870.242,615760.813,62134.216,2917941.122,0.215649687
295.185902597,0.286,286,2,60870.528,616122.253,62134.502,2918302.562,0.00173701299997
282.945669182,63.87,63870,5,530.744,144197.984,62134.692,2918304.786,0
295.190886052,0.19,190,2,60870.718,616123.213,62216.672,2918304.786,12.24521687
295.234805783,0.286,286,2,60871.004,617533.165,62216.958,2919714.738,0.043919731
295.258980829,0.19,190,2,60871.194,617542.253,62217.148,2919723.826,0.024175046
295.298481373,0.221,221,2,60871.415,617558.637,62217.369,2919740.21,0.039500544
296.299315532,0.221,221,2,60871.636,617575.021,62217.59,2919756.594,1.000834159
297.300120837,0.221,221,2,60871.857,617583.213,62217.811,2919764.786,1.000805305
298.055314264,0.185,185,2,60872.042,617584.077,62217.996,2919765.65,0.755193427
298.057756143,1.775,1775,2,60873.817,617585.389,62219.771,2919766.962,0.002441879
298.059987329,1572.864,262144,2,62446.681,617585.389,63792.635,2919766.962,0.00223118600002
298.064598544,786.432,262144,2,63233.113,617585.389,64579.067,2919766.962,0.00461121499995
298.068548956,786.432,262144,2,64019.545,617585.389,65365.499,2919766.962,0.00395041199999
298.072366652,786.432,262144,2,64805.977,617585.389,66151.931,2919766.962,0.00381769600006
298.076179284,786.432,262144,2,65592.409,617585.389,66938.363,2919766.962,0.00381263199995
298.08018269,786.432,262144,2,66378.841,617585.389,67724.795,2919766.962,0.00400340600004
298.083985052,786.432,262144,2,67165.273,617585.389,68511.227,2919766.962,0.00380236199999
298.087814965,786.432,262144,2,67951.705,617585.389,69297.659,2919766.962,0.003829913
298.091765535,786.432,262144,2,68738.137,617585.389,70084.091,2919766.962,0.00395056999997
298.095598328,786.432,262144,2,69524.569,617585.389,70870.523,2919766.962,0.00383279300002
298.099419099,786.432,262144,2,70311.001,617585.389,71656.955,2919766.962,0.00382077099999
298.103098906,786.432,262144,2,71097.433,617585.389,72443.387,2919766.962,0.00367980700003
298.106768515,786.432,262144,2,71883.865,617585.389,73229.819,2919766.962,0.00366960899999
298.110757038,786.432,262144,2,72670.297,617585.389,74016.251,2919766.962,0.00398852299998
298.114874062,674.017,262144,2,73344.314,617585.389,74690.268,2919766.962,0.00411702400004
298.11881834,149.729,149729,2,73494.043,617586.221,74839.997,2919767.794,0.00394427800001
298.150160631,0.185,185,2,73494.228,617595.213,74840.182,2919776.786,0.031342291
298.301071274,0.221,221,2,73494.449,617611.597,74840.403,2919793.17,0.150910643
299.302508232,0.221,221,2,73494.67,617619.789,74840.624,2919801.362,1.001436958
299.464564173,0.339,339,2,73495.009,617620.925,74840.963,2919802.498,0.162055941
299.806564267,0.19,190,2,73495.199,617630.573,74841.153,2919812.146,0.342000094
299.929085442,1.575,1575,2,73496.774,617630.573,74842.728,2919812.146,0.122521175
299.932335556,0.286,286,2,73497.06,618827.533,74843.014,2921009.106,0.00325011400002
295.193633345,81.98,81980,5,612.724,144198.784,74843.204,2921010.802,0
299.944092102,0.19,190,2,73497.25,618836.621,75545.712,2921018.994,4.750458757
190.366059915,0.152,152,6,0.302,184524.032,75545.933,2921028.562,0
300.303360837,0.221,221,2,73497.471,618853.005,76206.35,2921036.754,109.937300922
301.304188911,0.221,221,2,73497.692,618861.197,76206.571,2921044.946,1.000828074
302.180828884,2.339,2339,2,73500.031,618869.389,76208.91,2921053.138,0.876639973
302.30483131,0.221,221,2,73500.252,618879.277,76209.131,2921063.026,0.124002426
303.08374012,0.19,190,2,73500.442,618880.845,76209.321,2921064.594,0.77890881
303.088004824,0.19,190,2,73500.632,618882.285,76209.511,2921066.034,0.00426470399998
303.095050128,0.19,190,2,73500.822,618891.853,76209.701,2921075.602,0.00704530400003
303.102145496,1.575,1575,2,73502.397,618891.853,76211.276,2921075.602,0.00709536799997
303.104366257,0.286,286,2,73502.683,619187.661,76211.562,2921371.41,0.00222076099999
303.116991835,0.19,190,2,73502.873,619188.525,76211.752,2921372.274,0.012625578
303.162416051,0.286,286,2,73503.159,620778.605,76212.038,2922962.354,0.045424216
303.177947053,0.19,190,2,73503.349,620803.981,76212.228,2922987.73,0.015531002
304.306356592,0.221,221,2,73503.57,620820.365,76212.449,2923004.114,1.128409539
305.306985392,0.221,221,2,73503.791,620836.749,76212.67,2923020.498,1.0006288
306.307487266,0.221,221,2,73504.012,620853.133,76212.891,2923036.882,1.000501874
307.308090384,0.221,221,2,73504.233,620861.325,76213.112,2923045.074,1.000603118
307.598118707,0.185,185,2,73504.418,620862.093,76213.297,2923045.842,0.290028323
307.601074628,1.775,1775,2,73506.193,620863.325,76215.072,2923047.074,0.00295592099997
307.603303684,2097.152,262144,2,75603.345,620863.325,78312.224,2923047.074,0.00222905600003
307.608645698,1048.576,262144,2,76651.921,620863.325,79360.8,2923047.074,0.00534201399995
307.61363852,1048.576,262144,2,77700.497,620863.325,80409.376,2923047.074,0.00499282200002
307.618628672,1048.576,262144,2,78749.073,620863.325,81457.952,2923047.074,0.004990152
307.62363495,1048.576,262144,2,79797.649,620863.325,82506.528,2923047.074,0.005006278
307.628483441,1048.576,262144,2,80846.225,620863.325,83555.104,2923047.074,0.00484849100002
307.633045782,1310.72,262144,2,82156.945,620863.325,84865.824,2923047.074,0.004562341
307.638042446,1048.576,262144,2,83205.521,620863.325,85914.4,2923047.074,0.00499666399998
307.64305289,1048.576,262144,2,84254.097,620863.325,86962.976,2923047.074,0.00501044399999
307.64863994,1048.576,262144,2,85302.673,620863.325,88011.552,2923047.074,0.00558705000003
307.65364802,957.881,262144,2,86260.554,620863.325,88969.433,2923047.074,0.00500807999998
307.659491711,171.449,171449,2,86432.003,620864.061,89140.882,2923047.81,0.005843691
307.693417702,0.185,185,2,86432.188,620865.437,89141.067,2923049.186,0.033925991
307.698773011,0.19,190,2,86432.378,620883.117,89141.257,2923066.866,0.00535530900004
308.308873755,0.221,221,2,86432.599,620891.309,89141.478,2923075.058,0.610100744
308.951363786,1.575,1575,2,86434.174,620891.309,89143.053,2923075.058,0.642490031
308.954288857,0.286,286,2,86434.46,620892.173,89143.339,2924714.322,0.00292507099999
308.964280856,0.19,190,2,86434.65,620901.197,89143.529,2924723.346,0.00999199900002
309.309691387,0.221,221,2,86434.871,620909.389,89143.75,2924731.538,0.345410531
309.464261892,2.513,2513,2,86437.384,620918.381,89146.263,2924740.53,0.154570505
310.31052132,0.221,221,2,86437.605,620934.765,89146.484,2924756.914,0.846259428
311.31146268,0.221,221,2,86437.826,620942.957,89146.705,2924765.106,1.00094136
311.436902288,2.339,2339,2,86440.165,620952.173,89149.044,2924774.322,0.125439608
311.685140928,1.575,1575,2,86441.74,620952.173,89150.619,2924774.322,0.24823864
311.68786284,0.286,286,2,86442.026,621338.221,89150.905,2925160.37,0.00272191199997
311.693177911,0.19,190,2,86442.216,621338.717,89151.095,2925160.866,0.00531507100004
311.742796181,0.286,286,2,86442.502,622371.885,89151.381,2926194.034,0.04961827
311.753889729,0.19,190,2,86442.692,622381.021,89151.571,2926203.17,0.011093548
312.312375383,0.221,221,2,86442.913,622397.405,89151.792,2926219.554,0.558485654
313.31328758,0.221,221,2,86443.134,622413.789,89152.013,2926235.938,1.000912197
314.314211086,0.221,221,2,86443.355,622430.173,89152.234,2926252.322,1.000923506
315.315105269,0.221,221,2,86443.576,622438.365,89152.455,2926260.514,1.000894183
315.565071114,0.185,185,2,86443.761,622439.277,89152.64,2926261.426,0.249965845
315.567227902,1.775,1775,2,86445.536,622440.061,89154.415,2926262.21,0.00215678800004
315.56949029,2359.296,262144,2,88804.832,622440.061,91513.711,2926262.21,0.00226238799996
315.575844443,1048.576,262144,2,89853.408,622440.061,92562.287,2926262.21,0.00635415300002
315.581712961,1048.576,262144,2,90901.984,622440.061,93610.863,2926262.21,0.005868518
315.587760575,1048.576,262144,2,91950.56,622440.061,94659.439,2926262.21,0.00604761400001
315.59378284,1048.576,262144,2,92999.136,622440.061,95708.015,2926262.21,0.00602226500001
315.599974822,1048.576,262144,2,94047.712,622440.061,96756.591,2926262.21,0.00619198199996
315.605995153,1048.576,262144,2,95096.288,622440.061,97805.167,2926262.21,0.006020331
315.611876123,1048.576,262144,2,96144.864,622440.061,98853.743,2926262.21,0.00588097000002
315.617909134,1310.72,262144,2,97455.584,622440.061,100164.463,2926262.21,0.006033011
315.623938432,281.497,262144,2,97737.081,622440.941,100445.96,2926263.09,0.00602929799999
315.659523833,0.185,185,2,97737.266,622449.981,100446.145,2926272.13,0.035585401
316.315994485,0.221,221,2,97737.487,622466.365,100446.366,2926288.514,0.656470652
317.316870225,0.221,221,2,97737.708,622474.973,100446.587,2926297.122,1.00087574
317.893045648,0.19,190,2,97737.898,622484.541,100446.777,2926306.69,0.576175423
318.040458152,1.575,1575,2,97739.473,622484.541,100448.352,2926306.69,0.147412504
318.042525228,0.286,286,2,97739.759,623517.757,100448.638,2927339.906,0.002067076
318.059078434,0.19,190,2,97739.949,623526.941,100448.828,2927349.09,0.016553206
318.317677071,0.221,221,2,97740.17,623543.325,100449.049,2927365.474,0.258598637
319.318876179,0.221,221,2,97740.391,623551.517,100449.27,2927373.666,1.001199108
319.464081399,2.513,2513,2,97742.904,623560.669,100451.783,2927382.818,0.14520522
320.320805255,0.221,221,2,97743.125,623568.861,100452.004,2927391.01,0.856723856
320.629384238,2.339,2339,2,97745.464,623578.797,100454.343,2927400.946,0.308578983
321.316373727,1.575,1575,2,97747.039,623578.797,100455.918,2927400.946,0.686989489
321.318316431,0.286,286,2,97747.325,623750.829,100456.204,2927572.978,0.00194270400004
321.321660487,0.221,221,2,97747.546,623955.629,100456.425,2927777.778,0.00334405599995
321.323948674,0.19,190,2,97747.736,623980.205,100456.615,2927802.354,0.00228818700003
321.372951489,0.286,286,2,97748.022,625151.661,100456.901,2928973.81,0.049002815
321.386092373,0.19,190,2,97748.212,625168.045,100457.091,2928990.194,0.013140884
322.32271105,0.221,221,2,97748.433,625184.429,100457.312,2929006.578,0.936618677
323.323343006,0.221,221,2,97748.654,625200.813,100457.533,2929022.962,1.000631956
324.324086564,0.221,221,2,97748.875,625209.005,100457.754,2929031.154,1.000743558
325.102828767,0.185,185,2,97749.06,625213.101,100457.939,2929035.25,0.778742203
325.108744102,1.775,1775,2,97750.835,625213.853,100459.714,2929036.002,0.005915335
325.111298588,2621.44,262144,2,100372.275,625213.853,103081.154,2929036.002,0.00255448600001
325.118280738,1048.576,262144,2,101420.851,625213.853,104129.73,2929036.002,0.00698215
325.124904003,1048.576,262144,2,102469.427,625213.853,105178.306,2929036.002,0.00662326499997
325.131528656,1048.576,262144,2,103518.003,625213.853,106226.882,2929036.002,0.00662465300002
325.138142852,1048.576,262144,2,104566.579,625213.853,107275.458,2929036.002,0.00661419599999
325.144765214,1048.576,262144,2,105615.155,625213.853,108324.034,2929036.002,0.00662236200003
325.151361117,1048.576,262144,2,106663.731,625213.853,109372.61,2929036.002,0.006595903
325.157989415,1048.576,262144,2,107712.307,625213.853,110421.186,2929036.002,0.00662829799995
325.164474918,411.817,262144,2,108124.124,625215.901,110833.003,2929038.05,0.00648550300002
325.222853712,0.19,190,2,108124.314,625217.917,110833.193,2929040.066,0.058378794
325.226800076,0.19,190,2,108124.504,625220.701,110833.383,2929042.85,0.003946364
325.232873558,0.19,190,2,108124.694,625222.397,110833.573,2929044.546,0.00607348199998
325.236765729,0.19,190,2,108124.884,625223.965,110833.763,2929046.114,0.00389217100002
325.241207499,0.185,185,2,108125.069,625232.893,110833.948,2929055.042,0.00444176999997
325.325002928,0.221,221,2,108125.29,625241.789,110834.169,2929063.938,0.083795429
325.789860049,0.19,190,2,108125.48,625259.549,110834.359,2929081.698,0.464857121
326.325886578,0.221,221,2,108125.701,625267.741,110834.58,2929089.89,0.536026529
326.547771929,1.575,1575,2,108127.276,625267.741,110836.155,2929089.89,0.221885351
326.549868399,0.286,286,2,108127.562,625268.637,110836.441,2930647.266,0.00209646999997
326.560183104,0.19,190,2,108127.752,625277.693,110836.631,2930656.322,0.010314705
327.326720521,0.221,221,2,108127.973,625294.077,110836.852,2930672.706,0.766537417
328.327446046,0.221,221,2,108128.194,625302.269,110837.073,2930680.898,1.000725525
328.893812898,2.382,2382,2,108130.576,625311.261,110839.455,2930689.89,0.566366852
329.139432883,1.575,1575,2,108132.151,625311.261,110841.03,2930689.89,0.245619985
329.14251987,0.286,286,2,108132.437,625626.653,110841.316,2931005.282,0.00308698700002
329.148913754,0.19,190,2,108132.627,625628.701,110841.506,2931007.33,0.00639388399998
329.201174413,0.286,286,2,108132.913,627112.477,110841.792,2932491.106,0.052260659
329.328225266,0.221,221,2,108133.134,627120.669,110842.013,2932499.298,0.127050853
329.46269703,2.513,2513,2,108135.647,627129.853,110844.526,2932508.482,0.134471764
330.329066142,0.221,221,2,108135.868,627138.045,110844.747,2932516.674,0.866369112
331.069029741,0.19,190,2,108136.058,627147.197,110844.937,2932525.826,0.739963599
331.329947848,0.221,221,2,108136.279,627163.581,110845.158,2932542.21,0.260918107
332.330835056,0.221,221,2,108136.5,627179.965,110845.379,2932558.594,1.000887208
333.332287358,0.221,221,2,108136.721,627196.349,110845.6,2932574.978,1.001452302
334.333027463,0.221,221,2,108136.942,627204.541,110845.821,2932583.17,1.000740105
334.647447517,0.185,185,2,108137.127,627205.469,110846.006,2932584.098,0.314420054
334.656025959,1.775,1775,2,108138.902,627206.541,110847.781,2932585.17,0.00857844199999
334.658597707,2621.44,262144,2,110760.342,627206.541,113469.221,2932585.17,0.00257174800004
334.665041466,1048.576,262144,2,111808.918,627206.541,114517.797,2932585.17,0.00644375899998
334.671217329,1048.576,262144,2,112857.494,627206.541,115566.373,2932585.17,0.00617586300001
334.67754083,1048.576,262144,2,113906.07,627206.541,116614.949,2932585.17,0.006323501
334.684315195,1048.576,262144,2,114954.646,627206.541,117663.525,2932585.17,0.00677436500001
334.690918177,1048.576,262144,2,116003.222,627206.541,118712.101,2932585.17,0.006602982
334.697534516,1048.576,262144,2,117051.798,627206.541,119760.677,2932585.17,0.006616339
334.704161512,1048.576,262144,2,118100.374,627206.541,120809.253,2932585.17,0.00662699599997
334.710764526,530.553,262144,2,118630.927,627207.437,121339.806,2932586.066,0.00660301400001
334.753035737,0.185,185,2,118631.112,627209.133,121339.991,2932587.762,0.042271211
334.757216211,0.19,190,2,118631.302,627218.317,121340.181,2932596.946,0.00418047400001
335.90517357,1.575,1575,2,118632.877,627218.317,121341.756,2932596.946,1.147957359
335.908920024,0.286,286,2,118633.163,627219.341,121342.042,2934301.906,0.00374645400001
335.919043824,0.19,190,2,118633.353,627220.333,121342.232,2934302.898,0.0101238
338.321469954,2.382,2382,2,118635.735,627230.541,121344.614,2934313.106,2.40242613
338.603737152,1.575,1575,2,118637.31,627230.541,121346.189,2934313.106,0.282267198
338.605441579,0.286,286,2,118637.596,627595.085,121346.475,2934677.65,0.00170442699999
338.616238018,0.19,190,2,118637.786,627597.133,121346.665,2934679.698,0.010796439
338.662317191,0.286,286,2,118638.072,629236.045,121346.951,2936318.61,0.046079173
338.670944656,0.19,190,2,118638.262,629237.053,121347.141,2936319.618,0.00862746500002
339.462549225,2.513,2513,2,118640.775,629238.029,121349.654,2936320.594,0.791604569
342.127732451,0.185,185,2,118640.96,629238.973,121349.839,2936321.538,2.665183226
342.129943174,1.775,1775,2,118642.735,629239.965,121351.614,2936322.53,0.00221072300002
342.13213977,2621.44,262144,2,121264.175,629239.965,123973.054,2936322.53,0.00219659599998
342.13970292,1048.576,262144,2,122312.751,629239.965,125021.63,2936322.53,0.00756315000001
342.146439283,1048.576,262144,2,123361.327,629239.965,126070.206,2936322.53,0.00673636300002
342.153073448,1048.576,262144,2,124409.903,629239.965,127118.782,2936322.53,0.00663416499998
342.159685672,1048.576,262144,2,125458.479,629239.965,128167.358,2936322.53,0.00661222400004
342.166292978,1048.576,262144,2,126507.055,629239.965,129215.934,2936322.53,0.00660730599998
342.172920269,1048.576,262144,2,127555.631,629239.965,130264.51,2936322.53,0.00662729099997
342.179538745,1048.576,262144,2,128604.207,629239.965,131313.086,2936322.53,0.00661847600003
342.186305052,280.049,262144,2,128884.256,629240.877,131593.135,2936323.442,0.00676630700002
342.228249423,0.185,185,2,128884.441,629242.605,131593.32,2936325.17,0.041944371
343.115453632,0.19,190,2,128884.631,629244.205,131593.51,2936326.77,0.887204209
343.203161244,0.19,190,2,128884.821,629246.365,131593.7,2936328.93,0.087707612
343.209499712,0.19,190,2,128885.011,629247.645,131593.89,2936330.21,0.00633846800002
343.213583779,0.19,190,2,128885.201,629248.797,131594.08,2936331.362,0.00408406699995
343.218090103,0.19,190,2,128885.391,629257.981,131594.27,2936340.546,0.00450632400003
343.384070405,1.575,1575,2,128886.966,629257.981,131595.845,2936340.546,0.165980302
343.38700869,0.286,286,2,128887.252,630946.269,131596.131,2938028.834,0.00293828500003
343.395348632,0.19,190,2,128887.442,630946.989,131596.321,2938029.554,0.00833994199996
