time,size,first_call,destination,dest_out_traffic,dest_in_traffic,total_network_out,total_network_in,dens10
4.959681885,0.244,244,2,0.244,24.576,0.244,26.624,0
5.007592237,0.183,183,2,0.427,40.96,0.427,43.008,0.047910352
6.018577433,0.183,183,2,0.61,57.344,0.61,59.392,1.010985196
7.019897433,0.183,183,2,0.793,73.728,0.793,75.776,1.00132
8.02077883,0.183,183,2,0.976,90.112,0.976,92.16,1.000881397
9.021497846,0.183,183,2,1.159,106.496,1.159,108.544,1.000719016
10.022238513,0.183,183,2,1.342,122.88,1.342,124.928,1.000740667
11.022994335,0.183,183,2,1.525,139.264,1.525,141.312,1.000755822
12.023692818,0.183,183,2,1.708,155.648,1.708,157.696,1.000698483
13.024596704,0.183,183,2,1.891,172.032,1.891,174.08,1.000903886
14.025347707,0.183,183,2,2.074,188.416,2.074,190.464,1.000751003
15.026743834,0.183,183,2,2.257,204.8,2.257,206.848,1.001396127
16.030173391,0.183,183,2,2.44,221.184,2.44,223.232,1.003429557
17.030901486,0.183,183,2,2.623,237.568,2.623,239.616,1.000728095
18.031599969,0.183,183,2,2.806,253.952,2.806,256.0,1.000698483
19.032305436,0.183,183,2,2.989,270.336,2.989,272.384,1.000705467
20.034159163,0.183,183,2,3.172,286.72,3.172,288.768,1.001853727
21.034922598,0.183,183,2,3.355,303.104,3.355,305.152,1.000763435
22.035545582,0.183,183,2,3.538,319.488,3.538,321.536,1.000622984
23.036292744,0.183,183,2,3.721,335.872,3.721,337.92,1.000747162
24.037076713,0.183,183,2,3.904,352.256,3.904,354.304,1.000783969
25.037849786,0.183,183,2,4.087,368.64,4.087,370.688,1.000773073
26.039283209,0.183,183,2,4.27,385.024,4.27,387.072,1.001433423
27.040043571,0.183,183,2,4.453,401.408,4.453,403.456,1.000760362
28.040824047,0.183,183,2,4.636,417.792,4.636,419.84,1.000780476
29.041647266,0.183,183,2,4.819,425.984,4.819,428.032,1.000823219
29.79346864,0.268,268,3,0.268,8.452,5.253,439.216,0.751821374
29.243424182,0.166,166,2,4.985,436.908,5.506,455.6,0
30.111184671,0.219,219,2,5.204,469.676,5.725,488.368,0.867760489
30.342216913,0.283,283,2,5.487,486.06,6.008,504.752,0.231032242
30.38661376,0.207,207,2,5.694,502.444,6.215,521.136,0.044396847
30.429175317,0.102,102,2,5.796,510.636,6.317,529.328,0.042561557
29.837922966,0.253,253,3,0.521,24.836,6.441,33018.704,0
30.851218861,0.291,291,3,0.812,25.123,6.732,33187.9,1.013295895
30.456618751,0.124,124,2,5.92,56167.479,6.966,56202.842,0
30.854742074,0.234,234,3,1.046,41.507,7.185,125159.207,0.398123323
31.856983281,0.405,405,3,1.451,41.908,7.59,125672.019,1.002241207
31.113413166,0.219,219,2,6.139,151062.794,7.82,151114.942,0
31.859907256,0.23,230,3,1.681,58.292,8.039,222347.911,0.74649409
32.120965104,0.219,219,2,6.358,246417.829,8.554,246486.872,0.261057848
32.861833618,0.515,515,3,2.196,75.187,8.773,323439.542,0.740868514
33.127237829,0.219,219,2,6.577,351185.324,9.288,351271.262,0.265404211
33.864715479,0.515,515,3,2.711,92.082,9.507,427171.691,0.73747765
34.134792072,0.219,219,2,6.796,429818.23,10.022,429921.063,0.270076593
34.898971791,0.124,124,2,6.92,451145.042,10.146,451247.875,0.764179719
34.867246039,0.515,515,3,3.226,108.977,10.365,519629.122,0
35.142934937,0.219,219,2,7.139,551294.72,10.88,551414.448,0.275688898
35.869820388,0.515,515,3,3.741,125.872,11.099,611571.648,0.726885451
36.148804748,0.219,219,2,7.358,611451.92,11.614,611588.543,0.27898436
37.155462368,0.219,219,2,7.577,611468.304,11.833,611604.927,1.00665762
37.162786694,0.174,174,2,7.751,611484.688,12.007,611621.311,0.007324326
37.164025468,0.188,188,2,7.939,611492.88,12.195,611629.503,0.001238774
36.873534268,0.515,515,3,4.256,142.767,12.317,612141.267,0
37.16609717,0.122,122,2,8.061,612004.644,12.968,612158.298,0.292562902
37.172602886,0.651,651,3,4.907,159.798,13.138,612182.874,0.006505716
37.208959674,0.17,170,2,8.231,612021.028,13.635,612183.367,0.036356788
37.210121414,0.184,184,2,8.415,612029.22,13.819,612199.751,0.00116174
37.209711306,0.497,497,3,5.404,176.675,13.941,612274.87,0
37.211473122,0.122,122,2,8.537,612104.339,14.32,612291.629,0.001761816
37.226134204,0.379,379,3,5.783,193.434,14.539,612308.013,0.014661082
38.157030096,0.219,219,2,8.756,612112.531,14.851,612332.893,0.930895892
39.158180451,0.219,219,2,8.975,612120.723,15.07,612341.085,1.001150355
39.526188632,0.176,176,2,9.151,612121.747,15.246,612342.109,0.368008181
39.556830936,0.154,154,2,9.305,612125.331,15.4,612345.693,0.030642304
39.698045262,0.17,170,2,9.475,612126.355,15.57,612346.717,0.141214326
39.734977473,0.172,172,2,9.647,612127.891,15.742,612348.253,0.036932211
40.069441374,0.177,177,2,9.824,612128.899,15.919,612349.261,0.334463901
40.096919658,0.176,176,2,10.0,612129.395,16.095,612349.757,0.027478284
40.115974246,1.53,1530,2,11.53,612138.547,17.625,612358.909,0.019054588
40.159344496,0.219,219,2,11.749,612146.739,17.844,612367.101,0.04337025
40.173694994,1.256,1256,2,13.005,612147.203,19.1,612367.565,0.014350498
40.1849004,0.171,171,2,13.176,612155.859,19.271,612376.221,0.011205406
41.160534312,0.219,219,2,13.395,612172.755,19.49,612393.117,0.975633912
41.53768765,1.575,1575,2,14.97,612172.755,21.065,612393.117,0.377153338
41.655922797,0.286,286,2,15.256,612186.067,21.351,612406.429,0.118235147
41.719915991,0.189,189,2,15.445,612198.355,21.54,612418.717,0.063993194
42.133267158,0.286,286,2,15.731,612212.691,21.826,612433.053,0.413351167
42.161786706,0.219,219,2,15.95,612220.883,22.045,612476.061,0.028519548
42.201404733,0.189,189,2,16.139,612231.123,22.234,612504.733,0.039618027
43.175106487,0.235,235,8,0.235,40.96,22.688,612537.501,0.973701754
43.257911849,0.102,102,8,0.337,49.152,22.79,612545.693,0.082805362
43.162879792,0.219,219,2,16.358,612247.507,22.941,619689.769,0
44.163907926,0.219,219,2,16.577,612263.891,23.16,633052.899,1.001028134
45.165752574,0.219,219,2,16.796,612280.275,23.379,646614.248,1.001844648
46.166998123,0.219,219,2,17.015,612296.659,23.598,660902.4,1.001245549
47.168063831,0.219,219,2,17.234,612313.043,23.817,675124.479,1.001065708
48.16917319,0.22,220,2,17.454,612329.427,24.037,690469.799,1.001109359
49.170365381,0.22,220,2,17.674,612345.811,24.257,704625.805,1.001192191
50.171441845,0.22,220,2,17.894,612362.195,24.477,719574.687,1.001076464
51.172654709,0.22,220,2,18.114,612370.387,24.697,732599.26,1.001212864
52.064838484,2.513,2513,2,20.627,612379.603,27.21,734260.301,0.892183775
52.173904029,0.22,220,2,20.847,612395.987,27.43,747821.65,0.109065545
43.288400572,0.151,151,8,0.488,135366.656,27.65,748028.061,0
53.174916938,0.22,220,2,21.067,612404.179,27.801,748095.972,9.886516366
53.28584969,2.578,2578,2,23.645,612421.587,30.379,748113.38,0.110932752
53.197369164,0.151,151,8,0.639,135459.143,31.954,748137.956,0
53.363663426,0.235,235,8,0.874,135467.335,32.189,748146.148,0.166294262
53.294358174,1.575,1575,2,25.22,612429.779,32.34,758413.3,0
54.1759897,0.22,220,2,25.44,612446.163,32.56,773560.401,0.881631526
55.177141243,0.22,220,2,25.66,612462.547,32.78,788178.918,1.001151543
56.178187605,0.22,220,2,25.88,612478.931,33.0,802533.143,1.001046362
57.179727955,0.22,220,2,26.1,612495.315,33.22,817680.244,1.00154035
58.180903453,0.22,220,2,26.32,612511.699,33.44,832695.199,1.001175498
59.182122253,0.22,220,2,26.54,612528.083,33.66,846983.351,1.0012188
60.183315981,0.22,220,2,26.76,612544.467,33.88,862328.671,1.001193728
61.184488825,0.22,220,2,26.98,612552.659,34.1,875022.879,1.001172844
62.043782664,2.513,2513,2,29.493,612569.043,36.613,877153.599,0.859293839
53.368855915,0.151,151,8,1.025,271008.895,36.833,883843.356,0
62.653788029,0.149,149,8,1.174,271017.087,36.982,883851.548,9.284932114
62.185580864,0.22,220,2,29.713,612577.235,37.133,883979.746,0
62.708875411,2.578,2578,2,32.291,612593.619,39.711,883996.13,0.523294547
62.657240842,0.151,151,8,1.325,271153.477,41.286,884004.322,0
62.724506449,0.145,145,8,1.47,271169.861,41.431,884020.706,0.067265607
62.727066062,0.149,149,8,1.619,271178.053,41.58,884028.898,0.002559613
62.715376028,1.575,1575,2,33.866,612601.811,41.731,890105.937,0
63.186699023,0.22,220,2,34.086,612618.195,41.951,905253.038,0.471322995
64.187815086,0.22,220,2,34.306,612634.579,42.171,920532.285,1.001116063
65.189014192,0.22,220,2,34.526,612650.963,42.391,935415.094,1.001199106
66.190135284,0.22,220,2,34.746,612667.347,42.611,950760.414,1.001121092
67.191496071,0.22,220,2,34.966,612683.731,42.831,965775.369,1.001360787
68.192808808,0.22,220,2,35.186,612700.115,43.051,981186.762,1.001312737
69.193761234,0.22,220,2,35.406,612716.499,43.271,996730.301,1.000952426
70.194714288,0.22,220,2,35.626,612724.691,43.491,1012538.132,1.000953054
62.729840019,0.151,151,8,1.77,406816.053,43.711,1019814.354,0
71.202174734,0.22,220,2,35.846,612732.883,43.862,1019939.656,8.472334715
71.742806542,2.535,2535,2,38.381,612863.955,46.397,1020070.728,0.540631808
71.696271365,0.151,151,8,1.921,406949.547,47.972,1020078.92,0
71.758320386,0.145,145,8,2.066,406965.931,48.117,1020095.304,0.062049021
71.760530793,0.149,149,8,2.215,406974.123,48.266,1020103.496,0.00221040700001
71.749101477,1.575,1575,2,39.956,612863.955,48.417,1024202.809,0
72.038777629,2.513,2513,2,42.469,612937.683,50.93,1026853.384,0.289676152
72.204136576,0.22,220,2,42.689,612954.067,51.15,1041934.412,0.165358947
73.205413693,0.22,220,2,42.909,612970.451,51.37,1056817.221,1.001277117
74.206324913,0.22,220,2,43.129,612986.835,51.59,1071700.03,1.00091122
75.207234735,0.22,220,2,43.349,613003.219,51.81,1087045.35,1.000909822
76.20815245,0.22,220,2,43.569,613019.603,52.03,1102390.67,1.000917715
77.209050469,0.22,220,2,43.789,613035.987,52.25,1117735.99,1.000898019
78.210039631,0.22,220,2,44.009,613052.371,52.47,1132949.164,1.000989162
79.211586266,0.22,220,2,44.229,613068.755,52.69,1148690.922,1.001546635
71.763075181,0.151,151,8,2.366,542624.779,52.91,1155967.144,0
80.2128124,0.22,220,2,44.449,613076.947,53.061,1156223.546,8.449737219
80.727231168,2.535,2535,2,46.984,613093.331,55.596,1156239.93,0.514418768
80.682013267,0.151,151,8,2.517,542889.373,57.171,1156248.122,0
80.739187926,0.145,145,8,2.662,542905.757,57.316,1156264.506,0.057174659
80.741021608,0.149,149,8,2.811,542913.949,57.465,1156272.698,0.001833682
80.733088407,1.575,1575,2,48.559,613101.523,57.616,1163089.196,0
81.213840743,0.22,220,2,48.779,613109.715,57.836,1175849.477,0.480752336
82.039087654,2.513,2513,2,51.292,613150.675,60.349,1178401.211,0.825246911
82.214926775,0.22,220,2,51.512,613167.059,60.569,1192887.582,0.175839121
83.215858877,0.22,220,2,51.732,613183.443,60.789,1207836.464,1.000932102
84.216816331,0.22,220,2,51.952,613199.827,61.009,1222785.346,1.000957454
85.217703455,0.22,220,2,52.172,613216.211,61.229,1237932.447,1.000887124
86.218674319,0.22,220,2,52.392,613232.595,61.449,1253145.621,1.000970864
87.219542446,0.22,220,2,52.612,613248.979,61.669,1268160.576,1.000868127
88.220474408,0.22,220,2,52.832,613265.363,61.889,1283373.75,1.000931962
80.743963882,0.151,151,8,2.962,678564.605,62.109,1292103.578,0
89.221394706,0.22,220,2,53.052,613273.555,62.26,1292228.88,8.477430824
89.854424018,2.535,2535,2,55.587,613298.131,64.795,1292253.456,0.633029312
89.806537063,0.151,151,8,3.113,678698.099,66.37,1292261.648,0
89.86835938,0.145,145,8,3.258,678714.483,66.515,1292278.032,0.061822317
89.870305787,0.149,149,8,3.407,678722.675,66.664,1292286.224,0.00194640700001
89.86089174,1.575,1575,2,57.162,613306.323,66.815,1297324.221,0
90.222558611,0.22,220,2,57.382,613322.707,67.035,1312471.322,0.361666871
91.224798002,0.22,220,2,57.602,613330.899,67.255,1325165.53,1.002239391
92.040027858,2.513,2513,2,60.115,613470.163,69.768,1328079.86,0.815229856
92.22575406,0.22,220,2,60.335,613486.547,69.988,1342632.304,0.185726202
93.226725133,0.22,220,2,60.555,613502.931,70.208,1357581.186,1.000971073
94.227635514,0.22,220,2,60.775,613519.315,70.428,1372728.287,1.000910381
95.228782797,0.22,220,2,60.995,613535.699,70.648,1387743.242,1.001147283
96.229783413,0.22,220,2,61.215,613552.083,70.868,1402692.124,1.001000616
97.230678848,0.22,220,2,61.435,613568.467,71.088,1417905.298,1.000895435
89.872304854,0.151,151,8,3.558,814510.947,71.308,1428353.024,0
98.231570931,0.22,220,2,61.655,613576.659,71.459,1428469.109,8.359266077
98.969424397,2.535,2535,2,64.19,613642.195,73.994,1428534.645,0.737853466
98.920965092,0.151,151,8,3.709,814635.224,75.569,1428542.837,0
98.983161479,0.145,145,8,3.854,814651.608,75.714,1428559.221,0.062196387
98.985240514,0.149,149,8,4.003,814659.8,75.863,1428567.413,0.00207903499999
98.97607196,1.575,1575,2,65.765,613650.387,76.014,1432216.055,0
99.232517141,0.22,220,2,65.985,613666.771,76.234,1447098.864,0.256445181
100.233500576,0.22,220,2,66.205,613683.155,76.454,1461939.733,1.000983435
101.234509293,0.22,220,2,66.425,613691.347,76.674,1473973.211,1.001008717
102.038641369,2.513,2513,2,68.938,613748.691,79.187,1476739.548,0.804132076
102.235515078,0.22,220,2,69.158,613756.883,79.407,1492010.603,0.196873709
103.236393472,0.22,220,2,69.378,613773.267,79.627,1507157.704,1.000878394
104.237276685,0.22,220,2,69.598,613789.651,79.847,1522106.586,1.000883213
105.238198659,0.22,220,2,69.818,613806.035,80.067,1536725.103,1.000921974
106.239157441,0.22,220,2,70.038,613822.419,80.287,1551673.985,1.000958782
98.987533753,0.151,151,8,4.154,950470.383,80.507,1564566.412,0
107.240131657,0.22,220,2,70.258,613830.611,80.658,1564820.447,8.252597904
108.136328862,2.535,2535,2,72.793,613846.995,83.193,1564836.831,0.896197205
108.09195618,0.151,151,8,4.305,950732.61,84.768,1564845.023,0
108.150381347,0.145,145,8,4.45,950748.994,84.913,1564861.407,0.058425167
108.151969258,0.149,149,8,4.599,950757.186,85.062,1564869.599,0.00158791099999
108.141658729,1.575,1575,2,74.368,613855.187,85.213,1566334.184,0
108.241462692,0.22,220,2,74.588,613871.571,85.433,1581877.723,0.099803963
109.242473365,0.22,220,2,74.808,613887.955,85.653,1597156.97,1.001010673
110.243418388,0.22,220,2,75.028,613904.339,85.873,1612700.509,1.000945023
111.244422007,0.22,220,2,75.248,613912.531,86.093,1624733.987,1.001003619
112.038943573,2.513,2513,2,77.761,613945.299,88.606,1627938.259,0.794521566
112.245421645,0.22,220,2,77.981,613961.683,88.826,1643283.579,0.206478072
113.246432458,0.22,220,2,78.201,613978.067,89.046,1658562.826,1.001010813
114.247393055,0.22,220,2,78.421,613994.451,89.266,1673908.146,1.000960597
115.248327811,0.22,220,2,78.641,614010.835,89.486,1689319.539,1.000934756
108.154259494,0.151,151,8,4.75,1086407.842,89.706,1700692.287,0
116.249347703,0.22,220,2,78.861,614019.027,89.857,1700946.322,8.095088209
117.049092908,2.535,2535,2,81.396,614039.507,92.392,1700966.802,0.799745205
117.004785877,0.151,151,8,4.901,1086670.069,93.967,1700974.994,0
117.061064263,0.145,145,8,5.046,1086686.453,94.112,1700991.378,0.056278386
117.06369239,0.149,149,8,5.195,1086694.645,94.261,1700999.57,0.00262812699999
117.054776522,1.575,1575,2,82.971,614047.699,94.412,1704023.646,0
117.250269329,0.22,220,2,83.191,614064.083,94.632,1719633.258,0.195492807
118.251230834,0.22,220,2,83.411,614080.467,94.852,1735242.87,1.000961505
119.252285437,0.22,220,2,83.631,614096.851,95.072,1751116.774,1.001054603
120.253194212,0.22,220,2,83.851,614113.235,95.292,1766858.532,1.000908775
121.254087691,0.22,220,2,84.071,614121.427,95.512,1779354.521,1.000893479
122.038714074,2.513,2513,2,86.584,614195.155,98.025,1782599.753,0.784626383
122.254993044,0.22,220,2,86.804,614211.539,98.245,1803032.694,0.21627897
123.594767536,0.22,220,2,87.024,614227.923,98.465,1818179.795,1.339774492
124.595723035,0.22,220,2,87.244,614244.307,98.685,1832996.531,1.000955499
117.065267102,0.151,151,8,5.346,1222385.113,98.905,1836903.03,0
125.596770445,0.22,220,2,87.464,614252.499,99.056,1837059.659,8.531503343
125.894751145,2.535,2535,2,89.999,614350.803,101.591,1837157.963,0.2979807
125.851225568,0.151,151,8,5.497,1222549.934,103.166,1837166.155,0
125.906471001,0.145,145,8,5.642,1222566.318,103.311,1837182.539,0.055245433
125.908616176,0.149,149,8,5.791,1222574.51,103.46,1837190.731,0.002145175
125.899876587,1.575,1575,2,91.574,614358.995,103.611,1847854.321,0
126.597905715,0.22,220,2,91.794,614375.379,103.831,1862935.349,0.698029128
127.598841239,0.22,220,2,92.014,614391.763,104.051,1878280.669,1.000935524
128.599787588,0.22,220,2,92.234,614408.147,104.271,1893758.135,1.000946349
129.600721157,0.22,220,2,92.454,614424.531,104.491,1909037.382,1.000933569
130.6017187,0.22,220,2,92.674,614440.915,104.711,1924316.629,1.000997543
131.602754725,0.22,220,2,92.894,614449.107,104.931,1930998.194,1.001036025
132.038390221,2.513,2513,2,95.407,614522.835,107.444,1939132.828,0.435635496
132.604971837,0.22,220,2,95.627,614539.219,107.664,1954015.637,0.566581616
133.60628185,0.221,221,2,95.848,614555.603,107.885,1969360.957,1.001310013
125.911294938,0.151,151,8,5.942,1358107.878,108.106,1972937.091,0
134.607236301,0.221,221,2,96.069,614555.603,108.257,1973093.72,8.695941363
134.891191893,2.535,2535,2,98.604,614588.371,110.792,1973126.488,0.283955592
134.848370806,0.151,151,8,6.093,1358272.699,112.367,1973134.68,0
134.902037826,0.145,145,8,6.238,1358289.083,112.512,1973151.064,0.05366702
134.903915159,0.149,149,8,6.387,1358297.275,112.661,1973159.256,0.00187733300001
134.896577704,1.575,1575,2,100.179,614596.563,112.812,1984032.649,0
135.608249,0.221,221,2,100.4,614612.947,113.033,1999311.896,0.711671296
136.609149603,0.221,221,2,100.621,614629.331,113.254,2014591.143,1.000900603
137.610033724,0.221,221,2,100.842,614645.715,113.475,2029870.39,1.000884121
138.610939775,0.221,221,2,101.063,614662.099,113.696,2045215.71,1.000906051
139.611814258,0.221,221,2,101.284,614678.483,113.917,2060627.103,1.000874483
140.612754182,0.221,221,2,101.505,614694.867,114.138,2076038.496,1.000939924
141.613714639,0.221,221,2,101.726,614703.059,114.359,2082587.915,1.000960457
142.039681866,2.513,2513,2,104.239,614727.635,116.872,2090871.616,0.425967227
142.614572919,0.221,221,2,104.46,614744.019,117.093,2106283.009,0.574891053
134.905259674,0.151,151,8,6.538,1493842.227,117.314,2108868.048,0
143.615455223,0.221,221,2,104.681,614752.211,117.465,2109064.163,8.710195549
143.824473912,2.535,2535,2,107.216,614760.403,120.0,2109072.355,0.209018689
144.616471065,0.221,221,2,107.437,614776.787,120.221,2109088.739,0.791997153
145.617203141,0.221,221,2,107.658,614793.171,120.442,2109105.123,1.000732076
146.617799935,0.221,221,2,107.879,614809.555,120.663,2109121.507,1.000596794
147.618343929,0.221,221,2,108.1,614825.939,120.884,2109137.891,1.000543994
148.619075726,0.221,221,2,108.321,614842.323,121.105,2109154.275,1.000731797
149.619708488,0.221,221,2,108.542,614858.707,121.326,2109170.659,1.000632762
150.620306539,0.221,221,2,108.763,614875.091,121.547,2109187.043,1.000598051
151.620900679,0.221,221,2,108.984,614883.283,121.768,2109197.283,1.00059414
152.037609466,0.339,339,2,109.323,614907.859,122.107,2109221.859,0.416708787
152.622825924,0.221,221,2,109.544,614924.243,122.328,2109238.243,0.585216458
153.623752927,0.221,221,2,109.765,614940.627,122.549,2109254.627,1.000927003
154.624418933,0.221,221,2,109.986,614957.011,122.77,2109271.011,1.000666006
155.625045969,0.221,221,2,110.207,614973.395,122.991,2109287.395,1.000627036
156.625695981,0.221,221,2,110.428,614989.779,123.212,2109303.779,1.000650012
157.626688845,0.221,221,2,110.649,615006.163,123.433,2109320.163,1.000992864
158.62777376,0.221,221,2,110.87,615022.547,123.654,2109336.547,1.001084915
159.628390039,0.221,221,2,111.091,615038.931,123.875,2109352.931,1.000616279
160.629090547,0.221,221,2,111.312,615055.315,124.096,2109369.315,1.000700508
161.629745728,0.221,221,2,111.533,615063.507,124.317,2109377.507,1.000655181
162.037390653,0.339,339,2,111.872,615075.795,124.656,2109389.795,0.407644925
162.630352998,0.221,221,2,112.093,615092.179,124.877,2109406.179,0.592962345
163.630973887,0.221,221,2,112.314,615108.563,125.098,2109424.083,1.000620889
164.631758065,0.221,221,2,112.535,615124.947,125.319,2109440.467,1.000784178
165.63243371,0.221,221,2,112.756,615141.331,125.54,2109456.851,1.000675645
166.633063399,0.221,221,2,112.977,615157.715,125.761,2109473.235,1.000629689
167.63370964,0.221,221,2,113.198,615174.099,125.982,2109489.619,1.000646241
168.634303641,0.221,221,2,113.419,615190.483,126.203,2109506.003,1.000594001
169.63488458,0.221,221,2,113.64,615206.867,126.424,2109522.387,1.000580939
170.635537457,0.221,221,2,113.861,615223.251,126.645,2109538.771,1.000652877
171.636169241,0.221,221,2,114.082,615231.443,126.866,2109546.963,1.000631784
172.037296926,0.339,339,2,114.421,615243.731,127.205,2109559.251,0.401127685
172.636760028,0.221,221,2,114.642,615260.115,127.426,2109575.635,0.599463102
173.637377286,0.221,221,2,114.863,615276.499,127.647,2109592.019,1.000617258
174.63794761,0.221,221,2,115.084,615292.883,127.868,2109608.403,1.000570324
175.638656848,0.221,221,2,115.305,615309.267,128.089,2109624.787,1.000709238
176.639266981,0.221,221,2,115.526,615325.651,128.31,2109641.171,1.000610133
177.639829972,0.221,221,2,115.747,615342.035,128.531,2109657.555,1.000562991
178.640421877,0.221,221,2,115.968,615358.419,128.752,2109683.651,1.000591905
179.642503915,0.221,221,2,116.189,615374.803,128.973,2109701.491,1.002082038
180.644034976,0.221,221,2,116.41,615391.187,129.194,2109717.875,1.001531061
181.644717745,0.221,221,2,116.631,615399.379,129.415,2109726.067,1.000682769
182.037758228,0.339,339,2,116.97,615411.667,129.754,2109738.355,0.393040483
182.645335421,0.221,221,2,117.191,615428.051,129.975,2109754.739,0.607577193
183.64596951,0.221,221,2,117.412,615444.435,130.196,2109771.123,1.000634089
184.646584951,0.221,221,2,117.633,615460.819,130.417,2109789.459,1.000615441
185.647360818,0.221,221,2,117.854,615477.203,130.638,2109805.843,1.000775867
186.648214069,0.221,221,2,118.075,615493.587,130.859,2109822.227,1.000853251
187.64886506,0.221,221,2,118.296,615509.971,131.08,2109838.611,1.000650991
188.649501873,0.221,221,2,118.517,615526.355,131.301,2109856.451,1.000636813
189.650727308,0.221,221,2,118.738,615542.739,131.522,2109872.835,1.001225435
190.653106102,0.221,221,2,118.959,615559.123,131.743,2109889.219,1.002378794
191.653862134,0.221,221,2,119.18,615567.315,131.964,2109898.883,1.000756032
192.038273238,0.339,339,2,119.519,615576.531,132.303,2109908.099,0.384411104
192.654746325,0.221,221,2,119.74,615592.915,132.524,2109924.483,0.616473087
193.655420712,0.221,221,2,119.961,615609.299,132.745,2109940.867,1.000674387
194.656049074,0.221,221,2,120.182,615625.683,132.966,2109957.251,1.000628362
195.656683862,0.221,221,2,120.403,615642.067,133.187,2109975.011,1.000634788
196.657545633,0.221,221,2,120.624,615658.451,133.408,2109991.395,1.000861771
197.65949183,0.221,221,2,120.845,615674.835,133.629,2110007.779,1.001946197
198.660145196,0.221,221,2,121.066,615683.027,133.85,2110015.971,1.000653366
199.660736402,0.221,221,2,121.287,615699.411,134.071,2110032.355,1.000591206
200.661362459,0.221,221,2,121.508,615715.795,134.292,2110048.739,1.000626057
201.661998923,0.221,221,2,121.729,615723.987,134.513,2110056.931,1.000636464
202.037558832,0.339,339,2,122.068,615733.715,134.852,2110066.659,0.375559909
202.662628961,0.221,221,2,122.289,615750.099,135.073,2110083.043,0.625070129
203.66324552,0.221,221,2,122.51,615766.483,135.294,2110099.427,1.000616559
204.663801876,0.221,221,2,122.731,615782.867,135.515,2110115.811,1.000556356
205.66434552,0.221,221,2,122.952,615799.251,135.736,2110132.195,1.000543644
206.664928136,0.221,221,2,123.173,615815.635,135.957,2110148.579,1.000582616
207.665534498,0.221,221,2,123.394,615832.019,136.178,2110164.963,1.000606362
208.666173407,0.221,221,2,123.615,615848.403,136.399,2110181.347,1.000638909
209.666757699,0.221,221,2,123.836,615864.787,136.62,2110197.731,1.000584292
210.667430689,0.221,221,2,124.057,615881.171,136.841,2110214.115,1.00067299
211.668393242,0.221,221,2,124.278,615889.363,137.062,2110222.307,1.000962553
212.037721004,0.339,339,2,124.617,615898.563,137.401,2110231.507,0.369327762
212.669090468,0.221,221,2,124.838,615914.947,137.622,2110247.891,0.631369464
213.669798379,0.221,221,2,125.059,615931.331,137.843,2110264.275,1.000707911
214.670582068,0.221,221,2,125.28,615941.907,138.064,2110274.851,1.000783689
215.34581968,0.189,189,2,125.469,615951.859,138.253,2110284.803,0.675237612
215.671665725,0.221,221,2,125.69,615968.243,138.474,2110301.187,0.325846045
216.672560322,0.221,221,2,125.911,615984.627,138.695,2110317.571,1.000894597
217.673461275,0.221,221,2,126.132,616001.811,138.916,2110334.755,1.000900953
218.57512789,1.575,1575,2,127.707,616001.811,140.491,2110334.755,0.901666615
218.585925562,0.286,286,2,127.993,616317.203,140.777,2110650.147,0.010797672
218.592908294,0.189,189,2,128.182,616327.443,140.966,2110660.387,0.00698273200001
218.674496323,0.221,221,2,128.403,616335.635,141.187,2110668.579,0.081588029
219.166047797,0.249,249,2,128.652,616344.851,141.436,2110678.819,0.491551474
219.675551066,0.221,221,2,128.873,616361.235,141.657,2110695.203,0.509503269
220.676273225,0.221,221,2,129.094,616377.619,141.878,2110711.587,1.000722159
221.676994546,0.221,221,2,129.315,616385.811,142.099,2110719.779,1.000721321
222.038346013,2.513,2513,2,131.828,616394.995,144.612,2110728.963,0.361351467
222.677755816,0.221,221,2,132.049,616411.379,144.833,2110745.347,0.639409803
223.678833048,0.221,221,2,132.27,616427.763,145.054,2110761.731,1.001077232
224.679482851,0.221,221,2,132.491,616444.147,145.275,2110778.115,1.000649803
225.680130419,0.221,221,2,132.712,616460.531,145.496,2110794.499,1.000647568
226.680791677,0.221,221,2,132.933,616476.915,145.717,2110810.883,1.000661258
227.681545334,0.221,221,2,133.154,616493.299,145.938,2110827.267,1.000753657
228.682143036,0.221,221,2,133.375,616509.683,146.159,2110843.651,1.000597702
229.682934337,0.221,221,2,133.596,616526.067,146.38,2110860.035,1.000791301
230.683578833,0.221,221,2,133.817,616534.259,146.601,2110876.419,1.000644496
231.68420056,0.221,221,2,134.038,616542.451,146.822,2110884.611,1.000621727
232.037954344,2.513,2513,2,136.551,616551.603,149.335,2110893.763,0.353753784
232.685027271,0.221,221,2,136.772,616567.987,149.556,2110910.147,0.647072927
233.686131252,0.221,221,2,136.993,616584.371,149.777,2110926.531,1.001103981
234.68684531,0.221,221,2,137.214,616592.563,149.998,2110935.747,1.000714058
235.306085438,0.114,114,2,137.328,616601.683,150.716,2245906.259,0.619240128
235.687887691,0.221,221,2,137.549,616618.067,150.937,2508853.075,0.381802253
236.689147907,0.221,221,2,137.77,616634.451,151.158,2508869.459,1.001260216
237.690043063,0.221,221,2,137.991,616650.835,151.379,2508885.843,1.000895156
238.691118898,0.221,221,2,138.212,616659.027,151.6,2508894.035,1.001075835
239.692375343,0.221,221,2,138.433,616683.603,151.821,2508918.611,1.001256445
240.694199318,0.221,221,2,138.654,616699.987,152.042,2508934.995,1.001823975
241.69540401,0.221,221,2,138.875,616708.179,152.263,2508943.187,1.001204692
242.039580948,2.513,2513,2,141.388,616717.267,154.928,2587957.971,0.344176938
242.696268436,0.221,221,2,141.609,616733.651,155.149,2587974.355,0.656687488
235.335570403,0.15,150,6,0.15,107746.752,155.37,2587982.547,0
243.697189223,0.221,221,2,141.83,616750.035,155.522,2648038.099,8.36161882
244.698090176,0.221,221,2,142.051,616766.419,155.743,2671319.763,1.000900953
245.698991058,0.221,221,2,142.272,616782.803,155.964,2671336.147,1.000900882
235.331080586,0.152,152,4,0.152,108424.096,156.185,2671344.339,0
246.699898157,0.221,221,2,142.493,616799.187,156.335,2749110.995,11.368817571
247.700737859,0.221,221,2,142.714,616815.571,156.556,2749127.379,1.000839702
248.701648799,0.221,221,2,142.935,616831.955,156.777,2749143.763,1.00091094
242.108636447,0.152,152,7,0.152,79010.72,156.998,2749151.955,0
249.702559808,0.221,221,2,143.156,616848.339,157.148,2828475.091,7.593923361
250.703441275,0.221,221,2,143.377,616864.723,157.369,2828491.475,1.000881467
251.704306609,0.221,221,2,143.598,616872.915,157.59,2828499.667,1.000865334
252.137133856,2.513,2513,2,146.111,616881.971,160.103,2828508.723,0.432827247
252.705212939,0.221,221,2,146.332,616898.355,160.324,2828525.107,0.568079083
253.70623332,0.221,221,2,146.553,616914.739,160.545,2828541.491,1.001020381
254.707389194,0.221,221,2,146.774,616931.123,160.766,2828557.875,1.001155874
255.708269403,0.221,221,2,146.995,616947.507,160.987,2828574.259,1.000880209
256.709229512,0.221,221,2,147.216,616963.891,161.208,2828590.643,1.000960109
257.710128089,0.221,221,2,147.437,616980.275,161.429,2828607.027,1.000898577
258.715280141,0.221,221,2,147.658,616996.659,161.65,2828623.411,1.005152052
259.716860999,0.221,221,2,147.879,617004.851,161.871,2828631.603,1.001580858
260.603022081,0.178,178,2,148.057,617005.683,162.049,2828632.435,0.886161082
260.622141412,0.286,286,2,148.343,617006.083,162.335,2828829.443,0.019119331
260.632621795,0.189,189,2,148.532,617006.883,162.524,2828830.243,0.010480383
260.718155018,0.221,221,2,148.753,617031.459,162.745,2828854.819,0.085533223
261.719477812,0.221,221,2,148.974,617039.651,162.966,2828863.011,1.001322794
262.038053938,2.513,2513,2,151.487,617048.611,165.479,2828871.971,0.318576126
262.720294746,0.221,221,2,151.708,617056.803,165.7,2828888.355,0.682240808
263.721164479,0.221,221,2,151.929,617064.995,165.921,2828896.547,1.000869733
264.650795894,0.184,184,2,152.113,617065.731,166.105,2828897.283,0.929631415
264.660925813,1.775,1775,2,153.888,617067.779,167.88,2828899.331,0.010129919
264.678841988,6291.456,262144,2,6445.344,617067.779,6459.336,2828899.331,0.017916175
264.68701293,3932.16,262144,2,10377.504,617067.779,10391.496,2828899.331,0.00817094199999
264.694512836,1310.72,262144,2,11688.224,617067.779,11702.216,2828899.331,0.00749990600002
264.697081878,524.288,262144,2,12212.512,617067.779,12226.504,2828899.331,0.002569042
264.698632214,524.288,262144,2,12736.8,617067.779,12750.792,2828899.331,0.00155033599998
264.70010817,524.288,262144,2,13261.088,617067.779,13275.08,2828899.331,0.00147595600004
264.701576094,524.288,262144,2,13785.376,617067.779,13799.368,2828899.331,0.001467924
264.703048069,524.288,262144,2,14309.664,617067.779,14323.656,2828899.331,0.00147197499996
264.704651416,786.432,262144,2,15096.096,617067.779,15110.088,2828899.331,0.00160334700001
264.706575892,786.432,262144,2,15882.528,617067.779,15896.52,2828899.331,0.001924476
264.708642496,524.288,262144,2,16406.816,617067.779,16420.808,2828899.331,0.00206660399999
264.710705049,524.288,262144,2,16931.104,617067.779,16945.096,2828899.331,0.00206255300003
264.712634344,524.288,262144,2,17455.392,617067.779,17469.384,2828899.331,0.00192929499997
264.714669659,524.288,262144,2,17979.68,617067.779,17993.672,2828899.331,0.002035315
264.716709234,786.432,262144,2,18766.112,617067.779,18780.104,2828899.331,0.00203957500003
264.719238326,786.432,262144,2,19552.544,617067.779,19566.536,2828899.331,0.00252909199997
264.721741508,786.653,262144,2,20339.197,617084.163,20353.189,2828915.715,0.002503182
264.724241826,786.432,262144,2,21125.629,617084.163,21139.621,2828915.715,0.00250031800005
264.726726918,786.432,262144,2,21912.061,617084.163,21926.053,2828915.715,0.00248509199997
264.729361262,786.432,262144,2,22698.493,617084.163,22712.485,2828915.715,0.002634344
264.73230591,786.432,262144,2,23484.925,617084.163,23498.917,2828915.715,0.00294464799998
264.735396038,1048.576,262144,2,24533.501,617084.163,24547.493,2828915.715,0.003090128
264.738951518,309.224,262144,2,24842.725,617084.515,24856.717,2828916.067,0.00355548000005
264.784220682,0.184,184,2,24842.909,617085.859,24856.901,2828917.411,0.045269164
264.788959134,0.189,189,2,24843.098,617086.787,24857.09,2828918.339,0.00473845199997
265.394732675,0.189,189,2,24843.287,617095.747,24857.279,2828927.299,0.605773541
265.416650546,1.575,1575,2,24844.862,617095.747,24858.854,2828927.299,0.021917871
265.420053353,0.286,286,2,24845.148,618505.571,24859.14,2830337.123,0.00340280699999
265.440879395,0.189,189,2,24845.337,618514.531,24859.329,2830346.083,0.020826042
265.724797064,0.221,221,2,24845.558,618530.915,24859.55,2830362.467,0.283917669
266.725739083,0.221,221,2,24845.779,618539.107,24859.771,2830370.659,1.000942019
267.681341189,2.382,2382,2,24848.161,618547.299,24862.153,2830378.851,0.955602106
267.726579204,0.221,221,2,24848.382,618564.339,24862.374,2830395.891,0.045238015
268.578124292,1.575,1575,2,24849.957,618564.339,24863.949,2830395.891,0.851545088
268.580269886,0.286,286,2,24850.243,618942.163,24864.235,2830773.715,0.00214559400001
268.586725316,0.189,189,2,24850.432,618943.123,24864.424,2830774.675,0.00645543000002
268.638647561,0.286,286,2,24850.718,620049.971,24864.71,2831881.523,0.051922245
268.647633131,0.189,189,2,24850.907,620059.059,24864.899,2831890.611,0.00898556999999
268.727431896,0.221,221,2,24851.128,620075.443,24865.12,2831906.995,0.079798765
269.728345071,0.221,221,2,24851.349,620091.827,24865.341,2831923.379,1.000913175
270.729258525,0.221,221,2,24851.57,620100.019,24865.562,2831931.571,1.000913454
271.500600049,0.184,184,2,24851.754,620100.883,24865.746,2831932.435,0.771341524
271.503466684,1.775,1775,2,24853.529,620101.907,24867.521,2831933.459,0.00286663499998
271.506655009,1572.864,262144,2,26426.393,620101.907,26440.385,2831933.459,0.003188325
271.510424622,786.432,262144,2,27212.825,620101.907,27226.817,2831933.459,0.00376961300003
271.514402293,786.432,262144,2,27999.257,620101.907,28013.249,2831933.459,0.00397767099997
271.518236579,786.432,262144,2,28785.689,620101.907,28799.681,2831933.459,0.00383428600003
271.522067024,786.432,262144,2,29572.121,620101.907,29586.113,2831933.459,0.00383044500001
271.525770638,786.432,262144,2,30358.553,620101.907,30372.545,2831933.459,0.00370361399996
271.529404899,1048.576,262144,2,31407.129,620101.907,31421.121,2831933.459,0.003634261
271.533383896,786.432,262144,2,32193.561,620101.907,32207.553,2831933.459,0.00397899699999
271.536908437,786.432,262144,2,32979.993,620101.907,32993.985,2831933.459,0.00352454100005
271.541019365,786.432,262144,2,33766.425,620101.907,33780.417,2831933.459,0.00411092799999
271.545017988,1048.576,262144,2,34815.001,620101.907,34828.993,2831933.459,0.00399862299997
271.549560046,1048.576,262144,2,35863.577,620101.907,35877.569,2831933.459,0.00454205800003
271.554111253,1048.576,262144,2,36912.153,620101.907,36926.145,2831933.459,0.00455120699996
271.558836085,957.881,262144,2,37870.034,620101.907,37884.026,2831933.459,0.00472483200002
271.563795515,171.449,171449,2,38041.483,620102.739,38055.475,2831934.291,0.00495942999999
271.598203522,0.184,184,2,38041.667,620111.731,38055.659,2831943.283,0.034408007
271.730090894,0.221,221,2,38041.888,620119.923,38055.88,2831951.475,0.131887372
272.037323119,0.339,339,2,38042.227,620128.883,38056.219,2831960.435,0.307232225
272.730791053,0.221,221,2,38042.448,620145.267,38056.44,2831976.819,0.693467934
273.731648564,0.221,221,2,38042.669,620161.651,38056.661,2831993.203,1.000857511
274.732166716,0.221,221,2,38042.89,620170.579,38056.882,2832002.131,1.000518152
275.55415672,0.189,189,2,38043.079,620179.475,38057.071,2832011.027,0.821990004
275.732717555,0.221,221,2,38043.3,620196.579,38057.292,2832028.131,0.178560835
275.746317678,1.575,1575,2,38044.875,620196.579,38058.867,2832028.131,0.013600123
275.749234879,0.286,286,2,38045.161,621573.763,38059.153,2833405.315,0.002917201
275.77174242,0.19,190,2,38045.351,621582.851,38059.343,2833414.403,0.022507541
276.733725085,0.221,221,2,38045.572,621599.235,38059.564,2833430.787,0.961982665
277.734621917,0.221,221,2,38045.793,621607.427,38059.785,2833438.979,1.000896832
277.943143964,2.382,2382,2,38048.175,621608.291,38062.167,2833439.843,0.208522047
278.434668131,0.19,190,2,38048.365,621610.307,38062.357,2833441.859,0.491524167
278.443407371,0.189,189,2,38048.554,621611.779,38062.546,2833443.331,0.00873923999995
278.448980635,0.189,189,2,38048.743,621621.379,38062.735,2833452.931,0.00557326400002
278.623817184,1.575,1575,2,38050.318,621621.379,38064.31,2833452.931,0.174836549
278.626410181,0.286,286,2,38050.604,622031.875,38064.596,2833863.427,0.00259299699997
278.632472824,0.19,190,2,38050.794,622032.739,38064.786,2833864.291,0.00606264300001
278.678622827,0.286,286,2,38051.08,623016.611,38065.072,2834848.163,0.046150003
278.689919654,0.19,190,2,38051.27,623025.603,38065.262,2834857.155,0.011296827
278.735464971,0.221,221,2,38051.491,623041.987,38065.483,2834873.539,0.045545317
279.736387505,0.221,221,2,38051.712,623058.371,38065.704,2834889.923,1.000922534
280.737290972,0.221,221,2,38051.933,623074.755,38065.925,2834906.307,1.000903467
281.738121664,0.221,221,2,38052.154,623082.947,38066.146,2834914.499,1.000830692
281.845664739,0.184,184,2,38052.338,623083.715,38066.33,2834915.267,0.107543075
281.84809333,1.775,1775,2,38054.113,623085.187,38068.105,2834916.739,0.00242859100001
281.850841794,2359.296,262144,2,40413.409,623085.187,40427.401,2834916.739,0.00274846400004
281.856906182,1048.576,262144,2,41461.985,623085.187,41475.977,2834916.739,0.00606438799997
281.86253539,1310.72,262144,2,42772.705,623085.187,42786.697,2834916.739,0.00562920800002
281.868529029,1048.576,262144,2,43821.281,623085.187,43835.273,2834916.739,0.005993639
281.874124014,1048.576,262144,2,44869.857,623085.187,44883.849,2834916.739,0.00559498500002
281.879711247,1048.576,262144,2,45918.433,623085.187,45932.425,2834916.739,0.00558723299997
281.885150207,1048.576,262144,2,46967.009,623085.187,46981.001,2834916.739,0.00543895999999
281.89059203,1310.72,262144,2,48277.729,623085.187,48291.721,2834916.739,0.00544182300001
281.896331238,1048.576,262144,2,49326.305,623085.187,49340.297,2834916.739,0.00573920800002
281.902203004,798.932,262144,2,50125.237,623085.187,50139.229,2834916.739,0.00587176599998
281.90789877,41.086,41086,2,50166.323,623085.923,50180.315,2834917.475,0.00569576599997
281.962293537,0.184,184,2,50166.507,623086.627,50180.499,2834918.179,0.054394767
282.037077627,0.339,339,2,50166.846,623095.491,50180.838,2834927.043,0.07478409
282.738944743,0.221,221,2,50167.067,623104.323,50181.059,2834935.875,0.701867116
283.649773558,0.19,190,2,50167.257,623113.123,50181.249,2834944.675,0.910828815
283.739865042,0.221,221,2,50167.478,623130.083,50181.47,2834961.635,0.090091484
283.828096374,1.575,1575,2,50169.053,623130.083,50183.045,2834961.635,0.088231332
283.82977452,0.286,286,2,50169.339,624605.475,50183.331,2836437.027,0.00167814600002
283.838825671,0.19,190,2,50169.529,624614.467,50183.521,2836446.019,0.00905115099999
284.740808598,0.221,221,2,50169.75,624630.851,50183.742,2836462.403,0.901982927
285.741817106,0.221,221,2,50169.971,624639.043,50183.963,2836470.595,1.001008508
285.999460973,2.382,2382,2,50172.353,624647.235,50186.345,2836478.787,0.257643867
286.742865494,0.221,221,2,50172.574,624664.643,50186.566,2836496.195,0.743404521
287.08468878,1.575,1575,2,50174.149,624664.643,50188.141,2836496.195,0.341823286
287.086263561,0.286,286,2,50174.435,624993.347,50188.427,2836824.899,0.00157478099999
287.090954381,0.19,190,2,50174.625,624994.339,50188.617,2836825.891,0.00469082000001
287.142042442,0.286,286,2,50174.911,626142.179,50188.903,2837973.731,0.051088061
287.153581619,0.19,190,2,50175.101,626151.299,50189.093,2837982.851,0.011539177
287.74379103,0.221,221,2,50175.322,626167.683,50189.314,2837999.235,0.590209411
288.744637227,0.221,221,2,50175.543,626184.067,50189.535,2838015.619,1.000846197
289.745491456,0.221,221,2,50175.764,626192.259,50189.756,2838023.811,1.000854229
290.260595018,0.185,185,2,50175.949,626193.155,50189.941,2838024.707,0.515103562
290.262900339,1.775,1775,2,50177.724,626194.563,50191.716,2838026.115,0.00230532099999
290.265164174,2621.44,262144,2,52799.164,626194.563,52813.156,2838026.115,0.00226383500001
290.272424176,1310.72,262144,2,54109.884,626194.563,54123.876,2838026.115,0.00726000200001
290.279037447,1048.576,262144,2,55158.46,626194.563,55172.452,2838026.115,0.00661327099999
290.285093245,1310.72,262144,2,56469.18,626194.563,56483.172,2838026.115,0.00605579799998
290.291690452,1048.576,262144,2,57517.756,626194.563,57531.748,2838026.115,0.00659720700003
290.297864701,1048.576,262144,2,58566.332,626194.563,58580.324,2838026.115,0.00617424899997
290.30390276,1310.72,262144,2,59877.052,626194.563,59891.044,2838026.115,0.00603805900005
290.310512469,1048.576,262144,2,60925.628,626194.563,60939.62,2838026.115,0.00660970899997
290.317074965,627.526,262144,2,61553.154,626195.427,61567.146,2838026.979,0.00656249600002
290.381864489,0.185,185,2,61553.339,626204.451,61567.331,2838036.003,0.064789524
290.74640959,0.221,221,2,61553.56,626220.835,61567.552,2838052.387,0.364545101
291.747206898,0.221,221,2,61553.781,626229.027,61567.773,2838060.579,1.000797308
292.037275558,0.339,339,2,61554.12,626238.019,61568.112,2838069.571,0.29006866
292.748159114,0.221,221,2,61554.341,626246.979,61568.333,2838078.531,0.710883556
293.208509344,0.19,190,2,61554.531,626248.419,61568.523,2838079.971,0.46035023
293.252578146,0.19,190,2,61554.721,626249.731,61568.713,2838081.283,0.044068802
293.25659835,0.19,190,2,61554.911,626250.915,61568.903,2838082.467,0.00402020399997
293.261710313,0.19,190,2,61555.101,626260.291,61569.093,2838091.843,0.00511196299999
293.389853075,1.575,1575,2,61556.676,626260.291,61570.668,2838091.843,0.128142762
293.393837101,0.286,286,2,61556.962,627375.171,61570.954,2839206.723,0.00398402599996
293.413710089,0.19,190,2,61557.152,627384.099,61571.144,2839215.651,0.019872988
293.749008733,0.221,221,2,61557.373,627400.483,61571.365,2839232.035,0.335298644
294.749851508,0.221,221,2,61557.594,627400.483,61571.586,2839240.227,1.000842775
295.368932049,2.339,2339,2,61559.933,627408.675,61573.925,2839248.419,0.619080541
295.750740168,0.221,221,2,61560.154,627425.763,61574.146,2839265.507,0.381808119
296.342557745,1.575,1575,2,61561.729,627425.763,61575.721,2839265.507,0.591817577
296.345611276,0.286,286,2,61562.015,627746.211,61576.007,2839585.955,0.00305353099998
296.351109601,0.19,190,2,61562.205,627747.139,61576.197,2839586.883,0.00549832500002
296.418106877,0.286,286,2,61562.491,627756.227,61576.483,2841217.987,0.066997276
296.751602918,0.221,221,2,61562.712,627764.419,61576.704,2841226.179,0.333496041
297.269151274,0.19,190,2,61562.902,627773.475,61576.894,2841235.235,0.517548356
297.752452746,0.221,221,2,61563.123,627789.859,61577.115,2841251.619,0.483301472
298.753301877,0.221,221,2,61563.344,627806.243,61577.336,2841268.003,1.000849131
299.754161344,0.221,221,2,61563.565,627814.435,61577.557,2841276.195,1.000859467
300.63121184,0.185,185,2,61563.75,627815.267,61577.742,2841277.027,0.877050496
300.634216692,1.775,1775,2,61565.525,627816.595,61579.517,2841278.355,0.003004852
300.636558609,2621.44,262144,2,64186.965,627816.595,64200.957,2841278.355,0.00234191700002
300.644141347,1048.576,262144,2,65235.541,627816.595,65249.533,2841278.355,0.007582738
300.650754828,1048.576,262144,2,66284.117,627816.595,66298.109,2841278.355,0.00661348099999
300.65753516,1048.576,262144,2,67332.693,627816.595,67346.685,2841278.355,0.00678033200001
300.664162888,1048.576,262144,2,68381.269,627816.595,68395.261,2841278.355,0.00662772800001
300.670770711,1048.576,262144,2,69429.845,627816.595,69443.837,2841278.355,0.00660782299997
300.677397532,1048.576,262144,2,70478.421,627816.595,70492.413,2841278.355,0.006626821
300.684001095,1048.576,262144,2,71526.997,627816.595,71540.989,2841278.355,0.006603563
300.690716753,301.769,262144,2,71828.766,627824.787,71842.758,2841286.547,0.00671565800002
300.755382519,0.221,221,2,71828.987,627833.779,71842.979,2841295.539,0.064665766
300.93253668,0.185,185,2,71829.172,627835.283,71843.164,2841297.043,0.177154161
300.937531799,0.19,190,2,71829.362,627844.899,71843.354,2841306.659,0.004995119
301.083472424,1.575,1575,2,71830.937,627844.899,71844.929,2841306.659,0.145940625
301.085175155,0.286,286,2,71831.223,628976.323,71845.215,2842438.083,0.00170273100002
301.094077823,0.19,190,2,71831.413,628985.411,71845.405,2842447.171,0.00890266800002
301.756359458,0.221,221,2,71831.634,628993.603,71845.626,2842455.363,0.662281635
302.038828689,2.513,2513,2,71834.147,629002.659,71848.139,2842464.419,0.282469231
302.757249446,0.221,221,2,71834.368,629010.851,71848.36,2842472.611,0.718420757
303.026183435,2.339,2339,2,71836.707,629019.043,71850.699,2842480.803,0.268933989
303.758041446,0.221,221,2,71836.928,629028.867,71850.92,2842490.627,0.731858011
304.240042684,0.19,190,2,71837.118,629030.371,71851.11,2842492.131,0.482001238
304.244363345,0.19,190,2,71837.308,629031.747,71851.3,2842493.507,0.00432066100001
304.251328477,0.19,190,2,71837.498,629041.235,71851.49,2842502.995,0.006965132
304.26000877,1.575,1575,2,71839.073,629041.235,71853.065,2842502.995,0.008680293
304.261491082,0.286,286,2,71839.359,629418.931,71853.351,2842880.691,0.00148231200001
304.267231127,0.19,190,2,71839.549,629419.763,71853.541,2842881.523,0.00574004499998
304.312556724,0.286,286,2,71839.835,630895.123,71853.827,2844356.883,0.045325597
304.323171411,0.19,190,2,71840.025,630904.083,71854.017,2844365.843,0.010614687
304.758881916,0.221,221,2,71840.246,630920.467,71854.238,2844382.227,0.435710505
305.759762964,0.221,221,2,71840.467,630936.851,71854.459,2844398.611,1.000881048
306.760658888,0.221,221,2,71840.688,630945.043,71854.68,2844406.803,1.000895924
307.716430568,0.185,185,2,71840.873,630945.779,71854.865,2844407.539,0.95577168
307.7184758,1.775,1775,2,71842.648,630947.043,71856.64,2844408.803,0.002045232
307.720510766,2621.44,262144,2,74464.088,630947.043,74478.08,2844408.803,0.002034966
307.727804989,1048.576,262144,2,75512.664,630947.043,75526.656,2844408.803,0.00729422299997
307.734413511,1048.576,262144,2,76561.24,630947.043,76575.232,2844408.803,0.00660852200002
307.741038586,1048.576,262144,2,77609.816,630947.043,77623.808,2844408.803,0.00662507499999
307.747649273,1048.576,262144,2,78658.392,630947.043,78672.384,2844408.803,0.00661068699998
307.754440639,1048.576,262144,2,79706.968,630947.043,79720.96,2844408.803,0.00679136600002
307.761037987,1048.797,262144,2,80755.765,630963.427,80769.757,2844425.187,0.00659734800001
307.767624788,1048.576,262144,2,81804.341,630963.427,81818.333,2844425.187,0.00658680099997
307.774229468,345.209,262144,2,82149.55,630964.131,82163.542,2844425.891,0.00660468000001
307.810439939,0.185,185,2,82149.735,630972.995,82163.727,2844434.755,0.036210471
308.764246425,0.221,221,2,82149.956,630981.827,82163.948,2844443.587,0.953806486
308.855026405,0.19,190,2,82150.146,630991.203,82164.138,2844452.963,0.09077998
309.004181755,1.575,1575,2,82151.721,630991.203,82165.713,2844452.963,0.14915535
309.005969832,0.286,286,2,82152.007,632286.371,82165.999,2845748.131,0.00178807700001
309.016560843,0.19,190,2,82152.197,632295.363,82166.189,2845757.123,0.010591011
244.506178481,0.152,152,6,0.302,191060.8,82166.41,2845766.723,0
309.765207022,0.221,221,2,82152.418,632311.747,82569.648,2845774.915,65.259028541
310.766094705,0.221,221,2,82152.639,632319.939,82569.869,2845783.107,1.000887683
311.178417459,2.382,2382,2,82155.021,632328.131,82572.251,2845791.299,0.412322754
311.766938108,0.221,221,2,82155.242,632336.323,82572.472,2845799.491,0.588520649
312.037129171,0.339,339,2,82155.581,632345.283,82572.811,2845808.451,0.270191063
312.767619829,0.221,221,2,82155.802,632362.323,82573.032,2845825.491,0.730490658
312.844876721,1.575,1575,2,82157.377,632362.323,82574.607,2845825.491,0.077256892
312.848173997,0.286,286,2,82157.663,632707.379,82574.893,2846170.547,0.00329727600001
312.852733306,0.19,190,2,82157.853,632708.339,82575.083,2846171.507,0.004559309
312.899572573,0.286,286,2,82158.139,633790.611,82575.369,2847253.779,0.046839267
312.916696119,0.19,190,2,82158.329,633799.699,82575.559,2847262.867,0.017123546
313.768616604,0.221,221,2,82158.55,633816.083,82575.78,2847279.251,0.851920485
314.769505823,0.221,221,2,82158.771,633824.275,82576.001,2847287.443,1.000889219
315.669034597,0.185,185,2,82158.956,633825.139,82576.186,2847288.307,0.899528774
315.671032617,1.775,1775,2,82160.731,633826.323,82577.961,2847289.491,0.00199801999997
315.673127296,2883.584,262144,2,85044.315,633826.323,85461.545,2847289.491,0.00209467900004
315.680844339,1048.576,262144,2,86092.891,633826.323,86510.121,2847289.491,0.00771704299996
315.687486315,1048.576,262144,2,87141.467,633826.323,87558.697,2847289.491,0.00664197600003
315.694071859,1048.576,262144,2,88190.043,633826.323,88607.273,2847289.491,0.00658554400002
315.700687924,1048.576,262144,2,89238.619,633826.323,89655.849,2847289.491,0.006616065
315.707314605,1048.576,262144,2,90287.195,633826.323,90704.425,2847289.491,0.006626681
315.714083692,1048.576,262144,2,91335.771,633826.323,91753.001,2847289.491,0.00676908699995
315.720694309,1048.576,262144,2,92384.347,633826.323,92801.577,2847289.491,0.00661061700004
315.72733852,301.726,262144,2,92686.073,633827.155,93103.303,2847290.323,0.00664421099998
315.762810279,0.185,185,2,92686.258,633836.147,93103.488,2847299.315,0.035471759
315.77041823,0.221,221,2,92686.479,633852.531,93103.709,2847315.699,0.00760795100001
316.771130611,0.221,221,2,92686.7,633868.915,93103.93,2847332.083,1.000712381
317.7718087,0.221,221,2,92686.921,633885.299,93104.151,2847348.467,1.000678089
318.772375741,0.221,221,2,92687.142,633894.259,93104.372,2847357.427,1.000567041
319.048359021,0.19,190,2,92687.332,633903.891,93104.562,2847367.059,0.27598328
319.195608682,1.575,1575,2,92688.907,633903.891,93106.137,2847367.059,0.147249661
319.197048041,0.286,286,2,92689.193,635272.915,93106.423,2848736.083,0.00143935900002
319.208657827,0.19,190,2,92689.383,635282.035,93106.613,2848745.203,0.011609786
319.773142529,0.221,221,2,92689.604,635298.419,93106.834,2848761.587,0.564484702
320.773988097,0.221,221,2,92689.825,635306.611,93107.055,2848769.779,1.000845568
321.274315688,2.339,2339,2,92692.164,635314.803,93109.394,2848777.971,0.500327591
321.774843304,0.221,221,2,92692.385,635322.995,93109.615,2848786.163,0.500527616
322.037110733,0.339,339,2,92692.724,635333.219,93109.954,2848796.387,0.262267429
322.47201066,1.575,1575,2,92694.299,635333.219,93111.529,2848796.387,0.434899927
322.47359508,0.286,286,2,92694.585,635718.243,93111.815,2849181.411,0.00158441999997
322.478968877,0.19,190,2,92694.775,635722.339,93112.005,2849185.507,0.005373797
322.528951141,0.286,286,2,92695.061,636919.395,93112.291,2850382.563,0.049982264
309.948516157,403.238,262144,6,403.54,191062.128,93112.481,2850385.427,0
322.539862235,0.19,190,2,92695.251,636929.123,93518.071,2850393.619,12.591346078
322.775710104,0.221,221,2,92695.472,636945.507,93518.292,2850410.003,0.235847869
323.776676079,0.221,221,2,92695.693,636961.891,93518.513,2850426.387,1.000965975
324.777516479,0.221,221,2,92695.914,636970.083,93518.734,2850434.579,1.0008404
325.313195353,0.185,185,2,92696.099,636971.091,93518.919,2850435.587,0.535678874
325.315237791,1.775,1775,2,92697.874,636972.211,93520.694,2850436.707,0.00204243799999
325.31719649,2883.584,262144,2,95581.458,636972.211,96404.278,2850436.707,0.001958699
325.324759742,1048.576,262144,2,96630.034,636972.211,97452.854,2850436.707,0.00756325200001
325.331524429,1048.576,262144,2,97678.61,636972.211,98501.43,2850436.707,0.00676468699999
325.338137701,1048.576,262144,2,98727.186,636972.211,99550.006,2850436.707,0.00661327199998
325.344755372,1048.576,262144,2,99775.762,636972.211,100598.582,2850436.707,0.00661767100001
325.351377722,1048.576,262144,2,100824.338,636972.211,101647.158,2850436.707,0.00662234999999
325.357997558,1048.576,262144,2,101872.914,636972.211,102695.734,2850436.707,0.00661983600003
325.364615858,1048.576,262144,2,102921.49,636972.211,103744.31,2850436.707,0.00661829999996
325.371371117,301.769,262144,2,103223.259,636973.187,104046.079,2850437.683,0.00675525900004
325.41634157,0.185,185,2,103223.444,636982.323,104046.264,2850446.819,0.044970453
325.778333482,0.221,221,2,103223.665,636991.427,104046.485,2850455.923,0.361991912
326.378735601,0.19,190,2,103223.855,636993.155,104046.675,2850457.651,0.600402119
326.382896954,0.19,190,2,103224.045,636995.507,104046.865,2850460.003,0.00416135299997
326.388915038,0.19,190,2,103224.235,636996.915,104047.055,2850461.411,0.006018084
326.392725508,0.19,190,2,103224.425,637005.427,104047.245,2850469.923,0.00381047000002
326.779178911,0.221,221,2,103224.646,637006.051,104047.466,2850470.547,0.386453403
326.946210347,0.19,190,2,103224.836,637015.315,104047.656,2850479.811,0.167031436
327.115418457,1.575,1575,2,103226.411,637015.315,104049.231,2850479.811,0.16920811
327.117032,0.286,286,2,103226.697,638351.411,104049.517,2851815.907,0.00161354300002
327.127965234,0.19,190,2,103226.887,638360.371,104049.707,2851824.867,0.010933234
327.781066302,0.221,221,2,103227.108,638376.755,104049.928,2851841.251,0.653101068
328.782040937,0.221,221,2,103227.329,638384.947,104050.149,2851849.443,1.000974635
329.383742383,2.339,2339,2,103229.668,638393.139,104052.488,2851857.635,0.601701446
329.782962982,0.221,221,2,103229.889,638410.179,104052.709,2851874.675,0.399220599
330.295752353,1.575,1575,2,103231.464,638410.179,104054.284,2851874.675,0.512789371
330.297837744,0.286,286,2,103231.75,638796.195,104054.57,2852260.691,0.00208539099998
330.305249091,0.19,190,2,103231.94,638797.155,104054.76,2852261.651,0.00741134700002
330.360352537,0.286,286,2,103232.226,638798.083,104055.046,2853900.979,0.055103446
330.372765149,0.19,190,2,103232.416,638807.171,104055.236,2853910.067,0.012412612
330.783836696,0.221,221,2,103232.637,638823.555,104055.457,2853926.451,0.411071547
331.784655446,0.221,221,2,103232.858,638831.747,104055.678,2853934.643,1.00081875
332.038687331,2.513,2513,2,103235.371,638840.803,104058.191,2853943.699,0.254031885
332.785461903,0.221,221,2,103235.592,638848.995,104058.412,2853951.891,0.746774572
333.415558719,0.185,185,2,103235.777,638849.827,104058.597,2853952.723,0.630096816
333.417676377,1.775,1775,2,103237.552,638850.867,104060.372,2853953.763,0.00211765800003
333.419753526,2621.44,262144,2,105858.992,638850.867,106681.812,2853953.763,0.002077149
333.426872309,1048.576,262144,2,106907.568,638850.867,107730.388,2853953.763,0.00711878299995
333.433486208,1048.576,262144,2,107956.144,638850.867,108778.964,2853953.763,0.006613899
333.44017833,1048.576,262144,2,109004.72,638850.867,109827.54,2853953.763,0.006692122
333.446714008,1048.576,262144,2,110053.296,638850.867,110876.116,2853953.763,0.00653567800003
333.453331679,1048.576,262144,2,111101.872,638850.867,111924.692,2853953.763,0.00661767099996
333.459951934,1048.576,262144,2,112150.448,638850.867,112973.268,2853953.763,0.00662025500003
333.466718717,1048.576,262144,2,113199.024,638850.867,114021.844,2853953.763,0.00676678299999
333.473641175,374.169,262144,2,113573.193,638851.667,114396.013,2853954.563,0.00692245800002
333.51882192,0.185,185,2,113573.378,638860.627,114396.198,2853963.523,0.045180745
333.786269059,0.221,221,2,113573.599,638877.011,114396.419,2853979.907,0.267447139
334.786951757,0.221,221,2,113573.82,638893.395,114396.64,2853996.291,1.000682698
335.787598907,0.221,221,2,113574.041,638902.323,114396.861,2854005.219,1.00064715
335.913701674,0.19,190,2,113574.231,638911.939,114397.051,2854014.835,0.126102767
336.09223611,1.575,1575,2,113575.806,638911.939,114398.626,2854014.835,0.178534436
336.094210872,0.286,286,2,113576.092,640092.515,114398.912,2855195.411,0.00197476200003
322.55677081,405.59,262144,6,809.13,191063.392,114399.102,2855197.571,0
235.329568243,0.302,152,5,0.302,183413.088,114837.09,2855198.451,0
336.106333503,0.19,190,2,113576.282,640101.603,115275.078,2855206.643,100.77676526
336.788394329,0.221,221,2,113576.503,640117.987,115275.299,2855223.027,0.682060826
337.78929158,0.221,221,2,113576.724,640126.179,115275.52,2855231.219,1.000897251
338.419985469,2.339,2339,2,113579.063,640134.371,115277.859,2855239.411,0.630693889
338.790226964,0.221,221,2,113579.284,640151.891,115278.08,2855256.931,0.370241495
339.761451727,1.575,1575,2,113580.859,640151.891,115279.655,2855256.931,0.971224763
339.763373969,0.286,286,2,113581.145,640553.299,115279.941,2855658.339,0.00192224199998
339.774027977,0.19,190,2,113581.335,640565.587,115280.131,2855670.627,0.010654008
339.791143212,0.221,221,2,113581.556,640573.779,115280.352,2855678.819,0.017115235
339.815330017,0.286,286,2,113581.842,641968.467,115280.638,2857073.507,0.024186805
336.141439643,437.988,262144,6,1247.118,191064.192,115280.828,2857075.331,0
339.823145466,0.19,190,2,113582.032,641977.683,115716.331,2857083.523,3.681705823
340.792109676,0.221,221,2,113582.253,641994.067,115716.552,2857099.907,0.96896421
341.793014121,0.221,221,2,113582.474,642002.259,115716.773,2857108.099,1.000904445
342.037900709,2.513,2513,2,113584.987,642003.251,115719.286,2857109.091,0.244886588
342.516914555,0.185,185,2,113585.172,642004.211,115719.471,2857110.051,0.479013846
342.518911108,1.775,1775,2,113586.947,642005.187,115721.246,2857111.027,0.00199655299997
342.520786137,2621.44,262144,2,116208.387,642005.187,118342.686,2857111.027,0.00187502900002
342.528060875,1048.576,262144,2,117256.963,642005.187,119391.262,2857111.027,0.00727473799998
342.534714375,1048.576,262144,2,118305.539,642005.187,120439.838,2857111.027,0.00665350000003
342.5413171,1048.576,262144,2,119354.115,642005.187,121488.414,2857111.027,0.00660272499999
342.547935469,1048.576,262144,2,120402.691,642005.187,122536.99,2857111.027,0.00661836899997
342.554551604,1048.576,262144,2,121451.267,642005.187,123585.566,2857111.027,0.006616135
342.561323624,1048.576,262144,2,122499.843,642005.187,124634.142,2857111.027,0.00677202000003
342.5679436,1048.576,262144,2,123548.419,642005.187,125682.718,2857111.027,0.00661997599997
342.574554497,345.166,262144,2,123893.585,642006.115,126027.884,2857111.955,0.00661089700003
342.632733473,0.185,185,2,123893.77,642015.203,126028.069,2857121.043,0.058178976
342.793849632,0.221,221,2,123893.991,642031.587,126028.29,2857137.427,0.161116159
343.794684375,0.221,221,2,123894.212,642040.643,126028.511,2857146.483,1.000834743
344.271613529,0.19,190,2,123894.402,642042.275,126028.701,2857148.115,0.476929154
344.35969994,0.19,190,2,123894.592,642044.483,126028.891,2857150.323,0.088086411
344.365789053,0.19,190,2,123894.782,642045.795,126029.081,2857151.635,0.00608911300003
344.370074304,0.19,190,2,123894.972,642046.979,126029.271,2857152.819,0.004285251
344.374503149,0.19,190,2,123895.162,642056.355,126029.461,2857162.195,0.00442884500001
344.459266931,1.575,1575,2,123896.737,642056.355,126031.036,2857162.195,0.084763782
344.460630024,0.286,286,2,123897.023,643318.691,126031.322,2858424.531,0.00136309300001
344.473430464,0.19,190,2,123897.213,643327.619,126031.512,2858433.459,0.01280044
339.833166713,435.503,262144,6,1682.621,191064.96,126031.733,2858442.419,0
344.795449836,0.221,221,2,123897.434,643344.003,126475.284,2858450.611,4.962283123
345.796299664,0.221,221,2,123897.655,643352.195,126475.505,2858458.803,1.000849828
346.342885093,2.382,2382,2,123900.037,643360.387,126477.887,2858466.995,0.546585429
346.797154941,0.221,221,2,123900.258,643443.651,126478.108,2858683.059,0.454269848
