time,size,first_call,destination,dest_out_traffic,dest_in_traffic,total_network_out,total_network_in,dens10
0.0,66.073,0,8,66.073,0.0,66.073,0.0,0
3.563784981,0.244,244,2,0.244,32.989,165.158,35.037,3.563784981
3.60393381,0.183,183,2,0.427,49.373,165.341,51.421,0.040148829
4.613721435,0.183,183,2,0.61,65.757,165.524,67.805,1.009787625
5.614947441,0.183,183,2,0.793,82.141,165.707,84.189,1.001226006
6.615829948,0.183,183,2,0.976,98.525,165.89,100.573,1.000882507
7.616943022,0.183,183,2,1.159,114.909,166.073,116.957,1.001113074
8.617703298,0.183,183,2,1.342,131.293,166.256,133.341,1.000760276
9.618509658,0.183,183,2,1.525,147.677,166.439,149.725,1.00080636
10.619508281,0.183,183,2,1.708,164.061,166.622,166.109,1.000998623
11.620322417,0.183,183,2,1.891,172.253,166.805,174.301,1.000814136
12.169755703,0.268,268,7,0.268,8.452,167.239,185.25,0.549433286
11.636515307,0.166,166,2,2.057,182.942,167.492,201.634,0
12.628152742,0.219,219,2,2.276,215.71,167.711,234.402,0.991637435
12.688696566,0.283,283,2,2.559,232.094,167.994,250.786,0.060543824
12.732469349,0.207,207,2,2.766,248.478,168.201,267.17,0.043772783
12.774469788,0.102,102,2,2.868,256.67,168.303,275.362,0.042000439
12.207652805,0.253,253,7,0.521,24.836,168.429,86470.954,0
13.219356842,0.291,291,7,0.812,25.123,168.72,86947.472,1.011704037
12.801087038,0.126,126,2,2.994,211895.133,168.954,211930.496,0
13.630168469,0.219,219,2,3.213,330363.759,169.173,330399.122,0.829081431
13.222036062,0.234,234,7,1.046,41.507,169.299,401225.448,0
14.223495,0.405,405,7,1.451,41.908,169.704,402005.944,1.001458938
13.988124274,0.126,126,2,3.339,493542.906,169.934,493595.054,0
14.636374569,0.219,219,2,3.558,493559.29,170.153,493611.438,0.648250295
15.040437405,0.174,174,2,3.732,493575.674,170.327,493627.822,0.404062836
15.041798318,0.188,188,2,3.92,493583.866,170.515,493636.014,0.001360913
14.226168385,0.23,230,7,1.681,58.292,170.639,493886.413,0
15.043724649,0.124,124,2,4.044,493834.265,171.29,493903.444,0.817556264
15.047394705,0.651,651,7,2.332,75.323,171.46,493928.02,0.003670056
15.072978646,0.17,170,2,4.214,493850.649,171.957,493928.513,0.025583941
15.074290251,0.184,184,2,4.398,493850.649,172.141,493936.705,0.001311605
15.074026125,0.497,497,7,2.829,92.2,172.265,494011.824,0
15.075964163,0.124,124,2,4.522,493925.768,172.644,494028.583,0.001938038
15.087296706,0.379,379,7,3.208,108.959,172.863,494044.967,0.011332543
16.089140486,0.156,156,7,3.364,125.495,173.019,494061.503,1.00184378
15.638099225,0.219,219,2,4.741,493942.152,173.175,494078.039,0
16.639345479,0.219,219,2,4.96,493958.536,173.394,494094.423,1.001246254
17.640393963,0.219,219,2,5.179,493991.304,173.613,494127.191,1.001048484
17.807153265,0.264,264,2,5.443,494007.688,173.877,494143.575,0.166759302
18.643186704,0.219,219,2,5.662,494024.072,174.096,494159.959,0.836033439
19.644291894,0.219,219,2,5.881,494040.456,174.315,494176.343,1.00110519
19.892632364,1.228,1228,2,7.109,494056.84,175.543,494192.727,0.24834047
20.8936274,0.183,183,2,7.292,494073.224,175.726,494209.111,1.000995036
21.895136581,0.183,183,2,7.475,494089.608,175.909,494225.495,1.001509181
22.896000126,0.183,183,2,7.658,494105.992,176.092,494241.879,1.000863545
23.896753676,0.183,183,2,7.841,494122.376,176.275,494258.263,1.00075355
24.897354787,0.183,183,2,8.024,494138.76,176.458,494274.647,1.000601111
25.897965378,0.183,183,2,8.207,494155.144,176.641,494291.031,1.000610591
26.898722029,0.183,183,2,8.39,494171.528,176.824,494307.415,1.000756651
27.899444993,0.183,183,2,8.573,494179.72,177.007,494315.607,1.000722964
28.076364405,0.166,166,2,8.739,494190.644,177.173,494326.531,0.176919412
28.901112505,0.219,219,2,8.958,494198.836,177.392,494334.723,0.8247481
29.902221574,0.219,219,2,9.177,494207.028,177.611,494342.915,1.001109069
30.270303291,0.176,176,2,9.353,494209.076,177.787,494344.963,0.368081717
30.357740819,0.154,154,2,9.507,494211.636,177.941,494347.523,0.087437528
30.51465478,0.17,170,2,9.677,494213.684,178.111,494349.571,0.156913961
30.559436706,0.172,172,2,9.849,494214.708,178.283,494350.595,0.044781926
30.878596524,0.177,177,2,10.026,494223.892,178.46,494359.779,0.319159818
30.907555842,0.219,219,2,10.245,494223.892,178.679,494359.779,0.028959318
30.910402869,0.176,176,2,10.421,494233.044,178.855,494368.931,0.002847027
30.944265663,1.53,1530,2,11.951,494233.972,180.385,494369.859,0.033862794
31.029225149,1.256,1256,2,13.207,494234.868,181.641,494370.755,0.084959486
31.052844794,0.171,171,2,13.378,494243.924,181.812,494379.811,0.023619645
31.913070585,0.219,219,2,13.597,494260.308,182.031,494396.195,0.860225791
32.918355783,0.219,219,2,13.816,494276.692,182.25,494412.579,1.005285198
33.924176074,0.219,219,2,14.035,494293.076,182.469,494428.963,1.005820291
34.929581107,0.219,219,2,14.254,494309.46,182.688,494445.347,1.005405033
35.933589702,0.219,219,2,14.473,494325.844,182.907,494461.731,1.004008595
36.934214738,0.219,219,2,14.692,494342.228,183.126,494478.115,1.000625036
37.934825724,0.219,219,2,14.911,494358.612,183.345,494494.499,1.000610986
38.935653567,0.219,219,2,15.13,494374.996,183.564,494510.883,1.000827843
39.936453669,0.219,219,2,15.349,494391.764,183.783,494527.651,1.000800102
40.372693906,1.575,1575,2,16.924,494391.764,185.358,494527.651,0.436240237
40.480785295,0.286,286,2,17.21,494399.444,185.644,494535.331,0.108091389
40.559039666,0.189,189,2,17.399,494410.708,185.833,494546.595,0.078254371
40.937558711,0.219,219,2,17.618,494418.9,186.052,494554.787,0.378519045
40.952101717,0.286,286,2,17.904,494464.98,186.338,494600.867,0.014543006
40.960974831,0.189,189,2,18.093,494473.684,212.196,494613.667,0.008873114
-5753692.53628,66.073,66073,8,132.146,24.576,212.415,494646.435,0
41.980094867,0.235,235,8,132.381,40.96,212.65,494662.819,5753734.51637
42.057316792,0.102,102,8,132.483,49.152,212.752,494671.011,0.077221925
41.938942722,0.219,219,2,18.312,494490.068,212.904,501749.014,0
42.940882779,0.219,219,2,18.531,494506.452,213.123,516037.166,1.001940057
43.942230343,0.219,219,2,18.75,494522.836,213.342,530127.099,1.001347564
44.944317675,0.219,219,2,18.969,494539.22,213.561,544547.397,1.002087332
45.945538181,0.219,219,2,19.188,494555.604,213.78,559826.644,1.001220506
46.946633074,0.219,219,2,19.407,494563.796,213.999,568688.618,1.001094893
47.543334365,2.513,2513,2,21.92,494572.5,216.512,574974.257,0.596701291
47.947706012,0.219,219,2,22.139,494588.884,216.731,590451.723,0.404371647
48.948846448,0.219,219,2,22.358,494605.268,216.95,605400.605,1.001140436
49.949884464,0.219,219,2,22.577,494621.652,217.169,620019.122,1.001038016
42.085329008,0.152,152,8,132.635,135366.656,217.389,630136.483,0
50.95095668,0.22,220,2,22.797,494629.844,217.541,630202.556,8.865627672
51.712511952,2.535,2535,2,25.332,494641.876,220.076,630214.588,0.761555272
51.623976739,0.152,152,8,132.787,135440.921,221.651,630222.78,0
51.789913656,0.145,145,8,132.932,135449.113,221.796,630230.972,0.165936917
51.719965971,1.575,1575,2,26.907,494650.068,221.948,631587.331,0
51.952070782,0.22,220,2,27.127,494666.452,222.168,646800.505,0.232104811
52.953188422,0.22,220,2,27.347,494682.836,222.388,662211.898,1.00111764
53.954307286,0.22,220,2,27.567,494699.22,222.608,676896.488,1.001118864
54.955407017,0.22,220,2,27.787,494715.604,222.828,691977.516,1.001099731
55.956289285,0.22,220,2,28.007,494731.988,223.048,707124.617,1.000882268
56.956912911,0.22,220,2,28.227,494740.18,223.268,715722.299,1.000623626
57.513263589,2.513,2513,2,30.74,494752.468,225.781,722407.96,0.556350678
57.957872324,0.22,220,2,30.96,494768.852,226.001,737621.134,0.444608735
58.958582857,0.22,220,2,31.18,494785.236,226.221,752636.089,1.000710533
51.793387478,0.152,152,8,133.084,271123.689,226.441,766057.1,0
59.959663951,0.22,220,2,31.4,494793.428,226.593,766123.173,8.166276473
60.912857126,2.578,2578,2,33.978,494803.668,229.171,766133.413,0.953193175
60.859400467,0.152,152,8,133.236,271197.954,230.746,766141.605,0
60.929111122,0.145,145,8,133.381,271214.338,230.891,766157.989,0.069710655
60.931826028,0.149,149,8,133.53,271222.53,231.04,766166.181,0.002714906
60.919577282,1.575,1575,2,35.553,494811.86,231.192,766702.526,0
60.960934312,0.22,220,2,35.773,494820.052,231.412,781973.581,0.04135703
61.962269321,0.22,220,2,35.993,494836.436,231.632,797384.974,1.001335009
62.963065264,0.22,220,2,36.213,494852.82,231.852,812796.367,1.000795943
63.96371807,0.22,220,2,36.433,494869.204,232.072,828207.76,1.000652806
64.964486875,0.22,220,2,36.653,494885.588,232.292,843090.569,1.000768805
65.965372071,0.22,220,2,36.873,494901.972,232.512,858369.816,1.000885196
66.966053491,0.22,220,2,37.093,494910.164,232.732,866504.987,1.00068142
67.512659266,2.513,2513,2,39.606,494951.124,235.245,873615.758,0.546605775
67.967012422,0.22,220,2,39.826,494967.508,235.465,888234.275,0.454353156
60.934284651,0.152,152,8,133.682,407002.114,235.685,902117.797,0
68.967931668,0.22,220,2,40.046,494975.7,235.837,902183.87,8.033647017
69.940319795,2.535,2535,2,42.581,495024.852,238.372,902233.022,0.972388127
69.884437181,0.152,152,8,133.834,407076.379,239.947,902241.214,0
69.953863012,0.145,145,8,133.979,407092.763,240.092,902257.598,0.069425831
69.955866442,0.149,149,8,134.128,407100.955,240.241,902265.79,0.00200343
69.946892863,1.575,1575,2,44.156,495033.044,240.393,902697.127,0
69.969045662,0.22,220,2,44.376,495049.428,240.613,917447.79,0.022152799
70.970252092,0.22,220,2,44.596,495065.812,240.833,932793.11,1.00120643
71.971267109,0.22,220,2,44.816,495082.196,241.053,948072.357,1.001015017
72.972065939,0.22,220,2,45.036,495098.58,241.273,963615.896,1.00079883
73.973227679,0.22,220,2,45.256,495114.964,241.493,979225.508,1.00116174
74.974327673,0.22,220,2,45.476,495131.348,241.713,994570.828,1.001099994
75.975406196,0.22,220,2,45.696,495147.732,241.933,1010180.44,1.001078523
76.976264473,0.22,220,2,45.916,495155.924,242.153,1018183.465,1.000858277
77.511921649,2.513,2513,2,48.429,495180.5,244.666,1025343.925,0.535657176
69.959019559,0.152,152,8,134.28,542775.531,244.886,1038104.206,0
77.977268539,0.22,220,2,48.649,495188.692,245.038,1038260.835,8.01824898
78.866204325,2.535,2535,2,51.184,495221.46,247.573,1038293.603,0.888935786
78.814111001,0.152,152,8,134.432,542940.352,249.148,1038301.795,0
78.878342449,0.145,145,8,134.577,542956.736,249.293,1038318.179,0.064231448
78.880366593,0.149,149,8,134.726,542964.928,249.442,1038326.371,0.002024144
78.871510972,1.575,1575,2,52.759,495229.652,249.594,1039460.591,0
78.978509981,0.22,220,2,52.979,495246.036,249.814,1054938.057,0.106999009
79.979274916,0.22,220,2,53.199,495262.42,250.034,1070547.669,1.000764935
80.980266703,0.22,220,2,53.419,495278.804,250.254,1085496.551,1.000991787
81.981023607,0.22,220,2,53.639,495295.188,250.474,1100313.287,1.000756904
82.981753968,0.22,220,2,53.859,495311.572,250.694,1115856.826,1.000730361
83.982733392,0.22,220,2,54.079,495327.956,250.914,1131532.511,1.000979424
84.983462402,0.22,220,2,54.299,495344.34,251.134,1146679.612,1.00072901
85.984550993,0.22,220,2,54.519,495360.724,251.354,1162355.297,1.001088591
86.985364471,0.22,220,2,54.739,495368.916,251.574,1170754.76,1.000813478
78.882415837,0.152,152,8,134.878,678615.584,254.087,1174190.019,0
87.515486819,2.513,2513,2,57.252,495434.452,254.239,1174256.092,8.633070982
87.846080714,2.535,2535,2,59.787,495532.756,256.774,1174354.396,0.330593895
87.733131313,0.152,152,8,135.03,678689.849,258.349,1174362.588,0
87.858120195,0.145,145,8,135.175,678706.233,258.494,1174378.972,0.124988882
87.859920414,0.149,149,8,135.324,678714.425,258.643,1174387.164,0.001800219
87.851999978,1.575,1575,2,61.362,495540.948,258.795,1176314.26,0
87.986442237,0.22,220,2,61.582,495557.332,259.015,1191791.726,0.134442259
88.987728865,0.22,220,2,61.802,495573.716,259.235,1207269.192,1.001286628
89.988462246,0.22,220,2,62.022,495590.1,259.455,1222878.804,1.000733381
90.98958789,0.22,220,2,62.242,495606.484,259.675,1238488.416,1.001125644
91.990621865,0.22,220,2,62.462,495639.252,259.895,1269641.567,1.001033975
93.992647218,0.22,220,2,62.682,495655.636,260.115,1285317.252,2.002025353
94.993574122,0.22,220,2,62.902,495672.02,260.335,1300067.915,1.000926904
87.862199149,0.152,152,8,135.476,814299.008,260.555,1310119.203,0
95.994475445,0.22,220,2,63.122,495680.212,260.707,1310213.178,8.132276296
96.699097219,2.535,2535,2,65.657,495745.748,263.242,1310278.714,0.704621774
96.649540085,0.152,152,8,135.628,814392.983,264.817,1310278.714,0
96.711081753,0.145,145,8,135.773,814417.559,264.962,1310303.29,0.061541668
96.714658869,0.149,149,8,135.922,814425.751,265.111,1310311.482,0.003577116
96.706311331,1.575,1575,2,67.232,495753.94,265.263,1315072.11,0
96.995606863,0.22,220,2,67.452,495762.132,265.483,1323009.062,0.289295532
97.511446869,2.513,2513,2,69.965,495803.092,267.996,1330714.49,0.515840006
97.996615432,0.22,220,2,70.185,495819.476,268.216,1346390.175,0.485168563
98.997687768,0.22,220,2,70.405,495835.86,268.436,1361669.422,1.001072336
99.998803146,0.22,220,2,70.625,495852.244,268.656,1376750.45,1.001115378
100.999812733,0.22,220,2,70.845,495868.628,268.876,1392360.062,1.001009587
102.000533132,0.22,220,2,71.065,495885.012,269.096,1407771.455,1.000720399
103.001113018,0.22,220,2,71.285,495901.396,269.316,1422984.629,1.000579886
104.00183399,0.22,220,2,71.505,495917.78,269.536,1437801.365,1.000720972
96.716733096,0.152,152,8,136.074,950795.603,269.756,1446861.558,0
105.002724549,0.22,220,2,71.725,495925.972,269.908,1446989.756,8.285991453
105.648739911,2.535,2535,2,74.26,495958.74,272.443,1447022.524,0.646015362
105.599283122,0.152,152,8,136.226,950931.993,274.018,1447030.716,0
105.66217022,0.145,145,8,136.371,950948.377,274.163,1447047.1,0.062887098
105.663879726,0.149,149,8,136.52,950956.569,274.312,1447055.292,0.00170950600001
105.654487453,1.575,1575,2,75.835,495966.932,274.464,1452505.936,0
106.003785424,0.22,220,2,76.055,495983.316,274.684,1467983.402,0.349297971
107.004815957,0.22,220,2,76.275,495991.508,274.904,1475589.989,1.001030533
107.511651552,2.513,2513,2,78.788,496016.084,277.417,1483543.325,0.506835595
108.00601591,0.22,220,2,79.008,496032.468,277.637,1499351.156,0.494364358
109.007042294,0.22,220,2,79.228,496048.852,277.857,1514762.549,1.001026384
110.007974367,0.22,220,2,79.448,496065.236,278.077,1530306.088,1.000932073
111.008998604,0.22,220,2,79.668,496081.62,278.297,1546113.919,1.001024237
112.009849123,0.22,220,2,79.888,496098.004,278.517,1561525.312,1.000850519
113.010980296,0.22,220,2,80.108,496114.388,278.737,1577267.07,1.001131173
105.665625849,0.152,152,8,136.672,1086959.269,278.957,1583221.832,0
114.011987897,0.22,220,2,80.328,496122.58,279.109,1583378.461,8.346362048
114.456802238,2.535,2535,2,82.863,496147.156,281.644,1583403.037,0.444814341
114.402978465,0.152,152,8,136.824,1087124.09,283.219,1583411.229,0
114.4670525,0.145,145,8,136.969,1087140.474,283.364,1583427.613,0.064074035
114.469814155,0.149,149,8,137.118,1087148.666,283.513,1583435.805,0.002761655
114.462229895,1.575,1575,2,84.438,496155.348,283.665,1590910.246,0
115.013325611,0.22,220,2,84.658,496171.732,283.885,1606652.004,0.551095716
116.014092313,0.22,220,2,84.878,496188.116,284.105,1622525.908,1.000766702
117.015013043,0.22,220,2,85.098,496196.308,284.325,1630396.787,1.00092073
117.511388985,2.513,2513,2,87.611,496270.036,286.838,1638597.494,0.496375942
118.016083696,0.22,220,2,87.831,496286.42,287.058,1654141.033,0.504694711
119.01680736,0.22,220,2,88.051,496302.804,287.278,1669948.864,1.000723664
120.017561201,0.22,220,2,88.271,496319.188,287.498,1685029.892,1.000753841
121.018547451,0.22,220,2,88.491,496335.572,287.718,1700837.723,1.00098625
122.01933583,0.22,220,2,88.711,496351.956,287.938,1716116.97,1.000788379
114.472169961,0.152,152,8,137.27,1222466.17,288.158,1718966.301,0
123.02048636,0.22,220,2,88.931,496360.148,288.31,1719122.93,8.548316399
123.265017623,2.535,2535,2,91.466,496458.452,290.845,1719221.234,0.244531263
123.218828844,0.152,152,8,137.422,1222630.991,292.42,1719229.426,0
123.275369205,0.145,145,8,137.567,1222647.375,292.565,1719245.81,0.056540361
123.277809574,0.149,149,8,137.716,1222655.567,292.714,1719254.002,0.002440369
123.270633677,1.575,1575,2,93.041,496466.644,292.866,1730866.701,0
124.021461321,0.22,220,2,93.261,496499.412,293.086,1761359.122,0.750827644
126.023502036,0.22,220,2,93.481,496515.796,293.306,1776968.734,2.002040715
127.024464867,0.22,220,2,93.701,496523.988,293.526,1784575.321,1.000962831
127.511311369,2.513,2513,2,96.214,496597.716,296.039,1792776.028,0.486846502
128.025341464,0.22,220,2,96.434,496614.1,296.259,1808385.64,0.514030095
129.026050725,0.22,220,2,96.654,496630.484,296.479,1823730.96,1.000709261
130.027117375,0.22,220,2,96.874,496646.868,296.699,1838878.061,1.00106665
131.028396088,0.221,221,2,97.095,496663.252,296.92,1854553.746,1.001278713
123.279500902,0.152,152,8,137.868,1358146.949,297.141,1854958.376,0
132.029021789,0.221,221,2,97.316,496671.444,297.293,1855062.877,8.749520887
132.103950052,2.535,2535,2,99.851,496704.212,299.828,1855095.645,0.074928263
132.058251708,0.152,152,8,138.02,1358259.642,301.403,1855103.837,0
132.113953547,0.145,145,8,138.165,1358276.026,301.548,1855120.221,0.055701839
132.115891832,0.149,149,8,138.314,1358284.218,301.697,1855128.413,0.00193828499999
132.109198982,1.575,1575,2,101.426,496712.404,301.849,1869361.654,0
133.029900968,0.221,221,2,101.647,496728.788,302.07,1884905.193,0.920701986
134.03061122,0.221,221,2,101.868,496745.172,302.291,1900580.878,1.000710252
135.031238988,0.221,221,2,102.089,496761.556,302.512,1916256.563,1.000627768
136.032151562,0.221,221,2,102.31,496777.94,302.733,1931205.445,1.000912574
137.032789245,0.221,221,2,102.531,496786.132,302.954,1938613.813,1.000637683
137.512069889,2.513,2513,2,105.044,496818.9,305.467,1946905.706,0.479280644
138.033599039,0.221,221,2,105.265,496835.284,305.688,1962515.318,0.52152915
139.03442374,0.221,221,2,105.486,496851.668,305.909,1977464.2,1.000824701
132.117999868,0.152,152,8,138.466,1494017.514,306.13,1991017.357,0
140.035008035,0.221,221,2,105.707,496859.86,306.282,1991114.228,7.917008167
140.957554322,2.578,2578,2,108.285,496880.34,308.86,1991134.708,0.922546287
140.911512415,0.152,152,8,138.618,1494122.577,310.435,1991142.9,0
140.968022575,0.145,145,8,138.763,1494138.961,310.58,1991159.284,0.05651016
140.970020051,0.149,149,8,138.912,1494147.153,310.729,1991167.476,0.00199747600001
140.962640826,1.575,1575,2,109.86,496888.532,310.881,1992246.137,0
141.035950796,0.221,221,2,110.081,496904.916,311.102,2008120.041,0.07330997
142.036995745,0.221,221,2,110.302,496921.3,311.323,2023663.58,1.001044949
143.037709195,0.221,221,2,110.523,496937.684,311.544,2039207.119,1.00071345
144.038310764,0.221,221,2,110.744,496954.068,311.765,2054618.512,1.000601569
145.038937494,0.221,221,2,110.965,496970.452,311.986,2070228.124,1.00062673
146.039560178,0.221,221,2,111.186,496986.836,312.207,2085573.444,1.000622684
147.040346973,0.221,221,2,111.407,496995.028,312.428,2092981.812,1.000786795
147.510928585,2.513,2513,2,113.92,497134.292,314.941,2101248.055,0.470581612
148.041452577,0.221,221,2,114.141,497150.676,315.162,2110778.951,0.530523992
149.042386502,0.221,221,2,114.362,497167.06,315.383,2126454.636,1.000933925
140.972280639,0.152,152,8,139.064,1629676.177,315.604,2126991.412,0
150.042983626,0.221,221,2,114.583,497175.252,315.756,2127085.387,9.070702987
150.12389478,2.535,2535,2,117.118,497183.444,318.291,2127095.099,0.080911154
151.043892,0.221,221,2,117.339,497199.828,318.512,2127111.483,0.91999722
152.044709391,0.221,221,2,117.56,497216.212,318.733,2127127.867,1.000817391
153.045372773,0.221,221,2,117.781,497232.596,318.954,2127144.251,1.000663382
154.045935017,0.221,221,2,118.002,497248.98,319.175,2127160.635,1.000562244
155.046536276,0.221,221,2,118.223,497265.364,319.396,2127177.019,1.000601259
156.047072219,0.221,221,2,118.444,497289.94,319.617,2127201.595,1.000535943
157.51036165,0.339,339,2,118.783,497330.9,319.956,2127242.555,1.463289431
158.048276068,0.221,221,2,119.004,497347.284,320.177,2127258.939,0.537914418
159.048871052,0.221,221,2,119.225,497363.668,320.398,2127275.323,1.000594984
160.049445878,0.221,221,2,119.446,497380.052,320.619,2127293.627,1.000574826
161.050255754,0.221,221,2,119.667,497396.436,320.84,2127310.011,1.000809876
162.050898517,0.221,221,2,119.888,497412.82,321.061,2127326.395,1.000642763
163.051471559,0.221,221,2,120.109,497429.204,321.282,2127342.779,1.000573042
164.05204184,0.221,221,2,120.33,497445.588,321.503,2127359.163,1.000570281
165.05265792,0.221,221,2,120.551,497461.972,321.724,2127375.547,1.00061608
166.053272562,0.221,221,2,120.772,497478.356,321.945,2127391.931,1.000614642
167.053883866,0.221,221,2,120.993,497486.548,322.166,2127400.123,1.000611304
167.51019655,0.339,339,2,121.332,497543.892,322.505,2127457.467,0.456312684
168.054507566,0.221,221,2,121.553,497560.276,322.726,2127473.851,0.544311016
169.055082025,0.221,221,2,121.774,497576.66,322.947,2127490.235,1.000574459
170.055675578,0.221,221,2,121.995,497593.044,323.168,2127506.619,1.000593553
171.056238158,0.221,221,2,122.216,497609.428,323.389,2127523.003,1.00056258
172.056785279,0.221,221,2,122.437,497625.812,323.61,2127539.387,1.000547121
173.05733611,0.221,221,2,122.658,497642.196,323.831,2127555.771,1.000550831
174.057849592,0.221,221,2,122.879,497658.58,324.052,2127572.155,1.000513482
175.05837143,0.221,221,2,123.1,497674.964,324.273,2127588.539,1.000521838
176.058888583,0.221,221,2,123.321,497691.348,324.494,2127604.923,1.000517153
177.059419427,0.221,221,2,123.542,497699.54,324.715,2127613.115,1.000530844
177.510143733,0.339,339,2,123.881,497744.596,325.054,2127658.171,0.450724306
177.710300818,1.575,1575,2,125.456,497744.596,326.629,2127658.171,0.200157085
177.718417889,0.286,286,2,125.742,497973.972,326.915,2127887.547,0.00811707099999
177.726040838,0.189,189,2,125.931,498039.508,327.104,2127953.083,0.00762294899999
177.74751106,0.249,249,2,126.18,498105.044,327.353,2128018.619,0.021470222
177.791565641,0.15,150,4,0.15,181.248,327.767,2128234.683,0.044054581
0.0,32.768,0,6,32.768,0.0,327.919,2128679.099,0
177.761089746,0.114,114,2,126.294,498146.004,328.071,2198225.499,177.761089746
178.060404928,0.221,221,2,126.515,498162.388,328.292,2490479.195,0.299315182
179.061742809,0.221,221,2,126.736,498178.772,328.513,2530898.523,1.001337881
180.063007731,0.221,221,2,126.957,498195.156,328.734,2530914.907,1.001264922
181.064107306,0.221,221,2,127.178,498211.54,328.955,2530931.291,1.001099575
182.065222187,0.221,221,2,127.399,498227.924,329.176,2530947.675,1.001114881
183.066262491,0.221,221,2,127.62,498244.308,329.397,2530964.059,1.001040304
177.79716185,0.15,150,3,0.15,102503.424,329.618,2530972.251,0
184.067207147,0.221,221,2,127.841,498260.692,329.752,2590405.211,6.270045297
185.068344541,0.221,221,2,128.062,498277.076,329.973,2590422.955,1.001137394
41.016640443,25.669,25669,5,25.669,6.848,330.194,2590431.147,0
186.069351664,0.221,221,2,128.283,498293.46,330.346,2657853.867,145.052711221
187.070438551,0.221,221,2,128.504,498301.652,330.567,2657862.059,1.001086887
187.512513682,2.513,2513,2,131.017,498326.228,333.08,2657888.139,0.442075131
177.804302271,0.152,152,6,32.92,110068.704,333.301,2657896.331,0
188.071501226,0.221,221,2,131.238,498358.996,333.451,2726045.579,10.267198955
186.671102708,0.152,152,5,25.821,67421.376,333.672,2726053.771,0
190.075707673,0.221,221,2,131.459,498375.38,333.822,2796465.291,3.404604965
191.0768888,0.221,221,2,131.68,498391.764,334.043,2796481.675,1.001181127
192.079310025,0.221,221,2,131.901,498408.148,334.264,2796498.059,1.002421225
193.080316478,0.221,221,2,132.122,498424.532,334.485,2796514.443,1.001006453
194.081573764,0.221,221,2,132.343,498440.916,334.706,2796530.827,1.001257286
195.082856365,0.221,221,2,132.564,498457.3,334.927,2796547.211,1.001282601
196.083870505,0.221,221,2,132.785,498473.684,335.148,2796563.595,1.00101414
197.084583377,0.221,221,2,133.006,498481.876,335.369,2796571.787,1.000712872
197.51231037,2.513,2513,2,135.519,498498.26,337.882,2796588.171,0.427726993
198.085468968,0.221,221,2,135.74,498514.644,338.103,2796604.555,0.573158598
199.086481886,0.221,221,2,135.961,498531.028,338.324,2796620.939,1.001012918
200.088297065,0.221,221,2,136.182,498539.22,338.545,2796629.131,1.001815179
200.715099486,0.178,178,2,136.36,498551.508,338.723,2796641.419,0.626802421
201.089500494,0.221,221,2,136.581,498559.7,338.944,2796649.611,0.374401008
201.994574396,2.588,2588,2,139.169,498567.892,341.532,2796657.803,0.905073902
202.090502421,0.221,221,2,139.39,498584.276,341.753,2796674.187,0.095928025
203.091161753,0.221,221,2,139.611,498600.66,341.974,2796690.571,1.000659332
204.091692587,0.221,221,2,139.832,498617.044,342.195,2796706.955,1.000530834
205.092193209,0.221,221,2,140.053,498633.428,342.416,2796723.339,1.000500622
206.092740316,0.221,221,2,140.274,498649.812,342.637,2796739.723,1.000547107
207.093241321,0.221,221,2,140.495,498658.004,342.858,2796747.915,1.000501005
207.788249094,0.339,339,2,140.834,498668.244,343.197,2796758.155,0.695007773
208.094115542,0.221,221,2,141.055,498684.628,343.418,2796774.539,0.305866448
209.09484878,0.221,221,2,141.276,498701.012,343.639,2796790.923,1.000733238
210.09538858,0.221,221,2,141.497,498717.396,343.86,2796807.307,1.0005398
211.095994376,0.221,221,2,141.718,498742.484,344.081,2796832.395,1.000605796
211.279652186,1.575,1575,2,143.293,498742.484,345.656,2796832.395,0.18365781
211.281867742,0.286,286,2,143.579,498828.5,345.942,2796918.411,0.00221555600001
211.288604696,0.189,189,2,143.768,498834.644,346.131,2796924.555,0.00673695399999
212.065991748,2.376,2376,2,146.144,498842.836,348.507,2796932.747,0.777387052
212.096920894,0.221,221,2,146.365,498859.22,348.728,2796949.131,0.030929146
213.098191654,0.221,221,2,146.586,498875.604,348.949,2796965.515,1.00127076
214.098883863,0.221,221,2,146.807,498887.892,349.17,2796977.803,1.000692209
214.179920525,0.189,189,2,146.996,498889.908,349.359,2796979.819,0.081036662
214.185178882,0.189,189,2,147.185,498891.796,349.548,2796981.707,0.005258357
214.193898677,0.189,189,2,147.374,498902.02,349.737,2796991.931,0.00871979499999
214.461611989,1.575,1575,2,148.949,498902.02,351.312,2796991.931,0.267713312
214.466618891,0.286,286,2,149.235,499172.356,351.598,2797262.267,0.00500690199999
214.472644028,0.189,189,2,149.424,499176.452,351.787,2797266.363,0.00602513699999
214.948066765,0.286,286,2,149.71,499178.5,352.073,2797465.019,0.475422737
214.953890149,0.189,189,2,149.899,499187.716,352.262,2797474.235,0.005823384
215.100399657,0.221,221,2,150.12,499204.1,352.483,2797490.619,0.146509508
216.102426253,0.221,221,2,150.341,499220.484,352.704,2797507.003,1.002026596
217.103432708,0.221,221,2,150.562,499228.676,352.925,2797515.195,1.001006455
217.513242948,2.513,2513,2,153.075,499237.364,355.438,2797523.883,0.40981024
218.104387141,0.221,221,2,153.296,499245.556,355.659,2797532.075,0.591144193
218.728690418,0.184,184,2,153.48,499246.532,355.843,2797533.051,0.624303277
218.740821225,1.775,1775,2,155.255,499248.58,357.618,2797535.099,0.012130807
218.764062645,2359.296,262144,2,2514.551,499248.58,2716.914,2797535.099,0.02324142
218.766044469,1572.864,262144,2,4087.415,499248.58,4289.778,2797535.099,0.00198182400001
218.769164999,786.432,262144,2,4873.847,499248.58,5076.21,2797535.099,0.00312052999999
218.770605667,786.432,262144,2,5660.279,499248.58,5862.642,2797535.099,0.00144066800001
218.772205719,524.288,262144,2,6184.567,499248.58,6386.93,2797535.099,0.00160005199999
218.773847886,262.144,262144,2,6446.711,499248.58,6649.074,2797535.099,0.001642167
218.775142904,524.288,262144,2,6970.999,499248.58,7173.362,2797535.099,0.00129501800001
218.776604709,524.288,262144,2,7495.287,499248.58,7697.65,2797535.099,0.00146180499999
218.778205629,524.288,262144,2,8019.575,499248.58,8221.938,2797535.099,0.00160092000002
218.779684671,786.432,262144,2,8806.007,499248.58,9008.37,2797535.099,0.001479042
218.781736721,524.288,262144,2,9330.295,499248.58,9532.658,2797535.099,0.00205204999997
218.783203488,524.288,262144,2,9854.583,499248.58,10056.946,2797535.099,0.00146676700001
218.785270744,524.288,262144,2,10378.871,499248.58,10581.234,2797535.099,0.002067256
218.787326962,524.288,262144,2,10903.159,499248.58,11105.522,2797535.099,0.00205621800001
218.789244248,524.288,262144,2,11427.447,499248.58,11629.81,2797535.099,0.00191728599998
218.791298427,786.432,262144,2,12213.879,499248.58,12416.242,2797535.099,0.002054179
218.793796832,786.432,262144,2,13000.311,499248.58,13202.674,2797535.099,0.00249840500001
218.79631718,786.432,262144,2,13786.743,499248.58,13989.106,2797535.099,0.00252034799999
218.798944998,786.432,262144,2,14573.175,499248.58,14775.538,2797535.099,0.00262781800001
218.801434609,786.432,262144,2,15359.607,499248.58,15561.97,2797535.099,0.00248961100002
218.803909616,786.432,262144,2,16146.039,499248.58,16348.402,2797535.099,0.00247500699999
218.80640679,786.432,262144,2,16932.471,499248.58,17134.834,2797535.099,0.00249717400001
218.809488176,786.432,262144,2,17718.903,499248.58,17921.266,2797535.099,0.00308138599999
218.812580648,786.432,262144,2,18505.335,499248.58,18707.698,2797535.099,0.00309247199999
218.815522654,786.432,262144,2,19291.767,499248.58,19494.13,2797535.099,0.00294200600001
218.818607314,786.432,262144,2,20078.199,499248.58,20280.562,2797535.099,0.00308465999998
218.82213884,427.745,262144,2,20505.944,499257.716,20708.307,2797544.235,0.00353152600002
219.106732926,0.221,221,2,20506.165,499274.1,20708.528,2797560.619,0.284594086
220.10765678,0.221,221,2,20506.386,499282.292,20708.749,2797568.811,1.000923854
220.322078961,0.184,184,2,20506.57,499291.396,20708.933,2797577.915,0.214422181
221.108331256,0.221,221,2,20506.791,499307.78,20709.154,2797594.299,0.786252295
222.109317652,0.221,221,2,20507.012,499324.164,20709.375,2797610.683,1.000986396
223.111067851,0.221,221,2,20507.233,499340.548,20709.596,2797627.067,1.001750199
224.111828129,0.221,221,2,20507.454,499356.932,20709.817,2797643.451,1.000760278
225.112343082,0.221,221,2,20507.675,499373.316,20710.038,2797659.835,1.000514953
226.112836449,0.221,221,2,20507.896,499389.7,20710.259,2797676.219,1.000493367
227.113344589,0.221,221,2,20508.117,499397.892,20710.48,2797684.411,1.00050814
227.510949154,0.339,339,2,20508.456,499406.964,20710.819,2797693.483,0.397604565
228.114033205,0.221,221,2,20508.677,499423.348,20711.04,2797709.867,0.603084051
229.114621256,0.221,221,2,20508.898,499439.732,20711.261,2797726.251,1.000588051
230.115308451,0.221,221,2,20509.119,499456.116,20711.482,2797742.635,1.000687195
231.115959184,0.221,221,2,20509.34,499472.5,20711.703,2797759.019,1.000650733
232.116528302,0.221,221,2,20509.561,499488.884,20711.924,2797775.403,1.000569118
233.118700296,0.221,221,2,20509.782,499505.268,20712.145,2797791.787,1.002171994
234.119833466,0.221,221,2,20510.003,499521.652,20712.366,2797808.171,1.00113317
235.120564515,0.221,221,2,20510.224,499538.036,20712.587,2797824.555,1.000731049
236.121295097,0.221,221,2,20510.445,499554.42,20712.808,2797840.939,1.000730582
237.121855032,0.221,221,2,20510.666,499562.612,20713.029,2797849.131,1.000559935
237.51033758,0.339,339,2,20511.005,499571.652,20713.368,2797858.171,0.388482548
238.123256007,0.221,221,2,20511.226,499588.036,20713.589,2797874.555,0.612918427
239.123780874,0.221,221,2,20511.447,499604.42,20713.81,2797890.939,1.000524867
240.124364325,0.221,221,2,20511.668,499620.804,20714.031,2797910.395,1.000583451
241.125210614,0.221,221,2,20511.889,499637.188,20714.252,2797926.779,1.000846289
242.127832477,0.221,221,2,20512.11,499653.572,20714.473,2797943.163,1.002621863
243.129144047,0.221,221,2,20512.331,499669.956,20714.694,2797959.547,1.00131157
244.129940811,0.221,221,2,20512.552,499686.34,20714.915,2797975.931,1.000796764
245.130528721,0.221,221,2,20512.773,499702.724,20715.136,2797992.315,1.00058791
246.131092552,0.221,221,2,20512.994,499719.108,20715.357,2798008.699,1.000563831
247.131623917,0.221,221,2,20513.215,499727.3,20715.578,2798016.891,1.000531365
247.510361147,0.339,339,2,20513.554,499736.308,20715.917,2798025.899,0.37873723
248.132273972,0.221,221,2,20513.775,499752.692,20716.138,2798044.235,0.621912825
249.133010512,0.221,221,2,20513.996,499769.076,20716.359,2798060.619,1.00073654
250.135916143,0.221,221,2,20514.217,499785.46,20716.58,2798077.003,1.002905631
251.137072968,0.221,221,2,20514.438,499801.844,20716.801,2798093.387,1.001156825
252.137765152,0.221,221,2,20514.659,499834.612,20717.022,2798126.155,1.000692184
254.138866847,0.221,221,2,20514.88,499850.996,20717.243,2798142.539,2.001101695
255.1394497,0.221,221,2,20515.101,499867.38,20717.464,2798158.923,1.000582853
256.140113806,0.221,221,2,20515.322,499883.764,20717.685,2798175.307,1.000664106
257.140685278,0.221,221,2,20515.543,499891.956,20717.906,2798183.499,1.000571472
257.510294285,0.339,339,2,20515.882,499900.932,20718.245,2798192.475,0.369609007
258.141948614,0.221,221,2,20516.103,499917.316,20718.466,2798208.859,0.631654329
184.291719947,0.134,134,3,0.284,161934.592,20718.687,2798218.427,0
259.143201807,0.221,221,2,20516.324,499933.7,20757.846,2798226.619,74.85148186
260.143885967,0.221,221,2,20516.545,499950.084,20758.067,2798243.003,1.00068416
261.144414198,0.221,221,2,20516.766,499966.468,20758.288,2798259.387,1.000528231
262.144916581,0.221,221,2,20516.987,499982.852,20758.509,2798275.771,1.000502383
263.145433585,0.221,221,2,20517.208,499991.796,20758.73,2798284.715,1.000517004
263.632474709,0.189,189,2,20517.397,500000.708,20758.919,2798293.627,0.487041124
264.146000887,0.221,221,2,20517.618,500009.588,20759.14,2798302.507,0.513526178
264.237058925,0.189,189,2,20517.807,500019.108,20759.329,2798312.027,0.091058038
264.256987216,1.575,1575,2,20519.382,500019.108,20760.904,2798312.027,0.019928291
264.261364352,0.286,286,2,20519.668,501216.004,20761.19,2799508.923,0.00437713599996
264.282675735,0.189,189,2,20519.857,501225.028,20761.379,2799517.947,0.021311383
265.146994965,0.221,221,2,20520.078,501241.412,20761.6,2799534.331,0.86431923
266.147832711,0.221,221,2,20520.299,501249.604,20761.821,2799542.523,1.000837746
266.779704819,2.339,2339,2,20522.638,501257.796,20764.16,2799550.715,0.631872108
267.148669836,0.221,221,2,20522.859,501275.108,20764.381,2799568.027,0.368965017
267.423189794,1.575,1575,2,20524.434,501275.108,20765.956,2799568.027,0.274519958
267.427255697,0.286,286,2,20524.72,501596.644,20766.242,2799889.563,0.00406590300003
267.433699491,0.189,189,2,20524.909,501597.668,20766.431,2799890.587,0.00644379400001
267.508841035,0.286,286,2,20525.195,501598.66,20766.717,2800989.307,0.075141544
267.514635282,2.513,2513,2,20527.708,501599.62,20769.23,2801317.947,0.00579424699998
190.612717876,0.15,150,5,25.971,137825.52,20769.419,2801319.691,0
267.518669287,0.189,189,2,20527.897,501608.74,21170.057,2801327.883,76.905951411
268.149480681,0.221,221,2,20528.118,501625.124,21170.278,2801344.267,0.630811394
269.150415132,0.221,221,2,20528.339,501641.508,21170.499,2801360.651,1.000934451
270.151446255,0.221,221,2,20528.56,501657.892,21170.72,2801377.035,1.001031123
271.152343955,0.221,221,2,20528.781,501666.084,21170.941,2801385.227,1.0008977
271.491544066,0.184,184,2,20528.965,501666.98,21171.125,2801386.123,0.339200111
271.494129367,1.775,1775,2,20530.74,501668.004,21172.9,2801387.147,0.00258530100001
271.497363017,1835.008,262144,2,22365.748,501668.004,23007.908,2801387.147,0.00323364999997
271.511776885,1048.576,262144,2,23414.324,501668.004,24056.484,2801387.147,0.014413868
271.513477942,786.432,262144,2,24200.756,501668.004,24842.916,2801387.147,0.00170105699999
271.51703074,786.432,262144,2,24987.188,501668.004,25629.348,2801387.147,0.00355279799999
271.520610076,786.432,262144,2,25773.62,501668.004,26415.78,2801387.147,0.00357933600003
271.524852566,786.432,262144,2,26560.052,501668.004,27202.212,2801387.147,0.00424248999997
271.529268816,1048.576,262144,2,27608.628,501668.004,28250.788,2801387.147,0.00441625000002
271.534088781,1048.576,262144,2,28657.204,501668.004,29299.364,2801387.147,0.00481996499997
271.539088565,786.432,262144,2,29443.636,501668.004,30085.796,2801387.147,0.00499978400001
271.543747605,786.432,262144,2,30230.068,501668.004,30872.228,2801387.147,0.00465904000004
271.548221625,786.432,262144,2,31016.5,501668.004,31658.66,2801387.147,0.00447401999998
271.553725167,786.432,262144,2,31802.932,501668.004,32445.092,2801387.147,0.00550354199999
271.560581403,786.432,262144,2,32589.364,501668.004,33231.524,2801387.147,0.00685623600003
271.568389881,786.432,262144,2,33375.796,501668.004,34017.956,2801387.147,0.00780847799996
271.576190501,340.865,262144,2,33716.661,501668.868,34358.821,2801388.011,0.00780062000001
271.633067228,0.184,184,2,33716.845,501677.892,34359.005,2801397.035,0.056876727
272.153259174,0.221,221,2,33717.066,501694.276,34359.226,2801413.419,0.520191946
273.153850401,0.221,221,2,33717.287,501710.66,34359.447,2801429.803,1.000591227
274.154473813,0.221,221,2,33717.508,501719.652,34359.668,2801438.795,1.000623412
274.397804285,0.189,189,2,33717.697,501729.268,34359.857,2801448.411,0.243330472
274.590685034,1.575,1575,2,33719.272,501729.268,34361.432,2801448.411,0.192880749
274.593916099,0.286,286,2,33719.558,502942.676,34361.718,2802661.819,0.00323106500002
274.61656657,0.19,190,2,33719.748,502951.828,34361.908,2802670.971,0.022650471
275.155588589,0.221,221,2,33719.969,502968.212,34362.129,2802687.355,0.539022019
276.156577996,0.221,221,2,33720.19,502976.404,34362.35,2802695.547,1.000989407
277.029143422,2.382,2382,2,33722.572,502984.596,34364.732,2802703.739,0.872565426
277.157378021,0.221,221,2,33722.793,502993.716,34364.953,2802712.859,0.128234599
277.278629713,0.19,190,2,33722.983,502996.308,34365.143,2802715.451,0.121251692
277.288251667,0.189,189,2,33723.172,502997.876,34365.332,2802717.019,0.00962195400001
277.292590314,0.189,189,2,33723.361,503007.156,34365.521,2802726.299,0.004338647
277.46646013,1.575,1575,2,33724.936,503007.156,34367.096,2802726.299,0.173869816
277.468588034,0.286,286,2,33725.222,503401.332,34367.382,2803120.475,0.00212790400002
277.475693213,0.19,190,2,33725.412,503402.26,34367.572,2803121.403,0.00710517900001
277.513372997,2.513,2513,2,33727.925,503403.156,34370.085,2803122.299,0.037679784
277.526911293,0.286,286,2,33728.211,504468.98,34370.371,2804188.123,0.013538296
277.539713076,0.19,190,2,33728.401,504478.004,34370.561,2804197.147,0.012801783
278.158219201,0.221,221,2,33728.622,504494.388,34370.782,2804213.531,0.618506125
279.159130861,0.221,221,2,33728.843,504510.772,34371.003,2804229.915,1.00091166
280.159995624,0.221,221,2,33729.064,504518.964,34371.224,2804238.107,1.000864763
280.888822305,0.184,184,2,33729.248,504519.764,34371.408,2804238.907,0.728826681
280.891411767,1.775,1775,2,33731.023,504521.236,34373.183,2804240.379,0.002589462
280.894190663,1835.008,262144,2,35566.031,504521.236,36208.191,2804240.379,0.002778896
280.906964166,786.432,262144,2,36352.463,504521.236,36994.623,2804240.379,0.012773503
280.919567568,786.432,262144,2,37138.895,504521.236,37781.055,2804240.379,0.012603402
280.93179898,786.432,262144,2,37925.327,504521.236,38567.487,2804240.379,0.012231412
280.942384556,786.432,262144,2,38711.759,504521.236,39353.919,2804240.379,0.010585576
280.953281536,786.432,262144,2,39498.191,504521.236,40140.351,2804240.379,0.01089698
280.964153567,786.432,262144,2,40284.623,504521.236,40926.783,2804240.379,0.010872031
280.974011038,786.432,262144,2,41071.055,504521.236,41713.215,2804240.379,0.00985747100003
280.984015824,786.432,262144,2,41857.487,504521.236,42499.647,2804240.379,0.010004786
280.988887179,786.432,262144,2,42643.919,504521.236,43286.079,2804240.379,0.00487135500003
280.993498686,1048.576,262144,2,43692.495,504521.236,44334.655,2804240.379,0.00461150699999
280.998067468,1048.576,262144,2,44741.071,504521.236,45383.231,2804240.379,0.00456878199998
281.002468152,786.432,262144,2,45527.503,504521.236,46169.663,2804240.379,0.00440068400002
281.006297497,786.432,262144,2,46313.935,504521.236,46956.095,2804240.379,0.00382934499999
281.010276775,704.27,262144,2,47018.205,504521.236,47660.365,2804240.379,0.00397927800003
281.014110969,179.982,179982,2,47198.187,504522.004,47840.347,2804241.147,0.00383419399998
281.049098441,0.184,184,2,47198.371,504530.932,47840.531,2804250.075,0.034987472
281.160820317,0.221,221,2,47198.592,504547.316,47840.752,2804266.459,0.111721876
282.161465616,0.221,221,2,47198.813,504556.212,47840.973,2804275.355,1.000645299
282.493379644,0.19,190,2,47199.003,504565.78,47841.163,2804284.923,0.331914028
282.673214155,1.575,1575,2,47200.578,504565.78,47842.738,2804284.923,0.179834511
282.676519992,0.286,286,2,47200.864,505475.988,47843.024,2805195.131,0.00330583700003
282.687875604,0.19,190,2,47201.054,505485.044,47843.214,2805204.187,0.011355612
283.162231111,0.221,221,2,47201.275,505501.428,47843.435,2805220.571,0.474355507
284.163107857,0.221,221,2,47201.496,505509.62,47843.656,2805228.763,1.000876746
285.00429534,2.382,2382,2,47203.878,505534.996,47846.038,2805254.139,0.841187483
285.923063363,1.575,1575,2,47205.453,505534.996,47847.613,2805254.139,0.918768023
285.925446159,0.286,286,2,47205.739,505924.116,47847.899,2805643.259,0.00238279600001
285.930730028,0.19,190,2,47205.929,505926.164,47848.089,2805645.307,0.00528386900004
285.987944951,0.286,286,2,47206.215,507221.524,47848.375,2806940.667,0.0572149229999
188.775794787,0.15,150,6,33.07,178194.336,47848.565,2806942.619,0
286.000244494,0.19,190,2,47206.405,507230.708,48248.958,2806950.811,97.224449707
286.164779277,0.221,221,2,47206.626,507247.092,48249.179,2806967.195,0.164534783
287.165634204,0.221,221,2,47206.847,507255.284,48249.4,2806975.387,1.000854927
287.511574885,2.513,2513,2,47209.36,507264.436,48251.913,2806984.539,0.345940681
288.166487408,0.221,221,2,47209.581,507280.82,48252.134,2807000.923,0.654912523
289.167336878,0.221,221,2,47209.802,507289.012,48252.355,2807009.115,1.00084947
289.303123217,0.185,185,2,47209.987,507289.94,48252.54,2807010.043,0.135786339
289.305354758,1.775,1775,2,47211.762,507291.348,48254.315,2807011.451,0.00223154100001
289.307597485,1835.008,262144,2,49046.77,507291.348,50089.323,2807011.451,0.00224272699995
289.312305766,1048.576,262144,2,50095.346,507291.348,51137.899,2807011.451,0.00470828100003
289.316681331,786.432,262144,2,50881.778,507291.348,51924.331,2807011.451,0.00437556499998
289.320655432,786.432,262144,2,51668.21,507291.348,52710.763,2807011.451,0.00397410100004
289.32448247,786.432,262144,2,52454.642,507291.348,53497.195,2807011.451,0.003827038
289.328323739,786.432,262144,2,53241.074,507291.348,54283.627,2807011.451,0.00384126899996
289.332268535,786.432,262144,2,54027.506,507291.348,55070.059,2807011.451,0.00394479600004
289.336097331,786.432,262144,2,54813.938,507291.348,55856.491,2807011.451,0.00382879599999
289.339921555,786.432,262144,2,55600.37,507291.348,56642.923,2807011.451,0.00382422399997
289.343904851,786.432,262144,2,56386.802,507291.348,57429.355,2807011.451,0.003983296
289.347716574,786.432,262144,2,57173.234,507291.348,58215.787,2807011.451,0.00381172300001
289.351540604,786.432,262144,2,57959.666,507291.348,59002.219,2807011.451,0.00382402999998
289.355517094,786.432,262144,2,58746.098,507291.348,59788.651,2807011.451,0.00397649000001
289.359353795,786.432,262144,2,59532.53,507291.348,60575.083,2807011.451,0.00383670100001
289.363170668,756.51,262144,2,60289.04,507291.348,61331.593,2807011.451,0.00381687300001
289.367126456,232.222,232222,2,60521.262,507292.244,61563.815,2807012.347,0.00395578799998
289.407690933,0.185,185,2,60521.447,507301.3,61564.0,2807021.403,0.040564477
290.168258824,0.221,221,2,60521.668,507317.684,61564.221,2807037.787,0.760567891
291.16884991,0.221,221,2,60521.889,507326.708,61564.442,2807046.811,1.000591086
292.051865026,0.19,190,2,60522.079,507327.892,61564.632,2807047.995,0.883015116
292.095668154,0.19,190,2,60522.269,507329.364,61564.822,2807049.467,0.043803128
292.100064569,0.19,190,2,60522.459,507330.708,61565.012,2807050.811,0.00439641499997
292.104948739,0.19,190,2,60522.649,507339.524,61565.202,2807059.627,0.00488417000003
292.169472145,0.221,221,2,60522.87,507356.5,61565.423,2807076.603,0.064523406
292.23368124,1.575,1575,2,60524.445,507356.5,61566.998,2807076.603,0.064209095
292.236129712,0.286,286,2,60524.731,508438.676,61567.284,2808158.779,0.00244847199997
292.256560763,0.19,190,2,60524.921,508447.668,61567.474,2808167.771,0.020431051
293.170392364,0.221,221,2,60525.142,508464.052,61567.695,2808184.155,0.913831601
294.171234054,0.221,221,2,60525.363,508472.244,61567.916,2808192.347,1.00084169
294.730103074,2.382,2382,2,60527.745,508480.436,61570.298,2808200.539,0.55886902
295.172050751,0.221,221,2,60527.966,508497.844,61570.519,2808217.947,0.441947677
295.1835023,1.575,1575,2,60529.541,508497.844,61572.094,2808217.947,0.011451549
295.185432524,0.286,286,2,60529.827,508883.892,61572.38,2808603.995,0.00193022400003
295.193643146,0.19,190,2,60530.017,508884.884,61572.57,2808604.987,0.00821062199998
295.244066654,0.286,286,2,60530.303,510425.94,61572.856,2810146.043,0.050423508
286.007356036,400.393,262144,6,433.463,178195.264,61573.046,2810147.899,0
259.47151921,39.159,39159,3,39.443,161935.904,61973.528,2810149.211,0
295.255695588,0.19,190,2,60530.493,510435.06,62374.01,2810157.403,35.784176378
296.172977914,0.221,221,2,60530.714,510451.444,62374.231,2810173.787,0.917282326
297.173634699,0.221,221,2,60530.935,510459.636,62374.452,2810181.979,1.000656785
297.511044996,2.513,2513,2,60533.448,510468.724,62376.965,2810191.067,0.337410297
298.174297301,0.221,221,2,60533.669,510476.916,62377.186,2810199.259,0.663252305
298.287838346,0.185,185,2,60533.854,510477.78,62377.371,2810200.123,0.113541045
298.290051631,1.775,1775,2,60535.629,510479.108,62379.146,2810201.451,0.00221328499998
298.292358799,1835.008,262144,2,62370.637,510479.108,64214.154,2810201.451,0.00230716800002
298.310433467,786.432,262144,2,63157.069,510479.108,65000.586,2810201.451,0.018074668
298.341820636,1048.576,262144,2,64205.645,510479.108,66049.162,2810201.451,0.031387169
298.354237158,786.432,262144,2,64992.077,510479.108,66835.594,2810201.451,0.012416522
298.363752026,786.432,262144,2,65778.509,510479.108,67622.026,2810201.451,0.009514868
298.369810688,1048.576,262144,2,66827.085,510479.108,68670.602,2810201.451,0.00605866199999
298.374490748,786.432,262144,2,67613.517,510479.108,69457.034,2810201.451,0.00468006000006
298.378682604,786.432,262144,2,68399.949,510479.108,70243.466,2810201.451,0.00419185599998
298.383153764,786.432,262144,2,69186.381,510479.108,71029.898,2810201.451,0.00447115999998
298.387514411,786.432,262144,2,69972.813,510479.108,71816.33,2810201.451,0.004360647
298.39181775,1048.576,262144,2,71021.389,510479.108,72864.906,2810201.451,0.00430333899999
298.396711488,1048.576,262144,2,72069.965,510479.108,73913.482,2810201.451,0.00489373800002
298.401576534,1048.576,262144,2,73118.541,510479.108,74962.058,2810201.451,0.00486504600002
298.406078558,786.432,262144,2,73904.973,510479.108,75748.49,2810201.451,0.00450202399998
298.410496752,397.225,262144,2,74302.198,510479.94,76145.715,2810202.283,0.00441819399998
298.442424499,0.185,185,2,74302.383,510488.932,76145.9,2810211.275,0.0319277470001
299.175183472,0.221,221,2,74302.604,510497.892,76146.121,2810220.235,0.732758973
299.780791785,0.19,190,2,74302.794,510507.524,76146.311,2810229.867,0.605608313
299.931658489,1.575,1575,2,74304.369,510507.524,76147.886,2810229.867,0.150866704
299.934746528,0.286,286,2,74304.655,511688.132,76148.172,2811410.475,0.00308803900003
299.944960546,0.19,190,2,74304.845,511697.252,76148.362,2811419.595,0.010214018
300.175989674,0.221,221,2,74305.066,511713.636,76148.583,2811435.979,0.231029128
301.17680725,0.221,221,2,74305.287,511730.02,76148.804,2811452.363,1.000817576
302.177646068,0.221,221,2,74305.508,511738.212,76149.025,2811460.555,1.000838818
302.443971528,2.339,2339,2,74307.847,511739.972,76151.364,2811462.315,0.26632546
303.083328329,0.19,190,2,74308.037,511741.604,76151.554,2811463.947,0.639356801
303.087687958,0.19,190,2,74308.227,511743.108,76151.744,2811465.451,0.00435962900002
303.094671445,0.19,190,2,74308.417,511752.724,76151.934,2811475.067,0.00698348700001
303.102810564,1.575,1575,2,74309.992,511752.724,76153.509,2811475.067,0.00813911899996
303.10430469,0.286,286,2,74310.278,512097.716,76153.795,2811820.059,0.00149412600001
303.108470343,0.19,190,2,74310.468,512098.612,76153.985,2811820.955,0.00416565300003
303.154921288,0.286,286,2,74310.754,513279.124,76154.271,2813001.467,0.046450945
303.165294432,0.19,190,2,74310.944,513288.148,76154.461,2813010.491,0.010373144
303.178514506,0.221,221,2,74311.165,513304.532,76154.682,2813026.875,0.013220074
304.179436353,0.221,221,2,74311.386,513320.916,76154.903,2813043.259,1.000921847
305.180348354,0.221,221,2,74311.607,513337.3,76155.124,2813059.643,1.000912001
306.181169954,0.221,221,2,74311.828,513345.492,76155.345,2813067.835,1.0008216
306.317264475,0.185,185,2,74312.013,513346.292,76155.53,2813068.635,0.136094521
306.319824062,1.775,1775,2,74313.788,513347.14,76157.305,2813069.483,0.00255958700001
306.322063649,1835.008,262144,2,76148.796,513347.14,77992.313,2813069.483,0.00223958699996
306.326856647,786.432,262144,2,76935.228,513347.14,78778.745,2813069.483,0.00479299800003
306.330664318,786.432,262144,2,77721.66,513347.14,79565.177,2813069.483,0.003807671
306.33464835,786.432,262144,2,78508.092,513347.14,80351.609,2813069.483,0.00398403200001
306.338469909,786.432,262144,2,79294.524,513347.14,81138.041,2813069.483,0.00382155900002
306.342299365,786.432,262144,2,80080.956,513347.14,81924.473,2813069.483,0.00382945599995
306.34626043,786.432,262144,2,80867.388,513347.14,82710.905,2813069.483,0.003961065
306.350084201,786.432,262144,2,81653.82,513347.14,83497.337,2813069.483,0.00382377100004
306.353911437,786.432,262144,2,82440.252,513347.14,84283.769,2813069.483,0.00382723600001
306.35787959,786.432,262144,2,83226.684,513347.14,85070.201,2813069.483,0.00396815299996
306.361706232,786.432,262144,2,84013.116,513347.14,85856.633,2813069.483,0.00382664200004
306.36552172,786.432,262144,2,84799.548,513347.14,86643.065,2813069.483,0.00381548799999
306.369504249,1048.576,262144,2,85848.124,513347.14,87691.641,2813069.483,0.00398252899998
306.373912566,786.432,262144,2,86634.556,513347.14,88478.073,2813069.483,0.00440831700001
306.37772847,743.478,262144,2,87378.034,513347.14,89221.551,2813069.483,0.00381590400002
306.381697566,219.19,219190,2,87597.224,513347.908,89440.741,2813070.251,0.00396909599999
306.41194727,0.185,185,2,87597.409,513356.836,89440.926,2813079.179,0.030249704
307.181956629,0.221,221,2,87597.63,513365.028,89441.147,2813087.371,0.770009359
307.50986817,0.339,339,2,87597.969,513366.404,89441.486,2813088.747,0.327911541
307.698184569,0.19,190,2,87598.159,513375.892,89441.676,2813098.235,0.188316399
307.846443564,1.575,1575,2,87599.734,513375.892,89443.251,2813098.235,0.148258995
307.84884708,0.286,286,2,87600.02,514736.628,89443.537,2814458.971,0.00240351599996
307.860053714,0.19,190,2,87600.21,514745.652,89443.727,2814467.995,0.011206634
177.79752023,0.152,152,4,0.302,191855.424,89443.948,2814477.115,0
308.957558552,503.844,262144,4,504.146,191855.424,89947.792,2814477.115,131.160038322
308.182759887,0.221,221,2,87600.431,514762.036,90048.398,2814485.307,0
309.183348395,0.221,221,2,87600.652,514778.42,90048.619,2814501.691,1.000588508
310.184223588,0.221,221,2,87600.873,514786.612,90048.84,2814509.883,1.000875193
310.187094654,2.382,2382,2,87603.255,514794.804,90051.222,2814518.075,0.00287106600001
311.185104683,0.221,221,2,87603.476,514812.116,90051.443,2814535.387,0.998010029
311.690001588,1.575,1575,2,87605.051,514812.116,90053.018,2814535.387,0.504896905
311.69211943,0.286,286,2,87605.337,515076.308,90053.304,2814799.579,0.00211784200002
311.696967304,0.19,190,2,87605.527,515077.332,90053.494,2814800.603,0.00484787400001
311.742989594,0.286,286,2,87605.813,516380.852,90053.78,2816104.123,0.04602229
311.761227629,0.19,190,2,87606.003,516390.004,90053.97,2816113.275,0.018238035
312.185935229,0.221,221,2,87606.224,516406.388,90054.191,2816129.659,0.4247076
313.186828874,0.221,221,2,87606.445,516422.772,90054.412,2816146.043,1.000893645
314.187826613,0.221,221,2,87606.666,516430.964,90054.633,2816154.235,1.000997739
315.179920616,0.185,185,2,87606.851,516431.892,90054.818,2816155.163,0.992094003
315.182463887,1.775,1775,2,87608.626,516432.708,90056.593,2816155.979,0.00254327099998
315.18455228,1835.008,262144,2,89443.634,516440.9,91891.601,2816164.171,0.00208839300001
315.188660997,786.653,221,2,90230.287,516449.092,92678.254,2816172.363,0.00410871700001
315.192999024,786.432,262144,2,91016.719,516449.092,93464.686,2816172.363,0.00433802700002
315.196977505,786.432,262144,2,91803.151,516449.092,94251.118,2816172.363,0.00397848099999
315.200806809,786.432,262144,2,92589.583,516449.092,95037.55,2816172.363,0.00382930400002
315.204625125,786.432,262144,2,93376.015,516449.092,95823.982,2816172.363,0.00381831599998
315.208601217,786.432,262144,2,94162.447,516449.092,96610.414,2816172.363,0.00397609200002
315.212414873,786.432,262144,2,94948.879,516449.092,97396.846,2816172.363,0.00381365599998
315.216242749,786.432,262144,2,95735.311,516449.092,98183.278,2816172.363,0.003827876
315.220214842,786.432,262144,2,96521.743,516449.092,98969.71,2816172.363,0.00397209300002
315.223893475,1048.576,262144,2,97570.319,516449.092,100018.286,2816172.363,0.00367863299999
315.228002047,786.432,262144,2,98356.751,516449.092,100804.718,2816172.363,0.00410857200001
315.231975237,786.432,262144,2,99143.183,516449.092,101591.15,2816172.363,0.00397318999995
315.236105155,1048.576,262144,2,100191.759,516449.092,102639.726,2816172.363,0.00412991800005
315.240652073,432.046,262144,2,100623.805,516449.988,103071.772,2816173.259,0.00454691799996
315.27466644,0.185,185,2,100623.99,516458.612,103071.957,2816181.883,0.034014367
316.191332539,0.221,221,2,100624.211,516483.188,103072.178,2816206.459,0.916666099
317.509791484,0.339,339,2,100624.55,516484.82,103072.517,2816208.091,1.318458945
317.891398241,0.19,190,2,100624.74,516494.436,103072.707,2816217.707,0.381606757
318.037404347,1.575,1575,2,100626.315,516494.436,103074.282,2816217.707,0.146006106
318.039872897,0.286,286,2,100626.601,517888.068,103074.568,2817611.339,0.00246855
318.053641522,0.19,190,2,100626.791,517896.74,103074.758,2817620.011,0.013768625
295.261954675,400.482,262144,6,833.945,178196.592,103074.979,2817629.531,0
318.192686947,0.221,221,2,100627.012,517913.124,103482.806,2817637.723,22.930732272
319.193562949,0.221,221,2,100627.233,517929.508,103483.027,2817654.107,1.000876002
320.194455226,0.221,221,2,100627.454,517937.7,103483.248,2817662.299,1.000892277
320.547428692,2.339,2339,2,100629.793,517945.892,103485.587,2817670.491,0.352973466
321.195298875,0.221,221,2,100630.014,517964.036,103485.808,2817688.635,0.647870183
321.314582791,1.575,1575,2,100631.589,517964.036,103487.383,2817688.635,0.119283916
321.316073213,0.286,286,2,100631.875,518390.02,103487.669,2818114.619,0.00149042199996
321.320040556,0.19,190,2,100632.065,518398.212,103487.859,2818122.811,0.003967343
321.375268739,0.286,286,2,100632.351,519459.076,103488.145,2819183.675,0.055228183
321.387282772,0.19,190,2,100632.541,519473.412,103488.335,2819198.011,0.012014033
322.196235817,0.221,221,2,100632.762,519489.796,103488.556,2819214.395,0.808953045
323.197076928,0.221,221,2,100632.983,519506.18,103488.777,2819230.779,1.000841111
324.198015377,0.221,221,2,100633.204,519514.372,103488.998,2819238.971,1.000938449
324.299178637,0.185,185,2,100633.389,519517.444,103489.183,2819242.043,0.10116326
324.301929381,1.775,1775,2,100635.164,519518.612,103490.958,2819243.211,0.00275074399997
324.304121131,2097.152,262144,2,102732.316,519518.612,105588.11,2819243.211,0.00219175000001
324.309904604,1048.576,262144,2,103780.892,519518.612,106636.686,2819243.211,0.00578347300001
324.314903242,1310.72,262144,2,105091.612,519518.612,107947.406,2819243.211,0.00499863800002
324.320342179,1048.576,262144,2,106140.188,519518.612,108995.982,2819243.211,0.00543893700001
324.325348531,1048.576,262144,2,107188.764,519518.612,110044.558,2819243.211,0.00500635199995
324.330347826,1310.72,262144,2,108499.484,519518.612,111355.278,2819243.211,0.004999295
324.335497716,1048.576,262144,2,109548.06,519518.612,112403.854,2819243.211,0.00514989000004
324.340792548,1048.576,262144,2,110596.636,519518.612,113452.43,2819243.211,0.005294832
324.346083571,1048.576,262144,2,111645.212,519518.612,114501.006,2819243.211,0.00529102299998
324.351226367,1310.72,262144,2,112955.932,519518.612,115811.726,2819243.211,0.00514279599997
324.357256812,591.369,262144,2,113547.301,519520.148,116403.095,2819244.747,0.00603044500002
324.403659628,0.185,185,2,113547.486,519529.348,116403.28,2819253.947,0.046402816
325.198987046,0.221,221,2,113547.707,519538.516,116403.501,2819263.115,0.795327418
325.222040701,0.19,190,2,113547.897,519540.372,116403.691,2819264.971,0.023053655
325.226050174,0.19,190,2,113548.087,519542.916,116403.881,2819267.515,0.004009473
325.232116078,0.19,190,2,113548.277,519544.452,116404.071,2819269.051,0.00606590399997
325.236139582,0.19,190,2,113548.467,519545.524,116404.261,2819270.123,0.00402350400003
325.788868131,0.19,190,2,113548.657,519555.092,116404.451,2819279.691,0.552728549
325.957123623,1.575,1575,2,113550.232,519555.092,116406.026,2819279.691,0.168255492
325.959432819,0.286,286,2,113550.518,521079.252,116406.312,2820803.851,0.00230919600006
325.970897495,0.19,190,2,113550.708,521088.324,116406.502,2820812.923,0.0114646759999
326.200040867,0.221,221,2,113550.929,521104.708,116406.723,2820829.307,0.229143372
327.201128604,0.221,221,2,113551.15,521112.9,116406.944,2820837.499,1.001087737
327.510654999,2.513,2513,2,113553.663,521121.94,116409.457,2820846.539,0.309526395
328.20216461,0.221,221,2,113553.884,521130.132,116409.678,2820854.731,0.691509611
328.440080305,2.382,2382,2,113556.266,521139.268,116412.06,2820863.867,0.237915695
329.13873363,1.575,1575,2,113557.841,521139.268,116413.635,2820863.867,0.698653325
329.140267404,0.286,286,2,113558.127,521485.38,116413.921,2821209.979,0.00153377399999
329.144905736,0.19,190,2,113558.317,521486.404,116414.111,2821211.003,0.00463833200001
329.189968294,0.286,286,2,113558.603,522470.436,116414.397,2822195.035,0.045062558
329.197775953,0.19,190,2,113558.793,522478.628,116414.587,2822203.227,0.00780765900004
329.202984913,0.221,221,2,113559.014,522495.972,116414.808,2822220.571,0.00520896
330.203773236,0.221,221,2,113559.235,522512.356,116415.029,2822236.955,1.000788323
331.204296142,0.221,221,2,113559.456,522528.74,116415.25,2822253.339,1.000522906
332.20480075,0.221,221,2,113559.677,522536.932,116415.471,2822261.531,1.000504608
332.311360088,0.185,185,2,113559.862,522537.86,116415.656,2822262.459,0.106559338
332.313417033,1.775,1775,2,113561.637,522538.948,116417.431,2822263.547,0.00205694499999
332.315386456,2359.296,262144,2,115920.933,522538.948,118776.727,2822263.547,0.00196942299999
332.338832314,1048.576,262144,2,116969.509,522538.948,119825.303,2822263.547,0.023445858
332.348969718,1048.576,262144,2,118018.085,522538.948,120873.879,2822263.547,0.010137404
332.358761663,1048.576,262144,2,119066.661,522538.948,121922.455,2822263.547,0.00979194500002
332.368671047,1310.72,262144,2,120377.381,522538.948,123233.175,2822263.547,0.00990938400003
332.37521008,1048.576,262144,2,121425.957,522538.948,124281.751,2822263.547,0.00653903299997
332.381430837,1048.576,262144,2,122474.533,522538.948,125330.327,2822263.547,0.00622075699999
332.388540548,1048.576,262144,2,123523.109,522538.948,126378.903,2822263.547,0.007109711
332.394733508,1048.576,262144,2,124571.685,522538.948,127427.479,2822263.547,0.00619296000002
332.400910928,423.401,262144,2,124995.086,522539.844,127850.88,2822264.443,0.00617741999997
332.441146429,0.185,185,2,124995.271,522548.9,127851.065,2822273.499,0.040235501
333.205517776,0.221,221,2,124995.492,522565.284,127851.286,2822289.883,0.764371347
334.20688547,0.221,221,2,124995.713,522574.308,127851.507,2822298.907,1.001367694
334.756953903,0.19,190,2,124995.903,522583.876,127851.697,2822308.475,0.550068433
334.936049287,1.575,1575,2,124997.478,522583.876,127853.272,2822308.475,0.179095384
334.937411497,0.286,286,2,124997.764,523780.932,127853.558,2823505.531,0.00136221000002
334.948563773,0.19,190,2,124997.954,523790.116,127853.748,2823514.715,0.011152276
308.958808271,100.606,100606,4,604.752,191856.32,127853.969,2823523.803,0
335.911813061,537.144,262144,4,1141.896,191856.32,128391.113,2823523.803,26.95300479
335.207980153,0.221,221,2,124998.175,523806.5,128490.269,2823531.995,0
336.208850136,0.221,221,2,124998.396,523814.692,128490.49,2823540.187,1.000869983
337.082692489,2.339,2339,2,125000.735,523822.884,128492.829,2823548.379,0.873842353
337.209659107,0.221,221,2,125000.956,523831.076,128493.05,2823556.571,0.126966618
337.509870066,0.339,339,2,125001.295,523840.228,128493.389,2823565.723,0.300210959
338.210282149,0.221,221,2,125001.516,523858.356,128493.61,2823583.851,0.700412083
338.603149492,1.575,1575,2,125003.091,523858.356,128495.185,2823583.851,0.392867343
338.604754474,0.286,286,2,125003.377,524300.724,128495.471,2824026.219,0.001604982
338.616059763,0.19,190,2,125003.567,524317.108,128495.661,2824042.603,0.011305289
338.666052035,0.286,286,2,125003.853,526062.004,128495.947,2825787.499,0.049992272
338.674385199,0.19,190,2,125004.043,526074.292,128496.137,2825799.787,0.00833316400002
339.21101243,0.221,221,2,125004.264,526090.676,128496.358,2825816.171,0.536627231
340.211888308,0.221,221,2,125004.485,526107.06,128496.579,2825832.555,1.000875878
341.212789332,0.221,221,2,125004.706,526115.252,128496.8,2825840.747,1.000901024
342.197885501,0.185,185,2,125004.891,526117.3,128496.985,2825842.795,0.985096169
342.200411992,1.775,1775,2,125006.666,526118.324,128498.76,2825843.819,0.00252649100003
342.202960198,2359.296,262144,2,127365.962,526118.324,130858.056,2825843.819,0.00254820600003
342.209890744,1048.576,262144,2,128414.538,526126.516,131906.632,2825852.011,0.00693054599998
342.213655956,0.221,221,2,128414.759,526134.708,131906.853,2825860.203,0.00376521200002
342.216055199,1048.576,262144,2,129463.335,526134.708,132955.429,2825860.203,0.00239924299996
342.222073327,1048.576,262144,2,130511.911,526134.708,134004.005,2825860.203,0.00601812799999
342.228109304,1048.576,262144,2,131560.487,526134.708,135052.581,2825860.203,0.00603597700001
342.234280536,1048.576,262144,2,132609.063,526134.708,136101.157,2825860.203,0.00617123200004
342.240305432,1048.576,262144,2,133657.639,526134.708,137149.733,2825860.203,0.00602489599999
342.246485869,1048.576,262144,2,134706.215,526134.708,138198.309,2825860.203,0.00618043700001
342.252507804,1048.576,262144,2,135754.791,526134.708,139246.885,2825860.203,0.00602193499998
342.25854979,275.494,262144,2,136030.285,526135.732,139522.379,2825861.227,0.00604198600001
342.296877135,0.185,185,2,136030.47,526137.684,139522.564,2825863.179,0.038327345
343.114408591,0.19,190,2,136030.66,526139.508,139522.754,2825865.003,0.817531456
343.202168165,0.19,190,2,136030.85,526142.004,139522.944,2825867.499,0.087759574
343.208543531,0.19,190,2,136031.04,526143.508,139523.134,2825869.003,0.00637536599999
343.212865042,0.19,190,2,136031.23,526152.404,139523.324,2825877.899,0.004321511
343.215297477,0.221,221,2,136031.451,526161.268,139523.545,2825886.763,0.002432435
343.217632422,0.19,190,2,136031.641,526170.756,139523.735,2825896.251,0.00233494500003
343.303294752,1.575,1575,2,136033.216,526170.756,139525.31,2825896.251,0.08566233
343.30506401,0.286,286,2,136033.502,527220.196,139525.596,2826945.691,0.00176925800002
343.319298525,0.19,190,2,136033.692,527229.22,139525.786,2826954.715,0.014234515
344.216184144,0.221,221,2,136033.913,527245.604,139526.007,2826971.099,0.896885619
345.217024708,0.221,221,2,136034.134,527253.796,139526.228,2826979.291,1.000840564
345.464835863,2.339,2339,2,136036.473,527261.988,139528.567,2826987.483,0.247811155
