time,size,first_call,destination,dest_out_traffic,dest_in_traffic,total_network_out,total_network_in,dens10
4.799307091,0.244,244,2,0.244,24.576,0.244,26.624,0
4.845477417,0.183,183,2,0.427,40.96,0.427,43.008,0.046170326
5.858633909,0.183,183,2,0.61,57.344,0.61,59.392,1.013156492
6.860440353,0.183,183,2,0.793,73.728,0.793,75.776,1.001806444
7.861351363,0.183,183,2,0.976,90.112,0.976,92.16,1.00091101
8.862051871,0.183,183,2,1.159,106.496,1.159,108.544,1.000700508
9.862920068,0.183,183,2,1.342,122.88,1.342,124.928,1.000868197
10.863616176,0.183,183,2,1.525,139.264,1.525,141.312,1.000696108
11.864320665,0.183,183,2,1.708,155.648,1.708,157.696,1.000704489
12.86517678,0.183,183,2,1.891,172.032,1.891,174.08,1.000856115
13.865959421,0.183,183,2,2.074,188.416,2.074,190.464,1.000782641
14.86669492,0.183,183,2,2.257,204.8,2.257,206.848,1.000735499
15.869148514,0.183,183,2,2.44,221.184,2.44,223.232,1.002453594
16.869848952,0.183,183,2,2.623,237.568,2.623,239.616,1.000700438
17.870556445,0.183,183,2,2.806,253.952,2.806,256.0,1.000707493
18.871259677,0.183,183,2,2.989,270.336,2.989,272.384,1.000703232
19.873032318,0.183,183,2,3.172,286.72,3.172,288.768,1.001772641
20.873813144,0.183,183,2,3.355,303.104,3.355,305.152,1.000780826
21.874502547,0.183,183,2,3.538,319.488,3.538,321.536,1.000689403
22.875344274,0.183,183,2,3.721,335.872,3.721,337.92,1.000841727
23.876095976,0.183,183,2,3.904,352.256,3.904,354.304,1.000751702
24.878714046,0.183,183,2,4.087,368.64,4.087,370.688,1.00261807
25.88124265,0.183,183,2,4.27,385.024,4.27,387.072,1.002528604
26.882008809,0.183,183,2,4.453,401.408,4.453,403.456,1.000766159
27.882692206,0.183,183,2,4.636,417.792,4.636,419.84,1.000683397
28.883420162,0.183,183,2,4.819,434.176,4.819,436.224,1.000727956
29.884144346,0.183,183,2,5.002,450.56,5.002,452.608,1.000724184
30.88483766,0.183,183,2,5.185,466.944,5.185,468.992,1.000693314
31.885545921,0.183,183,2,5.368,483.328,5.368,485.376,1.000708261
32.886196143,0.183,183,2,5.551,499.712,5.551,501.76,1.000650222
33.88687947,0.183,183,2,5.734,516.096,5.734,518.144,1.000683327
34.887595972,0.183,183,2,5.917,532.48,5.917,534.528,1.000716502
35.888353191,0.183,183,2,6.1,548.864,6.1,550.912,1.000757219
36.888992519,0.183,183,2,6.283,565.248,6.283,567.296,1.000639328
37.8896257,0.183,183,2,6.466,581.632,6.466,583.68,1.000633181
38.890251897,0.183,183,2,6.649,598.016,6.649,600.064,1.000626197
39.891058564,0.183,183,2,6.832,614.4,6.832,616.448,1.000806667
40.891827376,0.183,183,2,7.015,630.784,7.015,632.832,1.000768812
41.89243751,0.183,183,2,7.198,647.168,7.198,649.216,1.000610134
42.893072926,0.183,183,2,7.381,663.552,7.381,665.6,1.000635416
43.89372224,0.183,183,2,7.564,679.936,7.564,681.984,1.000649314
44.894462907,0.183,183,2,7.747,696.32,7.747,698.368,1.000740667
45.895913231,0.183,183,2,7.93,712.704,7.93,714.752,1.001450324
46.896593206,0.183,183,2,8.113,729.088,8.113,731.136,1.000679975
47.897250832,0.183,183,2,8.296,745.472,8.296,747.52,1.000657626
48.897870603,0.183,183,2,8.479,761.856,8.479,763.904,1.000619771
49.898459435,0.183,183,2,8.662,778.24,8.662,780.288,1.000588832
50.899105537,0.183,183,2,8.845,794.624,8.845,796.672,1.000646102
51.899690946,0.183,183,2,9.028,811.008,9.028,813.056,1.000585409
52.900473029,0.183,183,2,9.211,827.392,9.211,829.44,1.000782083
53.901171023,0.183,183,2,9.394,843.776,9.394,845.824,1.000697994
54.901902401,0.183,183,2,9.577,860.16,9.577,862.208,1.000731378
55.902737773,0.183,183,2,9.76,876.544,9.76,878.592,1.000835372
56.903344973,0.183,183,2,9.943,892.928,9.943,894.976,1.0006072
57.904078865,0.183,183,2,10.126,909.312,10.126,911.36,1.000733892
58.904752833,0.183,183,2,10.309,925.696,10.309,927.744,1.000673968
59.905402916,0.183,183,2,10.492,942.08,10.492,944.128,1.000650083
60.90599978,0.183,183,2,10.675,958.464,10.675,960.512,1.000596864
61.906634637,0.183,183,2,10.858,974.848,10.858,976.896,1.000634857
62.907316288,0.183,183,2,11.041,991.232,11.041,993.28,1.000681651
63.908055488,0.183,183,2,11.224,1007.616,11.224,1009.664,1.0007392
64.908693558,0.183,183,2,11.407,1024.0,11.407,1026.048,1.00063807
65.909434923,0.183,183,2,11.59,1040.384,11.59,1042.432,1.000741365
66.91022427,0.183,183,2,11.773,1056.768,11.773,1058.816,1.000789347
67.911223629,0.184,184,2,11.957,1073.152,11.957,1075.2,1.000999359
68.911990137,0.184,184,2,12.141,1089.536,12.141,1091.584,1.000766508
69.912606626,0.184,184,2,12.325,1105.92,12.325,1107.968,1.000616489
70.913213896,0.184,184,2,12.509,1122.304,12.509,1124.352,1.00060727
71.913829756,0.184,184,2,12.693,1138.688,12.693,1140.736,1.00061586
72.914662334,0.184,184,2,12.877,1155.072,12.877,1157.12,1.000832578
73.915372341,0.184,184,2,13.061,1171.456,13.061,1173.504,1.000710007
74.915997979,0.184,184,2,13.245,1187.84,13.245,1189.888,1.000625638
75.91665323,0.184,184,2,13.429,1204.224,13.429,1206.272,1.000655251
76.917280893,0.184,184,2,13.613,1220.608,13.613,1222.656,1.000627663
77.917913376,0.184,184,2,13.797,1236.992,13.797,1239.04,1.000632483
78.918649014,0.184,184,2,13.981,1253.376,13.981,1255.424,1.000735638
79.919331294,0.184,184,2,14.165,1269.76,14.165,1271.808,1.00068228
80.919999815,0.184,184,2,14.349,1286.144,14.349,1288.192,1.000668521
81.920679789,0.184,184,2,14.533,1302.528,14.533,1304.576,1.000679974
82.921301447,0.184,184,2,14.717,1318.912,14.717,1320.96,1.000621658
83.921921358,0.184,184,2,14.901,1335.296,14.901,1337.344,1.000619911
84.922547066,0.184,184,2,15.085,1351.68,15.085,1353.728,1.000625708
85.923140298,0.184,184,2,15.269,1368.064,15.269,1370.112,1.000593232
86.923752946,0.184,184,2,15.453,1376.256,15.453,1378.304,1.000612648
87.930072884,0.184,184,2,15.637,1400.832,15.637,1402.88,1.006319938
88.931203684,0.184,184,2,15.821,1417.216,15.821,1419.264,1.0011308
89.931883309,0.184,184,2,16.005,1433.6,16.005,1435.648,1.000679625
90.932660992,0.184,184,2,16.189,1449.984,16.189,1452.032,1.000777683
91.933286281,0.184,184,2,16.373,1466.368,16.373,1468.416,1.000625289
92.933950123,0.184,184,2,16.557,1482.752,16.557,1484.8,1.000663842
93.934560535,0.184,184,2,16.741,1499.136,16.741,1501.184,1.000610412
94.935216136,0.184,184,2,16.925,1515.52,16.925,1517.568,1.000655601
95.935895272,0.184,184,2,17.109,1531.904,17.109,1533.952,1.000679136
96.936510644,0.184,184,2,17.293,1548.288,17.293,1550.336,1.000615372
97.937114072,0.184,184,2,17.477,1564.672,17.477,1566.72,1.000603428
98.937690193,0.184,184,2,17.661,1581.056,17.661,1583.104,1.000576121
99.938306054,0.184,184,2,17.845,1597.44,17.845,1599.488,1.000615861
100.938935394,0.184,184,2,18.029,1613.824,18.029,1615.872,1.00062934
101.939505857,0.184,184,2,18.213,1630.208,18.213,1632.256,1.000570463
102.940073946,0.184,184,2,18.397,1646.592,18.397,1648.64,1.000568089
103.94083787,0.184,184,2,18.581,1662.976,18.581,1665.024,1.000763924
104.941517007,0.184,184,2,18.765,1679.36,18.765,1681.408,1.000679137
105.942101788,0.184,184,2,18.949,1695.744,18.949,1697.792,1.000584781
106.942692785,0.184,184,2,19.133,1712.128,19.133,1714.176,1.000590997
107.943292791,0.184,184,2,19.317,1728.512,19.317,1730.56,1.000600006
108.943945877,0.184,184,2,19.501,1744.896,19.501,1746.944,1.000653086
109.944636049,0.184,184,2,19.685,1761.28,19.685,1763.328,1.000690172
110.945245903,0.184,184,2,19.869,1777.664,19.869,1779.712,1.000609854
111.945862602,0.184,184,2,20.053,1794.048,20.053,1796.096,1.000616699
112.946463656,0.184,184,2,20.237,1810.432,20.237,1812.48,1.000601054
113.947135669,0.184,184,2,20.421,1826.816,20.421,1828.864,1.000672013
114.947728272,0.184,184,2,20.605,1843.2,20.605,1845.248,1.000592603
115.948347345,0.184,184,2,20.789,1859.584,20.789,1861.632,1.000619073
116.948956291,0.184,184,2,20.973,1875.968,20.973,1878.016,1.000608946
117.949567752,0.184,184,2,21.157,1892.352,21.157,1894.4,1.000611461
118.950186476,0.184,184,2,21.341,1908.736,21.341,1910.784,1.000618724
119.950788158,0.184,184,2,21.525,1925.12,21.525,1927.168,1.000601682
120.951421968,0.184,184,2,21.709,1941.504,21.709,1943.552,1.00063381
121.952081549,0.184,184,2,21.893,1957.888,21.893,1959.936,1.000659581
122.95270153,0.184,184,2,22.077,1974.272,22.077,1976.32,1.000619981
123.953351333,0.184,184,2,22.261,1990.656,22.261,1992.704,1.000649803
124.954023765,0.184,184,2,22.445,2007.04,22.445,2009.088,1.000672432
125.954652756,0.184,184,2,22.629,2023.424,22.629,2025.472,1.000628991
126.955313455,0.184,184,2,22.813,2039.808,22.813,2041.856,1.000660699
127.95588755,0.184,184,2,22.997,2056.192,22.997,2058.24,1.000574095
128.95657416,0.184,184,2,23.181,2072.576,23.181,2074.624,1.00068661
129.965049958,0.184,184,2,23.365,2088.96,23.365,2091.008,1.008475798
130.966099603,0.184,184,2,23.549,2105.344,23.549,2107.392,1.001049645
131.967549997,0.184,184,2,23.733,2121.728,23.733,2123.776,1.001450394
132.968480632,0.185,185,2,23.918,2138.112,23.918,2140.16,1.000930635
133.969066461,0.185,185,2,24.103,2154.496,24.103,2156.544,1.000585829
134.969718848,0.185,185,2,24.288,2170.88,24.288,2172.928,1.000652387
135.970321439,0.185,185,2,24.473,2187.264,24.473,2189.312,1.000602591
136.971080264,0.185,185,2,24.658,2203.648,24.658,2205.696,1.000758825
137.97172015,0.185,185,2,24.843,2220.032,24.843,2222.08,1.000639886
138.972460887,0.185,185,2,25.028,2236.416,25.028,2238.464,1.000740737
139.973070182,0.185,185,2,25.213,2252.8,25.213,2254.848,1.000609295
140.973818113,0.185,185,2,25.398,2269.184,25.398,2271.232,1.000747931
141.974556894,0.185,185,2,25.583,2285.568,25.583,2287.616,1.000738781
142.975209421,0.185,185,2,25.768,2301.952,25.768,2304.0,1.000652527
143.975852519,0.185,185,2,25.953,2318.336,25.953,2320.384,1.000643098
144.976483326,0.185,185,2,26.138,2334.72,26.138,2336.768,1.000630807
145.97711085,0.185,185,2,26.323,2351.104,26.323,2353.152,1.000627524
146.977707015,0.185,185,2,26.508,2367.488,26.508,2369.536,1.000596165
147.978335377,0.185,185,2,26.693,2383.872,26.693,2385.92,1.000628362
148.978944323,0.185,185,2,26.878,2400.256,26.878,2402.304,1.000608946
149.979628419,0.185,185,2,27.063,2416.64,27.063,2418.688,1.000684096
150.980255454,0.185,185,2,27.248,2433.024,27.248,2435.072,1.000627035
151.980872641,0.185,185,2,27.433,2449.408,27.433,2451.456,1.000617187
152.98147181,0.185,185,2,27.618,2465.792,27.618,2467.84,1.000599169
153.982220159,0.185,185,2,27.803,2482.176,27.803,2484.224,1.000748349
154.982989531,0.185,185,2,27.988,2498.56,27.988,2500.608,1.000769372
155.983723213,0.185,185,2,28.173,2514.944,28.173,2516.992,1.000733682
156.984318052,0.185,185,2,28.358,2531.328,28.358,2533.376,1.000594839
157.985049499,0.185,185,2,28.543,2547.712,28.543,2549.76,1.000731447
158.985729125,0.185,185,2,28.728,2564.096,28.728,2566.144,1.000679626
159.986387938,0.185,185,2,28.913,2580.48,28.913,2582.528,1.000658813
160.987106605,0.185,185,2,29.098,2596.864,29.098,2598.912,1.000718667
161.987841963,0.185,185,2,29.283,2613.248,29.283,2615.296,1.000735358
162.988465786,0.185,185,2,29.468,2629.632,29.468,2631.68,1.000623823
163.989087373,0.185,185,2,29.653,2646.016,29.653,2648.064,1.000621587
164.989789907,0.185,185,2,29.838,2662.4,29.838,2664.448,1.000702534
165.990511297,0.185,185,2,30.023,2678.784,30.023,2680.832,1.00072139
166.991271031,0.185,185,2,30.208,2695.168,30.208,2697.216,1.000759734
167.992027552,0.185,185,2,30.393,2711.552,30.393,2713.6,1.000756521
168.992734136,0.185,185,2,30.578,2727.936,30.578,2729.984,1.000706584
169.993453152,0.185,185,2,30.763,2744.32,30.763,2746.368,1.000719016
170.994178105,0.185,185,2,30.948,2760.704,30.948,2762.752,1.000724953
171.994852492,0.185,185,2,31.133,2777.088,31.133,2779.136,1.000674387
172.995545248,0.185,185,2,31.318,2793.472,31.318,2795.52,1.000692756
173.996281584,0.185,185,2,31.503,2809.856,31.503,2811.904,1.000736336
174.997007445,0.185,185,2,31.688,2826.24,31.688,2828.288,1.000725861
175.997712004,0.185,185,2,31.873,2842.624,31.873,2844.672,1.000704559
176.998433185,0.185,185,2,32.058,2859.008,32.058,2861.056,1.000721181
177.999125591,0.185,185,2,32.243,2875.392,32.243,2877.44,1.000692406
178.999811503,0.185,185,2,32.428,2891.776,32.428,2893.824,1.000685912
180.000527795,0.185,185,2,32.613,2908.16,32.613,2910.208,1.000716292
181.001226836,0.185,185,2,32.798,2924.544,32.798,2926.592,1.000699041
182.001904995,0.185,185,2,32.983,2940.928,32.983,2942.976,1.000678159
183.002591884,0.185,185,2,33.168,2957.312,33.168,2959.36,1.000686889
184.003297351,0.185,185,2,33.353,2973.696,33.353,2975.744,1.000705467
185.004013434,0.185,185,2,33.538,2990.08,33.538,2992.128,1.000716083
186.004861098,0.185,185,2,33.723,3006.464,33.723,3008.512,1.000847664
187.005535206,0.185,185,2,33.908,3022.848,33.908,3024.896,1.000674108
188.006229777,0.185,185,2,34.093,3039.232,34.093,3041.28,1.000694571
189.006924768,0.185,185,2,34.278,3055.616,34.278,3057.664,1.000694991
190.007617314,0.185,185,2,34.463,3072.0,34.463,3074.048,1.000692546
191.008318521,0.185,185,2,34.648,3088.384,34.648,3090.432,1.000701207
192.008986832,0.185,185,2,34.833,3104.768,34.833,3106.816,1.000668311
193.009606324,0.185,185,2,35.018,3121.152,35.018,3123.2,1.000619492
194.010255848,0.185,185,2,35.203,3137.536,35.203,3139.584,1.000649524
195.010841747,0.185,185,2,35.388,3153.92,35.388,3155.968,1.000585899
196.011627112,0.185,185,2,35.573,3170.304,35.573,3172.352,1.000785365
197.012386356,0.185,185,2,35.758,3186.688,35.758,3188.736,1.000759244
198.012969671,0.185,185,2,35.943,3203.072,35.943,3205.12,1.000583315
199.013510871,0.185,185,2,36.128,3219.456,36.128,3221.504,1.0005412
200.01406136,0.185,185,2,36.313,3235.84,36.313,3237.888,1.000550489
201.014637201,0.185,185,2,36.498,3252.224,36.498,3254.272,1.000575841
202.015262211,0.185,185,2,36.683,3268.608,36.683,3270.656,1.00062501
203.01579496,0.185,185,2,36.868,3284.992,36.868,3287.04,1.000532749
204.016349011,0.185,185,2,37.053,3301.376,37.053,3303.424,1.000554051
205.01692171,0.185,185,2,37.238,3317.76,37.238,3319.808,1.000572699
206.017511729,0.185,185,2,37.423,3334.144,37.423,3336.192,1.000590019
207.018080237,0.185,185,2,37.608,3350.528,37.608,3352.576,1.000568508
208.018674517,0.185,185,2,37.793,3366.912,37.793,3368.96,1.00059428
209.019248542,0.185,185,2,37.978,3383.296,37.978,3385.344,1.000574025
210.019785133,0.185,185,2,38.163,3399.68,38.163,3401.728,1.000536591
211.020322143,0.185,185,2,38.348,3416.064,38.348,3418.112,1.00053701
212.020872143,0.185,185,2,38.533,3432.448,38.533,3434.496,1.00055
213.021425495,0.185,185,2,38.718,3448.832,38.718,3450.88,1.000553352
214.021966905,0.185,185,2,38.903,3465.216,38.903,3467.264,1.00054141
215.022520886,0.185,185,2,39.088,3481.6,39.088,3483.648,1.000553981
216.023124315,0.185,185,2,39.273,3497.984,39.273,3500.032,1.000603429
217.023740734,0.185,185,2,39.458,3514.368,39.458,3516.416,1.000616419
218.024399826,0.185,185,2,39.643,3530.752,39.643,3532.8,1.000659092
219.025148734,0.185,185,2,39.828,3547.136,39.828,3549.184,1.000748908
220.025728277,0.185,185,2,40.013,3563.52,40.013,3565.568,1.000579543
221.026286728,0.185,185,2,40.198,3579.904,40.198,3581.952,1.000558451
222.026832258,0.185,185,2,40.383,3596.288,40.383,3598.336,1.00054553
223.027376252,0.185,185,2,40.568,3612.672,40.568,3614.72,1.000543994
224.027951675,0.185,185,2,40.753,3629.056,40.753,3631.104,1.000575423
225.028500138,0.185,185,2,40.938,3645.44,40.938,3647.488,1.000548463
226.029082265,0.185,185,2,41.123,3661.824,41.123,3663.872,1.000582127
227.029703853,0.185,185,2,41.308,3678.208,41.308,3680.256,1.000621588
228.030308818,0.185,185,2,41.493,3694.592,41.493,3696.64,1.000604965
229.030886405,0.185,185,2,41.678,3710.976,41.678,3713.024,1.000577587
230.031476006,0.185,185,2,41.863,3727.36,41.863,3729.408,1.000589601
231.032021047,0.185,185,2,42.048,3743.744,42.048,3745.792,1.000545041
232.032555542,0.185,185,2,42.233,3760.128,42.233,3762.176,1.000534495
233.033079282,0.185,185,2,42.418,3776.512,42.418,3778.56,1.00052374
234.033613009,0.185,185,2,42.603,3792.896,42.603,3794.944,1.000533727
235.034132489,0.185,185,2,42.788,3809.28,42.788,3811.328,1.00051948
236.034677181,0.185,185,2,42.973,3825.664,42.973,3827.712,1.000544692
237.035242546,0.185,185,2,43.158,3842.048,43.158,3844.096,1.000565365
238.035782629,0.185,185,2,43.343,3858.432,43.343,3860.48,1.000540083
239.036376489,0.185,185,2,43.528,3874.816,43.528,3876.864,1.00059386
240.036932915,0.185,185,2,43.713,3891.2,43.713,3893.248,1.000556426
241.03748068,0.185,185,2,43.898,3907.584,43.898,3909.632,1.000547765
242.038014756,0.185,185,2,44.083,3923.968,44.083,3926.016,1.000534076
243.038530045,0.185,185,2,44.268,3940.352,44.268,3942.4,1.000515289
244.039086541,0.185,185,2,44.453,3956.736,44.453,3958.784,1.000556496
245.039647296,0.185,185,2,44.638,3973.12,44.638,3975.168,1.000560755
246.040236827,0.185,185,2,44.823,3989.504,44.823,3991.552,1.000589531
247.040751697,0.185,185,2,45.008,4005.888,45.008,4007.936,1.00051487
248.041344649,0.185,185,2,45.193,4022.272,45.193,4024.32,1.000592952
249.041910573,0.185,185,2,45.378,4038.656,45.378,4040.704,1.000565924
250.042466859,0.185,185,2,45.563,4055.04,45.563,4057.088,1.000556286
251.043106954,0.185,185,2,45.748,4071.424,45.748,4073.472,1.000640095
252.043757945,0.185,185,2,45.933,4087.808,45.933,4089.856,1.000650991
253.044315418,0.185,185,2,46.118,4104.192,46.118,4106.24,1.000557473
254.044843348,0.185,185,2,46.303,4120.576,46.303,4122.624,1.00052793
255.045408434,0.185,185,2,46.488,4136.96,46.488,4139.008,1.000565086
256.045997685,0.185,185,2,46.673,4153.344,46.673,4155.392,1.000589251
257.04666006,0.185,185,2,46.858,4169.728,46.858,4171.776,1.000662375
258.047445006,0.185,185,2,47.043,4177.92,47.043,4179.968,1.000784946
259.048467762,0.185,185,2,47.228,4202.496,47.228,4204.544,1.001022756
260.049574048,0.185,185,2,47.413,4218.88,47.413,4220.928,1.001106286
261.052008017,0.185,185,2,47.598,4235.264,47.598,4237.312,1.002433969
262.052647972,0.185,185,2,47.783,4251.648,47.783,4253.696,1.000639955
263.05317269,0.185,185,2,47.968,4268.032,47.968,4270.08,1.000524718
264.053716125,0.185,185,2,48.153,4284.416,48.153,4286.464,1.000543435
265.05425963,0.185,185,2,48.338,4300.8,48.338,4302.848,1.000543505
266.054930386,0.185,185,2,48.523,4317.184,48.523,4319.232,1.000670756
267.055582703,0.185,185,2,48.708,4333.568,48.708,4335.616,1.000652317
268.056177262,0.185,185,2,48.893,4349.952,48.893,4352.0,1.000594559
269.056698558,0.185,185,2,49.078,4366.336,49.078,4368.384,1.000521296
270.057230888,0.185,185,2,49.263,4382.72,49.263,4384.768,1.00053233
271.057753929,0.185,185,2,49.448,4399.104,49.448,4401.152,1.000523041
272.058400729,0.185,185,2,49.633,4415.488,49.633,4417.536,1.0006468
273.058927053,0.185,185,2,49.818,4431.872,49.818,4433.92,1.000526324
274.059460082,0.185,185,2,50.003,4448.256,50.003,4450.304,1.000533029
275.060058273,0.185,185,2,50.188,4464.64,50.188,4466.688,1.000598191
276.060777708,0.185,185,2,50.373,4481.024,50.373,4483.072,1.000719435
277.061344121,0.185,185,2,50.558,4497.408,50.558,4499.456,1.000566413
278.06187233,0.185,185,2,50.743,4513.792,50.743,4515.84,1.000528209
279.06241388,0.185,185,2,50.928,4530.176,50.928,4532.224,1.00054155
280.063021778,0.185,185,2,51.113,4546.56,51.113,4548.608,1.000607898
281.063556832,0.185,185,2,51.298,4562.944,51.298,4564.992,1.000535054
282.06408595,0.185,185,2,51.483,4579.328,51.483,4581.376,1.000529118
283.064643702,0.185,185,2,51.668,4595.712,51.668,4597.76,1.000557752
284.065166814,0.185,185,2,51.853,4612.096,51.853,4614.144,1.000523112
285.065687899,0.185,185,2,52.038,4628.48,52.038,4630.528,1.000521085
286.066213665,0.185,185,2,52.223,4644.864,52.223,4646.912,1.000525766
287.066732725,0.185,185,2,52.408,4661.248,52.408,4663.296,1.00051906
288.067306401,0.185,185,2,52.593,4677.632,52.593,4679.68,1.000573676
289.06785249,0.185,185,2,52.778,4694.016,52.778,4696.064,1.000546089
290.073955292,0.185,185,2,52.963,4710.4,52.963,4712.448,1.006102802
291.074491044,0.185,185,2,53.148,4726.784,53.148,4728.832,1.000535752
292.075236251,0.185,185,2,53.333,4743.168,53.333,4745.216,1.000745207
293.075759921,0.185,185,2,53.518,4759.552,53.518,4761.6,1.00052367
294.076347775,0.185,185,2,53.703,4775.936,53.703,4777.984,1.000587854
295.077062461,0.185,185,2,53.888,4792.32,53.888,4794.368,1.000714686
296.077584245,0.185,185,2,54.073,4808.704,54.073,4810.752,1.000521784
297.078115388,0.185,185,2,54.258,4825.088,54.258,4827.136,1.000531143
298.07866029,0.185,185,2,54.443,4841.472,54.443,4843.52,1.000544902
299.079208893,0.185,185,2,54.628,4857.856,54.628,4859.904,1.000548603
300.079722506,0.185,185,2,54.813,4874.24,54.813,4876.288,1.000513613
301.080249249,0.185,185,2,54.998,4890.624,54.998,4892.672,1.000526743
302.080804976,0.185,185,2,55.183,4907.008,55.183,4909.056,1.000555727
303.081333605,0.185,185,2,55.368,4923.392,55.368,4925.44,1.000528629
304.081875503,0.185,185,2,55.553,4939.776,55.553,4941.824,1.000541898
305.082401967,0.185,185,2,55.738,4956.16,55.738,4958.208,1.000526464
306.083028234,0.185,185,2,55.923,4972.544,55.923,4974.592,1.000626267
307.083558678,0.185,185,2,56.108,4988.928,56.108,4990.976,1.000530444
308.084075364,0.185,185,2,56.293,5005.312,56.293,5007.36,1.000516686
309.084596101,0.185,185,2,56.478,5021.696,56.478,5023.744,1.000520737
310.085121866,0.185,185,2,56.663,5038.08,56.663,5040.128,1.000525765
311.085663066,0.185,185,2,56.848,5054.464,56.848,5056.512,1.0005412
312.086238698,0.185,185,2,57.033,5070.848,57.033,5072.896,1.000575632
313.086779898,0.185,185,2,57.218,5087.232,57.218,5089.28,1.0005412
314.087318165,0.185,185,2,57.403,5103.616,57.403,5105.664,1.000538267
315.087842743,0.185,185,2,57.588,5120.0,57.588,5122.048,1.000524578
316.08848186,0.185,185,2,57.773,5136.384,57.773,5138.432,1.000639117
317.089116718,0.185,185,2,57.958,5152.768,57.958,5154.816,1.000634858
318.089652051,0.185,185,2,58.143,5169.152,58.143,5171.2,1.000535333
319.090166781,0.185,185,2,58.328,5185.536,58.328,5187.584,1.00051473
320.090698553,0.185,185,2,58.513,5201.92,58.513,5203.968,1.000531772
321.091246807,0.185,185,2,58.698,5218.304,58.698,5220.352,1.000548254
322.091797226,0.185,185,2,58.883,5234.688,58.883,5236.736,1.000550419
323.092320547,0.185,185,2,59.068,5251.072,59.068,5253.12,1.000523321
324.100430726,0.185,185,2,59.253,5267.456,59.253,5269.504,1.008110179
325.100951393,0.185,185,2,59.438,5283.84,59.438,5285.888,1.000520667
326.101514174,0.185,185,2,59.623,5300.224,59.623,5302.272,1.000562781
327.102034282,0.185,185,2,59.808,5316.608,59.808,5318.656,1.000520108
328.10255879,0.185,185,2,59.993,5332.992,59.993,5335.04,1.000524508
329.103080924,0.185,185,2,60.178,5349.376,60.178,5351.424,1.000522134
330.103602499,0.185,185,2,60.363,5365.76,60.363,5367.808,1.000521575
331.10412568,0.185,185,2,60.548,5382.144,60.548,5384.192,1.000523181
332.104612962,0.185,185,2,60.733,5398.528,60.733,5400.576,1.000487282
333.105130905,0.185,185,2,60.918,5414.912,60.918,5416.96,1.000517943
334.105664143,0.185,185,2,61.103,5431.296,61.103,5433.344,1.000533238
335.106199058,0.185,185,2,61.288,5447.68,61.288,5449.728,1.000534915
336.106759534,0.185,185,2,61.473,5464.064,61.473,5466.112,1.000560476
337.107298011,0.185,185,2,61.658,5480.448,61.658,5482.496,1.000538477
338.107794303,0.185,185,2,61.843,5496.832,61.843,5498.88,1.000496292
339.108307147,0.185,185,2,62.028,5513.216,62.028,5515.264,1.000512844
340.108852608,0.185,185,2,62.213,5529.6,62.213,5531.648,1.000545461
341.109375649,0.185,185,2,62.398,5545.984,62.398,5548.032,1.000523041
342.109870335,0.185,185,2,62.583,5562.368,62.583,5564.416,1.000494686
343.11039177,0.185,185,2,62.768,5578.752,62.768,5580.8,1.000521435
344.110901123,0.185,185,2,62.953,5595.136,62.953,5597.184,1.000509353
345.111429053,0.185,185,2,63.138,5611.52,63.138,5613.568,1.00052793
346.112009364,0.185,185,2,63.323,5627.904,63.323,5629.952,1.000580311
347.112586113,0.185,185,2,63.508,5644.288,63.508,5646.336,1.000576749
348.113075631,0.185,185,2,63.693,5660.672,63.693,5662.72,1.000489518
349.113574437,0.185,185,2,63.878,5677.056,63.878,5679.104,1.000498806
350.114287796,0.185,185,2,64.063,5693.44,64.063,5695.488,1.000713359
351.123618173,0.185,185,2,64.248,5709.824,64.248,5711.872,1.009330377
352.124109367,0.185,185,2,64.433,5726.208,64.433,5728.256,1.000491194
353.124584986,0.185,185,2,64.618,5742.592,64.618,5744.64,1.000475619
354.12522983,0.185,185,2,64.803,5758.976,64.803,5761.024,1.000644844
355.1258151,0.185,185,2,64.988,5775.36,64.988,5777.408,1.00058527
356.126307062,0.185,185,2,65.173,5791.744,65.173,5793.792,1.000491962
357.126933609,0.185,185,2,65.358,5808.128,65.358,5810.176,1.000626547
358.127428713,0.185,185,2,65.543,5824.512,65.543,5826.56,1.000495104
359.127900631,0.185,185,2,65.728,5840.896,65.728,5842.944,1.000471918
360.128378485,0.185,185,2,65.913,5857.28,65.913,5859.328,1.000477854
361.128866396,0.185,185,2,66.098,5873.664,66.098,5875.712,1.000487911
362.129343203,0.185,185,2,66.283,5890.048,66.283,5892.096,1.000476807
363.129886428,0.185,185,2,66.468,5906.432,66.468,5908.48,1.000543225
364.13052359,0.185,185,2,66.653,5922.816,66.653,5924.864,1.000637162
365.131097267,0.185,185,2,66.838,5939.2,66.838,5941.248,1.000573677
366.131660467,0.185,185,2,67.023,5955.584,67.023,5957.632,1.0005632
367.132185045,0.185,185,2,67.208,5971.968,67.208,5974.016,1.000524578
368.132695934,0.185,185,2,67.393,5988.352,67.393,5990.4,1.000510889
369.133210315,0.185,185,2,67.578,6004.736,67.578,6006.784,1.000514381
370.133698994,0.185,185,2,67.763,6021.12,67.763,6023.168,1.000488679
371.134214283,0.185,185,2,67.948,6037.504,67.948,6039.552,1.000515289
372.134898309,0.185,185,2,68.133,6053.888,68.133,6055.936,1.000684026
373.135420373,0.185,185,2,68.318,6070.272,68.318,6072.32,1.000522064
374.135923789,0.185,185,2,68.503,6086.656,68.503,6088.704,1.000503416
375.136582671,0.185,185,2,68.688,6103.04,68.688,6105.088,1.000658882
376.137139097,0.185,185,2,68.873,6119.424,68.873,6121.472,1.000556426
377.139658761,0.185,185,2,69.058,6135.808,69.058,6137.856,1.002519664
378.140172024,0.185,185,2,69.243,6152.192,69.243,6154.24,1.000513263
379.140692901,0.185,185,2,69.428,6168.576,69.428,6170.624,1.000520877
380.14135346,0.185,185,2,69.613,6184.96,69.613,6187.008,1.000660559
381.141998793,0.185,185,2,69.798,6201.344,69.798,6203.392,1.000645333
382.142494177,0.185,185,2,69.983,6217.728,69.983,6219.776,1.000495384
383.143413847,0.185,185,2,70.168,6234.112,70.168,6236.16,1.00091967
384.143919289,0.185,185,2,70.353,6250.496,70.353,6252.544,1.000505442
385.144509448,0.185,185,2,70.538,6266.88,70.538,6268.928,1.000590159
386.145356203,0.185,185,2,70.723,6283.264,70.723,6285.312,1.000846755
387.147051251,0.185,185,2,70.908,6291.456,70.908,6293.504,1.001695048
388.148179537,0.185,185,2,71.093,6316.032,71.093,6318.08,1.001128286
389.149286592,0.185,185,2,71.278,6332.416,71.278,6334.464,1.001107055
390.150038433,0.185,185,2,71.463,6348.8,71.463,6350.848,1.000751841
391.150554071,0.185,185,2,71.648,6365.184,71.648,6367.232,1.000515638
392.151127608,0.185,185,2,71.833,6381.568,71.833,6383.616,1.000573537
393.151641849,0.185,185,2,72.018,6397.952,72.018,6400.0,1.000514241
394.152123195,0.185,185,2,72.203,6414.336,72.203,6416.384,1.000481346
395.152626821,0.185,185,2,72.388,6430.72,72.388,6432.768,1.000503626
396.153599989,0.185,185,2,72.573,6447.104,72.573,6449.152,1.000973168
397.154080637,0.185,185,2,72.758,6463.488,72.758,6465.536,1.000480648
398.154549691,0.185,185,2,72.943,6479.872,72.943,6481.92,1.000469054
399.155050663,0.185,185,2,73.128,6496.256,73.128,6498.304,1.000500972
400.155648365,0.185,185,2,73.313,6512.64,73.313,6514.688,1.000597702
401.156125311,0.185,185,2,73.498,6529.024,73.498,6531.072,1.000476946
402.156737889,0.185,185,2,73.683,6545.408,73.683,6547.456,1.000612578
403.1571862,0.185,185,2,73.868,6561.792,73.868,6563.84,1.000448311
404.157682213,0.185,185,2,74.053,6578.176,74.053,6580.224,1.000496013
405.15815413,0.185,185,2,74.238,6594.56,74.238,6596.608,1.000471917
406.158776626,0.185,185,2,74.423,6610.944,74.423,6612.992,1.000622496
407.159384245,0.185,185,2,74.608,6627.328,74.608,6629.376,1.000607619
408.15997622,0.185,185,2,74.793,6643.712,74.793,6645.76,1.000591975
409.160569661,0.185,185,2,74.978,6660.096,74.978,6662.144,1.000593441
410.161050239,0.185,185,2,75.163,6676.48,75.163,6678.528,1.000480578
411.161520341,0.185,185,2,75.348,6692.864,75.348,6694.912,1.000470102
412.161991141,0.185,185,2,75.533,6709.248,75.533,6711.296,1.0004708
413.162519001,0.185,185,2,75.718,6725.632,75.718,6727.68,1.00052786
414.162999858,0.185,185,2,75.903,6742.016,75.903,6744.064,1.000480857
415.163470519,0.185,185,2,76.088,6758.4,76.088,6760.448,1.000470661
416.163934125,0.185,185,2,76.273,6774.784,76.273,6776.832,1.000463606
417.164392144,0.185,185,2,76.458,6791.168,76.458,6793.216,1.000458019
418.164875516,0.185,185,2,76.643,6807.552,76.643,6809.6,1.000483372
419.165345897,0.185,185,2,76.828,6823.936,76.828,6825.984,1.000470381
420.165818513,0.185,185,2,77.013,6840.32,77.013,6842.368,1.000472616
421.166289942,0.185,185,2,77.198,6856.704,77.198,6858.752,1.000471429
422.166754386,0.185,185,2,77.383,6873.088,77.383,6875.136,1.000464444
423.167227282,0.185,185,2,77.568,6889.472,77.568,6891.52,1.000472896
424.167714983,0.185,185,2,77.753,6905.856,77.753,6907.904,1.000487701
425.168299415,0.185,185,2,77.938,6922.24,77.938,6924.288,1.000584432
426.168897606,0.185,185,2,78.123,6938.624,78.123,6940.672,1.000598191
427.169373295,0.185,185,2,78.308,6955.008,78.308,6957.056,1.000475689
428.169845352,0.185,185,2,78.493,6971.392,78.493,6973.44,1.000472057
429.170343251,0.185,185,2,78.678,6987.776,78.678,6989.824,1.000497899
430.170985511,0.185,185,2,78.863,7004.16,78.863,7006.208,1.00064226
431.171462876,0.185,185,2,79.048,7020.544,79.048,7022.592,1.000477365
432.172092775,0.185,185,2,79.233,7036.928,79.233,7038.976,1.000629899
433.172710312,0.185,185,2,79.418,7053.312,79.418,7055.36,1.000617537
434.173198223,0.185,185,2,79.603,7069.696,79.603,7071.744,1.000487911
435.173669651,0.185,185,2,79.788,7086.08,79.788,7088.128,1.000471428
436.174120128,0.185,185,2,79.973,7102.464,79.973,7104.512,1.000450477
437.17460315,0.185,185,2,80.158,7118.848,80.158,7120.896,1.000483022
438.17507395,0.185,185,2,80.343,7135.232,80.343,7137.28,1.0004708
439.175664947,0.185,185,2,80.528,7151.616,80.528,7153.664,1.000590997
440.176142103,0.185,185,2,80.713,7168.0,80.713,7170.048,1.000477156
441.176745741,0.185,185,2,80.898,7184.384,80.898,7186.432,1.000603638
442.177350008,0.185,185,2,81.083,7200.768,81.083,7202.816,1.000604267
443.177909018,0.185,185,2,81.268,7217.152,81.268,7219.2,1.00055901
444.178476408,0.185,185,2,81.453,7233.536,81.453,7235.584,1.00056739
445.179004339,0.185,185,2,81.638,7249.92,81.638,7251.968,1.000527931
446.179497558,0.185,185,2,81.823,7266.304,81.823,7268.352,1.000493219
447.179970802,0.185,185,2,82.008,7282.688,82.008,7284.736,1.000473244
448.180457387,0.185,185,2,82.193,7299.072,82.193,7301.12,1.000486585
449.181127863,0.185,185,2,82.378,7315.456,82.378,7317.504,1.000670476
450.181738066,0.185,185,2,82.563,7331.84,82.563,7333.888,1.000610203
451.182316073,0.185,185,2,82.748,7348.224,82.748,7350.272,1.000578007
452.182989901,0.185,185,2,82.933,7364.608,82.933,7366.656,1.000673828
453.183641521,0.185,185,2,83.118,7380.992,83.118,7383.04,1.00065162
454.184264365,0.185,185,2,83.303,7397.376,83.303,7399.424,1.000622844
455.184755908,0.185,185,2,83.488,7413.76,83.488,7415.808,1.000491543
456.185293197,0.185,185,2,83.673,7430.144,83.673,7432.192,1.000537289
457.185898232,0.185,185,2,83.858,7446.528,83.858,7448.576,1.000605035
458.186499077,0.185,185,2,84.043,7462.912,84.043,7464.96,1.000600845
459.187102226,0.185,185,2,84.228,7479.296,84.228,7481.344,1.000603149
460.18758008,0.185,185,2,84.413,7495.68,84.413,7497.728,1.000477854
461.188216963,0.185,185,2,84.598,7512.064,84.598,7514.112,1.000636883
462.188728271,0.185,185,2,84.783,7528.448,84.783,7530.496,1.000511308
463.189270728,0.185,185,2,84.968,7544.832,84.968,7546.88,1.000542457
464.189783294,0.185,185,2,85.153,7561.216,85.153,7563.264,1.000512566
465.190393217,0.185,185,2,85.338,7577.6,85.338,7579.648,1.000609923
466.190883154,0.185,185,2,85.523,7593.984,85.523,7596.032,1.000489937
467.191370437,0.185,185,2,85.708,7610.368,85.708,7612.416,1.000487283
468.191876437,0.185,185,2,85.893,7626.752,85.893,7628.8,1.000506
469.19235918,0.185,185,2,86.078,7643.136,86.078,7645.184,1.000482743
470.192817967,0.185,185,2,86.263,7659.52,86.263,7661.568,1.000458787
471.193285625,0.185,185,2,86.448,7675.904,86.448,7677.952,1.000467658
472.193757472,0.185,185,2,86.633,7692.288,86.633,7694.336,1.000471847
473.194232603,0.185,185,2,86.818,7708.672,86.818,7710.72,1.000475131
474.194755784,0.185,185,2,87.003,7725.056,87.003,7727.104,1.000523181
475.195341543,0.185,185,2,87.188,7741.44,87.188,7743.488,1.000585759
476.195831968,0.185,185,2,87.373,7757.824,87.373,7759.872,1.000490425
477.196291244,0.185,185,2,87.558,7774.208,87.558,7776.256,1.000459276
478.196761835,0.185,185,2,87.743,7790.592,87.743,7792.64,1.000470591
479.197309181,0.185,185,2,87.928,7806.976,87.928,7809.024,1.000547346
480.19776727,0.185,185,2,88.113,7823.36,88.113,7825.408,1.000458089
481.198213416,0.185,185,2,88.298,7839.744,88.298,7841.792,1.000446146
482.198664451,0.185,185,2,88.483,7856.128,88.483,7858.176,1.000451035
483.199090762,0.185,185,2,88.668,7872.512,88.668,7874.56,1.000426311
484.199542077,0.185,185,2,88.853,7888.896,88.853,7890.944,1.000451315
485.19999842,0.185,185,2,89.038,7905.28,89.038,7907.328,1.000456343
486.200685169,0.185,185,2,89.223,7921.664,89.223,7923.712,1.000686749
487.201122585,0.185,185,2,89.408,7938.048,89.408,7940.096,1.000437416
488.201684109,0.185,185,2,89.593,7954.432,89.593,7956.48,1.000561524
489.202250662,0.185,185,2,89.778,7970.816,89.778,7972.864,1.000566553
490.202753449,0.185,185,2,89.963,7987.2,89.963,7989.248,1.000502787
491.203368821,0.185,185,2,90.148,8003.584,90.148,8005.632,1.000615372
492.203834802,0.185,185,2,90.333,8019.968,90.333,8022.016,1.000465981
493.20429743,0.185,185,2,90.518,8036.352,90.518,8038.4,1.000462628
494.204766415,0.185,185,2,90.703,8052.736,90.703,8054.784,1.000468985
495.205241545,0.185,185,2,90.888,8069.12,90.888,8071.168,1.00047513
496.205714301,0.185,185,2,91.073,8085.504,91.073,8087.552,1.000472756
497.206180631,0.185,185,2,91.258,8101.888,91.258,8103.936,1.00046633
498.206671266,0.185,185,2,91.443,8118.272,91.443,8120.32,1.000490635
499.207221755,0.185,185,2,91.628,8134.656,91.628,8136.704,1.000550489
500.20770806,0.185,185,2,91.813,8151.04,91.813,8153.088,1.000486305
501.208169222,0.185,185,2,91.998,8167.424,91.998,8169.472,1.000461162
502.20862312,0.185,185,2,92.183,8183.808,92.183,8185.856,1.000453898
503.209221102,0.185,185,2,92.368,8200.192,92.368,8202.24,1.000597982
504.209680448,0.185,185,2,92.553,8216.576,92.553,8218.624,1.000459346
505.210152924,0.185,185,2,92.738,8232.96,92.738,8235.008,1.000472476
506.21061227,0.185,185,2,92.923,8249.344,92.923,8251.392,1.000459346
507.211069102,0.185,185,2,93.108,8265.728,93.108,8267.776,1.000456832
508.211526842,0.185,185,2,93.293,8282.112,93.293,8284.16,1.00045774
509.211981578,0.185,185,2,93.478,8298.496,93.478,8300.544,1.000454736
510.212475077,0.185,185,2,93.663,8314.88,93.663,8316.928,1.000493499
511.212928766,0.185,185,2,93.848,8331.264,93.848,8333.312,1.000453689
512.213389369,0.185,185,2,94.033,8364.032,94.033,8366.08,1.000460603
514.214317281,0.185,185,2,94.218,8380.416,94.218,8382.464,2.000927912
515.215389484,0.185,185,2,94.403,8396.8,94.403,8398.848,1.001072203
516.216945338,0.185,185,2,94.588,8413.184,94.588,8415.232,1.001555854
517.218174685,0.185,185,2,94.773,8429.568,94.773,8431.616,1.001229347
518.218718609,0.185,185,2,94.958,8445.952,94.958,8448.0,1.000543924
519.219437764,0.185,185,2,95.143,8462.336,95.143,8464.384,1.000719155
520.220043777,0.185,185,2,95.328,8478.72,95.328,8480.768,1.000606013
521.220644412,0.185,185,2,95.513,8495.104,95.513,8497.152,1.000600635
522.221084622,0.185,185,2,95.698,8511.488,95.698,8513.536,1.00044021
523.221588177,0.185,185,2,95.883,8527.872,95.883,8529.92,1.000503555
524.222007365,0.185,185,2,96.068,8544.256,96.068,8546.304,1.000419188
525.22244506,0.185,185,2,96.253,8560.64,96.253,8562.688,1.000437695
526.223051143,0.185,185,2,96.438,8577.024,96.438,8579.072,1.000606083
527.223621327,0.185,185,2,96.623,8593.408,96.623,8595.456,1.000570184
528.224201429,0.185,185,2,96.808,8609.792,96.808,8611.84,1.000580102
529.224769937,0.185,185,2,96.993,8626.176,96.993,8628.224,1.000568508
530.225211334,0.185,185,2,97.178,8642.56,97.178,8644.608,1.000441397
531.225656712,0.185,185,2,97.363,8658.944,97.363,8660.992,1.000445378
532.226092102,0.185,185,2,97.548,8675.328,97.548,8677.376,1.00043539
533.226527423,0.185,185,2,97.733,8691.712,97.733,8693.76,1.000435321
534.22700828,0.185,185,2,97.918,8708.096,97.918,8710.144,1.000480857
535.227443671,0.185,185,2,98.103,8724.48,98.103,8726.528,1.000435391
536.228022236,0.185,185,2,98.288,8740.864,98.288,8742.912,1.000578565
