time,size,first_call,destination,dest_out_traffic,dest_in_traffic,total_network_out,total_network_in,dens10
3.596298605,0.244,244,2,0.244,24.576,0.244,26.624,0
3.632142487,0.183,183,2,0.427,40.96,0.427,43.008,0.035843882
4.6421093,0.183,183,2,0.61,57.344,0.61,59.392,1.009966813
5.643124864,0.183,183,2,0.793,73.728,0.793,75.776,1.001015564
6.644065129,0.183,183,2,0.976,90.112,0.976,92.16,1.000940265
7.644871137,0.183,183,2,1.159,106.496,1.159,108.544,1.000806008
8.645678769,0.183,183,2,1.342,122.88,1.342,124.928,1.000807632
9.646372041,0.183,183,2,1.525,139.264,1.525,141.312,1.000693272
10.64709107,0.183,183,2,1.708,155.648,1.708,157.696,1.000719029
11.648025542,0.183,183,2,1.891,172.032,1.891,174.08,1.000934472
12.648774357,0.183,183,2,2.074,188.416,2.074,190.464,1.000748815
13.649447869,0.183,183,2,2.257,204.8,2.257,206.848,1.000673512
14.65202559,0.183,183,2,2.44,221.184,2.44,223.232,1.002577721
15.652661464,0.183,183,2,2.623,237.568,2.623,239.616,1.000635874
16.653324703,0.183,183,2,2.806,253.952,2.806,256.0,1.000663239
17.653966746,0.183,183,2,2.989,270.336,2.989,272.384,1.000642043
18.655655035,0.183,183,2,3.172,286.72,3.172,288.768,1.001688289
19.656409116,0.183,183,2,3.355,303.104,3.355,305.152,1.000754081
20.657049855,0.183,183,2,3.538,319.488,3.538,321.536,1.000640739
21.657772422,0.183,183,2,3.721,335.872,3.721,337.92,1.000722567
22.65844799,0.183,183,2,3.904,352.256,3.904,354.304,1.000675568
23.660975178,0.183,183,2,4.087,368.64,4.087,370.688,1.002527188
24.663524075,0.183,183,2,4.27,385.024,4.27,387.072,1.002548897
25.664234952,0.183,183,2,4.453,401.408,4.453,403.456,1.000710877
26.664949612,0.183,183,2,4.636,417.792,4.636,419.84,1.00071466
27.665587654,0.183,183,2,4.819,434.176,4.819,436.224,1.000638042
28.666275854,0.183,183,2,5.002,450.56,5.002,452.608,1.0006882
29.666916074,0.183,183,2,5.185,466.944,5.185,468.992,1.00064022
30.667601008,0.183,183,2,5.368,483.328,5.368,485.376,1.000684934
31.668219903,0.183,183,2,5.551,499.712,5.551,501.76,1.000618895
32.668853242,0.183,183,2,5.734,516.096,5.734,518.144,1.000633339
33.669490433,0.183,183,2,5.917,532.48,5.917,534.528,1.000637191
34.670209995,0.183,183,2,6.1,548.864,6.1,550.912,1.000719562
35.670800513,0.183,183,2,6.283,565.248,6.283,567.296,1.000590518
36.671424864,0.183,183,2,6.466,581.632,6.466,583.68,1.000624351
37.672011173,0.183,183,2,6.649,598.016,6.649,600.064,1.000586309
38.672667124,0.183,183,2,6.832,614.4,6.832,616.448,1.000655951
39.673318426,0.183,183,2,7.015,630.784,7.015,632.832,1.000651302
40.673907042,0.183,183,2,7.198,647.168,7.198,649.216,1.000588616
41.674525845,0.183,183,2,7.381,663.552,7.381,665.6,1.000618803
42.675302565,0.183,183,2,7.564,679.936,7.564,681.984,1.00077672
43.676054228,0.183,183,2,7.747,696.32,7.747,698.368,1.000751663
44.677332062,0.183,183,2,7.93,712.704,7.93,714.752,1.001277834
45.677943233,0.183,183,2,8.113,729.088,8.113,731.136,1.000611171
46.678582697,0.183,183,2,8.296,745.472,8.296,747.52,1.000639464
47.679160466,0.183,183,2,8.479,761.856,8.479,763.904,1.000577769
48.679733781,0.183,183,2,8.662,778.24,8.662,780.288,1.000573315
49.680307258,0.183,183,2,8.845,794.624,8.845,796.672,1.000573477
50.680885941,0.183,183,2,9.028,811.008,9.028,813.056,1.000578683
51.681520536,0.183,183,2,9.211,827.392,9.211,829.44,1.000634595
52.682209706,0.183,183,2,9.394,843.776,9.394,845.824,1.00068917
53.682939246,0.183,183,2,9.577,860.16,9.577,862.208,1.00072954
54.683615673,0.183,183,2,9.76,876.544,9.76,878.592,1.000676427
55.684196519,0.183,183,2,9.943,892.928,9.943,894.976,1.000580846
56.684769606,0.183,183,2,10.126,909.312,10.126,911.36,1.000573087
57.685356747,0.183,183,2,10.309,925.696,10.309,927.744,1.000587141
58.68594182,0.183,183,2,10.492,942.08,10.492,944.128,1.000585073
59.686641727,0.183,183,2,10.675,958.464,10.675,960.512,1.000699907
60.687247584,0.183,183,2,10.858,974.848,10.858,976.896,1.000605857
61.6878369,0.183,183,2,11.041,991.232,11.041,993.28,1.000589316
62.68857251,0.183,183,2,11.224,1007.616,11.224,1009.664,1.00073561
63.689201385,0.183,183,2,11.407,1024.0,11.407,1026.048,1.000628875
64.689935212,0.183,183,2,11.59,1040.384,11.59,1042.432,1.000733827
65.690692245,0.183,183,2,11.773,1056.768,11.773,1058.816,1.000757033
66.691704923,0.184,184,2,11.957,1073.152,11.957,1075.2,1.001012678
67.692383286,0.184,184,2,12.141,1089.536,12.141,1091.584,1.000678363
68.693010836,0.184,184,2,12.325,1105.92,12.325,1107.968,1.00062755
69.693601423,0.184,184,2,12.509,1122.304,12.509,1124.352,1.000590587
70.694252619,0.184,184,2,12.693,1138.688,12.693,1140.736,1.000651196
71.694990131,0.184,184,2,12.877,1155.072,12.877,1157.12,1.000737512
72.695590746,0.184,184,2,13.061,1171.456,13.061,1173.504,1.000600615
73.696174627,0.184,184,2,13.245,1187.84,13.245,1189.888,1.000583881
74.696768908,0.184,184,2,13.429,1204.224,13.429,1206.272,1.000594281
75.697341111,0.184,184,2,13.613,1220.608,13.613,1222.656,1.000572203
76.697905962,0.184,184,2,13.797,1236.992,13.797,1239.04,1.000564851
77.698586467,0.184,184,2,13.981,1253.376,13.981,1255.424,1.000680505
78.699187408,0.184,184,2,14.165,1269.76,14.165,1271.808,1.000600941
79.699794396,0.184,184,2,14.349,1286.144,14.349,1288.192,1.000606988
80.700402597,0.184,184,2,14.533,1302.528,14.533,1304.576,1.000608201
81.70098254,0.184,184,2,14.717,1318.912,14.717,1320.96,1.000579943
82.701800982,0.184,184,2,14.901,1335.296,14.901,1337.344,1.000818442
83.702615714,0.184,184,2,15.085,1351.68,15.085,1353.728,1.000814732
84.703345641,0.184,184,2,15.269,1368.064,15.269,1370.112,1.000729927
85.704113406,0.184,184,2,15.453,1384.448,15.453,1386.496,1.000767765
86.709996473,0.184,184,2,15.637,1400.832,15.637,1402.88,1.005883067
87.711070119,0.184,184,2,15.821,1417.216,15.821,1419.264,1.001073646
88.711723911,0.184,184,2,16.005,1433.6,16.005,1435.648,1.000653792
89.712406701,0.184,184,2,16.189,1449.984,16.189,1452.032,1.00068279
90.712971523,0.184,184,2,16.373,1466.368,16.373,1468.416,1.000564822
91.713561016,0.184,184,2,16.557,1482.752,16.557,1484.8,1.000589493
92.714131335,0.184,184,2,16.741,1499.136,16.741,1501.184,1.000570319
93.714799453,0.184,184,2,16.925,1515.52,16.925,1517.568,1.000668118
94.715486403,0.184,184,2,17.109,1531.904,17.109,1533.952,1.00068695
95.716056423,0.184,184,2,17.293,1548.288,17.293,1550.336,1.00057002
96.716638716,0.184,184,2,17.477,1564.672,17.477,1566.72,1.000582293
97.724152603,0.184,184,2,17.661,1581.056,17.661,1583.104,1.007513887
98.724691934,0.184,184,2,17.845,1597.44,17.845,1599.488,1.000539331
99.725244039,0.184,184,2,18.029,1613.824,18.029,1615.872,1.000552105
100.725958004,0.184,184,2,18.213,1630.208,18.213,1632.256,1.000713965
101.726550622,0.184,184,2,18.397,1646.592,18.397,1648.64,1.000592618
102.727155232,0.184,184,2,18.581,1662.976,18.581,1665.024,1.00060461
103.727743435,0.184,184,2,18.765,1679.36,18.765,1681.408,1.000588203
104.728300894,0.184,184,2,18.949,1695.744,18.949,1697.792,1.000557459
105.728830637,0.184,184,2,19.133,1712.128,19.133,1714.176,1.000529743
106.729398721,0.184,184,2,19.317,1728.512,19.317,1730.56,1.000568084
107.730020032,0.184,184,2,19.501,1744.896,19.501,1746.944,1.000621311
108.730670344,0.184,184,2,19.685,1761.28,19.685,1763.328,1.000650312
109.731309351,0.184,184,2,19.869,1777.664,19.869,1779.712,1.000639007
110.731855237,0.184,184,2,20.053,1794.048,20.053,1796.096,1.000545886
111.732446412,0.184,184,2,20.237,1810.432,20.237,1812.48,1.000591175
112.733009492,0.184,184,2,20.421,1826.816,20.421,1828.864,1.00056308
113.733533493,0.184,184,2,20.605,1843.2,20.605,1845.248,1.000524001
114.734112696,0.184,184,2,20.789,1859.584,20.789,1861.632,1.000579203
115.734719791,0.184,184,2,20.973,1875.968,20.973,1878.016,1.000607095
116.735336995,0.184,184,2,21.157,1892.352,21.157,1894.4,1.000617204
117.735886505,0.184,184,2,21.341,1908.736,21.341,1910.784,1.00054951
118.736461966,0.184,184,2,21.525,1925.12,21.525,1927.168,1.000575461
119.737086883,0.184,184,2,21.709,1941.504,21.709,1943.552,1.000624917
120.737722195,0.184,184,2,21.893,1957.888,21.893,1959.936,1.000635312
121.738353514,0.184,184,2,22.077,1974.272,22.077,1976.32,1.000631319
122.738974109,0.184,184,2,22.261,1990.656,22.261,1992.704,1.000620595
123.739674717,0.184,184,2,22.445,2007.04,22.445,2009.088,1.000700608
124.740294152,0.184,184,2,22.629,2023.424,22.629,2025.472,1.000619435
125.740833363,0.184,184,2,22.813,2039.808,22.813,2041.856,1.000539211
126.741372316,0.184,184,2,22.997,2056.192,22.997,2058.24,1.000538953
127.742067145,0.184,184,2,23.181,2072.576,23.181,2074.624,1.000694829
128.742885621,0.184,184,2,23.365,2088.96,23.365,2091.008,1.000818476
129.744026856,0.184,184,2,23.549,2105.344,23.549,2107.392,1.001141235
130.745692037,0.184,184,2,23.733,2121.728,23.733,2123.776,1.001665181
131.746583871,0.185,185,2,23.918,2138.112,23.918,2140.16,1.000891834
132.747204529,0.185,185,2,24.103,2154.496,24.103,2156.544,1.000620658
133.747916668,0.185,185,2,24.288,2170.88,24.288,2172.928,1.000712139
134.748604154,0.185,185,2,24.473,2187.264,24.473,2189.312,1.000687486
135.75019811,0.185,185,2,24.658,2203.648,24.658,2205.696,1.001593956
136.75086007,0.185,185,2,24.843,2220.032,24.843,2222.08,1.00066196
137.751562314,0.185,185,2,25.028,2236.416,25.028,2238.464,1.000702244
138.752255379,0.185,185,2,25.213,2252.8,25.213,2254.848,1.000693065
139.752945449,0.185,185,2,25.398,2269.184,25.398,2271.232,1.00069007
140.753715336,0.185,185,2,25.583,2285.568,25.583,2287.616,1.000769887
141.754416465,0.185,185,2,25.768,2301.952,25.768,2304.0,1.000701129
142.75508397,0.185,185,2,25.953,2318.336,25.953,2320.384,1.000667505
143.755747883,0.185,185,2,26.138,2334.72,26.138,2336.768,1.000663913
144.756444154,0.185,185,2,26.323,2351.104,26.323,2353.152,1.000696271
145.757114354,0.185,185,2,26.508,2367.488,26.508,2369.536,1.0006702
146.757797083,0.185,185,2,26.693,2383.872,26.693,2385.92,1.000682729
147.758455503,0.185,185,2,26.878,2400.256,26.878,2402.304,1.00065842
148.759125712,0.185,185,2,27.063,2416.64,27.063,2418.688,1.000670209
149.759813033,0.185,185,2,27.248,2433.024,27.248,2435.072,1.000687321
150.760482335,0.185,185,2,27.433,2449.408,27.433,2451.456,1.000669302
151.761155489,0.185,185,2,27.618,2465.792,27.618,2467.84,1.000673154
152.76183807,0.185,185,2,27.803,2482.176,27.803,2484.224,1.000682581
153.762500229,0.185,185,2,27.988,2498.56,27.988,2500.608,1.000662159
154.763358598,0.185,185,2,28.173,2514.944,28.173,2516.992,1.000858369
155.764083234,0.185,185,2,28.358,2531.328,28.358,2533.376,1.000724636
156.76478635,0.185,185,2,28.543,2547.712,28.543,2549.76,1.000703116
157.765340038,0.185,185,2,28.728,2564.096,28.728,2566.144,1.000553688
158.766009658,0.185,185,2,28.913,2580.48,28.913,2582.528,1.00066962
159.766694105,0.185,185,2,29.098,2596.864,29.098,2598.912,1.000684447
160.767390602,0.185,185,2,29.283,2613.248,29.283,2615.296,1.000696497
161.768095504,0.185,185,2,29.468,2629.632,29.468,2631.68,1.000704902
162.768813512,0.185,185,2,29.653,2646.016,29.653,2648.064,1.000718008
163.769528088,0.185,185,2,29.838,2662.4,29.838,2664.448,1.000714576
164.770183119,0.185,185,2,30.023,2678.784,30.023,2680.832,1.000655031
165.770853826,0.185,185,2,30.208,2695.168,30.208,2697.216,1.000670707
166.771538389,0.185,185,2,30.393,2711.552,30.393,2713.6,1.000684563
167.772235877,0.185,185,2,30.578,2727.936,30.578,2729.984,1.000697488
168.772933195,0.185,185,2,30.763,2744.32,30.763,2746.368,1.000697318
169.773598341,0.185,185,2,30.948,2760.704,30.948,2762.752,1.000665146
170.774271347,0.185,185,2,31.133,2777.088,31.133,2779.136,1.000673006
171.774954863,0.185,185,2,31.318,2793.472,31.318,2795.52,1.000683516
172.775649551,0.185,185,2,31.503,2809.856,31.503,2811.904,1.000694688
173.776335252,0.185,185,2,31.688,2826.24,31.688,2828.288,1.000685701
174.777020951,0.185,185,2,31.873,2842.624,31.873,2844.672,1.000685699
175.777698254,0.185,185,2,32.058,2859.008,32.058,2861.056,1.000677303
176.778362467,0.185,185,2,32.243,2875.392,32.243,2877.44,1.000664213
177.779038033,0.185,185,2,32.428,2891.776,32.428,2893.824,1.000675566
178.779709006,0.185,185,2,32.613,2908.16,32.613,2910.208,1.000670973
179.780435972,0.185,185,2,32.798,2924.544,32.798,2926.592,1.000726966
180.781109925,0.185,185,2,32.983,2940.928,32.983,2942.976,1.000673953
181.78177741,0.185,185,2,33.168,2957.312,33.168,2959.36,1.000667485
182.782442004,0.185,185,2,33.353,2973.696,33.353,2975.744,1.000664594
183.78312702,0.185,185,2,33.538,2990.08,33.538,2992.128,1.000685016
184.783916667,0.185,185,2,33.723,3006.464,33.723,3008.512,1.000789647
185.784596908,0.185,185,2,33.908,3022.848,33.908,3024.896,1.000680241
186.785268508,0.185,185,2,34.093,3039.232,34.093,3041.28,1.0006716
187.785970604,0.185,185,2,34.278,3055.616,34.278,3057.664,1.000702096
188.786644663,0.185,185,2,34.463,3072.0,34.463,3074.048,1.000674059
189.787404719,0.185,185,2,34.648,3088.384,34.648,3090.432,1.000760056
190.788063636,0.185,185,2,34.833,3104.768,34.833,3106.816,1.000658917
191.788613649,0.185,185,2,35.018,3121.152,35.018,3123.2,1.000550013
192.789214804,0.185,185,2,35.203,3137.536,35.203,3139.584,1.000601155
193.789835694,0.185,185,2,35.388,3153.92,35.388,3155.968,1.00062089
194.790665469,0.185,185,2,35.573,3170.304,35.573,3172.352,1.000829775
195.791351864,0.185,185,2,35.758,3186.688,35.758,3188.736,1.000686395
196.79191345,0.185,185,2,35.943,3203.072,35.943,3205.12,1.000561586
197.792436417,0.185,185,2,36.128,3219.456,36.128,3221.504,1.000522967
198.792973058,0.185,185,2,36.313,3235.84,36.313,3237.888,1.000536641
199.793548954,0.185,185,2,36.498,3252.224,36.498,3254.272,1.000575896
200.794078064,0.185,185,2,36.683,3268.608,36.683,3270.656,1.00052911
201.794603666,0.185,185,2,36.868,3284.992,36.868,3287.04,1.000525602
202.795229586,0.185,185,2,37.053,3301.376,37.053,3303.424,1.00062592
203.795841779,0.185,185,2,37.238,3317.76,37.238,3319.808,1.000612193
204.796422257,0.185,185,2,37.423,3334.144,37.423,3336.192,1.000580478
205.796969079,0.185,185,2,37.608,3350.528,37.608,3352.576,1.000546822
206.797503843,0.185,185,2,37.793,3366.912,37.793,3368.96,1.000534764
207.798032737,0.185,185,2,37.978,3383.296,37.978,3385.344,1.000528894
208.798567728,0.185,185,2,38.163,3399.68,38.163,3401.728,1.000534991
209.799105861,0.185,185,2,38.348,3416.064,38.348,3418.112,1.000538133
210.799631501,0.185,185,2,38.533,3432.448,38.533,3434.496,1.00052564
211.800152372,0.185,185,2,38.718,3448.832,38.718,3450.88,1.000520871
212.800679627,0.185,185,2,38.903,3465.216,38.903,3467.264,1.000527255
213.801210419,0.185,185,2,39.088,3481.6,39.088,3483.648,1.000530792
214.801802382,0.185,185,2,39.273,3497.984,39.273,3500.032,1.000591963
215.802441845,0.185,185,2,39.458,3514.368,39.458,3516.416,1.000639463
216.803046076,0.185,185,2,39.643,3530.752,39.643,3532.8,1.000604231
217.803662365,0.185,185,2,39.828,3547.136,39.828,3549.184,1.000616289
218.804240158,0.185,185,2,40.013,3563.52,40.013,3565.568,1.000577793
219.804740096,0.185,185,2,40.198,3579.904,40.198,3581.952,1.000499938
220.805250006,0.185,185,2,40.383,3596.288,40.383,3598.336,1.00050991
221.805771742,0.185,185,2,40.568,3612.672,40.568,3614.72,1.000521736
222.806294974,0.185,185,2,40.753,3629.056,40.753,3631.104,1.000523232
223.80684751,0.185,185,2,40.938,3645.44,40.938,3647.488,1.000552536
224.80739291,0.185,185,2,41.123,3661.824,41.123,3663.872,1.0005454
225.8079426,0.185,185,2,41.308,3678.208,41.308,3680.256,1.00054969
226.808491611,0.185,185,2,41.493,3694.592,41.493,3696.64,1.000549011
227.809050302,0.185,185,2,41.678,3710.976,41.678,3713.024,1.000558691
228.809584826,0.185,185,2,41.863,3727.36,41.863,3729.408,1.000534524
229.810107253,0.185,185,2,42.048,3743.744,42.048,3745.792,1.000522427
230.810610109,0.185,185,2,42.233,3760.128,42.233,3762.176,1.000502856
231.811129444,0.185,185,2,42.418,3776.512,42.418,3778.56,1.000519335
232.811635455,0.185,185,2,42.603,3792.896,42.603,3794.944,1.000506011
233.812171514,0.185,185,2,42.788,3809.28,42.788,3811.328,1.000536059
234.812681387,0.185,185,2,42.973,3825.664,42.973,3827.712,1.000509873
235.813193321,0.185,185,2,43.158,3842.048,43.158,3844.096,1.000511934
236.813700106,0.185,185,2,43.343,3858.432,43.343,3860.48,1.000506785
237.814223461,0.185,185,2,43.528,3874.816,43.528,3876.864,1.000523355
238.814741075,0.185,185,2,43.713,3891.2,43.713,3893.248,1.000517614
239.815285539,0.185,185,2,43.898,3907.584,43.898,3909.632,1.000544464
240.815823494,0.185,185,2,44.083,3923.968,44.083,3926.016,1.000537955
241.816323811,0.185,185,2,44.268,3940.352,44.268,3942.4,1.000500317
242.816863235,0.185,185,2,44.453,3956.736,44.453,3958.784,1.000539424
243.817368748,0.185,185,2,44.638,3973.12,44.638,3975.168,1.000505513
244.817932032,0.185,185,2,44.823,3989.504,44.823,3991.552,1.000563284
245.81843094,0.185,185,2,45.008,4005.888,45.008,4007.936,1.000498908
246.818934669,0.185,185,2,45.193,4022.272,45.193,4024.32,1.000503729
247.819482471,0.185,185,2,45.378,4038.656,45.378,4040.704,1.000547802
248.819995199,0.185,185,2,45.563,4055.04,45.563,4057.088,1.000512728
249.820564731,0.185,185,2,45.748,4071.424,45.748,4073.472,1.000569532
250.821176294,0.185,185,2,45.933,4087.808,45.933,4089.856,1.000611563
251.82170878,0.185,185,2,46.118,4104.192,46.118,4106.24,1.000532486
252.822217337,0.185,185,2,46.303,4120.576,46.303,4122.624,1.000508557
253.822746787,0.185,185,2,46.488,4136.96,46.488,4139.008,1.00052945
254.823321833,0.185,185,2,46.673,4153.344,46.673,4155.392,1.000575046
255.823925691,0.185,185,2,46.858,4169.728,46.858,4171.776,1.000603858
256.824622749,0.185,185,2,47.043,4186.112,47.043,4188.16,1.000697058
257.825474177,0.185,185,2,47.228,4202.496,47.228,4204.544,1.000851428
258.826359174,0.185,185,2,47.413,4218.88,47.413,4220.928,1.000884997
259.82746711,0.185,185,2,47.598,4235.264,47.598,4237.312,1.001107936
260.828016929,0.185,185,2,47.783,4251.648,47.783,4253.696,1.000549819
261.828518582,0.185,185,2,47.968,4268.032,47.968,4270.08,1.000501653
262.829031584,0.185,185,2,48.153,4284.416,48.153,4286.464,1.000513002
263.829519528,0.185,185,2,48.338,4300.8,48.338,4302.848,1.000487944
264.830075625,0.185,185,2,48.523,4317.184,48.523,4319.232,1.000556097
265.830602599,0.185,185,2,48.708,4333.568,48.708,4335.616,1.000526974
266.831144826,0.185,185,2,48.893,4349.952,48.893,4352.0,1.000542227
267.831657823,0.185,185,2,49.078,4366.336,49.078,4368.384,1.000512997
268.832194106,0.185,185,2,49.263,4382.72,49.263,4384.768,1.000536283
269.832709567,0.185,185,2,49.448,4399.104,49.448,4401.152,1.000515461
270.833314491,0.185,185,2,49.633,4415.488,49.633,4417.536,1.000604924
271.833827961,0.185,185,2,49.818,4431.872,49.818,4433.92,1.00051347
272.834334479,0.185,185,2,50.003,4448.256,50.003,4450.304,1.000506518
273.834853083,0.185,185,2,50.188,4464.64,50.188,4466.688,1.000518604
274.835530887,0.185,185,2,50.373,4481.024,50.373,4483.072,1.000677804
275.83607602,0.185,185,2,50.558,4497.408,50.558,4499.456,1.000545133
276.83660828,0.185,185,2,50.743,4513.792,50.743,4515.84,1.00053226
277.837117869,0.185,185,2,50.928,4530.176,50.928,4532.224,1.000509589
278.837627981,0.185,185,2,51.113,4546.56,51.113,4548.608,1.000510112
279.838138739,0.185,185,2,51.298,4562.944,51.298,4564.992,1.000510758
280.838644501,0.185,185,2,51.483,4579.328,51.483,4581.376,1.000505762
281.839180995,0.185,185,2,51.668,4595.712,51.668,4597.76,1.000536494
282.839699472,0.185,185,2,51.853,4612.096,51.853,4614.144,1.000518477
283.840216954,0.185,185,2,52.038,4628.48,52.038,4630.528,1.000517482
284.840726237,0.185,185,2,52.223,4644.864,52.223,4646.912,1.000509283
285.841236304,0.185,185,2,52.408,4661.248,52.408,4663.296,1.000510067
286.841736584,0.185,185,2,52.593,4677.632,52.593,4679.68,1.00050028
287.842258413,0.185,185,2,52.778,4694.016,52.778,4696.064,1.000521829
288.842765684,0.185,185,2,52.963,4710.4,52.963,4712.448,1.000507271
289.843323567,0.185,185,2,53.148,4726.784,53.148,4728.832,1.000557883
290.84392295,0.185,185,2,53.333,4743.168,53.333,4745.216,1.000599383
291.844424829,0.185,185,2,53.518,4759.552,53.518,4761.6,1.000501879
292.845029102,0.185,185,2,53.703,4775.936,53.703,4777.984,1.000604273
293.845566112,0.185,185,2,53.888,4792.32,53.888,4794.368,1.00053701
294.846078894,0.185,185,2,54.073,4808.704,54.073,4810.752,1.000512782
295.846587306,0.185,185,2,54.258,4825.088,54.258,4827.136,1.000508412
296.847122859,0.185,185,2,54.443,4841.472,54.443,4843.52,1.000535553
297.84763371,0.185,185,2,54.628,4857.856,54.628,4859.904,1.000510851
298.84813497,0.185,185,2,54.813,4874.24,54.813,4876.288,1.00050126
299.848641015,0.185,185,2,54.998,4890.624,54.998,4892.672,1.000506045
300.849152228,0.185,185,2,55.183,4907.008,55.183,4909.056,1.000511213
301.849646693,0.185,185,2,55.368,4923.392,55.368,4925.44,1.000494465
302.850173157,0.185,185,2,55.553,4939.776,55.553,4941.824,1.000526464
303.850677346,0.185,185,2,55.738,4956.16,55.738,4958.208,1.000504189
304.851279598,0.185,185,2,55.923,4972.544,55.923,4974.592,1.000602252
305.851785017,0.185,185,2,56.108,4988.928,56.108,4990.976,1.000505419
306.852299201,0.185,185,2,56.293,5005.312,56.293,5007.36,1.000514184
307.852813955,0.185,185,2,56.478,5021.696,56.478,5023.744,1.000514754
308.853326882,0.185,185,2,56.663,5038.08,56.663,5040.128,1.000512927
309.853848182,0.185,185,2,56.848,5054.464,56.848,5056.512,1.0005213
310.854397973,0.185,185,2,57.033,5070.848,57.033,5072.896,1.000549791
311.85491518,0.185,185,2,57.218,5087.232,57.218,5089.28,1.000517207
312.855413558,0.185,185,2,57.403,5103.616,57.403,5105.664,1.000498378
313.855929883,0.185,185,2,57.588,5120.0,57.588,5122.048,1.000516325
314.856526966,0.185,185,2,57.773,5136.384,57.773,5138.432,1.000597083
315.857053439,0.185,185,2,57.958,5152.768,57.958,5154.816,1.000526473
316.857553295,0.185,185,2,58.143,5169.152,58.143,5171.2,1.000499856
317.858047812,0.185,185,2,58.328,5185.536,58.328,5187.584,1.000494517
318.858561421,0.185,185,2,58.513,5201.92,58.513,5203.968,1.000513609
319.859090588,0.185,185,2,58.698,5218.304,58.698,5220.352,1.000529167
320.859617515,0.185,185,2,58.883,5234.688,58.883,5236.736,1.000526927
321.860140452,0.185,185,2,59.068,5251.072,59.068,5253.12,1.000522937
322.862905924,0.185,185,2,59.253,5267.456,59.253,5269.504,1.002765472
323.863411076,0.185,185,2,59.438,5283.84,59.438,5285.888,1.000505152
324.863943042,0.185,185,2,59.623,5300.224,59.623,5302.272,1.000531966
325.864440754,0.185,185,2,59.808,5316.608,59.808,5318.656,1.000497712
326.864953253,0.185,185,2,59.993,5332.992,59.993,5335.04,1.000512499
327.865453049,0.185,185,2,60.178,5349.376,60.178,5351.424,1.000499796
328.865948634,0.185,185,2,60.363,5365.76,60.363,5367.808,1.000495585
329.86645148,0.185,185,2,60.548,5382.144,60.548,5384.192,1.000502846
330.866958801,0.185,185,2,60.733,5398.528,60.733,5400.576,1.000507321
331.867481043,0.185,185,2,60.918,5414.912,60.918,5416.96,1.000522242
332.867983322,0.185,185,2,61.103,5431.296,61.103,5433.344,1.000502279
333.868493803,0.185,185,2,61.288,5447.68,61.288,5449.728,1.000510481
334.869118143,0.185,185,2,61.473,5464.064,61.473,5466.112,1.00062434
335.869631699,0.185,185,2,61.658,5480.448,61.658,5482.496,1.000513556
336.870140259,0.185,185,2,61.843,5496.832,61.843,5498.88,1.00050856
337.87065924,0.185,185,2,62.028,5513.216,62.028,5515.264,1.000518981
338.871171984,0.185,185,2,62.213,5529.6,62.213,5531.648,1.000512744
339.871673231,0.185,185,2,62.398,5545.984,62.398,5548.032,1.000501247
340.872167361,0.185,185,2,62.583,5562.368,62.583,5564.416,1.00049413
341.872706793,0.185,185,2,62.768,5578.752,62.768,5580.8,1.000539432
342.873214847,0.185,185,2,62.953,5595.136,62.953,5597.184,1.000508054
343.873742946,0.185,185,2,63.138,5611.52,63.138,5613.568,1.000528099
344.874270454,0.185,185,2,63.323,5627.904,63.323,5629.952,1.000527508
345.874845626,0.185,185,2,63.508,5644.288,63.508,5646.336,1.000575172
346.875370995,0.185,185,2,63.693,5660.672,63.693,5662.72,1.000525369
347.875903725,0.185,185,2,63.878,5677.056,63.878,5679.104,1.00053273
348.876612027,0.185,185,2,64.063,5693.44,64.063,5695.488,1.000708302
349.879212135,0.185,185,2,64.248,5709.824,64.248,5711.872,1.002600108
350.879829852,0.185,185,2,64.433,5726.208,64.433,5728.256,1.000617717
351.880381841,0.185,185,2,64.618,5742.592,64.618,5744.64,1.000551989
352.881055963,0.185,185,2,64.803,5758.976,64.803,5761.024,1.000674122
353.881616328,0.185,185,2,64.988,5775.36,64.988,5777.408,1.000560365
354.882133611,0.185,185,2,65.173,5791.744,65.173,5793.792,1.000517283
355.88285638,0.185,185,2,65.358,5808.128,65.358,5810.176,1.000722769
356.883368371,0.185,185,2,65.543,5824.512,65.543,5826.56,1.000511991
357.883948235,0.185,185,2,65.728,5840.896,65.728,5842.944,1.000579864
358.88457053,0.185,185,2,65.913,5857.28,65.913,5859.328,1.000622295
359.885112758,0.185,185,2,66.098,5873.664,66.098,5875.712,1.000542228
360.885675146,0.185,185,2,66.283,5890.048,66.283,5892.096,1.000562388
361.886305435,0.185,185,2,66.468,5906.432,66.468,5908.48,1.000630289
362.88698029,0.185,185,2,66.653,5922.816,66.653,5924.864,1.000674855
363.889206758,0.185,185,2,66.838,5939.2,66.838,5941.248,1.002226468
364.889920447,0.185,185,2,67.023,5955.584,67.023,5957.632,1.000713689
365.890451837,0.185,185,2,67.208,5971.968,67.208,5974.016,1.00053139
366.891060814,0.185,185,2,67.393,5988.352,67.393,5990.4,1.000608977
367.891702376,0.185,185,2,67.578,6004.736,67.578,6006.784,1.000641562
368.892229722,0.185,185,2,67.763,6021.12,67.763,6023.168,1.000527346
369.89277091,0.185,185,2,67.948,6037.504,67.948,6039.552,1.000541188
370.893449797,0.185,185,2,68.133,6053.888,68.133,6055.936,1.000678887
371.894012323,0.185,185,2,68.318,6070.272,68.318,6072.32,1.000562526
372.894537403,0.185,185,2,68.503,6086.656,68.503,6088.704,1.00052508
373.895214131,0.185,185,2,68.688,6103.04,68.688,6105.088,1.000676728
374.895868513,0.185,185,2,68.873,6119.424,68.873,6121.472,1.000654382
375.896455499,0.185,185,2,69.058,6135.808,69.058,6137.856,1.000586986
376.897052934,0.185,185,2,69.243,6152.192,69.243,6154.24,1.000597435
377.89759443,0.185,185,2,69.428,6168.576,69.428,6170.624,1.000541496
378.898237254,0.185,185,2,69.613,6184.96,69.613,6187.008,1.000642824
379.898914766,0.185,185,2,69.798,6201.344,69.798,6203.392,1.000677512
380.899916063,0.185,185,2,69.983,6217.728,69.983,6219.776,1.001001297
381.90045587,0.185,185,2,70.168,6234.112,70.168,6236.16,1.000539807
382.900988561,0.185,185,2,70.353,6250.496,70.353,6252.544,1.000532691
383.901561067,0.185,185,2,70.538,6266.88,70.538,6268.928,1.000572506
384.90242862,0.185,185,2,70.723,6283.264,70.723,6285.312,1.000867553
385.903331179,0.185,185,2,70.908,6299.648,70.908,6301.696,1.000902559
386.904274477,0.185,185,2,71.093,6316.032,71.093,6318.08,1.000943298
387.905308652,0.185,185,2,71.278,6332.416,71.278,6334.464,1.001034175
388.906030035,0.185,185,2,71.463,6348.8,71.463,6350.848,1.000721383
389.908531295,0.185,185,2,71.648,6365.184,71.648,6367.232,1.00250126
390.909033695,0.185,185,2,71.833,6381.568,71.833,6383.616,1.0005024
391.90959565,0.185,185,2,72.018,6397.952,72.018,6400.0,1.000561955
392.910168536,0.185,185,2,72.203,6414.336,72.203,6416.384,1.000572886
393.910728423,0.185,185,2,72.388,6430.72,72.388,6432.768,1.000559887
394.911456858,0.185,185,2,72.573,6447.104,72.573,6449.152,1.000728435
395.911977567,0.185,185,2,72.758,6463.488,72.758,6465.536,1.000520709
396.912457056,0.185,185,2,72.943,6479.872,72.943,6481.92,1.000479489
397.912927035,0.185,185,2,73.128,6496.256,73.128,6498.304,1.000469979
398.913534081,0.185,185,2,73.313,6512.64,73.313,6514.688,1.000607046
399.914010442,0.185,185,2,73.498,6529.024,73.498,6531.072,1.000476361
400.914595125,0.185,185,2,73.683,6545.408,73.683,6547.456,1.000584683
401.915147286,0.185,185,2,73.868,6561.792,73.868,6563.84,1.000552161
402.91564365,0.185,185,2,74.053,6578.176,74.053,6580.224,1.000496364
403.916172082,0.185,185,2,74.238,6594.56,74.238,6596.608,1.000528432
404.916798182,0.185,185,2,74.423,6610.944,74.423,6612.992,1.0006261
405.917396288,0.185,185,2,74.608,6627.328,74.608,6629.376,1.000598106
406.917983016,0.185,185,2,74.793,6643.712,74.793,6645.76,1.000586728
407.918597299,0.185,185,2,74.978,6660.096,74.978,6662.144,1.000614283
408.919127369,0.185,185,2,75.163,6676.48,75.163,6678.528,1.00053007
409.919621833,0.185,185,2,75.348,6692.864,75.348,6694.912,1.000494464
410.920098323,0.185,185,2,75.533,6709.248,75.533,6711.296,1.00047649
411.920618297,0.185,185,2,75.718,6725.632,75.718,6727.68,1.000519974
412.921085522,0.185,185,2,75.903,6742.016,75.903,6744.064,1.000467225
413.921676465,0.185,185,2,76.088,6758.4,76.088,6760.448,1.000590943
414.922130914,0.185,185,2,76.273,6774.784,76.273,6776.832,1.000454449
415.922715341,0.185,185,2,76.458,6791.168,76.458,6793.216,1.000584427
416.923177574,0.185,185,2,76.643,6807.552,76.643,6809.6,1.000462233
417.923680481,0.185,185,2,76.828,6823.936,76.828,6825.984,1.000502907
418.924144186,0.185,185,2,77.013,6840.32,77.013,6842.368,1.000463705
419.924613639,0.185,185,2,77.198,6856.704,77.198,6858.752,1.000469453
420.925069836,0.185,185,2,77.383,6873.088,77.383,6875.136,1.000456197
421.925545743,0.185,185,2,77.568,6889.472,77.568,6891.52,1.000475907
422.926040044,0.185,185,2,77.753,6905.856,77.753,6907.904,1.000494301
423.926618988,0.185,185,2,77.938,6922.24,77.938,6924.288,1.000578944
424.927260409,0.185,185,2,78.123,6938.624,78.123,6940.672,1.000641421
425.927744827,0.185,185,2,78.308,6955.008,78.308,6957.056,1.000484418
426.928213871,0.185,185,2,78.493,6971.392,78.493,6973.44,1.000469044
427.928718895,0.185,185,2,78.678,6987.776,78.678,6989.824,1.000505024
428.929354227,0.185,185,2,78.863,7004.16,78.863,7006.208,1.000635332
429.929912738,0.185,185,2,79.048,7020.544,79.048,7022.592,1.000558511
430.93050632,0.185,185,2,79.233,7036.928,79.233,7038.976,1.000593582
431.931143506,0.185,185,2,79.418,7053.312,79.418,7055.36,1.000637186
432.931640987,0.185,185,2,79.603,7069.696,79.603,7071.744,1.000497481
433.932115588,0.185,185,2,79.788,7086.08,79.788,7088.128,1.000474601
434.932581132,0.185,185,2,79.973,7102.464,79.973,7104.512,1.000465544
435.933092069,0.185,185,2,80.158,7118.848,80.158,7120.896,1.000510937
436.93356394,0.185,185,2,80.343,7135.232,80.343,7137.28,1.000471871
437.934042618,0.185,185,2,80.528,7151.616,80.528,7153.664,1.000478678
438.934589327,0.185,185,2,80.713,7168.0,80.713,7170.048,1.000546709
439.935265555,0.185,185,2,80.898,7184.384,80.898,7186.432,1.000676228
440.935855496,0.185,185,2,81.083,7200.768,81.083,7202.816,1.000589941
441.936430459,0.185,185,2,81.268,7217.152,81.268,7219.2,1.000574963
442.937001818,0.185,185,2,81.453,7233.536,81.453,7235.584,1.000571359
443.937610504,0.185,185,2,81.638,7249.92,81.638,7251.968,1.000608686
444.938116457,0.185,185,2,81.823,7266.304,81.823,7268.352,1.000505953
445.938690161,0.185,185,2,82.008,7282.688,82.008,7284.736,1.000573704
446.939191689,0.185,185,2,82.193,7299.072,82.193,7301.12,1.000501528
447.939794953,0.185,185,2,82.378,7315.456,82.378,7317.504,1.000603264
448.940386457,0.185,185,2,82.563,7331.84,82.563,7333.888,1.000591504
449.940997905,0.185,185,2,82.748,7348.224,82.748,7350.272,1.000611448
450.941576908,0.185,185,2,82.933,7364.608,82.933,7366.656,1.000579003
451.942180482,0.185,185,2,83.118,7380.992,83.118,7383.04,1.000603574
452.942662057,0.185,185,2,83.303,7397.376,83.303,7399.424,1.000481575
453.943240082,0.185,185,2,83.488,7413.76,83.488,7415.808,1.000578025
454.943814436,0.185,185,2,83.673,7430.144,83.673,7432.192,1.000574354
455.944401871,0.185,185,2,83.858,7446.528,83.858,7448.576,1.000587435
456.944975438,0.185,185,2,84.043,7462.912,84.043,7464.96,1.000573567
457.945559355,0.185,185,2,84.228,7479.296,84.228,7481.344,1.000583917
458.946059205,0.185,185,2,84.413,7495.68,84.413,7497.728,1.00049985
459.946672406,0.185,185,2,84.598,7512.064,84.598,7514.112,1.000613201
460.947199736,0.185,185,2,84.783,7528.448,84.783,7530.496,1.00052733
461.947767677,0.185,185,2,84.968,7544.832,84.968,7546.88,1.000567941
462.948273428,0.185,185,2,85.153,7561.216,85.153,7563.264,1.000505751
463.948900525,0.185,185,2,85.338,7577.6,85.338,7579.648,1.000627097
464.949383576,0.185,185,2,85.523,7593.984,85.523,7596.032,1.000483051
465.94984891,0.185,185,2,85.708,7610.368,85.708,7612.416,1.000465334
466.950312748,0.185,185,2,85.893,7626.752,85.893,7628.8,1.000463838
467.950794226,0.185,185,2,86.078,7643.136,86.078,7645.184,1.000481478
468.951282388,0.185,185,2,86.263,7659.52,86.263,7661.568,1.000488162
469.951769893,0.185,185,2,86.448,7675.904,86.448,7677.952,1.000487505
470.952235249,0.185,185,2,86.633,7692.288,86.633,7694.336,1.000465356
471.952701759,0.185,185,2,86.818,7708.672,86.818,7710.72,1.00046651
472.953262111,0.185,185,2,87.003,7725.056,87.003,7727.104,1.000560352
473.953729655,0.185,185,2,87.188,7741.44,87.188,7743.488,1.000467544
474.954177923,0.185,185,2,87.373,7757.824,87.373,7759.872,1.000448268
475.95462977,0.185,185,2,87.558,7774.208,87.558,7776.256,1.000451847
476.955153118,0.185,185,2,87.743,7790.592,87.743,7792.64,1.000523348
477.955702404,0.185,185,2,87.928,7806.976,87.928,7809.024,1.000549286
478.956173785,0.185,185,2,88.113,7823.36,88.113,7825.408,1.000471381
479.956741244,0.185,185,2,88.298,7839.744,88.298,7841.792,1.000567459
480.957215634,0.185,185,2,88.483,7856.128,88.483,7858.176,1.00047439
481.957702684,0.185,185,2,88.668,7872.512,88.668,7874.56,1.00048705
482.958148809,0.185,185,2,88.853,7888.896,88.853,7890.944,1.000446125
483.958591345,0.185,185,2,89.038,7905.28,89.038,7907.328,1.000442536
484.959314495,0.185,185,2,89.223,7921.664,89.223,7923.712,1.00072315
485.959765212,0.185,185,2,89.408,7938.048,89.408,7940.096,1.000450717
486.960311226,0.185,185,2,89.593,7954.432,89.593,7956.48,1.000546014
487.965685472,0.185,185,2,89.778,7970.816,89.778,7972.864,1.005374246
488.966159791,0.185,185,2,89.963,7987.2,89.963,7989.248,1.000474319
489.96671771,0.185,185,2,90.148,8003.584,90.148,8005.632,1.000557919
490.967275515,0.185,185,2,90.333,8019.968,90.333,8022.016,1.000557805
491.967835571,0.185,185,2,90.518,8036.352,90.518,8038.4,1.000560056
492.968403441,0.185,185,2,90.703,8052.736,90.703,8054.784,1.00056787
493.968849526,0.185,185,2,90.888,8069.12,90.888,8071.168,1.000446085
494.969293707,0.185,185,2,91.073,8085.504,91.073,8087.552,1.000444181
495.969739745,0.185,185,2,91.258,8101.888,91.258,8103.936,1.000446038
496.970235396,0.185,185,2,91.443,8118.272,91.443,8120.32,1.000495651
497.970731715,0.185,185,2,91.628,8134.656,91.628,8136.704,1.000496319
498.971245925,0.185,185,2,91.813,8151.04,91.813,8153.088,1.00051421
499.971692659,0.185,185,2,91.998,8167.424,91.998,8169.472,1.000446734
500.972146042,0.185,185,2,92.183,8183.808,92.183,8185.856,1.000453383
501.972709818,0.185,185,2,92.368,8200.192,92.368,8202.24,1.000563776
502.973186947,0.185,185,2,92.553,8216.576,92.553,8218.624,1.000477129
503.973737007,0.185,185,2,92.738,8232.96,92.738,8235.008,1.00055006
504.97417768,0.185,185,2,92.923,8249.344,92.923,8251.392,1.000440673
505.974631238,0.185,185,2,93.108,8265.728,93.108,8267.776,1.000453558
506.975124006,0.185,185,2,93.293,8282.112,93.293,8284.16,1.000492768
507.975608749,0.185,185,2,93.478,8298.496,93.478,8300.544,1.000484743
508.976097423,0.185,185,2,93.663,8314.88,93.663,8316.928,1.000488674
509.976538586,0.185,185,2,93.848,8331.264,93.848,8333.312,1.000441163
510.977002191,0.185,185,2,94.033,8347.648,94.033,8349.696,1.000463605
511.97748679,0.185,185,2,94.218,8380.416,94.218,8382.464,1.000484599
513.979202579,0.185,185,2,94.403,8396.8,94.403,8398.848,2.001715789
514.981373934,0.185,185,2,94.588,8413.184,94.588,8415.232,1.002171355
515.983143754,0.185,185,2,94.773,8429.568,94.773,8431.616,1.00176982
516.983752185,0.185,185,2,94.958,8445.952,94.958,8448.0,1.000608431
517.984188027,0.185,185,2,95.143,8462.336,95.143,8464.384,1.000435842
518.984724701,0.185,185,2,95.328,8478.72,95.328,8480.768,1.000536674
519.985258012,0.185,185,2,95.513,8495.104,95.513,8497.152,1.000533311
520.985770319,0.185,185,2,95.698,8511.488,95.698,8513.536,1.000512307
521.986175411,0.185,185,2,95.883,8527.872,95.883,8529.92,1.000405092
522.986588279,0.185,185,2,96.068,8544.256,96.068,8546.304,1.000412868
523.987053145,0.185,185,2,96.253,8560.64,96.253,8562.688,1.000464866
524.987575588,0.185,185,2,96.438,8577.024,96.438,8579.072,1.000522443
525.987990698,0.185,185,2,96.623,8593.408,96.623,8595.456,1.00041511
526.98853614,0.185,185,2,96.808,8609.792,96.808,8611.84,1.000545442
527.988962086,0.185,185,2,96.993,8626.176,96.993,8628.224,1.000425946
528.989384856,0.185,185,2,97.178,8642.56,97.178,8644.608,1.00042277
529.989821144,0.185,185,2,97.363,8658.944,97.363,8660.992,1.000436288
530.99023125,0.185,185,2,97.548,8675.328,97.548,8677.376,1.000410106
531.990623278,0.185,185,2,97.733,8691.712,97.733,8693.76,1.000392028
532.991052952,0.185,185,2,97.918,8708.096,97.918,8710.144,1.000429674
533.99145883,0.185,185,2,98.103,8724.48,98.103,8726.528,1.000405878
534.991962356,0.185,185,2,98.288,8740.864,98.288,8742.912,1.000503526
