time,size,first_call,destination,dest_out_traffic,dest_in_traffic,total_network_out,total_network_in,dens10
0.0,66.073,0,8,66.073,0.0,66.073,8.192,0
3.926684217,0.244,244,2,0.244,24.576,132.39,26.624,3.926684217
3.976465792,0.183,183,2,0.427,40.96,132.573,43.008,0.049781575
4.994315251,0.183,183,2,0.61,57.344,132.756,59.392,1.017849459
5.995836169,0.183,183,2,0.793,73.728,132.939,75.776,1.001520918
6.997173563,0.183,183,2,0.976,90.112,133.122,92.16,1.001337394
8.029334124,0.183,183,2,1.159,106.496,133.305,108.544,1.032160561
9.030621588,0.183,183,2,1.342,122.88,133.488,124.928,1.001287464
10.031733041,0.183,183,2,1.525,139.264,133.671,141.312,1.001111453
11.032848841,0.183,183,2,1.708,155.648,133.854,157.696,1.0011158
12.034155973,0.183,183,2,1.891,172.032,134.037,174.08,1.001307132
13.035223942,0.183,183,2,2.074,188.416,134.22,190.464,1.001067969
14.036282765,0.183,183,2,2.257,204.8,134.403,206.848,1.001058823
15.037234698,0.183,183,2,2.44,221.184,134.586,223.232,1.000951933
16.038129634,0.183,183,2,2.623,237.568,134.769,239.616,1.000894936
17.0390851,0.183,183,2,2.806,253.952,134.952,256.0,1.000955466
18.040003485,0.183,183,2,2.989,270.336,135.135,272.384,1.000918385
19.042090006,0.183,183,2,3.172,286.72,135.318,288.768,1.002086521
20.043123285,0.183,183,2,3.355,303.104,135.667,307.884,1.001033279
20.781195834,0.268,268,2,3.623,303.364,135.935,308.144,0.738072549
20.819644843,0.253,253,2,3.876,319.748,136.188,324.528,0.038449009
21.09576288,0.219,219,2,4.095,352.516,136.407,357.296,0.276118037
21.311354709,0.283,283,2,4.378,368.9,136.69,373.68,0.215591829
21.355934058,0.207,207,2,4.585,385.284,136.897,390.064,0.044579349
21.410842297,0.102,102,2,4.687,393.476,136.999,398.256,0.054908239
21.437064796,0.123,123,2,4.81,84710.816,137.122,84715.596,0.026222499
21.831962504,0.291,291,2,5.101,85107.541,137.413,85112.321,0.394897708
21.834602488,0.234,234,2,5.335,135727.651,137.647,135732.431,0.002639984
22.036785081,0.123,123,2,5.458,150205.83,137.77,150210.61,0.202182593
22.097024865,0.219,219,2,5.677,195044.111,137.989,195048.891,0.060239784
22.806333911,0.174,174,2,5.851,195060.495,138.163,195065.275,0.709309046
22.807413942,0.188,188,2,6.039,195068.687,138.351,195073.467,0.001080031
22.809320086,0.121,121,2,6.16,195270.132,138.472,195274.912,0.001906144
22.814200527,0.541,541,2,6.701,195270.669,139.013,195275.449,0.004880441
22.822369147,0.23,230,2,6.931,195287.053,139.243,195291.833,0.00816862
22.835406814,0.851,170,2,7.782,195328.506,140.094,195333.286,0.013037667
22.838172784,0.121,121,2,7.903,195370.587,140.215,195375.367,0.00276597
22.850573226,0.379,379,2,8.282,195387.346,140.594,195392.126,0.012400442
23.098266591,0.219,219,2,8.501,195403.73,140.813,195408.51,0.247693365
23.85231708,0.156,156,2,8.657,195420.266,140.969,195425.046,0.754050489
23.853633357,0.156,156,2,8.813,195436.802,141.125,195441.582,0.001316277
24.09966772,0.219,219,2,9.032,195453.186,141.344,195457.966,0.246034363
20.228980855,0.166,166,4,0.166,2.732,141.563,195466.158,0
25.169329227,0.176,176,4,0.342,3.756,141.739,195467.182,4.940348372
25.247562402,0.154,154,4,0.496,7.34,141.893,195470.766,0.078233175
25.419787297,0.17,170,4,0.666,8.364,142.063,195471.79,0.172224895
25.453087068,0.172,172,4,0.838,9.388,142.235,195472.814,0.033299771
25.765938276,0.177,177,4,1.015,9.9,142.412,195473.326,0.312851208
25.787692893,0.176,176,4,1.191,10.412,142.588,195473.838,0.021754617
25.814371627,1.53,1530,4,2.721,11.404,144.118,195474.83,0.026678734
25.884738309,1.256,1256,4,3.977,11.884,145.374,195475.31,0.070366682
25.100888447,0.219,219,2,9.251,195469.57,145.545,195484.446,0
26.101951213,0.219,219,2,9.47,195485.954,145.764,195500.83,1.001062766
27.103029618,0.219,219,2,9.689,195502.338,145.983,195517.214,1.001078405
28.103957694,0.219,219,2,9.908,195518.722,146.202,195533.598,1.000928076
29.105059918,0.219,219,2,10.127,195535.106,146.421,195549.982,1.001102224
30.106133495,0.219,219,2,10.346,195551.49,146.64,195566.366,1.001073577
31.108401843,0.219,219,2,10.565,195567.874,146.859,195582.75,1.002268348
32.109689721,0.219,219,2,10.784,195584.258,147.078,195599.134,1.001287878
33.110562211,0.219,219,2,11.003,195600.642,147.297,195615.518,1.00087249
34.111450629,0.219,219,2,11.222,195617.026,147.516,195631.902,1.000888418
35.112525584,0.219,219,2,11.441,195633.41,147.735,195648.286,1.001074955
36.114098643,0.219,219,2,11.66,195649.794,147.954,195664.67,1.001573059
37.11507455,0.219,219,2,11.879,195666.178,148.173,195681.054,1.000975907
38.116056028,0.219,219,2,12.098,195682.562,148.392,195697.438,1.000981478
39.11699015,0.219,219,2,12.317,195698.946,148.611,195713.822,1.000934122
40.117837964,0.219,219,2,12.536,195715.33,148.83,195730.206,1.000847814
41.118823686,0.219,219,2,12.755,195731.714,149.049,195746.59,1.000985722
42.119825444,0.219,219,2,12.974,195748.098,149.268,195762.974,1.001001758
43.121087134,0.219,219,2,13.193,195764.482,149.487,195779.358,1.00126169
25.899023857,0.171,171,4,4.148,12.828,149.706,195787.55,0
44.122433949,0.219,219,2,13.412,195780.866,150.045,195796.654,18.223410092
45.123586945,0.219,219,2,13.631,195797.25,150.264,195813.038,1.001152996
46.124784015,0.219,219,2,13.85,195813.634,150.483,195829.422,1.00119707
47.125861696,0.219,219,2,14.069,195830.018,150.702,195845.806,1.001077681
48.127081196,0.219,219,2,14.288,195846.402,150.921,195862.19,1.0012195
44.363473419,0.339,339,4,4.487,22.444,151.14,195879.086,0
49.128261223,0.219,219,2,14.507,195862.786,152.715,195887.278,4.764787804
50.108230619,1.575,1575,4,6.062,22.444,152.934,195895.47,0.979969396
50.211666137,0.286,286,4,6.348,36.268,153.22,195909.294,0.103435518
50.288157239,0.189,189,4,6.537,48.556,153.409,195921.582,0.076491102
50.686115164,0.286,286,4,6.823,103.852,153.695,195976.878,0.397957925
50.129271382,0.219,219,2,14.726,195879.17,179.553,195990.19,0
-5775414.12411,66.073,66073,8,132.146,24.576,179.772,196025.006,0
51.624084726,0.235,235,8,132.381,40.96,180.007,196041.39,5775465.7482
51.703788921,0.102,102,8,132.483,49.152,180.109,196049.582,0.079704195
51.130512929,0.219,219,2,14.945,195895.554,180.262,196982.796,0
52.131710748,0.219,219,2,15.164,195911.938,180.481,209420.904,1.001197819
53.132846016,0.22,220,2,15.384,195928.322,180.701,223048.326,1.001135268
50.694696949,0.189,189,4,7.012,106.924,180.921,226748.414,0
54.13396079,0.22,220,2,15.604,195936.514,183.434,237329.31,3.439263841
55.135169123,0.22,220,2,15.824,195952.898,183.654,251154.951,1.001208333
56.13628953,0.22,220,2,16.044,195969.282,183.874,266434.198,1.001120407
57.137399271,0.22,220,2,16.264,195985.666,184.094,281581.299,1.001109741
58.138529037,0.22,220,2,16.484,196002.05,184.314,296794.473,1.001129766
59.139676333,0.22,220,2,16.704,196018.434,184.534,311743.355,1.001147296
60.140775411,0.22,220,2,16.924,196034.818,184.754,326956.529,1.001099078
51.731769162,0.153,153,8,132.636,135300.583,184.974,331457.685,0
54.370098719,2.513,2513,4,9.525,107.948,185.127,331523.758,2.638329557
61.531407072,2.578,2578,4,12.103,124.844,187.705,331540.654,7.161308353
61.445818843,0.153,153,8,132.789,135374.848,189.28,331548.846,0
61.60048841,0.145,145,8,132.934,135383.04,189.425,331557.038,0.154669567
61.141927642,0.22,220,2,17.144,196051.202,189.578,339281.461,0
62.142936618,0.22,220,2,17.364,196067.586,189.798,354098.197,1.001008976
63.143995548,0.22,220,2,17.584,196083.97,190.018,368981.006,1.00105893
61.545117411,1.575,1575,4,13.678,124.844,190.238,372226.775,0
64.145122405,0.22,220,2,17.804,196100.354,192.751,383938.08,2.600004994
65.146272177,0.22,220,2,18.024,196116.738,192.971,398688.743,1.001149772
66.148770414,0.22,220,2,18.244,196133.122,193.191,413835.844,1.002498237
67.150250096,0.22,220,2,18.464,196149.506,193.411,429247.237,1.001479682
68.151462571,0.22,220,2,18.684,196165.89,193.631,444856.849,1.001212475
69.152516165,0.22,220,2,18.904,196182.274,193.851,459739.658,1.001053594
61.603483025,0.153,153,8,133.087,271479.11,194.071,467808.756,0
64.355201483,2.513,2513,4,16.191,133.036,194.224,467874.829,2.751718458
70.74172867,2.535,2535,4,18.726,149.42,196.759,467891.213,6.386527187
70.6834319,0.153,153,8,133.24,271553.375,198.334,467899.405,0
70.760846392,0.145,145,8,133.385,271561.567,198.479,467907.597,0.077414492
70.153493528,0.22,220,2,19.124,196198.658,198.632,473349.972,0
71.154582524,0.22,220,2,19.344,196215.042,198.852,488166.708,1.001088996
72.156215881,0.22,220,2,19.564,196231.426,199.072,503512.028,1.001633357
73.157763443,0.22,220,2,19.784,196247.81,199.292,518725.202,1.001547562
70.749633722,1.575,1575,4,20.301,149.42,199.512,521640.606,0
74.158896908,0.22,220,2,20.004,196264.194,202.025,534136.058,3.409263186
75.159878735,0.22,220,2,20.224,196280.578,202.245,547895.626,1.000981827
76.160921639,0.22,220,2,20.444,196296.962,202.465,562976.654,1.001042904
77.162099981,0.22,220,2,20.664,196313.346,202.685,577925.536,1.001178342
78.163272866,0.22,220,2,20.884,196329.73,202.905,593204.783,1.001172885
70.763657262,0.153,153,8,133.538,407093.487,203.125,603652.509,0
74.354578153,2.513,2513,4,22.814,214.956,203.278,603718.582,3.590920891
79.912423393,2.535,2535,4,25.349,313.26,205.813,603816.886,5.55784524
79.861010055,0.153,153,8,133.691,407167.752,207.388,603825.078,0
79.926556591,0.145,145,8,133.836,407175.944,207.533,603833.27,0.065546536
79.164257322,0.22,220,2,21.104,196346.114,207.686,607399.23,0
80.165830244,0.22,220,2,21.324,196362.498,207.906,622546.331,1.001572922
81.166939834,0.22,220,2,21.544,196378.882,208.126,637495.213,1.00110959
82.167997113,0.22,220,2,21.764,196395.266,208.346,652708.387,1.001057279
83.169257785,0.22,220,2,21.984,196411.65,208.566,668317.999,1.001260672
79.919405809,1.575,1575,4,26.924,313.26,208.786,671299.476,0
84.17074514,0.22,220,2,22.204,196428.034,211.299,683828.233,4.251339331
85.17178843,0.22,220,2,22.424,196460.802,211.519,714188.508,1.00104329
87.174080155,0.22,220,2,22.644,196477.186,211.739,729533.828,2.002291725
79.929108636,0.153,153,8,133.989,542945.785,211.959,739783.335,0
84.355846743,2.513,2513,4,29.437,346.028,212.112,739939.964,4.426738107
88.921384147,2.535,2535,4,31.972,395.18,214.647,739989.116,4.565537404
88.871302489,0.153,153,8,134.142,543110.606,216.222,739997.308,0
88.937270417,0.145,145,8,134.287,543118.798,216.367,740005.5,0.065967928
88.174969173,0.22,220,2,22.864,196493.57,216.52,743661.008,0
89.176106674,0.22,220,2,23.084,196509.954,216.74,759204.547,1.001137501
90.178915496,0.22,220,2,23.304,196526.338,216.96,774087.356,1.002808822
91.179869264,0.22,220,2,23.524,196542.722,217.18,789102.311,1.000953768
92.180790418,0.22,220,2,23.744,196559.106,217.4,804051.193,1.000921154
93.18165056,0.22,220,2,23.964,196575.49,217.62,819330.44,1.000860142
88.928353482,1.575,1575,4,33.547,395.18,217.84,822047.625,0
94.182535432,0.22,220,2,24.184,196591.874,220.353,834626.071,5.25418195
95.18341566,0.22,220,2,24.404,196608.258,220.573,849707.099,1.000880228
96.184430445,0.22,220,2,24.624,196624.642,220.793,864523.835,1.001014785
88.939792764,0.153,153,8,134.44,678647.822,221.013,875698.364,0
94.352811396,2.513,2513,4,36.06,411.564,221.166,875854.993,5.413018632
97.97009945,2.535,2535,4,38.595,444.332,223.701,875887.761,3.617288054
97.924659338,0.153,153,8,134.593,678812.643,225.276,875895.953,0
97.996974452,0.145,145,8,134.738,678829.027,225.421,875912.337,0.072315114
97.999108095,0.149,149,8,134.887,678837.219,225.57,875920.529,0.00213364299999
97.185454539,0.22,220,2,24.844,196641.026,225.723,878849.234,0
98.186366458,0.22,220,2,25.064,196657.41,225.943,894392.773,1.000911919
99.187373411,0.22,220,2,25.284,196673.794,226.163,909738.093,1.001006953
100.18827551,0.22,220,2,25.504,196690.178,226.383,925149.486,1.000902099
101.189360643,0.22,220,2,25.724,196706.562,226.603,940891.244,1.001085133
102.190326827,0.22,220,2,25.944,196722.946,226.823,955707.98,1.000966184
103.191368899,0.22,220,2,26.164,196739.33,227.043,971119.373,1.001042072
97.990504581,1.575,1575,4,40.17,444.332,227.263,973506.193,0
104.192510882,0.22,220,2,26.384,196755.714,229.776,986530.229,6.202006301
105.193459797,0.22,220,2,26.604,196772.098,229.996,1002007.695,1.000948915
98.00101297,0.153,153,8,135.04,814366.243,230.216,1011662.545,0
106.194482658,0.22,220,2,26.824,196788.482,230.369,1011924.772,8.193469688
104.353310925,2.513,2513,4,42.683,509.868,230.589,1011932.964,0
107.199071613,2.535,2535,4,45.218,608.172,233.124,1012031.268,2.845760688
107.154381471,0.153,153,8,135.193,814628.47,234.699,1012039.46,0
107.212041311,0.145,145,8,135.338,814636.662,234.844,1012047.652,0.05765984
107.214185673,0.149,149,8,135.487,814653.046,234.993,1012064.036,0.00214436200001
107.195687769,0.22,220,2,27.044,196804.866,235.146,1027035.492,0
108.196680582,0.22,220,2,27.264,196821.25,235.366,1042314.739,1.000992813
109.197613543,0.22,220,2,27.484,196837.634,235.586,1057792.205,1.000932961
110.198574758,0.22,220,2,27.704,196854.018,235.806,1073071.452,1.000961215
111.199481647,0.22,220,2,27.924,196870.402,236.026,1087888.188,1.000906889
112.200433498,0.22,220,2,28.144,196886.786,236.246,1103431.727,1.000951851
113.201468972,0.22,220,2,28.364,196903.17,236.466,1118909.193,1.001035474
107.206516752,1.575,1575,4,46.793,608.172,236.686,1121031.721,0
114.202399482,0.22,220,2,28.584,196919.554,239.199,1134221.208,6.99588273
107.216193961,0.153,153,8,135.64,950397.754,239.419,1147972.584,0
114.352517135,2.513,2513,4,49.306,640.94,239.572,1148129.213,7.136323174
116.146159228,2.535,2535,4,51.841,690.092,242.107,1148178.365,1.793642093
116.100888884,0.153,153,8,135.793,950562.575,243.682,1148186.557,0
116.159652113,0.145,145,8,135.938,950578.959,243.827,1148202.941,0.058763229
116.161484472,0.149,149,8,136.087,950587.151,243.976,1148211.133,0.00183235899999
115.203438221,0.22,220,2,28.804,196935.938,244.129,1148827.283,0
116.204588156,0.22,220,2,29.024,196952.322,244.349,1163908.311,1.001149935
117.205783252,0.22,220,2,29.244,196985.09,244.569,1194863.243,1.001195096
119.207741987,0.22,220,2,29.464,197001.474,244.789,1209944.271,2.001958735
120.208728607,0.22,220,2,29.684,197017.858,245.009,1225223.518,1.00098662
121.209786023,0.22,220,2,29.904,197034.242,245.229,1239974.181,1.001057416
122.210808881,0.22,220,2,30.124,197050.626,245.449,1254989.136,1.001022858
123.211801542,0.22,220,2,30.344,197067.01,245.669,1269871.945,1.000992661
116.15246652,1.575,1575,4,53.416,690.092,245.889,1272060.546,0
116.163295955,0.153,153,8,136.24,1086050.102,248.402,1283854.308,0.010829435
124.353319159,2.513,2513,4,55.929,722.86,248.555,1283948.283,8.190023204
125.174003957,2.535,2535,4,58.464,747.436,251.09,1283972.859,0.820684798
125.128634466,0.153,153,8,136.393,1086152.269,252.665,1283981.051,0
125.186497809,0.145,145,8,136.538,1086168.653,252.81,1283997.435,0.057863343
125.188819672,0.149,149,8,136.687,1086176.845,252.959,1284005.627,0.00232186299999
124.212924397,0.22,220,2,30.564,197083.394,253.112,1284471.181,0
125.2139088,0.22,220,2,30.784,197099.778,253.332,1300563.157,1.000984403
126.214919439,0.22,220,2,31.004,197116.162,253.552,1315908.477,1.001010639
127.215845123,0.22,220,2,31.224,197132.546,253.772,1330923.432,1.000925684
128.216835262,0.22,220,2,31.444,197148.93,253.992,1346268.752,1.000990139
129.217831923,0.22,220,2,31.664,197165.314,254.212,1361614.072,1.000996661
130.218828572,0.22,220,2,31.884,197181.698,254.432,1376893.319,1.000996649
131.221176298,0.22,220,2,32.104,197198.082,254.652,1388802.843,1.002347726
132.223287184,0.221,221,2,32.325,197214.466,254.873,1403487.433,1.002110886
133.22445904,0.221,221,2,32.546,197230.85,255.094,1418766.68,1.001171856
125.19050582,0.153,153,8,136.84,1222566.221,255.315,1420558.843,0
125.180518004,1.575,1575,4,60.039,747.436,255.468,1420723.102,0
134.353154213,2.513,2513,4,62.552,812.972,257.981,1420788.638,9.172636209
134.390715805,2.535,2535,4,65.087,911.276,260.516,1420886.942,0.037561592
134.342035051,0.153,153,8,136.993,1222738.672,262.091,1420895.134,0
134.400772264,0.145,145,8,137.138,1222755.056,262.236,1420911.518,0.058737213
134.402248586,0.149,149,8,137.287,1222763.248,262.385,1420919.71,0.001476322
134.225548872,0.221,221,2,32.767,197247.234,262.538,1433540.093,0
135.226696673,0.221,221,2,32.988,197263.618,262.759,1448819.34,1.001147801
136.227855522,0.221,221,2,33.209,197280.002,262.98,1463834.295,1.001158849
137.229218531,0.221,221,2,33.43,197296.386,263.201,1479179.615,1.001363009
138.230327654,0.221,221,2,33.651,197312.77,263.422,1494260.643,1.001109123
139.231500087,0.221,221,2,33.872,197329.154,263.643,1509539.89,1.001172433
140.232607034,0.221,221,2,34.093,197345.538,263.864,1524554.845,1.001106947
141.233693218,0.221,221,2,34.314,197361.922,264.085,1539635.873,1.001086184
142.234811262,0.221,221,2,34.535,197378.306,264.306,1554849.047,1.001118044
134.40447158,0.153,153,8,137.44,1358601.584,264.527,1556905.502,0
134.395841303,1.575,1575,4,66.662,911.276,264.68,1557162.433,0
143.420519703,2.535,2535,4,69.197,976.812,267.215,1557227.969,9.0246784
143.378142882,0.153,153,8,137.593,1358866.707,268.79,1557236.161,0
143.4316172,0.145,145,8,137.738,1358883.091,268.935,1557252.545,0.053474318
143.433329695,0.149,149,8,137.887,1358891.283,269.084,1557260.737,0.00171249499999
143.235878727,0.221,221,2,34.756,197394.69,269.237,1569377.933,0
143.426026672,1.575,1575,4,70.772,976.812,269.458,1571170.096,0.190147945
144.237019224,0.221,221,2,34.977,197411.074,271.971,1584111.675,0.810992552
145.238110892,0.221,221,2,35.198,197427.458,272.192,1599456.995,1.001091668
146.239195953,0.221,221,2,35.419,197443.842,272.413,1615066.607,1.001085061
147.240281915,0.221,221,2,35.64,197460.226,272.634,1630147.635,1.001085962
148.241528077,0.221,221,2,35.861,197476.61,272.855,1645294.736,1.001246162
149.242863973,0.221,221,2,36.082,197509.378,273.076,1675192.5,1.001335896
151.245327673,0.221,221,2,36.303,197525.762,273.297,1690141.382,2.0024637
143.434898517,0.153,153,8,138.04,1494358.578,273.518,1692924.64,0
144.352174975,2.513,2513,4,73.285,1025.964,273.671,1693178.675,0.917276458
152.483457066,2.535,2535,4,75.82,1058.732,276.206,1693211.443,8.131282091
152.441062339,0.153,153,8,138.193,1494620.805,277.781,1693219.635,0
152.494576234,0.145,145,8,138.338,1494637.189,277.926,1693236.019,0.053513895
152.496601346,0.149,149,8,138.487,1494645.381,278.075,1693244.211,0.00202511200001
152.2464073,0.221,221,2,36.524,197542.146,278.228,1704424.278,0
153.247477926,0.221,221,2,36.745,197558.53,278.449,1719505.306,1.001070626
152.489649993,1.575,1575,4,77.395,1058.732,278.67,1721165.323,0
154.248612142,0.221,221,2,36.966,197574.914,281.183,1734916.162,1.758962149
155.249663552,0.221,221,2,37.187,197591.298,281.404,1750129.336,1.00105141
156.250749882,0.221,221,2,37.408,197607.682,281.625,1764549.634,1.00108633
157.251900241,0.221,221,2,37.629,197624.066,281.846,1779234.224,1.001150359
158.253071127,0.221,221,2,37.85,197640.45,282.067,1794183.106,1.001170886
159.254145583,0.221,221,2,38.071,197656.834,282.288,1809065.915,1.001074456
160.255191273,0.221,221,2,38.292,197673.218,282.509,1824345.162,1.00104569
152.498750373,0.153,153,8,138.64,1630232.715,282.73,1829044.537,0
154.352346085,2.513,2513,4,79.908,1124.268,282.883,1829380.44,1.853595712
161.603016328,2.535,2535,4,82.443,1222.572,285.418,1829478.744,7.250670243
161.561044045,0.153,153,8,138.793,1630576.81,286.993,1829486.936,0
161.617160373,0.145,145,8,138.938,1630593.194,287.138,1829503.32,0.056116328
161.618935594,0.149,149,8,139.087,1630601.386,287.287,1829511.512,0.001775221
161.256357556,0.221,221,2,38.513,197689.602,287.44,1839694.577,0
162.25744684,0.221,221,2,38.734,197705.986,287.661,1855238.116,1.001089284
163.258493899,0.221,221,2,38.955,197722.37,287.882,1870715.582,1.001047059
161.611498398,1.575,1575,4,84.018,1222.572,288.103,1872243.453,0
164.259548745,0.221,221,2,39.176,197738.754,290.616,1886192.511,2.648050347
165.260626178,0.221,221,2,39.397,197755.138,290.837,1901669.977,1.001077433
166.261804605,0.221,221,2,39.618,197771.522,291.058,1917147.443,1.001178427
167.262841437,0.221,221,2,39.839,197787.906,291.279,1932294.544,1.001036832
168.26391032,0.221,221,2,40.06,197804.29,291.5,1947639.864,1.001068883
169.264995621,0.221,221,2,40.281,197820.674,291.721,1962390.527,1.001085301
161.621124363,0.153,153,8,139.24,1766645.324,291.942,1965768.442,0
164.352239771,2.513,2513,4,86.531,1288.108,292.095,1966022.477,2.731115408
170.540420354,2.535,2535,4,89.066,1320.876,294.63,1966055.245,6.188180583
170.498661075,0.153,153,8,139.393,1766907.551,296.205,1966063.437,0
170.550237046,0.145,145,8,139.538,1766923.935,296.35,1966079.821,0.051575971
170.551533336,0.149,149,8,139.687,1766932.127,296.499,1966088.013,0.00129629
170.266134053,0.221,221,2,40.502,197837.058,296.652,1977275.843,0
171.267205114,0.221,221,2,40.723,197853.442,296.873,1992422.944,1.001071061
172.268290347,0.221,221,2,40.944,197869.826,297.094,2007900.41,1.001085233
173.269587039,0.221,221,2,41.165,197886.21,297.315,2023443.949,1.001296692
170.546084312,1.575,1575,4,90.641,1320.876,297.536,2024707.528,0
174.270682987,0.221,221,2,41.386,197902.594,300.049,2038607.434,3.724598675
175.271872618,0.221,221,2,41.607,197918.978,300.27,2054018.827,1.001189631
176.273224664,0.221,221,2,41.828,197935.362,300.491,2069298.074,1.001352046
177.274344321,0.221,221,2,42.049,197951.746,300.712,2084775.54,1.001119657
178.275384081,0.221,221,2,42.27,197968.13,300.933,2100186.933,1.00103976
170.55301217,0.153,153,8,139.84,1902461.151,301.154,2101780.877,0
174.353272787,2.513,2513,4,93.154,1337.26,301.307,2102034.912,3.800260617
179.424576966,2.535,2535,4,95.689,1361.836,303.842,2102059.488,5.071304179
179.380915658,0.153,153,8,139.993,1902723.378,305.417,2102067.68,0
179.435399889,0.145,145,8,140.138,1902739.762,305.562,2102084.064,0.054484231
179.437121951,0.149,149,8,140.287,1902747.954,305.711,2102092.256,0.001722062
179.276434755,0.221,221,2,42.491,197984.514,305.864,2114611.682,0
180.277442511,0.221,221,2,42.712,198000.898,306.085,2130089.148,1.001007756
181.278473667,0.221,221,2,42.933,198033.666,306.306,2160779.788,1.001031156
183.280965342,0.221,221,2,43.154,198050.05,306.527,2175398.305,2.002491675
179.43049677,1.575,1575,4,97.264,1361.836,306.748,2176397.592,0
184.282072959,0.221,221,2,43.375,198066.434,309.261,2190743.088,4.851576189
185.283134367,0.221,221,2,43.596,198082.818,309.482,2206022.335,1.001061408
186.284213328,0.221,221,2,43.817,198099.202,309.703,2221235.509,1.001078961
187.285671253,0.221,221,2,44.038,198115.586,309.924,2236316.537,1.001457925
179.438637025,0.153,153,8,140.44,2038287.114,310.145,2237844.408,0
184.352165457,2.513,2513,4,99.777,1427.372,310.298,2238098.443,4.913528432
188.427940942,2.535,2535,4,102.312,1525.676,312.833,2238196.747,4.075775485
188.387444503,0.153,153,8,140.593,2038549.341,314.408,2238204.939,0
188.441934645,0.145,145,8,140.738,2038565.725,314.553,2238221.323,0.054490142
188.443824051,0.149,149,8,140.887,2038573.917,314.702,2238229.515,0.001889406
188.286788136,0.221,221,2,44.259,198131.97,314.855,2251250.226,0
189.287815708,0.221,221,2,44.48,198148.354,315.076,2266463.4,1.001027572
190.288867004,0.221,221,2,44.701,198164.738,315.297,2282139.085,1.001051296
191.289883521,0.221,221,2,44.922,198181.122,315.518,2297814.77,1.001016517
192.290922342,0.221,221,2,45.143,198197.506,315.739,2313424.382,1.001038821
193.29198049,0.221,221,2,45.364,198213.89,315.96,2328967.921,1.001058148
188.435289073,1.575,1575,4,103.887,1525.676,316.181,2329901.135,0
194.293872761,0.221,221,2,45.585,198230.274,318.694,2344213.863,5.858583688
195.294974506,0.221,221,2,45.806,198246.658,318.915,2359360.964,1.001101745
188.445299222,0.153,153,8,141.04,2174283.997,319.136,2374103.435,0
194.352121349,2.513,2513,4,106.4,1558.444,319.289,2374253.214,5.906822127
196.295973534,0.221,221,2,46.027,198263.042,321.824,2374261.406,1.943852185
197.294278102,2.535,2535,4,108.935,1607.596,322.045,2374318.75,0.998304568
197.248109073,0.153,153,8,141.193,2174441.968,323.62,2374326.942,0
197.304003491,0.145,145,8,141.338,2174458.352,323.765,2374343.326,0.055894418
197.305272671,0.149,149,8,141.487,2174466.544,323.914,2374351.518,0.00126918000001
197.296996785,0.221,221,2,46.248,198279.426,324.067,2389328.677,0
198.298017194,0.221,221,2,46.469,198295.81,324.288,2404673.997,1.001020409
199.299104398,0.221,221,2,46.69,198312.194,324.509,2420019.317,1.001087204
200.30013452,0.221,221,2,46.911,198328.578,324.73,2435562.856,1.001030122
201.301157514,0.221,221,2,47.132,198344.962,324.951,2450643.884,1.001022994
202.302155673,0.221,221,2,47.353,198361.346,325.172,2466187.423,1.000998159
203.303161312,0.221,221,2,47.574,198377.73,325.393,2481664.889,1.001005639
197.299888537,1.575,1575,4,110.51,1607.596,325.614,2482399.884,0
204.304178723,0.221,221,2,47.795,198394.114,328.127,2496976.904,7.004290186
197.306662661,0.153,153,8,141.64,2310018.736,328.348,2510067.55,0
204.353923175,2.513,2513,4,113.023,1640.364,328.501,2510229.971,7.047260514
206.198945447,2.535,2535,4,115.558,1664.94,331.036,2510254.547,1.845022272
206.153221201,0.153,153,8,141.793,2310189.349,332.611,2510262.739,0
206.209544336,0.145,145,8,141.938,2310205.733,332.756,2510279.123,0.056323135
206.210921255,0.149,149,8,142.087,2310213.925,332.905,2510287.315,0.00137691899999
205.305266954,0.221,221,2,48.016,198410.498,333.058,2511432.049,0
206.306314031,0.221,221,2,48.237,198426.882,333.279,2526380.931,1.001047077
207.307466602,0.221,221,2,48.458,198443.266,333.5,2541924.47,1.001152571
208.308539301,0.221,221,2,48.679,198459.65,333.721,2557269.79,1.001072699
209.30954538,0.221,221,2,48.9,198467.842,333.942,2572805.137,1.001006079
210.310706497,0.221,221,2,49.121,198492.418,334.163,2588158.649,1.001161117
211.313417134,0.221,221,2,49.342,198508.802,334.384,2603371.823,1.002710637
212.314703859,0.221,221,2,49.563,198525.186,334.605,2618584.997,1.001286725
206.204359909,1.575,1575,4,117.133,1664.94,334.826,2634268.874,0
206.212844239,0.153,153,8,142.24,2445742.949,337.339,2646094.867,0.00848432999999
214.352219616,2.513,2513,4,119.646,1796.012,337.492,2646257.288,8.139375377
215.198678074,2.535,2535,4,122.181,1861.548,340.027,2646322.824,0.846458458
215.151311737,0.153,153,8,142.393,2445913.562,341.602,2646331.016,0
215.208384749,0.145,145,8,142.538,2445929.946,341.747,2646347.4,0.057073012
215.209940629,0.149,149,8,142.687,2445938.138,341.896,2646355.592,0.00155587999998
213.317439029,0.221,221,2,49.784,198557.954,342.049,2648160.68,0
215.320436119,0.221,221,2,50.005,198574.338,342.27,2663506.0,2.00299709
216.321549505,0.221,221,2,50.226,198590.722,342.491,2678653.101,1.001113386
217.32258147,0.221,221,2,50.447,198607.106,342.712,2693535.91,1.001031965
218.324107066,0.221,221,2,50.668,198623.49,342.933,2708683.011,1.001525596
219.325236637,0.221,221,2,50.889,198639.874,343.154,2723896.185,1.001129571
220.32632421,0.221,221,2,51.11,198656.258,343.375,2739175.432,1.001087573
221.327448739,0.221,221,2,51.331,198672.642,343.596,2754058.241,1.001124529
222.32875053,0.221,221,2,51.552,198689.026,343.817,2769205.342,1.001301791
215.211342708,0.153,153,8,142.84,2581466.786,344.038,2782031.696,0
215.204108149,1.575,1575,4,123.756,1861.548,344.191,2782128.567,0
224.231311505,2.535,2535,4,126.291,1894.316,346.726,2782161.335,9.027203356
224.183749312,0.153,153,8,142.993,2581571.849,348.301,2782169.527,0
224.241322763,0.145,145,8,143.138,2581588.233,348.446,2782185.911,0.057573451
224.242803988,0.149,149,8,143.287,2581596.425,348.595,2782194.103,0.00148122499999
223.329853754,0.221,221,2,51.773,198705.41,348.748,2783658.688,0
224.236520467,1.575,1575,4,127.866,1894.316,348.969,2784063.318,0.906666713
224.330874521,0.221,221,2,51.994,198721.794,351.482,2798788.868,0.094354054
225.33219865,0.221,221,2,52.215,198738.178,351.703,2814266.334,1.001324129
226.333799425,0.221,221,2,52.436,198754.562,351.924,2829611.654,1.001600775
227.334887972,0.221,221,2,52.657,198770.946,352.145,2844758.755,1.001088547
228.335955677,0.221,221,2,52.878,198787.33,352.366,2859971.929,1.001067705
229.337350276,0.221,221,2,53.099,198803.714,352.587,2875383.322,1.001394599
230.338434634,0.221,221,2,53.32,198820.098,352.808,2890992.934,1.001084358
231.339600873,0.221,221,2,53.541,198836.482,353.029,2906602.546,1.001166239
224.24440082,0.153,153,8,143.44,2717247.081,353.25,2918041.367,0
224.352319855,2.513,2513,4,130.379,1943.468,353.403,2918138.238,0.107919035
233.13160351,2.535,2535,4,132.914,1976.236,355.938,2918171.006,8.779283655
233.085721665,0.153,153,8,143.593,2717352.144,357.513,2918179.198,0
233.143237457,0.145,145,8,143.738,2717368.528,357.658,2918195.582,0.057515792
233.145036226,0.149,149,8,143.887,2717376.72,357.807,2918203.774,0.001798769
232.340751271,0.221,221,2,53.762,198852.866,357.96,2921386.257,0
233.341811878,0.221,221,2,53.983,198869.25,358.181,2936665.504,1.001060607
233.139166126,1.575,1575,4,134.489,1976.236,358.402,2936805.842,0
234.343073052,0.221,221,2,54.204,198885.634,360.915,2951943.677,1.203906926
235.344798642,0.221,221,2,54.425,198902.018,361.136,2967487.216,1.00172559
236.346262345,0.221,221,2,54.646,198918.402,361.357,2983228.974,1.001463703
237.349566042,0.221,221,2,54.867,198934.786,361.578,2998706.44,1.003303697
238.351960597,0.221,221,2,55.088,198951.17,361.799,3012598.154,1.002394555
239.352994692,0.221,221,2,55.309,198967.554,362.02,3027877.401,1.001034095
240.354091703,0.221,221,2,55.53,198983.938,362.241,3042892.356,1.001097011
233.147111186,0.153,153,8,144.04,2853027.376,362.462,3054132.958,0
234.352051069,2.513,2513,4,137.002,2107.308,362.615,3054199.031,1.204939883
242.157670421,2.535,2535,4,139.537,2172.844,365.15,3054264.567,7.805619352
242.112118591,0.153,153,8,144.193,2853101.641,366.725,3054272.759,0
242.173209507,0.145,145,8,144.338,2853118.025,366.87,3054289.143,0.061090916
242.175014276,0.149,149,8,144.487,2853126.217,367.019,3054297.335,0.00180476900002
241.355044492,0.221,221,2,55.751,199000.322,367.172,3057236.55,0
242.356082627,0.221,221,2,55.972,199016.706,367.393,3072515.797,1.001038135
242.163679551,1.575,1575,4,141.112,2172.844,367.614,3087588.633,0
243.357147931,0.221,221,2,56.193,199033.09,370.127,3087712.05,1.19346838
244.358331496,0.221,221,2,56.414,199049.474,370.348,3102462.713,1.001183565
245.360897032,0.221,221,2,56.635,199082.242,370.569,3132955.134,1.002565536
247.3630433,0.221,221,2,56.856,199098.626,370.79,3148498.673,2.002146268
248.364058672,0.221,221,2,57.077,199115.01,371.011,3163843.993,1.001015372
249.364912407,0.221,221,2,57.298,199131.394,371.232,3179519.678,1.000853735
242.176674468,0.153,153,8,144.64,2988797.897,371.453,3190165.623,0
244.352699798,2.513,2513,4,143.625,2221.996,371.606,3190231.696,2.17602533
251.10198992,2.535,2535,4,146.16,2254.764,374.141,3190264.464,6.749290122
251.050811746,0.153,153,8,144.793,2988872.162,375.716,3190272.656,0
251.115520734,0.145,145,8,144.938,2988888.546,375.861,3190289.04,0.064708988
251.116801339,0.149,149,8,145.087,2988896.738,376.01,3190297.232,0.00128060500001
250.365734212,0.221,221,2,57.519,199139.586,376.163,3194227.703,0
251.366692027,0.221,221,2,57.74,199164.162,376.384,3209184.777,1.000957815
252.369406181,0.221,221,2,57.961,199180.546,376.605,3224794.389,1.002714154
251.110090776,1.575,1575,4,147.735,2254.764,376.826,3239801.152,0
253.370347607,0.221,221,2,58.182,199196.93,379.339,3240073.099,2.260256831
254.37130332,0.221,221,2,58.403,199213.314,379.56,3255154.127,1.000955713
255.372231418,0.221,221,2,58.624,199229.698,379.781,3270763.739,1.000928098
256.373312272,0.221,221,2,58.845,199246.082,380.002,3285976.913,1.001080854
257.374234648,0.221,221,2,59.066,199262.466,380.223,3301124.014,1.000922376
258.376080132,0.221,221,2,59.287,199278.85,380.444,3316535.407,1.001845484
251.118022151,0.153,153,8,145.24,3124774.99,380.665,3326388.476,0
254.355680095,2.513,2513,4,150.248,2320.3,380.818,3326485.347,3.237657944
260.090697289,2.535,2535,4,152.783,2418.604,383.353,3326583.651,5.735017194
260.040539799,0.153,153,8,145.393,3124880.053,384.928,3326591.843,0
260.105187334,0.145,145,8,145.538,3124896.437,385.073,3326608.227,0.064647535
260.106823164,0.149,149,8,145.687,3124904.629,385.222,3326616.419,0.00163583
259.37741618,0.221,221,2,59.508,199295.234,385.375,3330723.924,0
260.379320731,0.221,221,2,59.729,199311.618,385.596,3346135.317,1.001904551
261.380417204,0.221,221,2,59.95,199328.002,385.817,3361480.637,1.001096473
262.381263908,0.221,221,2,60.171,199344.386,386.038,3374050.891,1.000846704
260.096552955,1.575,1575,4,154.358,2418.604,386.259,3389255.873,0
263.382095019,0.221,221,2,60.392,199360.77,388.772,3389759.344,3.285542064
264.382972566,0.221,221,2,60.613,199377.154,388.993,3405435.029,1.000877547
265.384039513,0.221,221,2,60.834,199393.538,389.214,3420912.495,1.001066947
266.384893388,0.221,221,2,61.055,199409.922,389.435,3436059.596,1.000853875
267.385724744,0.221,221,2,61.276,199426.306,389.656,3451008.478,1.000831356
260.108262936,0.153,153,8,145.84,3260555.285,389.877,3462447.299,0
264.355011174,2.513,2513,4,156.871,2451.372,390.03,3462603.928,4.246748238
269.165368261,2.535,2535,4,159.406,2500.524,392.565,3462653.08,4.810357087
269.12424404,0.153,153,8,145.993,3260720.106,394.14,3462661.272,0
269.182833033,0.145,145,8,146.138,3260736.49,394.285,3462677.656,0.058588993
269.184028405,0.149,149,8,146.287,3260744.682,394.434,3462685.848,0.00119537199998
268.386519976,0.221,221,2,61.497,199442.69,394.587,3466336.42,0
269.387333432,0.221,221,2,61.718,199459.074,394.808,3481203.031,1.000813456
270.388244531,0.221,221,2,61.939,199475.458,395.029,3496746.57,1.000911099
271.389009636,0.221,221,2,62.16,199491.842,395.25,3511431.16,1.000765105
272.389837838,0.221,221,2,62.381,199508.226,395.471,3526578.261,1.000828202
269.177658572,1.575,1575,4,160.981,2500.524,395.692,3540990.367,0
273.390744843,0.221,221,2,62.602,199524.61,398.205,3541625.984,4.213086271
274.39177049,0.221,221,2,62.823,199540.994,398.426,3557169.523,1.001025647
275.392810887,0.221,221,2,63.044,199557.378,398.647,3572382.697,1.001040397
276.393829675,0.221,221,2,63.265,199573.762,398.868,3587463.725,1.001018788
269.185290158,0.153,153,8,146.44,3397177.594,399.089,3599298.984,0
274.352918791,2.513,2513,4,163.494,2533.292,399.242,3599392.959,5.167628633
278.231039769,2.535,2535,4,166.029,2557.868,401.777,3599417.535,3.878120978
278.18738958,0.153,153,8,146.593,3397279.761,403.352,3599425.727,0
278.241863132,0.145,145,8,146.738,3397296.145,403.497,3599442.111,0.054473552
278.243207424,0.149,149,8,146.887,3397304.337,403.646,3599450.303,0.001344292
277.394851311,0.221,221,2,63.486,199606.53,403.799,3617410.354,0
279.396523083,0.221,221,2,63.707,199622.914,404.02,3632887.82,2.001671772
280.397325583,0.221,221,2,63.928,199639.298,404.241,3648563.505,1.0008025
281.398151098,0.221,221,2,64.149,199655.682,404.462,3664239.19,1.000825515
282.398963036,0.221,221,2,64.37,199672.066,404.683,3679386.291,1.000811938
278.236498733,1.575,1575,4,167.604,2557.868,404.904,3693534.105,0
283.399799485,0.221,221,2,64.591,199688.45,407.417,3694466.245,5.163300752
284.400692205,0.221,221,2,64.812,199704.834,407.638,3709613.346,1.00089272
285.401568637,0.221,221,2,65.033,199721.218,407.859,3724562.228,1.000876432
278.244819803,0.153,153,8,147.04,3533180.117,408.08,3735604.611,0
284.352120405,2.513,2513,4,170.117,2688.94,408.233,3735858.646,6.107300602
287.165819081,2.535,2535,4,172.652,2754.476,410.768,3735924.182,2.813698676
287.121129745,0.153,153,8,147.193,3533442.344,412.343,3735932.374,0
287.175169602,0.145,145,8,147.338,3533458.728,412.488,3735948.758,0.054039857
286.402298731,0.221,221,2,65.254,199737.602,412.79,3739105.968,0
287.403037034,0.221,221,2,65.475,199753.986,413.011,3754649.507,1.000738303
288.403897233,0.221,221,2,65.696,199770.37,413.232,3769664.462,1.000860199
289.404706355,0.221,221,2,65.917,199786.754,413.453,3784877.636,1.000809122
290.405575446,0.221,221,2,66.138,199803.138,413.674,3799958.664,1.000869091
291.406545156,0.221,221,2,66.359,199819.522,413.895,3814841.473,1.00096971
292.407419748,0.221,221,2,66.58,199835.906,414.116,3829724.282,1.000874592
287.170638126,1.575,1575,4,174.227,2754.476,414.337,3843806.023,0
293.408356947,0.221,221,2,66.801,199852.29,416.85,3844573.786,6.237718821
294.409147964,0.221,221,2,67.022,199868.674,417.071,3859919.106,1.000791017
287.176448066,0.302,149,8,147.64,3669150.184,417.292,3871820.438,0
294.353633581,2.513,2513,4,176.74,2787.244,417.445,3871982.859,7.177185515
296.232945744,2.535,2535,4,179.275,2820.012,419.98,3872015.627,1.879312163
296.189588925,0.153,153,8,147.793,3669320.797,421.555,3872023.819,0
296.242046253,0.145,145,8,147.938,3669337.181,421.7,3872040.203,0.052457328
296.243300809,0.149,149,8,148.087,3669345.373,421.849,3872048.395,0.00125455599999
295.410002894,0.221,221,2,67.243,199885.058,422.002,3874527.621,0
296.410817919,0.221,221,2,67.464,199901.442,422.223,3889674.722,1.000815025
297.411684213,0.221,221,2,67.685,199917.826,422.444,3905152.188,1.000866294
298.412466885,0.221,221,2,67.906,199934.21,422.665,3920431.435,1.000782672
299.413331422,0.221,221,2,68.127,199950.594,422.886,3935776.755,1.000864537
300.414163108,0.221,221,2,68.348,199966.978,423.107,3951320.294,1.000831686
301.41500048,0.221,221,2,68.569,199983.362,423.328,3966929.906,1.000837372
302.415824432,0.221,221,2,68.79,199999.746,423.549,3982473.445,1.000823952
296.23804676,1.575,1575,4,180.85,2820.012,423.77,3997083.77,0
303.416635887,0.221,221,2,69.011,200016.13,426.283,3998165.514,7.178589127
296.244374285,0.153,153,8,148.24,3804887.429,426.504,4007754.291,0
304.352590655,2.513,2513,4,183.363,2836.396,426.657,4007910.92,8.10821637
305.076397651,2.535,2535,4,185.898,2860.972,429.192,4007935.496,0.723806996
305.035627342,0.153,153,8,148.393,3805052.25,430.767,4007943.688,0
305.086315538,0.145,145,8,148.538,3805068.634,430.912,4007960.072,0.050688196
305.087705003,0.149,149,8,148.687,3805076.826,431.061,4007968.264,0.00138946499999
304.418239742,0.221,221,2,69.232,200032.514,431.214,4013228.48,0
305.41901208,0.221,221,2,69.453,200048.898,431.435,4028772.019,1.000772338
306.419823872,0.221,221,2,69.674,200065.282,431.656,4044315.558,1.000811792
307.420645153,0.221,221,2,69.895,200081.666,431.877,4059925.17,1.000821281
308.421433612,0.221,221,2,70.116,200098.05,432.098,4075534.782,1.000788459
309.422206885,0.221,221,2,70.337,200131.039,432.319,4106093.497,1.000773273
311.423887606,0.221,221,2,70.558,200147.423,432.54,4121703.109,2.001680721
312.425044373,0.221,221,2,70.779,200163.807,432.761,4137312.721,1.001156767
305.089393517,0.153,153,8,148.84,3940823.025,432.982,4143862.14,0
305.081401264,1.575,1575,4,187.473,2860.972,433.135,4144086.157,0
313.888229496,2.535,2535,4,190.008,2992.044,435.67,4144217.229,8.806828232
313.847670101,0.153,153,8,148.993,3941047.042,437.245,4144217.229,0
313.902713173,0.145,145,8,149.138,3941055.234,437.39,4144225.421,0.055043072
313.903981977,0.149,149,8,149.287,3941063.426,437.539,4144233.613,0.00126880400001
313.898853335,1.575,1575,4,191.583,2992.044,437.692,4151570.473,0
313.42591417,0.221,221,2,71.0,200180.191,440.205,4152536.455,0
314.426717222,0.221,221,2,71.221,200196.575,440.426,4167485.337,1.000803052
315.427491903,0.221,221,2,71.442,200212.959,440.647,4182962.803,1.000774681
316.428317246,0.221,221,2,71.663,200229.343,440.868,4198374.196,1.000825343
317.429246917,0.221,221,2,71.884,200245.727,441.089,4213521.297,1.000929671
318.430118416,0.221,221,2,72.105,200262.111,441.31,4228998.763,1.000871499
319.430951195,0.221,221,2,72.326,200278.495,441.531,4244410.156,1.000832779
314.352102363,2.513,2513,4,194.096,3024.812,441.752,4259141.665,0
320.431848684,0.221,221,2,72.547,200294.879,444.287,4259149.857,6.079746321
321.428855444,2.535,2535,4,196.631,3073.964,444.508,4259209.217,0.99700676
50.799781655,25.669,25669,7,25.669,7.072,444.697,4259236.801,0
321.432846943,0.221,221,2,72.768,200311.263,446.745,4259247.041,270.633065288
322.433632722,0.221,221,2,72.989,200327.647,446.966,4259263.425,1.000785779
321.648714663,0.189,189,4,196.82,3098.54,447.187,4259271.617,0
323.434429265,0.221,221,2,73.21,200344.031,447.526,4259288.001,1.785714602
324.435175456,0.221,221,2,73.431,200360.415,447.747,4259304.385,1.000746191
325.435821193,0.221,221,2,73.652,200376.799,447.968,4259320.769,1.000645737
326.436462093,0.221,221,2,73.873,200393.183,448.189,4259337.153,1.0006409
327.437027084,0.221,221,2,74.094,200409.567,448.41,4259353.537,1.000564991
328.437690144,0.221,221,2,74.315,200425.951,448.631,4259369.921,1.00066306
329.438392418,0.221,221,2,74.536,200442.335,448.852,4259386.305,1.000702274
330.438997314,0.221,221,2,74.757,200458.719,449.073,4259402.689,1.000604896
331.439641634,0.221,221,2,74.978,200475.103,449.294,4259419.073,1.00064432
332.440288704,0.221,221,2,75.199,200491.487,449.515,4259435.457,1.00064707
324.351446217,0.339,339,4,197.159,3106.732,449.736,4259443.649,0
333.440859022,0.221,221,2,75.42,200507.871,450.075,4259460.033,9.089412805
334.441454747,0.221,221,2,75.641,200524.255,450.296,4259478.433,1.000595725
335.442168465,0.221,221,2,75.862,200540.639,450.517,4259494.817,1.000713718
336.442776762,0.221,221,2,76.083,200557.023,450.738,4259511.201,1.000608297
337.44331914,0.221,221,2,76.304,200573.407,450.959,4259527.585,1.000542378
338.443916063,0.221,221,2,76.525,200589.791,451.18,4259543.969,1.000596923
339.444484989,0.221,221,2,76.746,200606.175,451.401,4259560.353,1.000568926
340.445008496,0.221,221,2,76.967,200622.559,451.622,4259576.737,1.000523507
341.445680293,0.221,221,2,77.188,200655.327,451.843,4259609.505,1.000671797
334.351371642,0.339,339,4,197.498,3114.924,452.064,4259617.697,0
343.446832083,0.221,221,2,77.409,200671.711,452.403,4259629.985,9.095460441
344.447447888,0.221,221,2,77.63,200688.095,452.624,4259646.369,1.000615805
345.448096336,0.221,221,2,77.851,200704.479,452.845,4259662.753,1.000648448
344.351323222,0.339,339,4,197.837,3129.26,453.066,4259681.185,0
347.166295207,1.575,1575,4,199.412,3129.26,454.641,4259681.185,2.814971985
347.177196516,0.286,286,4,199.698,3325.868,454.927,4259877.793,0.010901309
347.183497459,0.189,189,4,199.887,3342.252,455.116,4259894.177,0.00630094300004
347.205155597,0.249,249,4,200.136,3350.444,455.365,4259902.369,0.021658138
321.945459177,2.048,2048,7,27.717,11.136,455.479,4259906.465,0
347.245856158,0.152,152,7,27.869,11.136,455.631,4259906.465,25.300396981
346.449015912,0.221,221,2,78.072,200720.863,456.064,4300054.673,0
347.450080172,0.221,221,2,78.293,200737.247,456.285,4536758.769,1.00106426
348.451139091,0.221,221,2,78.514,200753.631,456.506,4536775.153,1.001058919
349.452125715,0.221,221,2,78.735,200770.015,456.727,4536791.537,1.000986624
350.453047368,0.221,221,2,78.956,200786.399,456.948,4536807.921,1.000921653
351.453779923,0.221,221,2,79.177,200802.783,457.169,4536824.305,1.000732555
352.454518789,0.221,221,2,79.398,200819.167,457.39,4536840.689,1.000738866
347.217996625,0.114,114,4,200.25,3354.54,457.611,4536848.881,0
353.455346575,0.221,221,2,79.619,200835.551,460.124,4536858.097,6.23734995
354.456213796,0.221,221,2,79.84,200851.935,460.345,4536874.481,1.000867221
355.457051499,0.221,221,2,80.061,200868.319,460.566,4536890.865,1.000837703
356.457740676,0.221,221,2,80.282,200884.703,460.787,4536907.249,1.000689177
357.458464267,0.221,221,2,80.503,200901.087,461.008,4536923.633,1.000723591
358.459241514,0.221,221,2,80.724,200917.471,461.229,4536940.017,1.000777247
347.250385629,0.433,147,7,28.302,276838.864,461.45,4536948.209,0
359.460843925,0.221,221,2,80.945,200933.855,461.602,4601607.665,12.210458296
360.461803555,0.221,221,2,81.166,200950.239,461.823,4604933.617,1.00095963
361.462650534,0.221,221,2,81.387,200966.623,462.044,4604950.001,1.000846979
362.463354166,0.221,221,2,81.608,200983.007,462.265,4604967.889,1.000703632
354.353647485,2.513,2513,4,202.763,3355.564,462.486,4604976.081,0
363.46407458,0.221,221,2,81.829,200999.391,464.999,4604985.809,9.110427095
364.464810729,0.221,221,2,82.05,201015.775,465.22,4605002.193,1.000736149
365.465755674,0.221,221,2,82.271,201032.159,465.441,4605018.577,1.000944945
366.466595109,0.221,221,2,82.492,201048.543,465.662,4605034.961,1.000839435
367.467409148,0.221,221,2,82.713,201064.927,465.883,4605051.345,1.000814039
368.468071826,0.221,221,2,82.934,201081.311,466.104,4605067.729,1.000662678
369.468796759,0.221,221,2,83.155,201097.695,466.325,4605084.113,1.000724933
364.352629816,2.513,2513,4,205.276,3357.1,466.546,4605092.305,0
370.469897753,0.221,221,2,83.376,201114.079,466.724,4605101.009,6.117267937
371.253167787,0.178,178,4,205.454,3357.612,466.945,4605109.201,0.783270034
372.296963902,2.588,2588,4,208.042,3370.14,469.533,4605121.729,1.043796115
372.303740555,1.575,1575,4,209.617,3370.14,471.108,4605121.729,0.00677665299997
360.191795241,0.152,152,7,28.454,344801.2,471.357,4605127.873,0
372.313342949,0.304,152,7,28.758,344866.736,471.661,4605193.409,12.121547708
371.470921012,0.221,221,2,83.597,201130.463,471.947,4643409.089,0
372.471923807,0.221,221,2,83.818,201146.847,472.168,4844588.225,1.001002795
372.307514014,0.249,249,4,209.866,3376.284,472.389,4862802.257,0
373.473272433,0.221,221,2,84.039,201179.615,474.902,4862813.521,1.165758419
375.475173292,0.221,221,2,84.26,201195.999,475.123,4862829.905,2.001900859
376.475984109,0.221,221,2,84.481,201212.383,475.344,4862846.289,1.000810817
377.476683792,0.221,221,2,84.702,201228.767,475.565,4862862.673,1.000699683
378.477415576,0.221,221,2,84.923,201245.151,475.786,4862879.057,1.000731784
379.478137858,0.221,221,2,85.144,201261.535,476.007,4862895.441,1.000722282
380.478824536,0.221,221,2,85.365,201277.919,476.228,4862911.825,1.000686678
381.47955231,0.221,221,2,85.586,201294.303,476.449,4862928.209,1.000727774
382.480353284,0.221,221,2,85.807,201310.687,476.67,4862944.593,1.000800974
375.162199065,2.513,2513,4,212.379,3379.356,476.891,4862952.785,0
383.481217152,0.221,221,2,86.028,201327.071,479.404,4862962.513,8.319018087
384.482086555,0.221,221,2,86.249,201343.455,479.625,4862978.897,1.000869403
385.482875888,0.221,221,2,86.47,201359.839,479.846,4862995.281,1.000789333
372.320118694,0.286,152,7,29.044,602426.432,480.067,4863003.473,0
386.483619048,0.221,221,2,86.691,201376.223,480.214,4931873.617,14.163500354
387.485129768,0.221,221,2,86.912,201392.607,480.435,4931890.001,1.00151072
388.486918899,0.221,221,2,87.133,201408.991,480.656,4931907.649,1.001789131
389.488250635,0.221,221,2,87.354,201425.375,480.877,4931924.033,1.001331736
390.488967085,0.221,221,2,87.575,201441.759,481.098,4931940.417,1.00071645
391.489634636,0.221,221,2,87.796,201458.143,481.319,4931956.801,1.000667551
392.490323118,0.221,221,2,88.017,201474.527,481.54,4931973.185,1.000688482
393.491109248,0.221,221,2,88.238,201490.911,481.761,4931989.569,1.00078613
384.352727253,2.513,2513,4,214.892,3380.892,481.982,4931997.761,0
394.491786574,0.221,221,2,88.459,201507.295,484.495,4932006.961,10.139059321
395.492541354,0.221,221,2,88.68,201523.679,484.716,4932023.345,1.00075478
395.345212176,2.513,2513,4,217.405,3381.9,484.937,4932031.537,0
396.493228711,0.221,221,2,88.901,201540.063,485.115,4932040.705,1.148016535
397.339451599,0.178,178,4,217.583,3382.876,485.336,4932048.897,0.846222888
397.494009535,0.221,221,2,89.122,201556.447,487.924,4932057.089,0.154557936
398.494827502,0.221,221,2,89.343,201572.831,488.145,4932073.473,1.000817967
398.229148173,2.588,2588,4,220.171,3391.804,488.366,4932090.593,0
399.91461223,1.575,1575,4,221.746,3391.804,489.941,4932090.593,1.685464057
399.916366611,0.286,286,4,222.032,3467.58,490.227,4932166.369,0.00175438100001
399.495467065,0.221,221,2,89.564,201589.215,490.416,4932175.585,0
399.921430661,0.189,189,4,222.221,3468.604,490.637,4932183.777,0.425963596
400.658051534,2.376,2376,4,224.597,3481.132,493.013,4932196.305,0.736620873
400.496101773,0.221,221,2,89.785,201605.599,494.588,4932204.497,0
400.662143255,1.575,1575,4,226.172,3481.132,494.809,4932212.689,0.166041482
401.496868778,0.221,221,2,90.006,201621.983,497.185,4932220.881,0.834725523
401.649855091,2.376,2376,4,228.548,3487.276,497.406,4932235.217,0.152986313
402.822553733,0.189,189,4,228.737,3491.884,497.595,4932239.825,1.172698642
402.49747076,0.221,221,2,90.227,201638.367,497.784,4932250.001,0
402.829601473,0.189,189,4,228.926,3503.82,498.005,4932268.145,0.332130713
403.59223938,1.575,1575,4,230.501,3503.82,499.58,4932268.145,0.762637907
403.596825125,0.286,286,4,230.787,3868.364,499.866,4932632.689,0.00458574499999
403.498226237,0.221,221,2,90.448,201654.751,500.055,4932657.265,0
403.604170783,0.189,189,4,230.976,3884.748,500.276,4932665.457,0.105944546
404.739153684,2.799,286,4,233.775,3894.988,503.075,4932888.689,1.134982901
404.499102851,0.221,221,2,90.669,201671.135,503.264,4932899.953,0
405.500242359,0.221,221,2,90.89,201703.903,503.485,4932932.721,1.001139508
404.770748285,0.189,189,4,233.964,3898.06,503.706,4932940.913,0
408.185017197,0.184,184,4,234.148,3899.596,503.89,4932942.449,3.414268912
408.191202921,1.775,1775,4,235.923,3912.14,505.665,4932954.993,0.00618572400003
408.195833633,1.575,1575,4,237.498,3914.188,507.24,4932957.041,0.00463071199999
408.221452949,1835.008,262144,4,2072.506,3914.188,2342.248,4932957.041,0.025619316
408.223622363,3932.16,262144,4,6004.666,3914.188,6274.408,4932957.041,0.00216941399998
408.231254289,786.432,262144,4,6791.098,3914.188,7060.84,4932957.041,0.00763192599999
408.232732568,786.432,262144,4,7577.53,3914.188,7847.272,4932957.041,0.00147827900003
408.234341911,524.288,262144,4,8101.818,3914.188,8371.56,4932957.041,0.00160934299998
408.235826701,524.288,262144,4,8626.106,3914.188,8895.848,4932957.041,0.00148479000001
408.237285422,524.288,262144,4,9150.394,3914.188,9420.136,4932957.041,0.00145872100001
408.238756984,524.288,262144,4,9674.682,3914.188,9944.424,4932957.041,0.00147156200001
408.240371861,524.288,262144,4,10198.97,3914.188,10468.712,4932957.041,0.00161487700001
408.241845362,786.432,262144,4,10985.402,3914.188,11255.144,4932957.041,0.00147350099996
408.24390261,786.432,262144,4,11771.834,3914.188,12041.576,4932957.041,0.00205724800003
408.245838543,786.432,262144,4,12558.266,3914.188,12828.008,4932957.041,0.00193593299997
408.247916144,524.288,262144,4,13082.554,3914.188,13352.296,4932957.041,0.002077601
408.249931192,524.288,262144,4,13606.842,3914.188,13876.584,4932957.041,0.00201504800003
408.251848215,524.288,262144,4,14131.13,3914.188,14400.872,4932957.041,0.00191702299998
408.253904965,786.432,262144,4,14917.562,3914.188,15187.304,4932957.041,0.00205675000001
408.256550711,786.432,262144,4,15703.994,3914.188,15973.736,4932957.041,0.00264574599998
408.259048331,786.432,262144,4,16490.426,3914.188,16760.168,4932957.041,0.00249761999999
408.261555156,1048.576,262144,4,17539.002,3914.188,17808.744,4932957.041,0.00250682500001
408.264501056,1048.576,262144,4,18587.578,3914.188,18857.32,4932957.041,0.00294589999999
408.26758675,786.432,262144,4,19374.01,3914.188,19643.752,4932957.041,0.00308569400005
408.270678521,786.432,262144,4,20160.442,3914.188,20430.184,4932957.041,0.00309177099996
408.273613781,786.432,262144,4,20946.874,3914.188,21216.616,4932957.041,0.00293526000002
408.27670744,786.432,262144,4,21733.306,3914.188,22003.048,4932957.041,0.003093659
408.280233536,541.274,262144,4,22274.58,3914.188,22544.322,4932957.041,0.00352609600003
408.283712785,42.577,42577,4,22317.157,3918.284,22586.899,4932961.137,0.00347924899995
407.501952108,0.221,221,2,91.111,201720.287,22587.083,4932973.425,0
408.502800688,0.221,221,2,91.332,201736.671,22587.304,4932989.809,1.00084858
409.5036036,0.221,221,2,91.553,201753.055,22587.525,4933006.193,1.000802912
410.504244625,0.221,221,2,91.774,201769.439,22587.746,4933022.577,1.000641025
408.36305187,0.184,184,4,22317.341,3922.38,22587.967,4933030.769,0
412.342097145,0.184,184,4,22317.525,3924.428,22588.151,4933032.817,3.979045275
412.345360975,1.775,1775,4,22319.3,3942.844,22589.926,4933051.233,0.00326382999998
412.350125901,2098.727,262144,4,24418.027,3942.844,24688.653,4933051.233,0.00476492600001
412.355394611,1048.576,262144,4,25466.603,3942.844,25737.229,4933051.233,0.00526871
412.359796869,786.432,262144,4,26253.035,3942.844,26523.661,4933051.233,0.00440225799997
412.363623911,786.432,262144,4,27039.467,3942.844,27310.093,4933051.233,0.00382704200001
412.367450116,786.432,262144,4,27825.899,3942.844,28096.525,4933051.233,0.003826205
412.371134088,1048.576,262144,4,28874.475,3942.844,29145.101,4933051.233,0.00368397200003
412.375238691,786.432,262144,4,29660.907,3942.844,29931.533,4933051.233,0.00410460299997
412.379210726,786.432,262144,4,30447.339,3942.844,30717.965,4933051.233,0.003972035
412.38318648,1048.576,262144,4,31495.915,3942.844,31766.541,4933051.233,0.00397575400001
412.387748064,1048.576,262144,4,32544.491,3942.844,32815.117,4933051.233,0.00456158399999
412.389534013,0.249,249,4,32544.74,3942.844,32815.366,4933051.233,0.00178594900001
412.392309103,1310.72,262144,4,33855.46,3942.844,34126.086,4933051.233,0.00277509
412.39746239,1048.576,262144,4,34904.036,3955.132,35174.662,4933063.521,0.00515328699998
412.402760275,791.778,262144,4,35695.814,3955.132,35966.44,4933161.825,0.005297885
412.408013287,70.089,70089,4,35765.903,3961.276,36036.529,4933167.969,0.00525301200003
411.504897387,0.221,221,2,91.995,201785.823,36036.713,4933179.233,0
412.505581913,0.221,221,2,92.216,201802.207,36036.934,4933195.617,1.000684526
412.448860747,0.184,184,4,35766.087,3964.348,36037.155,4933203.809,0
413.506369873,0.221,221,2,92.437,201818.591,36039.668,4933213.537,1.057509126
414.507031809,0.221,221,2,92.658,201834.975,36039.889,4933229.921,1.000661936
415.507788675,0.221,221,2,92.879,201851.359,36040.11,4933246.305,1.000756866
416.508356123,0.221,221,2,93.1,201867.743,36040.331,4933262.689,1.000567448
417.508919898,0.221,221,2,93.321,201884.127,36040.552,4933279.073,1.000563775
418.509433706,0.221,221,2,93.542,201900.511,36040.773,4933295.457,1.000513808
419.509941124,0.221,221,2,93.763,201916.895,36040.994,4933311.841,1.000507418
420.510420197,0.221,221,2,93.984,201933.279,36041.215,4933328.225,1.000479073
421.510899066,0.221,221,2,94.205,201949.663,36041.436,4933344.609,1.000478869
422.511391859,0.221,221,2,94.426,201966.047,36041.657,4933360.993,1.000492793
414.353068543,2.513,2513,4,35768.6,3965.884,36041.878,4933369.185,0
423.51186257,0.221,221,2,94.647,201982.431,36044.391,4933377.889,9.158794027
424.512442687,0.221,221,2,94.868,201998.815,36044.612,4933394.273,1.000580117
425.513039598,0.221,221,2,95.089,202015.199,36044.833,4933410.657,1.000596911
426.513530148,0.221,221,2,95.31,202031.583,36045.054,4933427.041,1.00049055
386.711139522,0.147,147,7,29.191,671633.712,36045.275,4933468.001,0
427.513988692,0.221,221,2,95.531,202047.967,36045.86,5092196.193,40.80284917
428.514626643,0.221,221,2,95.752,202064.351,36046.081,5191663.457,1.000637951
429.515456551,0.221,221,2,95.973,202080.735,36046.302,5191679.841,1.000829908
430.516247832,0.221,221,2,96.194,202097.119,36046.523,5191696.225,1.000791281
431.516960539,0.221,221,2,96.415,202113.503,36046.744,5191712.609,1.000712707
432.51771899,0.221,221,2,96.636,202129.887,36046.965,5191728.993,1.000758451
424.351610977,2.513,2513,4,35771.113,3966.396,36047.186,5191737.185,0
433.518519879,0.221,221,2,96.857,202146.271,36049.699,5191746.369,9.166908902
434.519316778,0.221,221,2,97.078,202162.655,36049.92,5191762.753,1.000796899
435.520071855,0.221,221,2,97.299,202179.039,36050.141,5191779.137,1.000755077
436.5208429,0.221,221,2,97.52,202195.423,36050.362,5191795.521,1.000771045
437.521577936,0.221,221,2,97.741,202228.191,36050.583,5191828.289,1.000735036
439.522986552,0.221,221,2,97.962,202244.575,36050.804,5191844.673,2.001408616
427.786977139,0.585,152,7,29.776,929804.592,36051.025,5191852.865,0
440.523743948,0.221,221,2,98.183,202260.959,36051.177,5211423.553,12.736766809
441.524662671,0.221,221,2,98.404,202277.343,36051.398,5259674.433,1.000918723
442.525538085,0.221,221,2,98.625,202293.727,36051.619,5259690.817,1.000875414
434.351640834,2.513,2513,4,35773.626,3967.388,36051.84,5259699.009,0
443.526349795,0.221,221,2,98.846,202310.111,36054.353,5259708.161,9.174708961
444.527154564,0.221,221,2,99.067,202326.495,36054.574,5259724.545,1.000804769
445.528084417,0.221,221,2,99.288,202342.879,36054.795,5259740.929,1.000929853
446.52895096,0.221,221,2,99.509,202359.263,36055.016,5259757.313,1.000866543
447.529678049,0.221,221,2,99.73,202375.647,36055.237,5259773.697,1.000727089
448.530539149,0.221,221,2,99.951,202392.031,36055.458,5259790.081,1.0008611
449.531287817,0.221,221,2,100.172,202408.415,36055.679,5259806.465,1.000748668
450.531985754,0.221,221,2,100.393,202424.799,36055.9,5259822.849,1.000697937
451.532786353,0.221,221,2,100.614,202441.183,36056.121,5259839.233,1.000800599
452.533457831,0.221,221,2,100.835,202457.567,36056.342,5259855.617,1.000671478
444.352198333,2.513,2513,4,35776.139,3968.348,36056.563,5259863.809,0
454.083779456,0.178,178,4,35776.317,3969.276,36056.741,5259864.737,9.731581123
453.534114007,0.221,221,2,101.056,202473.951,36059.254,5259873.825,0
454.534777583,0.221,221,2,101.277,202490.335,36059.475,5259890.209,1.000663576
455.535567572,0.221,221,2,101.498,202506.719,36059.696,5259906.593,1.000789989
456.536361857,0.221,221,2,101.719,202523.103,36059.917,5259922.977,1.000794285
457.537132861,0.221,221,2,101.94,202539.487,36060.138,5259939.361,1.000771004
454.35169226,2.513,2513,4,35778.83,3970.172,36060.359,5259947.553,0
458.600625952,0.184,184,4,35779.014,3971.036,36060.543,5259948.417,4.248933692
458.603791815,1.775,1775,4,35780.789,3972.012,36062.318,5259949.393,0.00316586300005
458.607495485,2359.296,262144,4,38140.085,3972.012,38421.614,5259949.393,0.00370366999999
458.613714952,1048.576,262144,4,39188.661,3972.012,39470.19,5259949.393,0.00621946699999
458.619736551,1048.576,262144,4,40237.237,3972.012,40518.766,5259949.393,0.00602159900001
458.625337055,1048.576,262144,4,41285.813,3972.012,41567.342,5259949.393,0.00560050399997
458.631369078,1048.576,262144,4,42334.389,3972.012,42615.918,5259949.393,0.00603202299999
458.636947544,1310.72,262144,4,43645.109,3972.012,43926.638,5259949.393,0.00557846600003
458.642828958,1310.72,262144,4,44955.829,3972.012,45237.358,5259949.393,0.00588141399999
458.648719954,1310.72,262144,4,46266.549,3972.012,46548.078,5259949.393,0.00589099600001
458.654443359,1048.576,262144,4,47315.125,3972.012,47596.654,5259949.393,0.00572340500003
458.660344622,540.904,262144,4,47856.029,3972.844,48137.558,5259950.225,0.005901263
458.713276831,0.184,184,4,47856.213,3974.412,48137.742,5259951.793,0.0529322089999
458.726160503,0.189,189,4,47856.402,3975.852,48137.931,5259953.233,0.012883672
458.793157783,0.189,189,4,47856.591,3985.42,48138.12,5259962.801,0.06699728
458.935293856,1.575,1575,4,47858.166,3985.42,48139.695,5259962.801,0.142136073
458.938124637,0.286,286,4,47858.452,5329.804,48139.981,5261307.185,0.002830781
458.537810919,0.221,221,2,102.161,202555.871,48140.17,5261316.241,0
459.538475689,0.221,221,2,102.382,202572.255,48140.391,5261332.625,1.00066477
458.950573895,0.189,189,4,47858.641,5330.668,48140.612,5261340.817,0
461.393658658,2.382,2382,4,47861.023,5339.66,48142.994,5261349.809,2.443084763
460.539198321,0.221,221,2,102.603,202588.639,48144.569,5261358.001,0
461.539844883,0.221,221,2,102.824,202605.023,48144.79,5261374.385,1.000646562
462.540512558,0.221,221,2,103.045,202621.407,48145.011,5261390.769,1.000667675
461.398111951,1.575,1575,4,47862.598,5339.66,48145.232,5261398.961,0
463.659063446,2.382,2382,4,47864.98,5339.66,48147.614,5261398.961,2.260951495
463.541143891,0.221,221,2,103.266,202637.791,48147.953,5261411.249,0
464.541782202,0.221,221,2,103.487,202654.175,48148.174,5261427.633,1.000638311
464.351495734,0.339,339,4,47865.319,5345.804,48148.395,5261437.873,0
466.032643803,0.189,189,4,47865.508,5358.028,48148.584,5261450.097,1.681148069
466.065215821,1.575,1575,4,47867.083,5358.028,48150.159,5261450.097,0.032572018
466.067424901,0.286,286,4,47867.369,5624.268,48150.445,5261716.337,0.00220908
465.542375592,0.221,221,2,103.708,202670.559,48150.634,5261725.553,0
466.073349863,0.189,189,4,47867.558,5625.292,48150.855,5261733.745,0.530974271
467.352182327,0.286,286,4,47867.844,7215.564,48151.141,5263324.017,1.278832464
466.542992324,0.221,221,2,103.929,202686.943,48151.33,5263333.201,0
467.543671792,0.221,221,2,104.15,202703.327,48151.551,5263349.585,1.000679468
468.544389202,0.221,221,2,104.371,202719.711,48151.772,5263365.969,1.00071741
467.364303821,0.189,189,4,47868.033,7216.556,48151.993,5263390.545,0
471.180119987,0.184,184,4,47868.217,7217.516,48152.177,5263391.505,3.815816166
471.182816886,1.775,1775,4,47869.992,7228.396,48153.952,5263402.385,0.002696899
471.186741322,2360.871,262144,4,50230.863,7228.396,50514.823,5263402.385,0.00392443599998
471.195217107,1048.576,262144,4,51279.439,7228.396,51563.399,5263402.385,0.00847578500003
471.201927932,1048.576,262144,4,52328.015,7228.396,52611.975,5263402.385,0.00671082499997
471.20855331,1048.576,262144,4,53376.591,7228.396,53660.551,5263402.385,0.00662537800002
471.215163097,1048.576,262144,4,54425.167,7228.396,54709.127,5263402.385,0.006609787
471.221775921,1048.576,262144,4,55473.743,7228.396,55757.703,5263402.385,0.006612824
471.228386112,1048.576,262144,4,56522.319,7228.396,56806.279,5263402.385,0.00661019099999
471.235154383,1048.576,262144,4,57570.895,7228.396,57854.855,5263402.385,0.006768271
471.241332134,272.809,262144,4,57843.704,7261.164,58127.664,5263435.153,0.006177751
469.54497493,0.221,221,2,104.592,202752.479,58127.848,5263459.729,0
471.546158011,0.221,221,2,104.813,202768.863,58128.069,5263476.113,2.001183081
472.546914312,0.221,221,2,105.034,202785.247,58128.29,5263492.497,1.000756301
473.547608403,0.221,221,2,105.255,202801.631,58128.511,5263508.881,1.000694091
474.548289168,0.221,221,2,105.476,202818.015,58128.732,5263525.265,1.000680765
471.288631824,0.184,184,4,57843.888,7277.548,58128.953,5263533.457,0
475.553458353,2.697,184,4,57846.585,7287.788,58131.65,5263543.697,4.264826529
475.557104155,1.775,1775,4,57848.36,7288.7,58133.425,5263544.609,0.00364580199999
475.560123622,2359.296,262144,4,60207.656,7288.7,60492.721,5263544.609,0.003019467
475.566199696,1048.576,262144,4,61256.232,7288.7,61541.297,5263544.609,0.00607607400002
475.572241897,1048.576,262144,4,62304.808,7288.7,62589.873,5263544.609,0.00604220100001
475.578708053,1048.576,262144,4,63353.384,7288.7,63638.449,5263544.609,0.00646615599999
475.585328897,1048.576,262144,4,64401.96,7288.7,64687.025,5263544.609,0.006620844
475.592101397,1048.576,262144,4,65450.536,7288.7,65735.601,5263544.609,0.00677250000001
475.598719107,1048.576,262144,4,66499.112,7288.7,66784.177,5263544.609,0.00661771
475.605319977,1048.576,262144,4,67547.688,7288.7,67832.753,5263544.609,0.00660087
475.611941021,604.401,262144,4,68152.089,7291.772,68437.154,5263547.681,0.00662104399998
475.549008546,0.221,221,2,105.697,202834.399,68437.338,5263557.409,0
475.659064168,0.184,184,4,68152.273,7293.82,68437.559,5263566.113,0.110055622
476.858715466,0.189,189,4,68152.462,7295.772,68437.748,5263568.065,1.199651298
477.053318253,0.189,189,4,68152.651,7305.852,68437.937,5263578.145,0.194602787
477.101528808,1.575,1575,4,68154.226,7305.852,68439.512,5263578.145,0.048210555
477.104746982,0.286,286,4,68154.512,8338.044,68439.798,5264610.337,0.00321817399998
476.549967341,0.221,221,2,105.918,202850.783,68439.988,5264626.721,0
441.441129884,0.152,152,7,29.928,997602.384,68440.209,5264635.713,0
477.550756738,0.221,221,2,106.139,202867.167,68842.383,5264643.905,36.109626854
477.114612651,0.19,190,4,68154.702,8346.236,68842.604,5264652.097,0
479.239786466,2.382,2382,4,68157.084,8358.524,68844.986,5264664.385,2.125173815
478.551452213,0.221,221,2,106.36,202883.551,68846.561,5264672.577,0
479.552236951,0.221,221,2,106.581,202899.935,68846.782,5264688.961,1.000784738
479.243916621,1.575,1575,4,68158.659,8358.524,68847.003,5264697.153,0
481.131293843,2.382,2382,4,68161.041,8424.06,68849.385,5264762.689,1.887377222
480.553002474,0.221,221,2,106.802,202916.319,68850.96,5264770.881,0
481.553746701,0.221,221,2,107.023,202932.703,68851.181,5264787.265,1.000744227
481.135105005,1.575,1575,4,68162.616,8424.06,68851.402,5264795.457,0
483.281433805,2.382,2382,4,68164.998,8473.212,68853.784,5264844.609,2.1463288
482.554382492,0.221,221,2,107.244,202949.087,68855.359,5264852.801,0
483.5540608,1.575,1575,4,68166.573,8473.212,68855.58,5264860.993,0.999678308
483.556323337,0.286,286,4,68166.859,8833.66,68855.866,5265221.441,0.00226253699998
483.562242373,0.19,190,4,68167.049,8850.044,68856.056,5265237.825,0.00591903600002
483.614508652,0.286,286,4,68167.335,8858.236,68856.342,5266229.057,0.052266279
483.624387279,0.19,190,4,68167.525,8862.332,68856.532,5266233.153,0.00987862700003
483.555038137,0.221,221,2,107.465,202965.471,68859.045,5266242.369,0
484.555942484,0.221,221,2,107.686,202981.855,68859.266,5266258.753,1.000904347
485.556643527,0.221,221,2,107.907,202998.239,68859.487,5266275.137,1.000701043
484.351716174,2.513,2513,4,68170.038,8863.356,68859.708,5266283.329,0
486.917169082,0.184,184,4,68170.222,8864.892,68859.892,5266284.865,2.565452908
486.920154391,1.775,1775,4,68171.997,8878.316,68861.667,5266298.289,0.002985309
486.923661634,2621.44,262144,4,70793.437,8878.316,71483.107,5266298.289,0.003507243
486.930989008,1048.576,262144,4,71842.013,8878.316,72531.683,5266298.289,0.007327374
486.93761069,1048.576,262144,4,72890.589,8878.316,73580.259,5266298.289,0.006621682
486.944218252,1048.576,262144,4,73939.165,8878.316,74628.835,5266298.289,0.006607562
486.950826562,1048.576,262144,4,74987.741,8878.316,75677.411,5266298.289,0.00660830999999
486.957441766,1048.576,262144,4,76036.317,8878.316,76725.987,5266298.289,0.00661520400001
486.964216812,1048.576,262144,4,77084.893,8878.316,77774.563,5266298.289,0.00677504600003
486.970835237,1048.576,262144,4,78133.469,8878.316,78823.139,5266298.289,0.006618425
486.977461437,366.929,262144,4,78500.398,8884.46,79190.068,5266304.433,0.00662619999997
486.557313504,0.221,221,2,108.128,203014.623,79190.252,5266315.697,0
487.020354732,0.184,184,4,78500.582,8887.532,79190.473,5266323.889,0.463041228
487.558102004,0.221,221,2,108.349,203031.007,79192.048,5266332.081,0.537747272
488.558801488,0.221,221,2,108.57,203047.391,79192.269,5266348.465,1.000699484
489.559611054,0.221,221,2,108.791,203063.775,79192.49,5266364.849,1.000809566
488.20436762,1.575,1575,4,78502.157,8887.532,79192.711,5266373.041,0
491.445384908,0.184,184,4,78502.341,8889.068,79192.895,5266374.577,3.241017288
491.447602405,1.775,1775,4,78504.116,8890.332,79194.67,5266375.841,0.002217497
491.450373317,2621.44,262144,4,81125.556,8890.332,81816.11,5266375.841,0.00277091200002
491.457384994,1048.576,262144,4,82174.132,8890.332,82864.686,5266375.841,0.00701167699998
491.46400484,1048.576,262144,4,83222.708,8890.332,83913.262,5266375.841,0.00661984599998
491.470772448,1048.576,262144,4,84271.284,8890.332,84961.838,5266375.841,0.00676760800002
491.477386443,1048.576,262144,4,85319.86,8890.332,86010.414,5266375.841,0.00661399500001
491.484008345,1048.576,262144,4,86368.436,8890.332,87058.99,5266375.841,0.00662190200001
491.49061252,1048.576,262144,4,87417.012,8890.332,88107.566,5266375.841,0.00660417500001
491.497236595,1048.576,262144,4,88465.588,8890.332,89156.142,5266375.841,0.00662407499999
491.504003506,366.929,262144,4,88832.517,8891.34,89523.071,5266376.849,0.006766911
490.560422486,0.221,221,2,109.012,203080.159,89523.255,5266386.017,0
491.561087115,0.221,221,2,109.233,203096.543,89523.476,5266402.401,1.000664629
492.561807842,0.221,221,2,109.454,203112.927,89523.697,5266418.785,1.000720727
491.546178103,0.184,184,4,88832.701,8892.316,89523.918,5266426.977,0
493.562333091,0.221,221,2,109.675,203129.311,89524.257,5266436.113,2.016154988
494.351182576,0.339,339,4,88833.04,8894.172,89524.478,5266445.217,0.788849485
495.098809766,0.19,190,4,88833.23,8895.9,89524.668,5266446.945,0.74762719
495.119380708,0.19,190,4,88833.42,8906.364,89524.858,5266457.409,0.020570942
495.285382967,1.575,1575,4,88834.995,8906.364,89526.433,5266457.409,0.166002259
495.286703353,0.286,286,4,88835.281,10119.772,89526.719,5267670.817,0.00132038600003
494.562869794,0.221,221,2,109.896,203145.695,89526.909,5267679.969,0
495.563539347,0.221,221,2,110.117,203162.079,89527.13,5267696.353,1.000669553
495.297605185,0.19,190,4,88835.471,10120.732,89527.351,5267704.545,0
497.325379187,2.382,2382,4,88837.853,10129.644,89529.733,5267713.457,2.027774002
496.564300107,0.221,221,2,110.338,203178.463,89531.308,5267721.649,0
497.564986704,0.221,221,2,110.559,203194.847,89531.529,5267738.033,1.000686597
497.329696785,1.575,1575,4,88839.428,10129.644,89531.75,5267746.225,0
499.494204517,2.425,2425,4,88841.853,10139.884,89534.175,5267756.465,2.164507732
498.565960312,0.221,221,2,110.78,203203.039,89535.75,5267756.465,0
499.566730823,0.221,221,2,111.001,203227.615,89535.971,5267781.041,1.000770511
500.568966141,0.221,221,2,111.222,203243.999,89536.192,5267797.425,1.002235318
499.499742496,1.575,1575,4,88843.428,10139.884,89536.413,5267805.617,0
501.846192815,2.382,2382,4,88845.81,10172.652,89538.795,5267838.385,2.346450319
502.213368818,1.575,1575,4,88847.385,10172.652,89540.37,5267838.385,0.367176003
502.2154664,0.286,286,4,88847.671,10197.228,89540.656,5268190.641,0.00209758200003
502.221591376,0.19,190,4,88847.861,10209.516,89540.846,5268202.929,0.00612497599997
502.287206481,0.286,286,4,88848.147,11804.908,89541.132,5269798.321,0.065615105
501.56985055,0.221,221,2,111.443,203276.767,89541.322,5269825.969,0
502.295703384,0.19,190,4,88848.337,11807.98,89541.543,5269834.161,0.725852834
503.571602546,0.221,221,2,111.664,203293.151,89544.056,5269843.889,1.275899162
504.352143257,2.513,2513,4,88850.85,11810.524,89544.277,5269853.089,0.780540711
505.157977378,0.19,190,4,88851.04,11813.356,89544.467,5269855.921,0.805834121
504.572192678,0.221,221,2,111.885,203309.535,89544.657,5269864.993,0
505.173428336,0.19,190,4,88851.23,11814.236,89544.878,5269873.185,0.601235658
505.631439259,0.185,185,4,88851.415,11815.084,89545.063,5269874.033,0.458010923
505.633756471,1.775,1775,4,88853.19,11825.02,89546.838,5269883.969,0.00231721200004
505.637162649,2883.584,262144,4,91736.774,11825.02,92430.422,5269883.969,0.00340617799998
505.644768702,1048.576,262144,4,92785.35,11825.02,93478.998,5269883.969,0.00760605300002
505.651378679,1048.576,262144,4,93833.926,11825.02,94527.574,5269883.969,0.00660997699998
505.657995597,1048.576,262144,4,94882.502,11825.02,95576.15,5269883.969,0.00661691800002
505.664776927,1048.576,262144,4,95931.078,11825.02,96624.726,5269883.969,0.00678132999997
505.671389543,1048.576,262144,4,96979.654,11825.02,97673.302,5269883.969,0.00661261599998
505.677999451,1048.576,262144,4,98028.23,11825.02,98721.878,5269883.969,0.00660990800003
505.684621794,1048.576,262144,4,99076.806,11825.02,99770.454,5269883.969,0.006622343
505.691243056,301.769,262144,4,99378.575,11827.068,100072.223,5269886.017,0.00662126200001
505.572828139,0.221,221,2,112.106,203325.919,100072.408,5269895.233,0
505.739654683,0.185,185,4,99378.76,11828.092,100072.629,5269903.425,0.166826544
506.573457366,0.221,221,2,112.327,203342.303,100074.204,5269911.617,0.833802683
507.574107017,0.221,221,2,112.548,203358.687,100074.425,5269928.001,1.000649651
508.574712606,0.221,221,2,112.769,203375.071,100074.646,5269944.385,1.000605589
506.816414253,1.575,1575,4,99380.335,11828.092,100074.867,5269952.577,0
510.329144808,0.185,185,4,99380.52,11829.084,100075.052,5269953.569,3.512730555
510.33209284,1.775,1775,4,99382.295,11829.852,100076.827,5269954.337,0.00294803199995
510.334930565,2621.44,262144,4,102003.735,11829.852,102698.267,5269954.337,0.00283772500001
510.341655338,1048.576,262144,4,103052.311,11829.852,103746.843,5269954.337,0.00672477300003
510.348119039,1310.72,262144,4,104363.031,11829.852,105057.563,5269954.337,0.00646370099997
510.355336303,1048.576,262144,4,105411.607,11829.852,106106.139,5269954.337,0.00721726400002
510.361956081,1048.576,262144,4,106460.183,11829.852,107154.715,5269954.337,0.00661977800002
510.368710677,1048.576,262144,4,107508.759,11829.852,108203.291,5269954.337,0.00675459600001
510.375349171,1048.576,262144,4,108557.335,11829.852,109251.867,5269954.337,0.00663849399996
510.381952425,1048.576,262144,4,109605.911,11829.852,110300.443,5269954.337,0.00660325400003
510.388566518,346.657,262144,4,109952.568,11830.812,110647.1,5269955.297,0.006614093
509.575246597,0.221,221,2,112.99,203391.455,110647.285,5269964.417,0
510.57586468,0.221,221,2,113.211,203407.839,110647.506,5269980.801,1.000618083
511.57656741,0.221,221,2,113.432,203424.223,110647.727,5269997.185,1.00070273
510.435981468,0.185,185,4,109952.753,11832.636,110647.948,5270006.273,0
512.74093619,0.19,190,4,109952.943,11842.492,110648.138,5270016.129,2.304954722
512.946941219,1.575,1575,4,109954.518,11842.492,110649.713,5270016.129,0.206005029
512.949473977,0.286,286,4,109954.804,13419.452,110649.999,5271593.089,0.00253275800003
512.577117673,0.221,221,2,113.653,203432.415,110650.189,5271595.137,0
512.958544644,0.19,190,4,109954.994,13421.5,110650.41,5271611.521,0.381426971
513.577802528,0.221,221,2,113.874,203456.991,110652.923,5271620.737,0.619257884
514.351560416,2.513,2513,4,109957.507,13422.524,110653.144,5271628.929,0.773757888
515.063847423,2.382,2382,4,109959.889,13435.052,110655.526,5271641.457,0.712287007
514.578680037,0.221,221,2,114.095,203473.375,110657.101,5271649.649,0
515.580047168,0.221,221,2,114.316,203489.759,110657.322,5271666.033,1.001367131
515.067862426,1.575,1575,4,109961.464,13435.052,110657.543,5271674.225,0
517.053896942,2.382,2382,4,109963.846,13449.388,110659.925,5271688.561,1.986034516
516.581610857,0.221,221,2,114.537,203506.143,110661.5,5271696.753,0
517.582478129,0.221,221,2,114.758,203522.527,110661.721,5271713.137,1.000867272
517.058277885,1.575,1575,4,109965.421,13449.388,110661.942,5271721.329,0
518.583254689,0.221,221,2,114.979,203538.911,110664.324,5271729.521,1.524976804
519.359347105,2.382,2382,4,109967.803,13547.692,110664.545,5271836.017,0.776092416
519.690306887,0.19,190,4,109967.993,13572.268,110664.735,5271860.593,0.330959782
519.694046408,0.19,190,4,109968.183,13586.604,110664.925,5271874.929,0.00373952099994
519.747125083,1.575,1575,4,109969.758,13586.604,110666.5,5271874.929,0.0530786750001
519.748400899,0.286,286,4,109970.044,14012.588,110666.786,5272300.913,0.00127581599997
519.753088565,0.19,190,4,109970.234,14028.972,110666.976,5272317.297,0.004687666
519.799072922,0.286,286,4,109970.52,15659.18,110667.262,5273947.505,0.0459843570001
477.931170721,402.174,262144,7,432.102,998913.872,110667.452,5273952.369,0
519.584023028,0.221,221,2,115.2,203555.295,111068.01,5273960.561,41.652852307
520.584770026,0.221,221,2,115.421,203571.679,111068.231,5273976.945,1.000746998
521.585412216,0.221,221,2,115.642,203588.063,111068.452,5273993.329,1.00064219
519.807230071,0.19,190,4,109970.71,15663.276,111068.673,5274001.521,0
522.717912827,0.185,185,4,109970.895,15665.324,111068.858,5274003.569,2.910682756
522.720945855,1.775,1775,4,109972.67,15682.956,111070.633,5274021.201,0.003033028
522.724623906,2621.44,262144,4,112594.11,15682.956,113692.073,5274021.201,0.00367805100007
522.732428526,1310.72,262144,4,113904.83,15682.956,115002.793,5274021.201,0.00780462
522.739602703,1048.576,262144,4,114953.406,15682.956,116051.369,5274021.201,0.00717417699991
522.746230735,1048.576,262144,4,116001.982,15682.956,117099.945,5274021.201,0.00662803200009
522.752850054,1048.576,262144,4,117050.558,15682.956,118148.521,5274021.201,0.00661931899992
522.759476162,1310.72,262144,4,118361.278,15682.956,119459.241,5274021.201,0.00662610800009
522.766666944,1310.72,262144,4,119671.998,15682.956,120769.961,5274021.201,0.00719078199995
522.773879098,871.001,262144,4,120542.999,15682.956,121640.962,5274021.201,0.00721215399994
522.780286565,84.569,84569,4,120627.568,15695.244,121725.531,5274033.489,0.00640746700003
522.821098173,0.185,185,4,120627.753,15701.388,121725.716,5274039.633,0.040811608
522.586091181,0.221,221,2,115.863,203604.447,121727.291,5274047.825,0
523.18912393,1.575,1575,4,120629.328,15701.388,121727.512,5274056.017,0.603032749
523.58677418,0.221,221,2,116.084,203620.831,121730.025,5274067.281,0.39765025
524.587558662,0.221,221,2,116.305,203637.215,121730.246,5274083.665,1.000784482
524.351977755,2.513,2513,4,120631.841,15704.46,121730.467,5274091.857,0
526.493323132,0.185,185,4,120632.026,15705.996,121730.652,5274093.393,2.141345377
526.495580964,1.775,1775,4,120633.801,15706.7,121732.427,5274094.097,0.00225783200005
526.499369113,2621.44,262144,4,123255.241,15706.7,124353.867,5274094.097,0.00378814899989
526.506574356,1310.72,262144,4,124565.961,15706.7,125664.587,5274094.097,0.00720524300004
526.513631687,1310.72,262144,4,125876.681,15706.7,126975.307,5274094.097,0.00705733100006
526.520819699,1310.72,262144,4,127187.401,15706.7,128286.027,5274094.097,0.00718801199992
526.52803743,1310.72,262144,4,128498.121,15706.7,129596.747,5274094.097,0.00721773100008
526.535246234,1310.72,262144,4,129808.841,15706.7,130907.467,5274094.097,0.00720880400002
526.542452623,1310.72,262144,4,131119.561,15706.7,132218.187,5274094.097,0.00720638899998
525.588252943,0.221,221,2,116.526,203653.599,132955.804,5274102.289,0
526.549659334,737.617,262144,4,131857.178,15707.708,132956.025,5274111.489,0.961406391
526.589014952,0.221,221,2,116.747,203669.983,132956.21,5274120.657,0.0393556179999
527.589729436,0.221,221,2,116.968,203686.367,132956.431,5274137.041,1.000714484
526.597841612,0.185,185,4,131857.363,15709.628,132956.652,5274146.177,0
529.115278523,0.19,190,4,131857.553,15719.388,132956.842,5274155.937,2.517436911
529.330349637,1.575,1575,4,131859.128,15719.388,132958.417,5274155.937,0.215071114
529.331685704,0.286,286,4,131859.414,17198.044,132958.703,5275634.593,0.00133606700001
528.590270735,0.221,221,2,117.189,203702.751,132958.893,5275644.833,0
529.590866137,0.221,221,2,117.41,203719.135,132959.114,5275661.217,1.000595402
529.339431118,0.19,190,4,131859.604,17200.092,132959.335,5275669.409,0
531.22573358,2.382,2382,4,131861.986,17211.356,132961.717,5275680.673,1.886302462
530.591621178,0.221,221,2,117.631,203735.519,132963.292,5275688.865,0
531.59233631,0.221,221,2,117.852,203751.903,132963.513,5275705.249,1.000715132
531.23831121,1.575,1575,4,131863.561,17211.356,132963.734,5275713.441,0
533.275133961,2.382,2382,4,131865.943,17244.124,132966.116,5275746.209,2.036822751
532.59306453,0.221,221,2,118.073,203768.287,132967.691,5275754.401,0
533.278814344,1.575,1575,4,131867.518,17244.124,132967.912,5275762.593,0.685749814
534.351556888,2.513,2513,4,131870.031,17268.7,132970.425,5275795.361,1.072742544
