time,size,first_call,destination,dest_out_traffic,dest_in_traffic,total_network_out,total_network_in,dens10
3.577146914,0.244,244,2,0.244,24.576,0.244,26.624,0
3.612748738,0.183,183,2,0.427,40.96,0.427,43.008,0.035601824
4.623587862,0.183,183,2,0.61,57.344,0.61,59.392,1.010839124
5.624709144,0.183,183,2,0.793,73.728,0.793,75.776,1.001121282
6.625543658,0.183,183,2,0.976,90.112,0.976,92.16,1.000834514
7.626268406,0.183,183,2,1.159,106.496,1.159,108.544,1.000724748
8.627123151,0.183,183,2,1.342,122.88,1.342,124.928,1.000854745
9.627952856,0.183,183,2,1.525,139.264,1.525,141.312,1.000829705
10.628736042,0.183,183,2,1.708,155.648,1.708,157.696,1.000783186
11.629648633,0.183,183,2,1.891,163.84,1.891,165.888,1.000912591
12.182018986,0.268,268,4,0.268,8.452,2.325,176.843,0.552370353
11.64538382,0.166,166,2,2.057,174.535,2.578,193.227,0
12.636585655,0.219,219,2,2.276,207.303,2.797,225.995,0.991201835
12.7174375,0.283,283,2,2.559,223.687,3.08,242.379,0.080851845
12.759692497,0.207,207,2,2.766,240.071,3.287,258.763,0.042254997
12.799955301,0.102,102,2,2.868,248.263,3.389,266.955,0.040262804
12.22202458,0.253,253,4,0.521,24.836,3.515,78709.986,0
13.234382655,0.291,291,4,0.812,25.123,3.806,79096.605,1.012358075
12.825965394,0.126,126,2,2.994,173635.556,4.04,173670.919,0
13.638919349,0.219,219,2,3.213,293649.88,4.259,293685.243,0.812953955
13.237736056,0.234,234,4,1.046,41.507,4.385,347693.618,0
14.239463237,0.405,405,4,1.451,41.908,4.79,348197.958,1.001727181
14.00575765,0.126,126,2,3.339,418331.337,5.02,418383.485,0
14.64156308,0.219,219,2,3.558,418347.721,5.239,418399.869,0.63580543
15.075720891,0.174,174,2,3.732,418364.105,5.413,418416.253,0.434157811
15.07678189,0.188,188,2,3.92,418372.297,5.601,418424.445,0.001060999
14.241878613,0.23,230,4,1.681,58.292,5.725,418716.113,0
15.078732511,0.124,124,2,4.044,418663.965,6.376,418733.144,0.836853898
15.082970901,0.651,651,4,2.332,75.323,6.73,418757.72,0.00423839
15.105526386,0.354,170,2,4.398,418688.541,7.227,418766.405,0.022555485
15.106385944,0.497,497,4,2.829,92.2,7.351,418849.716,0.000859558
15.108034193,0.124,124,2,4.522,418763.66,7.73,418866.475,0.001648249
15.1186586,0.379,379,4,3.208,108.959,7.949,418882.859,0.010624407
16.120380617,0.156,156,4,3.364,125.495,8.105,418899.395,1.001722017
15.643156214,0.219,219,2,4.741,418780.044,8.261,418915.931,0
16.644579399,0.219,219,2,4.96,418796.428,8.48,418932.315,1.001423185
17.645722895,0.219,219,2,5.179,418829.196,8.699,418965.083,1.001143496
17.815145576,0.264,264,2,5.443,418845.58,8.963,418981.467,0.169422681
18.647771045,0.219,219,2,5.662,418870.156,9.182,419006.043,0.832625469
19.639274569,0.328,328,2,5.99,418894.732,9.51,419030.619,0.991503524
19.64214246,0.252,252,2,6.242,418911.116,9.762,419047.003,0.002867891
19.648914007,0.219,219,2,6.461,418927.5,9.981,419063.387,0.006771547
19.714590173,0.131,131,2,6.592,418943.884,10.112,419079.771,0.065676166
19.737080081,0.11,110,2,6.702,418960.268,10.222,419096.155,0.022489908
19.940660439,0.11,110,2,6.812,418976.652,10.332,419112.539,0.203580358
20.342049161,0.11,110,2,6.922,419001.228,10.442,419137.115,0.401388722
20.432285202,0.368,368,2,7.29,419025.804,10.81,419161.691,0.090236041
20.521193305,2.464,2464,2,9.754,419033.996,13.274,419169.883,0.088908103
20.6499334,0.219,219,2,9.973,419058.572,13.493,419194.459,0.128740095
21.180818144,0.368,368,5,0.368,40.96,13.992,419243.611,0.530884744
21.15942835,0.131,131,2,10.104,419074.956,16.456,419259.995,0
21.651008448,0.219,219,2,10.323,419091.34,16.675,419276.379,0.491580098
22.652044546,0.219,219,2,10.542,419107.724,16.894,419292.763,1.001036098
22.763839384,0.131,131,2,10.673,419124.108,17.025,419309.147,0.111794838
23.658820696,0.219,219,2,10.892,419140.492,17.244,419325.531,0.894981312
24.662432708,0.219,219,2,11.111,419150.732,17.463,419335.771,1.003612012
25.497713091,2.243,2243,2,13.354,419161.484,19.706,419346.523,0.835280383
25.663471169,0.219,219,2,13.573,419177.868,19.925,419362.907,0.165758078
25.771890857,0.11,110,2,13.683,419189.996,20.035,419375.035,0.108419688
26.043510353,0.136,136,2,13.819,419202.284,20.171,419387.323,0.271619496
21.271556387,2.464,2464,5,2.832,51.2,20.39,419397.563,0
26.875790074,2.243,2243,5,5.075,57.264,22.633,419403.627,5.604233687
26.664589021,0.219,219,2,14.038,419218.668,22.769,419424.107,0
27.666156875,0.219,219,2,14.257,419235.052,22.988,419440.491,1.001567854
28.666892686,0.219,219,2,14.476,419251.436,23.207,419456.875,1.000735811
28.773773931,0.11,110,2,14.586,419267.82,23.317,419473.259,0.106881245
29.668390615,0.219,219,2,14.805,419284.204,23.536,419489.643,0.894616684
30.669186543,0.219,219,2,15.024,419300.588,23.755,419506.027,1.000795928
31.669898916,0.219,219,2,15.243,419316.972,23.974,419522.411,1.000712373
31.775395905,0.11,110,2,15.353,419333.356,24.084,419538.795,0.105496989
32.670611415,0.219,219,2,15.572,419366.124,24.303,419571.563,0.89521551
34.671879311,0.219,219,2,15.791,419382.508,24.522,419587.947,2.001267896
34.776867179,0.11,110,2,15.901,419398.892,24.632,419604.331,0.104987868
35.672491395,0.219,219,2,16.12,419415.276,24.851,419620.715,0.895624216
36.673112831,0.219,219,2,16.339,419431.66,25.07,419637.099,1.000621436
37.673715065,0.219,219,2,16.558,419448.044,25.289,419653.483,1.000602234
37.779763512,0.11,110,2,16.668,419464.428,25.399,419669.867,0.106048447
38.674332967,0.219,219,2,16.887,419480.812,25.618,419686.251,0.894569455
39.675141787,0.219,219,2,17.106,419497.196,25.837,419702.635,1.00080882
40.675761361,0.219,219,2,17.325,419513.58,26.056,419719.019,1.000619574
40.781221521,0.11,110,2,17.435,419529.964,26.166,419735.403,0.10546016
41.676380004,0.219,219,2,17.654,419548.396,26.385,419753.835,0.895158483
42.677260377,0.219,219,2,17.873,419564.78,26.604,419770.219,1.000880373
43.677994828,0.219,219,2,18.092,419581.164,26.823,419786.603,1.000734451
43.783130645,0.11,110,2,18.202,419597.548,26.933,419802.987,0.105135817
44.678711336,0.219,219,2,18.421,419613.932,27.152,419819.371,0.895580691
45.679430007,0.219,219,2,18.64,419630.316,27.371,419835.755,1.000718671
46.680106105,0.219,219,2,18.859,419646.7,27.59,419852.139,1.000676098
46.785319601,0.11,110,2,18.969,419663.084,27.7,419870.571,0.105213496
47.680927548,0.219,219,2,19.188,419679.468,27.919,419886.955,0.895607947
49.656600878,0.223,223,8,0.223,40.96,28.361,419938.155,1.97567333
48.681744129,0.219,219,2,19.407,419695.852,28.508,419954.539,0
49.68302091,0.219,219,2,19.626,419712.236,28.727,419970.923,1.001276781
49.787161833,0.11,110,2,19.736,419720.428,28.837,419981.163,0.104140923
27.457166929,0.136,136,5,5.211,71.6,37.132,419981.163,0
49.930016028,8.295,8295,2,28.031,419739.884,45.427,420002.667,22.472849099
49.930438038,8.295,8295,5,13.506,76.72,45.672,420005.739,0.000422010000001
50.080535891,0.245,245,2,28.276,419741.932,45.917,420008.811,0.150097853
50.092362615,0.245,245,5,13.751,78.768,49.074,420009.835,0.011826724
50.132253327,3.157,3157,2,31.433,419774.7,52.231,420043.627,0.039890712
50.546057317,0.245,245,2,31.678,419775.724,52.476,420044.651,0.41380399
50.141916891,3.157,3157,5,16.908,80.304,78.145,420053.355,0
50.575510278,0.278,278,5,17.186,81.328,78.423,420054.379,0.433593387
50.550075901,25.669,25669,2,57.347,419792.108,104.092,420063.579,0
50.684126877,0.219,219,2,57.566,419808.492,104.311,420079.963,0.134050976
51.684953116,0.22,220,2,57.786,419828.972,104.531,420100.443,1.000826239
52.685971255,0.22,220,2,58.006,419845.356,104.751,420116.827,1.001018139
52.789673631,0.11,110,2,58.116,419861.74,104.861,420133.211,0.103702376
53.687012694,0.22,220,2,58.336,419878.124,105.081,420149.595,0.897339063
54.68780983,0.22,220,2,58.556,419894.508,105.301,420165.979,1.000797136
55.688557029,0.22,220,2,58.776,419910.892,105.521,420182.363,1.000747199
55.791487031,0.11,110,2,58.886,419927.276,105.631,420198.747,0.102930002
56.689343765,0.22,220,2,59.106,419943.66,105.851,420218.107,0.897856734
57.690265629,0.22,220,2,59.326,419960.044,106.071,420234.491,1.000921864
58.691112216,0.22,220,2,59.546,419976.428,106.291,420250.875,1.000846587
58.793050091,0.11,110,2,59.656,419992.812,106.401,420267.259,0.101937875
59.691899042,0.22,220,2,59.876,420009.196,106.621,420283.643,0.898848951
60.692606963,0.22,220,2,60.096,420025.58,106.841,420300.027,1.000707921
61.693326685,0.22,220,2,60.316,420041.964,107.061,420316.411,1.000719722
50.578576621,25.669,25669,5,42.855,89.408,107.171,420361.467,0
61.794486328,0.11,110,2,60.426,420091.116,115.466,420373.755,11.215909707
62.694352761,0.22,220,2,60.646,420132.076,115.686,420414.715,0.899866433
62.938779743,8.295,8295,2,68.941,420156.652,123.981,420439.291,0.244426982
63.69551823,0.22,220,2,69.161,420173.036,124.201,420455.675,0.756738487
64.696559473,0.22,220,2,69.381,420189.42,124.421,420472.059,1.001041243
64.796031396,0.11,110,2,69.491,420197.612,124.531,420488.443,0.099471923
65.697241708,0.22,220,2,69.711,420213.996,124.751,420504.827,0.901210312
66.698073804,0.22,220,2,69.931,420230.38,124.971,420525.307,1.000832096
67.698939583,0.22,220,2,70.151,420246.764,125.191,420541.691,1.000865779
67.797538196,0.11,110,2,70.261,420263.148,125.301,420558.075,0.098598613
68.699841207,0.22,220,2,70.481,420279.532,125.521,420574.459,0.902303011
69.700719517,0.22,220,2,70.701,420295.916,125.741,420590.843,1.00087831
70.701475696,0.22,220,2,70.921,420312.3,125.961,420607.227,1.000756179
70.798948576,0.11,110,2,71.031,420328.684,126.071,420623.611,0.09747288
71.702186432,0.22,220,2,71.251,420361.452,126.291,420656.379,0.903237856
62.633512825,8.295,8295,5,51.15,101.696,126.511,420668.667,0
72.703006956,0.22,220,2,71.471,420377.836,134.806,420680.955,10.069494131
73.329465917,8.295,8295,2,79.766,420394.22,143.101,420697.339,0.626458961
73.704215244,0.22,220,2,79.986,420410.604,143.321,420713.723,0.374749327
73.800763177,0.11,110,2,80.096,420426.988,143.431,420730.107,0.096547933
74.705132055,0.22,220,2,80.316,420443.372,143.651,420746.491,0.904368878
75.705889063,0.22,220,2,80.536,420459.756,143.871,420762.875,1.000757008
76.70656049,0.22,220,2,80.756,420476.14,144.091,420779.259,1.000671427
76.80233335,0.11,110,2,80.866,420492.524,144.201,420799.739,0.09577286
77.707470237,0.22,220,2,81.086,420508.908,144.421,420816.123,0.905136887
78.708278645,0.22,220,2,81.306,420525.292,144.641,420832.507,1.000808408
79.70906805,0.22,220,2,81.526,420541.676,144.861,420848.891,1.000789405
79.803844638,0.11,110,2,81.636,420558.06,144.971,420865.275,0.094776588
80.709914486,0.22,220,2,81.856,420574.444,145.191,420881.659,0.906069848
81.710572012,0.22,220,2,82.076,420599.02,145.411,420906.235,1.000657526
82.711500773,0.22,220,2,82.296,420615.404,145.631,420922.619,1.000928761
73.13354869,8.295,8295,5,59.445,113.984,145.741,420934.907,0
82.805564916,0.11,110,2,82.406,420631.788,154.036,420947.195,9.672016226
83.627031856,8.295,8295,2,90.701,420648.172,162.331,420963.579,0.82146694
83.712548667,0.22,220,2,90.921,420664.556,162.551,420979.963,0.085516811
84.713332641,0.22,220,2,91.141,420680.94,162.771,420996.347,1.000783974
85.714051637,0.22,220,2,91.361,420697.324,162.991,421012.731,1.000718996
85.807181685,0.11,110,2,91.471,420713.708,163.101,421029.115,0.093130048
86.714753557,0.22,220,2,91.691,420730.092,163.321,421049.595,0.907571872
87.715746855,0.22,220,2,91.911,420746.476,163.541,421065.979,1.000993298
88.716571216,0.22,220,2,92.131,420779.244,163.761,421098.747,1.000824361
89.717469597,0.22,220,2,92.351,420795.628,163.981,421115.131,1.000898381
90.718139991,0.22,220,2,92.571,420812.012,164.201,421131.515,1.000670394
91.718734333,0.22,220,2,92.791,420828.396,164.421,421147.899,1.000594342
91.811063674,0.11,110,2,92.901,420848.876,164.531,421168.379,0.092329341
83.140314812,8.295,8295,5,67.74,126.272,164.751,421180.667,0
92.71967377,0.22,220,2,93.121,420865.26,173.046,421192.955,9.579358958
93.720664256,0.22,220,2,93.341,420877.548,173.266,421205.243,1.000990486
94.012990969,8.295,8295,2,101.636,420889.836,181.561,421217.531,0.292326713
94.721677826,0.22,220,2,101.856,420906.22,181.781,421233.915,0.708686857
94.812608533,0.11,110,2,101.966,420922.604,181.891,421250.299,0.090930707
95.722435593,0.22,220,2,102.186,420938.988,182.111,421266.683,0.90982706
96.723075932,0.22,220,2,102.406,420947.18,182.331,421278.971,1.000640339
97.723833263,0.22,220,2,102.626,420963.564,182.551,421295.355,1.000757331
97.814088918,0.11,110,2,102.736,420979.948,182.661,421311.739,0.090255655
98.724733165,0.22,220,2,102.956,420996.332,182.881,421328.123,0.910644247
99.725486294,0.22,220,2,103.176,421012.716,183.101,421344.507,1.000753129
100.726102329,0.22,220,2,103.396,421029.1,183.321,421360.891,1.000616035
100.815581961,0.11,110,2,103.506,421045.484,183.431,421377.275,0.089479632
101.726771408,0.22,220,2,103.726,421065.964,183.651,421397.755,0.911189447
93.287731539,8.295,8295,5,76.035,138.56,183.871,421410.043,0
102.727726177,0.22,220,2,103.946,421082.348,192.167,421422.331,9.439994638
103.72874458,0.22,220,2,104.166,421098.732,192.387,421438.715,1.001018403
103.817283389,0.11,110,2,104.276,421111.02,192.497,421451.003,0.088538809
104.138221212,8.296,8296,2,112.572,421123.308,200.793,421463.291,0.320937823
104.729823093,0.22,220,2,112.792,421139.692,201.013,421479.675,0.591601881
105.73062901,0.22,220,2,113.012,421156.076,201.233,421496.059,1.000805917
106.731352155,0.22,220,2,113.232,421172.46,201.453,421512.443,1.000723145
106.818938179,0.11,110,2,113.342,421188.844,201.563,421532.923,0.087586024
107.732174165,0.22,220,2,113.562,421205.228,201.783,421549.307,0.913235986
108.732887984,0.22,220,2,113.782,421221.612,202.003,421565.691,1.000713819
109.733584386,0.22,220,2,114.002,421237.996,202.223,421582.075,1.000696402
109.820317618,0.11,110,2,114.112,421254.38,202.333,421598.459,0.086733232
110.734242517,0.22,220,2,114.332,421270.764,202.553,421614.843,0.913924899
111.734849835,0.22,220,2,114.552,421291.244,202.773,421635.323,1.000607318
112.735569498,0.22,220,2,114.772,421307.628,202.993,421651.707,1.000719663
103.464690978,8.296,8296,5,84.331,150.848,203.103,421663.995,0
112.821751602,0.11,110,2,114.882,421324.012,211.399,421676.283,9.357060624
113.736571965,0.22,220,2,115.102,421336.3,211.619,421688.571,0.914820363
114.330185563,8.296,8296,2,123.398,421348.588,219.915,421700.859,0.593613598
114.737799585,0.22,220,2,123.618,421364.972,220.135,421717.243,0.407614022
115.738703193,0.22,220,2,123.838,421381.356,220.355,421733.627,1.000903608
115.823284511,0.11,110,2,123.948,421397.74,220.465,421750.011,0.084581318
116.739389749,0.22,220,2,124.168,421414.124,220.685,421770.491,0.916105238
117.740176888,0.22,220,2,124.388,421430.508,220.905,421786.875,1.000787139
118.740873229,0.22,220,2,124.608,421446.892,221.125,421803.259,1.000696341
118.824717584,0.11,110,2,124.718,421463.276,221.235,421819.643,0.083844355
119.741566281,0.22,220,2,124.938,421479.66,221.455,421836.027,0.916848697
120.742228101,0.22,220,2,125.158,421496.044,221.675,421852.411,1.00066182
121.742862658,0.22,220,2,125.378,421512.428,221.895,421868.795,1.000634557
121.827834546,0.11,110,2,125.488,421532.908,222.005,421889.275,0.084971888
122.743879367,0.22,220,2,125.708,421549.292,222.225,421905.659,0.916044821
113.676508996,8.296,8296,5,92.627,163.136,222.445,421917.947,0
123.74458866,0.22,220,2,125.928,421565.676,230.741,421930.235,10.068079664
124.745549568,0.22,220,2,126.148,421577.964,230.961,421942.523,1.000960908
124.811826772,8.296,8296,2,134.444,421590.252,239.257,421954.811,0.066277204
124.829526913,0.11,110,2,134.554,421606.636,239.367,421971.195,0.017700141
125.746532152,0.22,220,2,134.774,421623.02,239.587,421987.579,0.917005239
126.74728119,0.22,220,2,134.994,421639.404,239.807,422008.059,1.000749038
127.74809341,0.22,220,2,135.214,421655.788,240.027,422024.443,1.00081222
127.831156555,0.11,110,2,135.324,421672.172,240.137,422040.827,0.083063145
128.748786872,0.22,220,2,135.544,421680.364,240.357,422057.211,0.917630317
129.749495658,0.22,220,2,135.764,421696.748,240.577,422073.595,1.000708786
130.750314281,0.22,220,2,135.984,421713.132,240.797,422089.979,1.000818623
130.832534541,0.11,110,2,136.094,421729.516,240.907,422106.363,0.08222026
131.751207585,0.221,221,2,136.315,421749.996,241.128,422126.843,0.918673044
132.752092952,0.221,221,2,136.536,421766.38,241.349,422143.227,1.000885367
123.760755889,8.296,8296,5,100.923,175.424,241.57,422155.515,0
133.752745122,0.221,221,2,136.757,421782.764,249.866,422167.803,9.991989233
133.834154808,0.11,110,2,136.867,421799.148,249.976,422184.187,0.081409686
134.753580183,0.221,221,2,137.088,421819.628,250.197,422204.667,0.919425375
135.754324258,0.221,221,2,137.309,421836.012,250.418,422221.051,1.000744075
136.754944492,0.221,221,2,137.53,421852.396,250.639,422237.435,1.000620234
136.83567516,0.11,110,2,137.64,421868.78,250.749,422257.915,0.080730668
137.755732537,0.221,221,2,137.861,421876.972,250.97,422270.203,0.920057377
138.37552582,8.331,8331,2,146.192,421889.26,259.301,422282.491,0.619793283
138.393156131,0.245,245,2,146.437,421890.252,259.546,422283.483,0.017630311
138.396055769,2.425,2425,2,148.862,421895.372,261.971,422288.603,0.00289963799997
138.427548608,0.133,133,2,148.995,421896.908,262.104,422290.139,0.031492839
138.445579177,0.217,217,2,149.212,421905.1,262.321,422298.331,0.018030569
138.756670331,0.221,221,2,149.433,421921.484,262.542,422314.715,0.311091154
139.757654017,0.221,221,2,149.654,421937.868,262.763,422331.099,1.000983686
139.83725209,0.11,110,2,149.764,421954.252,262.873,422347.483,0.079598073
140.758510372,0.221,221,2,149.985,421966.428,263.094,422359.659,0.921258282
133.766004671,8.296,8296,5,109.219,187.712,263.263,422359.659,0
141.270184279,0.169,169,2,150.154,421976.668,263.432,422378.091,7.504179608
141.274037364,0.169,169,5,109.388,195.904,263.601,422378.091,0.003853085
141.292135434,0.169,169,2,150.323,421981.276,263.77,422382.699,0.01809807
141.293276351,0.169,169,5,109.557,197.952,272.019,422384.747,0.00114091700001
141.298924296,8.249,8249,2,158.572,421999.708,280.268,422407.275,0.00564794499999
141.304293064,0.245,245,2,158.817,422001.132,280.513,422408.699,0.00536876800001
141.299919294,8.249,8249,5,117.806,234.816,282.871,422449.659,0
141.313583186,0.278,278,5,118.084,259.392,283.149,422480.379,0.013663892
141.307259242,2.358,2358,2,161.175,422015.468,283.282,422480.379,0
141.383746864,8.249,8249,2,169.424,422097.388,291.531,422562.299,0.076487622
141.379501415,0.133,133,5,118.217,263.488,291.664,422566.395,0
141.391313192,0.133,133,2,169.557,422105.58,291.881,422574.587,0.011811777
141.759491352,0.221,221,2,169.778,422138.348,292.102,422607.355,0.36817816
142.761730085,0.221,221,2,169.999,422154.732,292.323,422623.739,1.002238733
142.839485712,0.11,110,2,170.109,422171.116,292.433,422640.123,0.077755627
143.762539167,0.221,221,2,170.33,422203.884,292.654,422672.891,0.923053455
143.914696384,8.249,8249,2,178.579,422214.124,300.903,422683.131,0.152157217
141.39322536,0.217,217,5,118.434,268.608,301.036,422688.251,0
144.147437762,8.249,8249,5,126.683,289.088,309.285,422708.731,2.754212402
143.924540052,0.133,133,2,178.712,422222.316,309.418,422716.923,0
144.763514316,0.221,221,2,178.933,422238.7,309.639,422733.307,0.838974264
145.76418123,0.221,221,2,179.154,422255.084,309.86,422749.691,1.000666914
145.841241761,0.11,110,2,179.264,422269.42,309.97,422764.027,0.077060531
146.253154001,8.249,8249,2,187.513,422318.572,318.219,422813.179,0.41191224
144.158243115,0.133,133,5,126.816,299.328,318.352,422823.419,0
146.5064102,8.249,8249,5,135.065,381.248,326.601,422905.339,2.348167085
146.25915579,0.133,133,2,187.646,422326.764,326.734,422913.531,0
146.765129326,0.221,221,2,187.867,422343.148,326.955,422946.299,0.505973536
147.765877577,0.221,221,2,188.088,422365.676,327.176,422968.827,1.000748251
148.405298999,8.249,8249,2,196.337,422447.596,335.425,423050.747,0.639421422
148.41549555,0.133,133,2,196.47,422455.788,335.558,423058.939,0.010196551
148.766857785,0.221,221,2,196.691,422472.172,335.779,423075.323,0.351362235
148.842954961,0.11,110,2,196.801,422488.556,335.889,423108.091,0.076097176
149.76778712,0.221,221,2,197.022,422529.516,336.11,423149.051,0.924832159
146.515759645,0.133,133,5,135.198,414.016,336.331,423157.243,0
150.768836327,0.221,221,2,197.243,422537.708,344.58,423157.243,4.253076682
150.778916506,8.249,8249,2,205.492,422562.284,352.829,423194.107,0.010080179
150.778593778,8.249,8249,5,143.447,426.304,353.074,423194.107,0
150.784223296,0.245,245,2,205.737,422563.196,353.319,423195.515,0.00562951800001
150.784454313,0.245,245,5,143.692,427.296,355.647,423196.011,0.000231017000004
150.786402264,2.328,2328,2,208.065,422570.364,357.975,423209.323,0.00194795100001
150.786854612,2.328,2328,5,146.02,437.536,366.224,423229.803,0.00045234800001
150.884758913,8.249,8249,5,154.269,535.84,374.473,423328.107,0.097904301
150.858966253,8.249,8249,2,216.314,422611.324,382.722,423369.067,0
150.980254155,8.249,8249,2,224.563,422627.708,390.971,423389.547,0.121287902
151.036240364,8.249,8249,2,232.812,422639.996,399.22,423401.835,0.055986209
151.084207733,8.249,8249,2,241.061,422648.188,407.469,423410.027,0.047967369
150.947449631,8.249,8249,5,162.518,556.32,407.638,423410.027,0
151.486456219,0.169,169,2,241.23,422656.38,407.807,423428.459,0.539006588
151.486768935,0.169,169,5,162.687,566.56,407.976,423428.459,0.000312715999996
151.500005038,0.169,169,2,241.399,422669.692,408.145,423446.379,0.013236103
151.769935841,0.221,221,2,241.62,422686.076,408.366,423462.763,0.269930803
151.845121973,0.11,110,2,241.73,422703.484,408.476,423480.171,0.075186132
152.771094578,0.221,221,2,241.951,422711.676,408.697,423488.363,0.925972605
151.500221787,0.169,169,5,162.856,571.168,417.135,423488.363,0
153.021326929,8.438,8438,2,250.389,422730.108,425.573,423509.291,1.521105142
153.021633675,8.438,8438,5,171.294,581.856,425.818,423518.363,0.000306746000007
153.02783906,0.245,245,2,250.634,422731.42,426.063,423518.795,0.00620538499999
153.029493501,0.245,245,5,171.539,582.816,1155.226,423519.755,0.001654441
153.030003588,729.163,257039,2,979.797,422743.708,2282.627,423536.139,0.000510087000009
153.584752563,0.245,245,2,980.042,422744.94,2282.872,423537.371,0.554748975
153.032581326,1127.401,257039,5,1298.94,588.96,2409.221,423541.467,0
153.586720323,126.349,126349,2,1106.391,422755.18,2409.499,423550.683,0.554138997
153.772183251,0.221,221,2,1106.612,422766.444,2409.72,423561.947,0.185462928
153.630030307,0.278,278,5,1299.218,593.456,2418.158,423573.611,0
153.88891986,8.438,8438,2,1115.05,422782.828,2426.596,423589.995,0.258889553
154.133620938,8.438,8438,5,1307.656,605.744,2435.034,423602.283,0.244701078
154.179534422,8.438,8438,2,1123.488,422799.212,2443.472,423616.619,0.045913484
154.472695967,8.438,8438,2,1131.926,422809.452,2451.91,423630.955,0.293161545
154.715823265,8.438,8438,2,1140.364,422883.18,2460.348,423704.683,0.243127298
154.773180024,0.221,221,2,1140.585,422899.564,2460.569,423721.067,0.057356759
154.365136803,8.438,8438,5,1316.094,615.984,2460.679,423745.643,0
154.846626353,0.11,110,2,1140.695,422924.14,2468.743,423745.643,0.48148955
155.421041273,8.064,8064,2,1148.759,422956.908,2476.807,423860.331,0.57441492
155.420837371,8.064,8064,5,1324.158,697.904,2477.052,423860.331,0
155.426843879,0.245,245,2,1149.004,422958.076,2477.297,423862.427,0.00600650799998
155.426917392,0.245,245,5,1324.403,698.832,3080.648,423862.427,7.3513000018e-05
155.431316212,522.629,262144,5,1847.032,698.832,3603.277,423862.427,0.00439882000001
155.433963239,1119.357,260485,5,2966.389,735.696,4722.634,423907.483,0.00264702699999
155.429549537,603.351,262144,2,1752.355,422970.364,4722.841,423911.579,0
155.637622431,0.207,207,2,1752.562,422978.556,4723.048,423919.771,0.208072894
155.774296845,0.221,221,2,1752.783,514350.588,4723.269,604341.915,0.136674414
156.775388748,0.221,221,2,1753.004,514358.78,4723.49,604350.107,1.001091903
155.599921045,0.207,207,5,2966.596,89785.808,4723.659,604358.299,0
156.787692411,0.169,169,5,2966.765,89826.768,4723.828,604411.547,1.187771366
156.785653418,0.169,169,2,1753.173,514379.26,4724.074,604427.931,0
156.840578181,0.246,246,2,1753.419,514388.476,4724.32,604437.147,0.054924763
156.813209298,0.246,246,5,2967.011,89843.152,4724.489,604437.147,0
156.857853225,0.169,169,2,1753.588,514391.02,4724.658,604446.859,0.044643927
156.857890368,0.169,169,5,2967.18,89850.32,4732.992,604446.859,3.71429999859e-05
157.234087819,8.334,8334,2,1761.922,514397.532,4741.326,604464.043,0.376197451
157.234489028,8.334,8334,5,2975.514,89860.992,4741.571,604464.043,0.000401209000017
157.238874774,0.245,245,2,1762.167,514398.62,4741.816,604466.459,0.004385746
157.239047096,0.245,245,5,2975.759,89862.32,5528.248,604466.459,0.000172321999997
157.240889911,1048.576,262144,2,2810.743,514398.62,6314.68,604466.459,0.001842815
157.241180174,524.288,262144,5,3500.047,89862.32,6751.728,604466.459,0.000290262999982
157.243098263,437.048,262144,2,3247.791,514398.62,7538.16,604466.459,0.00191808900001
157.244626125,219.488,174904,2,3467.279,514398.62,7757.648,604466.459,0.00152786199999
157.244227173,786.432,262144,5,4286.479,89862.32,7802.232,604466.459,0
157.247765394,524.288,262144,5,4810.767,89862.32,8326.52,604466.459,0.00353822099999
157.245959212,44.584,44584,2,3511.863,514403.74,9614.92,604475.675,0
157.249553769,1288.4,262144,5,6099.167,89870.512,9623.254,604487.963,0.00359455699999
157.553136695,8.334,8334,2,3520.197,514420.124,9631.588,604528.923,0.303582926
157.776393388,0.221,221,2,3520.418,514436.508,9631.809,604545.307,0.223256693
157.848137055,0.11,110,2,3520.528,514456.988,9631.919,604565.787,0.071743667
157.59448829,8.334,8334,5,6107.501,89919.664,9640.253,604590.363,0
157.883663354,8.334,8334,2,3528.862,514469.276,9648.587,604614.939,0.289175064
158.235405591,8.334,8334,2,3537.196,514481.564,9656.921,604627.227,0.351742237
158.54263252,8.334,8334,2,3545.53,514555.292,9665.255,604700.955,0.307226929
158.777449656,0.221,221,2,3545.751,514596.252,9665.476,604741.915,0.234817136
157.958054953,8.334,8334,5,6115.835,89940.144,9665.645,604741.915,0
158.999927357,0.169,169,2,3545.92,514629.02,9665.814,604783.899,1.041872404
158.999949965,0.169,169,5,6116.004,89949.36,9666.035,604792.091,2.26080000232e-05
159.77858536,0.221,221,2,3546.141,514637.212,9674.474,604792.091,0.778635395
159.816836113,8.439,8439,5,6124.443,89968.816,9682.913,604815.643,0.038250753
159.817130201,8.439,8439,2,3554.58,514644.38,9683.158,604819.563,0.000294088000004
159.825564872,0.245,245,2,3554.825,514645.404,9683.403,604820.587,0.008434671
159.821284636,0.245,245,5,6124.688,89970.08,9940.445,604822.539,0
159.827969182,257.042,257042,2,3811.867,514647.948,10368.439,604831.739,0.006684546
159.938937071,0.245,245,2,3812.112,514648.892,10368.684,604832.683,0.110967889
159.941142536,999.462,262144,2,4811.574,514648.892,11368.146,604832.683,0.002205465
159.948026041,295.74,213030,2,5107.314,514648.892,11663.886,604832.683,0.00688350499999
159.901550902,427.994,257042,5,6552.682,89982.368,11746.596,604837.755,0
160.003552505,0.278,278,5,6552.96,89983.552,11746.874,604838.939,0.102001603
160.005293263,1048.576,262144,5,7601.536,89983.552,12795.45,604838.939,0.00174075800001
160.007371734,1048.576,262144,5,8650.112,89983.552,13844.026,604838.939,0.002078471
160.009489226,488.206,262144,5,9138.318,89983.552,14332.232,604838.939,0.002117492
160.010554925,373.932,226062,5,9512.25,89983.552,14706.164,604838.939,0.00106569900001
160.01161909,217.548,147870,5,9729.798,89983.552,14923.712,604838.939,0.001064165
159.949199238,82.71,82710,2,5190.024,514653.132,14993.39,604844.251,0
160.012671654,69.678,69678,5,9799.476,89989.184,15001.829,604850.907,0.063472416
160.184085816,8.439,8439,2,5198.463,514688.972,15010.268,604900.059,0.171414162
160.240281692,8.439,8439,5,9807.915,90013.76,15018.707,604924.635,0.056195876
160.408287831,8.439,8439,2,5206.902,514713.548,15027.146,604938.971,0.168006139
160.616523917,8.439,8439,2,5215.341,514727.884,15035.585,604959.451,0.208236086
160.779609509,0.221,221,2,5215.562,514742.22,15035.806,604973.787,0.163085592
160.820444616,8.439,8439,2,5224.001,514815.948,15044.245,605047.515,0.040835107
160.464208735,8.439,8439,5,9816.354,90026.048,15044.355,605088.475,0
160.84966006,0.11,110,2,5224.111,514856.908,15052.42,605088.475,0.385451325
161.310854469,8.065,8065,5,9824.419,90124.352,15060.485,605211.355,0.461194409
161.311125033,8.065,8065,2,5232.176,514882.364,15060.73,605212.987,0.000270564000004
161.315583426,0.245,245,5,9824.664,90125.472,15444.297,605213.355,0.00445839299999
161.318324596,477.743,262144,5,10302.407,90125.472,15922.04,605213.355,0.00274117000001
161.317599548,383.567,262144,2,5615.743,514888.508,16548.259,605235.883,0
161.321770856,626.219,215599,5,10928.626,90150.048,16548.466,605244.075,0.004171308
161.477807174,0.207,207,2,5615.95,514888.508,16548.673,605244.075,0.156036318
161.780645078,0.221,221,2,5616.171,650494.188,16548.894,859141.211,0.302837904
161.515282799,0.207,207,5,10928.833,214798.496,16549.14,865510.491,0
162.322954282,0.246,246,2,5616.417,650506.476,16549.386,865559.643,0.807671483
162.44691555,0.246,246,5,10929.079,214847.648,16549.555,865559.643,0.123961268
162.457349836,0.169,169,2,5616.586,650518.732,16549.724,865584.187,0.010434286
162.781887403,0.221,221,2,5616.807,650526.924,16549.945,865592.379,0.324537567
162.457477684,0.169,169,5,10929.248,214859.936,16550.114,865592.379,0
162.80418114,0.169,169,2,5616.976,650528.812,16550.283,865597.339,0.346703456
162.804181395,0.169,169,5,10929.417,214863.008,16550.452,865597.339,2.55000003335e-07
162.807747161,0.169,169,2,5617.145,650530.572,16550.621,865601.051,0.00356576600001
162.807919014,0.169,169,5,10929.586,214864.96,16550.79,865601.051,0.000171852999983
162.811101312,0.169,169,2,5617.314,650532.204,16550.959,865604.507,0.00318229800001
162.811205265,0.169,169,5,10929.755,214866.784,16551.128,865604.507,0.000103953000007
162.81626776,0.169,169,2,5617.483,650532.972,16551.297,865606.139,0.00506249499998
162.816404818,0.169,169,5,10929.924,214867.648,16551.438,865606.139,0.000137058000007
162.82060555,0.141,141,2,5617.624,650532.972,16551.579,865606.139,0.00420073200002
162.820704786,0.141,141,5,10930.065,214867.648,16551.72,865606.139,9.92359999827e-05
162.822320342,0.141,141,2,5617.765,650534.06,16551.861,865608.459,0.00161555600002
162.82241263,0.141,141,5,10930.206,214868.88,16560.195,865608.459,9.22879999905e-05
163.201824226,8.334,8334,2,5626.099,650536.892,16568.529,865611.291,0.379411596
163.209303479,0.245,245,2,5626.344,650537.692,16568.774,865614.411,0.00747925299999
163.211019681,786.432,262144,2,6412.776,650537.692,17355.206,865614.411,0.00171620200001
163.212688284,524.288,262144,2,6937.064,650537.692,17879.494,865614.411,0.00166860299998
163.21429807,524.288,262144,2,7461.352,650537.692,18403.782,865614.411,0.00160978600002
163.215909067,454.263,262144,2,7915.615,650537.692,18858.045,865614.411,0.001610997
163.202189867,8.334,8334,5,10938.54,214872.096,19050.164,865615.307,0
163.219506161,0.245,245,5,10938.785,214873.136,19050.409,865616.347,0.017316294
163.222813013,524.288,262144,5,11463.073,214873.136,19574.697,865616.347,0.00330685200001
163.223925114,524.288,262144,5,11987.361,214873.136,20098.985,865616.347,0.00111210099999
163.225008796,2621.44,262144,5,14608.801,214873.136,22720.425,865617.115,0.001083682
163.217513903,192.119,192119,2,8107.734,650541.404,25571.105,865620.923,0
163.229546115,2850.68,262144,5,17459.481,214876.912,25579.439,865625.995,0.012032212
163.510628213,8.334,8334,2,8116.068,650546.54,25587.773,865631.371,0.281082098
163.74951495,8.334,8334,2,8124.402,650562.924,25596.107,865647.755,0.238886737
163.571621705,8.334,8334,5,17467.815,214885.456,25596.328,865662.091,0
163.782965108,0.221,221,2,8124.623,650579.308,25604.662,865735.819,0.211343403
163.851293573,0.11,110,2,8124.733,650595.692,25604.772,865752.203,0.068328465
163.997258354,8.334,8334,2,8133.067,650693.996,25613.106,865883.275,0.145964781
164.275790076,8.334,8334,2,8141.401,650726.764,25621.44,865916.043,0.278531722
164.784053527,0.221,221,2,8141.622,650734.956,25621.661,865924.235,0.508263451
163.847104246,8.334,8334,5,17476.149,214983.76,25621.83,865924.235,0
165.295723481,0.169,169,5,17476.318,215008.336,25621.999,865958.027,1.448619235
165.295525143,0.169,169,2,8141.791,650744.172,25630.438,865958.027,0
165.591344319,8.439,8439,5,17484.757,215015.504,25638.877,865984.651,0.295819176
165.591587478,8.439,8439,2,8150.23,650763.628,25639.122,865984.651,0.000243159000007
165.595544383,0.245,245,2,8150.475,650764.364,25639.367,865986.363,0.003956905
165.595444185,0.245,245,5,17485.002,215016.48,25896.41,865986.363,0
165.597249217,312.814,257043,5,17797.816,215016.48,26209.224,865986.363,0.00180503200002
165.597193338,257.043,257043,2,8407.518,650776.652,26264.995,866000.187,0
165.701799144,0.245,245,2,8407.763,650777.308,26265.24,866000.843,0.104605806
165.704268198,1048.576,262144,2,9456.339,650777.308,27313.816,866000.843,0.00246905399999
165.706327337,524.288,262144,2,9980.627,650777.308,27838.104,866000.843,0.00205913900001
165.708107517,524.288,262144,2,10504.915,650777.308,28362.392,866000.843,0.00178018
165.7095708,350.914,262144,2,10855.829,650777.308,28713.306,866000.843,0.00146328299999
165.600386722,55.771,55771,5,17853.587,215019.024,28802.076,866003.899,0
165.725644622,0.278,278,5,17853.865,215019.92,28802.354,866004.795,0.1252579
165.727338612,1048.576,262144,5,18902.441,215019.92,29850.93,866004.795,0.00169399000001
165.729455871,2621.44,262144,5,21523.881,215019.92,32472.37,866004.795,0.00211725899999
165.711013764,88.77,88770,2,10944.599,650787.548,33997.038,866013.963,0
165.78504117,0.221,221,2,10944.82,650799.324,33997.259,866025.739,0.074027406
165.733429518,1524.668,262144,5,23048.549,215024.16,34005.698,866045.387,0
165.941226107,8.439,8439,2,10953.259,650823.9,34014.137,866056.651,0.207796589
165.96416425,8.439,8439,5,23056.988,215060.0,34022.576,866095.563,0.022938143
166.157242588,8.439,8439,2,10961.698,650836.188,34031.015,866126.283,0.193078338
166.450015987,8.439,8439,2,10970.137,650934.492,34039.454,866224.587,0.292773399
166.678730463,8.439,8439,2,10978.576,650959.068,34047.893,866249.163,0.228714476
166.786024954,0.221,221,2,10978.797,650975.452,34048.114,866265.547,0.107294491
166.852763826,0.11,110,2,10978.907,650991.836,34048.224,866288.075,0.066738872
166.202373957,8.439,8439,5,23065.427,215090.72,34056.289,866288.075,0
167.242713818,8.065,8065,2,10986.972,651002.076,34064.354,866335.179,1.040339861
167.243073463,8.065,8065,5,23073.492,215127.584,34064.599,866335.179,0.000359645000003
167.24665235,0.245,245,5,23073.737,215128.416,34064.844,866336.411,0.003578887
167.246501355,0.245,245,2,10987.217,651002.668,34502.045,866336.603,0
167.248592388,437.201,262144,5,23510.938,215128.416,34885.614,866336.603,0.002091033
167.250092411,219.794,175057,5,23730.732,215128.416,35105.408,866336.603,0.00150002300001
167.248947496,383.569,262144,2,11370.786,651005.74,35150.145,866356.059,0
167.253963379,44.737,44737,5,23775.469,215152.992,35150.352,866364.251,0.005015883
167.401821214,0.207,207,2,11370.993,651013.932,35150.559,866372.443,0.147857835
167.78718599,0.221,221,2,11371.214,818433.132,35150.78,1190454.427,0.385364776
167.443425705,0.207,207,5,23775.676,371815.776,35151.026,1190460.571,0
168.310980466,0.246,246,2,11371.46,818439.276,35151.272,1190509.723,0.867554761
168.340119961,0.246,246,5,23775.922,371864.928,35151.441,1190509.723,0.029139495
168.349931172,0.169,169,2,11371.629,818449.484,35151.61,1190532.219,0.009811211
168.788206724,0.221,221,2,11371.85,818457.676,35151.831,1190540.411,0.438275552
168.350019781,0.169,169,5,23776.091,371877.216,35152.0,1190540.411,0
168.848972628,0.169,169,2,11372.019,818458.636,35152.169,1190543.419,0.498952847
168.848984578,0.169,169,5,23776.26,371879.264,35152.338,1190543.419,1.19499999869e-05
168.850838709,0.169,169,2,11372.188,818460.46,35152.507,1190547.259,0.00185413099999
168.851490907,0.169,169,5,23776.429,371881.28,35152.676,1190547.259,0.000652198000012
168.85464289,0.169,169,2,11372.357,818462.156,35152.845,1190550.843,0.00315198300001
168.854715715,0.169,169,5,23776.598,371883.168,35152.986,1190550.843,7.28249999895e-05
168.858275617,0.141,141,5,23776.739,371884.064,35153.127,1190552.539,0.00355990200001
168.858194609,0.141,141,2,11372.498,818462.956,35161.461,1190552.539,0
169.108727822,8.334,8334,5,23785.073,371887.216,35169.795,1190557.995,0.250533213
169.109012766,8.334,8334,2,11380.832,818466.156,35170.04,1190559.643,0.000284944000015
169.11244805,0.245,245,5,23785.318,371887.968,35170.285,1190559.643,0.00343528400001
169.114077346,0.245,245,2,11381.077,818466.668,37267.437,1190560.155,0.00162929599998
169.114088112,2097.152,262144,5,25882.47,371887.968,38053.869,1190560.155,1.07660000026e-05
169.116786825,524.288,262144,5,26406.758,371887.968,38578.157,1190560.155,0.002698713
169.115936266,786.432,262144,2,12167.509,818466.668,39364.589,1190560.155,0
169.118541181,524.288,262144,2,12691.797,818466.668,39888.877,1190560.155,0.00260491500001
169.118100491,786.432,262144,5,27193.19,371887.968,40413.165,1190560.155,0
169.120669728,524.288,262144,2,13216.085,818466.668,40937.453,1190560.155,0.00256923699999
169.121193194,524.288,262144,5,27717.478,371887.968,41461.741,1190560.155,0.000523466000004
169.123117422,524.288,262144,2,13740.373,818466.668,41986.029,1190560.155,0.00192422800001
169.124292991,524.288,262144,5,28241.766,371887.968,42510.317,1190560.155,0.001175569
169.125422663,524.288,262144,2,14264.661,818466.668,43034.605,1190560.155,0.00112967199999
169.12640453,524.288,262144,5,28766.054,371887.968,43558.893,1190560.155,0.000981867000007
169.127485935,524.288,262144,2,14788.949,818466.668,44083.181,1190560.155,0.00108140500001
169.130197314,331.095,262144,2,15120.044,818466.668,44414.276,1190560.155,0.00271137899998
169.129646321,524.288,262144,5,29290.342,371887.968,44483.227,1190560.155,0
169.132823559,524.288,262144,5,29814.63,371887.968,45007.515,1190560.155,0.00317723800001
169.136001225,524.288,262144,5,30338.918,371887.968,45531.803,1190560.155,0.003177666
169.132266391,68.951,68951,2,15188.995,818470.444,46063.959,1190568.139,0
169.138246533,532.156,262144,5,30871.074,371892.176,46072.293,1190568.139,0.005980142
169.439234914,8.334,8334,2,15197.329,818478.988,46080.627,1190579.755,0.300988381
169.44027553,8.334,8334,5,30879.408,371928.016,46088.961,1190678.059,0.00104061600001
169.701260638,8.334,8334,2,15205.663,818552.716,46097.295,1190702.635,0.260985108
169.789207796,0.221,221,2,15205.884,818569.1,46097.516,1190719.019,0.087947158
169.854271792,0.11,110,2,15205.994,818610.06,46097.626,1190759.979,0.065063996
169.954961978,8.334,8334,2,15214.328,818634.636,46105.96,1190792.747,0.100690186
170.262363782,8.334,8334,2,15222.662,818655.116,46114.294,1190813.227,0.307401804
170.790290889,0.221,221,2,15222.883,818663.308,46114.515,1190821.419,0.527927107
169.708453541,8.334,8334,5,30887.742,371952.592,46122.954,1190821.419,0
171.775210268,8.439,8439,2,15231.322,818761.612,46131.393,1190925.867,2.066756727
171.7754557,8.439,8439,5,30896.181,371962.832,46131.638,1190929.963,0.000245432000014
171.778831384,0.245,245,2,15231.567,818762.06,46131.883,1190930.875,0.00337568399999
171.779275979,0.245,245,5,30896.426,371963.52,46388.924,1190931.099,0.000444595000005
171.780435772,257.041,257041,2,15488.608,818786.636,46645.965,1190957.723,0.001159793
171.791467305,0.221,221,2,15488.829,818803.02,46646.186,1190974.107,0.011031533
171.884691816,0.245,245,2,15489.074,818803.388,46646.431,1190974.475,0.093224511
171.88625026,1048.576,262144,2,16537.65,818803.388,47695.007,1190974.475,0.00155844400001
171.780780529,257.041,257041,5,31153.467,371966.592,48219.295,1190975.499,0
171.88848272,524.288,262144,2,17061.938,818803.388,48219.54,1190975.499,0.107702191
171.890675118,524.288,262144,2,17586.226,818803.388,48743.828,1190975.915,0.00219239799998
171.888905882,0.245,245,5,31153.712,371967.2,49251.444,1190976.107,0
171.892881435,507.616,262144,2,18093.842,818803.388,50037.876,1190976.107,0.003975553
171.894605549,786.432,262144,5,31940.144,371967.2,50283.348,1190976.107,0.00172411400001
171.898239872,786.432,262144,5,32726.576,371967.2,51069.78,1190976.107,0.003634323
171.903107283,786.432,262144,5,33513.008,371967.2,51856.212,1190976.107,0.00486741099999
171.904584076,524.288,262144,5,34037.296,371967.2,52380.5,1190976.107,0.00147679299999
171.906064248,524.288,262144,5,34561.584,371967.2,52904.788,1190980.203,0.00148017200002
171.907691627,524.288,262144,5,35085.872,371967.2,53429.076,1190980.203,0.00162737899998
171.909150483,364.264,262144,5,35450.136,371967.2,53793.34,1190980.203,0.001458856
171.89495747,245.472,245472,2,18339.314,818811.58,53895.46,1190985.291,0
171.910581031,102.12,102120,5,35552.256,371971.552,53903.899,1191021.419,0.015623561
172.144035821,8.439,8439,2,18347.753,818860.732,53912.338,1191041.899,0.23345479
172.147766459,8.439,8439,5,35560.695,371980.768,53920.777,1191059.307,0.00373063800001
172.34658037,8.439,8439,2,18356.192,818889.404,53929.216,1191108.459,0.198813911
172.552189037,8.439,8439,2,18364.631,818987.708,53937.655,1191223.147,0.205608667
172.752238958,8.439,8439,2,18373.07,819012.284,53946.094,1191247.723,0.200049921
172.79266268,0.221,221,2,18373.291,819028.668,53946.315,1191264.107,0.040423722
172.855701239,0.11,110,2,18373.401,819040.956,53946.425,1191276.395,0.063038559
172.36848549,8.439,8439,5,35569.134,372029.92,53946.594,1191276.395,0
173.319352536,0.169,169,2,18373.57,819053.244,53946.763,1191307.115,0.950867046
173.319356813,0.169,169,5,35569.303,372048.352,53954.828,1191307.115,4.27700001637e-06
173.417049497,8.065,8065,2,18381.635,819089.084,53962.893,1191379.819,0.097692684
173.417391463,8.065,8065,5,35577.368,372085.216,53963.138,1191379.819,0.000341966000008
173.420332631,0.245,245,2,18381.88,819089.196,53963.383,1191380.475,0.00294116800001
173.420577534,0.245,245,5,35577.613,372085.76,54225.527,1191380.475,0.000244902999981
173.42224572,383.567,262144,2,18765.447,819113.772,54730.517,1191421.435,0.00166818600002
173.422266327,383.567,262144,5,35961.18,372110.336,54730.724,1191429.627,2.0606999982e-05
173.573219082,0.207,207,2,18765.654,819121.964,54730.931,1191437.819,0.150952755
173.588840319,0.207,207,5,35961.387,517222.4,54731.152,1478462.971,0.015621237
173.793640232,0.221,221,2,18765.875,961035.052,54731.398,1478512.123,0.204799913
174.639027856,0.246,246,2,18766.121,961084.204,54731.644,1478561.275,0.845387624
174.565389953,0.246,246,5,35961.633,517271.552,54731.813,1478561.275,0
174.652494308,0.169,169,2,18766.29,961104.684,54731.982,1478594.043,0.087104355
174.65249462,0.169,169,5,35961.802,517283.84,54732.203,1478602.235,3.11999997393e-07
174.794852594,0.221,221,2,18766.511,961112.876,54740.537,1478602.235,0.142357974
175.108688009,8.334,8334,2,18774.845,961148.716,54748.871,1478673.915,0.313835415
175.108440751,8.334,8334,5,35970.136,517319.68,54749.116,1478673.915,0
175.112103472,0.245,245,5,35970.381,517320.144,54749.361,1478674.379,0.00366272100001
175.1120533,0.245,245,2,18775.09,961148.716,55011.505,1478674.379,0
175.11380286,786.432,262144,5,36756.813,517320.144,56584.369,1478674.379,0.00174955999998
175.113803675,1048.576,262144,2,19823.666,961148.716,57108.657,1478674.379,8.15000021248e-07
175.116002834,524.288,262144,5,37281.101,517320.144,57895.089,1478674.379,0.00219915899999
175.11822701,786.432,262144,2,20610.098,961148.716,58419.377,1478674.379,0.002224176
175.121421111,524.288,262144,2,21134.386,961148.716,58943.665,1478674.379,0.00319410099999
175.120766795,524.288,262144,5,37805.389,517320.144,59467.953,1478674.379,0
175.124830144,524.288,262144,5,38329.677,517320.144,59992.241,1478674.379,0.00406334899998
175.124537085,524.288,262144,2,21658.674,961148.716,60516.529,1478674.379,0
175.127686114,524.288,262144,5,38853.965,517320.144,61040.817,1478674.379,0.00314902900001
175.129142327,524.288,262144,2,22182.962,961148.716,61565.105,1478674.379,0.00145621300001
175.130308452,524.288,262144,5,39378.253,517320.144,61892.055,1478674.379,0.001166125
175.133368002,326.95,262144,2,22509.912,961148.716,62678.487,1478674.379,0.00305954999999
175.135179046,786.432,262144,5,40164.685,517320.144,62743.293,1478674.379,0.00181104399999
175.140560956,425.414,262144,5,40590.099,517320.144,63168.707,1478674.379,0.00538191000001
175.13639635,64.806,64806,2,22574.718,961173.292,63331.977,1478715.339,0
175.144207643,163.27,163270,5,40753.369,517344.72,63340.311,1478729.675,0.00781129299997
175.485205717,8.334,8334,5,40761.703,517357.008,63348.645,1478741.963,0.340998074
175.458700777,8.334,8334,2,22583.052,961185.58,63356.979,1478813.643,0
175.770442904,8.334,8334,2,22591.386,961259.308,63365.313,1478887.371,0.311742127
175.795851894,0.221,221,2,22591.607,961275.692,63365.534,1478903.755,0.02540899
175.857403975,0.11,110,2,22591.717,961316.652,63365.644,1478944.715,0.061552081
176.040582562,8.334,8334,2,22600.051,961341.228,63373.978,1479002.059,0.183178587
176.341548672,8.334,8334,2,22608.385,961361.708,63382.312,1479022.539,0.30096611
175.767796157,8.334,8334,5,40770.037,517471.696,63382.533,1479047.115,0
176.796933279,0.221,221,2,22608.606,961369.9,63382.674,1479047.115,1.029137122
177.45144078,0.141,141,2,22608.747,961435.436,63382.815,1479120.843,0.654507501
177.451440745,0.141,141,5,40770.178,517479.888,63382.984,1479120.843,0
177.457044565,0.169,169,2,22608.916,961476.396,63383.153,1479166.923,0.00560381999998
177.457129441,0.169,169,5,40770.347,517485.008,63383.322,1479166.923,8.48760000167e-05
177.470961101,0.169,169,2,22609.085,961494.828,63383.491,1479187.899,0.01383166
177.471148766,0.169,169,5,40770.516,517487.552,63383.66,1479187.899,0.000187664999999
177.474412117,0.169,169,2,22609.254,961497.9,63383.829,1479191.947,0.00326335100002
177.474501046,0.169,169,5,40770.685,517488.528,63383.998,1479191.947,8.89289999861e-05
177.475631496,0.169,169,2,22609.423,961499.436,63384.167,1479194.427,0.00113045000001
177.475739341,0.169,169,5,40770.854,517489.472,63384.336,1479194.427,0.000107845000002
177.476795576,0.169,169,2,22609.592,961501.42,63384.505,1479198.203,0.00105623499999
177.476910309,0.169,169,5,40771.023,517491.264,63392.944,1479198.203,0.000114733000004
177.662516177,8.439,8439,5,40779.462,517494.32,63401.383,1479203.595,0.185605868
177.662253379,8.439,8439,2,22618.031,961505.804,63401.628,1479205.787,0
177.665475851,0.245,245,5,40779.707,517494.72,63401.873,1479206.043,0.003222472
177.666169672,0.245,245,2,22618.276,961505.932,63658.915,1479206.171,0.000693820999999
177.666962117,257.042,257042,5,41036.749,517496.544,63915.957,1479209.019,0.000792445000002
177.780735307,0.245,245,5,41036.994,517496.768,63916.202,1479209.243,0.11377319
177.782201557,1048.576,262144,5,42085.57,517496.768,64964.778,1479209.243,0.00146625000002
177.784708629,524.288,262144,5,42609.858,517496.768,65489.066,1479209.243,0.00250707199999
177.786907494,524.288,262144,5,43134.146,517496.768,66013.354,1479209.243,0.002198865
177.789111408,524.288,262144,5,43658.434,517496.768,66537.642,1479209.243,0.00220391400001
177.791175888,524.288,262144,5,44182.722,517496.768,67061.93,1479209.243,0.00206448
177.793236299,331.183,262144,5,44513.905,517496.768,67393.113,1479209.243,0.002060411
177.667805172,257.042,257042,2,22875.318,961515.148,67462.152,1479217.435,0
177.797936231,0.221,221,2,22875.539,961524.332,67462.373,1479227.483,0.130131059
177.817867775,0.278,278,2,22875.817,961524.684,67462.651,1479227.835,0.019931544
177.819724004,1048.576,262144,2,23924.393,961524.684,68511.227,1479227.835,0.001856229
177.822391518,524.288,262144,2,24448.681,961524.684,69035.515,1479227.835,0.002667514
177.824588913,524.288,262144,2,24972.969,961524.684,69559.803,1479227.835,0.00219739500002
177.82679055,524.288,262144,2,25497.257,961524.684,70084.091,1479227.835,0.00220163699998
177.828992489,708.646,262144,2,26205.903,961524.684,70792.737,1479227.835,0.002201939
177.795113939,69.039,69039,5,44582.944,517500.96,70983.408,1479232.123,0
177.83148138,190.671,190671,2,26396.574,961528.892,70991.847,1479237.771,0.036367441
178.025622327,8.439,8439,5,44591.383,517509.504,71000.286,1479246.987,0.194140947
178.085620314,8.439,8439,2,26405.013,961564.732,71008.725,1479345.291,0.059997987
178.292742313,8.439,8439,2,26413.452,961589.308,71017.164,1479402.635,0.207121999
178.53162718,8.439,8439,2,26421.891,961601.596,71025.603,1479414.923,0.238884867
178.759923264,8.439,8439,2,26430.33,961675.324,71034.042,1479488.651,0.228296084
178.800729659,0.221,221,2,26430.551,961691.708,71034.263,1479505.035,0.040806395
178.227601908,8.439,8439,5,44599.822,517607.808,71034.373,1479545.995,0
178.859105639,0.11,110,2,26430.661,961732.668,71042.438,1479545.995,0.631503731
179.250061897,8.065,8065,2,26438.726,961757.244,71050.503,1479570.571,0.390956258
179.253131971,0.245,245,2,26438.971,961757.244,71050.748,1479570.571,0.00307007399999
179.249800329,8.065,8065,5,44607.887,517632.384,71434.314,1479599.243,0
179.261753534,0.278,278,5,44608.165,517632.384,71434.592,1479599.243,0.011953205
179.263523467,383.566,262144,5,44991.731,517638.528,71818.158,1479605.387,0.00176993299999
179.254598695,383.566,262144,2,26822.537,961763.388,71818.365,1479607.435,0
179.446649383,0.207,207,2,26822.744,961771.58,71818.572,1479615.627,0.192050688
179.433477927,0.207,207,5,44991.938,660016.944,71818.793,1775994.363,0
179.80168081,0.221,221,2,26822.965,1115771.9,71819.039,1776006.651,0.368202883
180.364684232,0.246,246,2,26823.211,1115784.188,71819.285,1776018.939,0.563003422
180.277399693,0.246,246,5,44992.184,660029.232,71819.454,1776018.939,0
180.378560915,0.169,169,2,26823.38,1115795.452,71819.623,1776033.275,0.101161222
180.802661358,0.221,221,2,26823.601,1115803.644,71819.844,1776041.467,0.424100443
180.378641825,0.169,169,5,44992.353,660032.304,71828.178,1776041.467,0
180.849747511,8.334,8334,2,26831.935,1115814.316,71836.512,1776054.619,0.471105686
180.85002961,8.334,8334,5,45000.687,660042.976,71836.757,1776062.811,0.000282099000003
180.852815512,0.245,245,2,26832.18,1115814.316,71837.002,1776062.811,0.002785902
180.853389335,0.245,245,5,45000.932,660043.104,73409.866,1776062.939,0.000573822999996
180.85419928,1572.864,262144,2,28405.044,1115814.316,74458.442,1776062.939,0.000809944999986
180.857277584,786.432,262144,2,29191.476,1115814.316,75244.874,1776062.939,0.00307830400001
180.855179632,1048.576,262144,5,46049.508,660043.104,76031.306,1776062.939,0
180.860654124,786.432,262144,2,29977.908,1115814.316,76817.738,1776062.939,0.00547449200002
180.864211726,786.432,262144,5,46835.94,660043.104,77604.17,1776062.939,0.003557602
180.865464223,786.432,262144,2,30764.34,1115814.316,78390.602,1776062.939,0.001252497
180.871113738,632.612,262144,2,31396.952,1115814.316,79023.214,1776062.939,0.00564951499999
180.870180434,786.432,262144,5,47622.372,660043.104,79176.62,1776062.939,0
180.87639429,786.432,262144,5,48408.804,660043.104,79963.052,1776062.939,0.00621385600002
180.881306568,771.814,262144,5,49180.618,660043.104,80734.866,1776062.939,0.00491227800001
180.875153341,153.406,153406,2,31550.358,1115822.508,80982.392,1776075.227,0
180.886700473,247.526,247526,5,49428.144,660051.296,80990.726,1776112.091,0.011547132
181.173777239,8.334,8334,2,31558.692,1115871.66,80999.06,1776161.243,0.287076766
181.210017442,8.334,8334,5,49436.478,660100.448,81007.394,1776189.915,0.036240203
181.492414312,8.334,8334,2,31567.026,1115892.14,81015.728,1776210.395,0.28239687
181.751045252,8.334,8334,2,31575.36,1115906.476,81024.062,1776224.731,0.25863094
181.803650262,0.221,221,2,31575.581,1115922.86,81024.283,1776241.115,0.05260501
181.86076169,0.111,111,2,31575.692,1115937.196,81024.394,1776263.643,0.057111428
182.050835346,8.334,8334,2,31584.026,1116060.076,81032.728,1776386.523,0.190073656
182.804735302,0.221,221,2,31584.247,1116068.268,81032.949,1776394.715,0.753899956
181.508990772,8.334,8334,5,49444.812,660120.928,81033.118,1776394.715,0
183.004116448,0.169,169,2,31584.416,1116080.556,81033.287,1776416.219,1.495125676
183.004144801,0.169,169,5,49444.981,660130.144,81033.456,1776416.219,2.83530000047e-05
183.007691066,0.169,169,2,31584.585,1116083.628,81033.625,1776421.835,0.00354626500001
183.007770405,0.169,169,5,49445.15,660132.688,81033.794,1776421.835,7.93389999956e-05
183.011139515,0.169,169,5,49445.319,660134.608,81033.963,1776425.707,0.00336910999999
183.010617212,0.169,169,2,31584.754,1116085.58,81042.402,1776425.707,0
183.360760998,8.439,8439,5,49453.758,660137.888,81050.841,1776433.355,0.350143786
183.361040714,8.439,8439,2,31593.193,1116089.948,81051.086,1776433.355,0.000279716000023
183.363911412,0.245,245,2,31593.438,1116090.076,81051.331,1776433.835,0.00287069799998
183.363856322,0.245,245,5,49454.003,660138.24,81308.373,1776433.835,0
183.365407352,257.042,257042,5,49711.045,660140.192,81565.415,1776436.811,0.00155103
183.467824509,0.245,245,5,49711.29,660140.192,81565.66,1776436.811,0.102417157
183.365405736,257.042,257042,2,31850.48,1116092.092,82876.38,1776437.803,0
183.469503747,1310.72,262144,5,51022.01,660140.192,82876.625,1776437.803,0.104098011
183.47260628,786.432,262144,5,51808.442,660140.192,83663.057,1776438.043,0.003102533
183.470848216,0.245,245,2,31850.725,1116092.444,84449.489,1776438.155,0
183.475392499,786.432,262144,5,52594.874,660140.192,85760.209,1776438.155,0.004544283
183.478196175,786.432,262144,5,53381.306,660140.192,86546.641,1776438.155,0.00280367599998
183.477521805,1310.72,262144,2,33161.445,1116092.444,87058.431,1776438.155,0
183.481395289,511.79,262144,5,53893.096,660140.192,87844.863,1776438.155,0.003873484
183.486037831,786.432,262144,2,33947.877,1116092.444,87937.858,1776438.155,0.004642542
183.493153884,786.432,262144,2,34734.309,1116092.444,88724.29,1776438.155,0.007116053
183.49731948,786.432,262144,2,35520.741,1116092.444,89510.722,1776438.155,0.00416559599998
183.499963967,532.062,262144,2,36052.803,1116092.444,90042.784,1776439.083,0.00264448700003
183.486885681,92.995,92995,5,53986.091,660143.808,90145.915,1776442.731,0
183.502454875,103.131,103131,2,36155.934,1116096.652,90154.354,1776448.539,0.015569194
183.74822311,8.439,8439,2,36164.373,1116107.916,90162.793,1776459.803,0.245768235
183.733644868,8.439,8439,5,53994.53,660162.752,90163.014,1776484.379,0
183.805740813,0.221,221,2,36164.594,1116148.876,90171.453,1776529.435,0.072095945
183.977353744,8.439,8439,2,36173.033,1116173.452,90179.892,1776562.203,0.171612931
184.184450837,8.439,8439,2,36181.472,1116185.74,90188.331,1776574.491,0.207097093
184.411868658,8.439,8439,2,36189.911,1116292.236,90196.77,1776680.987,0.227417821
184.80680079,0.221,221,2,36190.132,1116308.62,90196.991,1776697.371,0.394932132
183.930447941,8.439,8439,5,54002.969,660183.232,90197.102,1776705.563,0
184.862424509,0.111,111,2,36190.243,1116316.812,90205.167,1776705.563,0.931976568
184.973443947,8.065,8065,5,54011.034,660193.472,90213.232,1776740.379,0.111019438
184.973696914,8.065,8065,2,36198.308,1116341.388,90213.477,1776740.379,0.000252966999994
184.976639564,0.245,245,5,54011.279,660193.472,90213.722,1776740.379,0.00294265000002
184.976743011,0.245,245,2,36198.553,1116341.388,90475.866,1776740.379,0.000103446999987
184.978177722,383.568,262144,5,54394.847,660196.544,90980.858,1776747.547,0.001434711
184.978180684,383.568,262144,2,36582.121,1116347.532,90981.065,1776749.595,2.96199999639e-06
185.139153928,0.207,207,2,36582.328,1184102.972,90981.272,1934223.115,0.160973244
185.125335688,0.207,207,5,54395.054,765655.552,90981.493,1990772.491,0
185.808457879,0.221,221,2,36582.549,1231792.7,90981.739,1997659.915,0.683122191
186.041566069,0.246,246,2,36582.795,1231800.892,90981.985,1997668.107,0.23310819
185.926862722,0.246,246,5,54395.3,765661.696,90982.154,1997668.107,0
186.053939296,0.169,169,2,36582.964,1231808.06,90982.323,1997677.291,0.127076574
186.054013048,0.169,169,5,54395.469,765663.712,90990.657,1997677.291,7.37519999916e-05
186.652743457,8.334,8334,5,54403.803,765670.208,90998.991,1997686.267,0.598730409
186.652492148,8.334,8334,2,36591.298,1231818.732,90999.236,1997694.459,0
186.65599982,0.245,245,5,54404.048,765670.336,90999.481,1997694.587,0.00350767200001
186.656900759,0.245,245,2,36591.543,1231818.732,92572.345,1997694.587,0.00090093899999
186.657525749,1572.864,262144,5,55976.912,765670.336,93883.065,1997694.587,0.000624990000006
186.660897696,786.432,262144,5,56763.344,765670.336,94669.497,1997694.587,0.00337194700001
186.66392354,786.432,262144,5,57549.776,765670.336,95455.929,1997694.587,0.00302584400001
186.659109907,1310.72,262144,2,37902.263,1231818.732,96242.361,1997694.587,0
186.66792381,786.432,262144,5,58336.208,765670.336,97028.793,1997694.587,0.008813903
186.67222965,786.432,262144,5,59122.64,765670.336,97815.225,1997694.587,0.00430584
186.670175636,786.432,262144,2,38688.695,1231818.732,98326.423,1997694.587,0
186.677603639,786.432,262144,2,39475.127,1231818.732,99112.855,1997694.587,0.007428003
186.676858034,511.198,262144,5,59633.838,765670.336,99899.287,1997694.587,0
186.683121111,786.432,262144,2,40261.559,1231818.732,99991.986,1997694.587,0.006263077
186.689183892,786.432,262144,2,41047.991,1231818.732,100778.418,1997694.587,0.006062781
186.695101832,335.963,262144,2,41383.954,1231831.02,101114.381,1997708.923,0.00591794000002
186.683475803,92.699,92699,5,59726.537,765675.456,101114.602,1997720.187,0
186.810193743,0.221,221,2,41384.175,1231843.308,101122.936,1997740.667,0.12671794
187.005949667,8.334,8334,5,59734.871,765708.224,101131.27,1997789.819,0.195755924
187.03682104,8.334,8334,2,41392.509,1231892.46,101139.604,1997871.739,0.030871373
187.288826117,8.334,8334,2,41400.843,1231912.94,101147.938,1997924.987,0.252005077
187.582537013,8.334,8334,2,41409.177,1231927.276,101156.272,1997939.323,0.293710896
187.81117284,0.221,221,2,41409.398,1231941.612,101156.493,1997953.659,0.228635827
187.833497601,8.334,8334,2,41417.732,1232015.34,101164.827,1998027.387,0.022324761
187.26233333,8.334,8334,5,59743.205,765806.528,101164.938,1998068.347,0
187.864136598,0.111,111,2,41417.843,1232056.3,101165.068,1998068.347,0.601803268
188.237116087,0.13,130,2,41417.973,1232064.492,101165.198,1998076.539,0.372979489
188.273576871,0.123,123,2,41418.096,1232080.876,101165.321,1998092.923,0.036460784
188.377214592,0.123,123,2,41418.219,1232113.644,101165.444,1998125.691,0.103637721
188.382599729,0.243,243,2,41418.462,1232130.028,101165.687,1998142.075,0.00538513699999
