time,size,first_call,destination,dest_out_traffic,dest_in_traffic,total_network_out,total_network_in,dens10
3.697818006,0.244,244,2,0.244,24.797,0.244,26.845,0
3.740579729,0.183,183,2,0.427,41.181,0.427,43.229,0.042761723
4.751138684,0.183,183,2,0.61,57.565,0.61,59.613,1.010558955
5.752461929,0.183,183,2,0.793,73.949,0.793,75.997,1.001323245
6.753353739,0.183,183,2,0.976,90.333,0.976,92.381,1.00089181
7.754069595,0.183,183,2,1.159,106.717,1.159,108.765,1.000715856
8.754826879,0.183,183,2,1.342,123.101,1.342,125.149,1.000757284
9.755504947,0.183,183,2,1.525,139.485,1.525,141.533,1.000678068
10.756164713,0.183,183,2,1.708,155.869,1.708,157.917,1.000659766
11.756982538,0.183,183,2,1.891,172.253,1.891,174.301,1.000817825
12.757633615,0.183,183,2,2.074,188.637,2.074,190.685,1.000651077
13.758295656,0.183,183,2,2.257,205.021,2.257,207.069,1.000662041
14.760821744,0.183,183,2,2.44,221.405,2.44,223.453,1.002526088
15.761428374,0.183,183,2,2.623,237.789,2.623,239.837,1.00060663
16.762137375,0.183,183,2,2.806,254.173,2.806,256.221,1.000709001
17.76275647,0.183,183,2,2.989,270.557,2.989,272.605,1.000619095
18.764702688,0.183,183,2,3.172,286.941,3.172,288.989,1.001946218
20.473242036,0.268,268,7,0.268,8.452,3.789,308.365,1.708539348
19.765471811,0.183,183,2,3.355,303.325,4.042,324.749,0
20.788566769,0.219,219,2,3.574,336.093,4.261,357.517,1.023094958
21.002027014,0.283,283,2,3.857,352.477,4.544,373.901,0.213460245
21.044660596,0.207,207,2,4.064,368.861,4.751,390.285,0.042633582
21.0899293,0.102,102,2,4.166,377.053,4.853,398.477,0.045268704
20.512329384,0.253,253,7,0.521,24.836,4.979,42727.77,0
21.523845114,0.291,291,7,0.812,25.123,5.27,43048.033,1.01151573
21.116337798,0.126,126,2,4.292,58941.841,5.504,58979.936,0
21.526366508,0.234,234,7,1.046,41.507,5.723,104435.475,0.41002871
22.527301029,0.405,405,7,1.451,41.908,6.128,104519.945,1.000934521
21.790556412,0.219,219,2,4.511,121738.911,6.358,121793.791,0
22.529431584,0.23,230,7,1.681,58.292,6.577,170399.84,0.738875172
22.796201547,0.219,219,2,4.73,187486.44,7.092,187558.215,0.266769963
23.530364847,0.515,515,7,2.196,75.187,7.311,234257.74,0.7341633
23.80178984,0.219,219,2,4.949,250497.857,7.826,250586.527,0.271424993
24.531622292,0.515,515,7,2.711,92.082,8.045,295267.312,0.729832452
24.807317762,0.219,219,2,5.168,315828.506,8.56,315934.071,0.27569547
25.5333615,0.515,515,7,3.226,108.977,8.779,442289.639,0.726043738
25.812269325,0.219,219,2,5.387,458590.629,9.294,458713.089,0.278907825
26.639151284,0.126,126,2,5.513,483008.493,9.42,483130.953,0.826881959
26.535353579,0.515,515,7,3.741,125.872,9.639,612130.206,0
26.816123434,0.219,219,2,5.732,624067.519,10.154,624206.874,0.280769855
27.819083574,0.219,219,2,5.951,624083.903,10.373,624223.258,1.00296014
28.182964488,0.174,174,2,6.125,624100.287,10.547,624239.642,0.363880914
28.184235923,0.188,188,2,6.313,624108.479,10.735,624247.834,0.001271435
27.538592399,0.515,515,7,4.256,142.767,10.859,624479.834,0
28.186465746,0.124,124,2,6.437,624340.479,11.51,624496.865,0.647873347
28.190453145,0.651,651,7,4.907,159.798,11.68,624521.441,0.003987399
28.217724179,0.17,170,2,6.607,624356.863,12.177,624521.934,0.027271034
28.219627887,0.184,184,2,6.791,624365.055,12.361,624538.318,0.001903708
28.218579444,0.497,497,7,5.404,176.675,12.485,624580.399,0
28.221279644,0.124,124,2,6.915,624407.136,12.864,624597.158,0.0027002
28.2341085,0.379,379,7,5.783,193.434,13.083,624613.542,0.012828856
29.235647718,0.156,156,7,5.939,209.97,13.239,624630.078,1.001539218
28.820518989,0.219,219,2,7.134,624423.52,13.395,624646.614,0
19.9385331,0.166,166,4,0.166,2.732,13.614,624655.83,0
30.410430371,0.176,176,4,0.342,3.756,13.79,624656.854,10.471897271
30.442909497,0.154,154,4,0.496,6.828,13.944,624659.926,0.032479126
30.584144715,0.17,170,4,0.666,7.852,14.114,624660.95,0.141235218
29.821817725,0.219,219,2,7.353,624439.904,14.286,624670.678,0
30.616756254,0.172,172,4,0.838,9.388,14.505,624678.87,0.794938529
30.958226224,0.177,177,4,1.015,10.396,14.682,624679.878,0.34146997
30.984969715,0.176,176,4,1.191,11.372,14.858,624680.854,0.026743491
31.002950212,1.53,1530,4,2.721,12.78,16.388,624682.262,0.017980497
31.061367826,1.256,1256,4,3.977,13.676,17.644,624683.158,0.058417614
30.823002087,0.219,219,2,7.572,624456.288,17.815,624691.782,0
31.823962691,0.219,219,2,7.791,624472.672,18.034,624708.166,1.000960604
32.824938669,0.219,219,2,8.01,624489.056,18.253,624724.55,1.000975978
33.825549446,0.219,219,2,8.229,624505.44,18.472,624740.934,1.000610777
34.826158373,0.219,219,2,8.448,624521.824,18.691,624757.318,1.000608927
35.827250609,0.219,219,2,8.667,624538.208,18.91,624773.702,1.001092236
36.827875904,0.219,219,2,8.886,624554.592,19.129,624790.086,1.000625295
37.828536616,0.219,219,2,9.105,624570.976,19.348,624806.47,1.000660712
38.829165936,0.219,219,2,9.324,624587.36,19.567,624822.854,1.00062932
39.829858224,0.219,219,2,9.543,624603.744,19.786,624839.238,1.000692288
40.830532894,0.219,219,2,9.762,624620.128,20.005,624855.622,1.00067467
41.83118638,0.219,219,2,9.981,624636.512,20.224,624872.006,1.000653486
42.831731532,0.219,219,2,10.2,624652.896,20.443,624888.39,1.000545152
43.832290997,0.219,219,2,10.419,624669.28,20.662,624904.774,1.000559465
44.832863006,0.219,219,2,10.638,624685.664,20.881,624921.158,1.000572009
45.833471758,0.219,219,2,10.857,624702.048,21.1,624937.542,1.000608752
31.071550282,0.171,171,4,4.148,14.108,21.32,624945.734,0
46.834181768,0.22,220,2,11.077,624718.432,21.659,624954.774,15.762631486
47.834855794,0.22,220,2,11.297,624734.816,21.879,624971.158,1.000674026
48.835461212,0.22,220,2,11.517,624751.2,22.099,624987.542,1.000605418
47.734518975,0.339,339,4,4.487,24.092,22.319,625004.87,0
49.930577531,1.575,1575,4,6.062,24.092,23.894,625004.87,2.196058556
50.046062597,0.286,286,4,6.348,32.284,24.18,625013.062,0.115485066
50.163596226,0.189,189,4,6.537,33.308,24.369,625014.086,0.117533629
50.554802539,0.286,286,4,6.823,78.86,24.655,625059.638,0.391206313
49.836061139,0.22,220,2,11.737,624767.584,24.844,625068.806,0
51.559019732,0.23,230,8,0.23,40.96,25.294,625120.006,1.722958593
50.837187222,0.22,220,2,11.957,624775.776,25.546,625527.423,0
51.838749075,0.22,220,2,12.177,624792.16,25.766,634067.224,1.001561853
52.839971863,0.22,220,2,12.397,624808.544,25.986,646373.186,1.001222788
53.841161239,0.22,220,2,12.617,624824.928,26.206,658150.564,1.001189376
54.842442184,0.22,220,2,12.837,624841.312,26.426,670786.891,1.001280945
55.84361682,0.22,220,2,13.057,624857.696,26.646,683819.656,1.001174636
50.563809094,0.189,189,4,7.012,79.836,26.866,694862.039,0
56.84470336,0.22,220,2,13.277,624874.08,29.379,696324.317,6.280894266
57.846107767,0.22,220,2,13.497,624890.464,29.599,709621.374,1.001404407
58.847309795,0.22,220,2,13.717,624906.848,29.819,723248.796,1.001202028
59.84848843,0.22,220,2,13.937,624923.232,30.039,736611.926,1.001178635
60.849531362,0.22,220,2,14.157,624939.616,30.259,749512.545,1.001042932
51.66027812,0.15,150,9,0.15,135650.656,30.479,760951.366,0
61.850698521,0.22,220,2,14.377,624956.0,30.629,761025.631,10.190420401
57.745594058,2.513,2513,4,9.525,80.316,30.849,761033.823,0
62.853757732,2.581,2581,4,12.106,89.228,33.43,761042.735,5.108163674
51.632858168,0.102,102,8,0.332,73.728,35.005,761067.311,0
62.760618334,0.15,150,9,0.3,135716.729,35.235,761075.503,11.127760166
62.851797057,0.22,220,2,14.597,624972.384,35.385,771086.355,0.091178723
63.853083231,0.22,220,2,14.817,624988.768,35.605,784119.12,1.001286174
64.85411581,0.22,220,2,15.037,625005.152,35.825,796557.228,1.001032579
65.854983931,0.22,220,2,15.257,625021.536,36.045,809656.066,1.000868121
62.863995201,1.575,1575,4,13.681,89.228,36.265,821094.887,0
66.856101105,0.22,220,2,15.477,625037.92,38.778,822690.879,3.992105904
67.857566692,0.22,220,2,15.697,625054.304,38.998,836186.155,1.001465587
68.858748253,0.22,220,2,15.917,625070.688,39.218,849086.774,1.001181561
69.859745255,0.22,220,2,16.137,625087.072,39.438,862317.758,1.000997002
70.860743777,0.22,220,2,16.357,625103.456,39.658,874821.939,1.000998522
71.861767649,0.22,220,2,16.577,625119.84,39.878,888185.069,1.001023872
62.930270698,0.15,150,9,0.45,271258.089,40.098,896782.751,0
67.723808436,2.513,2513,4,16.194,91.276,40.248,896848.824,4.793537738
73.56908991,2.538,2538,4,18.732,108.172,42.786,896865.72,5.845281474
62.927431555,0.23,230,8,0.562,106.496,44.361,896890.296,0
73.587977755,0.23,230,8,0.792,122.88,44.591,896906.68,10.6605462
73.510845977,0.15,150,9,0.6,271324.162,44.735,896914.872,0
72.862529646,0.22,220,2,16.797,625136.224,44.885,900097.355,0
73.863568697,0.22,220,2,17.017,625152.608,45.105,913526.558,1.001039051
74.864459402,0.22,220,2,17.237,625168.992,45.325,926493.25,1.000890705
75.865324204,0.22,220,2,17.457,625185.376,45.545,939526.015,1.000864802
73.576647315,1.575,1575,4,20.307,108.172,45.765,950502.325,0
76.866228253,0.22,220,2,17.677,625201.76,48.278,952500.899,3.289580938
77.866972831,0.22,220,2,17.897,625218.144,48.498,964608.642,1.000744578
78.867820417,0.22,220,2,18.117,625234.528,48.718,977971.772,1.000847586
79.86855476,0.22,220,2,18.337,625250.912,48.938,991004.537,1.000734343
80.869543761,0.22,220,2,18.557,625267.296,49.158,1004169.448,1.000989001
81.870236397,0.22,220,2,18.777,625283.68,49.378,1017202.213,1.000692636
82.870878668,0.22,220,2,18.997,625291.872,49.598,1030358.932,1.000642271
73.592000089,0.15,150,9,0.75,406908.745,49.818,1032679.679,0
77.723342578,2.513,2513,4,22.82,116.364,49.968,1032745.752,4.131342489
84.103973825,2.538,2538,4,25.358,128.652,52.506,1032758.04,6.380631247
73.590077119,0.144,144,8,0.936,155.648,54.081,1032782.616,0
84.120981126,0.23,230,8,1.166,172.032,54.311,1032799.0,10.530904007
84.047919345,0.15,150,9,0.9,406974.818,54.455,1032807.192,0
83.872452225,0.22,220,2,19.217,625308.256,54.605,1042663.048,0
84.873603342,0.22,220,2,19.437,625324.64,54.825,1055894.032,1.001151117
85.874625816,0.22,220,2,19.657,625341.024,55.045,1068728.578,1.001022474
84.10981869,1.575,1575,4,26.933,128.652,55.265,1080035.253,0
86.875956794,0.22,220,2,19.877,625357.408,57.778,1082288.853,2.766138104
87.87690007,0.22,220,2,20.097,625373.792,57.998,1095519.837,1.000943276
88.877914848,0.22,220,2,20.317,625390.176,58.218,1108552.602,1.001014778
89.878893628,0.22,220,2,20.537,625406.56,58.438,1121585.367,1.00097878
90.879498958,0.22,220,2,20.757,625422.944,58.658,1135080.643,1.00060533
91.880172199,0.22,220,2,20.977,625439.328,58.878,1147650.897,1.000673241
92.880820837,0.22,220,2,21.197,625455.712,59.098,1160881.881,1.000648638
84.124865418,0.15,150,9,1.05,542625.474,59.318,1168752.76,0
87.722847642,2.513,2513,4,29.446,259.724,59.468,1168849.631,3.597982224
94.540869176,2.538,2538,4,31.984,292.492,62.006,1168882.399,6.818021534
84.122796705,0.144,144,8,1.31,204.8,63.581,1168906.975,0
94.555660664,0.23,230,8,1.54,221.184,63.811,1168923.359,10.432863959
94.486134484,0.15,150,9,1.2,542722.345,63.955,1168931.551,0
93.881474431,0.22,220,2,21.417,625472.096,64.105,1173258.299,0
94.88253815,0.22,220,2,21.637,625488.48,64.325,1186291.064,1.001063719
95.883565166,0.22,220,2,21.857,625504.864,64.545,1199257.756,1.001027016
94.546551789,1.575,1575,4,33.559,292.492,64.765,1210498.358,0
96.884765752,0.22,220,2,22.077,625521.248,67.278,1212323.289,2.338213963
97.885968004,0.22,220,2,22.297,625537.632,67.498,1225818.565,1.001202252
98.887104496,0.22,220,2,22.517,625554.016,67.718,1239247.768,1.001136492
99.887967623,0.22,220,2,22.737,625570.4,67.938,1252412.679,1.000863127
100.888701876,0.22,220,2,22.957,625586.784,68.158,1265181.152,1.000734253
101.889244004,0.22,220,2,23.177,625603.168,68.378,1278213.917,1.000542128
102.889767722,0.22,220,2,23.397,625619.552,68.598,1291378.828,1.000523718
103.89050709,0.22,220,2,23.617,625635.936,68.818,1304081.228,1.000739368
94.559664175,0.15,150,9,1.35,678394.025,69.038,1304816.223,0
97.722226676,2.513,2513,4,36.072,325.26,69.188,1304910.198,3.162562501
104.999844214,2.538,2538,4,38.61,374.412,71.726,1304959.35,7.277617538
94.557234985,0.144,144,8,1.684,253.952,73.301,1304983.926,0
105.013960326,0.23,230,8,1.914,270.336,73.531,1305000.31,10.456725341
104.946158255,0.15,150,9,1.5,678488.0,73.675,1305008.502,0
104.891500087,0.22,220,2,23.837,625652.32,73.825,1316196.332,0
105.892683014,0.22,220,2,24.057,625668.704,74.045,1327048.688,1.001182927
105.006226893,1.575,1575,4,40.185,374.412,74.265,1338091.071,0
106.893729727,0.22,220,2,24.277,625685.088,76.778,1340494.275,1.887502834
107.894457601,0.22,220,2,24.497,625701.472,76.998,1353791.332,1.000727874
108.89510678,0.22,220,2,24.717,625717.856,77.218,1367220.535,1.000649179
109.895814574,0.22,220,2,24.937,625734.24,77.438,1380055.081,1.000707794
110.896573447,0.22,220,2,25.157,625750.624,77.658,1393153.919,1.000758873
111.897408624,0.22,220,2,25.377,625767.008,77.878,1406120.611,1.000835177
112.898399774,0.22,220,2,25.597,625783.392,78.098,1419351.595,1.00099115
113.899287696,0.22,220,2,25.817,625799.776,78.318,1432648.652,1.000887922
105.017885562,0.15,150,9,1.65,814017.024,78.538,1440709.558,0
107.722366944,2.513,2513,4,42.698,390.796,78.688,1440803.533,2.704481382
115.557020208,2.538,2538,4,45.236,423.564,81.226,1440836.301,7.834653264
105.015877077,0.144,144,8,2.058,303.104,82.801,1440860.877,0
115.571044849,0.23,230,8,2.288,319.488,83.031,1440877.261,10.555167772
115.505000884,0.15,150,9,1.8,814110.999,83.175,1440885.453,0
114.900266499,0.22,220,2,26.037,625807.968,83.325,1444920.021,0
115.901403931,0.22,220,2,26.257,625824.352,83.545,1458018.859,1.001137432
115.562376186,1.575,1575,4,46.811,423.564,83.765,1468929.096,0
116.902474613,0.22,220,2,26.477,625840.736,86.278,1471381.452,1.340098427
117.903658028,0.22,220,2,26.697,625857.12,86.498,1484546.363,1.001183415
118.904470617,0.22,220,2,26.917,625873.504,86.718,1497975.566,1.000812589
119.9052823,0.22,220,2,27.137,625889.888,86.938,1510810.112,1.000811683
120.906389141,0.22,220,2,27.357,625906.272,87.158,1523908.95,1.001106841
121.90740768,0.22,220,2,27.577,625922.656,87.378,1537206.007,1.001018539
122.908202782,0.22,220,2,27.797,625939.04,87.598,1550503.064,1.000795102
123.909103973,0.22,220,2,28.017,625955.424,87.818,1563866.194,1.000901191
115.579110968,0.15,150,9,1.95,949754.791,88.038,1576758.621,0
124.909968778,0.22,220,2,28.237,625971.808,88.188,1576863.684,9.33085781
117.723811191,2.513,2513,4,49.324,489.1,88.408,1576871.876,0
125.946267907,2.538,2538,4,51.862,587.404,90.946,1576970.18,8.222456716
115.572576594,0.144,144,8,2.432,344.064,92.521,1576986.564,0
125.966065164,0.23,230,8,2.662,368.64,92.751,1577011.14,10.39348857
125.894829957,0.15,150,9,2.1,949851.662,92.895,1577019.332,0
125.911011004,0.22,220,2,28.457,625988.192,93.045,1589398.471,0.016181047
125.953823504,1.575,1575,4,53.437,587.404,93.265,1599912.27,0.0428125
126.912121742,0.22,220,2,28.677,626004.576,95.778,1602596.15,0.958298238
127.913281719,0.22,220,2,28.897,626020.96,95.998,1615893.207,1.001159977
128.91429088,0.22,220,2,29.117,626037.344,96.218,1628463.461,1.001009161
129.914972467,0.22,220,2,29.337,626053.728,96.438,1641892.664,1.000681587
130.915764061,0.22,220,2,29.557,626070.112,96.658,1655189.721,1.000791594
131.916652845,0.221,221,2,29.778,626086.496,96.879,1668486.778,1.000888784
132.917261475,0.221,221,2,29.999,626102.88,97.1,1681519.543,1.00060863
133.917835857,0.221,221,2,30.22,626119.264,97.321,1694750.527,1.000574382
134.91842792,0.221,221,2,30.441,626135.648,97.542,1707717.219,1.000592063
125.968877444,0.15,150,9,2.25,1085713.046,97.763,1713077.324,0
127.721362227,2.513,2513,4,55.95,620.172,97.913,1713206.051,1.752484783
136.379212443,2.538,2538,4,58.488,669.324,100.451,1713255.203,8.657850216
125.967438052,0.144,144,8,2.806,393.216,102.026,1713271.587,0
136.390813518,0.23,230,8,3.036,417.792,102.256,1713296.163,10.423375466
136.329952523,0.15,150,9,2.4,1085841.773,102.4,1713304.355,0
135.91897472,0.221,221,2,30.662,626152.032,102.55,1720186.926,0
136.384198299,1.575,1575,4,60.063,669.324,102.771,1730965.017,0.465223579
136.919966089,0.221,221,2,30.883,626168.416,105.284,1733582.824,0.53576779
137.920838126,0.221,221,2,31.104,626184.8,105.505,1746351.297,1.000872037
138.921484878,0.221,221,2,31.325,626201.184,105.726,1759648.354,1.000646752
139.922034663,0.221,221,2,31.546,626217.568,105.947,1772482.9,1.000549785
140.922662831,0.221,221,2,31.767,626233.952,106.168,1785846.03,1.000628168
141.923245618,0.221,221,2,31.988,626250.336,106.389,1798944.868,1.000582787
142.923823758,0.221,221,2,32.209,626266.72,106.61,1812307.998,1.00057814
143.924420618,0.221,221,2,32.43,626283.104,106.831,1825869.347,1.00059686
144.924978984,0.221,221,2,32.651,626299.488,107.052,1839364.623,1.000558366
136.394601942,0.15,150,9,2.55,1221492.429,107.273,1849151.619,0
137.721701597,2.513,2513,4,62.576,702.092,107.423,1849245.594,1.327099655
146.709487928,2.538,2538,4,65.114,726.668,109.961,1849270.17,8.987786331
136.393041719,0.144,144,8,3.18,450.56,111.536,1849294.746,0
146.723197869,0.23,230,8,3.41,466.944,111.766,1849311.13,10.33015615
146.657478587,0.15,150,9,2.7,1221586.404,111.91,1849319.322,0
145.92549388,0.221,221,2,32.872,626315.872,112.06,1852060.318,0
146.714739017,1.575,1575,4,66.689,726.668,112.281,1862367.706,0.789245137
146.926429701,0.221,221,2,33.093,626324.064,114.794,1865018.281,0.211690684
147.927703891,0.221,221,2,33.314,626340.448,115.015,1878183.192,1.00127419
148.929177951,0.221,221,2,33.535,626356.832,115.236,1891612.395,1.00147406
149.929888604,0.221,221,2,33.756,626373.216,115.457,1904645.16,1.000710653
150.930438805,0.221,221,2,33.977,626389.6,115.678,1918008.29,1.000550201
151.931071593,0.221,221,2,34.198,626405.984,115.899,1931239.274,1.000632788
152.931723514,0.221,221,2,34.419,626422.368,116.12,1944338.112,1.000651921
153.932343837,0.221,221,2,34.64,626438.752,116.341,1957767.315,1.000620323
154.932909874,0.221,221,2,34.861,626455.136,116.562,1970800.08,1.000566037
155.933455716,0.221,221,2,35.082,626471.52,116.783,1983502.48,1.000545842
146.726464311,0.15,150,9,2.85,1357258.084,117.004,1985228.57,0
147.722644246,2.513,2513,4,69.202,792.204,117.154,1985385.199,0.996179935
157.111655471,2.538,2538,4,71.74,890.508,119.692,1985483.503,9.389011225
146.724885669,0.144,144,8,3.554,491.52,121.267,1985499.887,0
157.123171701,0.23,230,8,3.784,516.096,121.497,1985524.463,10.398286032
157.061994121,0.15,150,9,3.0,1357414.713,121.641,1985532.655,0
157.116276019,1.575,1575,4,73.315,890.508,121.791,1993551.05,0.054281898
156.934031162,0.221,221,2,35.303,626487.904,124.304,1996531.99,0
157.934956962,0.221,221,2,35.524,626504.288,124.525,2009829.047,1.0009258
158.935871246,0.221,221,2,35.745,626520.672,124.746,2022993.958,1.000914284
159.936573435,0.221,221,2,35.966,626537.056,124.967,2036026.723,1.000702189
160.937103226,0.221,221,2,36.187,626553.44,125.188,2049521.999,1.000529791
161.937629227,0.221,221,2,36.408,626569.824,125.409,2062620.837,1.000526001
162.938219612,0.221,221,2,36.629,626586.208,125.63,2075851.821,1.000590385
163.939032791,0.221,221,2,36.85,626602.592,125.851,2089148.878,1.000813179
164.939748286,0.221,221,2,37.071,626618.976,126.072,2102445.935,1.000715495
165.940371693,0.221,221,2,37.292,626635.36,126.293,2115809.065,1.000623407
157.126351566,0.15,150,9,3.15,1493416.509,126.514,2121763.827,0
157.721593019,2.513,2513,4,75.828,956.044,126.664,2121969.159,0.595241453
167.455562307,2.538,2538,4,78.366,988.812,129.202,2122001.927,9.733969288
157.124665306,0.144,144,8,3.928,540.672,130.777,2122018.311,0
167.466727882,0.23,230,8,4.158,565.248,131.007,2122042.887,10.342062576
167.407642243,0.15,150,9,3.3,1493621.841,131.151,2122051.079,0
167.460412156,1.575,1575,4,79.941,988.812,131.301,2125555.735,0.052769913
166.940998384,0.221,221,2,37.513,626651.744,133.814,2128355.377,0
167.941883695,0.221,221,2,37.734,626668.128,134.035,2141388.142,1.000885311
168.942621543,0.221,221,2,37.955,626684.512,134.256,2154354.834,1.000737848
169.943238489,0.221,221,2,38.176,626700.896,134.477,2167387.599,1.000616946
170.944141677,0.221,221,2,38.397,626717.28,134.698,2180552.51,1.000903188
171.944848432,0.221,221,2,38.618,626733.664,134.919,2193849.567,1.000706755
172.945411393,0.221,221,2,38.839,626750.048,135.14,2207146.624,1.000562961
173.946099811,0.221,221,2,39.06,626766.432,135.361,2220179.389,1.000688418
174.946696717,0.221,221,2,39.281,626782.816,135.582,2233212.154,1.000596906
175.947361967,0.221,221,2,39.502,626799.2,135.803,2246377.065,1.00066525
167.721445772,2.513,2513,4,82.454,1005.196,136.024,2256494.426,0
167.470190513,0.15,150,9,3.45,1629272.497,138.537,2257890.151,0
177.721603015,2.513,2513,4,84.967,1013.388,138.687,2257984.126,10.251412502
177.877036828,2.538,2538,4,87.505,1033.868,141.225,2258004.606,0.155433813
167.468616095,0.144,144,8,4.302,589.824,142.8,2258020.99,0
177.891614038,0.23,230,8,4.532,614.4,143.03,2258045.566,10.422997943
177.828752098,0.15,150,9,3.6,1629366.472,143.174,2258053.758,0
176.947891234,0.221,221,2,39.723,626815.584,143.324,2258795.188,0
177.948942909,0.221,221,2,39.944,626831.968,143.545,2272306.222,1.001051675
178.949944527,0.221,221,2,40.165,626840.16,143.766,2285264.722,1.001001618
179.950702984,0.221,221,2,40.386,626856.544,143.987,2298693.925,1.000758457
180.951233769,0.221,221,2,40.607,626872.928,144.208,2311660.617,1.000530785
181.951847087,0.221,221,2,40.828,626889.312,144.429,2324957.674,1.000613318
182.952432677,0.221,221,2,41.049,626905.696,144.65,2338452.95,1.00058559
183.952945727,0.221,221,2,41.27,626922.08,144.871,2351683.934,1.00051305
184.953450261,0.221,221,2,41.491,626938.464,145.092,2364782.772,1.000504534
185.954099951,0.221,221,2,41.712,626954.848,145.313,2377881.61,1.00064969
177.88297954,1.575,1575,4,89.08,1033.868,145.534,2387866.825,0
186.955214917,0.221,221,2,41.933,626971.232,148.047,2391045.447,9.072235377
177.895131173,0.15,150,9,3.75,1765499.045,148.268,2394489.435,0
187.721873855,2.513,2513,4,91.593,1164.94,148.418,2394646.064,9.826742682
188.258392024,2.538,2538,4,94.131,1230.476,150.956,2394711.6,0.536518169
177.893255527,0.144,144,8,4.676,638.976,152.531,2394727.984,0
188.270309106,0.23,230,8,4.906,663.552,152.761,2394752.56,10.377053579
188.210434374,0.15,150,9,3.9,1765655.674,152.905,2394760.752,0
187.95615608,0.221,221,2,42.154,626987.616,153.055,2403625.513,0
188.957145766,0.221,221,2,42.375,627004.0,153.276,2416922.57,1.000989686
189.957872567,0.221,221,2,42.596,627020.384,153.497,2429558.897,1.000726801
190.958536102,0.221,221,2,42.817,627036.768,153.718,2442591.662,1.000663535
191.959071086,0.221,221,2,43.038,627053.152,153.939,2455690.5,1.000534984
192.959649573,0.221,221,2,43.259,627069.536,154.16,2468855.411,1.000578487
193.960253321,0.221,221,2,43.48,627085.92,154.381,2481822.103,1.000603748
194.96085827,0.221,221,2,43.701,627102.304,154.602,2494987.014,1.000604949
195.961903564,0.221,221,2,43.922,627118.688,154.823,2508350.144,1.001045294
188.263237541,1.575,1575,4,95.706,1230.476,155.044,2518533.578,0
196.96278562,0.221,221,2,44.143,627135.072,157.557,2521679.969,8.699548079
188.273180722,0.15,150,9,4.05,1901306.33,157.778,2530608.016,0
197.721524622,2.513,2513,4,98.219,1263.244,157.928,2530701.991,9.4483439
198.698296024,2.538,2538,4,100.757,1296.012,160.466,2530734.759,0.976771402
188.271929049,0.144,144,8,5.05,688.128,162.041,2530751.143,0
198.709891628,0.23,230,8,5.28,712.704,162.271,2530775.719,10.437962579
198.650070946,0.15,150,9,4.2,1901400.305,162.415,2530783.911,0
197.963730629,0.221,221,2,44.364,627151.456,162.565,2534119.564,0
198.964780536,0.221,221,2,44.585,627167.84,162.786,2546954.11,1.001049907
199.965656933,0.221,221,2,44.806,627184.224,163.007,2559854.729,1.000876397
200.966482166,0.221,221,2,45.027,627200.608,163.228,2573019.64,1.000825233
201.967322978,0.221,221,2,45.248,627216.992,163.449,2586118.478,1.000840812
202.968265879,0.221,221,2,45.469,627233.376,163.67,2599547.681,1.000942901
203.969094633,0.221,221,2,45.69,627249.76,163.891,2612646.519,1.000828754
204.970019452,0.221,221,2,45.911,627266.144,164.112,2625547.138,1.000924819
205.971009862,0.221,221,2,46.132,627282.528,164.333,2638712.049,1.00099041
198.702661413,1.575,1575,4,102.332,1296.012,164.554,2648763.337,0
206.972002258,0.221,221,2,46.353,627298.912,167.067,2652165.828,8.269340845
207.973003754,0.221,221,2,46.574,627315.296,167.288,2665462.885,1.001001496
198.712508851,0.15,150,9,4.35,2037071.985,167.509,2666660.391,0
207.722438412,2.513,2513,4,104.845,1320.588,167.659,2666817.02,9.009929561
209.111149649,2.538,2538,4,107.383,1341.068,170.197,2666837.5,1.388711237
198.711209322,0.144,144,8,5.424,737.28,171.772,2666853.884,0
209.125840786,0.23,230,8,5.654,761.856,172.002,2666878.46,10.414631464
209.066849609,0.15,150,9,4.5,2037228.614,172.146,2666886.652,0
208.973680766,0.221,221,2,46.795,627331.68,172.296,2677622.481,0
209.975028747,0.221,221,2,47.016,627348.064,172.517,2691051.684,1.001347981
210.97604181,0.221,221,2,47.237,627356.256,172.738,2704274.476,1.001013063
211.977206479,0.221,221,2,47.458,627372.64,172.959,2717505.46,1.001164669
212.978898198,0.221,221,2,47.679,627389.024,173.18,2730538.225,1.001691719
213.980127216,0.221,221,2,47.9,627405.408,173.401,2744099.574,1.001229018
214.981168242,0.221,221,2,48.121,627421.792,173.622,2757330.558,1.001041026
215.985347816,0.221,221,2,48.342,627438.176,173.843,2770693.688,1.004179574
209.116868259,1.575,1575,4,108.958,1341.068,174.064,2780612.83,0
216.986967202,0.221,221,2,48.563,627454.56,176.577,2784254.5,7.870098943
217.987948774,0.221,221,2,48.784,627470.944,176.798,2797353.338,1.000981572
209.128154602,0.15,150,9,4.65,2172834.221,177.019,2802713.443,0
217.721367521,2.513,2513,4,111.471,1406.604,177.169,2802875.864,8.593212919
219.467489149,2.538,2538,4,114.009,1504.908,179.707,2802974.168,1.746121628
209.126970663,0.144,144,8,5.798,786.432,181.282,2802990.552,0
219.478210077,0.23,230,8,6.028,811.008,181.512,2803015.128,10.351239414
219.420424264,0.15,150,9,4.8,2172996.642,181.656,2803023.32,0
218.988909842,0.221,221,2,49.005,627487.328,181.806,2809641.599,0
219.989780028,0.221,221,2,49.226,627503.712,182.027,2822608.291,1.000870186
220.990418948,0.221,221,2,49.447,627520.096,182.248,2835905.348,1.00063892
221.990982246,0.221,221,2,49.668,627536.48,182.469,2849004.186,1.000563298
222.991531002,0.221,221,2,49.889,627552.864,182.69,2862235.17,1.000548756
223.99215043,0.221,221,2,50.11,627569.248,182.911,2875201.862,1.000619428
224.993145496,0.221,221,2,50.331,627585.632,183.132,2888432.846,1.000995066
225.994273995,0.221,221,2,50.552,627602.016,183.353,2901135.246,1.001128499
219.471793151,1.575,1575,4,115.584,1504.908,183.574,2910657.95,0
226.995210357,0.221,221,2,50.773,627618.4,186.087,2914365.693,7.523417206
227.996129407,0.221,221,2,50.994,627634.784,186.308,2927464.531,1.00091905
219.482015632,0.15,150,9,4.95,2308647.298,186.529,2938903.352,0
227.72119627,2.513,2513,4,118.097,1570.444,186.679,2938997.327,8.239180638
229.962181745,2.538,2538,4,120.635,1603.212,189.217,2939030.095,2.240985475
219.479486255,0.144,144,8,6.172,835.584,190.792,2939046.479,0
229.97434641,0.23,230,8,6.402,860.16,191.022,2939071.055,10.494860155
229.914487385,0.15,150,9,5.1,2308741.273,191.166,2939079.247,0
228.996836998,0.221,221,2,51.215,627651.168,191.316,2939513.48,0
229.997674705,0.221,221,2,51.436,627667.552,191.537,2952281.953,1.000837707
230.998915424,0.221,221,2,51.657,627683.936,191.758,2965512.937,1.001240719
232.000356597,0.221,221,2,51.878,627700.32,191.979,2979008.213,1.001441173
233.001069396,0.221,221,2,52.099,627716.704,192.2,2992437.416,1.000712799
234.001753093,0.221,221,2,52.32,627733.088,192.421,3005668.4,1.000683697
235.003103798,0.221,221,2,52.541,627749.472,192.642,3019295.822,1.001350705
236.003772587,0.221,221,2,52.762,627765.856,192.863,3032394.66,1.000668789
229.967300594,1.575,1575,4,122.21,1603.212,193.084,3042049.51,0
237.004436016,0.221,221,2,52.983,627782.24,195.597,3045914.512,7.037135422
238.005529572,0.221,221,2,53.204,627798.624,195.818,3059211.569,1.001093556
239.007436033,0.221,221,2,53.425,627815.008,196.039,3072971.137,1.001906461
229.98325724,0.15,150,9,5.25,2444418.745,196.26,3074961.519,0
237.721272468,2.513,2513,4,124.723,1627.788,196.41,3075166.851,7.738015228
240.203071228,2.538,2538,4,127.261,1648.268,198.948,3075187.331,2.48179876
229.981598558,0.144,144,8,6.546,884.736,200.523,3075203.715,0
240.214541297,0.23,230,8,6.776,909.312,200.753,3075228.291,10.232942739
240.163427854,0.15,150,9,5.4,2444624.077,200.897,3075236.483,0
240.008292888,0.221,221,2,53.646,627831.392,201.047,3086176.001,0
241.009104732,0.221,221,2,53.867,627847.776,201.268,3099208.766,1.000811844
242.010358504,0.221,221,2,54.088,627864.16,201.489,3112637.969,1.001253772
243.011267909,0.221,221,2,54.309,627872.352,201.71,3125662.542,1.000909405
244.012064189,0.221,221,2,54.53,627888.736,201.931,3139289.964,1.00079628
245.012614213,0.221,221,2,54.751,627905.12,202.152,3152719.167,1.000550024
246.013070039,0.221,221,2,54.972,627921.504,202.373,3166280.516,1.000455826
240.208233883,1.575,1575,4,128.836,1648.268,202.594,3175340.709,0
247.013670827,0.221,221,2,55.193,627937.888,205.107,3179312.207,6.805436944
248.014849614,0.221,221,2,55.414,627954.272,205.328,3192741.41,1.001178787
249.015545241,0.221,221,2,55.635,627970.656,205.549,3205774.175,1.000695627
240.21779079,0.15,150,9,5.55,2580367.3,205.77,3211266.426,0
247.721207718,2.513,2513,4,131.349,1779.34,205.92,3211348.817,7.503416928
250.498132925,2.581,2581,4,133.93,1812.108,208.501,3211381.585,2.776925207
240.21608361,0.144,144,8,6.92,933.888,210.076,3211397.969,0
250.511600093,0.23,230,8,7.15,958.464,210.306,3211422.545,10.295516483
250.453348536,0.15,150,9,5.7,2580449.691,210.45,3211430.737,0
250.016032214,0.221,221,2,55.856,627987.04,210.6,3218395.558,0
251.016815186,0.221,221,2,56.077,628003.424,210.821,3229247.914,1.000782972
252.017786373,0.221,221,2,56.298,628019.808,211.042,3242611.044,1.000971187
253.018756116,0.221,221,2,56.519,628036.192,211.263,3255709.882,1.000969743
254.019314863,0.221,221,2,56.74,628052.576,211.484,3268742.647,1.000558747
255.01980891,0.221,221,2,56.961,628068.96,211.705,3281709.339,1.000494047
256.020307569,0.221,221,2,57.182,628085.344,211.926,3294543.885,1.000498659
250.503586162,1.575,1575,4,135.505,1812.108,212.147,3303538.005,0
257.021185371,0.221,221,2,57.403,628093.536,214.66,3307601.226,6.517599209
258.022754627,0.221,221,2,57.624,628118.112,214.881,3320774.329,1.001569256
259.023657554,0.221,221,2,57.845,628134.496,215.102,3333807.094,1.000902927
260.024786187,0.221,221,2,58.066,628150.88,215.323,3346839.859,1.001128633
250.514562966,0.15,150,9,5.85,2716843.327,215.544,3348037.365,0
257.722664739,2.513,2513,4,138.018,1844.876,215.694,3348221.896,7.208101773
261.159106035,2.538,2538,4,140.556,1877.644,218.232,3348254.664,3.436441296
250.513216756,0.144,144,8,7.294,983.04,219.807,3348271.048,0
261.171841925,0.23,230,8,7.524,1007.616,220.037,3348295.624,10.658625169
261.116944954,0.15,150,9,6.0,2717027.858,220.181,3348303.816,0
261.025558703,0.221,221,2,58.287,628167.264,220.331,3358318.634,0
262.026366064,0.221,221,2,58.508,628183.648,220.552,3372144.275,1.000807361
263.027163531,0.221,221,2,58.729,628200.032,220.773,3385441.332,1.000797467
264.02800233,0.221,221,2,58.95,628216.416,220.994,3398474.097,1.000838799
265.028618758,0.221,221,2,59.171,628232.8,221.215,3411903.3,1.000616428
266.029174106,0.221,221,2,59.392,628249.184,221.436,3425134.284,1.000555348
261.164517223,1.575,1575,4,142.131,1877.644,221.657,3434062.331,0
267.029913339,0.221,221,2,59.613,628265.568,224.17,3438265.89,5.865396116
268.03067955,0.221,221,2,59.834,628281.952,224.391,3451761.166,1.000766211
269.031291757,0.221,221,2,60.055,628298.336,224.612,3465190.369,1.000612207
270.032023745,0.221,221,2,60.276,628314.72,224.833,3478289.207,1.000731988
261.175290487,0.15,150,9,6.15,2852705.33,225.054,3484177.896,0
267.724318987,2.513,2513,4,144.644,1910.412,225.204,3484274.767,6.5490285
271.686413638,2.538,2538,4,147.182,1943.18,227.742,3484307.535,3.962094651
261.173282877,0.144,144,8,7.668,1040.384,229.317,3484332.111,0
271.700978086,0.23,230,8,7.898,1056.768,229.547,3484348.495,10.527695209
271.652779858,0.15,150,9,6.3,2852802.201,229.691,3484356.687,0
271.032591047,0.221,221,2,60.497,628331.104,229.841,3488860.63,0
272.033310551,0.221,221,2,60.718,628347.488,230.062,3502488.052,1.000719504
273.03411484,0.221,221,2,60.939,628363.872,230.283,3515785.109,1.000804289
274.034897762,0.221,221,2,61.16,628380.256,230.504,3529478.604,1.000782922
275.035485811,0.221,221,2,61.381,628388.448,230.725,3542569.25,1.000588049
276.036130372,0.221,221,2,61.602,628404.832,230.946,3555271.65,1.000644561
271.690603521,1.575,1575,4,148.757,1943.18,231.167,3564397.916,0
277.037149818,0.221,221,2,61.823,628421.216,233.68,3568452.945,5.346546297
278.037906348,0.221,221,2,62.044,628437.6,233.901,3582080.367,1.00075653
279.038438185,0.221,221,2,62.265,628453.984,234.122,3595839.935,1.000531837
280.038891236,0.221,221,2,62.486,628470.368,234.343,3609467.357,1.000453051
271.703469988,0.15,150,9,6.45,2988452.857,234.564,3620179.375,0
277.722727061,2.513,2513,4,151.27,1959.564,234.714,3620304.677,6.019257073
281.890504525,2.538,2538,4,153.808,1984.14,237.252,3620329.253,4.167777464
271.702246964,0.144,144,8,8.042,1081.344,238.827,3620345.637,0
281.904544677,0.23,230,8,8.272,1105.92,239.057,3620370.213,10.202297713
281.852736761,0.15,150,9,6.6,2988578.159,239.201,3620378.405,0
281.039369683,0.221,221,2,62.707,628486.752,239.351,3622386.806,0
282.04010349,0.221,221,2,62.928,628503.136,239.572,3635948.155,1.000733807
283.040811433,0.221,221,2,63.149,628519.52,239.793,3649443.431,1.000707943
284.041493129,0.221,221,2,63.37,628535.904,240.014,3662872.634,1.000681696
285.041982348,0.221,221,2,63.591,628552.288,240.235,3675905.399,1.000489219
286.042462865,0.221,221,2,63.812,628568.672,240.456,3689187.867,1.000480517
281.895437653,1.575,1575,4,155.383,1984.14,240.677,3697983.768,0
287.043387133,0.221,221,2,64.033,628585.056,243.19,3702549.923,5.14794948
288.044170325,0.221,221,2,64.254,628601.44,243.411,3715516.615,1.000783192
289.04509568,0.221,221,2,64.475,628617.824,243.632,3728879.745,1.000925355
290.045718433,0.221,221,2,64.696,628634.208,243.853,3742242.875,1.000622753
291.046242062,0.221,221,2,64.917,628650.592,244.074,3755473.859,1.000523629
281.907635858,0.15,150,9,6.75,3124559.823,244.295,3756671.365,0
287.722810301,2.513,2513,4,157.896,2115.212,244.445,3756827.994,5.815174443
292.195638029,2.538,2538,4,160.434,2180.748,246.983,3756893.53,4.472827728
281.905832524,0.144,144,8,8.416,1130.496,248.558,3756909.914,0
292.207263146,0.23,230,8,8.646,1155.072,248.788,3756934.49,10.301430622
292.132063919,0.15,150,9,6.9,3124716.452,248.932,3756942.682,0
292.046810701,0.221,221,2,65.138,628666.976,249.082,3768511.082,0
293.047583463,0.221,221,2,65.359,628683.36,249.303,3782138.504,1.000772762
294.048111456,0.221,221,2,65.58,628699.744,249.524,3795898.072,1.000527993
295.04857095,0.221,221,2,65.801,628716.128,249.745,3809327.275,1.000459494
296.049023349,0.221,221,2,66.022,628732.512,249.966,3822756.478,1.000452399
292.200064394,1.575,1575,4,162.009,2180.748,250.187,3831816.671,0
297.049576642,0.221,221,2,66.243,628748.896,252.7,3836300.906,4.849512248
298.05026218,0.221,221,2,66.464,628765.28,252.921,3849531.89,1.000685538
299.050781422,0.221,221,2,66.685,628781.664,253.142,3862762.874,1.000519242
300.051336375,0.221,221,2,66.906,628798.048,253.363,3875795.639,1.000554953
301.05208344,0.221,221,2,67.127,628814.432,253.584,3889489.134,1.000747065
292.21025045,0.15,150,9,7.05,3260890.338,253.805,3893329.56,0
297.721804907,2.513,2513,4,164.522,2229.9,253.955,3893486.189,5.511554457
302.373784852,2.538,2538,4,167.06,2262.668,256.493,3893518.957,4.651979945
292.208697767,0.144,144,8,8.79,1187.84,258.068,3893543.533,0
302.384550017,0.23,230,8,9.02,1204.224,258.298,3893559.917,10.17585225
302.34065186,0.15,150,9,7.2,3261046.967,258.442,3893568.109,0
302.052879448,0.221,221,2,67.348,628830.816,258.592,3902861.594,0
303.053691415,0.221,221,2,67.569,628847.2,258.813,3915960.432,1.000811967
304.05442976,0.221,221,2,67.79,628863.584,259.034,3929323.562,1.000738345
305.054991876,0.221,221,2,68.011,628879.968,259.255,3943017.057,1.000562116
306.05544238,0.221,221,2,68.232,628896.352,259.476,3956314.114,1.000450504
302.37817101,1.575,1575,4,168.635,2262.668,259.697,3965300.042,0
307.055906568,0.221,221,2,68.453,628904.544,262.21,3969998.343,4.677735558
308.05669768,0.221,221,2,68.674,628920.928,262.431,3983361.473,1.000791112
309.057202636,0.221,221,2,68.895,628937.312,262.652,3996988.895,1.000504956
310.057646436,0.221,221,2,69.116,628953.696,262.873,4010087.733,1.0004438
311.058150915,0.221,221,2,69.337,628970.08,263.094,4022591.914,1.000504479
302.387274391,0.15,150,9,7.35,3396862.055,263.315,4029669.917,0
307.721540536,2.513,2513,4,171.148,2393.74,263.465,4029809.17,5.334266145
312.617825948,2.538,2538,4,173.686,2459.276,266.003,4029874.706,4.896285412
302.385901664,0.144,144,8,9.164,1236.992,267.578,4029899.282,0
312.634854333,0.23,230,8,9.394,1253.376,267.808,4029915.666,10.248952669
312.581683515,0.15,150,9,7.5,3397001.308,267.952,4029923.858,0
312.058766497,0.221,221,2,69.558,628986.464,268.102,4035749.261,0
313.059508981,0.221,221,2,69.779,629002.848,268.323,4049178.464,1.000742484
314.060123002,0.221,221,2,70.0,629019.232,268.544,4062343.375,1.000614021
315.06063277,0.221,221,2,70.221,629035.616,268.765,4075838.651,1.000509768
316.061182171,0.221,221,2,70.442,629052.0,268.986,4089003.562,1.000549401
312.628025908,1.575,1575,4,175.261,2459.276,269.207,4098063.755,0
317.061768927,0.221,221,2,70.663,629068.384,271.72,4102812.282,4.433743019
318.0625036,0.221,221,2,70.884,629084.768,271.941,4116175.412,1.000734673
319.063030672,0.221,221,2,71.105,629101.152,272.162,4129868.907,1.000527072
320.063513807,0.221,221,2,71.326,629117.536,272.383,4143298.11,1.000483135
321.064052061,0.221,221,2,71.547,629133.92,272.604,4156463.021,1.000538254
312.637143506,0.15,150,9,7.65,3532651.964,272.825,4165787.506,0
317.721343041,2.513,2513,4,177.774,2508.428,272.975,4165881.481,5.084199535
322.777964141,2.538,2538,4,180.312,2541.196,275.513,4165914.249,5.0566211
312.636094615,0.144,144,8,9.538,1277.952,277.088,4165930.633,0
322.79436497,0.23,230,8,9.768,1302.528,277.318,4165955.209,10.158270355
322.74100921,0.15,150,9,7.8,3532745.939,277.462,4165963.401,0
322.064496835,0.221,221,2,71.768,629150.304,277.612,4169839.222,0
323.065321006,0.221,221,2,71.989,629166.688,277.833,4183004.133,1.000824171
324.065879374,0.221,221,2,72.21,629183.072,278.054,4196367.263,1.000558368
325.066410241,0.221,221,2,72.431,629199.456,278.275,4209664.32,1.000530867
326.066990189,0.221,221,2,72.652,629215.84,278.496,4222234.574,1.000579948
322.787570337,1.575,1575,4,181.887,2541.196,278.717,4230766.183,0
327.067522134,0.221,221,2,72.873,629232.224,281.23,4235398.948,4.279951797
328.068276736,0.221,221,2,73.094,629248.608,281.451,4248431.713,1.000754602
329.069402745,0.221,221,2,73.315,629264.992,281.672,4261398.405,1.001126009
330.070198447,0.221,221,2,73.536,629281.376,281.893,4274695.462,1.000795702
331.070790187,0.221,221,2,73.757,629297.76,282.114,4288058.592,1.00059174
332.071326037,0.221,221,2,73.978,629314.144,282.335,4300893.138,1.00053585
322.796493574,0.15,150,9,7.95,3668429.203,282.556,4301892.425,0
327.721154635,2.513,2513,4,184.4,2606.732,282.706,4302301.09,4.924661061
333.197841082,2.538,2538,4,186.938,2705.036,285.244,4302399.394,5.476686447
322.795422555,0.144,144,8,9.912,1327.104,286.819,4302415.778,0
333.149385471,0.15,150,9,8.1,3668837.868,287.193,4302448.546,10.353962916
333.07187466,0.221,221,2,74.199,629330.528,287.343,4314124.144,0
334.072720502,0.221,221,2,74.42,629346.912,287.564,4327090.836,1.000845842
335.073489713,0.221,221,2,74.641,629363.296,287.785,4340123.601,1.000769211
336.07429779,0.221,221,2,74.862,629379.68,288.006,4352892.074,1.000808077
333.201387303,1.575,1575,4,188.513,2705.036,288.227,4361754.048,0
337.075148473,0.221,221,2,75.083,629396.064,290.74,4366420.118,3.87376117
338.075907962,0.221,221,2,75.304,629412.448,290.961,4379585.029,1.000759489
339.076474218,0.221,221,2,75.525,629420.64,291.182,4392675.675,1.000566256
340.077017792,0.221,221,2,75.746,629437.024,291.403,4405576.294,1.000543574
341.077673457,0.221,221,2,75.967,629453.408,291.624,4418675.132,1.000655665
342.078372676,0.221,221,2,76.188,629469.792,291.845,4431443.605,1.000699219
333.208571342,0.15,150,9,8.25,3804986.806,292.066,4438785.9,0
337.721346489,2.513,2513,4,191.026,2737.804,292.216,4439167.749,4.512775147
343.715391386,2.538,2538,4,193.564,2786.956,294.754,4439216.901,5.994044897
333.206683321,0.374,230,8,10.286,1376.256,296.329,4439233.285,0
343.725187555,0.23,230,8,10.516,1400.832,296.559,4439257.861,10.518504234
343.644537406,0.15,150,9,8.4,3805368.655,296.703,4439266.053,0
343.078861002,0.221,221,2,76.409,629486.176,296.853,4444306.57,0
344.079538746,0.221,221,2,76.63,629502.56,297.074,4456867.17,1.000677744
345.08033385,0.221,221,2,76.851,629518.944,297.295,4469899.935,1.000795104
346.080916552,0.221,221,2,77.072,629535.328,297.516,4482800.554,1.000582702
343.719130642,1.575,1575,4,195.139,2786.956,297.737,4491001.798,0
347.081567777,0.221,221,2,77.293,629551.712,300.25,4495866.087,3.362437135
348.082216542,0.221,221,2,77.514,629568.096,300.471,4508832.779,1.000648765
349.082847084,0.221,221,2,77.735,629584.48,300.692,4521799.471,1.000630542
350.083374514,0.221,221,2,77.956,629600.864,300.913,4535096.528,1.00052743
351.083829865,0.221,221,2,78.177,629617.248,301.134,4547931.074,1.000455351
352.08432137,0.221,221,2,78.398,629633.632,301.355,4561228.131,1.000491505
353.084835696,0.221,221,2,78.619,629650.016,301.576,4574326.969,1.000514326
343.727761183,0.15,150,9,8.55,3941546.231,301.797,4575656.621,0
347.721118103,2.513,2513,4,197.652,2819.724,301.947,4575859.499,3.99335692
354.235304979,2.538,2538,4,200.19,2844.3,304.485,4575884.075,6.514186876
343.726398022,0.144,144,8,10.66,1425.408,306.06,4575900.459,0
354.188161868,0.15,150,9,8.7,3941749.109,306.434,4575933.227,10.461763846
354.085402756,0.221,221,2,78.84,629666.4,306.584,4587007.129,0
355.086226868,0.221,221,2,79.061,629682.784,306.805,4600238.113,1.000824112
356.086785933,0.221,221,2,79.282,629699.168,307.026,4613535.17,1.000559065
354.239866839,1.575,1575,4,201.765,2844.3,307.247,4622066.779,0
357.087235103,0.221,221,2,79.503,629715.552,309.76,4627095.445,2.847368264
358.087934527,0.221,221,2,79.724,629731.936,309.981,4640062.137,1.000699424
359.088725578,0.221,221,2,79.945,629748.32,310.202,4653293.121,1.000791051
360.089752554,0.221,221,2,80.166,629764.704,310.423,4666458.032,1.001026976
361.090558013,0.221,221,2,80.387,629781.088,310.644,4679226.505,1.000805459
362.091319479,0.221,221,2,80.608,629797.472,310.865,4692325.343,1.000761466
363.091884566,0.221,221,2,80.829,629813.856,311.086,4705622.4,1.000565087
354.247738561,0.15,150,9,8.85,4077692.789,311.307,4712171.819,0
357.721181122,2.513,2513,4,204.278,2975.372,311.457,4712265.794,3.473442561
364.652623411,2.538,2538,4,206.816,3040.908,313.995,4712331.33,6.931442289
354.245619972,0.374,230,8,11.034,1474.56,315.57,4712347.714,0
364.663968234,0.23,230,8,11.264,1499.136,315.8,4712372.29,10.418348262
364.604317728,0.15,150,9,9.0,4077786.764,315.944,4712380.482,0
364.092350374,0.221,221,2,81.05,629830.24,316.094,4718166.628,0
365.093113257,0.221,221,2,81.271,629846.624,316.315,4731199.393,1.000762883
366.093960178,0.221,221,2,81.492,629863.008,316.536,4744430.377,1.000846921
364.65654505,1.575,1575,4,208.391,3040.908,316.757,4752697.694,0
367.095366956,0.221,221,2,81.713,629879.392,319.27,4757512.294,2.438821906
368.096362109,0.221,221,2,81.934,629895.776,319.491,4770677.205,1.000995153
369.097048724,0.221,221,2,82.155,629912.16,319.712,4783842.116,1.000686615
370.097716293,0.221,221,2,82.376,629928.544,319.933,4796874.881,1.000667569
371.098302713,0.221,221,2,82.597,629944.928,320.154,4810304.084,1.00058642
372.098984016,0.221,221,2,82.818,629961.312,320.375,4823336.849,1.000681303
373.099499291,0.221,221,2,83.039,629977.696,320.596,4836683.781,1.000515275
364.666115925,0.15,150,9,9.15,4213778.403,320.817,4848585.113,0
367.721048717,2.513,2513,4,210.904,3090.06,320.967,4848734.892,3.054932792
375.082356697,2.538,2538,4,213.442,3122.828,323.505,4848767.66,7.36130798
364.665025658,0.144,144,8,11.408,1523.712,325.08,4848784.044,0
375.092850691,0.23,230,8,11.638,1548.288,325.31,4848808.62,10.427825033
375.037417223,0.15,150,9,9.3,4213928.182,325.454,4848816.812,0
374.100177665,0.221,221,2,83.26,629994.08,325.604,4848956.613,0
375.100908822,0.221,221,2,83.481,630010.464,325.825,4862418.465,1.000731157
376.101618652,0.221,221,2,83.702,630026.848,326.046,4875319.084,1.00070983
375.087564918,1.575,1575,4,215.017,3122.828,326.267,4883057.817,0
377.102419704,0.221,221,2,83.923,630043.232,328.78,4888152.556,2.014854786
378.103125947,0.221,221,2,84.144,630059.616,329.001,4901383.54,1.000706243
379.103828186,0.221,221,2,84.365,630076.0,329.222,4914944.889,1.000702239
380.104300118,0.221,221,2,84.586,630092.384,329.443,4928043.727,1.000471932
381.104876891,0.221,221,2,84.807,630108.768,329.664,4941274.711,1.000576773
382.105400155,0.221,221,2,85.028,630125.152,329.885,4954241.403,1.000523264
383.105834295,0.221,221,2,85.249,630141.536,330.106,4967736.679,1.00043414
384.106266821,0.221,221,2,85.47,630157.92,330.327,4981099.809,1.000432526
375.09532193,0.15,150,9,9.45,4349806.382,330.548,4985006.308,0
377.721176603,2.513,2513,4,217.53,3253.9,330.698,4985100.283,2.625854673
385.456863776,2.538,2538,4,220.068,3319.436,333.236,4985165.819,7.735687173
375.093898107,0.144,144,8,11.782,1572.864,334.811,4985182.203,0
385.404016898,0.15,150,9,9.6,4349900.357,335.186,4985214.971,10.310118791
385.106696966,0.221,221,2,85.691,630174.304,335.336,4993881.513,0
386.107351808,0.221,221,2,85.912,630190.688,335.557,5006451.767,1.000654842
385.460800189,1.575,1575,4,221.643,3319.436,335.778,5013860.135,0
387.108202057,0.221,221,2,86.133,630207.072,338.291,5019137.246,1.647401868
388.109684251,0.221,221,2,86.354,630223.456,338.512,5032236.084,1.001482194
389.110739465,0.221,221,2,86.575,630239.84,338.733,5045533.141,1.001055214
390.111220246,0.221,221,2,86.796,630256.224,338.954,5058764.125,1.000480781
391.111632653,0.221,221,2,87.017,630272.608,339.175,5072061.182,1.000412407
392.112212555,0.221,221,2,87.238,630288.992,339.396,5084895.728,1.000579902
393.112648369,0.221,221,2,87.459,630305.376,339.617,5097796.347,1.000435814
394.113075146,0.221,221,2,87.68,630321.76,339.838,5110696.966,1.000426777
385.468292811,0.15,150,9,9.75,4485551.013,340.059,5121078.619,0
387.721243635,2.513,2513,4,224.156,3368.588,340.209,5121332.654,2.252950824
395.113527967,0.221,221,2,87.901,630338.144,342.747,5121340.846,7.392284332
396.114204498,0.221,221,2,88.122,630354.528,342.968,5121357.23,1.000676531
395.939815683,2.538,2538,4,226.694,3368.588,343.189,5121365.422,0
397.114701146,0.221,221,2,88.343,630370.912,343.528,5121398.19,1.174885463
398.115223725,0.221,221,2,88.564,630387.296,343.749,5121414.574,1.000522579
399.1156832,0.221,221,2,88.785,630403.68,343.97,5121430.958,1.000459475
400.116088862,0.221,221,2,89.006,630420.064,344.191,5121447.342,1.000405662
401.116493265,0.221,221,2,89.227,630436.448,344.412,5121463.726,1.000404403
402.116904625,0.221,221,2,89.448,630452.832,344.633,5121480.11,1.00041136
403.117331952,0.221,221,2,89.669,630461.024,344.854,5121488.302,1.000427327
404.117888601,0.221,221,2,89.89,630477.408,345.075,5121504.686,1.000556649
405.118667579,0.221,221,2,90.111,630493.792,345.296,5121521.07,1.000778978
406.119101772,0.221,221,2,90.332,630510.176,345.517,5121537.454,1.000434193
397.72048494,0.339,339,4,227.033,3393.164,345.738,5121545.646,0
407.119566381,0.221,221,2,90.553,630526.56,346.077,5121566.126,9.399081441
408.120040534,0.221,221,2,90.774,630542.944,346.298,5121582.51,1.000474153
409.120486245,0.221,221,2,90.995,630559.328,346.519,5121598.894,1.000445711
410.120889137,0.221,221,2,91.216,630575.712,346.74,5121615.278,1.000402892
411.121297332,0.221,221,2,91.437,630592.096,346.961,5121631.662,1.000408195
412.121703331,0.221,221,2,91.658,630608.48,347.182,5121648.046,1.000405999
413.122105083,0.221,221,2,91.879,630624.864,347.403,5121664.43,1.000401752
414.122506641,0.221,221,2,92.1,630641.248,347.624,5121680.814,1.000401558
415.12291233,0.221,221,2,92.321,630657.632,347.845,5121697.198,1.000405689
416.123313256,0.221,221,2,92.542,630674.016,348.066,5121713.582,1.000400926
407.724937854,0.339,339,4,227.372,3405.452,348.287,5121721.774,0
417.123714916,0.221,221,2,92.763,630690.4,348.626,5121734.062,9.398777062
418.124133928,0.221,221,2,92.984,630706.784,348.847,5121750.446,1.000419012
419.12455204,0.221,221,2,93.205,630723.168,349.068,5121766.83,1.000418112
420.124952834,0.221,221,2,93.426,630739.552,349.289,5121783.214,1.000400794
421.125351671,0.221,221,2,93.647,630755.936,349.51,5121799.598,1.000398837
422.125759186,0.221,221,2,93.868,630772.32,349.731,5121815.982,1.000407515
423.126173446,0.221,221,2,94.089,630788.704,349.952,5121832.366,1.00041426
424.126582682,0.221,221,2,94.31,630805.088,350.173,5121850.798,1.000409236
425.127187606,0.221,221,2,94.531,630821.472,350.394,5121867.182,1.000604924
426.127649641,0.221,221,2,94.752,630837.856,350.615,5121883.566,1.000462035
417.720427882,0.339,339,4,227.711,3409.548,350.836,5121891.758,0
427.128051025,0.221,221,2,94.973,630854.24,351.175,5121903.022,9.407623143
428.128485197,0.221,221,2,95.194,630870.624,351.396,5121919.406,1.000434172
429.128908671,0.221,221,2,95.415,630887.008,351.617,5121937.806,1.000423474
430.129433751,0.221,221,2,95.636,630903.392,351.838,5121954.19,1.00052508
431.134565296,0.221,221,2,95.857,630919.776,352.059,5121970.574,1.005131545
432.135067839,0.221,221,2,96.078,630936.16,352.28,5121988.382,1.000502543
433.135728796,0.221,221,2,96.299,630952.544,352.501,5122004.766,1.000660957
434.136264436,0.221,221,2,96.52,630968.928,352.722,5122021.15,1.00053564
435.136733968,0.221,221,2,96.741,630977.12,352.943,5122029.342,1.000469532
436.137269124,0.221,221,2,96.962,630993.504,353.164,5122045.726,1.000535156
427.720556941,0.339,339,4,228.05,3412.62,353.385,5122053.918,0
437.137804625,0.221,221,2,97.183,631009.888,353.724,5122063.134,9.417247684
438.13963057,0.221,221,2,97.404,631026.272,353.945,5122079.518,1.001825945
439.14019759,0.221,221,2,97.625,631042.656,354.166,5122097.694,1.00056702
440.14080928,0.221,221,2,97.846,631059.04,354.387,5122114.078,1.00061169
441.141274578,0.221,221,2,98.067,631075.424,354.608,5122130.462,1.000465298
442.141701431,0.221,221,2,98.288,631091.808,354.829,5122146.846,1.000426853
443.14216885,0.221,221,2,98.509,631108.192,355.05,5122163.23,1.000467419
444.142643876,0.221,221,2,98.73,631124.576,355.271,5122179.614,1.000475026
445.143077142,0.221,221,2,98.951,631140.96,355.492,5122195.998,1.000433266
446.143516287,0.221,221,2,99.172,631157.344,355.713,5122212.382,1.000439145
437.720562781,0.339,339,4,228.389,3413.644,355.934,5122220.574,0
447.143934263,0.221,221,2,99.393,631173.728,356.273,5122229.79,9.423371482
448.144399883,0.221,221,2,99.614,631190.112,356.494,5122246.174,1.00046562
449.144857447,0.221,221,2,99.835,631206.496,356.715,5122262.558,1.000457564
450.145296572,0.221,221,2,100.056,631222.88,356.936,5122278.942,1.000439125
451.145722925,0.221,221,2,100.277,631239.264,357.157,5122295.326,1.000426353
452.146222603,0.221,221,2,100.498,631255.648,357.378,5122311.71,1.000499678
453.146649596,0.221,221,2,100.719,631272.032,357.599,5122328.094,1.000426993
454.147072047,0.221,221,2,100.94,631288.416,357.82,5122344.478,1.000422451
455.14749482,0.221,221,2,101.161,631304.8,358.041,5122364.43,1.000422773
447.720588339,0.339,339,4,228.728,3426.7,358.262,5122384.654,0
456.807572378,1.575,1575,4,230.303,3426.7,359.837,5122384.654,9.086984039
456.816470682,0.286,286,4,230.589,3627.404,360.123,5122585.358,0.00889830400001
456.821871225,0.189,189,4,230.778,3631.5,360.312,5122589.454,0.00540054300001
456.842319398,0.249,249,4,231.027,3633.548,360.561,5122591.502,0.020448173
456.148086271,0.221,221,2,101.382,631312.992,361.289,5122592.526,0
456.887172909,0.188,188,2,101.57,670728.8,361.477,5194762.51,0.739086638
456.854985643,0.114,114,4,231.141,3634.572,361.698,5322467.598,0
457.148921452,0.221,221,2,101.791,728916.576,364.211,5370383.598,0.293935809
458.150152133,0.221,221,2,102.012,728932.96,364.432,5453008.11,1.001230681
459.151280062,0.221,221,2,102.233,728949.344,364.653,5453024.494,1.001127929
460.152038247,0.221,221,2,102.454,728965.728,364.874,5453040.878,1.000758185
461.152780132,0.221,221,2,102.675,728982.112,365.095,5453057.262,1.000741885
462.153644574,0.221,221,2,102.896,728998.496,365.316,5453073.646,1.000864442
463.15441786,0.221,221,2,103.117,729014.88,365.537,5453090.03,1.000773286
464.155122721,0.221,221,2,103.338,729031.264,365.758,5453106.414,1.000704861
465.155610868,0.221,221,2,103.559,729047.648,365.979,5453122.798,1.000488147
466.156223885,0.221,221,2,103.78,729064.032,366.2,5453139.182,1.000613017
457.722798129,2.513,2513,4,233.654,3635.564,366.421,5453139.182,0
467.15724385,0.221,221,2,104.001,729072.224,368.934,5453147.854,9.434445721
468.158053002,0.221,221,2,104.222,729080.416,369.155,5453156.046,1.000809152
468.253101294,0.249,249,2,104.471,791642.72,369.404,5515718.35,0.095048292
469.158822952,0.221,221,2,104.692,791659.104,369.625,5515734.734,0.905721658
470.159531073,0.221,221,2,104.913,791667.296,369.846,5515742.926,1.000708121
470.719401579,0.186,186,2,105.099,852902.496,370.032,5576978.126,0.559870506
471.160258748,0.221,221,2,105.32,852918.88,370.253,5576999.902,0.440857169
472.161068003,0.221,221,2,105.541,852935.264,370.474,5577016.286,1.000809255
473.161785547,0.221,221,2,105.762,852953.6,370.883,5637773.694,1.000717544
474.16253978,0.221,221,2,105.983,852969.984,371.104,5637791.342,1.000754233
475.164524682,0.221,221,2,106.204,852986.368,371.325,5637811.966,1.001984902
476.165287545,0.221,221,2,106.425,853002.752,371.732,5694102.27,1.000762863
467.722210908,2.513,2513,4,236.167,3636.044,371.953,5697026.814,0
477.169491352,0.221,221,2,106.646,853019.136,374.466,5697035.95,9.447280444
473.761287153,0.188,188,3,0.188,60743.536,374.687,5697044.142,0
478.170244035,0.221,221,2,106.867,853035.52,374.864,5745467.054,4.408956882
479.170946303,0.221,221,2,107.088,853051.904,375.085,5745483.438,1.000702268
480.171680607,0.221,221,2,107.309,853070.112,375.306,5745501.646,1.000734304
481.17241143,0.221,221,2,107.53,853086.496,375.527,5745519.662,1.000730823
456.884410604,0.614,230,5,0.614,232803.968,375.748,5745527.854,0
482.17331469,0.221,221,2,107.751,853102.88,375.934,5803306.03,25.288904086
483.175850861,0.221,221,2,107.972,853111.072,376.155,5803317.582,1.002536171
484.038057103,0.158,158,2,108.13,886722.848,376.313,5836929.358,0.862206242
484.176656792,0.221,221,2,108.351,899060.0,376.534,5849266.51,0.138599689
485.179909641,0.221,221,2,108.572,899076.384,376.755,5849282.894,1.003252849
476.92820937,0.186,186,6,0.186,59199.36,376.976,5849291.086,0
486.180745627,0.221,221,2,108.793,899092.768,377.206,5912803.662,9.252536257
477.751475599,2.513,2513,4,238.68,3636.988,377.427,5912811.854,0
487.183344784,0.221,221,2,109.014,899109.152,379.94,5912820.958,9.431869185
488.1840342,0.221,221,2,109.235,899125.536,380.161,5912838.782,1.000689416
486.512155891,0.23,230,6,0.416,122705.184,380.382,5912846.974,0
489.184786225,0.221,221,2,109.456,899141.92,380.57,5974311.55,2.672630334
490.185491144,0.221,221,2,109.677,899158.304,380.791,5976326.782,1.000704919
478.805177538,0.177,177,3,0.365,109160.048,381.012,5976334.974,0
491.186332042,0.221,221,2,109.898,899174.688,381.198,6002623.102,12.381154504
492.187101625,0.221,221,2,110.119,899191.072,381.419,6036816.51,1.000769583
493.187917804,0.221,221,2,110.34,899207.456,381.64,6036832.894,1.000816179
494.188629417,0.221,221,2,110.561,899223.84,381.861,6036849.278,1.000711613
489.947562462,0.188,188,6,0.604,186160.416,382.082,6036858.734,0
495.189287619,0.221,221,2,110.782,899240.224,382.278,6090245.998,5.241725157
496.190036625,0.221,221,2,111.003,899256.608,382.499,6091376.494,1.000749006
487.721313309,2.513,2513,4,241.193,3637.9,382.72,6091386.382,0
492.087818166,0.186,186,3,0.551,169618.272,385.233,6091387.262,4.366504857
497.190808072,0.221,221,2,111.224,899274.688,385.482,6140645.758,5.102989906
498.191646287,0.221,221,2,111.445,899291.072,385.703,6151672.19,1.000838215
499.192431969,0.221,221,2,111.666,899299.264,385.924,6151680.382,1.000785682
500.192993783,0.221,221,2,111.887,899315.648,386.145,6151696.766,1.000561814
501.193414781,0.221,221,2,112.108,899332.032,386.366,6151714.142,1.000420998
502.194190004,0.221,221,2,112.329,899348.416,386.587,6151730.526,1.000775223
503.194879973,0.221,221,2,112.55,899364.8,386.808,6151748.766,1.000689969
504.195534599,0.221,221,2,112.771,899381.184,387.029,6151765.15,1.000654626
505.196336466,0.221,221,2,112.992,899397.568,387.25,6151781.534,1.000801867
506.197210578,0.221,221,2,113.213,899413.952,387.471,6151797.918,1.000874112
497.721566924,2.513,2513,4,243.706,3638.78,387.692,6151806.11,0
507.197933147,0.221,221,2,113.434,899430.336,390.205,6151815.15,9.476366223
508.198721037,0.221,221,2,113.655,899446.72,390.426,6151831.534,1.00078789
509.199474394,0.221,221,2,113.876,899463.104,390.647,6151847.918,1.000753357
510.200180747,0.221,221,2,114.097,899479.488,390.868,6151864.302,1.000706353
511.200679051,0.221,221,2,114.318,899495.872,391.089,6151880.686,1.000498304
512.201461626,0.221,221,2,114.539,899512.256,391.31,6151897.07,1.000782575
513.202187705,0.221,221,2,114.76,899528.64,391.531,6151913.454,1.000726079
507.720926063,2.513,2513,4,246.219,3639.628,391.752,6151921.646,0
514.202674823,0.221,221,2,114.981,899545.024,391.93,6151930.654,6.48174876
515.20398749,0.221,221,2,115.202,899561.408,392.151,6151947.038,1.001312667
514.384577566,0.178,178,4,246.397,3640.444,392.372,6151955.23,0
516.507944672,2.633,2633,4,249.03,3649.228,395.005,6151964.014,2.123367106
516.513591991,1.575,1575,4,250.605,3649.228,396.58,6151964.014,0.00564731899999
482.848713153,0.186,186,5,0.8,290575.808,396.829,6151965.038,0
495.93095721,0.196,196,6,0.8,240654.592,397.025,6152046.958,13.082244057
516.205570848,0.221,221,2,115.423,899569.6,397.399,6152128.878,20.274613638
516.527594336,0.249,249,2,115.672,1035327.424,397.648,6580951.406,0.322023488
516.51864473,0.249,249,4,250.854,3650.252,397.869,6742706.542,0
517.206624422,0.221,221,2,115.893,1100732.352,400.382,6742715.726,0.687979692
518.207524252,0.221,221,2,116.114,1100748.736,400.603,6742732.11,1.00089983
519.20819397,0.221,221,2,116.335,1100765.12,400.824,6742748.494,1.000669718
520.208903109,0.221,221,2,116.556,1100781.504,401.045,6742764.878,1.000709139
521.209610386,0.221,221,2,116.777,1100797.888,401.266,6742781.262,1.000707277
522.21023145,0.221,221,2,116.998,1100814.272,401.487,6742797.646,1.000621064
523.210865498,0.221,221,2,117.219,1100830.656,401.708,6742814.03,1.000634048
524.211557271,0.221,221,2,117.44,1100847.04,401.929,6742830.414,1.000691773
525.212244242,0.221,221,2,117.661,1100863.424,402.15,6742846.798,1.000686971
526.212955828,0.221,221,2,117.882,1100879.808,402.371,6742864.206,1.000711586
517.721250959,2.513,2513,4,253.367,3651.244,402.592,6742872.398,0
527.215350926,0.221,221,2,118.103,1100896.192,405.105,6742881.55,9.494099967
528.21617339,0.221,221,2,118.324,1100912.576,405.326,6742897.934,1.000822464
529.216957198,0.221,221,2,118.545,1100928.96,405.547,6742914.318,1.000783808
516.526815906,0.374,186,6,1.174,481331.456,405.768,6742938.894,0
530.217534666,0.221,221,2,118.766,1100961.728,405.998,6800243.182,13.69071876
532.21862499,0.221,221,2,118.987,1100978.112,406.219,6800259.566,2.001090324
533.220818018,0.221,221,2,119.208,1100994.496,406.44,6800275.95,1.002193028
497.823816184,0.249,249,3,0.8,229878.624,406.661,6800284.142,0
534.221500375,0.221,221,2,119.429,1101010.88,406.91,6865893.87,36.397684191
535.222203098,0.221,221,2,119.65,1101027.264,407.131,6865910.254,1.000702723
536.222884971,0.221,221,2,119.871,1101043.648,407.352,6865926.638,1.000681873
534.52179352,0.249,249,3,1.049,295480.16,407.573,6865934.83,0
527.72140433,2.513,2513,4,255.88,3652.204,407.759,6909745.646,0
537.223615208,0.221,221,2,120.092,1101060.032,410.272,6927515.022,9.502210878
538.22631264,0.221,221,2,120.313,1101076.416,410.493,6927531.406,1.002697432
539.227008634,0.221,221,2,120.534,1101092.8,410.714,6927547.79,1.000695994
540.229356044,0.221,221,2,120.755,1101109.184,410.935,6927564.174,1.00234741
531.650984717,0.23,230,6,1.404,538626.304,411.156,6927572.366,0
541.229816333,0.221,221,2,120.976,1101125.568,411.352,6986481.038,9.578831616
542.230436456,0.221,221,2,121.197,1101141.952,411.573,6990822.798,1.000620123
543.231124918,0.221,221,2,121.418,1101158.336,411.794,6990839.182,1.000688462
516.524443047,0.196,196,5,0.996,439488.16,412.015,6990847.374,0
544.231826194,0.221,221,2,121.639,1101174.72,412.201,7053491.598,27.707383147
545.232523952,0.221,221,2,121.86,1101191.104,412.422,7053507.982,1.000697758
546.23321239,0.221,221,2,122.081,1101207.488,412.643,7053524.366,1.000688438
537.551743288,0.186,186,3,1.235,357051.232,412.864,7053532.558,0
537.721366457,2.513,2513,4,258.393,3653.132,413.041,7098244.494,0.169623169
547.23389093,0.221,221,2,122.302,1101223.872,415.554,7098253.582,9.512524473
548.234559865,0.221,221,2,122.523,1101240.256,415.775,7098269.966,1.000668935
549.235219419,0.221,221,2,122.744,1101256.64,415.996,7098286.35,1.000659554
550.235932948,0.221,221,2,122.965,1101273.024,416.217,7098302.734,1.000713529
551.23661214,0.221,221,2,123.186,1101289.408,416.438,7098319.118,1.000679192
544.611746243,0.186,186,5,1.182,502124.192,416.659,7098327.31,0
552.237089833,0.221,221,2,123.407,1101305.792,416.889,7154974.99,7.62534359
553.237722363,0.221,221,2,123.628,1101322.176,417.11,7156433.166,1.00063253
554.238449076,0.221,221,2,123.849,1101338.56,417.331,7156449.55,1.000726713
555.239130762,0.221,221,2,124.07,1101346.752,417.552,7156457.742,1.000681686
555.615729129,0.188,188,2,124.258,1158141.888,417.74,7213252.878,0.376598367
556.239820485,0.221,221,2,124.479,1158158.272,417.961,7213269.262,0.624091356
547.721527975,2.513,2513,4,260.906,3654.028,418.182,7213277.454,0
557.240646238,0.221,221,2,124.7,1158174.656,420.695,7213286.51,9.519118263
552.950533841,0.23,230,5,1.412,560205.472,420.916,7213294.702,0
558.241396996,0.221,221,2,124.921,1158191.04,421.104,7277249.646,5.290863155
559.242068758,0.221,221,2,125.142,1158207.424,421.325,7277266.03,1.000671762
560.242749883,0.221,221,2,125.363,1158215.616,421.546,7277274.222,1.000681125
560.917878218,0.186,186,2,125.549,1218549.696,421.732,7337608.302,0.675128335
561.243573052,0.221,221,2,125.77,1218566.08,421.953,7337624.686,0.325694834
547.263660179,0.177,177,3,1.412,401763.168,422.174,7337649.262,0
562.244312585,0.221,221,2,125.991,1218598.848,422.362,7393526.894,14.980652406
564.24568899,0.221,221,2,126.212,1218615.232,422.583,7393543.278,2.001376405
565.246368517,0.221,221,2,126.433,1218631.616,422.804,7393559.662,1.000679527
566.246835581,0.221,221,2,126.654,1218639.808,423.025,7393567.854,1.000467064
567.19347652,0.158,158,2,126.812,1232541.632,423.183,7407469.678,0.946640939
557.89949659,2.513,2513,4,263.419,3654.892,423.404,7437821.038,0
567.247546147,0.221,221,2,127.033,1262901.184,425.917,7437830.062,9.348049557
568.250155448,0.221,221,2,127.254,1262917.568,426.138,7437846.446,1.002609301
569.250857591,0.221,221,2,127.475,1262933.952,426.359,7437862.83,1.000702143
570.251516284,0.221,221,2,127.696,1262950.336,426.58,7437879.214,1.000658693
571.252203018,0.221,221,2,127.917,1262966.72,426.801,7437895.598,1.000686734
572.252960187,0.221,221,2,128.138,1262983.104,427.022,7437911.982,1.000757169
573.253660405,0.221,221,2,128.359,1262999.488,427.243,7437928.366,1.000700218
574.254361329,0.221,221,2,128.58,1263015.872,427.464,7437944.75,1.000700924
575.255054211,0.221,221,2,128.801,1263032.256,427.685,7437961.134,1.000692882
576.255535223,0.221,221,2,129.022,1263048.64,427.906,7437977.518,1.000481012
567.721658801,2.513,2513,4,265.932,3655.724,428.127,7437985.71,0
577.255938059,0.221,221,2,129.243,1263065.024,430.64,7437994.702,9.534279258
578.256541014,0.221,221,2,129.464,1263081.408,430.861,7438011.086,1.000602955
579.257305409,0.221,221,2,129.685,1263097.792,431.082,7438027.47,1.000764395
580.258083323,0.221,221,2,129.906,1263114.176,431.303,7438043.854,1.000777914
581.2589505,0.221,221,2,130.127,1263130.56,431.524,7438060.238,1.000867177
577.867210184,2.513,2513,4,268.445,3656.524,431.745,7438068.43,0
582.259720623,0.221,221,2,130.348,1263146.944,431.923,7438077.39,4.392510439
582.306286623,0.178,178,4,268.623,3657.292,432.144,7438085.582,0.046566
584.169786895,2.588,2588,4,271.211,3666.14,434.732,7438094.43,1.863500272
584.218963475,1.575,1575,4,272.786,3666.14,436.307,7438094.43,0.04917658
584.220734611,0.286,286,4,273.072,3716.284,436.593,7438144.574,0.001771136
583.26041562,0.221,221,2,130.569,1263163.328,436.782,7438153.726,0
584.261113089,0.221,221,2,130.79,1263179.712,437.003,7438170.11,1.000697469
584.225400743,0.189,189,4,273.261,3717.244,437.224,7438178.302,0
585.807368269,2.376,2376,4,275.637,3726.156,439.6,7438187.214,1.581967526
585.26208558,0.221,221,2,131.011,1263196.096,441.175,7438195.406,0
586.262980054,0.221,221,2,131.232,1263212.48,441.396,7438211.79,1.000894474
585.812158078,1.575,1575,4,277.212,3726.156,441.617,7438219.982,0
587.26957123,2.376,2376,4,279.588,3726.156,443.993,7438219.982,1.457413152
587.263577789,0.221,221,2,131.453,1263228.864,444.332,7438230.222,0
588.26405004,0.221,221,2,131.674,1263245.248,444.553,7438246.606,1.000472251
589.264457067,0.221,221,2,131.895,1263261.632,444.774,7438262.99,1.000407027
590.265070852,0.221,221,2,132.116,1263278.016,444.995,7438280.398,1.000613785
591.265757279,0.221,221,2,132.337,1263294.4,445.216,7438296.782,1.000686427
592.266254167,0.221,221,2,132.558,1263310.784,445.437,7438313.166,1.000496888
587.720679431,0.339,339,4,279.927,3730.22,445.658,7438322.35,0
593.43009076,0.189,189,4,280.116,3732.108,445.847,7438324.238,5.709411329
593.504106142,0.189,189,4,280.305,3733.868,446.036,7438325.998,0.074015382
593.26665306,0.221,221,2,132.779,1263327.168,446.225,7438335.022,0
594.267276676,0.221,221,2,133.0,1263359.936,446.446,7438367.79,1.000623616
596.268454115,0.221,221,2,133.221,1263376.32,446.667,7438384.174,2.001177439
593.509269498,0.189,189,4,280.494,3734.7,446.888,7438392.366,0
597.268933075,0.221,221,2,133.442,1263392.704,447.227,7438401.358,3.759663577
598.269381915,0.221,221,2,133.663,1263409.088,447.448,7438417.742,1.00044884
599.269788428,0.221,221,2,133.884,1263425.472,447.669,7438434.126,1.000406513
600.270182403,0.221,221,2,134.105,1263441.856,447.89,7438450.51,1.000393975
601.27057179,0.221,221,2,134.326,1263458.24,448.111,7438466.894,1.000389387
602.270952657,0.221,221,2,134.547,1263474.624,448.332,7438483.278,1.000380867
603.271332722,0.221,221,2,134.768,1263491.008,448.553,7438499.662,1.000380065
604.271708414,0.221,221,2,134.989,1263507.392,448.774,7438516.046,1.000375692
605.272082946,0.221,221,2,135.21,1263523.776,448.995,7438532.43,1.000374532
606.272460646,0.221,221,2,135.431,1263540.16,449.216,7438548.814,1.0003777
597.721702131,0.339,339,4,280.833,3735.5,449.437,7438557.006,0
607.272832845,0.221,221,2,135.652,1263556.544,449.776,7438565.198,9.551130714
608.273212776,0.221,221,2,135.873,1263572.928,449.997,7438582.35,1.000379931
609.273613363,0.221,221,2,136.094,1263589.312,450.218,7438598.734,1.000400587
610.274016521,0.221,221,2,136.315,1263605.696,450.439,7438615.118,1.000403158
611.274390764,0.221,221,2,136.536,1263622.08,450.66,7438631.502,1.000374243
612.274766482,0.221,221,2,136.757,1263638.464,450.881,7438647.886,1.000375718
607.720423158,0.339,339,4,281.172,3745.116,451.102,7438664.926,0
613.805092955,1.575,1575,4,282.747,3745.116,452.677,7438664.926,6.084669797
613.810428923,0.286,286,4,283.033,13181.244,452.963,7448101.054,0.00533596800005
613.985712588,0.189,189,4,283.222,13182.204,453.152,7448102.014,0.175283665
613.989495589,0.286,286,4,283.508,13510.812,453.438,7448430.622,0.00378300099999
613.275144856,0.221,221,2,136.978,1263654.848,453.627,7448439.71,0
614.275744059,0.221,221,2,137.199,1263671.232,453.848,7448456.094,1.000599203
615.276466805,0.221,221,2,137.42,1263687.616,454.069,7448472.478,1.000722746
613.995123428,0.189,189,4,283.697,13511.708,454.29,7448480.67,0
616.438358062,0.286,286,4,283.983,18837.372,454.576,7453806.334,2.443234634
563.499875775,0.188,188,3,1.6,457633.792,454.765,7453808.35,0
616.277145266,0.221,221,2,137.641,1263704.0,2591.051,7453816.542,52.777269491
616.465516168,0.189,189,4,284.172,18838.204,2591.272,7453824.734,0.188370902
617.277886705,0.221,221,2,137.862,1263720.384,2593.785,7453833.726,0.812370537
618.278539338,0.221,221,2,138.083,1263736.768,2594.006,7453850.11,1.000652633
619.279294054,0.221,221,2,138.304,1263753.152,2594.227,7453866.494,1.000754716
620.27984356,0.221,221,2,138.525,1263769.536,2594.448,7453882.878,1.000549506
621.280239758,0.221,221,2,138.746,1263785.92,2594.669,7453899.262,1.000396198
622.280629588,0.221,221,2,138.967,1263802.304,2594.89,7453915.646,1.00038983
623.281014911,0.221,221,2,139.188,1263818.688,2595.111,7453932.03,1.000385323
624.281399943,0.221,221,2,139.409,1263835.072,2595.332,7453948.414,1.000385032
625.281922925,0.221,221,2,139.63,1263851.456,2595.553,7453964.798,1.000522982
617.721185667,2.513,2513,4,286.685,18839.004,2595.774,7453989.374,0
626.28231696,0.221,221,2,139.851,1263876.032,2598.287,7453990.142,8.561131293
628.283509481,0.221,221,2,140.072,1263900.608,2598.508,7454014.718,2.001192521
628.05771295,2.513,2513,4,289.198,18839.772,2598.729,7454022.91,0
629.907916079,2.663,2663,4,291.861,18848.62,2601.392,7454031.758,1.850203129
629.284118677,0.221,221,2,140.293,1263916.992,2602.967,7454039.95,0
630.284681028,0.221,221,2,140.514,1263933.376,2603.188,7454056.334,1.000562351
631.285322928,0.221,221,2,140.735,1263949.76,2603.409,7454072.718,1.0006419
632.286090846,0.221,221,2,140.956,1263966.144,2603.63,7454089.102,1.000767918
633.286789086,0.221,221,2,141.177,1263982.528,2603.851,7454105.486,1.00069824
634.287269859,0.221,221,2,141.398,1263998.912,2604.072,7454121.87,1.000480773
635.287675467,0.221,221,2,141.619,1264015.296,2604.293,7454138.254,1.000405608
636.288268245,0.221,221,2,141.84,1264031.68,2604.514,7454154.638,1.000592778
629.912545925,1.575,1575,4,293.436,18848.62,2604.735,7454162.83,0
637.288755859,0.221,221,2,142.061,1264048.064,2607.248,7454172.014,7.376209934
638.289421475,0.221,221,2,142.282,1264064.448,2607.469,7454188.398,1.000665616
639.290127926,0.221,221,2,142.503,1264080.832,2607.69,7454204.782,1.000706451
640.290624867,0.221,221,2,142.724,1264097.216,2607.911,7454221.166,1.000496941
641.291021224,0.221,221,2,142.945,1264113.6,2608.132,7454237.55,1.000396357
637.722925718,2.513,2513,4,295.949,18849.612,2608.353,7454245.742,0
642.291431939,0.221,221,2,143.166,1264129.984,2611.059,7454253.934,4.568506221
643.292502432,0.221,221,2,143.387,1264146.368,2611.28,7454270.318,1.001070493
644.29558317,0.221,221,2,143.608,1264162.752,2611.501,7454286.702,1.003080738
645.29638708,0.221,221,2,143.829,1264179.136,2611.722,7454303.086,1.00080391
646.296754251,0.221,221,2,144.05,1264195.52,2611.943,7454319.47,1.000367171
643.083898822,2.706,2706,4,298.655,18849.612,2612.164,7454327.662,0
647.297350969,0.221,221,2,144.271,1264211.904,2612.503,7454336.814,4.213452147
648.297844917,0.221,221,2,144.492,1264228.288,2612.724,7454353.198,1.000493948
649.29831576,0.221,221,2,144.713,1264244.672,2612.945,7454369.582,1.000470843
650.298820068,0.221,221,2,144.934,1264261.056,2613.166,7454385.966,1.000504308
651.2992317,0.221,221,2,145.155,1264277.44,2613.387,7454402.35,1.000411632
652.299593876,0.221,221,2,145.376,1264293.824,2613.608,7454418.734,1.000362176
653.299950797,0.221,221,2,145.597,1264310.208,2613.829,7454435.118,1.000356921
654.300300626,0.221,221,2,145.818,1264326.592,2614.05,7454451.502,1.000349829
655.300681061,0.221,221,2,146.039,1264342.976,2614.271,7454467.886,1.000380435
656.301061043,0.221,221,2,146.26,1264359.36,2614.492,7454484.27,1.000379982
647.72058322,0.339,339,4,298.994,18850.572,2614.713,7454492.462,0
657.301438288,0.221,221,2,146.481,1264375.744,2615.052,7454501.582,9.580855068
658.301914852,0.221,221,2,146.702,1264392.128,2615.273,7454517.966,1.000476564
659.302311975,0.221,221,2,146.923,1264408.512,2615.494,7454534.35,1.000397123
660.302714609,0.221,221,2,147.144,1264424.896,2615.715,7454550.734,1.000402634
661.303071627,0.221,221,2,147.365,1264441.28,2615.936,7454567.118,1.000357018
662.303458976,0.221,221,2,147.586,1264457.664,2616.157,7454583.502,1.000387349
663.303822127,0.221,221,2,147.807,1264474.048,2616.378,7454599.886,1.000363151
664.304225507,0.221,221,2,148.028,1264490.432,2616.599,7454616.27,1.00040338
665.304700114,0.221,221,2,148.249,1264506.816,2616.82,7454632.654,1.000474607
666.305088979,0.221,221,2,148.47,1264523.2,2617.041,7454649.038,1.000388865
657.720368311,0.339,339,4,299.333,18851.5,2617.262,7454657.23,0
667.305454277,0.221,221,2,148.691,1264539.584,2617.601,7454666.318,9.585085966
668.305860539,0.221,221,2,148.912,1264555.968,2617.822,7454682.702,1.000406262
669.306235876,0.221,221,2,149.133,1264572.352,2618.043,7454699.086,1.000375337
670.306610262,0.221,221,2,149.354,1264588.736,2618.264,7454715.47,1.000374386
671.306999049,0.221,221,2,149.575,1264605.12,2618.485,7454731.854,1.000388787
672.307363641,0.221,221,2,149.796,1264621.504,2618.706,7454748.238,1.000364592
673.307729971,0.221,221,2,150.017,1264637.888,2618.927,7454764.622,1.00036633
674.30808653,0.221,221,2,150.238,1264654.272,2619.148,7454781.006,1.000356559
675.308448145,0.221,221,2,150.459,1264670.656,2619.369,7454797.39,1.000361615
676.308806522,0.221,221,2,150.68,1264687.04,2619.59,7454813.774,1.000358377
667.720410701,0.339,339,4,299.672,18852.396,2619.811,7454821.966,0
677.309241397,0.221,221,2,150.901,1264703.424,2620.15,7454831.022,9.588830696
678.30963279,0.221,221,2,151.122,1264719.808,2620.371,7454847.406,1.000391393
679.31001995,0.221,221,2,151.343,1264736.192,2620.592,7454863.79,1.00038716
680.310382931,0.221,221,2,151.564,1264752.576,2620.813,7454880.174,1.000362981
681.310746277,0.221,221,2,151.785,1264768.96,2621.034,7454896.558,1.000363346
682.311108496,0.221,221,2,152.006,1264785.344,2621.255,7454912.942,1.000362219
683.311475754,0.221,221,2,152.227,1264801.728,2621.476,7454929.326,1.000367258
684.311839563,0.221,221,2,152.448,1264818.112,2621.697,7454945.71,1.000363809
685.31220304,0.221,221,2,152.669,1264834.496,2621.918,7454962.094,1.000363477
686.312569931,0.221,221,2,152.89,1264850.88,2622.139,7454978.478,1.000366891
677.720283467,0.339,339,4,300.011,18853.26,2622.36,7454986.67,0
687.312922668,0.221,221,2,153.111,1264867.264,2622.699,7454995.694,9.592639201
688.313316006,0.221,221,2,153.332,1264883.648,2622.92,7455012.078,1.000393338
689.313684952,0.221,221,2,153.553,1264900.032,2623.141,7455028.462,1.000368946
690.314052288,0.221,221,2,153.774,1264932.8,2623.362,7455061.23,1.000367336
692.314815902,0.221,221,2,153.995,1264949.184,2623.583,7455077.614,2.000763614
693.315185516,0.221,221,2,154.216,1264965.568,2623.804,7455093.998,1.000369614
694.315548312,0.221,221,2,154.437,1264981.952,2624.025,7455110.382,1.000362796
695.315907074,0.221,221,2,154.658,1264998.336,2624.246,7455126.766,1.000358762
696.31627189,0.221,221,2,154.879,1265014.72,2624.467,7455143.15,1.000364816
687.720164795,0.339,339,4,300.35,18854.092,2624.688,7455151.342,0
697.31662937,0.221,221,2,155.1,1265031.104,2625.027,7455160.334,9.596464575
698.316995921,0.221,221,2,155.321,1265047.488,2625.248,7455176.718,1.000366551
699.317354621,0.221,221,2,155.542,1265063.872,2625.469,7455193.102,1.0003587
700.317722031,0.221,221,2,155.763,1265080.256,2625.69,7455209.486,1.00036741
701.318078017,0.221,221,2,155.984,1265096.64,2625.911,7455225.87,1.000355986
702.318437153,0.221,221,2,156.205,1265113.024,2626.132,7455243.726,1.000359136
703.318938881,0.221,221,2,156.426,1265129.408,2626.353,7455260.11,1.000501728
704.319349394,0.221,221,2,156.647,1265145.792,2626.574,7455276.494,1.000410513
705.319707609,0.221,221,2,156.868,1265162.176,2626.795,7455292.878,1.000358215
706.320070825,0.221,221,2,157.089,1265178.56,2627.016,7455309.262,1.000363216
697.720116982,0.339,339,4,300.689,18854.892,2627.237,7455317.454,0
707.320535177,0.221,221,2,157.31,1265194.944,2627.576,7455326.414,9.600418195
708.320980373,0.221,221,2,157.531,1265211.328,2627.797,7455342.798,1.000445196
709.321383392,0.221,221,2,157.752,1265227.712,2628.018,7455359.182,1.000403019
710.321758311,0.221,221,2,157.973,1265244.096,2628.239,7455375.566,1.000374919
711.32212321,0.221,221,2,158.194,1265260.48,2628.46,7455391.95,1.000364899
712.322479429,0.221,221,2,158.415,1265276.864,2628.681,7455408.334,1.000356219
713.322850419,0.221,221,2,158.636,1265293.248,2628.902,7455424.718,1.00037099
714.323210422,0.221,221,2,158.857,1265309.632,2629.123,7455441.102,1.000360003
715.323583477,0.221,221,2,159.078,1265326.016,2629.344,7455457.486,1.000373055
716.323949812,0.221,221,2,159.299,1265342.4,2629.565,7455473.87,1.000366335
707.720342016,0.339,339,4,301.028,18855.66,2629.786,7455482.062,0
717.324307319,0.221,221,2,159.52,1265358.784,2630.125,7455490.622,9.603965303
718.3247237,0.221,221,2,159.741,1265375.168,2630.346,7455507.006,1.000416381
719.326401452,0.221,221,2,159.962,1265391.552,2630.567,7455523.39,1.001677752
720.326768379,0.221,221,2,160.183,1265407.936,2630.788,7455539.774,1.000366927
721.327134125,0.221,221,2,160.404,1265424.32,2631.009,7455556.158,1.000365746
722.327498177,0.221,221,2,160.625,1265440.704,2631.23,7455572.542,1.000364052
723.327862268,0.221,221,2,160.846,1265457.088,2631.451,7455588.926,1.000364091
724.328248519,0.221,221,2,161.067,1265473.472,2631.672,7455605.31,1.000386251
725.328609254,0.221,221,2,161.288,1265489.856,2631.893,7455621.694,1.000360735
726.328963297,0.221,221,2,161.509,1265506.24,2632.114,7455638.078,1.000354043
717.720217914,0.339,339,4,301.367,18856.028,2632.335,7455646.27,0
727.329327319,0.221,221,2,161.73,1265522.624,2632.674,7455656.51,9.609109405
728.329799819,0.221,221,2,161.951,1265539.008,2632.895,7455672.894,1.0004725
729.33277276,0.221,221,2,162.172,1265555.392,2633.116,7455689.278,1.002972941
730.333146978,0.221,221,2,162.393,1265571.776,2633.337,7455705.662,1.000374218
731.333509569,0.221,221,2,162.614,1265588.16,2633.558,7455722.046,1.000362591
732.333870637,0.221,221,2,162.835,1265604.544,2633.779,7455738.43,1.000361068
733.334244425,0.221,221,2,163.056,1265620.928,2634.0,7455754.814,1.000373788
734.334607551,0.221,221,2,163.277,1265637.312,2634.221,7455771.198,1.000363126
735.334963953,0.221,221,2,163.498,1265653.696,2634.442,7455787.582,1.000356402
736.33533824,0.221,221,2,163.719,1265670.08,2634.663,7455803.966,1.000374287
727.720180109,0.339,339,4,301.706,18856.732,2634.884,7455812.158,0
737.335751344,0.221,221,2,163.94,1265686.464,2635.223,7455821.022,9.615571235
738.336168859,0.221,221,2,164.161,1265702.848,2635.444,7455837.406,1.000417515
739.336561843,0.221,221,2,164.382,1265719.232,2635.665,7455853.79,1.000392984
740.336927157,0.221,221,2,164.603,1265735.616,2635.886,7455870.174,1.000365314
741.337293305,0.221,221,2,164.824,1265752.0,2636.107,7455886.558,1.000366148
742.337722463,0.221,221,2,165.045,1265768.384,2636.328,7455902.942,1.000429158
743.338171922,0.221,221,2,165.266,1265784.768,2636.549,7455919.326,1.000449459
744.33860023,0.221,221,2,165.487,1265801.152,2636.77,7455935.71,1.000428308
745.33898222,0.221,221,2,165.708,1265817.536,2636.991,7455952.094,1.00038199
746.339342644,0.221,221,2,165.929,1265833.92,2637.212,7455968.478,1.000360424
737.720383088,0.339,339,4,302.045,18857.404,2637.433,7455976.67,0
747.339704023,0.221,221,2,166.15,1265850.304,2637.772,7455985.502,9.619320935
748.34010551,0.221,221,2,166.371,1265866.688,2637.993,7456003.102,1.000401487
749.340524068,0.221,221,2,166.592,1265883.072,2638.214,7456019.486,1.000418558
750.340917842,0.221,221,2,166.813,1265899.456,2638.435,7456035.87,1.000393774
751.341288023,0.221,221,2,167.034,1265915.84,2638.656,7456053.342,1.000370181
752.341756514,0.221,221,2,167.255,1265932.224,2638.877,7456069.726,1.000468491
753.342346482,0.221,221,2,167.476,1265948.608,2639.098,7456086.11,1.000589968
754.34273964,0.221,221,2,167.697,1265964.992,2639.319,7456102.494,1.000393158
755.34310002,0.221,221,2,167.918,1265981.376,2639.54,7456118.878,1.00036038
756.343494784,0.221,221,2,168.139,1265997.76,2639.761,7456135.262,1.000394764
747.720344531,0.339,339,4,302.384,18858.044,2639.982,7456143.454,0
757.343863251,0.221,221,2,168.36,1266014.144,2640.321,7456152.254,9.62351872
758.34425916,0.221,221,2,168.581,1266030.528,2640.542,7456168.638,1.000395909
759.344637393,0.221,221,2,168.802,1266046.912,2640.763,7456185.022,1.000378233
760.344999266,0.221,221,2,169.023,1266063.296,2640.984,7456201.406,1.000361873
761.345357569,0.221,221,2,169.244,1266079.68,2641.205,7456217.79,1.000358303
762.345719073,0.221,221,2,169.465,1266096.064,2641.426,7456234.174,1.000361504
763.346082636,0.221,221,2,169.686,1266112.448,2641.647,7456250.558,1.000363563
764.346440231,0.221,221,2,169.907,1266128.832,2641.868,7456266.942,1.000357595
765.346803309,0.221,221,2,170.128,1266145.216,2642.089,7456283.326,1.000363078
766.347171535,0.221,221,2,170.349,1266161.6,2642.31,7456299.71,1.000368226
757.720417733,0.339,339,4,302.723,18858.652,2642.531,7456307.902,0
767.347577162,0.221,221,2,170.57,1266177.984,2642.87,7456316.67,9.627159429
768.347968767,0.221,221,2,170.791,1266194.368,2643.091,7456333.054,1.000391605
769.348344169,0.221,221,2,171.012,1266210.752,2643.312,7456349.438,1.000375402
770.348711595,0.221,221,2,171.233,1266227.136,2643.533,7456365.822,1.000367426
771.349072049,0.221,221,2,171.454,1266243.52,2643.754,7456382.206,1.000360454
772.349453563,0.221,221,2,171.675,1266259.904,2643.975,7456398.59,1.000381514
773.349822609,0.221,221,2,171.896,1266276.288,2644.196,7456414.974,1.000369046
774.350195074,0.221,221,2,172.117,1266292.672,2644.417,7456431.358,1.000372465
775.350600137,0.221,221,2,172.338,1266309.056,2644.638,7456447.742,1.000405063
776.350967261,0.221,221,2,172.559,1266325.44,2644.859,7456464.126,1.000367124
767.720135082,0.339,339,4,303.062,18859.228,2645.08,7456472.318,0
777.351324341,0.221,221,2,172.78,1266341.824,2645.419,7456481.054,9.631189259
778.351756588,0.221,221,2,173.001,1266358.208,2645.64,7456497.438,1.000432247
779.352188609,0.221,221,2,173.222,1266374.592,2645.861,7456513.822,1.000432021
780.352594899,0.221,221,2,173.443,1266390.976,2646.082,7456530.206,1.00040629
781.352973183,0.221,221,2,173.664,1266407.36,2646.303,7456546.59,1.000378284
782.353343009,0.221,221,2,173.885,1266423.744,2646.524,7456562.974,1.000369826
783.353724297,0.221,221,2,174.106,1266440.128,2646.745,7456579.358,1.000381288
784.354106756,0.221,221,2,174.327,1266456.512,2646.966,7456595.742,1.000382459
785.354474581,0.221,221,2,174.548,1266472.896,2647.187,7456612.126,1.000367825
786.354843659,0.221,221,2,174.769,1266489.28,2647.408,7456628.51,1.000369078
777.720402371,0.339,339,4,303.401,18859.772,2647.629,7456636.702,0
787.355220404,0.221,221,2,174.99,1266505.664,2647.968,7456645.406,9.634818033
788.355650222,0.221,221,2,175.211,1266522.048,2648.189,7456661.79,1.000429818
789.356035431,0.221,221,2,175.432,1266538.432,2648.41,7456678.174,1.000385209
790.356431407,0.221,221,2,175.653,1266554.816,2648.631,7456694.558,1.000395976
791.35680121,0.221,221,2,175.874,1266571.2,2648.852,7456710.942,1.000369803
792.357353516,0.221,221,2,176.095,1266587.584,2649.073,7456727.326,1.000552306
793.357824278,0.221,221,2,176.316,1266603.968,2649.294,7456743.71,1.000470762
794.358200496,0.221,221,2,176.537,1266620.352,2649.515,7456760.83,1.000376218
795.358668044,0.221,221,2,176.758,1266636.736,2649.736,7456777.214,1.000467548
796.363280184,0.221,221,2,176.979,1266653.12,2649.957,7456793.598,1.00461214
787.720433268,0.339,339,4,303.74,18860.284,2650.178,7456801.79,0
797.363699505,0.221,221,2,177.2,1266669.504,2650.517,7456810.462,9.643266237
798.364108116,0.221,221,2,177.421,1266685.888,2650.738,7456826.846,1.000408611
799.364495762,0.221,221,2,177.642,1266702.272,2650.959,7456843.23,1.000387646
800.364861469,0.221,221,2,177.863,1266718.656,2651.18,7456859.614,1.000365707
801.365227944,0.221,221,2,178.084,1266735.04,2651.401,7456875.998,1.000366475
802.365594128,0.221,221,2,178.305,1266751.424,2651.622,7456892.382,1.000366184
803.365967204,0.221,221,2,178.526,1266767.808,2651.843,7456908.766,1.000373076
804.366334071,0.221,221,2,178.747,1266784.192,2652.064,7456925.15,1.000366867
797.720465729,0.339,339,4,304.079,18861.212,2652.285,7456933.79,0
806.292632384,0.189,189,4,304.268,18861.628,2652.474,7456934.206,8.572166655
805.366702748,0.221,221,2,178.968,1266800.576,2652.663,7456942.782,0
806.367108502,0.221,221,2,179.189,1266816.96,2652.884,7456959.166,1.000405754
806.295007429,0.189,189,4,304.457,18862.012,2653.105,7456967.358,0
807.367493308,0.221,221,2,179.41,1266833.344,2653.444,7456975.902,1.072485879
808.367880664,0.221,221,2,179.631,1266849.728,2653.665,7456992.286,1.000387356
809.368253924,0.221,221,2,179.852,1266866.112,2653.886,7457008.67,1.00037326
810.368618719,0.221,221,2,180.073,1266882.496,2654.107,7457025.054,1.000364795
811.368990868,0.221,221,2,180.294,1266898.88,2654.328,7457041.438,1.000372149
812.369356231,0.221,221,2,180.515,1266915.264,2654.549,7457057.822,1.000365363
813.369723165,0.221,221,2,180.736,1266931.648,2654.77,7457074.206,1.000366934
814.370088348,0.221,221,2,180.957,1266948.032,2654.991,7457090.59,1.000365183
815.370451823,0.221,221,2,181.178,1266964.416,2655.212,7457106.974,1.000363475
816.370835455,0.221,221,2,181.399,1266980.8,2655.433,7457123.358,1.000383632
807.720260577,0.339,339,4,304.796,18862.364,2655.654,7457131.55,0
817.371207491,0.221,221,2,181.62,1266997.184,2655.993,7457140.062,9.650946914
818.37161043,0.221,221,2,181.841,1267029.952,2656.214,7457172.83,1.000402939
820.372570636,0.221,221,2,182.062,1267046.336,2656.435,7457189.214,2.000960206
821.372980259,0.221,221,2,182.283,1267062.72,2656.656,7457205.598,1.000409623
822.373376432,0.221,221,2,182.504,1267079.104,2656.877,7457221.982,1.000396173
823.373764043,0.221,221,2,182.725,1267095.488,2657.098,7457238.366,1.000387611
824.374162329,0.221,221,2,182.946,1267111.872,2657.319,7457254.75,1.000398286
825.37454323,0.221,221,2,183.167,1267128.256,2657.54,7457271.134,1.000380901
826.376827682,0.221,221,2,183.388,1267144.64,2657.761,7457287.518,1.002284452
817.720205042,0.339,339,4,305.135,18862.684,2657.982,7457295.71,0
827.377246103,0.221,221,2,183.609,1267161.024,2658.321,7457304.19,9.657041061
828.377683289,0.221,221,2,183.83,1267177.408,2658.542,7457321.502,1.000437186
829.378116912,0.221,221,2,184.051,1267193.792,2658.763,7457337.886,1.000433623
830.380256011,0.221,221,2,184.272,1267210.176,2658.984,7457354.27,1.002139099
831.380643933,0.221,221,2,184.493,1267226.56,2659.205,7457370.654,1.000387922
832.381016119,0.221,221,2,184.714,1267242.944,2659.426,7457387.038,1.000372186
833.381388078,0.221,221,2,184.935,1267259.328,2659.647,7457403.422,1.000371959
834.38175624,0.221,221,2,185.156,1267275.712,2659.868,7457419.806,1.000368162
835.382177067,0.221,221,2,185.377,1267292.096,2660.089,7457436.19,1.000420827
836.382546458,0.221,221,2,185.598,1267308.48,2660.31,7457452.574,1.000369391
827.720384566,0.339,339,4,305.474,18862.972,2660.531,7457460.766,0
837.3829128,0.221,221,2,185.819,1267324.864,2660.87,7457469.214,9.662528234
838.383335654,0.221,221,2,186.04,1267341.248,2661.091,7457485.598,1.000422854
839.383723449,0.221,221,2,186.261,1267357.632,2661.312,7457501.982,1.000387795
840.384101105,0.221,221,2,186.482,1267374.016,2661.533,7457518.366,1.000377656
841.384471739,0.221,221,2,186.703,1267390.4,2661.754,7457534.75,1.000370634
837.720467778,0.339,339,4,305.813,18863.564,2661.975,7457543.278,0
842.384852472,0.221,221,2,186.924,1267406.784,2662.164,7457551.822,4.664384694
843.385346737,0.221,221,2,187.145,1267423.168,2662.385,7457568.206,1.000494265
844.38576955,0.221,221,2,187.366,1267439.552,2662.606,7457585.358,1.000422813
845.386335418,0.221,221,2,187.587,1267455.936,2662.827,7457601.742,1.000565868
846.386774575,0.221,221,2,187.808,1267472.32,2663.048,7457618.126,1.000439157
842.391587597,0.189,189,4,306.002,18864.684,2663.269,7457626.318,0
847.387146407,0.221,221,2,188.029,1267521.472,2663.608,7457734.078,4.99555881
