time,size,first_call,destination,dest_out_traffic,dest_in_traffic,total_network_out,total_network_in,dens10
3.472546182,0.244,244,2,0.244,24.576,0.244,26.624,0
3.51620721,0.183,183,2,0.427,40.96,0.427,43.008,0.043661028
4.530308303,0.183,183,2,0.61,57.344,0.61,59.392,1.014101093
5.531261062,0.183,183,2,0.793,73.728,0.793,75.776,1.000952759
6.532094511,0.183,183,2,0.976,90.112,0.976,92.16,1.000833449
7.53288131,0.183,183,2,1.159,106.496,1.159,108.544,1.000786799
8.533606642,0.183,183,2,1.342,122.88,1.342,124.928,1.000725332
9.534271859,0.183,183,2,1.525,139.264,1.525,141.312,1.000665217
10.534968702,0.183,183,2,1.708,155.648,1.708,157.696,1.000696843
11.535766232,0.183,183,2,1.891,172.032,1.891,174.08,1.00079753
12.536571234,0.183,183,2,2.074,188.416,2.074,190.464,1.000805002
13.537260593,0.183,183,2,2.257,204.8,2.257,206.848,1.000689359
14.539718931,0.183,183,2,2.44,221.184,2.44,223.232,1.002458338
15.540358672,0.183,183,2,2.623,237.568,2.623,239.616,1.000639741
16.541035026,0.183,183,2,2.806,253.952,2.806,256.0,1.000676354
17.541700301,0.183,183,2,2.989,270.336,2.989,272.384,1.000665275
18.543311535,0.183,183,2,3.172,286.72,3.172,288.768,1.001611234
19.544047036,0.183,183,2,3.355,303.104,3.355,305.152,1.000735501
21.276296231,0.268,268,4,0.268,8.452,3.972,324.528,1.732249195
20.544683909,0.183,183,2,3.538,319.488,4.225,340.912,0
21.589600834,0.219,219,2,3.757,352.256,4.444,373.68,1.044916925
21.806887048,0.283,283,2,4.04,368.64,4.727,390.064,0.217286214
21.851521839,0.207,207,2,4.247,385.024,4.934,406.448,0.044634791
21.892370371,0.102,102,2,4.349,393.216,5.036,414.64,0.040848532
21.318195068,0.253,253,4,0.521,24.836,5.16,77645.312,0
22.330676157,0.291,291,4,0.812,25.123,5.451,78139.929,1.012481089
21.91844005,0.124,124,2,4.473,135733.452,5.685,135771.547,0
22.333542145,0.234,234,4,1.046,41.507,5.904,270347.387,0.415102095
23.335701542,0.405,405,4,1.451,41.908,6.309,270716.685,1.002159397
22.591654237,0.219,219,2,4.692,280135.732,6.539,280190.612,0
23.425798186,0.124,124,2,4.816,297490.116,6.663,297544.996,0.834143949
23.338010009,0.23,230,4,1.681,58.292,6.882,375328.818,0
23.594664925,0.219,219,2,5.035,403592.35,7.397,403664.125,0.256654916
24.339552175,0.515,515,4,2.196,75.187,7.616,437802.541,0.74488725
24.600331025,0.219,219,2,5.254,437730.766,8.131,437819.436,0.26077885
25.475076617,0.174,174,2,5.428,437747.15,8.305,437835.82,0.874745592
25.341938392,0.515,515,4,2.711,92.082,8.493,437844.012,0
25.48081771,0.188,188,2,5.616,437755.342,9.144,437852.851,0.138879318
25.487211997,0.122,122,2,5.738,438167.617,9.266,438273.318,0.006394287
25.483172193,0.651,651,4,3.362,109.113,9.436,438281.51,0
25.522233884,0.17,170,2,5.908,438184.001,9.933,438306.579,0.039061691
25.526888973,0.184,184,2,6.092,438192.193,10.117,438314.771,0.004655089
25.523231648,0.497,497,4,3.859,125.99,10.239,438389.89,0
25.532102039,0.122,122,2,6.214,438267.312,10.618,438406.649,0.008870391
25.550612165,0.379,379,4,4.238,142.749,10.837,438423.033,0.018510126
25.605746987,0.219,219,2,6.433,438283.696,11.149,438456.105,0.055134822
26.61052965,0.219,219,2,6.652,438300.08,11.368,438472.489,1.004782663
20.734372319,0.166,166,5,0.166,2.732,11.587,438480.681,0
27.671508669,0.176,176,5,0.342,3.756,11.763,438481.705,6.93713635
27.720696611,0.154,154,5,0.496,6.828,11.917,438484.777,0.049187942
27.847725691,0.17,170,5,0.666,7.852,12.087,438485.801,0.12702908
27.882137934,0.172,172,5,0.838,9.388,12.259,438487.337,0.034412243
28.178921544,0.177,177,5,1.015,9.9,12.436,438487.849,0.29678361
28.202541128,0.176,176,5,1.191,10.396,12.612,438488.345,0.023619584
28.220758871,1.53,1530,5,2.721,11.372,14.142,438489.321,0.018217743
28.271549639,1.256,1256,5,3.977,11.852,15.398,438489.801,0.050790768
27.615653828,0.219,219,2,6.871,438316.464,15.569,438498.921,0
28.620933903,0.219,219,2,7.09,438332.848,15.788,438515.305,1.005280075
29.621708713,0.219,219,2,7.309,438349.232,16.007,438531.689,1.00077481
30.622402482,0.219,219,2,7.528,438365.616,16.226,438548.073,1.000693769
31.6230344,0.219,219,2,7.747,438382.0,16.445,438564.457,1.000631918
32.623659726,0.219,219,2,7.966,438398.384,16.664,438580.841,1.000625326
33.624277045,0.219,219,2,8.185,438414.768,16.883,438597.225,1.000617319
34.624945738,0.219,219,2,8.404,438431.152,17.102,438613.609,1.000668693
35.625536085,0.219,219,2,8.623,438447.536,17.321,438629.993,1.000590347
36.626663781,0.219,219,2,8.842,438463.92,17.54,438646.377,1.001127696
37.627396899,0.219,219,2,9.061,438480.304,17.759,438662.761,1.000733118
38.628083677,0.219,219,2,9.28,438496.688,17.978,438679.145,1.000686778
39.628714136,0.219,219,2,9.499,438513.072,18.197,438695.529,1.000630459
40.629341698,0.219,219,2,9.718,438529.456,18.416,438711.913,1.000627562
41.630018086,0.219,219,2,9.937,438545.84,18.635,438728.297,1.000676388
28.281347055,0.171,171,5,4.148,12.78,18.854,438736.489,0
42.630890498,0.219,219,2,10.156,438562.224,19.193,438745.129,14.349543443
43.631786469,0.219,219,2,10.375,438578.608,19.412,438761.513,1.000895971
44.632550966,0.219,219,2,10.594,438586.8,19.631,438769.705,1.000764497
45.6333476,0.219,219,2,10.813,438603.184,19.85,438786.089,1.000796634
46.634072018,0.219,219,2,11.032,438619.568,20.069,438802.473,1.000724418
47.634672469,0.219,219,2,11.251,438635.952,20.288,438818.857,1.000600451
48.635781175,0.219,219,2,11.47,438652.336,20.507,438835.241,1.001108706
43.012345563,0.339,339,5,4.487,22.076,20.727,438852.281,0
50.404695115,1.575,1575,5,6.062,22.076,22.302,438852.281,7.392349552
49.636537538,0.22,220,2,11.69,438668.72,22.588,438864.569,0
50.519084911,0.286,286,5,6.348,31.804,22.808,438878.393,0.882547373
50.752861242,0.189,189,5,6.537,37.948,22.997,438884.537,0.233776331
51.148871988,0.286,286,5,6.823,39.996,23.283,438921.401,0.396010746
50.63742671,0.22,220,2,11.91,438685.104,23.472,438931.641,0
52.156834626,0.237,237,8,0.237,32.768,23.929,438974.649,1.519407916
51.638477525,0.22,220,2,12.13,438701.488,24.182,440642.858,0
51.22179076,0.189,189,5,7.012,42.044,24.402,444483.284,0
52.639761544,0.22,220,2,12.35,438717.872,26.915,451892.164,1.417970784
53.641007432,0.22,220,2,12.57,438734.256,27.135,463867.761,1.001245888
54.642118099,0.22,220,2,12.79,438750.64,27.355,476173.723,1.001110667
55.643218797,0.22,220,2,13.01,438767.024,27.575,489074.342,1.001100698
56.644325953,0.22,220,2,13.23,438783.408,27.795,501710.669,1.001107156
57.645402584,0.22,220,2,13.45,438799.792,28.015,515404.164,1.001076631
58.646481874,0.22,220,2,13.67,438816.176,28.235,529163.732,1.00107929
59.647762368,0.22,220,2,13.89,438832.56,28.455,542725.081,1.001280494
60.648992525,0.22,220,2,14.11,438848.944,28.675,556352.503,1.001230157
61.650147776,0.22,220,2,14.33,438865.328,28.895,570112.071,1.001155251
52.259109651,0.151,151,9,0.151,135317.504,29.115,574481.081,0
53.042001269,2.513,2513,5,9.525,42.556,29.266,574547.154,0.782891618
63.002711851,2.513,2513,5,12.038,43.068,31.779,574547.666,9.960710582
63.069238075,2.538,2538,5,14.576,55.596,34.317,574560.194,0.066526224
52.232521371,0.102,102,8,0.339,65.536,35.892,574584.77,0
62.988562445,0.151,151,9,0.302,135383.577,36.129,574592.962,10.756041074
62.651239985,0.22,220,2,14.55,438881.712,36.28,581047.074,0
63.653439225,0.22,220,2,14.77,438898.096,36.5,594211.985,1.00219924
64.65491435,0.22,220,2,14.99,438914.48,36.72,607824.818,1.001475125
65.65605527,0.22,220,2,15.21,438930.864,36.94,621187.948,1.00114092
66.657311889,0.22,220,2,15.43,438947.248,37.16,634485.005,1.001256619
67.658374318,0.22,220,2,15.65,438963.632,37.38,648310.646,1.001062429
68.659404461,0.22,220,2,15.87,438980.016,37.6,662070.214,1.001030143
69.660336813,0.22,220,2,16.09,438996.4,37.82,675895.855,1.000932352
70.661273353,0.22,220,2,16.31,439012.784,38.04,689589.35,1.00093654
71.662337716,0.22,220,2,16.53,439029.168,38.26,703414.991,1.001064363
63.075931302,1.575,1575,5,16.151,55.596,38.48,707717.928,0
63.141413465,0.151,151,9,0.453,271780.499,40.993,711157.82,0.065482163
73.004496981,2.513,2513,5,18.664,59.692,41.144,711251.795,9.863083516
73.335914521,2.581,2581,5,21.245,71.98,43.725,711264.083,0.33141754
63.138923109,0.237,237,8,0.576,98.304,45.3,711288.659,0
73.355597296,0.237,237,8,0.813,114.688,45.537,711305.043,10.216674187
73.286667399,0.151,151,9,0.604,271874.474,45.688,711313.235,0
72.663359331,0.22,220,2,16.75,439045.552,45.839,715045.326,0
73.664530076,0.22,220,2,16.97,439061.936,46.059,728606.675,1.001170745
74.665641667,0.22,220,2,17.19,439078.32,46.279,742432.316,1.001111591
75.666583329,0.22,220,2,17.41,439086.512,46.499,755655.108,1.000941662
76.667513163,0.22,220,2,17.63,439102.896,46.719,769414.676,1.000929834
77.668402522,0.22,220,2,17.85,439119.28,46.939,783174.244,1.000889359
78.669527377,0.22,220,2,18.07,439135.664,47.159,796801.666,1.001124855
79.670558621,0.22,220,2,18.29,439152.048,47.379,810561.234,1.001031244
80.671641706,0.22,220,2,18.51,439168.432,47.599,824452.948,1.001083085
81.672593149,0.22,220,2,18.73,439184.816,47.819,837485.713,1.000951443
73.34207977,1.575,1575,5,22.82,71.98,48.039,841656.504,0
73.3596706,0.151,151,9,0.755,407480.081,50.552,847107.258,0.01759083
83.002856037,2.513,2513,5,25.333,104.748,50.703,847201.233,9.643185437
83.444610527,2.538,2538,5,27.871,153.9,53.241,847250.385,0.44175449
73.358035922,0.151,151,8,0.964,139.264,54.816,847266.769,0
83.459792286,0.237,237,8,1.201,163.84,55.053,847291.345,10.101756364
83.400523523,0.151,151,9,0.906,407574.056,55.204,847299.537,0
82.673537063,0.22,220,2,18.95,439201.2,55.355,849974.46,0
83.67454687,0.22,220,2,19.17,439217.584,55.575,863205.444,1.001009807
84.675667813,0.22,220,2,19.39,439233.968,55.795,876568.574,1.001120943
85.676607089,0.22,220,2,19.61,439250.352,56.015,890063.85,1.000939276
86.677575903,0.22,220,2,19.83,439266.736,56.235,903360.907,1.000968814
83.450386288,1.575,1575,5,29.446,153.9,56.455,908623.869,0
87.678300853,0.22,220,2,20.05,439283.12,58.993,908632.061,4.227914565
88.679187676,0.22,220,2,20.27,439299.504,59.213,908648.445,1.000886823
89.680046208,0.22,220,2,20.49,439315.888,59.433,908664.829,1.000858532
90.680661429,0.22,220,2,20.71,439332.272,59.653,908681.213,1.000615221
91.681265716,0.22,220,2,20.93,439348.656,59.873,908697.597,1.000604287
88.110908375,2.538,2538,5,31.984,153.9,60.093,908707.837,0
92.68182264,0.22,220,2,21.15,439365.04,60.432,908732.413,4.570914265
93.682637938,0.22,220,2,21.37,439381.424,60.652,908748.797,1.000815298
93.000527922,0.339,339,5,32.323,186.668,60.872,908773.373,0
94.683359859,0.22,220,2,21.59,439397.808,62.447,908781.565,1.682831937
95.67597782,1.575,1575,5,33.898,186.668,62.667,908789.757,0.992617961
95.687152665,0.286,286,5,34.184,223.532,62.953,908826.621,0.011174845
95.693741469,0.189,189,5,34.373,239.916,63.142,908843.005,0.006588804
95.716144825,0.249,249,5,34.622,248.108,63.391,908851.197,0.022403356
95.684114245,0.22,220,2,21.81,473358.768,63.619,1059228.637,0
96.685183487,0.22,220,2,22.03,473377.2,63.839,1059252.189,1.001069242
95.728787506,0.114,114,5,34.736,252.204,64.059,1059261.805,0
98.43883922,0.178,178,5,34.914,254.252,64.237,1059263.853,2.710051714
98.506073685,2.588,2588,5,37.502,271.148,66.825,1059280.749,0.067234465
98.511662224,1.575,1575,5,39.077,271.148,68.4,1059280.749,0.005588539
95.746135963,0.114,114,6,0.114,43375.984,68.649,1059293.037,0
97.686238044,0.22,220,2,22.25,498702.768,68.763,1146259.309,1.940102081
98.687768536,0.22,220,2,22.47,515729.84,68.983,1245906.797,1.001530492
99.689388217,0.22,220,2,22.69,515746.224,69.203,1245923.181,1.001619681
98.515998604,0.249,249,5,39.326,283.436,69.423,1245931.373,0
100.919540351,0.178,178,5,39.504,287.532,69.601,1245935.469,2.403541747
100.968372725,2.588,2588,5,42.092,299.82,72.189,1245947.757,0.048832374
101.012825295,1.575,1575,5,43.667,299.82,73.764,1245947.757,0.04445257
101.015325328,0.286,286,5,43.953,379.692,74.05,1246027.629,0.002500033
101.020751893,0.189,189,5,44.142,412.46,74.239,1246060.397,0.00542656499999
101.129284666,2.332,2332,5,46.474,437.036,76.571,1246084.973,0.108532773
101.134741332,1.575,1575,5,48.049,437.036,78.146,1246084.973,0.005456666
100.690332581,0.22,220,2,22.91,515762.608,80.478,1246093.165,0
101.189310216,2.332,2332,5,50.381,633.644,80.698,1246297.965,0.498977635
102.088914913,0.189,189,5,50.57,682.796,80.887,1246347.117,0.899604697
101.691338736,0.22,220,2,23.13,515778.992,81.076,1246363.501,0
102.097599715,0.189,189,5,50.759,690.988,81.296,1246371.693,0.406260979
103.000247729,0.339,339,5,51.098,697.132,81.635,1246377.837,0.902648014
103.045231319,0.189,189,5,51.287,710.684,81.824,1246391.389,0.04498359
103.426096261,1.575,1575,5,52.862,710.684,83.399,1246391.389,0.380864942
103.436750683,0.286,286,5,53.148,1667.1,83.685,1247347.805,0.010654422
102.692228303,0.22,220,2,23.35,515795.376,83.874,1247359.069,0
103.44553623,0.189,189,5,53.337,1670.172,84.094,1247367.261,0.753307927
104.071053676,0.286,286,5,53.623,1671.708,84.38,1247876.701,0.625517446
104.077391614,0.189,189,5,53.812,1672.716,84.569,1247877.709,0.006337938
104.538208186,2.62,2620,5,56.432,1682.94,87.189,1247887.933,0.460816572
103.693399894,0.22,220,2,23.57,515811.76,88.764,1247896.125,0
104.543298367,1.575,1575,5,58.007,1682.94,88.984,1247904.317,0.849898473
104.694411107,0.22,220,2,23.79,515828.144,91.604,1247914.013,0.15111274
105.69532655,0.22,220,2,24.01,515844.528,91.824,1247930.397,1.000915443
104.891522145,2.62,2620,5,60.627,1687.036,92.044,1247942.685,0
106.868375735,0.189,189,5,60.816,1690.108,92.233,1247945.757,1.97685359
106.945115862,0.189,189,5,61.005,1701.308,92.422,1247956.957,0.076740127
107.320581051,1.575,1575,5,62.58,1701.308,93.997,1247956.957,0.375465189
107.323727221,0.286,286,5,62.866,4048.316,94.283,1250303.965,0.00314616999999
107.351444033,0.189,189,5,63.055,4050.364,94.472,1250306.013,0.027716812
107.689982143,2.339,2339,5,65.394,4067.26,96.811,1250322.909,0.33853811
106.695989132,0.22,220,2,24.23,515860.912,98.386,1250331.101,0
107.694926639,1.575,1575,5,66.969,4067.26,98.606,1250339.293,0.998937507
108.018708772,2.339,2339,5,69.308,4079.548,100.945,1250351.581,0.323782133
107.696882382,0.22,220,2,24.45,515869.104,101.134,1250365.917,0
108.685035657,0.189,189,5,69.497,4096.956,101.354,1250385.373,0.988153275
109.334026737,1.575,1575,5,71.072,4096.956,102.929,1250385.373,0.64899108
109.335821077,0.286,286,5,71.358,5063.612,103.215,1251352.029,0.00179434
109.343217995,0.19,190,5,71.548,5079.996,103.405,1251368.413,0.007396918
109.467002007,0.286,286,5,71.834,5088.188,103.691,1253793.245,0.123784012
109.480216714,0.189,189,5,72.023,5092.284,103.88,1253797.341,0.013214707
109.694319236,2.62,2620,5,74.643,5102.524,106.5,1253807.581,0.214102522
108.697677111,0.22,220,2,24.67,518302.128,108.075,1253815.773,0
109.698931675,1.575,1575,5,76.218,5102.524,108.295,1253823.965,1.001254564
109.7074634,0.22,220,2,24.89,518318.512,110.915,1253832.157,0.008531725
110.70839397,0.22,220,2,25.11,518334.896,111.135,1253850.429,1.00093057
109.901538123,2.62,2620,5,78.838,5135.292,111.355,1253891.389,0
111.935473231,0.189,189,5,79.027,5163.964,111.544,1253920.061,2.033935108
112.253222567,0.19,190,5,79.217,5182.908,111.734,1253939.005,0.317749336
112.516279278,1.575,1575,5,80.792,5182.908,113.309,1253939.005,0.263056711
112.519084204,0.286,286,5,81.078,7996.86,113.595,1256752.957,0.002804926
111.709122065,0.22,220,2,25.33,518351.28,113.785,1256767.293,0
112.573208592,0.19,190,5,81.268,8003.004,114.005,1256775.485,0.864086527
112.860446614,2.339,2339,5,83.607,8014.268,116.344,1256786.749,0.287238022
112.86489146,1.575,1575,5,85.182,8014.268,117.919,1256786.749,0.004444846
113.000945312,2.513,2513,5,87.695,8047.036,120.432,1256819.517,0.136053852
112.710232268,0.22,220,2,25.55,518367.664,122.771,1256827.709,0
113.140427036,2.339,2339,5,90.034,8063.42,122.991,1256852.285,0.430194768
114.306853889,0.19,190,5,90.224,8083.9,123.181,1256872.765,1.166426853
114.536052296,1.575,1575,5,91.799,8083.9,124.756,1256872.765,0.229198407
114.538671992,0.286,286,5,92.085,8919.484,125.042,1257708.349,0.00261969600001
114.552263704,0.19,190,5,92.275,8952.252,125.232,1257741.117,0.013591712
114.668921382,0.286,286,5,92.561,12450.236,125.518,1261239.101,0.116657678
113.711459602,0.22,220,2,25.77,518384.048,125.708,1261259.581,0
98.519339543,0.114,114,6,0.228,101216.512,125.928,1261268.685,0
114.688832796,0.19,190,5,92.751,12462.524,5774.76,1261268.685,16.169493253
114.935703933,2.62,2620,5,95.371,12476.86,5777.38,1261283.021,0.246871137
114.940317981,1.575,1575,5,96.946,12476.86,5778.955,1261283.021,0.00461404800001
114.712525505,0.22,220,2,25.99,518400.432,5781.575,1261291.213,0
115.713597723,0.22,220,2,26.21,518416.816,5781.795,1261308.925,1.001072218
115.201071707,2.62,2620,5,99.566,12542.396,5782.015,1261382.653,0
116.985678824,0.19,190,5,99.756,12599.74,5782.205,1261439.997,1.784607117
117.58465467,1.575,1575,5,101.331,12599.74,5783.78,1261439.997,0.598975846
117.588053195,0.286,286,5,101.617,16466.364,5784.066,1265306.621,0.00339852499999
116.714408625,0.22,220,2,26.43,518433.2,5784.256,1265380.349,0
117.643779265,0.19,190,5,101.807,16531.9,5784.476,1265388.541,0.92937064
118.079104058,2.339,2339,5,104.146,16564.668,5786.815,1265421.309,0.435324793
118.083506687,1.575,1575,5,105.721,16564.668,5788.39,1265421.309,0.004402629
117.715457649,0.22,220,2,26.65,518449.584,5790.729,1265429.501,0
118.345850591,2.339,2339,5,108.06,16589.244,5790.949,1265462.269,0.630392942
118.938591515,0.19,190,5,108.25,16610.748,5791.139,1265483.773,0.592740924
118.716557374,0.22,220,2,26.87,518465.968,5791.329,1265494.509,0
118.950129086,0.19,190,5,108.44,16623.516,5791.549,1265512.925,0.233571712
119.938925756,1.575,1575,5,110.015,16623.516,5793.124,1265512.925,0.98879667
119.94134967,0.286,286,5,110.301,17414.044,5793.41,1266303.453,0.00242391399999
119.949840595,0.19,190,5,110.491,17416.092,6050.641,1266307.005,0.008490925
120.145547246,0.286,286,5,110.777,21930.908,6050.927,1270821.821,0.195706651
120.236914895,0.19,190,5,110.967,21931.9,6051.117,1270822.813,0.091367649
120.46494415,2.663,2663,5,113.63,21942.108,6053.78,1270833.021,0.228029255
120.468148537,1.575,1575,5,115.205,21942.108,6055.355,1270833.021,0.00320438700001
119.717446649,0.22,220,2,27.09,518482.352,6057.975,1270841.213,0
120.718466568,0.22,220,2,27.31,518498.736,6058.195,1270859.261,1.001019919
120.660797026,2.62,2620,5,117.825,21948.252,6058.415,1270873.597,0
122.607587788,0.19,190,5,118.015,21954.748,6058.605,1270880.093,1.946790762
121.719283452,0.22,220,2,27.53,518515.12,6058.795,1270889.085,0
122.717912672,0.19,190,5,118.205,21955.548,6059.015,1270897.277,0.99862922
123.000021865,0.339,339,5,118.544,21965.164,6059.354,1270906.893,0.282109193
123.329949687,1.575,1575,5,120.119,21965.164,6060.929,1270906.893,0.329927822
123.331553362,0.286,286,5,120.405,26357.068,6061.215,1275298.797,0.001603675
122.720171164,0.22,220,2,27.75,518531.504,6061.405,1275307.949,0
123.387891725,0.19,190,5,120.595,26358.028,6061.625,1275316.141,0.667720561
123.75950387,2.339,2339,5,122.934,26366.94,6063.964,1275325.053,0.371612145
123.763202252,1.575,1575,5,124.509,26366.94,6065.539,1275325.053,0.003698382
123.721213291,0.22,220,2,27.97,518547.888,6067.878,1275333.245,0
124.05636763,2.339,2339,5,126.848,26377.18,6068.098,1275351.677,0.335154339
125.697387905,1.575,1575,5,128.423,26377.18,6069.673,1275351.677,1.641020275
125.699629206,0.286,286,5,128.709,27392.988,6069.959,1276367.485,0.002241301
124.722259251,0.22,220,2,28.19,518564.272,6070.149,1276392.061,0
125.709525631,0.19,190,5,128.899,27409.372,6070.369,1276400.253,0.98726638
125.807459488,0.286,286,5,129.185,32967.644,6070.655,1281958.525,0.097933857
125.859118753,0.19,190,5,129.375,32973.788,6070.845,1281964.669,0.051659265
126.073318905,2.62,2620,5,131.995,32985.052,6073.465,1281975.933,0.214200152
126.076513625,1.575,1575,5,133.57,32985.052,6075.04,1281975.933,0.00319472000001
125.723188511,0.22,220,2,28.41,518580.656,6077.66,1281984.125,0
126.306014376,2.62,2620,5,136.19,33017.82,6077.88,1282025.085,0.582825865
126.724233738,0.22,220,2,28.63,518599.056,6078.07,1282051.677,0.418219362
126.824551316,0.19,190,5,136.38,33042.396,6078.29,1282068.061,0.100317578
128.25349955,0.19,190,5,136.57,33056.732,6078.48,1282082.397,1.428948234
128.72021575,1.575,1575,5,138.145,33056.732,6080.055,1282082.397,0.4667162
127.72496449,0.22,220,2,28.85,518615.44,6080.341,1282123.357,0
128.72209086,0.286,286,5,138.431,38463.452,6080.561,1287505.501,0.99712637
128.811005164,0.19,190,5,138.621,38479.836,6080.751,1287521.885,0.088914304
129.095681631,2.339,2339,5,140.96,38496.22,6083.09,1287538.269,0.284676467
129.098886931,1.575,1575,5,142.535,38496.22,6084.665,1287538.269,0.00320530000002
128.726294588,0.22,220,2,29.07,518631.824,6087.004,1287546.461,0
129.727264751,0.22,220,2,29.29,518648.208,6087.224,1287562.845,1.000970163
129.363224126,2.339,2339,5,144.874,38692.828,6087.444,1287767.645,0
130.916530109,0.19,190,5,145.064,38750.172,6087.634,1287824.989,1.553305983
131.124881405,1.575,1575,5,146.639,38750.172,6089.209,1287824.989,0.208351296
131.127049412,0.286,286,5,146.925,39659.484,6089.495,1288734.301,0.00216800699999
131.14027642,0.19,190,5,147.115,39725.02,6089.685,1288799.837,0.013227008
131.24388505,0.286,286,5,147.401,45377.5,6089.971,1294452.317,0.10360863
131.27142646,0.19,190,5,147.591,45393.884,6090.161,1294468.701,0.02754141
131.487861062,2.62,2620,5,150.211,45410.268,6092.781,1294485.085,0.216434602
131.490992739,1.575,1575,5,151.786,45410.268,6094.356,1294485.085,0.003131677
130.728252036,0.22,220,2,29.51,518664.592,6096.976,1294493.277,0
131.698067091,2.62,2620,5,154.406,45541.34,6097.197,1294632.541,0.969815055
132.594100048,1.575,1575,5,155.981,45541.34,6098.772,1294632.541,0.896032957
132.595593074,0.286,286,5,156.267,47114.204,6099.058,1296205.405,0.00149302599999
131.729366432,0.221,221,2,29.731,518680.976,6099.248,1296246.365,0
132.602998697,0.19,190,5,156.457,47146.972,6099.469,1296254.557,0.873632265
132.770804665,0.114,114,5,156.571,47163.356,6099.583,1297901.149,0.167805968
133.000858122,2.513,2513,5,159.084,47171.548,6102.096,1297909.341,0.230053457
133.225913184,0.185,185,5,159.269,47175.644,6102.281,1297913.437,0.225055062
133.232619737,1.775,1775,5,161.044,47177.692,6104.056,1297915.485,0.00670655299999
133.240746415,2621.44,262144,5,2782.484,47177.692,8725.496,1297915.485,0.008126678
133.243269962,5505.024,262144,5,8287.508,47177.692,14230.52,1297915.485,0.00252354700001
133.253800181,524.288,262144,5,8811.796,47177.692,14754.808,1297915.485,0.010530219
133.255367295,524.288,262144,5,9336.084,47177.692,15279.096,1297915.485,0.00156711400001
133.256846344,524.288,262144,5,9860.372,47177.692,15803.384,1297915.485,0.00147904899998
133.258316859,524.288,262144,5,10384.66,47177.692,16327.672,1297915.485,0.00147051499999
133.259889497,524.288,262144,5,10908.948,47177.692,16851.96,1297915.485,0.001572638
133.261373833,524.288,262144,5,11433.236,47177.692,17376.248,1297915.485,0.001484336
133.262924796,786.432,262144,5,12219.668,47177.692,18162.68,1297915.485,0.001550963
133.265014273,524.288,262144,5,12743.956,47177.692,18686.968,1297915.485,0.002089477
133.267356966,524.288,262144,5,13268.244,47177.692,19211.256,1297915.485,0.002342693
133.272504313,524.288,262144,5,13792.532,47177.692,19735.544,1297915.485,0.00514734700002
133.273993602,1048.576,262144,5,14841.108,47177.692,20784.12,1297915.485,0.00148928899998
133.276168696,524.288,262144,5,15365.396,47177.692,21308.408,1297915.485,0.00217509400002
133.278840626,524.288,262144,5,15889.684,47177.692,21832.696,1297915.485,0.00267192999999
133.281956252,524.288,262144,5,16413.972,47177.692,22356.984,1297915.485,0.00311562599998
133.284895675,524.288,262144,5,16938.26,47177.692,22881.272,1297915.485,0.00293942300002
133.287863711,524.288,262144,5,17462.548,47177.692,23405.56,1297915.485,0.002968036
133.290880813,524.288,262144,5,17986.836,47177.692,23929.848,1297915.485,0.003017102
133.294034107,524.288,262144,5,18511.124,47177.692,24454.136,1297915.485,0.00315329399999
133.297999333,524.288,262144,5,19035.412,47177.692,24978.424,1297915.485,0.00396522600002
133.302115669,524.288,262144,5,19559.7,47177.692,25502.712,1297915.485,0.00411633599998
133.305894043,524.288,262144,5,20083.988,47177.692,26027.0,1297915.485,0.00377837400001
133.309925045,524.288,262144,5,20608.276,47177.692,26551.288,1297915.485,0.004031002
133.313701406,524.288,262144,5,21132.564,47177.692,27075.576,1297915.485,0.00377636100001
133.317121428,524.288,262144,5,21656.852,47177.692,27599.864,1297915.485,0.003420022
133.320746497,524.288,262144,5,22181.14,47177.692,28124.152,1297915.485,0.00362506899998
133.324457135,524.288,262144,5,22705.428,47177.692,28648.44,1297915.485,0.003710638
133.328512973,524.288,262144,5,23229.716,47177.692,29172.728,1297915.485,0.004055838
133.332687888,524.288,262144,5,23754.004,47177.692,29697.016,1297915.485,0.00417491500002
133.336799051,524.288,262144,5,24278.292,47177.692,30221.304,1297915.485,0.004111163
133.340724186,524.288,262144,5,24802.58,47177.692,30745.592,1297915.485,0.00392513499997
133.344746397,524.288,262144,5,25326.868,47177.692,31269.88,1297915.485,0.00402221100001
133.348905577,524.288,262144,5,25851.156,47177.692,31794.168,1297915.485,0.00415918000002
133.352790122,524.288,262144,5,26375.444,47177.692,32318.456,1297915.485,0.00388454499998
133.356839786,524.288,262144,5,26899.732,47177.692,32842.744,1297915.485,0.00404966400001
133.360799587,524.288,262144,5,27424.02,47177.692,33367.032,1297915.485,0.00395980100001
133.364860108,524.288,262144,5,27948.308,47177.692,33891.32,1297915.485,0.00406052099999
133.368833744,524.288,262144,5,28472.596,47177.692,34415.608,1297915.485,0.00397363600001
133.372856264,524.288,262144,5,28996.884,47177.692,34939.896,1297915.485,0.00402252000001
133.376847701,524.288,262144,5,29521.172,47177.692,35464.184,1297915.485,0.003991437
133.380900268,524.288,262144,5,30045.46,47177.692,35988.472,1297915.485,0.004052567
133.385153951,524.288,262144,5,30569.748,47177.692,36512.76,1297915.485,0.004253683
133.389275248,524.288,262144,5,31094.036,47177.692,37037.048,1297915.485,0.00412129699998
133.393427392,524.288,262144,5,31618.324,47177.692,37561.336,1297915.485,0.00415214400002
133.397789368,524.288,262144,5,32142.612,47177.692,38085.624,1297915.485,0.00436197599998
133.401874353,524.288,262144,5,32666.9,47177.692,38609.912,1297915.485,0.00408498500002
133.405891954,524.288,262144,5,33191.188,47177.692,39134.2,1297915.485,0.00401760099999
133.410002608,524.288,262144,5,33715.476,47177.692,39658.488,1297915.485,0.00411065400002
133.414228022,524.288,262144,5,34239.764,47177.692,40182.776,1297915.485,0.00422541399999
133.418688054,524.288,262144,5,34764.052,47177.692,40707.064,1297915.485,0.004460032
133.422776598,524.288,262144,5,35288.34,47177.692,41231.352,1297915.485,0.00408854400001
133.427308529,524.288,262144,5,35812.628,47177.692,41755.64,1297915.485,0.00453193099997
133.431522207,524.288,262144,5,36336.916,47177.692,42279.928,1297915.485,0.00421367800001
133.435865831,524.288,262144,5,36861.204,47177.692,42804.216,1297915.485,0.004343624
133.440067851,524.288,262144,5,37385.492,47177.692,43328.504,1297915.485,0.00420202000001
133.445208247,524.288,262144,5,37909.78,47177.692,43852.792,1297915.485,0.005140396
133.449246524,524.288,262144,5,38434.068,47177.692,44377.08,1297915.485,0.00403827699998
133.453739089,524.288,262144,5,38958.356,47177.692,44901.368,1297915.485,0.00449256500002
133.457847847,524.288,262144,5,39482.644,47177.692,45425.656,1297915.485,0.004108758
133.462155748,524.288,262144,5,40006.932,47177.692,45949.944,1297915.485,0.00430790099998
133.466269409,524.288,262144,5,40531.22,47177.692,46474.232,1297915.485,0.00411366100002
133.470346617,524.288,262144,5,41055.508,47177.692,46998.52,1297915.485,0.00407720799998
133.474325207,786.432,262144,5,41841.94,47177.692,47784.952,1297915.485,0.00397859
133.479276189,524.288,262144,5,42366.228,47177.692,48309.24,1297915.485,0.004950982
133.484188749,524.288,262144,5,42890.516,47177.692,48833.528,1297915.485,0.00491256000001
133.488776562,524.288,262144,5,43414.804,47177.692,49357.816,1297915.485,0.004587813
133.49381796,524.288,262144,5,43939.092,47177.692,49882.104,1297915.485,0.005041398
133.498736076,524.288,262144,5,44463.38,47177.692,50406.392,1297915.485,0.004918116
133.503321227,524.288,262144,5,44987.668,47177.692,50930.68,1297915.485,0.00458515099999
133.507942788,524.288,262144,5,45511.956,47177.692,51454.968,1297915.485,0.00462156100002
133.512642808,524.288,262144,5,46036.244,47177.692,51979.256,1297915.485,0.00470002
133.517084698,524.288,262144,5,46560.532,47177.692,52503.544,1297915.485,0.00444188999998
133.521552583,524.288,262144,5,47084.82,47177.692,53027.832,1297915.485,0.004467885
133.52633696,524.288,262144,5,47609.108,47177.692,53552.12,1297915.485,0.00478437700002
133.53078469,524.288,262144,5,48133.396,47177.692,54076.408,1297915.485,0.00444772999998
133.535243225,524.288,262144,5,48657.684,47177.692,54600.696,1297915.485,0.004458535
133.539805268,524.288,262144,5,49181.972,47177.692,55124.984,1297915.485,0.00456204300002
133.544383268,524.288,262144,5,49706.26,47177.692,55649.272,1297915.485,0.00457799999998
133.547989077,524.288,262144,5,50230.548,47177.692,56173.56,1297915.485,0.00360580900002
133.551722804,524.288,262144,5,50754.836,47177.692,56697.848,1297915.485,0.003733727
133.555348347,524.288,262144,5,51279.124,47177.692,57222.136,1297915.485,0.003625543
133.559214324,786.432,262144,5,52065.556,47177.692,58008.568,1297915.485,0.003865977
133.56365701,786.432,262144,5,52851.988,47177.692,58795.0,1297915.485,0.00444268599998
133.568051136,524.288,262144,5,53376.276,47177.692,59319.288,1297915.485,0.00439412600002
133.571859586,524.288,262144,5,53900.564,47177.692,59843.576,1297915.485,0.00380844999998
133.575192718,524.288,262144,5,54424.852,47177.692,60367.864,1297915.485,0.00333313200002
133.578522446,524.288,262144,5,54949.14,47177.692,60892.152,1297915.485,0.00332972799998
133.583143855,524.288,262144,5,55473.428,47177.692,61416.44,1297915.485,0.00462140900001
133.587641592,524.288,262144,5,55997.716,47177.692,61940.728,1297915.485,0.00449773700001
133.592046301,524.288,262144,5,56522.004,47177.692,62465.016,1297915.485,0.004404709
133.596151739,524.288,262144,5,57046.292,47177.692,62989.304,1297915.485,0.00410543799998
133.600998073,524.288,262144,5,57570.58,47177.692,63513.592,1297915.485,0.00484633400001
133.604952594,524.288,262144,5,58094.868,47177.692,64037.88,1297915.485,0.003954521
133.609473073,524.288,262144,5,58619.156,47177.692,64562.168,1297915.485,0.00452047900001
133.614050261,524.288,262144,5,59143.444,47177.692,65086.456,1297915.485,0.00457718799998
133.618705629,524.288,262144,5,59667.732,47177.692,65610.744,1297915.485,0.00465536800002
133.623244252,412.968,262144,5,60080.7,47177.692,66023.712,1297915.485,0.004538623
133.627823304,150.824,150824,5,60231.524,47179.74,66174.536,1297917.533,0.004579052
132.730394259,0.221,221,2,29.952,519483.792,66174.721,1297926.749,0
133.726709405,0.185,185,5,60231.709,47181.756,66174.942,1297935.933,0.996315146
133.79149934,0.19,190,5,60231.899,47191.628,66175.132,1297945.805,0.064789935
134.375936856,1.575,1575,5,60233.474,47191.628,66176.707,1297945.805,0.584437516
134.378735511,0.286,286,5,60233.76,53026.38,66176.993,1303780.557,0.00279865499999
133.731314774,0.221,221,2,30.173,519500.176,66177.183,1303789.773,0
134.487909307,0.19,190,5,60233.95,53027.404,66177.404,1303797.965,0.756594533
134.80349005,2.339,2339,5,60236.289,53039.932,66179.743,1303810.493,0.315580743
134.806481915,1.575,1575,5,60237.864,53039.932,66181.318,1303810.493,0.00299186500001
134.732225636,0.221,221,2,30.394,519516.56,66183.657,1303890.365,0
