time,size,first_call,destination,dest_out_traffic,dest_in_traffic,total_network_out,total_network_in,dens10
3.521854039,0.244,244,2,0.244,24.576,0.244,26.624,0
3.553206841,0.183,183,2,0.427,40.96,0.427,43.008,0.031352802
4.562844261,0.183,183,2,0.61,57.344,0.61,59.392,1.00963742
5.563909435,0.183,183,2,0.793,73.728,0.793,75.776,1.001065174
6.564777193,0.183,183,2,0.976,90.112,0.976,92.16,1.000867758
7.565511341,0.183,183,2,1.159,106.496,1.159,108.544,1.000734148
8.566352238,0.183,183,2,1.342,122.88,1.342,124.928,1.000840897
9.56706882,0.183,183,2,1.525,139.264,1.525,141.312,1.000716582
10.567799287,0.183,183,2,1.708,155.648,1.708,157.696,1.000730467
11.568639951,0.183,183,2,1.891,163.84,1.891,165.888,1.000840664
12.110375763,0.268,268,5,0.268,8.452,2.325,176.843,0.541735812
11.585008103,0.166,166,2,2.057,174.535,2.578,193.227,0
12.57588294,0.219,219,2,2.276,207.303,2.797,225.995,0.990874837
12.658994293,0.283,283,2,2.559,223.687,3.08,242.379,0.083111353
12.70141045,0.207,207,2,2.766,240.071,3.287,258.763,0.042416157
12.741825805,0.102,102,2,2.868,248.263,3.389,266.955,0.040415355
12.151617452,0.253,253,5,0.521,24.836,3.514,72621.39,0
13.167888574,0.291,291,5,0.812,25.123,3.805,73000.687,1.016271122
12.767911973,0.125,125,2,2.993,164611.298,4.039,164646.661,0
13.581858389,0.219,219,2,3.212,247704.551,4.258,247739.914,0.813946416
13.170811285,0.234,234,5,1.046,41.507,4.383,297727.961,0
14.173639262,0.405,405,5,1.451,41.908,4.788,298149.376,1.002827977
13.948598806,0.125,125,2,3.337,362936.293,5.018,362988.441,0
14.587511851,0.219,219,2,3.556,362944.485,5.237,362996.633,0.638913045
15.018222782,0.174,174,2,3.73,362969.061,5.411,363021.209,0.430710931
15.019405612,0.188,188,2,3.918,362977.253,5.599,363029.401,0.00118283
14.175628412,0.23,230,5,1.681,58.292,5.722,363230.846,0
15.021167363,0.123,123,2,4.041,363178.698,6.373,363247.877,0.845538951
15.052497271,0.354,170,2,4.395,363203.274,6.727,363289.33,0.031329908
15.029898066,0.651,651,5,2.332,92.2,6.85,363364.449,0
15.054955132,0.123,123,2,4.518,363278.393,7.229,363381.208,0.025057066
15.066288322,0.379,379,5,2.711,108.959,7.448,363397.592,0.01133319
16.067971197,0.156,156,5,2.867,125.495,7.604,363414.128,1.001682875
15.58892018,0.219,219,2,4.737,363294.777,7.76,363430.664,0
16.590160617,0.219,219,2,4.956,363311.161,7.979,363447.048,1.001240437
17.59123643,0.219,219,2,5.175,363343.929,8.198,363479.816,1.001075813
17.775342605,0.264,264,2,5.439,363360.313,8.462,363496.2,0.184106175
18.593161855,0.219,219,2,5.658,363376.697,8.681,363512.584,0.81781925
19.594378462,0.219,219,2,5.877,363401.273,8.9,363537.16,1.001216607
19.971301996,0.328,328,2,6.205,363425.849,9.228,363561.736,0.376923534
19.974119812,0.252,252,2,6.457,363442.233,9.48,363578.12,0.002817816
20.046905468,0.131,131,2,6.588,363458.617,9.611,363594.504,0.072785656
20.071773348,0.11,110,2,6.698,363475.001,9.721,363610.888,0.02486788
20.275131258,0.11,110,2,6.808,363491.385,9.831,363627.272,0.20335791
20.595389811,0.219,219,2,7.027,363507.769,10.05,363643.656,0.320258553
20.774494145,0.368,368,4,0.368,40.96,10.528,363692.808,0.179104334
20.676455138,0.11,110,2,7.137,363524.153,12.992,363709.192,0
21.494696633,0.131,131,2,7.268,363548.729,14.227,363807.496,0.818241495
21.526902753,0.368,368,2,7.636,363556.921,14.595,363815.688,0.03220612
21.59637529,0.219,219,2,7.855,363581.497,14.814,363848.456,0.069472537
21.524320272,0.368,368,7,0.368,40.96,17.278,363864.84,0
21.522703025,0.368,368,3,0.368,40.96,19.742,363873.032,0
21.525411374,0.368,368,6,0.368,40.96,22.206,363889.416,0.002708349
21.614717423,2.464,2464,2,10.319,363597.881,24.67,363930.376,0.089306049
22.597227024,0.219,219,2,10.538,363614.265,24.889,363946.76,0.982509601
23.10298582,0.131,131,2,10.669,363630.649,25.02,363963.144,0.505758796
23.60398797,0.219,219,2,10.888,363647.033,25.239,363979.528,0.50100215
24.608750401,0.219,219,2,11.107,363663.417,25.458,363995.912,1.004762431
25.613894091,0.219,219,2,11.326,363679.801,25.677,364012.296,1.00514369
26.10889721,0.11,110,2,11.436,363696.185,25.787,364028.68,0.495003119
26.618765696,0.219,219,2,11.655,363706.937,26.006,364039.432,0.509868486
26.936139337,2.243,2243,2,13.898,363714.793,28.249,364047.288,0.317373641
27.501022204,0.136,136,2,14.034,363758.825,28.385,364091.32,0.564882867
20.864425103,2.464,2464,4,2.832,51.2,28.604,364101.56,0
27.758582968,2.243,2243,4,5.075,57.696,30.847,364108.056,6.894157865
27.623537638,0.219,219,2,14.253,363775.209,30.983,364122.392,0
28.628093911,0.219,219,2,14.472,363791.593,31.202,364138.776,1.004556273
29.114522014,0.11,110,2,14.582,363807.977,31.312,364155.16,0.486428103
29.629664493,0.219,219,2,14.801,363824.361,31.531,364171.544,0.515142479
21.617436351,2.464,2464,3,2.832,51.2,31.75,364181.784,0
21.616647915,2.464,2464,7,2.832,51.712,33.993,364184.856,0
21.619918516,2.464,2464,6,2.832,51.2,36.236,364189.464,0.003270601
30.630349132,0.219,219,2,15.02,363840.745,38.479,364203.288,9.010430616
31.150778131,2.243,2243,3,5.075,57.696,38.698,364215.416,0.520428999
31.281189523,2.243,2243,7,5.075,59.104,38.834,364226.904,0.130411392
31.4047687,2.243,2243,6,5.075,57.696,38.97,364249.784,0.123579177
31.631287277,0.219,219,2,15.239,363857.129,39.106,364264.12,0.226518577
32.116186498,0.11,110,2,15.349,363873.513,39.216,364280.504,0.484899221
32.632279502,0.219,219,2,15.568,363889.897,39.435,364296.888,0.516093004
33.63296218,0.219,219,2,15.787,363906.281,39.654,364313.272,1.000682678
34.63369589,0.219,219,2,16.006,363922.665,39.873,364329.656,1.00073371
35.117905867,0.11,110,2,16.116,363939.049,39.983,364346.04,0.484209977
35.634364355,0.219,219,2,16.335,363955.433,40.202,364362.424,0.516458488
36.635038808,0.219,219,2,16.554,363971.817,40.421,364378.808,1.000674453
37.63576003,0.219,219,2,16.773,363988.201,40.64,364395.192,1.000721222
38.119252995,0.11,110,2,16.883,364004.585,40.75,364411.576,0.483492965
38.636484336,0.219,219,2,17.102,364020.969,40.969,364427.96,0.517231341
39.637280028,0.219,219,2,17.321,364037.353,41.188,364444.344,1.000795692
40.637944107,0.219,219,2,17.54,364053.737,41.407,364460.728,1.000664079
41.120575638,0.11,110,2,17.65,364070.121,41.517,364477.112,0.482631531
41.638584838,0.219,219,2,17.869,364086.505,41.736,364493.496,0.5180092
42.639251228,0.219,219,2,18.088,364102.889,41.955,364510.904,1.00066639
43.640146217,0.219,219,2,18.307,364119.273,42.174,364527.288,1.000894989
44.121987128,0.11,110,2,18.417,364135.657,42.284,364543.672,0.481840911
44.641015348,0.219,219,2,18.636,364152.041,42.503,364560.056,0.51902822
45.641722951,0.219,219,2,18.855,364176.617,42.722,364584.632,1.000707603
46.642478103,0.219,219,2,19.074,364193.001,42.941,364602.552,1.000755152
47.124396506,0.11,110,2,19.184,364209.385,43.051,364635.32,0.481918403
47.64335854,0.219,219,2,19.403,364225.769,43.27,364652.728,0.518962034
48.644097314,0.219,219,2,19.622,364242.153,43.489,364669.112,1.000738774
49.644989743,0.219,219,2,19.841,364258.537,43.931,364728.504,1.000892429
50.119302637,0.223,223,8,0.223,40.96,44.041,364728.504,0.474312894
28.258796792,0.136,136,4,5.211,64.864,44.188,364746.936,0
31.735899414,0.136,136,3,5.211,66.4,52.483,364746.936,3.477102622
31.978490814,0.136,136,6,5.211,64.864,60.778,364746.936,0.2425914
31.834513161,0.136,136,7,5.211,94.944,69.073,364746.936,0
50.126068822,0.11,110,2,19.951,364266.729,77.368,364746.936,18.291555661
50.394382591,8.295,8295,2,28.246,364283.113,85.663,364787.32,0.268313769
50.393865227,8.295,8295,7,13.506,119.52,85.908,364795.512,0
50.393341684,8.295,8295,6,13.506,99.68,86.153,364844.664,0
50.392298649,8.295,8295,4,13.506,84.32,86.398,364844.664,0
50.392828935,8.295,8295,3,13.506,77.088,86.643,364852.856,0.000530286
50.545310821,0.245,245,2,28.491,364292.329,86.888,364863.096,0.152481886
50.54882269,0.245,245,7,13.751,121.568,87.107,364879.48,0.003511869
50.555686306,0.245,245,4,13.751,86.368,90.264,364879.48,0.006863616
50.646062552,0.219,219,2,28.71,364301.545,93.421,364879.48,0.090376246
50.557223233,0.245,245,3,13.751,79.136,96.578,364879.48,0
50.554842893,0.245,245,6,13.751,101.728,99.735,364879.48,0
50.765251117,3.157,3157,6,16.908,109.92,102.892,364904.056,0.210408224
50.765195204,3.157,3157,2,31.867,364309.737,103.137,364909.176,0
51.165390454,0.245,245,6,17.153,110.944,103.382,364909.176,0.40019525
51.168184365,0.245,245,2,32.112,364311.257,129.051,364918.888,0.002793911
50.765193961,3.157,3157,4,16.908,96.608,154.72,364927.08,0
50.765192611,3.157,3157,7,16.908,127.712,155.031,364929.128,0
51.196828927,0.311,311,7,17.219,128.736,155.342,364930.152,0.431636316
50.765199918,3.157,3157,3,16.908,85.28,181.011,364933.224,0
51.173307955,25.669,25669,2,57.781,364321.497,181.355,364944.488,0.408108037
51.647003814,0.22,220,2,58.001,364337.881,181.575,364960.872,0.473695859
52.64782811,0.22,220,2,58.221,364354.265,181.795,364981.352,1.000824296
53.128565748,0.11,110,2,58.331,364362.457,181.905,364989.544,0.480737638
53.648804861,0.22,220,2,58.551,364378.841,182.125,365005.928,0.520239113
54.649582762,0.22,220,2,58.771,364395.225,182.345,365022.312,1.000777901
55.650354331,0.22,220,2,58.991,364414.169,182.565,365041.256,1.000771569
56.13022357,0.11,110,2,59.101,364430.553,182.675,365057.64,0.479869239
56.651266135,0.22,220,2,59.321,364446.937,182.895,365080.968,0.521042565
57.652247144,0.22,220,2,59.541,364463.321,183.115,365103.496,1.000981009
58.653167927,0.22,220,2,59.761,364479.705,183.335,365119.88,1.000920783
59.131819289,0.11,110,2,59.871,364496.089,183.445,365136.264,0.478651362
59.653986013,0.22,220,2,60.091,364512.473,183.665,365152.648,0.522166724
60.654681713,0.22,220,2,60.311,364528.857,183.885,365169.032,1.0006957
61.655381667,0.22,220,2,60.531,364545.241,184.105,365185.416,1.000699954
62.133335504,0.11,110,2,60.641,364561.625,184.215,365201.8,0.477953837
51.168514741,25.669,25669,6,42.822,158.048,184.435,365242.76,0
62.656246768,0.22,220,2,60.861,364578.009,192.73,365300.104,11.487732027
51.184997958,0.311,311,4,17.219,143.712,201.025,365341.064,0
51.200559353,25.669,25669,7,42.888,137.328,209.32,365361.544,0.015561395
63.082511946,8.295,8295,2,69.156,364602.585,217.615,365373.832,11.881952593
51.219885738,0.344,344,3,17.252,93.872,217.835,365386.12,0
63.65726896,0.22,220,2,69.376,364618.969,226.13,365398.408,12.437383222
64.658551005,0.22,220,2,69.596,364635.353,226.35,365414.792,1.001282045
65.135364424,0.11,110,2,69.706,364651.737,226.46,365431.176,0.476813419
65.659444924,0.22,220,2,69.926,364672.217,226.68,365451.656,0.5240805
66.660404428,0.22,220,2,70.146,364688.601,226.9,365480.328,1.000959504
67.66145787,0.22,220,2,70.366,364704.985,227.12,365496.712,1.001053442
68.137117518,0.11,110,2,70.476,364721.369,227.23,365529.48,0.475659648
68.662430605,0.22,220,2,70.696,364737.753,227.45,365545.864,0.525313087
69.663138521,0.22,220,2,70.916,364754.137,227.67,365562.248,1.000707916
70.663748849,0.22,220,2,71.136,364770.521,227.89,365578.632,1.000610328
71.13857135,0.11,110,2,71.246,364786.905,228.0,365595.016,0.474822501
71.664460553,0.22,220,2,71.466,364803.289,228.22,365611.4,0.525889203
62.87618352,8.295,8295,6,51.117,223.584,228.44,365635.976,0
63.107579402,8.295,8295,4,25.514,172.384,236.736,365664.648,0.231395882
72.665180483,0.22,220,2,71.686,364831.961,245.032,365681.032,9.557601081
63.41531161,8.295,8295,7,51.183,149.616,245.252,365693.32,0
73.666142764,0.22,220,2,71.906,364848.345,253.548,365705.608,10.250831154
74.140068294,0.11,110,2,72.016,364864.729,253.658,365721.992,0.47392553
63.721365143,8.295,8295,3,25.547,110.256,253.878,365734.28,0
74.667262607,0.22,220,2,72.236,364881.113,262.174,365748.616,10.945897464
75.668109068,0.22,220,2,72.456,364901.593,262.394,365769.096,1.000846461
76.668914581,0.22,220,2,72.676,364917.977,262.614,365789.576,1.000805513
77.141592046,0.11,110,2,72.786,364934.361,262.724,365810.056,0.472677465
77.669756986,0.22,220,2,73.006,364950.745,262.944,365834.632,0.52816494
78.670497552,0.22,220,2,73.226,364967.129,263.164,365851.016,1.000740566
79.671181129,0.22,220,2,73.446,364983.513,263.384,365867.4,1.000683577
80.143112698,0.11,110,2,73.556,364999.897,263.494,365883.784,0.471931569
80.671962587,0.22,220,2,73.776,365016.281,263.714,365900.168,0.528849889
81.672673166,0.22,220,2,73.996,365032.665,263.934,365916.552,1.000710579
72.96106717,8.296,8296,6,59.413,248.16,264.154,365932.936,0
82.673380573,0.22,220,2,74.216,365049.049,272.45,365953.416,9.712313403
73.374322404,8.296,8296,4,33.81,184.672,272.56,365965.704,0
83.144515973,0.11,110,2,74.326,365065.433,280.856,365977.992,9.770193569
83.674239125,0.22,220,2,74.546,365085.913,281.076,366002.568,0.529723152
84.67520519,0.22,220,2,74.766,365102.297,281.296,366018.952,1.000966065
85.675903921,0.22,220,2,74.986,365122.777,281.516,366072.2,1.000698731
86.145933959,0.11,110,2,75.096,365139.161,281.626,366088.584,0.470030038
86.676754275,0.22,220,2,75.316,365155.545,281.846,366145.928,0.530820316
87.67759988,0.22,220,2,75.536,365171.929,282.066,366170.504,1.000845605
88.678572631,0.22,220,2,75.756,365188.313,282.286,366186.888,1.000972751
89.147400476,0.11,110,2,75.866,365204.697,282.396,366203.272,0.468827845
89.67942687,0.22,220,2,76.086,365221.081,282.616,366219.656,0.532026394
90.680058756,0.22,220,2,76.306,365237.465,282.836,366236.04,1.000631886
91.68067285,0.22,220,2,76.526,365253.849,283.056,366252.424,1.000614094
92.148743408,0.11,110,2,76.636,365270.233,283.166,366272.904,0.468070558
82.839990661,8.296,8296,6,67.709,264.544,283.386,366281.096,0
92.730417349,8.331,8331,6,76.04,278.88,291.717,366295.432,9.890426688
92.745020667,0.245,245,6,76.285,279.872,291.962,366296.424,0.014603318
92.751203943,2.425,2425,6,78.71,283.968,294.387,366300.52,0.00618327599999
92.783994775,0.133,133,6,78.843,284.992,294.52,366301.544,0.032790832
92.681578016,0.22,220,2,76.856,365286.617,294.781,366313.832,0
93.68247938,0.22,220,2,77.076,365303.001,295.001,366330.216,1.000901364
94.683258509,0.22,220,2,77.296,365319.385,295.221,366346.6,1.000779129
95.150133084,0.11,110,2,77.406,365335.769,295.331,366366.856,0.466874575
83.482574648,8.296,8296,4,42.106,196.96,295.551,366375.048,0
92.803787065,0.261,261,6,79.104,288.864,303.8,366375.048,9.321212417
95.708594828,8.249,8249,6,87.353,296.032,312.049,366384.264,2.904807763
95.715263301,0.245,245,6,87.598,296.992,312.294,366385.224,0.00666847299999
95.70829499,8.249,8249,4,50.355,203.104,314.652,366389.32,0
95.722928444,0.245,245,4,50.6,204.128,314.897,366391.88,0.014633454
95.726214992,2.358,2358,4,52.958,207.2,317.255,366394.952,0.00328654799999
95.751863089,0.133,133,4,53.091,208.192,317.388,366395.944,0.025648097
95.717801338,2.358,2358,6,89.956,301.088,317.649,366398.504,0
95.801426751,8.249,8249,6,98.205,321.568,325.898,366418.984,0.083625413
95.685635888,0.22,220,2,77.626,365356.249,326.031,366431.272,0
74.953152102,8.296,8296,3,33.843,202.416,326.251,366455.848,0
74.103708804,8.296,8296,7,59.479,170.096,334.5,366455.848,0
96.686610814,0.22,220,2,77.846,365364.441,342.749,366455.848,22.58290201
97.287795976,8.249,8249,3,42.092,239.28,350.998,366501.928,0.601185162
97.288236445,8.249,8249,7,67.728,176.24,351.309,366501.928,0.000440468999997
97.303045129,0.311,311,3,42.403,240.304,351.62,366503.944,0.014808684
97.303203176,0.311,311,7,68.039,177.232,353.978,366503.944,0.000158046999999
97.288698478,8.249,8249,2,86.095,365400.281,356.336,366536.712,0
97.306741183,0.311,311,2,86.406,365401.257,356.647,366545.88,0.018042705
97.305763815,2.358,2358,3,44.761,249.52,359.005,366566.36,0
97.305821311,2.358,2358,7,70.397,180.304,359.138,366566.36,5.74959999966e-05
97.309939791,2.358,2358,2,88.764,365425.833,359.271,366574.552,0.00411848
97.332715026,0.133,133,3,44.894,251.056,359.404,366576.088,0.022775235
97.333101771,0.133,133,7,70.53,181.296,359.665,366577.08,0.000386745
97.339443736,0.133,133,2,88.897,365429.929,359.926,366581.176,0.006341965
97.352113588,0.261,261,2,89.158,365438.121,360.187,366592.728,0.012669852
97.687501011,0.22,220,2,89.378,365454.505,360.407,366609.112,0.335387423
95.808880515,0.133,133,6,98.338,332.832,360.517,366628.568,0
98.324117076,8.249,8249,6,106.587,381.984,368.766,366677.72,2.515236561
95.764712516,0.261,261,4,53.352,212.4,368.899,366690.12,0
98.543830736,8.249,8249,4,61.601,231.856,377.148,366709.576,2.77911822
98.151707917,0.11,110,2,89.488,365470.889,377.281,366717.768,0
98.688932488,0.22,220,2,89.708,365487.273,377.501,366734.152,0.537224571
99.689978805,0.22,220,2,89.928,365509.289,377.721,366768.744,1.001046317
98.333526138,0.133,133,6,106.72,398.368,377.941,366817.896,0
98.551675368,0.133,133,4,61.734,264.624,386.19,366817.896,0.21814923
100.690828513,0.22,220,2,90.148,365517.481,394.439,366817.896,2.139153145
97.348630861,0.261,261,7,70.791,192.848,402.688,366817.896,0
97.34653688,0.261,261,3,45.155,255.44,410.937,366817.896,0
101.045600318,8.249,8249,4,69.983,285.104,419.186,366957.16,3.699063438
101.045310878,8.249,8249,6,114.969,496.672,419.431,367013.48,0
101.045987248,8.249,8249,2,98.397,365537.961,419.676,367013.976,0.000676370000008
101.046504613,8.249,8249,7,79.04,242.0,419.921,367013.976,0.000517364999993
101.046890028,8.249,8249,3,53.404,262.608,420.166,367013.976,0.000385415000011
101.051365727,0.245,245,4,70.228,286.096,420.411,367016.344,0.004475699
101.05248601,0.245,245,6,115.214,498.048,422.739,367019.208,0.00112028299999
101.052626345,0.245,245,2,98.642,365539.369,425.067,367019.208,0.000140334999998
101.052751903,0.245,245,7,79.285,243.424,427.395,367020.152,0.000125558000008
101.05306718,0.245,245,3,53.649,264.08,429.723,367020.152,0.000315276999999
101.054820311,2.328,2328,2,100.97,365557.801,432.051,367075.88,0.001753131
101.053913596,2.328,2328,4,72.556,293.264,432.161,367087.144,0
101.054776499,2.328,2328,6,117.542,518.528,440.41,367132.2,0.000862902999998
101.311626779,8.249,8249,6,125.791,530.816,448.659,367144.488,0.25685028
101.153756033,0.11,110,2,101.08,365574.185,456.908,367162.92,0
101.167787728,8.249,8249,4,80.805,334.224,457.128,367171.112,0.014031695
101.055305597,2.328,2328,7,81.613,255.712,457.297,367171.112,0
101.055437355,2.328,2328,3,55.977,268.608,457.466,367171.112,0.000131757999995
101.691814058,0.22,220,2,101.3,365582.377,457.635,367171.112,0.636376703
101.477686752,8.249,8249,6,134.04,541.056,457.804,367171.112,0
102.0924173,0.169,169,4,80.974,342.416,457.973,367416.872,0.614730548
102.096897725,0.169,169,7,81.782,321.248,458.142,367416.872,0.00448042500001
102.097064309,0.169,169,3,56.146,276.8,458.311,367416.872,0.000166583999999
102.097232318,0.169,169,2,101.469,365647.913,458.48,367416.872,0.000168008999992
102.097379383,0.169,169,6,134.209,639.36,458.649,367416.872,0.000147065000007
102.118671554,0.169,169,7,81.951,370.4,458.818,367564.328,0.021292171
102.118954054,0.169,169,3,56.315,282.944,458.987,367572.52,0.000282499999997
102.118451402,0.169,169,4,81.143,360.848,459.156,367572.52,0
102.119017946,0.169,169,2,101.638,365697.065,459.325,367572.52,0.000566543999994
102.119123811,0.169,169,6,134.378,663.936,459.494,367572.52,0.000105864999995
102.131689244,0.169,169,2,101.807,365715.497,459.663,367605.768,0.012565433
102.69285844,0.22,220,2,102.027,365723.689,459.883,367614.472,0.561169196
102.13122505,0.169,169,3,56.484,284.96,460.052,367614.472,0
102.129541229,0.169,169,7,82.12,382.688,460.221,367614.472,0
102.131477331,0.169,169,4,81.312,365.968,460.39,367614.472,0.001936102
102.131841211,0.169,169,6,134.547,668.032,460.559,367614.472,0.000363879999995
103.079038481,0.169,169,7,82.289,385.76,460.728,367627.608,0.94719727
103.078994068,0.169,169,3,56.653,286.384,469.166,367627.608,0
103.079323259,0.169,169,6,134.716,670.592,477.604,367627.608,0.000329191000006
103.079208809,0.169,169,4,81.481,367.44,486.042,367627.608,0
103.078994064,0.169,169,2,102.196,365728.297,494.48,367627.608,0
103.457990234,8.438,8438,6,143.154,681.28,502.918,367657.08,0.37899617
103.457596286,8.438,8438,3,65.091,289.664,503.163,367657.08,0
103.457300043,8.438,8438,7,90.727,396.432,503.408,367657.08,0
103.458837556,8.438,8438,2,110.634,365738.985,503.653,367666.616,0.001537513
103.464881846,0.245,245,6,143.399,682.592,503.898,367668.888,0.00604428999999
103.465290242,0.245,245,7,90.972,397.792,947.026,367668.888,0.000408395999997
103.46521444,0.245,245,3,65.336,291.072,1636.354,367670.248,0
103.46734661,453.264,257040,7,544.236,397.792,2143.938,367670.248,0.00213217000001
103.466436176,0.245,245,2,110.879,365740.313,2403.17,367670.68,0
103.468098501,457.608,257040,3,522.944,291.072,2846.298,367670.68,0.001662325
103.468600611,259.232,196224,7,803.468,397.792,3189.514,367670.68,0.000502109999999
103.469135783,443.128,257040,2,554.007,365740.313,3252.522,367670.68,0.000535171999999
103.470935037,343.216,200568,3,866.16,291.072,3601.53,367672.728,0.00179925400001
103.458383083,8.438,8438,4,89.919,371.824,3843.386,367672.728,0
103.471534092,349.008,186088,2,903.015,365740.313,3843.631,367672.728,0.013151009
103.472489361,241.856,142648,3,1108.016,291.072,4092.727,367676.824,0.000955269000002
103.472670473,249.096,162920,2,1152.111,365740.313,4240.463,367676.824,0.000181111999993
103.472584669,0.245,245,4,90.164,373.248,4422.991,367678.248,0
103.47394517,134.0,86176,2,1286.111,365752.601,5489.583,367696.648,0.00136050099999
103.471325877,63.008,63008,7,866.476,403.936,5489.803,367706.888,0
104.04958791,0.245,245,7,866.721,405.216,5490.048,367708.168,0.578262033
103.69397463,0.22,220,2,1286.331,365762.841,5616.397,367711.24,0
103.467132914,729.168,257040,6,872.567,688.736,5616.675,367714.312,0
103.47523024,1066.592,257040,4,1156.756,375.264,5616.986,367715.304,0.008097326
103.473813954,196.264,99208,3,1304.28,293.024,5617.297,367718.248,0
104.059577546,0.278,278,2,1286.609,365772.057,5617.674,367727.368,0.585763592
104.101085963,0.311,311,6,872.878,693.232,5617.784,367745.976,0.041508417
104.106795366,0.311,311,4,1157.067,379.472,5626.222,367760.552,0.005709403
104.155492966,0.11,110,2,1286.719,365791.913,5634.66,367771.816,0.0486976
104.438718643,8.438,8438,6,881.316,709.616,5634.88,367788.2,0.283225677
104.131753054,0.377,377,3,1304.657,297.088,5643.318,367902.888,0
104.051576131,126.349,126349,7,993.07,409.712,5651.382,367902.888,0
105.372209749,8.064,8064,7,1001.134,424.048,5659.446,367936.168,1.320633618
105.371837879,8.064,8064,3,1312.721,316.032,5659.691,367936.168,0
105.385048617,0.245,245,3,1312.966,317.36,5659.936,367938.712,0.013210738
105.384983646,0.245,245,7,1001.379,425.264,5922.08,367938.712,0
105.387115806,524.288,262144,3,1837.254,317.36,6686.582,367938.712,0.00213216
105.387197465,502.358,262144,7,1503.737,425.264,7183.148,367938.712,8.16590000028e-05
105.38845818,496.566,262144,3,2333.82,317.36,7552.08,367938.712,0.001260715
105.38858748,368.932,240214,7,1872.669,425.264,7961.556,367938.712,0.000129299999998
105.389885318,154.628,128718,7,2027.297,425.264,8116.184,367938.712,0.001297838
105.389726567,409.476,234422,3,2743.296,317.36,8142.094,367938.712,0
105.391153119,286.396,175054,3,3029.692,317.36,8428.49,367938.712,0.001426552
105.390941747,25.91,25910,7,2053.207,429.36,8730.352,367951.0,0
105.392526344,301.862,111342,3,3331.554,329.648,8730.584,367955.096,0.001584597
104.694962055,0.22,220,2,1286.939,365808.297,8730.816,367963.288,0
105.695970296,0.22,220,2,1287.159,365832.873,8731.036,632377.928,1.001008241
104.575963609,8.438,8438,4,1165.505,415.312,8731.256,632394.312,0
105.564489438,0.232,232,7,2053.439,139386.592,8731.425,632394.312,0.988525829
106.697169257,0.22,220,2,1287.379,365841.065,8731.594,632394.312,1.132679819
104.71270408,8.438,8438,6,889.754,791.536,8731.763,632394.312,0
105.586154521,0.232,232,3,3331.786,125770.672,8731.932,632394.312,0.873450441
106.90212074,0.169,169,7,2053.608,139398.88,8732.101,632492.616,1.315966219
106.902471343,0.169,169,3,3331.955,125789.104,8732.347,632492.616,0.000350603000001
106.902070995,0.169,169,4,1165.674,439.888,8732.593,632500.296,0
106.950153823,0.246,246,7,2053.854,139401.952,8732.762,632500.296,0.048082828
106.951775554,0.246,246,3,3332.201,125793.712,8732.931,632500.296,0.001621731
106.902121978,0.169,169,2,1287.548,365847.209,8733.1,632500.296,0
106.902438555,0.169,169,6,889.923,828.4,8733.269,632500.296,0.000316577000007
106.97945253,0.169,169,2,1287.717,365856.921,8733.438,632529.304,0.077013975
106.979244196,0.169,169,7,2054.023,139403.904,8733.548,632537.496,0
106.979355145,0.169,169,3,3332.37,125795.696,8741.882,632537.496,0.000110949000003
106.979542922,0.169,169,6,890.092,837.616,8750.216,632537.496,0.000187776999994
107.157471227,0.11,110,2,1287.827,365865.113,8758.55,632537.496,0.177928305
106.979140725,0.169,169,4,1165.843,446.032,8766.884,632537.496,0
107.352119117,8.334,8334,7,2062.357,139408.272,8775.218,632552.248,0.372978392
107.352749831,8.334,8334,6,898.426,857.072,8775.463,632569.656,0.000630713999996
107.352415888,8.334,8334,3,3340.704,125800.08,8775.708,632571.448,0
107.357042523,0.245,245,7,2062.602,139409.408,8775.953,632593.128,0.00462663500001
107.353096128,8.334,8334,2,1296.161,365871.625,9300.241,632593.128,0
107.35345677,8.334,8334,4,1174.177,464.976,9300.486,632593.128,0.00036064199999
107.357845743,0.245,245,6,898.671,858.304,9300.731,632594.376,0.004388973
107.358505529,0.245,245,3,3340.949,125801.344,10611.451,632596.552,0.000659786
107.359929622,786.432,262144,6,1685.103,858.304,11135.739,632596.552,0.001424093
107.35932199,1048.576,262144,7,3111.178,139409.408,11660.027,632596.552,0
107.359524052,0.245,245,4,1174.422,466.336,12617.095,632597.416,0.000202062
107.359464493,0.245,245,2,1296.406,365872.889,12879.239,632597.416,0
107.361637307,957.068,262144,6,2642.171,858.304,13665.671,632597.416,0.00217281399999
107.361791528,524.288,262144,7,3635.466,139409.408,13836.307,632597.416,0.000154221000003
107.36119534,524.288,262144,3,3865.237,125801.344,14360.595,632597.416,0
107.362956047,524.288,262144,4,1698.71,466.336,14884.883,632597.416,0.001760707
107.362976521,524.288,262144,2,1820.694,365872.889,15409.171,632597.416,2.04739999958e-05
107.366263094,524.288,262144,7,4159.754,139409.408,15933.459,632597.416,0.00328657300001
107.368044968,524.288,262144,4,2222.998,466.336,16376.375,632597.416,0.001781874
107.366619164,524.288,262144,3,4389.525,125801.344,17162.807,632597.416,0
107.368145613,524.288,262144,2,2344.982,365872.889,17687.095,632597.416,0.001526449
107.370800298,442.916,262144,7,4602.67,139409.408,18211.383,632597.416,0.00265468500001
107.371637282,786.432,262144,4,3009.43,466.336,18487.495,632597.416,0.000836983999989
107.372734826,524.288,262144,3,4913.813,125801.344,18905.795,632605.608,0.001097544
107.373476668,524.288,262144,2,2869.27,365872.889,19692.227,632605.608,0.000741841999996
107.373755873,276.112,180772,7,4878.782,139409.408,20216.515,632605.608,0.000279204999998
107.374177373,418.3,262144,4,3427.73,466.336,20314.523,632605.608,0.000421500000002
107.376147427,524.288,262144,2,3393.558,365872.889,20496.515,632605.608,0.00197005400001
107.375320982,786.432,262144,3,5700.245,125801.344,21020.803,632605.608,0
107.376447505,98.008,95340,7,4976.79,139409.408,21807.235,632605.608,0.001126523
107.37690571,181.992,156156,4,3609.722,466.336,21809.903,632605.608,0.000458205000001
107.37819223,786.432,262144,3,6486.677,125801.344,21835.739,632605.608,0.00128651999999
107.377573792,524.288,262144,2,3917.846,365872.889,22360.027,632605.608,0
107.381352972,524.288,262144,3,7010.965,125801.344,22872.447,632605.608,0.00377918
107.382836545,477.668,262144,3,7488.633,125801.344,23350.115,632605.608,0.001483573
107.382372495,512.42,262144,2,4430.266,365872.889,23948.675,632605.608,0
107.384390113,598.56,215524,3,8087.193,125801.344,24344.971,632605.608,0.002017618
107.384798934,396.296,250276,2,4826.562,365872.889,24412.799,632614.824,0.000408821000008
107.3866997,195.024,146020,2,5021.586,365872.889,24607.823,632614.824,0.00190076599999
107.388168532,49.004,49004,2,5070.59,365883.129,24656.827,632629.56,0.001468832
107.379983505,25.836,25836,4,3635.558,480.672,24657.047,632652.088,0
107.364079927,170.636,170636,6,2812.807,872.64,24665.381,632723.768,0
107.757501359,8.334,8334,6,2821.141,954.56,24673.715,632844.504,0.393421432
107.698158793,0.22,220,2,5070.81,365902.585,24682.049,632897.752,0
107.727322672,8.334,8334,4,3643.892,578.976,24682.269,632905.944,0.029163879
107.37921933,2.668,2668,7,4979.458,139422.096,24682.438,632905.944,0
107.38577827,67.828,67828,3,8155.021,125805.344,24682.607,632905.944,0.00655894000001
108.699292412,0.22,220,2,5071.03,365910.777,24682.776,632905.944,1.313514142
108.08988551,8.334,8334,6,2829.475,999.616,24682.945,632905.944,0
108.718979114,0.169,169,7,4979.627,139430.288,24683.114,632977.624,0.629093604
108.718915884,0.169,169,4,3644.061,599.456,24691.553,632977.624,0
108.719201391,0.169,169,2,5071.199,365935.353,24699.992,632977.624,0.000285507000001
108.719171042,0.169,169,3,8155.19,125817.632,24708.431,632977.624,0
108.719283942,0.169,169,6,2829.644,1005.76,24716.87,632977.624,0.000112900000005
109.366647912,8.439,8439,4,3652.5,609.696,24725.309,633016.536,0.64736397
109.36627348,8.439,8439,7,4988.066,139449.744,24725.554,633016.536,0
109.367654671,8.439,8439,3,8163.629,125853.472,24725.799,633052.584,0.00138119099999
109.371423464,0.245,245,4,3652.745,610.976,24726.044,633054.376,0.00376879300001
109.367168229,8.439,8439,2,5079.638,365942.521,24995.416,633063.368,0
109.368124345,8.439,8439,6,2838.083,1016.0,24995.661,633063.368,0.000956115999998
109.371497127,0.245,245,7,4988.311,139450.816,25008.236,633063.72,0.003372782
109.372598778,0.245,245,3,8163.874,125854.656,25335.528,633064.104,0.001101651
109.374283625,327.292,257042,7,5315.603,139450.816,25691.78,633065.688,0.00168484700001
109.374716792,356.252,257042,3,8520.126,125854.656,25762.03,633065.688,0.000433166999997
109.373701924,0.245,245,2,5079.883,365943.705,25861.24,633066.456,0
109.373848559,0.245,245,6,2838.328,1017.168,26118.282,633066.456,0.000146634999993
109.377282661,370.732,257042,2,5450.615,365943.705,26489.014,633068.504,0.003434102
109.380281363,152.084,113690,2,5602.699,365943.705,26641.098,633093.08,0.002998702
109.382903639,38.394,38394,2,5641.093,365946.249,26679.492,633124.296,0.00262227600001
109.485407952,0.245,245,2,5641.338,365947.369,26679.737,633125.416,0.102504313
109.373182328,281.702,257042,4,3934.447,614.048,29458.355,633127.416,0
109.376583687,70.25,70250,7,5385.853,139487.68,29458.633,633139.704,0.00340135899999
109.509494009,0.278,278,7,5386.131,139488.672,29458.911,633148.888,0.132910322
109.376914644,99.21,99210,3,8619.336,125879.232,29983.199,633148.888,0
109.512323246,0.278,278,3,8619.614,125880.352,31403.89,633150.008,0.135408602
109.515055904,524.288,262144,3,9143.902,125880.352,32052.625,633151.0,0.002732658
109.516965119,524.288,262144,3,9668.19,125880.352,32576.913,633151.0,0.00190921500001
109.51873367,786.432,262144,3,10454.622,125880.352,33363.345,633151.0,0.001768551
109.377307159,257.042,257042,6,3095.37,1035.6,34047.981,633167.384,0
109.487384548,2778.618,262144,2,8419.956,365956.537,34048.358,633178.648,0.110077389
109.502673347,0.278,278,4,3934.725,617.92,34048.578,633192.984,0.015288799
109.549361953,0.377,377,6,3095.747,1042.768,34057.017,633213.464,0.046688606
109.700258081,0.22,220,2,8420.176,365976.185,34065.456,633238.04,0.150896128
109.944639617,8.439,8439,6,3104.186,1067.344,34065.566,633254.424,0.244381536
110.159071568,0.11,110,2,8420.286,365992.569,34074.005,633274.904,0.214431951
109.52064217,684.636,262144,3,11139.258,125887.52,34074.225,633283.096,0
109.512011985,2069.148,262144,7,7455.279,139499.936,34082.29,633283.096,0
110.746244811,8.065,8065,3,11147.323,125936.672,34090.355,633332.248,1.234232826
110.759313962,0.245,245,3,11147.568,125937.712,34090.6,633333.288,0.013069151
110.761162082,493.464,262144,3,11641.032,125937.712,34584.064,633333.288,0.00184812000001
110.746527331,8.065,8065,7,7463.344,139549.088,34693.96,633382.44,0
110.767219634,0.245,245,7,7463.589,139550.016,34694.205,633391.56,0.020692303
110.769008618,493.464,262144,7,7957.053,139550.016,35187.669,633391.56,0.001788984
110.762422151,109.896,109896,3,11750.928,125950.0,35297.565,633403.848,0
110.770209827,109.896,109896,7,8066.949,139562.304,35297.797,633407.944,0.00778767600001
110.701284787,0.22,220,2,8420.506,366008.953,35298.029,761471.944,0
110.964467509,0.232,232,7,8067.181,223819.584,35298.249,779183.048,0.263182722
110.958058083,0.232,232,3,11751.16,211060.784,35298.495,802816.968,0
109.731852659,8.439,8439,4,3943.164,626.112,35298.741,802841.544,0
111.771039364,0.246,246,7,8067.427,223844.16,35298.91,802841.544,2.039186705
111.957586992,0.246,246,3,11751.406,211085.36,35299.079,802841.544,0.186547628
111.702724699,0.22,220,2,8420.726,366017.145,35299.248,802841.544,0
110.221241305,8.439,8439,6,3112.625,1079.632,35299.417,802841.544,0
111.969302179,0.169,169,4,3943.333,724.416,35299.586,803053.512,1.748060874
111.96933361,0.169,169,7,8067.596,223850.304,35299.755,803053.512,3.14310000107e-05
111.969472995,0.169,169,3,11751.575,211091.504,35299.924,803053.512,0.000139384999997
111.969516951,0.169,169,2,8420.895,366020.217,35300.093,803053.512,4.3955999999e-05
111.969579271,0.169,169,6,3112.794,1177.936,35300.262,803053.512,6.23199999978e-05
112.283453093,0.169,169,4,3943.502,740.8,35300.431,803091.304,0.313873822
112.283457653,0.169,169,7,8067.765,223852.32,35300.6,803091.304,4.5599999936e-06
112.283602166,0.169,169,3,11751.744,211093.52,35300.769,803091.304,0.000144512999995
112.283756755,0.169,169,2,8421.064,366021.209,35300.938,803091.304,0.000154589000005
112.283825863,0.169,169,6,3112.963,1194.32,35301.107,803091.304,6.91080000053e-05
112.287597813,0.169,169,3,11751.913,211095.408,35301.276,803119.032,0.00377195
112.287464699,0.169,169,4,3943.671,753.088,35309.61,803119.032,0
112.28767752,0.169,169,2,8421.233,366022.633,35317.944,803119.032,0.000212821000005
112.287475871,0.169,169,7,8067.934,223854.208,35326.278,803119.032,0
112.287777669,0.169,169,6,3113.132,1204.56,35334.612,803119.032,0.000301797999995
112.548927603,8.334,8334,3,11760.247,211098.672,35342.946,803131.912,0.261149934
112.549264554,8.334,8334,4,3952.005,788.928,35343.191,803168.776,0.000336951000008
112.549631128,8.334,8334,2,8429.567,366025.913,35343.436,803168.776,0.000366573999997
112.549965396,8.334,8334,7,8076.268,223857.472,35343.681,803169.8,0.000334268000003
112.550316258,8.334,8334,6,3121.466,1209.68,35343.926,803170.456,0.000350861999991
112.554023576,0.245,245,3,11760.492,211099.648,35344.171,803172.056,0.00370731800001
112.554578562,0.245,245,2,8429.812,366026.953,36130.603,803174.216,0.000554985999997
112.554814585,0.245,245,7,8076.513,223858.32,36392.747,803174.968,0.000236022999999
112.554572884,0.245,245,4,3952.25,790.144,37179.179,803174.968,0
112.555032224,0.245,245,6,3121.711,1210.768,37703.467,803174.968,0.000459340000006
112.555793578,786.432,262144,3,12546.924,211099.648,39014.187,803174.968,0.000761354000005
112.556466375,524.288,262144,2,8954.1,366026.953,39538.475,803174.968,0.000672796999993
112.557402178,524.288,262144,3,13071.212,211099.648,40062.763,803174.968,0.000935803000004
112.556531972,786.432,262144,7,8862.945,223858.32,40587.051,803174.968,0
112.556708718,786.432,262144,4,4738.682,790.144,41111.339,803174.968,0.000176745999994
112.55679874,786.432,262144,6,3908.143,1210.768,41635.627,803174.968,9.00220000091e-05
112.561980505,524.288,262144,7,9387.233,223858.32,42422.059,803174.968,0.00518176499999
112.55931693,524.288,262144,2,9478.388,366026.953,42946.347,803174.968,0
112.561852159,524.288,262144,3,13595.5,211099.648,43470.635,803174.968,0.002535229
112.562766229,524.288,262144,4,5262.97,790.144,43994.923,803174.968,0.000914070000007
112.563772344,786.432,262144,6,4694.575,1210.768,44519.211,803174.968,0.001006115
112.565140968,524.288,262144,7,9911.521,223858.32,45043.499,803174.968,0.00136862399999
112.568544972,524.288,262144,4,5787.258,790.144,45567.787,803174.968,0.003404004
112.568361748,524.288,262144,3,14119.788,211099.648,46092.075,803174.968,0
112.569754355,524.288,262144,6,5218.863,1210.768,46616.363,803174.968,0.001392607
112.567265399,524.288,262144,2,10002.676,366026.953,47017.966,803174.968,0
112.571006321,524.288,262144,7,10435.809,223858.32,47542.254,803174.968,0.00374092200001
112.571904879,524.288,262144,4,6311.546,790.144,48066.542,803174.968,0.000898558000003
112.575672439,401.603,262144,6,5620.466,1210.768,48590.83,803174.968,0.00376756
112.574463518,524.288,262144,3,14644.076,211099.648,48730.289,803174.968,0
112.577192108,524.288,262144,7,10960.097,223858.32,49247.732,803174.968,0.00272859
112.576285919,524.288,262144,2,10526.964,366026.953,49765.175,803174.968,0
112.578324406,524.288,262144,4,6835.834,790.144,50289.463,803174.968,0.00203848699999
112.583358216,524.288,262144,2,11051.252,366026.953,50806.906,803174.968,0.00503381
112.580367605,517.443,262144,3,15161.519,211099.648,51331.194,803174.968,0
112.581103548,517.443,262144,7,11477.54,223858.32,51711.472,803174.968,0.000735942999995
112.587713891,380.278,255299,7,11857.818,223858.32,52091.75,803174.968,0.00661034300001
112.585071265,517.443,262144,4,7353.277,790.144,52216.729,803174.968,0
112.587003074,524.288,262144,2,11575.54,366026.953,52597.007,803174.968,0.001931809
112.587286294,380.278,255299,3,15541.797,211099.648,53101.418,803174.968,0.00028322
112.592385197,380.278,255299,4,7733.555,790.144,53226.397,803174.968,0.005098903
112.59315152,504.411,262144,2,12079.951,366026.953,53351.376,803174.968,0.000766323000008
112.596263933,354.214,242267,2,12434.165,366026.953,53705.59,803176.504,0.003112413
112.601839945,111.947,111947,2,12546.112,366036.137,53817.537,803204.056,0.00557601199999
112.595533648,124.979,124979,4,7858.534,814.72,53817.757,803220.44,0
112.57937947,139.459,139459,6,5759.925,1215.296,53826.091,803235.336,0
112.703972489,0.22,220,2,12546.332,366055.401,53834.425,803260.744,0.124593019
113.024555982,8.334,8334,6,5768.259,1227.584,53834.535,803305.8,0.320583493
113.160487872,0.11,110,2,12546.442,366071.785,53842.869,803326.28,0.13593189
112.89778815,8.334,8334,4,7866.868,859.776,53843.089,803334.472,0
112.591708235,124.979,124979,7,11982.797,223862.192,53843.258,803334.472,0
113.70511967,0.22,220,2,12546.662,366079.977,53843.427,803334.472,1.113411435
113.345562568,8.334,8334,6,5776.593,1239.872,53843.596,803334.472,0
112.593788221,124.979,124979,3,15666.776,211103.52,53843.765,803334.472,0
114.340569804,0.169,169,2,12546.831,366084.073,53843.934,803513.672,1.746781583
114.341006093,0.169,169,3,15666.945,211108.64,53852.373,803513.672,0.000436289000007
114.340285689,0.169,169,7,11982.966,223868.336,53860.812,803513.672,0
114.340683768,0.169,169,6,5776.762,1338.176,53869.251,803513.672,0.000398079000007
114.340273102,0.169,169,4,7867.037,925.312,53877.69,803513.672,0
114.560991321,8.439,8439,6,5785.201,1362.752,53886.129,803542.856,0.220718219
114.565239559,0.245,245,6,5785.446,1363.776,53886.374,803543.88,0.004248238
114.560643197,8.439,8439,7,11991.405,223887.28,54143.413,803560.264,0
114.560266456,8.439,8439,3,15675.384,211143.456,54143.658,803593.032,0
114.569418638,0.245,245,3,15675.629,211144.352,54143.903,803613.384,0.00915218200001
114.559954601,8.439,8439,2,12555.27,366119.913,54400.942,803654.344,0
114.561388122,8.439,8439,4,7875.476,949.888,54401.187,803654.344,0.001433521
114.573998017,0.245,245,2,12555.515,366120.889,54401.432,803656.088,0.012609895
114.574278207,0.245,245,4,7875.721,951.024,54658.471,803656.456,0.000280190000012
114.568700922,0.245,245,7,11991.65,223888.064,54915.51,803673.624,0
114.57965709,257.039,257039,7,12248.689,223900.352,55172.549,803706.392,0.010956168
114.680974836,0.245,245,7,12248.934,223901.056,55172.794,803707.096,0.101317746
114.698963706,1310.72,262144,7,13559.654,223901.056,56483.514,803707.096,0.01798887
114.701318241,786.432,262144,7,14346.086,223901.056,57269.946,803707.096,0.00235453499999
114.70294119,524.288,262144,7,14870.374,223901.056,57794.234,803709.144,0.00162294900001
114.576068448,257.039,257039,4,8132.76,957.168,58056.378,803709.144,0
114.704403,368.352,262144,7,15238.726,223901.056,58162.831,803709.144,0.128334552
114.575684872,257.039,257039,2,12812.554,366145.465,58269.039,803717.704,0
114.704443078,0.245,245,4,8133.005,958.24,58269.259,803726.6,0.128758206
114.708539657,786.432,262144,4,8919.437,958.24,59055.691,803726.6,0.00409657900001
114.710335098,786.432,262144,4,9705.869,958.24,59842.123,803726.6,0.001795441
114.711930008,786.432,262144,4,10492.301,958.24,60628.555,803728.648,0.00159490999999
114.713404751,762.264,262144,4,11254.565,958.24,61390.819,803728.648,0.001474743
114.715009019,280.472,237976,4,11535.037,958.24,61671.291,803728.648,0.00160426799999
114.5716221,257.039,257039,3,15932.668,211168.928,61713.787,803736.84,0
114.706246977,0.22,220,2,12812.774,366161.849,61714.065,803746.056,0.134624877
114.734316732,0.311,311,2,12813.085,366162.745,61714.376,803746.952,0.028069755
114.736901636,786.432,262144,2,13599.517,366162.745,62500.808,803746.952,0.002584904
114.738392499,786.432,262144,2,14385.949,366162.745,63287.24,803746.952,0.001490863
114.739865244,1310.72,262144,2,15696.669,366162.745,64597.96,803749.0,0.001472745
114.7425104,378.488,262144,2,16075.157,366162.745,64976.448,803751.048,0.002645156
114.567210008,257.039,257039,6,6042.485,1369.92,65092.792,803761.288,0
114.716453029,42.496,42496,4,11577.533,962.736,65093.169,803772.44,0.149243021
114.882440324,0.377,377,6,6042.862,1374.416,65101.608,803788.2,0.165987295
115.128969201,8.439,8439,6,6051.301,1390.8,65110.047,803812.776,0.246528877
114.743955672,116.344,116344,2,16191.501,366179.129,65118.486,803919.272,0
114.723067462,0.278,278,3,15932.946,211176.096,65118.706,803927.464,0
114.706009108,106.208,106208,7,15344.934,223906.688,65126.771,803927.464,0
115.825610758,8.065,8065,3,15941.011,211225.248,65134.836,803976.616,1.11960165
115.830555595,0.245,245,3,15941.256,211226.08,65135.081,803977.448,0.00494483700001
115.832390861,428.3,262144,3,16369.556,211226.08,65563.381,803977.448,0.00183526599999
115.826022404,8.065,8065,7,15352.999,223931.264,65608.115,804002.024,0
115.837176479,0.245,245,7,15353.244,223931.904,65608.36,804010.856,0.011154075
115.833906276,44.734,44734,3,16414.29,211238.368,65991.926,804019.048,0
115.838752532,383.566,262144,7,15736.81,223938.048,65992.158,804021.096,0.00484625600001
115.708121289,0.22,220,2,16191.721,366228.281,65992.39,804062.056,0
116.003766277,0.232,232,3,16414.522,351039.456,65992.5,1098871.08,0.295644988
116.019563452,0.232,232,7,15737.042,378921.408,65992.746,1098883.368,0.015797175
114.973237086,8.439,8439,4,11585.972,979.12,65992.992,1098895.656,0
117.00827771,0.246,246,7,15737.288,378933.696,65993.161,1098895.656,2.035040624
116.990858781,0.246,246,3,16414.768,351051.744,65993.33,1098895.656,0
116.162273512,0.11,110,2,16191.831,366252.857,65993.499,1098895.656,0
115.34297432,8.439,8439,6,6059.74,1489.104,65993.668,1098895.656,0
117.018727807,0.169,169,7,15737.457,378936.768,65993.837,1099049.256,1.675753487
117.01883187,0.169,169,3,16414.937,351054.816,66002.171,1099050.248,0.000104062999995
117.01871462,0.169,169,4,11586.141,1077.424,66010.505,1099050.248,0
117.018886784,0.169,169,2,16192.0,366277.433,66018.839,1099050.248,0.000172164000006
117.018944103,0.169,169,6,6059.909,1513.68,66027.173,1099050.248,5.73189999926e-05
117.616984196,8.334,8334,3,16423.271,351065.488,66035.507,1099079.704,0.598040093
117.621412984,0.245,245,3,16423.516,351066.24,66035.752,1099084.552,0.004428788
117.617374128,8.334,8334,4,11594.475,1102.0,66822.184,1099094.792,0
117.616636942,8.334,8334,7,15745.791,378944.256,66822.429,1099096.84,0
117.623062923,786.432,262144,3,17209.948,351066.24,66822.674,1099096.84,0.00642598100001
117.617786411,8.334,8334,2,16200.334,366284.601,67871.25,1099101.096,0
117.623554903,0.245,245,4,11594.72,1102.992,67871.495,1099101.288,0.005768492
117.624599171,1048.576,262144,3,18258.524,351066.24,68657.927,1099101.288,0.001044268
117.623996428,0.245,245,7,15746.036,378944.816,69182.215,1099101.752,0
117.626744932,524.288,262144,3,18782.812,351066.24,69968.647,1099102.024,0.002748504
117.626254681,786.432,262144,4,12381.152,1102.992,70492.935,1099102.024,0
117.626197218,0.245,245,2,16200.579,366285.433,71017.223,1099102.296,0
117.628220872,524.288,262144,3,19307.1,351066.24,71803.655,1099102.296,0.002023654
117.630111363,524.288,262144,4,12905.44,1102.992,72590.087,1099102.296,0.001890491
117.627636956,786.432,262144,7,16532.468,378944.816,73114.375,1099102.296,0
117.631020195,786.432,262144,3,20093.532,351066.24,73900.807,1099102.296,0.003383239
117.634355488,524.288,262144,4,13429.728,1102.992,74687.239,1099109.464,0.00333529299999
117.61812463,8.334,8334,6,6068.243,1520.848,74949.383,1099109.464,0
117.630652932,786.432,262144,2,16987.011,366285.433,75211.772,1099109.464,0.012528302
117.63577016,786.432,262144,3,20879.964,351066.24,75736.06,1099109.464,0.005117228
117.635076948,786.432,262144,7,17318.9,378944.816,76182.05,1099109.464,0
117.641765823,445.99,262144,3,21325.954,351066.24,76706.338,1099109.464,0.00668887499999
117.639846109,524.288,262144,4,13954.016,1102.992,76890.184,1099109.464,0
117.64388238,524.288,262144,7,17843.188,378944.816,77414.472,1099110.104,0.00403627099999
117.641448806,524.288,262144,2,17511.299,366285.433,77938.76,1099110.104,0
117.646795189,524.288,262144,4,14478.304,1102.992,78463.048,1099110.104,0.005346383
117.639920689,0.245,245,6,6068.488,1521.792,79027.724,1099110.408,0
117.648482729,524.288,262144,7,18367.476,378944.816,79814.156,1099110.408,0.00856204
117.648934988,524.288,262144,2,18035.587,366285.433,80338.444,1099110.408,0.000452258999999
117.651179831,564.676,262144,4,15042.98,1102.992,80862.732,1099110.408,0.002244843
117.656157327,524.288,262144,7,18891.764,378944.816,80981.418,1099110.408,0.00497749600001
117.660909154,431.51,262144,7,19323.274,378944.816,81412.928,1099114.504,0.00475182699999
117.657478405,524.288,262144,2,18559.875,366285.433,81582.294,1099114.504,0
117.665056521,524.288,262144,2,19084.163,366285.433,82106.582,1099114.504,0.00757811599999
117.655043505,786.432,262144,6,6854.92,1521.792,82630.87,1099114.504,0
117.669250443,524.288,262144,2,19608.451,366285.433,83155.158,1099114.504,0.014206938
117.670557948,524.288,262144,6,7379.208,1521.792,83485.308,1099114.504,0.001307505
117.675959675,330.15,262144,2,19938.601,366285.433,84009.596,1099118.6,0.00540172700001
117.677299936,524.288,262144,6,7903.496,1521.792,84077.602,1099118.6,0.001340261
117.682292678,524.288,262144,6,8427.784,1521.792,84601.89,1099120.648,0.004992742
117.684929028,524.288,262144,6,8952.072,1521.792,85126.178,1099120.648,0.00263635
117.687073243,402.55,262144,6,9354.622,1521.792,85528.728,1099120.648,0.002144215
117.679260244,68.006,68006,2,20006.607,366295.161,85669.134,1099131.912,0
117.688523759,140.406,140406,6,9495.028,1526.32,85669.354,1099152.232,0.009263515
117.659366396,118.686,118686,4,15161.666,1111.184,85677.688,1099164.52,0
118.05158604,8.334,8334,6,9503.362,1542.704,85686.022,1099205.48,0.392219644
117.715261979,0.22,220,2,20006.827,366314.537,85694.356,1099328.36,0
118.116230353,8.334,8334,4,15170.0,1160.336,85694.576,1099352.936,0.400968374
117.664422188,169.366,169366,7,19492.64,378949.936,85694.745,1099352.936,0
117.646011352,183.846,183846,3,21509.8,351073.408,85694.914,1099352.936,0
118.716261078,0.22,220,2,20007.047,366322.729,85695.083,1099352.936,1.070249726
118.347945002,8.334,8334,6,9511.696,1657.392,85695.252,1099352.936,0
118.972404606,0.169,169,4,15170.169,1178.768,85695.421,1099475.816,0.624459604
118.972433362,0.169,169,7,19492.809,378974.512,85695.562,1099475.816,2.87560000061e-05
118.972563722,0.169,169,3,21509.969,351122.56,85695.703,1099475.816,0.00013036
118.972675121,0.169,169,2,20007.216,366335.017,85695.844,1099475.816,0.000111398999991
118.972742604,0.169,169,6,9511.865,1675.824,85695.985,1099475.816,6.74830000094e-05
118.981142663,0.141,141,4,15170.31,1178.768,85696.126,1099475.816,0.008400059
118.981217607,0.141,141,7,19492.95,378974.512,85696.295,1099475.816,7.4944000005e-05
118.981351881,0.141,141,3,21510.11,351122.56,85696.464,1099475.816,0.00013427399999
118.981450456,0.141,141,2,20007.357,366335.017,85696.633,1099475.816,9.85750000098e-05
118.981535038,0.141,141,6,9512.006,1675.824,85696.802,1099475.816,8.45819999995e-05
118.984142678,0.169,169,4,15170.479,1184.384,85696.971,1099508.552,0.00260763999999
118.98417828,0.169,169,7,19493.119,378979.632,85697.14,1099508.552,3.5601999997e-05
118.984700434,0.169,169,3,21510.279,351135.872,85697.309,1099508.552,0.000522154000009
118.984724486,0.169,169,2,20007.526,366338.089,85697.478,1099508.552,2.40520000006e-05
118.984797329,0.169,169,6,9512.175,1681.44,85697.647,1099508.552,7.28429999981e-05
118.989704724,0.169,169,2,20007.695,366347.273,85697.816,1099524.776,0.004907395
119.163865451,0.11,110,2,20007.805,366363.657,85697.926,1099541.16,0.174160727
118.989393361,0.169,169,4,15170.648,1185.36,85698.146,1099549.352,0
118.989780963,0.169,169,6,9512.344,1682.416,85706.585,1099549.352,0.000387602000004
118.989632117,0.169,169,3,21510.448,351138.416,85715.024,1099549.352,0
119.717262037,0.22,220,2,20008.025,366371.849,85723.463,1099549.352,0.72762992
118.989558545,0.169,169,7,19493.288,378982.176,85731.902,1099549.352,0
119.972081433,8.439,8439,6,9520.783,1686.8,85740.341,1099560.472,0.982522888
119.971951875,8.439,8439,4,15179.087,1189.744,85740.586,1099562.52,0
119.97610901,0.245,245,6,9521.028,1687.68,85740.831,1099564.328,0.004157135
119.976814081,0.245,245,4,15179.332,1190.672,85997.872,1099564.328,0.000705070999999
119.972444089,8.439,8439,3,21518.887,351144.928,86254.913,1099570.824,0
119.972720227,8.439,8439,2,20016.464,366376.297,86255.158,1099572.872,0.00027613799999
119.980743624,0.245,245,2,20016.709,366376.809,86255.403,1099573.848,0.008023397
119.980341201,0.245,245,3,21519.132,351145.616,86512.444,1099584.312,0
119.973122025,8.439,8439,7,19501.727,378992.352,86769.485,1099584.312,0
119.978523324,257.041,257041,6,9778.069,1689.696,86769.796,1099594.52,0.005401299
120.108781818,0.245,245,6,9778.314,1690.496,86770.041,1099595.32,0.130258494
120.110604678,1048.576,262144,6,10826.89,1690.496,87818.617,1099595.32,0.00182286
120.112822248,786.432,262144,6,11613.322,1690.496,88605.049,1099595.32,0.00221757
120.115019396,786.432,262144,6,12399.754,1690.496,89391.481,1099595.32,0.00219714799999
120.11722437,775.438,262144,6,13175.192,1690.496,90166.919,1099595.32,0.00220497400001
119.986232011,0.311,311,7,19502.038,378998.496,90418.069,1099597.368,0
120.121058375,0.245,245,7,19502.283,378998.832,90418.314,1099597.704,0.134826364
119.98528478,257.041,257041,3,21776.173,351148.688,91466.89,1099598.728,0
120.125049954,1048.576,262144,7,20550.859,378998.832,91467.135,1099598.728,0.139765174
120.127285264,786.432,262144,7,21337.291,378998.832,92253.567,1099599.144,0.00223530999999
120.126752885,0.245,245,3,21776.418,351149.296,93039.999,1099599.336,0
120.129509432,786.432,262144,7,22123.723,378998.832,93826.431,1099599.336,0.002756547
120.131131788,786.432,262144,3,22562.85,351149.296,94612.863,1099600.296,0.001622356
120.131701466,786.432,262144,7,22910.155,378998.832,95137.151,1099600.296,0.000569677999991
120.135258497,340.982,262144,7,23251.137,378998.832,95478.133,1099601.832,0.003557031
119.9846475,257.041,257041,2,20273.75,366381.417,95556.971,1099601.832,0
120.134918566,524.288,262144,3,23087.138,351149.296,95557.249,1099601.832,0.150271066
120.138745456,524.288,262144,3,23611.426,351149.296,96081.537,1099601.832,0.00382689
120.141466003,524.288,262144,3,24135.714,351149.296,96605.825,1099601.832,0.00272054700001
120.145295238,524.288,262144,3,24660.002,351149.296,97130.113,1099602.312,0.003829235
120.146738368,472.75,262144,3,25132.752,351149.296,97602.863,1099602.536,0.00144313
120.137734199,0.278,278,2,20274.028,366382.121,97813.469,1099602.536,0
120.14822654,225.732,210606,3,25358.484,351149.296,98615.027,1099603.56,0.010492341
120.148230145,786.432,262144,2,21060.46,366382.121,98630.153,1099603.56,3.6050000034e-06
120.152252958,524.288,262144,2,21584.748,366382.121,99154.441,1099603.56,0.00402281300001
120.154974887,524.288,262144,2,22109.036,366382.121,99678.729,1099603.56,0.00272192899999
120.157914216,524.288,262144,2,22633.324,366382.121,100203.017,1099603.56,0.002939329
120.159535982,524.288,262144,2,23157.612,366382.121,100727.305,1099603.56,0.001621766
120.161006797,327.95,262144,2,23485.562,366382.121,101055.255,1099603.56,0.001470815
119.97854757,257.041,257041,4,15436.373,1192.688,101121.061,1099605.56,0
120.181025414,0.344,344,4,15436.717,1193.536,101121.405,1099606.408,0.202477844
120.185487809,1048.576,262144,4,16485.293,1193.536,102169.981,1099606.408,0.00446239499999
120.187709615,786.432,262144,4,17271.725,1193.536,102956.413,1099606.408,0.00222180600001
120.18991552,786.432,262144,4,18058.157,1193.536,103742.845,1099606.408,0.002205905
120.192116173,778.334,262144,4,18836.491,1193.536,104521.179,1099606.408,0.002200653
120.119293602,251.15,251150,6,13426.342,1694.704,104775.225,1099621.816,0
120.194185216,254.046,254046,4,19090.537,1197.744,104783.664,1099628.136,0.074891614
120.162888681,65.806,65806,2,23551.368,366394.697,104792.103,1099672.168,0
120.439396383,8.439,8439,6,13434.781,1730.544,104792.323,1099713.128,0.276507702
120.150824179,15.126,15126,3,25373.61,351153.648,104800.762,1099737.704,0
120.137726496,78.838,78838,7,23329.975,379003.328,104808.827,1099737.704,0
121.236402429,8.065,8065,7,23338.04,379017.664,104816.892,1099756.136,1.098675933
121.241967365,0.245,245,7,23338.285,379018.112,104817.137,1099756.584,0.005564936
121.236072808,8.065,8065,3,25381.675,351160.816,105200.704,1099759.656,0
121.244324155,0.245,245,3,25381.92,351161.184,105200.949,1099760.024,0.008251347
121.247800194,383.567,262144,3,25765.487,351163.728,105584.516,1099765.64,0.00347603900001
121.243842196,383.567,262144,7,23721.852,379022.72,105584.748,1099767.176,0
120.718184607,0.22,220,2,23551.588,366411.081,105584.98,1099775.368,0
121.719135638,0.22,220,2,23551.808,366427.465,105585.2,1300477.912,1.000951031
120.501659625,8.439,8439,4,19098.976,1233.584,105585.31,1420478.424,0
121.434517649,0.232,232,7,23722.084,535288.544,105585.451,1420478.424,0.932858024
121.415725963,0.232,232,3,25765.719,515576.384,105585.592,1420478.424,0
122.177841659,0.11,110,2,23551.918,366435.657,105585.733,1420478.424,0.762115696
120.7214918,8.439,8439,6,13443.22,1755.12,105585.874,1420478.424,0
122.640398649,0.31,141,4,19099.286,1262.256,105586.86,1420532.664,1.918906849
122.640458651,0.31,141,7,23722.394,535295.712,105587.029,1420532.664,6.00019999979e-05
122.640631116,0.31,141,3,25766.029,515580.448,105587.198,1420532.664,0.000172464999991
122.640686452,0.31,141,2,23552.228,366440.777,105587.367,1420532.664,5.53360000026e-05
122.640748117,0.31,141,6,13443.53,1764.336,105587.536,1420532.664,6.1665000004e-05
122.646446697,0.169,169,4,19099.455,1264.304,105587.705,1420539.224,0.00569858
122.646534147,0.169,169,7,23722.563,535296.704,105587.874,1420539.224,8.74499999952e-05
122.646654366,0.169,169,3,25766.198,515581.408,105588.043,1420540.248,0.00012021900001
122.646708794,0.169,169,2,23552.397,366442.313,105588.212,1420540.248,5.44279999986e-05
122.646769912,0.169,169,6,13443.699,1766.384,105588.381,1420540.248,6.11179999908e-05
122.648393457,0.169,169,4,19099.624,1265.328,105588.55,1420544.664,0.001623545
122.648511278,0.169,169,7,23722.732,535297.664,105588.719,1420544.664,0.000117821000003
122.648816233,0.169,169,3,25766.367,515582.336,105588.888,1420544.664,0.000304955000004
122.648921573,0.169,169,2,23552.566,366443.321,105589.057,1420544.664,0.00010533999999
122.64903052,0.169,169,6,13443.868,1766.88,105589.226,1420544.664,0.000108947000001
122.651158066,0.169,169,4,19099.793,1266.32,105589.395,1420550.712,0.002127546
122.651243912,0.169,169,7,23722.901,535299.488,105589.536,1420550.712,8.58460000046e-05
122.651388244,0.169,169,3,25766.536,515584.096,105589.677,1420550.712,0.000144332000005
122.651498978,0.169,169,2,23552.735,366444.297,105589.818,1420550.712,0.000110734000003
122.65158923,0.169,169,6,13444.037,1767.376,105589.959,1420550.712,9.02519999926e-05
122.654536881,0.141,141,4,19099.934,1267.28,105590.1,1420554.312,0.002947651
122.654684806,0.141,141,7,23723.042,535300.352,105590.269,1420554.312,0.000147925000007
122.654793497,0.141,141,3,25766.677,515584.928,105590.438,1420556.2,0.000108690999994
122.654905171,0.141,141,2,23552.876,366445.241,105590.607,1420557.032,0.000111673999996
122.654989026,0.141,141,6,13444.178,1768.336,105590.776,1420557.032,8.38549999997e-05
122.658353436,0.169,169,2,23553.045,366454.345,105590.945,1420567.864,0.00336441
122.658008605,0.169,169,3,25766.846,515585.728,105591.165,1420576.056,0
122.657200756,0.169,169,7,23723.211,535301.184,105591.411,1420577.56,0
122.741251215,0.246,246,7,23723.457,535302.752,105591.657,1420579.128,0.084050459
122.657004586,0.169,169,4,19100.103,1268.208,105591.826,1420579.128,0
122.72239584,0.246,246,3,25767.092,515587.232,105591.995,1420579.128,0.065391254
122.720399548,0.22,220,2,23553.265,366462.537,105592.164,1420579.128,0
122.659038188,0.169,169,6,13444.347,1769.264,105592.333,1420579.128,0
122.752176371,0.169,169,2,23553.434,366464.265,105592.502,1420587.608,0.093138183
122.751965374,0.169,169,7,23723.626,535304.192,105600.836,1420587.608,0
122.75196623,0.169,169,4,19100.272,1270.384,105609.17,1420587.608,8.55999999771e-07
122.752260183,0.169,169,6,13444.516,1771.024,105617.504,1420587.608,0.000293953000011
122.75208409,0.169,169,3,25767.261,515588.608,105625.838,1420587.608,0
123.363495611,8.334,8334,4,19108.606,1273.328,105634.172,1420599.384,0.611411521
123.363149968,8.334,8334,7,23731.96,535307.008,105634.417,1420599.384,0
123.364155734,8.334,8334,3,25775.595,515591.296,105634.662,1420601.736,0.00100576599999
123.362857245,8.334,8334,2,23561.768,366467.209,105634.907,1420601.992,0
123.367059463,0.245,245,4,19108.851,1274.112,105635.152,1420602.12,0.004202218
123.367208005,0.245,245,7,23732.205,535307.264,105897.296,1420602.12,0.000148541999991
123.368471547,0.245,245,3,25775.84,515591.792,107732.304,1420603.048,0.001263542
123.368576892,0.245,245,2,23562.013,366467.849,108780.88,1420603.256,0.000105344999994
123.36382051,8.334,8334,6,13452.85,1774.064,109829.456,1420604.216,0
123.369012087,1048.576,262144,4,20157.427,1274.112,109829.701,1420604.216,0.00519157700001
123.369110849,1048.576,262144,7,24780.781,535307.264,110616.133,1420604.216,9.87619999933e-05
123.373018039,786.432,262144,4,20943.859,1274.112,111402.565,1420604.216,0.00390719000001
123.374646427,786.432,262144,7,25567.213,535307.264,111926.853,1420604.712,0.001628388
123.371627583,1048.576,262144,2,24610.589,366467.849,112451.141,1420604.712,0
123.376808394,524.288,262144,4,21468.147,1274.112,112975.429,1420604.712,0.00518081099999
123.373003672,0.245,245,6,13453.095,1774.8,113499.717,1420604.952,0
123.38013522,524.288,262144,7,26091.501,535307.264,114024.005,1420604.952,0.007131548
123.382238805,524.288,262144,2,25134.877,366467.849,115072.581,1420604.952,0.002103585
123.382788549,524.288,262144,4,21992.435,1274.112,115596.869,1420604.952,0.000549743999997
123.387057358,524.288,262144,7,26615.789,535307.264,116121.157,1420604.952,0.00426880900001
123.389661279,524.288,262144,4,22516.723,1274.112,116645.445,1420604.952,0.00260392099999
123.389114497,524.288,262144,2,25659.165,366467.849,117034.559,1420604.952,0
123.395550555,389.114,262144,4,22905.837,1274.112,117558.847,1420604.952,0.00643605800001
123.393741434,524.288,262144,7,27140.077,535307.264,117685.817,1420604.952,0
123.386899537,1048.576,262144,6,14501.671,1774.8,118053.211,1420604.952,0
123.39688213,524.288,262144,2,26183.453,366467.849,118577.499,1420604.952,0.00998259299999
123.402344548,367.394,262144,7,27507.471,535307.264,119101.787,1420604.952,0.00546241800001
123.404133623,524.288,262144,6,15025.959,1774.8,119207.037,1420604.952,0.001789075
123.406882514,524.288,262144,2,26707.741,366467.849,119731.325,1420604.952,0.002748891
123.414065175,524.288,262144,6,15550.247,1774.8,120240.623,1420604.952,0.007182661
123.416392569,509.298,262144,2,27217.039,366467.849,120764.911,1420605.848,0.00232739399999
123.37070943,1048.576,262144,3,26824.416,515591.792,121037.675,1420605.848,0
123.421992279,524.288,262144,6,16074.535,1774.8,121561.963,1420605.848,0.051282849
123.423673718,272.764,247154,2,27489.803,366467.849,122348.395,1420605.848,0.00168143900001
123.427979826,786.432,262144,6,16860.967,1774.8,122374.005,1420605.848,0.00430610799999
123.431813485,418.074,262144,6,17279.041,1774.8,122792.079,1420606.616,0.00383365900001
123.427710705,524.288,262144,3,27348.704,515591.792,122948.009,1420606.616,0
123.443384719,524.288,262144,3,27872.992,515591.792,123472.297,1420607.512,0.015674014
123.446260551,524.288,262144,3,28397.28,515591.792,123996.585,1420607.512,0.002875832
123.449023061,524.288,262144,3,28921.568,515591.792,124520.873,1420608.44,0.00276251000001
123.45182215,524.288,262144,3,29445.856,515591.792,125045.161,1420608.44,0.00279908899999
123.454595788,524.288,262144,3,29970.144,515591.792,125569.449,1420608.44,0.00277363800001
123.457380334,339.882,262144,3,30310.026,515591.792,125909.331,1420608.44,0.002784546
123.429234314,25.61,25610,2,27515.413,366476.937,125987.069,1420617.368,0
123.401476923,126.97,126970,4,23032.807,1278.032,125987.289,1420634.184,0
123.436116436,155.93,155930,6,17434.971,1778.864,125995.623,1420642.616,0.034639513
123.859318393,8.334,8334,6,17443.305,1797.808,126003.957,1420669.752,0.423201957
123.721371828,0.22,220,2,27515.633,366496.345,126012.291,1420698.424,0
124.722519941,0.22,220,2,27515.853,366512.729,126012.511,1420714.808,1.001148113
125.180253205,0.11,110,2,27515.963,366529.113,126012.621,1420731.192,0.457733264
123.460016243,77.738,77738,3,30387.764,515595.344,126012.841,1420731.192,0
123.796304782,8.334,8334,4,23041.141,1288.704,126021.28,1420739.384,0.336288539
124.270616444,8.334,8334,6,17451.639,1818.288,126029.719,1420739.384,0.474311662
123.409591562,105.25,105250,7,27612.721,535310.608,126038.158,1420739.384,0
125.723496596,0.22,220,2,27516.183,366537.305,126046.597,1420739.384,2.313905034
125.723637961,8.439,8439,3,30396.203,515598.384,126055.036,1420756.808,0.00014136499999
125.724314783,8.439,8439,6,17460.078,1828.528,126055.281,1420756.808,0.000676822000003
125.728016708,0.245,245,3,30396.448,515598.8,126055.526,1420767.064,0.003701925
125.728247366,0.245,245,6,17460.323,1829.184,126312.567,1420767.064,0.000230658000007
125.725011233,8.439,8439,2,27524.622,366547.481,126569.608,1420767.064,0
125.724697765,8.439,8439,7,27621.16,535313.76,126569.853,1420767.064,0
125.729943228,0.245,245,2,27524.867,366548.041,126570.098,1420773.992,0.00524546299999
125.730070466,0.245,245,7,27621.405,535313.984,126827.139,1420773.992,0.000127238000005
125.7239568,8.439,8439,4,23049.58,1298.944,127084.18,1420778.088,0
125.735326592,0.245,245,4,23049.825,1299.648,127084.425,1420784.936,0.011369792
125.729771508,257.041,257041,3,30653.489,515600.624,127341.466,1420789.768,0
125.837464196,0.245,245,3,30653.734,515600.976,127341.711,1420790.12,0.107692688
125.839080137,1310.72,262144,3,31964.454,515600.976,128652.431,1420790.12,0.001615941
125.739632121,257.041,257041,4,23306.866,1302.72,129176.719,1420791.144,0
125.841567913,524.288,262144,3,32488.742,515600.976,129176.964,1420791.144,0.101935792
125.84294689,0.245,245,4,23307.111,1303.36,129701.252,1420791.784,0.00137897699999
125.729925379,257.041,257041,6,17717.364,1832.256,130749.828,1420792.808,0
125.843538272,524.288,262144,3,33013.03,515600.976,130750.073,1420792.808,0.113612893
125.846744957,0.245,245,6,17717.609,1832.848,131274.361,1420793.4,0.00320668499999
125.849692063,1048.576,262144,6,18766.185,1832.848,132322.937,1420793.4,0.00294710600001
125.844777377,1048.576,262144,4,24355.687,1303.36,132585.081,1420793.4,0
125.848180301,524.288,262144,3,33537.318,515600.976,133371.513,1420793.4,0.003402924
125.852295729,524.288,262144,6,19290.473,1832.848,133895.801,1420793.4,0.00411542800001
125.852329209,524.288,262144,4,24879.975,1303.36,134420.089,1420793.4,3.3479999999e-05
125.856043746,524.288,262144,6,19814.761,1832.848,134944.377,1420793.4,0.00371453699999
125.857532797,524.288,262144,4,25404.263,1303.36,135468.665,1420794.328,0.00148905100001
125.733229419,257.041,257041,7,27878.446,535315.872,135992.953,1420794.328,0
125.860918206,524.288,262144,6,20339.049,1832.848,135993.198,1420794.328,0.127688787
125.864360692,524.288,262144,6,20863.337,1832.848,136517.486,1420794.328,0.00344248600001
125.863518435,524.288,262144,4,25928.551,1303.36,136844.436,1420794.328,0
125.869574165,524.288,262144,4,26452.839,1303.36,137368.724,1420794.328,0.00605573
125.863716558,0.245,245,7,27878.691,535315.872,137647.89,1420794.328,0
125.873572971,279.166,262144,4,26732.005,1303.36,137910.034,1420794.328,0.00985641300001
125.852826268,524.288,262144,3,34061.606,515600.976,138713.488,1420794.328,0
125.732839704,257.041,257041,2,27781.908,366554.185,139237.776,1420796.376,0
125.877537521,1048.576,262144,7,28927.267,535315.872,139238.021,1420796.376,0.144697817
125.88736967,786.432,262144,7,29713.699,535315.872,140024.453,1420796.376,0.009832149
125.889987932,786.432,262144,7,30500.131,535315.872,140810.885,1420797.704,0.002618262
125.886644971,0.245,245,2,27782.153,366554.681,141335.173,1420797.864,0
125.8927427,524.288,262144,7,31024.419,535315.872,142383.749,1420798.856,0.006097729
125.877937539,524.288,262144,3,34585.894,515600.976,142908.037,1420798.856,0
125.894133637,1048.576,262144,2,28830.729,366554.681,143275.531,1420798.856,0.016196098
125.895511122,524.288,262144,7,31548.707,535315.872,143799.819,1420798.856,0.00137748500001
125.900499929,322.606,262144,7,31871.313,535315.872,144122.425,1420798.856,0.004988807
125.898942029,524.288,262144,2,29355.017,366554.681,144182.887,1420798.856,0
125.90483888,524.288,262144,2,29879.305,366554.681,144707.175,1420798.856,0.005896851
125.91079447,524.288,262144,2,30403.593,366554.681,145231.463,1420798.856,0.00595559
125.913757481,524.288,262144,2,30927.881,366554.681,145755.751,1420798.856,0.00296301100001
125.91592497,409.486,262144,2,31337.367,366554.681,146165.237,1420798.856,0.002167489
125.897187812,367.494,262144,3,34953.388,515600.976,146312.579,1420799.752,0
125.87754935,17.022,17022,4,26749.027,1307.712,146417.929,1420808.472,0
125.868351655,326.95,262144,6,21190.287,1837.2,146426.368,1420819.256,0
126.149291569,8.439,8439,6,21198.726,1846.416,146434.807,1420845.24,0.280939914
125.918113776,147.342,147342,2,31484.709,366575.561,146443.246,1420903.544,0
126.110132618,8.439,8439,4,26757.466,1316.928,146443.466,1420911.736,0.192018842
125.903740269,60.462,60462,7,31931.775,535320.224,146443.635,1420911.736,0
125.920144986,105.35,105350,3,35058.738,515606.128,146443.804,1420911.736,0.016404717
126.724511478,0.22,220,2,31484.929,366583.753,146443.973,1420911.736,0.804366492
126.428767932,8.439,8439,6,21207.165,1895.568,146444.142,1420911.736,0
126.858525448,0.169,169,2,31485.098,366592.969,146444.311,1420984.12,0.429757516
126.858712061,0.169,169,6,21207.334,1914.0,146452.376,1420984.12,0.000186613000011
127.03856114,8.065,8065,6,21215.399,1919.12,146460.441,1421000.504,0.179849079
127.038193364,8.065,8065,2,31493.163,366604.233,146460.686,1421000.504,0
127.042730169,0.245,245,6,21215.644,1919.632,146460.931,1421001.432,0.004536805
127.04278046,0.245,245,2,31493.408,366604.649,146844.496,1421001.432,5.0291000008e-05
127.04448251,383.565,262144,6,21599.209,1922.176,147228.061,1421016.264,0.00170204999999
127.044704717,383.565,262144,2,31876.973,366623.081,147228.293,1421022.408,0.000222207000007
127.252362532,0.232,232,2,31877.205,366631.273,147228.525,1421031.528,0.207657815
127.725440418,0.22,220,2,31877.425,427809.129,147228.745,1544206.68,0.473077886
128.179747236,0.246,246,2,31877.671,427817.321,147228.991,1544935.768,0.454306818
127.227178856,0.232,232,6,21599.441,69555.568,147229.101,1549883.736,0
126.85832592,0.169,169,4,26757.635,1357.888,147229.347,1549886.808,0
126.858359391,0.169,169,7,31931.944,535323.104,147229.516,1549886.808,3.34709999947e-05
126.858462981,0.169,169,3,35058.907,515607.952,147229.685,1549886.808,0.000103590000009
128.181947341,0.11,110,2,31877.781,427850.089,147229.854,1549886.808,1.32348436
128.274779048,0.246,246,6,21599.687,69558.64,147230.023,1549886.808,0.092831707
128.287602206,0.169,169,2,31877.95,427863.401,147230.192,1549923.992,0.012823158
128.287431863,0.169,169,7,31932.113,535324.432,147230.412,1549932.184,0
128.287501371,0.169,169,3,35059.076,515609.648,147238.746,1549932.184,6.95079999957e-05
128.726465221,0.22,220,2,31878.17,427871.593,147247.08,1549932.184,0.43896385
128.287675055,0.169,169,6,21599.856,69561.056,147255.414,1549932.184,0
128.287407345,0.169,169,4,26757.804,1376.32,147263.748,1549932.184,0
128.748726363,8.334,8334,7,31940.447,535327.488,147272.082,1549942.568,0.461319018
128.74898943,8.334,8334,3,35067.41,515612.576,147272.327,1549944.52,0.000263066999992
128.749600783,8.334,8334,6,21608.19,69564.336,147272.572,1549944.52,0.000611353000011
128.752826569,0.245,245,7,31940.692,535327.616,147272.817,1549944.648,0.003225786
128.749288459,8.334,8334,2,31886.504,427891.049,148321.393,1549961.336,0
128.753702901,0.245,245,3,35067.655,515612.576,148321.638,1549963.528,0.00441444199998
128.753812948,0.245,245,6,21608.435,69564.784,148845.926,1549965.576,0.000110046999993
128.754364919,1048.576,262144,7,32989.268,535327.616,150680.934,1549998.344,0.000551971000021
128.749966236,8.334,8334,4,26766.138,1413.184,151467.366,1549998.344,0
128.757313911,786.432,262144,7,33775.7,535327.616,151467.611,1549998.968,0.00734767500001
128.755211925,0.245,245,2,31886.749,427891.401,151991.899,1549999.08,0
128.760685828,524.288,262144,7,34299.988,535327.616,153040.475,1549999.08,0.005473903
128.755463494,1310.72,262144,6,22919.155,69564.784,153564.763,1549999.08,0
128.757518849,0.245,245,4,26766.383,1413.744,154351.195,1549999.256,0.00205535500001
128.764130666,524.288,262144,7,34824.276,535327.616,155661.915,1549999.256,0.00661181699999
128.765489713,786.432,262144,6,23705.587,69564.784,156186.203,1549999.256,0.00135904699999
128.768332412,524.288,262144,7,35348.564,535327.616,156972.635,1549999.256,0.00284269900001
128.772401484,786.432,262144,6,24492.019,69564.784,157639.185,1549999.256,0.00406907199999
128.775086207,666.55,262144,7,36015.114,535327.616,158425.617,1549999.256,0.00268472299999
128.762248999,1048.576,262144,2,32935.325,427891.401,158595.24,1549999.256,0
128.755295031,1048.576,262144,3,36116.231,515612.576,159381.672,1549999.256,0
128.779314816,786.432,262144,6,25278.451,69564.784,159905.96,1549999.256,0.024019785
128.782506916,786.432,262144,2,33721.757,427891.401,160430.248,1549999.256,0.00319209999998
128.766212626,1310.72,262144,4,28077.103,1413.744,161461.599,1549999.256,0
128.78927624,786.432,262144,2,34508.189,427891.401,162510.175,1549999.256,0.023063614
128.789142409,769.207,262144,6,26047.658,69564.784,163296.607,1549999.256,0
128.790263948,1048.576,262144,4,29125.679,1413.744,163541.526,1549999.256,0.001121539
128.798841179,786.432,262144,2,35294.621,427891.401,164327.958,1549999.256,0.008577231
128.804079493,786.432,262144,4,29912.111,1413.744,164852.246,1549999.256,0.005238314
128.785895321,524.288,262144,3,36640.519,515612.576,165638.678,1550000.184,0
128.807859938,524.288,262144,2,35818.909,427891.401,166425.11,1550000.184,0.021964617
128.81217309,786.432,262144,4,30698.543,1413.744,167174.14,1550000.184,0.00431315199998
128.815200902,749.03,262144,2,36567.939,427891.401,167960.572,1550000.184,0.003027812
128.820538695,786.432,262144,4,31484.975,1413.744,168199.699,1550000.184,0.00533779300002
128.813420011,786.432,262144,3,37426.951,515612.576,168582.385,1550001.176,0
128.826262263,382.686,262144,4,31867.661,1413.744,169106.673,1550001.176,0.012842252
128.827808925,524.288,262144,3,37951.239,515612.576,169150.32,1550001.176,0.00154666200001
128.83935107,524.288,262144,3,38475.527,515612.576,169674.608,1550001.176,0.011542145
128.841327651,786.432,262144,3,39261.959,515612.576,170461.04,1550001.176,0.00197658100001
128.843528413,524.288,262144,3,39786.247,515612.576,170985.328,1550009.368,0.002200762
128.845752041,344.887,262144,3,40131.134,515612.576,171330.215,1550025.752,0.002223628
128.83293034,43.647,43647,4,31911.308,1438.32,171412.958,1550037.976,0
128.801651749,244.919,244919,6,26292.577,69568.656,171421.292,1550056.168,0
129.321473994,8.334,8334,6,26300.911,69577.872,171429.626,1550071.528,0.519822245
128.822632548,239.127,239127,2,36807.066,427913.929,171437.96,1550112.488,0
129.727394649,0.22,220,2,36807.286,427930.313,171438.18,1550145.256,0.904762101
128.78124767,169.623,169623,7,36184.737,535331.68,171438.4,1550153.448,0
129.132225076,8.334,8334,4,31919.642,1450.608,171438.569,1550153.448,0.350977406
130.728651663,0.22,220,2,36807.506,427938.505,171438.738,1550153.448,1.596426587
128.847911188,82.743,82743,3,40213.877,515616.496,171438.907,1550153.448,0
129.719626562,8.334,8334,6,26309.245,69627.024,171439.076,1550153.448,0.871715374
130.946557061,0.169,169,4,31919.811,1516.144,171439.245,1550337.736,1.226930499
130.946555567,0.169,169,7,36184.906,535332.704,171439.414,1550337.736,0
130.946703802,0.169,169,3,40214.046,515617.488,171439.583,1550337.736,0.000148235000012
130.946691519,0.169,169,2,36807.675,428036.809,171439.752,1550337.736,0
130.946779677,0.169,169,6,26309.414,69645.456,171439.921,1550337.736,8.81579999827e-05
130.95094307,0.169,169,2,36807.844,428061.385,171440.09,1550419.912,0.004163393
130.951034362,0.169,169,6,26309.583,69650.064,171448.529,1550419.912,9.12920000076e-05
130.950662377,0.169,169,4,31919.98,1565.296,171456.968,1550419.912,0
130.95086931,0.169,169,3,40214.215,515619.376,171465.407,1550419.912,0.000206933000015
130.950761334,0.169,169,7,36185.075,535334.656,171473.846,1550419.912,0
131.157742316,8.439,8439,2,36816.283,428067.529,171482.285,1550441.304,0.206980982
131.158407307,8.439,8439,4,31928.419,1579.632,171482.53,1550457.688,0.000664991000008
131.158820624,8.439,8439,3,40222.654,515622.64,171482.775,1550457.688,0.000413316999982
131.158021805,8.439,8439,6,26318.022,69660.752,171483.02,1550458.712,0
131.159146175,8.439,8439,7,36193.514,535339.024,171483.265,1550458.712,0.00112436999999
131.162546789,0.245,245,3,40222.899,515622.64,171483.51,1550459.704,0.00340061400001
131.16208941,0.245,245,2,36816.528,428067.529,171740.552,1550459.704,0
131.162522511,0.245,245,4,31928.664,1580.128,171997.594,1550459.704,0.000433100999999
131.162898987,0.245,245,7,36193.759,535339.376,172254.636,1550459.928,0.000376476000014
131.16264875,0.245,245,6,26318.267,69661.12,172511.678,1550459.928,0
131.164034809,257.042,257042,2,37073.57,428077.769,172768.72,1550479.352,0.001386059
131.164057676,257.042,257042,4,32185.706,1584.736,172768.83,1550489.08,2.28670000126e-05
131.279527241,0.245,245,4,32185.951,1585.152,172769.075,1550489.496,0.115469565
131.28104856,1310.72,262144,4,33496.671,1585.152,174079.795,1550489.496,0.00152131899998
131.283982364,786.432,262144,4,34283.103,1585.152,174866.227,1550489.496,0.00293380400001
131.286772352,786.432,262144,4,35069.535,1585.152,175652.659,1550489.496,0.00278998800002
131.289601615,786.432,262144,4,35855.967,1585.152,176439.091,1550489.496,0.002829263
131.164034798,257.042,257042,3,40479.941,515624.592,177079.885,1550490.456,0
131.292096732,640.794,262144,4,36496.761,1585.152,177080.13,1550490.456,0.128061934
131.16429829,257.042,257042,7,36450.801,535341.392,177237.627,1550491.448,0
131.293608026,0.245,245,3,40480.186,515624.72,177237.872,1550491.576,0.129309736
131.184719205,0.11,110,2,37073.68,428086.985,178548.592,1550492.6,0
131.297273939,0.245,245,7,36451.046,535341.392,178548.837,1550492.6,0.112554734
131.300906783,1310.72,262144,3,41790.906,515624.72,179859.557,1550492.6,0.00363284399998
131.302470874,1310.72,262144,7,37761.766,535341.392,180645.989,1550492.6,0.00156409100001
131.302110059,0.245,245,2,37073.925,428086.985,181432.421,1550493.608,0
131.305941506,786.432,262144,7,38548.198,535341.392,182480.997,1550493.608,0.00383144700001
131.304553733,786.432,262144,3,42577.338,515624.72,183267.429,1550493.608,0
131.310971145,786.432,262144,7,39334.63,535341.392,184053.861,1550493.608,0.00641741199999
131.307819083,1048.576,262144,2,38122.501,428086.985,184840.293,1550493.608,0
131.311777462,786.432,262144,3,43363.77,515624.72,185626.725,1550493.608,0.00395837900001
131.316773207,786.432,262144,7,40121.062,535341.392,186413.157,1550493.608,0.004995745
131.31736905,786.432,262144,2,38908.933,428086.985,187088.703,1550493.608,0.000595842999985
131.319898157,786.432,262144,3,44150.202,515624.72,187875.135,1550493.608,0.00252910700002
131.325528897,786.432,262144,2,39695.365,428086.985,188661.567,1550493.608,0.00563073999999
131.323417101,675.546,262144,7,40796.608,535341.392,189447.999,1550493.608,0
131.164498421,257.042,257042,6,26575.309,69667.264,189622.872,1550495.656,0
131.328739051,786.432,262144,3,44936.634,515624.72,189623.15,1550495.656,0.16424063
131.330617543,786.432,262144,2,40481.797,428086.985,190409.582,1550495.656,0.00187849199997
131.337629272,786.432,262144,3,45723.066,515624.72,190933.87,1550495.768,0.007011729
131.339098586,524.288,262144,2,41006.085,428086.985,191495.08,1550495.768,0.00146931400002
131.33311435,0.278,278,6,26575.587,69667.376,191999.762,1550495.768,0
131.345458184,561.21,262144,3,46284.276,515624.72,193310.482,1550495.768,0.012343834
131.346243161,504.682,262144,2,41510.767,428086.985,193446.259,1550495.768,0.000784976999995
131.348240423,1310.72,262144,6,27886.307,69667.376,193563.212,1550496.728,0.001997262
131.361714455,786.432,262144,6,28672.739,69667.376,194349.644,1550496.728,0.013474032
131.364204851,786.432,262144,6,29459.171,69667.376,195136.076,1550496.728,0.00249039600001
131.366559885,786.432,262144,6,30245.603,69667.376,195922.508,1550497.656,0.00235503399998
131.369361312,777.353,262144,6,31022.956,69667.376,196699.861,1550498.648,0.00280142700001
131.294564774,157.497,157497,4,36654.258,1589.536,196952.926,1550503.048,0
131.371989476,253.065,253065,6,31276.021,69671.872,196961.365,1550520.36,0.077424702
131.350650665,116.953,116953,2,41627.72,428099.529,196969.804,1550536.744,0
131.690889478,8.439,8439,6,31284.46,69688.256,196970.025,1550558.248,0.340238813
131.52469517,8.439,8439,4,36662.697,1598.752,196978.464,1550656.552,0
131.331016967,174.873,174873,7,40971.481,535345.6,196986.529,1550656.552,0
132.627651724,8.065,8065,4,36670.762,1647.904,196994.594,1550705.704,1.296634757
132.631052042,0.245,245,4,36671.007,1648.256,196994.839,1550706.056,0.00340031799999
132.628004149,8.065,8065,7,40979.546,535381.44,197378.407,1550750.088,0
132.638486304,0.245,245,7,40979.791,535381.44,197378.652,1550750.088,0.010482155
131.730103652,0.221,221,2,41627.941,428115.913,197762.22,1550774.664,0
132.63267741,383.568,262144,4,37054.575,1660.544,197762.441,1550786.952,0.902573758
132.639849755,383.568,262144,7,41363.359,535406.016,197762.673,1550795.144,0.00717234499999
132.731005972,0.221,221,2,41628.162,428132.297,197762.905,1848676.744,0.091156217
132.806825081,0.232,232,4,37054.807,153919.104,197763.126,1848684.936,0.075819109
132.834156989,0.232,232,7,41363.591,681020.864,197763.372,1848697.224,0.027331908
133.758763555,0.246,246,4,37055.053,153931.392,197763.618,1848746.376,0.924606566
133.815248981,0.246,246,7,41363.837,681070.016,197763.787,1848746.376,0.056485426
131.3495554,135.777,135777,3,46420.053,515628.784,197763.956,1848746.376,0
133.731952503,0.221,221,2,41628.383,428140.489,197764.125,1848746.376,2.382397103
132.013137964,8.439,8439,6,31292.899,69786.56,197764.294,1848746.376,0
133.825843748,0.169,169,2,41628.552,428153.801,197764.463,1848801.64,1.812705784
133.82566906,0.169,169,4,37055.222,153934.464,197764.573,1848809.832,0
133.825690547,0.169,169,7,41364.006,681082.304,197772.907,1848809.832,2.14869999979e-05
133.825913688,0.169,169,6,31293.068,69811.136,197781.241,1848809.832,0.000223141000021
134.186384046,0.11,110,2,41628.662,428161.993,197789.575,1848809.832,0.360470358
133.825789454,0.169,169,3,46420.222,515630.8,197797.909,1848809.832,0
134.409648269,8.334,8334,7,41372.34,681118.144,197806.243,1848857.72,0.583858815
134.409335197,8.334,8334,4,37063.556,153945.136,197806.488,1848865.912,0
134.410670619,8.334,8334,3,46428.556,515637.296,197806.733,1848873.08,0.00133542200001
134.409976408,8.334,8334,6,31301.402,69818.304,197806.978,1848873.08,0
134.413748942,0.245,245,7,41372.585,681118.272,197807.223,1848873.208,0.00377253400001
134.414209548,0.245,245,4,37063.801,153945.136,198593.655,1848889.832,0.00046060599999
134.410322889,8.334,8334,2,41636.996,428181.449,200166.519,1848889.832,0
134.414771569,0.245,245,3,46428.801,515637.648,200691.052,1848889.944,0.00444868
134.414907541,0.245,245,6,31301.647,69818.304,201739.628,1848889.944,0.000135971999981
134.415351179,1572.864,262144,7,42945.449,681118.272,203050.348,1848889.944,0.000443638000007
134.416023331,0.245,245,2,41637.241,428181.577,203836.78,1848890.072,0.000672151999993
134.420022413,786.432,262144,7,43731.881,681118.272,204885.356,1848890.072,0.00399908200001
134.415672354,1310.72,262144,4,38374.521,153945.136,205671.788,1848890.072,0
134.416602344,1048.576,262144,3,47477.377,515637.648,206458.22,1848890.072,0.000929990000003
134.426234555,786.432,262144,7,44518.313,681118.272,206982.508,1848890.072,0.009632211
134.417084613,1310.72,262144,6,32612.367,69818.304,208031.084,1848890.072,0
134.42658594,786.432,262144,4,39160.953,153945.136,208817.516,1848890.072,0.00950132700001
134.428602658,524.288,262144,3,48001.665,515637.648,209603.948,1848890.072,0.00201671799999
134.436271766,786.432,262144,6,33398.799,69818.304,210390.38,1848890.072,0.00766910800002
134.435300157,1048.576,262144,7,45566.889,681118.272,211176.812,1848890.072,0
134.437447344,786.432,262144,4,39947.385,153945.136,211963.244,1848890.072,0.00214718699999
134.439002212,786.432,262144,3,48788.097,515637.648,212749.676,1848890.072,0.001554868
134.423760028,1048.576,262144,2,42685.817,428181.577,213273.964,1848890.072,0
134.449183373,524.288,262144,3,49312.385,515637.648,214060.396,1848890.072,0.025423345
134.447560639,786.432,262144,6,34185.231,69818.304,214846.828,1848890.072,0
134.449624415,786.432,262144,2,43472.249,428181.577,215633.26,1848890.072,0.002063776
134.448760107,786.432,262144,4,40733.817,153945.136,216419.692,1848890.072,0
134.448343859,786.432,262144,7,46353.321,681118.272,217206.124,1848890.072,0
134.456544166,786.432,262144,3,50098.817,515637.648,217745.248,1848890.072,0.00820030699998
134.461398769,786.432,262144,2,44258.681,428181.577,218531.68,1848890.072,0.00485460300001
134.463267917,786.432,262144,4,41520.249,153945.136,219318.112,1848890.072,0.001869148
134.468022087,786.432,262144,3,50885.249,515637.648,219928.188,1848890.072,0.00475417000001
134.46375817,539.124,262144,7,46892.445,681118.272,220714.62,1848890.072,0
134.459189821,786.432,262144,6,34971.663,69818.304,220832.142,1848890.072,0
134.473619498,786.432,262144,2,45045.113,428181.577,221618.574,1848890.072,0.014429677
134.475156605,610.076,262144,4,42130.325,153945.136,222405.006,1848890.072,0.00153710699999
134.475404534,786.432,262144,3,51671.681,515637.648,222558.728,1848890.072,0.000247929000011
134.476468493,786.432,262144,6,35758.095,69818.304,223345.16,1848890.072,0.00106395899999
134.487280167,786.432,262144,3,52458.113,515637.648,224131.592,1848890.072,0.010811674
134.485425195,786.432,262144,2,45831.545,428181.577,224655.88,1848890.072,0
134.488777419,786.432,262144,6,36544.527,69818.304,225442.312,1848890.072,0.003352224
134.497036327,524.288,262144,3,52982.401,515637.648,225732.38,1848890.072,0.00825890799999
134.497969095,786.432,262144,2,46617.977,428181.577,226123.63,1848906.456,0.000932768000013
134.503448928,391.25,262144,3,53373.651,515637.648,226647.918,1848906.456,0.00547983300001
134.501326696,290.068,262144,6,36834.595,69818.304,226777.024,1848906.456,0
134.507142237,524.288,262144,2,47142.265,428181.577,226778.706,1848906.456,0.005815541
134.515082547,297.13,262144,2,47439.395,428181.577,227075.836,1848906.456,0.00794030999998
134.520974555,34.986,34986,2,47474.381,428197.961,227110.822,1848930.52,0.00589200800002
134.486843037,153.722,153722,4,42284.047,153953.328,227111.043,1848951.0,0
134.511375828,1.682,1682,6,36836.277,69822.832,227119.377,1848995.976,0.024532791
134.910553327,8.334,8334,6,36844.611,69839.216,227127.711,1849028.744,0.399177499
134.840002681,8.334,8334,4,42292.381,154002.48,227136.045,1849127.048,0
134.475639406,117.522,117522,7,47009.967,681142.848,227136.175,1849127.048,0
134.732856451,0.221,221,2,47474.602,428212.297,227136.305,1849127.048,0.257217045
134.509797769,129.106,129106,3,53502.757,515642.768,227136.435,1849127.048,0
135.233941892,8.334,8334,6,36852.945,69937.52,227136.565,1849127.048,0.724144123
135.564215318,0.13,130,2,47474.732,428237.001,227136.695,1849258.376,0.330273426
135.604222714,0.122,122,2,47474.854,428253.385,227136.817,1849274.76,0.040007396
135.708106087,0.122,122,2,47474.976,428277.961,227136.939,1849299.336,0.103883373
135.713319018,0.242,242,2,47475.218,428302.537,227137.181,1849323.912,0.00521293099999
