time,size,first_call,destination,dest_out_traffic,dest_in_traffic,total_network_out,total_network_in,dens10
4.914029081,0.244,244,2,0.244,24.576,0.244,290.379,0
4.951676466,0.183,183,2,0.427,40.96,0.427,306.763,0.037647385
5.961641141,0.183,183,2,0.61,57.344,0.61,323.147,1.009964675
6.962881173,0.183,183,2,0.793,73.728,0.793,339.531,1.001240032
7.963775491,0.183,183,2,0.976,90.112,0.976,355.915,1.000894318
8.964586977,0.183,183,2,1.159,106.496,1.159,372.299,1.000811486
9.965265974,0.183,183,2,1.342,122.88,1.342,388.683,1.000678997
10.966049733,0.183,183,2,1.525,139.264,1.525,405.067,1.000783759
11.966763441,0.183,183,2,1.708,155.648,1.708,421.451,1.000713708
12.967584355,0.183,183,2,1.891,172.032,1.891,437.835,1.000820914
13.968323137,0.183,183,2,2.074,188.416,2.074,454.219,1.000738782
14.971690604,0.183,183,2,2.257,204.8,2.257,470.603,1.003367467
15.976265697,0.183,183,2,2.44,221.184,2.44,486.987,1.004575093
16.976961037,0.183,183,2,2.623,237.568,2.623,503.371,1.00069534
17.977666154,0.183,183,2,2.806,253.952,2.806,519.755,1.000705117
18.978360167,0.183,183,2,2.989,270.336,2.989,536.139,1.000694013
19.98010152,0.183,183,2,3.172,286.72,3.172,552.523,1.001741353
21.700008081,0.268,268,3,0.268,8.452,3.789,571.899,1.719906561
20.980929977,0.183,183,2,3.355,303.104,4.042,588.283,0
22.038918567,0.219,219,2,3.574,335.872,4.261,621.051,1.05798859
22.268904028,0.283,283,2,3.857,352.256,4.544,637.435,0.229985461
22.314388583,0.207,207,2,4.064,368.64,4.751,653.819,0.045484555
22.358517239,0.102,102,2,4.166,376.832,4.853,662.011,0.044128656
21.740271511,0.253,253,3,0.521,24.836,4.977,39289.516,0
22.752221145,0.291,291,3,0.812,25.123,5.268,39441.875,1.011949634
22.386399975,0.124,124,2,4.29,75986.601,5.502,76288.451,0
22.754820288,0.234,234,3,1.046,41.507,5.721,188862.269,0.368420313
23.755958143,0.405,405,3,1.451,41.908,6.126,189200.493,1.001137855
23.040064313,0.219,219,2,4.509,244775.586,6.356,245094.221,0
24.044302771,0.219,219,2,4.728,357518.679,6.575,357837.314,1.004238458
23.758338124,0.23,230,3,1.681,58.292,6.699,360959.644,0
24.731743052,0.124,124,2,4.852,408542.776,7.214,408878.306,0.973404928
24.759914861,0.515,515,3,2.196,75.187,7.433,513572.299,0.028171809
25.095039111,0.219,219,2,5.071,513236.769,7.948,513589.194,0.33512425
26.099511048,0.219,219,2,5.29,513253.153,8.167,513605.578,1.004471937
26.266024332,0.174,174,2,5.464,513269.537,8.341,513621.962,0.166513284
26.269210072,0.188,188,2,5.652,513277.729,8.529,513630.154,0.00318574
25.762221579,0.515,515,3,2.711,92.082,8.651,513893.3,0
26.272423959,0.122,122,2,5.774,513668.974,9.302,514038.43,0.51020238
26.27594801,0.651,651,3,3.362,109.113,9.472,514046.622,0.003524051
26.305546886,0.17,170,2,5.944,513685.358,9.969,514071.691,0.029598876
26.308637712,0.184,184,2,6.128,513693.55,10.153,514079.883,0.003090826
26.306497635,0.497,497,3,3.859,125.99,10.275,514155.002,0
26.312191376,0.122,122,2,6.25,513768.669,10.654,514171.761,0.005693741
26.330721945,0.379,379,3,4.238,142.749,10.873,514188.145,0.018530569
27.332323824,0.156,156,3,4.394,159.285,11.029,514204.681,1.001601879
27.102945075,0.219,219,2,6.469,513785.053,11.185,514221.217,0
21.131433683,0.166,166,5,0.166,2.732,11.404,514229.409,0
28.534370118,0.176,176,5,0.342,3.756,11.58,514230.433,7.402936435
28.56860436,0.154,154,5,0.496,6.828,11.734,514233.505,0.034234242
28.721663698,0.17,170,5,0.666,7.852,11.904,514234.529,0.153059338
28.756080365,0.172,172,5,0.838,9.388,12.076,514236.065,0.034416667
28.106314288,0.219,219,2,6.688,513801.437,12.253,514245.265,0
29.079964149,0.177,177,5,1.015,10.396,12.472,514253.457,0.973649861
29.111485057,0.176,176,5,1.191,11.372,12.648,514254.433,0.031520908
29.132369906,1.53,1530,5,2.721,12.316,14.178,514255.377,0.020884849
29.192196648,1.256,1256,5,3.977,13.228,15.434,514256.289,0.059826742
29.108692803,0.219,219,2,6.907,513817.821,15.605,514265.361,0
30.109752016,0.219,219,2,7.126,513834.205,15.824,514281.745,1.001059213
31.11077107,0.219,219,2,7.345,513850.589,16.043,514298.129,1.001019054
32.111474441,0.219,219,2,7.564,513866.973,16.262,514314.513,1.000703371
33.112148549,0.219,219,2,7.783,513883.357,16.481,514330.897,1.000674108
34.112823915,0.219,219,2,8.002,513899.741,16.7,514347.281,1.000675366
35.113537134,0.219,219,2,8.221,513916.125,16.919,514363.665,1.000713219
36.11422542,0.219,219,2,8.44,513932.509,17.138,514380.049,1.000688286
37.115339179,0.219,219,2,8.659,513948.893,17.357,514396.433,1.001113759
38.116097725,0.219,219,2,8.878,513965.277,17.576,514412.817,1.000758546
39.116774417,0.219,219,2,9.097,513981.661,17.795,514429.201,1.000676692
40.117434208,0.219,219,2,9.316,513998.045,18.014,514445.585,1.000659791
29.203224726,0.171,171,5,4.148,14.108,18.233,514453.777,0
41.118261827,0.219,219,2,9.535,514014.429,18.572,514462.401,11.915037101
42.119116196,0.219,219,2,9.754,514022.621,18.791,514470.593,1.000854369
43.119791561,0.219,219,2,9.973,514039.005,19.01,514486.977,1.000675365
44.120538932,0.219,219,2,10.192,514055.389,19.229,514503.361,1.000747371
45.121234831,0.219,219,2,10.411,514071.773,19.448,514519.745,1.000695899
46.122271904,0.219,219,2,10.63,514088.157,19.667,514536.129,1.001037073
47.123145269,0.219,219,2,10.849,514104.541,19.886,514552.513,1.000873365
48.123817562,0.219,219,2,11.068,514120.925,20.105,514568.897,1.000672293
49.12445214,0.219,219,2,11.287,514137.309,20.324,514585.281,1.000634578
50.125135257,0.219,219,2,11.506,514153.693,20.543,514601.665,1.000683117
41.772926572,0.339,339,5,4.487,23.116,20.763,514618.433,0
51.380110628,1.575,1575,5,6.062,23.116,22.338,514618.433,9.607184056
51.491545539,0.286,286,5,6.348,30.796,22.624,514626.113,0.111434911
51.770543099,0.189,189,5,6.537,32.844,22.813,514628.161,0.27899756
51.125866565,0.22,220,2,11.726,514170.077,25.326,514638.401,0
51.78175891,2.513,2513,5,9.05,34.892,25.546,514646.593,0.655892345
52.198687488,0.286,286,5,9.336,35.404,25.832,514681.921,0.416928578
52.126830235,0.22,220,2,11.946,514221.277,26.021,514690.625,0
53.222070419,0.23,230,8,0.23,40.96,26.471,514741.825,1.095240184
53.128038559,0.22,220,2,12.166,514237.661,26.725,520044.049,0
54.12924842,0.22,220,2,12.386,514254.045,26.945,532353.335,1.001209861
55.130371608,0.22,220,2,12.606,514270.429,27.165,544196.786,1.001123188
56.131659132,0.22,220,2,12.826,514286.813,27.385,557295.624,1.001287524
57.13307698,0.22,220,2,13.046,514303.197,27.605,570328.389,1.001417848
58.134213996,0.22,220,2,13.266,514319.581,27.825,583361.154,1.001137016
59.135387818,0.22,220,2,13.486,514335.965,28.045,596988.576,1.001173822
60.136391926,0.22,220,2,13.706,514352.349,28.265,609624.903,1.001004108
52.229623824,0.189,189,5,9.525,35.916,28.485,618090.439,0
61.137395895,0.22,220,2,13.926,514368.733,30.998,623120.675,8.907772071
62.138356981,0.22,220,2,14.146,514385.117,31.218,636285.586,1.000961086
63.139294041,0.22,220,2,14.366,514401.501,31.438,649846.935,1.00093706
53.338311179,0.152,152,9,0.152,135783.339,31.658,650515.857,0
61.76668765,2.513,2513,5,12.038,36.412,31.81,650897.706,8.428376471
64.293223532,2.538,2538,5,14.576,46.636,34.348,650907.93,2.526535882
53.30683043,0.102,102,8,0.332,65.536,35.923,650924.314,0
64.199565114,0.152,152,9,0.304,136165.188,36.153,650940.698,10.892734684
64.140290118,0.22,220,2,14.586,514417.885,36.305,660400.116,0
65.141333477,0.22,220,2,14.806,514434.269,36.525,673565.027,1.001043359
66.142615134,0.22,220,2,15.026,514450.653,36.745,686465.646,1.001281657
67.143670715,0.22,220,2,15.246,514467.037,36.965,699762.703,1.001055581
68.144733001,0.22,220,2,15.466,514483.421,37.185,712927.614,1.001062286
69.145474017,0.22,220,2,15.686,514499.805,37.405,725696.087,1.000741016
70.146472049,0.22,220,2,15.906,514516.189,37.625,738927.071,1.000998032
64.299982981,1.575,1575,5,16.151,46.636,37.845,746533.658,0
71.147500323,0.22,220,2,16.126,514532.573,40.358,751631.519,6.847517342
72.148541447,0.22,220,2,16.346,514548.957,40.578,765060.722,1.001041124
73.149503999,0.22,220,2,16.566,514565.341,40.798,778423.852,1.000962552
64.369667331,0.152,152,9,0.456,271749.771,41.018,786682.977,0
71.769136635,2.513,2513,5,18.664,48.684,41.17,786763.242,7.399469304
74.823113611,2.538,2538,5,21.202,59.948,43.708,786774.506,3.053976976
64.366496956,0.23,230,8,0.562,106.496,45.283,786799.082,0
74.842437437,0.23,230,8,0.792,122.88,45.513,786815.466,10.475940481
74.770933721,0.152,152,9,0.608,271830.036,45.657,786823.658,0
74.15068313,0.22,220,2,16.786,514573.533,45.809,790875.604,0
75.151770977,0.22,220,2,17.006,514589.917,46.029,804304.807,1.001087847
76.152699867,0.22,220,2,17.226,514606.301,46.249,817469.718,1.00092889
77.153674641,0.22,220,2,17.446,514622.685,46.469,831295.359,1.000974774
78.154706476,0.22,220,2,17.666,514639.069,46.689,845196.726,1.001031835
79.155726299,0.22,220,2,17.886,514655.453,46.909,858890.221,1.001019823
80.156988401,0.22,220,2,18.106,514671.837,47.129,871790.84,1.001262102
74.830337924,1.575,1575,5,22.777,59.948,47.349,879793.865,0
81.158161385,0.22,220,2,18.326,514688.221,49.862,885038.208,6.327823461
82.159114509,0.22,220,2,18.546,514704.605,50.082,898467.411,1.000953124
83.159911747,0.22,220,2,18.766,514720.989,50.302,911830.541,1.000797238
74.847143063,0.152,152,9,0.76,407566.932,50.522,922740.778,0
81.766244159,2.513,2513,5,25.29,76.332,50.674,922833.667,6.919101096
85.02662308,2.538,2538,5,27.828,109.1,53.212,922866.435,3.260378921
74.844664466,0.144,144,8,0.936,155.648,54.787,922891.011,0
85.04469549,0.23,230,8,1.166,172.032,55.017,922907.395,10.200031024
84.978037782,0.152,152,9,0.912,407659.821,55.161,922915.587,0
84.16083491,0.22,220,2,18.986,514737.373,55.313,924727.906,0
85.161821278,0.22,220,2,19.206,514753.757,55.533,938196.907,1.000986368
86.162903748,0.22,220,2,19.426,514770.141,55.753,951427.891,1.00108247
87.16386218,0.22,220,2,19.646,514786.525,55.973,964923.167,1.000958432
88.165526149,0.22,220,2,19.866,514802.909,56.193,978748.808,1.001663969
89.166611482,0.22,220,2,20.086,514819.293,56.413,992111.938,1.001085333
90.167635146,0.22,220,2,20.306,514835.677,56.633,1005871.506,1.001023664
85.033474999,1.575,1575,5,29.403,109.1,56.853,1014072.75,0
91.168738848,0.22,220,2,20.526,514852.061,59.366,1019762.683,6.135263849
92.169634772,0.22,220,2,20.746,514868.445,59.586,1033522.251,1.000895924
93.170349737,0.22,220,2,20.966,514884.829,59.806,1046819.308,1.000714965
85.049314373,0.152,152,9,1.064,543830.155,60.026,1059315.297,0
91.765084445,2.513,2513,5,31.916,174.636,60.178,1059471.926,6.715770072
95.140839141,2.538,2538,5,34.454,272.94,62.716,1059570.23,3.375754696
85.046731224,0.144,144,8,1.31,204.8,64.291,1059594.806,0
95.160405037,0.23,230,8,1.54,221.184,64.521,1059611.19,10.113673813
95.082019021,0.152,152,9,1.216,543986.784,64.665,1059619.382,0
94.171174423,0.22,220,2,21.186,514901.213,64.817,1060042.031,0
95.172283433,0.22,220,2,21.406,514917.597,65.037,1073307.506,1.00110901
96.173284608,0.22,220,2,21.626,514933.981,65.257,1086802.782,1.001001175
97.174248767,0.22,220,2,21.846,514950.365,65.477,1100298.058,1.000964159
98.175332913,0.22,220,2,22.066,514966.749,65.697,1113925.48,1.001084146
99.17628478,0.22,220,2,22.286,514983.133,65.917,1127222.537,1.000951867
100.17721758,0.22,220,2,22.506,514999.517,66.137,1140717.813,1.0009328
95.147744069,1.575,1575,5,36.029,272.94,66.357,1148654.765,0
101.178222247,0.22,220,2,22.726,515015.901,68.87,1154179.784,6.030478178
102.179302691,0.22,220,2,22.946,515032.285,69.09,1167542.914,1.001080444
103.180361835,0.22,220,2,23.166,515048.669,69.31,1180972.117,1.001059144
104.18135386,0.22,220,2,23.386,515065.053,69.53,1194401.32,1.000992025
95.164792606,0.152,152,9,1.368,680017.528,69.75,1195863.118,0
101.765420731,2.513,2513,5,38.542,305.708,69.902,1196136.367,6.600628125
105.34975677,2.538,2538,5,41.08,354.86,72.44,1196185.519,3.584336039
95.162399913,0.144,144,8,1.684,245.76,74.015,1196201.903,0
105.363462982,0.23,230,8,1.914,270.336,74.245,1196226.479,10.201063069
105.291968345,0.152,152,9,1.52,680290.777,74.389,1196234.671,0
105.182438425,0.22,220,2,23.606,515081.437,74.541,1207039.509,0
106.183390642,0.22,220,2,23.826,515089.629,74.761,1217024.724,1.000952217
107.184551543,0.22,220,2,24.046,515106.013,74.981,1229793.197,1.001160901
108.185632128,0.22,220,2,24.266,515122.397,75.201,1243222.4,1.001080585
109.186519601,0.22,220,2,24.486,515138.781,75.421,1256783.749,1.000887473
110.187472725,0.22,220,2,24.706,515155.165,75.641,1270345.098,1.000953124
105.356571952,1.575,1575,5,42.655,354.86,75.861,1277951.685,0
111.188554078,0.22,220,2,24.926,515171.549,78.374,1283394.247,5.831982126
112.189545265,0.22,220,2,25.146,515187.933,78.594,1296228.793,1.000991187
113.190514802,0.22,220,2,25.366,515204.317,78.814,1309657.996,1.000969537
114.191516116,0.22,220,2,25.586,515220.701,79.034,1323153.272,1.001001314
105.367277992,0.152,152,9,1.672,816295.758,79.254,1332411.684,0
111.765091359,2.513,2513,5,45.168,371.244,79.406,1332568.313,6.397813367
115.939585267,2.538,2538,5,47.706,387.628,81.944,1332584.697,4.174493908
105.365471198,0.144,144,8,2.058,303.104,83.519,1332609.273,0
115.954587803,0.23,230,8,2.288,319.488,83.749,1332625.657,10.589116605
115.893806331,0.152,152,9,1.824,816452.387,83.893,1332633.849,0
115.192740504,0.22,220,2,25.806,515237.085,84.045,1336494.73,0
116.193729945,0.22,220,2,26.026,515253.469,84.265,1350056.079,1.000989441
117.194829177,0.22,220,2,26.246,515269.853,84.485,1362824.552,1.001099232
118.195526892,0.22,220,2,26.466,515286.237,84.705,1376121.609,1.000697715
119.196233337,0.22,220,2,26.686,515302.621,84.925,1389947.25,1.000706445
120.197137641,0.22,220,2,26.906,515319.005,85.145,1403994.921,1.000904304
115.946541598,1.575,1575,5,49.281,387.628,85.365,1411865.8,0
121.198055286,0.22,220,2,27.126,515335.389,87.878,1417712.992,5.251513688
122.199128956,0.22,220,2,27.346,515351.773,88.098,1431010.049,1.00107367
123.19992361,0.22,220,2,27.566,515368.157,88.318,1444505.325,1.000794654
124.20069389,0.22,220,2,27.786,515384.541,88.538,1458066.674,1.00077028
115.958736026,0.152,152,9,1.976,953135.617,88.758,1469505.495,0
121.76500769,2.513,2513,5,51.794,412.204,88.91,1469835.606,5.806271664
126.09266458,2.538,2538,5,54.332,432.684,91.448,1469856.086,4.32765689
115.956271327,0.144,144,8,2.432,344.064,93.023,1469872.47,0
126.110095567,0.23,230,8,2.662,368.64,93.253,1469897.046,10.15382424
126.049750743,0.152,152,9,2.128,953465.728,93.397,1469905.238,0
125.201532963,0.22,220,2,28.006,515400.925,93.549,1471349.044,0
126.20270909,0.22,220,2,28.226,515417.309,93.769,1485291.936,1.001176127
127.203661237,0.22,220,2,28.446,515433.693,93.989,1499051.504,1.000952147
128.20464984,0.22,220,2,28.666,515450.077,94.209,1512282.488,1.000988603
129.205627548,0.22,220,2,28.886,515466.461,94.429,1525843.837,1.000977708
130.20652019,0.22,220,2,29.106,515482.845,94.649,1539471.259,1.000892642
126.099422073,1.575,1575,5,55.907,432.684,94.869,1547011.773,0
131.207458577,0.22,220,2,29.326,515499.229,97.382,1553097.607,5.108036504
132.208572965,0.22,220,2,29.546,515515.613,97.602,1566725.029,1.001114388
133.209940876,0.221,221,2,29.767,515531.997,97.823,1580352.451,1.001367911
134.210671276,0.221,221,2,29.988,515548.381,98.044,1593913.8,1.0007304
126.113146933,0.152,152,9,2.28,1089477.148,98.265,1606211.57,0
131.76473922,2.513,2513,5,58.42,563.756,98.417,1606465.605,5.651592287
136.164917972,2.538,2538,5,60.958,629.292,100.955,1606531.141,4.400178752
126.111569637,0.144,144,8,2.806,393.216,102.53,1606547.525,0
136.17891193,0.23,230,8,3.036,417.792,102.76,1606572.101,10.067342293
136.120453239,0.152,152,9,2.432,1089731.183,102.904,1606580.293,0
135.211396648,0.221,221,2,30.209,515564.765,103.056,1606987.71,0
136.212213721,0.221,221,2,30.43,515581.149,103.277,1620966.737,1.000817073
137.213350947,0.221,221,2,30.651,515597.533,103.498,1634395.94,1.001137226
138.21434842,0.221,221,2,30.872,515605.725,103.719,1647486.586,1.000997473
139.215404211,0.221,221,2,31.093,515622.109,103.94,1661495.857,1.001055791
140.21640357,0.221,221,2,31.314,515638.493,104.161,1675387.571,1.000999359
136.170544037,1.575,1575,5,62.533,629.292,104.382,1683060.231,0
141.217739075,0.221,221,2,31.535,515654.877,106.895,1689130.218,5.047195038
142.218789976,0.221,221,2,31.756,515671.261,107.116,1702625.494,1.001050901
143.219795761,0.221,221,2,31.977,515687.645,107.337,1716054.697,1.001005785
144.220807063,0.221,221,2,32.198,515704.029,107.558,1729616.046,1.001011302
145.221842599,0.221,221,2,32.419,515720.413,107.779,1743111.322,1.001035536
136.183947347,0.152,152,9,2.584,1226313.512,108.0,1743383.806,0
141.764827151,2.513,2513,5,65.046,678.444,108.152,1743449.879,5.580879804
146.286136809,2.538,2538,5,67.584,711.212,110.69,1743482.647,4.521309658
136.181749931,0.144,144,8,3.18,450.56,112.265,1743507.223,0
146.303300444,0.23,230,8,3.41,466.944,112.495,1743523.607,10.121550513
146.243581537,0.152,152,9,2.736,1226379.585,112.639,1743531.799,0
146.222851596,0.221,221,2,32.64,515736.797,112.791,1755864.964,0
147.223896771,0.221,221,2,32.861,515753.181,113.012,1769294.167,1.001045175
148.225046848,0.221,221,2,33.082,515769.565,113.233,1782921.589,1.001150077
149.226179254,0.221,221,2,33.303,515785.949,113.454,1796482.938,1.001132406
150.227353356,0.221,221,2,33.524,515802.333,113.675,1810110.36,1.001174102
146.293532512,1.575,1575,5,69.159,711.212,113.896,1817452.655,0
151.228363471,0.221,221,2,33.745,515818.717,116.409,1823737.245,4.934830959
152.229378334,0.221,221,2,33.966,515835.101,116.63,1837298.594,1.001014863
153.230378252,0.221,221,2,34.187,515851.485,116.851,1850793.87,1.000999918
154.231419376,0.221,221,2,34.408,515867.869,117.072,1864421.292,1.001041124
155.232457427,0.221,221,2,34.629,515884.253,117.293,1878048.714,1.001038051
146.307356965,0.152,152,9,2.888,1362062.849,117.514,1879444.439,0
151.764949094,2.513,2513,5,71.672,776.748,117.666,1879704.266,5.457592129
156.382586993,2.538,2538,5,74.21,875.052,120.204,1879802.57,4.617637899
146.305536902,0.144,144,8,3.554,491.52,121.779,1879818.954,0
156.39651132,0.23,230,8,3.784,516.096,122.009,1879843.53,10.090974418
156.338561213,0.152,152,9,3.04,1362322.676,122.153,1879851.722,0
156.233478437,0.221,221,2,34.85,515900.637,122.305,1890768.394,0
157.234475142,0.221,221,2,35.071,515917.021,122.526,1904461.889,1.000996705
158.23550146,0.221,221,2,35.292,515933.405,122.747,1917891.092,1.001026318
159.236616476,0.221,221,2,35.513,515949.789,122.968,1931716.733,1.001115016
160.237656971,0.221,221,2,35.734,515966.173,123.189,1945542.374,1.001040495
156.387491947,1.575,1575,5,75.785,875.052,123.41,1952884.669,0
161.238656679,0.221,221,2,35.955,515982.557,125.923,1959565.697,4.851164732
162.239688864,0.221,221,2,36.176,515998.941,126.144,1973457.411,1.001032185
163.240845365,0.221,221,2,36.397,516015.325,126.365,1986952.687,1.001156501
164.241955493,0.221,221,2,36.618,516031.709,126.586,2000183.671,1.001110128
165.24295988,0.221,221,2,36.839,516048.093,126.807,2013745.02,1.001004387
156.400423549,0.152,152,9,3.192,1497976.98,127.028,2015735.402,0
161.764483392,2.513,2513,5,78.298,940.588,127.18,2015989.437,5.364059843
166.440289583,2.538,2538,5,80.836,973.356,129.718,2016022.205,4.675806191
156.398409326,0.144,144,8,3.928,540.672,131.293,2016038.589,0
166.453514868,0.23,230,8,4.158,565.248,131.523,2016063.165,10.055105542
166.397856393,0.152,152,9,3.344,1498231.015,131.667,2016071.357,0
166.243922363,0.221,221,2,37.06,516064.477,131.819,2027015.03,0
167.552310113,0.221,221,2,37.281,516080.861,132.04,2040840.671,1.30838775
168.553311218,0.221,221,2,37.502,516097.245,132.261,2054666.312,1.001001105
169.554389218,0.221,221,2,37.723,516113.629,132.482,2068095.515,1.001078
170.555633021,0.221,221,2,37.944,516121.821,132.703,2081979.037,1.001243803
166.445428853,1.575,1575,5,82.411,973.356,132.924,2084894.441,0
171.556860761,0.221,221,2,38.165,516138.205,135.437,2095887.135,5.111431908
172.557812907,0.221,221,2,38.386,516154.589,135.658,2109778.849,1.000952146
173.558634101,0.221,221,2,38.607,516170.973,135.879,2123670.563,1.000821194
174.559420165,0.221,221,2,38.828,516187.357,136.1,2137562.277,1.000786064
175.56014414,0.221,221,2,39.049,516203.741,136.321,2151453.991,1.000723975
166.4569109,0.152,152,9,3.496,1634176.612,136.542,2152188.986,0
171.76464298,2.513,2513,5,84.924,989.74,136.694,2152448.813,5.30773208
176.657169816,2.538,2538,5,87.462,1014.316,139.232,2152473.389,4.892526836
166.455254684,0.144,144,8,4.302,589.824,140.807,2152489.773,0
176.670119158,0.23,230,8,4.532,614.4,141.037,2152514.349,10.214864474
176.615750094,0.152,152,9,3.648,1634436.439,141.181,2152522.541,0
176.560864762,0.221,221,2,39.27,516220.125,141.333,2164238.955,0
177.561752375,0.221,221,2,39.491,516236.509,141.554,2177866.377,1.000887613
178.562620363,0.221,221,2,39.712,516252.893,141.775,2191493.799,1.000867988
179.56362936,0.221,221,2,39.933,516269.277,141.996,2204989.075,1.001008997
180.564511595,0.221,221,2,40.154,516285.661,142.217,2218418.278,1.000882235
176.66273435,1.575,1575,5,89.037,1014.316,142.438,2221135.463,0
181.565461506,0.221,221,2,40.375,516302.045,144.951,2232110.699,4.902727156
182.566433976,0.221,221,2,40.596,516318.429,145.172,2245738.121,1.00097247
183.567258941,0.221,221,2,40.817,516334.813,145.393,2259299.47,1.000824965
184.568071265,0.221,221,2,41.038,516351.197,145.614,2272926.892,1.000812324
185.568819824,0.221,221,2,41.259,516367.581,145.835,2286025.73,1.000748559
176.674345254,0.152,152,9,3.8,1769965.463,146.056,2288346.477,0
181.764190269,2.513,2513,5,91.55,1145.388,146.208,2288503.106,5.089845015
186.79045995,2.538,2538,5,94.088,1178.156,148.746,2288535.874,5.026269681
176.671668238,0.144,144,8,4.676,647.168,150.321,2288560.45,0
186.803990093,0.23,230,8,4.906,663.552,150.551,2288576.834,10.132321855
186.746588869,0.152,152,9,3.952,1770122.092,150.695,2288585.026,0
186.569561888,0.221,221,2,41.48,516383.965,150.847,2298918.625,0
187.570497342,0.221,221,2,41.701,516400.349,151.068,2312546.047,1.000935454
188.572076314,0.221,221,2,41.922,516416.733,151.289,2326239.542,1.001578972
189.573214238,0.221,221,2,42.143,516433.117,151.51,2339866.964,1.001137924
190.574206752,0.221,221,2,42.364,516449.501,151.731,2353230.094,1.000992514
186.797130422,1.575,1575,5,95.663,1178.156,151.952,2355749.06,0
191.575195426,0.221,221,2,42.585,516465.885,154.465,2366724.833,4.778065004
192.576114537,0.221,221,2,42.806,516482.269,154.686,2380286.182,1.000919111
193.576954937,0.221,221,2,43.027,516498.653,154.907,2393847.531,1.0008404
194.577951014,0.221,221,2,43.248,516506.845,155.128,2407598.907,1.000996077
195.578914753,0.221,221,2,43.469,516531.421,155.349,2420970.229,1.000963739
186.807777097,0.152,152,9,4.104,1905787.98,155.57,2424480.29,0
191.764334072,2.513,2513,5,98.176,1243.692,155.722,2424734.325,4.956556975
196.88334362,2.538,2538,5,100.714,1260.076,158.26,2424750.709,5.119009548
186.80568102,0.144,144,8,5.05,688.128,159.835,2424767.093,0
196.894567393,0.23,230,8,5.28,712.704,160.065,2424791.669,10.088886373
196.839345148,0.152,152,9,4.256,1906042.015,160.209,2424799.861,0
196.579869833,0.221,221,2,43.69,516547.805,160.361,2433427.146,0
197.58101977,0.221,221,2,43.911,516564.189,160.582,2446724.203,1.001149937
198.581952849,0.221,221,2,44.132,516580.573,160.803,2460681.99,1.000933079
199.582907789,0.221,221,2,44.353,516596.957,161.024,2474771.923,1.00095494
200.584132107,0.221,221,2,44.574,516613.341,161.245,2488663.637,1.001224318
196.888222383,1.575,1575,5,102.289,1260.076,161.466,2491116.53,0
201.585257879,0.221,221,2,44.795,516629.725,163.979,2502323.827,4.697035496
202.586146958,0.221,221,2,45.016,516637.917,164.2,2515678.765,1.000889079
203.587119708,0.221,221,2,45.237,516654.301,164.421,2529240.114,1.00097275
204.587999219,0.221,221,2,45.458,516670.685,164.642,2542801.463,1.000879511
205.588797365,0.221,221,2,45.679,516687.069,164.863,2556428.885,1.000798146
196.898126505,0.152,152,9,4.408,2041653.414,165.084,2560599.676,0
201.765429813,2.513,2513,5,104.802,1292.844,165.236,2560805.008,4.867303308
206.940323631,2.538,2538,5,107.34,1317.42,167.774,2560829.584,5.174893818
196.896155165,0.144,144,8,5.424,737.28,169.349,2560845.968,0
206.955820714,0.23,230,8,5.654,761.856,169.579,2560870.544,10.059665549
206.89848982,0.152,152,9,4.56,2041858.746,169.723,2560878.736,0
206.589546972,0.221,221,2,45.9,516703.453,169.875,2569182.305,0
207.590532153,0.221,221,2,46.121,516719.837,170.096,2582743.654,1.000985181
208.591553372,0.221,221,2,46.342,516736.221,170.317,2596238.93,1.001021219
209.592658471,0.221,221,2,46.563,516752.605,170.538,2609800.279,1.001105099
210.593641627,0.221,221,2,46.784,516768.989,170.759,2623361.628,1.000983156
206.945973232,1.575,1575,5,108.915,1317.42,170.98,2625682.375,0
211.59457722,0.221,221,2,47.005,516785.373,173.493,2637054.586,4.648603988
212.595640833,0.221,221,2,47.226,516801.757,173.714,2650087.351,1.001063613
213.596959018,0.221,221,2,47.447,516818.141,173.935,2663582.627,1.001318185
214.597893983,0.221,221,2,47.668,516834.525,174.156,2677210.049,1.000934965
215.598719786,0.221,221,2,47.889,516850.909,174.377,2690705.325,1.000825803
206.958522314,0.152,152,9,4.712,2177476.794,174.598,2696726.16,0
211.76433093,2.513,2513,5,111.428,1382.956,174.75,2696985.987,4.805808616
217.084737038,2.538,2538,5,113.966,1481.26,177.288,2697084.291,5.320406108
206.957187508,0.144,144,8,5.798,794.624,178.863,2697108.867,0
217.096552996,0.23,230,8,6.028,811.008,179.093,2697125.251,10.139365488
217.043565112,0.152,152,9,4.864,2177736.621,179.237,2697133.443,0
216.599725361,0.221,221,2,48.11,516867.293,179.389,2703883.868,0
217.601477679,0.221,221,2,48.331,516883.677,179.61,2717577.363,1.001752318
218.602510003,0.221,221,2,48.552,516900.061,179.831,2731535.15,1.001032324
219.603528289,0.221,221,2,48.773,516916.445,180.052,2745426.864,1.001018286
220.604700296,0.221,221,2,48.994,516932.829,180.273,2759450.724,1.001172007
217.089411515,1.575,1575,5,115.541,1481.26,180.494,2761705.398,0
221.605696931,0.221,221,2,49.215,516949.213,183.007,2772945.463,4.516285416
222.606536982,0.221,221,2,49.436,516965.597,183.228,2786506.812,1.000840051
223.607302023,0.221,221,2,49.657,516981.981,183.449,2800068.161,1.000765041
224.608078239,0.221,221,2,49.878,516998.365,183.67,2813695.583,1.000776216
225.608923738,0.221,221,2,50.099,517014.749,183.891,2827256.932,1.000845499
217.099660653,0.152,152,9,5.016,2313387.277,184.112,2833013.475,0
221.764161356,2.513,2513,5,118.054,1546.796,184.264,2833267.51,4.664500703
227.077210243,2.538,2538,5,120.592,1579.564,186.802,2833300.278,5.313048887
217.098080774,0.144,144,8,6.172,827.392,188.377,2833308.47,0
227.086112353,0.14,140,8,6.312,843.776,188.517,2833324.854,9.988031579
227.036117587,0.152,152,9,5.168,2313641.312,188.661,2833333.046,0
226.609693459,0.221,221,2,50.32,517031.133,188.813,2840351.411,0
227.610556557,0.221,221,2,50.541,517047.517,189.034,2852525.227,1.000863098
228.611419097,0.221,221,2,50.762,517063.901,189.255,2866549.087,1.00086254
229.612333669,0.221,221,2,50.983,517080.285,189.476,2880440.801,1.000914572
230.613406291,0.221,221,2,51.204,517096.669,189.697,2894332.515,1.001072622
227.081989133,1.575,1575,5,122.167,1579.564,189.918,2896388.97,0
231.61453353,0.221,221,2,51.425,517113.053,192.431,2908116.659,4.532544397
232.615979943,0.221,221,2,51.646,517129.437,192.652,2921611.935,1.001446413
233.617215016,0.221,221,2,51.867,517145.821,192.873,2935173.284,1.001235073
234.618350915,0.221,221,2,52.088,517154.013,193.094,2948330.003,1.001135899
235.619649893,0.221,221,2,52.309,517170.397,193.315,2961759.206,1.001298978
227.088588436,0.152,152,9,5.32,2449295.616,193.536,2969167.574,0
231.764184124,2.513,2513,5,124.68,1604.14,193.688,2969421.609,4.675595688
237.21565634,2.581,2581,5,127.261,1624.62,196.269,2969442.089,5.451472216
227.087355737,0.144,144,8,6.456,868.352,197.844,2969458.473,0
237.227886387,0.23,230,8,6.686,892.928,198.074,2969483.049,10.14053065
237.174570669,0.152,152,9,5.472,2449549.651,198.218,2969491.241,0
236.621110414,0.221,221,2,52.53,517186.781,198.37,2974864.647,0
237.622293804,0.221,221,2,52.751,517203.165,198.591,2987897.412,1.00118339
238.623430401,0.221,221,2,52.972,517219.549,198.812,3001260.542,1.001136597
239.624486541,0.221,221,2,53.193,517235.933,199.033,3015020.11,1.00105614
240.625610427,0.221,221,2,53.414,517252.317,199.254,3028779.678,1.001123886
237.220907148,1.575,1575,5,128.836,1624.62,199.475,3030770.06,0
241.626791862,0.221,221,2,53.635,517268.701,201.988,3042736.391,4.405884714
242.628013526,0.221,221,2,53.856,517285.085,202.209,3056826.324,1.001221664
243.629220803,0.221,221,2,54.077,517301.469,202.43,3071114.476,1.001207277
244.630071819,0.221,221,2,54.298,517317.853,202.651,3085402.628,1.000851016
245.630846079,0.221,221,2,54.519,517334.237,202.872,3099558.634,1.00077426
237.232763264,0.152,152,9,5.624,2585078.675,203.093,3105315.177,0
241.764843007,2.513,2513,5,131.349,1755.692,203.245,3105477.598,4.532079743
247.079954028,2.538,2538,5,133.887,1821.228,205.783,3105543.134,5.315111021
237.229767702,0.144,144,8,6.83,909.312,207.358,3105551.326,0
247.089455795,0.14,140,8,6.97,925.696,207.498,3105567.71,9.859688093
247.0448599,0.152,152,9,5.776,2585241.096,207.642,3105575.902,0
246.631592613,0.221,221,2,54.74,517350.621,207.794,3113332.28,0
247.632384054,0.221,221,2,54.961,517367.005,208.015,3127223.994,1.000791441
248.633330753,0.221,221,2,55.182,517383.389,208.236,3141115.708,1.000946699
249.634221788,0.221,221,2,55.403,517399.773,208.457,3154941.349,1.000891035
250.635061071,0.221,221,2,55.624,517416.157,208.678,3168899.136,1.000839283
247.084791515,1.575,1575,5,135.462,1821.228,208.899,3170625.226,0
251.635961744,0.221,221,2,55.845,517432.541,211.412,3182972.148,4.551170229
252.636917522,0.221,221,2,56.066,517448.925,211.633,3196731.716,1.000955778
253.637938532,0.221,221,2,56.287,517465.309,211.854,3210491.284,1.00102101
254.638970367,0.221,221,2,56.508,517481.693,212.075,3224316.925,1.001031835
255.63976537,0.221,221,2,56.729,517498.077,212.296,3238142.566,1.000795003
247.09257351,0.152,152,9,5.928,2720774.464,212.517,3241322.262,0
251.764119242,2.513,2513,5,137.975,1870.38,212.669,3241576.297,4.671545732
256.901128984,2.538,2538,5,140.513,1903.148,215.207,3241609.065,5.137009742
247.091150494,0.144,144,8,7.114,942.08,216.782,3241617.257,0
256.909946096,0.14,140,8,7.254,958.464,216.922,3241633.641,9.818795602
256.867914774,0.152,152,9,6.08,2721028.499,217.066,3241641.833,0
256.640481383,0.221,221,2,56.95,517514.461,217.218,3252115.282,0
257.641320736,0.221,221,2,57.171,517530.845,217.439,3261381.886,1.000839353
258.642220431,0.221,221,2,57.392,517547.229,217.66,3275603.965,1.000899695
259.643870012,0.221,221,2,57.613,517563.613,217.881,3289826.044,1.001649581
260.645372159,0.221,221,2,57.834,517579.997,218.102,3304048.123,1.001502147
256.905874978,1.575,1575,5,142.088,1903.148,218.323,3305774.213,0
261.646835334,0.221,221,2,58.055,517596.381,220.836,3317807.154,4.740960356
262.647821143,0.221,221,2,58.276,517612.765,221.057,3331632.795,1.000985809
263.648792705,0.221,221,2,58.497,517629.149,221.278,3345458.436,1.000971562
264.64951249,0.221,221,2,58.718,517645.533,221.499,3359284.077,1.000719785
265.650150769,0.221,221,2,58.939,517661.917,221.72,3372713.28,1.000638279
256.91244411,0.152,152,9,6.232,2857164.602,221.941,3377999.12,0
261.765465154,2.513,2513,5,144.601,1968.684,222.093,3378155.749,4.853021044
267.067994128,2.538,2538,5,147.139,2066.988,224.631,3378254.053,5.302528974
256.91114583,0.144,144,8,7.398,983.04,226.206,3378270.437,0
267.085071439,0.23,230,8,7.628,1007.616,226.436,3378295.013,10.173925609
267.033060216,0.152,152,9,6.384,2857321.231,226.58,3378303.205,0
266.650978109,0.221,221,2,59.16,517670.109,226.732,3385850.154,0
267.651912655,0.221,221,2,59.381,517686.493,226.953,3399807.941,1.000934546
268.652734129,0.221,221,2,59.602,517702.877,227.174,3413633.582,1.000821474
269.653549176,0.221,221,2,59.823,517719.261,227.395,3427459.223,1.000815047
270.654342294,0.221,221,2,60.044,517735.645,227.616,3441218.791,1.000793118
267.072694516,1.575,1575,5,148.714,2066.988,227.837,3442746.662,0
271.655191634,0.221,221,2,60.265,517752.029,230.35,3455043.895,4.582497118
272.656093355,0.221,221,2,60.486,517768.413,230.571,3468935.609,1.000901721
273.656832555,0.221,221,2,60.707,517784.797,230.792,3482827.323,1.0007392
274.65753872,0.221,221,2,60.928,517801.181,231.013,3496719.037,1.000706165
275.658376746,0.221,221,2,61.149,517817.565,231.234,3510610.751,1.000838026
267.087842741,0.152,152,9,6.536,2992975.535,231.455,3514186.885,0
271.764210386,2.513,2513,5,151.227,2132.524,231.607,3514440.92,4.676367645
276.947586847,2.538,2538,5,153.765,2165.292,234.145,3514473.688,5.183376461
267.086629947,0.144,144,8,7.772,1024.0,235.72,3514481.88,0
276.957663198,0.14,140,8,7.912,1040.384,235.86,3514498.264,9.871033251
276.916913324,0.152,152,9,6.688,2993229.57,236.004,3514506.456,0
276.659251298,0.221,221,2,61.37,517833.949,236.156,3524779.827,0
277.660386289,0.221,221,2,61.591,517850.333,236.377,3538539.395,1.001134991
278.661508569,0.221,221,2,61.812,517866.717,236.598,3552431.109,1.00112228
279.662310486,0.221,221,2,62.033,517883.101,236.819,3566388.896,1.000801917
280.663111007,0.221,221,2,62.254,517899.485,237.04,3580346.683,1.000800521
276.952305394,1.575,1575,5,155.34,2165.292,237.261,3581808.481,0
281.663960976,0.221,221,2,62.475,517915.869,239.774,3594064.754,4.711655582
282.6648877,0.221,221,2,62.696,517932.253,239.995,3608022.541,1.000926724
283.665683681,0.221,221,2,62.917,517948.637,240.216,3621980.328,1.000795981
284.666496144,0.221,221,2,63.138,517965.021,240.437,3635872.042,1.000812463
285.667289611,0.221,221,2,63.359,517981.405,240.658,3649697.683,1.000793467
276.960476475,0.152,152,9,6.84,3129099.522,240.879,3650564.824,0
281.764546741,2.513,2513,5,157.853,2189.868,241.031,3650818.859,4.804070266
286.762187014,2.538,2538,5,160.391,2210.348,243.569,3650839.339,4.997640273
276.958994234,0.144,144,8,8.056,1056.768,245.144,3650847.531,0
286.770989949,0.14,140,8,8.196,1073.152,245.284,3650863.915,9.811995715
286.731006024,0.152,152,9,6.992,3129353.557,245.428,3650872.107,0
286.667895415,0.221,221,2,63.58,517997.789,245.58,3663922.201,0
287.66864572,0.221,221,2,63.801,518014.173,245.801,3677219.258,1.000750305
288.669487936,0.221,221,2,64.022,518030.557,246.022,3691110.972,1.000842216
289.670289364,0.221,221,2,64.243,518046.941,246.243,3704936.613,1.000801428
290.671071657,0.221,221,2,64.464,518063.325,246.464,3718630.108,1.000782293
286.767098533,1.575,1575,5,161.966,2210.348,246.685,3719893.687,0
291.671941949,0.221,221,2,64.685,518079.709,249.198,3732454.675,4.904843416
292.672807701,0.221,221,2,64.906,518096.093,249.419,3746280.316,1.000865752
293.673653689,0.221,221,2,65.127,518112.477,249.64,3759907.738,1.000845988
294.674365441,0.221,221,2,65.348,518128.861,249.861,3773667.306,1.000711752
295.674984375,0.221,221,2,65.569,518145.245,250.082,3787360.801,1.000618934
286.773508775,0.152,152,9,7.144,3265951.969,250.303,3787765.431,0
291.764187478,2.513,2513,5,164.479,2341.42,250.455,3788044.472,4.990678703
296.737049041,2.538,2538,5,167.017,2406.956,252.993,3788110.008,4.972861563
286.772221181,0.144,144,8,8.34,1089.536,254.568,3788118.2,0
296.745886198,0.14,140,8,8.48,1105.92,254.708,3788134.584,9.973665017
296.705908279,0.152,152,9,7.296,3266231.01,254.852,3788142.776,0
296.675607988,0.221,221,2,65.79,518161.629,255.004,3800773.698,0
297.676426248,0.221,221,2,66.011,518178.013,255.225,3814533.266,1.00081826
298.677328109,0.221,221,2,66.232,518178.013,255.446,3828276.45,1.000901861
299.678212369,0.221,221,2,66.453,518202.589,255.667,3842044.21,1.00088426
300.679002344,0.221,221,2,66.674,518218.973,255.888,3855803.778,1.000789975
296.741890648,1.575,1575,5,168.592,2406.956,256.109,3857001.284,0
301.679830452,0.221,221,2,66.895,518235.357,258.622,3869546.425,4.937939804
302.680708218,0.221,221,2,67.116,518251.741,258.843,3883372.066,1.000877766
303.681470954,0.221,221,2,67.337,518268.125,259.064,3897197.707,1.000762736
304.682131583,0.221,221,2,67.558,518284.509,259.285,3911023.348,1.000660629
296.749281044,0.152,152,9,7.448,3401815.593,259.506,3923915.775,0
301.76437144,2.513,2513,5,171.105,2456.108,259.658,3924111.89,5.015090396
306.674699562,2.538,2538,5,173.643,2488.876,262.196,3924144.658,4.910328122
305.682771329,0.221,221,2,67.779,518300.893,263.771,3924152.85,0
296.747349932,0.144,144,8,8.624,1122.304,263.992,3924169.234,0
306.68417912,0.14,140,8,8.764,1138.688,264.132,3924185.618,9.936829188
306.618000802,0.152,152,9,7.6,3402011.708,264.276,3924193.81,0
306.683495723,0.221,221,2,68.0,518317.277,264.428,3937990.708,0.065494921
307.684382009,0.221,221,2,68.221,518333.661,264.649,3951419.911,1.000886286
308.685198453,0.221,221,2,68.442,518350.045,264.87,3965113.406,1.000816444
309.686069235,0.221,221,2,68.663,518366.429,265.091,3978740.828,1.000870782
310.686852155,0.221,221,2,68.884,518382.813,265.312,3992566.469,1.00078292
306.679648935,1.575,1575,5,175.218,2488.876,265.533,3993631.829,0
311.687647787,0.221,221,2,69.105,518399.197,268.046,4006391.036,5.007998852
312.688668867,0.221,221,2,69.326,518415.581,268.267,4019886.312,1.00102108
313.689519045,0.221,221,2,69.547,518431.965,268.488,4033778.026,1.000850178
314.690190639,0.221,221,2,69.768,518448.349,268.709,4047603.667,1.000671594
306.686871851,0.152,152,9,7.752,3537903.318,268.93,4060363.948,0
311.764170228,2.513,2513,5,177.731,2619.948,269.082,4060520.577,5.077298377
316.658170296,2.581,2581,5,180.312,2685.484,271.663,4060586.113,4.894000068
306.685528733,0.144,144,8,8.908,1155.072,273.238,4060594.305,0
316.667645104,0.14,140,8,9.048,1171.456,273.378,4060610.689,9.982116371
316.623577349,0.152,152,9,7.904,3538059.947,273.522,4060618.881,0
315.690786315,0.221,221,2,69.989,518464.733,273.674,4061026.298,0
316.691670087,0.221,221,2,70.21,518481.117,273.895,4075199.769,1.000883772
317.692499173,0.221,221,2,70.431,518497.501,274.116,4089025.41,1.000829086
318.6933233,0.221,221,2,70.652,518513.885,274.337,4100736.715,1.000824127
319.694125706,0.221,221,2,70.873,518530.269,274.558,4114562.356,1.000802406
320.694930627,0.221,221,2,71.094,518546.653,274.779,4128189.778,1.000804921
316.66366457,1.575,1575,5,181.887,2685.484,275.0,4129189.065,0
321.695854697,0.221,221,2,71.315,518563.037,277.513,4141916.041,5.032190127
322.696717866,0.221,221,2,71.536,518579.421,277.734,4155477.39,1.000863169
323.697466145,0.221,221,2,71.757,518595.805,277.955,4168972.666,1.000748279
324.698161625,0.221,221,2,71.978,518612.189,278.176,4182467.942,1.00069548
325.698786145,0.221,221,2,72.199,518628.573,278.397,4196029.291,1.00062452
316.669899232,0.152,152,9,8.056,3673926.287,278.618,4196698.213,0
321.764907263,2.513,2513,5,184.4,2718.252,278.77,4196854.842,5.095008031
326.793430234,2.581,2581,5,186.981,2751.02,281.351,4196887.61,5.028522971
316.668704596,0.144,144,8,9.192,1196.032,282.926,4196903.994,0
326.804330573,0.23,230,8,9.422,1220.608,283.156,4196928.57,10.135625977
326.748585914,0.152,152,9,8.208,3674082.916,283.3,4196936.762,0
326.69967306,0.221,221,2,72.42,518644.957,283.452,4209136.206,0
327.700534133,0.221,221,2,72.641,518661.341,283.673,4222697.555,1.000861073
328.701348343,0.221,221,2,72.862,518677.725,283.894,4236324.977,1.00081421
329.702166115,0.221,221,2,73.083,518694.109,284.115,4249952.399,1.000817772
330.703016223,0.221,221,2,73.304,518702.301,284.336,4263241.264,1.000850108
326.797861524,1.575,1575,5,188.556,2751.02,284.557,4264042.332,0
331.703940991,0.221,221,2,73.525,518718.685,287.07,4276827.189,4.906079467
332.704837544,0.221,221,2,73.746,518735.069,287.291,4290256.392,1.000896553
333.705632687,0.221,221,2,73.967,518751.453,287.512,4303751.668,1.000795143
334.7064719,0.221,221,2,74.188,518767.837,287.733,4317379.09,1.000839213
335.707065411,0.221,221,2,74.409,518784.221,287.954,4330874.366,1.000593511
326.807032662,0.152,152,9,8.36,3809698.532,288.175,4332732.602,0
331.764108698,2.513,2513,5,191.069,2775.596,288.327,4333114.451,4.957076036
336.888135434,2.538,2538,5,193.607,2796.076,290.865,4333134.931,5.124026736
326.805767697,0.144,144,8,9.566,1245.184,292.44,4333151.315,0
336.898547722,0.23,230,8,9.796,1269.76,292.67,4333175.891,10.092780025
336.847628467,0.152,152,9,8.512,3810080.381,292.814,4333184.083,0
336.707887163,0.221,221,2,74.63,518800.605,292.966,4344431.12,0
337.708762345,0.221,221,2,74.851,518816.989,293.187,4357992.469,1.000875182
338.709562865,0.221,221,2,75.072,518833.373,293.408,4371619.891,1.00080052
339.710339431,0.221,221,2,75.293,518849.757,293.629,4385181.24,1.000776566
340.711095393,0.221,221,2,75.514,518866.141,293.85,4398808.662,1.000755962
336.892658635,1.575,1575,5,195.182,2796.076,294.071,4399543.657,0
341.712054174,0.221,221,2,75.735,518882.525,296.584,4412435.01,4.819395539
342.713069387,0.221,221,2,75.956,518898.909,296.805,4425864.213,1.001015213
343.71386467,0.221,221,2,76.177,518915.293,297.026,4439491.635,1.000795283
344.714544644,0.221,221,2,76.398,518931.677,297.247,4453119.057,1.000679974
345.715232022,0.221,221,2,76.619,518948.061,297.468,4467062.255,1.000687378
336.907541673,0.152,152,9,8.664,3946050.461,297.689,4469449.075,0
341.764709333,2.513,2513,5,197.695,2927.148,297.841,4469654.407,4.85716766
346.930442769,2.538,2538,5,200.233,2992.684,300.379,4469719.943,5.165733436
336.906118726,0.144,144,8,9.94,1294.336,301.954,4469736.327,0
346.93982434,0.23,230,8,10.17,1318.912,302.184,4469760.903,10.033705614
346.888429675,0.152,152,9,8.816,3946255.793,302.328,4469769.095,0
346.717057743,0.221,221,2,76.84,518964.445,302.48,4480362.268,0
347.717954296,0.221,221,2,77.061,518980.829,302.701,4493923.617,1.000896553
348.719108074,0.221,221,2,77.282,518997.213,302.922,4507286.747,1.001153778
349.719961674,0.221,221,2,77.503,519013.597,303.143,4520980.242,1.0008536
350.720940919,0.221,221,2,77.724,519029.981,303.364,4535004.102,1.000979245
346.934437272,1.575,1575,5,201.808,2992.684,303.585,4535606.951,0
351.721839846,0.221,221,2,77.945,519046.365,306.098,4549011.041,4.787402574
352.722779002,0.221,221,2,78.166,519062.749,306.319,4562572.39,1.000939156
353.723625618,0.221,221,2,78.387,519079.133,306.54,4574481.914,1.000846616
354.724417827,0.221,221,2,78.608,519095.517,306.761,4588439.701,1.000792209
355.725214088,0.221,221,2,78.829,519111.901,306.982,4602331.415,1.000796261
346.942379623,0.152,152,9,8.968,4081784.817,307.203,4605511.111,0
351.764179657,2.513,2513,5,204.321,3041.836,307.355,4605765.146,4.821800034
356.994064827,2.538,2538,5,206.859,3074.604,309.893,4605797.914,5.22988517
346.94103434,0.144,144,8,10.314,1343.488,311.468,4605814.298,0
357.004224987,0.23,230,8,10.544,1368.064,311.698,4605838.874,10.063190647
356.953378228,0.152,152,9,9.12,4082038.852,311.842,4605847.066,0
356.725902304,0.221,221,2,79.05,519128.285,311.994,4615998.375,0
357.72675353,0.221,221,2,79.271,519144.669,312.215,4629691.87,1.000851226
358.727597492,0.221,221,2,79.492,519161.053,312.436,4643253.219,1.000843962
359.728380273,0.221,221,2,79.713,519177.437,312.657,4656748.495,1.000782781
360.729166546,0.221,221,2,79.934,519193.821,312.878,4670309.844,1.000786273
356.998311526,1.575,1575,5,208.434,3074.604,313.099,4670780.547,0
361.729947372,0.221,221,2,80.155,519210.205,315.612,4683671.9,4.731635846
362.73079301,0.221,221,2,80.376,519218.397,315.833,4697158.984,1.000845638
363.731565804,0.221,221,2,80.597,519234.781,316.054,4710588.187,1.000772794
364.732279163,0.221,221,2,80.818,519251.165,316.275,4724149.536,1.000713359
365.733613201,0.221,221,2,81.039,519267.549,316.496,4737578.739,1.001334038
357.007560467,0.152,152,9,9.272,4217852.815,316.717,4741947.749,0
361.764017626,2.513,2513,5,210.947,3205.676,316.869,4742206.556,4.756457159
367.098920479,2.538,2538,5,213.485,3271.212,319.407,4742272.092,5.334902853
357.005404397,0.144,144,8,10.688,1392.64,320.982,4742288.476,0
367.109889193,0.23,230,8,10.918,1417.216,321.212,4742313.052,10.104484796
367.059080637,0.152,152,9,9.424,4218111.622,321.356,4742321.244,0
366.734406598,0.221,221,2,81.26,519283.933,321.508,4750855.64,0
367.735192382,0.221,221,2,81.481,519300.317,321.729,4764350.916,1.000785784
368.736047868,0.221,221,2,81.702,519316.701,321.95,4777515.827,1.000855486
369.736809348,0.221,221,2,81.923,519333.085,322.171,4791143.249,1.00076148
370.73773684,0.221,221,2,82.144,519349.469,322.392,4804704.598,1.000927492
367.103946747,1.575,1575,5,215.06,3271.212,322.613,4805043.155,0
371.738901862,0.221,221,2,82.365,519365.853,325.126,4818315.099,4.634955115
372.739912536,0.221,221,2,82.586,519382.237,325.347,4831810.375,1.001010674
373.740750072,0.221,221,2,82.807,519398.621,325.568,4845305.651,1.000837536
374.741526428,0.221,221,2,83.028,519415.005,325.789,4858867.0,1.000776356
375.742152695,0.221,221,2,83.249,519431.389,326.01,4872494.422,1.000626267
367.112469828,0.152,152,9,9.576,4353762.278,326.231,4878184.892,0
371.764224985,2.513,2513,5,217.573,3320.364,326.383,4878438.927,4.651755157
377.213530585,2.581,2581,5,220.154,3353.132,328.964,4878471.695,5.4493056
367.111348945,0.144,144,8,11.062,1441.792,330.539,4878488.079,0
377.223190612,0.23,230,8,11.292,1466.368,330.769,4878512.655,10.111841667
377.164886061,0.152,152,9,9.728,4354016.313,330.914,4878520.847,0
376.742732517,0.221,221,2,83.47,519447.773,331.066,4886215.21,0
377.743432746,0.221,221,2,83.691,519464.157,331.287,4899644.413,1.000700229
378.744160981,0.221,221,2,83.912,519480.541,331.508,4913205.762,1.000728235
379.744954308,0.221,221,2,84.133,519496.925,331.729,4926701.038,1.000793327
380.74573702,0.221,221,2,84.354,519513.309,331.95,4940394.533,1.000782712
377.217964947,1.575,1575,5,221.729,3353.132,332.171,4940600.944,0
381.746571344,0.221,221,2,84.575,519529.693,334.684,4954020.881,4.528606397
382.747353706,0.221,221,2,84.796,519546.077,334.905,4967251.865,1.000782362
383.748005534,0.221,221,2,85.017,519562.461,335.126,4980813.214,1.000651828
384.748622792,0.221,221,2,85.238,519578.845,335.347,4994374.563,1.000617258
385.749236138,0.221,221,2,85.459,519595.229,335.568,5007935.912,1.000613346
377.225252746,0.152,152,9,9.88,4490346.615,335.789,5015146.061,0
381.764007569,2.513,2513,5,224.242,3484.204,335.941,5015445.374,4.538754823
387.329641439,2.538,2538,5,226.78,3549.74,338.479,5015510.91,5.56563387
377.224192345,0.145,145,8,11.437,1499.136,340.054,5015535.486,0
387.339165556,0.231,231,8,11.668,1515.52,340.285,5015551.87,10.114973211
387.287035882,0.152,152,9,10.032,4490645.928,340.43,5015560.062,0
386.749819871,0.221,221,2,85.68,519611.613,340.582,5021757.911,0
387.750623256,0.221,221,2,85.901,519627.997,340.803,5035451.406,1.000803385
388.751729262,0.221,221,2,86.122,519644.381,341.024,5048418.098,1.001106006
389.752963358,0.221,221,2,86.343,519660.765,341.245,5062111.593,1.001234096
390.753867802,0.221,221,2,86.564,519677.149,341.466,5075739.015,1.000904444
387.333609682,1.575,1575,5,228.355,3549.74,341.687,5075879.353,0
391.754627047,0.221,221,2,86.785,519693.533,344.2,5089415.589,4.421017365
392.755393066,0.221,221,2,87.006,519709.917,344.421,5102910.865,1.000766019
393.756136946,0.221,221,2,87.227,519726.301,344.642,5116406.141,1.00074388
394.756791778,0.221,221,2,87.448,519734.493,344.863,5130025.371,1.000654832
395.761971207,0.221,221,2,87.669,519750.877,345.084,5143520.647,1.005179429
387.341691016,0.152,152,9,10.184,4626735.103,345.305,5151854.037,0
391.764584738,2.513,2513,5,230.868,3598.892,345.457,5152108.072,4.422893722
396.762610604,0.221,221,2,87.89,519767.261,347.995,5152116.264,4.998025866
397.763217036,0.221,221,2,88.111,519783.645,348.216,5152132.648,1.000606432
398.764036414,0.221,221,2,88.332,519800.029,348.437,5152149.032,1.000819378
397.420465489,2.538,2538,5,233.406,3631.66,348.658,5152189.992,0
399.784217193,1.575,1575,5,234.981,3631.66,350.233,5152189.992,2.363751704
399.794838795,0.286,286,5,235.267,3787.308,350.519,5152345.64,0.010621602
399.801594053,0.189,189,5,235.456,3852.844,350.708,5152411.176,0.006755258
399.82153807,0.249,249,5,235.705,3885.612,350.957,5152443.944,0.019944017
399.875423414,0.188,188,6,0.188,0.0,351.259,5152460.328,0.053885344
399.878678227,0.188,188,7,0.188,32.768,351.605,5152460.328,0.00325481300001
399.876429897,0.158,158,6,0.346,0.0,351.854,5152460.328,0
399.764535919,0.221,221,2,88.553,519816.413,352.103,5515862.312,0
399.836328219,0.114,114,5,235.819,3901.996,352.324,5702922.536,0.0717923
400.765577742,0.221,221,2,88.774,519832.797,354.837,5702930.728,0.929249523
401.766884332,0.221,221,2,88.995,519849.181,355.058,5702955.304,1.00130659
402.76766872,0.221,221,2,89.216,519865.565,355.279,5702971.688,1.000784388
403.768679323,0.221,221,2,89.437,519881.949,355.5,5702988.072,1.001010603
404.769626511,0.221,221,2,89.658,519898.333,355.721,5703004.456,1.000947188
405.772432384,0.221,221,2,89.879,519914.717,355.942,5703020.84,1.002805873
406.773811261,0.221,221,2,90.1,519931.101,356.163,5703037.224,1.001378877
407.774685045,0.221,221,2,90.321,519947.485,356.384,5703053.608,1.000873784
408.77562469,0.221,221,2,90.542,519963.869,356.605,5703069.992,1.000939645
409.776575998,0.221,221,2,90.763,519980.253,356.826,5703086.376,1.000951308
401.765858364,2.513,2513,5,238.332,3910.188,357.047,5703094.568,0
410.777554055,0.221,221,2,90.984,519996.637,359.56,5703106.856,9.011695691
411.778555998,0.221,221,2,91.205,520004.829,359.781,5703115.048,1.001001943
412.702189444,0.188,188,2,91.393,538379.485,359.969,5721489.704,0.923633446
412.779489637,0.221,221,2,91.614,586384.605,360.19,5769494.824,0.077300193
413.782552806,0.221,221,2,91.835,586400.989,360.411,5769511.208,1.003063169
399.879694767,0.249,249,7,0.437,245479.424,360.632,5769519.4,0
414.783517523,0.221,221,2,92.056,586417.373,360.818,5832655.144,14.903822756
415.784452768,0.221,221,2,92.277,586433.757,361.039,5832671.528,1.000935245
414.816634444,0.186,186,7,0.623,308606.976,361.26,5832679.72,0
416.785539917,0.221,221,2,92.498,586450.141,361.437,5876662.568,1.968905473
417.786481098,0.221,221,2,92.719,586466.525,361.658,5876678.952,1.000941181
418.787402724,0.221,221,2,92.94,586482.909,361.879,5876695.336,1.000921626
419.788326235,0.221,221,2,93.161,586491.101,362.1,5876703.528,1.000923511
420.125637565,0.249,249,2,93.41,650732.765,362.349,5940945.192,0.33731133
411.764100249,2.513,2513,5,240.845,3914.284,362.57,5940953.384,0
420.789237734,0.221,221,2,93.631,650749.149,365.083,5940963.624,9.025137485
421.79015049,0.221,221,2,93.852,650765.533,365.304,5940980.008,1.000912756
422.791005696,0.221,221,2,94.073,650781.917,365.525,5940996.392,1.000855206
423.791783589,0.221,221,2,94.294,650790.109,365.746,5941004.584,1.000777893
424.065687065,0.186,186,2,94.48,713123.037,365.932,6003337.512,0.273903476
424.792762205,0.221,221,2,94.701,713147.613,366.341,6035845.416,0.72707514
425.79365736,0.221,221,2,94.922,713155.805,366.562,6068457.768,1.000895155
426.794578427,0.221,221,2,95.143,713172.189,366.783,6068474.152,1.000921067
425.623183168,0.188,188,4,0.188,65120.256,367.004,6068482.344,0
427.795733881,0.221,221,2,95.364,713188.573,367.234,6137221.416,2.172550713
428.796649571,0.221,221,2,95.585,713204.957,367.455,6137237.8,1.00091569
429.797558276,0.221,221,2,95.806,713213.149,367.676,6137245.992,1.000908705
430.722121588,0.158,158,2,95.964,732292.317,367.834,6156325.16,0.924563312
421.764156891,2.513,2513,5,243.358,3916.332,368.055,6188183.848,0
430.798462022,0.221,221,2,96.185,764159.197,370.568,6188193.064,9.034305131
431.800790111,0.221,221,2,96.406,764175.581,370.789,6188209.448,1.002328089
427.815975981,0.23,230,4,0.418,133851.136,371.01,6188217.64,0
432.80168834,0.221,221,2,96.627,764191.965,371.196,6253958.44,4.985712359
433.802720315,0.221,221,2,96.848,764208.349,371.417,6253974.824,1.001031975
434.803606112,0.221,221,2,97.069,764224.733,371.638,6253991.208,1.000885797
435.804536398,0.221,221,2,97.29,764232.925,371.859,6253999.4,1.000930286
433.422858811,0.186,186,4,0.604,199583.744,372.08,6254015.784,0
436.805471992,0.221,221,2,97.511,764249.309,372.276,6318781.736,3.382613181
437.806490417,0.221,221,2,97.732,764273.885,372.497,6318806.312,1.001018425
438.807548233,0.221,221,2,97.953,764290.269,372.718,6318822.696,1.001057816
399.88007645,0.249,249,6,0.595,304999.168,372.939,6318830.888,0
439.80855297,0.221,221,2,98.174,764306.653,373.125,6386914.6,39.92847652
440.809609529,0.221,221,2,98.395,764323.037,373.346,6386930.984,1.001056559
441.810663155,0.221,221,2,98.616,764339.421,373.567,6386947.368,1.001053626
431.764283653,2.513,2513,5,245.871,3917.356,373.788,6386955.56,0
442.811605244,0.221,221,2,98.837,764355.805,376.301,6386964.744,11.047321591
443.812627999,0.221,221,2,99.058,764372.189,376.522,6386981.128,1.001022755
444.814105562,0.221,221,2,99.279,764388.573,376.743,6386997.512,1.001477563
445.815035778,0.221,221,2,99.5,764404.957,376.964,6387013.896,1.000930216
446.815854667,0.221,221,2,99.721,764421.341,377.185,6387030.28,1.000818889
447.816771054,0.221,221,2,99.942,764437.725,377.406,6387046.664,1.000916387
448.817777747,0.221,221,2,100.163,764454.109,377.627,6387063.048,1.001006693
449.818684636,0.221,221,2,100.384,764470.493,377.848,6387079.432,1.000906889
443.377487539,2.513,2513,5,248.384,3918.348,378.069,6387087.624,0
450.819609684,0.221,221,2,100.605,764486.877,380.582,6387096.776,7.442122145
451.820549328,0.221,221,2,100.826,764503.261,380.803,6387113.16,1.000939644
452.821387005,0.221,221,2,101.047,764519.645,381.024,6387129.544,1.000837677
453.822172929,0.221,221,2,101.268,764536.029,381.245,6387145.928,1.000785924
454.822976034,0.221,221,2,101.489,764544.221,381.466,6387154.12,1.000803105
455.824159005,0.221,221,2,101.71,764560.605,381.687,6387170.504,1.001182971
456.825204739,0.221,221,2,101.931,764576.989,381.908,6387186.888,1.001045734
457.826048701,0.221,221,2,102.152,764593.373,382.129,6387203.272,1.000843962
458.826919831,0.221,221,2,102.373,764601.565,382.35,6387211.464,1.00087113
451.764647876,2.513,2513,5,250.897,3919.308,382.571,6387219.656,0
459.941800432,0.178,178,5,251.075,3919.772,382.749,6387220.12,8.177152556
459.982780922,2.593,2593,5,253.668,3928.94,385.342,6387229.288,0.04098049
460.230530025,1.575,1575,5,255.243,3928.94,386.917,6387229.288,0.247749103
460.234154997,0.286,286,5,255.529,3956.588,387.203,6387256.936,0.00362497200001
459.82768166,0.221,221,2,102.594,764617.949,387.392,6387275.368,0
460.242683456,0.189,189,5,255.718,3964.78,387.613,6387283.56,0.415001796
460.828666562,0.221,221,2,102.815,764634.333,390.126,6387293.8,0.585983106
461.829470714,0.221,221,2,103.036,764644.573,390.347,6387304.04,1.000804152
461.765863394,2.513,2513,5,258.231,3966.828,392.705,6387314.616,0
462.656553334,2.33,2330,5,260.561,3978.092,395.035,6387325.88,0.89068994
462.661279913,1.575,1575,5,262.136,3978.092,396.61,6387325.88,0.00472657899996
437.421116271,0.196,196,4,0.8,264351.744,396.859,6387358.648,0
416.863315729,0.177,177,7,0.8,352585.2,397.047,6387358.648,0
439.89435159,0.186,186,6,0.781,373078.256,397.421,6387358.648,23.031035861
462.056824486,2.358,2358,2,105.394,764656.205,397.607,6442077.112,22.162472896
462.830449959,0.221,221,2,105.615,764675.229,397.828,6812476.936,0.773625473
463.831860893,0.221,221,2,105.836,764691.613,398.049,6955116.04,1.001410934
464.832998398,0.221,221,2,106.057,764707.997,398.27,6955132.424,1.001137505
465.833826017,0.221,221,2,106.278,764724.381,398.491,6955148.808,1.000827619
466.83483669,0.221,221,2,106.499,764740.765,398.712,6955165.192,1.001010673
467.835814328,0.221,221,2,106.72,764757.149,398.933,6955181.576,1.000977638
468.836780722,0.221,221,2,106.941,764773.533,399.154,6955197.96,1.000966394
469.837657719,0.221,221,2,107.162,764789.917,399.375,6955214.344,1.000876997
462.667741698,0.249,249,5,262.385,4010.86,399.596,6955222.536,0
470.838551059,0.221,221,2,107.383,764806.301,402.109,6955247.112,8.170809361
471.839636882,0.221,221,2,107.604,764822.685,402.33,6955263.496,1.001085823
472.840445644,0.221,221,2,107.825,764839.069,402.551,6955279.88,1.000808762
473.841473079,0.221,221,2,108.046,764855.453,402.772,6955296.264,1.001027435
474.842408952,0.221,221,2,108.267,764871.837,402.993,6955314.104,1.000935873
475.843360051,0.221,221,2,108.488,764888.221,403.214,6955331.944,1.000951099
476.844639823,0.221,221,2,108.709,764904.605,403.435,6955349.704,1.001279772
477.847190356,0.221,221,2,108.93,764920.989,403.656,6955366.088,1.002550533
462.676118881,0.186,186,6,0.967,537251.488,403.877,6955374.28,0
478.849400973,0.221,221,2,109.151,764937.373,404.065,7010024.936,16.173282092
479.850500275,0.221,221,2,109.372,764953.757,404.286,7023853.032,1.001099302
480.852523088,0.221,221,2,109.593,764961.949,404.507,7023861.224,1.002022813
471.777309962,2.513,2513,5,264.898,4027.244,404.693,7082860.008,0
481.532567945,0.186,186,2,109.779,829424.797,407.206,7088332.264,9.755257983
481.853487177,0.221,221,2,110.0,829441.181,407.427,7088349.96,0.320919232
479.204021696,0.188,188,6,1.155,605705.664,407.648,7088358.152,0
482.854245304,0.221,221,2,110.221,829457.565,407.806,7138403.08,3.650223608
483.857086308,0.221,221,2,110.442,829473.949,408.027,7138419.464,1.002841004
484.857871952,0.221,221,2,110.663,829490.333,408.248,7138435.848,1.000785644
483.537437419,0.158,158,6,1.313,655742.4,408.469,7138444.04,0
485.858659692,0.221,221,2,110.884,829506.717,408.718,7204053.768,2.321222273
486.859574543,0.221,221,2,111.105,829523.101,408.939,7204070.152,1.000914851
487.860556372,0.221,221,2,111.326,829540.701,409.16,7204087.752,1.000981829
488.861571934,0.221,221,2,111.547,829557.085,409.381,7204104.136,1.001015562
489.862415687,0.221,221,2,111.768,829574.605,409.602,7204122.936,1.000843753
490.863356309,0.221,221,2,111.989,829582.797,409.823,7204131.128,1.000940622
481.764432277,2.513,2513,5,267.411,4035.436,410.072,7268979.0,0
490.992598093,0.249,249,2,112.238,894430.669,412.585,7268983.096,9.228165816
491.865988138,0.221,221,2,112.459,894447.053,412.806,7269001.0,0.873390045
462.675337427,0.374,186,7,1.174,599574.048,413.027,7269009.192,0
492.866754297,0.221,221,2,112.68,894463.437,413.204,7321857.24,30.19141687
493.867633669,0.221,221,2,112.901,894479.821,413.425,7321873.624,1.000879372
462.674743636,0.188,188,4,0.988,420912.032,413.646,7321881.816,0
494.868401923,0.221,221,2,113.122,894496.205,413.832,7362571.48,32.193658287
495.869352742,0.221,221,2,113.343,894512.589,414.053,7384181.976,1.000950819
496.870144533,0.221,221,2,113.564,894528.973,414.274,7384198.36,1.000791791
495.706626812,0.186,186,4,1.174,483187.616,414.495,7384206.552,0
497.871138444,0.221,221,2,113.785,894545.357,414.691,7451995.352,2.164511632
498.87196767,0.221,221,2,114.006,894561.741,414.912,7452011.736,1.000829226
499.872907803,0.221,221,2,114.227,894578.125,415.133,7452028.12,1.000940133
500.874016534,0.221,221,2,114.448,894594.509,415.354,7452044.504,1.001108731
491.764209972,2.513,2513,5,269.924,4039.532,415.575,7452053.624,0
501.875203696,0.221,221,2,114.669,894610.893,418.088,7452064.312,10.110993724
498.059707745,0.196,196,4,1.37,550969.6,418.309,7452072.504,0
502.876063372,0.221,221,2,114.89,894627.277,418.539,7452080.696,4.816355627
503.877069506,0.221,221,2,115.111,894643.661,418.76,7519025.72,1.001006134
504.877979538,0.221,221,2,115.332,894660.045,418.981,7520877.112,1.000910032
505.878815049,0.221,221,2,115.553,894676.429,419.202,7520893.496,1.000835511
506.879589798,0.221,221,2,115.774,894684.621,419.423,7520901.688,1.000774749
506.966357606,0.188,188,2,115.962,962014.669,419.611,7588231.736,0.086767808
507.88049997,0.221,221,2,116.183,962031.053,419.832,7588248.12,0.914142364
508.881509316,0.221,221,2,116.404,962039.245,420.053,7588256.312,1.001009346
508.992619256,0.158,158,2,116.562,1011633.613,420.211,7637850.68,0.11110994
509.882451475,0.221,221,2,116.783,1011649.997,420.432,7637867.064,0.889832219
502.389617645,2.513,2513,5,272.437,4041.58,420.653,7637875.256,0
493.283541935,0.177,177,7,1.351,652412.448,423.166,7637876.28,0
510.883325888,0.221,221,2,117.004,1011666.381,423.415,7660772.92,17.599783953
511.884189965,0.221,221,2,117.225,1011682.765,423.636,7711923.768,1.000864077
512.885329565,0.221,221,2,117.446,1011699.149,423.857,7711940.152,1.0011396
513.886256149,0.221,221,2,117.667,1011715.533,424.078,7711956.536,1.000926584
514.887191324,0.221,221,2,117.888,1011731.917,424.299,7711972.92,1.000935175
515.887931013,0.221,221,2,118.109,1011748.301,424.52,7711989.304,1.000739689
516.891867966,0.221,221,2,118.33,1011764.685,424.741,7712005.688,1.003936953
517.894961586,0.221,221,2,118.551,1011781.069,424.962,7712022.072,1.00309362
518.895968837,0.221,221,2,118.772,1011797.453,425.183,7712038.456,1.001007251
519.896920913,0.221,221,2,118.993,1011813.837,425.404,7712054.84,1.000952076
520.89781579,0.221,221,2,119.214,1011830.221,425.625,7712071.224,1.000894877
511.773181854,2.513,2513,5,274.95,4042.604,425.846,7712079.416,0
521.898775269,0.221,221,2,119.435,1011846.605,428.359,7712088.6,10.125593415
522.899692076,0.221,221,2,119.656,1011854.797,428.58,7712096.792,1.000916807
523.900685847,0.221,221,2,119.877,1011871.181,428.801,7712113.176,1.000993771
524.901655943,0.221,221,2,120.098,1011887.565,429.022,7712129.56,1.000970096
525.902334591,0.221,221,2,120.319,1011903.949,429.243,7712147.176,1.000678648
526.90323275,0.221,221,2,120.54,1011920.333,429.464,7712163.56,1.000898159
527.904220655,0.221,221,2,120.761,1011936.717,429.685,7712179.944,1.000987905
528.904984299,0.221,221,2,120.982,1011953.101,429.906,7712196.328,1.000763644
529.905841112,0.221,221,2,121.203,1011969.485,430.127,7712212.712,1.000856813
521.971696484,2.513,2513,5,277.463,4043.596,430.348,7712220.904,0
531.351487028,0.178,178,5,277.641,4044.556,430.526,7712221.864,9.379790544
530.906590928,0.221,221,2,121.424,1011985.869,433.039,7712230.984,0
531.907592382,0.221,221,2,121.645,1012002.253,433.26,7712247.368,1.001001454
532.908523437,0.221,221,2,121.866,1012018.637,433.481,7712263.752,1.000931055
531.764025872,2.513,2513,5,280.154,4045.484,433.702,7712271.944,0
533.909380599,0.221,221,2,122.087,1012035.021,436.29,7712280.136,2.145354727
534.910166732,0.221,221,2,122.308,1012051.405,436.511,7712296.52,1.000786133
535.910945393,0.221,221,2,122.529,1012067.789,436.732,7712312.904,1.000778661
536.911810237,0.221,221,2,122.75,1012084.173,436.953,7712329.288,1.000864844
537.912659717,0.221,221,2,122.971,1012100.557,437.174,7712345.672,1.00084948
538.913204269,0.221,221,2,123.192,1012116.941,437.395,7712362.056,1.000544552
539.913650136,0.221,221,2,123.413,1012133.325,437.616,7712378.44,1.000445867
533.922120906,2.588,2588,5,282.742,4045.484,437.837,7712386.632,0
540.915373819,0.221,221,2,123.634,1012149.709,438.176,7712395.72,6.993252913
541.916132435,0.221,221,2,123.855,1012166.093,438.397,7712412.104,1.000758616
542.916687813,0.221,221,2,124.076,1012182.477,438.618,7712428.488,1.000555378
543.917154213,0.221,221,2,124.297,1012198.861,438.839,7712444.872,1.0004664
544.917627877,0.221,221,2,124.518,1012215.245,439.06,7712461.256,1.000473664
545.918075769,0.221,221,2,124.739,1012231.629,439.281,7712477.64,1.000447892
546.918543566,0.221,221,2,124.96,1012248.013,439.502,7712494.024,1.000467797
547.919019115,0.221,221,2,125.181,1012264.397,439.723,7712510.408,1.000475549
548.919453388,0.221,221,2,125.402,1012280.781,439.944,7712526.792,1.000434273
549.919929706,0.221,221,2,125.623,1012297.165,440.165,7712544.712,1.000476318
541.763594183,0.339,339,5,283.081,4046.38,440.386,7712554.632,0
550.920672328,0.221,221,2,125.844,1012313.549,440.725,7712563.688,9.157078145
551.921486398,0.221,221,2,126.065,1012329.933,440.946,7712580.072,1.00081407
552.92202711,0.221,221,2,126.286,1012346.317,441.167,7712596.456,1.000540712
553.922479821,0.221,221,2,126.507,1012362.701,441.388,7712612.84,1.000452711
554.922933789,0.221,221,2,126.728,1012379.085,441.609,7712629.224,1.000453968
555.923435808,0.221,221,2,126.949,1012395.469,441.83,7712645.608,1.000502019
556.923898577,0.221,221,2,127.17,1012411.853,442.051,7712663.4,1.000462769
557.927178603,0.221,221,2,127.391,1012428.237,442.272,7712679.784,1.003280026
558.927718825,0.221,221,2,127.612,1012444.621,442.493,7712696.168,1.000540222
559.92817866,0.221,221,2,127.833,1012461.005,442.714,7712712.552,1.000459835
551.763510443,0.339,339,5,283.42,4047.244,442.935,7712720.744,0
560.92863179,0.221,221,2,128.054,1012477.389,443.274,7712729.768,9.165121347
561.929206864,0.221,221,2,128.275,1012493.773,443.495,7712747.752,1.000575074
562.929980565,0.221,221,2,128.496,1012510.157,443.716,7712764.136,1.000773701
563.930492921,0.221,221,2,128.717,1012526.541,443.937,7712781.992,1.000512356
564.931220667,0.221,221,2,128.938,1012542.925,444.158,7712798.376,1.000727746
565.933629144,0.221,221,2,129.159,1012559.309,444.379,7712814.76,1.002408477
566.934161544,0.221,221,2,129.38,1012575.693,444.6,7712832.424,1.0005324
567.934962065,0.221,221,2,129.601,1012592.077,444.821,7712848.808,1.000800521
568.93719957,0.221,221,2,129.822,1012608.461,445.042,7712865.192,1.002237505
569.937695443,0.221,221,2,130.043,1012624.845,445.263,7712881.576,1.000495873
561.763551371,0.339,339,5,283.759,4048.076,445.484,7712889.768,0
570.938168129,0.221,221,2,130.264,1012641.229,445.823,7712898.76,9.174616758
571.938729793,0.221,221,2,130.485,1012657.613,446.044,7712915.144,1.000561664
572.93924599,0.221,221,2,130.706,1012673.997,446.265,7712931.528,1.000516197
573.939676072,0.221,221,2,130.927,1012690.381,446.486,7712947.912,1.000430082
574.940133952,0.221,221,2,131.148,1012706.765,446.707,7712965.64,1.00045788
575.940865888,0.221,221,2,131.369,1012723.149,446.928,7712982.024,1.000731936
576.94139745,0.221,221,2,131.59,1012739.533,447.149,7712998.408,1.000531562
577.941835984,0.221,221,2,131.811,1012755.917,447.37,7713014.792,1.000438534
578.942283597,0.221,221,2,132.032,1012772.301,447.591,7713031.176,1.000447613
579.942732117,0.221,221,2,132.253,1012788.685,447.812,7713047.56,1.00044852
571.763686234,0.339,339,5,284.098,4048.876,448.033,7713055.752,0
580.943187343,0.221,221,2,132.474,1012805.069,448.372,7713064.328,9.179501109
581.943676791,0.221,221,2,132.695,1012821.453,448.593,7713080.712,1.000489448
582.944139629,0.221,221,2,132.916,1012837.837,448.814,7713097.096,1.000462838
583.94458361,0.221,221,2,133.137,1012854.221,449.035,7713113.48,1.000443981
584.945017674,0.221,221,2,133.358,1012870.605,449.256,7713129.864,1.000434064
585.945465705,0.221,221,2,133.579,1012886.989,449.477,7713146.248,1.000448031
586.945901166,0.221,221,2,133.8,1012895.181,449.698,7713162.632,1.000435461
587.946382652,0.221,221,2,134.021,1012911.565,449.919,7713179.016,1.000481486
588.94682335,0.221,221,2,134.242,1012927.949,450.14,7713195.4,1.000440698
589.94725483,0.221,221,2,134.463,1012944.333,450.361,7713211.784,1.00043148
581.7634596,0.339,339,5,284.437,4049.26,450.582,7713219.976,0
590.947691128,0.221,221,2,134.684,1012960.717,450.921,7713228.92,9.184231528
591.948263897,0.221,221,2,134.905,1012977.101,451.142,7713245.304,1.000572769
591.763262717,0.339,339,5,284.776,4058.924,451.363,7713262.408,0
593.9062346,1.575,1575,5,286.351,4058.924,452.938,7713262.408,2.142971883
593.907931743,0.286,286,5,286.637,4109.036,453.224,7713312.52,0.001697143
592.948725897,0.221,221,2,135.126,1012993.485,453.413,7713321.64,0
593.949451757,0.221,221,2,135.347,1013009.869,453.634,7713338.024,1.00072586
594.950422202,0.221,221,2,135.568,1013026.253,453.855,7713354.408,1.000970445
595.951379097,0.221,221,2,135.789,1013043.357,454.076,7713371.512,1.000956895
596.952220964,0.221,221,2,136.01,1013059.741,454.297,7713387.896,1.000841867
597.953300361,0.221,221,2,136.231,1013076.125,454.518,7713404.28,1.001079397
598.954217517,0.221,221,2,136.452,1013092.509,454.739,7713420.664,1.000917156
599.955138584,0.221,221,2,136.673,1013108.893,454.96,7713437.048,1.000921067
593.912569483,0.189,189,5,286.826,4109.964,455.181,7713445.24,0
601.564991066,2.419,2419,5,289.245,4109.964,457.6,7713445.24,7.652421583
600.956022775,0.221,221,2,136.894,1013125.277,457.939,7713454.328,0
601.956881194,0.221,221,2,137.115,1013141.661,458.16,7713470.712,1.000858419
602.957602654,0.221,221,2,137.336,1013158.045,458.381,7713487.096,1.00072146
603.958316851,0.221,221,2,137.557,1013174.429,458.602,7713503.48,1.000714197
604.959238896,0.221,221,2,137.778,1013190.813,458.823,7713519.864,1.000922045
605.960038229,0.221,221,2,137.999,1013207.197,459.044,7713536.248,1.000799333
606.960818636,0.221,221,2,138.22,1013223.581,459.265,7713552.632,1.000780407
607.961721404,0.221,221,2,138.441,1013239.965,459.486,7713569.016,1.000902768
608.962529817,0.221,221,2,138.662,1013256.349,459.707,7713585.4,1.000808413
609.96308331,0.221,221,2,138.883,1013272.733,459.928,7713601.784,1.000553493
601.764010438,0.339,339,5,289.584,4110.86,460.149,7713609.976,0
610.963569335,0.221,221,2,139.104,1013289.117,460.488,7713619.032,9.199558897
611.964027634,0.221,221,2,139.325,1013305.501,460.709,7713635.416,1.000458299
612.964482859,0.221,221,2,139.546,1013321.885,460.93,7713651.8,1.000455225
613.964934174,0.221,221,2,139.767,1013338.269,461.151,7713668.184,1.000451315
614.965383043,0.221,221,2,139.988,1013354.653,461.372,7713684.568,1.000448869
615.965822555,0.221,221,2,140.209,1013371.037,461.593,7713700.952,1.000439512
616.966285742,0.221,221,2,140.43,1013387.421,461.814,7713717.336,1.000463187
617.96696439,0.221,221,2,140.651,1013403.805,462.035,7713733.72,1.000678648
618.967807444,0.221,221,2,140.872,1013420.189,462.256,7713750.104,1.000843054
619.968515984,0.221,221,2,141.093,1013436.573,462.477,7713766.488,1.00070854
611.766216585,0.339,339,5,289.923,4111.724,462.698,7713774.68,0
620.969316505,0.221,221,2,141.314,1013452.957,463.037,7713783.704,9.20309992
621.970214175,0.221,221,2,141.535,1013469.341,463.258,7713800.088,1.00089767
622.971028943,0.221,221,2,141.756,1013485.725,463.479,7713816.472,1.000814768
623.971836588,0.221,221,2,141.977,1013502.109,463.7,7713832.856,1.000807645
624.972674474,0.221,221,2,142.198,1013518.493,463.921,7713849.24,1.000837886
625.973655744,0.221,221,2,142.419,1013534.877,464.142,7713865.624,1.00098127
626.974542728,0.221,221,2,142.64,1013551.261,464.363,7713882.008,1.000886984
627.975359243,0.221,221,2,142.861,1013567.645,464.584,7713898.392,1.000816515
628.976172265,0.221,221,2,143.082,1013584.029,464.805,7713914.776,1.000813022
629.976945338,0.221,221,2,143.303,1013600.413,465.026,7713931.16,1.000773073
621.766210858,0.339,339,5,290.262,4112.556,465.247,7713939.352,0
630.977792303,0.221,221,2,143.524,1013616.797,465.586,7713948.344,9.211581445
631.978680405,0.221,221,2,143.745,1013624.989,465.807,7713956.536,1.000888102
632.82211727,0.13,130,2,143.875,1013634.525,465.937,7713966.072,0.843436865
632.979586526,0.221,221,2,144.096,1013650.909,466.158,7713985.176,0.157469256
633.980579041,0.221,221,2,144.317,1013667.293,466.379,7714001.56,1.000992515
634.981220533,0.221,221,2,144.538,1013683.677,466.6,7714017.944,1.000641492
635.981842679,0.221,221,2,144.759,1013700.061,466.821,7714034.328,1.000622146
636.982780508,0.221,221,2,144.98,1013716.445,467.042,7714050.712,1.000937829
637.983707511,0.221,221,2,145.201,1013732.829,467.263,7714067.096,1.000927003
638.984589956,0.221,221,2,145.422,1013749.213,467.484,7714083.48,1.000882445
639.985332578,0.221,221,2,145.643,1013765.597,467.705,7714099.864,1.000742622
631.764865436,0.339,339,5,290.601,4113.356,467.926,7714108.056,0
640.98590842,0.221,221,2,145.864,1013781.981,468.265,7714117.016,9.221042984
641.986456604,0.221,221,2,146.085,1013798.365,468.486,7714133.4,1.000548184
642.986926496,0.221,221,2,146.306,1013814.749,468.707,7714149.784,1.000469892
643.987683576,0.221,221,2,146.527,1013831.133,468.928,7714166.168,1.00075708
644.988596681,0.221,221,2,146.748,1013847.517,469.149,7714182.552,1.000913105
645.989449513,0.221,221,2,146.969,1013863.901,469.37,7714198.936,1.000852832
646.990224611,0.221,221,2,147.19,1013880.285,469.591,7714215.32,1.000775098
647.990686821,0.221,221,2,147.411,1013896.669,469.812,7714231.704,1.00046221
648.991136668,0.221,221,2,147.632,1013913.053,470.033,7714248.088,1.000449847
649.991568846,0.221,221,2,147.853,1013929.437,470.254,7714264.472,1.000432178
641.76350877,0.339,339,5,290.94,4114.124,470.475,7714264.472,0
650.992000466,0.221,221,2,148.074,1013937.629,470.814,7714273.4,9.228491696
651.992606129,0.221,221,2,148.295,1013954.013,471.035,7714289.784,1.000605663
652.993128542,0.221,221,2,148.516,1013970.397,471.256,7714306.168,1.000522413
653.993646694,0.221,221,2,148.737,1013986.781,471.477,7714322.552,1.000518152
654.994305228,0.221,221,2,148.958,1014003.165,471.698,7714338.936,1.000658534
655.995119088,0.221,221,2,149.179,1014019.549,471.919,7714355.32,1.00081386
656.995641362,0.221,221,2,149.4,1014035.933,472.14,7714371.704,1.000522274
657.996083247,0.221,221,2,149.621,1014052.317,472.361,7714388.088,1.000441885
658.996536098,0.221,221,2,149.842,1014068.701,472.582,7714404.472,1.000452851
659.997054949,0.221,221,2,150.063,1014085.085,472.803,7714420.856,1.000518851
651.763446332,0.339,339,5,291.279,4114.86,473.024,7714429.048,0
660.997482308,0.221,221,2,150.284,1014101.469,473.363,7714437.944,9.234035976
661.997987959,0.221,221,2,150.505,1014117.853,473.584,7714454.328,1.000505651
662.998615972,0.221,221,2,150.726,1014134.237,473.805,7714470.712,1.000628013
663.999044518,0.221,221,2,150.947,1014150.621,474.026,7714487.096,1.000428546
664.99947062,0.221,221,2,151.168,1014167.005,474.247,7714503.48,1.000426102
666.000016988,0.221,221,2,151.389,1014183.389,474.468,7714519.864,1.000546368
667.000510347,0.221,221,2,151.61,1014199.773,474.689,7714536.248,1.000493359
668.000998049,0.221,221,2,151.831,1014216.157,474.91,7714552.632,1.000487702
669.001605668,0.221,221,2,152.052,1014233.757,475.131,7714570.232,1.000607619
670.002581001,0.221,221,2,152.273,1014250.141,475.352,7714586.616,1.000975333
661.763353303,0.339,339,5,291.618,4115.564,475.573,7714594.808,0
671.004983611,0.221,221,2,152.494,1014266.525,475.912,7714603.672,9.241630308
672.005510145,0.221,221,2,152.715,1014282.909,476.133,7714620.056,1.000526534
673.00595692,0.221,221,2,152.936,1014299.293,476.354,7714636.44,1.000446775
674.006389307,0.221,221,2,153.157,1014315.677,476.575,7714652.824,1.000432387
675.006977021,0.221,221,2,153.378,1014332.061,476.796,7714669.208,1.000587714
676.007432387,0.221,221,2,153.599,1014348.445,477.017,7714685.592,1.000455366
677.007900253,0.221,221,2,153.82,1014364.829,477.238,7714701.976,1.000467866
678.008495441,0.221,221,2,154.041,1014381.213,477.459,7714718.36,1.000595188
679.009065276,0.221,221,2,154.262,1014398.685,477.68,7714735.832,1.000569835
680.009786387,0.221,221,2,154.483,1014415.069,477.901,7714752.216,1.000721111
671.763515754,0.339,339,5,291.957,4116.236,478.122,7714760.408,0
681.010356362,0.221,221,2,154.704,1014432.413,478.461,7714770.2,9.246840608
682.011217854,0.221,221,2,154.925,1014448.797,478.682,7714786.584,1.000861492
683.014250991,0.221,221,2,155.146,1014465.181,478.903,7714802.968,1.003033137
684.014782693,0.221,221,2,155.367,1014481.565,479.124,7714820.728,1.000531702
685.015517912,0.221,221,2,155.588,1014497.949,479.345,7714837.112,1.000735219
686.016064281,0.221,221,2,155.809,1014514.333,479.566,7714854.744,1.000546369
687.017184675,0.221,221,2,156.03,1014530.717,479.787,7714871.128,1.001120394
688.01941317,0.221,221,2,156.251,1014547.101,480.008,7714887.512,1.002228495
689.019956605,0.221,221,2,156.472,1014563.485,480.229,7714903.896,1.000543435
690.020470428,0.221,221,2,156.693,1014579.869,480.45,7714920.28,1.000513823
681.763489005,0.339,339,5,292.296,4116.876,480.671,7714928.472,0
691.021067361,0.221,221,2,156.914,1014596.253,481.01,7714937.272,9.257578356
692.021641806,0.221,221,2,157.135,1014612.637,481.231,7714953.656,1.000574445
693.022227704,0.221,221,2,157.356,1014629.021,481.452,7714970.04,1.000585898
694.022737196,0.221,221,2,157.577,1014645.405,481.673,7714986.424,1.000509492
695.023183762,0.221,221,2,157.798,1014661.789,481.894,7715002.808,1.000446566
696.023675584,0.221,221,2,158.019,1014678.173,482.115,7715019.192,1.000491822
697.024124803,0.221,221,2,158.24,1014694.557,482.336,7715035.576,1.000449219
698.024567457,0.221,221,2,158.461,1014710.941,482.557,7715051.96,1.000442654
699.025141413,0.221,221,2,158.682,1014727.325,482.778,7715068.344,1.000573956
700.025564791,0.221,221,2,158.903,1014743.709,482.999,7715084.728,1.000423378
691.763400726,0.339,339,5,292.635,4117.484,483.22,7715092.92,0
701.02602735,0.221,221,2,159.124,1014760.093,483.559,7715101.688,9.262626624
702.026503178,0.221,221,2,159.345,1014776.477,483.78,7715118.072,1.000475828
703.026970347,0.221,221,2,159.566,1014792.861,484.001,7715134.456,1.000467169
704.027397636,0.221,221,2,159.787,1014809.245,484.222,7715150.84,1.000427289
705.02784888,0.221,221,2,160.008,1014825.629,484.443,7715167.224,1.000451244
706.028289369,0.221,221,2,160.229,1014842.013,484.664,7715183.608,1.000440489
707.028731954,0.221,221,2,160.45,1014858.397,484.885,7715199.992,1.000442585
708.029147928,0.221,221,2,160.671,1014874.781,485.106,7715216.376,1.000415974
709.029610557,0.221,221,2,160.892,1014891.165,485.327,7715232.76,1.000462629
710.030087014,0.221,221,2,161.113,1014907.549,485.548,7715249.144,1.000476457
701.763262581,0.339,339,5,292.974,4118.06,485.769,7715257.336,0
711.030562144,0.221,221,2,161.334,1014923.933,486.108,7715266.072,9.267299563
712.031134284,0.221,221,2,161.555,1014940.317,486.329,7715282.456,1.00057214
713.031600754,0.221,221,2,161.776,1014956.701,486.55,7715298.84,1.00046647
711.763340174,0.339,339,5,293.313,4119.116,486.771,7715307.544,0
714.806641142,0.189,189,5,293.502,4120.044,486.96,7715308.472,3.043300968
714.813817404,0.189,189,5,293.691,4120.844,487.149,7715309.272,0.00717626200003
714.032018405,0.221,221,2,161.997,1014973.085,487.338,7715317.832,0
715.032750761,0.221,221,2,162.218,1014981.277,487.559,7715334.216,1.000732356
716.033303345,0.221,221,2,162.439,1014997.661,487.78,7715350.6,1.000552584
717.033736221,0.221,221,2,162.66,1015014.045,488.001,7715366.984,1.000432876
718.034189491,0.221,221,2,162.881,1015030.429,488.222,7715383.368,1.00045327
719.034639968,0.221,221,2,163.102,1015046.813,488.443,7715399.752,1.000450477
720.035081155,0.221,221,2,163.323,1015063.197,488.664,7715416.136,1.000441187
714.819674363,0.189,189,5,293.88,4121.212,488.885,7715424.328,0
721.035500412,0.221,221,2,163.544,1015079.581,489.224,7715432.52,6.215826049
721.763392137,0.339,339,5,294.219,4121.708,489.445,7715441.208,0.727891725
722.036034838,0.221,221,2,163.765,1015095.965,489.634,7715450.264,0.272642701
723.036679892,0.221,221,2,163.986,1015112.349,489.855,7715466.648,1.000645054
724.037196229,0.221,221,2,164.207,1015128.733,490.076,7715483.032,1.000516337
725.037636927,0.221,221,2,164.428,1015145.117,490.297,7715499.416,1.000440698
726.038074134,0.221,221,2,164.649,1015161.501,490.518,7715515.8,1.000437207
727.038507429,0.221,221,2,164.87,1015177.885,490.739,7715532.184,1.000433295
728.038937023,0.221,221,2,165.091,1015194.269,490.96,7715548.568,1.000429594
729.039381842,0.221,221,2,165.312,1015210.653,491.181,7715564.952,1.000444819
730.039816185,0.221,221,2,165.533,1015227.037,491.402,7715581.336,1.000434343
722.313645908,0.189,189,5,294.408,4122.572,491.623,7715589.528,0
731.040267639,0.221,221,2,165.754,1015243.421,491.962,7715597.72,8.726621731
732.040738718,0.221,221,2,165.975,1015259.805,492.183,7715614.488,1.000471079
733.041177601,0.221,221,2,166.196,1015276.189,492.404,7715630.872,1.000438883
734.041628706,0.221,221,2,166.417,1015292.573,492.625,7715647.256,1.000451105
735.042051385,0.221,221,2,166.638,1015308.957,492.846,7715663.64,1.000422679
736.042495157,0.221,221,2,166.859,1015325.341,493.067,7715680.024,1.000443772
731.763338289,0.339,339,5,294.747,4131.612,493.288,7715696.872,0
737.561546637,1.575,1575,5,296.322,4131.612,494.863,7715696.872,5.798208348
737.565674397,0.286,286,5,296.608,14501.372,495.149,7726066.632,0.00412775999996
737.73967264,0.189,189,5,296.797,14501.724,495.338,7726066.984,0.173998243
737.742089149,0.286,286,5,297.083,14502.412,495.624,7726460.888,0.002416509
737.042934808,0.221,221,2,167.08,1015341.725,495.813,7726469.736,0
738.04369517,0.221,221,2,167.301,1015358.109,496.034,7726486.12,1.000760362
739.044499742,0.221,221,2,167.522,1015374.493,496.255,7726502.504,1.000804572
740.045267088,0.221,221,2,167.743,1015390.877,496.476,7726518.888,1.000767346
741.046137799,0.221,221,2,167.964,1015407.261,496.697,7726535.272,1.000870711
742.047099304,0.221,221,2,168.185,1015423.645,496.918,7726551.656,1.000961505
743.047917425,0.221,221,2,168.406,1015440.029,497.139,7726568.04,1.000818121
737.7504627,0.189,189,5,297.272,14503.068,497.36,7726576.232,0
744.048653622,0.221,221,2,168.627,1015456.413,499.873,7726585.048,6.298190922
744.504012505,2.513,2513,5,299.785,14503.692,500.094,7726593.24,0.455358883
745.347511808,0.286,286,5,300.071,14504.572,500.38,7731263.56,0.843499303
745.049533343,0.221,221,2,168.848,1015472.797,500.569,7731272.456,0
746.050352232,0.221,221,2,169.069,1015489.181,500.79,7731288.84,1.000818889
747.051201083,0.221,221,2,169.29,1015497.373,501.011,7731305.224,1.000848851
748.05208674,0.221,221,2,169.511,1015513.757,501.232,7731321.608,1.000885657
749.053031483,0.221,221,2,169.732,1015530.141,501.453,7731337.992,1.000944743
750.053890322,0.221,221,2,169.953,1015546.525,501.674,7731354.376,1.000858839
745.382626399,0.189,189,5,300.26,14505.276,501.895,7731362.568,0
751.054630988,0.221,221,2,170.174,1015562.909,504.408,7731371.432,5.672004589
752.05532989,0.221,221,2,170.395,1015579.293,504.629,7731387.816,1.000698902
753.0561441,0.221,221,2,170.616,1015595.677,504.85,7731404.2,1.00081421
754.057601268,0.221,221,2,170.837,1015612.061,505.071,7731420.584,1.001457168
755.058447116,0.221,221,2,171.058,1015628.445,505.292,7731436.968,1.000845848
756.059305675,0.221,221,2,171.279,1015644.829,505.513,7731453.352,1.000858559
757.060111434,0.221,221,2,171.5,1015661.213,505.734,7731469.736,1.000805759
758.060852241,0.221,221,2,171.721,1015677.597,505.955,7731486.12,1.000740807
759.061659885,0.221,221,2,171.942,1015693.981,506.176,7731502.504,1.000807644
760.062456216,0.221,221,2,172.163,1015710.365,506.397,7731518.888,1.000796331
751.763963788,2.513,2513,5,302.773,14505.948,506.618,7731527.08,0
761.159186044,2.663,2663,5,305.436,14505.948,509.281,7731527.08,9.395222256
761.063287187,0.221,221,2,172.384,1015726.749,509.62,7731535.912,0
762.063931752,0.221,221,2,172.605,1015743.133,509.841,7731552.296,1.000644565
763.064493556,0.221,221,2,172.826,1015759.517,510.062,7731568.68,1.000561804
764.06493593,0.221,221,2,173.047,1015775.901,510.283,7731585.064,1.000442374
765.065381448,0.221,221,2,173.268,1015792.285,510.504,7731601.448,1.000445518
766.065876693,0.221,221,2,173.489,1015808.669,510.725,7731617.832,1.000495245
767.066317391,0.221,221,2,173.71,1015825.053,510.946,7731634.216,1.000440698
768.066765074,0.221,221,2,173.931,1015841.437,511.167,7731650.6,1.000447683
769.067349715,0.221,221,2,174.152,1015857.821,511.388,7731666.984,1.000584641
770.067890706,0.221,221,2,174.373,1015874.205,511.609,7731683.368,1.000540991
761.763456741,0.339,339,5,305.775,14506.588,511.83,7731691.56,0
771.068336642,0.221,221,2,174.594,1015890.589,512.169,7731700.36,9.304879901
772.068966471,0.221,221,2,174.815,1015906.973,512.39,7731716.744,1.000629829
773.069530509,0.221,221,2,175.036,1015923.357,512.611,7731733.128,1.000564038
774.070099716,0.221,221,2,175.257,1015939.741,512.832,7731749.512,1.000569207
775.070656421,0.221,221,2,175.478,1015956.125,513.053,7731765.896,1.000556705
776.071105011,0.221,221,2,175.699,1015972.509,513.274,7731782.28,1.00044859
777.071515748,0.221,221,2,175.92,1015988.893,513.495,7731798.664,1.000410737
778.071966294,0.221,221,2,176.141,1016005.277,513.716,7731815.048,1.000450546
779.072382688,0.221,221,2,176.362,1016021.661,513.937,7731831.432,1.000416394
780.072845107,0.221,221,2,176.583,1016038.045,514.158,7731847.816,1.000462419
771.763323065,0.339,339,5,306.114,14507.196,514.379,7731856.008,0
781.073265971,0.221,221,2,176.804,1016054.429,514.718,7731864.776,9.309942906
782.073803609,0.221,221,2,177.025,1016070.813,514.939,7731881.16,1.000537638
783.074275317,0.221,221,2,177.246,1016087.197,515.16,7731897.544,1.000471708
784.074843546,0.221,221,2,177.467,1016103.581,515.381,7731913.928,1.000568229
785.075471977,0.221,221,2,177.688,1016119.965,515.602,7731930.312,1.000628431
786.076002282,0.221,221,2,177.909,1016136.349,515.823,7731946.696,1.000530305
787.076601521,0.221,221,2,178.13,1016152.733,516.044,7731963.08,1.000599239
788.077166537,0.221,221,2,178.351,1016169.117,516.265,7731979.464,1.000565016
789.07760053,0.221,221,2,178.572,1016186.141,516.486,7731996.488,1.000433993
790.078311934,0.221,221,2,178.793,1016202.525,516.707,7732012.872,1.000711404
781.763295129,0.339,339,5,306.453,14507.772,516.928,7732021.064,0
791.080778029,0.221,221,2,179.014,1016218.909,517.267,7732029.8,9.3174829
792.081485592,0.221,221,2,179.235,1016235.293,517.488,7732046.184,1.000707563
793.081979928,0.221,221,2,179.456,1016251.677,517.709,7732062.568,1.000494336
794.082447725,0.221,221,2,179.677,1016268.061,517.93,7732078.952,1.000467797
795.082894849,0.221,221,2,179.898,1016284.445,518.151,7732095.336,1.000447124
796.083325979,0.221,221,2,180.119,1016300.829,518.372,7732111.72,1.00043113
797.083799084,0.221,221,2,180.34,1016317.213,518.593,7732128.104,1.000473105
798.084237967,0.221,221,2,180.561,1016333.597,518.814,7732144.488,1.000438883
799.084688024,0.221,221,2,180.782,1016349.981,519.035,7732160.872,1.000450057
800.085185783,0.221,221,2,181.003,1016366.365,519.256,7732177.256,1.000497759
791.763449338,0.339,339,5,306.792,14508.316,519.477,7732185.448,0
801.085692062,0.221,221,2,181.224,1016382.749,519.816,7732194.152,9.322242724
802.08631819,0.221,221,2,181.445,1016399.133,520.037,7732210.536,1.000626128
803.086799117,0.221,221,2,181.666,1016415.517,520.258,7732226.92,1.000480927
804.087214812,0.221,221,2,181.887,1016431.901,520.479,7732243.304,1.000415695
801.763427478,0.339,339,5,307.131,14509.308,520.7,7732251.976,0
805.323853633,0.189,189,5,307.32,14509.756,520.889,7732252.424,3.560426155
805.087653485,0.221,221,2,182.108,1016448.285,521.078,7732261.032,0
806.088321866,0.221,221,2,182.329,1016464.669,521.299,7732277.416,1.000668381
807.088895612,0.221,221,2,182.55,1016481.053,521.52,7732293.8,1.000573746
808.0893456,0.221,221,2,182.771,1016497.437,521.741,7732310.184,1.000449988
809.089784762,0.221,221,2,182.992,1016513.821,521.962,7732326.568,1.000439162
810.096477163,0.221,221,2,183.213,1016530.205,522.183,7732342.952,1.006692401
805.326480713,0.189,189,5,307.509,14510.172,522.404,7732342.952,0
811.763351212,0.339,339,5,307.848,14510.908,522.743,7732343.688,6.436870499
