time,size,first_call,destination,dest_out_traffic,dest_in_traffic,total_network_out,total_network_in,dens10
3.516071347,0.244,244,2,0.244,24.576,0.244,26.624,0
3.556194903,0.183,183,2,0.427,40.96,0.427,43.008,0.040123556
4.573675959,0.183,183,2,0.61,57.344,0.61,59.392,1.017481056
5.574785764,0.183,183,2,0.793,73.728,0.793,75.776,1.001109805
6.57588008,0.183,183,2,0.976,90.112,0.976,92.16,1.001094316
7.576579925,0.183,183,2,1.159,106.496,1.159,108.544,1.000699845
8.577343519,0.183,183,2,1.342,122.88,1.342,124.928,1.000763594
9.578008783,0.183,183,2,1.525,139.264,1.525,141.312,1.000665264
10.578685574,0.183,183,2,1.708,155.648,1.708,157.696,1.000676791
11.579473275,0.183,183,2,1.891,172.032,1.891,174.08,1.000787701
12.580245675,0.183,183,2,2.074,188.416,2.074,190.464,1.0007724
13.580946783,0.183,183,2,2.257,204.8,2.257,206.848,1.000701108
14.583698361,0.183,183,2,2.44,221.184,2.44,223.232,1.002751578
15.584387635,0.183,183,2,2.623,237.568,2.623,239.616,1.000689274
16.585114557,0.183,183,2,2.806,253.952,2.806,256.0,1.000726922
17.585824108,0.183,183,2,2.989,270.336,2.989,272.384,1.000709551
18.587547435,0.183,183,2,3.172,286.72,3.172,288.768,1.001723327
19.58830066,0.183,183,2,3.355,303.104,3.355,305.152,1.000753225
20.588952333,0.183,183,2,3.538,319.488,3.538,321.536,1.000651673
21.58968204,0.183,183,2,3.721,335.872,3.721,337.92,1.000729707
22.590498465,0.183,183,2,3.904,352.256,3.904,354.304,1.000816425
23.591262229,0.183,183,2,4.087,368.64,4.087,370.688,1.000763764
24.592695608,0.183,183,2,4.27,385.024,4.27,387.072,1.001433379
25.593473991,0.183,183,2,4.453,401.408,4.453,403.456,1.000778383
26.594225538,0.183,183,2,4.636,417.792,4.636,419.84,1.000751547
27.594988058,0.183,183,2,4.819,425.984,4.819,428.032,1.00076252
28.471469258,0.268,268,5,0.268,8.452,5.253,439.216,0.8764812
27.948922782,0.166,166,2,4.985,436.908,5.506,455.6,0
28.601987352,0.219,219,2,5.204,469.676,5.725,488.368,0.65306457
29.034508075,0.283,283,2,5.487,486.06,6.008,504.752,0.432520723
29.076913086,0.207,207,2,5.694,502.444,6.215,521.136,0.042405011
29.117273872,0.102,102,2,5.796,510.636,6.317,529.328,0.040360786
28.512804984,0.253,253,5,0.521,24.836,6.442,40031.181,0
29.524681327,0.291,291,5,0.812,25.123,6.733,40528.912,1.011876343
29.143435768,0.125,125,2,5.921,48157.537,6.967,48192.9,0
29.527736168,0.234,234,5,1.046,41.507,7.186,131102.37,0.3843004
30.528832022,0.405,405,5,1.451,41.908,7.591,131200.562,1.001095854
29.604437659,0.219,219,2,6.14,135761.015,7.821,135813.163,0
30.531300423,0.23,230,5,1.681,58.292,8.04,193702.294,0.926862764
30.607682929,0.219,219,2,6.359,198845.132,8.555,198914.175,0.076382506
31.532673739,0.515,515,5,2.196,75.187,8.774,258384.124,0.92499081
31.61215167,0.219,219,2,6.578,263741.327,9.289,263827.265,0.079477931
32.535037782,0.515,515,5,2.711,92.082,9.508,322700.997,0.922886112
32.616730035,0.219,219,2,6.797,332369.396,10.023,332472.229,0.081692253
33.623697204,0.219,219,2,7.016,429586.456,10.242,429689.289,1.006967169
33.536891819,0.515,515,5,3.226,108.977,10.367,435597.813,0
34.474484781,0.125,125,2,7.141,444003.344,10.882,444123.072,0.937592962
34.53807355,0.515,515,5,3.741,125.872,11.101,552203.751,0.063588769
34.627376826,0.219,219,2,7.36,564713.183,11.616,564849.806,0.089303276
35.630313685,0.219,219,2,7.579,583343.95,11.835,583480.573,1.002936859
36.321835,0.174,174,2,7.753,583360.334,12.009,583496.957,0.691521315
36.323096397,0.188,188,2,7.941,583368.526,12.197,583505.149,0.001261397
35.540954475,0.515,515,5,4.256,142.767,12.32,584001.967,0
36.324736553,0.123,123,2,8.064,583865.344,12.971,584018.998,0.783782078
36.329502022,0.651,651,5,4.907,159.798,13.325,584043.574,0.004765469
36.35276667,0.354,170,2,8.418,583881.728,13.822,584044.067,0.023264648
36.353689988,0.497,497,5,5.404,176.675,13.945,584127.378,0.000923317999998
36.354935596,0.123,123,2,8.541,583956.847,14.324,584144.137,0.001245608
36.366366509,0.379,379,5,5.783,193.434,14.543,584160.521,0.011430913
37.368128007,0.156,156,5,5.939,209.97,14.699,584177.057,1.001761498
36.632777616,0.219,219,2,8.76,583973.231,14.855,584193.593,0
37.633830822,0.219,219,2,8.979,583981.423,15.074,584201.785,1.001053206
38.458823946,0.176,176,2,9.155,583982.447,15.25,584202.809,0.824993124
38.484465784,0.154,154,2,9.309,583985.519,15.404,584205.881,0.025641838
38.617397909,0.17,170,2,9.479,583994.735,15.574,584215.097,0.132932125
38.634967096,0.219,219,2,9.698,584002.927,15.793,584223.289,0.017569187
38.647875786,0.172,172,2,9.87,584004.463,15.965,584224.825,0.01290869
38.971287234,0.177,177,2,10.047,584005.471,16.142,584225.833,0.323411448
39.001246136,0.176,176,2,10.223,584005.967,16.318,584226.329,0.029958902
39.020134677,1.53,1530,2,11.753,584006.927,17.848,584227.289,0.018888541
39.093374923,1.256,1256,2,13.009,584007.391,19.104,584227.753,0.073240246
39.104953268,0.171,171,2,13.18,584016.495,19.275,584236.857,0.011578345
39.636199852,0.219,219,2,13.399,584032.879,19.494,584253.241,0.531246584
40.637273919,0.219,219,2,13.618,584049.263,19.713,584269.625,1.001074067
41.63802099,0.219,219,2,13.837,584065.647,19.932,584286.009,1.000747071
42.638700216,0.219,219,2,14.056,584073.839,20.151,584294.201,1.000679226
43.639880409,0.219,219,2,14.275,584090.223,20.37,584310.585,1.001180193
44.6406672,0.219,219,2,14.494,584106.607,20.589,584326.969,1.000786791
45.641370141,0.219,219,2,14.713,584122.991,20.808,584343.353,1.000702941
46.642099277,0.22,220,2,14.933,584139.375,21.028,584359.737,1.000729136
47.642862488,0.22,220,2,15.153,584155.759,21.248,584376.121,1.000763211
48.643576275,0.22,220,2,15.373,584172.143,21.468,584392.505,1.000713787
49.64430852,0.22,220,2,15.593,584188.527,21.688,584408.889,1.000732245
50.645028568,0.22,220,2,15.813,584204.911,21.908,584425.273,1.000720048
51.645708719,0.22,220,2,16.033,584221.295,22.128,584441.657,1.000680151
52.646352019,0.22,220,2,16.253,584237.679,22.348,584458.041,1.0006433
53.647020052,0.22,220,2,16.473,584254.063,22.568,584474.425,1.000668033
54.647679343,0.22,220,2,16.693,584270.447,22.788,584490.809,1.000659291
55.648300772,0.22,220,2,16.913,584286.831,23.008,584507.193,1.000621429
56.648950031,0.22,220,2,17.133,584303.215,23.228,584523.577,1.000649259
57.649869726,0.22,220,2,17.353,584320.111,23.448,584540.473,1.000919695
58.092129444,1.575,1575,2,18.928,584320.111,25.023,584540.473,0.442259718
58.213945234,0.286,286,2,19.214,584341.615,25.309,584561.977,0.12181579
58.286878051,0.189,189,2,19.403,584345.711,25.498,584566.073,0.072932817
58.367421514,2.513,2513,2,21.916,584357.999,28.011,584578.361,0.080543463
58.651085319,0.22,220,2,22.136,584366.191,28.231,584586.553,0.283663805
58.690994546,0.286,286,2,22.422,584368.239,28.517,584622.393,0.039909227
58.756947729,0.189,189,2,22.611,584378.479,28.706,584632.633,0.065953183
59.739767016,0.237,237,8,0.237,40.96,29.163,584683.833,0.982819287
59.65226969,0.22,220,2,22.831,584394.863,29.417,590914.618,0
60.653345109,0.22,220,2,23.051,584411.247,29.637,603088.434,1.001075419
61.654335906,0.22,220,2,23.271,584427.631,29.857,615658.688,1.000990797
62.655282609,0.22,220,2,23.491,584444.015,30.077,626709.263,1.000946703
63.656367697,0.22,220,2,23.711,584460.399,30.297,639675.955,1.001085088
64.657578132,0.22,220,2,23.931,584476.783,30.517,653105.158,1.001210435
65.658503452,0.22,220,2,24.151,584493.167,30.737,666468.288,1.00092532
66.65976454,0.22,220,2,24.371,584509.551,30.957,679501.053,1.001261088
67.66075544,0.22,220,2,24.591,584517.743,31.177,688891.611,1.0009909
68.341825957,2.513,2513,2,27.104,584526.959,33.69,693261.645,0.681070517
68.661791975,0.22,220,2,27.324,584543.343,33.91,706360.483,0.319966018
69.662842774,0.22,220,2,27.544,584559.727,34.13,719987.905,1.001050799
59.841491386,0.152,152,9,0.152,135651.408,34.35,720524.681,0
70.663957027,0.22,220,2,27.764,584567.919,34.502,720778.716,10.822465641
70.796179676,2.538,2538,2,30.302,584585.327,37.04,720796.124,0.132222649
59.81401998,0.102,102,8,0.339,73.728,38.615,720820.7,0
70.709517299,0.152,152,9,0.304,135905.443,38.852,720828.892,10.895497319
70.803861877,1.575,1575,2,31.877,584593.519,39.004,730618.675,0.094344578
71.665257103,0.22,220,2,32.097,584609.903,39.224,743981.805,0.861395226
72.666241824,0.22,220,2,32.317,584626.287,39.444,756816.351,1.000984721
73.667232708,0.22,220,2,32.537,584634.479,39.664,769973.07,1.000990884
74.668199702,0.22,220,2,32.757,584650.863,39.884,782675.47,1.000966994
75.669279868,0.22,220,2,32.977,584667.247,40.104,796236.819,1.001080166
76.670444788,0.22,220,2,33.197,584683.631,40.324,809401.73,1.00116492
77.671659255,0.22,220,2,33.417,584691.823,40.544,818527.996,1.001214467
78.343485032,2.513,2513,2,35.93,584708.207,43.057,822773.052,0.671825777
78.672731677,0.22,220,2,36.15,584724.591,43.277,836664.766,0.329246645
79.673898891,0.22,220,2,36.37,584740.975,43.497,850556.48,1.001167214
70.869101584,0.152,152,9,0.456,271490.026,43.717,856577.315,0
80.675058581,0.22,220,2,36.59,584749.167,43.869,856674.186,9.805956997
81.166409873,2.538,2538,2,39.128,584765.551,46.407,856690.57,0.491351292
70.86648965,0.237,237,8,0.576,106.496,47.982,856715.146,0
81.184648286,0.237,237,8,0.813,122.88,48.219,856731.53,10.318158636
81.113381996,0.152,152,9,0.608,271586.897,48.37,856739.722,0
81.172917526,1.575,1575,2,40.703,584773.743,48.522,862432.979,0.05953553
81.676252872,0.22,220,2,40.923,584790.127,48.742,876060.401,0.503335346
82.67747591,0.22,220,2,41.143,584806.511,48.962,888961.02,1.001223038
83.678480094,0.22,220,2,41.363,584822.895,49.182,902324.15,1.001004184
84.679259568,0.22,220,2,41.583,584839.279,49.402,915356.915,1.000779474
85.679959289,0.22,220,2,41.803,584855.663,49.622,928984.337,1.000699721
86.680935731,0.22,220,2,42.023,584872.047,49.842,942809.978,1.000976442
87.681988746,0.22,220,2,42.243,584880.239,50.062,951473.733,1.001053015
88.342006753,2.513,2513,2,44.756,584953.967,52.575,956238.644,0.660018007
88.683211693,0.22,220,2,44.976,584970.351,52.795,969667.847,0.34120494
89.684474209,0.22,220,2,45.196,584986.735,53.015,982502.393,1.001262516
81.18871157,0.152,152,9,0.76,407237.553,53.235,992619.754,0
90.68560029,0.22,220,2,45.416,584994.927,53.387,992685.827,9.49688872
91.480829448,2.538,2538,2,47.954,585060.463,55.925,992751.363,0.795229158
81.186922798,0.151,151,8,0.964,155.648,57.5,992775.939,0
91.498137574,0.237,237,8,1.201,172.032,57.737,992792.323,10.311214776
91.43243661,0.152,152,9,0.912,407303.626,57.888,992800.515,0
91.487301047,1.575,1575,2,49.529,585068.655,58.04,995211.146,0.054864437
91.686758047,0.22,220,2,49.749,585085.039,58.26,1008574.276,0.199457
92.688580626,0.22,220,2,49.969,585101.423,58.48,1022201.698,1.001822579
93.689851683,0.22,220,2,50.189,585117.807,58.7,1035366.609,1.001271057
94.691102757,0.22,220,2,50.409,585134.191,58.92,1048927.958,1.001251074
95.692211766,0.22,220,2,50.629,585142.383,59.14,1054124.847,1.001109009
96.106390007,2.538,2538,2,53.167,585150.575,61.678,1054133.039,0.414178241
96.693230941,0.22,220,2,53.387,585166.959,61.898,1054149.423,0.586840934
97.693980324,0.22,220,2,53.607,585175.151,62.118,1054157.615,1.000749383
98.339762642,0.339,339,2,53.946,585216.111,62.457,1054198.575,0.645782318
98.694807913,0.22,220,2,54.166,585232.495,62.677,1054214.959,0.355045271
99.695518972,0.22,220,2,54.386,585289.839,62.897,1054272.303,1.000711059
100.193263474,1.575,1575,2,55.961,585289.839,64.472,1054272.303,0.497744502
100.207530101,0.286,286,2,56.247,585363.567,64.758,1054346.031,0.014266627
100.215311474,0.189,189,2,56.436,585379.951,64.947,1054362.415,0.007781373
100.247083952,0.249,249,2,56.685,585384.047,65.196,1054366.511,0.031772478
100.263194654,0.114,114,2,56.799,585398.383,65.424,1214494.511,0.016110702
100.696760883,0.22,220,2,57.019,585414.767,65.644,1216739.119,0.433566229
101.698201094,0.22,220,2,57.239,585431.151,65.864,1216755.503,1.001440211
102.699226067,0.22,220,2,57.459,585439.343,66.084,1216763.695,1.001024973
103.007660539,0.178,178,2,57.637,585442.415,66.262,1216766.767,0.308434472
103.032545872,2.593,2593,2,60.23,585459.823,68.855,1216784.175,0.024885333
103.091705412,1.575,1575,2,61.805,585459.823,70.43,1216784.175,0.05915954
103.094457443,0.286,286,2,62.091,585496.687,70.716,1216821.039,0.002752031
103.101471611,0.189,189,2,62.28,585502.831,70.905,1216827.183,0.007014168
103.19457409,2.33,2330,2,64.61,585513.071,73.235,1216838.447,0.093102479
103.200552958,1.575,1575,2,66.185,585513.071,74.81,1216838.447,0.005978868
100.29365316,0.114,114,7,0.114,51058.688,75.059,1216936.751,0
103.205118373,0.249,249,2,66.434,585586.799,75.173,1413918.511,2.911465213
103.700261605,0.22,220,2,66.654,585603.183,80.109,1413947.071,0.495143232
104.7021229,0.22,220,2,66.874,585611.375,80.329,1413955.263,1.001861295
105.550482259,0.178,178,2,67.052,585627.759,80.507,1413971.647,0.848359359
105.605170413,2.588,2588,2,69.64,585660.527,83.095,1414004.415,0.054688154
105.613377896,1.575,1575,2,71.215,585660.527,84.67,1414004.415,0.00820748300001
103.21161196,0.114,114,7,0.228,103590.912,84.919,1414135.487,0
105.617568506,0.249,249,2,71.464,585799.791,85.033,1465233.087,2.405956546
105.706131233,0.22,220,2,71.684,585807.983,85.253,1703999.135,0.088562727
106.707548741,0.22,220,2,71.904,585824.367,85.473,1704015.519,1.001417508
107.708426572,0.22,220,2,72.124,585832.559,85.693,1704023.711,1.000877831
107.971750465,0.178,178,2,72.302,585898.095,85.871,1704089.247,0.263323893
108.022374504,2.545,2545,2,74.847,585898.095,88.416,1704089.247,0.050624039
108.339171515,0.339,339,2,75.186,585955.439,88.755,1704146.591,0.316797011
108.444541771,1.575,1575,2,76.761,585955.439,90.33,1704146.591,0.105370256
108.448175768,0.286,286,2,77.047,586097.775,90.616,1704288.927,0.00363399699999
108.453611431,0.189,189,2,77.236,586163.311,90.805,1704354.463,0.005435663
108.55876642,2.332,2332,2,79.568,586196.079,93.137,1704387.231,0.105154989
108.564070677,1.575,1575,2,81.143,586196.079,94.712,1704387.231,0.00530425700001
108.623461084,2.332,2332,2,83.475,586228.847,97.044,1704419.999,0.059390407
108.628236884,1.575,1575,2,85.05,586228.847,98.619,1704419.999,0.0047758
108.685039917,2.375,2375,2,87.425,586237.039,100.994,1704428.191,0.056803033
108.709503292,0.22,220,2,87.645,586376.303,101.214,1704567.455,0.024463375
109.327522303,0.189,189,2,87.834,586474.607,101.403,1704665.759,0.618019011
109.334667908,0.189,189,2,88.023,586499.183,101.592,1704690.335,0.00714560500001
109.350582803,0.189,189,2,88.212,586505.327,101.781,1704696.479,0.015914895
109.359197593,0.189,189,2,88.401,586514.543,101.97,1704705.695,0.00861479000001
109.710623653,0.22,220,2,88.621,586535.263,102.19,1704726.415,0.35142606
110.38500679,1.575,1575,2,90.196,586535.263,103.765,1704726.415,0.674383137
110.3887197,0.286,286,2,90.482,587417.951,104.051,1705609.103,0.00371290999999
110.397817161,0.189,189,2,90.671,587429.215,104.24,1705620.367,0.00909746100001
110.71178489,0.22,220,2,90.891,587437.407,104.46,1705628.559,0.313967729
111.122618493,0.286,286,2,91.177,587963.231,104.746,1706154.383,0.410833603
111.129051223,0.189,189,2,91.366,587964.239,104.935,1706155.391,0.00643273
111.420838771,2.706,2706,2,94.072,587974.463,107.641,1706165.615,0.291787548
111.425526871,1.575,1575,2,95.647,587974.463,109.216,1706165.615,0.0046881
111.659984965,2.62,2620,2,98.267,587986.751,111.836,1706177.903,0.234458094
111.664624206,1.575,1575,2,99.842,587994.943,113.411,1706186.095,0.00463924099999
111.712824599,0.22,220,2,100.062,588003.135,113.631,1706194.287,0.048200393
111.877498758,2.62,2620,2,102.682,588068.671,116.251,1706259.823,0.164674159
112.206774152,1.575,1575,2,104.257,588068.671,117.826,1706259.823,0.329275394
112.209066044,0.286,286,2,104.543,589297.471,118.112,1707488.623,0.002291892
112.218508284,0.189,189,2,104.732,589313.855,118.301,1707505.007,0.00944224
112.438641367,0.114,114,2,104.846,589330.239,118.415,1708004.719,0.220133083
112.713933854,0.22,220,2,105.066,589338.431,118.635,1708012.911,0.275292487
112.902967596,0.184,184,2,105.25,589342.527,118.819,1708017.007,0.189033742
112.908601925,1.775,1775,2,107.025,589344.575,120.594,1708019.055,0.005634329
112.938833898,1572.864,262144,2,1679.889,589344.575,1693.458,1708019.055,0.030231973
112.941963773,13631.488,262144,2,15311.377,589344.575,15324.946,1708019.055,0.003129875
112.956609898,524.288,262144,2,15835.665,589344.575,15849.234,1708019.055,0.014646125
112.958229366,524.288,262144,2,16359.953,589344.575,16373.522,1708019.055,0.001619468
112.959694663,524.288,262144,2,16884.241,589344.575,16897.81,1708019.055,0.001465297
112.961301658,524.288,262144,2,17408.529,589344.575,17422.098,1708019.055,0.001606995
112.962938018,524.288,262144,2,17932.817,589344.575,17946.386,1708019.055,0.00163636000001
112.96453369,524.288,262144,2,18457.105,589344.575,18470.674,1708019.055,0.00159567199999
112.966166044,524.288,262144,2,18981.393,589344.575,18994.962,1708019.055,0.00163235400001
112.967778443,524.288,262144,2,19505.681,589344.575,19519.25,1708019.055,0.001612399
112.969406072,524.288,262144,2,20029.969,589344.575,20043.538,1708019.055,0.001627629
112.971023329,524.288,262144,2,20554.257,589344.575,20567.826,1708019.055,0.00161725700001
112.972625992,524.288,262144,2,21078.545,589344.575,21092.114,1708019.055,0.001602663
112.974395875,524.288,262144,2,21602.833,589344.575,21616.402,1708019.055,0.00176988299999
112.976030043,524.288,262144,2,22127.121,589344.575,22140.69,1708019.055,0.001634168
112.977492785,524.288,262144,2,22651.409,589344.575,22664.978,1708019.055,0.001462742
112.979108084,524.288,262144,2,23175.697,589344.575,23189.266,1708019.055,0.00161529900001
112.980732897,524.288,262144,2,23699.985,589344.575,23713.554,1708019.055,0.00162481299999
112.982349431,524.288,262144,2,24224.273,589344.575,24237.842,1708019.055,0.00161653400001
112.983961556,524.288,262144,2,24748.561,589344.575,24762.13,1708019.055,0.00161212499999
112.985587333,524.288,262144,2,25272.849,589344.575,25286.418,1708019.055,0.001625777
112.987185567,524.288,262144,2,25797.137,589344.575,25810.706,1708019.055,0.001598234
112.988813379,524.288,262144,2,26321.425,589344.575,26334.994,1708019.055,0.00162781200001
112.990421367,524.288,262144,2,26845.713,589344.575,26859.282,1708019.055,0.00160798799999
112.992198763,524.288,262144,2,27370.001,589344.575,27383.57,1708019.055,0.00177739600001
112.993809936,524.288,262144,2,27894.289,589344.575,27907.858,1708019.055,0.001611173
112.995427229,524.288,262144,2,28418.577,589344.575,28432.146,1708019.055,0.001617293
112.997071758,524.288,262144,2,28942.865,589344.575,28956.434,1708019.055,0.001644529
112.998529969,524.288,262144,2,29467.153,589344.575,29480.722,1708019.055,0.001458211
113.000140475,524.288,262144,2,29991.441,589344.575,30005.01,1708019.055,0.00161050599999
113.001742207,524.288,262144,2,30515.729,589344.575,30529.298,1708019.055,0.00160173200001
113.003372366,524.288,262144,2,31040.017,589344.575,31053.586,1708019.055,0.00163015899999
113.005011959,524.288,262144,2,31564.305,589344.575,31577.874,1708019.055,0.00163959300001
113.006462051,524.288,262144,2,32088.593,589344.575,32102.162,1708019.055,0.001450092
113.008222564,524.288,262144,2,32612.881,589344.575,32626.45,1708019.055,0.00176051299999
113.009704611,524.288,262144,2,33137.169,589344.575,33150.738,1708019.055,0.00148204700001
113.011314071,524.288,262144,2,33661.457,589344.575,33675.026,1708019.055,0.00160946
113.012939901,524.288,262144,2,34185.745,589344.575,34199.314,1708019.055,0.00162582999999
113.014542353,524.288,262144,2,34710.033,589344.575,34723.602,1708019.055,0.001602452
113.016160624,524.288,262144,2,35234.321,589344.575,35247.89,1708019.055,0.001618271
113.017782143,524.288,262144,2,35758.609,589344.575,35772.178,1708019.055,0.00162151900001
113.019413841,524.288,262144,2,36282.897,589344.575,36296.466,1708019.055,0.001631698
113.021020171,524.288,262144,2,36807.185,589344.575,36820.754,1708019.055,0.00160633
113.022485468,524.288,262144,2,37331.473,589344.575,37345.042,1708019.055,0.001465297
113.024112091,524.288,262144,2,37855.761,589344.575,37869.33,1708019.055,0.00162662300001
113.025734443,524.288,262144,2,38380.049,589344.575,38393.618,1708019.055,0.001622352
113.027199862,524.288,262144,2,38904.337,589344.575,38917.906,1708019.055,0.001465419
113.028834512,524.288,262144,2,39428.625,589344.575,39442.194,1708019.055,0.00163465
113.030432686,524.288,262144,2,39952.913,589344.575,39966.482,1708019.055,0.00159817399999
113.03206017,524.288,262144,2,40477.201,589344.575,40490.77,1708019.055,0.001627484
113.033520081,524.288,262144,2,41001.489,589344.575,41015.058,1708019.055,0.00145991100001
113.035284775,524.288,262144,2,41525.777,589344.575,41539.346,1708019.055,0.00176469399999
113.036742867,524.288,262144,2,42050.065,589344.575,42063.634,1708019.055,0.00145809200001
113.038380368,524.288,262144,2,42574.353,589344.575,42587.922,1708019.055,0.001637501
113.040140048,524.288,262144,2,43098.641,589344.575,43112.21,1708019.055,0.00175967999999
113.041613311,524.288,262144,2,43622.929,589344.575,43636.498,1708019.055,0.00147326300001
113.043373007,524.288,262144,2,44147.217,589344.575,44160.786,1708019.055,0.00175969599999
113.044842518,524.288,262144,2,44671.505,589344.575,44685.074,1708019.055,0.001469511
113.046466239,524.288,262144,2,45195.793,589344.575,45209.362,1708019.055,0.001623721
113.048242246,524.288,262144,2,45720.081,589344.575,45733.65,1708019.055,0.001776007
113.049687654,524.288,262144,2,46244.369,589344.575,46257.938,1708019.055,0.001445408
113.051311746,524.288,262144,2,46768.657,589344.575,46782.226,1708019.055,0.001624092
113.052925912,524.288,262144,2,47292.945,589344.575,47306.514,1708019.055,0.00161416600001
113.054570415,524.288,262144,2,47817.233,589344.575,47830.802,1708019.055,0.00164450299999
113.056179298,524.288,262144,2,48341.521,589344.575,48355.09,1708019.055,0.001608883
113.057798606,524.288,262144,2,48865.809,589344.575,48879.378,1708019.055,0.001619308
113.059416511,524.288,262144,2,49390.097,589344.575,49403.666,1708019.055,0.00161790499999
113.061179541,524.288,262144,2,49914.385,589344.575,49927.954,1708019.055,0.00176303000001
113.062943405,524.288,262144,2,50438.673,589344.575,50452.242,1708019.055,0.001763864
113.064701848,524.288,262144,2,50962.961,589344.575,50976.53,1708019.055,0.001758443
113.066473625,524.288,262144,2,51487.249,589344.575,51500.818,1708019.055,0.001771777
113.068380598,524.288,262144,2,52011.537,589344.575,52025.106,1708019.055,0.001906973
113.070157439,524.288,262144,2,52535.825,589344.575,52549.394,1708019.055,0.00177684099999
113.071909352,524.288,262144,2,53060.113,589344.575,53073.682,1708019.055,0.00175191300001
113.073681166,524.288,262144,2,53584.401,589344.575,53597.97,1708019.055,0.00177181399999
113.075437634,524.288,262144,2,54108.689,589344.575,54122.258,1708019.055,0.001756468
113.077201121,524.288,262144,2,54632.977,589344.575,54646.546,1708019.055,0.00176348700001
113.07910646,524.288,262144,2,55157.265,589344.575,55170.834,1708019.055,0.001905339
113.080879327,524.288,262144,2,55681.553,589344.575,55695.122,1708019.055,0.001772867
113.082649728,524.288,262144,2,56205.841,589344.575,56219.41,1708019.055,0.001770401
113.084418753,524.288,262144,2,56730.129,589344.575,56743.698,1708019.055,0.00176902499999
113.086184035,524.288,262144,2,57254.417,589344.575,57267.986,1708019.055,0.00176528200001
113.087942672,524.288,262144,2,57778.705,589344.575,57792.274,1708019.055,0.00175863699999
113.0897022,524.288,262144,2,58302.993,589344.575,58316.562,1708019.055,0.00175952800001
113.091466596,524.288,262144,2,58827.281,589344.575,58840.85,1708019.055,0.001764396
113.093380638,524.288,262144,2,59351.569,589344.575,59365.138,1708019.055,0.001914042
113.09500047,524.288,262144,2,59875.857,589344.575,59889.426,1708019.055,0.001619832
113.096614532,524.288,262144,2,60400.145,589344.575,60413.714,1708019.055,0.001614062
113.098381835,524.288,262144,2,60924.433,589344.575,60938.002,1708019.055,0.00176730299999
113.09999762,524.288,262144,2,61448.721,589344.575,61462.29,1708019.055,0.001615785
113.101635232,524.288,262144,2,61973.009,589344.575,61986.578,1708019.055,0.00163761200001
113.10337962,524.288,262144,2,62497.297,589344.575,62510.866,1708019.055,0.00174438799999
113.105007054,524.288,262144,2,63021.585,589344.575,63035.154,1708019.055,0.001627434
113.106756005,524.288,262144,2,63545.873,589344.575,63559.442,1708019.055,0.001748951
113.108510367,524.288,262144,2,64070.161,589344.575,64083.73,1708019.055,0.001754362
113.110001472,524.288,262144,2,64594.449,589344.575,64608.018,1708019.055,0.001491105
113.111759534,524.288,262144,2,65118.737,589344.575,65132.306,1708019.055,0.00175806200001
113.113394286,524.288,262144,2,65643.025,589344.575,65656.594,1708019.055,0.001634752
113.115140816,524.288,262144,2,66167.313,589344.575,66180.882,1708019.055,0.00174652999999
113.11677718,524.288,262144,2,66691.601,589344.575,66705.17,1708019.055,0.00163636400001
113.11852897,524.288,262144,2,67215.889,589344.575,67229.458,1708019.055,0.00175179
113.120164366,524.288,262144,2,67740.177,589344.575,67753.746,1708019.055,0.001635396
113.121914495,524.288,262144,2,68264.465,589344.575,68278.034,1708019.055,0.001750129
113.123390999,524.288,262144,2,68788.753,589344.575,68802.322,1708019.055,0.001476504
113.125147031,524.288,262144,2,69313.041,589344.575,69326.61,1708019.055,0.001756032
113.126770119,524.288,262144,2,69837.329,589344.575,69850.898,1708019.055,0.001623088
113.128383479,524.288,262144,2,70361.617,589344.575,70375.186,1708019.055,0.00161335999999
113.129999956,524.288,262144,2,70885.905,589344.575,70899.474,1708019.055,0.00161647700001
113.131764588,524.288,262144,2,71410.193,589344.575,71423.762,1708019.055,0.00176463199999
113.133391089,524.288,262144,2,71934.481,589344.575,71948.05,1708019.055,0.001626501
113.134862377,524.288,262144,2,72458.769,589344.575,72472.338,1708019.055,0.001471288
113.136485234,524.288,262144,2,72983.057,589344.575,72996.626,1708019.055,0.001622857
113.138087072,524.288,262144,2,73507.345,589344.575,73520.914,1708019.055,0.001601838
113.139851755,524.288,262144,2,74031.633,589344.575,74045.202,1708019.055,0.00176468299999
113.141624516,524.288,262144,2,74555.921,589344.575,74569.49,1708019.055,0.001772761
113.143367231,524.288,262144,2,75080.209,589344.575,75093.778,1708019.055,0.00174271500001
113.145140607,524.288,262144,2,75604.497,589344.575,75618.066,1708019.055,0.001773376
113.146916227,524.288,262144,2,76128.785,589344.575,76142.354,1708019.055,0.00177562
113.148690877,524.288,262144,2,76653.073,589344.575,76666.642,1708019.055,0.00177465
113.150437947,524.288,262144,2,77177.361,589344.575,77190.93,1708019.055,0.00174706999999
113.152345857,524.288,262144,2,77701.649,589344.575,77715.218,1708019.055,0.00190791
113.154122236,524.288,262144,2,78225.937,589344.575,78239.506,1708019.055,0.00177637900001
113.155743056,524.288,262144,2,78750.225,589344.575,78763.794,1708019.055,0.00162082
113.157503959,524.288,262144,2,79274.513,589344.575,79288.082,1708019.055,0.00176090299999
113.159411951,524.288,262144,2,79798.801,589344.575,79812.37,1708019.055,0.001907992
113.161185307,524.288,262144,2,80323.089,589344.575,80336.658,1708019.055,0.001773356
113.163240639,524.288,262144,2,80847.377,589344.575,80860.946,1708019.055,0.002055332
113.165005084,524.288,262144,2,81371.665,589344.575,81385.234,1708019.055,0.00176444500001
113.166762641,524.288,262144,2,81895.953,589344.575,81909.522,1708019.055,0.001757557
113.168825302,524.288,262144,2,82420.241,589344.575,82433.81,1708019.055,0.002062661
113.170598988,524.288,262144,2,82944.529,589344.575,82958.098,1708019.055,0.00177368599999
113.172501202,524.288,262144,2,83468.817,589344.575,83482.386,1708019.055,0.00190221400001
113.174417509,524.288,262144,2,83993.105,589344.575,84006.674,1708019.055,0.00191630699999
113.176333787,524.288,262144,2,84517.393,589344.575,84530.962,1708019.055,0.00191627800001
113.178105163,524.288,262144,2,85041.681,589344.575,85055.25,1708019.055,0.00177137599999
113.180019694,524.288,262144,2,85565.969,589344.575,85579.538,1708019.055,0.001914531
113.181926401,524.288,262144,2,86090.257,589344.575,86103.826,1708019.055,0.001906707
113.183821483,524.288,262144,2,86614.545,589344.575,86628.114,1708019.055,0.001895082
113.185747594,524.288,262144,2,87138.833,589344.575,87152.402,1708019.055,0.001926111
113.187516981,524.288,262144,2,87663.121,589344.575,87676.69,1708019.055,0.001769387
113.189426984,524.288,262144,2,88187.409,589344.575,88200.978,1708019.055,0.00191000299999
113.191333598,524.288,262144,2,88711.697,589344.575,88725.266,1708019.055,0.00190661400001
113.193385771,524.288,262144,2,89235.985,589344.575,89249.554,1708019.055,0.002052173
113.195451042,524.288,262144,2,89760.273,589344.575,89773.842,1708019.055,0.00206527100001
113.197507237,524.288,262144,2,90284.561,589344.575,90298.13,1708019.055,0.00205619499999
113.199409799,524.288,262144,2,90808.849,589344.575,90822.418,1708019.055,0.001902562
113.201333967,524.288,262144,2,91333.137,589344.575,91346.706,1708019.055,0.001924168
113.203243933,524.288,262144,2,91857.425,589344.575,91870.994,1708019.055,0.001909966
113.205167949,524.288,262144,2,92381.713,589344.575,92395.282,1708019.055,0.001924016
113.207211525,524.288,262144,2,92906.001,589344.575,92919.57,1708019.055,0.00204357600001
113.209117007,524.288,262144,2,93430.289,589344.575,93443.858,1708019.055,0.001905482
113.211042243,524.288,262144,2,93954.577,589344.575,93968.146,1708019.055,0.00192523599999
113.212956245,524.288,262144,2,94478.865,589344.575,94492.434,1708019.055,0.00191400200001
113.215021263,524.288,262144,2,95003.153,589344.575,95016.722,1708019.055,0.002065018
113.216775139,524.288,262144,2,95527.441,589344.575,95541.01,1708019.055,0.00175387600001
113.218837913,524.288,262144,2,96051.729,589344.575,96065.298,1708019.055,0.002062774
113.220750964,524.288,262144,2,96576.017,589344.575,96589.586,1708019.055,0.001913051
113.222642285,524.288,262144,2,97100.305,589344.575,97113.874,1708019.055,0.001891321
113.224549094,524.288,262144,2,97624.593,589344.575,97638.162,1708019.055,0.00190680899999
113.226473182,524.288,262144,2,98148.881,589344.575,98162.45,1708019.055,0.00192408800001
113.228383357,524.288,262144,2,98673.169,589344.575,98686.738,1708019.055,0.00191017499999
113.230310781,524.288,262144,2,99197.457,589344.575,99211.026,1708019.055,0.001927424
113.232353808,524.288,262144,2,99721.745,589344.575,99735.314,1708019.055,0.002043027
113.234123899,524.288,262144,2,100246.033,589344.575,100259.602,1708019.055,0.001770091
113.236187691,524.288,262144,2,100770.321,589344.575,100783.89,1708019.055,0.002063792
113.238084026,524.288,262144,2,101294.609,589344.575,101308.178,1708019.055,0.001896335
113.239867569,524.288,262144,2,101818.897,589344.575,101832.466,1708019.055,0.001783543
113.241759065,524.288,262144,2,102343.185,589344.575,102356.754,1708019.055,0.001891496
113.24397058,524.288,262144,2,102867.473,589344.575,102881.042,1708019.055,0.002211515
113.245899965,524.288,262144,2,103391.761,589344.575,103405.33,1708019.055,0.00192938500001
113.247657714,524.288,262144,2,103916.049,589344.575,103929.618,1708019.055,0.00175774899999
113.249859078,524.288,262144,2,104440.337,589344.575,104453.906,1708019.055,0.002201364
113.251930216,524.288,262144,2,104964.625,589344.575,104978.194,1708019.055,0.00207113800001
113.253832564,524.288,262144,2,105488.913,589344.575,105502.482,1708019.055,0.001902348
113.256041108,524.288,262144,2,106013.201,589344.575,106026.77,1708019.055,0.002208544
113.257953448,524.288,262144,2,106537.489,589344.575,106551.058,1708019.055,0.00191233999999
113.260007742,524.288,262144,2,107061.777,589344.575,107075.346,1708019.055,0.002054294
113.262077059,524.288,262144,2,107586.065,589344.575,107599.634,1708019.055,0.00206931700001
113.264179943,524.288,262144,2,108110.353,589344.575,108123.922,1708019.055,0.002102884
113.266178539,524.288,262144,2,108634.641,589344.575,108648.21,1708019.055,0.00199859599999
113.268105174,524.288,262144,2,109158.929,589344.575,109172.498,1708019.055,0.001926635
113.270158332,524.288,262144,2,109683.217,589344.575,109696.786,1708019.055,0.002053158
113.272213888,524.288,262144,2,110207.505,589344.575,110221.074,1708019.055,0.002055556
113.274141866,524.288,262144,2,110731.793,589344.575,110745.362,1708019.055,0.001927978
113.276189028,524.288,262144,2,111256.081,589344.575,111269.65,1708019.055,0.00204716200001
113.278241605,489.755,262144,2,111745.836,589344.575,111759.405,1708019.055,0.002052577
113.280283392,324.902,227611,2,112070.738,589344.575,112084.307,1708019.055,0.002041787
113.282332007,97.291,97291,2,112168.029,589352.767,112181.598,1708027.247,0.00204861499999
113.714982096,0.22,220,2,112168.249,589363.007,112181.818,1708037.487,0.432650089
114.127870427,0.189,189,2,112168.438,589364.031,112182.007,1708038.511,0.412888331
114.130952275,0.184,184,2,112168.622,589366.911,112182.191,1708041.391,0.00308184799999
114.216950929,0.189,189,2,112168.811,589376.639,112182.38,1708051.119,0.085998654
114.575809255,1.575,1575,2,112170.386,589376.639,112183.955,1708051.119,0.358858326
114.577973372,0.286,286,2,112170.672,591039.615,112184.241,1709714.095,0.00216411700001
114.601616804,0.189,189,2,112170.861,591051.903,112184.43,1709726.383,0.023643432
114.716186043,0.22,220,2,112171.081,591060.095,112184.65,1709734.575,0.114569239
114.984761643,2.339,2339,2,112173.42,591070.335,112186.989,1709744.815,0.2685756
114.989277562,1.575,1575,2,112174.995,591070.335,112188.564,1709744.815,0.004515919
115.571751802,2.339,2339,2,112177.334,591103.103,112190.903,1709777.583,0.58247424
115.575722719,1.575,1575,2,112178.909,591111.295,112192.478,1709785.775,0.003970917
115.717280955,0.22,220,2,112179.129,591119.487,112192.698,1709793.967,0.141558236
116.03132603,2.339,2339,2,112181.468,591144.063,112195.037,1709818.543,0.314045075
116.441279581,0.189,189,2,112181.657,591164.543,112195.226,1709839.023,0.409953551
116.718363458,0.22,220,2,112181.877,591187.071,112195.446,1709861.551,0.277083877
117.080080986,1.861,1575,2,112183.738,592055.423,112197.307,1710729.903,0.361717528
117.089093526,0.19,190,2,112183.928,592088.191,112197.497,1710762.671,0.00901254
117.216217553,0.286,286,2,112184.214,592104.575,112197.783,1712466.607,0.127124027
117.232488607,0.189,189,2,112184.403,592112.767,112197.972,1712474.799,0.016271054
117.544389052,2.62,2620,2,112187.023,592125.055,112200.592,1712487.087,0.311900445
117.549369289,1.575,1575,2,112188.598,592133.247,112202.167,1712495.279,0.004980237
117.719759734,0.22,220,2,112188.818,592141.439,112202.387,1712503.471,0.170390445
117.826502981,2.62,2620,2,112191.438,592206.975,112205.007,1712569.007,0.106743247
117.830702115,1.575,1575,2,112193.013,592206.975,112206.582,1712569.007,0.00419913399999
118.062423839,2.62,2620,2,112195.633,592206.975,112209.202,1712569.007,0.231721724
118.33920036,0.339,339,2,112195.972,592297.087,112209.541,1712659.119,0.276776521
118.490297191,0.189,189,2,112196.161,592309.375,112209.73,1712671.407,0.151096831
118.720773827,0.22,220,2,112196.381,592325.759,112209.95,1712689.247,0.230476636
119.721653878,0.22,220,2,112196.601,592335.999,112210.17,1712699.487,1.000880051
119.885303024,0.189,189,2,112196.79,592349.551,112210.359,1712713.039,0.163649146
120.337422582,1.575,1575,2,112198.365,592349.551,112211.934,1712713.039,0.452119558
120.33970268,0.286,286,2,112198.651,595059.055,112212.22,1715422.543,0.002280098
120.387948206,0.19,190,2,112198.841,595070.319,112212.41,1715433.807,0.048245526
120.722660133,0.22,220,2,112199.061,595078.511,112212.63,1715441.999,0.334711927
120.847863586,2.339,2339,2,112201.4,595095.919,112214.969,1715459.407,0.125203453
120.852148751,1.575,1575,2,112202.975,595095.919,112216.544,1715459.407,0.004285165
121.184684992,2.339,2339,2,112205.314,595116.399,112218.883,1715479.887,0.332536241
121.188098289,1.575,1575,2,112206.889,595116.399,112220.458,1715479.887,0.00341329699999
121.520031403,2.339,2339,2,112209.228,595124.591,112222.797,1715488.079,0.331933114
121.723697838,0.22,220,2,112209.448,595263.855,112223.017,1715627.343,0.203666435
121.733617013,0.19,190,2,112209.638,595362.159,112223.207,1715725.647,0.00991917499999
122.438216552,1.575,1575,2,112211.213,595362.159,112224.782,1715725.647,0.704599539
122.440876272,0.286,286,2,112211.499,596164.975,112225.068,1716528.463,0.00265972
122.450767263,0.19,190,2,112211.689,596177.263,112760.399,1716541.679,0.00989099100001
122.580256482,0.286,286,2,112211.975,596183.407,112760.685,1719775.471,0.129489219
122.463550772,535.141,257041,4,535.141,149570.672,112760.875,1719778.847,0
122.598430476,0.19,190,2,112212.165,596193.647,117380.815,1719787.039,0.134879704
122.72484429,0.22,220,2,112212.385,596201.839,117381.035,1719795.231,0.126413814
122.831726617,2.663,2663,2,112215.048,596212.079,117383.698,1719805.471,0.106882327
122.835292441,1.575,1575,2,112216.623,596212.079,117385.273,1719805.471,0.00356582400001
123.125779988,2.62,2620,2,112219.243,596244.847,117387.893,1719838.239,0.290487547
123.128890636,1.575,1575,2,112220.818,596244.847,117389.468,1719838.239,0.00311064799999
123.485582375,2.62,2620,2,112223.438,596253.039,117392.088,1719846.431,0.356691739
123.725909526,0.22,220,2,112223.658,596285.807,117392.308,1719879.199,0.240327151
123.75929469,1.575,1575,2,112225.233,596285.807,117393.883,1719879.199,0.033385164
123.761729575,0.286,286,2,112225.519,597825.903,117394.169,1721419.295,0.002434885
123.771567395,0.19,190,2,112225.709,597834.095,117394.359,1721427.487,0.00983782
124.014773953,0.114,114,2,112225.823,597838.191,117394.473,1722267.167,0.243206558
124.620450197,0.184,184,2,112226.007,597840.239,117394.657,1722269.215,0.605676244
124.623474227,1.775,1775,2,112227.782,597841.263,117396.432,1722270.239,0.00302403000001
124.62719612,786.432,262144,2,113014.214,597841.263,118182.864,1722270.239,0.00372189299999
124.633886523,524.288,262144,2,113538.502,597841.263,118707.152,1722270.239,0.00669040300001
124.639805116,524.288,262144,2,114062.79,597841.263,119231.44,1722270.239,0.005918593
124.64852531,524.288,262144,2,114587.078,597841.263,119755.728,1722270.239,0.00872019399999
124.650711711,524.288,262144,2,115111.366,597841.263,120280.016,1722270.239,0.002186401
124.652700366,786.432,262144,2,115897.798,597841.263,121066.448,1722270.239,0.00198865500001
124.654682676,786.432,262144,2,116684.23,597841.263,121852.88,1722270.239,0.00198230999999
124.656395716,524.288,262144,2,117208.518,597841.263,122377.168,1722270.239,0.00171304000001
124.657793936,524.288,262144,2,117732.806,597841.263,122901.456,1722270.239,0.00139822
124.659300075,524.288,262144,2,118257.094,597849.455,123425.744,1722278.431,0.001506139
124.72730051,0.22,220,2,118257.314,597857.647,123425.964,1722286.623,0.068000435
124.901689924,524.288,262144,2,118781.602,597858.671,123950.252,1722287.647,0.174389414
124.936832585,1048.576,262144,2,119830.178,597858.671,124998.828,1722287.647,0.035142661
124.938995629,1048.576,262144,2,120878.754,597859.663,126047.404,1722288.639,0.002163044
124.941100549,1048.766,262144,2,121927.52,597859.663,127096.17,1722288.639,0.00210491999999
124.944180302,524.288,262144,2,122451.808,597859.663,127620.458,1722288.639,0.00307975300001
124.945476013,524.288,262144,2,122976.096,597860.623,128144.746,1722289.599,0.001295711
124.946569286,524.288,262144,2,123500.384,597861.551,128669.034,1722290.527,0.001093273
124.947850429,524.288,262144,2,124024.672,597861.551,129193.322,1722290.527,0.001281143
124.948962598,524.288,262144,2,124548.96,597862.447,129717.61,1722291.423,0.001112169
124.950070618,524.478,190,2,125073.438,597862.447,130242.088,1722291.423,0.00110802
124.951349382,524.288,262144,2,125597.726,597863.311,130766.376,1722292.287,0.00127876400001
124.952648158,2359.296,262144,2,127957.022,597863.311,133125.672,1722292.287,0.001298776
124.957138557,1048.576,262144,2,129005.598,597863.311,134174.248,1722292.287,0.00449039899999
124.959419082,1048.576,262144,2,130054.174,597864.143,135222.824,1722293.119,0.002280525
124.961506132,524.288,262144,2,130578.462,597864.143,135747.112,1722293.119,0.00208705
124.962587772,524.288,262144,2,131102.75,597864.143,136271.4,1722293.119,0.00108164000001
124.963860513,1048.576,262144,2,132151.326,597864.143,137319.976,1722293.119,0.00127274099999
124.966067146,1048.576,262144,2,133199.902,597864.143,138368.552,1722293.119,0.002206633
124.968088481,524.288,262144,2,133724.19,597864.143,138892.84,1722293.119,0.00202133499999
124.969206093,524.288,262144,2,134248.478,597864.143,139417.128,1722293.119,0.001117612
124.970508884,1048.576,262144,2,135297.054,597864.143,140465.704,1722293.119,0.001302791
124.972604941,524.288,262144,2,135821.342,597864.143,140989.992,1722293.119,0.002096057
124.973747634,524.288,262144,2,136345.63,597864.143,141514.28,1722293.119,0.00114269300001
124.974858122,1048.576,262144,2,137394.206,597864.143,142562.856,1722293.119,0.00111048799999
124.97700867,1048.576,262144,2,138442.782,597864.143,143611.432,1722293.119,0.002150548
124.979064832,1048.576,262144,2,139491.358,597864.143,144660.008,1722293.119,0.002056162
124.981261357,1048.576,262144,2,140539.934,597864.143,145708.584,1722293.119,0.00219652499999
124.983454366,1048.576,262144,2,141588.51,597864.143,146757.16,1722293.119,0.00219300900001
124.985682669,1048.576,262144,2,142637.086,597864.143,147805.736,1722293.119,0.002228303
124.98788585,524.288,262144,2,143161.374,597864.143,148330.024,1722293.119,0.002203181
124.989043612,1048.576,262144,2,144209.95,597864.143,149378.6,1722293.119,0.00115776200001
124.991263215,1048.576,262144,2,145258.526,597864.143,150427.176,1722293.119,0.002219603
124.993473284,1048.576,262144,2,146307.102,597864.143,151475.752,1722293.119,0.002210069
124.995674289,1048.576,262144,2,147355.678,597864.143,152524.328,1722293.119,0.00220100499999
124.997889768,1048.576,262144,2,148404.254,597864.143,153572.904,1722293.119,0.002215479
125.000085234,1048.576,262144,2,149452.83,597864.143,154621.48,1722293.119,0.002195466
125.002293773,1048.576,262144,2,150501.406,597864.143,155670.056,1722293.119,0.00220853900001
125.00451333,1048.576,262144,2,151549.982,597864.143,156718.632,1722293.119,0.00221955699999
125.006723204,524.288,262144,2,152074.27,597864.143,157242.92,1722293.119,0.002209874
125.007884564,1048.576,262144,2,153122.846,597864.143,158291.496,1722293.119,0.00116136
125.010096002,1048.576,262144,2,154171.422,597864.143,159340.072,1722293.119,0.002211438
125.012310027,1048.576,262144,2,155219.998,597864.143,160388.648,1722293.119,0.002214025
125.014510485,1048.576,262144,2,156268.574,597864.143,161437.224,1722293.119,0.002200458
125.016727595,1048.576,262144,2,157317.15,597864.143,162485.8,1722293.119,0.00221711
125.018933215,1048.576,262144,2,158365.726,597864.143,163534.376,1722293.119,0.00220562
125.021131035,1048.576,262144,2,159414.302,597864.143,164582.952,1722293.119,0.00219781999999
125.023343904,1048.576,262144,2,160462.878,597864.143,165631.528,1722293.119,0.002212869
125.025542742,524.288,262144,2,160987.166,597864.143,166155.816,1722293.119,0.002198838
125.026709435,1048.576,262144,2,162035.742,597864.143,167204.392,1722293.119,0.001166693
125.028925004,1048.576,262144,2,163084.318,597864.143,168252.968,1722293.119,0.002215569
125.031129673,1048.576,262144,2,164132.894,597864.143,169301.544,1722293.119,0.00220466899999
125.033337498,1048.576,262144,2,165181.47,597864.143,170350.12,1722293.119,0.002207825
125.035545271,1048.576,262144,2,166230.046,597864.143,171398.696,1722293.119,0.00220777300001
125.037757452,1048.576,262144,2,167278.622,597864.143,172447.272,1722293.119,0.00221218099999
125.039955392,1048.576,262144,2,168327.198,597864.143,173495.848,1722293.119,0.00219794
125.042170248,524.288,262144,2,168851.486,597864.143,174020.136,1722293.119,0.00221485600001
125.043338743,1048.576,262144,2,169900.062,597864.143,175068.712,1722293.119,0.001168495
125.045539746,1048.576,262144,2,170948.638,597864.143,176117.288,1722293.119,0.002201003
125.047750685,1048.576,262144,2,171997.214,597864.143,177165.864,1722293.119,0.00221093899999
125.049958853,1048.576,262144,2,173045.79,597864.143,178214.44,1722293.119,0.00220816800001
125.052162431,1048.576,262144,2,174094.366,597864.143,179263.016,1722293.119,0.00220357799999
125.054373724,1048.576,262144,2,175142.942,597864.143,180311.592,1722293.119,0.002211293
125.056573191,1048.576,262144,2,176191.518,597864.143,181360.168,1722293.119,0.002199467
125.05877595,1048.576,262144,2,177240.094,597864.143,182408.744,1722293.119,0.002202759
125.06099406,1048.576,262144,2,178288.67,597864.143,183457.32,1722293.119,0.00221811
125.063201999,524.288,262144,2,178812.958,597864.143,183981.608,1722293.119,0.002207939
125.064361446,1048.576,262144,2,179861.534,597864.143,185030.184,1722293.119,0.00115944700001
125.06657914,1048.576,262144,2,180910.11,597864.143,186078.76,1722293.119,0.002217694
125.068781368,1048.576,262144,2,181958.686,597864.143,187127.336,1722293.119,0.002202228
125.070986834,1048.576,262144,2,183007.262,597864.143,188175.912,1722293.119,0.00220546599999
125.073194819,1048.576,262144,2,184055.838,597864.143,189224.488,1722293.119,0.002207985
125.075400401,1048.576,262144,2,185104.414,597864.143,190273.064,1722293.119,0.002205582
125.07760032,1048.576,262144,2,186152.99,597864.143,191321.64,1722293.119,0.00219991900001
125.079816505,1048.576,262144,2,187201.566,597864.143,192370.216,1722293.119,0.00221618499999
125.082020113,524.288,262144,2,187725.854,597864.143,192894.504,1722293.119,0.002203608
125.083181406,1048.576,262144,2,188774.43,597864.143,193943.08,1722293.119,0.001161293
125.085400913,1048.576,262144,2,189823.006,597864.143,194991.656,1722293.119,0.00221950700001
125.087604919,1048.576,262144,2,190871.582,597864.143,196040.232,1722293.119,0.002204006
125.089800676,1048.576,262144,2,191920.158,597864.143,197088.808,1722293.119,0.002195757
125.092022014,1048.576,262144,2,192968.734,597864.143,198137.384,1722293.119,0.002221338
125.094218129,1048.576,262144,2,194017.31,597864.143,199185.96,1722293.119,0.002196115
125.096420592,1048.576,262144,2,195065.886,597864.143,200234.536,1722293.119,0.002202463
125.098639962,1048.576,262144,2,196114.462,597864.143,201283.112,1722293.119,0.00221936999999
125.10084444,524.288,262144,2,196638.75,597864.143,201807.4,1722293.119,0.00220447800001
125.102010768,1048.576,262144,2,197687.326,597864.143,202855.976,1722293.119,0.001166328
125.104230399,1048.576,262144,2,198735.902,597864.143,203904.552,1722293.119,0.002219631
125.106432555,1048.576,262144,2,199784.478,597864.143,204953.128,1722293.119,0.002202156
125.108632902,1048.576,262144,2,200833.054,597864.143,206001.704,1722293.119,0.002200347
125.110848474,1048.576,262144,2,201881.63,597864.143,207050.28,1722293.119,0.002215572
125.113036801,1048.576,262144,2,202930.206,597864.143,208098.856,1722293.119,0.00218832700001
125.115253854,1048.576,262144,2,203978.782,597864.143,209147.432,1722293.119,0.002217053
125.117479483,1048.576,262144,2,205027.358,597864.143,210196.008,1722293.119,0.00222562899999
125.119668148,524.288,262144,2,205551.646,597864.143,210720.296,1722293.119,0.00218866500001
125.120840851,1048.576,262144,2,206600.222,597864.143,211768.872,1722293.119,0.00117270299999
125.123048117,1048.576,262144,2,207648.798,597864.143,212817.448,1722293.119,0.002207266
125.125257307,1048.576,262144,2,208697.374,597864.143,213866.024,1722293.119,0.00220919
125.127454937,1048.576,262144,2,209745.95,597864.143,214914.6,1722293.119,0.00219763
125.12967046,1048.576,262144,2,210794.526,597864.143,215963.176,1722293.119,0.002215523
125.131876984,1048.576,262144,2,211843.102,597864.143,217011.752,1722293.119,0.002206524
125.134079579,1048.576,262144,2,212891.678,597864.143,218060.328,1722293.119,0.002202595
125.136280039,1048.576,262144,2,213940.254,597864.143,219108.904,1722293.119,0.00220046
125.138496021,1048.576,262144,2,214988.83,597864.143,220157.48,1722293.119,0.002215982
125.140693745,524.288,262144,2,215513.118,597864.143,220681.768,1722293.119,0.002197724
125.141878536,1048.576,262144,2,216561.694,597864.143,221730.344,1722293.119,0.001184791
125.144080129,1048.576,262144,2,217610.27,597864.143,222778.92,1722293.119,0.00220159300001
125.146283646,1048.576,262144,2,218658.846,597864.143,223827.496,1722293.119,0.002203517
125.148493128,1029.928,262144,2,219688.774,597864.143,224857.424,1722293.119,0.002209482
125.15069656,469.848,243496,2,220158.622,597864.943,225327.272,1722293.919,0.002203432
125.218561925,0.184,184,2,220158.806,597866.447,225327.456,1722295.423,0.067865365
125.230249821,0.19,190,2,220158.996,597876.063,225327.646,1722305.039,0.011687896
125.684224967,1.575,1575,2,220160.571,597876.063,225329.221,1722305.039,0.453975146
125.685968427,0.286,286,2,220160.857,602013.951,225329.507,1726442.927,0.00174346
125.728476152,0.22,220,2,220161.077,602054.911,225329.727,1726483.887,0.042507725
125.735799311,0.19,190,2,220161.267,602055.807,225329.917,1726484.783,0.00732315899999
126.048184964,2.339,2339,2,220163.606,602064.639,225332.256,1726493.615,0.312385653
126.051784791,1.575,1575,2,220165.181,602064.639,225333.831,1726493.615,0.003599827
126.330343122,2.382,2382,2,220167.563,602081.023,225336.213,1726509.999,0.278558331
126.333819172,1.575,1575,2,220169.138,602081.023,225337.788,1726509.999,0.00347605
126.673673747,2.382,2382,2,220171.52,602089.215,225340.17,1726518.191,0.339854575
126.732357529,0.22,220,2,220171.74,602228.479,225340.39,1726657.455,0.058683782
127.483024042,0.19,190,2,220171.93,602302.207,225340.58,1726731.183,0.750666513
127.733362782,0.22,220,2,220172.15,602343.167,225340.8,1726772.143,0.25033874
127.743487027,1.575,1575,2,220173.725,602343.167,225342.375,1726772.143,0.010124245
127.745030785,0.286,286,2,220174.011,603358.975,225342.661,1727787.951,0.001543758
127.752015721,0.19,190,2,220174.201,603375.359,225342.851,1727804.335,0.00698493600001
127.869354199,0.286,286,2,220174.487,607479.551,225343.137,1731908.527,0.117338478
104.41704041,2.358,2358,3,2.358,158507.424,225343.327,1731913.583,0
127.907994389,7602.176,262144,3,7604.534,158507.424,232945.503,1731913.583,23.490953979
127.904878761,0.19,190,2,220174.677,607483.647,234885.071,1731913.583,0
128.340277857,2.513,2513,2,220177.19,607485.695,234887.584,1731915.631,0.435399096
128.39386763,2.62,2620,2,220179.81,607502.591,234890.204,1731932.527,0.053589773
128.397433663,1.575,1575,2,220181.385,607502.591,234891.779,1731932.527,0.003566033
128.727882655,2.62,2620,2,220184.005,607523.071,234894.399,1731953.007,0.330448992
128.73145857,1.575,1575,2,220185.58,607531.263,234895.974,1731961.199,0.003575915
128.734514688,0.22,220,2,220185.8,607539.455,234896.194,1731969.391,0.00305611799999
129.259184338,2.62,2620,2,220188.42,607670.527,234898.814,1732100.463,0.52466965
129.568261711,1.575,1575,2,220189.995,607670.527,234900.389,1732100.463,0.309077373
129.570387664,0.286,286,2,220190.281,609194.239,234900.675,1733624.175,0.00212595300002
129.578894993,0.19,190,2,220190.471,609235.199,234900.865,1733665.135,0.008507329
129.7356426,0.22,220,2,220190.691,609243.391,234901.085,1733673.327,0.156747607
129.775094886,0.114,114,2,220190.805,609259.775,234901.199,1734410.607,0.039452286
130.34243376,0.184,184,2,220190.989,609267.967,234901.383,1734418.799,0.567338874
130.347126898,1.775,1775,2,220192.764,609268.959,234903.158,1734419.791,0.00469313799999
130.35025733,1572.864,262144,2,221765.628,609268.959,236476.022,1734419.791,0.00313043200001
130.359762308,524.288,262144,2,222289.916,609268.959,237000.31,1734419.791,0.009504978
130.366526729,524.288,262144,2,222814.204,609268.959,237524.598,1734419.791,0.00676442099999
130.36947882,786.432,262144,2,223600.636,609268.959,238311.03,1734419.791,0.00295209100003
130.37253957,524.288,262144,2,224124.924,609268.959,238835.318,1734419.791,0.00306074999997
130.374829847,524.288,262144,2,224649.212,609268.959,239359.606,1734419.791,0.00229027700001
130.377124241,786.432,262144,2,225435.644,609268.959,240146.038,1734419.791,0.00229439399999
130.380077297,524.288,262144,2,225959.932,609268.959,240670.326,1734419.791,0.00295305600002
130.382353628,786.432,262144,2,226746.364,609268.959,241456.758,1734419.791,0.00227633099999
130.385268988,524.288,262144,2,227270.652,609268.959,241981.046,1734419.791,0.00291536
130.387468721,786.432,262144,2,228057.084,609268.959,242767.478,1734419.791,0.002199733
130.390412505,524.288,262144,2,228581.372,609268.959,243291.766,1734419.791,0.002943784
130.392491983,786.432,262144,2,229367.804,609268.959,244078.198,1734419.791,0.00207947800001
130.395009832,524.288,262144,2,229892.092,609268.959,244602.486,1734419.791,0.00251784899999
130.397566352,524.288,262144,2,230416.38,609268.959,245126.774,1734419.791,0.00255652000001
130.399826769,524.288,262144,2,230940.668,609268.959,245651.062,1734419.791,0.00226041699997
130.402301464,524.288,262144,2,231464.956,609268.959,246175.35,1734419.791,0.00247469500002
130.404747299,524.288,262144,2,231989.244,609268.959,246699.638,1734419.791,0.002445835
130.407121801,524.288,262144,2,232513.532,609268.959,247223.926,1734419.791,0.00237450199998
130.409649797,524.288,262144,2,233037.82,609268.959,247748.214,1734419.791,0.002527996
130.41189892,524.288,262144,2,233562.108,609268.959,248272.502,1734419.791,0.00224912300001
130.414594426,524.288,262144,2,234086.396,609268.959,248796.79,1734419.791,0.00269550600001
130.41714098,524.288,262144,2,234610.684,609268.959,249321.078,1734419.791,0.00254655399999
130.419415845,524.288,262144,2,235134.972,609268.959,249845.366,1734419.791,0.002274865
130.421983254,524.288,262144,2,235659.26,609268.959,250369.654,1734419.791,0.00256740899999
130.42450408,524.288,262144,2,236183.548,609268.959,250893.942,1734419.791,0.00252082599999
130.426929614,524.288,262144,2,236707.836,609268.959,251418.23,1734419.791,0.002425534
130.42919106,524.288,262144,2,237232.124,609268.959,251942.518,1734419.791,0.00226144600001
130.431690509,524.288,262144,2,237756.412,609268.959,252466.806,1734419.791,0.002499449
130.43393946,524.288,262144,2,238280.7,609268.959,252991.094,1734419.791,0.00224895100001
130.436345939,524.288,262144,2,238804.988,609268.959,253515.382,1734419.791,0.002406479
130.438672987,524.288,262144,2,239329.276,609268.959,254039.67,1734419.791,0.00232704799998
130.441055565,524.288,262144,2,239853.564,609268.959,254563.958,1734419.791,0.00238257800001
130.443449159,524.288,262144,2,240377.852,609268.959,255088.246,1734419.791,0.00239359400001
130.445689341,524.288,262144,2,240902.14,609268.959,255612.534,1734419.791,0.00224018199998
130.447881475,524.288,262144,2,241426.428,609268.959,256136.822,1734419.791,0.00219213400001
130.450245998,524.288,262144,2,241950.716,609268.959,256661.11,1734419.791,0.00236452300001
130.452112614,524.288,262144,2,242475.004,609268.959,257185.398,1734419.791,0.00186661599997
130.453334524,1048.576,262144,2,243523.58,609268.959,258233.974,1734419.791,0.00122191000003
130.455554898,1572.864,262144,2,245096.444,609268.959,259806.838,1734419.791,0.00222037399999
130.458801007,1572.864,262144,2,246669.308,609268.959,261379.702,1734419.791,0.003246109
130.462095296,1048.576,262144,2,247717.884,609268.959,262428.278,1734419.791,0.003294289
130.464306557,1048.576,262144,2,248766.46,609268.959,263476.854,1734419.791,0.00221126099999
130.466507759,1048.576,262144,2,249815.036,609268.959,264525.43,1734419.791,0.00220120200001
130.468702469,524.288,262144,2,250339.324,609268.959,265049.718,1734419.791,0.00219471
130.469877345,1048.576,262144,2,251387.9,609268.959,266098.294,1734419.791,0.00117487599999
130.472087032,1048.576,262144,2,252436.476,609268.959,267146.87,1734419.791,0.002209687
130.474300203,1048.576,262144,2,253485.052,609268.959,268195.446,1734419.791,0.00221317100002
130.476512679,1048.576,262144,2,254533.628,609268.959,269244.022,1734419.791,0.00221247599998
130.478714426,1048.576,262144,2,255582.204,609268.959,270292.598,1734419.791,0.00220174700002
130.480917116,1048.576,262144,2,256630.78,609268.959,271341.174,1734419.791,0.00220268999999
130.483119317,1048.576,262144,2,257679.356,609268.959,272389.75,1734419.791,0.00220220099999
130.485330335,1048.576,262144,2,258727.932,609268.959,273438.326,1734419.791,0.002211018
130.487535018,524.288,262144,2,259252.22,609268.959,273962.614,1734419.791,0.002204683
130.488708651,1048.576,262144,2,260300.796,609268.959,275011.19,1734419.791,0.00117363300001
130.490918963,1048.576,262144,2,261349.372,609268.959,276059.766,1734419.791,0.00221031200002
130.493127068,1048.576,262144,2,262397.948,609268.959,277108.342,1734419.791,0.00220810499999
130.495337154,1048.576,262144,2,263446.524,609268.959,278156.918,1734419.791,0.00221008599999
130.49753037,1048.576,262144,2,264495.1,609268.959,279205.494,1734419.791,0.00219321599999
130.499734774,1048.576,262144,2,265543.676,609268.959,280254.07,1734419.791,0.002204404
130.501949689,1048.576,262144,2,266592.252,609268.959,281302.646,1734419.791,0.00221491500002
130.504159415,1048.576,262144,2,267640.828,609268.959,282351.222,1734419.791,0.00220972599999
130.506354325,524.288,262144,2,268165.116,609268.959,282875.51,1734419.791,0.00219490999999
130.507534454,1048.576,262144,2,269213.692,609268.959,283924.086,1734419.791,0.00118012900001
130.509748953,1048.576,262144,2,270262.268,609268.959,284972.662,1734419.791,0.00221449900002
130.511949916,1048.576,262144,2,271310.844,609268.959,286021.238,1734419.791,0.00220096299998
130.514159957,1048.576,262144,2,272359.42,609268.959,287069.814,1734419.791,0.00221004100001
130.516361645,1048.576,262144,2,273407.996,609268.959,288118.39,1734419.791,0.00220168799999
130.51856177,1048.576,262144,2,274456.572,609268.959,289166.966,1734419.791,0.002200125
130.520772772,1048.576,262144,2,275505.148,609268.959,290215.542,1734419.791,0.002211002
130.522977118,1048.576,262144,2,276553.724,609268.959,291264.118,1734419.791,0.00220434600001
130.525176759,524.288,262144,2,277078.012,609268.959,291788.406,1734419.791,0.002199641
130.526364061,1048.576,262144,2,278126.588,609268.959,292836.982,1734419.791,0.00118730200001
130.528567549,1048.576,262144,2,279175.164,609268.959,293885.558,1734419.791,0.00220348799999
130.530769818,1048.576,262144,2,280223.74,609268.959,294934.134,1734419.791,0.00220226900001
130.532978402,1048.576,262144,2,281272.316,609268.959,295982.71,1734419.791,0.00220858399999
130.535193698,1048.576,262144,2,282320.892,609268.959,297031.286,1734419.791,0.002215296
130.53739075,1048.576,262144,2,283369.468,609268.959,298079.862,1734419.791,0.00219705199999
130.539611368,1048.576,262144,2,284418.044,609268.959,299128.438,1734419.791,0.00222061800002
130.541813786,1048.576,262144,2,285466.62,609268.959,300177.014,1734419.791,0.002202418
130.544016947,524.288,262144,2,285990.908,609268.959,300701.302,1734419.791,0.00220316099998
130.545189645,1048.576,262144,2,287039.484,609268.959,301749.878,1734419.791,0.001172698
130.54739729,1048.576,262144,2,288088.06,609268.959,302798.454,1734419.791,0.002207645
130.549594922,1048.576,262144,2,289136.636,609268.959,303847.03,1734419.791,0.00219763200002
130.551813512,1048.576,262144,2,290185.212,609268.959,304895.606,1734419.791,0.00221858999998
130.554015664,1048.576,262144,2,291233.788,609268.959,305944.182,1734419.791,0.002202152
130.556211605,1048.576,262144,2,292282.364,609268.959,306992.758,1734419.791,0.002195941
130.558436899,1048.576,262144,2,293330.94,609268.959,308041.334,1734419.791,0.002225294
130.56063674,1048.576,262144,2,294379.516,609268.959,309089.91,1734419.791,0.00219984100002
130.562836993,524.288,262144,2,294903.804,609268.959,309614.198,1734419.791,0.00220025299998
130.56401142,1048.576,262144,2,295952.38,609268.959,310662.774,1734419.791,0.00117442700002
130.566217901,1048.576,262144,2,297000.956,609268.959,311711.35,1734419.791,0.00220648099997
130.568420447,1048.576,262144,2,298049.532,609268.959,312759.926,1734419.791,0.00220254600001
130.570635628,1048.576,262144,2,299098.108,609268.959,313808.502,1734419.791,0.002215181
130.572835114,1048.576,262144,2,300146.684,609268.959,314857.078,1734419.791,0.00219948599999
130.575039973,1048.576,262144,2,301195.26,609268.959,315905.654,1734419.791,0.00220485900002
130.577240259,1048.576,262144,2,302243.836,609268.959,316954.23,1734419.791,0.002200286
130.579474302,1048.576,262144,2,303292.412,609268.959,318002.806,1734419.791,0.00223404299999
130.581657089,524.288,262144,2,303816.7,609268.959,318527.094,1734419.791,0.00218278700001
130.582844906,1048.576,262144,2,304865.276,609268.959,319575.67,1734419.791,0.00118781699999
130.585042444,1048.576,262144,2,305913.852,609268.959,320624.246,1734419.791,0.00219753800002
130.587232623,1048.576,262144,2,306962.428,609268.959,321672.822,1734419.791,0.002190179
130.589464598,1048.576,262144,2,308011.004,609268.959,322721.398,1734419.791,0.002231975
130.591662933,1048.576,262144,2,309059.58,609268.959,323769.974,1734419.791,0.002198335
130.593866573,1048.576,262144,2,310108.156,609268.959,324818.55,1734419.791,0.00220364
130.596071971,1048.576,262144,2,311156.732,609268.959,325867.126,1734419.791,0.00220539799997
130.598284312,1048.576,262144,2,312205.308,609268.959,326915.702,1734419.791,0.00221234100002
130.600486881,524.288,262144,2,312729.596,609268.959,327439.99,1734419.791,0.00220256899999
130.601664354,1048.576,262144,2,313778.172,609268.959,328488.566,1734419.791,0.00117747300001
130.603869192,1048.576,262144,2,314826.748,609268.959,329537.142,1734419.791,0.00220483799998
130.606074731,1048.576,262144,2,315875.324,609268.959,330585.718,1734419.791,0.00220553900002
130.608280266,1048.576,262144,2,316923.9,609268.959,331634.294,1734419.791,0.002205535
130.610489137,1048.576,262144,2,317972.476,609268.959,332682.87,1734419.791,0.00220887099999
130.612691949,1048.576,262144,2,319021.052,609268.959,333731.446,1734419.791,0.00220281200001
130.614900773,1048.576,262144,2,320069.628,609268.959,334780.022,1734419.791,0.00220882399998
130.617102818,1048.576,262144,2,321118.204,609268.959,335828.598,1734419.791,0.00220204500002
130.619313084,524.288,262144,2,321642.492,609268.959,336352.886,1734419.791,0.00221026599999
130.620501502,1048.576,262144,2,322691.068,609268.959,337401.462,1734419.791,0.001188418
130.622694448,1048.576,262144,2,323739.644,609268.959,338450.038,1734419.791,0.00219294600001
130.624897952,1048.576,262144,2,324788.22,609268.959,339498.614,1734419.791,0.00220350399999
130.627096294,1048.576,262144,2,325836.796,609268.959,340547.19,1734419.791,0.00219834200001
130.629312968,958.976,262144,2,326795.772,609268.959,341506.166,1734419.791,0.00221667399998
130.631496983,256.992,172544,2,327052.764,609273.055,341763.158,1734423.887,0.00218401500001
130.711140912,0.184,184,2,327052.948,609276.127,341763.342,1734426.959,0.079643929
130.722941484,0.19,190,2,327053.138,609285.311,341763.532,1734436.143,0.011800572
130.738840791,0.22,220,2,327053.358,609303.711,341763.752,1734454.543,0.015899307
131.224436377,1.575,1575,2,327054.933,609303.711,341765.327,1734454.543,0.485595586
131.227096834,0.286,286,2,327055.219,614075.551,341765.613,1739226.383,0.00266045700002
131.310917622,0.19,190,2,327055.409,614077.599,341765.803,1739228.431,0.083820788
131.678989826,2.339,2339,2,327057.748,614094.495,341768.142,1739245.327,0.368072204
131.682591075,1.575,1575,2,327059.323,614102.687,341769.717,1739253.519,0.00360124900001
131.740462134,0.221,221,2,327059.544,614110.879,341769.938,1739261.711,0.057871059
131.998958272,2.339,2339,2,327061.883,614131.359,341772.277,1739282.191,0.258496138
132.002158759,1.575,1575,2,327063.458,614131.359,341773.852,1739282.191,0.00320048699999
132.27381064,2.339,2339,2,327065.797,614139.551,341776.191,1739290.383,0.271651881
132.741471678,0.221,221,2,327066.018,614278.815,341776.412,1739429.647,0.467661038
133.137649155,0.19,190,2,327066.208,614385.311,341776.602,1739536.143,0.396177477
133.145568638,0.19,190,2,327066.398,614403.743,341776.792,1739554.575,0.00791948299999
133.152246233,0.19,190,2,327066.588,614424.223,341776.982,1739575.055,0.00667759500001
133.533357879,1.575,1575,2,327068.163,614424.223,341778.557,1739575.055,0.381111646
133.534779021,0.286,286,2,327068.449,615288.479,341778.843,1740439.311,0.001421142
133.541216197,0.19,190,2,327068.639,615294.623,341779.033,1740445.455,0.00643717600002
133.659711234,0.286,286,2,327068.925,621277.855,341779.319,1746428.687,0.118495037
133.716468509,0.19,190,2,327069.115,621287.583,341779.509,1746438.415,0.056757275
133.742547043,0.221,221,2,327069.336,621295.775,341779.73,1746446.607,0.026078534
134.016544673,2.62,2620,2,327071.956,621308.319,341782.35,1746459.151,0.27399763
134.0213096,1.575,1575,2,327073.531,621308.319,341783.925,1746459.151,0.004764927
134.255629777,2.62,2620,2,327076.151,621322.655,341786.545,1746473.487,0.234320177
134.25864684,1.575,1575,2,327077.726,621322.655,341788.12,1746473.487,0.00301706300002
134.517502226,2.62,2620,2,327080.346,621330.847,341790.74,1746481.679,0.258855386
134.746081956,0.221,221,2,327080.567,621347.231,341790.961,1746499.727,0.22857973
135.746981384,0.221,221,2,327080.788,621420.959,341791.182,1746573.455,1.000899428
136.052159774,0.19,190,2,327080.978,621478.303,341791.372,1746630.799,0.30517839
136.568965211,1.575,1575,2,327082.553,621478.303,341792.947,1746630.799,0.516805437
136.571261807,0.286,286,2,327082.839,626917.791,341793.233,1752070.287,0.00229659600001
136.638546016,0.19,190,2,327083.029,626991.519,341793.423,1752144.015,0.067284209
136.748356717,0.221,221,2,327083.25,626999.711,341793.644,1752152.207,0.109810701
137.012499013,2.339,2339,2,327085.589,627032.479,341795.983,1752184.975,0.264142296
137.015604072,1.575,1575,2,327087.164,627032.479,341797.558,1752184.975,0.00310505900001
137.308730412,2.339,2339,2,327089.503,627065.247,341799.897,1752217.743,0.29312634
137.31209535,1.575,1575,2,327091.078,627065.247,341801.472,1752217.743,0.003364938
137.608291006,2.339,2339,2,327093.417,627073.439,341803.811,1752225.935,0.296195656
137.749387418,0.221,221,2,327093.638,627212.703,341804.032,1752365.199,0.141096412
138.05979247,0.19,190,2,327093.828,627327.391,341804.222,1752479.887,0.310405052
138.068424702,0.19,190,2,327094.018,627339.679,341804.412,1752492.175,0.008632232
138.339013098,0.339,339,2,327094.357,627358.623,341804.751,1752511.119,0.270588396
138.55058056,1.575,1575,2,327095.932,627358.623,341806.326,1752511.119,0.211567462
138.55207617,0.286,286,2,327096.218,627370.911,341806.612,1753424.527,0.00149561000001
138.563009727,0.19,190,2,327096.408,627377.055,341806.802,1753430.671,0.010933557
138.677002079,0.286,286,2,327096.694,632999.839,341807.088,1759053.455,0.113992352
138.767719902,0.19,190,2,327096.884,633000.863,341807.278,1759054.479,0.090717823
139.02341409,2.62,2620,2,327099.504,633017.759,341809.898,1759071.375,0.255694188
139.027714269,1.575,1575,2,327101.079,633017.759,341811.473,1759071.375,0.00430017900001
139.26081284,2.62,2620,2,327103.699,633038.239,341814.093,1759091.855,0.233098571
139.26360795,1.575,1575,2,327105.274,633038.239,341815.668,1759091.855,0.00279510999999
139.474041329,2.62,2620,2,327107.894,633169.311,341818.288,1759222.927,0.210433379
139.717824387,1.575,1575,2,327109.469,633169.311,341819.863,1759222.927,0.243783058
139.71924704,0.286,286,2,327109.755,634283.423,341820.149,1760337.039,0.00142265299999
139.729134821,0.19,190,2,327109.945,634316.191,341820.339,1760369.807,0.009887781
139.892695462,0.114,114,2,327110.059,634332.575,341820.453,1761303.695,0.163560641
140.69090273,0.185,185,2,327110.244,634340.767,341820.638,1761311.887,0.798207268
140.693122266,1.775,1775,2,327112.019,634342.191,341822.413,1761313.311,0.00221953599998
140.695310474,786.432,262144,2,327898.451,634342.191,342608.845,1761313.311,0.00218820800001
140.696517882,524.288,262144,2,328422.739,634342.191,343133.133,1761313.311,0.001207408
140.69771334,1048.576,262144,2,329471.315,634342.191,344181.709,1761313.311,0.00119545800001
140.699916499,1048.576,262144,2,330519.891,634342.191,345230.285,1761313.311,0.002203159
140.702049512,2359.296,262144,2,332879.187,634342.191,347589.581,1761313.311,0.00213301299999
140.706546916,786.432,262144,2,333665.619,634342.191,348376.013,1761313.311,0.00449740400001
140.708014075,524.288,262144,2,334189.907,634342.191,348900.301,1761313.311,0.00146715899999
140.709647825,524.288,262144,2,334714.195,634342.191,349424.589,1761313.311,0.00163375
140.711100527,524.288,262144,2,335238.483,634342.191,349948.877,1761313.311,0.00145270200002
140.712579063,524.288,262144,2,335762.771,634342.191,350473.165,1761313.311,0.00147853599998
140.714040769,524.288,262144,2,336287.059,634342.191,350997.453,1761313.311,0.00146170600001
140.715665371,786.432,262144,2,337073.491,634342.191,351783.885,1761313.311,0.00162460199999
140.71757396,786.432,262144,2,337859.923,634342.191,352570.317,1761313.311,0.00190858900001
140.719627374,524.288,262144,2,338384.211,634342.191,353094.605,1761313.311,0.00205341399999
140.721692968,524.288,262144,2,338908.499,634342.191,353618.893,1761313.311,0.00206559400002
140.723600014,524.288,262144,2,339432.787,634342.191,354143.181,1761313.311,0.00190704599999
140.725657038,524.288,262144,2,339957.075,634342.191,354667.469,1761313.311,0.00205702400001
140.727721386,786.432,262144,2,340743.507,634342.191,355453.901,1761313.311,0.002064348
140.730220403,786.432,262144,2,341529.939,634342.191,356240.333,1761313.311,0.00249901699999
140.732719042,786.432,262144,2,342316.371,634342.191,357026.765,1761313.311,0.00249863900001
140.735208847,786.432,262144,2,343102.803,634342.191,357813.197,1761313.311,0.00248980499998
140.737727751,786.432,262144,2,343889.235,634342.191,358599.629,1761313.311,0.002518904
140.740366268,786.432,262144,2,344675.667,634342.191,359386.061,1761313.311,0.00263851700001
140.74316165,786.432,262144,2,345462.099,634342.191,360172.493,1761313.311,0.00279538199999
140.746399156,786.432,262144,2,346248.531,634342.191,360958.925,1761313.311,0.003237506
140.749782561,786.432,262144,2,347034.963,634342.191,361745.357,1761313.311,0.00338340499999
140.75302048,786.432,262144,2,347821.395,634342.191,362531.789,1761313.311,0.00323791900001
140.756401058,786.432,262144,2,348607.827,634342.191,363318.221,1761313.311,0.00338057799999
140.759644028,786.432,262144,2,349394.259,634342.191,364104.653,1761313.311,0.00324297
140.763023842,786.432,262144,2,350180.691,634342.191,364891.085,1761313.311,0.003379814
140.766266072,786.432,262144,2,350967.123,634342.191,365677.517,1761313.311,0.00324223000001
140.769635868,786.432,262144,2,351753.555,634342.191,366463.949,1761313.311,0.00336979599999
140.773017181,786.432,262144,2,352539.987,634342.191,367250.381,1761313.311,0.00338131300001
140.776252147,786.432,262144,2,353326.419,634342.191,368036.813,1761313.311,0.00323496600001
140.77963542,786.432,262144,2,354112.851,634342.191,368823.245,1761313.311,0.003383273
140.782874652,786.432,262144,2,354899.283,634342.191,369609.677,1761313.311,0.003239232
140.786254997,786.432,262144,2,355685.715,634342.191,370396.109,1761313.311,0.00338034499998
140.789499802,786.432,262144,2,356472.147,634342.191,371182.541,1761313.311,0.00324480500001
140.792876429,786.432,262144,2,357258.579,634342.191,371968.973,1761313.311,0.00337662699999
140.796109781,786.432,262144,2,358045.011,634342.191,372755.405,1761313.311,0.00323335200002
140.799492001,786.432,262144,2,358831.443,634342.191,373541.837,1761313.311,0.00338221999999
140.802880257,786.432,262144,2,359617.875,634342.191,374328.269,1761313.311,0.00338825599999
140.80611585,786.432,262144,2,360404.307,634342.191,375114.701,1761313.311,0.003235593
140.809354159,786.432,262144,2,361190.739,634342.191,375901.133,1761313.311,0.00323830900001
140.812735187,786.432,262144,2,361977.171,634342.191,376687.565,1761313.311,0.00338102799998
140.815969055,786.432,262144,2,362763.603,634342.191,377473.997,1761313.311,0.00323386800002
140.819355769,786.432,262144,2,363550.035,634342.191,378260.429,1761313.311,0.00338671399999
140.822744999,786.432,262144,2,364336.467,634342.191,379046.861,1761313.311,0.00338923000001
140.825960488,786.432,262144,2,365122.899,634342.191,379833.293,1761313.311,0.00321548899998
140.829345605,786.432,262144,2,365909.331,634342.191,380619.725,1761313.311,0.00338511699999
140.832585705,786.432,262144,2,366695.763,634342.191,381406.157,1761313.311,0.00324010000003
140.835966805,786.432,262144,2,367482.195,634342.191,382192.589,1761313.311,0.00338109999998
140.839196621,786.432,262144,2,368268.627,634342.191,382979.021,1761313.311,0.00322981600002
140.842578638,786.432,262144,2,369055.059,634342.191,383765.453,1761313.311,0.00338201699998
140.845819975,786.432,262144,2,369841.491,634342.191,384551.885,1761313.311,0.00324133700002
140.849204005,786.432,262144,2,370627.923,634342.191,385338.317,1761313.311,0.00338402999998
140.852581715,786.432,262144,2,371414.355,634342.191,386124.749,1761313.311,0.00337771000002
140.85581763,786.432,262144,2,372200.787,634342.191,386911.181,1761313.311,0.00323591499998
140.859206293,786.432,262144,2,372987.219,634342.191,387697.613,1761313.311,0.00338866300001
140.862446452,786.432,262144,2,373773.651,634342.191,388484.045,1761313.311,0.003240159
140.865826084,786.432,262144,2,374560.083,634342.191,389270.477,1761313.311,0.00337963199999
140.869065228,786.432,262144,2,375346.515,634342.191,390056.909,1761313.311,0.00323914400002
140.872444585,786.432,262144,2,376132.947,634342.191,390843.341,1761313.311,0.003379357
140.875684403,786.432,262144,2,376919.379,634342.191,391629.773,1761313.311,0.003239818
140.879062046,786.432,262144,2,377705.811,634342.191,392416.205,1761313.311,0.00337764299999
140.882306888,786.432,262144,2,378492.243,634342.191,393202.637,1761313.311,0.00324484199999
140.885676019,786.432,262144,2,379278.675,634342.191,393989.069,1761313.311,0.003369131
140.889060825,786.432,262144,2,380065.107,634342.191,394775.501,1761313.311,0.00338480600001
140.892294707,786.432,262144,2,380851.539,634342.191,395561.933,1761313.311,0.00323388199999
140.895680175,786.432,262144,2,381637.971,634342.191,396348.365,1761313.311,0.003385468
140.898913326,786.432,262144,2,382424.403,634342.191,397134.797,1761313.311,0.00323315100002
140.902297601,786.432,262144,2,383210.835,634342.191,397921.229,1761313.311,0.00338427499997
140.905536117,756.243,262144,2,383967.078,634342.191,398677.472,1761313.311,0.00323851600001
140.908902142,231.955,231955,2,384199.033,634346.287,398909.427,1761317.407,0.00336602499999
140.980780428,0.185,185,2,384199.218,634349.359,398909.612,1761320.479,0.071878286
140.991853761,0.19,190,2,384199.408,634360.559,398909.802,1761331.679,0.011073333
141.446178612,1.575,1575,2,384200.983,634360.559,398911.377,1761331.679,0.454324851
141.447595456,0.286,286,2,384201.269,640328.431,398911.663,1767299.551,0.00141684399998
141.558106278,0.19,190,2,384201.459,640330.479,398911.853,1767301.599,0.110510822
141.872944177,2.339,2339,2,384203.798,640347.375,398914.192,1767318.495,0.314837899
141.875558859,1.575,1575,2,384205.373,640347.375,398915.767,1767318.495,0.002614682
142.137840722,2.339,2339,2,384207.712,640367.855,398918.106,1767338.975,0.262281863
142.140767472,1.575,1575,2,384209.287,640367.855,398919.681,1767338.975,0.00292675
