time,size,first_call,destination,dest_out_traffic,dest_in_traffic,total_network_out,total_network_in,dens10
0.0,0.22,0,2,0.22,8.192,0.22,10.24,0
3.595829913,0.244,244,2,0.464,24.576,0.464,26.624,3.595829913
3.630393242,0.183,183,2,0.647,40.96,0.647,43.008,0.034563329
4.640658306,0.183,183,2,0.83,57.344,0.83,59.392,1.010265064
5.64198175,0.183,183,2,1.013,73.728,1.013,75.776,1.001323444
6.642888068,0.183,183,2,1.196,90.112,1.196,92.16,1.000906318
7.643597632,0.183,183,2,1.379,106.496,1.379,108.544,1.000709564
8.644379857,0.183,183,2,1.562,122.88,1.562,124.928,1.000782225
9.645054716,0.183,183,2,1.745,139.264,1.745,141.312,1.000674859
10.645732839,0.183,183,2,1.928,155.648,1.928,157.696,1.000678123
11.646598382,0.183,183,2,2.111,172.032,2.111,174.08,1.000865543
12.647334728,0.183,183,2,2.294,188.416,2.294,190.464,1.000736346
13.648008142,0.183,183,2,2.477,204.8,2.477,206.848,1.000673414
14.650737802,0.183,183,2,2.66,221.184,2.66,223.232,1.00272966
15.651371651,0.183,183,2,2.843,237.568,2.843,239.616,1.000633849
16.652039143,0.183,183,2,3.026,253.952,3.026,256.0,1.000667492
17.652754081,0.183,183,2,3.209,270.336,3.209,272.384,1.000714938
18.65446933,0.183,183,2,3.392,286.72,3.392,288.768,1.001715249
19.655210174,0.183,183,2,3.575,303.104,3.575,305.152,1.000740844
20.65583564,0.183,183,2,3.758,319.488,3.924,324.268,1.000625466
21.772806525,0.268,268,4,0.268,8.452,4.411,340.912,1.116970885
21.663514243,0.219,219,2,3.977,352.256,4.664,373.68,0
22.319759178,0.283,283,2,4.26,368.64,4.947,390.064,0.656244935
22.366535375,0.207,207,2,4.467,385.024,5.154,406.448,0.046776197
22.412283651,0.102,102,2,4.569,393.216,5.256,414.64,0.045748276
22.440911038,0.125,125,2,4.694,8515.294,5.381,8536.718,0.028627387
21.814462759,0.253,253,4,0.521,24.836,5.6,18101.534,0
22.827322398,0.291,291,4,0.812,25.123,5.891,18268.405,1.012859639
22.669408565,0.219,219,2,4.913,73010.167,6.125,73048.262,0
22.829864601,0.234,234,4,1.046,41.507,6.344,87000.478,0.160456036
23.830872209,0.405,405,4,1.451,41.908,6.749,87161.368,1.001007608
23.675934298,0.219,219,2,5.132,167698.04,6.979,167752.92,0
23.833168518,0.23,230,4,1.681,58.292,7.198,181911.946,0.15723422
24.681014513,0.219,219,2,5.351,264933.19,7.713,265004.965,0.847845995
24.834566059,0.515,515,4,2.196,75.187,7.932,278111.98,0.153551546
25.686652999,0.219,219,2,5.57,357765.231,8.447,357853.901,0.85208694
25.836554989,0.515,515,4,2.711,92.082,8.666,371436.892,0.14990199
26.691850868,0.219,219,2,5.789,447732.566,9.181,447838.131,0.855295879
27.377731074,0.125,125,2,5.914,516498.539,9.306,516604.104,0.685880206
26.83838476,0.515,515,4,3.226,108.977,9.525,552713.916,0
27.69766188,0.219,219,2,6.133,572506.675,10.04,572629.135,0.85927712
28.462365726,0.174,174,2,6.307,572523.059,10.214,572645.519,0.764703846
28.463508915,0.188,188,2,6.495,572531.251,10.402,572653.711,0.001143189
27.839557239,0.515,515,4,3.741,125.872,10.525,573143.24,0
28.465204249,0.123,123,2,6.618,573020.78,11.176,573160.271,0.62564701
28.474720849,0.651,651,4,4.392,142.903,11.53,573193.039,0.0095166
28.496490178,0.354,170,2,6.972,573045.356,12.027,573193.039,0.021769329
28.49765397,0.497,497,4,4.889,159.287,12.15,573276.35,0.001163792
28.499657185,0.123,123,2,7.095,573120.475,12.529,573293.109,0.002003215
28.514344558,0.379,379,4,5.268,176.046,12.748,573309.493,0.014687373
29.515787057,0.156,156,4,5.424,192.582,12.904,573326.029,1.001442499
28.700727509,0.219,219,2,7.314,573136.859,13.06,573342.565,0
21.222329901,0.166,166,5,0.166,2.732,13.279,573350.757,0
29.701774148,0.219,219,2,7.533,573153.243,13.455,573359.973,8.479444247
30.692505835,0.176,176,5,0.342,3.756,13.674,573368.165,0.990731687
30.718263968,0.154,154,5,0.496,7.34,13.828,573371.749,0.025758133
30.873104636,0.17,170,5,0.666,8.364,13.998,573372.773,0.154840668
30.903809842,0.172,172,5,0.838,9.9,14.17,573374.309,0.030705206
31.218899429,0.177,177,5,1.015,10.412,14.347,573374.821,0.315089587
31.243844614,0.176,176,5,1.191,10.908,14.523,573375.317,0.024945185
31.268262515,1.53,1530,5,2.721,12.364,16.053,573376.773,0.024417901
31.32733615,1.256,1256,5,3.977,12.828,17.309,573377.237,0.059073635
30.702948373,0.219,219,2,7.752,573169.627,17.48,573386.341,0
31.70400596,0.219,219,2,7.971,573186.011,17.699,573402.725,1.001057587
32.705066925,0.219,219,2,8.19,573202.395,17.918,573419.109,1.001060965
33.70583729,0.219,219,2,8.409,573218.779,18.137,573435.493,1.000770365
34.706817873,0.219,219,2,8.628,573226.971,18.356,573443.685,1.000980583
35.707656008,0.219,219,2,8.847,573243.355,18.575,573460.069,1.000838135
36.708719492,0.219,219,2,9.066,573259.739,18.794,573476.453,1.001063484
37.709361085,0.219,219,2,9.285,573276.123,19.013,573492.837,1.000641593
38.710004619,0.219,219,2,9.504,573292.507,19.232,573509.221,1.000643534
39.710727116,0.219,219,2,9.723,573308.891,19.451,573525.605,1.000722497
40.711413858,0.219,219,2,9.942,573325.275,19.67,573541.989,1.000686742
41.71208458,0.219,219,2,10.161,573341.659,19.889,573558.373,1.000670722
42.712817337,0.219,219,2,10.38,573358.043,20.108,573574.757,1.000732757
43.713462292,0.219,219,2,10.599,573374.427,20.327,573591.141,1.000644955
44.714123987,0.219,219,2,10.818,573390.811,20.546,573607.525,1.000661695
45.714778708,0.219,219,2,11.037,573407.195,20.765,573623.909,1.000654721
46.715477227,0.219,219,2,11.256,573423.579,20.984,573640.293,1.000698519
47.716098954,0.22,220,2,11.476,573439.963,21.204,573656.677,1.000621727
48.716737625,0.22,220,2,11.696,573456.347,21.424,573673.061,1.000638671
31.33733047,0.171,171,5,4.148,13.74,21.644,573681.253,0
49.71734669,0.22,220,2,11.916,573472.731,21.983,573689.893,18.38001622
50.718224456,0.22,220,2,12.136,573489.115,22.203,573706.277,1.000877766
51.71898615,0.22,220,2,12.356,573505.499,22.423,573722.661,1.000761694
52.71969468,0.22,220,2,12.576,573521.883,22.643,573739.045,1.00070853
53.720320622,0.22,220,2,12.796,573538.267,22.863,573755.429,1.000625942
49.918481119,0.339,339,5,4.487,22.588,23.083,573772.021,0
55.320738896,1.575,1575,5,6.062,22.588,24.658,573772.021,5.402257777
55.435781837,0.286,286,5,6.348,31.804,24.944,573781.237,0.115042941
54.721001732,0.22,220,2,13.016,573554.651,25.133,573789.429,0
55.718844753,0.189,189,5,6.537,35.9,25.353,573801.717,0.997843021
56.131524691,0.286,286,5,6.823,105.532,25.639,573871.349,0.412679938
55.721958107,0.22,220,2,13.236,573571.035,25.828,573880.565,0
57.057116417,0.237,237,8,0.237,40.96,26.285,573931.765,1.33515831
56.723057306,0.22,220,2,13.456,573587.419,26.539,577053.58,0
57.724401181,0.22,220,2,13.676,573603.803,26.759,589822.053,1.001343875
58.725631218,0.22,220,2,13.896,573620.187,26.979,601731.577,1.001230037
56.142266495,0.189,189,5,7.012,106.556,27.199,604448.762,0
59.726819152,0.22,220,2,14.116,573636.571,29.712,614963.585,3.584552657
60.728069704,0.22,220,2,14.336,573652.955,29.932,627599.912,1.001250552
61.729207207,0.22,220,2,14.556,573669.339,30.152,641888.064,1.001137503
62.730399463,0.22,220,2,14.776,573685.723,30.372,656572.654,1.001192256
63.73150814,0.22,220,2,14.996,573702.107,30.592,670266.149,1.001108677
64.732705805,0.22,220,2,15.216,573718.491,30.812,683298.914,1.001197665
57.157179659,0.152,152,9,0.152,135251.431,31.032,709356.252,0
59.93236602,2.513,2513,5,9.525,107.58,31.184,709422.325,2.775186361
67.675013494,2.538,2538,5,12.063,124.476,33.722,709439.221,7.742647474
65.733852093,0.22,220,2,15.436,573751.259,35.297,709447.413,0
57.130657217,0.102,102,8,0.339,73.728,35.517,709480.181,0
67.593413981,0.152,152,9,0.304,135317.504,35.754,709488.373,10.462756764
67.736191408,0.22,220,2,15.656,573767.643,35.906,722328.028,0.142777427
68.737464253,0.22,220,2,15.876,573784.027,36.126,736351.888,1.001272845
67.685890426,1.575,1575,5,13.638,124.476,36.346,738540.489,0
69.738835832,0.22,220,2,16.096,573800.411,38.859,749921.429,2.052945406
70.74010082,0.22,220,2,16.316,573816.795,39.079,764011.362,1.001264988
71.74111537,0.22,220,2,16.536,573833.179,39.299,778497.733,1.00101455
72.742192431,0.22,220,2,16.756,573849.563,39.519,792389.447,1.001077061
73.743384795,0.22,220,2,16.976,573865.947,39.739,806677.599,1.001192364
74.744469668,0.22,220,2,17.196,573882.331,39.959,821163.97,1.001084873
75.745578176,0.22,220,2,17.416,573898.715,40.179,835121.757,1.001108508
67.775710666,0.152,152,9,0.456,270846.528,40.399,845173.045,0
69.910859382,2.513,2513,5,16.151,132.668,40.551,845341.258,2.135148716
77.507008008,2.538,2538,5,18.689,149.052,43.089,845357.642,7.596148626
67.772594898,0.237,237,8,0.576,90.112,44.664,845365.834,0
77.524488454,0.147,147,8,0.723,106.496,44.811,845382.218,9.751893556
77.452588794,0.152,152,9,0.608,271014.741,44.962,845390.41,0
76.746630706,0.22,220,2,17.636,573915.099,45.114,847993.094,0
77.747737557,0.22,220,2,17.856,573931.483,45.334,861818.735,1.001106851
78.74878491,0.22,220,2,18.076,573947.867,45.554,875512.23,1.001047353
77.514490164,1.575,1575,5,20.264,149.052,45.774,877700.831,0
79.749859905,0.22,220,2,18.296,573964.251,48.287,889931.454,2.235369741
80.750884991,0.22,220,2,18.516,573980.635,48.507,904417.825,1.001025086
81.751955559,0.22,220,2,18.736,573997.019,48.727,918838.123,1.001070568
82.75307664,0.22,220,2,18.956,574013.403,48.947,933060.202,1.001121081
83.754189463,0.22,220,2,19.176,574029.787,49.167,946291.186,1.001112823
84.755383855,0.22,220,2,19.396,574046.171,49.387,960513.265,1.001194392
85.756413782,0.22,220,2,19.616,574062.555,49.607,974669.271,1.001029927
77.528280179,0.152,152,9,0.76,406548.109,49.827,981218.69,0
79.910482567,2.513,2513,5,22.777,280.124,49.979,981284.763,2.382202388
87.267718678,2.538,2538,5,25.315,312.892,52.517,981317.531,7.357236111
77.526500693,0.151,151,8,0.874,122.88,54.092,981325.723,0
87.281261778,0.147,147,8,1.021,139.264,54.239,981342.107,9.754761085
87.222763178,0.152,152,9,0.912,406614.182,54.39,981350.299,0
86.757533427,0.22,220,2,19.836,574078.939,54.542,987450.508,0
87.758632108,0.22,220,2,20.056,574095.323,54.762,1001870.806,1.001098681
88.759796565,0.22,220,2,20.276,574111.707,54.982,1016291.104,1.001164457
87.27351007,1.575,1575,5,26.89,312.892,55.202,1018413.632,0
89.761035047,0.22,220,2,20.496,574128.091,57.715,1030776.938,2.487524977
89.910251282,2.513,2513,5,29.403,378.428,57.935,1042581.127,0.149216235
90.762093932,0.22,220,2,20.716,574144.475,60.473,1042589.319,0.85184265
91.763131564,0.22,220,2,20.936,574160.859,60.693,1042605.703,1.001037632
92.763853987,0.22,220,2,21.156,574177.243,60.913,1042622.087,1.000722423
93.764459635,0.22,220,2,21.376,574193.627,61.133,1042638.471,1.000605648
94.765119853,0.22,220,2,21.596,574210.011,61.353,1042654.855,1.000660218
95.765771128,0.22,220,2,21.816,574226.395,61.573,1042671.239,1.000651275
96.766426616,0.22,220,2,22.036,574242.779,61.793,1042689.671,1.000655488
97.767439398,0.22,220,2,22.256,574275.547,62.013,1042722.439,1.001012782
91.605939378,2.538,2538,5,31.941,378.428,62.233,1042730.631,0
99.907458215,0.339,339,5,32.28,427.58,62.572,1042779.783,8.301518837
100.266253666,1.575,1575,5,33.855,427.58,64.147,1042779.783,0.358795451
100.275470354,0.286,286,5,34.141,558.652,64.433,1042914.951,0.00921668800001
100.322819064,0.189,189,5,34.33,591.42,64.622,1042947.719,0.04734871
100.34345387,0.249,249,5,34.579,640.572,64.871,1042996.871,0.020634806
99.76886416,0.22,220,2,22.476,608839.643,65.099,1191711.863,0
100.772925092,0.22,220,2,22.696,608856.027,65.319,1193890.935,1.004060932
101.774260789,0.22,220,2,22.916,608874.971,65.539,1193916.455,1.001335697
100.356306741,0.114,114,5,34.693,656.956,65.759,1193924.647,0
103.219674045,0.178,178,5,34.871,673.34,65.937,1193941.031,2.863367304
103.281334316,2.588,2588,5,37.459,689.724,68.525,1193957.415,0.061660271
103.288737654,1.575,1575,5,39.034,689.724,70.1,1193957.415,0.007403338
100.383234655,0.114,114,7,0.114,45900.704,70.349,1194440.743,0
102.775297914,0.22,220,2,23.136,657375.707,70.463,1403070.503,2.392063259
103.776506053,0.22,220,2,23.356,657392.091,70.683,1403086.887,1.001208139
103.292736502,0.249,249,5,39.283,820.796,70.903,1403095.079,0
105.733648811,0.178,178,5,39.461,853.564,71.081,1403127.847,2.440912309
104.77772531,0.22,220,2,23.576,657408.475,73.714,1403136.039,0
105.76661658,2.633,2633,5,42.094,902.716,73.934,1403193.383,0.98889127
105.82113769,1.575,1575,5,43.669,902.716,75.509,1403193.383,0.05452111
105.823638634,0.286,286,5,43.955,1132.092,75.795,1403422.759,0.002500944
105.828961864,0.189,189,5,44.144,1148.476,75.984,1403439.143,0.00532322999999
105.9274041,2.332,2332,5,46.476,1164.86,78.316,1403455.527,0.098442236
105.933458879,1.575,1575,5,48.051,1164.86,79.891,1403455.527,0.006054779
105.994331336,2.332,2332,5,50.383,1295.932,82.223,1403586.599,0.060872457
106.59735038,0.189,189,5,50.572,1394.236,82.412,1403684.903,0.603019044
105.778813779,0.22,220,2,23.796,657424.859,82.601,1403717.671,0
106.779894852,0.22,220,2,24.016,657441.243,82.821,1403734.055,1.001081073
106.606284331,0.189,189,5,50.761,1431.1,83.041,1403754.535,0
107.86106568,1.575,1575,5,52.336,1431.1,84.616,1403754.535,1.254781349
107.865121073,0.286,286,5,52.622,2209.34,84.902,1404532.775,0.004055393
107.87723856,0.189,189,5,52.811,2242.108,85.091,1404565.543,0.012117487
108.406778482,0.286,286,5,53.097,2258.492,85.377,1405122.599,0.529539922
107.780701246,0.22,220,2,24.236,657450.443,85.566,1405131.799,0
108.463370535,126.349,126349,2,150.585,657458.635,338.264,1405141.495,0.682669289
108.41355573,0.189,189,5,53.286,2266.684,338.484,1405149.687,0
108.794902342,2.62,2620,5,55.906,2278.972,341.104,1405161.975,0.381346612
108.79952265,1.575,1575,5,57.481,2278.972,342.679,1405161.975,0.004620308
109.040922891,2.62,2620,5,60.101,2344.508,345.299,1405227.511,0.241400241
109.391965852,0.189,189,5,60.29,2393.66,345.488,1405276.663,0.351042961
109.60538509,1.575,1575,5,61.865,2393.66,347.063,1405276.663,0.213419238
109.607890284,0.286,286,5,62.151,3372.604,347.349,1406255.607,0.00250519400001
108.781599905,0.22,220,2,150.805,657475.019,347.538,1406269.943,0
109.618448978,0.189,189,5,62.34,3378.748,347.758,1406278.135,0.836849073
109.815630456,0.114,114,5,62.454,3381.82,347.872,1407454.711,0.197181478
109.908661233,2.513,2513,5,64.967,3383.356,350.385,1407456.247,0.093030777
110.257707214,0.184,184,5,65.151,3384.364,350.569,1407457.255,0.349045981
110.267157967,1.775,1775,5,66.926,3386.412,352.344,1407459.303,0.009450753
110.294300898,1572.864,262144,5,1639.79,3386.412,1925.208,1407459.303,0.027142931
110.297176264,1835.008,262144,5,3474.798,3386.412,3760.216,1407459.303,0.002875366
110.300098862,524.288,262144,5,3999.086,3386.412,4284.504,1407459.303,0.002922598
110.301735846,786.432,262144,5,4785.518,3386.412,5070.936,1407459.303,0.001636984
110.304533923,786.432,262144,5,5571.95,3386.412,5857.368,1407459.303,0.00279807699999
110.306257615,1048.576,262144,5,6620.526,3386.412,6905.944,1407459.303,0.00172369200001
110.309219737,1835.008,262144,5,8455.534,3386.412,8740.952,1407459.303,0.002962122
110.312847297,786.432,262144,5,9241.966,3386.412,9527.384,1407459.303,0.00362756
110.314675657,786.432,262144,5,10028.398,3386.412,10313.816,1407459.303,0.00182835999999
110.316629455,524.288,262144,5,10552.686,3386.412,10838.104,1407459.303,0.001953798
110.318422166,524.288,262144,5,11076.974,3386.412,11362.392,1407459.303,0.00179271100001
110.320357834,786.432,262144,5,11863.406,3386.412,12148.824,1407459.303,0.001935668
110.322210238,786.432,262144,5,12649.838,3386.412,12935.256,1407459.303,0.00185240399999
110.324000902,1310.72,262144,5,13960.558,3386.412,14245.976,1407459.303,0.001790664
110.326688204,786.432,262144,5,14746.99,3386.412,15032.408,1407459.303,0.00268730200001
110.328542808,786.432,262144,5,15533.422,3386.412,15818.84,1407459.303,0.00185460399999
110.330360697,786.432,262144,5,16319.854,3386.412,16605.272,1407459.303,0.00181788900001
110.332089607,786.432,262144,5,17106.286,3386.412,17391.704,1407459.303,0.00172891
110.333954394,786.432,262144,5,17892.718,3386.412,18178.136,1407459.303,0.001864787
110.335794694,1048.576,262144,5,18941.294,3386.412,19226.712,1407459.303,0.0018403
110.338448864,786.432,262144,5,19727.726,3386.412,20013.144,1407459.303,0.00265417
110.340965555,524.288,262144,5,20252.014,3386.412,20537.432,1407459.303,0.002516691
110.342242353,524.288,262144,5,20776.302,3386.412,21061.72,1407459.303,0.00127679800001
110.343616056,524.288,262144,5,21300.59,3386.412,21586.008,1407459.303,0.001373703
110.344831712,524.288,262144,5,21824.878,3386.412,22110.296,1407459.303,0.001215656
110.346029461,524.288,262144,5,22349.166,3386.412,22634.584,1407459.303,0.001197749
110.347196295,524.288,262144,5,22873.454,3386.412,23158.872,1407459.303,0.001166834
110.348395289,524.288,262144,5,23397.742,3386.412,23683.16,1407459.303,0.00119899399999
110.34957749,524.288,262144,5,23922.03,3386.412,24207.448,1407459.303,0.00118220100001
110.350755928,524.288,262144,5,24446.318,3386.412,24731.736,1407459.303,0.001178438
110.351937039,524.288,262144,5,24970.606,3386.412,25256.024,1407459.303,0.00118111100001
110.353207781,524.288,262144,5,25494.894,3386.412,25780.312,1407459.303,0.00127074199999
110.354406522,1048.576,262144,5,26543.47,3386.412,26828.888,1407459.303,0.00119874100001
110.35672507,524.288,262144,5,27067.758,3386.412,27353.176,1407459.303,0.00231854799999
110.358054371,524.288,262144,5,27592.046,3386.412,27877.464,1407459.303,0.001329301
110.359349544,524.288,262144,5,28116.334,3386.412,28401.752,1407459.303,0.001295173
110.360697165,524.288,262144,5,28640.622,3386.412,28926.04,1407459.303,0.00134762100001
110.361929653,1572.864,262144,5,30213.486,3386.412,30498.904,1407459.303,0.001232488
110.365183452,1048.576,262144,5,31262.062,3386.412,31547.48,1407459.303,0.00325379899999
110.367332912,524.288,262144,5,31786.35,3386.412,32071.768,1407459.303,0.00214946
110.3685178,524.288,262144,5,32310.638,3386.412,32596.056,1407459.303,0.00118488800001
110.369705284,524.288,262144,5,32834.926,3386.412,33120.344,1407459.303,0.001187484
110.370907227,524.288,262144,5,33359.214,3386.412,33644.632,1407459.303,0.001201943
110.372118593,524.288,262144,5,33883.502,3386.412,34168.92,1407459.303,0.00121136599999
110.373342925,524.288,262144,5,34407.79,3386.412,34693.208,1407459.303,0.00122433200001
110.375064212,524.288,262144,5,34932.078,3386.412,35217.496,1407459.303,0.001721287
110.376659489,524.288,262144,5,35456.366,3386.412,35741.784,1407459.303,0.00159527700001
110.378414344,524.288,262144,5,35980.654,3386.412,36266.072,1407459.303,0.001754855
110.380047563,524.288,262144,5,36504.942,3386.412,36790.36,1407459.303,0.001633219
110.381718033,524.288,262144,5,37029.23,3386.412,37314.648,1407459.303,0.00167046999999
110.38340045,524.288,262144,5,37553.518,3386.412,37838.936,1407459.303,0.001682417
110.385481504,524.288,262144,5,38077.806,3386.412,38363.224,1407459.303,0.002081054
110.387216338,524.288,262144,5,38602.094,3386.412,38887.512,1407459.303,0.001734834
110.388940531,524.288,262144,5,39126.382,3386.412,39411.8,1407459.303,0.001724193
110.390479809,524.288,262144,5,39650.67,3386.412,39936.088,1407459.303,0.001539278
110.392288125,524.288,262144,5,40174.958,3386.412,40460.376,1407459.303,0.00180831599999
110.393921407,524.288,262144,5,40699.246,3386.412,40984.664,1407459.303,0.001633282
110.395627638,524.288,262144,5,41223.534,3386.412,41508.952,1407459.303,0.001706231
110.397360317,524.288,262144,5,41747.822,3386.412,42033.24,1407459.303,0.001732679
110.399080942,524.288,262144,5,42272.11,3386.412,42557.528,1407459.303,0.001720625
110.400710362,524.288,262144,5,42796.398,3386.412,43081.816,1407459.303,0.00162942
110.402399679,524.288,262144,5,43320.686,3386.412,43606.104,1407459.303,0.001689317
110.404293228,524.288,262144,5,43844.974,3386.412,44130.392,1407459.303,0.001893549
110.405866049,524.288,262144,5,44369.262,3386.412,44654.68,1407459.303,0.001572821
110.407482314,786.432,262144,5,45155.694,3386.412,45441.112,1407459.303,0.00161626500001
110.408700505,524.288,262144,5,45679.982,3386.412,45965.4,1407459.303,0.00121819099999
110.410302694,524.288,262144,5,46204.27,3386.412,46489.688,1407459.303,0.001602189
110.411948362,524.288,262144,5,46728.558,3386.412,47013.976,1407459.303,0.00164566800001
110.413134943,524.288,262144,5,47252.846,3386.412,47538.264,1407459.303,0.001186581
110.414716877,524.288,262144,5,47777.134,3386.412,48062.552,1407459.303,0.001581934
110.41626452,524.288,262144,5,48301.422,3386.412,48586.84,1407459.303,0.00154764299999
110.417725805,524.288,262144,5,48825.71,3386.412,49111.128,1407459.303,0.001461285
110.419112593,524.288,262144,5,49349.998,3386.412,49635.416,1407459.303,0.00138678799999
110.420210774,524.288,262144,5,49874.286,3386.412,50159.704,1407459.303,0.001098181
110.421680091,524.288,262144,5,50398.574,3386.412,50683.992,1407459.303,0.001469317
110.423091277,524.288,262144,5,50922.862,3386.412,51208.28,1407459.303,0.001411186
110.424428106,524.288,262144,5,51447.15,3386.412,51732.568,1407459.303,0.001336829
110.425742222,524.288,262144,5,51971.438,3386.412,52256.856,1407459.303,0.001314116
110.427313587,524.288,262144,5,52495.726,3386.412,52781.144,1407459.303,0.001571365
110.428773556,524.288,262144,5,53020.014,3386.412,53305.432,1407459.303,0.001459969
110.430206805,524.288,262144,5,53544.302,3386.412,53829.72,1407459.303,0.001433249
110.431320144,524.288,262144,5,54068.59,3386.412,54354.008,1407459.303,0.001113339
110.432441852,524.288,262144,5,54592.878,3386.412,54878.296,1407459.303,0.001121708
110.433801978,524.288,262144,5,55117.166,3386.412,55402.584,1407459.303,0.00136012600001
110.435142907,524.288,262144,5,55641.454,3386.412,55926.872,1407459.303,0.00134092899999
110.436367388,524.288,262144,5,56165.742,3386.412,56451.16,1407459.303,0.00122448099999
110.437540201,524.288,262144,5,56690.03,3386.412,56975.448,1407459.303,0.00117281300001
110.438856302,524.288,262144,5,57214.318,3386.412,57499.736,1407459.303,0.001316101
110.440208942,524.288,262144,5,57738.606,3386.412,58024.024,1407459.303,0.00135263999999
110.441580542,524.288,262144,5,58262.894,3386.412,58548.312,1407459.303,0.0013716
110.44289766,524.288,262144,5,58787.182,3386.412,59072.6,1407459.303,0.001317118
110.444316432,1048.576,262144,5,59835.758,3386.412,60121.176,1407459.303,0.00141877199999
110.446834052,524.288,262144,5,60360.046,3386.412,60645.464,1407459.303,0.00251762000001
110.448591622,524.288,262144,5,60884.334,3386.412,61169.752,1407459.303,0.00175757
110.450262427,524.288,262144,5,61408.622,3386.412,61694.04,1407459.303,0.001670805
110.45168701,524.288,262144,5,61932.91,3386.412,62218.328,1407459.303,0.001424583
110.452886806,524.288,262144,5,62457.198,3386.412,62742.616,1407459.303,0.00119979599999
110.454060316,524.288,262144,5,62981.486,3386.412,63266.904,1407459.303,0.00117351
110.455510657,524.288,262144,5,63505.774,3386.412,63791.192,1407459.303,0.00145034100001
110.457249363,524.288,262144,5,64030.062,3386.412,64315.48,1407459.303,0.001738706
110.458715533,524.288,262144,5,64554.35,3386.412,64839.768,1407459.303,0.00146617
110.460041699,524.288,262144,5,65078.638,3386.412,65364.056,1407459.303,0.001326166
110.461828683,524.288,262144,5,65602.926,3386.412,65888.344,1407459.303,0.00178698399999
110.4635111,524.288,262144,5,66127.214,3386.412,66412.632,1407459.303,0.00168241700001
110.4648363,524.288,262144,5,66651.502,3386.412,66936.92,1407459.303,0.0013252
110.466482267,524.288,262144,5,67175.79,3386.412,67461.208,1407459.303,0.001645967
110.467924359,524.288,262144,5,67700.078,3386.412,67985.496,1407459.303,0.00144209199999
110.469390238,524.288,262144,5,68224.366,3386.412,68509.784,1407459.303,0.00146587900001
110.470794517,524.288,262144,5,68748.654,3386.412,69034.072,1407459.303,0.001404279
110.472359206,524.288,262144,5,69272.942,3386.412,69558.36,1407459.303,0.00156468899999
110.473902246,524.288,262144,5,69797.23,3386.412,70082.648,1407459.303,0.00154304
110.475288856,524.288,262144,5,70321.518,3386.412,70606.936,1407459.303,0.00138661000001
110.476495354,524.288,262144,5,70845.806,3386.412,71131.224,1407459.303,0.00120649799999
110.477877176,524.288,262144,5,71370.094,3386.412,71655.512,1407459.303,0.00138182200001
110.479090639,524.288,262144,5,71894.382,3386.412,72179.8,1407459.303,0.001213463
110.480635456,524.288,262144,5,72418.67,3386.412,72704.088,1407459.303,0.001544817
110.481871488,524.288,262144,5,72942.958,3386.412,73228.376,1407459.303,0.00123603199999
110.483076098,524.288,262144,5,73467.246,3386.412,73752.664,1407459.303,0.00120461
110.484308208,1048.576,262144,5,74515.822,3386.412,74801.24,1407459.303,0.00123211
110.486509804,2097.152,262144,5,76612.974,3386.412,76898.392,1407459.303,0.00220159599999
110.490765845,524.288,262144,5,77137.262,3386.412,77422.68,1407459.303,0.004256041
110.492026773,524.288,262144,5,77661.55,3386.412,77946.968,1407459.303,0.00126092800001
110.493252086,524.288,262144,5,78185.838,3386.412,78471.256,1407459.303,0.00122531299999
110.494574046,524.288,262144,5,78710.126,3386.412,78995.544,1407459.303,0.00132196
110.495889544,524.288,262144,5,79234.414,3386.412,79519.832,1407459.303,0.001315498
110.496989594,524.288,262144,5,79758.702,3386.412,80044.12,1407459.303,0.00110005000001
110.498274517,524.288,262144,5,80282.99,3386.412,80568.408,1407459.303,0.001284923
110.499421427,524.288,262144,5,80807.278,3386.412,81092.696,1407459.303,0.00114691
110.500551734,524.288,262144,5,81331.566,3386.412,81616.984,1407459.303,0.001130307
110.50164998,524.288,262144,5,81855.854,3386.412,82141.272,1407459.303,0.001098246
110.502785294,524.288,262144,5,82380.142,3386.412,82665.56,1407459.303,0.00113531400001
110.504275181,524.288,262144,5,82904.43,3386.412,83189.848,1407459.303,0.00148988699999
110.505806241,524.288,262144,5,83428.718,3386.412,83714.136,1407459.303,0.00153106
110.507260604,524.288,262144,5,83953.006,3386.412,84238.424,1407459.303,0.00145436299999
110.508606874,524.288,262144,5,84477.294,3386.412,84762.712,1407459.303,0.00134627
110.509907585,524.288,262144,5,85001.582,3386.412,85287.0,1407459.303,0.001300711
110.511030408,524.288,262144,5,85525.87,3386.412,85811.288,1407459.303,0.001122823
110.512173744,524.288,262144,5,86050.158,3386.412,86335.576,1407459.303,0.001143336
110.513330248,524.288,262144,5,86574.446,3386.412,86859.864,1407459.303,0.00115650400001
110.514523525,524.288,262144,5,87098.734,3386.412,87384.152,1407459.303,0.001193277
110.51581768,1048.576,262144,5,88147.31,3386.412,88432.728,1407459.303,0.001294155
110.517939124,524.288,262144,5,88671.598,3386.412,88957.016,1407459.303,0.002121444
110.519132518,524.288,262144,5,89195.886,3386.412,89481.304,1407459.303,0.00119339400001
110.520356069,524.288,262144,5,89720.174,3386.412,90005.592,1407459.303,0.001223551
110.521604461,524.288,262144,5,90244.462,3386.412,90529.88,1407459.303,0.00124839199999
110.522793477,524.288,262144,5,90768.75,3386.412,91054.168,1407459.303,0.001189016
110.523940326,1048.576,262144,5,91817.326,3386.412,92102.744,1407459.303,0.00114684900001
110.526231289,524.288,262144,5,92341.614,3386.412,92627.032,1407459.303,0.00229096299999
110.527684352,524.288,262144,5,92865.902,3386.412,93151.32,1407459.303,0.001453063
110.528908929,524.288,262144,5,93390.19,3386.412,93675.608,1407459.303,0.001224577
110.530200821,524.288,262144,5,93914.478,3386.412,94199.896,1407459.303,0.001291892
110.531361424,1048.576,262144,5,94963.054,3386.412,95248.472,1407459.303,0.001160603
110.533738103,524.288,262144,5,95487.342,3386.412,95772.76,1407459.303,0.00237667900001
110.53492799,524.288,262144,5,96011.63,3386.412,96297.048,1407459.303,0.001189887
110.5363949,524.288,262144,5,96535.918,3386.412,96821.336,1407459.303,0.00146691
110.537740327,524.288,262144,5,97060.206,3386.412,97345.624,1407459.303,0.00134542699999
110.538861823,524.288,262144,5,97584.494,3386.412,97869.912,1407459.303,0.00112149600001
110.539994661,524.288,262144,5,98108.782,3386.412,98394.2,1407459.303,0.00113283799999
110.54119691,524.288,262144,5,98633.07,3386.412,98918.488,1407459.303,0.001202249
110.542424891,524.288,262144,5,99157.358,3386.412,99442.776,1407459.303,0.001227981
110.54388048,1048.576,262144,5,100205.934,3386.412,100491.352,1407459.303,0.001455589
110.545833562,1572.864,262144,5,101778.798,3386.412,102064.216,1407459.303,0.001953082
110.549109839,1572.864,262144,5,103351.662,3386.412,103637.08,1407459.303,0.003276277
110.552346999,524.288,262144,5,103875.95,3386.412,104161.368,1407459.303,0.00323716
110.553524552,1572.864,262144,5,105448.814,3386.412,105734.232,1407459.303,0.00117755300001
110.556621761,2097.152,262144,5,107545.966,3386.412,107831.384,1407459.303,0.003097209
110.560722323,524.288,262144,5,108070.254,3386.412,108355.672,1407459.303,0.00410056199999
110.561809071,1310.72,262144,5,109380.974,3386.412,109666.392,1407459.303,0.00108674800001
110.564896081,524.288,262144,5,109905.262,3386.412,110190.68,1407459.303,0.00308701
110.565995378,524.288,262144,5,110429.55,3386.412,110714.968,1407459.303,0.001099297
110.567902876,1048.576,262144,5,111478.126,3386.412,111763.544,1407459.303,0.00190749800001
110.570086632,786.432,262144,5,112264.558,3386.412,112549.976,1407459.303,0.00218375599999
110.572020251,1048.576,262144,5,113313.134,3386.412,113598.552,1407459.303,0.001933619
110.574083845,524.288,262144,5,113837.422,3386.412,114122.84,1407459.303,0.00206359400001
110.575169744,524.288,262144,5,114361.71,3386.412,114647.128,1407459.303,0.00108589899999
110.577281696,524.288,262144,5,114885.998,3386.412,115171.416,1407459.303,0.00211195200001
110.578621183,524.288,262144,5,115410.286,3386.412,115695.704,1407459.303,0.001339487
110.579974252,524.288,262144,5,115934.574,3386.412,116219.992,1407459.303,0.001353069
110.581164222,524.288,262144,5,116458.862,3386.412,116744.28,1407459.303,0.00118997
110.582283095,1048.576,262144,5,117507.438,3386.412,117792.856,1407459.303,0.001118873
110.584499562,524.288,262144,5,118031.726,3386.412,118317.144,1407459.303,0.00221646700001
110.585634262,1048.576,262144,5,119080.302,3386.412,119365.72,1407459.303,0.00113469999999
110.587634006,1048.576,262144,5,120128.878,3386.412,120414.296,1407459.303,0.001999744
110.589923517,1572.864,262144,5,121701.742,3386.412,121987.16,1407459.303,0.002289511
110.593054416,1572.864,262144,5,123274.606,3386.412,123560.024,1407459.303,0.003130899
110.59624947,524.288,262144,5,123798.894,3386.412,124084.312,1407459.303,0.003195054
110.59814594,1572.864,262144,5,125371.758,3386.412,125657.176,1407459.303,0.00189646999999
110.601552914,524.288,262144,5,125896.046,3386.412,126181.464,1407459.303,0.003406974
110.602762725,524.288,262144,5,126420.334,3386.412,126705.752,1407459.303,0.00120981100001
110.603908525,1572.864,262144,5,127993.198,3386.412,128278.616,1407459.303,0.00114579999999
110.610621461,524.288,262144,5,128517.486,3386.412,128802.904,1407459.303,0.006712936
110.611744905,1835.008,262144,5,130352.494,3386.412,130637.912,1407459.303,0.001123444
110.615879475,524.288,262144,5,130876.782,3386.412,131162.2,1407459.303,0.00413457000001
110.61699436,1048.576,262144,5,131925.358,3386.412,132210.776,1407459.303,0.00111488500001
110.619170574,524.288,262144,5,132449.646,3386.412,132735.064,1407459.303,0.00217621399999
110.620238706,524.288,262144,5,132973.934,3386.412,133259.352,1407459.303,0.001068132
110.621501805,524.288,262144,5,133498.222,3386.412,133783.64,1407459.303,0.001263099
110.622636188,786.432,262144,5,134284.654,3386.412,134570.072,1407459.303,0.00113438300001
110.624700187,524.288,262144,5,134808.942,3386.412,135094.36,1407459.303,0.002063999
110.625961503,524.288,262144,5,135333.23,3386.412,135618.648,1407459.303,0.001261316
110.62719302,1048.576,262144,5,136381.806,3386.412,136667.224,1407459.303,0.00123151700001
110.629282721,1048.576,262144,5,137430.382,3386.412,137715.8,1407459.303,0.00208970099999
110.631441913,524.288,262144,5,137954.67,3386.412,138240.088,1407459.303,0.00215919200001
110.632555101,524.288,262144,5,138478.958,3386.412,138764.376,1407459.303,0.00111318799999
110.633819296,524.288,262144,5,139003.246,3386.412,139288.664,1407459.303,0.001264195
110.634928777,524.288,262144,5,139527.534,3386.412,139812.952,1407459.303,0.001109481
110.636031353,524.288,262144,5,140051.822,3386.412,140337.24,1407459.303,0.00110257600001
110.637105268,524.288,262144,5,140576.11,3386.412,140861.528,1407459.303,0.00107391499999
110.638349646,524.288,262144,5,141100.398,3386.412,141385.816,1407459.303,0.001244378
110.639494137,524.288,262144,5,141624.686,3386.412,141910.104,1407459.303,0.00114449100001
110.640830398,524.288,262144,5,142148.974,3386.412,142434.392,1407459.303,0.00133626100001
110.642049923,786.432,262144,5,142935.406,3386.412,143220.824,1407459.303,0.001219525
110.644186981,524.288,262144,5,143459.694,3386.412,143745.112,1407459.303,0.002137058
110.645269414,1835.008,262144,5,145294.702,3386.412,145580.12,1407459.303,0.00108243299999
110.648956613,3670.016,262144,5,148964.718,3386.412,149250.136,1407459.303,0.003687199
110.655475745,11010.048,262144,5,159974.766,3386.412,160260.184,1407459.303,0.00651913200001
110.675605175,786.432,262144,5,160761.198,3386.412,161046.616,1407459.303,0.02012943
110.677369293,3145.728,262144,5,163906.926,3386.412,164192.344,1407459.303,0.001764118
110.683286443,524.288,262144,5,164431.214,3386.412,164716.632,1407459.303,0.00591715
110.68445547,1048.576,262144,5,165479.79,3386.412,165765.208,1407459.303,0.001169027
110.686626978,524.288,262144,5,166004.078,3386.412,166289.496,1407459.303,0.002171508
110.687811517,524.288,262144,5,166528.366,3386.412,166813.784,1407459.303,0.00118453899999
110.689037717,1048.576,262144,5,167576.942,3386.412,167862.36,1407459.303,0.0012262
110.691118036,524.288,262144,5,168101.23,3386.412,168386.648,1407459.303,0.002080319
110.692340285,524.288,262144,5,168625.518,3386.412,168910.936,1407459.303,0.00122224899999
110.693666932,524.288,262144,5,169149.806,3386.412,169435.224,1407459.303,0.001326647
110.69500668,786.432,262144,5,169936.238,3386.412,170221.656,1407459.303,0.00133974800001
110.696878664,1048.576,262144,5,170984.814,3386.412,171270.232,1407459.303,0.00187198399999
110.699016754,524.288,262144,5,171509.102,3386.412,171794.52,1407459.303,0.00213809
110.700121143,524.288,262144,5,172033.39,3386.412,172318.808,1407459.303,0.00110438900001
110.702018397,786.432,262144,5,172819.822,3386.412,173105.24,1407459.303,0.001897254
110.70394482,786.432,262144,5,173606.254,3386.412,173891.672,1407459.303,0.001926423
110.706069471,524.288,262144,5,174130.542,3386.412,174415.96,1407459.303,0.002124651
110.708019688,2097.152,262144,5,176227.694,3386.412,176513.112,1407459.303,0.00195021699999
110.712165691,1310.72,262144,5,177538.414,3386.412,177823.832,1407459.303,0.004146003
110.71520776,1572.864,262144,5,179111.278,3386.412,179396.696,1407459.303,0.003042069
110.718447895,2097.152,262144,5,181208.43,3386.412,181493.848,1407459.303,0.003240135
110.722708284,2359.296,262144,5,183567.726,3386.412,183853.144,1407459.303,0.00426038900001
110.72779236,640.536,262144,5,184208.262,3386.412,184493.68,1407459.303,0.00508407599999
110.729814861,248.072,156616,5,184456.334,3386.412,184741.752,1407459.303,0.002022501
110.731051211,103.272,91456,5,184559.606,3386.412,184845.024,1407459.303,0.00123635
109.782694137,0.22,220,2,151.025,657491.403,184856.84,1407467.495,0
110.732282397,11.816,11816,5,184571.422,3387.388,184857.06,1407476.663,0.94958826
111.0140944,0.189,189,5,184571.611,3389.244,184857.249,1407478.519,0.281812003
111.070183066,0.184,184,5,184571.795,3390.972,184857.433,1407480.247,0.056088666
111.094882547,0.189,189,5,184571.984,3400.572,184857.622,1407489.847,0.024699481
111.490913403,1.575,1575,5,184573.559,3400.572,184859.197,1407489.847,0.396030856
111.492777377,0.286,286,5,184573.845,5515.132,184859.483,1409604.407,0.001863974
110.785582098,0.22,220,2,151.245,657507.787,184859.672,1409613.591,0
111.512259341,0.189,189,5,184574.034,5516.124,184859.892,1409621.783,0.726677243
111.831228486,2.339,2339,5,184576.373,5526.332,184862.231,1409631.991,0.318969145
111.835810842,1.575,1575,5,184577.948,5526.332,184863.806,1409631.991,0.004582356
111.786857436,0.22,220,2,151.465,657524.171,184866.145,1409640.183,0
112.128775802,2.339,2339,5,184580.287,5530.428,184866.365,1409652.471,0.341918366
112.8418762,0.189,189,5,184580.476,5549.372,184866.554,1409671.415,0.713100398
113.632614839,1.575,1575,5,184582.051,5549.372,184868.129,1409671.415,0.790738639
113.634866655,0.286,286,5,184582.337,6544.7,184868.415,1410666.743,0.002251816
113.642146933,0.19,190,5,184582.527,6550.844,184868.605,1410672.887,0.00728027800001
113.74641708,0.286,286,5,184582.813,9339.196,184868.891,1413461.239,0.104270147
112.787888147,0.22,220,2,151.685,657540.555,184869.08,1413470.967,0
113.758422261,0.189,189,5,184583.002,9340.732,184869.3,1413479.159,0.970534114
114.074922022,2.62,2620,5,184585.622,9353.276,184871.92,1413491.703,0.316499761
114.080487053,1.575,1575,5,184587.197,9353.276,184873.495,1413491.703,0.005565031
113.788951558,0.22,220,2,151.905,657556.939,184876.158,1413499.895,0
114.37635763,2.663,2663,5,184589.86,9365.564,184876.378,1413520.375,0.587406072
114.846149472,1.575,1575,5,184591.435,9365.564,184877.953,1413520.375,0.469791842
114.848449169,0.286,286,5,184591.721,10643.516,184878.239,1414798.327,0.00229969700001
114.857867182,0.19,190,5,184591.911,10676.284,184878.429,1414831.095,0.009418013
115.008420323,0.114,114,5,184592.025,10692.668,184878.543,1417440.247,0.150553141
115.422059835,0.184,184,5,184592.209,10700.86,184878.727,1417448.439,0.413639512
115.426630878,1.775,1775,5,184593.984,10702.38,184880.502,1417449.959,0.004571043
115.430324777,524.288,262144,5,185118.272,10702.38,185404.79,1417449.959,0.003693899
115.431571191,524.288,262144,5,185642.56,10702.38,185929.078,1417449.959,0.00124641400001
115.432664482,786.432,262144,5,186428.992,10702.38,186715.51,1417449.959,0.001093291
115.433803505,46137.344,262144,5,232566.336,10702.38,232852.854,1417449.959,0.00113902299999
115.498626322,786.432,262144,5,233352.768,10702.38,233639.286,1417449.959,0.064822817
115.499801723,3932.16,262144,5,237284.928,10702.38,237571.446,1417449.959,0.001175401
115.50538853,524.288,262144,5,237809.216,10702.38,238095.734,1417449.959,0.005586807
115.506573775,1310.72,262144,5,239119.936,10702.38,239406.454,1417449.959,0.001185245
115.508477323,1572.864,262144,5,240692.8,10702.38,240979.318,1417449.959,0.00190354799999
115.510826722,4980.736,262144,5,245673.536,10702.38,245960.054,1417449.959,0.00234939900001
115.517889241,1572.864,262144,5,247246.4,10702.38,247532.918,1417449.959,0.007062519
115.520239414,1310.72,262144,5,248557.12,10702.38,248843.638,1417449.959,0.002350173
115.522162452,3145.728,262144,5,251702.848,10702.38,251989.366,1417449.959,0.001923038
115.526717481,3670.016,262144,5,255372.864,10702.38,255659.382,1417449.959,0.004555029
115.532162678,1048.576,262144,5,256421.44,10702.38,256707.958,1417449.959,0.005445197
115.534363438,1048.576,262144,5,257470.016,10702.38,257756.534,1417449.959,0.00220075999999
115.536569401,1572.864,262144,5,259042.88,10702.38,259329.398,1417449.959,0.00220596299999
115.539357133,1048.576,262144,5,260091.456,10702.38,260377.974,1417449.959,0.002787732
115.541574486,1048.576,262144,5,261140.032,10702.38,261426.55,1417449.959,0.00221735300001
115.543775122,1048.576,262144,5,262188.608,10702.38,262475.126,1417449.959,0.002200636
115.545980442,1572.864,262144,5,263761.472,10702.38,264047.99,1417449.959,0.00220532
115.548773104,1048.576,262144,5,264810.048,10702.38,265096.566,1417449.959,0.002792662
115.550985133,1048.576,262144,5,265858.624,10702.38,266145.142,1417449.959,0.00221202899999
115.553185336,1048.576,262144,5,266907.2,10702.38,267193.718,1417449.959,0.002200203
115.555392909,1572.864,262144,5,268480.064,10702.38,268766.582,1417449.959,0.00220757300001
115.558183135,1048.576,262144,5,269528.64,10702.38,269815.158,1417449.959,0.00279022599999
115.560402033,1572.864,262144,5,271101.504,10702.38,271388.022,1417449.959,0.00221889800001
115.563599404,524.288,262144,5,271625.792,10702.38,271912.31,1417449.959,0.003197371
115.564734187,524.288,262144,5,272150.08,10702.38,272436.598,1417449.959,0.001134783
115.565872003,1048.576,262144,5,273198.656,10702.38,273485.174,1417449.959,0.001137816
115.568075537,524.288,262144,5,273722.944,10702.38,274009.462,1417449.959,0.002203534
115.569366893,524.288,262144,5,274247.232,10702.38,274533.75,1417449.959,0.001291356
115.571503136,524.288,262144,5,274771.52,10702.38,275058.038,1417449.959,0.00213624300001
115.57300097,524.288,262144,5,275295.808,10702.38,275582.326,1417449.959,0.00149783399999
115.574935542,524.288,262144,5,275820.096,10702.38,276106.614,1417449.959,0.00193457200001
115.577160479,524.288,262144,5,276344.384,10702.38,276630.902,1417449.959,0.00222493699999
115.579285856,524.288,262144,5,276868.672,10702.38,277155.19,1417449.959,0.002125377
115.58135407,524.288,262144,5,277392.96,10702.38,277679.478,1417449.959,0.002068214
115.58336515,524.288,262144,5,277917.248,10702.38,278203.766,1417449.959,0.00201108
115.585289119,524.288,262144,5,278441.536,10702.38,278728.054,1417449.959,0.00192396899999
115.587121056,524.288,262144,5,278965.824,10702.38,279252.342,1417449.959,0.00183193700001
115.589184145,524.288,262144,5,279490.112,10702.38,279776.63,1417449.959,0.002063089
115.591159513,524.288,262144,5,280014.4,10702.38,280300.918,1417449.959,0.00197536799999
115.593279182,524.288,262144,5,280538.688,10702.38,280825.206,1417449.959,0.00211966900001
115.595360536,524.288,262144,5,281062.976,10702.38,281349.494,1417449.959,0.002081354
115.597449599,524.288,262144,5,281587.264,10702.38,281873.782,1417449.959,0.002089063
115.599541888,524.288,262144,5,282111.552,10702.38,282398.07,1417449.959,0.002092289
115.601623307,524.288,262144,5,282635.84,10702.38,282922.358,1417449.959,0.00208141899999
115.603773177,524.288,262144,5,283160.128,10702.38,283446.646,1417449.959,0.00214987
115.605876558,524.288,262144,5,283684.416,10702.38,283970.934,1417449.959,0.00210338100001
115.607946278,524.288,262144,5,284208.704,10702.38,284495.222,1417449.959,0.00206971999999
115.610012552,524.288,262144,5,284732.992,10702.38,285019.51,1417449.959,0.002066274
115.612196194,524.288,262144,5,285257.28,10702.38,285543.798,1417449.959,0.00218364200001
115.614196541,524.288,262144,5,285781.568,10702.38,286068.086,1417449.959,0.00200034699999
115.616301524,524.288,262144,5,286305.856,10702.38,286592.374,1417449.959,0.002104983
115.618291149,524.288,262144,5,286830.144,10702.38,287116.662,1417449.959,0.00198962500001
115.620527917,524.288,262144,5,287354.432,10702.38,287640.95,1417449.959,0.002236768
115.622656371,524.288,262144,5,287878.72,10702.38,288165.238,1417449.959,0.002128454
115.624581077,524.288,262144,5,288403.008,10702.38,288689.526,1417449.959,0.001924706
115.626786004,524.288,262144,5,288927.296,10702.38,289213.814,1417449.959,0.00220492699999
115.629128132,524.288,262144,5,289451.584,10702.38,289738.102,1417449.959,0.00234212800001
115.630947361,524.288,262144,5,289975.872,10702.38,290262.39,1417449.959,0.00181922899999
115.633162781,524.288,262144,5,290500.16,10702.38,290786.678,1417449.959,0.00221542
115.635220869,524.288,262144,5,291024.448,10702.38,291310.966,1417449.959,0.002058088
115.637585724,524.288,262144,5,291548.736,10702.38,291835.254,1417449.959,0.00236485500001
115.639915159,524.288,262144,5,292073.024,10702.38,292359.542,1417449.959,0.00232943499999
115.641756196,524.288,262144,5,292597.312,10702.38,292883.83,1417449.959,0.00184103700001
115.643769729,524.288,262144,5,293121.6,10702.38,293408.118,1417449.959,0.002013533
115.645975988,524.288,262144,5,293645.888,10702.38,293932.406,1417449.959,0.002206259
115.648203844,524.288,262144,5,294170.176,10702.38,294456.694,1417449.959,0.00222785599999
115.650656622,524.288,262144,5,294694.464,10702.38,294980.982,1417449.959,0.00245277800001
115.652786344,524.288,262144,5,295218.752,10702.38,295505.27,1417449.959,0.00212972200001
115.654841528,524.288,262144,5,295743.04,10702.38,296029.558,1417449.959,0.002055184
115.656888392,524.288,262144,5,296267.328,10702.38,296553.846,1417449.959,0.00204686399999
115.659104633,524.288,262144,5,296791.616,10702.38,297078.134,1417449.959,0.002216241
115.661318093,524.288,262144,5,297315.904,10702.38,297602.422,1417449.959,0.00221346000001
115.663533055,524.288,262144,5,297840.192,10702.38,298126.71,1417449.959,0.002214962
115.665758309,524.288,262144,5,298364.48,10702.38,298650.998,1417449.959,0.002225254
115.667985388,524.288,262144,5,298888.768,10702.38,299175.286,1417449.959,0.00222707900001
115.670059848,524.288,262144,5,299413.056,10702.38,299699.574,1417449.959,0.00207445999999
115.672427938,524.288,262144,5,299937.344,10702.38,300223.862,1417449.959,0.00236809
115.674472076,524.288,262144,5,300461.632,10702.38,300748.15,1417449.959,0.002044138
115.67689651,524.288,262144,5,300985.92,10702.38,301272.438,1417449.959,0.00242443400001
115.679077915,524.288,262144,5,301510.208,10702.38,301796.726,1417449.959,0.00218140499999
115.681196379,524.288,262144,5,302034.496,10702.38,302321.014,1417449.959,0.00211846400001
115.683607594,524.288,262144,5,302558.784,10702.38,302845.302,1417449.959,0.002411215
115.685693981,524.288,262144,5,303083.072,10702.38,303369.59,1417449.959,0.00208638700001
115.688204462,524.288,262144,5,303607.36,10702.38,303893.878,1417449.959,0.002510481
115.690600605,524.288,262144,5,304131.648,10702.38,304418.166,1417449.959,0.002396143
115.692834731,524.288,262144,5,304655.936,10702.38,304942.454,1417449.959,0.002234126
115.695122185,524.288,262144,5,305180.224,10702.38,305466.742,1417449.959,0.002287454
115.697272079,524.288,262144,5,305704.512,10702.38,305991.03,1417449.959,0.002149894
115.699712511,524.288,262144,5,306228.8,10702.38,306515.318,1417449.959,0.002440432
115.701952379,524.288,262144,5,306753.088,10702.38,307039.606,1417449.959,0.002239868
115.70447695,524.288,262144,5,307277.376,10702.38,307563.894,1417449.959,0.002524571
115.706811661,524.288,262144,5,307801.664,10702.38,308088.182,1417449.959,0.002334711
115.709018918,524.288,262144,5,308325.952,10702.38,308612.47,1417449.959,0.00220725699999
115.711477591,524.288,262144,5,308850.24,10702.38,309136.758,1417449.959,0.00245867300001
115.713834699,524.288,262144,5,309374.528,10702.38,309661.046,1417449.959,0.002357108
115.716306851,524.288,262144,5,309898.816,10702.38,310185.334,1417449.959,0.002472152
115.718751075,524.288,262144,5,310423.104,10702.38,310709.622,1417449.959,0.002444224
115.721036078,524.288,262144,5,310947.392,10702.38,311233.91,1417449.959,0.002285003
115.723383545,524.288,262144,5,311471.68,10702.38,311758.198,1417449.959,0.00234746700001
115.725480613,410.072,262144,5,311881.752,10702.38,312168.27,1417449.959,0.002097068
115.727613833,165.536,147928,5,312047.288,10702.38,312333.806,1417449.959,0.00213322
114.79004403,0.22,220,2,152.125,657573.323,312351.414,1417458.151,0
115.729658581,17.608,17608,5,312064.896,10706.476,312351.634,1417470.439,0.939614551
115.818378323,0.184,184,5,312065.08,10709.548,312351.818,1417473.511,0.088719742
115.792605828,0.22,220,2,152.345,657589.707,312352.007,1417483.655,0
115.988397312,0.189,189,5,312065.269,10712.428,312352.227,1417492.775,0.195791484
116.796737812,0.19,190,5,312065.459,10715.82,312352.417,1417496.167,0.8083405
116.803211076,0.19,190,5,312065.649,10717.324,312352.607,1417497.671,0.00647326399999
116.810337951,0.189,189,5,312065.838,10726.94,312352.796,1417507.287,0.007126875
116.841729873,1.575,1575,5,312067.413,10726.94,312354.371,1417507.287,0.031391922
116.843388041,0.286,286,5,312067.699,13595.068,312354.657,1420375.415,0.00165816799999
116.893555883,0.19,190,5,312067.889,13595.964,312354.847,1420376.311,0.050167842
117.223423364,2.339,2339,5,312070.228,13604.796,312357.186,1420385.143,0.329867481
117.227092161,1.575,1575,5,312071.803,13604.796,312358.761,1420385.143,0.003668797
116.793928074,0.22,220,2,152.565,657606.091,312361.1,1420393.335,0
117.569621995,2.339,2339,5,312074.142,13621.18,312361.32,1420417.911,0.775693921
118.757458527,1.575,1575,5,312075.717,13621.18,312362.895,1420417.911,1.187836532
118.759206524,0.286,286,5,312076.003,14686.14,312363.181,1421482.871,0.00174799700001
117.794992168,0.22,220,2,152.785,657622.475,312363.371,1421589.367,0
118.767039897,0.19,190,5,312076.193,14784.444,312363.591,1421597.559,0.972047729
118.863671378,0.286,286,5,312076.479,18372.54,312363.877,1425185.655,0.096631481
118.880132145,0.19,190,5,312076.669,18397.116,317669.639,1425211.239,0.016460767
119.080215039,2.62,2620,5,312079.289,18417.596,317672.259,1425231.719,0.200082894
119.083746862,1.575,1575,5,312080.864,18417.596,317673.834,1425231.719,0.003531823
118.796138276,0.22,220,2,153.005,657638.859,317676.454,1425239.911,0
119.283252917,2.62,2620,5,312083.484,18548.668,317676.674,1425379.175,0.487114641
119.904437474,1.575,1575,5,312085.059,18548.668,317678.249,1425379.175,0.621184557
119.906047565,0.286,286,5,312085.345,18663.356,317678.535,1425493.863,0.00161009099999
119.907707328,2.513,2513,5,312087.858,19679.164,317681.048,1426509.671,0.00165976300001
119.915903225,0.19,190,5,312088.048,19695.548,317681.238,1426526.055,0.00819589699999
120.101958996,0.114,114,5,312088.162,19703.74,317681.352,1428418.407,0.186055771
120.533673373,0.184,184,5,312088.346,19707.836,317681.536,1428422.503,0.431714377
120.538096953,1.775,1775,5,312090.121,19709.292,317683.311,1428423.959,0.00442357999999
120.540612707,1572.864,262144,5,313662.985,19709.292,319256.175,1428423.959,0.002515754
120.543757869,524.288,262144,5,314187.273,19709.292,319780.463,1428423.959,0.00314516200001
120.544887141,524.288,262144,5,314711.561,19709.292,320304.751,1428423.959,0.001129272
120.546005609,1048.576,262144,5,315760.137,19709.292,321353.327,1428423.959,0.001118468
120.548219894,1048.576,262144,5,316808.713,19709.292,322401.903,1428423.959,0.00221428499999
120.550436738,1048.576,262144,5,317857.289,19709.292,323450.479,1428423.959,0.002216844
120.552633408,524.288,262144,5,318381.577,19709.292,323974.767,1428423.959,0.00219667
120.553767958,1048.576,262144,5,319430.153,19709.292,325023.343,1428423.959,0.00113454999999
120.55599706,524.288,262144,5,319954.441,19709.292,325547.631,1428423.959,0.002229102
120.557156844,1048.576,262144,5,321003.017,19709.292,326596.207,1428423.959,0.00115978400001
120.559355292,1048.576,262144,5,322051.593,19709.292,327644.783,1428423.959,0.002198448
120.561556892,524.288,262144,5,322575.881,19709.292,328169.071,1428423.959,0.00220159999999
120.562717225,1048.576,262144,5,323624.457,19709.292,329217.647,1428423.959,0.001160333
120.565471591,524.288,262144,5,324148.745,19709.292,329741.935,1428423.959,0.002754366
120.567233986,524.288,262144,5,324673.033,19709.292,330266.223,1428423.959,0.001762395
120.569017312,524.288,262144,5,325197.321,19709.292,330790.511,1428423.959,0.00178332599999
120.570768878,524.288,262144,5,325721.609,19709.292,331314.799,1428423.959,0.001751566
120.57282973,524.288,262144,5,326245.897,19709.292,331839.087,1428423.959,0.002060852
120.574897692,524.288,262144,5,326770.185,19709.292,332363.375,1428423.959,0.002067962
120.577088708,524.288,262144,5,327294.473,19709.292,332887.663,1428423.959,0.00219101600001
120.579153806,524.288,262144,5,327818.761,19709.292,333411.951,1428423.959,0.00206509799999
120.581221169,524.288,262144,5,328343.049,19709.292,333936.239,1428423.959,0.00206736300001
120.583411867,524.288,262144,5,328867.337,19709.292,334460.527,1428423.959,0.00219069799999
120.585474659,524.288,262144,5,329391.625,19709.292,334984.815,1428423.959,0.002062792
120.587534854,524.288,262144,5,329915.913,19709.292,335509.103,1428423.959,0.002060195
120.589590308,524.288,262144,5,330440.201,19709.292,336033.391,1428423.959,0.002055454
120.591944197,524.288,262144,5,330964.489,19709.292,336557.679,1428423.959,0.00235388900001
120.593994209,524.288,262144,5,331488.777,19709.292,337081.967,1428423.959,0.002050012
120.596054478,524.288,262144,5,332013.065,19709.292,337606.255,1428423.959,0.002060269
120.598127649,524.288,262144,5,332537.353,19709.292,338130.543,1428423.959,0.00207317100001
120.600177487,524.288,262144,5,333061.641,19709.292,338654.831,1428423.959,0.00204983799999
120.602536293,524.288,262144,5,333585.929,19709.292,339179.119,1428423.959,0.002358806
120.604594719,524.288,262144,5,334110.217,19709.292,339703.407,1428423.959,0.002058426
120.606802134,524.288,262144,5,334634.505,19709.292,340227.695,1428423.959,0.002207415
120.609001413,524.288,262144,5,335158.793,19709.292,340751.983,1428423.959,0.002199279
120.611081674,524.288,262144,5,335683.081,19709.292,341276.271,1428423.959,0.002080261
120.613273387,524.288,262144,5,336207.369,19709.292,341800.559,1428423.959,0.002191713
120.615475866,524.288,262144,5,336731.657,19709.292,342324.847,1428423.959,0.00220247899999
120.617676123,524.288,262144,5,337255.945,19709.292,342849.135,1428423.959,0.002200257
120.619879911,524.288,262144,5,337780.233,19709.292,343373.423,1428423.959,0.002203788
120.621952324,524.288,262144,5,338304.521,19709.292,343897.711,1428423.959,0.00207241300001
120.624151732,524.288,262144,5,338828.809,19709.292,344421.999,1428423.959,0.002199408
120.626361892,524.288,262144,5,339353.097,19709.292,344946.287,1428423.959,0.00221016
120.628569815,524.288,262144,5,339877.385,19709.292,345470.575,1428423.959,0.002207923
120.630622047,524.288,262144,5,340401.673,19709.292,345994.863,1428423.959,0.002052232
120.632832631,524.288,262144,5,340925.961,19709.292,346519.151,1428423.959,0.002210584
120.635041677,524.288,262144,5,341450.249,19709.292,347043.439,1428423.959,0.002209046
120.637091765,524.288,262144,5,341974.537,19709.292,347567.727,1428423.959,0.00205008799999
120.639160473,524.288,262144,5,342498.825,19709.292,348092.015,1428423.959,0.00206870800001
120.64136552,524.288,262144,5,343023.113,19709.292,348616.303,1428423.959,0.00220504699999
120.643412556,524.288,262144,5,343547.401,19709.292,349140.591,1428423.959,0.00204703600001
120.64518494,524.288,262144,5,344071.689,19709.292,349664.879,1428423.959,0.00177238399999
120.647097186,524.288,262144,5,344595.977,19709.292,350189.167,1428423.959,0.001912246
120.649139331,524.288,262144,5,345120.265,19709.292,350713.455,1428423.959,0.002042145
120.651081329,524.288,262144,5,345644.553,19709.292,351237.743,1428423.959,0.00194199799999
120.652985613,524.288,262144,5,346168.841,19709.292,351762.031,1428423.959,0.00190428400001
120.65504785,524.288,262144,5,346693.129,19709.292,352286.319,1428423.959,0.002062237
120.656951,524.288,262144,5,347217.417,19709.292,352810.607,1428423.959,0.00190315
120.658858252,524.288,262144,5,347741.705,19709.292,353334.895,1428423.959,0.001907252
120.66077618,524.288,262144,5,348265.993,19709.292,353859.183,1428423.959,0.001917928
120.66268783,524.288,262144,5,348790.281,19709.292,354383.471,1428423.959,0.00191165
120.664601939,524.288,262144,5,349314.569,19709.292,354907.759,1428423.959,0.001914109
120.666509433,524.288,262144,5,349838.857,19709.292,355432.047,1428423.959,0.00190749400001
120.668408831,524.288,262144,5,350363.145,19709.292,355956.335,1428423.959,0.00189939799999
120.670327454,524.288,262144,5,350887.433,19709.292,356480.623,1428423.959,0.00191862300001
120.672240792,524.288,262144,5,351411.721,19709.292,357004.911,1428423.959,0.00191333799999
120.674151016,524.288,262144,5,351936.009,19709.292,357529.199,1428423.959,0.001910224
120.675922853,524.288,262144,5,352460.297,19709.292,358053.487,1428423.959,0.00177183700001
120.677680244,524.288,262144,5,352984.585,19709.292,358577.775,1428423.959,0.001757391
120.679454245,524.288,262144,5,353508.873,19709.292,359102.063,1428423.959,0.001774001
120.681068831,524.288,262144,5,354033.161,19709.292,359626.351,1428423.959,0.001614586
120.682836078,524.288,262144,5,354557.449,19709.292,360150.639,1428423.959,0.00176724699999
120.684592686,524.288,262144,5,355081.737,19709.292,360674.927,1428423.959,0.00175660800001
120.686370183,524.288,262144,5,355606.025,19709.292,361199.215,1428423.959,0.00177749699999
120.688129754,524.288,262144,5,356130.313,19709.292,361723.503,1428423.959,0.00175957100001
120.689753075,524.288,262144,5,356654.601,19709.292,362247.791,1428423.959,0.001623321
120.691510221,524.288,262144,5,357178.889,19709.292,362772.079,1428423.959,0.001757146
120.693270881,524.288,262144,5,357703.177,19709.292,363296.367,1428423.959,0.00176066
120.695042411,524.288,262144,5,358227.465,19709.292,363820.655,1428423.959,0.00177153
120.696796331,524.288,262144,5,358751.753,19709.292,364344.943,1428423.959,0.00175392
120.698418166,524.288,262144,5,359276.041,19709.292,364869.231,1428423.959,0.00162183499999
120.700189618,524.288,262144,5,359800.329,19709.292,365393.519,1428423.959,0.001771452
120.701954264,524.288,262144,5,360324.617,19709.292,365917.807,1428423.959,0.001764646
120.70371086,524.288,262144,5,360848.905,19709.292,366442.095,1428423.959,0.00175659600001
120.705479554,524.288,262144,5,361373.193,19709.292,366966.383,1428423.959,0.00176869399999
120.707089986,524.288,262144,5,361897.481,19709.292,367490.671,1428423.959,0.00161043200001
120.708848491,524.288,262144,5,362421.769,19709.292,368014.959,1428423.959,0.001758505
120.710626902,524.288,262144,5,362946.057,19709.292,368539.247,1428423.959,0.001778411
120.712676842,524.288,262144,5,363470.345,19709.292,369063.535,1428423.959,0.00204993999999
120.71474335,524.288,262144,5,363994.633,19709.292,369587.823,1428423.959,0.00206650800001
120.716793213,524.288,262144,5,364518.921,19709.292,370112.111,1428423.959,0.002049863
120.718848812,524.288,262144,5,365043.209,19709.292,370636.399,1428423.959,0.002055599
120.720917591,524.288,262144,5,365567.497,19709.292,371160.687,1428423.959,0.002068779
120.722971995,524.288,262144,5,366091.785,19709.292,371684.975,1428423.959,0.00205440399999
120.724879365,524.288,262144,5,366616.073,19709.292,372209.263,1428423.959,0.00190737000001
120.726943086,524.288,262144,5,367140.361,19709.292,372733.551,1428423.959,0.002063721
120.728999839,524.288,262144,5,367664.649,19709.292,373257.839,1428423.959,0.00205675299999
120.731048286,524.288,262144,5,368188.937,19709.292,373782.127,1428423.959,0.00204844700001
120.733125831,524.288,262144,5,368713.225,19709.292,374306.415,1428423.959,0.00207754499999
120.735172762,524.288,262144,5,369237.513,19709.292,374830.703,1428423.959,0.00204693100001
120.737088191,524.288,262144,5,369761.801,19709.292,375354.991,1428423.959,0.00191542899999
120.739150935,524.288,262144,5,370286.089,19709.292,375879.279,1428423.959,0.002062744
120.741207416,524.288,262144,5,370810.377,19709.292,376403.567,1428423.959,0.002056481
120.743271789,524.288,262144,5,371334.665,19709.292,376927.855,1428423.959,0.00206437300001
120.745322928,524.288,262144,5,371858.953,19709.292,377452.143,1428423.959,0.00205113899999
120.747384389,524.288,262144,5,372383.241,19709.292,377976.431,1428423.959,0.00206146100001
120.749440051,524.288,262144,5,372907.529,19709.292,378500.719,1428423.959,0.00205566199999
120.751500977,524.288,262144,5,373431.817,19709.292,379025.007,1428423.959,0.00206092600001
120.75326025,524.288,262144,5,373956.105,19709.292,379549.295,1428423.959,0.00175927299999
120.755178787,524.288,262144,5,374480.393,19709.292,380073.583,1428423.959,0.00191853700001
120.756945135,524.288,262144,5,375004.681,19709.292,380597.871,1428423.959,0.00176634799999
120.758998098,524.288,262144,5,375528.969,19709.292,381122.159,1428423.959,0.00205296300001
120.760763324,524.288,262144,5,376053.257,19709.292,381646.447,1428423.959,0.00176522599999
120.76252701,524.288,262144,5,376577.545,19709.292,382170.735,1428423.959,0.001763686
120.764448679,524.288,262144,5,377101.833,19709.292,382695.023,1428423.959,0.001921669
120.766354375,524.288,262144,5,377626.121,19709.292,383219.311,1428423.959,0.00190569600001
120.768126221,524.288,262144,5,378150.409,19709.292,383743.599,1428423.959,0.001771846
120.769887136,524.288,262144,5,378674.697,19709.292,384267.887,1428423.959,0.00176091499999
120.77179426,524.288,262144,5,379198.985,19709.292,384792.175,1428423.959,0.001907124
120.773567817,524.288,262144,5,379723.273,19709.292,385316.463,1428423.959,0.00177355700001
120.775466533,524.288,262144,5,380247.561,19709.292,385840.751,1428423.959,0.001898716
120.77723494,524.288,262144,5,380771.849,19709.292,386365.039,1428423.959,0.001768407
120.778999388,524.288,262144,5,381296.137,19709.292,386889.327,1428423.959,0.001764448
120.780769983,524.288,262144,5,381820.425,19709.292,387413.615,1428423.959,0.001770595
120.782544239,524.288,262144,5,382344.713,19709.292,387937.903,1428423.959,0.001774256
120.784445009,524.288,262144,5,382869.001,19709.292,388462.191,1428423.959,0.00190076999999
120.786351319,524.288,262144,5,383393.289,19709.292,388986.479,1428423.959,0.00190631000001
120.788271675,524.288,262144,5,383917.577,19709.292,389510.767,1428423.959,0.001920356
120.790188384,524.288,262144,5,384441.865,19709.292,390035.055,1428423.959,0.001916709
120.792096166,524.288,262144,5,384966.153,19709.292,390559.343,1428423.959,0.00190778199999
120.794004016,524.288,262144,5,385490.441,19709.292,391083.631,1428423.959,0.00190785000001
120.795773423,524.288,262144,5,386014.729,19709.292,391607.919,1428423.959,0.001769407
119.796998699,0.22,220,2,153.225,657655.243,392132.207,1428432.151,0
120.797681427,524.288,262144,5,386539.017,19709.292,392132.427,1428440.343,1.000682728
120.79960359,524.288,262144,5,387063.305,19709.292,392656.715,1428440.343,0.001922163
120.801506902,524.288,262144,5,387587.593,19709.292,393181.003,1428440.343,0.001903312
120.803415899,524.288,262144,5,388111.881,19709.292,393705.291,1428440.343,0.001908997
120.805180864,524.288,262144,5,388636.169,19709.292,394229.579,1428440.343,0.00176496499999
120.80694304,524.288,262144,5,389160.457,19709.292,394753.867,1428440.343,0.001762176
120.808715401,524.288,262144,5,389684.745,19709.292,395278.155,1428440.343,0.00177236100001
120.810474894,524.288,262144,5,390209.033,19709.292,395802.443,1428440.343,0.00175949299999
120.812229476,524.288,262144,5,390733.321,19709.292,396326.731,1428440.343,0.001754582
120.814151391,524.288,262144,5,391257.609,19709.292,396851.019,1428440.343,0.001921915
120.81590782,524.288,262144,5,391781.897,19709.292,397375.307,1428440.343,0.00175642900001
120.81768361,524.288,262144,5,392306.185,19709.292,397899.595,1428440.343,0.00177579
120.819451939,524.288,262144,5,392830.473,19709.292,398423.883,1428440.343,0.001768329
120.821066595,524.288,262144,5,393354.761,19709.292,398948.171,1428440.343,0.001614656
120.822825584,524.288,262144,5,393879.049,19709.292,399472.459,1428440.343,0.001758989
120.824598747,524.288,262144,5,394403.337,19709.292,399996.747,1428440.343,0.001773163
120.826360342,524.288,262144,5,394927.625,19709.292,400521.035,1428440.343,0.001761595
120.827967762,524.288,262144,5,395451.913,19709.292,401045.323,1428440.343,0.00160742
120.829737266,524.288,262144,5,395976.201,19709.292,401569.611,1428440.343,0.00176950399999
120.83150152,524.288,262144,5,396500.489,19709.292,402093.899,1428440.343,0.00176425400001
120.833277901,524.288,262144,5,397024.777,19709.292,402618.187,1428440.343,0.001776381
120.835033131,524.288,262144,5,397549.065,19709.292,403142.475,1428440.343,0.00175523
120.836801406,524.288,262144,5,398073.353,19709.292,403666.763,1428440.343,0.001768275
120.838415061,524.288,262144,5,398597.641,19709.292,404191.051,1428440.343,0.001613655
120.840040605,524.288,262144,5,399121.929,19709.292,404715.339,1428440.343,0.00162554399999
120.841506197,524.288,262144,5,399646.217,19709.292,405239.627,1428440.343,0.001465592
120.84313308,524.288,262144,5,400170.505,19709.292,405763.915,1428440.343,0.001626883
120.844739535,524.288,262144,5,400694.793,19709.292,406288.203,1428440.343,0.001606455
120.846375102,524.288,262144,5,401219.081,19709.292,406812.491,1428440.343,0.00163556699999
120.847830494,524.288,262144,5,401743.369,19709.292,407336.779,1428440.343,0.001455392
120.849601355,524.288,262144,5,402267.657,19709.292,407861.067,1428440.343,0.00177086100001
120.851069783,524.288,262144,5,402791.945,19709.292,408385.355,1428440.343,0.001468428
120.852843493,524.288,262144,5,403316.233,19709.292,408909.643,1428440.343,0.00177370999999
120.8545935,524.288,262144,5,403840.521,19709.292,409433.931,1428440.343,0.001750007
120.856077232,524.288,262144,5,404364.809,19709.292,409958.219,1428440.343,0.00148373200001
120.857826995,524.288,262144,5,404889.097,19709.292,410482.507,1428440.343,0.00174976299999
120.859297124,524.288,262144,5,405413.385,19709.292,411006.795,1428440.343,0.001470129
120.860928532,524.288,262144,5,405937.673,19709.292,411531.083,1428440.343,0.00163140800001
120.862523557,524.288,262144,5,406461.961,19709.292,412055.371,1428440.343,0.001595025
120.864157215,524.288,262144,5,406986.249,19709.292,412579.659,1428440.343,0.001633658
120.865756039,524.288,262144,5,407510.537,19709.292,413103.947,1428440.343,0.001598824
120.867398158,524.288,262144,5,408034.825,19709.292,413628.235,1428440.343,0.001642119
120.869009275,524.288,262144,5,408559.113,19709.292,414152.523,1428440.343,0.001611117
120.870772707,524.288,262144,5,409083.401,19709.292,414676.811,1428440.343,0.001763432
120.87223809,524.288,262144,5,409607.689,19709.292,415201.099,1428440.343,0.001465383
120.873868902,524.288,262144,5,410131.977,19709.292,415725.387,1428440.343,0.001630812
120.875618977,524.288,262144,5,410656.265,19709.292,416249.675,1428440.343,0.001750075
120.877248021,524.288,262144,5,411180.553,19709.292,416773.963,1428440.343,0.001629044
120.878856141,524.288,262144,5,411704.841,19709.292,417298.251,1428440.343,0.00160812
120.880479728,524.288,262144,5,412229.129,19709.292,417822.539,1428440.343,0.001623587
120.882098567,524.288,262144,5,412753.417,19709.292,418346.827,1428440.343,0.001618839
120.883868131,524.288,262144,5,413277.705,19709.292,418871.115,1428440.343,0.001769564
120.885771037,524.288,262144,5,413801.993,19709.292,419395.403,1428440.343,0.001902906
120.887536249,524.288,262144,5,414326.281,19709.292,419919.691,1428440.343,0.001765212
120.889293397,524.288,262144,5,414850.569,19709.292,420443.979,1428440.343,0.00175714800001
120.891060753,495.504,262144,5,415346.073,19709.292,420939.483,1428440.343,0.001767356
120.892843669,336.4,233360,5,415682.473,19709.292,421275.883,1428440.343,0.001782916
120.894574248,103.04,103040,5,415785.513,19711.34,421378.923,1428442.391,0.001730579
120.989769215,0.184,184,5,415785.697,19713.356,421379.107,1428444.407,0.095194967
121.083219648,0.19,190,5,415785.887,19723.228,421379.297,1428454.279,0.093450433
121.632679686,1.575,1575,5,415787.462,19723.228,421380.872,1428454.279,0.549460038
121.634186172,0.286,286,5,415787.748,23575.516,421381.158,1432306.567,0.001506486
120.798555722,0.22,220,2,153.445,657671.627,421381.348,1432315.783,0
121.689699004,0.19,190,5,415787.938,23576.54,421381.568,1432323.975,0.891143282
121.989686064,2.339,2339,5,415790.277,23589.068,421383.907,1432336.503,0.29998706
121.993741922,1.575,1575,5,415791.852,23589.068,421385.482,1432336.503,0.004055858
121.799820631,0.22,220,2,153.665,657688.011,421387.821,1432344.695,0
122.268738687,2.339,2339,5,415794.191,23595.212,421388.041,1432359.031,0.468918056
123.289164524,0.19,190,5,415794.381,23599.82,421388.231,1432363.639,1.020425837
123.292461345,0.19,190,5,415794.571,23601.804,421388.421,1432365.623,0.00329682100001
123.297042507,0.19,190,5,415794.761,23605.388,421388.611,1432369.207,0.00458116199999
122.801033087,0.22,220,2,153.885,657704.395,421388.801,1432378.999,0
123.305391778,0.19,190,5,415794.951,23615.852,421389.021,1432396.055,0.504358691
123.827485021,1.575,1575,5,415796.526,23615.852,421390.596,1432396.055,0.522093243
123.830380329,0.286,286,5,415796.812,23616.844,421390.882,1433019.639,0.00289530799999
123.838029881,0.19,190,5,415797.002,23617.804,421391.072,1433020.599,0.007649552
123.958005598,0.286,286,5,415797.288,28157.1,421391.358,1437559.895,0.119975717
124.007704893,0.19,190,5,415797.478,28157.996,421391.548,1437560.791,0.049699295
124.225054521,2.62,2620,5,415800.098,28167.324,421394.168,1437570.119,0.217349628
124.228412975,1.575,1575,5,415801.673,28167.324,421395.743,1437570.119,0.00335845399999
123.801956116,0.22,220,2,154.105,657720.779,421398.363,1437578.311,0
124.803021747,0.22,220,2,154.325,657737.163,421398.583,1437596.583,1.001065631
124.439623571,2.62,2620,5,415804.293,28175.516,421398.803,1437612.967,0
126.203132639,0.19,190,5,415804.483,28183.676,421398.993,1437621.127,1.763509068
125.8037925,0.22,220,2,154.545,657753.547,421399.183,1437630.279,0
126.591907709,0.19,190,5,415804.673,28193.548,421399.403,1437647.383,0.788115209
127.049488864,1.575,1575,5,415806.248,28193.548,421400.978,1437647.383,0.457581155
127.051413367,0.286,286,5,415806.534,33159.948,421401.264,1442613.783,0.001924503
127.101478914,0.19,190,5,415806.724,33160.972,421401.454,1442614.807,0.050065547
127.405962902,2.339,2339,5,415809.063,33173.5,421403.793,1442627.335,0.304483988
127.40934274,1.575,1575,5,415810.638,33173.5,421405.368,1442627.335,0.003379838
126.804697282,0.22,220,2,154.765,657769.931,421407.707,1442635.527,0
127.805700306,0.22,220,2,154.985,657786.315,421407.927,1442651.911,1.001003024
127.686202192,2.339,2339,5,415812.977,33187.836,421408.147,1442674.439,0
129.041232431,1.575,1575,5,415814.552,33187.836,421409.722,1442674.439,1.355030239
129.042938588,0.286,286,5,415814.838,34220.028,421410.008,1443706.631,0.001706157
129.05360291,0.19,190,5,415815.028,34269.18,421410.198,1443755.783,0.010664322
129.173534847,0.286,286,5,415815.314,38905.852,421410.484,1448392.455,0.119931937
129.2244977,0.19,190,5,415815.504,38922.236,421410.674,1448408.839,0.050962853
129.446499748,2.62,2620,5,415818.124,38938.62,421413.294,1448425.223,0.222002048
129.44977941,1.575,1575,5,415819.699,38938.62,421414.869,1448425.223,0.00327966199998
128.806404844,0.22,220,2,155.205,657802.699,421417.489,1448433.415,0
129.66086349,2.62,2620,5,415822.319,38938.62,421417.709,1448441.607,0.854458646
129.907268103,0.339,339,5,415822.658,39184.38,421418.048,1448697.319,0.246404613
131.6837328,0.19,190,5,415822.848,39204.86,421418.238,1448717.799,1.776464697
132.340158969,1.575,1575,5,415824.423,39204.86,421419.813,1448717.799,0.656426169
132.341812413,0.286,286,5,415824.709,44742.652,421420.099,1454255.591,0.00165344400003
132.408220006,0.19,190,5,415824.899,44775.42,421420.289,1454288.359,0.066407593
132.694963296,2.339,2339,5,415827.238,44799.996,421422.628,1454312.935,0.28674329
132.698065978,1.575,1575,5,415828.813,44799.996,421424.203,1454312.935,0.00310268199999
132.964923398,2.339,2339,5,415831.152,44931.068,421426.542,1454444.007,0.26685742
134.15501938,0.19,190,5,415831.342,45053.948,421426.732,1454566.887,1.190095982
134.246818463,1.575,1575,5,415832.917,45053.948,421428.307,1454566.887,0.091799083
134.250041947,0.286,286,5,415833.203,45185.02,421428.593,1455517.159,0.00322348399999
134.257842154,0.19,190,5,415833.393,45250.556,421428.783,1455582.695,0.007800207
134.357587436,0.286,286,5,415833.679,50247.676,421429.069,1460579.815,0.099745282
134.442739508,0.19,190,5,415833.869,50264.06,421429.259,1460596.199,0.085152072
134.728752254,2.663,2663,5,415836.532,50280.444,421431.922,1460612.583,0.286012746
134.731648177,1.575,1575,5,415838.107,50280.444,421433.497,1460612.583,0.00289592300001
135.056621408,2.62,2620,5,415840.727,50411.516,421436.117,1460745.287,0.324973231
136.411633198,0.19,190,5,415840.917,50509.82,421436.307,1460843.591,1.35501179
137.057677918,1.575,1575,5,415842.492,50509.82,421437.882,1460843.591,0.64604472
137.059177753,0.286,286,5,415842.778,56809.468,421438.168,1467143.239,0.001499835
137.160945435,0.19,190,5,415842.968,56821.756,421438.358,1467155.527,0.101767682
137.462900154,2.339,2339,5,415845.307,56836.092,421440.697,1467169.863,0.301954719
137.466189851,1.575,1575,5,415846.882,56836.092,421442.272,1467169.863,0.00328969699999
