time,size,first_call,destination,dest_out_traffic,dest_in_traffic,total_network_out,total_network_in,dens10
3.557050996,0.244,244,2,0.244,24.576,0.244,92.697,0
3.596439905,0.183,183,2,0.427,40.96,0.427,109.081,0.039388909
4.614111169,0.183,183,2,0.61,57.344,0.61,125.465,1.017671264
5.615223994,0.183,183,2,0.793,73.728,0.793,141.849,1.001112825
6.616156673,0.183,183,2,0.976,90.112,0.976,158.233,1.000932679
7.616992065,0.183,183,2,1.159,106.496,1.159,174.617,1.000835392
8.617705035,0.183,183,2,1.342,122.88,1.342,191.001,1.00071297
9.618403391,0.183,183,2,1.525,139.264,1.525,207.385,1.000698356
10.6191219,0.183,183,2,1.708,155.648,1.708,223.769,1.000718509
11.619933813,0.183,183,2,1.891,172.032,1.891,240.153,1.000811913
12.620620063,0.183,183,2,2.074,188.416,2.074,256.537,1.00068625
13.621298825,0.183,183,2,2.257,204.8,2.257,272.921,1.000678762
14.624116548,0.183,183,2,2.44,221.184,2.44,289.305,1.002817723
15.624812491,0.183,183,2,2.623,237.568,2.623,305.689,1.000695943
16.625459465,0.183,183,2,2.806,253.952,2.806,322.073,1.000646974
17.626133027,0.183,183,2,2.989,270.336,2.989,338.457,1.000673562
18.627838113,0.183,183,2,3.172,286.72,3.172,354.841,1.001705086
20.292551099,0.268,268,7,0.268,8.452,3.789,374.217,1.664712986
19.62854944,0.183,183,2,3.355,303.104,4.042,390.601,0
20.665311063,0.219,219,2,3.574,335.872,4.261,423.369,1.036761623
20.87528655,0.283,283,2,3.857,352.256,4.544,439.753,0.209975487
20.918390206,0.207,207,2,4.064,368.64,4.751,456.137,0.043103656
20.959695651,0.102,102,2,4.166,376.832,4.853,464.329,0.041305445
20.331701929,0.253,253,7,0.521,24.836,4.977,49865.588,0
21.343160006,0.291,291,7,0.812,25.123,5.268,50041.079,1.011458077
20.986317064,0.124,124,2,4.29,78034.322,5.502,78138.49,0
21.345742971,0.234,234,7,1.046,41.507,5.721,140663.529,0.359425907
22.346655936,0.405,405,7,1.451,41.908,6.126,140677.137,1.000912965
21.666585794,0.219,219,2,4.509,170264.939,6.356,170385.892,0
22.348804993,0.23,230,7,1.681,58.292,6.575,232997.577,0.682219199
22.673485491,0.219,219,2,4.728,263465.542,7.09,263603.39,0.324680498
23.349932284,0.515,515,7,2.196,75.187,7.309,327621.103,0.676446793
23.680532018,0.219,219,2,4.947,359722.655,7.824,359877.398,0.330599734
24.686428573,0.219,219,2,5.166,381856.205,8.043,382010.948,1.005896555
24.351425034,0.515,515,7,2.711,92.082,8.167,415426.431,0
24.920985557,0.124,124,2,5.29,441371.207,8.682,441542.845,0.569560523
25.353312102,0.515,515,7,3.226,108.977,8.901,509174.05,0.432326545
25.692295896,0.219,219,2,5.509,545386.104,9.416,545574.637,0.338983794
26.697961091,0.219,219,2,5.728,549905.279,9.635,550093.812,1.005665195
27.280506399,0.174,174,2,5.902,549921.663,9.809,550110.196,0.582545308
26.35487973,0.515,515,7,3.741,125.872,9.997,550118.388,0
27.285515992,0.188,188,2,6.09,549929.855,10.648,550127.227,0.930636262
27.291137289,0.122,122,2,6.212,550263.84,10.77,550469.404,0.005621297
27.288615394,0.651,651,7,4.392,142.903,10.94,550477.596,0
27.325818652,0.17,170,2,6.382,550280.224,11.437,550502.665,0.037203258
27.3304208,0.184,184,2,6.566,550280.224,11.621,550502.665,0.004602148
27.326621728,0.497,497,7,4.889,159.78,11.743,550560.408,0
27.335224568,0.122,122,2,6.688,550337.967,12.122,550577.167,0.00860284
27.352982792,0.379,379,7,5.268,176.539,12.341,550593.551,0.017758224
27.702684002,0.219,219,2,6.907,550354.351,12.653,550626.623,0.34970121
19.734267236,0.166,166,5,0.166,2.732,12.872,550634.815,0
29.521434583,0.176,176,5,0.342,3.756,13.048,550635.839,9.787167347
29.551778112,0.154,154,5,0.496,6.828,13.202,550638.911,0.030343529
28.703992719,0.219,219,2,7.126,550370.735,13.372,550647.103,0
29.701938741,0.17,170,5,0.666,7.852,13.591,550656.319,0.997946022
29.738096561,0.172,172,5,0.838,8.876,13.763,550657.343,0.03615782
30.064236087,0.177,177,5,1.015,9.388,13.94,550657.855,0.326139526
30.090753215,0.176,176,5,1.191,10.396,14.116,550658.863,0.026517128
30.110810765,1.53,1530,5,2.721,11.372,15.646,550659.839,0.02005755
30.170318979,1.256,1256,5,3.977,12.316,16.902,550660.783,0.059508214
29.705048022,0.219,219,2,7.345,550387.119,17.073,550669.439,0
30.706260802,0.219,219,2,7.564,550403.503,17.292,550685.823,1.00121278
31.707453585,0.219,219,2,7.783,550419.887,17.511,550702.207,1.001192783
32.708155261,0.219,219,2,8.002,550436.271,17.73,550718.591,1.000701676
33.708806336,0.219,219,2,8.221,550444.463,17.949,550726.783,1.000651075
34.709420883,0.219,219,2,8.44,550460.847,18.168,550743.167,1.000614547
35.710475664,0.219,219,2,8.659,550477.231,18.387,550759.551,1.001054781
36.711115636,0.219,219,2,8.878,550493.615,18.606,550775.935,1.000639972
37.711749184,0.219,219,2,9.097,550509.999,18.825,550792.319,1.000633548
38.712501884,0.219,219,2,9.316,550526.383,19.044,550808.703,1.0007527
39.713152151,0.219,219,2,9.535,550542.767,19.263,550825.087,1.000650267
40.713770128,0.219,219,2,9.754,550559.151,19.482,550841.471,1.000617977
30.180971275,0.171,171,5,4.148,12.78,19.701,550849.663,0
41.714436278,0.219,219,2,9.973,550575.535,20.04,550858.303,11.533465003
42.715246589,0.219,219,2,10.192,550591.919,20.259,550874.687,1.000810311
43.715870847,0.219,219,2,10.411,550608.303,20.478,550891.071,1.000624258
44.71651288,0.219,219,2,10.63,550624.687,20.697,550907.455,1.000642033
45.717195992,0.219,219,2,10.849,550641.071,20.916,550923.839,1.000683112
46.717831369,0.219,219,2,11.068,550657.455,21.135,550940.223,1.000635377
47.718540188,0.22,220,2,11.288,550673.839,21.355,550956.607,1.000708819
48.719120224,0.22,220,2,11.508,550690.223,21.575,550972.991,1.000580036
42.001444025,0.339,339,5,4.487,22.076,21.795,550990.031,0
50.19520205,1.575,1575,5,6.062,22.076,23.37,550990.031,8.193758025
50.307478409,0.286,286,5,6.348,35.9,23.656,551003.855,0.112276359
49.719695377,0.22,220,2,11.728,550706.607,23.845,551014.095,0
50.431758198,0.189,189,5,6.537,37.948,24.065,551022.287,0.712062821
50.827218817,0.286,286,5,6.823,39.996,24.351,551060.175,0.395460619
50.720701736,0.22,220,2,11.948,550722.991,24.54,551070.415,0
51.83010519,0.23,230,8,0.23,32.768,24.99,551113.423,1.109403454
50.895834903,0.189,189,5,7.012,42.044,25.243,551187.688,0
51.721910899,0.22,220,2,12.168,550739.375,27.756,556152.379,0.826075996
52.723290359,0.22,220,2,12.388,550755.759,27.976,567929.757,1.00137946
53.724375473,0.22,220,2,12.608,550772.143,28.196,579839.281,1.001085114
54.726716649,0.22,220,2,12.828,550788.527,28.416,592673.827,1.002341176
55.72819853,0.22,220,2,13.048,550804.911,28.636,604979.789,1.001481881
56.729377118,0.22,220,2,13.268,550821.295,28.856,618408.992,1.001178588
57.730542398,0.22,220,2,13.488,550837.679,29.076,631838.195,1.00116528
58.731841882,0.22,220,2,13.708,550854.063,29.296,645333.471,1.001299484
59.732830394,0.22,220,2,13.928,550870.447,29.516,655459.024,1.000988512
60.733623105,0.22,220,2,14.148,550886.831,29.736,668690.008,1.000792711
52.008898292,2.513,2513,5,9.525,43.068,29.956,672133.996,0
61.734248421,0.22,220,2,14.368,550903.215,32.469,682251.853,9.725350129
51.931114763,0.151,151,9,0.151,135383.577,32.689,686620.863,0
61.99100584,2.513,2513,5,12.038,43.564,32.84,686689.303,10.059891077
63.153901074,2.581,2581,5,14.619,53.788,35.421,686699.527,1.162895234
51.904101899,0.102,102,8,0.332,57.344,36.996,686715.911,0
63.062744373,0.151,151,9,0.302,135452.017,37.226,686732.295,11.158642474
62.735241502,0.22,220,2,14.588,550919.599,37.377,692541.414,0
63.736352734,0.22,220,2,14.808,550935.983,37.597,705508.106,1.001111232
64.737642187,0.22,220,2,15.028,550952.367,37.817,718540.871,1.001289453
65.73853422,0.22,220,2,15.248,550960.559,38.037,731499.371,1.000892033
66.739629292,0.22,220,2,15.468,550976.943,38.257,744333.917,1.001095072
67.740432439,0.22,220,2,15.688,550993.327,38.477,757498.828,1.000803147
68.741092307,0.22,220,2,15.908,551009.711,38.697,770333.374,1.000659868
69.742085542,0.22,220,2,16.128,551026.095,38.917,783564.358,1.000993235
70.742836344,0.22,220,2,16.348,551042.479,39.137,796795.342,1.000750802
63.160499158,1.575,1575,5,16.194,53.788,39.357,799975.038,0
71.743693625,0.22,220,2,16.568,551058.863,41.87,809962.301,8.583194467
63.225488341,0.151,151,9,0.453,271218.535,42.09,822656.509,0
72.744679273,0.22,220,2,16.788,551075.247,42.241,822758.676,9.519190932
71.992383491,2.513,2513,5,18.707,55.836,42.461,822766.868,0
73.754858722,2.538,2538,5,21.245,67.1,44.999,822778.132,1.762475231
63.222499849,0.23,230,8,0.562,98.304,46.574,822802.708,0
73.77288174,0.23,230,8,0.792,114.688,46.804,822819.092,10.550381891
73.701892858,0.151,151,9,0.604,271312.51,46.948,822827.284,0
73.745731861,0.22,220,2,17.008,551091.631,47.099,834929.622,0.043839003
74.746916194,0.22,220,2,17.228,551108.015,47.319,848160.606,1.001184333
75.748299093,0.22,220,2,17.448,551124.399,47.539,861259.444,1.001382899
76.749300778,0.22,220,2,17.668,551140.783,47.759,874093.99,1.001001685
77.750049669,0.22,220,2,17.888,551157.167,47.979,887126.755,1.000748891
78.750683923,0.22,220,2,18.108,551173.551,48.199,900357.739,1.000634254
79.75141706,0.22,220,2,18.328,551189.935,48.419,913456.577,1.000733137
80.752463318,0.22,220,2,18.548,551206.319,48.639,926555.415,1.001046258
73.761194223,1.575,1575,5,22.82,67.1,48.859,929669.038,0
81.753455527,0.22,220,2,18.768,551222.703,51.372,939736.71,7.992261304
82.754523081,0.22,220,2,18.988,551239.087,51.592,952901.621,1.001067554
73.777741082,0.151,151,9,0.755,406963.166,51.812,958658.164,0
81.990988154,2.513,2513,5,25.333,83.484,51.963,958741.474,8.213247072
84.246268384,2.538,2538,5,27.871,116.252,54.501,958774.242,2.25528023
73.774942145,0.144,144,8,0.936,147.456,56.076,958798.818,0
84.312460008,0.23,230,8,1.166,163.84,56.306,958815.202,10.537517863
84.192478357,0.151,151,9,0.906,407046.476,56.45,958823.394,0
83.755388145,0.22,220,2,19.208,551255.471,56.601,964883.856,0
84.756390346,0.22,220,2,19.428,551271.855,56.821,977850.548,1.001002201
85.757407895,0.22,220,2,19.648,551288.239,57.041,991213.678,1.001017549
86.758250653,0.22,220,2,19.868,551304.623,57.261,1004378.589,1.000842758
87.758938713,0.22,220,2,20.088,551321.007,57.481,1017609.573,1.00068806
88.759715222,0.22,220,2,20.308,551337.391,57.701,1030774.484,1.000776509
89.760453148,0.22,220,2,20.528,551353.775,57.921,1043476.884,1.000737926
90.761135792,0.22,220,2,20.748,551370.159,58.141,1056707.868,1.000682644
84.302626258,1.575,1575,5,29.446,116.252,58.361,1059821.491,0
91.76175411,0.22,220,2,20.968,551386.543,60.874,1069938.315,7.459127852
92.762803996,0.22,220,2,21.188,551402.927,61.094,1082772.861,1.001049886
84.316180592,0.151,151,9,1.057,543262.556,61.314,1095268.85,0
93.764011061,0.22,220,2,21.408,551419.311,61.465,1095447.051,9.447830469
91.991493341,2.513,2513,5,31.959,181.788,61.685,1095455.243,0
94.789601314,2.538,2538,5,34.497,247.324,64.223,1095520.779,2.798107973
84.314210634,0.144,144,8,1.31,196.608,65.798,1095545.355,0
94.806876316,0.23,230,8,1.54,212.992,66.028,1095561.739,10.492665682
94.727291015,0.151,151,9,1.208,543432.565,66.172,1095569.931,0
94.765276562,0.22,220,2,21.628,551435.695,66.323,1108403.726,0.037985547
95.766636135,0.22,220,2,21.848,551452.079,66.543,1121700.783,1.001359573
96.767734801,0.22,220,2,22.068,551468.463,66.763,1134997.84,1.001098666
97.769366627,0.22,220,2,22.288,551476.655,66.983,1148220.632,1.001631826
98.770075317,0.22,220,2,22.508,551493.039,67.203,1161649.835,1.00070869
99.770824803,0.22,220,2,22.728,551509.423,67.423,1174814.746,1.000749486
100.7715102,0.22,220,2,22.948,551525.807,67.643,1188045.73,1.000685397
94.796259346,1.575,1575,5,36.072,247.324,67.863,1190696.842,0
101.772400679,0.22,220,2,23.168,551542.191,70.376,1201309.482,6.976141333
102.773545249,0.22,220,2,23.388,551558.575,70.596,1214077.955,1.00114457
103.774427629,0.22,220,2,23.608,551574.959,70.816,1227573.231,1.00088238
94.812510716,0.151,151,9,1.359,679087.875,71.036,1231413.657,0
101.989624934,2.513,2513,5,38.585,280.092,71.187,1231576.078,7.177114218
105.113541485,2.538,2538,5,41.123,312.86,73.725,1231608.846,3.123916551
94.810030859,0.144,144,8,1.684,237.568,75.3,1231625.23,0
105.128133288,0.23,230,8,1.914,262.144,75.53,1231649.806,10.318102429
105.062373391,0.151,151,9,1.51,679250.296,75.674,1231657.998,0
104.775377603,0.22,220,2,23.828,551591.343,75.825,1240399.536,0
105.776484309,0.22,220,2,24.048,551607.727,76.045,1253696.593,1.001106706
106.777491102,0.22,220,2,24.268,551624.111,76.265,1267125.796,1.001006793
107.778187112,0.22,220,2,24.488,551640.495,76.485,1280356.78,1.00069601
108.778831736,0.22,220,2,24.708,551656.879,76.705,1293521.691,1.000644624
109.779539996,0.22,220,2,24.928,551673.263,76.925,1306422.31,1.00070826
110.780650529,0.22,220,2,25.148,551689.647,77.145,1319785.44,1.001110533
105.120725686,1.575,1575,5,42.698,312.86,77.365,1322634.771,0
111.781708648,0.22,220,2,25.368,551706.031,79.878,1333181.338,6.660982962
112.782600847,0.22,220,2,25.588,551722.415,80.098,1346280.176,1.000892199
113.783708386,0.22,220,2,25.808,551738.799,80.318,1359445.087,1.001107539
105.13144512,0.151,151,9,1.661,815108.094,80.538,1367712.404,0
111.990961979,2.513,2513,5,45.211,345.628,80.689,1367778.477,6.859516859
115.487073441,2.581,2581,5,47.792,378.396,83.27,1367811.245,3.496111462
105.129786521,0.144,144,8,2.058,286.72,84.845,1367827.629,0
115.501223883,0.23,230,8,2.288,311.296,85.075,1367852.205,10.371437362
115.433319318,0.151,151,9,1.812,815174.167,85.219,1367860.397,0
114.784842326,0.22,220,2,26.028,551755.183,85.37,1371669.823,0
115.786124447,0.22,220,2,26.248,551771.567,85.59,1384702.588,1.001282121
116.787111028,0.22,220,2,26.468,551787.951,85.81,1397735.353,1.000986581
117.788312824,0.22,220,2,26.688,551804.335,86.03,1411164.556,1.001201796
118.789668182,0.22,220,2,26.908,551820.719,86.25,1424725.905,1.001355358
119.790846002,0.22,220,2,27.128,551837.103,86.47,1437824.743,1.00117782
120.791678468,0.22,220,2,27.348,551853.487,86.69,1450989.654,1.000832466
115.49288353,1.575,1575,5,49.367,378.396,86.91,1453640.766,0
121.792407249,0.22,220,2,27.568,551869.871,89.423,1464443.433,6.299523719
122.793533645,0.22,220,2,27.788,551886.255,89.643,1477740.49,1.001126396
123.794563415,0.22,220,2,28.008,551902.639,89.863,1491235.766,1.00102977
115.505319962,0.151,151,9,1.963,950989.255,90.083,1503863.901,0
121.989356437,2.513,2513,5,51.88,402.972,90.234,1503985.778,6.484036475
125.786025263,2.538,2538,5,54.418,423.452,92.772,1504006.258,3.796668826
124.795561415,0.22,220,2,28.228,551919.023,94.347,1504014.45,0
115.502991427,0.144,144,8,2.432,335.872,94.567,1504039.026,0
125.800601584,0.23,230,8,2.662,360.448,94.797,1504063.602,10.297610157
125.74117369,0.151,151,9,2.114,951111.132,94.941,1504071.794,0
125.796699779,0.22,220,2,28.448,551935.407,95.092,1517165.87,0.055526089
126.7979167,0.22,220,2,28.668,551951.791,95.312,1530529.0,1.001216921
127.799041276,0.22,220,2,28.888,551968.175,95.532,1542967.108,1.001124576
128.8002784,0.22,220,2,29.108,551984.559,95.752,1555273.07,1.001237124
129.801174297,0.22,220,2,29.328,551992.751,95.972,1568628.008,1.000895897
130.802340543,0.22,220,2,29.548,552009.135,96.192,1581660.773,1.001166246
125.791198116,1.575,1575,5,55.993,423.452,96.413,1583915.447,0
131.804989432,0.221,221,2,29.769,552025.519,98.926,1594362.636,6.013791316
132.806120206,0.221,221,2,29.99,552041.903,99.147,1607197.182,1.001130774
133.806883269,0.221,221,2,30.211,552058.287,99.368,1619899.582,1.000763063
134.807589194,0.221,221,2,30.432,552074.671,99.589,1632866.274,1.000705925
125.80382873,0.151,151,9,2.265,1087026.723,99.81,1640208.569,0
131.991445832,2.513,2513,5,58.506,488.988,99.961,1640274.642,6.187617102
136.440370854,2.538,2538,5,61.044,587.292,102.499,1640372.946,4.448925022
125.802064224,0.144,144,8,2.806,393.216,104.074,1640397.522,0
136.454045499,0.23,230,8,3.036,409.6,104.304,1640413.906,10.651981275
136.386946225,0.151,151,9,2.416,1087092.796,104.448,1640422.098,0
135.80846917,0.221,221,2,30.653,552091.055,104.599,1645139.118,0
136.80954374,0.221,221,2,30.874,552107.439,104.82,1658304.029,1.00107457
137.810317144,0.221,221,2,31.095,552123.823,105.041,1671468.94,1.000773404
138.81102079,0.221,221,2,31.316,552140.207,105.262,1683840.975,1.000703646
139.81170039,0.221,221,2,31.537,552156.591,105.483,1697071.959,1.0006796
140.812359519,0.221,221,2,31.758,552172.975,105.704,1709443.994,1.000659129
136.446312082,1.575,1575,5,62.619,587.292,105.925,1711698.668,0
141.813024416,0.221,221,2,31.979,552189.359,108.438,1722575.6,5.366712334
142.814106119,0.221,221,2,32.2,552205.743,108.659,1735938.73,1.001081703
143.815319791,0.221,221,2,32.421,552222.127,108.88,1748839.349,1.001213672
144.816618886,0.221,221,2,32.642,552238.511,109.101,1762070.333,1.001299095
145.817603166,0.221,221,2,32.863,552254.895,109.322,1775433.463,1.00098428
136.459379276,0.151,151,9,2.567,1222626.164,109.543,1776168.458,0
141.990557319,2.513,2513,5,65.132,620.06,109.694,1776325.087,5.531178043
146.929140969,2.538,2538,5,67.67,652.828,112.232,1776357.855,4.93858365
136.45727315,0.144,144,8,3.18,442.368,113.807,1776382.431,0
146.94347256,0.23,230,8,3.41,458.752,114.037,1776398.815,10.48619941
146.876865067,0.151,151,9,2.718,1222782.793,114.181,1776407.007,0
146.818494068,0.221,221,2,33.084,552271.279,114.332,1787914.688,0
147.819856348,0.221,221,2,33.305,552287.663,114.553,1800617.088,1.00136228
148.820783371,0.221,221,2,33.526,552304.047,114.774,1813781.999,1.000927023
149.821481993,0.221,221,2,33.747,552320.431,114.995,1827145.129,1.000698622
150.822140403,0.221,221,2,33.968,552336.815,115.216,1839517.164,1.00065841
146.934440003,1.575,1575,5,69.245,652.828,115.437,1841705.765,0
151.822781173,0.221,221,2,34.189,552353.199,117.95,1852913.062,4.88834117
152.823874125,0.221,221,2,34.41,552369.583,118.171,1865813.681,1.001092952
153.824904903,0.221,221,2,34.631,552385.967,118.392,1879176.811,1.001030778
154.825676767,0.221,221,2,34.852,552402.351,118.613,1892077.43,1.000771864
155.826342303,0.221,221,2,35.073,552418.735,118.834,1905374.487,1.000665536
146.9472314,0.151,151,9,2.869,1358433.449,119.055,1912254.271,0
151.99361513,2.513,2513,5,71.758,685.596,119.206,1912334.295,5.04638373
157.402191423,2.538,2538,5,74.296,718.364,121.744,1912367.063,5.408576293
146.945481424,0.144,144,8,3.554,483.328,123.319,1912383.447,0
157.414544144,0.23,230,8,3.784,507.904,123.549,1912408.023,10.46906272
157.350710371,0.151,151,9,3.02,1358513.473,123.693,1912416.215,0
156.827072697,0.221,221,2,35.294,552435.119,123.844,1917547.423,0
157.828423528,0.221,221,2,35.515,552451.503,124.065,1930448.042,1.001350831
158.829179989,0.221,221,2,35.736,552467.887,124.286,1943745.099,1.000756461
159.829865434,0.221,221,2,35.957,552484.271,124.507,1956910.01,1.000685445
160.830835546,0.221,221,2,36.178,552500.655,124.728,1969678.483,1.000970112
157.406733442,1.575,1575,5,75.871,718.364,124.949,1971792.819,0
161.831587887,0.221,221,2,36.399,552508.847,127.462,1983124.07,4.424854445
162.83331429,0.221,221,2,36.62,552525.231,127.683,1996156.835,1.001726403
163.834234849,0.221,221,2,36.841,552541.615,127.904,2009255.673,1.000920559
164.835179635,0.221,221,2,37.062,552557.999,128.125,2022750.949,1.000944786
165.836170861,0.221,221,2,37.283,552574.383,128.346,2035651.568,1.000991226
157.41890678,0.151,151,9,3.171,1494130.664,128.567,2048213.63,0
161.989281907,2.513,2513,5,78.384,742.94,128.718,2048513.921,4.570375127
166.837014637,0.221,221,2,37.504,552590.767,131.256,2048522.113,4.84773273
167.836875395,2.538,2538,5,80.922,763.42,131.477,2048550.785,0.999860758
157.416749873,0.144,144,8,3.928,540.672,133.052,2048575.361,0
167.851665957,0.23,230,8,4.158,557.056,133.282,2048591.745,10.434916084
167.788704409,0.151,151,9,3.322,1494430.955,133.426,2048599.937,0
167.838030443,0.221,221,2,37.725,552607.151,133.577,2061825.516,0.049326034
168.83939646,0.221,221,2,37.946,552623.535,133.798,2075056.5,1.001366017
169.840293506,0.221,221,2,38.167,552639.919,134.019,2088089.265,1.000897046
170.841392844,0.221,221,2,38.388,552656.303,134.24,2101122.03,1.001099338
167.844100003,1.575,1575,5,82.497,763.42,134.461,2103178.485,0
171.842150367,0.221,221,2,38.609,552672.687,136.974,2114484.086,3.998050364
172.843127134,0.221,221,2,38.83,552689.071,137.195,2127715.07,1.000976767
173.843847676,0.221,221,2,39.051,552705.455,137.416,2140747.835,1.000720542
174.844475087,0.221,221,2,39.272,552721.839,137.637,2153714.527,1.000627411
175.845121791,0.221,221,2,39.493,552738.223,137.858,2166813.365,1.000646704
176.845776457,0.221,221,2,39.714,552754.607,138.079,2179912.203,1.000654666
167.854928886,0.151,151,9,3.473,1630081.611,138.3,2184545.505,0
171.989671103,2.513,2513,5,85.01,894.492,138.451,2184702.134,4.134742217
178.243115906,2.538,2538,5,87.548,960.028,140.989,2184767.67,6.253444803
167.853385136,0.144,144,8,4.302,581.632,142.564,2184784.054,0
178.256221015,0.23,230,8,4.532,606.208,142.794,2184808.63,10.402835879
178.195707023,0.151,151,9,3.624,1630238.24,142.938,2184816.822,0
177.846408481,0.221,221,2,39.935,552770.991,143.089,2192921.304,0
178.847392292,0.221,221,2,40.156,552787.375,143.31,2206284.434,1.000983811
179.848129409,0.221,221,2,40.377,552803.759,143.531,2219581.491,1.000737117
180.848749169,0.221,221,2,40.598,552820.143,143.752,2232812.475,1.00061976
178.248879066,1.575,1575,5,89.123,960.028,143.973,2234736.784,0
181.849386483,0.221,221,2,40.819,552836.527,146.486,2245679.789,3.600507417
182.850232578,0.221,221,2,41.04,552852.911,146.707,2258844.7,1.000846095
183.850999087,0.221,221,2,41.261,552869.295,146.928,2272009.611,1.000766509
184.851626208,0.221,221,2,41.482,552885.679,147.149,2284910.23,1.000627121
185.852293306,0.221,221,2,41.703,552902.063,147.37,2298207.287,1.000667098
186.854167927,0.221,221,2,41.924,552918.447,147.591,2311438.271,1.001874621
178.259329479,0.151,151,9,3.775,1766384.004,147.812,2321159.194,0
181.988940718,2.513,2513,5,91.636,992.796,147.963,2321315.823,3.729611239
188.647693948,2.538,2538,5,94.174,1025.564,150.501,2321348.591,6.65875323
178.257480582,0.144,144,8,4.676,638.976,152.076,2321373.167,0
188.659735833,0.23,230,8,4.906,655.36,152.306,2321389.551,10.402255251
188.599498685,0.151,151,9,3.926,1766540.633,152.45,2321397.743,0
187.855358317,0.221,221,2,42.145,552934.831,152.601,2324085.324,0
188.856402212,0.221,221,2,42.366,552951.215,152.822,2336391.286,1.001043895
189.857200555,0.221,221,2,42.587,552967.599,153.043,2349556.197,1.000798343
190.858034973,0.221,221,2,42.808,552983.983,153.264,2362853.254,1.000834418
188.652898032,1.575,1575,5,95.749,1025.564,153.485,2364381.125,0
191.8587884,0.221,221,2,43.029,553000.367,155.998,2376108.814,3.205890368
192.859838039,0.221,221,2,43.25,553016.751,156.219,2389339.798,1.001049639
193.861230738,0.221,221,2,43.471,553024.943,156.44,2402694.736,1.001392699
194.864101645,0.221,221,2,43.692,553041.327,156.661,2416123.939,1.002870907
195.866188743,0.221,221,2,43.913,553057.711,156.882,2429685.288,1.002087098
196.867069161,0.221,221,2,44.134,553074.095,157.103,2443048.418,1.000880418
197.867965053,0.221,221,2,44.355,553090.479,157.324,2456147.256,1.000895892
188.662899902,0.151,151,9,4.077,1902026.752,157.545,2457080.47,0
191.989669517,2.513,2513,5,98.262,1050.14,157.696,2457146.543,3.326769615
198.990830002,2.538,2538,5,100.8,1070.62,160.234,2457167.023,7.001160485
188.661338732,0.144,144,8,5.05,688.128,161.809,2457191.599,0
199.002783457,0.23,230,8,5.28,704.512,162.039,2457207.983,10.341444725
198.939493669,0.151,151,9,4.228,1902092.825,162.183,2457216.175,0
198.868885536,0.221,221,2,44.576,553106.863,162.334,2468538.723,0
199.869889227,0.221,221,2,44.797,553123.247,162.555,2481901.853,1.001003691
200.870936828,0.221,221,2,45.018,553139.631,162.776,2495198.91,1.001047601
198.995573168,1.575,1575,5,102.375,1070.62,162.997,2496792.854,0
201.871640853,0.221,221,2,45.239,553156.015,165.51,2508560.966,2.876067685
202.872508392,0.221,221,2,45.46,553172.399,165.731,2522056.242,1.000867539
203.873494694,0.221,221,2,45.681,553188.783,165.952,2535155.08,1.000986302
204.874276062,0.221,221,2,45.902,553205.167,166.173,2547989.626,1.000781368
205.874968217,0.221,221,2,46.123,553221.551,166.394,2560493.807,1.000692155
206.875629029,0.221,221,2,46.344,553237.935,166.615,2572931.915,1.000660812
207.876412586,0.221,221,2,46.565,553254.319,166.836,2585766.461,1.000783557
199.006477753,0.151,151,9,4.379,2037888.713,167.057,2593306.975,0
201.990012503,2.513,2513,5,104.888,1201.692,167.208,2593386.999,2.98353475
209.523504205,2.538,2538,5,107.426,1267.228,169.746,2593452.535,7.533491702
199.004552077,0.144,144,8,5.424,737.28,171.321,2593477.111,0
209.53948502,0.23,230,8,5.654,753.664,171.551,2593493.495,10.534932943
209.471872257,0.151,151,9,4.53,2037968.737,171.695,2593501.687,0
208.877157073,0.221,221,2,46.786,553270.703,171.846,2597949.319,0
209.878113837,0.221,221,2,47.007,553287.087,172.067,2610585.646,1.000956764
210.879265841,0.221,221,2,47.228,553303.471,172.288,2621834.44,1.001152004
209.529016415,1.575,1575,5,109.001,1267.228,172.509,2623098.019,0
211.880279955,0.221,221,2,47.449,553319.855,175.022,2634701.754,2.35126354
212.881299468,0.221,221,2,47.67,553336.239,175.243,2647470.227,1.001019513
213.882107464,0.221,221,2,47.891,553352.623,175.464,2660701.211,1.000807996
214.882834121,0.221,221,2,48.112,553369.007,175.685,2674064.341,1.000726657
215.884608746,0.221,221,2,48.333,553385.391,175.906,2687031.033,1.001774625
216.885692482,0.221,221,2,48.554,553401.775,176.127,2699931.652,1.001083736
217.886511124,0.221,221,2,48.775,553418.159,176.348,2713294.782,1.000818642
218.887667193,0.221,221,2,48.996,553434.543,176.569,2725600.744,1.001156069
209.542093148,0.151,151,9,4.681,2173497.009,176.79,2729242.951,0
211.990299099,2.513,2513,5,111.514,1299.996,176.941,2729336.926,2.448205951
220.236721802,2.538,2538,5,114.052,1332.764,179.479,2729369.694,8.246422703
209.540823913,0.144,144,8,5.798,786.432,181.054,2729394.27,0
220.249554019,0.23,230,8,6.028,802.816,181.284,2729410.654,10.708730106
220.18463043,0.151,151,9,4.832,2173590.984,181.428,2729418.846,0
219.888419128,0.221,221,2,49.217,553450.927,181.579,2737948.093,0
220.889334282,0.221,221,2,49.438,553467.311,181.8,2750187.982,1.000915154
220.241599339,1.575,1575,5,115.627,1332.764,182.021,2751517.634,0
221.890320591,0.221,221,2,49.659,553483.695,184.534,2763435.35,1.648721252
222.891297054,0.221,221,2,49.88,553500.079,184.755,2776798.48,1.000976463
223.89208569,0.221,221,2,50.101,553516.463,184.976,2789897.318,1.000788636
224.89283201,0.221,221,2,50.322,553532.847,185.197,2802864.01,1.00074632
225.893703392,0.221,221,2,50.543,553541.039,185.418,2815624.291,1.000871382
226.89482974,0.221,221,2,50.764,553557.423,185.639,2828392.764,1.001126348
227.895625135,0.221,221,2,50.985,553573.807,185.86,2841689.821,1.000795395
228.896358465,0.221,221,2,51.206,553590.191,186.081,2854458.294,1.00073333
220.253249331,0.151,151,9,4.983,2309566.856,186.302,2865566.75,0
221.989503915,2.513,2513,5,118.14,1349.148,186.453,2865660.725,1.736254584
230.805354212,2.538,2538,5,120.678,1373.724,188.991,2865685.301,8.815850297
220.251018089,0.144,144,8,6.172,835.584,190.566,2865709.877,0
230.820800497,0.23,230,8,6.402,851.968,190.796,2865726.261,10.569782408
230.755361606,0.151,151,9,5.134,2309660.831,190.94,2865734.453,0
229.897039326,0.221,221,2,51.427,553606.575,191.091,2866882.155,0
230.898056344,0.221,221,2,51.648,553622.959,191.312,2879268.163,1.001017018
230.811055623,1.575,1575,5,122.253,1373.724,191.533,2880531.742,0
231.899329346,0.221,221,2,51.869,553639.343,194.046,2892895.048,1.088273723
232.900322903,0.221,221,2,52.09,553655.727,194.267,2906192.105,1.000993557
233.901087889,0.221,221,2,52.311,553672.111,194.488,2919290.943,1.000764986
234.901811481,0.221,221,2,52.532,553688.495,194.709,2932786.219,1.000723592
235.90260024,0.221,221,2,52.753,553704.879,194.93,2945686.838,1.000788759
236.903258866,0.221,221,2,52.974,553721.263,195.151,2959182.114,1.000658626
237.904003201,0.221,221,2,53.195,553737.647,195.372,2972545.244,1.000744335
238.904747894,0.221,221,2,53.416,553754.031,195.593,2986238.739,1.000744693
239.906355621,0.221,221,2,53.637,553770.415,195.814,2999469.723,1.001607727
230.823455479,0.151,151,9,5.285,2445405.015,196.035,3001724.397,0
231.989018903,2.513,2513,5,124.766,1439.26,196.186,3001881.026,1.165563424
241.135317691,2.538,2538,5,127.304,1537.564,198.724,3001979.33,9.146298788
230.822154696,0.144,144,8,6.546,876.544,200.299,3001995.714,0
241.147622381,0.23,230,8,6.776,901.12,200.529,3002020.29,10.325467685
241.093467924,0.151,151,9,5.436,2445561.644,200.673,3002028.482,0
240.907545832,0.221,221,2,53.858,553786.799,200.824,3012148.63,0
241.140135598,1.575,1575,5,128.879,1537.564,201.045,3013280.063,0.232589766
241.908443449,0.221,221,2,54.079,553803.183,203.558,3025379.077,0.768307851
242.910129362,0.221,221,2,54.3,553819.567,203.779,3039138.645,1.001685913
243.911129657,0.221,221,2,54.521,553835.951,204.0,3052898.213,1.001000295
244.912166239,0.221,221,2,54.742,553852.335,204.221,3066459.562,1.001036582
245.91316259,0.221,221,2,54.963,553868.719,204.442,3079888.765,1.000996351
246.913904085,0.221,221,2,55.184,553885.103,204.663,3093384.041,1.000741495
247.914668599,0.221,221,2,55.405,553901.487,204.884,3107077.536,1.000764514
248.915524249,0.221,221,2,55.626,553917.871,205.105,3120704.958,1.00085565
249.916307318,0.221,221,2,55.847,553934.255,205.326,3133869.869,1.000783069
241.150812851,0.151,151,9,5.587,2581212.3,205.547,3137908.514,0
241.988901125,2.513,2513,5,131.392,1603.1,205.698,3138065.143,0.838088274
251.264195881,2.538,2538,5,133.93,1635.868,208.236,3138097.911,9.275294756
241.149469578,0.144,144,8,6.92,925.696,209.811,3138114.295,0
251.27599204,0.23,230,8,7.15,950.272,210.041,3138138.871,10.126522462
251.221804604,0.151,151,9,5.738,2581368.929,210.185,3138147.063,0
250.916993433,0.221,221,2,56.068,553950.639,210.336,3146101.66,0
251.268780989,1.575,1575,5,135.505,1635.868,210.557,3147034.874,0.351787556
251.917834338,0.221,221,2,56.289,553967.023,213.07,3159489.366,0.649053349
252.919139397,0.221,221,2,56.51,553983.407,213.291,3172720.35,1.001305059
253.920081045,0.221,221,2,56.731,553999.791,213.512,3186083.48,1.000941648
254.923277212,0.221,221,2,56.952,554016.175,213.733,3199776.975,1.003196167
255.924585373,0.221,221,2,57.173,554032.559,213.954,3213140.105,1.001308161
256.925548695,0.221,221,2,57.394,554048.943,214.175,3226635.381,1.000963322
257.927636197,0.221,221,2,57.615,554065.327,214.396,3240262.803,1.002087502
258.928628514,0.221,221,2,57.836,554081.711,214.617,3254022.371,1.000992317
259.930142572,0.221,221,2,58.057,554098.095,214.838,3267649.793,1.001514058
251.279029363,0.151,151,9,5.889,2716836.224,215.059,3273802.774,0
252.014435181,2.513,2513,5,138.018,1660.444,215.21,3273959.403,0.735405818
261.421370173,2.538,2538,5,140.556,1680.924,217.748,3273979.883,9.406934992
251.277643164,0.144,144,8,7.294,974.848,219.323,3273996.267,0
261.431319587,0.23,230,8,7.524,999.424,219.553,3274020.843,10.153676423
261.381896604,0.151,151,9,6.04,2716992.853,219.697,3274029.035,0
260.930908599,0.221,221,2,58.278,554114.479,219.848,3280515.168,0
261.425627154,1.575,1575,5,142.131,1680.924,220.069,3281184.09,0.494718555
261.93169029,0.221,221,2,58.499,554130.863,222.582,3293745.615,0.506063136
262.932477514,0.221,221,2,58.72,554147.247,222.803,3307505.183,1.000787224
263.933339861,0.221,221,2,58.941,554163.631,223.024,3321066.532,1.000862347
264.934084972,0.221,221,2,59.162,554180.015,223.245,3334760.027,1.000745111
265.935078005,0.221,221,2,59.383,554196.399,223.466,3348453.522,1.000993033
266.935743961,0.221,221,2,59.604,554212.783,223.687,3361948.798,1.000665956
267.936339815,0.221,221,2,59.825,554229.167,223.908,3375245.855,1.000595854
268.936818211,0.221,221,2,60.046,554245.551,224.129,3388278.62,1.000478396
269.937264748,0.221,221,2,60.267,554261.935,224.35,3401707.823,1.000446537
261.433538226,0.151,151,9,6.191,2852643.509,224.571,3409909.067,0
261.990035343,2.513,2513,5,144.644,1746.46,224.722,3410003.042,0.556497117
271.57414002,2.538,2538,5,147.182,1844.764,227.26,3410101.346,9.584104677
261.432339704,0.144,144,8,7.668,1024.0,228.835,3410117.73,0
271.586235265,0.23,230,8,7.898,1048.576,229.065,3410142.306,10.153895561
271.537227005,0.151,151,9,6.342,2852737.484,229.209,3410150.498,0
270.937795137,0.221,221,2,60.488,554278.319,229.36,3414590.415,0
271.578933547,1.575,1575,5,148.757,1844.764,229.581,3415259.337,0.64113841
271.938552982,0.221,221,2,60.709,554294.703,232.094,3428052.386,0.359619435
272.939278832,0.221,221,2,60.93,554311.087,232.315,3441415.516,1.00072585
273.93995598,0.221,221,2,61.151,554327.471,232.536,3455307.23,1.000677148
274.940622779,0.221,221,2,61.372,554343.855,232.757,3468604.287,1.000666799
275.941334706,0.221,221,2,61.593,554360.239,232.978,3482231.709,1.000711927
276.942056603,0.221,221,2,61.814,554376.623,233.199,3495594.839,1.000721897
277.942732282,0.221,221,2,62.035,554393.007,233.42,3509156.188,1.000675679
278.943344541,0.221,221,2,62.256,554409.391,233.641,3522717.537,1.000612259
279.943935332,0.221,221,2,62.477,554425.775,233.862,3536014.594,1.000590791
271.589222516,0.151,151,9,6.493,2988522.333,234.083,3546131.955,0
271.989052784,2.513,2513,5,151.27,1877.532,234.234,3546288.584,0.399830268
281.724007001,2.538,2538,5,153.808,1926.684,236.772,3546337.736,9.734954217
271.587539124,0.144,144,8,8.042,1073.152,238.347,3546354.12,0
281.735332869,0.23,230,8,8.272,1097.728,238.577,3546378.696,10.147793745
281.687693792,0.151,151,9,6.644,2988678.962,238.721,3546386.888,0
280.944522161,0.221,221,2,62.698,554442.159,238.872,3548945.541,0
281.728448647,1.575,1575,5,155.383,1926.684,239.093,3549151.952,0.783926486
281.945281631,0.221,221,2,62.919,554458.543,241.606,3561796.471,0.216832984
282.946199041,0.221,221,2,63.14,554474.927,241.827,3575093.528,1.00091741
283.94715331,0.221,221,2,63.361,554491.311,242.048,3588258.439,1.000954269
284.94773231,0.221,221,2,63.582,554507.695,242.269,3601885.861,1.000579
285.948340128,0.221,221,2,63.803,554524.079,242.49,3615248.991,1.000607818
286.949069874,0.221,221,2,64.024,554540.463,242.711,3628810.34,1.000729746
287.94988216,0.221,221,2,64.245,554556.847,242.932,3642371.689,1.000812286
288.950492528,0.221,221,2,64.466,554565.039,243.153,3655594.481,1.000610368
289.950949851,0.221,221,2,64.687,554581.423,243.374,3668693.319,1.000457323
290.951743945,0.221,221,2,64.908,554597.807,243.595,3682056.449,1.000794094
281.737907975,0.151,151,9,6.795,3124432.591,243.816,3682328.933,0
281.989187919,2.513,2513,5,157.896,1943.068,243.967,3682540.057,0.251279944
291.989353778,2.513,2513,5,160.409,1967.644,246.48,3682564.633,10.000165859
292.012913589,2.538,2538,5,162.947,1988.124,249.018,3682585.113,0.023559811
281.736657297,0.144,144,8,8.416,1122.304,250.593,3682601.497,0
292.024291303,0.23,230,8,8.646,1146.88,250.823,3682626.073,10.287634006
291.97616251,0.151,151,9,6.946,3124643.715,250.967,3682634.265,0
291.952474393,0.221,221,2,65.129,554614.191,251.118,3695389.288,0
292.95336685,0.221,221,2,65.35,554630.575,251.339,3708686.345,1.000892457
293.953905158,0.221,221,2,65.571,554646.959,251.56,3722115.548,1.000538308
294.954411784,0.221,221,2,65.792,554663.343,251.781,3735676.897,1.000506626
295.954865417,0.221,221,2,66.013,554679.727,252.002,3748643.589,1.000453633
296.955353543,0.221,221,2,66.234,554696.111,252.223,3762072.792,1.000488126
297.955825729,0.221,221,2,66.455,554712.495,252.444,3775303.776,1.000472186
298.956330225,0.221,221,2,66.676,554728.879,252.665,3788865.125,1.000504496
299.956789309,0.221,221,2,66.897,554745.263,252.886,3802294.328,1.000459084
300.957394995,0.221,221,2,67.118,554761.647,253.107,3815657.458,1.000605686
292.018159058,1.575,1575,5,164.522,1988.124,253.328,3816062.088,0
292.02669815,0.151,151,9,7.097,3260616.691,255.841,3818836.617,0.00853909200003
301.989527253,2.513,2513,5,167.035,2053.66,255.992,3818999.038,9.962829103
302.252894493,2.538,2538,5,169.573,2151.964,258.53,3819097.342,0.26336724
292.025498956,0.144,144,8,8.79,1171.456,260.105,3819113.726,0
302.26340021,0.23,230,8,9.02,1196.032,260.335,3819138.302,10.237901254
302.216061243,0.151,151,9,7.248,3260779.112,260.479,3819146.494,0
301.957984652,0.221,221,2,67.339,554778.031,260.63,3828577.865,0
302.95867454,0.221,221,2,67.56,554794.415,260.851,3842139.214,1.000689888
303.959221799,0.221,221,2,67.781,554810.799,261.072,3855171.979,1.000547259
304.959668708,0.221,221,2,68.002,554827.183,261.293,3868667.255,1.000446909
305.960112221,0.221,221,2,68.223,554843.567,261.514,3882030.385,1.000443513
306.960678238,0.221,221,2,68.444,554859.951,261.735,3895591.734,1.000566017
307.961123365,0.221,221,2,68.665,554876.335,261.956,3909153.083,1.000445127
308.961567798,0.221,221,2,68.886,554892.719,262.177,3922714.432,1.000444433
309.962026248,0.221,221,2,69.107,554909.103,262.398,3936606.146,1.00045845
310.962659588,0.221,221,2,69.328,554925.487,262.619,3950167.495,1.00063334
302.257459306,1.575,1575,5,171.148,2151.964,262.84,3950572.125,0
302.267786205,0.151,151,9,7.399,3396335.648,265.353,3954932.406,0.010326899
311.989439848,2.513,2513,5,173.661,2217.5,265.504,3955089.035,9.721653643
312.356498337,2.538,2538,5,176.199,2250.268,268.042,3955121.803,0.367058489
302.266330981,0.144,144,8,9.164,1220.608,269.617,3955138.187,0
312.368306444,0.23,230,8,9.394,1245.184,269.847,3955162.763,10.101975463
312.321073062,0.151,151,9,7.55,3396492.277,269.991,3955170.955,0
311.963377137,0.221,221,2,69.549,554941.871,270.142,3963327.411,0
312.964123439,0.221,221,2,69.77,554958.255,270.363,3977086.979,1.000746302
313.964640962,0.221,221,2,69.991,554974.639,270.584,3990780.474,1.000517523
314.965265809,0.221,221,2,70.212,554991.023,270.805,4004407.896,1.000624847
315.965825158,0.221,221,2,70.433,555007.407,271.026,4017374.588,1.000559349
316.966274638,0.221,221,2,70.654,555023.791,271.247,4030935.937,1.00044948
317.966757384,0.221,221,2,70.875,555040.175,271.468,4044299.067,1.000482746
318.967252674,0.221,221,2,71.096,555056.559,271.689,4057728.27,1.00049529
319.967840485,0.221,221,2,71.317,555072.943,271.91,4070827.108,1.000587811
320.968572744,0.221,221,2,71.538,555081.135,272.131,4084578.484,1.000732259
312.362080165,1.575,1575,5,177.774,2250.268,272.352,4084850.968,0
312.371656932,0.151,151,9,7.701,3532491.796,274.865,4091350.698,0.009576767
321.988784783,2.513,2513,5,180.287,2274.844,275.016,4091604.733,9.617127851
322.501789585,2.538,2538,5,182.825,2295.324,277.554,4091625.213,0.513004802
312.369782633,0.144,144,8,9.538,1269.76,279.129,4091641.597,0
322.465979641,0.151,151,9,7.852,3532745.831,279.503,4091674.365,10.096197008
321.969401607,0.221,221,2,71.759,555097.519,279.654,4097902.75,0
322.970176313,0.221,221,2,71.98,555113.903,279.875,4111199.807,1.000774706
323.970928245,0.221,221,2,72.201,555130.287,280.096,4124629.01,1.000751932
324.971729299,0.221,221,2,72.422,555146.671,280.317,4137793.921,1.000801054
325.972573401,0.221,221,2,72.643,555163.055,280.538,4151090.978,1.000844102
326.973396497,0.221,221,2,72.864,555179.439,280.759,4163859.451,1.000823096
327.974064432,0.221,221,2,73.085,555195.823,280.98,4177156.508,1.000667935
328.97508633,0.221,221,2,73.306,555212.207,281.201,4190123.2,1.001021898
329.975748188,0.221,221,2,73.527,555228.591,281.422,4203684.549,1.000661858
330.976214404,0.221,221,2,73.748,555244.975,281.643,4216453.022,1.000466216
322.505786168,1.575,1575,5,184.4,2295.324,281.864,4216659.433,0
322.513345771,0.151,151,9,8.003,3668403.031,284.377,4227626.477,0.007559603
331.989104267,2.513,2513,5,186.913,2426.396,284.528,4227788.898,9.475758496
332.863059511,2.538,2538,5,189.451,2491.932,287.066,4227854.434,0.873955244
322.511366975,0.374,230,8,9.912,1318.912,288.641,4227870.818,0
332.814614553,0.151,151,9,8.154,3668565.452,289.015,4227903.586,10.303247578
331.976676631,0.221,221,2,73.969,555261.359,289.166,4229305.746,0
332.977525826,0.221,221,2,74.19,555277.743,289.387,4242786.433,1.000849195
333.978312427,0.221,221,2,74.411,555294.127,289.608,4255951.344,1.000786601
334.97907879,0.221,221,2,74.632,555310.511,289.829,4269512.693,1.000766363
335.979886424,0.221,221,2,74.853,555326.895,290.05,4282809.75,1.000807634
336.980717745,0.221,221,2,75.074,555343.279,290.271,4295776.442,1.000831321
337.981487131,0.221,221,2,75.295,555359.663,290.492,4309271.718,1.000769386
338.982119301,0.221,221,2,75.516,555376.047,290.713,4322436.629,1.00063217
339.982647052,0.221,221,2,75.737,555392.431,290.934,4335865.832,1.000527751
340.983431792,0.221,221,2,75.958,555408.815,291.155,4348964.67,1.00078474
332.868124685,1.575,1575,5,191.026,2491.932,291.376,4349038.935,0
341.984206407,0.221,221,2,76.179,555425.199,293.889,4362244.806,9.116081722
332.875868995,0.151,151,9,8.305,3804535.532,294.11,4364103.042,0
341.988805157,2.513,2513,5,193.539,2541.084,294.261,4364183.066,9.112936162
343.169957366,2.538,2538,5,196.077,2573.852,296.799,4364215.834,1.181152209
332.873885963,0.374,230,8,10.286,1368.064,298.374,4364232.218,0
343.123797211,0.151,151,9,8.456,3804615.556,298.748,4364264.986,10.249911248
342.985018775,0.221,221,2,76.4,555441.583,298.899,4374847.645,0
343.985791636,0.221,221,2,76.621,555457.967,299.12,4388342.921,1.000772861
344.986372744,0.221,221,2,76.842,555474.351,299.341,4401507.832,1.000581108
345.986960688,0.221,221,2,77.063,555490.735,299.562,4414937.035,1.000587944
346.987461806,0.221,221,2,77.284,555507.119,299.783,4428035.873,1.000501118
347.988068057,0.221,221,2,77.505,555523.503,300.004,4441399.003,1.000606251
348.988562439,0.221,221,2,77.726,555539.887,300.225,4454629.987,1.000494382
349.989003623,0.221,221,2,77.947,555556.271,300.446,4467134.168,1.000441184
343.173857138,1.575,1575,5,197.652,2573.852,300.667,4480555.179,0
350.989456072,0.221,221,2,78.168,555572.655,303.18,4480563.371,7.815598934
351.990159229,0.221,221,2,78.389,555589.039,303.401,4493925.427,1.000703157
343.182330858,0.151,151,9,8.607,3940266.212,303.622,4500210.554,0
351.989682929,2.513,2513,5,200.165,2704.924,303.773,4500535.931,8.807352071
353.5049843,2.581,2581,5,202.746,2770.46,306.354,4500601.467,1.515301371
343.18024628,0.374,230,8,10.66,1417.216,307.929,4500617.851,0
353.519377933,0.23,230,8,10.89,1441.792,308.159,4500642.427,10.339131653
353.456425724,0.151,151,9,8.758,3940591.589,308.303,4500650.619,0
352.990895791,0.221,221,2,78.61,555597.231,308.454,4506698.657,0
353.991674146,0.221,221,2,78.831,555613.615,308.675,4520061.787,1.000778355
354.992266961,0.221,221,2,79.052,555629.999,308.896,4533226.698,1.000592815
355.992825943,0.221,221,2,79.273,555646.383,309.117,4546391.609,1.000558982
356.993348997,0.221,221,2,79.494,555662.767,309.338,4559688.666,1.000523054
357.993832547,0.221,221,2,79.715,555679.151,309.559,4572919.65,1.00048355
358.994464318,0.221,221,2,79.936,555695.535,309.78,4586150.634,1.000631771
359.995209065,0.221,221,2,80.157,555711.919,310.001,4599315.545,1.000744747
353.51359962,1.575,1575,5,204.321,2770.46,310.222,4612406.191,0
360.996065577,0.221,221,2,80.378,555728.303,312.735,4612529.608,7.482465957
361.996991259,0.221,221,2,80.599,555744.687,312.956,4626024.884,1.000925682
353.521461296,0.151,151,9,8.909,4076208.78,313.177,4636472.61,0
361.98885004,2.513,2513,5,206.834,2819.612,313.328,4636588.695,8.467388744
363.832992571,2.581,2581,5,209.415,2852.38,315.909,4636621.463,1.844142531
353.520386865,0.144,144,8,11.034,1466.368,317.484,4636637.847,0
363.786325769,0.151,151,9,9.06,4076324.865,317.858,4636670.615,10.265938904
362.997734663,0.221,221,2,80.82,555761.071,318.009,4639218.481,0
363.998578321,0.221,221,2,81.041,555777.455,318.23,4652087.633,1.000843658
364.999387134,0.221,221,2,81.262,555793.839,318.451,4665252.544,1.000808813
366.000179121,0.221,221,2,81.483,555810.223,318.672,4678285.309,1.000791987
367.001018824,0.221,221,2,81.704,555826.607,318.893,4691450.22,1.000839703
368.002401951,0.221,221,2,81.925,555842.991,319.114,4704747.277,1.001383127
369.003254422,0.221,221,2,82.146,555859.375,319.335,4717780.042,1.000852471
370.003815288,0.221,221,2,82.367,555875.759,319.556,4730878.88,1.000560866
363.843694174,1.575,1575,5,210.99,2852.38,319.777,4743771.307,0
371.004401096,0.221,221,2,82.588,555892.143,322.29,4744043.254,7.160706922
372.005194023,0.221,221,2,82.809,555908.527,322.511,4757142.092,1.000792927
373.0059579,0.221,221,2,83.03,555924.911,322.732,4770240.93,1.000763877
363.851886875,0.151,151,9,9.211,4212498.751,322.953,4773090.261,0
371.989922188,2.513,2513,5,213.503,2917.916,323.104,4773246.89,8.138035313
374.282509237,2.538,2538,5,216.041,3016.22,325.642,4773345.194,2.292587049
363.849763708,0.374,230,8,11.408,1515.52,327.217,4773361.578,0
374.298863723,0.23,230,8,11.638,1540.096,327.447,4773386.154,10.449100015
374.234154159,0.151,151,9,9.362,4212655.38,327.591,4773394.346,0
374.006454964,0.221,221,2,83.251,555941.295,327.742,4782768.366,0
375.007171403,0.221,221,2,83.472,555957.679,327.963,4796131.496,1.000716439
376.007901949,0.221,221,2,83.693,555974.063,328.184,4809428.553,1.000730546
377.008592541,0.221,221,2,83.914,555990.447,328.405,4822659.537,1.000690592
378.009218269,0.221,221,2,84.135,556006.831,328.626,4835626.229,1.000625728
379.009817795,0.221,221,2,84.356,556023.215,328.847,4848460.775,1.000599526
380.010282652,0.221,221,2,84.577,556039.599,329.068,4861625.686,1.000464857
374.288054801,1.575,1575,5,217.616,3016.22,329.289,4874452.04,0
381.01081208,0.221,221,2,84.798,556055.983,331.802,4874856.133,6.722757279
382.011441174,0.221,221,2,85.019,556072.367,332.023,4888087.117,1.000629094
383.012051124,0.221,221,2,85.24,556088.751,332.244,4900789.517,1.00060995
374.301232354,0.151,151,9,9.513,4348617.076,332.465,4909585.418,0
381.988827466,2.513,2513,5,220.129,3081.756,332.616,4909682.289,7.687595112
384.749274288,2.581,2581,5,222.71,3114.524,335.197,4909715.057,2.760446822
374.300149,0.144,144,8,11.782,1572.864,336.772,4909739.633,0
384.75867025,0.23,230,8,12.012,1589.248,337.002,4909756.017,10.45852125
384.694942272,0.151,151,9,9.664,4348713.947,337.147,4909764.209,0
384.012535793,0.221,221,2,85.461,556105.135,337.298,4913277.057,0
385.013215994,0.221,221,2,85.682,556113.327,337.519,4926499.849,1.000680201
386.013993701,0.221,221,2,85.903,556129.711,337.74,4939796.906,1.000777707
387.014867195,0.221,221,2,86.124,556146.095,337.961,4952301.087,1.000873494
388.015869257,0.221,221,2,86.345,556162.479,338.182,4965399.925,1.001002062
389.016435525,0.221,221,2,86.566,556178.863,338.403,4978682.498,1.000566268
390.01712673,0.221,221,2,86.787,556195.247,338.624,4991583.117,1.000691205
384.753237739,1.575,1575,5,224.285,3114.524,338.845,5004079.106,0
391.017971443,0.221,221,2,87.008,556211.631,341.358,5004508.312,6.264733704
392.018728701,0.221,221,2,87.229,556228.015,341.579,5017475.004,1.000757258
393.019477032,0.221,221,2,87.45,556244.399,341.8,5030772.061,1.000748331
394.020219558,0.221,221,2,87.671,556260.783,342.021,5044201.264,1.000742526
384.760804212,0.151,151,9,9.815,4484944.776,342.242,5046191.646,0
391.988834877,2.513,2513,5,226.798,3139.1,342.393,5046348.275,7.228030665
395.224495099,2.538,2538,5,229.336,3159.58,344.931,5046368.755,3.235660222
384.759710318,0.145,145,8,12.157,1622.016,346.506,5046393.331,0
395.233787408,0.231,231,8,12.388,1638.4,346.737,5046409.715,10.47407709
395.174356916,0.151,151,9,9.966,4485101.405,346.882,5046417.907,0
395.020855805,0.221,221,2,87.892,556277.167,347.033,5057263.377,0
396.021614107,0.221,221,2,88.113,556293.551,347.254,5069965.777,1.000758302
397.0223465,0.221,221,2,88.334,556309.935,347.475,5083064.615,1.000732393
398.022835955,0.221,221,2,88.555,556326.319,347.696,5096295.599,1.000489455
399.023458192,0.221,221,2,88.776,556342.703,347.917,5109658.729,1.000622237
400.024193546,0.221,221,2,88.997,556359.087,348.138,5122691.494,1.000735354
395.228526713,1.575,1575,5,230.911,3159.58,348.359,5135451.775,0
401.024662198,0.221,221,2,89.218,556375.471,350.872,5136053.55,5.796135485
402.025419794,0.221,221,2,89.439,556391.855,351.093,5149152.388,1.000757596
403.026282307,0.221,221,2,89.66,556408.239,351.314,5162383.372,1.000862513
404.026946351,0.221,221,2,89.881,556424.623,351.535,5175416.137,1.000664044
395.235987619,0.151,151,9,10.117,4621213.091,351.756,5182824.505,0
401.989111619,2.513,2513,5,233.424,3290.652,351.907,5182981.134,6.753124
405.665178854,2.538,2538,5,235.962,3356.188,354.445,5183046.67,3.676067235
405.721553087,1.575,1575,5,237.537,3356.188,356.02,5183046.67,0.056374233
405.730685025,0.286,286,5,237.823,3425.82,356.306,5183116.302,0.009131938
405.737271305,0.189,189,5,238.012,3450.396,356.495,5183140.878,0.00658627999996
405.755912371,0.249,249,5,238.261,3462.684,356.744,5183153.166,0.018641066
405.027813972,0.221,221,2,90.102,556432.815,357.044,5183290.382,0
405.803528379,0.186,186,6,0.186,165.888,357.23,5183290.382,0.775714407
405.807431202,0.417,186,2,90.519,583809.199,357.649,5259622.158,0.00390282299998
406.028799543,0.221,221,2,90.74,753436.847,357.87,5579020.046,0.221368341
407.03025397,0.221,221,2,90.961,753461.423,358.091,5579044.622,1.001454427
408.031067531,0.221,221,2,91.182,753477.807,358.312,5579061.006,1.000813561
409.03180825,0.221,221,2,91.403,753494.191,358.533,5579077.39,1.000740719
410.032540232,0.221,221,2,91.624,753510.575,358.754,5579093.774,1.000731982
405.769184608,0.114,114,5,238.375,3468.828,358.975,5579101.966,0
411.033332761,0.221,221,2,91.845,753526.959,361.488,5579113.23,5.264148153
412.034201453,0.221,221,2,92.066,753543.343,361.709,5579129.614,1.000868692
413.035279547,0.221,221,2,92.287,753559.727,361.93,5579145.998,1.001078094
414.036105644,0.221,221,2,92.508,753576.111,362.151,5579162.382,1.000826097
415.036842343,0.221,221,2,92.729,753592.495,362.372,5579178.766,1.000736699
416.037344683,0.221,221,2,92.95,753608.879,362.822,5641719.566,1.00050234
417.038002885,0.221,221,2,93.171,753617.071,363.043,5641727.758,1.000658202
405.80786979,0.188,188,6,0.374,198891.52,363.264,5641735.95,0
418.038750925,0.221,221,2,93.392,753633.455,363.494,5641809.678,12.230881135
419.039598771,0.221,221,2,93.613,753649.839,363.715,5700579.086,1.000847846
420.040552949,0.221,221,2,93.834,753666.223,364.122,5724191.502,1.000954178
411.989996931,2.513,2513,5,240.888,3471.9,364.343,5761751.822,0
421.041384986,0.221,221,2,94.055,753682.607,366.856,5761761.55,9.051388055
422.042163674,0.221,221,2,94.276,753698.991,367.077,5761777.934,1.000778688
416.550926629,0.229,229,4,0.229,62523.392,367.298,5761786.126,0
423.0428914,0.221,221,2,94.497,753715.375,367.486,5822021.902,6.491964771
424.043695957,0.221,221,2,94.718,753731.759,367.707,5822038.286,1.000804557
418.80109146,0.23,230,6,0.604,257710.08,367.928,5822046.478,0
425.044454165,0.221,221,2,94.939,753748.143,368.124,5849596.174,6.243362705
426.045222891,0.221,221,2,95.16,753764.527,368.345,5882282.254,1.000768726
427.046017514,0.221,221,2,95.381,753780.911,368.566,5882298.638,1.000794623
428.046584165,0.221,221,2,95.602,753797.295,368.787,5882315.022,1.000566651
429.047317234,0.221,221,2,95.823,753813.679,369.008,5882331.406,1.000733069
430.048063413,0.221,221,2,96.044,753821.871,369.229,5882339.598,1.000746179
430.098564963,0.188,188,2,96.232,812910.767,369.417,5941428.494,0.05050155
431.048843746,0.221,221,2,96.453,812927.151,369.638,5941444.878,0.950278783
421.988982645,2.513,2513,5,243.401,3473.436,369.859,5941453.07,0
423.357022912,0.188,188,4,0.417,122750.976,372.372,5941454.078,1.368040267
432.049696355,0.221,221,2,96.674,812943.535,372.568,5997790.462,8.692673443
433.050507789,0.221,221,2,96.895,812959.919,372.789,5997806.846,1.000811434
434.051270451,0.221,221,2,97.116,812976.303,373.01,5997823.23,1.000762662
432.417333959,0.196,196,4,0.613,179079.168,373.231,5997831.422,0
435.052001203,0.221,221,2,97.337,812992.687,373.417,6055757.054,2.634667244
436.05289479,0.221,221,2,97.558,813009.071,373.638,6055773.438,1.000893587
420.901551639,0.186,186,3,0.186,61147.136,373.859,6055781.63,0
437.053955084,0.221,221,2,97.779,813025.455,374.089,6073779.454,16.152403445
438.054987641,0.221,221,2,98.0,813041.839,374.31,6120293.63,1.001032557
439.055998121,0.221,221,2,98.221,813058.223,374.531,6120310.014,1.00101048
440.056855538,0.221,221,2,98.442,813074.607,374.752,6120326.398,1.000857417
432.06295389,2.513,2513,5,245.914,3474.444,374.973,6120334.59,0
441.057393653,0.221,221,2,98.663,813090.991,377.486,6120343.758,8.994439763
437.984908586,0.23,230,3,0.416,125634.56,377.707,6120351.95,0
442.058038133,0.221,221,2,98.884,813107.375,377.903,6177163.47,4.073129547
443.058807466,0.221,221,2,99.105,813123.759,378.124,6177179.854,1.000769333
442.109785698,0.196,196,3,0.612,182437.888,378.345,6177188.046,0
444.059624209,0.221,221,2,99.326,813140.143,378.533,6238128.334,1.949838511
445.060353414,0.221,221,2,99.547,813156.527,378.754,6238144.718,1.000729205
446.061097639,0.221,221,2,99.768,813172.911,378.975,6238161.102,1.000744225
447.061620105,0.221,221,2,99.989,813181.103,379.196,6238169.294,1.000522466
447.213935149,0.158,158,2,100.147,853035.183,379.354,6278023.374,0.152315044
448.062314604,0.221,221,2,100.368,853051.567,379.575,6278039.758,0.848379455
449.063067665,0.221,221,2,100.589,853059.759,379.796,6278047.95,1.000753061
450.063788442,0.221,221,2,100.81,853076.143,380.017,6278064.334,1.000720777
451.064530216,0.221,221,2,101.031,853092.527,380.238,6278080.718,1.000741774
452.065239651,0.221,221,2,101.252,853108.911,380.459,6278097.102,1.000709435
442.003749159,2.513,2513,5,248.427,3475.42,380.68,6278105.294,0
453.065731114,0.221,221,2,101.473,853125.295,383.193,6278114.43,11.061981955
454.066385131,0.221,221,2,101.694,853141.679,383.414,6278130.814,1.000654017
455.067139326,0.221,221,2,101.915,853158.063,383.635,6278147.198,1.000754195
456.067884792,0.221,221,2,102.136,853174.447,383.856,6278163.582,1.000745466
457.068627076,0.221,221,2,102.357,853182.639,384.077,6278171.774,1.000742284
458.06948493,0.221,221,2,102.578,853207.215,384.298,6278196.35,1.000857854
459.070269522,0.221,221,2,102.799,853223.599,384.519,6278212.734,1.000784592
460.070755509,0.221,221,2,103.02,853239.983,384.74,6278229.118,1.000485987
453.218827112,2.513,2513,5,250.94,3476.364,384.961,6278237.31,0
461.071400284,0.221,221,2,103.241,853256.367,387.474,6278246.414,7.852573172
462.072131753,0.221,221,2,103.462,853272.751,387.695,6278262.798,1.000731469
461.990496002,2.513,2513,5,253.453,3477.276,387.916,6278270.99,0
464.036071184,0.178,178,5,253.631,3478.156,388.094,6278271.87,2.045575182
463.072876615,0.221,221,2,103.683,853289.135,390.687,6278280.062,0
464.064624606,2.593,2593,5,256.224,3487.164,390.908,6278297.262,0.991747991
464.312190968,1.575,1575,5,257.799,3487.164,392.483,6278297.262,0.247566362
464.31449032,0.286,286,5,258.085,3505.596,392.769,6278315.694,0.00229935200002
444.606840078,0.188,188,3,0.8,243372.032,392.958,6278320.814,0
435.39194161,0.186,186,4,0.799,236998.656,395.316,6278321.838,0
464.073627081,0.221,221,2,103.904,853305.519,397.674,6278336.078,28.681685471
465.074388665,0.221,221,2,104.125,853316.271,397.895,6278346.83,1.000761584
464.320244602,0.189,189,5,258.274,3507.644,400.253,6278346.83,0
465.904185333,2.373,2373,5,260.647,3524.54,402.626,6278363.726,1.583940731
465.908051398,1.575,1575,5,262.222,3524.54,404.201,6278363.726,0.00386606500001
425.940062661,0.196,196,6,0.8,317924.352,404.45,6278376.014,0
465.88517984,2.358,2358,2,106.483,853316.271,404.638,6278376.014,39.945117179
464.366069085,2.358,2358,3,3.158,243375.008,404.824,6278376.014,0
464.368076632,2.358,2358,4,3.157,236998.656,405.02,6278441.55,0.00200754700001
465.915240141,0.186,186,2,106.669,881838.223,405.208,6377342.494,1.547163509
466.075724434,0.221,221,2,106.89,1012812.399,405.429,7008598.014,0.160484293
467.082188128,0.221,221,2,107.111,1033497.199,405.65,7045736.446,1.006463694
468.083226153,0.221,221,2,107.332,1033513.583,405.871,7045752.83,1.001038025
469.083790065,0.221,221,2,107.553,1033529.967,406.092,7045769.214,1.000563912
470.08454483,0.221,221,2,107.774,1033546.351,406.313,7045785.598,1.000754765
465.910704541,0.249,249,5,262.471,3536.828,406.534,7045793.79,0
471.085359911,0.221,221,2,107.995,1033562.735,409.047,7045808.126,5.17465537
472.08611672,0.221,221,2,108.216,1033579.119,409.268,7045824.51,1.000756809
473.086894713,0.221,221,2,108.437,1033595.503,409.489,7045840.894,1.000777993
474.08774159,0.221,221,2,108.658,1033611.887,409.71,7045857.278,1.000846877
475.088612917,0.221,221,2,108.879,1033628.271,409.931,7045873.662,1.000871327
476.089411832,0.221,221,2,109.1,1033644.655,410.152,7045890.046,1.000798915
477.090165862,0.221,221,2,109.321,1033661.039,410.373,7045906.43,1.00075403
478.090686778,0.221,221,2,109.542,1033677.423,410.594,7045924.766,1.000520916
465.915831075,0.196,196,3,3.354,440044.448,410.815,7045932.958,0
479.091403168,0.221,221,2,109.763,1033693.807,411.001,7104251.806,13.175572093
480.092229592,0.221,221,2,109.984,1033701.999,411.222,7104259.998,1.000826424
471.990815691,2.513,2513,5,264.984,3542.972,411.443,7104276.382,0
481.093091764,0.221,221,2,110.205,1033718.383,413.956,7104279.454,9.102276073
482.093903112,0.221,221,2,110.426,1033726.575,414.177,7104287.646,1.000811348
482.39550181,0.188,188,2,110.614,1093847.663,414.365,7164408.734,0.301598698
483.094790324,0.221,221,2,110.835,1093864.047,414.586,7164425.118,0.699288514
484.095534618,0.221,221,2,111.056,1093872.239,414.807,7164433.31,1.000744294
484.797733208,0.231,231,2,111.287,1151240.815,415.038,7221801.886,0.70219859
485.096488095,0.221,221,2,111.508,1151258.607,415.259,7221819.678,0.298754887
486.097207262,0.221,221,2,111.729,1151274.991,415.48,7221836.062,1.000719167
487.097711117,0.221,221,2,111.95,1151291.375,415.701,7221855.742,1.000503855
488.098359656,0.221,221,2,112.171,1151307.759,415.922,7221872.126,1.000648539
465.917101813,0.188,188,4,3.345,436817.264,416.143,7221880.318,0
489.100984175,0.221,221,2,112.392,1151324.143,416.329,7280143.198,23.183882362
490.101729009,0.221,221,2,112.613,1151340.527,416.55,7280159.582,1.000744834
481.98878377,2.513,2513,5,267.497,3546.044,416.771,7280167.774,0
465.914649129,0.188,188,6,0.988,508621.056,419.284,7280169.31,0
491.102603811,0.221,221,2,112.834,1151356.911,419.514,7291965.79,25.187954682
492.105273176,0.221,221,2,113.055,1151374.623,419.735,7340512.91,1.002669365
493.106173145,0.221,221,2,113.276,1151391.007,419.956,7340529.294,1.000899969
479.763238907,0.186,186,3,3.54,498356.48,420.177,7340537.486,0
494.108385512,0.221,221,2,113.497,1151407.391,420.365,7395579.534,14.345146605
495.109135457,0.221,221,2,113.718,1151423.775,420.586,7395598.958,1.000749945
496.109921059,0.221,221,2,113.939,1151431.967,420.807,7395607.15,1.000785602
497.110781465,0.221,221,2,114.16,1151456.543,421.028,7395631.726,1.000860406
498.111755897,0.221,221,2,114.381,1151464.735,421.249,7395641.134,1.000974432
489.506166311,0.186,186,4,3.531,495070.576,421.47,7395657.518,0
499.112675909,0.221,221,2,114.602,1151489.311,421.699,7451766.318,9.606509598
500.113542179,0.221,221,2,114.823,1151505.695,421.92,7451782.702,1.00086627
491.989247052,2.513,2513,5,270.01,3547.58,422.141,7451790.894,0
501.114504984,0.221,221,2,115.044,1151522.079,424.654,7451800.094,9.125257932
499.157407808,0.229,229,4,3.76,551171.184,424.875,7451808.286,0
502.115525748,0.221,221,2,115.265,1151540.127,425.071,7507934.606,2.95811794
503.116533239,0.221,221,2,115.486,1151548.319,425.292,7507942.798,1.001007491
503.594483516,0.158,158,2,115.644,1191173.023,425.45,7547567.502,0.477950277
504.119513695,0.221,221,2,115.865,1191189.407,425.671,7547583.886,0.525030179
505.120415034,0.221,221,2,116.086,1191205.791,425.892,7547600.27,1.000901339
506.121346638,0.221,221,2,116.307,1191222.175,426.113,7547616.654,1.000931604
507.122141459,0.221,221,2,116.528,1191238.559,426.334,7547633.038,1.000794821
494.366627541,0.188,188,3,3.728,553393.28,426.555,7547641.23,0
508.122630797,0.221,221,2,116.749,1191254.943,426.785,7604206.99,13.756003256
509.123366491,0.221,221,2,116.97,1191271.327,427.006,7604223.374,1.000735694
492.060716752,0.23,230,6,1.218,568940.064,427.227,7604231.566,0
510.124419888,0.221,221,2,117.191,1191287.711,427.413,7664795.022,18.063703136
501.989430715,2.513,2513,5,272.523,3548.588,427.634,7664803.214,0
511.125236965,0.221,221,2,117.412,1191304.095,430.147,7664812.382,9.13580625
510.379738436,0.186,186,6,1.404,629495.328,430.368,7664820.574,0
512.126122235,0.221,221,2,117.633,1191320.479,430.564,7668121.95,1.746383799
513.12726467,0.221,221,2,117.854,1191336.863,430.785,7720304.99,1.001142435
514.128365494,0.221,221,2,118.075,1191353.247,431.006,7720321.374,1.001100824
515.129464906,0.221,221,2,118.296,1191369.631,431.227,7720337.758,1.001099412
516.130768953,0.221,221,2,118.517,1191386.015,431.448,7720354.142,1.001304047
517.131627426,0.221,221,2,118.738,1191402.399,431.669,7720370.526,1.000858473
518.132356371,0.221,221,2,118.959,1191418.783,431.89,7720386.91,1.000728945
519.132855835,0.221,221,2,119.18,1191435.167,432.111,7720404.43,1.000499464
520.133391234,0.221,221,2,119.401,1191451.551,432.332,7720420.814,1.000535399
511.989068619,2.513,2513,5,275.036,3549.564,432.553,7720429.006,0
521.133845409,0.221,221,2,119.622,1191467.935,435.066,7720438.142,9.14477679
522.13450831,0.221,221,2,119.843,1191476.127,435.287,7720446.334,1.000662901
523.135369925,0.221,221,2,120.064,1191500.703,435.508,7720470.91,1.000861615
524.136180851,0.221,221,2,120.285,1191517.087,435.729,7720487.294,1.000810926
525.137074448,0.221,221,2,120.506,1191533.471,435.95,7720503.678,1.000893597
526.13788978,0.221,221,2,120.727,1191549.855,436.171,7720520.062,1.000815332
527.138690325,0.221,221,2,120.948,1191566.239,436.392,7720536.446,1.000800545
528.139467262,0.221,221,2,121.169,1191582.623,436.613,7720552.83,1.000776937
529.14027194,0.221,221,2,121.39,1191599.007,436.834,7720569.214,1.000804678
530.140789019,0.221,221,2,121.611,1191615.391,437.055,7720585.598,1.000517079
521.989787136,2.513,2513,5,277.549,3550.508,437.276,7720593.79,0
531.480094571,0.178,178,5,277.727,3551.42,437.454,7720594.702,9.490307435
531.142929806,0.221,221,2,121.832,1191631.775,439.967,7720603.774,0
532.143673522,0.221,221,2,122.053,1191648.159,440.188,7720620.158,1.000743716
531.988567021,2.513,2513,5,280.24,3552.3,440.409,7720628.35,0
533.144381146,0.221,221,2,122.274,1191664.543,442.997,7720636.542,1.155814125
534.145075056,0.221,221,2,122.495,1191680.927,443.218,7720652.926,1.00069391
535.145758648,0.221,221,2,122.716,1191697.311,443.439,7720670.542,1.000683592
536.146448512,0.221,221,2,122.937,1191713.695,443.66,7720686.926,1.000689864
537.155987553,0.221,221,2,123.158,1191730.079,443.881,7720704.846,1.009539041
538.156672272,0.221,221,2,123.379,1191746.463,444.102,7720721.23,1.000684719
539.157132407,0.221,221,2,123.6,1191762.847,444.323,7720737.614,1.000460135
540.15751982,0.221,221,2,123.821,1191779.231,444.544,7720753.998,1.000387413
533.665632512,2.588,2588,5,282.828,3552.3,444.765,7720762.19,0
541.159588917,0.221,221,2,124.042,1191795.615,445.104,7720771.23,7.493956405
542.160009898,0.221,221,2,124.263,1191811.999,445.325,7720787.614,1.000420981
543.162000121,0.221,221,2,124.484,1191828.383,445.546,7720803.998,1.001990223
544.162593339,0.221,221,2,124.705,1191844.767,445.767,7720820.382,1.000593218
545.163065043,0.221,221,2,124.926,1191861.151,445.988,7720836.766,1.000471704
546.163461213,0.221,221,2,125.147,1191877.535,446.209,7720853.15,1.00039617
547.163869445,0.221,221,2,125.368,1191893.919,446.43,7720869.534,1.000408232
548.164266519,0.221,221,2,125.589,1191910.303,446.651,7720887.326,1.000397074
549.164721826,0.221,221,2,125.81,1191926.687,446.872,7720903.71,1.000455307
550.165154724,0.221,221,2,126.031,1191943.071,447.093,7720920.094,1.000432898
541.988265222,0.339,339,5,283.167,3553.148,447.314,7720930.974,0
551.165577682,0.221,221,2,126.252,1191959.455,447.653,7720939.982,9.17731246
552.166147195,0.221,221,2,126.473,1191975.839,447.874,7720956.366,1.000569513
553.166606689,0.221,221,2,126.694,1191992.223,448.095,7720972.75,1.000459494
554.167005029,0.221,221,2,126.915,1192008.607,448.316,7720989.134,1.00039834
555.167401446,0.221,221,2,127.136,1192024.991,448.537,7721005.518,1.000396417
556.167849612,0.221,221,2,127.357,1192041.375,448.758,7721021.902,1.000448166
557.168243057,0.221,221,2,127.578,1192057.759,448.979,7721038.286,1.000393445
558.168641104,0.221,221,2,127.799,1192074.143,449.2,7721055.95,1.000398047
559.169085023,0.221,221,2,128.02,1192090.527,449.421,7721072.334,1.000443919
560.16949625,0.221,221,2,128.241,1192106.911,449.642,7721088.718,1.000411227
551.988056264,0.339,339,5,283.506,3553.964,449.863,7721096.91,0
561.169886678,0.221,221,2,128.462,1192123.295,450.202,7721105.886,9.181830414
562.17031203,0.221,221,2,128.683,1192139.679,450.423,7721122.27,1.000425352
563.17074587,0.221,221,2,128.904,1192156.063,450.644,7721138.654,1.00043384
564.171136119,0.221,221,2,129.125,1192172.447,450.865,7721155.038,1.000390249
565.171539023,0.221,221,2,129.346,1192188.831,451.086,7721171.422,1.000402904
566.172107934,0.221,221,2,129.567,1192205.215,451.307,7721187.806,1.000568911
567.17249762,0.221,221,2,129.788,1192221.599,451.528,7721204.19,1.000389686
568.172908791,0.221,221,2,130.009,1192237.983,451.749,7721221.726,1.000411171
569.173320928,0.221,221,2,130.23,1192254.367,451.97,7721238.11,1.000412137
570.175094712,0.221,221,2,130.451,1192270.751,452.191,7721254.494,1.001773784
561.98807065,0.339,339,5,283.845,3554.748,452.412,7721262.686,0
571.175493088,0.221,221,2,130.672,1192287.135,452.751,7721271.63,9.187422438
572.175908442,0.221,221,2,130.893,1192303.519,452.972,7721288.014,1.000415354
573.176321431,0.221,221,2,131.114,1192319.903,453.193,7721304.398,1.000412989
574.176711819,0.221,221,2,131.335,1192336.287,453.414,7721320.782,1.000390388
575.177124123,0.221,221,2,131.556,1192352.671,453.635,7721337.166,1.000412304
576.177517834,0.221,221,2,131.777,1192369.055,453.856,7721353.55,1.000393711
577.177933167,0.221,221,2,131.998,1192377.247,454.077,7721361.742,1.000415333
578.178339478,0.221,221,2,132.219,1192393.631,454.298,7721378.126,1.000406311
579.178744085,0.221,221,2,132.44,1192410.015,454.519,7721394.51,1.000404607
580.179139913,0.221,221,2,132.661,1192426.399,454.74,7721410.894,1.000395828
571.988114561,0.339,339,5,284.184,3555.5,454.961,7721419.086,0
581.179555751,0.221,221,2,132.882,1192442.783,455.3,7721427.998,9.19144119
582.179961057,0.221,221,2,133.103,1192459.167,455.521,7721444.382,1.000405306
583.180361508,0.221,221,2,133.324,1192475.551,455.742,7721460.766,1.000400451
584.180765161,0.221,221,2,133.545,1192491.935,455.963,7721477.15,1.000403653
585.181150127,0.221,221,2,133.766,1192508.319,456.184,7721493.534,1.000384966
586.18158819,0.221,221,2,133.987,1192524.703,456.405,7721509.918,1.000438063
581.988015545,0.339,339,5,284.523,3565.148,456.626,7721527.038,0
588.08016155,1.575,1575,5,286.098,3565.148,458.201,7721527.038,6.092146005
588.082073809,0.286,286,5,286.384,3664.38,458.487,7721626.27,0.00191225900005
587.181980224,0.221,221,2,134.208,1192541.087,458.676,7721635.358,0
588.182605428,0.221,221,2,134.429,1192557.471,458.897,7721651.742,1.000625204
589.18358856,0.221,221,2,134.65,1192565.663,459.118,7721659.934,1.000983132
588.086797009,0.189,189,5,286.573,3665.276,459.339,7721676.318,0
590.257362815,2.376,2376,5,288.949,3674.108,461.715,7721685.15,2.170565806
590.184464357,0.221,221,2,134.871,1192590.239,463.29,7721693.342,0
590.261997328,1.575,1575,5,290.524,3674.108,463.511,7721701.534,0.077532971
591.810899787,2.376,2376,5,292.9,3674.108,465.887,7721701.534,1.548902459
591.185249669,0.221,221,2,135.092,1192606.623,466.226,7721717.918,0
592.185912404,0.221,221,2,135.313,1192623.007,466.447,7721734.302,1.000662735
593.186362894,0.221,221,2,135.534,1192639.391,466.668,7721750.686,1.00045049
594.186747562,0.221,221,2,135.755,1192655.775,466.889,7721767.07,1.000384668
595.187218866,0.221,221,2,135.976,1192672.159,467.11,7721783.454,1.000471304
591.988105425,0.339,339,5,293.239,3686.396,467.331,7721795.742,0
596.488809614,0.189,189,5,293.428,3689.468,467.52,7721798.814,4.500704189
596.498747478,0.189,189,5,293.617,3691.42,467.709,7721800.766,0.00993786399999
596.187861584,0.221,221,2,136.197,1192688.543,467.898,7721809.886,0
597.188477096,0.221,221,2,136.418,1192704.927,468.119,7721826.27,1.000615512
598.188930575,0.221,221,2,136.639,1192721.311,468.34,7721842.654,1.000453479
599.189311403,0.221,221,2,136.86,1192737.695,468.561,7721859.038,1.000380828
600.189696216,0.221,221,2,137.081,1192754.079,468.782,7721875.422,1.000384813
596.502345855,0.189,189,5,293.806,3692.348,469.003,7721883.614,0
601.987962761,0.339,339,5,294.145,3694.108,469.342,7721885.374,5.485616906
601.190085099,0.221,221,2,137.302,1192770.463,469.531,7721894.398,0
602.190546427,0.221,221,2,137.523,1192786.847,469.752,7721910.782,1.000461328
603.190980227,0.221,221,2,137.744,1192803.231,469.973,7721927.166,1.0004338
604.191375989,0.221,221,2,137.965,1192819.615,470.194,7721943.55,1.000395762
605.191750619,0.221,221,2,138.186,1192835.999,470.415,7721959.934,1.00037463
606.192129593,0.221,221,2,138.407,1192852.383,470.636,7721976.318,1.000378974
607.192524291,0.221,221,2,138.628,1192868.767,470.857,7721992.702,1.000394698
608.19290732,0.221,221,2,138.849,1192885.151,471.078,7722009.086,1.000383029
609.193286877,0.221,221,2,139.07,1192893.343,471.299,7722017.278,1.000379557
610.193669796,0.221,221,2,139.291,1192909.727,471.52,7722033.662,1.000382919
602.065578851,0.189,189,5,294.334,3694.94,471.741,7722041.854,0
611.194056956,0.221,221,2,139.512,1192926.111,472.08,7722050.846,9.128478105
612.194443522,0.221,221,2,139.733,1192942.495,472.301,7722067.23,1.000386566
613.194834432,0.221,221,2,139.954,1192958.879,472.522,7722083.614,1.00039091
614.195242457,0.221,221,2,140.175,1192975.263,472.743,7722099.998,1.000408025
615.195631583,0.221,221,2,140.396,1192991.647,472.964,7722116.382,1.000389126
616.196067548,0.221,221,2,140.617,1193008.031,473.185,7722132.766,1.000435965
617.196455749,0.221,221,2,140.838,1193024.415,473.406,7722149.15,1.000388201
618.196844425,0.221,221,2,141.059,1193040.799,473.627,7722165.534,1.000388676
619.197235118,0.221,221,2,141.28,1193057.183,473.848,7722181.918,1.000390693
620.197619657,0.221,221,2,141.501,1193073.567,474.069,7722198.302,1.000384539
611.987897628,0.339,339,5,294.673,3695.74,474.29,7722206.494,0
621.197992379,0.221,221,2,141.722,1193089.951,474.629,7722215.454,9.210094751
622.198401343,0.221,221,2,141.943,1193106.335,474.85,7722231.838,1.000408964
621.987810395,0.339,339,5,295.012,3705.356,475.071,7722248.878,0
623.265527104,1.575,1575,5,296.587,3705.356,476.646,7722248.878,1.277716709
623.269295148,0.286,286,5,296.873,4038.124,476.932,7722581.646,0.00376804400003
623.2754981,0.189,189,5,297.062,4039.084,477.121,7722582.606,0.00620295200008
623.278853996,0.286,286,5,297.348,16246.092,477.407,7734789.614,0.0033558959999
623.198804512,0.221,221,2,142.164,1193122.719,477.596,7734798.702,0
624.199417944,0.221,221,2,142.385,1193139.103,477.817,7734815.086,1.000613432
625.200321455,0.221,221,2,142.606,1193155.487,478.038,7734831.47,1.000903511
623.488280372,0.189,189,5,297.537,16246.988,478.259,7734839.662,0
626.347339173,0.286,286,5,297.823,16247.852,478.545,7739133.134,2.859058801
626.201022354,0.221,221,2,142.827,1193171.871,478.734,7739142.158,0
627.201728823,0.221,221,2,143.048,1193188.255,478.955,7739158.542,1.000706469
628.202489192,0.221,221,2,143.269,1193204.639,479.176,7739174.926,1.000760369
629.203644124,0.221,221,2,143.49,1193221.023,479.397,7739191.31,1.001154932
630.204426356,0.221,221,2,143.711,1193237.407,479.618,7739207.694,1.000782232
626.376163608,0.189,189,5,298.012,16248.684,479.839,7739215.886,0
631.204921484,0.221,221,2,143.932,1193253.791,482.352,7739224.878,4.828757876
632.205528416,0.221,221,2,144.153,1193270.175,482.573,7739241.262,1.000606932
633.206067907,0.221,221,2,144.374,1193286.559,482.794,7739257.646,1.000539491
634.206494257,0.221,221,2,144.595,1193302.943,483.015,7739274.03,1.00042635
635.206895591,0.221,221,2,144.816,1193319.327,483.236,7739290.414,1.000401334
636.207286799,0.221,221,2,145.037,1193335.711,483.457,7739306.798,1.000391208
637.207677238,0.221,221,2,145.258,1193352.095,483.678,7739323.182,1.000390439
638.208068848,0.221,221,2,145.479,1193368.479,483.899,7739339.566,1.00039161
639.208452069,0.221,221,2,145.7,1193384.863,484.12,7739355.95,1.000383221
640.208837553,0.221,221,2,145.921,1193401.247,484.341,7739372.334,1.000385484
631.990895929,2.513,2513,5,300.525,16249.484,484.562,7739381.31,0
641.209321543,0.221,221,2,146.142,1193410.223,487.075,7739382.078,9.218425614
641.988882557,2.513,2513,5,303.038,16250.252,487.296,7739390.27,0.779561014
642.209987621,0.221,221,2,146.363,1193426.607,489.959,7739398.462,0.221105064
643.211060627,0.221,221,2,146.584,1193442.991,490.18,7739414.846,1.001073006
644.214593767,0.221,221,2,146.805,1193459.375,490.401,7739431.23,1.00353314
645.215568862,0.221,221,2,147.026,1193475.759,490.622,7739447.614,1.000975095
646.216384194,0.221,221,2,147.247,1193492.143,490.843,7739463.998,1.000815332
647.217030703,0.221,221,2,147.468,1193508.527,491.064,7739480.382,1.000646509
648.217490556,0.221,221,2,147.689,1193524.911,491.285,7739496.766,1.000459853
649.217859717,0.221,221,2,147.91,1193541.295,491.506,7739513.15,1.000369161
650.218309527,0.221,221,2,148.131,1193557.679,491.727,7739529.534,1.00044981
642.576945207,2.663,2663,5,305.701,16250.252,491.948,7739537.726,0
651.219037721,0.221,221,2,148.352,1193574.063,492.287,7739546.654,8.642092514
652.219550891,0.221,221,2,148.573,1193590.447,492.508,7739563.038,1.00051317
653.219924181,0.221,221,2,148.794,1193606.831,492.729,7739579.422,1.00037329
654.220295712,0.221,221,2,149.015,1193623.215,492.95,7739595.806,1.000371531
655.220661394,0.221,221,2,149.236,1193639.599,493.171,7739612.19,1.000365682
656.221052673,0.221,221,2,149.457,1193655.983,493.392,7739628.574,1.000391279
657.221428091,0.221,221,2,149.678,1193672.367,493.613,7739644.958,1.000375418
658.221790784,0.221,221,2,149.899,1193688.751,493.834,7739661.342,1.000362693
659.222155311,0.221,221,2,150.12,1193705.135,494.055,7739677.726,1.000364527
660.222538871,0.221,221,2,150.341,1193721.519,494.276,7739694.11,1.00038356
651.98930325,0.339,339,5,306.04,16250.988,494.497,7739702.302,0
661.222898295,0.221,221,2,150.562,1193737.903,494.836,7739711.198,9.233595045
662.223489017,0.221,221,2,150.783,1193754.287,495.057,7739727.582,1.000590722
663.22415248,0.221,221,2,151.004,1193770.671,495.278,7739743.966,1.000663463
664.224894987,0.221,221,2,151.225,1193787.055,495.499,7739760.35,1.000742507
665.225380609,0.221,221,2,151.446,1193803.439,495.72,7739776.734,1.000485622
666.22575719,0.221,221,2,151.667,1193819.823,495.941,7739793.118,1.000376581
667.226133384,0.221,221,2,151.888,1193836.207,496.162,7739809.502,1.000376194
668.226503747,0.221,221,2,152.109,1193852.591,496.383,7739825.886,1.000370363
669.22685788,0.221,221,2,152.33,1193868.975,496.604,7739842.27,1.000354133
670.2272433,0.221,221,2,152.551,1193885.359,496.825,7739858.654,1.00038542
671.227627974,0.221,221,2,152.772,1193901.743,497.046,7739875.038,1.000384674
672.228208547,0.221,221,2,152.993,1193918.127,497.267,7739891.422,1.000580573
673.228662822,0.221,221,2,153.214,1193934.511,497.488,7739907.806,1.000454275
674.229024289,0.221,221,2,153.435,1193950.895,497.709,7739924.19,1.000361467
675.229387586,0.221,221,2,153.656,1193967.279,497.93,7739940.574,1.000363297
676.229799933,0.221,221,2,153.877,1193983.663,498.151,7739956.958,1.000412347
677.230148851,0.221,221,2,154.098,1194000.047,498.372,7739973.342,1.000348918
678.230506584,0.221,221,2,154.319,1194016.431,498.593,7739989.726,1.000357733
679.231031164,0.221,221,2,154.54,1194032.815,498.814,7740006.11,1.00052458
680.231470902,0.221,221,2,154.761,1194049.199,499.035,7740022.494,1.000439738
681.231820653,0.221,221,2,154.982,1194065.583,499.256,7740038.878,1.000349751
682.232187342,0.221,221,2,155.203,1194081.967,499.477,7740055.262,1.000366689
683.232536894,0.221,221,2,155.424,1194098.351,499.698,7740071.646,1.000349552
684.2328895,0.221,221,2,155.645,1194114.735,499.919,7740088.03,1.000352606
685.233248042,0.221,221,2,155.866,1194131.119,500.14,7740104.414,1.000358542
686.233597744,0.221,221,2,156.087,1194147.503,500.361,7740120.798,1.000349702
687.233942448,0.221,221,2,156.308,1194163.887,500.582,7740137.182,1.000344704
688.234294144,0.221,221,2,156.529,1194180.271,500.803,7740153.566,1.000351696
689.234649641,0.221,221,2,156.75,1194196.655,501.024,7740169.95,1.000355497
690.235003712,0.221,221,2,156.971,1194213.039,501.245,7740186.334,1.000354071
691.235368059,0.221,221,2,157.192,1194229.423,501.466,7740202.718,1.000364347
692.235720495,0.221,221,2,157.413,1194245.807,501.687,7740219.102,1.000352436
693.236068866,0.221,221,2,157.634,1194262.191,501.908,7740235.486,1.000348371
694.236421744,0.221,221,2,157.855,1194278.575,502.129,7740251.87,1.000352878
695.236773409,0.221,221,2,158.076,1194294.959,502.35,7740268.254,1.000351665
696.237120044,0.221,221,2,158.297,1194311.343,502.571,7740284.638,1.000346635
697.237468666,0.221,221,2,158.518,1194327.727,502.792,7740301.022,1.000348622
661.989716617,0.339,339,5,306.379,16251.692,503.013,7740309.214,0
698.582377706,0.339,339,5,306.718,16252.364,503.352,7740309.886,36.592661089
698.584216084,0.339,339,5,307.057,16253.004,503.691,7740310.526,0.001838378
698.238090783,0.221,221,2,158.739,1194344.111,504.03,7740319.326,0
699.23876828,0.221,221,2,158.96,1194360.495,504.251,7740335.71,1.000677497
700.239230645,0.221,221,2,159.181,1194376.879,504.472,7740352.094,1.000462365
698.585805123,0.339,339,5,307.396,16253.612,504.693,7740360.286,0
701.239593284,0.221,221,2,159.402,1194393.263,505.032,7740369.054,2.653788161
702.239975859,0.221,221,2,159.623,1194401.455,505.253,7740377.246,1.000382575
702.923382406,0.13,130,2,159.753,1194410.767,505.383,7740386.558,0.683406547
703.240543091,0.221,221,2,159.974,1194427.151,505.604,7740402.942,0.317160685
704.241342684,0.221,221,2,160.195,1194443.535,505.825,7740419.326,1.000799593
705.241723424,0.221,221,2,160.416,1194451.727,506.046,7740427.518,1.00038074
706.242150797,0.221,221,2,160.637,1194468.111,506.267,7740443.902,1.000427373
707.242716557,0.221,221,2,160.858,1194484.495,506.488,7740460.286,1.00056576
708.24341989,0.221,221,2,161.079,1194500.879,506.709,7740476.67,1.000703333
709.24379564,0.221,221,2,161.3,1194517.263,506.93,7740493.054,1.00037575
710.244166909,0.221,221,2,161.521,1194533.647,507.151,7740509.438,1.000371269
701.98868756,0.339,339,5,307.735,16254.188,507.372,7740517.63,0
711.244580133,0.221,221,2,161.742,1194550.031,507.711,7740526.366,9.255892573
712.245005515,0.221,221,2,161.963,1194566.415,507.932,7740542.75,1.000425382
713.245625884,0.221,221,2,162.184,1194582.799,508.153,7740559.134,1.000620369
714.245991956,0.221,221,2,162.405,1194599.183,508.374,7740575.518,1.000366072
715.24635123,0.221,221,2,162.626,1194615.567,508.595,7740591.902,1.000359274
716.246725836,0.221,221,2,162.847,1194631.951,508.816,7740608.286,1.000374606
717.247095833,0.221,221,2,163.068,1194648.335,509.037,7740624.67,1.000369997
718.247474911,0.221,221,2,163.289,1194664.719,509.258,7740641.054,1.000379078
719.247875022,0.221,221,2,163.51,1194681.103,509.479,7740657.438,1.000400111
720.248260126,0.221,221,2,163.731,1194697.487,509.7,7740673.822,1.000385104
711.988185603,0.339,339,5,308.074,16254.732,509.921,7740682.014,0
721.248644647,0.221,221,2,163.952,1194713.871,510.26,7740690.718,9.260459044
722.249172684,0.221,221,2,164.173,1194730.255,510.481,7740707.102,1.000528037
723.249548783,0.221,221,2,164.394,1194747.663,510.702,7740724.51,1.000376099
724.250059735,0.221,221,2,164.615,1194764.047,510.923,7740740.894,1.000510952
725.250484536,0.221,221,2,164.836,1194780.431,511.144,7740757.278,1.000424801
726.250864398,0.221,221,2,165.057,1194796.815,511.365,7740773.662,1.000379862
727.251274057,0.221,221,2,165.278,1194813.199,511.586,7740790.046,1.000409659
728.251846173,0.221,221,2,165.499,1194829.583,511.807,7740806.43,1.000572116
729.252233711,0.221,221,2,165.72,1194845.967,512.028,7740822.814,1.000387538
730.252667953,0.221,221,2,165.941,1194862.351,512.249,7740839.198,1.000434242
721.987983307,0.339,339,5,308.413,16255.244,512.47,7740847.39,0
731.253048786,0.221,221,2,166.162,1194878.735,512.809,7740856.062,9.265065479
732.253501952,0.221,221,2,166.383,1194895.119,513.03,7740872.446,1.000453166
733.253892033,0.221,221,2,166.604,1194911.503,513.251,7740888.83,1.000390081
734.254259229,0.221,221,2,166.825,1194927.887,513.472,7740905.214,1.000367196
735.254635902,0.221,221,2,167.046,1194945.519,513.693,7740922.846,1.000376673
736.255176034,0.221,221,2,167.267,1194961.903,513.914,7740939.23,1.000540132
737.25560776,0.221,221,2,167.488,1194978.287,514.135,7740955.614,1.000431726
738.255987338,0.221,221,2,167.709,1194994.671,514.356,7740971.998,1.000379578
739.256444939,0.221,221,2,167.93,1195012.175,514.577,7740989.502,1.000457601
740.256981947,0.221,221,2,168.151,1195028.559,514.798,7741005.886,1.000537008
731.988038239,0.339,339,5,308.752,16255.724,515.019,7741014.078,0
741.257439169,0.221,221,2,168.372,1195044.943,515.358,7741022.718,9.26940093
742.257823474,0.221,221,2,168.593,1195061.327,515.579,7741039.102,1.000384305
743.258244053,0.221,221,2,168.814,1195077.711,515.8,7741055.486,1.000420579
744.25899438,0.221,221,2,169.035,1195094.095,516.021,7741071.87,1.000750327
745.259627779,0.221,221,2,169.256,1195110.479,516.242,7741088.254,1.000633399
746.260017715,0.221,221,2,169.477,1195126.863,516.463,7741104.638,1.000389936
747.260445825,0.221,221,2,169.698,1195143.247,516.684,7741121.022,1.00042811
748.260815812,0.221,221,2,169.919,1195159.631,516.905,7741137.406,1.000369987
749.261174808,0.221,221,2,170.14,1195176.015,517.126,7741153.79,1.000358996
750.261549778,0.221,221,2,170.361,1195192.399,517.347,7741170.174,1.00037497
741.98804883,0.339,339,5,309.091,16256.172,517.568,7741178.366,0
751.261937316,0.221,221,2,170.582,1195208.783,517.907,7741186.974,9.273888486
752.262487019,0.221,221,2,170.803,1195225.167,518.128,7741203.358,1.000549703
753.262861964,0.221,221,2,171.024,1195241.551,518.349,7741219.742,1.000374945
754.263245113,0.221,221,2,171.245,1195257.935,518.57,7741236.126,1.000383149
755.263614632,0.221,221,2,171.466,1195274.319,518.791,7741252.51,1.000369519
756.263972171,0.221,221,2,171.687,1195290.703,519.012,7741268.894,1.000357539
757.26432536,0.221,221,2,171.908,1195307.087,519.233,7741285.278,1.000353189
758.264688595,0.221,221,2,172.129,1195323.471,519.454,7741301.662,1.000363235
759.265227091,0.221,221,2,172.35,1195339.855,519.675,7741318.046,1.000538496
760.265580403,0.221,221,2,172.571,1195356.239,519.896,7741334.43,1.000353312
751.988032915,0.339,339,5,309.43,16256.588,520.117,7741342.622,0
761.265933111,0.221,221,2,172.792,1195372.623,520.456,7741351.198,9.277900196
762.26629405,0.221,221,2,173.013,1195389.007,520.677,7741367.582,1.000360939
763.26664474,0.221,221,2,173.234,1195405.391,520.898,7741383.966,1.00035069
764.267004654,0.221,221,2,173.455,1195421.775,521.119,7741400.35,1.000359914
765.267370543,0.221,221,2,173.676,1195438.159,521.34,7741416.734,1.000365889
766.26777619,0.221,221,2,173.897,1195454.543,521.561,7741433.118,1.000405647
767.268139947,0.221,221,2,174.118,1195470.927,521.782,7741449.502,1.000363757
768.268514968,0.221,221,2,174.339,1195487.311,522.003,7741465.886,1.000375021
769.268911991,0.221,221,2,174.56,1195503.695,522.224,7741482.27,1.000397023
770.269276186,0.221,221,2,174.781,1195520.079,522.445,7741498.654,1.000364195
761.987856145,0.339,339,5,309.769,16256.972,522.666,7741506.846,0
771.269639571,0.221,221,2,175.002,1195536.463,523.005,7741515.038,9.281783426
772.270141112,0.221,221,2,175.223,1195552.847,523.226,7741531.774,1.000501541
773.270674818,0.221,221,2,175.444,1195569.231,523.447,7741548.158,1.000533706
774.27103727,0.221,221,2,175.665,1195585.615,523.668,7741564.542,1.000362452
775.27139537,0.221,221,2,175.886,1195601.999,523.889,7741580.926,1.0003581
776.271754488,0.221,221,2,176.107,1195618.383,524.11,7741597.31,1.000359118
777.272104104,0.221,221,2,176.328,1195634.767,524.331,7741613.694,1.000349616
778.272471235,0.221,221,2,176.549,1195651.151,524.552,7741630.078,1.000367131
779.272824657,0.221,221,2,176.77,1195667.535,524.773,7741646.462,1.000353422
780.27317354,0.221,221,2,176.991,1195683.919,524.994,7741662.846,1.000348883
771.987809922,0.339,339,5,310.108,16257.324,525.215,7741671.038,0
781.273625321,0.221,221,2,177.212,1195700.303,525.554,7741679.55,9.285815399
782.274699934,0.221,221,2,177.433,1195716.687,525.775,7741695.934,1.001074613
783.275116555,0.221,221,2,177.654,1195733.823,525.996,7741713.07,1.000416621
784.275593962,0.221,221,2,177.875,1195750.207,526.217,7741729.454,1.000477407
785.277340412,0.221,221,2,178.096,1195766.591,526.438,7741745.838,1.00174645
786.27776313,0.221,221,2,178.317,1195782.975,526.659,7741762.222,1.000422718
787.278157689,0.221,221,2,178.538,1195799.359,526.88,7741778.606,1.000394559
788.278546552,0.221,221,2,178.759,1195815.743,527.101,7741794.99,1.000388863
789.278925106,0.221,221,2,178.98,1195832.127,527.322,7741811.374,1.000378554
790.279675742,0.221,221,2,179.201,1195848.511,527.543,7741827.758,1.000750636
781.987952569,0.339,339,5,310.447,16257.644,527.764,7741835.95,0
791.280149439,0.221,221,2,179.422,1195864.895,528.103,7741844.43,9.29219687
792.280555336,0.221,221,2,179.643,1195881.279,528.324,7741860.814,1.000405897
793.280980347,0.221,221,2,179.864,1195897.663,528.545,7741877.198,1.000425011
794.281380126,0.221,221,2,180.085,1195914.047,528.766,7741893.582,1.000399779
795.281759589,0.221,221,2,180.306,1195930.431,528.987,7741909.966,1.000379463
791.988213669,0.339,339,5,310.786,16258.188,529.208,7741918.414,0
796.332565726,0.189,189,5,310.975,16258.572,529.397,7741918.798,4.344352057
796.282197666,0.221,221,2,180.527,1195946.815,529.586,7741927.342,0
797.282696662,0.221,221,2,180.748,1195963.199,529.807,7741943.726,1.000498996
798.283116571,0.221,221,2,180.969,1195979.583,530.028,7741960.11,1.000419909
799.283491904,0.221,221,2,181.19,1195995.967,530.249,7741976.494,1.000375333
800.283860673,0.221,221,2,181.411,1196012.351,530.47,7741992.878,1.000368769
796.335362723,0.189,189,5,311.164,16258.924,530.691,7742001.07,0
801.284244708,0.221,221,2,181.632,1196020.543,531.03,7742001.39,4.948881985
802.28489647,0.221,221,2,181.853,1196036.927,531.251,7742017.774,1.000651762
803.285454236,0.221,221,2,182.074,1196053.311,531.472,7742034.158,1.000557766
804.285830801,0.221,221,2,182.295,1196069.695,531.693,7742050.542,1.000376565
805.288497886,0.221,221,2,182.516,1196086.079,531.914,7742066.926,1.002667085
806.294583882,0.221,221,2,182.737,1196102.463,532.135,7742083.31,1.006085996
807.301209731,0.221,221,2,182.958,1196118.847,532.356,7742099.694,1.006625849
808.305605581,0.221,221,2,183.179,1196135.231,532.577,7742116.078,1.00439585
809.306005907,0.221,221,2,183.4,1196151.615,532.798,7742132.462,1.000400326
801.988004167,0.339,339,5,311.503,16259.676,533.019,7742141.086,0
810.306375996,0.221,221,2,183.621,1196167.999,533.208,7742149.694,8.318371829
810.697333488,0.189,189,5,311.692,16260.092,533.429,7742157.886,0.390957492
811.306828075,0.221,221,2,183.842,1196184.383,533.768,7742166.462,0.609494587
812.307276874,0.221,221,2,184.063,1196200.767,533.989,7742182.846,1.000448799
813.307671194,0.221,221,2,184.284,1196217.151,534.21,7742200.062,1.00039432
814.308254554,0.221,221,2,184.505,1196233.535,534.431,7742216.446,1.00058336
815.308709656,0.221,221,2,184.726,1196282.687,534.652,7742381.646,1.000455102
816.30928971,0.221,221,2,184.947,1196299.071,534.873,7742398.03,1.000580054
