time,size,first_call,destination,dest_out_traffic,dest_in_traffic,total_network_out,total_network_in,dens10
3.854260867,0.244,244,2,0.244,24.576,0.244,26.624,0
3.893002805,0.183,183,2,0.427,40.96,0.427,43.008,0.038741938
4.903180007,0.183,183,2,0.61,57.344,0.61,59.392,1.010177202
5.904151569,0.183,183,2,0.793,73.728,0.793,75.776,1.000971562
6.904904039,0.183,183,2,0.976,90.112,0.976,92.16,1.00075247
7.905714617,0.183,183,2,1.159,106.496,1.159,108.544,1.000810578
8.906641969,0.183,183,2,1.342,122.88,1.342,124.928,1.000927352
9.907338357,0.183,183,2,1.525,139.264,1.525,141.312,1.000696388
10.908025595,0.183,183,2,1.708,155.648,1.708,157.696,1.000687238
11.908999671,0.183,183,2,1.891,172.032,1.891,174.08,1.000974076
12.90970898,0.183,183,2,2.074,188.416,2.074,190.464,1.000709309
13.912971475,0.183,183,2,2.257,204.8,2.257,206.848,1.003262495
14.916401381,0.183,183,2,2.44,221.184,2.44,223.232,1.003429906
15.917047692,0.183,183,2,2.623,237.568,2.623,239.616,1.000646311
16.917701756,0.183,183,2,2.806,253.952,2.806,256.0,1.000654064
17.918362035,0.183,183,2,2.989,270.336,2.989,272.384,1.000660279
18.920134747,0.183,183,2,3.172,286.72,3.172,288.768,1.001772712
20.836994705,0.268,268,6,0.268,8.452,3.789,308.144,1.916859958
19.920891407,0.183,183,2,3.355,303.104,4.042,324.528,0
20.927762183,0.219,219,2,3.574,335.872,4.261,357.296,1.006870776
21.41376819,0.283,283,2,3.857,352.256,4.544,373.68,0.486006007
21.462044371,0.207,207,2,4.064,368.64,4.751,390.064,0.048276181
21.51090666,0.102,102,2,4.166,376.832,4.853,398.256,0.048862289
20.882907178,0.253,253,6,0.521,24.836,4.977,16058.698,0
21.894871269,0.291,291,6,0.812,25.123,5.268,16119.987,1.011964091
21.541508177,0.124,124,2,4.29,17770.721,5.502,17808.816,0
21.897643339,0.234,234,6,1.046,41.507,5.721,68929.709,0.356135162
22.899949149,0.405,405,6,1.451,41.908,6.126,69035.767,1.00230581
21.92868786,0.219,219,2,4.509,71316.236,6.356,71371.116,0
22.902356788,0.23,230,6,1.681,58.292,6.575,130380.546,0.973668928
22.935775213,0.219,219,2,4.728,131905.322,7.09,131977.097,0.033418425
23.903416909,0.515,515,6,2.196,75.187,7.309,185263.122,0.967641696
23.941741126,0.219,219,2,4.947,187567.63,7.824,187656.3,0.038324217
24.905159798,0.515,515,6,2.711,92.082,8.043,256762.662,0.963418672
24.947087406,0.219,219,2,5.166,259657.524,8.558,259763.089,0.041927608
25.907048236,0.515,515,6,3.226,108.977,8.777,329340.399,0.95996083
25.952729534,0.219,219,2,5.385,334308.012,9.292,334430.472,0.045681298
26.957585878,0.219,219,2,5.604,398696.868,9.511,398819.328,1.004856344
26.908925221,0.515,515,6,3.741,125.872,9.635,526558.394,0
27.292758389,0.124,124,2,5.728,526435.934,10.15,526575.289,0.383833168
27.960527663,0.219,219,2,5.947,526452.318,10.369,526591.673,0.667769274
28.372183363,0.174,174,2,6.121,526468.702,10.543,526608.057,0.4116557
28.373427097,0.188,188,2,6.309,526476.894,10.731,526616.249,0.001243734
27.91143406,0.515,515,6,4.256,142.767,10.853,526915.1,0
28.375566614,0.122,122,2,6.431,526775.745,11.504,526932.131,0.464132554
28.408019415,0.17,170,2,6.601,526792.129,11.674,526948.515,0.032452801
28.383279816,0.651,651,6,4.907,151.606,11.858,526956.707,0
28.409107821,0.184,184,2,6.785,526800.321,12.355,526957.2,0.025828005
28.410289675,0.497,497,6,5.404,168.483,12.477,527040.511,0.001181854
28.411442266,0.122,122,2,6.907,526875.44,12.856,527057.27,0.001152591
28.423820027,0.379,379,6,5.783,185.242,13.075,527073.654,0.012377761
28.96169527,0.219,219,2,7.126,526891.824,13.387,527106.726,0.537875243
20.269374409,0.166,166,4,0.166,2.732,13.606,527114.918,0
30.675012654,0.176,176,4,0.342,3.756,13.782,527115.942,10.405638245
30.696751802,0.154,154,4,0.496,6.828,13.936,527119.014,0.021739148
30.825051986,0.17,170,4,0.666,7.852,14.106,527120.038,0.128300184
29.962814616,0.219,219,2,7.345,526908.208,14.278,527129.254,0
30.85484083,0.172,172,4,0.838,8.876,14.497,527137.446,0.892026214
31.208287591,0.177,177,4,1.015,9.388,14.674,527137.958,0.353446761
31.23062465,0.176,176,4,1.191,9.9,14.85,527138.47,0.022337059
31.259716268,1.53,1530,4,2.721,10.892,16.38,527139.462,0.029091618
31.320799524,1.256,1256,4,3.977,11.372,17.636,527139.942,0.061083256
30.963962108,0.219,219,2,7.564,526924.592,17.807,527148.614,0
31.964994712,0.219,219,2,7.783,526940.976,18.026,527164.998,1.001032604
32.965860324,0.219,219,2,8.002,526973.744,18.245,527197.766,1.000865612
34.967255404,0.219,219,2,8.221,526990.128,18.464,527214.15,2.00139508
35.968306515,0.219,219,2,8.44,527006.512,18.683,527230.534,1.001051111
36.968998922,0.219,219,2,8.659,527022.896,18.902,527246.918,1.000692407
37.969734351,0.219,219,2,8.878,527039.28,19.121,527263.302,1.000735429
38.970388903,0.219,219,2,9.097,527055.664,19.34,527279.686,1.000654552
39.971086897,0.219,219,2,9.316,527072.048,19.559,527296.07,1.000697994
40.971818624,0.219,219,2,9.535,527088.432,19.778,527312.454,1.000731727
41.972532542,0.219,219,2,9.754,527104.816,19.997,527328.838,1.000713918
42.973147634,0.219,219,2,9.973,527121.2,20.216,527345.222,1.000615092
43.973792688,0.219,219,2,10.192,527137.584,20.435,527361.606,1.000645054
44.974455133,0.219,219,2,10.411,527153.968,20.654,527377.99,1.000662445
31.330729279,0.171,171,4,4.148,11.852,20.873,527386.182,0
45.975094949,0.219,219,2,10.63,527170.352,21.212,527394.838,14.64436567
46.975949247,0.22,220,2,10.85,527186.736,21.432,527411.222,1.000854298
47.976636136,0.22,220,2,11.07,527203.12,21.652,527427.606,1.000686889
46.737719581,0.339,339,4,4.487,20.764,21.872,527444.246,0
48.977424156,0.22,220,2,11.29,527219.504,23.447,527452.438,2.239704575
49.948158213,1.575,1575,4,6.062,20.764,23.667,527460.63,0.970734057
50.063569468,0.286,286,4,6.348,27.42,23.953,527467.286,0.115411255
50.136866009,0.189,189,4,6.537,28.956,24.142,527468.822,0.073296541
50.524361235,0.286,286,4,6.823,74.524,24.428,527514.39,0.387495226
49.978322035,0.22,220,2,11.51,527229.744,24.617,527516.934,0
50.603070196,25.669,25669,2,37.179,527237.936,50.286,527525.126,0.624748161
51.517631887,0.23,230,8,0.23,40.96,50.736,527576.326,0.914561691
50.979370982,0.22,220,2,37.399,527254.32,50.99,528319.513,0
51.980354906,0.22,220,2,37.619,527270.704,51.21,539105.796,1.000983924
52.98127723,0.22,220,2,37.839,527287.088,51.43,551477.831,1.000922324
53.98244756,0.22,220,2,38.059,527303.472,51.65,563849.866,1.00117033
54.983517319,0.22,220,2,38.279,527319.856,51.87,576155.828,1.001069759
50.532303376,0.189,189,4,7.012,75.02,52.09,586273.189,0
55.984489579,0.22,220,2,38.499,527336.24,54.603,589123.016,5.452186203
56.985403523,0.22,220,2,38.719,527352.624,54.823,602354.0,1.000913944
57.98689184,0.22,220,2,38.939,527369.008,55.043,616113.568,1.001488317
58.98797899,0.22,220,2,39.159,527385.392,55.263,629608.844,1.00108715
59.98899993,0.22,220,2,39.379,527401.776,55.483,642707.682,1.00102094
60.990056349,0.22,220,2,39.599,527418.16,55.703,656665.469,1.001056419
51.627831655,0.152,152,9,0.152,135317.504,55.923,663082.742,0
56.782788302,2.513,2513,4,9.525,75.516,56.075,663176.717,5.154956647
62.588213419,2.581,2581,4,12.106,85.244,58.656,663186.445,5.805425117
51.59839118,0.102,102,8,0.332,73.728,60.231,663211.021,0
62.505724089,0.152,152,9,0.304,135411.479,60.461,663219.213,10.907332909
61.990966032,0.22,220,2,39.819,527434.544,60.613,667150.693,0
62.991995911,0.22,220,2,40.039,527450.928,60.833,680381.677,1.001029879
63.99297788,0.22,220,2,40.259,527467.312,61.053,693414.442,1.000981969
64.994051061,0.22,220,2,40.479,527475.504,61.273,706571.161,1.001073181
62.599148539,1.575,1575,4,13.681,85.244,61.493,716424.23,0
65.99504588,0.22,220,2,40.699,527491.888,64.006,719605.974,3.395897341
66.99621628,0.22,220,2,40.919,527508.272,64.226,732903.031,1.0011704
67.997278706,0.22,220,2,41.139,527524.656,64.446,746464.38,1.001062426
68.998294967,0.22,220,2,41.359,527541.04,64.666,759959.656,1.001016261
69.999035773,0.22,220,2,41.579,527557.424,64.886,773190.64,1.000740806
70.99989978,0.22,220,2,41.799,527573.808,65.106,786487.697,1.000864007
62.666731854,0.152,152,9,0.456,271414.694,65.326,799380.124,0
72.000909964,0.22,220,2,42.019,527590.192,65.478,799642.351,9.33417811
66.732992864,2.513,2513,4,16.194,87.292,65.698,799650.543,0
73.010938684,2.581,2581,4,18.775,98.556,68.279,799661.807,6.27794582
62.663716177,0.23,230,8,0.562,106.496,69.854,799686.383,0
73.032539405,0.23,230,8,0.792,122.88,70.084,799702.767,10.368823228
72.955756108,0.152,152,9,0.608,271668.729,70.228,799710.959,0
73.002079875,0.22,220,2,42.239,527606.576,70.38,812876.441,0.046323767
74.003306638,0.22,220,2,42.459,527622.96,70.6,825909.206,1.001226763
75.004363476,0.22,220,2,42.679,527639.344,70.82,838545.533,1.001056838
73.019035872,1.575,1575,4,20.35,98.556,71.04,848266.456,0
76.005576968,0.22,220,2,42.899,527655.728,73.553,851726.828,2.986541096
77.006736683,0.22,220,2,43.119,527672.112,73.773,865537.88,1.001159715
78.007783534,0.22,220,2,43.339,527688.496,73.993,879099.229,1.001046851
79.008899598,0.22,220,2,43.559,527704.88,74.213,892528.432,1.001116064
80.010018315,0.22,220,2,43.779,527721.264,74.433,906089.781,1.001118717
81.011111611,0.22,220,2,43.999,527737.648,74.653,919122.546,1.001093296
82.012639668,0.22,220,2,44.219,527754.032,74.873,932882.114,1.001528057
73.038419133,0.152,152,9,0.76,408037.575,75.093,936260.029,0
76.730841403,2.513,2513,4,22.863,114.94,75.245,936354.902,3.69242227
83.310684971,2.581,2581,4,25.444,147.708,77.826,936387.67,6.579843568
73.034795977,0.144,144,8,0.936,155.648,79.401,936412.246,0
83.328362499,0.23,230,8,1.166,172.032,79.631,936428.63,10.293566522
83.26324486,0.152,152,9,0.912,408132.448,79.775,936436.822,0
83.013829345,0.22,220,2,44.439,527770.416,79.927,944992.242,0
84.015016018,0.22,220,2,44.659,527786.8,80.147,958157.153,1.001186673
85.015985066,0.22,220,2,44.879,527803.184,80.367,971520.283,1.000969048
83.318472484,1.575,1575,4,27.019,147.708,80.587,981109.06,0
86.017018298,0.22,220,2,45.099,527819.568,83.1,985147.168,2.698545814
87.018028692,0.22,220,2,45.319,527835.952,83.32,998444.225,1.001010394
88.019141263,0.22,220,2,45.539,527852.336,83.54,1012005.574,1.001112571
89.020180711,0.22,220,2,45.759,527868.72,83.76,1025699.069,1.001039448
90.021290419,0.22,220,2,45.979,527885.104,83.98,1039326.491,1.001109708
91.022190883,0.22,220,2,46.199,527901.488,84.2,1052623.548,1.000900464
92.023096166,0.22,220,2,46.419,527917.872,84.42,1066250.97,1.000905283
83.332678131,0.152,152,9,1.064,543804.128,84.64,1072337.878,0
86.730764857,2.513,2513,4,29.532,213.244,84.792,1072494.507,3.398086726
93.522065623,2.581,2581,4,32.113,311.548,87.373,1072592.811,6.791300766
83.330521223,0.144,144,8,1.31,204.8,88.948,1072617.387,0
93.549770123,0.23,230,8,1.54,221.184,89.178,1072633.771,10.2192489
93.469625924,0.152,152,9,1.216,543960.757,89.322,1072641.963,0
93.023961709,0.22,220,2,46.639,527934.256,89.474,1078539.983,0
94.024949614,0.22,220,2,46.859,527950.64,89.694,1092233.478,1.000987905
95.025962592,0.22,220,2,47.079,527967.024,89.914,1105596.608,1.001012978
93.533027911,1.575,1575,4,33.688,311.548,90.134,1115185.385,0
96.02693583,0.22,220,2,47.299,527983.408,92.647,1119190.725,2.493907919
97.028108605,0.22,220,2,47.519,527999.792,92.867,1132619.928,1.001172775
98.029148961,0.22,220,2,47.739,528016.176,93.087,1146115.204,1.001040356
99.030287444,0.22,220,2,47.959,528032.56,93.307,1159742.626,1.001138483
100.031299164,0.22,220,2,48.179,528048.944,93.527,1173171.829,1.00101172
101.032306206,0.22,220,2,48.399,528065.328,93.747,1185874.229,1.001007042
102.033078022,0.22,220,2,48.619,528081.712,93.967,1199501.651,1.000771816
93.553153934,0.152,152,9,1.368,679617.957,94.187,1208495.771,0
96.729269486,2.513,2513,4,36.201,344.316,94.339,1208652.4,3.176115552
103.733257773,2.538,2538,4,38.739,377.084,96.877,1208685.168,7.003988287
93.551379267,0.144,144,8,1.684,245.76,98.452,1208701.552,0
103.750427484,0.23,230,8,1.914,270.336,98.682,1208726.128,10.199048217
103.6859549,0.152,152,9,1.52,679774.586,98.826,1208734.32,0
103.033881336,0.22,220,2,48.839,528098.096,98.978,1212150.27,0
104.03483446,0.22,220,2,49.059,528114.48,99.198,1225645.546,1.000953124
105.035729616,0.22,220,2,49.279,528130.864,99.418,1239206.895,1.000895156
103.742392803,1.575,1575,4,40.314,377.084,99.638,1248465.307,0
106.036621489,0.22,220,2,49.499,528147.248,102.151,1252734.939,2.294228686
107.037581388,0.22,220,2,49.719,528163.632,102.371,1266494.507,1.000959899
108.038431566,0.22,220,2,49.939,528180.016,102.591,1280254.075,1.000850178
109.039372817,0.22,220,2,50.159,528196.4,102.811,1293947.57,1.000941251
110.040310785,0.22,220,2,50.379,528212.784,103.031,1307574.992,1.000937968
111.04122857,0.22,220,2,50.599,528229.168,103.251,1320938.122,1.000917785
112.041993891,0.22,220,2,50.819,528245.552,103.471,1334565.544,1.000765321
103.753940361,0.152,152,9,1.672,815592.636,103.691,1344748.978,0
106.735092154,2.513,2513,4,42.827,409.852,103.843,1344842.953,2.981151793
113.98132612,2.538,2538,4,45.365,442.62,106.381,1344875.721,7.246233966
103.752156265,0.144,144,8,2.058,294.912,107.956,1344892.105,0
113.99712771,0.23,230,8,2.288,319.488,108.186,1344916.681,10.244971445
113.930481735,0.152,152,9,1.824,815686.611,108.33,1344924.873,0
113.042788265,0.22,220,2,51.039,528261.936,108.482,1345551.533,0
114.043632018,0.22,220,2,51.259,528278.32,108.702,1358914.663,1.000843753
115.04449358,0.22,220,2,51.479,528294.704,108.922,1372740.304,1.000861562
113.987961671,1.575,1575,4,46.94,442.62,109.142,1381932.643,0
116.045419396,0.22,220,2,51.699,528311.088,111.655,1386318.037,2.057457725
117.046360158,0.22,220,2,51.919,528327.472,111.875,1399813.313,1.000940762
118.047417276,0.22,220,2,52.139,528343.856,112.095,1413044.297,1.001057118
119.048275276,0.22,220,2,52.359,528360.24,112.315,1426539.573,1.000858
120.049164705,0.22,220,2,52.579,528376.624,112.535,1440233.068,1.000889429
121.050032134,0.22,220,2,52.799,528393.008,112.755,1453596.198,1.000867429
122.050846832,0.22,220,2,53.019,528409.392,112.975,1467157.547,1.000814698
114.001505781,0.152,152,9,1.976,951358.291,113.195,1480776.777,0
123.051633525,0.22,220,2,53.239,528425.776,113.347,1480921.326,9.050127744
116.728919861,2.513,2513,4,49.453,459.004,113.567,1480929.518,0
124.097748118,2.538,2538,4,51.991,483.58,116.105,1480954.094,7.368828257
113.998820803,0.144,144,8,2.432,344.064,117.68,1480970.478,0
124.116423468,0.23,230,8,2.662,368.64,117.91,1480995.054,10.117602665
124.050993359,0.152,152,9,2.128,951494.648,118.054,1481003.246,0
124.052534687,0.22,220,2,53.459,528442.16,118.206,1492358.21,0.001541328
125.053428376,0.22,220,2,53.679,528458.544,118.426,1505706.751,1.000893689
124.104225338,1.575,1575,4,53.566,483.58,118.646,1514172.287,0
126.054335195,0.22,220,2,53.899,528474.928,121.159,1518672.906,1.950109857
127.055216802,0.22,220,2,54.119,528491.312,121.379,1532432.474,1.000881607
128.055997487,0.22,220,2,54.339,528507.696,121.599,1545993.823,1.000780685
129.056614046,0.22,220,2,54.559,528515.888,121.819,1559414.834,1.000616559
130.057519818,0.22,220,2,54.779,528532.272,122.039,1572910.11,1.000905772
131.059185882,0.22,220,2,54.999,528548.656,122.259,1586339.313,1.001666064
132.060232244,0.221,221,2,55.22,528565.04,122.48,1599900.662,1.001046362
133.060952866,0.221,221,2,55.441,528581.424,122.701,1613395.938,1.000720622
124.119788909,0.152,152,9,2.28,1087572.655,122.922,1617302.437,0
126.729676033,2.513,2513,4,56.079,549.116,123.074,1617396.412,2.609887124
134.400471321,2.538,2538,4,58.617,647.42,125.612,1617494.716,7.670795288
124.117882173,0.144,144,8,2.806,393.216,127.187,1617511.1,0
134.415146441,0.23,230,8,3.036,417.792,127.417,1617535.676,10.297264268
134.349653476,0.152,152,9,2.432,1087666.63,127.561,1617543.868,0
134.061805908,0.221,221,2,55.662,528597.808,127.713,1625901.069,0
135.06277726,0.221,221,2,55.883,528614.192,127.934,1639396.345,1.000971352
134.407128312,1.575,1575,4,60.192,647.42,128.155,1648192.246,0
136.063698188,0.221,221,2,56.104,528630.576,130.668,1652594.024,1.656569876
137.064561566,0.221,221,2,56.325,528646.96,130.889,1666419.665,1.000863378
138.065384296,0.221,221,2,56.546,528663.344,131.11,1679716.722,1.00082273
139.066505179,0.221,221,2,56.767,528679.728,131.331,1693344.144,1.001120883
140.067436652,0.221,221,2,56.988,528696.112,131.552,1706971.566,1.000931473
141.068240595,0.221,221,2,57.209,528712.496,131.773,1720731.134,1.000803943
142.068972113,0.221,221,2,57.43,528728.88,131.994,1734490.702,1.000731518
143.069834583,0.221,221,2,57.651,528745.264,132.215,1747919.905,1.00086247
134.419193604,0.152,152,9,2.584,1223338.31,132.436,1753412.156,0
136.729321798,2.513,2513,4,62.705,680.188,132.588,1753506.131,2.310128194
144.529040883,2.538,2538,4,65.243,729.34,135.126,1753555.283,7.799719085
134.417634676,0.144,144,8,3.18,450.56,136.701,1753579.859,0
144.54366886,0.23,230,8,3.41,466.944,136.931,1753596.243,10.126034184
144.476745126,0.152,152,9,2.736,1223432.285,137.075,1753604.435,0
144.070754742,0.221,221,2,57.872,528761.648,137.227,1760851.053,0
145.071624266,0.221,221,2,58.093,528778.032,137.448,1774280.256,1.000869524
144.534834636,1.575,1575,4,66.818,729.34,137.669,1783208.303,0
146.072472698,0.221,221,2,58.314,528794.416,140.182,1787924.062,1.537638062
147.073293542,0.221,221,2,58.535,528810.8,140.403,1800824.681,1.000820844
148.074043219,0.221,221,2,58.756,528827.184,140.624,1813857.446,1.000749677
149.074778089,0.221,221,2,58.977,528843.568,140.845,1827484.868,1.00073487
150.075454851,0.221,221,2,59.198,528859.952,141.066,1840914.071,1.000676762
151.076074413,0.221,221,2,59.419,528876.336,141.287,1853550.398,1.000619562
152.076663733,0.221,221,2,59.64,528892.72,141.508,1866715.309,1.00058932
153.077536959,0.221,221,2,59.861,528909.104,141.729,1880342.731,1.000873226
144.54717161,0.152,152,9,2.888,1358984.477,141.95,1889336.851,0
146.729069881,2.513,2513,4,69.331,745.724,142.102,1889493.48,2.181898271
154.780778831,2.538,2538,4,71.869,778.492,144.64,1889526.248,8.05170895
144.545610867,0.144,144,8,3.554,491.52,146.215,1889542.632,0
154.793374078,0.23,230,8,3.784,516.096,146.445,1889567.208,10.247763211
154.73204917,0.152,152,9,3.04,1359141.106,146.589,1889575.4,0
154.078733899,0.221,221,2,60.082,528925.488,146.741,1893449.578,0
155.079742058,0.221,221,2,60.303,528941.872,146.962,1906218.051,1.001008159
154.785871587,1.575,1575,4,73.444,778.492,147.183,1915146.098,0
156.080624922,0.221,221,2,60.524,528958.256,149.696,1920043.155,1.294753335
157.081542566,0.221,221,2,60.745,528974.64,149.917,1933802.723,1.000917644
158.082418655,0.221,221,2,60.966,528991.024,150.138,1947562.291,1.000876089
159.083293278,0.221,221,2,61.187,529007.408,150.359,1961255.786,1.000874623
160.084111399,0.221,221,2,61.408,529023.792,150.58,1974949.281,1.000818121
161.08498218,0.221,221,2,61.629,529031.984,150.801,1988700.657,1.000870781
162.085819297,0.221,221,2,61.85,529048.368,151.022,2002394.152,1.000837117
163.086619539,0.221,221,2,62.071,529064.752,151.243,2016087.647,1.000800242
154.79670837,0.152,152,9,3.192,1495153.092,151.464,2025808.57,0
156.729920408,2.513,2513,4,75.957,844.028,151.616,2025970.991,1.933212038
164.852185188,2.538,2538,4,78.495,942.332,154.154,2026069.295,8.12226478
154.7949703,0.144,144,8,3.928,540.672,155.729,2026085.679,0
164.864674067,0.23,230,8,4.158,565.248,155.959,2026110.255,10.069703767
164.802812289,0.152,152,9,3.344,1495315.513,156.103,2026118.447,0
164.087344072,0.221,221,2,62.292,529081.136,156.255,2028706.273,0
165.088144174,0.221,221,2,62.513,529097.52,156.476,2041540.819,1.000800102
164.857209919,1.575,1575,4,80.07,942.332,156.697,2050336.72,0
166.089005177,0.221,221,2,62.734,529113.904,159.21,2055201.009,1.231795258
167.08986653,0.221,221,2,62.955,529130.288,159.431,2068960.577,1.000861353
168.090738568,0.221,221,2,63.176,529146.672,159.652,2082654.072,1.000872038
169.091683311,0.221,221,2,63.397,529163.056,159.873,2096347.567,1.000944743
170.092639788,0.221,221,2,63.618,529179.44,160.094,2109512.478,1.000956477
171.093482213,0.221,221,2,63.839,529195.824,160.315,2123139.9,1.000842425
172.094295934,0.221,221,2,64.06,529212.208,160.536,2136767.322,1.000813721
173.095000772,0.221,221,2,64.281,529228.592,160.757,2150394.744,1.000704838
164.868515058,0.152,152,9,3.496,1630966.169,160.978,2161965.711,0
166.728757691,2.513,2513,4,82.583,975.1,161.13,2162122.34,1.860242633
174.996225502,2.538,2538,4,85.121,1024.252,163.668,2162171.492,8.267467811
164.86646773,0.144,144,8,4.302,589.824,165.243,2162187.876,0
175.008974121,0.23,230,8,4.532,614.4,165.473,2162212.452,10.142506391
174.945218178,0.152,152,9,3.648,1631122.798,165.617,2162220.644,0
174.095783554,0.221,221,2,64.502,529244.976,165.769,2163354.864,0
175.096694633,0.221,221,2,64.723,529261.36,165.99,2176585.848,1.000911079
175.001957237,1.575,1575,4,86.696,1024.252,166.211,2185117.457,0
176.097569395,0.221,221,2,64.944,529277.744,168.724,2190097.508,1.095612158
177.098433891,0.221,221,2,65.165,529294.128,168.945,2203394.565,1.000864496
178.099278831,0.221,221,2,65.386,529310.512,169.166,2217021.987,1.00084494
179.100124748,0.221,221,2,65.607,529326.896,169.387,2230715.482,1.000845917
180.100974577,0.221,221,2,65.828,529343.28,169.608,2244012.539,1.000849829
181.101851574,0.221,221,2,66.049,529359.664,169.829,2257507.815,1.000876997
182.102611098,0.221,221,2,66.27,529376.048,170.05,2271135.237,1.000759524
183.103361752,0.221,221,2,66.491,529392.432,170.271,2284630.513,1.000750654
175.013244706,0.152,152,9,3.8,1766773.454,170.492,2298051.524,0
184.104105911,0.221,221,2,66.712,529408.816,170.644,2298139.74,9.090861205
176.728436002,2.513,2513,4,89.209,1040.636,170.865,2298147.932,0
185.134781809,2.538,2538,4,91.747,1073.404,173.403,2298180.7,8.406345807
175.010408242,0.144,144,8,4.676,638.976,174.978,2298197.084,0
185.147612142,0.23,230,8,4.906,663.552,175.208,2298221.66,10.1372039
185.089673559,0.152,152,9,3.952,1766853.478,175.352,2298229.852,0
185.104843086,0.221,221,2,66.933,529425.2,175.504,2310926.847,0.015169527
185.140078991,1.575,1575,4,93.322,1073.404,175.725,2319326.31,0.035235905
186.105753257,0.221,221,2,67.154,529441.584,178.238,2324553.732,0.965674266
187.106655188,0.221,221,2,67.375,529457.968,178.459,2338049.008,1.000901931
188.10755209,0.221,221,2,67.596,529474.352,178.68,2351742.503,1.000896902
189.108473296,0.221,221,2,67.817,529490.736,178.901,2364973.487,1.000921206
190.109375087,0.221,221,2,68.038,529507.12,179.122,2378666.982,1.000901791
191.110360827,0.221,221,2,68.259,529523.504,179.343,2392294.404,1.00098574
192.111202414,0.221,221,2,68.48,529539.888,179.564,2405987.899,1.000841587
193.111997627,0.221,221,2,68.701,529548.08,179.785,2419541.056,1.000795213
194.112846757,0.221,221,2,68.922,529564.464,180.006,2433300.624,1.00084913
185.15067112,0.152,152,9,4.104,1902438.061,180.227,2434035.619,0
186.728703006,2.513,2513,4,95.835,1138.94,180.379,2434129.594,1.578031886
195.214149654,2.538,2538,4,98.373,1204.476,182.917,2434195.13,8.485446648
185.149238187,0.144,144,8,5.05,688.128,184.492,2434211.514,0
195.226338005,0.23,230,8,5.28,712.704,184.722,2434236.09,10.077099818
195.169983981,0.152,152,9,4.256,1902532.036,184.866,2434244.282,0
195.113645462,0.221,221,2,69.143,529580.848,185.018,2446379.775,0
195.219531483,1.575,1575,4,99.948,1204.476,185.239,2454316.727,0.105886021
196.114501507,0.221,221,2,69.364,529597.232,187.752,2459577.454,0.894970024
197.115440733,0.221,221,2,69.585,529613.616,187.973,2472742.365,1.000939226
198.116314377,0.221,221,2,69.806,529630.0,188.194,2486237.641,1.000873644
199.117300536,0.221,221,2,70.027,529646.384,188.415,2499931.136,1.000986159
200.118180187,0.221,221,2,70.248,529662.768,188.636,2513029.974,1.000879651
201.11902408,0.221,221,2,70.469,529679.152,188.857,2526657.396,1.000843893
202.119879286,0.221,221,2,70.69,529695.536,189.078,2540284.818,1.000855206
203.120681274,0.221,221,2,70.911,529711.92,189.299,2553978.313,1.000801988
204.12145742,0.221,221,2,71.132,529728.304,189.52,2567341.443,1.000776146
195.229425688,0.152,152,9,4.408,2038546.212,189.741,2570455.066,0
196.728448644,2.513,2513,4,102.461,1237.244,189.893,2570549.041,1.499022956
205.396307944,2.538,2538,4,104.999,1270.012,192.431,2570581.809,8.6678593
195.227742444,0.144,144,8,5.424,745.472,194.006,2570606.385,0
205.411258588,0.23,230,8,5.654,761.856,194.236,2570622.769,10.183516144
205.349060525,0.152,152,9,4.56,2038640.187,194.38,2570630.961,0
205.122202137,0.221,221,2,71.353,529744.688,194.532,2580232.024,0
205.401574046,1.575,1575,4,106.574,1270.012,194.753,2588301.122,0.279371909
206.12309436,0.221,221,2,71.574,529761.072,197.266,2593627.922,0.721520314
207.124045039,0.221,221,2,71.795,529777.456,197.487,2607123.198,1.000950679
208.124927554,0.221,221,2,72.016,529793.84,197.708,2620354.182,1.000882515
209.125871319,0.221,221,2,72.237,529810.224,197.929,2633717.312,1.000943765
210.126982634,0.221,221,2,72.458,529826.608,198.15,2647212.588,1.001111315
211.127927447,0.221,221,2,72.679,529834.8,198.371,2659840.723,1.000944813
212.128802837,0.221,221,2,72.9,529859.376,198.592,2673344.191,1.00087539
213.129612857,0.221,221,2,73.121,529875.76,198.813,2686575.175,1.00081002
214.130374266,0.221,221,2,73.342,529892.144,199.034,2700136.524,1.000761409
205.414366804,0.152,152,9,4.712,2174498.561,199.255,2706685.943,0
206.730865502,2.513,2513,4,109.087,1302.78,199.407,2706842.572,1.316498698
215.656927887,2.538,2538,4,111.625,1335.548,201.945,2706875.34,8.926062385
205.412540874,0.144,144,8,5.798,786.432,203.52,2706891.724,0
215.668133432,0.23,230,8,6.028,811.008,203.75,2706916.3,10.255592558
215.612139091,0.152,152,9,4.864,2174655.19,203.894,2706924.492,0
215.131673314,0.221,221,2,73.563,529908.528,204.046,2713372.026,0
215.661151399,1.575,1575,4,113.2,1335.548,204.267,2720978.613,0.529478085
216.13284993,0.221,221,2,73.784,529924.912,206.78,2726487.248,0.471698531
217.133827499,0.221,221,2,74.005,529941.296,207.001,2740048.597,1.000977569
218.134785581,0.221,221,2,74.226,529957.68,207.222,2753676.019,1.000958082
219.135608661,0.221,221,2,74.447,529974.064,207.443,2767303.441,1.00082308
220.136408344,0.221,221,2,74.668,529990.448,207.664,2780864.79,1.000799683
221.137308807,0.221,221,2,74.889,530006.832,207.885,2794426.139,1.000900463
222.138131119,0.221,221,2,75.11,530023.216,208.106,2807789.269,1.000822312
223.138990865,0.221,221,2,75.331,530039.6,208.327,2820954.18,1.000859746
224.139925691,0.221,221,2,75.552,530055.984,208.548,2834053.018,1.000934826
215.671196671,0.152,152,9,5.016,2310465.466,208.769,2842914.992,0
216.728867902,2.513,2513,4,115.713,1351.932,208.921,2843169.027,1.057671231
225.84866917,2.538,2538,4,118.251,1368.316,211.459,2843185.411,9.119801268
215.66965241,0.144,144,8,6.172,835.584,213.034,2843201.795,0
225.86031255,0.23,230,8,6.402,860.16,213.264,2843226.371,10.19066014
225.804148005,0.152,152,9,5.168,2310719.501,213.408,2843234.563,0
225.140837888,0.221,221,2,75.773,530072.368,213.56,2847004.579,0
225.852888002,1.575,1575,4,119.826,1368.316,213.781,2854280.801,0.712050114
226.147769286,0.221,221,2,75.994,530088.752,216.294,2860036.807,0.294881284
227.148624492,0.221,221,2,76.215,530105.136,216.515,2873796.375,1.000855206
228.149584112,0.221,221,2,76.436,530121.52,216.736,2887489.87,1.00095962
229.150683274,0.221,221,2,76.657,530137.904,216.957,2900654.781,1.001099162
230.151552937,0.221,221,2,76.878,530154.288,217.178,2914348.276,1.000869663
231.152673541,0.221,221,2,77.099,530170.672,217.399,2927843.552,1.001120604
232.153614792,0.221,221,2,77.32,530187.056,217.62,2941537.047,1.000941251
233.154582024,0.221,221,2,77.541,530203.44,217.841,2955230.542,1.000967232
234.155389249,0.221,221,2,77.762,530219.824,218.062,2968857.964,1.000807225
225.865181116,0.152,152,9,5.32,2446627.325,218.283,2979371.763,0
226.728554873,2.513,2513,4,122.339,1433.852,218.435,2979528.392,0.863373757
235.975163957,2.538,2538,4,124.877,1499.388,220.973,2979593.928,9.246609084
225.863878785,0.144,144,8,6.546,884.736,222.548,2979610.312,0
235.986218994,0.23,230,8,6.776,909.312,222.778,2979634.888,10.122340209
235.928580729,0.152,152,9,5.472,2446783.954,222.922,2979643.08,0
235.156112875,0.221,221,2,77.983,530236.208,223.074,2981982.92,0
235.979836199,1.575,1575,4,126.452,1499.388,223.295,2989589.507,0.823723324
236.156945732,0.221,221,2,78.204,530252.592,225.808,2995444.891,0.177109533
237.157870221,0.221,221,2,78.425,530268.976,226.029,3009006.24,1.000924489
238.158836895,0.221,221,2,78.646,530277.168,226.25,3022625.47,1.000966674
239.160010298,0.221,221,2,78.867,530301.744,226.471,3036261.084,1.001173403
240.161033473,0.221,221,2,79.088,530318.128,226.692,3049359.922,1.001023175
241.161892102,0.221,221,2,79.309,530334.512,226.913,3062723.052,1.000858629
242.162730756,0.221,221,2,79.53,530350.896,227.134,3076482.62,1.000838654
243.163469397,0.221,221,2,79.751,530367.28,227.355,3090110.042,1.000738641
244.164155239,0.221,221,2,79.972,530383.664,227.576,3103869.61,1.000685842
235.990335719,0.152,152,9,5.624,2582318.77,227.797,3115374.504,0
236.728450321,2.513,2513,4,128.965,1532.156,227.949,3115468.479,0.738114602
246.037501563,2.538,2538,4,131.503,1581.308,230.487,3115517.631,9.309051242
235.988390429,0.144,144,8,6.92,933.888,232.062,3115534.015,0
246.05095509,0.23,230,8,7.15,958.464,232.292,3115558.591,10.062564661
245.998664152,0.152,152,9,5.776,2582412.745,232.436,3115566.783,0
245.164807696,0.221,221,2,80.193,530400.048,232.588,3117197.196,0
246.042578047,1.575,1575,4,133.078,1581.308,232.809,3124803.783,0.877770351
246.165625258,0.221,221,2,80.414,530416.432,235.322,3130841.002,0.123047211
247.166466915,0.221,221,2,80.635,530432.816,235.543,3144468.424,1.000841657
248.167342166,0.221,221,2,80.856,530449.2,235.764,3158227.992,1.000875251
249.168122852,0.221,221,2,81.077,530465.584,235.985,3171921.487,1.000780686
250.168892224,0.221,221,2,81.298,530473.776,236.206,3185606.79,1.000769372
251.169785634,0.221,221,2,81.519,530498.352,236.427,3199242.404,1.00089341
252.170793443,0.221,221,2,81.74,530514.736,236.648,3213068.045,1.001007809
253.171721704,0.221,221,2,81.961,530531.12,236.869,3226827.613,1.000928261
254.172561406,0.221,221,2,82.182,530547.504,237.09,3240587.181,1.000839702
246.054261585,0.152,152,9,5.928,2717964.937,237.311,3251299.199,0
246.72851688,2.513,2513,4,135.591,1597.692,237.463,3251553.234,0.674255295
255.997346038,2.538,2538,4,138.129,1630.46,240.001,3251586.002,9.268829158
246.052619128,0.144,144,8,7.294,974.848,241.576,3251594.194,0
256.006731449,0.14,140,8,7.434,991.232,241.716,3251610.578,9.954112321
255.962689745,0.152,152,9,6.08,2718218.972,241.86,3251618.77,0
255.173409069,0.221,221,2,82.403,530563.888,242.012,3254268.594,0
256.002769214,1.575,1575,4,139.704,1630.46,242.233,3261676.962,0.829360145
256.174268606,0.221,221,2,82.624,530580.272,244.746,3267697.26,0.171499392
257.175271457,0.221,221,2,82.845,530588.464,244.967,3280523.614,1.001002851
258.176547667,0.221,221,2,83.066,530604.848,245.188,3294217.109,1.00127621
259.177621616,0.221,221,2,83.287,530621.232,245.409,3307448.093,1.001073949
260.178589966,0.221,221,2,83.508,530637.616,245.63,3320745.15,1.00096835
261.179319807,0.221,221,2,83.729,530654.0,245.851,3334438.645,1.000729841
262.180092392,0.221,221,2,83.95,530670.384,246.072,3347999.994,1.000772585
263.180791433,0.221,221,2,84.171,530686.768,246.293,3361825.635,1.000699041
264.181438932,0.221,221,2,84.392,530703.152,246.514,3375188.765,1.000647499
256.009175755,0.152,152,9,6.232,2854063.772,246.735,3387684.754,0
256.728330055,2.513,2513,4,142.217,1695.996,246.887,3387778.729,0.7191543
266.134290827,2.538,2538,4,144.755,1761.532,249.425,3387844.265,9.405960772
256.007899894,0.144,144,8,7.578,1015.808,251.0,3387860.649,0
266.151980088,0.23,230,8,7.808,1040.384,251.23,3387885.225,10.144080194
266.093841479,0.152,152,9,6.384,2854157.747,251.374,3387893.417,0
265.182097605,0.221,221,2,84.613,530719.536,251.526,3388387.931,0
266.141512555,1.575,1575,4,146.33,1761.532,251.747,3395532.007,0.95941495
266.182865859,0.221,221,2,84.834,530735.92,254.26,3401849.902,0.041353304
267.183605618,0.221,221,2,85.055,530752.304,254.481,3415609.47,1.000739759
268.184391193,0.221,221,2,85.276,530768.688,254.702,3429170.819,1.000785575
269.185156234,0.221,221,2,85.497,530785.072,254.923,3442864.314,1.000765041
270.185927771,0.221,221,2,85.718,530801.456,255.144,3456161.371,1.000771537
271.186717466,0.221,221,2,85.939,530817.84,255.365,3469920.939,1.000789695
272.187511701,0.221,221,2,86.16,530834.224,255.586,3483812.653,1.000794235
273.188217098,0.221,221,2,86.381,530850.608,255.807,3497704.367,1.000705397
274.189019924,0.221,221,2,86.602,530866.992,256.028,3511728.227,1.000802826
266.157907587,0.152,152,9,6.536,2989829.427,256.249,3523761.705,0
266.728685477,2.513,2513,4,148.843,1794.3,256.401,3523895.166,0.57077789
276.098445138,2.538,2538,4,151.381,1827.068,258.939,3523927.934,9.369759661
266.156619435,0.144,144,8,7.952,1056.768,260.514,3523936.126,0
276.109258035,0.14,140,8,8.092,1073.152,260.654,3523952.51,9.9526386
276.059278425,0.152,152,9,6.688,2989962.888,260.798,3523960.702,0
275.189884419,0.221,221,2,86.823,530883.376,260.95,3525102.54,0
276.103836885,1.575,1575,4,152.956,1827.068,261.171,3532246.616,0.913952466
276.190926032,0.221,221,2,87.044,530899.76,263.684,3538696.657,0.087089147
277.191843118,0.221,221,2,87.265,530916.144,263.905,3552191.933,1.000917086
278.192731988,0.221,221,2,87.486,530932.528,264.126,3566083.647,1.00088887
279.19351421,0.221,221,2,87.707,530948.912,264.347,3580041.434,1.000782222
280.194267728,0.221,221,2,87.928,530965.296,264.568,3594065.294,1.000753518
281.195066712,0.221,221,2,88.149,530981.68,264.789,3607824.862,1.000798984
282.195841113,0.221,221,2,88.37,530998.064,265.01,3621848.722,1.000774401
283.196552656,0.221,221,2,88.591,531014.448,265.231,3635872.582,1.000711543
284.197261824,0.221,221,2,88.812,531030.832,265.452,3649632.15,1.000709168
276.112949845,0.152,152,9,6.84,3125489.016,265.673,3659683.438,0
276.728727592,2.513,2513,4,155.469,1859.836,265.825,3659831.687,0.615777747
285.971706954,2.538,2538,4,158.007,1892.604,268.363,3659864.455,9.242979362
276.110596613,0.144,144,8,8.236,1089.536,269.938,3659872.647,0
285.985132684,0.14,140,8,8.376,1105.92,270.078,3659889.031,9.874536071
285.935476858,0.152,152,9,6.992,3125637.265,270.222,3659897.223,0
285.198018135,0.221,221,2,89.033,531047.216,270.374,3662770.365,0
285.977264295,1.575,1575,4,159.582,1892.604,270.595,3669716.222,0.77924616
286.19877291,0.221,221,2,89.254,531063.6,273.108,3676091.998,0.221508615
287.199587818,0.221,221,2,89.475,531079.984,273.329,3689917.639,1.000814908
288.200358168,0.221,221,2,89.696,531096.368,273.55,3703677.207,1.00077035
289.201239146,0.221,221,2,89.917,531104.56,273.771,3716767.853,1.000880978
290.202182841,0.221,221,2,90.138,531120.944,273.992,3730263.129,1.000943695
291.202959127,0.221,221,2,90.359,531137.328,274.213,3743758.405,1.000776286
292.203784372,0.221,221,2,90.58,531153.712,274.434,3756857.243,1.000825245
293.204512676,0.221,221,2,90.801,531170.096,274.655,3770616.811,1.000728304
294.205191883,0.221,221,2,91.022,531186.48,274.876,3784244.233,1.000679207
285.987865224,0.152,152,9,7.144,3261242.872,275.097,3795683.054,0
286.728961421,2.513,2513,4,162.095,1917.18,275.249,3795778.919,0.741096197
296.078732645,2.538,2538,4,164.633,1933.564,277.787,3795795.303,9.349771224
285.986495008,0.144,144,8,8.52,1130.496,279.362,3795811.687,0
296.091185905,0.23,230,8,8.75,1155.072,279.592,3795836.263,10.104690897
296.043574124,0.152,152,9,7.296,3261338.737,279.736,3795844.455,0
295.205836169,0.221,221,2,91.243,531202.864,279.888,3797441.186,0
296.083490862,1.575,1575,4,166.208,1933.564,280.109,3804585.262,0.877654693
296.206611058,0.221,221,2,91.464,531219.248,282.622,3811133.607,0.123120196
297.207366531,0.221,221,2,91.685,531235.632,282.843,3825091.394,1.000755473
298.208129827,0.221,221,2,91.906,531252.016,283.064,3838983.108,1.000763296
299.208884252,0.221,221,2,92.127,531268.4,283.285,3852544.457,1.000754425
300.209661516,0.221,221,2,92.348,531284.784,283.506,3866502.244,1.000777264
301.21041224,0.221,221,2,92.569,531301.168,283.727,3880261.812,1.000750724
302.211232665,0.221,221,2,92.79,531317.552,283.948,3894021.38,1.000820425
303.211916831,0.221,221,2,93.011,531333.936,284.169,3907450.583,1.000684166
304.21255092,0.221,221,2,93.232,531350.32,284.39,3921408.37,1.000634089
296.093984306,0.152,152,9,7.448,3396989.393,284.611,3931790.023,0
296.728496557,2.513,2513,4,168.721,2064.636,284.763,3931883.998,0.634512251
306.045682353,2.538,2538,4,171.259,2130.172,287.301,3931949.534,9.317185796
296.092634553,0.144,144,8,8.894,1171.456,288.876,3931957.726,0
306.060173023,0.14,140,8,9.034,1187.84,289.016,3931974.11,9.96753847
306.008409038,0.152,152,9,7.6,3397083.368,289.16,3931982.302,0
305.213212875,0.221,221,2,93.453,531366.704,289.312,3933777.252,0
306.050761212,1.575,1575,4,172.834,2130.172,289.533,3940458.817,0.837548337
306.213986368,0.221,221,2,93.674,531383.088,292.046,3947057.388,0.163225156
307.214771314,0.221,221,2,93.895,531399.472,292.267,3960618.737,1.000784946
308.2156884,0.221,221,2,94.116,531415.856,292.488,3974246.159,1.000917086
309.216462451,0.221,221,2,94.337,531432.24,292.709,3987873.581,1.000774051
310.21723734,0.221,221,2,94.558,531448.624,292.93,4001567.076,1.000774889
311.218124045,0.221,221,2,94.779,531465.008,293.151,4015260.571,1.000886705
312.21890047,0.221,221,2,95.0,531481.392,293.372,4028755.847,1.000776425
313.219708185,0.221,221,2,95.221,531497.776,293.593,4042118.977,1.000807715
314.220376356,0.221,221,2,95.442,531514.16,293.814,4056010.691,1.000668171
306.063248135,0.152,152,9,7.752,3532734.024,294.035,4067845.95,0
306.728758183,2.513,2513,4,175.347,2179.324,294.187,4068002.579,0.665510048
316.105120708,2.538,2538,4,177.885,2195.708,296.725,4068018.963,9.376362525
306.06200482,0.144,144,8,9.178,1212.416,298.3,4068035.347,0
316.117405301,0.23,230,8,9.408,1236.992,298.53,4068059.923,10.055400481
316.068562707,0.152,152,9,7.904,3532890.653,298.674,4068068.115,0
315.22092482,0.221,221,2,95.663,531530.544,298.826,4069466.627,0
316.111087249,1.575,1575,4,179.46,2195.708,299.047,4076412.484,0.890162429
316.221662344,0.221,221,2,95.884,531546.928,301.56,4083124.593,0.110575095
317.222456998,0.221,221,2,96.105,531563.312,301.781,4096884.161,1.000794654
318.223257309,0.221,221,2,96.326,531579.696,302.002,4110379.437,1.000800311
319.22408884,0.221,221,2,96.547,531596.08,302.223,4123808.64,1.000831531
320.224846688,0.221,221,2,96.768,531612.464,302.444,4136973.551,1.000757848
321.225607958,0.221,221,2,96.989,531620.656,302.665,4150328.489,1.00076127
322.226380682,0.221,221,2,97.21,531637.04,302.886,4163889.838,1.000772724
323.227214377,0.221,221,2,97.431,531653.424,303.107,4177120.822,1.000833695
324.227944218,0.221,221,2,97.652,531669.808,303.328,4190682.171,1.000729841
316.119902267,0.152,152,9,8.056,3668555.469,303.549,4203904.963,0
325.228662746,0.221,221,2,97.873,531686.192,303.701,4204072.68,9.108760479
316.728355618,2.513,2513,4,181.973,2212.092,303.922,4204080.872,0
326.238635592,2.538,2538,4,184.511,2236.668,306.46,4204105.448,9.510279974
316.118738152,0.144,144,8,9.552,1261.568,308.035,4204121.832,0
326.248726959,0.23,230,8,9.782,1286.144,308.265,4204146.408,10.129988807
326.195809615,0.152,152,9,8.208,3668714.994,308.409,4204154.6,0
326.243029377,1.575,1575,4,186.086,2236.668,308.561,4210749.439,0.0472197620001
326.229432397,0.221,221,2,98.094,531702.576,311.074,4217496.003,0
327.230261622,0.221,221,2,98.315,531718.96,311.295,4231189.498,1.000829225
328.231053203,0.221,221,2,98.536,531735.344,311.516,4244882.993,1.000791581
329.231803159,0.221,221,2,98.757,531751.728,311.737,4258510.415,1.000749956
330.232591877,0.221,221,2,98.978,531768.112,311.958,4271873.545,1.000788718
331.233393026,0.221,221,2,99.199,531784.496,312.179,4285236.675,1.000801149
332.234221763,0.221,221,2,99.42,531800.88,312.4,4298930.17,1.000828737
333.234911585,0.221,221,2,99.641,531817.264,312.621,4312557.592,1.000689822
334.235661192,0.221,221,2,99.862,531833.648,312.842,4325986.795,1.000749607
335.236297306,0.221,221,2,100.083,531850.032,313.063,4339680.29,1.000636114
326.250810045,0.152,152,9,8.36,3804614.694,313.284,4340349.212,0
326.728409117,2.513,2513,4,188.599,2367.74,313.436,4340443.187,0.477599072
336.347416115,2.538,2538,4,191.137,2433.276,315.974,4340508.723,9.619006998
326.249781143,0.144,144,8,9.926,1310.72,317.549,4340525.107,0
336.358651622,0.23,230,8,10.156,1335.296,317.779,4340549.683,10.108870479
336.300432417,0.152,152,9,8.512,3804708.669,317.923,4340557.875,0
336.351778821,1.575,1575,4,192.712,2433.276,318.075,4345519.785,0.051346404
336.237116894,0.221,221,2,100.304,531866.416,320.588,4352514.794,0
337.237998919,0.221,221,2,100.525,531882.8,320.809,4366010.07,1.000882025
338.238741611,0.221,221,2,100.746,531899.184,321.03,4379439.273,1.000742692
339.239550793,0.221,221,2,100.967,531915.568,321.251,4392802.403,1.000809182
340.240350545,0.221,221,2,101.188,531931.952,321.472,4406033.387,1.000799752
341.241292774,0.221,221,2,101.409,531948.336,321.693,4419396.517,1.000942229
342.242270831,0.221,221,2,101.63,531964.72,321.914,4432957.866,1.000978057
343.242926571,0.221,221,2,101.851,531981.104,322.135,4446585.288,1.00065574
344.243542501,0.221,221,2,102.072,531997.488,322.356,4460278.783,1.00061593
345.244247479,0.221,221,2,102.293,532013.872,322.577,4473972.278,1.000704978
336.36111234,0.152,152,9,8.664,3940362.973,322.798,4476425.171,0
336.728513949,2.513,2513,4,195.225,2482.428,322.95,4476491.244,0.367401609
346.479234135,2.581,2581,4,197.806,2498.812,325.531,4476507.628,9.750720186
336.359966175,0.144,144,8,10.3,1359.872,327.106,4476524.012,0
346.49185683,0.23,230,8,10.53,1384.448,327.336,4476548.588,10.131890655
346.429620913,0.152,152,9,8.816,3940429.046,327.48,4476556.78,0
346.483452409,1.575,1575,4,199.381,2498.812,327.632,4479929.29,0.053831496
346.244892114,0.221,221,2,102.514,532030.256,330.145,4486759.385,0
347.245663721,0.221,221,2,102.735,532046.64,330.366,4500452.88,1.000771607
348.246445873,0.221,221,2,102.956,532063.024,330.587,4514146.375,1.000782152
349.247271397,0.221,221,2,103.177,532079.408,330.808,4527839.87,1.000825524
350.24798741,0.221,221,2,103.398,532095.792,331.029,4541467.292,1.000716013
351.248721931,0.221,221,2,103.619,532112.176,331.25,4554830.422,1.000734521
352.249428446,0.221,221,2,103.84,532128.56,331.471,4567995.333,1.000706515
353.250205011,0.221,221,2,104.061,532136.752,331.692,4581152.052,1.000776565
354.251048973,0.221,221,2,104.282,532153.136,331.913,4594515.182,1.000843962
355.252372954,0.221,221,2,104.503,532169.52,332.134,4608010.458,1.001323981
346.494029732,0.152,152,9,8.968,4076013.629,332.355,4612313.395,0
346.728583581,2.513,2513,4,201.894,2515.196,332.507,4612470.024,0.234553849
356.613639705,2.538,2538,4,204.432,2539.772,335.045,4612494.6,9.885056124
346.492912201,0.144,144,8,10.674,1409.024,336.62,4612510.984,0
356.569388756,0.152,152,9,9.12,4076170.258,336.994,4612543.752,10.076476555
356.61772081,1.575,1575,4,206.007,2539.772,337.146,4614066.218,0.048332054
356.253121513,0.221,221,2,104.724,532185.904,339.659,4621011.001,0
357.254019742,0.221,221,2,104.945,532202.288,339.88,4634638.423,1.000898229
358.254768161,0.221,221,2,105.166,532218.672,340.101,4648265.845,1.000748419
359.255596339,0.221,221,2,105.387,532235.056,340.322,4661959.34,1.000828178
360.256362149,0.221,221,2,105.608,532251.44,340.543,4675124.251,1.00076581
361.257095692,0.221,221,2,105.829,532267.824,340.764,4688751.673,1.000733543
362.257834473,0.221,221,2,106.05,532284.208,340.985,4702445.168,1.000738781
363.258537844,0.221,221,2,106.271,532300.592,341.206,4716072.59,1.000703371
364.259127026,0.221,221,2,106.492,532316.976,341.427,4729832.158,1.000589182
365.259726613,0.221,221,2,106.713,532333.36,341.648,4743591.726,1.000599587
356.625943853,0.152,152,9,9.272,4211820.914,341.869,4748489.32,0
356.728270972,2.513,2513,4,208.52,2670.844,342.021,4748583.295,0.102327119
366.668544452,2.538,2538,4,211.058,2736.38,344.559,4748648.831,9.94027348
356.623596627,0.374,230,8,11.048,1458.176,346.134,4748665.215,0
366.679320613,0.23,230,8,11.278,1482.752,346.364,4748689.791,10.055723986
366.622487059,0.152,152,9,9.424,4211914.889,346.508,4748697.983,0
366.672960866,1.575,1575,4,212.633,2736.38,346.66,4749427.573,0.050473807
366.260529858,0.221,221,2,106.934,532349.744,349.173,4756488.655,0
367.261531521,0.221,221,2,107.155,532366.128,349.394,4770050.004,1.001001663
368.262416829,0.221,221,2,107.376,532382.512,349.615,4783611.353,1.000885308
369.263139338,0.221,221,2,107.597,532398.896,349.836,4796842.337,1.000722509
370.263888804,0.221,221,2,107.818,532415.28,350.057,4809809.029,1.000749466
371.264581281,0.221,221,2,108.039,532431.664,350.278,4823304.305,1.000692477
372.265290519,0.221,221,2,108.26,532448.048,350.499,4836799.581,1.000709238
373.265912386,0.221,221,2,108.481,532464.432,350.72,4850360.93,1.000621867
374.266517211,0.221,221,2,108.702,532480.816,350.941,4863988.352,1.000604825
375.267178748,0.221,221,2,108.923,532497.2,351.162,4877549.701,1.000661537
366.728136039,2.513,2513,4,215.146,2785.532,351.383,4883702.682,0
366.681640252,0.152,152,9,9.576,4347565.545,353.896,4884586.207,0
376.72866788,2.513,2513,4,217.659,2810.108,354.048,4884742.836,10.047027628
376.845733814,2.538,2538,4,220.197,2830.588,356.586,4884763.316,0.117065934
366.680495832,0.144,144,8,11.422,1507.328,358.161,4884779.7,0
376.792989887,0.152,152,9,9.728,4347722.174,358.536,4884812.468,10.112494055
376.267778056,0.221,221,2,109.144,532513.584,358.688,4890373.579,0
377.268525218,0.221,221,2,109.365,532529.968,358.909,4903802.782,1.000747162
378.269238368,0.221,221,2,109.586,532546.352,359.13,4917364.131,1.00071315
379.270089733,0.221,221,2,109.807,532562.736,359.351,4930727.261,1.000851365
380.270842831,0.221,221,2,110.028,532579.12,359.572,4944288.61,1.000753098
381.271573301,0.221,221,2,110.249,532595.504,359.793,4957717.813,1.00073047
382.272334711,0.221,221,2,110.47,532611.888,360.014,4970155.921,1.00076141
383.273098356,0.221,221,2,110.691,532628.272,360.235,4983717.27,1.000763645
384.273742153,0.221,221,2,110.912,532644.656,360.456,4997278.619,1.000643797
385.274327632,0.221,221,2,111.133,532652.848,360.677,5010963.922,1.000585479
376.849949504,1.575,1575,4,221.772,2830.588,360.898,5017050.83,0
376.857715436,0.152,152,9,9.88,4483306.757,363.411,5020618.235,0.00776593199998
386.72837336,2.513,2513,4,224.285,2896.124,363.563,5020872.27,9.870657924
387.032213255,2.538,2538,4,226.823,2994.428,366.101,5020970.574,0.303839895
376.855734178,0.375,230,8,11.797,1564.672,367.676,5020995.15,0
387.042129739,0.231,231,8,12.028,1581.056,367.907,5021011.534,10.186395561
386.98800917,0.152,152,9,10.032,4483560.792,368.052,5021019.726,0
386.274992032,0.221,221,2,111.354,532669.232,368.204,5024346.159,0
387.276029245,0.221,221,2,111.575,532685.616,368.425,5037312.851,1.001037213
388.277169823,0.221,221,2,111.796,532702.0,368.646,5050808.127,1.001140578
389.278092427,0.221,221,2,112.017,532718.384,368.867,5064435.549,1.000922604
390.278813398,0.221,221,2,112.238,532734.768,369.088,5077996.898,1.000720971
391.279519494,0.221,221,2,112.459,532751.152,369.309,5091624.32,1.000706096
392.280244586,0.221,221,2,112.68,532767.536,369.53,5104723.158,1.000725092
393.28090738,0.221,221,2,112.901,532783.92,369.751,5118350.58,1.000662794
394.28152764,0.221,221,2,113.122,532800.304,369.972,5132044.075,1.00062026
395.282147971,0.221,221,2,113.343,532816.688,370.193,5145737.57,1.000620331
387.036186525,1.575,1575,4,228.398,2994.428,370.414,5151890.551,0
387.044546247,0.152,152,9,10.184,4619355.398,372.927,5157010.94,0.00835972200002
396.731313678,2.513,2513,4,230.911,3027.196,373.079,5157264.975,9.686767431
396.282750701,0.221,221,2,113.564,532833.072,375.617,5157273.167,0
397.283444225,0.221,221,2,113.785,532849.456,375.838,5157289.551,1.000693524
398.284048352,0.221,221,2,114.006,532865.84,376.059,5157305.935,1.000604127
399.284523063,0.221,221,2,114.227,532882.224,376.28,5157322.319,1.000474711
400.284973679,0.221,221,2,114.448,532898.608,376.501,5157338.703,1.000450616
397.202366387,2.538,2538,4,233.449,3076.348,376.722,5157396.047,0
401.959347006,1.575,1575,4,235.024,3076.348,378.297,5157396.047,4.756980619
401.968631846,0.286,286,4,235.31,3256.572,378.583,5157576.271,0.00928484000002
401.977080476,0.189,189,4,235.499,3281.148,378.772,5157600.847,0.00844863000003
401.999723718,0.249,249,4,235.748,3293.436,379.021,5157613.135,0.022643242
401.285427089,0.221,221,2,114.669,532906.8,379.135,5157619.279,0
402.046733397,0.231,231,2,114.9,532906.8,379.74,5157620.303,0.761306308
402.05346945,0.186,186,2,115.086,551062.832,379.926,5227535.439,0.006736053
402.286151064,0.221,221,2,115.307,698920.24,380.147,5492202.575,0.232681614
403.28742001,0.221,221,2,115.528,698936.624,380.368,5492218.959,1.001268946
404.288324036,0.221,221,2,115.749,698953.008,380.589,5492235.343,1.000904026
405.289314175,0.221,221,2,115.97,698969.392,380.81,5492251.727,1.000990139
402.014066604,0.114,114,4,235.862,3299.58,381.031,5492259.919,0
406.290044226,0.221,221,2,116.191,698985.776,383.544,5492271.183,4.275977622
407.290796487,0.221,221,2,116.412,699002.16,383.765,5492287.567,1.000752261
408.291310938,0.221,221,2,116.633,699018.544,383.986,5492303.951,1.000514451
409.292019827,0.221,221,2,116.854,699034.928,384.207,5492320.335,1.000708889
410.292717821,0.221,221,2,117.075,699051.312,384.428,5492336.719,1.000697994
411.293445776,0.221,221,2,117.296,699067.696,384.649,5492353.103,1.000727955
412.294182672,0.221,221,2,117.517,699075.888,384.87,5492361.295,1.000736896
412.462067219,0.188,188,2,117.705,781561.136,385.058,5574846.543,0.167884547
413.294941637,0.221,221,2,117.926,781577.52,385.279,5574862.927,0.832874418
414.295673434,0.221,221,2,118.147,781593.904,385.686,5635272.783,1.000731797
415.29640118,0.221,221,2,118.368,781610.288,385.907,5635289.167,1.000727746
406.730052903,2.513,2513,4,238.375,3302.652,386.128,5635297.359,0
402.05286218,0.188,188,3,0.188,89768.96,388.641,5635298.895,0
416.297117542,0.221,221,2,118.589,781626.672,388.827,5664519.759,14.244255362
417.297840679,0.221,221,2,118.81,781634.864,389.048,5698016.847,1.000723137
418.298602717,0.221,221,2,119.031,781651.248,389.269,5698033.231,1.000762038
417.180494192,0.186,186,3,0.374,152470.528,389.49,5698041.423,0
419.299334025,0.221,221,2,119.252,781667.632,389.667,5751772.751,2.118839833
420.300063448,0.221,221,2,119.473,781684.016,389.888,5751789.135,1.000729423
421.301012381,0.221,221,2,119.694,781700.4,390.109,5751805.519,1.000948933
402.049970681,0.186,186,5,0.186,78800.896,390.33,5751813.711,0
422.30199868,0.221,221,2,119.915,781716.784,390.526,5813573.199,20.252027999
423.302798363,0.221,221,2,120.136,781733.168,390.747,5813589.583,1.000799683
414.829525749,0.186,186,7,0.186,60393.472,390.968,5813597.775,0
424.30353421,0.221,221,2,120.357,781749.552,391.156,5870409.295,9.474008461
425.304273969,0.221,221,2,120.578,781765.936,391.377,5870425.679,1.000739759
416.728481475,2.513,2513,4,240.888,3304.188,391.598,5870433.871,0
422.801255254,0.196,196,5,0.382,140552.192,394.111,5870434.879,6.072773779
426.304993963,0.221,221,2,120.799,781782.32,394.34,5929491.007,3.503738709
427.306049055,0.221,221,2,121.02,781798.704,394.561,5929507.391,1.001055092
428.306781481,0.221,221,2,121.241,781806.896,394.782,5929515.583,1.000732426
428.434162833,0.177,177,2,121.418,835570.992,394.959,5983279.679,0.127381352
429.307506294,0.221,221,2,121.639,835587.376,395.18,5983296.063,0.873343461
424.947221791,0.188,188,7,0.374,117196.8,395.401,5983304.255,0
430.308245354,0.221,221,2,121.86,835603.76,395.65,6052272.703,5.361023563
431.308987697,0.221,221,2,122.081,835620.144,395.871,6052289.087,1.000742343
419.510574784,0.177,177,3,0.551,206193.664,396.092,6052297.279,0
432.30974785,0.221,221,2,122.302,835636.528,396.341,6115711.551,12.799173066
433.310477203,0.221,221,2,122.523,835652.912,396.562,6120643.135,1.000729353
426.890442015,0.229,229,5,0.611,199600.128,396.783,6120651.327,0
434.311339603,0.221,221,2,122.744,835669.296,396.971,6175316.543,7.420897588
435.312129578,0.221,221,2,122.965,835685.68,397.192,6181263.935,1.000789975
426.729033082,2.513,2513,4,243.401,3305.196,397.413,6181272.127,0
430.710695205,0.249,249,7,0.623,186157.056,399.926,6181273.103,3.981662123
436.312926327,0.221,221,2,123.186,835702.064,400.084,6227582.479,5.602231122
437.313665946,0.221,221,2,123.407,835718.448,400.305,6227598.863,1.000739619
438.314427146,0.221,221,2,123.628,835734.832,400.526,6227615.247,1.0007612
439.315314899,0.221,221,2,123.849,835751.216,400.747,6227631.631,1.000887753
440.316133439,0.221,221,2,124.07,835767.6,400.968,6227648.015,1.00081854
441.316891706,0.221,221,2,124.291,835783.984,401.189,6227664.399,1.000758267
442.317634887,0.221,221,2,124.512,835800.368,401.41,6227680.783,1.000743181
443.318434081,0.221,221,2,124.733,835816.752,401.631,6227697.167,1.000799194
444.319229293,0.221,221,2,124.954,835833.136,401.852,6227713.551,1.000795212
445.319988259,0.221,221,2,125.175,835849.52,402.073,6227729.935,1.000758966
436.728943825,2.513,2513,4,245.914,3306.172,402.294,6227738.127,0
446.320758538,0.221,221,2,125.396,835865.904,404.807,6227747.263,9.591814713
447.321517923,0.221,221,2,125.617,835882.288,405.028,6227763.647,1.000759385
448.322258869,0.221,221,2,125.838,835898.672,405.249,6227780.031,1.000740946
449.322999955,0.221,221,2,126.059,835906.864,405.47,6227788.223,1.000741086
450.32377652,0.221,221,2,126.28,835923.248,405.691,6227804.607,1.000776565
451.324499238,0.221,221,2,126.501,835939.632,405.912,6227820.991,1.000722718
452.32525492,0.221,221,2,126.722,835956.016,406.133,6227837.375,1.000755682
446.728480149,2.513,2513,4,248.427,3307.116,406.354,6227845.567,0
453.762974829,0.178,178,4,248.605,3307.58,406.532,6227846.031,7.03449468
453.818404363,2.593,2593,4,251.198,3316.284,409.125,6227854.735,0.055429534
454.058363299,1.575,1575,4,252.773,3316.284,410.7,6227854.735,0.239958936
454.060627484,0.286,286,4,253.059,3406.396,410.986,6227944.847,0.002264185
433.059054588,0.249,249,3,0.8,274516.992,411.175,6227955.087,0
435.091005369,0.188,188,5,0.799,260190.208,413.533,6227957.135,2.031950781
453.326004108,0.221,221,2,126.943,835972.4,415.891,6227969.839,18.234998739
454.326740514,0.221,221,2,127.164,835988.784,416.112,6227986.223,1.000736406
454.066004914,0.189,189,4,253.248,3414.588,416.333,6227994.415,0
455.510206442,2.33,2330,4,255.578,3426.876,418.663,6228006.703,1.444201528
455.514443294,1.575,1575,4,257.153,3426.876,420.238,6228006.703,0.00423685199996
455.327517219,0.221,221,2,127.385,835996.976,420.487,6228072.239,0
454.075901144,2.358,2358,5,3.157,260192.224,420.675,6228072.239,0
455.521462762,0.188,188,2,127.573,836013.36,420.863,6228088.623,1.445561618
454.073229645,2.358,2358,3,3.158,274519.488,421.226,6228088.623,0
455.523336813,0.363,177,2,127.936,973606.192,421.412,6579799.855,1.450107168
456.328554223,0.221,221,2,128.157,1037759.76,421.633,6708694.271,0.80521741
457.32966442,0.221,221,2,128.378,1037776.144,421.854,6708710.655,1.001110197
458.331321753,0.221,221,2,128.599,1037792.528,422.075,6708727.039,1.001657333
455.517337866,0.249,249,4,257.402,3492.412,422.296,6713527.551,0
459.332234858,0.221,221,2,128.82,1087059.216,424.809,6758034.687,3.814896992
460.333111995,0.221,221,2,129.041,1087075.6,425.03,6758051.071,1.000877137
461.33388877,0.221,221,2,129.262,1087091.984,425.251,6758067.455,1.000776775
462.334646967,0.221,221,2,129.483,1087108.368,425.472,6758083.839,1.000758197
463.335376529,0.221,221,2,129.704,1087124.752,425.693,6758100.223,1.000729562
464.336247939,0.221,221,2,129.925,1087141.136,425.914,6758116.607,1.00087141
465.337058447,0.221,221,2,130.146,1087157.52,426.135,6758132.991,1.000810508
459.770826735,2.513,2513,4,259.915,3525.18,426.356,6758141.183,0
466.338908123,0.221,221,2,130.367,1087173.904,428.869,6758165.759,6.568081388
467.339625393,0.221,221,2,130.588,1087190.288,429.09,6758182.143,1.00071727
468.340322689,0.221,221,2,130.809,1087206.672,429.311,6758198.527,1.000697296
469.341327984,0.221,221,2,131.03,1087223.056,429.532,6758216.319,1.001005295
470.342097426,0.221,221,2,131.251,1087239.44,429.753,6758232.703,1.000769442
436.815642978,0.158,158,7,0.781,232461.808,429.974,6758242.223,0
471.343042169,0.221,221,2,131.472,1087255.824,430.132,6806042.543,34.527399191
472.34377208,0.221,221,2,131.693,1087272.208,430.353,6806058.927,1.000729911
455.524012528,0.186,186,3,3.344,407212.144,430.574,6806067.119,0
473.344484391,0.221,221,2,131.914,1087288.592,430.762,6827300.783,17.820471863
474.349904494,0.221,221,2,132.135,1087304.976,430.983,6869163.327,1.005420103
475.350903294,0.221,221,2,132.356,1087321.36,431.204,6869179.711,1.0009988
466.728754835,2.513,2513,4,262.428,3541.564,431.425,6869187.903,0
471.730963775,0.158,158,7,0.939,280253.936,433.938,6869196.095,5.00220894
476.351689917,0.221,221,2,132.577,1087337.744,434.126,6930726.207,4.620726142
477.352452514,0.221,221,2,132.798,1087354.128,434.347,6930742.591,1.000762597
474.26366748,0.188,188,3,3.532,470282.352,434.568,6930750.783,0
478.353224469,0.221,221,2,133.019,1087370.512,434.745,6987251.007,4.089556989
479.353975054,0.221,221,2,133.24,1087386.896,434.966,6987267.391,1.000750585
455.522120038,0.188,188,5,3.345,406369.392,435.187,6987277.375,0
480.354725498,0.221,221,2,133.461,1087403.28,435.373,7049960.511,24.83260546
481.355788483,0.221,221,2,133.682,1087411.472,435.594,7049968.703,1.001062985
482.356620711,0.221,221,2,133.903,1087427.856,435.815,7049986.351,1.000832228
483.357519569,0.221,221,2,134.124,1087444.24,436.036,7050004.655,1.000898858
480.915562809,0.186,186,5,3.531,469044.336,436.257,7050012.847,0
484.360419239,0.221,221,2,134.345,1087460.624,436.453,7110215.855,3.44485643
485.361236033,0.221,221,2,134.566,1087478.896,436.674,7110234.127,1.000816794
476.728113902,2.513,2513,4,264.941,3549.756,436.895,7110242.319,0
486.362022516,0.221,221,2,134.787,1087495.28,439.408,7110254.607,9.633908614
484.720860885,0.196,196,5,3.727,529239.152,439.629,7110262.799,0
487.362781411,0.221,221,2,135.008,1087511.664,439.858,7173711.199,2.641920526
488.363703386,0.221,221,2,135.229,1087529.376,440.079,7173728.911,1.000921975
478.668211103,0.177,177,3,3.709,526775.648,440.3,7173737.103,0
489.364817913,0.221,221,2,135.45,1087545.76,440.549,7236989.199,10.69660681
490.367246504,0.221,221,2,135.671,1087562.144,440.77,7237005.583,1.002428591
476.797411052,0.188,188,7,1.127,341779.136,440.991,7237013.775,0
491.369641641,0.221,221,2,135.892,1087578.528,441.177,7238021.391,14.572230589
492.370489514,0.221,221,2,136.113,1087594.912,441.398,7296233.743,1.000847873
493.373433394,0.221,221,2,136.334,1087611.296,441.619,7296250.127,1.00294388
494.374199134,0.221,221,2,136.555,1087628.944,441.84,7296269.055,1.00076574
495.375059788,0.221,221,2,136.776,1087645.328,442.061,7296285.439,1.000860654
486.728449978,2.513,2513,4,267.454,3553.852,442.282,7296293.631,0
496.377964697,0.221,221,2,136.997,1087661.712,444.795,7296303.871,9.649514719
492.348815599,0.186,186,7,1.313,400975.808,445.016,7296312.063,0
497.378903853,0.221,221,2,137.218,1087678.096,445.265,7367983.871,5.030088254
498.379644729,0.221,221,2,137.439,1087694.48,445.486,7368000.255,1.000740876
499.380446367,0.221,221,2,137.66,1087710.864,445.707,7368016.639,1.000801638
500.381197859,0.221,221,2,137.881,1087719.056,445.928,7368024.831,1.000751492
500.463878834,0.231,231,2,138.112,1148774.032,446.159,7429079.807,0.082680975
501.382241707,0.221,221,2,138.333,1148790.416,446.38,7429096.191,0.918362873
502.383152158,0.221,221,2,138.554,1148806.8,446.601,7429112.575,1.000910451
503.383879765,0.221,221,2,138.775,1148823.184,446.822,7429128.959,1.000727607
504.384754876,0.221,221,2,138.996,1148839.568,447.043,7429145.343,1.000875111
505.385632641,0.221,221,2,139.217,1148855.952,447.264,7429161.727,1.000877765
506.386472762,0.221,221,2,139.438,1148872.336,447.485,7429178.111,1.000840121
507.387388731,0.221,221,2,139.659,1148888.72,447.706,7429197.151,1.000915969
508.388240375,0.221,221,2,139.88,1148905.104,447.927,7429213.535,1.000851644
496.728491115,2.513,2513,4,269.967,3555.9,448.148,7429221.727,0
509.389438014,0.221,221,2,140.101,1148921.488,450.661,7429230.943,12.660946899
510.390245309,0.221,221,2,140.322,1148937.872,450.882,7429247.327,1.000807295
511.391123912,0.221,221,2,140.543,1148954.256,451.103,7429263.711,1.000878603
512.391984427,0.221,221,2,140.764,1148970.64,451.324,7429280.095,1.000860515
513.392890408,0.221,221,2,140.985,1148987.024,451.545,7429296.479,1.000905981
514.393939354,0.221,221,2,141.206,1149003.408,451.766,7429314.463,1.001048946
515.39516465,0.221,221,2,141.427,1149019.792,451.987,7429330.847,1.001225296
509.888717775,2.513,2513,4,272.48,3556.924,452.208,7429339.039,0
516.397985958,0.221,221,2,141.648,1149036.176,454.721,7429348.223,6.509268183
516.728189261,2.513,2513,4,274.993,3557.916,454.942,7429356.415,0.330203303
517.399133381,0.221,221,2,141.869,1149052.56,455.12,7429365.567,0.67094412
518.399894092,0.221,221,2,142.09,1149068.944,455.341,7429381.951,1.000760711
518.176587832,0.178,178,4,275.171,3558.876,455.562,7429391.487,0
519.400598791,0.221,221,2,142.311,1149085.328,458.15,7429399.679,1.224010959
520.401347,0.221,221,2,142.532,1149101.712,458.371,7429416.063,1.000748209
521.403193185,0.221,221,2,142.753,1149118.096,458.592,7429432.447,1.001846185
522.403653998,0.221,221,2,142.974,1149134.48,458.813,7429448.831,1.000460813
523.404123122,0.221,221,2,143.195,1149150.864,459.034,7429465.215,1.000469124
524.404583446,0.221,221,2,143.416,1149167.248,459.255,7429481.599,1.000460324
525.40504377,0.221,221,2,143.637,1149183.632,459.476,7429497.983,1.000460324
520.255141746,2.588,2588,4,277.759,3558.876,459.697,7429506.175,0
526.405515617,0.221,221,2,143.858,1149200.016,460.036,7429515.295,6.150373871
527.40689191,0.221,221,2,144.079,1149216.4,460.257,7429531.679,1.001376293
528.407427522,0.221,221,2,144.3,1149232.784,460.478,7429548.063,1.000535612
529.408195218,0.221,221,2,144.521,1149249.168,460.699,7429564.447,1.000767696
530.408862412,0.221,221,2,144.742,1149265.552,460.92,7429580.831,1.000667194
531.409418558,0.221,221,2,144.963,1149281.936,461.141,7429597.215,1.000556146
532.40988426,0.221,221,2,145.184,1149298.32,461.362,7429613.599,1.000465702
533.410345491,0.221,221,2,145.405,1149314.704,461.583,7429629.983,1.000461231
534.410809726,0.221,221,2,145.626,1149331.088,461.804,7429647.583,1.000464235
535.411381377,0.221,221,2,145.847,1149347.472,462.025,7429663.967,1.000571651
526.727545255,0.339,339,4,278.098,3559.804,462.246,7429672.159,0
536.411851549,0.221,221,2,146.068,1149363.856,462.585,7429681.247,9.684306294
537.412384438,0.221,221,2,146.289,1149380.24,462.806,7429697.631,1.000532889
538.412859987,0.221,221,2,146.51,1149396.624,463.027,7429715.519,1.000475549
539.413534375,0.221,221,2,146.731,1149413.008,463.248,7429731.903,1.000674388
540.415527645,0.221,221,2,146.952,1149429.392,463.469,7429748.287,1.00199327
541.415988528,0.221,221,2,147.173,1149445.776,463.69,7429764.671,1.000460883
542.416445848,0.221,221,2,147.394,1149462.16,463.911,7429781.055,1.00045732
543.416897372,0.221,221,2,147.615,1149478.544,464.132,7429797.439,1.000451524
544.417364122,0.221,221,2,147.836,1149494.928,464.353,7429813.823,1.00046675
545.41781823,0.221,221,2,148.057,1149511.312,464.574,7429830.207,1.000454108
536.727620335,0.339,339,4,278.437,3560.7,464.795,7429838.399,0
546.418287912,0.221,221,2,148.278,1149527.696,465.134,7429847.455,9.690667577
547.418758224,0.221,221,2,148.499,1149544.08,465.355,7429863.839,1.000470312
548.419210516,0.221,221,2,148.72,1149560.464,465.576,7429880.223,1.000452292
549.419678522,0.221,221,2,148.941,1149576.848,465.797,7429896.607,1.000468006
550.420135773,0.221,221,2,149.162,1149593.232,466.018,7429912.991,1.000457251
551.420585481,0.221,221,2,149.383,1149609.616,466.239,7429929.375,1.000449708
552.421043431,0.221,221,2,149.604,1149626.0,466.46,7429945.759,1.00045795
553.421540491,0.221,221,2,149.825,1149642.384,466.681,7429963.839,1.00049706
554.422047329,0.221,221,2,150.046,1149658.768,466.902,7429980.223,1.000506838
555.422524136,0.221,221,2,150.267,1149675.152,467.123,7429996.607,1.000476807
546.727479186,0.339,339,4,278.776,3561.564,467.344,7430004.799,0
556.422975241,0.221,221,2,150.488,1149691.536,467.683,7430013.823,9.695496055
557.423735672,0.221,221,2,150.709,1149707.92,467.904,7430030.207,1.000760431
558.424201444,0.221,221,2,150.93,1149724.304,468.125,7430046.591,1.000465772
559.424712054,0.221,221,2,151.151,1149740.688,468.346,7430062.975,1.00051061
560.425157711,0.221,221,2,151.372,1149757.072,468.567,7430079.359,1.000445657
561.425610282,0.221,221,2,151.593,1149773.456,468.788,7430095.743,1.000452571
562.426060689,0.221,221,2,151.814,1149789.84,469.009,7430112.127,1.000450407
563.42653093,0.221,221,2,152.035,1149806.224,469.23,7430128.511,1.000470241
564.426996632,0.221,221,2,152.256,1149822.608,469.451,7430144.895,1.000465702
565.427470296,0.221,221,2,152.477,1149838.992,469.672,7430161.279,1.000473664
556.727412767,0.339,339,4,279.115,3562.396,469.893,7430169.471,0
566.4279478,0.221,221,2,152.698,1149855.376,470.232,7430178.463,9.700535033
567.428443883,0.221,221,2,152.919,1149871.76,470.453,7430194.847,1.000496083
568.42892034,0.221,221,2,153.14,1149888.144,470.674,7430211.231,1.000476457
569.429380525,0.221,221,2,153.361,1149904.528,470.895,7430227.615,1.000460185
570.429860823,0.221,221,2,153.582,1149920.912,471.116,7430243.999,1.000480298
571.430331693,0.221,221,2,153.803,1149937.296,471.337,7430260.383,1.00047087
572.43079942,0.221,221,2,154.024,1149953.68,471.558,7430276.767,1.000467727
573.431276855,0.221,221,2,154.245,1149970.064,471.779,7430293.151,1.000477435
574.431748913,0.221,221,2,154.466,1149986.448,472.0,7430309.535,1.000472058
575.432222017,0.221,221,2,154.687,1150002.832,472.221,7430325.919,1.000473104
566.727389301,0.339,339,4,279.454,3563.196,472.442,7430334.111,0
576.432699802,0.221,221,2,154.908,1150019.216,472.781,7430343.071,9.705310501
577.433202938,0.221,221,2,155.129,1150027.408,473.002,7430351.263,1.000503136
576.727570539,0.339,339,4,279.793,3572.812,473.223,7430368.303,0
579.020851829,1.575,1575,4,281.368,3572.812,474.798,7430368.303,2.29328129
579.023166997,0.286,286,4,281.654,3598.86,475.084,7430394.351,0.002315168
579.037846867,0.189,189,4,281.843,3599.804,475.273,7430395.295,0.01467987
579.047008437,0.189,189,4,282.032,3601.596,475.462,7430397.087,0.00916157000006
579.054256915,0.189,189,4,282.221,3603.26,475.651,7430398.751,0.00724847799995
578.433715853,0.221,221,2,155.35,1150043.792,475.84,7430407.727,0
579.434372221,0.221,221,2,155.571,1150060.176,476.061,7430424.111,1.000656368
580.435087745,0.221,221,2,155.792,1150076.56,476.282,7430440.495,1.000715524
579.067655825,0.189,189,4,282.41,3604.044,476.503,7430448.687,0
581.999754732,2.376,2376,4,284.786,3612.908,478.879,7430457.551,2.932098907
581.435619307,0.221,221,2,156.013,1150092.944,480.454,7430465.743,0
582.436265688,0.221,221,2,156.234,1150109.328,480.675,7430482.127,1.000646381
583.436975695,0.221,221,2,156.455,1150125.712,480.896,7430498.511,1.000710007
584.437734031,0.221,221,2,156.676,1150142.096,481.117,7430514.895,1.000758336
582.004432283,1.575,1575,4,286.361,3612.908,481.338,7430523.087,0
585.4384476,0.221,221,2,156.897,1150158.48,483.714,7430531.279,3.434015317
586.143864329,2.376,2376,4,288.737,3612.908,483.935,7430539.471,0.705416729
586.439289606,0.221,221,2,157.118,1150174.864,484.274,7430548.655,0.295425277
587.440008203,0.221,221,2,157.339,1150191.248,484.495,7430565.039,1.000718597
588.440724915,0.221,221,2,157.56,1150207.632,484.716,7430581.423,1.000716712
589.441523131,0.221,221,2,157.781,1150224.016,484.937,7430597.807,1.000798216
590.442225175,0.221,221,2,158.002,1150240.4,485.158,7430614.191,1.000702044
586.728565289,0.339,339,4,289.076,3614.38,485.379,7430622.863,0
591.44292736,0.221,221,2,158.223,1150256.784,485.568,7430631.999,4.714362071
592.443677106,0.221,221,2,158.444,1150273.168,485.789,7430648.383,1.000749746
593.44420329,0.221,221,2,158.665,1150289.552,486.01,7430664.767,1.000526184
594.444708243,0.221,221,2,158.886,1150305.936,486.231,7430681.151,1.000504953
595.445682598,0.221,221,2,159.107,1150322.32,486.452,7430697.535,1.000974355
591.541530401,0.189,189,4,289.265,3615.324,486.673,7430705.727,0
596.446265773,0.221,221,2,159.328,1150338.704,487.012,7430714.831,4.904735372
597.446785322,0.221,221,2,159.549,1150355.088,487.233,7430731.215,1.000519549
598.447248161,0.221,221,2,159.77,1150371.472,487.454,7430747.599,1.000462839
599.447689488,0.221,221,2,159.991,1150387.856,487.675,7430763.983,1.000441327
600.448100643,0.221,221,2,160.212,1150404.24,487.896,7430780.367,1.000411155
601.448522205,0.221,221,2,160.433,1150420.624,488.117,7430796.751,1.000421562
602.448967444,0.221,221,2,160.654,1150437.008,488.338,7430813.135,1.000445239
603.449410587,0.221,221,2,160.875,1150453.392,488.559,7430829.519,1.000443143
604.449850726,0.221,221,2,161.096,1150469.776,488.78,7430845.903,1.000440139
605.450300225,0.221,221,2,161.317,1150486.16,489.001,7430862.287,1.000449499
596.727701143,0.339,339,4,289.604,3616.236,489.222,7430870.479,0
606.450730308,0.221,221,2,161.538,1150502.544,489.561,7430879.551,9.723029165
607.451178759,0.221,221,2,161.759,1150518.928,489.782,7430895.935,1.000448451
606.727405575,0.339,339,4,289.943,3626.124,490.003,7430913.135,0
608.598510134,1.575,1575,4,291.518,3626.124,491.578,7430913.135,1.871104559
608.602069804,0.286,286,4,291.804,3881.1,491.864,7431168.111,0.00355967000007
608.607481665,0.189,189,4,291.993,3883.148,492.053,7431170.159,0.00541186099997
608.61027846,0.286,286,4,292.279,13796.492,492.339,7441083.503,0.00279679499999
608.451616035,0.221,221,2,161.98,1150543.504,492.528,7441100.879,0
609.452268911,0.221,221,2,162.201,1150551.696,492.749,7441109.071,1.000652876
608.773461292,0.189,189,4,292.468,13797.484,492.97,7441117.263,0
610.453015584,0.221,221,2,162.422,1150568.08,493.256,7445255.183,1.679554292
611.433427898,0.286,286,4,292.754,18025.516,493.477,7445361.679,0.980412314
611.454219578,0.221,221,2,162.643,1150584.464,493.666,7445370.799,0.02079168
612.454994607,0.221,221,2,162.864,1150600.848,493.887,7445387.183,1.000775029
613.455707756,0.221,221,2,163.085,1150617.232,494.108,7445403.567,1.000713149
614.456411757,0.221,221,2,163.306,1150633.616,494.329,7445419.951,1.000704001
615.457095922,0.221,221,2,163.527,1150650.0,494.55,7445436.335,1.000684165
611.462219618,0.189,189,4,292.943,18026.444,494.771,7445444.527,0
616.457593541,0.221,221,2,163.748,1150666.384,497.284,7445453.615,4.995373923
617.458357465,0.221,221,2,163.969,1150682.768,497.505,7445469.999,1.000763924
618.459086538,0.221,221,2,164.19,1150699.152,497.726,7445486.383,1.000729073
619.459885034,0.221,221,2,164.411,1150715.536,497.947,7445502.767,1.000798496
620.4605861,0.221,221,2,164.632,1150731.92,498.168,7445519.151,1.000701066
621.461287237,0.221,221,2,164.853,1150748.304,498.389,7445535.535,1.000701137
622.461970844,0.221,221,2,165.074,1150764.688,498.61,7445551.919,1.000683607
623.462672609,0.221,221,2,165.295,1150781.072,498.831,7445568.303,1.000701765
624.463383523,0.221,221,2,165.516,1150797.456,499.052,7445584.687,1.000710914
625.464105473,0.221,221,2,165.737,1150813.84,499.273,7445601.071,1.00072195
616.757337035,2.513,2513,4,295.456,18027.34,499.494,7445609.263,0
626.464807378,0.221,221,2,165.958,1150830.224,502.007,7445618.319,9.707470343
627.465592952,0.221,221,2,166.179,1150847.408,502.228,7445635.503,1.000785574
627.182524065,2.513,2513,4,297.969,18028.204,502.449,7445643.695,0
628.466393403,0.221,221,2,166.4,1150863.792,505.112,7445651.887,1.283869338
629.467211524,0.221,221,2,166.621,1150880.176,505.333,7445668.271,1.000818121
630.467951772,0.221,221,2,166.842,1150896.56,505.554,7445684.655,1.000740248
631.468709969,0.221,221,2,167.063,1150912.944,505.775,7445701.039,1.000758197
632.469447074,0.221,221,2,167.284,1150929.328,505.996,7445717.423,1.000737105
633.470173493,0.221,221,2,167.505,1150945.712,506.217,7445733.807,1.000726419
634.47089202,0.221,221,2,167.726,1150962.096,506.438,7445750.191,1.000718527
635.471640789,0.221,221,2,167.947,1150978.48,506.659,7445766.575,1.000748769
636.472368814,0.221,221,2,168.168,1150994.864,506.88,7445783.791,1.000728025
637.473046764,0.221,221,2,168.389,1151011.248,507.101,7445800.175,1.00067795
638.473730859,0.221,221,2,168.61,1151027.632,507.322,7445816.559,1.000684095
639.474402313,0.221,221,2,168.831,1151044.016,507.543,7445832.943,1.000671454
640.475073348,0.221,221,2,169.052,1151060.4,507.764,7445849.327,1.000671035
641.475746828,0.221,221,2,169.273,1151076.784,507.985,7445865.711,1.00067348
642.476456904,0.221,221,2,169.494,1151084.976,508.206,7445873.903,1.000710076
643.477277749,0.221,221,2,169.715,1151101.36,508.427,7445890.287,1.000820845
644.478747768,0.221,221,2,169.936,1151117.744,508.648,7445906.671,1.001470019
645.479570987,0.221,221,2,170.157,1151134.128,508.869,7445923.055,1.000823219
629.104945554,2.663,2663,4,300.632,18029.036,509.09,7445931.247,0
646.480249495,0.221,221,2,170.378,1151150.512,509.429,7445940.239,17.375303941
647.480885819,0.221,221,2,170.599,1151166.896,509.65,7445956.623,1.000636324
648.48153688,0.221,221,2,170.82,1151183.28,509.871,7445973.007,1.000651061
649.482269026,0.221,221,2,171.041,1151199.664,510.092,7445989.391,1.000732146
650.483087636,0.221,221,2,171.262,1151216.048,510.313,7446005.775,1.00081861
651.483901217,0.221,221,2,171.483,1151232.432,510.534,7446022.159,1.000813581
652.484576722,0.221,221,2,171.704,1151248.816,510.755,7446038.543,1.000675505
653.485088728,0.221,221,2,171.925,1151265.2,510.976,7446054.927,1.000512006
654.485753757,0.221,221,2,172.146,1151281.584,511.197,7446071.311,1.000665029
655.486427586,0.221,221,2,172.367,1151297.968,511.418,7446087.695,1.000673829
646.727667131,0.339,339,4,300.971,18029.836,511.639,7446095.887,0
656.487115522,0.221,221,2,172.588,1151314.352,511.978,7446104.847,9.759448391
657.487813726,0.221,221,2,172.809,1151330.736,512.199,7446121.231,1.000698204
658.4885157,0.221,221,2,173.03,1151347.12,512.42,7446137.615,1.000701974
659.489168297,0.221,221,2,173.251,1151363.504,512.641,7446153.999,1.000652597
660.48974351,0.221,221,2,173.472,1151379.888,512.862,7446170.383,1.000575213
661.490149777,0.221,221,2,173.693,1151396.272,513.083,7446186.767,1.000406267
662.490748526,0.221,221,2,173.914,1151412.656,513.304,7446203.151,1.000598749
663.491401822,0.221,221,2,174.135,1151429.04,513.525,7446219.535,1.000653296
664.492098,0.221,221,2,174.356,1151445.424,513.746,7446235.919,1.000696178
665.492798648,0.221,221,2,174.577,1151461.808,513.967,7446252.303,1.000700648
666.493465492,0.221,221,2,174.798,1151478.192,514.188,7446268.687,1.000666844
667.494111384,0.221,221,2,175.019,1151494.576,514.409,7446285.071,1.000645892
668.494751899,0.221,221,2,175.24,1151510.96,514.63,7446301.455,1.000640515
669.495393321,0.221,221,2,175.461,1151527.344,514.851,7446317.839,1.000641422
670.496033207,0.221,221,2,175.682,1151543.728,515.072,7446334.223,1.000639886
671.496700331,0.221,221,2,175.903,1151560.112,515.293,7446350.607,1.000667124
672.497349087,0.221,221,2,176.124,1151576.496,515.514,7446366.991,1.000648756
673.497995817,0.221,221,2,176.345,1151592.88,515.735,7446383.375,1.00064673
674.498640033,0.221,221,2,176.566,1151609.264,515.956,7446399.759,1.000644216
675.499295424,0.221,221,2,176.787,1151625.648,516.177,7446416.143,1.000655391
676.499775862,0.221,221,2,177.008,1151642.032,516.398,7446432.527,1.000480438
677.500179754,0.221,221,2,177.229,1151658.416,516.619,7446448.911,1.000403892
678.500584345,0.221,221,2,177.45,1151674.8,516.84,7446465.295,1.000404591
679.501073932,0.221,221,2,177.671,1151691.184,517.061,7446481.679,1.000489587
680.50151924,0.221,221,2,177.892,1151707.568,517.282,7446498.063,1.000445308
681.501921945,0.221,221,2,178.113,1151723.952,517.503,7446514.447,1.000402705
682.50233345,0.221,221,2,178.334,1151740.336,517.724,7446530.831,1.000411505
683.502746771,0.221,221,2,178.555,1151756.72,517.945,7446547.215,1.000413321
684.503157787,0.221,221,2,178.776,1151773.104,518.166,7446563.599,1.000411016
685.503578161,0.221,221,2,178.997,1151789.488,518.387,7446579.983,1.000420374
686.503983101,0.221,221,2,179.218,1151805.872,518.608,7446596.367,1.00040494
687.50436625,0.221,221,2,179.439,1151822.256,518.829,7446612.751,1.000383149
688.504768816,0.221,221,2,179.66,1151838.64,519.05,7446629.135,1.000402566
689.505169774,0.221,221,2,179.881,1151855.024,519.271,7446645.519,1.000400958
690.505579254,0.221,221,2,180.102,1151871.408,519.492,7446661.903,1.00040948
691.505969527,0.221,221,2,180.323,1151887.792,519.713,7446678.287,1.000390273
656.727827697,0.339,339,4,301.31,18030.604,519.934,7446686.479,0
693.052659438,0.339,339,4,301.649,18031.34,520.273,7446687.215,36.324831741
693.054147057,0.339,339,4,301.988,18032.044,520.612,7446687.919,0.00148761900005
692.506574492,0.221,221,2,180.544,1151904.176,520.951,7446696.783,0
693.507236169,0.221,221,2,180.765,1151920.56,521.172,7446713.167,1.000661677
694.507900289,0.221,221,2,180.986,1151936.944,521.393,7446729.551,1.00066412
695.508593045,0.221,221,2,181.207,1151953.328,521.614,7446745.935,1.000692756
693.055328492,0.339,339,4,302.327,18032.716,521.835,7446754.127,0
696.509229998,0.221,221,2,181.428,1151969.712,522.174,7446762.959,3.453901506
697.509903687,0.221,221,2,181.649,1151986.096,522.395,7446779.343,1.000673689
698.510567319,0.221,221,2,181.87,1151994.288,522.616,7446787.535,1.000663632
698.838387986,0.13,130,2,182.0,1152004.336,522.746,7446797.583,0.327820667
699.51122676,0.221,221,2,182.221,1152020.72,522.967,7446813.967,0.672838774
700.512488652,0.221,221,2,182.442,1152037.104,523.188,7446830.351,1.001261892
701.513157662,0.221,221,2,182.663,1152053.488,523.409,7446846.735,1.00066901
702.514085154,0.221,221,2,182.884,1152069.872,523.63,7446863.119,1.000927492
703.514761707,0.221,221,2,183.105,1152086.256,523.851,7446879.503,1.000676553
704.515229783,0.221,221,2,183.326,1152102.64,524.072,7446895.887,1.000468076
705.515758971,0.221,221,2,183.547,1152119.024,524.293,7446912.271,1.000529188
696.729307355,0.339,339,4,302.666,18033.356,524.514,7446920.463,0
706.516160488,0.221,221,2,183.768,1152135.408,524.853,7446929.263,9.786853133
707.516614666,0.221,221,2,183.989,1152151.792,525.074,7446945.647,1.000454178
708.517047333,0.221,221,2,184.21,1152168.176,525.295,7446962.031,1.000432667
709.517521276,0.221,221,2,184.431,1152184.56,525.516,7446978.415,1.000473943
710.518101936,0.221,221,2,184.652,1152200.944,525.737,7446994.799,1.00058066
711.519253619,0.221,221,2,184.873,1152217.328,525.958,7447011.183,1.001151683
712.51979461,0.221,221,2,185.094,1152233.712,526.179,7447027.567,1.000540991
713.520201714,0.221,221,2,185.315,1152250.096,526.4,7447043.951,1.000407104
714.520607353,0.221,221,2,185.536,1152267.824,526.621,7447061.679,1.000405639
715.52108367,0.221,221,2,185.757,1152284.208,526.842,7447078.063,1.000476317
706.727862758,0.339,339,4,303.005,18033.964,527.063,7447086.255,0
716.521682629,0.221,221,2,185.978,1152300.592,527.402,7447095.023,9.793819871
717.522257423,0.221,221,2,186.199,1152316.976,527.623,7447111.407,1.000574794
718.522686388,0.221,221,2,186.42,1152333.36,527.844,7447127.791,1.000428965
719.523224376,0.221,221,2,186.641,1152349.744,528.065,7447144.175,1.000537988
720.523766553,0.221,221,2,186.862,1152366.128,528.286,7447160.559,1.000542177
721.524323608,0.221,221,2,187.083,1152382.512,528.507,7447176.943,1.000557055
722.524733785,0.221,221,2,187.304,1152398.896,528.728,7447193.327,1.000410177
723.525296916,0.221,221,2,187.525,1152415.28,528.949,7447209.711,1.000563131
724.525833995,0.221,221,2,187.746,1152431.664,529.17,7447226.095,1.000537079
725.526249062,0.221,221,2,187.967,1152448.048,529.391,7447242.479,1.000415067
716.727500352,0.339,339,4,303.344,18034.54,529.612,7447250.671,0
726.526653094,0.221,221,2,188.188,1152464.432,529.951,7447259.407,9.799152742
727.527213431,0.221,221,2,188.409,1152480.816,530.172,7447275.791,1.000560337
728.527764199,0.221,221,2,188.63,1152497.2,530.393,7447292.175,1.000550768
729.52828738,0.221,221,2,188.851,1152513.584,530.614,7447308.559,1.000523181
730.528831653,0.221,221,2,189.072,1152529.968,530.835,7447324.943,1.000544273
731.529372434,0.221,221,2,189.293,1152546.352,531.056,7447341.327,1.000540781
732.52978359,0.221,221,2,189.514,1152562.736,531.277,7447357.711,1.000411156
733.530216606,0.221,221,2,189.735,1152579.12,531.498,7447374.095,1.000433016
734.530629577,0.221,221,2,189.956,1152595.504,531.719,7447390.479,1.000412971
735.531183419,0.221,221,2,190.177,1152611.888,531.94,7447406.863,1.000553842
726.727418219,0.339,339,4,303.683,18035.084,532.161,7447415.055,0
736.531606168,0.221,221,2,190.398,1152629.488,532.5,7447424.975,9.804187949
737.532094289,0.221,221,2,190.619,1152645.872,532.721,7447441.359,1.000488121
738.532538759,0.221,221,2,190.84,1152662.256,532.942,7447457.743,1.00044447
739.533000899,0.221,221,2,191.061,1152678.64,533.163,7447474.127,1.00046214
740.53342693,0.221,221,2,191.282,1152695.024,533.384,7447490.511,1.000426031
741.533841858,0.221,221,2,191.503,1152711.408,533.605,7447506.895,1.000414928
742.534274594,0.221,221,2,191.724,1152727.792,533.826,7447523.279,1.000432736
743.534890664,0.221,221,2,191.945,1152744.176,534.047,7447539.663,1.00061607
744.53549989,0.221,221,2,192.166,1152760.56,534.268,7447556.047,1.000609226
745.535923477,0.221,221,2,192.387,1152776.944,534.489,7447572.431,1.000423587
736.727482054,0.339,339,4,304.022,18035.596,534.71,7447580.623,0
746.536475433,0.221,221,2,192.608,1152793.328,535.049,7447589.295,9.808993379
747.536915782,0.221,221,2,192.829,1152809.712,535.27,7447605.679,1.000440349
748.537333154,0.221,221,2,193.05,1152826.096,535.491,7447622.063,1.000417372
749.537888252,0.221,221,2,193.271,1152842.48,535.712,7447638.447,1.000555098
750.53829389,0.221,221,2,193.492,1152858.864,535.933,7447654.831,1.000405638
751.538695757,0.221,221,2,193.713,1152875.248,536.154,7447671.215,1.000401867
752.539111662,0.221,221,2,193.934,1152891.632,536.375,7447687.599,1.000415905
753.539517021,0.221,221,2,194.155,1152908.016,536.596,7447703.983,1.000405359
754.540107669,0.221,221,2,194.376,1152924.4,536.817,7447720.367,1.000590648
755.540515961,0.221,221,2,194.597,1152940.784,537.038,7447736.751,1.000408292
746.727507407,0.339,339,4,304.361,18036.076,537.259,7447744.943,0
756.540917129,0.221,221,2,194.818,1152957.168,537.598,7447753.583,9.813409722
757.541331637,0.221,221,2,195.039,1152973.552,537.819,7447769.967,1.000414508
758.541744818,0.221,221,2,195.26,1152989.936,538.04,7447786.351,1.000413181
759.542144031,0.221,221,2,195.481,1153006.32,538.261,7447802.735,1.000399213
760.542538984,0.221,221,2,195.702,1153022.704,538.482,7447819.119,1.000394953
761.542934984,0.221,221,2,195.923,1153039.088,538.703,7447835.503,1.000396
762.543336501,0.221,221,2,196.144,1153055.472,538.924,7447851.887,1.000401517
763.543735854,0.221,221,2,196.365,1153071.856,539.145,7447868.271,1.000399353
764.544115721,0.221,221,2,196.586,1153088.24,539.366,7447884.655,1.000379867
765.544517378,0.221,221,2,196.807,1153104.624,539.587,7447901.039,1.000401657
756.727291458,0.339,339,4,304.7,18036.524,539.808,7447909.231,0
766.54490793,0.221,221,2,197.028,1153121.008,540.147,7447917.839,9.817616472
767.545312172,0.221,221,2,197.249,1153137.392,540.368,7447934.223,1.000404242
768.545705588,0.221,221,2,197.47,1153153.776,540.589,7447950.607,1.000393416
769.546176248,0.221,221,2,197.691,1153161.968,540.81,7447958.799,1.00047066
770.546579721,0.221,221,2,197.912,1153178.352,541.031,7447975.183,1.000403473
771.546979912,0.221,221,2,198.133,1153194.736,541.252,7447991.567,1.000400191
772.547453086,0.221,221,2,198.354,1153211.12,541.473,7448007.951,1.000473174
773.547978293,0.221,221,2,198.575,1153227.504,541.694,7448024.335,1.000525207
774.54838023,0.221,221,2,198.796,1153243.888,541.915,7448040.719,1.000401937
775.548774763,0.221,221,2,199.017,1153260.272,542.136,7448057.103,1.000394533
766.727305217,0.339,339,4,305.039,18036.94,542.357,7448065.295,0
776.549155119,0.221,221,2,199.238,1153276.656,542.696,7448073.871,9.821849902
777.549639608,0.221,221,2,199.459,1153293.04,542.917,7448090.255,1.000484489
778.550047201,0.221,221,2,199.68,1153309.424,543.138,7448106.639,1.000407593
779.550454306,0.221,221,2,199.901,1153325.808,543.359,7448123.023,1.000407105
780.550893119,0.221,221,2,200.122,1153342.192,543.58,7448140.239,1.000438813
781.551440745,0.221,221,2,200.343,1153358.576,543.801,7448156.623,1.000547626
782.551878859,0.221,221,2,200.564,1153374.96,544.022,7448173.007,1.000438114
783.55235825,0.221,221,2,200.785,1153391.344,544.243,7448189.391,1.000479391
784.552779183,0.221,221,2,201.006,1153407.728,544.464,7448205.775,1.000420933
785.553186637,0.221,221,2,201.227,1153424.112,544.685,7448222.159,1.000407454
776.727417103,0.339,339,4,305.378,18037.324,544.906,7448230.351,0
786.553593253,0.221,221,2,201.448,1153440.496,545.245,7448238.719,9.82617615
787.554029691,0.221,221,2,201.669,1153456.88,545.466,7448255.103,1.000436438
788.556662359,0.221,221,2,201.89,1153473.264,545.687,7448271.487,1.002632668
789.557060174,0.221,221,2,202.111,1153489.648,545.908,7448287.871,1.000397815
790.557479362,0.221,221,2,202.332,1153506.032,546.129,7448304.255,1.000419188
791.557870124,0.221,221,2,202.553,1153522.416,546.35,7448320.639,1.000390762
792.55843053,0.221,221,2,202.774,1153538.8,546.571,7448337.023,1.000560406
793.558908454,0.221,221,2,202.995,1153555.184,546.792,7448353.407,1.000477924
794.559309483,0.221,221,2,203.216,1153571.568,547.013,7448369.791,1.000401029
795.559720639,0.221,221,2,203.437,1153587.952,547.234,7448386.175,1.000411156
786.727615383,0.339,339,4,305.717,18037.5,547.455,7448394.367,0
796.727696678,0.339,339,4,306.056,18038.204,547.794,7448395.071,10.000081295
797.001739418,0.189,189,4,306.245,18038.636,547.983,7448395.503,0.27404274
796.560115312,0.221,221,2,203.658,1153604.336,548.172,7448404.095,0
797.56062634,0.221,221,2,203.879,1153620.72,548.393,7448420.479,1.000511028
798.561045458,0.221,221,2,204.1,1153637.104,548.614,7448436.863,1.000419118
799.561553065,0.221,221,2,204.321,1153653.488,548.835,7448453.247,1.000507607
800.561945712,0.221,221,2,204.542,1153669.872,549.056,7448469.631,1.000392647
801.562379147,0.221,221,2,204.763,1153678.064,549.277,7448477.823,1.000433435
802.562772773,0.221,221,2,204.984,1153694.448,549.498,7448494.207,1.000393626
803.56318323,0.221,221,2,205.205,1153710.832,549.719,7448510.591,1.000410457
804.563580417,0.221,221,2,205.426,1153727.216,549.94,7448526.975,1.000397187
805.56397111,0.221,221,2,205.647,1153743.6,550.161,7448543.359,1.000390693
797.004604587,0.189,189,4,306.434,18039.036,550.382,7448551.551,0
806.564365434,0.221,221,2,205.868,1153759.984,550.721,7448560.111,9.559760847
807.564795027,0.221,221,2,206.089,1153776.368,550.942,7448576.495,1.000429593
808.565208208,0.221,221,2,206.31,1153792.752,551.163,7448592.879,1.000413181
809.565601205,0.221,221,2,206.531,1153809.136,551.384,7448609.263,1.000392997
810.565997275,0.221,221,2,206.752,1153825.52,551.605,7448625.647,1.00039607
811.56637379,0.221,221,2,206.973,1153841.904,551.826,7448642.031,1.000376515
812.566757987,0.221,221,2,207.194,1153858.288,552.047,7448658.415,1.000384197
806.727453491,0.339,339,4,306.773,18039.9,552.268,7448667.103,0
813.567149098,0.221,221,2,207.415,1153874.672,552.457,7448675.295,6.839695607
814.567626742,0.221,221,2,207.636,1153891.056,552.678,7448692.927,1.000477644
815.568228495,0.221,221,2,207.857,1153907.44,552.899,7448709.311,1.000601753
814.145694805,0.189,189,4,306.962,18041.148,553.12,7448717.503,0
816.568671568,0.221,221,2,208.078,1153923.824,553.459,7448726.063,2.422976763
817.569114781,0.221,221,2,208.299,1153940.208,553.68,7448742.447,1.000443213
818.569558832,0.221,221,2,208.52,1153956.592,553.901,7448759.327,1.000444051
