time,size,first_call,destination,dest_out_traffic,dest_in_traffic,total_network_out,total_network_in,dens10
0.0,132.146,0,9,132.146,0.0,132.146,0.0,0
-5774316.16994,66.073,66073,9,198.219,0.0,198.219,0.0,0
3.841395168,0.244,244,2,0.244,24.576,264.536,26.624,5774320.01134
3.884418283,0.183,183,2,0.427,40.96,264.719,43.008,0.043023115
4.898307294,0.183,183,2,0.61,57.344,264.902,59.392,1.013889011
5.899539515,0.183,183,2,0.793,73.728,265.085,75.776,1.001232221
6.900279695,0.183,183,2,0.976,90.112,265.268,92.16,1.00074018
7.90096,0.183,183,2,1.159,106.496,265.451,108.544,1.000680305
8.901842478,0.183,183,2,1.342,122.88,265.634,124.928,1.000882478
9.902501386,0.183,183,2,1.525,139.264,265.817,141.312,1.000658908
10.90313605,0.183,183,2,1.708,155.648,266.0,157.696,1.000634664
11.903942536,0.183,183,2,1.891,172.032,266.183,174.08,1.000806486
12.904626315,0.183,183,2,2.074,188.416,266.366,190.464,1.000683779
13.907569362,0.183,183,2,2.257,204.8,266.549,206.848,1.002943047
14.910450641,0.183,183,2,2.44,221.184,266.732,223.232,1.002881279
15.911050444,0.183,183,2,2.623,237.568,266.915,239.616,1.000599803
16.911679418,0.183,183,2,2.806,253.952,267.098,256.0,1.000628974
17.91234908,0.183,183,2,2.989,270.336,267.281,272.384,1.000669662
18.914060597,0.183,183,2,3.172,286.72,267.464,288.768,1.001711517
20.832728367,0.268,268,7,0.268,8.452,268.081,308.144,1.91866777
19.914754031,0.183,183,2,3.355,303.104,268.334,324.528,0
20.92190283,0.219,219,2,3.574,335.872,268.553,357.296,1.007148799
21.37772181,0.283,283,2,3.857,352.256,268.836,373.68,0.45581898
21.422749955,0.207,207,2,4.064,368.64,269.043,390.064,0.045028145
21.469510662,0.102,102,2,4.166,376.832,269.145,398.256,0.046760707
20.871540231,0.253,253,7,0.521,24.836,269.27,20940.825,0
21.883489475,0.291,291,7,0.812,25.123,269.561,20944.164,1.011949244
21.498950414,0.125,125,2,4.291,24230.107,269.795,24268.202,0
21.885812034,0.234,234,7,1.046,41.507,270.014,104638.393,0.38686162
22.886719196,0.405,405,7,1.451,41.908,270.419,104919.272,1.000907162
21.923075449,0.219,219,2,4.51,108061.287,270.649,108116.167,0
22.888974293,0.23,230,7,1.681,58.292,270.868,192047.275,0.965898844
22.928245446,0.219,219,2,4.729,196269.879,271.383,196341.654,0.039271153
23.890098803,0.515,515,7,2.196,75.187,271.602,285634.649,0.961853357
23.933960374,0.219,219,2,4.948,289686.414,272.117,289775.084,0.043861571
24.939573354,0.219,219,2,5.167,379774.173,272.336,379862.843,1.00561298
24.891681816,0.515,515,7,2.711,92.082,272.461,386665.972,0
25.831456035,0.125,125,2,5.292,395259.871,272.976,395365.436,0.939774219
25.893344008,0.515,515,7,3.226,108.977,273.195,553382.93,0.061887973
25.945222555,0.219,219,2,5.511,553277.365,273.71,553399.825,0.051878547
26.950319076,0.219,219,2,5.73,553293.749,273.929,553416.209,1.005096521
27.374606354,0.174,174,2,5.904,553310.133,274.103,553432.593,0.424287278
27.377237195,0.188,188,2,6.092,553318.325,274.291,553440.785,0.002630841
26.895066681,0.515,515,7,3.741,125.872,274.414,553448.977,0
27.380701917,0.123,123,2,6.215,553714.917,275.065,553854.408,0.485635236
27.382818397,0.651,651,7,4.392,142.903,275.235,553862.6,0.00211648
27.411302404,0.17,170,2,6.385,553731.301,275.732,553887.669,0.028484007
27.414092176,0.184,184,2,6.569,553739.493,275.916,553895.861,0.002789772
27.412185092,0.497,497,7,4.889,159.78,276.039,553970.98,0
27.417243746,0.123,123,2,6.692,553814.612,276.418,553987.739,0.005058654
27.430948736,0.379,379,7,5.268,176.539,276.637,554004.123,0.01370499
27.953390665,0.219,219,2,6.911,553830.996,276.949,554037.195,0.522441929
20.276102963,0.166,166,4,0.166,2.732,277.168,554046.411,0
29.622845582,0.176,176,4,0.342,3.756,277.344,554047.435,9.346742619
29.65026357,0.154,154,4,0.496,6.828,277.498,554050.507,0.027417988
29.776955732,0.17,170,4,0.666,7.852,277.668,554051.531,0.126692162
28.954427788,0.219,219,2,7.13,553847.38,277.84,554061.259,0
29.812932022,0.172,172,4,0.838,9.388,278.059,554061.259,0.858504234
30.153370442,0.177,177,4,1.015,10.396,278.236,554062.267,0.34043842
30.178031359,0.176,176,4,1.191,11.372,278.412,554063.243,0.024660917
30.199361555,1.53,1530,4,2.721,12.78,279.942,554064.651,0.021330196
30.25380173,1.256,1256,4,3.977,13.228,281.198,554065.099,0.054440175
29.955367508,0.219,219,2,7.349,553855.572,281.369,554074.171,0
30.956465113,0.219,219,2,7.568,553871.956,281.588,554090.555,1.001097605
31.957373059,0.219,219,2,7.787,553888.34,281.807,554106.939,1.000907946
32.958076715,0.219,219,2,8.006,553904.724,282.026,554123.323,1.000703656
33.958727788,0.219,219,2,8.225,553921.108,282.245,554139.707,1.000651073
34.959318238,0.219,219,2,8.444,553937.492,282.464,554156.091,1.00059045
35.960349599,0.219,219,2,8.663,553953.876,282.683,554172.475,1.001031361
36.960984562,0.219,219,2,8.882,553970.26,282.902,554188.859,1.000634963
37.961632522,0.219,219,2,9.101,553986.644,283.121,554205.243,1.00064796
38.962426635,0.219,219,2,9.32,554003.028,283.34,554221.627,1.000794113
30.265181844,0.171,171,4,4.148,14.108,283.559,554229.819,0
39.963097097,0.219,219,2,9.539,554019.412,283.898,554238.443,9.697915253
40.964000258,0.219,219,2,9.758,554035.796,284.117,554254.827,1.000903161
41.964754239,0.219,219,2,9.977,554052.18,284.336,554271.211,1.000753981
42.965456914,0.219,219,2,10.196,554068.564,284.555,554287.595,1.000702675
43.966068586,0.219,219,2,10.415,554084.948,284.774,554303.979,1.000611672
44.966687145,0.219,219,2,10.634,554101.332,284.993,554320.363,1.000618559
45.967304436,0.219,219,2,10.853,554117.716,285.212,554336.747,1.000617291
46.967944052,0.219,219,2,11.072,554134.1,285.431,554353.131,1.000639616
47.968555691,0.22,220,2,11.292,554150.484,285.651,554369.515,1.000611639
40.670251016,0.339,339,4,4.487,23.116,285.871,554386.283,0
48.969216364,0.22,220,2,11.512,554166.868,287.446,554394.475,8.298965348
49.957441529,1.575,1575,4,6.062,23.116,287.666,554402.667,0.988225165
50.072613159,0.286,286,4,6.348,30.796,287.952,554410.347,0.11517163
50.145644164,0.189,189,4,6.537,33.868,288.141,554413.419,0.073031005
50.563673281,0.286,286,4,6.823,34.892,288.427,554449.259,0.418029117
50.617024124,0.189,189,4,7.012,35.404,288.616,554449.771,0.053350843
49.970169957,0.22,220,2,11.732,554183.252,291.129,554458.475,0
51.629407788,0.23,230,8,0.23,40.96,291.579,554509.675,1.659237831
-5774258.96263,66.073,66073,9,264.292,0.0,291.681,554517.867,0
50.971177413,0.22,220,2,11.952,554199.636,291.833,555006.374,5774309.93381
51.972403266,0.22,220,2,12.172,554216.02,292.053,564933.708,1.001225853
52.973580672,0.22,220,2,12.392,554232.404,292.273,576711.086,1.001177406
53.974605736,0.22,220,2,12.612,554248.788,292.493,589149.194,1.001025064
54.975794507,0.22,220,2,12.832,554265.172,292.713,601521.229,1.001188771
55.976798021,0.22,220,2,13.052,554281.556,292.933,614091.483,1.001003514
56.977824291,0.22,220,2,13.272,554297.94,293.153,627506.097,1.00102627
57.97894799,0.22,220,2,13.492,554314.324,293.373,640671.008,1.001123699
58.980004126,0.22,220,2,13.712,554330.708,293.593,653373.408,1.001056136
50.691463894,2.513,2513,4,9.525,35.916,293.813,662301.455,0
59.981112054,0.22,220,2,13.932,554347.092,296.326,666341.092,9.28964816
51.73811562,0.152,152,9,264.444,135849.303,296.546,690548.386,0
60.660386603,2.513,2513,4,12.038,36.908,296.698,690614.459,8.922270983
62.860373662,2.581,2581,4,14.619,47.116,299.279,690624.667,2.199987059
51.709973429,0.102,102,8,0.332,73.728,300.854,690649.243,0
62.775644747,0.152,152,9,264.596,135915.376,301.084,690657.435,11.065671318
60.982381071,0.22,220,2,14.152,554379.86,301.236,691064.852,0
62.984555765,0.22,220,2,14.372,554396.244,301.456,703635.106,2.002174694
63.985576824,0.22,220,2,14.592,554412.628,301.676,716403.579,1.001021059
64.986605622,0.22,220,2,14.812,554429.012,301.896,728973.833,1.001028798
65.987657186,0.22,220,2,15.032,554445.396,302.116,742138.744,1.001051564
66.988856147,0.22,220,2,15.252,554461.78,302.336,754907.217,1.001198961
67.989833552,0.22,220,2,15.472,554478.164,302.556,767609.617,1.000977405
68.990850607,0.22,220,2,15.692,554494.548,302.776,780245.944,1.001017055
62.867694816,1.575,1575,4,16.194,47.116,302.996,789041.845,0
69.992021906,0.22,220,2,15.912,554510.932,305.509,793478.976,7.12432709
70.993090989,0.22,220,2,16.132,554527.316,305.729,806511.741,1.001069083
71.99406987,0.22,220,2,16.352,554543.7,305.949,819280.214,1.000978881
62.932186802,0.152,152,9,264.748,271566.032,306.169,826490.363,0
70.663592026,2.513,2513,4,18.707,49.164,306.321,826646.992,7.731405224
73.598039529,2.538,2538,4,21.245,60.428,308.859,826658.256,2.934447503
62.928788552,0.23,230,8,0.562,106.496,310.434,826682.832,0
73.616618439,0.23,230,8,0.792,122.88,310.664,826699.216,10.687829887
73.545562503,0.152,152,9,264.9,271722.661,310.808,826707.408,0
72.995270814,0.22,220,2,16.572,554560.084,310.96,831631.358,0
73.996367481,0.22,220,2,16.792,554576.468,311.18,844531.977,1.001096667
74.997287055,0.22,220,2,17.012,554592.852,311.4,857036.158,1.000919574
75.998262942,0.22,220,2,17.232,554609.236,311.62,869804.631,1.000975887
76.999296773,0.22,220,2,17.452,554625.62,311.84,882705.25,1.001033831
78.000359303,0.22,220,2,17.672,554642.004,312.06,895804.088,1.00106253
79.001512582,0.22,220,2,17.892,554658.388,312.28,908902.926,1.001153279
73.603899257,1.575,1575,4,22.82,60.428,312.5,917500.608,0
80.002512743,0.22,220,2,18.112,554674.772,315.013,921886.002,6.398613486
81.003490845,0.22,220,2,18.332,554691.156,315.233,934786.621,1.000978102
82.00444564,0.22,220,2,18.552,554707.54,315.453,947621.167,1.000954795
83.005573209,0.22,220,2,18.772,554723.924,315.673,960389.64,1.001127569
73.62104718,0.152,152,9,265.052,407859.397,315.893,963040.752,0
80.677020995,2.513,2513,4,25.333,76.812,316.045,963199.748,7.055973815
84.255780535,2.581,2581,4,27.914,109.58,318.626,963232.516,3.57875954
73.618870437,0.144,144,8,0.936,155.648,320.201,963257.092,0
84.272708265,0.23,230,8,1.166,172.032,320.431,963273.476,10.653837828
84.207287221,0.152,152,9,265.204,408018.393,320.575,963281.668,0
84.006751329,0.22,220,2,18.992,554740.308,320.727,972873.232,0
85.007788124,0.22,220,2,19.212,554756.692,320.947,986038.143,1.001036795
86.008756491,0.22,220,2,19.432,554773.076,321.167,999203.054,1.000968367
87.009850702,0.22,220,2,19.652,554789.46,321.387,1011707.235,1.001094211
88.010837478,0.22,220,2,19.872,554805.844,321.607,1024277.489,1.000986776
89.012021484,0.22,220,2,20.092,554822.228,321.827,1037244.181,1.001184006
84.261843732,1.575,1575,4,29.489,109.58,322.047,1045643.644,0
90.013156772,0.22,220,2,20.312,554838.612,324.56,1050408.555,5.75131304
91.01413873,0.22,220,2,20.532,554854.996,324.78,1063573.466,1.000981958
92.015095293,0.22,220,2,20.752,554871.38,325.0,1076804.45,1.000956563
84.276857011,0.152,152,9,265.356,543602.976,325.22,1099095.627,0
90.66511173,2.513,2513,4,32.002,175.116,325.372,1099234.88,6.388254719
94.825712113,2.538,2538,4,34.54,273.42,327.91,1099333.184,4.160600383
84.274551344,0.144,144,8,1.31,196.608,329.485,1099349.568,0
94.840910264,0.23,230,8,1.54,212.992,329.715,1099365.952,10.56635892
94.776537755,0.152,152,9,265.508,543742.229,329.859,1099374.144,0
93.016024014,0.22,220,2,20.972,554904.148,330.011,1102953.065,0
95.127168638,0.22,220,2,21.192,554920.532,330.231,1115655.465,2.111144624
96.128251453,0.22,220,2,21.412,554936.916,330.451,1128556.084,1.001082815
97.129411557,0.22,220,2,21.632,554953.3,330.671,1141919.214,1.001160104
98.130546526,0.22,220,2,21.852,554969.684,330.891,1155282.344,1.001134969
99.13146823,0.22,220,2,22.072,554986.068,331.111,1167852.598,1.000921704
94.831982441,1.575,1575,4,36.115,273.42,331.331,1174600.236,0
100.132572782,0.22,220,2,22.292,555002.452,333.844,1180686.607,5.300590341
101.133518968,0.22,220,2,22.512,555018.836,334.064,1193851.518,1.000946186
102.134511571,0.22,220,2,22.732,555035.22,334.284,1207412.867,1.000992603
103.13545575,0.22,220,2,22.952,555051.604,334.504,1220563.189,1.000944179
104.13641165,0.22,220,2,23.172,555067.988,334.724,1233595.954,1.0009559
94.849006079,0.152,152,9,265.66,679708.661,334.944,1235586.336,0
100.666891569,2.513,2513,4,38.628,338.956,335.096,1235742.965,5.81788549
105.354343459,2.538,2538,4,41.166,355.34,337.634,1235759.349,4.68745189
94.846554427,0.144,144,8,1.684,245.76,339.209,1235783.925,0
105.369261152,0.23,230,8,1.914,262.144,339.439,1235800.309,10.522706725
105.308231705,0.152,152,9,265.812,679865.29,339.583,1235808.501,0
105.137340566,0.22,220,2,23.392,555084.372,339.735,1245745.288,0
106.138269767,0.22,220,2,23.612,555100.756,339.955,1258778.053,1.000929201
107.139552643,0.22,220,2,23.832,555117.14,340.175,1272009.037,1.001282876
108.140512078,0.22,220,2,24.052,555133.524,340.395,1285372.167,1.000959435
109.141710421,0.22,220,2,24.272,555149.908,340.615,1298735.297,1.001198343
105.361523453,1.575,1575,4,42.741,355.34,340.835,1305416.862,0
110.142736059,0.22,220,2,24.492,555166.292,343.348,1311850.519,4.781212606
111.143792077,0.22,220,2,24.712,555182.676,343.568,1325213.649,1.001056018
112.144989008,0.22,220,2,24.932,555199.06,343.788,1338642.852,1.001196931
113.145961532,0.22,220,2,25.152,555215.444,344.008,1352072.055,1.000972524
114.146948131,0.22,220,2,25.372,555231.828,344.228,1365303.039,1.000986599
105.374466474,0.152,152,9,265.964,815398.658,344.448,1371522.093,0
110.660725758,2.513,2513,4,45.254,371.724,344.6,1371727.425,5.286259284
115.664345678,2.538,2538,4,47.792,404.492,347.138,1371760.193,5.00361992
105.37216751,0.144,144,8,2.058,294.912,348.713,1371784.769,0
115.676301906,0.23,230,8,2.288,311.296,348.943,1371801.153,10.304134396
115.619670355,0.152,152,9,266.116,815603.99,349.087,1371801.153,0
115.147876322,0.22,220,2,25.592,555248.212,349.239,1378036.404,0
116.148959798,0.22,220,2,25.812,555264.596,349.459,1391399.534,1.001083476
117.149912632,0.22,220,2,26.032,555280.98,349.679,1404828.737,1.000952834
118.150930816,0.22,220,2,26.252,555297.364,349.899,1418257.94,1.001018184
119.152094273,0.22,220,2,26.472,555313.748,350.119,1431356.778,1.001163457
115.669314138,1.575,1575,4,49.367,404.492,350.339,1438104.416,0
120.153049826,0.22,220,2,26.692,555330.132,352.852,1444718.834,4.483735688
121.15400904,0.22,220,2,26.912,555346.516,353.072,1458148.037,1.000959214
122.154967404,0.22,220,2,27.132,555362.9,353.292,1471709.386,1.000958364
123.155939267,0.22,220,2,27.352,555379.284,353.512,1485204.662,1.000971863
124.156914033,0.22,220,2,27.572,555395.668,353.732,1498699.938,1.000974766
115.683933265,0.152,152,9,266.268,951135.91,353.952,1507627.985,0
120.658467606,2.513,2513,4,51.88,535.564,354.104,1507833.317,4.974534341
125.870961135,2.538,2538,4,54.418,568.332,356.642,1507866.085,5.212493529
115.677777057,0.144,144,8,2.432,327.68,358.217,1507882.469,0
125.890611366,0.23,230,8,2.662,352.256,358.447,1507907.045,10.212834309
125.827295265,0.152,152,9,266.42,951341.242,358.591,1507915.237,0
125.157900821,0.22,220,2,27.792,555428.436,358.743,1524236.032,0
127.159956713,0.22,220,2,28.012,555444.82,358.963,1537665.235,2.002055892
128.160929156,0.22,220,2,28.232,555461.204,359.183,1550499.781,1.000972443
129.161925898,0.22,220,2,28.452,555477.588,359.403,1563796.838,1.000996742
125.877327894,1.575,1575,4,55.993,568.332,359.623,1569949.819,0
130.162898563,0.22,220,2,28.672,555493.972,362.136,1576730.225,4.285570669
131.16467307,0.22,220,2,28.892,555510.356,362.356,1589762.99,1.001774507
132.166001361,0.221,221,2,29.113,555526.74,362.577,1603192.193,1.001328291
133.166926676,0.221,221,2,29.334,555543.124,362.798,1616489.25,1.000925315
134.167852676,0.221,221,2,29.555,555559.508,363.019,1629852.38,1.000926
135.168811492,0.221,221,2,29.776,555575.892,363.24,1642752.999,1.000958816
125.895088596,0.152,152,9,266.572,1086833.153,363.461,1643620.14,0
130.659718391,2.513,2513,4,58.506,601.1,363.613,1643918.527,4.764629795
136.27836657,2.538,2538,4,61.044,650.252,366.151,1643967.679,5.618648179
125.892525362,0.144,144,8,2.806,385.024,367.726,1643992.255,0
136.290234597,0.23,230,8,3.036,401.408,367.956,1644008.639,10.397709235
136.234581397,0.152,152,9,266.724,1087131.54,368.1,1644016.831,0
136.169823097,0.221,221,2,29.997,555592.276,368.252,1655467.879,0
137.1707678,0.221,221,2,30.218,555608.66,368.473,1668698.863,1.000944703
138.171673965,0.221,221,2,30.439,555625.044,368.694,1682260.212,1.000906165
139.172707222,0.221,221,2,30.66,555641.428,368.915,1695557.269,1.001033257
136.283379599,1.575,1575,4,62.619,650.252,369.136,1701974.542,0
140.173635764,0.221,221,2,30.881,555657.812,371.649,1709002.856,3.890256165
141.174560144,0.221,221,2,31.102,555674.196,371.87,1722365.986,1.00092438
142.175537464,0.221,221,2,31.323,555690.58,372.091,1735398.751,1.00097732
143.176452211,0.221,221,2,31.544,555706.964,372.312,1748894.027,1.000914747
144.177388598,0.221,221,2,31.765,555723.348,372.533,1762323.23,1.000936387
145.17839828,0.221,221,2,31.986,555739.732,372.754,1775554.214,1.001009682
136.294589432,0.152,152,9,266.876,1222791.636,372.975,1779857.151,0
140.659118405,2.513,2513,4,65.132,666.636,373.127,1780018.552,4.364528973
146.547986235,2.538,2538,4,67.67,699.404,375.665,1780051.32,5.88886783
136.292881082,0.144,144,8,3.18,434.176,377.24,1780075.896,0
146.560765261,0.23,230,8,3.41,450.56,377.47,1780092.28,10.267884179
146.504614024,0.152,152,9,267.028,1222953.037,377.614,1780100.472,0
146.179319528,0.221,221,2,32.207,555756.116,377.766,1788371.886,0
147.180245288,0.221,221,2,32.428,555772.5,377.987,1801536.797,1.00092576
148.181306836,0.221,221,2,32.649,555788.884,378.208,1814833.854,1.001061548
149.182400715,0.221,221,2,32.87,555805.268,378.429,1827866.619,1.001093879
146.553701809,1.575,1575,4,69.245,699.404,378.65,1834217.819,0
150.183310166,0.221,221,2,33.091,555821.652,381.163,1841360.821,3.629608357
151.184216295,0.221,221,2,33.312,555838.036,381.384,1854657.878,1.000906129
152.185211107,0.221,221,2,33.533,555854.42,381.605,1867822.789,1.000994812
153.186189925,0.221,221,2,33.754,555870.804,381.826,1881318.065,1.000978818
154.187132226,0.221,221,2,33.975,555887.188,382.047,1894747.268,1.000942301
155.188116288,0.221,221,2,34.196,555903.572,382.268,1907780.033,1.000984062
146.567432255,0.152,152,9,267.18,1358869.295,382.489,1916311.642,0
150.657977572,2.513,2513,4,71.758,830.476,382.641,1916565.677,4.090545317
156.86753083,2.538,2538,4,74.296,896.012,385.179,1916631.213,6.209553258
146.564694684,0.144,144,8,3.554,475.136,386.754,1916647.597,0
156.878461451,0.23,230,8,3.784,499.712,386.984,1916672.173,10.313766767
156.824219325,0.152,152,9,267.332,1359123.33,387.128,1916680.365,0
156.189052309,0.221,221,2,34.417,555919.956,387.28,1920249.204,0
157.190040428,0.221,221,2,34.638,555952.724,387.501,1946645.099,1.000988119
159.192137283,0.221,221,2,34.859,555969.108,387.722,1959876.083,2.002096855
156.872046902,1.575,1575,4,75.871,896.012,387.943,1965698.699,0
160.19308501,0.221,221,2,35.08,555985.492,390.456,1972743.397,3.321038108
161.194122321,0.221,221,2,35.301,556001.876,390.677,1986172.6,1.001037311
162.19501814,0.221,221,2,35.522,556018.26,390.898,1999535.73,1.000895819
163.19596097,0.221,221,2,35.743,556034.644,391.119,2012700.641,1.00094283
164.196918159,0.221,221,2,35.964,556051.028,391.34,2026063.771,1.000957189
165.197809435,0.221,221,2,36.185,556067.412,391.561,2038700.098,1.000891276
166.198732536,0.221,221,2,36.406,556083.796,391.782,2051931.082,1.000923101
156.883077453,0.152,152,9,267.484,1494829.977,392.003,2052600.004,0
160.658032423,2.513,2513,4,78.384,928.78,392.155,2052935.907,3.77495497
167.292453974,2.538,2538,4,80.922,961.548,394.693,2052968.675,6.634421551
156.881095839,0.144,144,8,3.928,524.288,396.268,2052985.059,0
167.303820508,0.23,230,8,4.158,548.864,396.498,2053009.635,10.422724669
167.249257897,0.152,152,9,267.636,1495165.88,396.642,2053017.827,0
167.199695313,0.221,221,2,36.627,556100.18,396.794,2065573.817,0
168.200717864,0.221,221,2,36.848,556116.564,397.015,2078804.801,1.001022551
169.201785965,0.221,221,2,37.069,556132.948,397.236,2091573.274,1.001068101
167.297696559,1.575,1575,4,82.497,961.548,397.457,2097395.89,0
170.202770587,0.221,221,2,37.29,556149.332,399.97,2104498.469,2.905074028
171.203738368,0.221,221,2,37.511,556165.716,400.191,2117200.869,1.000967781
172.204732118,0.221,221,2,37.732,556182.1,400.412,2129969.342,1.00099375
173.205619164,0.221,221,2,37.953,556198.484,400.633,2143068.18,1.000887046
174.206513957,0.221,221,2,38.174,556214.868,400.854,2156100.945,1.000894793
175.207373706,0.221,221,2,38.395,556231.252,401.075,2169265.856,1.000859749
176.208261199,0.221,221,2,38.616,556247.636,401.296,2182761.132,1.000887493
167.306922977,0.152,152,9,267.788,1631270.188,401.517,2189310.551,0
170.658459226,2.513,2513,4,85.01,986.124,401.669,2189467.18,3.351536249
177.740988227,2.538,2538,4,87.548,1006.604,404.207,2189487.66,7.082529001
167.305452476,0.144,144,8,4.302,573.44,405.782,2189504.044,0
177.753626748,0.23,230,8,4.532,598.016,406.012,2189528.62,10.448174272
177.698856908,0.152,152,9,267.94,1631426.817,406.156,2189536.812,0
177.209254921,0.221,221,2,38.837,556264.02,406.308,2195772.873,0
178.210123952,0.221,221,2,39.058,556280.404,406.529,2209253.56,1.000869031
179.211006553,0.221,221,2,39.279,556296.788,406.75,2222418.471,1.000882601
177.746365807,1.575,1575,4,89.123,1006.604,406.971,2228241.087,0
180.211872961,0.221,221,2,39.5,556313.172,409.484,2235780.527,2.465507154
181.212884627,0.221,221,2,39.721,556329.556,409.705,2249209.73,1.001011666
182.213911939,0.221,221,2,39.942,556345.94,409.926,2262374.641,1.001027312
183.214968712,0.221,221,2,40.163,556362.324,410.147,2275671.698,1.001056773
184.215970597,0.221,221,2,40.384,556378.708,410.368,2288968.755,1.001001885
185.217106586,0.221,221,2,40.605,556395.092,410.589,2302265.812,1.001135989
186.218061618,0.221,221,2,40.826,556411.476,410.81,2315496.796,1.000955032
177.757953113,0.152,152,9,268.092,1767803.907,411.031,2326208.814,0
180.657898813,2.513,2513,4,91.636,1137.676,411.183,2326414.146,2.8999457
188.067352825,2.538,2538,4,94.174,1203.212,413.721,2326479.682,7.409454012
177.755271892,0.144,144,8,4.676,622.592,415.296,2326496.066,0
188.078833526,0.23,230,8,4.906,647.168,415.526,2326520.642,10.323561634
188.025095858,0.152,152,9,268.244,1768009.239,415.67,2326528.834,0
187.218961552,0.221,221,2,41.047,556427.86,415.822,2328522.003,0
188.219914814,0.221,221,2,41.268,556444.244,416.043,2341819.06,1.000953262
188.07282943,1.575,1575,4,95.749,1203.212,416.264,2361004.806,0
189.220914343,0.221,221,2,41.489,556477.012,418.777,2368660.545,1.148084913
191.222799209,0.221,221,2,41.71,556493.396,418.998,2381296.872,2.001884866
192.223690655,0.221,221,2,41.931,556509.78,419.219,2394329.637,1.000891446
193.224644406,0.221,221,2,42.152,556526.164,419.44,2407824.913,1.000953751
194.225563335,0.221,221,2,42.373,556542.548,419.661,2421320.189,1.000918929
195.226539413,0.221,221,2,42.594,556558.932,419.882,2434749.392,1.000976078
196.22745083,0.221,221,2,42.815,556575.316,420.103,2448046.449,1.000911417
197.228518182,0.221,221,2,43.036,556591.7,420.324,2461277.433,1.001067352
188.082662399,0.152,152,9,268.396,1903593.822,420.545,2462342.793,0
190.657995099,2.513,2513,4,98.262,1252.364,420.697,2462507.052,2.5753327
198.355072546,2.538,2538,4,100.8,1285.132,423.235,2462539.82,7.697077447
188.081200432,0.144,144,8,5.05,671.744,424.81,2462556.204,0
198.365493369,0.23,230,8,5.28,696.32,425.04,2462580.78,10.284292937
198.311768181,0.152,152,9,268.548,1903758.081,425.184,2462588.972,0
198.229434112,0.221,221,2,43.257,556608.084,425.336,2474354.247,0
199.2303985,0.221,221,2,43.478,556624.468,425.557,2487519.158,1.000964388
198.359184959,1.575,1575,4,102.375,1285.132,425.778,2492813.19,0
200.231367272,0.221,221,2,43.699,556640.852,428.291,2500287.094,1.872182313
201.23232492,0.221,221,2,43.92,556657.236,428.512,2513782.37,1.000957648
202.233226566,0.221,221,2,44.141,556673.62,428.733,2527277.646,1.000901646
203.234110768,0.221,221,2,44.362,556690.004,428.954,2540640.776,1.000884202
204.235108627,0.221,221,2,44.583,556706.388,429.175,2554003.906,1.000997859
205.236026367,0.221,221,2,44.804,556722.772,429.396,2567433.109,1.00091774
206.237003985,0.221,221,2,45.025,556739.156,429.617,2580862.312,1.000977618
207.237890442,0.221,221,2,45.246,556755.54,429.838,2594225.442,1.000886457
198.368989795,0.152,152,9,268.7,2039534.185,430.059,2598594.452,0
200.660768258,2.513,2513,4,104.888,1350.668,430.211,2598813.735,2.291778463
208.608295831,2.581,2581,4,107.469,1448.972,432.792,2598912.039,7.947527573
198.367164152,0.144,144,8,5.424,720.896,434.367,2598928.423,0
208.632401163,0.23,230,8,5.654,745.472,434.597,2598952.999,10.265237011
208.565403427,0.152,152,9,268.852,2039753.468,434.741,2598961.191,0
208.238885272,0.221,221,2,45.467,556771.924,434.893,2606867.881,0
209.23995724,0.221,221,2,45.688,556788.308,435.114,2620098.865,1.001071968
208.619314555,1.575,1575,4,109.044,1448.972,435.335,2625723.262,0
210.240920279,0.221,221,2,45.909,556804.692,437.848,2633395.385,1.621605724
211.241914203,0.221,221,2,46.13,556821.076,438.069,2646758.515,1.000993924
212.243078864,0.221,221,2,46.351,556837.46,438.29,2659989.499,1.001164661
213.244024353,0.221,221,2,46.572,556853.844,438.511,2673022.264,1.000945489
214.244940942,0.221,221,2,46.793,556870.228,438.732,2686121.102,1.000916589
215.245992256,0.221,221,2,47.014,556886.612,438.953,2699550.305,1.001051314
216.247007733,0.221,221,2,47.235,556902.996,439.174,2712649.143,1.001015477
217.247999525,0.221,221,2,47.456,556919.38,439.395,2725681.908,1.000991792
208.635005075,0.152,152,9,269.004,2175437.148,439.616,2734874.247,0
210.658056403,2.513,2513,4,111.557,1514.508,439.768,2735128.282,2.023051328
218.989524455,2.538,2538,4,114.095,1547.276,442.306,2735161.05,8.331468052
208.633680508,0.144,144,8,5.798,778.24,443.881,2735185.626,0
219.00343523,0.23,230,8,6.028,794.624,444.111,2735202.01,10.369754722
218.947360367,0.152,152,9,269.156,2175691.183,444.255,2735210.202,0
218.249089,0.221,221,2,47.677,556935.764,444.407,2739587.817,0
219.25006718,0.221,221,2,47.898,556952.148,444.628,2752950.947,1.00097818
218.997197166,1.575,1575,4,115.67,1547.276,444.849,2758377.125,0
220.250990732,0.221,221,2,48.119,556968.532,447.362,2766206.507,1.253793566
221.251984724,0.221,221,2,48.34,557001.3,447.583,2791280.942,1.000993992
223.253967726,0.221,221,2,48.561,557017.684,447.804,2804379.78,2.001983002
224.255049267,0.221,221,2,48.782,557034.068,448.025,2817610.764,1.001081541
225.256056843,0.221,221,2,49.003,557050.452,448.246,2830511.383,1.001007576
226.257056986,0.221,221,2,49.224,557066.836,448.467,2844072.732,1.001000143
227.258102493,0.221,221,2,49.445,557083.22,448.688,2857501.935,1.001045507
228.259091211,0.221,221,2,49.666,557099.604,448.909,2870666.846,1.000988718
219.006490912,0.152,152,9,269.308,2312206.606,449.13,2871930.425,0
220.658555798,2.513,2513,4,118.183,1571.852,449.282,2872094.684,1.652064886
229.399126055,2.538,2538,4,120.721,1592.332,451.82,2872115.164,8.740570257
219.004640364,0.144,144,8,6.172,827.392,453.395,2872139.74,0
229.416556534,0.23,230,8,6.402,843.776,453.625,2872156.124,10.41191617
229.354645136,0.152,152,9,269.46,2312370.865,453.769,2872164.316,0
229.26025271,0.221,221,2,49.887,557115.988,453.921,2883921.681,0
229.408654827,1.575,1575,4,122.296,1592.332,454.142,2889215.713,0.148402117
230.26118842,0.221,221,2,50.108,557132.372,456.655,2897151.591,0.852533593
231.262154662,0.221,221,2,50.329,557148.756,456.876,2910779.013,1.000966242
232.263318269,0.221,221,2,50.55,557165.14,457.097,2924538.581,1.001163607
233.264419617,0.221,221,2,50.771,557181.524,457.318,2938166.003,1.001101348
234.265343685,0.221,221,2,50.992,557197.908,457.539,2951661.279,1.000924068
235.266351394,0.221,221,2,51.213,557214.292,457.76,2965288.701,1.001007709
236.267310483,0.221,221,2,51.434,557230.676,457.981,2978453.612,1.000959089
237.268373426,0.221,221,2,51.655,557247.06,458.202,2991948.888,1.001062943
238.269479861,0.221,221,2,51.876,557263.444,458.423,3005444.164,1.001106435
229.419693668,0.152,152,9,269.612,2448403.351,458.644,3008491.714,0
230.65800814,2.513,2513,4,124.809,1723.404,458.796,3008648.825,1.238314472
239.629950402,2.538,2538,4,127.347,1788.94,461.334,3008714.361,8.971942262
229.417779034,0.144,144,8,6.546,876.544,462.909,3008738.937,0
239.647335856,0.23,230,8,6.776,892.928,463.139,3008755.321,10.229556822
239.592030207,0.152,152,9,269.764,2448560.462,463.283,3008763.513,0
239.270516847,0.221,221,2,52.097,557279.828,463.435,3017430.055,0
239.636837088,1.575,1575,4,128.922,1788.94,463.656,3022724.087,0.366320241
240.271748062,0.221,221,2,52.318,557296.212,466.169,3031172.702,0.634910974
241.272989616,0.221,221,2,52.539,557312.596,466.39,3044800.124,1.001241554
242.274018864,0.221,221,2,52.76,557328.98,466.611,3058163.254,1.001029248
243.275050119,0.221,221,2,52.981,557345.364,466.832,3071922.822,1.001031255
244.27602526,0.221,221,2,53.202,557361.748,467.053,3085616.317,1.000975141
245.276998148,0.221,221,2,53.423,557378.132,467.274,3099375.885,1.000972888
246.277923389,0.221,221,2,53.644,557394.516,467.495,3112408.65,1.000925241
247.278985558,0.221,221,2,53.865,557410.9,467.716,3126102.145,1.001062169
248.280003339,0.221,221,2,54.086,557427.284,467.937,3139729.567,1.001017781
239.651612064,0.152,152,9,269.916,2584211.118,468.158,3144627.161,0
240.657913195,2.513,2513,4,131.435,1838.092,468.31,3144783.79,1.006301131
249.686125768,2.538,2538,4,133.973,1870.86,470.848,3144816.558,9.028212573
239.649834668,0.144,144,8,6.92,925.696,472.423,3144841.134,0
249.700397187,0.23,230,8,7.15,942.08,472.653,3144857.518,10.050562519
249.647967867,0.152,152,9,270.068,2584367.747,472.797,3144865.71,0
249.280863696,0.221,221,2,54.307,557443.668,472.949,3153328.679,0
249.69178172,1.575,1575,4,135.548,1870.86,473.17,3158490.565,0.410918024
250.281755908,0.221,221,2,54.528,557460.052,475.683,3167153.246,0.589974188
251.282720858,0.221,221,2,54.749,557476.436,475.904,3180582.449,1.00096495
252.283732161,0.221,221,2,54.97,557492.82,476.125,3194342.017,1.001011303
253.284721632,0.221,221,2,55.191,557525.588,476.346,3221596.861,1.000989471
255.286600491,0.221,221,2,55.412,557541.972,476.567,3235092.137,2.001878859
256.287542802,0.221,221,2,55.633,557558.356,476.788,3248719.559,1.000942311
257.288583797,0.221,221,2,55.854,557574.74,477.009,3262280.908,1.001040995
258.289684561,0.221,221,2,56.075,557591.124,477.23,3275974.403,1.001100764
249.702946382,0.152,152,9,270.22,2720475.56,477.451,3281268.435,0
250.657862642,2.513,2513,4,138.061,2001.932,477.603,3281522.47,0.95491626
259.718563523,2.538,2538,4,140.599,2067.468,480.141,3281588.006,9.060700881
249.701818764,0.144,144,8,7.294,966.656,481.716,3281604.39,0
259.727543233,0.23,230,8,7.524,991.232,481.946,3281628.966,10.025724469
259.686386248,0.152,152,9,270.372,2720729.595,482.09,3281637.158,0
259.291032892,0.221,221,2,56.296,557607.508,482.242,3289514.472,0
259.722274995,1.575,1575,4,142.174,2067.468,482.463,3294478.139,0.431242103
260.292421731,0.221,221,2,56.517,557623.892,484.976,3302646.078,0.570146736
261.29326615,0.221,221,2,56.738,557640.276,485.197,3316273.5,1.000844419
262.294114365,0.221,221,2,56.959,557656.66,485.418,3330099.141,1.000848215
263.294940848,0.221,221,2,57.18,557673.044,485.639,3343726.563,1.000826483
264.295735658,0.221,221,2,57.401,557689.428,485.86,3357221.839,1.00079481
265.296563339,0.221,221,2,57.622,557705.812,486.081,3370783.188,1.000827681
266.297411304,0.221,221,2,57.843,557722.196,486.302,3384278.464,1.000847965
267.298311415,0.221,221,2,58.064,557738.58,486.523,3397707.667,1.000900111
268.299260916,0.221,221,2,58.285,557754.964,486.744,3410872.578,1.000949501
259.729762449,0.152,152,9,270.524,2856383.899,486.965,3417488.07,0
260.658097337,2.513,2513,4,144.687,2100.236,487.117,3417644.699,0.928334888
269.829029509,2.538,2538,4,147.225,2133.004,489.655,3417677.467,9.170932172
259.728612024,0.144,144,8,7.668,1015.808,491.23,3417693.851,0
269.839344208,0.23,230,8,7.898,1040.384,491.46,3417718.427,10.110732184
269.793450209,0.152,152,9,270.676,2856540.528,491.604,3417726.619,0
269.30013916,0.221,221,2,58.506,557771.348,491.756,3424305.974,0
269.833044951,1.575,1575,4,148.8,2133.004,491.977,3429269.641,0.532905791
270.300959818,0.221,221,2,58.727,557787.732,494.49,3438015.853,0.467914867
271.301919027,0.221,221,2,58.948,557804.116,494.711,3451907.567,1.000959209
272.302754867,0.221,221,2,59.169,557820.5,494.932,3465402.843,1.00083584
273.303660613,0.221,221,2,59.39,557836.884,495.153,3479030.265,1.000905746
274.304846035,0.221,221,2,59.611,557853.268,495.374,3492789.833,1.001185422
275.305891538,0.221,221,2,59.832,557869.652,495.595,3506219.036,1.001045503
276.306873293,0.221,221,2,60.053,557886.036,495.816,3519714.312,1.000981755
277.307621162,0.221,221,2,60.274,557902.42,496.037,3533209.588,1.000747869
278.30810047,0.221,221,2,60.495,557918.804,496.258,3546176.28,1.000479308
269.841849734,0.152,152,9,270.828,2992680.844,496.479,3554047.159,0
270.666025574,2.513,2513,4,151.313,2149.388,496.631,3554203.788,0.82417584
279.949946024,2.538,2538,4,153.851,2173.964,499.169,3554228.364,9.28392045
269.84064855,0.144,144,8,8.042,1064.96,500.744,3554244.748,0
279.963502322,0.23,230,8,8.272,1089.536,500.974,3554269.324,10.122853772
279.912964467,0.152,152,9,270.98,2992837.473,501.118,3554277.516,0
279.308671854,0.221,221,2,60.716,557935.188,501.27,3558517.167,0
279.956009229,1.575,1575,4,155.426,2173.964,501.491,3563150.469,0.647337375
280.309450423,0.221,221,2,60.937,557951.572,504.004,3571945.296,0.353441194
281.310331053,0.221,221,2,61.158,557967.956,504.225,3585572.718,1.00088063
282.311156521,0.221,221,2,61.379,557984.34,504.446,3599134.067,1.000825468
283.311967474,0.221,221,2,61.6,558000.724,504.667,3612695.416,1.000810953
284.312863489,0.221,221,2,61.821,558017.108,504.888,3626058.546,1.000896015
285.313739745,0.221,221,2,62.042,558049.876,505.109,3653115.171,1.000876256
287.315302191,0.221,221,2,62.263,558066.26,505.33,3666874.739,2.001562446
288.316051722,0.221,221,2,62.484,558082.644,505.551,3680766.453,1.000749531
279.965867867,0.152,152,9,271.132,3128422.056,505.772,3690157.011,0
280.658324543,2.513,2513,4,157.939,2305.036,505.924,3690250.986,0.692456676
290.036621844,2.538,2538,4,160.477,2370.572,508.462,3690316.522,9.378297301
279.964677622,0.144,144,8,8.416,1114.112,510.037,3690332.906,0
290.047886253,0.23,230,8,8.646,1138.688,510.267,3690357.482,10.083208631
289.998062526,0.152,152,9,271.284,3128516.031,510.411,3690365.674,0
289.31678185,0.221,221,2,62.705,558099.028,510.563,3694358.498,0
290.040916546,1.575,1575,4,162.052,2370.572,510.784,3698859.654,0.724134696
290.317722563,0.221,221,2,62.926,558115.412,513.297,3707506.488,0.276806017
291.318590532,0.221,221,2,63.147,558131.796,513.518,3721199.983,1.000867969
292.319478198,0.221,221,2,63.368,558148.18,513.739,3734893.478,1.000887666
293.320654433,0.221,221,2,63.589,558164.564,513.96,3748586.973,1.001176235
294.321507373,0.221,221,2,63.81,558180.948,514.181,3761884.03,1.00085294
295.322238681,0.221,221,2,64.031,558197.332,514.402,3775181.087,1.000731308
296.323057667,0.221,221,2,64.252,558213.716,514.623,3788808.509,1.000818986
297.32363112,0.221,221,2,64.473,558230.1,514.844,3802105.566,1.000573453
298.324084335,0.221,221,2,64.694,558246.484,515.065,3815468.696,1.000453215
290.051053891,0.152,152,9,271.436,3264382.371,515.286,3826445.006,0
290.657830188,2.513,2513,4,164.565,2419.724,515.438,3826603.431,0.606776297
300.187169985,2.538,2538,4,167.103,2452.492,517.976,3826636.199,9.529339797
290.04904397,0.144,144,8,8.79,1163.264,519.551,3826652.583,0
300.197456379,0.23,230,8,9.02,1187.84,519.781,3826677.159,10.148412409
300.149036974,0.152,152,9,271.588,3264540.796,519.925,3826685.351,0
299.324613167,0.221,221,2,64.915,558262.868,520.077,3828480.301,0
300.191798027,1.575,1575,4,168.678,2452.492,520.298,3832915.384,0.86718486
300.325385839,0.221,221,2,65.136,558279.252,522.811,3841974.503,0.133587812
301.32621761,0.221,221,2,65.357,558295.636,523.032,3855667.998,1.000831771
302.327003057,0.221,221,2,65.578,558312.02,523.253,3868634.69,1.000785447
303.327905132,0.221,221,2,65.799,558328.404,523.474,3881997.82,1.000902075
304.328505907,0.221,221,2,66.02,558344.788,523.695,3895493.096,1.000600775
305.329339037,0.221,221,2,66.241,558361.172,523.916,3908724.08,1.00083313
306.330195105,0.221,221,2,66.462,558377.556,524.137,3922219.356,1.000856068
307.330926089,0.221,221,2,66.683,558393.94,524.358,3935582.486,1.000730984
308.331725973,0.221,221,2,66.904,558410.324,524.579,3949209.908,1.000799884
309.332521826,0.221,221,2,67.125,558426.708,524.8,3962506.965,1.000795853
300.201233592,0.152,152,9,271.74,3400191.452,525.021,3962647.303,0
300.65780363,2.513,2513,4,171.191,2583.564,525.173,3962713.376,0.456570038
310.387718389,2.538,2538,4,173.729,2649.1,527.711,3962778.912,9.729914759
300.198943187,0.144,144,8,9.164,1212.416,529.286,3962795.296,0
310.39872097,0.23,230,8,9.394,1236.992,529.516,3962819.872,10.199777783
310.345130896,0.152,152,9,271.892,3400257.525,529.66,3962828.064,0
310.391764587,1.575,1575,4,175.304,2649.1,529.812,3965759.087,0.046633691
310.333308345,0.221,221,2,67.346,558443.092,532.325,3974736.286,0
311.33424432,0.221,221,2,67.567,558459.476,532.546,3988099.416,1.000935975
312.335171687,0.221,221,2,67.788,558475.86,532.767,4001396.473,1.000927367
313.33605922,0.221,221,2,68.009,558492.244,532.988,4014627.457,1.000887533
314.336865962,0.221,221,2,68.23,558508.628,533.209,4027990.587,1.000806742
315.337706192,0.221,221,2,68.451,558525.012,533.43,4041882.301,1.00084023
316.338608496,0.221,221,2,68.672,558541.396,533.651,4055179.358,1.000902304
317.339458249,0.221,221,2,68.893,558574.164,533.872,4082037.764,1.000849753
319.341467693,0.221,221,2,69.114,558590.548,534.093,4095863.405,2.002009444
310.403566034,0.152,152,9,272.044,3535863.132,534.314,4098646.663,0
310.658009084,2.513,2513,4,177.817,2698.252,534.466,4098712.736,0.25444305
320.589179524,2.538,2538,4,180.355,2714.636,537.004,4098729.12,9.93117044
310.400214414,0.144,144,8,9.538,1261.568,538.579,4098745.504,0
320.602791044,0.23,230,8,9.768,1286.144,538.809,4098770.08,10.20257663
320.552533913,0.152,152,9,272.196,3535929.205,538.953,4098778.272,0
320.593939125,1.575,1575,4,181.93,2714.636,539.105,4099640.008,0.041405212
320.342121738,0.221,221,2,69.335,558606.932,541.618,4108518.366,0
321.342991209,0.221,221,2,69.556,558623.316,541.839,4121551.131,1.000869471
322.34384127,0.221,221,2,69.777,558639.7,542.06,4135046.407,1.000850061
323.344521028,0.221,221,2,69.998,558656.084,542.281,4148211.318,1.000679758
324.345375028,0.221,221,2,70.219,558672.468,542.502,4161376.229,1.000854
325.34626844,0.221,221,2,70.44,558688.852,542.723,4174408.994,1.000893412
326.347149108,0.221,221,2,70.661,558705.236,542.944,4187441.759,1.000880668
327.348176429,0.221,221,2,70.882,558721.62,543.165,4200606.67,1.001027321
328.349024612,0.221,221,2,71.103,558738.004,543.386,4213639.435,1.000848183
329.349745621,0.221,221,2,71.324,558754.388,543.607,4226275.762,1.000721009
320.657755425,2.513,2513,4,184.443,2731.02,543.828,4230446.553,0
320.605529481,0.152,152,9,272.348,3671579.861,546.341,4234617.344,0
330.657674749,2.513,2513,4,186.956,2739.212,546.493,4234871.379,10.052145268
331.017856448,2.538,2538,4,189.494,2759.692,549.031,4234891.859,0.360181699
320.603912264,0.144,144,8,9.912,1310.72,550.606,4234908.243,0
331.027399645,0.23,230,8,10.142,1335.296,550.836,4234932.819,10.423487381
330.971789096,0.152,152,9,272.5,3671833.896,550.98,4234941.011,0
330.350653912,0.221,221,2,71.545,558770.772,551.132,4239285.134,0
331.35149538,0.221,221,2,71.766,558787.156,551.353,4252251.826,1.000841468
332.35238999,0.221,221,2,71.987,558803.54,551.574,4265482.81,1.00089461
333.353063079,0.221,221,2,72.208,558819.924,551.795,4278581.648,1.000673089
334.353515928,0.221,221,2,72.429,558836.308,552.016,4291548.34,1.000452849
335.353999868,0.221,221,2,72.65,558852.692,552.237,4304845.397,1.00048394
336.35472995,0.221,221,2,72.871,558869.076,552.458,4317812.089,1.000730082
337.355593947,0.221,221,2,73.092,558885.46,552.679,4330910.927,1.000863997
338.3562235,0.221,221,2,73.313,558901.844,552.9,4343943.692,1.000629553
339.356887889,0.221,221,2,73.534,558918.228,553.121,4357042.53,1.000664389
331.021708068,1.575,1575,4,191.069,2759.692,553.342,4360684.737,0
340.357404206,0.221,221,2,73.755,558934.612,555.855,4369942.612,9.335696138
331.029406028,0.152,152,9,272.652,3807589.024,556.076,4370941.899,0
340.658859096,2.513,2513,4,193.582,2825.228,556.228,4371086.944,9.629453068
341.485239091,2.538,2538,4,196.12,2923.532,558.766,4371185.248,0.826379995
331.028400615,0.144,144,8,10.286,1359.872,560.341,4371201.632,0
341.50454277,0.23,230,8,10.516,1384.448,560.571,4371226.208,10.476142155
341.443953465,0.152,152,9,272.804,3807734.069,560.715,4371234.4,0
341.358209509,0.221,221,2,73.976,558950.996,560.867,4382676.008,0
342.359046838,0.221,221,2,74.197,558967.38,561.088,4395576.627,1.000837329
343.359679554,0.221,221,2,74.418,558983.764,561.309,4408609.392,1.000632716
344.360540366,0.221,221,2,74.639,559000.148,561.53,4421840.376,1.000860812
345.361120596,0.221,221,2,74.86,559016.532,561.751,4435005.287,1.00058023
346.361672125,0.221,221,2,75.081,559032.916,561.972,4448170.198,1.000551529
347.362145601,0.221,221,2,75.302,559049.3,562.193,4461269.036,1.000473476
348.362783397,0.221,221,2,75.523,559065.684,562.414,4474698.239,1.000637796
341.489108362,1.575,1575,4,197.695,2923.532,562.635,4491637.503,0
349.363484073,0.221,221,2,75.744,559098.452,565.148,4500961.451,7.874375711
341.506918522,0.152,152,9,272.956,3943384.725,565.369,4507114.432,0
350.657718737,2.513,2513,4,200.208,2989.068,565.521,4507369.445,9.150800215
351.887133244,2.581,2581,4,202.789,3021.836,568.102,4507402.213,1.229414507
341.505589406,0.144,144,8,10.66,1409.024,569.677,4507418.597,0
351.84109371,0.152,152,9,273.108,3943639.738,570.051,4507451.365,10.335504304
351.364778111,0.221,221,2,75.965,559114.836,570.203,4513541.06,0
352.36563449,0.221,221,2,76.186,559131.22,570.424,4526970.263,1.000856379
353.366216198,0.221,221,2,76.407,559147.604,570.645,4540069.101,1.000581708
354.3666887,0.221,221,2,76.628,559163.988,570.866,4553432.231,1.000472502
355.367496187,0.221,221,2,76.849,559180.372,571.087,4566663.215,1.000807487
356.368416429,0.221,221,2,77.07,559196.756,571.308,4579828.126,1.000920242
357.36923766,0.221,221,2,77.291,559213.14,571.529,4593191.256,1.000821231
358.369979921,0.221,221,2,77.512,559229.524,571.75,4606620.459,1.000742261
359.370613302,0.221,221,2,77.733,559245.908,571.971,4619719.297,1.000633381
351.890972354,1.575,1575,4,204.364,3021.836,572.192,4623361.504,0
360.371260238,0.221,221,2,77.954,559262.292,574.705,4632710.565,8.480287884
351.898107452,0.152,152,9,273.26,4079290.394,574.926,4643290.437,0
360.658113002,2.513,2513,4,206.877,3046.412,575.078,4643447.066,8.76000555
362.24611839,2.581,2581,4,209.458,3066.892,577.659,4643467.546,1.588005388
351.89613615,0.374,230,8,11.034,1458.176,579.234,4643483.93,0
362.255730001,0.23,230,8,11.264,1482.752,579.464,4643508.506,10.359593851
362.199532713,0.152,152,9,273.412,4079447.023,579.608,4643516.698,0
361.372034837,0.221,221,2,78.175,559278.676,579.76,4645249.223,0
362.372886112,0.221,221,2,78.396,559295.06,579.981,4658017.696,1.000851275
363.373699976,0.221,221,2,78.617,559311.444,580.202,4670984.388,1.000813864
364.374270862,0.221,221,2,78.838,559327.828,580.423,4684413.591,1.000570886
365.374737491,0.221,221,2,79.059,559344.212,580.644,4697644.575,1.000466629
366.375322101,0.221,221,2,79.28,559360.596,580.865,4710479.121,1.00058461
367.376013071,0.221,221,2,79.501,559376.98,581.086,4723710.105,1.00069097
368.377998789,0.221,221,2,79.722,559393.364,581.307,4736808.943,1.001985718
369.378918536,0.221,221,2,79.943,559409.748,581.528,4750039.927,1.000919747
362.250052135,1.575,1575,4,211.033,3066.892,581.749,4753616.061,0
370.379476249,0.221,221,2,80.164,559426.132,584.262,4763203.764,8.129424114
371.380211342,0.221,221,2,80.385,559442.516,584.483,4776500.821,1.000735093
362.258273873,0.152,152,9,273.564,4215101.327,584.704,4779482.298,0
370.657619447,2.513,2513,4,213.546,3197.964,584.856,4779764.235,8.399345574
372.654852415,2.538,2538,4,216.084,3230.732,587.394,4779797.003,1.997232968
362.257114914,0.144,144,8,11.408,1507.328,588.969,4779813.387,0
372.666323531,0.23,230,8,11.638,1531.904,589.199,4779837.963,10.409208617
372.608195883,0.152,152,9,273.716,4215383.264,589.343,4779846.155,0
372.380859804,0.221,221,2,80.606,559458.9,589.495,4789217.322,0
373.381600186,0.221,221,2,80.827,559475.284,589.716,4802117.941,1.000740382
374.382404298,0.221,221,2,81.048,559491.668,589.937,4815414.998,1.000804112
375.383124224,0.221,221,2,81.269,559508.052,590.158,4828051.325,1.000719926
376.383700561,0.221,221,2,81.49,559524.436,590.379,4840951.944,1.000576337
377.384366919,0.221,221,2,81.711,559540.82,590.6,4854182.928,1.000666358
378.384864961,0.221,221,2,81.932,559557.204,590.821,4867413.912,1.000498042
379.385492668,0.221,221,2,82.153,559573.588,591.042,4880314.531,1.000627707
372.65959374,1.575,1575,4,217.659,3230.732,591.263,4883758.519,0
380.386084979,0.221,221,2,82.374,559589.972,593.776,4893082.467,7.726491239
372.668869563,0.152,152,9,273.868,4351209.961,593.997,4915902.228,0
380.658219626,2.513,2513,4,220.172,3296.268,594.149,4916058.857,7.989350063
383.1745141,2.538,2538,4,222.71,3329.036,596.687,4916091.625,2.516294474
372.667447747,0.144,144,8,11.782,1556.48,598.262,4916108.009,0
383.184951012,0.23,230,8,12.012,1581.056,598.492,4916132.585,10.517503265
383.125127053,0.152,152,9,274.02,4351366.59,598.637,4916140.777,0
381.386832562,0.221,221,2,82.595,559622.74,598.789,4919138.712,0
383.388362277,0.221,221,2,82.816,559639.124,599.01,4932237.55,2.001529715
384.389161926,0.221,221,2,83.037,559655.508,599.231,4945468.534,1.000799649
385.389717859,0.221,221,2,83.258,559671.892,599.452,4958567.372,1.000555933
386.390229075,0.221,221,2,83.479,559688.276,599.673,4971732.283,1.000511216
387.391201086,0.221,221,2,83.7,559704.66,599.894,4984963.267,1.000972011
388.392650809,0.221,221,2,83.921,559721.044,600.115,4998392.47,1.001449723
389.393682608,0.221,221,2,84.142,559737.428,600.336,5011425.235,1.001031799
383.178454545,1.575,1575,4,224.285,3329.036,600.557,5014869.223,0
390.394528563,0.221,221,2,84.363,559753.812,603.07,5024614.722,7.216074018
391.395342128,0.221,221,2,84.584,559770.196,603.291,5037581.414,1.000813565
392.395997578,0.221,221,2,84.805,559786.58,603.512,5050548.106,1.00065545
383.187072138,0.152,152,9,274.172,4487229.136,603.733,5052208.123,0
390.659940293,2.513,2513,4,226.798,3353.612,603.885,5052364.752,7.472868155
393.396608484,0.221,221,2,85.026,559802.964,606.423,5052372.944,2.736668191
394.397436609,0.221,221,2,85.247,559819.348,606.644,5052389.328,1.000828125
395.397935496,0.221,221,2,85.468,559835.732,606.865,5052405.712,1.000498887
396.398344421,0.221,221,2,85.689,559852.116,607.086,5052422.096,1.000408925
397.398828342,0.221,221,2,85.91,559868.5,607.307,5052438.48,1.000483921
398.399238444,0.221,221,2,86.131,559884.884,607.528,5052454.864,1.000410102
399.399665723,0.221,221,2,86.352,559901.268,607.749,5052471.248,1.000427279
393.59269609,2.538,2538,4,229.336,3353.612,607.97,5052479.44,0
400.400090941,0.221,221,2,86.573,559917.652,608.309,5052495.824,6.807394851
401.400504966,0.221,221,2,86.794,559934.036,608.53,5052512.208,1.000414025
402.40091174,0.221,221,2,87.015,559950.42,608.751,5052528.592,1.000406774
403.401392953,0.221,221,2,87.236,559966.804,608.972,5052544.976,1.000481213
404.40196701,0.221,221,2,87.457,559983.188,609.193,5052561.36,1.000574057
405.402649311,0.221,221,2,87.678,559999.572,609.414,5052577.744,1.000682301
406.403081888,0.221,221,2,87.899,560015.956,609.635,5052594.128,1.000432577
407.403484554,0.221,221,2,88.12,560032.34,609.856,5052610.512,1.000402666
408.40388214,0.221,221,2,88.341,560048.724,610.077,5052626.896,1.000397586
409.404345162,0.221,221,2,88.562,560065.108,610.298,5052643.28,1.000463022
400.65737978,0.339,339,4,229.675,3361.804,610.519,5052651.472,0
410.404740175,0.221,221,2,88.783,560081.492,610.858,5052667.856,9.747360395
411.405223886,0.221,221,2,89.004,560097.876,611.079,5052684.24,1.000483711
412.405655894,0.221,221,2,89.225,560114.26,611.3,5052700.624,1.000432008
413.406046119,0.221,221,2,89.446,560147.028,611.521,5052735.44,1.000390225
415.407149152,0.221,221,2,89.667,560163.412,611.742,5052751.824,2.001103033
416.407637299,0.221,221,2,89.888,560179.796,611.963,5052768.208,1.000488147
417.408040643,0.221,221,2,90.109,560196.18,612.184,5052784.592,1.000403344
418.408446563,0.221,221,2,90.33,560212.564,612.405,5052800.976,1.00040592
419.408842793,0.221,221,2,90.551,560228.948,612.626,5052817.36,1.00039623
410.657065814,0.339,339,4,230.014,3369.996,612.847,5052825.552,0
420.409242211,0.221,221,2,90.772,560245.332,613.186,5052835.792,9.752176397
421.40979886,0.221,221,2,90.993,560261.716,613.407,5052852.176,1.000556649
422.410246522,0.221,221,2,91.214,560278.1,613.628,5052868.56,1.000447662
423.410635721,0.221,221,2,91.435,560294.484,613.849,5052884.944,1.000389199
424.411034879,0.221,221,2,91.656,560310.868,614.07,5052903.344,1.000399158
425.411608516,0.221,221,2,91.877,560327.252,614.291,5052919.728,1.000573637
426.412073387,0.221,221,2,92.098,560343.636,614.512,5052936.112,1.000464871
427.412477869,0.221,221,2,92.319,560360.02,614.733,5052952.496,1.000404482
428.412878871,0.221,221,2,92.54,560376.404,614.954,5052968.88,1.000401002
429.413277379,0.221,221,2,92.761,560392.788,615.175,5052985.264,1.000398508
420.658033222,0.339,339,4,230.353,3372.044,615.396,5052993.456,0
430.413688618,0.221,221,2,92.982,560409.172,615.735,5053006.608,9.755655396
431.414381498,0.221,221,2,93.203,560425.556,615.956,5053022.992,1.00069288
432.414890261,0.221,221,2,93.424,560441.94,616.177,5053039.376,1.000508763
433.415286128,0.221,221,2,93.645,560458.324,616.398,5053055.76,1.000395867
434.415682196,0.221,221,2,93.866,560474.708,616.619,5053072.144,1.000396068
435.416074399,0.221,221,2,94.087,560491.092,616.84,5053088.528,1.000392203
436.416506877,0.221,221,2,94.308,560507.476,617.061,5053106.24,1.000432478
437.417138245,0.221,221,2,94.529,560523.86,617.282,5053122.624,1.000631368
438.417631818,0.221,221,2,94.75,560540.244,617.503,5053139.008,1.000493573
439.418197245,0.221,221,2,94.971,560556.628,617.724,5053155.392,1.000565427
430.657107052,0.339,339,4,230.692,3375.116,617.945,5053163.584,0
440.418709229,0.221,221,2,95.192,560573.012,618.284,5053173.312,9.761602177
441.419249927,0.221,221,2,95.413,560589.396,618.505,5053189.696,1.000540698
442.419716417,0.221,221,2,95.634,560605.78,618.726,5053206.08,1.00046649
443.420201202,0.221,221,2,95.855,560622.164,618.947,5053222.464,1.000484785
444.42066562,0.221,221,2,96.076,560638.548,619.168,5053238.848,1.000464418
445.421082712,0.221,221,2,96.297,560671.316,619.389,5053271.616,1.000417092
447.421910037,0.221,221,2,96.518,560687.7,619.61,5053288.0,2.000827325
448.422313157,0.221,221,2,96.739,560704.084,619.831,5053304.384,1.00040312
449.422711314,0.221,221,2,96.96,560720.468,620.052,5053320.768,1.000398157
440.657184412,0.339,339,4,231.031,3376.652,620.273,5053328.96,0
450.42310056,0.221,221,2,97.181,560736.852,620.612,5053338.16,9.765916148
451.423531383,0.221,221,2,97.402,560753.236,620.833,5053354.544,1.000430823
452.423950384,0.221,221,2,97.623,560769.62,621.054,5053370.928,1.000419001
453.424362238,0.221,221,2,97.844,560786.004,621.275,5053395.408,1.000411854
454.425066062,0.221,221,2,98.065,560802.388,621.496,5053414.64,1.000703824
455.425916734,0.221,221,2,98.286,560818.772,621.717,5053431.024,1.000850672
450.657005329,0.339,339,4,231.37,3387.884,621.938,5053449.44,0
456.835663013,1.575,1575,4,232.945,3387.884,623.513,5053449.44,6.178657684
456.846022908,0.286,286,4,233.231,3416.556,623.799,5053478.112,0.010359895
456.851721718,0.189,189,4,233.42,3418.604,623.988,5053480.16,0.00569881000001
456.872123542,0.249,249,4,233.669,3419.628,624.237,5053481.184,0.020401824
456.920894959,0.382,196,5,0.382,694.72,624.919,5054138.56,0.048771417
456.426685936,0.221,221,2,98.507,560835.156,625.148,5266619.584,0
457.427546284,0.221,221,2,98.728,560851.54,625.369,5407931.584,1.000860348
458.429048901,0.221,221,2,98.949,560867.924,625.59,5407947.968,1.001502617
459.430617106,0.221,221,2,99.17,560884.308,625.811,5407964.352,1.001568205
456.884665757,0.114,114,4,233.783,3420.62,626.032,5407972.544,0
460.431676231,0.221,221,2,99.391,560900.692,628.545,5407981.216,3.547010474
461.432525111,0.221,221,2,99.612,560917.076,628.766,5407997.6,1.00084888
462.433336217,0.221,221,2,99.833,560933.46,628.987,5408013.984,1.000811106
463.433858198,0.221,221,2,100.054,560949.844,629.208,5408030.368,1.000521981
464.4345351,0.221,221,2,100.275,560966.228,629.429,5408046.752,1.000676902
465.435329442,0.221,221,2,100.496,560982.612,629.65,5408063.136,1.000794342
466.438035897,0.221,221,2,100.717,560998.996,629.871,5408083.568,1.002706455
467.438741122,0.221,221,2,100.938,561015.38,630.092,5408099.952,1.000705225
468.442036294,0.221,221,2,101.159,561031.764,630.562,5500360.304,1.003295172
469.443047974,0.221,221,2,101.38,561048.148,630.783,5500376.688,1.00101168
460.659486366,2.513,2513,4,236.296,3421.1,631.004,5500384.88,0
456.926840765,0.229,229,5,0.611,241517.68,633.517,5500388.896,0
470.44382593,0.221,221,2,101.601,561067.604,633.705,5554234.912,13.516985165
471.4450405,0.221,221,2,101.822,561083.988,633.926,5557529.76,1.00121457
472.445883285,0.221,221,2,102.043,561102.324,634.147,5557548.096,1.000842785
473.446676509,0.221,221,2,102.264,561110.516,634.368,5557556.288,1.000793224
473.486578662,0.188,188,2,102.452,621872.628,634.556,5618318.4,0.039902153
474.447540858,0.221,221,2,102.673,621889.012,634.777,5618334.784,0.960962196
475.448487726,0.221,221,2,102.894,621897.204,634.998,5618342.976,1.000946868
475.718283657,0.231,231,2,103.125,679216.628,635.229,5675662.4,0.269795931
476.449310199,0.221,221,2,103.346,679234.388,635.45,5675681.328,0.731026542
468.668008773,0.249,249,3,0.249,92250.656,635.671,5675707.568,0
477.450115596,0.221,221,2,103.567,679267.156,635.857,5759831.216,8.782106823
479.453254805,0.221,221,2,103.788,679284.852,636.078,5759848.912,2.003139209
470.657966499,2.513,2513,4,238.809,3422.044,636.299,5759857.104,0
478.543757115,0.186,186,3,0.435,176367.744,638.812,5759859.648,7.885790616
480.453827622,0.221,221,2,104.009,679301.236,638.989,5808896.96,1.910070507
481.454551164,0.221,221,2,104.23,679317.62,639.21,5822643.136,1.000723542
456.926258009,0.186,186,6,0.186,112958.336,639.431,5822651.328,0
482.455330465,0.221,221,2,104.451,679334.004,639.661,5823372.224,25.529072456
483.456290903,0.221,221,2,104.672,679350.388,639.882,5840231.36,1.000960438
484.457209934,0.221,221,2,104.893,679358.58,640.103,5884869.568,1.000919031
485.420656741,0.177,177,2,105.07,689311.86,640.28,5894822.848,0.963446807
485.458006384,0.221,221,2,105.291,726913.14,640.501,5932424.128,0.037349643
486.460763062,0.221,221,2,105.512,726929.524,640.722,5932440.512,1.002756678
483.402084831,0.23,230,6,0.416,175143.808,640.943,5932448.704,0
487.461589116,0.221,221,2,105.733,726945.908,641.139,5990947.776,4.059504285
488.46252765,0.221,221,2,105.954,726962.292,641.36,5990964.16,1.000938534
489.463019085,0.221,221,2,106.175,726978.676,641.581,5990980.544,1.000491435
480.668963034,2.513,2513,4,241.322,3422.956,641.802,5990988.736,0
490.463615372,0.221,221,2,106.396,726995.06,644.315,5990997.808,9.794652338
491.464485918,0.221,221,2,106.617,727003.252,644.536,5991006.0,1.000870546
492.006290951,0.186,186,2,106.803,784453.748,644.722,6048457.584,0.541805033
492.46557634,0.221,221,2,107.024,784470.132,644.943,6048473.968,0.459285389
493.469105059,0.221,221,2,107.245,784486.516,645.164,6048490.352,1.003528719
487.890564159,0.196,196,6,0.612,233635.776,645.385,6048498.544,0
494.469914982,0.221,221,2,107.466,784502.9,645.573,6109225.84,6.579350823
495.472898454,0.221,221,2,107.687,784519.284,645.794,6109242.224,1.002983472
481.17121486,0.177,177,3,0.612,239126.656,646.015,6109250.416,0
496.473906538,0.221,221,2,107.908,784535.668,646.203,6164423.536,15.302691678
497.47480383,0.221,221,2,108.129,784552.052,646.424,6172927.856,1.000897292
498.475903207,0.221,221,2,108.35,784568.436,646.645,6172944.24,1.001099377
499.476787608,0.221,221,2,108.571,784584.82,646.866,6172960.624,1.000884401
490.65753925,2.513,2513,4,243.835,3423.836,647.087,6172968.816,0
500.477623223,0.221,221,2,108.792,784601.204,649.6,6172977.856,9.820083973
501.479114048,0.221,221,2,109.013,784617.588,649.821,6172994.24,1.001490825
502.48011327,0.221,221,2,109.234,784633.972,650.042,6173010.624,1.000999222
503.480968329,0.221,221,2,109.455,784650.356,650.263,6173027.008,1.000855059
504.482034237,0.221,221,2,109.676,784666.74,650.484,6173043.392,1.001065908
505.483306342,0.221,221,2,109.897,784683.124,650.705,6173059.776,1.001272105
506.484230413,0.221,221,2,110.118,784699.508,650.926,6173076.16,1.000924071
507.484877774,0.221,221,2,110.339,784715.892,651.147,6173092.544,1.000647361
508.485588125,0.221,221,2,110.56,784732.276,651.368,6173108.928,1.000710351
509.486526602,0.221,221,2,110.781,784765.044,651.589,6173141.696,1.000938477
511.488054265,0.221,221,2,111.002,784781.428,651.81,6173158.08,2.001527663
500.658913276,2.513,2513,4,246.348,3424.684,652.031,6173166.272,0
512.488501892,0.221,221,2,111.223,784797.812,654.722,6173175.68,11.829588616
513.489195919,0.221,221,2,111.444,784814.196,654.943,6173192.064,1.000694027
512.717686251,2.691,2513,4,249.039,3425.9,655.164,6173200.256,0
514.926163665,2.588,2588,4,251.627,3434.668,657.752,6173209.024,2.208477414
514.933084952,1.575,1575,4,253.202,3434.668,659.327,6173209.024,0.00692128699995
494.563353967,0.188,188,6,0.8,294355.904,659.576,6173210.048,0
497.270070758,0.188,188,3,0.8,302778.496,659.806,6173210.048,2.706716791
471.098152691,0.188,188,5,0.799,298633.968,660.251,6173210.048,0
514.490094505,0.221,221,2,111.665,784830.58,660.447,6559593.92,43.391941814
515.491774444,0.221,221,2,111.886,784846.964,660.668,6813271.488,1.001679939
516.49474634,0.221,221,2,112.107,784863.348,660.889,6813287.872,1.002971896
517.495934532,0.221,221,2,112.328,784879.732,661.11,6813304.256,1.001188192
518.496753566,0.221,221,2,112.549,784896.116,661.331,6813320.64,1.000819034
519.497511222,0.221,221,2,112.77,784912.5,661.552,6813337.024,1.000757656
514.939726588,0.249,249,4,253.451,3435.692,661.773,6813345.216,0
520.498014777,0.221,221,2,112.991,784928.884,664.286,6813353.904,5.558288189
521.498712332,0.221,221,2,113.212,784945.268,664.507,6813370.288,1.000697555
522.499527285,0.221,221,2,113.433,784961.652,664.728,6813387.808,1.000814953
523.500333438,0.221,221,2,113.654,784978.036,664.949,6813404.192,1.000806153
524.501781345,0.221,221,2,113.875,784994.42,665.17,6813420.576,1.001447907
525.502567245,0.221,221,2,114.096,785010.804,665.391,6813436.96,1.0007859
526.50333549,0.221,221,2,114.317,785027.188,665.612,6813453.344,1.000768245
527.504123132,0.221,221,2,114.538,785043.572,665.833,6813469.728,1.000787642
528.504710354,0.221,221,2,114.759,785059.956,666.054,6813486.112,1.000587222
514.949007145,0.249,249,3,1.049,502173.28,666.275,6813494.672,0
529.505271198,0.221,221,2,114.98,785076.34,666.463,6873550.928,14.556264053
521.245994684,2.513,2513,4,255.964,3436.188,666.684,6873559.12,0
530.506027392,0.221,221,2,115.201,785092.724,669.197,6873568.288,9.260032708
531.507888169,0.221,221,2,115.422,785100.916,669.418,6873576.48,1.001860777
532.028425767,0.177,177,2,115.599,829460.596,669.595,6917936.16,0.520537598
532.508695487,0.221,221,2,115.82,829476.98,669.816,6917952.544,0.48026972
529.807720725,0.188,188,3,1.237,562221.344,670.037,6917960.736,0
533.509471889,0.221,221,2,116.041,829493.364,670.214,6943364.128,3.701751164
534.510236588,0.221,221,2,116.262,829509.748,670.435,6974510.112,1.000764699
535.510992382,0.221,221,2,116.483,829526.132,670.656,6974526.496,1.000755794
536.511742494,0.221,221,2,116.704,829542.516,670.877,6974542.88,1.000750112
537.512534907,0.221,221,2,116.925,829558.9,671.098,6974559.264,1.000792413
514.948588926,0.426,230,6,1.226,566145.984,671.319,6974567.456,0
538.513046514,0.221,221,2,117.146,829575.284,671.507,7016846.368,23.564457588
539.513720202,0.221,221,2,117.367,829591.668,671.728,7036261.408,1.000673688
530.658549633,2.513,2513,4,258.477,3437.164,671.949,7036269.6,0
540.514506246,0.221,221,2,117.588,829608.052,674.462,7036278.736,9.855956613
514.949545537,0.196,196,5,0.995,467487.472,674.683,7036286.928,0
541.515385199,0.221,221,2,117.809,829616.244,674.869,7100676.048,26.565839662
542.516223647,0.221,221,2,118.03,829632.628,675.09,7100693.424,1.000838448
541.566250453,0.186,186,5,1.181,531876.592,675.311,7100701.616,0
543.516999498,0.221,221,2,118.251,829649.012,675.54,7159430.064,1.950749045
544.519151913,0.221,221,2,118.472,829665.396,675.761,7159446.448,1.002152415
534.412691739,0.177,177,3,1.414,618747.136,675.982,7159454.64,0
545.519886525,0.221,221,2,118.693,829681.78,676.168,7194893.232,11.107194786
546.520644906,0.221,221,2,118.914,829698.164,676.389,7227612.08,1.000758381
547.521408814,0.221,221,2,119.135,829714.548,676.61,7227628.464,1.000763908
548.521893577,0.221,221,2,119.356,829730.932,676.831,7227644.848,1.000484763
549.522300847,0.221,221,2,119.577,829747.316,677.052,7227662.16,1.00040727
540.658203013,2.513,2513,4,260.99,3438.108,677.273,7227670.352,0
550.52302057,0.221,221,2,119.798,829755.508,679.786,7227671.264,9.864817557
551.1277442,0.186,186,2,119.984,889483.38,679.972,7287399.136,0.60472363
551.523811661,0.221,221,2,120.205,889499.764,680.193,7287415.52,0.396067461
552.524656006,0.221,221,2,120.426,889516.148,680.414,7287431.904,1.000844345
539.34416315,0.188,188,6,1.414,627815.36,680.635,7287440.096,0
553.525480688,0.221,221,2,120.647,889532.532,680.821,7345005.28,14.181317538
554.526258829,0.221,221,2,120.868,889548.916,681.042,7345021.664,1.000778141
555.52701419,0.221,221,2,121.089,889557.108,681.263,7345029.856,1.000755361
556.023698881,0.188,188,2,121.277,957788.276,681.451,7413261.024,0.496684691
556.527762842,0.221,221,2,121.498,957804.66,681.672,7413277.408,0.504063961
557.528521262,0.221,221,2,121.719,957821.044,681.893,7413293.792,1.00075842
558.529533776,0.221,221,2,121.94,957837.428,682.114,7413310.176,1.001012514
559.530418093,0.221,221,2,122.161,957853.812,682.335,7413326.56,1.000884317
544.107243091,0.229,229,5,1.41,590596.848,682.556,7413334.752,0
550.660576912,2.513,2513,4,263.503,3439.02,682.744,7413400.288,6.553333821
560.530902693,0.221,221,2,122.382,957870.196,685.257,7475979.856,9.870325781
561.531569759,0.221,221,2,122.603,957878.388,685.478,7475988.048,1.000667066
562.451621829,0.231,231,2,122.834,978301.044,685.709,7496410.704,0.92005207
562.532420403,0.221,221,2,123.055,1017409.652,685.93,7535519.312,0.0807985739999
563.534290876,0.221,221,2,123.276,1017426.036,686.151,7535535.696,1.001870473
564.535081391,0.221,221,2,123.497,1017442.42,686.372,7535552.08,1.000790515
565.535870985,0.221,221,2,123.718,1017458.804,686.593,7535568.464,1.000789594
566.536783471,0.221,221,2,123.939,1017475.188,686.814,7535584.848,1.000912486
567.537602782,0.221,221,2,124.16,1017491.572,687.035,7535601.232,1.000819311
568.538418948,0.221,221,2,124.381,1017507.956,687.256,7535617.616,1.000816166
569.539193531,0.221,221,2,124.602,1017524.34,687.477,7535634.0,1.000774583
570.540007147,0.221,221,2,124.823,1017540.724,687.698,7535650.384,1.000813616
560.841323645,2.513,2513,4,266.016,3439.9,687.919,7535658.576,0
571.540550745,0.221,221,2,125.044,1017557.108,690.432,7535667.616,10.6992271
572.541257499,0.221,221,2,125.265,1017573.492,690.653,7535684.0,1.000706754
573.541777273,0.221,221,2,125.486,1017581.684,690.874,7535692.192,1.000519774
574.542448179,0.221,221,2,125.707,1017598.068,691.095,7535708.576,1.000670906
572.463687774,2.513,2513,4,268.529,3440.748,691.316,7535716.768,0
575.543255352,0.221,221,2,125.928,1017614.452,691.494,7535725.776,3.079567578
576.544034745,0.221,221,2,126.149,1017630.836,691.715,7535742.16,1.000779393
577.5445813,0.221,221,2,126.37,1017647.22,691.936,7535758.544,1.000546555
576.292576828,0.178,178,4,268.707,3441.564,692.157,7535766.736,0
578.572108018,2.588,2588,4,271.295,3450.348,694.745,7535775.52,2.27953119
579.032749953,1.575,1575,4,272.87,3450.348,696.32,7535775.52,0.460641935
579.034515916,0.286,286,4,273.156,3463.132,696.606,7535788.304,0.00176596300003
579.044891549,0.189,189,4,273.345,3465.052,696.795,7535790.224,0.010375633
579.064325488,0.189,189,4,273.534,3466.844,696.984,7535792.016,0.019433939
578.545294074,0.221,221,2,126.591,1017663.604,697.173,7535801.056,0
579.546083061,0.221,221,2,126.812,1017679.988,697.394,7535817.44,1.000788987
579.071281167,0.189,189,4,273.723,3467.692,697.615,7535825.632,0
580.657822444,2.513,2513,4,276.236,3468.508,700.128,7535826.448,1.586541277
580.69095033,2.376,2376,4,278.612,3477.292,702.504,7535835.232,0.033127886
580.546859243,0.221,221,2,127.033,1017696.372,704.079,7535843.424,0
580.694840068,1.575,1575,4,280.187,3477.292,704.3,7535851.616,0.147980825
581.547611901,0.221,221,2,127.254,1017712.756,706.676,7535859.808,0.852771833
582.548395277,0.221,221,2,127.475,1017729.14,706.897,7535876.192,1.000783376
583.548886154,0.221,221,2,127.696,1017745.524,707.118,7535892.576,1.000490877
584.549312362,0.221,221,2,127.917,1017761.908,707.339,7535908.96,1.000426208
585.549852786,0.221,221,2,128.138,1017778.292,707.56,7535925.344,1.000540424
586.550397738,0.221,221,2,128.359,1017794.676,707.781,7535941.728,1.000544952
587.550795774,0.221,221,2,128.58,1017811.06,708.002,7535958.112,1.000398036
588.551201032,0.221,221,2,128.801,1017827.444,708.223,7535974.496,1.000405258
589.551643653,0.221,221,2,129.022,1017843.828,708.444,7535990.88,1.000442621
582.326190227,2.376,2376,4,282.563,3477.292,708.665,7535999.072,0
590.658525719,0.339,339,4,282.902,3479.308,709.004,7536001.088,8.332335492
590.552350676,0.221,221,2,129.243,1017860.212,709.193,7536010.24,0
591.553090917,0.221,221,2,129.464,1017876.596,709.414,7536026.624,1.000740241
592.553568203,0.221,221,2,129.685,1017892.98,709.635,7536043.008,1.000477286
593.553969503,0.221,221,2,129.906,1017909.364,709.856,7536059.392,1.0004013
594.554366753,0.221,221,2,130.127,1017925.748,710.077,7536075.776,1.00039725
595.554761307,0.221,221,2,130.348,1017942.132,710.298,7536092.16,1.000394554
596.555152655,0.221,221,2,130.569,1017958.516,710.519,7536108.544,1.000391348
597.555546176,0.221,221,2,130.79,1017974.9,710.74,7536124.928,1.000393521
598.555939749,0.221,221,2,131.011,1017991.284,710.961,7536141.312,1.000393573
599.556351974,0.221,221,2,131.232,1018007.668,711.182,7536157.696,1.000412225
591.545925087,0.189,189,4,283.091,3480.268,711.403,7536165.888,0
600.55673651,0.221,221,2,131.453,1018024.052,711.742,7536175.008,9.010811423
601.557235503,0.221,221,2,131.674,1018040.436,711.963,7536191.392,1.000498993
602.557664287,0.221,221,2,131.895,1018056.82,712.184,7536207.776,1.000428784
603.558063819,0.221,221,2,132.116,1018073.204,712.405,7536224.16,1.000399532
604.558446817,0.221,221,2,132.337,1018089.588,712.626,7536240.544,1.000382998
605.558827912,0.221,221,2,132.558,1018097.78,712.847,7536248.736,1.000381095
606.559225995,0.221,221,2,132.779,1018114.164,713.068,7536265.12,1.000398083
607.559615128,0.221,221,2,133.0,1018130.548,713.289,7536281.504,1.000389133
600.657053408,0.339,339,4,283.43,3490.348,713.51,7536298.848,0
608.603863812,1.575,1575,4,285.005,3490.348,715.085,7536298.848,7.946810404
608.608852048,0.286,286,4,285.291,3891.756,715.371,7536700.256,0.00498823600003
608.616282334,0.189,189,4,285.48,3899.948,715.56,7536708.448,0.00743028599993
608.560003315,0.221,221,2,133.221,1018139.972,715.846,7544496.176,0
608.619250116,0.286,286,4,285.766,13226.54,798.457,7546036.272,0.059246801
608.716966748,82.611,82611,2,215.832,1018148.164,798.646,7546046.512,0.097716632
609.560672719,0.221,221,2,216.053,1018164.548,798.867,7546062.896,0.843705971
608.740241481,0.189,189,4,285.955,13228.588,799.088,7546071.088,0
610.657933025,2.513,2513,4,288.468,13229.612,801.601,7546072.112,1.917691544
611.272300318,0.286,286,4,288.754,18227.724,801.887,7551070.224,0.614367293
610.561436833,0.221,221,2,216.274,1018180.932,802.076,7551079.376,0
611.562224638,0.221,221,2,216.495,1018197.316,802.297,7551095.76,1.000787805
612.562933422,0.221,221,2,216.716,1018213.7,802.518,7551112.144,1.000708784
613.563471121,0.221,221,2,216.937,1018230.084,802.739,7551128.528,1.000537699
614.563893971,0.221,221,2,217.158,1018246.468,802.96,7551144.912,1.00042285
615.564296773,0.221,221,2,217.379,1018262.852,803.181,7551161.296,1.000402802
616.564794784,0.221,221,2,217.6,1018279.236,803.402,7551177.68,1.000498011
617.565366344,0.221,221,2,217.821,1018295.62,803.623,7551194.064,1.00057156
618.566007624,0.221,221,2,218.042,1018312.004,803.844,7551210.448,1.00064128
619.566554669,0.221,221,2,218.263,1018328.388,804.065,7551226.832,1.000547045
611.298930549,0.189,189,4,288.943,18228.684,804.286,7551235.024,0
620.566941374,0.221,221,2,218.484,1018344.772,806.799,7551244.144,9.268010825
621.567629382,0.221,221,2,218.705,1018361.156,807.02,7551260.528,1.000688008
622.568522082,0.221,221,2,218.926,1018377.54,807.241,7551276.912,1.0008927
620.867717821,2.513,2513,4,291.456,18229.612,807.462,7551285.104,0
624.540309853,2.663,2663,4,294.119,18238.764,810.125,7551294.256,3.672592032
623.569289973,0.221,221,2,219.147,1018393.924,811.7,7551302.448,0
624.569881674,0.221,221,2,219.368,1018410.308,811.921,7551318.832,1.000591701
625.570577172,0.221,221,2,219.589,1018426.692,812.142,7551335.216,1.000695498
626.571239482,0.221,221,2,219.81,1018443.076,812.363,7551351.6,1.00066231
627.571969878,0.221,221,2,220.031,1018459.46,812.584,7551367.984,1.000730396
628.572805097,0.221,221,2,220.252,1018475.844,812.805,7551384.368,1.000835219
629.573316552,0.221,221,2,220.473,1018492.228,813.026,7551400.752,1.000511455
624.544565573,1.575,1575,4,295.694,18238.764,813.247,7551408.944,0
630.573733981,0.221,221,2,220.694,1018508.612,815.76,7551433.52,6.029168408
631.574380602,0.221,221,2,220.915,1018524.996,815.981,7551449.904,1.000646621
632.575091895,0.221,221,2,221.136,1018541.38,816.202,7551466.288,1.000711293
633.575583028,0.221,221,2,221.357,1018557.764,816.423,7551482.672,1.000491133
634.576001096,0.221,221,2,221.578,1018574.148,816.644,7551499.056,1.000418068
635.576707314,0.221,221,2,221.799,1018590.532,816.865,7551515.44,1.000706218
636.577501595,0.221,221,2,222.02,1018606.916,817.086,7551531.824,1.000794281
637.578024405,0.221,221,2,222.241,1018623.3,817.307,7551548.208,1.00052281
630.659790819,2.513,2513,4,298.207,18255.148,817.528,7551556.4,0
638.578410854,0.221,221,2,222.462,1018639.684,820.191,7551564.592,7.918620035
639.578851342,0.221,221,2,222.683,1018656.068,820.412,7551580.976,1.000440488
638.612233959,2.663,2663,4,300.87,18255.148,820.633,7551589.168,0
640.579257523,0.221,221,2,222.904,1018672.452,820.972,7551605.552,1.967023564
641.579701318,0.221,221,2,223.125,1018688.836,821.193,7551621.936,1.000443795
642.580113019,0.221,221,2,223.346,1018705.22,821.414,7551638.32,1.000411701
643.580725176,0.221,221,2,223.567,1018721.604,821.635,7551654.704,1.000612157
644.582348866,0.221,221,2,223.788,1018737.988,821.856,7551671.088,1.00162369
645.583359807,0.221,221,2,224.009,1018754.372,822.077,7551687.472,1.001010941
646.583790919,0.221,221,2,224.23,1018770.756,822.298,7551703.856,1.000431112
647.584155829,0.221,221,2,224.451,1018787.14,822.519,7551720.24,1.00036491
648.584517375,0.221,221,2,224.672,1018803.524,822.74,7551736.624,1.000361546
649.584922219,0.221,221,2,224.893,1018819.908,822.961,7551753.008,1.000404844
640.657383763,0.339,339,4,301.209,18263.34,823.182,7551761.2,0
650.585322325,0.221,221,2,225.114,1018836.292,823.521,7551773.488,9.927938562
651.585875914,0.221,221,2,225.335,1018852.676,823.742,7551789.872,1.000553589
652.586316818,0.221,221,2,225.556,1018869.06,823.963,7551806.256,1.000440904
653.586672242,0.221,221,2,225.777,1018885.444,824.184,7551822.64,1.000355424
654.58702787,0.221,221,2,225.998,1018901.828,824.405,7551839.024,1.000355628
655.587393505,0.221,221,2,226.219,1018918.212,824.626,7551855.408,1.000365635
656.587757206,0.221,221,2,226.44,1018934.596,824.847,7551871.792,1.000363701
657.588105256,0.221,221,2,226.661,1018950.98,825.068,7551888.176,1.00034805
658.588467983,0.221,221,2,226.882,1018967.364,825.289,7551904.56,1.000362727
659.588825037,0.221,221,2,227.103,1018983.748,825.51,7551920.944,1.000357054
650.657103917,0.339,339,4,301.548,18267.436,825.731,7551929.136,0
660.589193862,0.221,221,2,227.324,1019000.132,826.07,7551939.376,9.932089945
661.589559938,0.221,221,2,227.545,1019016.516,826.291,7551955.76,1.000366076
662.589934896,0.221,221,2,227.766,1019032.9,826.512,7551972.144,1.000374958
663.590285113,0.221,221,2,227.987,1019049.284,826.733,7551988.528,1.000350217
664.590674964,0.221,221,2,228.208,1019065.668,826.954,7552004.912,1.000389851
665.59106394,0.221,221,2,228.429,1019082.052,827.175,7552021.296,1.000388976
666.591433385,0.221,221,2,228.65,1019098.436,827.396,7552037.68,1.000369445
667.591796084,0.221,221,2,228.871,1019114.82,827.617,7552054.064,1.000362699
668.592169183,0.221,221,2,229.092,1019131.204,827.838,7552070.448,1.000373099
669.592537366,0.221,221,2,229.313,1019139.396,828.059,7552078.64,1.000368183
670.592897668,0.221,221,2,229.534,1019155.78,828.28,7552096.048,1.000360302
671.593271982,0.221,221,2,229.755,1019172.164,828.501,7552112.432,1.000374314
672.593644375,0.221,221,2,229.976,1019188.548,828.722,7552128.816,1.000372393
673.594020454,0.221,221,2,230.197,1019204.932,828.943,7552145.2,1.000376079
674.594380491,0.221,221,2,230.418,1019221.316,829.164,7552161.584,1.000360037
675.594737223,0.221,221,2,230.639,1019237.7,829.385,7552177.968,1.000356732
676.595091268,0.221,221,2,230.86,1019254.084,829.606,7552194.352,1.000354045
677.59544754,0.221,221,2,231.081,1019270.468,829.827,7552210.736,1.000356272
678.595806443,0.221,221,2,231.302,1019286.852,830.048,7552227.12,1.000358903
679.596248258,0.221,221,2,231.523,1019303.236,830.269,7552243.504,1.000441815
660.656765158,0.339,339,4,301.887,18270.508,830.49,7552251.696,0
680.596617787,0.221,221,2,231.744,1019319.62,830.829,7552260.88,19.939852629
681.597007164,0.221,221,2,231.965,1019336.004,831.05,7552277.264,1.000389377
682.597384773,0.221,221,2,232.186,1019352.388,831.271,7552293.648,1.000377609
683.597747391,0.221,221,2,232.407,1019368.772,831.492,7552310.032,1.000362618
684.598102683,0.221,221,2,232.628,1019385.156,831.713,7552326.416,1.000355292
685.598477791,0.221,221,2,232.849,1019401.54,831.934,7552342.8,1.000375108
686.598833955,0.221,221,2,233.07,1019417.924,832.155,7552359.184,1.000356164
687.59920229,0.221,221,2,233.291,1019434.308,832.376,7552375.568,1.000368335
688.599556977,0.221,221,2,233.512,1019450.692,832.597,7552391.952,1.000354687
689.599911712,0.221,221,2,233.733,1019467.076,832.818,7552408.336,1.000354735
680.656777777,0.339,339,4,302.226,18271.5,833.039,7552416.528,0
690.600267101,0.221,221,2,233.954,1019483.46,833.378,7552425.68,9.943489324
691.600626495,0.221,221,2,234.175,1019499.844,833.599,7552442.064,1.000359394
692.600991787,0.221,221,2,234.396,1019516.228,833.82,7552458.448,1.000365292
693.601345004,0.221,221,2,234.617,1019532.612,834.041,7552474.832,1.000353217
694.601703565,0.221,221,2,234.838,1019548.996,834.262,7552491.216,1.000358561
695.602055197,0.221,221,2,235.059,1019565.38,834.483,7552507.6,1.000351632
696.602413047,0.221,221,2,235.28,1019581.764,834.704,7552523.984,1.00035785
697.602772116,0.221,221,2,235.501,1019598.148,834.925,7552540.368,1.000359069
698.603133439,0.221,221,2,235.722,1019614.532,835.146,7552556.752,1.000361323
699.603490191,0.221,221,2,235.943,1019630.916,835.367,7552573.136,1.000356752
690.656766712,0.339,339,4,302.565,18272.46,835.588,7552581.328,0
700.604391978,0.221,221,2,236.164,1019647.3,835.927,7552590.448,9.947625266
701.604769653,0.221,221,2,236.385,1019663.684,836.148,7552606.832,1.000377675
702.605277056,0.221,221,2,236.606,1019680.068,836.369,7552623.216,1.000507403
703.605634969,0.221,221,2,236.827,1019696.452,836.59,7552639.6,1.000357913
704.60599462,0.221,221,2,237.048,1019712.836,836.811,7552655.984,1.000359651
705.60648897,0.221,221,2,237.269,1019729.22,837.032,7552672.368,1.00049435
706.607075521,0.221,221,2,237.49,1019745.604,837.253,7552688.752,1.000586551
707.607437348,0.221,221,2,237.711,1019761.988,837.474,7552705.136,1.000361827
708.607812309,0.221,221,2,237.932,1019778.372,837.695,7552721.52,1.000374961
709.608254132,0.221,221,2,238.153,1019794.756,837.916,7552737.904,1.000441823
700.656735531,0.339,339,4,302.904,18273.388,838.137,7552746.096,0
710.608745115,0.221,221,2,238.374,1019811.14,838.476,7552755.184,9.952009584
711.60926378,0.221,221,2,238.595,1019827.524,838.697,7552771.568,1.000518665
712.609758793,0.221,221,2,238.816,1019843.908,838.918,7552787.952,1.000495013
713.61012469,0.221,221,2,239.037,1019860.292,839.139,7552804.336,1.000365897
714.610490074,0.221,221,2,239.258,1019876.676,839.36,7552820.72,1.000365384
715.610850173,0.221,221,2,239.479,1019893.06,839.581,7552837.104,1.000360099
716.611414654,0.221,221,2,239.7,1019909.444,839.802,7552853.488,1.000564481
717.611906519,0.221,221,2,239.921,1019925.828,840.023,7552869.872,1.000491865
718.612419593,0.221,221,2,240.142,1019942.212,840.244,7552886.256,1.000513074
719.612799801,0.221,221,2,240.363,1019958.596,840.465,7552902.64,1.000380208
710.656785188,0.339,339,4,303.243,18274.284,840.686,7552910.832,0
720.613341932,0.221,221,2,240.584,1019974.98,841.025,7552919.888,9.956556744
721.613855028,0.221,221,2,240.805,1019992.9,841.246,7552937.808,1.000513096
722.614290377,0.221,221,2,241.026,1020009.284,841.467,7552954.192,1.000435349
723.619119548,0.221,221,2,241.247,1020025.668,841.688,7552970.576,1.004829171
724.619609596,0.221,221,2,241.468,1020042.052,841.909,7552986.96,1.000490048
725.61998356,0.221,221,2,241.689,1020058.436,842.13,7553003.344,1.000373964
726.620355636,0.221,221,2,241.91,1020074.82,842.351,7553019.728,1.000372076
727.620844667,0.221,221,2,242.131,1020091.204,842.572,7553036.112,1.000489031
728.621342984,0.221,221,2,242.352,1020107.588,842.793,7553052.496,1.000498317
729.621849905,0.221,221,2,242.573,1020123.972,843.014,7553068.88,1.000506921
720.656769782,0.339,339,4,303.582,18275.148,843.235,7553077.072,0
730.622348046,0.221,221,2,242.794,1020142.1,843.574,7553087.84,9.965578264
731.622810606,0.221,221,2,243.015,1020158.484,843.795,7553104.224,1.00046256
732.623231525,0.221,221,2,243.236,1020176.116,844.016,7553121.856,1.000420919
733.623779356,0.221,221,2,243.457,1020192.5,844.237,7553138.24,1.000547831
734.624231383,0.221,221,2,243.678,1020208.884,844.458,7553154.624,1.000452027
735.624624781,0.221,221,2,243.899,1020225.268,844.679,7553171.008,1.000393398
736.625020589,0.221,221,2,244.12,1020241.652,844.9,7553187.392,1.000395808
737.625425908,0.221,221,2,244.341,1020258.036,845.121,7553203.776,1.000405319
738.625817716,0.221,221,2,244.562,1020274.42,845.342,7553220.16,1.000391808
739.626257722,0.221,221,2,244.783,1020291.924,845.563,7553237.664,1.000440006
730.656974092,0.339,339,4,303.921,18275.98,845.784,7553245.856,0
740.626706468,0.221,221,2,245.004,1020308.308,846.123,7553254.848,9.969732376
741.627141062,0.221,221,2,245.225,1020324.692,846.344,7553271.232,1.000434594
742.627532979,0.221,221,2,245.446,1020341.076,846.565,7553287.616,1.000391917
743.628097488,0.221,221,2,245.667,1020357.46,846.786,7553304.0,1.000564509
744.629618749,0.221,221,2,245.888,1020373.844,847.007,7553320.384,1.001521261
745.630103094,0.221,221,2,246.109,1020390.228,847.228,7553336.768,1.000484345
746.630652261,0.221,221,2,246.33,1020406.612,847.449,7553353.152,1.000549167
747.631051007,0.221,221,2,246.551,1020422.996,847.67,7553369.536,1.000398746
748.631423078,0.221,221,2,246.772,1020439.38,847.891,7553385.92,1.000372071
749.631915102,0.221,221,2,246.993,1020455.764,848.112,7553402.304,1.000492024
740.656944729,0.339,339,4,304.26,18276.78,848.333,7553410.496,0
750.632289701,0.221,221,2,247.214,1020472.148,848.672,7553419.456,9.975344972
751.632688348,0.221,221,2,247.435,1020488.532,848.893,7553435.84,1.000398647
752.633099692,0.221,221,2,247.656,1020504.916,849.114,7553452.224,1.000411344
753.633475606,0.221,221,2,247.877,1020521.3,849.335,7553468.608,1.000375914
754.633965896,0.221,221,2,248.098,1020537.684,849.556,7553484.992,1.00049029
755.634320217,0.221,221,2,248.319,1020554.068,849.777,7553501.376,1.000354321
756.63468536,0.221,221,2,248.54,1020570.452,849.998,7553517.76,1.000365143
757.635193315,0.221,221,2,248.761,1020586.836,850.219,7553534.144,1.000507955
758.635555125,0.221,221,2,248.982,1020603.22,850.44,7553550.528,1.00036181
759.635933047,0.221,221,2,249.203,1020619.604,850.661,7553566.912,1.000377922
750.656994656,0.339,339,4,304.599,18277.548,850.882,7553575.104,0
760.636298403,0.221,221,2,249.424,1020635.988,851.221,7553584.032,9.979303747
761.636675196,0.221,221,2,249.645,1020652.372,851.442,7553600.416,1.000376793
762.637048435,0.221,221,2,249.866,1020668.756,851.663,7553616.8,1.000373239
763.637415534,0.221,221,2,250.087,1020685.14,851.884,7553633.184,1.000367099
764.637780486,0.221,221,2,250.308,1020701.524,852.105,7553649.568,1.000364952
765.638145091,0.221,221,2,250.529,1020717.908,852.326,7553665.952,1.000364605
766.638503683,0.221,221,2,250.75,1020734.292,852.547,7553682.336,1.000358592
767.63886965,0.221,221,2,250.971,1020750.676,852.768,7553698.72,1.000365967
768.63922997,0.221,221,2,251.192,1020767.06,852.989,7553715.104,1.00036032
769.63964695,0.221,221,2,251.413,1020783.444,853.21,7553731.488,1.00041698
760.656809599,0.339,339,4,304.938,18278.284,853.431,7553739.68,0
770.640016956,0.221,221,2,251.634,1020799.828,853.77,7553748.576,9.983207357
771.640386048,0.221,221,2,251.855,1020816.212,853.991,7553764.96,1.000369092
772.640822541,0.221,221,2,252.076,1020832.596,854.212,7553781.344,1.000436493
773.641286182,0.221,221,2,252.297,1020848.98,854.433,7553797.728,1.000463641
774.641646624,0.221,221,2,252.518,1020865.364,854.654,7553814.112,1.000360442
775.642006684,0.221,221,2,252.739,1020881.748,854.875,7553830.496,1.00036006
776.642382196,0.221,221,2,252.96,1020898.132,855.096,7553846.88,1.000375512
777.642744709,0.221,221,2,253.181,1020914.516,855.317,7553863.264,1.000362513
778.64310835,0.221,221,2,253.402,1020930.9,855.538,7553879.648,1.000363641
779.64346773,0.221,221,2,253.623,1020947.284,855.759,7553896.032,1.00035938
770.65674528,0.339,339,4,305.277,18278.988,855.98,7553904.224,0
780.643889457,0.221,221,2,253.844,1020963.668,856.319,7553913.088,9.987144177
781.644348123,0.221,221,2,254.065,1020980.052,856.54,7553929.472,1.000458666
782.64475447,0.221,221,2,254.286,1020996.436,856.761,7553945.856,1.000406347
783.645115977,0.221,221,2,254.507,1021012.82,856.982,7553962.24,1.000361507
784.645499195,0.221,221,2,254.728,1021029.204,857.203,7553980.88,1.000383218
785.645972143,0.221,221,2,254.949,1021045.588,857.424,7553997.264,1.000472948
786.647871303,0.221,221,2,255.17,1021061.972,857.645,7554013.648,1.00189916
787.648273375,0.221,221,2,255.391,1021078.356,857.866,7554030.032,1.000402072
788.650580879,0.221,221,2,255.612,1021094.74,858.087,7554046.416,1.002307504
789.650945197,0.221,221,2,255.833,1021111.124,858.308,7554062.8,1.000364318
780.656882725,0.339,339,4,305.616,18279.66,858.529,7554070.992,0
790.651308583,0.221,221,2,256.054,1021127.508,858.868,7554079.824,9.994425858
791.651911852,0.221,221,2,256.275,1021143.892,859.089,7554096.208,1.000603269
792.652376095,0.221,221,2,256.496,1021160.276,859.31,7554112.592,1.000464243
793.652758023,0.221,221,2,256.717,1021176.66,859.531,7554128.976,1.000381928
794.65315453,0.221,221,2,256.938,1021193.044,859.752,7554145.36,1.000396507
795.653559556,0.221,221,2,257.159,1021209.428,859.973,7554161.744,1.000405026
790.656969583,0.339,339,4,305.955,18280.908,860.194,7554170.544,0
797.007455804,0.189,189,4,306.144,18281.484,860.383,7554171.12,6.350486221
796.653929512,0.221,221,2,257.38,1021225.812,860.572,7554179.856,0
797.654404394,0.221,221,2,257.601,1021234.004,860.793,7554188.048,1.000474882
798.654808456,0.221,221,2,257.822,1021250.388,861.014,7554204.432,1.000404062
797.010222182,0.189,189,4,306.333,18282.028,861.235,7554212.624,0
799.662007803,0.221,221,2,258.043,1021266.772,861.574,7554221.328,2.651785621
800.662464301,0.221,221,2,258.264,1021283.156,861.795,7554237.712,1.000456498
801.66287493,0.221,221,2,258.485,1021299.54,862.016,7554254.096,1.000410629
802.663236382,0.221,221,2,258.706,1021315.924,862.237,7554270.48,1.000361452
803.663650192,0.221,221,2,258.927,1021332.308,862.458,7554286.864,1.00041381
804.6640232,0.221,221,2,259.148,1021348.692,862.679,7554303.248,1.000373008
805.664390414,0.221,221,2,259.369,1021365.076,862.9,7554319.632,1.000367214
806.664753697,0.221,221,2,259.59,1021381.46,863.121,7554336.016,1.000363283
807.665111754,0.221,221,2,259.811,1021397.844,863.342,7554352.4,1.000358057
808.665469388,0.221,221,2,260.032,1021414.228,863.563,7554368.784,1.000357634
800.657025116,0.339,339,4,306.672,18282.54,863.784,7554376.976,0
809.665840958,0.221,221,2,260.253,1021430.612,864.123,7554385.648,9.008815842
810.666210403,0.221,221,2,260.474,1021446.996,864.344,7554402.032,1.000369445
811.666583497,0.221,221,2,260.695,1021463.38,864.565,7554418.416,1.000373094
812.66694136,0.221,221,2,260.916,1021479.764,864.786,7554434.8,1.000357863
810.656833867,0.339,339,4,307.011,18283.468,865.007,7554443.44,0
813.667305497,0.221,221,2,261.137,1021496.148,865.196,7554451.632,3.01047163
814.667714782,0.221,221,2,261.358,1021512.532,865.417,7554469.168,1.000409285
815.668365178,0.221,221,2,261.579,1021528.916,865.638,7554485.552,1.000650396
816.668804392,0.221,221,2,261.8,1021545.3,865.859,7554501.936,1.000439214
817.669182363,0.221,221,2,262.021,1021561.684,866.08,7554518.32,1.000377971
818.669548048,0.221,221,2,262.242,1021610.836,866.301,7554682.976,1.000365685
