time,size,first_call,destination,dest_out_traffic,dest_in_traffic,total_network_out,total_network_in,dens10
4.856862874,0.244,244,2,0.244,24.576,0.244,26.624,0
4.896834507,0.183,183,2,0.427,40.96,0.427,43.008,0.039971633
5.907154883,0.183,183,2,0.61,57.344,0.61,59.392,1.010320376
6.908379969,0.183,183,2,0.793,73.728,0.793,75.776,1.001225086
7.90914557,0.183,183,2,0.976,90.112,0.976,92.16,1.000765601
8.90983176,0.183,183,2,1.159,106.496,1.159,108.544,1.00068619
9.910630605,0.183,183,2,1.342,122.88,1.342,124.928,1.000798845
10.911324059,0.183,183,2,1.525,139.264,1.525,141.312,1.000693454
11.912002567,0.183,183,2,1.708,155.648,1.708,157.696,1.000678508
12.912809793,0.183,183,2,1.891,172.032,1.891,174.08,1.000807226
13.913477336,0.183,183,2,2.074,188.416,2.074,190.464,1.000667543
14.914127139,0.183,183,2,2.257,204.8,2.257,206.848,1.000649803
15.91477799,0.183,183,2,2.44,221.184,2.44,223.232,1.000650851
16.915423324,0.183,183,2,2.623,237.568,2.623,239.616,1.000645334
17.91608919,0.183,183,2,2.806,253.952,2.806,256.0,1.000665866
18.916760225,0.183,183,2,2.989,270.336,2.989,272.384,1.000671035
19.918486423,0.183,183,2,3.172,286.72,3.172,288.768,1.001726198
20.919209978,0.183,183,2,3.355,294.912,3.355,296.96,1.000723555
21.856527077,0.268,268,3,0.268,8.452,3.789,308.144,0.937317099
21.280605865,0.166,166,2,3.521,305.836,4.042,324.528,0
21.926056729,0.219,219,2,3.74,330.412,4.261,349.104,0.645450864
22.406020976,0.283,283,2,4.023,354.988,4.544,373.68,0.479964247
22.450549404,0.207,207,2,4.23,371.372,4.751,390.064,0.044528428
22.495114847,0.102,102,2,4.332,379.564,4.853,398.256,0.044565443
21.898738031,0.253,253,3,0.521,24.836,4.977,23580.545,0
22.911261202,0.291,291,3,0.812,25.123,5.268,23775.223,1.012523171
22.523585507,0.124,124,2,4.456,24609.485,5.502,24644.848,0
22.913876409,0.234,234,3,1.046,41.507,5.721,78445.501,0.390290902
23.91487067,0.405,405,3,1.451,41.908,6.126,78652.546,1.000994261
22.928098888,0.219,219,2,4.675,79722.431,6.356,79774.579,0
23.917375248,0.23,230,3,1.681,58.292,6.575,140135.019,0.98927636
23.933143524,0.219,219,2,4.894,141351.181,7.09,141420.224,0.015768276
24.91858874,0.515,515,3,2.196,75.187,7.309,205454.499,0.985445216
24.93843477,0.219,219,2,5.113,206076.867,7.824,206162.805,0.01984603
25.920170925,0.515,515,3,2.711,92.082,8.043,272869.239,0.981736155
25.943195221,0.219,219,2,5.332,274502.729,8.558,274605.562,0.023024296
26.922182982,0.515,515,3,3.226,108.977,8.777,358183.617,0.978987761
26.948035502,0.219,219,2,5.551,364016.916,9.292,364136.644,0.02585252
27.95314949,0.219,219,2,5.77,428989.259,9.511,429108.987,1.005113988
27.923905268,0.515,515,3,3.741,125.872,9.635,556076.036,0
28.285359403,0.124,124,2,5.894,562135.539,10.15,562272.162,0.361454135
28.955399916,0.219,219,2,6.113,606442.78,10.369,606579.403,0.670040513
29.6480403,0.174,174,2,6.287,606459.164,10.543,606595.787,0.692640384
29.64906103,0.188,188,2,6.475,606467.356,10.731,606603.979,0.00102073
28.927311358,0.515,515,3,4.256,142.767,10.853,607106.589,0
29.650765367,0.122,122,2,6.597,606969.966,11.504,607123.62,0.723454009
29.681005106,0.354,170,2,6.951,606994.542,11.858,607165.073,0.030239739
29.65989914,0.651,651,3,4.907,176.675,11.98,607240.192,0
29.683785278,0.122,122,2,7.073,607069.661,12.359,607256.951,0.023886138
29.700104323,0.379,379,3,5.286,193.434,12.578,607273.335,0.016319045
30.70154005,0.156,156,3,5.442,209.97,12.734,607289.871,1.001435727
29.958700615,0.219,219,2,7.292,607086.045,12.89,607306.407,0
30.959893923,0.219,219,2,7.511,607102.429,13.109,607322.791,1.001193308
31.960931415,0.219,219,2,7.73,607110.621,13.328,607330.983,1.001037492
31.980992696,0.176,176,2,7.906,607111.645,13.504,607332.007,0.020061281
32.008289742,0.154,154,2,8.06,607115.229,13.658,607335.591,0.027297046
32.141317133,0.17,170,2,8.23,607116.253,13.828,607336.615,0.133027391
32.17264933,0.172,172,2,8.402,607117.789,14.0,607338.151,0.031332197
32.494097819,0.177,177,2,8.579,607118.301,14.177,607338.663,0.321448489
32.524217291,0.176,176,2,8.755,607118.797,14.353,607339.159,0.030119472
32.543316089,1.53,1530,2,10.285,607120.253,15.883,607340.615,0.019098798
32.597991128,1.256,1256,2,11.541,607121.181,17.139,607341.543,0.054675039
32.611255874,0.171,171,2,11.712,607129.821,17.31,607350.183,0.013264746
32.961890336,0.219,219,2,11.931,607146.861,17.529,607367.223,0.350634462
33.594799381,1.575,1575,2,13.506,607146.861,19.104,607367.223,0.632909045
33.709126629,0.286,286,2,13.792,607156.589,19.39,607376.951,0.114327248
33.786434714,0.189,189,2,13.981,607170.925,19.579,607391.287,0.077308085
33.962961981,0.219,219,2,14.2,607179.117,19.798,607399.479,0.176527267
34.230584351,0.286,286,2,14.486,607182.189,20.084,607437.367,0.26762237
34.30616575,0.189,189,2,14.675,607191.917,20.273,607447.095,0.075581399
35.272502321,0.235,235,8,0.235,40.96,20.727,607498.295,0.966336571
35.361286796,0.102,102,8,0.337,49.152,20.829,607506.487,0.088784475
34.963963714,0.219,219,2,14.894,607224.685,20.981,625106.481,0
36.96645195,0.219,219,2,15.113,607241.069,21.2,638932.122,2.002488236
37.967417017,0.219,219,2,15.332,607257.453,21.419,654013.15,1.000965067
38.968534338,0.219,219,2,15.551,607273.837,21.638,669490.616,1.001117321
39.969560097,0.219,219,2,15.77,607290.221,21.857,685364.52,1.001025759
40.970519437,0.219,219,2,15.989,607306.605,22.076,701502.716,1.00095934
41.971575437,0.219,219,2,16.208,607322.989,22.295,717376.62,1.001056
42.972745767,0.219,219,2,16.427,607339.373,22.514,731730.845,1.00117033
35.393060599,0.152,152,8,0.489,135366.656,22.733,742971.447,0
43.973724383,0.219,219,2,16.646,607347.565,22.885,743037.52,8.580663784
44.798227974,2.535,2535,2,19.181,607360.109,25.42,743050.064,0.824503591
44.701969714,0.152,152,8,0.641,135440.921,26.995,743058.256,0
44.865360743,0.145,145,8,0.786,135449.113,27.14,743066.448,0.163391029
44.807539005,1.575,1575,2,20.756,607368.301,27.292,744083.124,0
44.974725279,0.219,219,2,20.975,607384.685,27.511,759589.884,0.167186274
45.975731762,0.219,219,2,21.194,607401.069,27.73,775199.496,1.001006483
46.976828619,0.219,219,2,21.413,607409.261,27.949,775405.907,1.001096857
46.987764158,2.513,2513,2,23.926,607421.549,30.462,790879.277,0.010935539
47.977789146,0.22,220,2,24.146,607437.933,30.682,806753.181,0.990024988
48.978663559,0.22,220,2,24.366,607454.317,30.902,821768.136,1.000874413
49.979582321,0.22,220,2,24.586,607470.701,31.122,837774.186,1.000918762
50.980543547,0.22,220,2,24.806,607487.085,31.342,852855.214,1.000961226
51.981534804,0.22,220,2,25.026,607503.469,31.562,867804.096,1.000991257
44.869131125,0.152,152,8,0.938,271540.103,31.782,879308.99,0
52.982462925,0.22,220,2,25.246,607511.661,31.934,879389.014,8.1133318
53.770596248,2.535,2535,2,27.781,607523.949,34.469,879401.302,0.788133323
53.714873869,0.152,152,8,1.09,271628.319,36.044,879409.494,0
53.788988601,0.145,145,8,1.235,271644.703,36.189,879425.878,0.074114732
53.791144741,0.149,149,8,1.384,271652.895,36.338,879434.07,0.00215614
53.778099926,1.575,1575,2,29.356,607532.141,36.49,882338.856,0
53.983371281,0.22,220,2,29.576,607548.525,36.71,898543.125,0.205271355
54.984362119,0.22,220,2,29.796,607564.909,36.93,914350.956,1.000990838
55.985330957,0.22,220,2,30.016,607573.101,37.15,930282.741,1.000968838
56.976253756,2.513,2513,2,32.529,607614.061,39.663,930455.847,0.990922799
56.986251885,0.22,220,2,32.749,607630.445,39.883,950004.698,0.009998129
57.987229313,0.22,220,2,32.969,607646.829,40.103,966010.748,1.000977428
58.988349917,0.22,220,2,33.189,607663.213,40.323,982215.017,1.001120604
59.989435111,0.22,220,2,33.409,607679.597,40.543,998485.359,1.001085194
60.990470927,0.22,220,2,33.629,607695.981,40.763,1009800.226,1.001035816
53.793190602,0.152,152,8,1.536,415127.692,40.983,1023089.091,0
61.991401911,0.22,220,2,33.849,607704.173,41.135,1023155.164,8.198211309
62.936162484,2.535,2535,2,36.384,607736.941,43.67,1023187.932,0.944760573
62.883725649,0.152,152,8,1.688,415201.957,45.245,1023196.124,0
62.952976005,0.145,145,8,1.833,415218.341,45.39,1023212.508,0.069250356
62.955101066,0.149,149,8,1.982,415226.533,45.539,1023220.7,0.002125061
62.943285527,1.575,1575,2,37.959,607745.133,45.691,1023649.141,0
62.992318578,0.22,220,2,38.179,607761.517,45.911,1037012.271,0.049033051
63.993366965,0.22,220,2,38.399,607777.901,46.131,1053150.467,1.001048387
64.994349213,0.22,220,2,38.619,607794.285,46.351,1069486.882,1.000982248
65.995426934,0.22,220,2,38.839,607802.477,46.571,1085286.521,1.001077721
66.975036911,2.513,2513,2,41.352,607843.437,49.084,1085657.846,0.979609977
66.996439912,0.22,220,2,41.572,607851.629,49.304,1100862.828,0.021403001
67.997818509,0.22,220,2,41.792,607868.013,49.524,1116274.221,1.001378597
68.998922979,0.22,220,2,42.012,607884.397,49.744,1132478.49,1.00110447
69.999946713,0.22,220,2,42.232,607900.781,49.964,1148748.832,1.001023734
62.95801233,0.152,152,8,2.134,550898.213,50.184,1159064.412,0
71.000838167,0.22,220,2,42.452,607908.973,50.336,1159221.041,8.042825837
71.702372978,2.535,2535,2,44.987,607941.741,52.871,1159253.809,0.701534811
71.652539057,0.152,152,8,2.286,551063.034,54.446,1159262.001,0
71.71599559,0.145,145,8,2.431,551079.418,54.591,1159278.385,0.063456533
71.717917064,0.149,149,8,2.58,551087.61,54.74,1159286.577,0.001921474
71.708935335,1.575,1575,2,46.562,607949.933,54.892,1163394.082,0
72.001771805,0.22,220,2,46.782,607966.317,55.112,1179003.694,0.29283647
73.002704047,0.22,220,2,47.002,607982.701,55.332,1193490.065,1.000932242
74.004374022,0.22,220,2,47.222,607999.085,55.552,1209033.604,1.001669975
75.005424295,0.22,220,2,47.442,608015.469,55.772,1224841.435,1.001050273
76.006439019,0.22,220,2,47.662,608023.661,55.992,1240046.417,1.001014724
76.975941426,2.513,2513,2,50.175,608048.237,58.505,1240533.504,0.969502407
77.007571496,0.22,220,2,50.395,608064.621,58.725,1255350.24,0.03163007
78.008664791,0.22,220,2,50.615,608081.005,58.945,1271091.998,1.001093295
79.009683775,0.22,220,2,50.835,608097.389,59.165,1286701.61,1.001018984
71.720214563,0.152,152,8,2.732,686738.266,59.385,1295101.073,0
80.010700455,0.22,220,2,51.055,608105.581,59.537,1295257.702,8.290485892
80.609439862,2.535,2535,2,53.59,608121.965,62.072,1295274.086,0.598739407
80.532882361,0.152,152,8,2.884,686903.087,63.647,1295282.278,0
80.623175128,0.145,145,8,3.029,686919.471,63.792,1295298.662,0.090292767
80.625513973,0.149,149,8,3.178,686927.663,63.941,1295306.854,0.002338845
80.61588272,1.575,1575,2,55.165,608130.157,64.093,1301270.947,0
81.011618519,0.22,220,2,55.385,608146.541,64.313,1316682.34,0.395735799
82.012553414,0.22,220,2,55.605,608162.925,64.533,1332622.317,1.000934895
83.01346156,0.22,220,2,55.825,608179.309,64.753,1348496.221,1.000908146
84.014441084,0.22,220,2,56.045,608195.693,64.973,1363973.687,1.000979524
85.015404685,0.22,220,2,56.265,608212.077,65.193,1378526.131,1.000963601
86.016332107,0.22,220,2,56.485,608220.269,65.413,1393598.967,1.000927422
86.978593439,2.513,2513,2,58.998,608293.997,67.926,1394267.352,0.962261332
87.017281529,0.22,220,2,59.218,608310.381,68.146,1409480.526,0.03868809
88.018246247,0.22,220,2,59.438,608326.765,68.366,1425090.138,1.000964718
80.628311535,0.152,152,8,3.33,822584.863,68.586,1431177.046,0
89.019229962,0.22,220,2,59.658,608334.957,68.738,1431431.081,8.390918427
89.455646213,2.535,2535,2,62.193,608433.261,71.273,1431529.385,0.436416251
89.405831289,0.152,152,8,3.482,822847.09,72.848,1431537.577,0
89.469081161,0.145,145,8,3.627,822863.474,72.993,1431553.961,0.063249872
89.470989714,0.149,149,8,3.776,822871.666,73.142,1431562.153,0.00190855299999
89.462739643,1.575,1575,2,63.768,608441.453,73.294,1439964.403,0
90.020382971,0.22,220,2,63.988,608457.837,73.514,1456168.672,0.557643328
91.021856692,0.22,220,2,64.208,608474.221,73.734,1471778.284,1.001473721
92.02283461,0.22,220,2,64.428,608490.605,73.954,1487255.75,1.000977918
93.023723899,0.22,220,2,64.648,608506.989,74.174,1503261.8,1.000889289
94.024673671,0.22,220,2,64.868,608523.373,74.394,1519003.558,1.000949772
95.025638877,0.22,220,2,65.088,608539.757,74.614,1535075.681,1.000965206
96.026660935,0.22,220,2,65.308,608547.949,74.834,1550412.809,1.001022058
96.97418862,2.513,2513,2,67.821,608588.909,77.347,1551312.718,0.947527685
97.027663157,0.22,220,2,68.041,608605.293,77.567,1567384.841,0.053474537
89.4738912,0.152,152,8,3.928,958522.322,77.787,1567393.033,0
98.028718738,0.22,220,2,68.261,608613.485,77.939,1567549.662,8.554827538
98.078241656,2.535,2535,2,70.796,608662.637,80.474,1567598.814,0.049522918
98.033315831,0.152,152,8,4.08,958687.143,82.049,1567607.006,0
98.094212332,0.145,145,8,4.225,958703.527,82.194,1567623.39,0.060896501
98.095887475,0.149,149,8,4.374,958711.719,82.343,1567631.582,0.001675143
98.085071715,1.575,1575,2,72.371,608670.829,82.495,1582199.645,0
99.029706015,0.22,220,2,72.591,608679.021,82.715,1597867.138,0.9446343
100.03075098,0.22,220,2,72.811,608695.405,82.935,1613542.823,1.001044965
101.03177213,0.22,220,2,73.031,608711.789,83.155,1629152.435,1.00102115
102.033113501,0.22,220,2,73.251,608728.173,83.375,1644960.266,1.001341371
103.034032752,0.22,220,2,73.471,608744.557,83.595,1660635.951,1.000919251
104.034934194,0.22,220,2,73.691,608760.941,83.815,1675915.198,1.000901442
105.035886061,0.22,220,2,73.911,608777.325,84.035,1691723.029,1.000951867
98.098196079,0.152,152,8,4.526,1094317.326,84.255,1703360.069,0
106.036912518,0.22,220,2,74.131,608785.517,84.407,1703516.698,7.938716439
106.81991104,2.535,2535,2,76.666,608818.285,86.942,1703549.466,0.782998522
106.773939482,0.152,152,8,4.678,1094482.147,88.517,1703557.658,0
106.834858402,0.145,145,8,4.823,1094498.531,88.662,1703574.042,0.06091892
106.837911723,0.149,149,8,4.972,1094506.723,88.811,1703582.234,0.00305332100001
106.826765613,1.575,1575,2,78.241,608818.285,88.963,1705886.154,0
106.973087432,2.513,2513,2,80.754,608842.861,91.476,1706967.898,0.146321819
107.037821502,0.22,220,2,80.974,608859.245,91.696,1721916.78,0.06473407
108.038995115,0.22,220,2,81.194,608875.629,91.916,1737790.684,1.001173613
109.039891808,0.22,220,2,81.414,608892.013,92.136,1753730.661,1.000896693
110.040884182,0.22,220,2,81.634,608908.397,92.356,1769670.638,1.000992374
111.041902748,0.22,220,2,81.854,608924.781,92.576,1785346.323,1.001018566
112.042960145,0.22,220,2,82.074,608941.165,92.796,1801154.154,1.001057397
113.043874926,0.22,220,2,82.294,608957.549,93.016,1816631.62,1.000914781
114.044822044,0.22,220,2,82.514,608973.933,93.236,1832571.597,1.000947118
106.840264955,0.152,152,8,5.124,1230542.395,93.456,1839781.746,0
115.045695968,0.22,220,2,82.734,608982.125,93.608,1839941.271,8.205431013
115.546195717,2.535,2535,2,85.269,609006.701,96.143,1839965.847,0.500499749
115.497186761,0.152,152,8,5.276,1230710.112,97.718,1839974.039,0
115.558563561,0.145,145,8,5.421,1230726.496,97.863,1839990.423,0.0613768
115.560096786,0.149,149,8,5.57,1230734.688,98.012,1839998.615,0.001533225
115.552408518,1.575,1575,2,86.844,609014.893,98.164,1847755.367,0
116.046626114,0.22,220,2,87.064,609023.085,98.384,1862894.276,0.494217596
116.973201064,2.513,2513,2,89.577,609096.813,100.897,1864091.245,0.92657495
117.047668565,0.22,220,2,89.797,609113.197,101.117,1880031.222,0.074467501
118.048749009,0.22,220,2,90.017,609129.581,101.337,1895112.25,1.001080444
119.049752629,0.22,220,2,90.237,609145.965,101.557,1911052.227,1.00100362
120.050645969,0.22,220,2,90.457,609162.349,101.777,1926926.131,1.00089334
121.051557258,0.22,220,2,90.677,609178.733,101.997,1942800.035,1.000911289
122.052646083,0.22,220,2,90.897,609195.117,102.217,1959070.377,1.001088825
123.053594947,0.22,220,2,91.117,609211.501,102.437,1974746.062,1.000948864
115.561624564,0.152,152,8,5.722,1366400.576,102.657,1975877.495,0
124.054472782,0.22,220,2,91.337,609219.693,102.809,1976040.974,8.492848218
124.180576807,2.535,2535,2,93.872,609285.229,105.344,1976106.51,0.126104025
124.127406568,0.152,152,8,5.874,1366572.247,106.919,1976114.702,0
124.191639038,0.145,145,8,6.019,1366588.631,107.064,1976131.086,0.06423247
124.19327919,0.149,149,8,6.168,1366596.823,107.213,1976139.278,0.00164015199999
124.186075481,1.575,1575,2,95.447,609293.421,107.365,1989874.486,0
125.055439874,0.22,220,2,95.667,609309.805,107.585,2005946.609,0.869364393
126.056409272,0.22,220,2,95.887,609317.997,107.805,2020623.007,1.000969398
126.973260639,2.513,2513,2,98.4,609391.725,110.318,2022084.268,0.916851367
127.057450954,0.22,220,2,98.62,609408.109,110.538,2038090.318,0.084190315
128.058378516,0.22,220,2,98.84,609424.493,110.758,2053964.222,1.000927562
129.059233723,0.22,220,2,99.06,609440.877,110.978,2069904.199,1.000855207
130.060163939,0.22,220,2,99.28,609457.261,111.198,2085910.249,1.000930216
124.19536081,0.152,152,8,6.32,1502294.597,111.418,2112033.66,0
131.061091501,0.22,220,2,99.5,609481.837,111.57,2112304.013,6.865730691
132.737169025,2.535,2535,2,102.035,609514.605,114.105,2112336.781,1.676077524
132.695736521,0.152,152,8,6.472,1502573.142,115.68,2112344.973,0
132.747424938,0.145,145,8,6.617,1502589.526,115.825,2112361.357,0.051688417
132.749200513,0.149,149,8,6.766,1502597.718,115.974,2112369.549,0.00177557500001
132.742767083,1.575,1575,2,103.61,609522.797,116.126,2117264.576,0
133.064100194,0.221,221,2,103.831,609539.181,116.347,2132874.188,0.321333111
134.064957216,0.221,221,2,104.052,609555.565,116.568,2148483.8,1.000857022
135.065837216,0.221,221,2,104.273,609571.949,116.789,2164820.215,1.00088
136.06682582,0.221,221,2,104.494,609580.141,117.01,2179826.978,1.000988604
136.972839706,2.513,2513,2,107.007,609612.909,119.523,2181445.498,0.906013886
137.067852347,0.221,221,2,107.228,609629.293,119.744,2197980.132,0.095012641
138.068944735,0.221,221,2,107.449,609645.677,119.965,2214514.766,1.001092388
139.069902398,0.221,221,2,107.67,609662.061,120.186,2230388.67,1.000957663
140.070902526,0.221,221,2,107.891,609678.445,120.407,2245667.917,1.001000128
132.751145732,0.152,152,8,6.918,1638771.604,120.628,2248715.467,0
141.071758151,0.221,221,2,108.112,609686.637,120.78,2248928.039,8.320612419
141.306947207,2.535,2535,2,110.647,609703.021,123.315,2248944.423,0.235189056
141.265622888,0.152,152,8,7.07,1638992.368,124.89,2248952.615,0
141.318651977,0.145,145,8,7.215,1639008.752,125.035,2248968.999,0.053029089
141.320288289,0.149,149,8,7.364,1639016.944,125.184,2248977.191,0.00163631199999
141.313340408,1.575,1575,2,112.222,609711.213,125.336,2260825.751,0
142.072641783,0.221,221,2,112.443,609727.597,125.557,2277030.02,0.759301375
143.073605663,0.221,221,2,112.664,609743.981,125.778,2292705.705,1.00096388
144.074515345,0.221,221,2,112.885,609760.365,125.999,2307918.879,1.000909682
145.075440882,0.221,221,2,113.106,609768.557,126.22,2323850.664,1.000925537
146.076351752,0.221,221,2,113.327,609784.941,126.441,2337874.524,1.00091087
146.972744862,2.513,2513,2,115.84,609924.205,128.954,2339665.613,0.89639311
147.077286019,0.221,221,2,116.061,609940.589,129.175,2355737.736,0.104541157
148.078251854,0.221,221,2,116.282,609956.973,129.396,2371479.494,1.000965835
141.323588848,0.152,152,8,7.516,1774545.968,129.617,2384768.359,0
149.079400534,0.221,221,2,116.503,609965.165,129.769,2384924.988,7.755811686
149.973575345,2.535,2535,2,119.038,610030.701,132.304,2384990.524,0.894174811
149.930998632,0.152,152,8,7.668,1774710.789,133.879,2384998.716,0
149.983748147,0.145,145,8,7.813,1774727.173,134.024,2385015.1,0.052749515
149.985376915,0.149,149,8,7.962,1774735.365,134.173,2385023.292,0.00162876799999
149.979425181,1.575,1575,2,120.613,610038.893,134.325,2386634.881,0
150.080471759,0.221,221,2,120.834,610055.277,134.546,2402905.223,0.101046578
151.081345055,0.221,221,2,121.055,610071.661,134.767,2418184.47,1.000873296
152.082209969,0.221,221,2,121.276,610088.045,134.988,2433926.228,1.000864914
153.083075443,0.221,221,2,121.497,610104.429,135.209,2449800.132,1.000865474
154.083973881,0.221,221,2,121.718,610120.813,135.43,2465674.036,1.000898438
155.084859189,0.221,221,2,121.939,610137.197,135.651,2481547.94,1.000885308
156.08576503,0.221,221,2,122.16,610145.389,135.872,2495563.608,1.000905841
156.97268431,2.513,2513,2,124.673,610202.733,138.385,2497404.923,0.88691928
157.086647545,0.221,221,2,124.894,610219.117,138.606,2513014.535,0.113963235
149.98673023,0.152,152,8,8.114,1910268.733,138.827,2520753.268,0
158.087580415,0.221,221,2,125.115,610227.309,138.979,2521007.303,8.100850185
158.610795553,2.535,2535,2,127.65,610260.077,141.514,2521040.071,0.523215138
158.570753939,0.152,152,8,8.266,1910530.96,143.089,2521048.263,0
158.620665314,0.145,145,8,8.411,1910547.344,143.234,2521064.647,0.049911375
158.622166482,0.149,149,8,8.56,1910555.536,143.383,2521072.839,0.001501168
158.616245617,1.575,1575,2,129.225,610268.269,143.535,2528823.183,0
159.088508955,0.221,221,2,129.446,610284.653,143.756,2544631.014,0.472263338
160.089427927,0.221,221,2,129.667,610301.037,143.977,2560570.991,1.000918972
161.090321755,0.221,221,2,129.888,610317.421,144.198,2576444.895,1.000893828
162.091152587,0.221,221,2,130.109,610333.805,144.419,2592252.726,1.000830832
163.091986422,0.221,221,2,130.33,610341.997,144.64,2607655.927,1.000833835
164.0928454,0.221,221,2,130.551,610358.381,144.861,2622869.101,1.000858978
165.093688524,0.221,221,2,130.772,610374.765,145.082,2638016.202,1.000843124
166.094566709,0.221,221,2,130.993,610382.957,145.303,2651635.432,1.000878185
166.973006278,2.513,2513,2,133.506,610456.685,147.816,2653625.277,0.878439569
158.623659828,0.152,152,8,8.712,2046545.381,148.037,2657267.484,0
167.095495109,0.221,221,2,133.727,610464.877,148.189,2657521.519,8.471835281
167.37217729,2.535,2535,2,136.262,610473.069,150.724,2657529.711,0.276682181
168.096341446,0.221,221,2,136.483,610489.453,150.945,2657548.143,0.724164156
169.09755836,0.221,221,2,136.704,610505.837,151.166,2657564.527,1.001216914
170.09847789,0.221,221,2,136.925,610522.221,151.387,2657580.911,1.00091953
171.099190411,0.221,221,2,137.146,610538.605,151.608,2657597.295,1.000712521
172.099753192,0.221,221,2,137.367,610554.989,151.829,2657613.679,1.000562781
173.10029977,0.221,221,2,137.588,610571.373,152.05,2657630.063,1.000546578
174.100903199,0.221,221,2,137.809,610587.757,152.271,2657646.447,1.000603429
175.101490425,0.221,221,2,138.03,610604.141,152.492,2657662.831,1.000587226
176.102039307,0.221,221,2,138.251,610612.333,152.713,2657671.023,1.000548882
176.972167694,0.339,339,2,138.59,610686.061,153.052,2657744.751,0.870128387
177.102643155,0.221,221,2,138.811,610702.445,153.273,2657761.135,0.130475461
178.103207542,0.221,221,2,139.032,610718.829,153.494,2657779.039,1.000564387
179.103963365,0.221,221,2,139.253,610735.213,153.715,2657795.423,1.000755823
180.104576851,0.221,221,2,139.474,610751.597,153.936,2657811.807,1.000613486
181.105122171,0.221,221,2,139.695,610767.981,154.157,2657829.647,1.00054532
182.105882184,0.221,221,2,139.916,610784.365,154.378,2657846.031,1.000760013
183.106493715,0.221,221,2,140.137,610800.749,154.599,2657862.415,1.000611531
184.107083175,0.221,221,2,140.358,610817.133,154.82,2657878.799,1.00058946
185.107635759,0.221,221,2,140.579,610833.517,155.041,2657895.183,1.000552584
186.108224242,0.221,221,2,140.8,610841.709,155.262,2657903.375,1.000588483
186.972748355,0.339,339,2,141.139,610882.669,155.601,2657944.335,0.864524113
187.108923074,0.221,221,2,141.36,610899.053,155.822,2657960.719,0.136174719
188.109655499,0.221,221,2,141.581,610915.437,156.043,2657977.103,1.000732425
189.110294338,0.221,221,2,141.802,610931.821,156.264,2657993.487,1.000638839
190.110879538,0.221,221,2,142.023,610948.205,156.485,2658009.871,1.0005852
191.111502662,0.221,221,2,142.244,610964.589,156.706,2658026.255,1.000623124
192.11215016,0.221,221,2,142.465,610980.973,156.927,2658042.639,1.000647498
193.11269611,0.221,221,2,142.686,610997.357,157.148,2658059.023,1.00054595
194.113314275,0.221,221,2,142.907,611038.317,157.369,2658099.983,1.000618165
194.948283442,1.575,1575,2,144.482,611038.317,158.944,2658099.983,0.834969167
194.962968969,0.286,286,2,144.768,611112.045,159.23,2658173.711,0.014685527
194.970362926,0.189,189,2,144.957,611136.621,159.419,2658198.287,0.00739395700001
194.99275467,0.249,249,2,145.206,611148.909,159.668,2658210.575,0.022391744
195.007476305,0.114,114,2,145.32,611163.245,160.238,2687778.575,0.014721635
195.115356574,0.221,221,2,145.541,611171.437,160.459,3165316.207,0.107880269
196.118583171,0.221,221,2,145.762,611179.629,160.68,3285329.007,1.003226597
197.001701339,2.513,2513,2,148.275,611190.893,163.193,3285340.271,0.883118168
197.120708232,0.221,221,2,148.496,611207.277,163.414,3285356.655,0.119006893
198.121667432,0.221,221,2,148.717,611223.661,163.635,3285373.039,1.0009592
199.122532975,0.221,221,2,148.938,611240.045,163.856,3285389.423,1.000865543
200.124050976,0.221,221,2,149.159,611256.429,164.077,3285405.807,1.001518001
201.124997814,0.221,221,2,149.38,611272.813,164.298,3285424.143,1.000946838
202.125828925,0.221,221,2,149.601,611289.197,164.519,3285440.527,1.000831111
195.037870603,0.152,152,6,0.152,229815.296,164.74,3285448.719,0
203.126727713,0.221,221,2,149.822,611305.581,164.889,3361593.359,8.08885711
204.127635859,0.221,221,2,150.043,611321.965,165.11,3361611.119,1.000908146
195.041907918,0.152,152,5,0.152,232902.912,165.331,3361619.311,0
205.128586818,0.221,221,2,150.264,611338.349,165.48,3361629.455,10.0866789
206.129535053,0.221,221,2,150.485,611346.541,165.701,3478655.951,1.000948235
206.972421009,2.513,2513,2,152.998,611356.269,168.214,3478665.679,0.842885956
207.132123231,0.221,221,2,153.219,611372.653,168.435,3478682.063,0.159702222
195.033227415,0.152,152,7,0.152,196015.36,168.656,3478690.255,0
208.133528438,0.221,221,2,153.44,611389.037,168.806,3554605.519,13.100301023
209.134465987,0.221,221,2,153.661,611405.421,169.027,3561175.503,1.000937549
210.135385448,0.221,221,2,153.882,611421.805,169.248,3561191.887,1.000919461
211.136749518,0.221,221,2,154.103,611438.189,169.469,3561208.271,1.00136407
212.137662204,0.221,221,2,154.324,611454.573,169.69,3561226.255,1.000912686
213.138577823,0.221,221,2,154.545,611470.957,169.911,3561242.639,1.000915619
214.139584795,0.221,221,2,154.766,611487.341,170.132,3561259.023,1.001006972
215.14063863,0.221,221,2,154.987,611503.725,170.353,3561275.407,1.001053835
216.141560675,0.221,221,2,155.208,611511.917,170.574,3561283.599,1.000922045
216.974367137,2.513,2513,2,157.721,611521.117,173.087,3561292.799,0.832806462
217.142460161,0.221,221,2,157.942,611537.501,173.308,3561309.183,0.168093024
218.143418872,0.221,221,2,158.163,611545.693,173.529,3561317.375,1.000958711
218.945192617,0.178,178,2,158.341,611554.861,173.707,3561326.543,0.801773745
219.144394694,0.221,221,2,158.562,611563.053,173.928,3561334.735,0.199202077
220.145457679,0.221,221,2,158.783,611579.437,174.149,3561351.119,1.001062985
220.243949393,2.633,2633,2,161.416,611587.629,176.782,3561359.311,0.098491714
221.146340892,0.221,221,2,161.637,611604.013,177.003,3561375.695,0.902391499
222.146961012,0.221,221,2,161.858,611620.397,177.224,3561392.079,1.00062012
223.147557527,0.221,221,2,162.079,611636.781,177.445,3561408.463,1.000596515
224.148267813,0.221,221,2,162.3,611653.165,177.666,3561424.847,1.000710286
225.148895197,0.221,221,2,162.521,611669.549,177.887,3561441.231,1.000627384
226.149536759,0.221,221,2,162.742,611677.741,178.108,3561449.423,1.000641562
226.971802635,0.339,339,2,163.081,611686.877,178.447,3561458.559,0.822265876
227.150324988,0.221,221,2,163.302,611704.237,178.668,3561475.919,0.178522353
227.84399574,1.575,1575,2,164.877,611704.237,180.243,3561475.919,0.693670752
227.8468827,0.286,286,2,165.163,611731.885,180.529,3561503.567,0.00288696000001
227.852806009,0.189,189,2,165.352,611735.981,180.718,3561507.663,0.005923309
228.15116434,0.221,221,2,165.573,611744.173,180.939,3561515.855,0.298358331
228.785168427,2.333,2333,2,167.906,611752.365,183.272,3561524.047,0.634004087
229.152108525,0.221,221,2,168.127,611768.749,183.493,3561540.431,0.366940098
230.15275749,0.221,221,2,168.348,611785.133,183.714,3561556.815,1.000648965
231.153352328,0.221,221,2,168.569,611799.469,183.935,3561571.151,1.000594838
231.523140134,0.189,189,2,168.758,611801.485,184.124,3561573.167,0.369787806
231.529912993,0.189,189,2,168.947,611803.373,184.313,3561575.055,0.00677285900002
231.536784537,0.189,189,2,169.136,611813.597,184.502,3561585.279,0.00687154399998
231.586487645,1.575,1575,2,170.711,611813.597,186.077,3561585.279,0.049703108
231.59005409,0.286,286,2,170.997,612141.277,186.363,3561912.959,0.00356644499999
231.598525419,0.189,189,2,171.186,612145.373,186.552,3561917.055,0.008471329
232.141073253,0.286,286,2,171.472,612409.565,186.838,3562181.247,0.542547834
232.146377279,0.189,189,2,171.661,612418.781,187.027,3562190.463,0.005304026
232.154514906,0.221,221,2,171.882,612435.165,187.248,3562206.847,0.008137627
233.155916202,0.221,221,2,172.103,612451.549,187.469,3562223.231,1.001401296
234.156724545,0.221,221,2,172.324,612467.933,187.69,3562239.615,1.000808343
235.157425612,0.221,221,2,172.545,612476.125,187.911,3562247.807,1.000701067
235.231216979,0.184,184,2,172.729,612477.117,188.095,3562248.799,0.073791367
235.238046828,1.775,1775,2,174.504,612489.373,189.87,3562261.055,0.00682984899998
235.265413017,1835.008,262144,2,2009.512,612489.373,2024.878,3562261.055,0.027366189
235.267861164,6291.456,262144,2,8300.968,612489.373,8316.334,3562261.055,0.00244814700002
235.278589483,1310.72,262144,2,9611.688,612489.373,9627.054,3562261.055,0.010728319
235.28111243,524.288,262144,2,10135.976,612489.373,10151.342,3562261.055,0.00252294700002
235.282575046,524.288,262144,2,10660.264,612489.373,10675.63,3562261.055,0.001462616
235.284197948,524.288,262144,2,11184.552,612489.373,11199.918,3562261.055,0.00162290200001
235.285672297,524.288,262144,2,11708.84,612489.373,11724.206,3562261.055,0.00147434899998
235.287121993,524.288,262144,2,12233.128,612489.373,12248.494,3562261.055,0.00144969600001
235.288732952,786.432,262144,2,13019.56,612489.373,13034.926,3562261.055,0.001610959
235.290655543,786.432,262144,2,13805.992,612489.373,13821.358,3562261.055,0.00192259100001
235.292729759,524.288,262144,2,14330.28,612489.373,14345.646,3562261.055,0.00207421599998
235.29476682,524.288,262144,2,14854.568,612489.373,14869.934,3562261.055,0.00203706100001
235.296680541,524.288,262144,2,15378.856,612489.373,15394.222,3562261.055,0.00191372099999
235.298745747,524.288,262144,2,15903.144,612489.373,15918.51,3562261.055,0.002065206
235.300803761,786.432,262144,2,16689.576,612489.373,16704.942,3562261.055,0.002058014
235.303310783,786.432,262144,2,17476.008,612489.373,17491.374,3562261.055,0.002507022
235.305819831,786.432,262144,2,18262.44,612489.373,18277.806,3562261.055,0.00250904800001
235.308317775,786.432,262144,2,19048.872,612489.373,19064.238,3562261.055,0.002497944
235.31095568,786.432,262144,2,19835.304,612489.373,19850.67,3562261.055,0.002637905
235.313449084,786.432,262144,2,20621.736,612489.373,20637.102,3562261.055,0.00249340400001
235.316400786,786.432,262144,2,21408.168,612489.373,21423.534,3562261.055,0.00295170199999
235.319469332,786.432,262144,2,22194.6,612489.373,22209.966,3562261.055,0.00306854600001
235.322574685,1048.576,262144,2,23243.176,612489.373,23258.542,3562261.055,0.003105353
235.326129327,284.393,262144,2,23527.569,612499.613,23542.935,3562271.295,0.00355464199998
236.158248202,0.221,221,2,23527.79,612507.805,23543.156,3562279.487,0.832118875
236.724049272,1.575,1575,2,23529.365,612507.805,23544.731,3562279.487,0.56580107
236.7267478,0.184,184,2,23529.549,612510.877,23544.915,3562282.559,0.002698528
236.788499996,0.249,249,2,23529.798,612512.413,23545.164,3562316.863,0.061752196
236.972528217,2.513,2513,2,23532.311,612521.613,23547.677,3562326.063,0.184028221
237.159226399,0.221,221,2,23532.532,612537.997,23547.898,3562342.447,0.186698182
238.160156965,0.221,221,2,23532.753,612554.381,23548.119,3562358.831,1.000930566
239.161442184,0.221,221,2,23532.974,612570.765,23548.34,3562375.215,1.001285219
240.162412419,0.221,221,2,23533.195,612587.149,23548.561,3562391.599,1.000970235
241.163223695,0.221,221,2,23533.416,612603.533,23548.782,3562407.983,1.000811276
242.163769505,0.221,221,2,23533.637,612619.917,23549.003,3562424.367,1.00054581
243.164353029,0.221,221,2,23533.858,612636.301,23549.224,3562440.751,1.000583524
244.164915042,0.221,221,2,23534.079,612652.685,23549.445,3562457.135,1.000562013
245.165458896,0.221,221,2,23534.3,612669.069,23549.666,3562473.519,1.000543854
246.166054503,0.221,221,2,23534.521,612677.261,23549.887,3562481.711,1.000595607
246.97253108,2.513,2513,2,23537.034,612686.429,23552.4,3562490.879,0.806476577
247.166650319,0.221,221,2,23537.255,612702.813,23552.621,3562507.263,0.194119239
248.167233703,0.221,221,2,23537.476,612719.197,23552.842,3562523.647,1.000583384
249.16778936,0.221,221,2,23537.697,612735.581,23553.063,3562540.031,1.000555657
250.168307163,0.221,221,2,23537.918,612751.965,23553.284,3562556.415,1.000517803
251.168827691,0.221,221,2,23538.139,612768.349,23553.505,3562572.799,1.000520528
208.87502706,0.15,150,7,0.302,278476.032,23553.726,3562589.183,0
205.747766813,0.149,149,5,0.301,318361.088,23553.876,3562589.183,0
203.547457681,0.149,149,6,0.301,305953.696,23554.028,3562589.183,0
252.169368192,0.221,221,2,23538.36,612784.733,23554.177,4111997.951,48.621910511
253.170320548,0.221,221,2,23538.581,612801.117,23554.398,4125907.967,1.000952356
254.171257539,0.221,221,2,23538.802,612817.501,23554.619,4125924.351,1.000936991
255.172108136,0.221,221,2,23539.023,612833.885,23554.84,4125940.735,1.000850597
256.173107495,0.221,221,2,23539.244,612842.077,23555.061,4125948.927,1.000999359
256.973318541,2.513,2513,2,23541.757,612851.213,23557.574,4125958.063,0.800211046
257.174002371,0.221,221,2,23541.978,612867.597,23557.795,4125974.447,0.20068383
252.231162223,0.149,149,6,0.45,482696.096,23558.016,4125982.639,0
258.174939781,0.221,221,2,23542.199,612883.981,23558.168,4213809.071,5.943777558
259.176254613,0.221,221,2,23542.42,612892.173,23558.389,4213817.263,1.001314832
252.230737938,0.152,152,5,0.453,522718.72,23558.61,4213825.455,0
260.177451972,0.221,221,2,23542.641,612908.557,23558.759,4230086.575,7.946714034
261.178981636,0.221,221,2,23542.862,612924.941,23558.98,4272177.071,1.001529664
262.179803388,0.221,221,2,23543.083,612941.325,23559.201,4317626.287,1.000821752
263.18064316,0.221,221,2,23543.304,612957.709,23559.422,4317642.671,1.000839772
252.230522128,0.15,150,7,0.452,487195.904,23559.643,4317650.863,0
264.181434392,0.221,221,2,23543.525,612974.093,23559.795,4367171.503,11.950912264
265.1823197,0.221,221,2,23543.746,612990.477,23560.016,4394647.471,1.000885308
266.183251872,0.221,221,2,23543.967,612998.669,23560.237,4410482.607,1.000932172
267.168538827,2.513,2513,2,23546.48,613007.773,23562.75,4412556.095,0.985286955
267.184130335,0.221,221,2,23546.701,613024.157,23562.971,4427989.823,0.015591508
268.185023605,0.221,221,2,23546.922,613040.541,23563.192,4428006.207,1.00089327
269.185826151,0.221,221,2,23547.143,613056.925,23563.413,4428022.591,1.000802546
270.186628418,0.221,221,2,23547.364,613073.309,23563.634,4428038.975,1.000802267
271.187415669,0.221,221,2,23547.585,613089.693,23563.855,4428055.359,1.000787251
272.188210952,0.221,221,2,23547.806,613106.077,23564.076,4428071.743,1.000795283
273.189026768,0.221,221,2,23548.027,613122.461,23564.297,4428088.127,1.000815816
274.18987087,0.221,221,2,23548.248,613138.845,23564.518,4428104.511,1.000844102
275.190802692,0.221,221,2,23548.469,613155.229,23564.739,4428120.895,1.000931822
276.191820769,0.221,221,2,23548.69,613163.421,23564.96,4428129.087,1.001018077
277.049537941,2.513,2513,2,23551.203,613172.493,23567.473,4428138.159,0.857717172
277.193108921,0.221,221,2,23551.424,613188.877,23567.694,4428154.543,0.14357098
278.194460769,0.221,221,2,23551.645,613197.069,23567.915,4428162.735,1.001351848
278.405425376,0.178,178,2,23551.823,613206.109,23568.093,4428171.775,0.210964607
279.195309411,0.221,221,2,23552.044,613222.493,23568.314,4428188.159,0.789884035
280.196077455,0.221,221,2,23552.265,613238.877,23568.535,4428204.543,1.000768044
281.196856325,0.221,221,2,23552.486,613247.069,23568.756,4428212.735,1.00077887
281.94881375,0.184,184,2,23552.67,613247.885,23568.94,4428213.551,0.751957425
281.952027496,1.775,1775,2,23554.445,613248.909,23570.715,4428214.575,0.00321374600003
281.956842634,1572.864,262144,2,25127.309,613248.909,25143.579,4428214.575,0.00481513799997
281.961031854,786.432,262144,2,25913.741,613248.909,25930.011,4428214.575,0.00418922
281.964858597,786.432,262144,2,26700.173,613248.909,26716.443,4428214.575,0.00382674299999
281.968832007,786.432,262144,2,27486.605,613248.909,27502.875,4428214.575,0.00397341000001
281.972646389,786.432,262144,2,28273.037,613248.909,28289.307,4428214.575,0.00381438199997
281.976321647,786.432,262144,2,29059.469,613248.909,29075.739,4428214.575,0.00367525800004
281.9798582,786.432,262144,2,29845.901,613248.909,29862.171,4428214.575,0.003536553
281.983395172,786.432,262144,2,30632.333,613248.909,30648.603,4428214.575,0.00353697199995
281.987509243,786.432,262144,2,31418.765,613248.909,31435.035,4428214.575,0.004114071
281.991469383,786.432,262144,2,32205.197,613248.909,32221.467,4428214.575,0.00396014
281.995601822,1048.576,262144,2,33253.773,613248.909,33270.043,4428214.575,0.00413243900005
282.000154496,1048.576,262144,2,34302.349,613248.909,34318.619,4428214.575,0.00455267399997
282.004704726,1048.576,262144,2,35350.925,613248.909,35367.195,4428214.575,0.00455023000001
282.009707946,734.288,262144,2,36085.213,613248.909,36101.483,4428214.575,0.00500321999999
282.014815788,41.344,41344,2,36126.557,613249.693,36142.827,4428215.359,0.00510784200003
282.055691167,0.184,184,2,36126.741,613251.165,36143.011,4428216.831,0.040875379
282.063423925,0.189,189,2,36126.93,613260.045,36143.2,4428225.711,0.00773275799997
282.197632751,0.221,221,2,36127.151,613277.149,36143.421,4428242.815,0.134208826
282.25948035,1.575,1575,2,36128.726,613277.149,36144.996,4428242.815,0.061847599
282.262423322,0.286,286,2,36129.012,613278.909,36145.282,4428244.575,0.00294297200003
282.317174768,0.189,189,2,36129.201,614574.077,36145.471,4429539.743,0.054751446
282.33189319,0.189,189,2,36129.39,614583.069,36145.66,4429548.735,0.014718422
283.198472662,0.221,221,2,36129.611,614599.453,36145.881,4429565.119,0.866579472
284.199325564,0.221,221,2,36129.832,614607.645,36146.102,4429573.311,1.000852902
284.692086271,2.382,2382,2,36132.214,614615.837,36148.484,4429581.503,0.492760707
285.199894142,0.221,221,2,36132.435,614632.221,36148.705,4429597.887,0.507807871
286.200398117,0.221,221,2,36132.656,614640.413,36148.926,4429606.079,1.000503975
286.971782243,0.339,339,2,36132.995,614649.373,36149.265,4429615.039,0.771384126
287.200877647,0.221,221,2,36133.216,614665.757,36149.486,4429631.423,0.229095404
288.201361298,0.221,221,2,36133.437,614682.141,36149.707,4429647.807,1.000483651
289.201846625,0.221,221,2,36133.658,614698.525,36149.928,4429664.191,1.000485327
290.202322593,0.221,221,2,36133.879,614714.909,36150.149,4429680.575,1.000475968
291.202782638,0.221,221,2,36134.1,614731.293,36150.37,4429696.959,1.000460045
292.203264194,0.221,221,2,36134.321,614747.677,36150.591,4429713.343,1.000481556
293.203788283,0.221,221,2,36134.542,614764.061,36150.812,4429729.727,1.000524089
294.204329203,0.221,221,2,36134.763,614780.445,36151.033,4429746.111,1.00054092
295.204851267,0.221,221,2,36134.984,614796.829,36151.254,4429762.495,1.000522064
296.205371585,0.221,221,2,36135.205,614805.021,36151.475,4429770.687,1.000520318
296.97158557,0.339,339,2,36135.544,614813.949,36151.814,4429779.615,0.766213985
297.205924239,0.221,221,2,36135.765,614830.333,36152.035,4429797.375,0.234338669
298.206664347,0.221,221,2,36135.986,614846.717,36152.256,4429813.759,1.000740108
299.207481839,0.221,221,2,36136.207,614863.101,36152.477,4429830.143,1.000817492
300.208283547,0.221,221,2,36136.428,614879.485,36152.698,4429846.527,1.000801708
301.209094404,0.221,221,2,36136.649,614895.869,36152.919,4429862.911,1.000810857
302.209879979,0.221,221,2,36136.87,614912.253,36153.14,4429879.295,1.000785575
303.2106277,0.221,221,2,36137.091,614928.637,36153.361,4429895.679,1.000747721
304.211427034,0.221,221,2,36137.312,614945.021,36153.582,4429912.063,1.000799334
305.211998056,0.221,221,2,36137.533,614961.405,36153.803,4429928.447,1.000571022
306.212817155,0.221,221,2,36137.754,614969.597,36154.024,4429936.639,1.000819099
306.973926581,0.339,339,2,36138.093,614978.493,36154.363,4429945.535,0.761109426
307.213608666,0.221,221,2,36138.314,614994.877,36154.584,4429961.919,0.239682085
308.214178012,0.221,221,2,36138.535,615011.261,36154.805,4429978.303,1.000569346
309.214877612,0.221,221,2,36138.756,615027.645,36155.026,4429994.687,1.0006996
310.215640209,0.221,221,2,36138.977,615044.029,36155.247,4430011.071,1.000762597
311.216411746,0.221,221,2,36139.198,615060.413,36155.468,4430027.455,1.000771537
312.217891962,0.221,221,2,36139.419,615076.797,36155.689,4430043.839,1.001480216
258.691030409,0.152,152,6,0.602,603824.384,36155.91,4430052.031,0
313.218763302,0.221,221,2,36139.64,615093.181,36156.044,4430061.951,54.527732893
314.219557677,0.221,221,2,36139.861,615109.565,36156.265,4430078.335,1.000794375
315.22061221,0.221,221,2,36140.082,615125.949,36156.486,4430094.719,1.001054533
316.221157391,0.221,221,2,36140.303,615134.141,36156.707,4430102.911,1.000545181
316.972685641,0.339,339,2,36140.642,615143.005,36157.046,4430111.775,0.75152825
317.221847982,0.221,221,2,36140.863,615159.389,36157.267,4430128.159,0.249162341
318.222375982,0.221,221,2,36141.084,615175.773,36157.488,4430144.543,1.000528
319.222849157,0.221,221,2,36141.305,615192.157,36157.709,4430160.927,1.000473175
320.223315138,0.221,221,2,36141.526,615208.541,36157.93,4430177.311,1.000465981
321.223869329,0.221,221,2,36141.747,615224.925,36158.151,4430193.695,1.000554191
322.224376027,0.221,221,2,36141.968,615241.309,36158.372,4430210.079,1.000506698
323.22570804,0.221,221,2,36142.189,615249.501,36158.593,4430218.271,1.001332013
324.226224796,0.221,221,2,36142.41,615265.885,36158.814,4430234.655,1.000516756
325.226710891,0.221,221,2,36142.631,615282.269,36159.035,4430251.039,1.000486095
326.227197266,0.221,221,2,36142.852,615290.461,36159.256,4430259.231,1.000486375
326.971639908,0.339,339,2,36143.191,615299.293,36159.595,4430268.063,0.744442642
327.227723171,0.221,221,2,36143.412,615315.677,36159.816,4430284.447,0.256083263
328.228206333,0.221,221,2,36143.633,615332.061,36160.037,4430302.431,1.000483162
329.228927165,0.221,221,2,36143.854,615348.445,36160.258,4430318.815,1.000720832
330.229484289,0.221,221,2,36144.075,615364.829,36160.479,4430335.199,1.000557124
331.230008797,0.221,221,2,36144.296,615381.213,36160.7,4430351.583,1.000524508
332.230489375,0.221,221,2,36144.517,615397.597,36160.921,4430367.967,1.000480578
333.230969394,0.221,221,2,36144.738,615413.981,36161.142,4430384.351,1.000480019
334.231472391,0.221,221,2,36144.959,615430.365,36161.363,4430400.735,1.000502997
335.231998296,0.221,221,2,36145.18,615446.749,36161.584,4430417.119,1.000525905
336.232563591,0.221,221,2,36145.401,615454.941,36161.805,4430425.311,1.000565295
336.971660371,0.339,339,2,36145.74,615463.741,36162.144,4430434.111,0.73909678
337.233095782,0.221,221,2,36145.961,615480.125,36162.365,4430450.495,0.261435411
338.233674906,0.221,221,2,36146.182,615496.509,36162.586,4430466.879,1.000579124
339.234194175,0.221,221,2,36146.403,615512.893,36162.807,4430483.263,1.000519269
340.234686347,0.221,221,2,36146.624,615529.277,36163.028,4430499.647,1.000492172
341.235206315,0.221,221,2,36146.845,615545.661,36163.249,4430516.031,1.000519968
342.235792843,0.221,221,2,36147.066,615562.621,36163.47,4430532.991,1.000586528
342.742050447,1.575,1575,2,36148.641,615562.621,36165.045,4430532.991,0.506257604
342.744375324,0.286,286,2,36148.927,615956.669,36165.331,4430927.039,0.00232487699998
342.750068506,0.189,189,2,36149.116,615957.469,36165.52,4430927.839,0.00569318200002
342.805168739,0.286,286,2,36149.402,617154.269,36165.806,4432124.639,0.055100233
264.989761624,0.152,152,7,0.604,564169.248,36165.995,4432126.687,0
342.814488709,0.189,189,2,36149.591,617163.197,36566.764,4432134.879,77.824727085
343.236538398,0.221,221,2,36149.812,617179.581,36566.985,4432151.263,0.422049689
344.23730337,0.221,221,2,36150.033,617195.965,36567.206,4432167.647,1.000764972
345.238063592,0.221,221,2,36150.254,617212.349,36567.427,4432184.031,1.000760222
346.2388829,0.221,221,2,36150.475,617220.541,36567.648,4432192.223,1.000819308
346.888440781,0.184,184,2,36150.659,617229.437,36567.832,4432201.119,0.649557881
347.239821358,0.221,221,2,36150.88,617245.821,36568.053,4432217.503,0.351380577
348.240731669,0.221,221,2,36151.101,617254.013,36568.274,4432225.695,1.000910311
348.525599249,2.513,2513,2,36153.614,617254.685,36570.787,4432226.367,0.28486758
348.528422932,1.775,1775,2,36155.389,617255.677,36572.562,4432227.359,0.00282368300003
348.532273841,2621.44,262144,2,38776.829,617255.677,39194.002,4432227.359,0.00385090899999
348.540658217,1048.576,262144,2,39825.405,617255.677,40242.578,4432227.359,0.00838437599998
348.546736434,1048.576,262144,2,40873.981,617255.677,41291.154,4432227.359,0.00607821700004
348.552768626,1048.576,262144,2,41922.557,617255.677,42339.73,4432227.359,0.00603219199996
348.558793833,1310.72,262144,2,43233.277,617255.677,43650.45,4432227.359,0.00602520699999
348.564975415,1048.576,262144,2,44281.853,617255.677,44699.026,4432227.359,0.00618158200001
348.570857169,1048.576,262144,2,45330.429,617255.677,45747.602,4432227.359,0.00588175400003
348.576742065,1048.576,262144,2,46379.005,617255.677,46796.178,4432227.359,0.005884896
348.582474987,940.505,262144,2,47319.51,617255.677,47736.683,4432227.359,0.00573292199999
348.588487693,154.073,154073,2,47473.583,617256.317,47890.756,4432227.999,0.00601270599998
348.640294141,0.184,184,2,47473.767,617265.117,47890.94,4432236.799,0.051806448
349.241502368,0.221,221,2,47473.988,617281.501,47891.161,4432253.183,0.601208227
350.242254419,0.221,221,2,47474.209,617297.885,47891.382,4432269.567,1.000752051
351.243014781,0.221,221,2,47474.43,617306.365,47891.603,4432278.047,1.000760362
351.280395442,0.189,189,2,47474.619,617307.453,47891.792,4432279.135,0.037380661
351.491249071,0.189,189,2,47474.808,617308.413,47891.981,4432280.095,0.210853629
351.497426951,0.189,189,2,47474.997,617317.245,47892.17,4432288.927,0.00617788
351.62823793,1.575,1575,2,47476.572,617317.245,47893.745,4432288.927,0.130810979
351.631493232,0.286,286,2,47476.858,618743.421,47894.031,4433715.103,0.00325530200001
351.649154277,0.19,190,2,47477.048,618752.349,47894.221,4433724.031,0.017661045
352.243894222,0.221,221,2,47477.269,618768.733,47894.442,4433740.415,0.594739945
353.244679937,0.221,221,2,47477.49,618776.925,47894.663,4433749.439,1.000785715
354.051570184,2.339,2339,2,47479.829,618785.117,47897.002,4433757.631,0.806890247
354.245489188,0.221,221,2,47480.05,618801.501,47897.223,4433774.015,0.193919004
355.246299137,0.221,221,2,47480.271,618817.885,47897.444,4433790.399,1.000809949
356.247119912,0.221,221,2,47480.492,618826.077,47897.665,4433798.591,1.000820775
356.972784258,0.339,339,2,47480.831,618834.973,47898.004,4433807.487,0.725664346
357.247889982,0.221,221,2,47481.052,618851.357,47898.225,4433823.871,0.275105724
358.248469874,0.221,221,2,47481.273,618867.741,47898.446,4433840.255,1.000579892
359.248975036,0.221,221,2,47481.494,618884.125,47898.667,4433856.639,1.000505162
360.24971703,0.221,221,2,47481.715,618900.509,47898.888,4433873.023,1.000741994
361.250530052,0.221,221,2,47481.936,618916.893,47899.109,4433889.407,1.000813022
362.251314579,0.221,221,2,47482.157,618933.277,47899.33,4433905.791,1.000784527
363.252095475,0.221,221,2,47482.378,618949.661,47899.551,4433922.175,1.000780896
364.252885589,0.221,221,2,47482.599,618966.045,47899.772,4433938.559,1.000790114
342.832931836,400.769,262144,7,401.373,564170.08,47899.993,4433946.751,0
365.253662364,0.221,221,2,47482.82,618982.429,47900.127,4433954.943,22.420730528
366.254485094,0.221,221,2,47483.041,618990.621,47900.348,4433963.135,1.00082273
366.973076893,0.339,339,2,47483.38,618999.485,47900.687,4433971.999,0.718591799
367.255223596,0.221,221,2,47483.601,619015.869,47900.908,4433988.383,0.282146703
368.256515101,0.221,221,2,47483.822,619032.253,47901.129,4434004.767,1.001291505
369.257188371,0.221,221,2,47484.043,619048.637,47901.35,4434021.151,1.00067327
370.2576906,0.221,221,2,47484.264,619065.021,47901.571,4434037.535,1.000502229
371.258152391,0.221,221,2,47484.485,619081.405,47901.792,4434053.919,1.000461791
372.258631991,0.221,221,2,47484.706,619097.789,47902.013,4434070.303,1.0004796
373.259114105,0.221,221,2,47484.927,619114.173,47902.234,4434086.687,1.000482114
374.259589864,0.221,221,2,47485.148,619130.557,47902.455,4434103.071,1.000475759
375.260059058,0.221,221,2,47485.369,619146.941,47902.676,4434119.455,1.000469194
376.260566175,0.221,221,2,47485.59,619155.133,47902.897,4434127.647,1.000507117
376.971567134,0.339,339,2,47485.929,619163.965,47903.236,4434136.479,0.711000959
377.261035998,0.221,221,2,47486.15,619180.349,47903.457,4434152.863,0.289468864
378.261524677,0.221,221,2,47486.371,619196.733,47903.678,4434169.247,1.000488679
379.261994779,0.221,221,2,47486.592,619213.117,47903.899,4434185.631,1.000470102
380.262470398,0.221,221,2,47486.813,619229.501,47904.12,4434202.015,1.000475619
381.262938963,0.221,221,2,47487.034,619245.885,47904.341,4434218.399,1.000468565
382.263423103,0.221,221,2,47487.255,619262.269,47904.562,4434234.783,1.00048414
383.263891668,0.221,221,2,47487.476,619278.653,47904.783,4434251.167,1.000468565
384.264367776,0.221,221,2,47487.697,619295.037,47905.004,4434267.551,1.000476108
385.264840602,0.221,221,2,47487.918,619311.421,47905.225,4434283.935,1.000472826
386.265310843,0.221,221,2,47488.139,619319.613,47905.446,4434292.127,1.000470241
386.971631109,0.339,339,2,47488.478,619328.413,47905.785,4434300.927,0.706320266
387.265850507,0.221,221,2,47488.699,619336.605,47906.006,4434309.119,0.294219398
388.278453995,0.221,221,2,47488.92,619352.989,47906.227,4434325.503,1.012603488
389.279413824,0.221,221,2,47489.141,619369.373,47906.448,4434341.887,1.000959829
390.280029824,0.221,221,2,47489.362,619385.757,47906.669,4434358.271,1.000616
391.280489659,0.221,221,2,47489.583,619402.141,47906.89,4434374.655,1.000459835
392.280941602,0.221,221,2,47489.804,619418.525,47907.111,4434392.223,1.000451943
393.281596643,0.221,221,2,47490.025,619434.909,47907.332,4434408.607,1.000655041
394.28231992,0.221,221,2,47490.246,619451.293,47907.553,4434424.991,1.000723277
395.282858326,0.221,221,2,47490.467,619467.677,47907.774,4434441.375,1.000538406
396.283413215,0.221,221,2,47490.688,619475.869,47907.995,4434449.567,1.000554889
396.972082773,0.339,339,2,47491.027,619484.637,47908.334,4434458.335,0.688669558
397.283949526,0.221,221,2,47491.248,619501.021,47908.555,4434474.719,0.311866753
398.284443304,0.221,221,2,47491.469,619517.405,47908.776,4434491.103,1.000493778
399.284919971,0.221,221,2,47491.69,619533.789,47908.997,4434507.487,1.000476667
400.285401597,0.221,221,2,47491.911,619550.173,47909.218,4434523.871,1.000481626
401.285867648,0.221,221,2,47492.132,619566.557,47909.439,4434540.255,1.000466051
402.28637253,0.221,221,2,47492.353,619582.941,47909.66,4434556.639,1.000504882
403.286849057,0.221,221,2,47492.574,619599.325,47909.881,4434573.023,1.000476527
404.287331311,0.221,221,2,47492.795,619615.709,47910.102,4434589.407,1.000482254
405.287915953,0.221,221,2,47493.016,619632.093,47910.323,4434607.263,1.000584642
406.288933261,0.221,221,2,47493.237,619640.285,47910.544,4434615.455,1.001017308
406.971794678,0.339,339,2,47493.576,619649.021,47910.883,4434624.191,0.682861417
407.289482144,0.221,221,2,47493.797,619665.405,47911.104,4434640.575,0.317687466
408.289969985,0.221,221,2,47494.018,619681.789,47911.325,4434658.303,1.000487841
409.29061029,0.221,221,2,47494.239,619698.173,47911.546,4434674.687,1.000640305
410.291108608,0.221,221,2,47494.46,619714.557,47911.767,4434691.071,1.000498318
411.2915565,0.221,221,2,47494.681,619730.941,47911.988,4434707.455,1.000447892
412.292003693,0.221,221,2,47494.902,619747.325,47912.209,4434723.839,1.000447193
413.292446348,0.221,221,2,47495.123,619763.709,47912.43,4434740.223,1.000442655
414.292913167,0.221,221,2,47495.344,619780.093,47912.651,4434756.607,1.000466819
415.293361338,0.221,221,2,47495.565,619796.477,47912.872,4434772.991,1.000448171
416.293805738,0.221,221,2,47495.786,619804.669,47913.093,4434781.183,1.0004444
416.97184245,0.339,339,2,47496.125,619813.373,47913.432,4434789.887,0.678036712
417.29428471,0.221,221,2,47496.346,619829.757,47913.653,4434806.271,0.32244226
418.294745872,0.221,221,2,47496.567,619846.141,47913.874,4434822.655,1.000461162
419.295190691,0.221,221,2,47496.788,619854.333,47914.095,4434830.847,1.000444819
420.295672177,0.221,221,2,47497.009,619870.717,47914.316,4434847.231,1.000481486
421.296113923,0.221,221,2,47497.23,619887.853,47914.537,4434864.367,1.000441746
421.517631198,1.575,1575,2,47498.805,619887.853,47916.112,4434864.367,0.221517275
421.519503573,0.286,286,2,47499.091,620216.269,47916.398,4435192.783,0.001872375
421.524682165,0.19,190,2,47499.281,620216.973,47916.588,4435193.487,0.00517859199999
421.578314055,0.286,286,2,47499.567,621577.517,47916.874,4436554.031,0.05363189
421.588085689,0.19,190,2,47499.757,621586.349,47917.064,4436562.863,0.009771634
422.296898101,0.221,221,2,47499.978,621602.733,47917.285,4436579.247,0.708812412
423.297612717,0.221,221,2,47500.199,621619.117,47917.506,4436595.631,1.000714616
424.298339974,0.221,221,2,47500.42,621627.309,47917.727,4436603.823,1.000727257
425.152661812,0.184,184,2,47500.604,621627.917,47917.911,4436604.431,0.854321838
425.155522791,1.775,1775,2,47502.379,621638.109,47919.686,4436614.623,0.00286097899999
425.159410506,2621.44,262144,2,50123.819,621638.109,50541.126,4436614.623,0.00388771499996
425.167169663,1048.576,262144,2,51172.395,621638.109,51589.702,4436614.623,0.00775915700001
425.173355226,1310.72,262144,2,52483.115,621638.109,52900.422,4436614.623,0.00618556300003
425.179976669,1310.72,262144,2,53793.835,621638.109,54211.142,4436614.623,0.00662144299997
425.186658105,1048.576,262144,2,54842.411,621638.109,55259.718,4436614.623,0.00668143600001
425.192695954,1048.576,262144,2,55890.987,621638.109,56308.294,4436614.623,0.00603784899999
425.198726469,1048.576,262144,2,56939.563,621638.109,57356.87,4436614.623,0.00603051500002
425.204902604,1048.576,262144,2,57988.139,621638.109,58405.446,4436614.623,0.00617613499998
425.210772624,692.729,262144,2,58680.868,621638.941,59098.175,4436615.455,0.00587002000003
425.25778789,0.184,184,2,58681.052,621647.933,59098.359,4436624.447,0.047015266
425.299046838,0.221,221,2,58681.273,621656.125,59098.58,4436632.639,0.041258948
426.17906517,1.575,1575,2,58682.848,621664.317,59100.155,4436640.831,0.880018332
426.299961549,0.221,221,2,58683.069,621672.509,59100.376,4436649.023,0.120896379
426.973427498,2.513,2513,2,58685.582,621681.469,59102.889,4436657.983,0.673465949
427.30073588,0.221,221,2,58685.803,621697.853,59103.11,4436674.367,0.327308382
428.301506089,0.221,221,2,58686.024,621714.237,59103.331,4436690.751,1.000770209
429.302233417,0.221,221,2,58686.245,621730.621,59103.552,4436707.135,1.000727328
430.302977017,0.221,221,2,58686.466,621738.813,59103.773,4436715.327,1.0007436
430.598275183,0.184,184,2,58686.65,621739.549,59103.957,4436716.063,0.295298166
430.601052282,1.775,1775,2,58688.425,621740.909,59105.732,4436717.423,0.00277709900001
430.603410333,2359.296,262144,2,61047.721,621740.909,61465.028,4436717.423,0.00235805099999
430.610073471,1048.576,262144,2,62096.297,621740.909,62513.604,4436717.423,0.00666313800002
430.616539586,1048.576,262144,2,63144.873,621740.909,63562.18,4436717.423,0.00646611499997
430.623142381,1310.72,262144,2,64455.593,621740.909,64872.9,4436717.423,0.00660279499999
430.629751881,1310.72,262144,2,65766.313,621740.909,66183.62,4436717.423,0.00660950000002
430.636378492,1048.576,262144,2,66814.889,621740.909,67232.196,4436717.423,0.006626611
430.643002239,1310.72,262144,2,68125.609,621740.909,68542.916,4436717.423,0.00662374699999
430.649768323,1048.576,262144,2,69174.185,621740.909,69591.492,4436717.423,0.00676608399999
430.656088051,476.934,262144,2,69651.119,621741.613,70068.426,4436718.127,0.00631972799999
430.70033879,0.184,184,2,69651.303,621742.925,70068.61,4436719.439,0.044250739
430.706359668,0.19,190,2,69651.493,621744.653,70068.8,4436721.167,0.00602087800002
430.969298481,0.19,190,2,69651.683,621745.645,70068.99,4436722.159,0.262938813
430.977537657,0.19,190,2,69651.873,621754.653,70069.18,4436731.167,0.00823917600002
431.010811651,1.575,1575,2,69653.448,621754.653,70070.755,4436731.167,0.033273994
431.012825944,0.286,286,2,69653.734,623082.557,70071.041,4438059.071,0.002014293
431.025898975,0.19,190,2,69653.924,623091.517,70071.231,4438068.031,0.013073031
431.303712865,0.221,221,2,69654.145,623107.901,70071.452,4438084.415,0.27781389
432.304306865,0.221,221,2,69654.366,623124.285,70071.673,4438100.799,1.000594
433.305009957,0.221,221,2,69654.587,623132.477,70071.894,4438108.991,1.000703092
433.646744265,2.339,2339,2,69656.926,623140.669,70074.233,4438117.183,0.341734308
434.305746433,0.221,221,2,69657.147,623157.709,70074.454,4438134.223,0.659002168
435.199438362,1.575,1575,2,69658.722,623157.709,70076.029,4438134.223,0.893691929
435.202801988,0.286,286,2,69659.008,623486.381,70076.315,4438462.895,0.00336362599995
435.208907932,0.19,190,2,69659.198,623487.341,70076.505,4438463.855,0.00610594400001
435.266273048,0.286,286,2,69659.484,623488.269,70076.791,4439890.191,0.057365116
435.274750034,0.19,190,2,69659.674,623497.357,70076.981,4439899.279,0.00847698600001
435.306563995,0.221,221,2,69659.895,623513.741,70077.202,4439915.663,0.031813961
436.308506351,0.221,221,2,69660.116,623521.933,70077.423,4439923.855,1.001942356
436.972396152,2.513,2513,2,69662.629,623530.989,70079.936,4439932.911,0.663889801
437.309261685,0.221,221,2,69662.85,623547.373,70080.157,4439949.295,0.336865533
438.309999348,0.221,221,2,69663.071,623555.565,70080.378,4439957.487,1.000737663
438.768879979,0.185,185,2,69663.256,623556.397,70080.563,4439958.319,0.458880631
438.771489668,1.775,1775,2,69665.031,623566.381,70082.338,4439968.303,0.002609689
438.774336119,2623.015,262144,2,72288.046,623566.381,72705.353,4439968.303,0.00284645099998
438.781595283,262.144,262144,2,72550.19,623566.381,72967.497,4439968.303,0.007259164
438.789707348,1835.008,262144,2,74385.198,623566.381,74802.505,4439968.303,0.00811206499998
438.797193425,1048.576,262144,2,75433.774,623566.381,75851.081,4439968.303,0.00748607700001
438.803812284,1048.576,262144,2,76482.35,623566.381,76899.657,4439968.303,0.00661885900001
438.810419688,1048.576,262144,2,77530.926,623566.381,77948.233,4439968.303,0.00660740400002
438.817013264,1048.576,262144,2,78579.502,623566.381,78996.809,4439968.303,0.006593576
438.823774669,875.302,262144,2,79454.804,623566.381,79872.111,4439968.303,0.00676140499996
438.830369851,88.87,88870,2,79543.674,623568.429,79960.981,4439970.351,0.00659518200001
438.879752807,0.185,185,2,79543.859,623577.645,79961.166,4439979.567,0.049382956
439.310762365,0.221,221,2,79544.08,623594.029,79961.387,4439995.951,0.431009558
440.311761514,0.221,221,2,79544.301,623610.413,79961.608,4440012.335,1.000999149
441.312574187,0.221,221,2,79544.522,623626.797,79961.829,4440028.719,1.000812673
442.313358854,0.221,221,2,79544.743,623634.989,79962.05,4440036.911,1.000784667
442.361511835,0.185,185,2,79544.928,623635.981,79962.235,4440037.903,0.048152981
442.364265188,1.775,1775,2,79546.703,623637.213,79964.01,4440039.135,0.002753353
442.366376909,2621.44,262144,2,82168.143,623637.213,82585.45,4440039.135,0.00211172100001
442.374413406,1048.576,262144,2,83216.719,623637.213,83634.026,4440039.135,0.00803649699998
442.381041413,1048.576,262144,2,84265.295,623637.213,84682.602,4440039.135,0.00662800700002
442.387792481,1310.72,262144,2,85576.015,623637.213,85993.322,4440039.135,0.00675106800003
442.394977054,1048.576,262144,2,86624.591,623637.213,87041.898,4440039.135,0.00718457299996
442.401595214,1310.72,262144,2,87935.311,623637.213,88352.618,4440039.135,0.00661816000002
442.408806606,1048.576,262144,2,88983.887,623637.213,89401.194,4440039.135,0.00721139199999
442.415442925,991.77,262144,2,89975.657,623637.213,90392.964,4440039.135,0.00663631899999
442.422578818,70.089,70089,2,90045.746,623638.173,90463.053,4440040.095,0.007135893
442.460361207,0.185,185,2,90045.931,623639.997,90463.238,4440041.919,0.037782389
442.465957798,0.19,190,2,90046.121,623658.045,90463.428,4440059.967,0.00559659099997
443.314085064,0.221,221,2,90046.342,623666.237,90463.649,4440068.159,0.848127266
443.830037616,1.575,1575,2,90047.917,623666.237,90465.224,4440068.159,0.515952552
443.832787966,0.286,286,2,90048.203,624964.669,90465.51,4441366.591,0.00275034999999
443.84249346,0.19,190,2,90048.393,624974.909,90465.7,4441376.831,0.009705494
444.314858277,0.221,221,2,90048.614,624991.293,90465.921,4441393.215,0.472364817
445.315651394,0.221,221,2,90048.835,624999.485,90466.142,4441401.407,1.000793117
446.291254088,2.339,2339,2,90051.174,625007.677,90468.481,4441409.599,0.975602694
446.316375369,0.221,221,2,90051.395,625018.365,90468.702,4441420.287,0.025121281
446.537186759,0.19,190,2,90051.585,625020.221,90468.892,4441422.143,0.22081139
446.542034721,0.19,190,2,90051.775,625021.949,90469.082,4441423.871,0.00484796199999
446.548456418,0.19,190,2,90051.965,625031.997,90469.272,4441433.919,0.00642169700001
446.682803041,1.575,1575,2,90053.54,625031.997,90470.847,4441433.919,0.134346623
446.685421321,0.286,286,2,90053.826,625426.237,90471.133,4441828.159,0.00261827999998
446.690928446,0.19,190,2,90054.016,625427.229,90471.323,4441829.151,0.00550712500001
446.740165852,0.286,286,2,90054.302,626689.757,90471.609,4443091.679,0.049237406
446.756021919,0.19,190,2,90054.492,626690.685,90471.799,4443092.607,0.015856067
446.972255422,2.513,2513,2,90057.005,626699.773,90474.312,4443101.695,0.216233503
447.317102906,0.221,221,2,90057.226,626716.157,90474.533,4443118.079,0.344847484
448.317827439,0.221,221,2,90057.447,626732.541,90474.754,4443134.463,1.000724533
449.31856196,0.221,221,2,90057.668,626740.733,90474.975,4443142.655,1.000734521
450.097634355,0.185,185,2,90057.853,626741.597,90475.16,4443143.519,0.779072395
450.100402654,1.775,1775,2,90059.628,626742.381,90476.935,4443144.303,0.00276829899997
450.103114102,2621.44,262144,2,92681.068,626742.381,93098.375,4443144.303,0.00271144800001
450.110086986,1048.576,262144,2,93729.644,626742.381,94146.951,4443144.303,0.00697288399999
450.116713806,1048.576,262144,2,94778.22,626742.381,95195.527,4443144.303,0.00662682000001
450.123485128,1048.576,262144,2,95826.796,626742.381,96244.103,4443144.303,0.00677132200002
450.130092253,1048.576,262144,2,96875.372,626742.381,97292.679,4443144.303,0.00660712499996
450.136713416,1048.576,262144,2,97923.948,626742.381,98341.255,4443144.303,0.00662116300003
450.143332065,1048.576,262144,2,98972.524,626742.381,99389.831,4443144.303,0.00661864899996
450.149955324,1048.576,262144,2,100021.1,626742.381,100438.407,4443144.303,0.00662325900004
450.1568437,104.742,104742,2,100125.842,626743.213,100543.149,4443145.135,0.00688837600001
450.203246318,0.185,185,2,100126.027,626752.205,100543.334,4443154.127,0.046402618
450.319267217,0.221,221,2,100126.248,626768.589,100543.555,4443170.511,0.116020899
451.319810094,0.221,221,2,100126.469,626769.357,100543.776,4443171.279,1.000542877
453.951660624,0.19,190,2,100126.659,626778.989,100543.966,4443180.911,2.63185053
454.153359178,1.575,1575,2,100128.234,626778.989,100545.541,4443180.911,0.201698554
454.155707242,0.286,286,2,100128.52,628082.477,100545.827,4444484.399,0.00234806399999
454.166832819,0.19,190,2,100128.71,628083.405,100546.017,4444485.327,0.011125577
456.411686232,2.339,2339,2,100131.049,628092.557,100548.356,4444494.479,2.244853413
456.415724735,1.575,1575,2,100132.624,628092.557,100549.931,4444494.479,0.004038503
456.972092203,2.513,2513,2,100135.137,628108.941,100552.444,4444510.863,0.556367468
