time,size,first_call,destination,dest_out_traffic,dest_in_traffic,total_network_out,total_network_in,dens10
3.701824024,0.244,244,2,0.244,24.576,0.244,26.624,0
3.734933961,0.183,183,2,0.427,40.96,0.427,43.008,0.033109937
4.744787169,0.183,183,2,0.61,57.344,0.61,59.392,1.009853208
5.745856509,0.183,183,2,0.793,73.728,0.793,75.776,1.00106934
6.746732528,0.183,183,2,0.976,90.112,0.976,92.16,1.000876019
7.747463208,0.183,183,2,1.159,106.496,1.159,108.544,1.00073068
8.748297811,0.183,183,2,1.342,122.88,1.342,124.928,1.000834603
9.749014033,0.183,183,2,1.525,139.264,1.525,141.312,1.000716222
10.749707138,0.183,183,2,1.708,155.648,1.708,157.696,1.000693105
11.750497462,0.183,183,2,1.891,172.032,1.891,174.08,1.000790324
12.751263691,0.183,183,2,2.074,188.416,2.074,190.464,1.000766229
13.751997723,0.183,183,2,2.257,204.8,2.257,206.848,1.000734032
14.75265018,0.183,183,2,2.44,221.184,2.44,223.232,1.000652457
15.753381069,0.183,183,2,2.623,237.568,2.623,239.616,1.000730889
16.754163501,0.183,183,2,2.806,253.952,2.806,256.0,1.000782432
17.754905565,0.183,183,2,2.989,270.336,2.989,272.384,1.000742064
18.756774657,0.183,183,2,3.172,286.72,3.172,288.768,1.001869092
19.757570569,0.183,183,2,3.355,294.912,3.355,296.96,1.000795912
20.684482573,0.268,268,6,0.268,8.452,3.789,308.144,0.926912004
20.122980234,0.166,166,2,3.521,305.836,4.042,324.528,0
20.764740615,0.219,219,2,3.74,330.412,4.261,349.104,0.641760381
21.238295317,0.283,283,2,4.023,354.988,4.544,373.68,0.473554702
21.283096336,0.207,207,2,4.23,371.372,4.751,390.064,0.044801019
21.32757364,0.102,102,2,4.332,379.564,4.853,398.256,0.044477304
20.733377897,0.253,253,6,0.521,24.836,4.978,28041.26,0
21.745895481,0.291,291,6,0.812,25.123,5.269,28277.067,1.012517584
21.356084179,0.125,125,2,4.457,29551.864,5.503,29587.227,0
21.748775945,0.234,234,6,1.046,41.507,5.722,116207.879,0.392691766
22.749793043,0.405,405,6,1.451,41.908,6.127,116330.151,1.001017098
21.76663932,0.219,219,2,4.676,118301.87,6.357,118354.018,0
22.752387368,0.23,230,6,1.681,58.292,6.576,219985.382,0.985748048
22.773843797,0.219,219,2,4.895,222237.168,7.091,222306.211,0.021456429
23.753840835,0.515,515,6,2.196,75.187,7.31,319242.167,0.979997038
23.7789427,0.219,219,2,5.114,321964.432,7.825,322050.37,0.025101865
24.783816015,0.219,219,2,5.333,331258.741,8.044,331344.679,1.004873315
24.758347274,0.515,515,6,2.711,92.082,8.169,417880.791,0
24.881320384,0.125,125,2,5.458,421079.414,8.684,421182.247,0.12297311
25.761870208,0.515,515,6,3.226,108.977,8.903,473947.812,0.880549824
25.788981966,0.219,219,2,5.677,473844.979,9.418,473964.707,0.027111758
26.794058798,0.219,219,2,5.896,473861.363,9.637,473981.091,1.005076832
26.98459469,0.174,174,2,6.07,473877.747,9.811,473997.475,0.190535892
26.988026621,0.188,188,2,6.258,473885.939,9.999,474005.667,0.003431931
26.76367777,0.515,515,6,3.741,125.872,10.122,474013.859,0
26.992637333,0.123,123,2,6.381,474303.926,10.773,474440.685,0.228959563
26.99363746,0.651,651,6,4.392,142.903,10.943,474448.877,0.001000127
27.031161575,0.17,170,2,6.551,474320.31,11.44,474473.946,0.037524115
27.033940769,0.184,184,2,6.735,474328.502,11.624,474482.138,0.002779194
27.03189442,0.497,497,6,4.889,159.78,11.747,474557.257,0
27.037119246,0.123,123,2,6.858,474403.621,12.126,474574.016,0.005224826
27.053369218,0.379,379,6,5.268,176.539,12.345,474590.4,0.016249972
27.796348615,0.219,219,2,7.077,474420.005,12.657,474623.472,0.742979397
28.798978069,0.219,219,2,7.296,474428.197,12.876,474631.664,1.002629454
29.221377943,0.176,176,2,7.472,474429.221,13.052,474632.688,0.422399874
29.301344746,0.154,154,2,7.626,474432.293,13.206,474635.76,0.079966803
29.461886739,0.17,170,2,7.796,474433.317,13.376,474636.784,0.160541993
29.498725223,0.172,172,2,7.968,474443.045,13.548,474646.512,0.036838484
29.800005085,0.219,219,2,8.187,474451.237,13.767,474654.704,0.301279862
29.837302845,0.177,177,2,8.364,474451.749,13.944,474655.216,0.03729776
29.85876109,0.176,176,2,8.54,474452.245,14.12,474655.712,0.021458245
29.880273184,1.53,1530,2,10.07,474453.221,15.65,474656.688,0.021512094
29.94770187,1.256,1256,2,11.326,474454.165,16.906,474657.632,0.067428686
29.961384266,0.171,171,2,11.497,474463.269,17.077,474666.736,0.013682396
30.80109447,0.219,219,2,11.716,474479.653,17.296,474683.12,0.839710204
31.801884514,0.219,219,2,11.935,474496.693,17.515,474700.16,1.000790044
32.433735185,1.575,1575,2,13.51,474496.693,19.09,474700.16,0.631850671
32.548044553,0.286,286,2,13.796,474505.909,19.376,474709.376,0.114309368
32.632913656,0.189,189,2,13.985,474518.197,19.565,474721.664,0.084869103
32.802932832,0.219,219,2,14.204,474526.389,19.784,474729.856,0.170019176
33.019478875,0.286,286,2,14.49,474643.125,20.07,474846.592,0.216546043
33.029385162,0.189,189,2,14.679,474654.389,45.928,474859.904,0.009906287
34.030551861,0.235,235,8,0.235,40.96,46.382,474911.104,1.001166699
34.111102048,0.102,102,8,0.337,49.152,46.484,474919.296,0.080550187
33.803938686,0.219,219,2,14.898,474670.773,46.637,479486.525,0
34.804951036,0.219,219,2,15.117,474687.157,46.856,493642.531,1.00101235
35.80630449,0.219,219,2,15.336,474703.541,47.075,506807.442,1.001353454
36.807220249,0.219,219,2,15.555,474719.925,47.294,522218.835,1.000915759
37.808170789,0.219,219,2,15.774,474736.309,47.513,537564.155,1.00095054
38.809229303,0.219,219,2,15.993,474752.693,47.732,553239.84,1.001058514
39.810285094,0.219,219,2,16.212,474769.077,47.951,569311.963,1.001055791
40.811301704,0.219,219,2,16.431,474785.461,48.17,584392.991,1.00101661
41.812376351,0.219,219,2,16.65,474793.653,48.389,586647.665,1.001074647
41.963520362,2.513,2513,2,19.163,474802.869,50.902,600267.919,0.151144011
34.141026943,0.153,153,8,0.49,135366.656,51.121,610385.28,0
42.81347698,0.219,219,2,19.382,474811.061,51.274,610820.761,8.672450037
43.543468622,2.578,2578,2,21.96,474827.957,53.852,610837.657,0.729991642
43.452381411,0.153,153,8,0.643,135810.329,55.427,610845.849,0
43.622404987,0.145,145,8,0.788,135818.521,55.572,610854.041,0.170023576
43.555393114,1.575,1575,2,23.535,474836.149,55.725,613116.187,0
43.814590111,0.219,219,2,23.754,474852.533,55.944,627998.996,0.259196997
44.819306981,0.219,219,2,23.973,474868.917,56.163,643608.608,1.00471687
45.820293071,0.219,219,2,24.192,474885.301,56.382,659284.293,1.00098609
46.82133189,0.219,219,2,24.411,474901.685,56.601,673704.591,1.001038819
47.822273071,0.22,220,2,24.631,474918.069,56.821,689842.787,1.000941181
48.823163897,0.22,220,2,24.851,474934.453,57.041,705518.472,1.000890826
49.824087687,0.22,220,2,25.071,474950.837,57.261,721062.011,1.00092379
50.825029707,0.22,220,2,25.291,474967.221,57.481,737266.28,1.00094202
51.826000221,0.22,220,2,25.511,474975.413,57.701,739124.516,1.000970514
43.626465001,0.153,153,8,0.941,271738.154,60.214,746929.322,0
51.942962162,2.513,2513,2,28.024,474983.605,60.367,747023.297,8.316497161
52.558230137,2.535,2535,2,30.559,474999.989,62.902,747039.681,0.615267975
52.503835091,0.153,153,8,1.094,271840.321,64.477,747047.873,0
52.577243378,0.145,145,8,1.239,271848.513,64.622,747056.065,0.073408287
52.56715683,1.575,1575,2,32.134,475008.181,64.775,750634.986,0
52.827200793,0.22,220,2,32.354,475024.565,64.995,764857.065,0.260043963
53.828360507,0.22,220,2,32.574,475040.949,65.215,780664.896,1.001159714
54.829335142,0.22,220,2,32.794,475057.333,65.435,795436.796,1.000974635
55.830283168,0.22,220,2,33.014,475073.717,65.655,812702.335,1.000948026
56.83142661,0.22,220,2,33.234,475090.101,65.875,825140.443,1.001143442
57.832462146,0.22,220,2,33.454,475106.485,66.095,840683.982,1.001035536
58.833539378,0.22,220,2,33.674,475122.869,66.315,855897.156,1.001077232
59.83459021,0.22,220,2,33.894,475131.061,66.535,871102.138,1.001050832
60.835591315,0.22,220,2,34.114,475147.445,66.755,887042.115,1.001001105
52.579747468,0.153,153,8,1.392,412678.202,66.975,888041.402,0
61.836542903,0.22,220,2,34.334,475155.637,67.128,888107.475,9.256795435
61.941507368,2.513,2513,2,36.847,475221.173,69.641,888173.011,0.104964465
61.955709593,2.535,2535,2,39.382,475319.477,72.176,888271.315,0.014202225
61.904245018,0.153,153,8,1.545,412752.467,73.751,888279.507,0
61.970280859,0.145,145,8,1.69,412768.851,73.896,888295.891,0.066035841
61.972293196,0.149,149,8,1.839,412777.043,74.045,888304.083,0.002012337
61.962834102,1.575,1575,2,40.957,475327.669,74.198,901463.589,0
62.837657151,0.22,220,2,41.177,475344.053,74.418,917205.347,0.874823049
63.838884472,0.22,220,2,41.397,475360.437,74.638,932484.594,1.001227321
64.840659278,0.22,220,2,41.617,475376.821,74.858,948292.425,1.001774806
65.841600948,0.22,220,2,41.837,475393.205,75.078,961853.774,1.00094167
66.842641514,0.22,220,2,42.057,475409.589,75.298,977595.532,1.001040566
67.84360679,0.22,220,2,42.277,475425.973,75.518,992874.779,1.000965276
68.844648682,0.22,220,2,42.497,475442.357,75.738,1008682.61,1.001041892
69.845600759,0.22,220,2,42.717,475458.741,75.958,1022574.324,1.000952077
61.974811254,0.153,153,8,1.992,548427.699,76.178,1024102.195,0
70.846565756,0.22,220,2,42.937,475466.933,76.331,1024258.824,8.871754502
71.002508771,2.535,2535,2,45.472,475499.701,78.866,1024291.592,0.155943015
70.955662031,0.153,153,8,2.145,548592.52,80.441,1024299.784,0
71.01616763,0.145,145,8,2.29,548608.904,80.586,1024316.168,0.060505599
71.018207485,0.149,149,8,2.439,548617.096,80.735,1024324.36,0.00203985500001
71.008460016,1.575,1575,2,47.047,475507.893,80.888,1036558.844,0
71.847512175,0.22,220,2,47.267,475516.085,81.108,1037954.569,0.839052159
71.939449285,2.513,2513,2,49.78,475589.813,83.621,1052366.138,0.09193711
72.849003636,0.22,220,2,50.0,475606.197,83.841,1068041.823,0.909554351
73.849943839,0.22,220,2,50.22,475622.581,84.061,1083519.289,1.000940203
74.85083655,0.22,220,2,50.44,475638.965,84.281,1098402.098,1.000892711
75.851916646,0.22,220,2,50.66,475655.349,84.501,1113284.907,1.001080096
76.852921732,0.22,220,2,50.88,475671.733,84.721,1128762.373,1.001005086
77.853914805,0.22,220,2,51.1,475688.117,84.941,1144239.839,1.000993073
78.854906202,0.22,220,2,51.32,475704.501,85.161,1159915.524,1.000991397
71.020286241,0.153,153,8,2.592,684267.752,85.381,1160188.008,0
79.855784945,0.22,220,2,51.54,475712.693,85.534,1160284.879,8.835498704
79.924219695,2.578,2578,2,54.118,475729.077,88.112,1160301.263,0.06843475
79.876291184,0.153,153,8,2.745,684372.815,89.687,1160309.455,0
79.94090359,0.145,145,8,2.89,684389.199,89.832,1160325.839,0.064612406
79.943318073,0.149,149,8,3.039,684397.391,89.981,1160334.031,0.002414483
79.930845747,1.575,1575,2,55.693,475737.269,90.134,1174154.267,0
80.856677237,0.22,220,2,55.913,475753.653,90.354,1189962.098,0.92583149
81.857504996,0.22,220,2,56.133,475761.845,90.574,1191291.75,1.000827759
81.940351844,2.513,2513,2,58.646,475786.421,93.087,1204795.218,0.082846848
82.858431022,0.22,220,2,58.866,475802.805,93.307,1220404.83,0.918079178
83.859128667,0.22,220,2,59.086,475819.189,93.527,1236146.588,1.000697645
84.860029549,0.22,220,2,59.306,475835.573,93.747,1252020.492,1.000900882
85.860931619,0.22,220,2,59.526,475851.957,93.967,1267828.323,1.00090207
86.861843397,0.22,220,2,59.746,475868.341,94.187,1282975.424,1.000911778
79.945446137,0.153,153,8,3.192,820048.047,94.407,1296132.143,0
87.862768305,0.22,220,2,59.966,475876.533,94.56,1296198.216,7.917322168
88.737640103,2.535,2535,2,62.501,475892.917,97.095,1296214.6,0.874871798
88.688509274,0.153,153,8,3.345,820122.312,98.67,1296222.792,0
88.750532594,0.145,145,8,3.49,820138.696,98.815,1296239.176,0.06202332
88.752393027,0.149,149,8,3.639,820146.888,98.964,1296247.368,0.00186043299999
88.744050276,1.575,1575,2,64.076,475901.109,99.117,1298104.736,0
88.863788337,0.22,220,2,64.296,475917.493,99.337,1313889.844,0.119738061
89.865000852,0.22,220,2,64.516,475933.877,99.557,1329433.383,1.001212515
90.865891608,0.22,220,2,64.736,475958.453,99.777,1346306.574,1.000890756
91.939202048,2.513,2513,2,67.249,475991.221,102.29,1360412.891,1.07331044
92.867648186,0.22,220,2,67.469,476007.605,102.51,1375559.992,0.928446138
93.868511843,0.22,220,2,67.689,476023.989,102.73,1391169.604,1.000863657
94.869428161,0.22,220,2,67.909,476040.373,102.95,1406713.143,1.000916318
95.870445539,0.22,220,2,68.129,476056.757,103.17,1421728.098,1.001017378
88.754266868,0.153,153,8,3.792,956233.677,103.39,1432506.189,0
96.871432117,0.22,220,2,68.349,476064.949,103.543,1432600.164,8.117165249
97.606035798,2.535,2535,2,70.884,476085.429,106.078,1432620.644,0.734603681
97.561031751,0.153,153,8,3.945,956335.844,107.653,1432628.836,0
97.620491547,0.145,145,8,4.09,956352.228,107.798,1432645.22,0.059459796
97.624141941,0.149,149,8,4.239,956360.42,107.947,1432653.412,0.003650394
97.611967977,1.575,1575,2,72.459,476093.621,108.1,1436430.552,0
97.872336422,0.22,220,2,72.679,476110.005,108.32,1452172.31,0.260368445
98.873245267,0.22,220,2,72.899,476126.389,108.54,1467980.141,1.000908845
99.874265019,0.22,220,2,73.119,476142.773,108.76,1484052.264,1.001019752
100.875182524,0.22,220,2,73.339,476159.157,108.98,1500124.387,1.000917505
101.87606867,0.22,220,2,73.559,476167.349,109.2,1501123.674,1.000886146
101.93913074,2.513,2513,2,76.072,476241.077,111.713,1515337.024,0.06306207
102.877003985,0.22,220,2,76.292,476257.461,111.933,1530880.563,0.937873245
103.877929172,0.22,220,2,76.512,476273.845,112.153,1546688.394,1.000925187
104.878895427,0.22,220,2,76.732,476290.229,112.373,1562231.933,1.000966255
97.627060748,0.153,153,8,4.392,1092011.076,112.593,1568517.06,0
105.879790024,0.22,220,2,76.952,476298.421,112.746,1568611.035,8.252729276
106.44999738,2.535,2535,2,79.487,476396.725,115.281,1568709.339,0.570207356
106.398783046,0.153,153,8,4.545,1092113.243,116.856,1568717.531,0
106.464690659,0.145,145,8,4.69,1092129.627,117.001,1568733.915,0.065907613
106.466789669,0.149,149,8,4.839,1092137.819,117.15,1568742.107,0.00209900999999
106.459350874,1.575,1575,2,81.062,476404.917,117.303,1575400.047,0
106.880833732,0.22,220,2,81.282,476421.301,117.523,1591009.659,0.421482858
107.881750468,0.22,220,2,81.502,476437.685,117.743,1606288.906,1.000916736
108.882662107,0.22,220,2,81.722,476454.069,117.963,1622361.029,1.000911639
109.883585478,0.22,220,2,81.942,476470.453,118.183,1638168.86,1.000923371
110.884640152,0.22,220,2,82.162,476486.837,118.403,1654108.837,1.001054674
111.885638882,0.22,220,2,82.382,476495.029,118.623,1654975.978,1.00099873
111.939774537,2.513,2513,2,84.895,476568.757,121.136,1669850.058,0.054135655
112.886562952,0.22,220,2,85.115,476585.141,121.356,1685723.962,0.946788415
113.887500711,0.22,220,2,85.335,476601.525,121.576,1700871.063,1.000937759
106.469587581,0.153,153,8,4.992,1228158.501,121.796,1704975.781,0
114.888370864,0.22,220,2,85.555,476609.717,121.949,1705181.113,8.418783283
115.198572252,2.535,2535,2,88.09,476642.485,124.484,1705213.881,0.310201388
115.153841703,0.153,153,8,5.145,1228372.025,126.059,1705222.073,0
115.209704673,0.145,145,8,5.29,1228388.409,126.204,1705238.457,0.05586297
115.211325899,0.149,149,8,5.439,1228396.601,126.353,1705246.649,0.001621226
115.203612697,1.575,1575,2,89.665,476650.677,126.506,1716065.553,0
115.889425956,0.22,220,2,89.885,476667.061,126.726,1731212.654,0.685813259
116.890434115,0.22,220,2,90.105,476683.445,126.946,1747152.631,1.001008159
117.891350083,0.22,220,2,90.325,476699.829,127.166,1763290.827,1.000915968
118.892386598,0.22,220,2,90.545,476716.213,127.386,1779429.023,1.001036515
119.8933187,0.22,220,2,90.765,476732.597,127.606,1795369.0,1.000932102
120.894205474,0.22,220,2,90.985,476748.981,127.826,1811308.977,1.000886774
121.895050135,0.22,220,2,91.205,476757.173,128.046,1811977.899,1.000844661
121.939580798,2.513,2513,2,93.718,476781.749,130.559,1827265.338,0.044530663
115.213003486,0.153,153,8,5.592,1363953.137,130.779,1840950.641,0
122.895910999,0.22,220,2,93.938,476789.941,130.932,1841107.27,7.682907513
123.824391289,2.535,2535,2,96.473,476814.517,133.467,1841131.846,0.92848029
123.775844054,0.153,153,8,5.745,1364117.958,135.042,1841140.038,0
123.835877806,0.145,145,8,5.89,1364134.342,135.187,1841156.422,0.060033752
123.838129279,0.149,149,8,6.039,1364142.534,135.336,1841164.614,0.002251473
123.830222198,1.575,1575,2,98.048,476839.093,135.489,1858400.109,0
124.898063926,0.22,220,2,98.268,476855.477,135.709,1873877.575,1.067841728
125.898922136,0.22,220,2,98.488,476871.861,135.929,1888165.727,1.00085821
126.899965565,0.22,220,2,98.708,476888.245,136.149,1904237.85,1.001043429
127.900948092,0.22,220,2,98.928,476904.629,136.369,1920442.119,1.000982527
128.901821317,0.22,220,2,99.148,476921.013,136.589,1936448.169,1.000873225
129.902694473,0.22,220,2,99.368,476937.397,136.809,1952322.073,1.000873156
130.90442507,0.22,220,2,99.588,476953.781,137.029,1967865.612,1.001730597
131.905833559,0.221,221,2,99.809,476961.973,137.25,1968402.388,1.001408489
123.840318594,0.153,153,8,6.192,1500615.218,139.763,1977915.826,0
131.939861141,2.513,2513,2,102.322,477093.045,139.916,1978000.584,8.099542547
132.598672363,2.535,2535,2,104.857,477158.581,142.451,1978066.12,0.658811222
132.551637471,0.153,153,8,6.345,1500708.168,144.026,1978074.312,0
132.61027733,0.145,145,8,6.49,1500724.552,144.171,1978090.696,0.058639859
132.612109127,0.149,149,8,6.639,1500732.744,144.32,1978098.888,0.00183179699999
132.604372459,1.575,1575,2,106.432,477166.773,144.473,1983327.991,0
132.906813922,0.221,221,2,106.653,477183.157,144.694,1997021.486,0.302441463
133.90748782,0.221,221,2,106.874,477199.541,144.915,2013159.682,1.000673898
134.90816123,0.221,221,2,107.095,477215.925,145.136,2028240.71,1.00067341
135.908776113,0.221,221,2,107.316,477232.309,145.357,2043850.322,1.000614883
136.909570348,0.221,221,2,107.537,477248.693,145.578,2059922.445,1.000794235
137.910412145,0.221,221,2,107.758,477265.077,145.799,2075994.568,1.000841797
138.911177745,0.221,221,2,107.979,477281.461,146.02,2092132.764,1.0007656
139.911955777,0.221,221,2,108.2,477297.845,146.241,2107808.449,1.000778032
132.613978499,0.153,153,8,6.792,1636844.268,146.462,2114357.868,0
140.912666901,0.221,221,2,108.421,477306.037,146.615,2114553.983,8.298688402
141.369699321,2.535,2535,2,110.956,477355.189,149.15,2114603.135,0.45703242
141.322365578,0.153,153,8,6.945,1637048.575,150.725,2114611.327,0
141.381277539,0.145,145,8,7.09,1637064.959,150.87,2114627.711,0.058911961
141.383022523,0.149,149,8,7.239,1637073.151,151.019,2114635.903,0.001744984
141.375582052,1.575,1575,2,112.531,477363.381,151.172,2123200.029,0
141.91350751,0.221,221,2,112.752,477371.573,151.393,2123604.659,0.537925458
141.938645484,2.513,2513,2,115.265,477412.533,153.906,2138181.679,0.025137974
142.914364254,0.221,221,2,115.486,477428.917,154.127,2154187.729,0.97571877
143.91530739,0.221,221,2,115.707,477445.301,154.348,2170391.998,1.000943136
144.916234463,0.221,221,2,115.928,477461.685,154.569,2186596.267,1.000927073
145.917099518,0.221,221,2,116.149,477478.069,154.79,2202668.39,1.000865055
146.918115429,0.221,221,2,116.37,477494.453,155.011,2218410.148,1.001015911
147.919044388,0.221,221,2,116.591,477510.837,155.232,2234085.833,1.000928959
148.919944083,0.221,221,2,116.812,477527.221,155.453,2250224.029,1.000899695
141.384989533,0.153,153,8,7.392,1773083.902,155.674,2250826.878,0
149.92083449,0.221,221,2,117.033,477535.413,155.827,2250920.853,8.535844957
150.009620222,2.535,2535,2,119.568,477559.989,158.362,2250945.429,0.088785732
149.963055082,0.153,153,8,7.545,1773186.069,159.937,2250953.621,0
150.020798179,0.145,145,8,7.69,1773202.453,160.082,2250970.005,0.057743097
150.02318291,0.149,149,8,7.839,1773210.645,160.231,2250978.197,0.00238473100001
150.015300274,1.575,1575,2,121.143,477568.181,160.384,2264879.364,0
150.921663366,0.221,221,2,121.364,477584.565,160.605,2279167.516,0.906363092
151.922512636,0.221,221,2,121.585,477592.757,160.826,2279440.0,1.00084927
151.939219789,2.513,2513,2,124.098,477666.485,163.339,2295503.394,0.016707153
152.923403951,0.221,221,2,124.319,477682.869,163.56,2311113.006,0.984184162
153.924283811,0.221,221,2,124.54,477699.253,163.781,2327185.129,1.00087986
154.925168421,0.221,221,2,124.761,477732.021,164.002,2359395.448,1.00088461
156.926795583,0.221,221,2,124.982,477748.405,164.223,2374872.914,2.001627162
150.024659774,0.153,153,8,7.992,1908677.94,164.444,2386642.1,0
157.927623831,0.221,221,2,125.203,477756.597,164.597,2386913.511,7.902964057
158.728010808,2.535,2535,2,127.738,477854.901,167.132,2387011.815,0.800386977
158.681793548,0.153,153,8,8.145,1908957.543,168.707,2387020.007,0
158.74277323,0.145,145,8,8.29,1908973.927,168.852,2387036.391,0.060979682
158.744588195,0.149,149,8,8.439,1908982.119,169.001,2387044.583,0.00181496499999
158.733680104,1.575,1575,2,129.313,477863.093,169.154,2389434.19,0
158.928510885,0.221,221,2,129.534,477879.477,169.375,2404977.729,0.194830781
159.929421266,0.221,221,2,129.755,477895.861,169.596,2420256.976,1.000910381
160.930331927,0.221,221,2,129.976,477912.245,169.817,2436196.953,1.000910661
161.931149489,0.221,221,2,130.197,477920.437,170.038,2436337.291,1.000817562
161.939481764,2.513,2513,2,132.71,477961.397,172.551,2452301.844,0.00833227499999
162.931978156,0.221,221,2,132.931,477977.781,172.772,2468241.821,0.992496392
163.932814296,0.221,221,2,133.152,477994.165,172.993,2484380.017,1.00083614
164.933563344,0.221,221,2,133.373,478010.549,173.214,2500518.213,1.000749048
165.934301287,0.221,221,2,133.594,478018.741,173.435,2501572.611,1.000737943
166.038432056,2.535,2535,2,136.129,478026.933,175.97,2501580.803,0.104130769
166.935318734,0.221,221,2,136.35,478043.317,176.191,2501599.747,0.896886678
167.936280239,0.221,221,2,136.571,478059.701,176.412,2501616.131,1.000961505
168.9370281,0.221,221,2,136.792,478076.085,176.633,2501632.515,1.000747861
169.937621052,0.221,221,2,137.013,478092.469,176.854,2501648.899,1.000592952
170.938209745,0.221,221,2,137.234,478100.661,177.075,2501657.091,1.000588693
171.938047992,0.56,339,2,137.794,478158.005,177.635,2501714.435,0.999838247
172.939349834,0.221,221,2,138.015,478174.389,177.856,2501730.819,1.001301842
173.939904024,0.221,221,2,138.236,478190.773,178.077,2501747.203,1.00055419
174.940428532,0.221,221,2,138.457,478207.157,178.298,2501765.091,1.000524508
175.941061714,0.221,221,2,138.678,478223.541,178.519,2501781.475,1.000633182
176.941643282,0.221,221,2,138.899,478239.925,178.74,2501797.859,1.000581568
177.942191047,0.221,221,2,139.12,478256.309,178.961,2501814.243,1.000547765
178.942711993,0.221,221,2,139.341,478272.693,179.182,2501832.051,1.000520946
179.943417111,0.221,221,2,139.562,478289.077,179.403,2501848.435,1.000705118
180.945480362,0.221,221,2,139.783,478297.269,179.624,2501856.627,1.002063251
181.937907192,0.339,339,2,140.122,478321.845,179.963,2501881.203,0.99242683
181.946032667,0.221,221,2,140.343,478338.229,180.184,2501897.587,0.00812547499999
182.946598312,0.221,221,2,140.564,478354.613,180.405,2501913.971,1.000565645
183.947145169,0.221,221,2,140.785,478370.997,180.626,2501930.355,1.000546857
184.947792039,0.221,221,2,141.006,478387.381,180.847,2501946.739,1.00064687
185.948365226,0.221,221,2,141.227,478403.765,181.068,2501963.123,1.000573187
186.948965861,0.221,221,2,141.448,478436.533,181.289,2501995.891,1.000600635
188.954535285,0.221,221,2,141.669,478452.917,181.51,2502012.275,2.005569424
189.955100161,0.221,221,2,141.89,478469.301,181.731,2502028.659,1.000564876
190.955624739,0.221,221,2,142.111,478477.493,181.952,2502036.851,1.000524578
191.937873669,0.339,339,2,142.45,478510.261,182.291,2502069.619,0.98224893
191.956183749,0.221,221,2,142.671,478526.645,182.512,2502086.003,0.01831008
192.956791787,0.221,221,2,142.892,478555.317,182.733,2502114.675,1.000608038
193.790001722,1.575,1575,2,144.467,478555.317,184.308,2502114.675,0.833209935
193.799845432,0.286,286,2,144.753,478817.461,184.594,2502376.819,0.00984371000001
193.807446329,0.189,189,2,144.942,478850.229,184.783,2502409.587,0.00760089699997
193.828883413,0.249,249,2,145.191,478899.381,185.032,2502458.739,0.021437084
33.12814409,25.669,25669,7,25.669,4.592,185.146,2502496.099,0
193.843197663,0.114,114,2,145.305,478932.149,185.599,2530175.747,160.715053573
193.957576873,0.221,221,2,145.526,478948.533,185.82,2910478.851,0.11437921
194.958966505,0.221,221,2,145.747,478964.917,186.041,3102417.411,1.001389632
195.960351039,0.221,221,2,145.968,478981.301,186.262,3102433.795,1.001384534
196.961319528,0.221,221,2,146.189,478997.685,186.483,3102450.179,1.000968489
197.962239966,0.221,221,2,146.41,479014.069,186.704,3102466.563,1.000920438
198.963090004,0.221,221,2,146.631,479030.453,186.925,3102482.947,1.000850038
199.963991096,0.221,221,2,146.852,479046.837,187.146,3102499.331,1.000901092
200.964866068,0.221,221,2,147.073,479055.029,187.367,3102507.523,1.000874972
201.953492904,2.513,2513,2,149.586,479075.509,189.88,3102528.003,0.988626836
193.873931529,0.152,152,7,25.821,166438.816,190.101,3102538.115,0
201.965705211,0.221,221,2,149.807,479091.893,190.251,3198982.531,8.091773682
202.966601345,0.221,221,2,150.028,479108.277,190.472,3198998.915,1.000896134
193.874650476,0.152,152,3,0.152,219737.456,190.693,3199007.107,0
203.967450894,0.221,221,2,150.249,479124.661,190.843,3262028.163,10.092800418
204.975663251,0.221,221,2,150.47,479141.045,191.064,3265943.939,1.008212357
193.874301549,0.149,149,5,0.149,213726.32,191.285,3265953.955,0
205.976668896,0.221,221,2,150.691,479157.429,191.437,3268550.819,12.102367347
206.97753835,0.221,221,2,150.912,479173.813,191.658,3334956.435,1.000869454
207.978592465,0.221,221,2,151.133,479190.197,191.879,3334972.819,1.001054115
208.979541189,0.221,221,2,151.354,479206.581,192.1,3334989.203,1.000948724
209.980474967,0.221,221,2,151.575,479222.965,192.321,3335005.587,1.000933778
210.981383951,0.221,221,2,151.796,479239.349,192.542,3335021.971,1.000908984
211.982875062,0.221,221,2,152.017,479247.541,192.763,3335030.163,1.001491111
212.073255341,2.513,2513,2,154.53,479261.877,195.276,3335044.499,0.090380279
212.983924847,0.221,221,2,154.751,479278.261,195.497,3335060.883,0.910669506
213.984811691,0.221,221,2,154.972,479294.645,195.718,3335077.267,1.000886844
214.985776688,0.221,221,2,155.193,479311.029,195.939,3335093.651,1.000964997
215.987088098,0.221,221,2,155.414,479327.413,196.16,3335110.035,1.00131141
216.988058403,0.221,221,2,155.635,479335.605,196.381,3335118.227,1.000970305
217.531727679,0.178,178,2,155.813,479346.869,196.559,3335129.491,0.543669276
217.988902156,0.221,221,2,156.034,479355.061,196.78,3335137.683,0.457174477
218.316567427,2.588,2588,2,158.622,479363.253,199.368,3335145.875,0.327665271
218.98983307,0.221,221,2,158.843,479396.021,199.81,3335178.643,0.673265643
220.99107401,0.221,221,2,159.064,479404.213,200.031,3335186.835,2.00124094
221.937815352,0.339,339,2,159.403,479413.941,200.37,3335196.563,0.946741342
221.991675623,0.221,221,2,159.624,479430.325,200.591,3335212.947,0.053860271
222.992254887,0.221,221,2,159.845,479446.709,200.812,3335229.331,1.000579264
223.992853147,0.221,221,2,160.066,479463.093,201.033,3335245.715,1.00059826
224.993401751,0.221,221,2,160.287,479479.477,201.254,3335262.099,1.000548604
225.993970678,0.221,221,2,160.508,479500.213,201.475,3335282.835,1.000568927
226.686312909,1.575,1575,2,162.083,479500.213,203.05,3335282.835,0.692342231
226.689105513,0.286,286,2,162.369,479555.509,203.336,3335338.131,0.00279260399998
226.694940263,0.189,189,2,162.558,479566.773,203.525,3335349.395,0.00583475000002
226.995191853,0.221,221,2,162.779,479574.965,203.746,3335357.587,0.30025159
227.458054064,2.333,2333,2,165.112,479583.157,206.079,3335365.779,0.462862211
227.99656591,0.221,221,2,165.333,479599.541,206.3,3335382.163,0.538511846
228.997355466,0.221,221,2,165.554,479615.925,206.521,3335398.547,1.000789556
229.997917898,0.221,221,2,165.775,479626.661,206.742,3335409.283,1.000562432
230.364005373,0.189,189,2,165.964,479628.581,206.931,3335411.203,0.366087475
230.372132244,0.189,189,2,166.153,479630.373,207.12,3335412.995,0.008126871
230.377972512,0.189,189,2,166.342,479640.357,207.309,3335422.979,0.00584026800001
230.428271017,1.575,1575,2,167.917,479640.357,208.884,3335422.979,0.050298505
230.431428262,0.286,286,2,168.203,479804.197,209.17,3335586.819,0.00315724500001
230.438124365,0.189,189,2,168.392,479805.221,209.359,3335587.843,0.006696103
230.944888109,0.286,286,2,168.678,480002.821,209.645,3335785.443,0.506763744
230.950076549,0.189,189,2,168.867,480011.973,209.834,3335794.595,0.00518843999998
230.998786583,0.221,221,2,169.088,480020.165,210.055,3335802.787,0.048710034
231.93945348,2.513,2513,2,171.601,480029.285,212.568,3335811.907,0.940666897
206.816646312,0.152,152,5,0.301,282672.256,212.789,3335820.899,0
232.000822387,0.221,221,2,171.822,480045.669,251.948,3335829.091,25.184176075
233.002117594,0.221,221,2,172.043,480062.053,252.169,3335845.475,1.001295207
234.003138603,0.221,221,2,172.264,480070.245,252.39,3335853.667,1.001021009
234.870221003,0.184,184,2,172.448,480071.141,252.574,3335854.563,0.8670824
234.875825556,1.775,1775,2,174.223,480073.189,254.349,3335856.611,0.00560455299998
234.88273705,2621.44,262144,2,2795.663,480073.189,2875.789,3335856.611,0.00691149400001
234.885334098,524.288,262144,2,3319.951,480073.189,3400.077,3335856.611,0.00259704799998
234.886759977,524.288,262144,2,3844.239,480073.189,3924.365,3335856.611,0.00142587900001
234.888386371,524.288,262144,2,4368.527,480073.189,4448.653,3335856.611,0.001626394
234.889850245,524.288,262144,2,4892.815,480073.189,4972.941,3335856.611,0.001463874
234.891323407,524.288,262144,2,5417.103,480073.189,5497.229,3335856.611,0.001473162
234.892789515,524.288,262144,2,5941.391,480073.189,6021.517,3335856.611,0.00146610800002
234.894272036,524.288,262144,2,6465.679,480073.189,6545.805,3335856.611,0.00148252099999
234.895892214,524.288,262144,2,6989.967,480073.189,7070.093,3335856.611,0.00162017800002
234.897796926,524.288,262144,2,7514.255,480073.189,7594.381,3335856.611,0.001904712
234.899851028,524.288,262144,2,8038.543,480073.189,8118.669,3335856.611,0.00205410199999
234.90191819,524.288,262144,2,8562.831,480073.189,8642.957,3335856.611,0.002067162
234.903974736,786.432,262144,2,9349.263,480073.189,9429.389,3335856.611,0.00205654600001
234.906450331,786.432,262144,2,10135.695,480073.189,10477.965,3335856.611,0.00247559499999
234.909106534,524.288,262144,2,10659.983,480073.189,11002.253,3335856.611,0.00265620299999
234.91145809,786.432,262144,2,11446.415,480073.189,11788.685,3335856.611,0.00235155600001
234.914103259,786.432,262144,2,12232.847,480073.189,12575.117,3335856.611,0.002645169
234.916601552,786.432,262144,2,13019.279,480073.189,13361.549,3335856.611,0.002498293
234.919552485,786.432,262144,2,13805.711,480073.189,14147.981,3335856.611,0.00295093299999
234.922628854,786.432,262144,2,14592.143,480073.189,14934.413,3335856.611,0.00307636900001
234.925711579,786.432,262144,2,15378.575,480073.189,15720.845,3335856.611,0.00308272499998
234.928644843,786.432,262144,2,16165.007,480073.189,16507.277,3335856.611,0.00293326400001
234.93217532,786.432,262144,2,16951.439,480073.189,17293.709,3335856.611,0.003530477
234.935707263,786.432,262144,2,17737.871,480073.189,18080.141,3335856.611,0.00353194300001
234.939242769,626.233,262144,2,18364.104,480073.189,18706.374,3335856.611,0.00353550599999
234.942899868,101.945,101945,2,18466.049,480074.053,18808.319,3335857.475,0.00365709900001
234.981282961,0.184,184,2,18466.233,480083.077,18808.503,3335866.499,0.038383093
235.004058553,0.221,221,2,18466.454,480099.461,18808.724,3335882.883,0.022775592
236.004954267,0.221,221,2,18466.675,480115.845,18808.945,3335899.267,1.000895714
237.005791315,0.221,221,2,18466.896,480132.229,18809.166,3335915.651,1.000837048
238.006480369,0.221,221,2,18467.117,480148.613,18809.387,3335932.035,1.000689054
239.007129823,0.221,221,2,18467.338,480164.997,18809.608,3335948.419,1.000649454
240.008228008,0.221,221,2,18467.559,480181.381,18809.829,3335964.803,1.001098185
241.009043475,0.221,221,2,18467.78,480189.573,18810.05,3335972.995,1.000815467
241.938435334,0.339,339,2,18468.119,480198.565,18810.389,3335981.987,0.929391859
242.009725056,0.221,221,2,18468.34,480214.949,18810.61,3335998.371,0.071289722
243.010352161,0.221,221,2,18468.561,480231.333,18810.831,3336014.755,1.000627105
244.010863329,0.221,221,2,18468.782,480247.717,18811.052,3336031.139,1.000511168
245.011452301,0.221,221,2,18469.003,480264.101,18811.273,3336047.523,1.000588972
246.011976529,0.221,221,2,18469.224,480280.485,18811.494,3336063.907,1.000524228
247.012513539,0.221,221,2,18469.445,480296.869,18811.715,3336080.291,1.00053701
248.013044123,0.221,221,2,18469.666,480313.253,18811.936,3336096.675,1.000530584
249.013565139,0.221,221,2,18469.887,480329.637,18812.157,3336113.059,1.000521016
250.014090206,0.221,221,2,18470.108,480346.021,18812.378,3336129.443,1.000525067
251.014639298,0.221,221,2,18470.329,480354.213,18812.599,3336138.995,1.000549092
251.937716667,0.339,339,2,18470.668,480379.557,18813.159,3336164.339,0.923077369
253.016418645,0.221,221,2,18470.889,480395.941,18813.38,3336180.723,1.078701978
254.016949718,0.221,221,2,18471.11,480412.325,18813.601,3336197.107,1.000531073
255.017480581,0.221,221,2,18471.331,480428.709,18813.822,3336213.491,1.000530863
256.018443972,0.221,221,2,18471.552,480445.093,18814.043,3336229.875,1.000963391
257.01911808,0.221,221,2,18471.773,480461.477,18814.264,3336247.955,1.000674108
258.020163884,0.221,221,2,18471.994,480477.861,18814.485,3336264.339,1.001045804
259.021013224,0.221,221,2,18472.215,480494.245,18814.706,3336280.723,1.00084934
260.021937643,0.221,221,2,18472.436,480510.629,18814.927,3336297.107,1.000924419
261.022501332,0.221,221,2,18472.657,480518.821,18815.148,3336305.299,1.000563689
261.93788275,0.339,339,2,18472.996,480527.749,18815.487,3336314.227,0.915381418
262.023031287,0.221,221,2,18473.217,480544.133,18815.708,3336330.611,0.085148537
263.02358038,0.221,221,2,18473.438,480560.517,18815.929,3336346.995,1.000549093
264.024089593,0.221,221,2,18473.659,480576.901,18816.15,3336363.379,1.000509213
265.024577364,0.221,221,2,18473.88,480593.285,18816.371,3336381.331,1.000487771
266.025214247,0.221,221,2,18474.101,480609.669,18816.592,3336397.715,1.000636883
267.027272958,0.221,221,2,18474.322,480626.053,18816.813,3336414.099,1.002058711
268.027796209,0.221,221,2,18474.543,480642.437,18817.034,3336430.483,1.000523251
269.028312895,0.221,221,2,18474.764,480658.821,18817.255,3336446.867,1.000516686
270.028832095,0.221,221,2,18474.985,480675.205,18817.476,3336463.251,1.0005192
271.029336349,0.221,221,2,18475.206,480683.397,18817.697,3336471.443,1.000504254
271.937801315,0.339,339,2,18475.545,480692.293,18818.036,3336480.339,0.908464966
272.029879505,0.221,221,2,18475.766,480708.677,18818.257,3336496.723,0.09207819
273.030442705,0.221,221,2,18475.987,480725.061,18818.478,3336513.107,1.0005632
274.031056191,0.221,221,2,18476.208,480741.445,18818.699,3336529.491,1.000613486
275.031895404,0.221,221,2,18476.429,480757.829,18818.92,3336545.875,1.000839213
276.032582014,0.221,221,2,18476.65,480774.213,18819.141,3336562.259,1.00068661
277.033181531,0.221,221,2,18476.871,480790.597,18819.362,3336578.643,1.000599517
278.033697449,0.221,221,2,18477.092,480806.981,18819.583,3336595.027,1.000515918
279.034211481,0.221,221,2,18477.313,480823.365,18819.804,3336611.411,1.000514032
280.034729424,0.221,221,2,18477.534,480832.229,18820.025,3336620.275,1.000517943
280.905457957,0.189,189,2,18477.723,480841.061,18820.214,3336629.107,0.870728533
281.03541729,0.221,221,2,18477.944,480858.101,18820.435,3336646.147,0.129959333
281.101265538,1.575,1575,2,18479.519,480858.101,18822.01,3336646.147,0.065848248
281.103180097,0.286,286,2,18479.805,480859.797,18822.296,3336647.843,0.001914559
281.158206648,0.189,189,2,18479.994,482122.165,18822.485,3337910.211,0.055026551
281.176663325,0.189,189,2,18480.183,482122.933,18822.674,3337910.979,0.018456677
281.93861336,2.513,2513,2,18482.696,482131.861,18825.187,3337919.907,0.761950035
282.036233805,0.221,221,2,18482.917,482148.245,18825.408,3337936.291,0.097620445
283.037080351,0.221,221,2,18483.138,482156.437,18825.629,3337944.483,1.000846546
283.343736665,2.382,2382,2,18485.52,482164.981,18828.011,3337953.027,0.306656314
283.348176266,1.575,1575,2,18487.095,482164.981,18829.586,3337953.027,0.004439601
283.368210518,0.249,249,2,18487.344,482190.517,18829.835,3338011.331,0.020034252
285.03883679,0.221,221,2,18487.565,482206.901,18830.056,3338027.715,1.670626272
286.03945286,0.221,221,2,18487.786,482223.285,18830.277,3338044.099,1.00061607
287.039987704,0.221,221,2,18488.007,482239.669,18830.498,3338060.483,1.000534844
288.040502225,0.221,221,2,18488.228,482256.053,18830.719,3338076.867,1.000514521
289.041024987,0.221,221,2,18488.449,482272.437,18830.94,3338093.251,1.000522762
290.041541743,0.221,221,2,18488.67,482288.821,18831.161,3338109.635,1.000516756
291.04205333,0.221,221,2,18488.891,482297.013,18831.382,3338117.827,1.000511587
291.938320237,2.513,2513,2,18491.404,482306.133,18833.895,3338126.947,0.896266907
292.042656898,0.221,221,2,18491.625,482322.517,18834.116,3338143.331,0.104336661
293.043209203,0.221,221,2,18491.846,482338.901,18834.337,3338159.715,1.000552305
294.043754594,0.221,221,2,18492.067,482355.285,18834.558,3338176.099,1.000545391
295.044282385,0.221,221,2,18492.288,482371.669,18834.779,3338192.483,1.000527791
296.044819534,0.221,221,2,18492.509,482388.053,18835.0,3338274.403,1.000537149
297.045561947,0.221,221,2,18492.73,482404.437,18835.221,3338290.787,1.000742413
298.046157693,0.221,221,2,18492.951,482420.821,18835.442,3338307.171,1.000595746
299.046687579,0.221,221,2,18493.172,482437.205,18835.663,3338323.555,1.000529886
300.047214671,0.221,221,2,18493.393,482453.589,18835.884,3338339.939,1.000527092
301.04776942,0.221,221,2,18493.614,482461.781,18836.105,3338348.131,1.000554749
301.938353412,2.513,2513,2,18496.127,482470.869,18838.618,3338357.219,0.890583992
302.048483617,0.221,221,2,18496.348,482487.253,18838.839,3338373.603,0.110130205
303.049078037,0.221,221,2,18496.569,482503.637,18839.06,3338389.987,1.00059442
304.049611484,0.221,221,2,18496.79,482520.021,18839.281,3338406.371,1.000533447
305.050216799,0.221,221,2,18497.011,482536.405,18839.502,3338422.755,1.000605315
306.050751504,0.221,221,2,18497.232,482552.789,18839.723,3338439.139,1.000534705
307.051264278,0.221,221,2,18497.453,482569.173,18839.944,3338455.523,1.000512774
308.051792209,0.221,221,2,18497.674,482585.557,18840.165,3338471.907,1.000527931
309.05229779,0.221,221,2,18497.895,482601.941,18840.386,3338488.291,1.000505581
310.052815523,0.221,221,2,18498.116,482618.325,18840.607,3338504.675,1.000517733
311.053356723,0.221,221,2,18498.337,482626.517,18840.828,3338512.867,1.0005412
311.93829698,2.513,2513,2,18500.85,482635.573,18843.341,3338521.923,0.884940257
202.628149367,0.15,150,7,25.971,262876.864,18843.562,3338546.499,0
232.607723726,39.159,39159,5,39.46,282721.408,18843.712,3338546.499,29.979574359
204.707512322,0.15,150,3,0.302,286719.872,18843.864,3338595.651,0
312.054055136,0.221,221,2,18501.071,482651.957,18844.014,3872558.403,107.346542814
313.058413232,0.221,221,2,18501.292,482668.341,18844.235,3904523.587,1.004358096
314.059381232,0.221,221,2,18501.513,482684.725,18844.456,3904539.971,1.000968
315.060375004,0.221,221,2,18501.734,482717.493,18844.898,3904572.739,1.000993772
317.062250522,0.221,221,2,18501.955,482733.877,18845.119,3904589.123,2.001875518
318.063111386,0.221,221,2,18502.176,482750.261,18845.34,3904605.507,1.000860864
312.197075837,0.15,150,7,26.121,448388.8,18845.561,3904613.699,0
319.063973856,0.221,221,2,18502.397,482766.645,18845.713,3994029.379,6.866898019
320.064950237,0.221,221,2,18502.618,482783.029,18845.934,4016082.243,1.000976381
321.067379666,0.221,221,2,18502.839,482791.221,18846.155,4016090.435,1.002429429
321.93836312,2.513,2513,2,18505.352,482800.245,18848.668,4016099.459,0.870983454
322.068309393,0.221,221,2,18505.573,482816.629,18848.889,4049498.243,0.129946273
323.069131635,0.221,221,2,18505.794,482833.013,18849.11,4049514.627,1.000822242
312.197582606,0.152,152,5,39.612,503315.584,18849.331,4049522.819,0
324.06991693,0.221,221,2,18506.015,482849.397,18849.48,4118802.563,11.872334324
325.07069573,0.221,221,2,18506.236,482865.781,18849.701,4118818.947,1.0007788
326.07147048,0.221,221,2,18506.457,482882.165,18849.922,4118835.331,1.00077475
312.198993819,0.15,150,3,0.452,479948.672,18850.143,4118843.523,0
327.072254867,0.221,221,2,18506.678,482898.549,18850.295,4188713.091,14.873261048
328.073074734,0.221,221,2,18506.899,482914.933,18850.516,4188729.475,1.000819867
329.073868131,0.221,221,2,18507.12,482931.317,18850.737,4188745.859,1.000793397
330.074703363,0.221,221,2,18507.341,482947.701,18850.958,4188762.243,1.000835232
331.075491312,0.221,221,2,18507.562,482955.893,18851.179,4188770.435,1.000787949
331.970370333,2.513,2513,2,18510.075,482964.885,18853.692,4188779.427,0.894879021
332.076313344,0.221,221,2,18510.296,482981.269,18853.913,4188795.811,0.105943011
333.077120919,0.221,221,2,18510.517,482997.653,18854.134,4188812.195,1.000807575
334.07789951,0.221,221,2,18510.738,483014.037,18854.355,4188828.579,1.000778591
335.078774411,0.221,221,2,18510.959,483030.421,18854.576,4188844.963,1.000874901
336.079815186,0.221,221,2,18511.18,483046.805,18854.797,4188861.347,1.001040775
337.080682825,0.221,221,2,18511.401,483063.189,18855.018,4188877.731,1.000867639
338.081548018,0.221,221,2,18511.622,483071.381,18855.239,4188885.923,1.000865193
339.049076222,0.178,178,2,18511.8,483080.341,18855.417,4188894.883,0.967528204
339.08244506,0.221,221,2,18512.021,483096.725,18855.638,4188911.267,0.033368838
340.083246908,0.221,221,2,18512.242,483113.109,18855.859,4188927.651,1.000801848
341.084168394,0.221,221,2,18512.463,483121.301,18856.08,4188935.843,1.000921486
341.251607074,2.597,2597,2,18515.06,483130.149,18858.677,4188944.691,0.16743868
341.58272907,1.575,1575,2,18516.635,483130.149,18860.252,4188944.691,0.331121996
341.584759006,0.286,286,2,18516.921,483458.821,18860.538,4189273.363,0.00202993599999
341.590168773,0.189,189,2,18517.11,483467.973,18860.727,4189282.515,0.005409767
342.084988749,0.221,221,2,18517.331,483476.165,18860.948,4189290.707,0.494819976
342.800482109,2.799,286,2,18520.13,483477.541,18863.747,4190864.947,0.71549336
342.811656575,0.189,189,2,18520.319,483486.613,18863.936,4190874.019,0.011174466
343.085809594,0.221,221,2,18520.54,483502.997,18864.157,4190890.403,0.274153019
344.086663893,0.221,221,2,18520.761,483519.381,18864.378,4190906.787,1.000854299
345.087491372,0.221,221,2,18520.982,483527.573,18864.599,4190914.979,1.000827479
346.013143789,0.184,184,2,18521.166,483528.421,18864.783,4190915.827,0.925652417
346.015423269,1.775,1775,2,18522.941,483529.941,18866.558,4190917.347,0.00227947999997
346.018475543,1835.008,262144,2,20357.949,483529.941,20701.566,4190917.347,0.00305227400003
346.023363385,786.432,262144,2,21144.381,483529.941,21487.998,4190917.347,0.00488784199996
346.027785176,786.432,262144,2,21930.813,483529.941,22274.43,4190917.347,0.00442179100003
346.032187482,786.432,262144,2,22717.245,483529.941,23060.862,4190917.347,0.00440230599997
346.036611159,786.432,262144,2,23503.677,483529.941,23847.294,4190917.347,0.00442367700003
346.040875039,786.432,262144,2,24290.109,483529.941,24633.726,4190917.347,0.00426388
346.044836646,1048.576,262144,2,25338.685,483529.941,25682.302,4190917.347,0.00396160700001
346.049400844,1048.576,262144,2,26387.261,483529.941,26730.878,4190917.347,0.00456419799997
346.05397021,1048.576,262144,2,27435.837,483529.941,27779.454,4190917.347,0.004569366
346.058522255,1048.576,262144,2,28484.413,483529.941,28828.03,4190917.347,0.00455204500003
346.063972739,1048.576,262144,2,29532.989,483529.941,29876.606,4190917.347,0.00545048399999
346.069113616,1048.576,262144,2,30581.565,483529.941,30925.182,4190917.347,0.00514087699997
346.07411097,280.049,262144,2,30861.614,483538.133,31205.231,4190925.539,0.00499735400001
346.088873182,0.221,221,2,30861.835,483547.141,31205.452,4190934.547,0.014762212
346.131918251,0.184,184,2,30862.019,483556.117,31205.636,4190943.523,0.043045069
347.089462014,0.221,221,2,30862.24,483588.885,31205.857,4190976.291,0.957543763
349.090403963,0.221,221,2,30862.461,483605.269,31206.078,4190992.675,2.000941949
350.090876579,0.221,221,2,30862.682,483614.213,31206.299,4191001.619,1.000472616
350.118317918,0.189,189,2,30862.871,483615.621,31206.488,4191003.027,0.027441339
350.3313969,0.189,189,2,30863.06,483616.901,31206.677,4191004.307,0.213078982
350.337663688,0.189,189,2,30863.249,483626.165,31206.866,4191013.571,0.006266788
350.467792177,1.575,1575,2,30864.824,483626.165,31208.441,4191013.571,0.130128489
350.470025213,0.286,286,2,30865.11,484790.229,31208.727,4192177.635,0.00223303600001
350.486465921,0.19,190,2,30865.3,484799.189,31208.917,4192186.595,0.016440708
351.091728573,0.221,221,2,30865.521,484807.381,31209.138,4192194.787,0.605262652
351.93866274,2.513,2513,2,30868.034,484816.309,31211.651,4192203.715,0.846934167
352.092489215,0.221,221,2,30868.255,484824.501,31211.872,4192211.907,0.153826475
352.938595483,2.382,2382,2,30870.637,484832.693,31214.254,4192220.099,0.846106268
353.093258796,0.221,221,2,30870.858,484849.077,31214.475,4192236.483,0.154663313
354.094005958,0.221,221,2,30871.079,484865.461,31214.696,4192252.867,1.000747162
355.094809901,0.221,221,2,30871.3,484881.845,31214.917,4192269.251,1.000803943
356.095778809,0.221,221,2,30871.521,484898.229,31215.138,4192285.635,1.000968908
357.096581565,0.221,221,2,30871.742,484914.613,31215.359,4192302.019,1.000802756
358.097192885,0.221,221,2,30871.963,484930.997,31215.58,4192318.403,1.00061132
359.097687292,0.221,221,2,30872.184,484947.381,31215.801,4192334.787,1.000494407
360.098206073,0.221,221,2,30872.405,484963.765,31216.022,4192351.171,1.000518781
361.098801051,0.221,221,2,30872.626,484971.957,31216.243,4192359.363,1.000594978
361.938196689,0.339,339,2,30872.965,484980.853,31216.582,4192368.259,0.839395638
362.099363832,0.221,221,2,30873.186,484997.237,31216.803,4192384.643,0.161167143
363.099878702,0.221,221,2,30873.407,485013.621,31217.024,4192401.027,1.00051487
364.100369547,0.221,221,2,30873.628,485030.005,31217.245,4192417.843,1.000490845
365.101175934,0.221,221,2,30873.849,485046.389,31217.466,4192434.227,1.000806387
366.101999433,0.221,221,2,30874.07,485062.773,31217.687,4192450.611,1.000823499
367.10347043,0.221,221,2,30874.291,485079.157,31217.908,4192466.995,1.001470997
368.105068119,0.221,221,2,30874.512,485095.541,31218.129,4192483.379,1.001597689
369.105890291,0.221,221,2,30874.733,485111.925,31218.35,4192499.763,1.000822172
370.106764773,0.221,221,2,30874.954,485128.309,31218.571,4192516.147,1.000874482
371.107515567,0.221,221,2,30875.175,485136.501,31218.792,4192524.339,1.000750794
371.939532125,0.339,339,2,30875.514,485145.365,31219.131,4192533.203,0.832016558
372.108241707,0.221,221,2,30875.735,485161.749,31219.352,4192549.587,0.168709582
373.108986495,0.221,221,2,30875.956,485178.133,31219.573,4192565.971,1.000744788
374.109731352,0.221,221,2,30876.177,485194.517,31219.794,4192582.355,1.000744857
375.110487244,0.221,221,2,30876.398,485210.901,31220.015,4192598.739,1.000755892
376.111226793,0.221,221,2,30876.619,485227.285,31220.236,4192615.123,1.000739549
377.111953771,0.221,221,2,30876.84,485243.669,31220.457,4192631.507,1.000726978
378.112699257,0.221,221,2,30877.061,485260.053,31220.678,4192647.891,1.000745486
319.707323824,0.152,152,7,26.273,559833.2,31220.899,4192656.083,0
379.113421905,0.221,221,2,30877.282,485276.437,31221.033,4192664.275,59.406098081
380.114159569,0.221,221,2,30877.503,485292.821,31221.254,4192680.659,1.000737664
381.11470014,0.221,221,2,30877.724,485301.013,31221.475,4192688.851,1.000540571
381.938321007,0.339,339,2,30878.063,485309.845,31221.814,4192697.683,0.823620867
382.115179461,0.221,221,2,30878.284,485326.229,31222.035,4192714.067,0.176858454
383.11565529,0.221,221,2,30878.505,485342.613,31222.256,4192730.451,1.000475829
384.116098363,0.221,221,2,30878.726,485358.997,31222.477,4192746.835,1.000443073
385.116542134,0.221,221,2,30878.947,485375.381,31222.698,4192763.219,1.000443771
386.117021036,0.221,221,2,30879.168,485391.765,31222.919,4192779.603,1.000478902
387.117781049,0.221,221,2,30879.389,485408.149,31223.14,4192795.987,1.000760013
388.118812884,0.221,221,2,30879.61,485424.533,31223.361,4192812.371,1.001031835
389.119464014,0.221,221,2,30879.831,485440.917,31223.582,4192828.755,1.00065113
390.119928599,0.221,221,2,30880.052,485457.301,31223.803,4192845.139,1.000464585
391.120374046,0.221,221,2,30880.273,485465.493,31224.024,4192854.563,1.000445447
391.937761439,0.339,339,2,30880.612,485474.293,31224.363,4192863.363,0.817387393
392.120935501,0.221,221,2,30880.833,485490.677,31224.584,4192879.747,0.183174062
393.121425926,0.221,221,2,30881.054,485507.061,31224.805,4192896.131,1.000490425
394.121887926,0.221,221,2,30881.275,485523.445,31225.026,4192912.515,1.000462
395.122395393,0.221,221,2,30881.496,485539.829,31225.247,4192928.899,1.000507467
396.122838885,0.221,221,2,30881.717,485556.213,31225.468,4192945.283,1.000443492
397.123292574,0.221,221,2,30881.938,485572.597,31225.689,4192963.203,1.000453689
398.123845368,0.221,221,2,30882.159,485588.981,31225.91,4192979.587,1.000552794
399.124749114,0.221,221,2,30882.38,485605.365,31226.131,4192995.971,1.000903746
400.125208391,0.221,221,2,30882.601,485621.749,31226.352,4193012.355,1.000459277
401.125648949,0.221,221,2,30882.822,485629.941,31226.573,4193020.547,1.000440558
401.937702982,0.339,339,2,30883.161,485638.709,31226.912,4193029.315,0.812054033
402.126165705,0.221,221,2,30883.382,485655.093,31227.133,4193047.107,0.188462723
403.126794067,0.221,221,2,30883.603,485671.477,31227.354,4193063.491,1.000628362
404.129373515,0.221,221,2,30883.824,485687.861,31227.575,4193079.875,1.002579448
405.1304673,0.221,221,2,30884.045,485704.245,31227.796,4193096.259,1.001093785
406.131032106,0.221,221,2,30884.266,485720.629,31228.017,4193112.643,1.000564806
407.131465332,0.221,221,2,30884.487,485737.013,31228.238,4193129.027,1.000433226
408.131901421,0.221,221,2,30884.708,485753.397,31228.459,4193145.411,1.000436089
409.132336113,0.221,221,2,30884.929,485769.781,31228.68,4193161.795,1.000434692
410.132771713,0.221,221,2,30885.15,485786.165,31228.901,4193178.179,1.0004356
411.133214786,0.221,221,2,30885.371,485794.357,31229.122,4193186.371,1.000443073
411.938039617,0.339,339,2,30885.71,485819.477,31229.461,4193211.491,0.804824831
413.134177339,0.221,221,2,30885.931,485835.861,31229.682,4193227.875,1.196137722
414.134597364,0.221,221,2,30886.152,485852.245,31229.903,4193244.259,1.000420025
415.135025282,0.221,221,2,30886.373,485868.629,31230.124,4193260.643,1.000427918
416.135454875,0.221,221,2,30886.594,485885.013,31230.345,4193277.027,1.000429593
417.135882164,0.221,221,2,30886.815,485901.397,31230.566,4193293.411,1.000427289
418.136340323,0.221,221,2,30887.036,485917.781,31230.787,4193309.795,1.000458159
419.136767403,0.221,221,2,30887.257,485934.165,31231.008,4193326.179,1.00042708
420.13719979,0.221,221,2,30887.478,485951.189,31231.229,4193343.203,1.000432387
420.359438945,1.575,1575,2,30889.053,485951.189,31232.804,4193343.203,0.222239155
420.361882203,0.286,286,2,30889.339,486296.021,31233.09,4193688.035,0.00244325799997
420.367589563,0.19,190,2,30889.529,486296.757,31233.28,4193688.771,0.00570736000003
420.423328215,0.286,286,2,30889.815,487214.613,31233.566,4194606.627,0.055738652
420.433928445,0.19,190,2,30890.005,487223.493,31233.756,4194615.507,0.01060023
421.13783374,0.221,221,2,30890.226,487231.685,31233.977,4194623.699,0.703905295
421.938379326,2.513,2513,2,30892.739,487240.533,31236.49,4194632.547,0.800545586
422.138523492,0.221,221,2,30892.96,487256.917,31236.711,4194648.931,0.200144166
423.139201511,0.221,221,2,30893.181,487273.301,31236.932,4194665.315,1.000678019
424.139933588,0.221,221,2,30893.402,487289.685,31237.153,4194681.699,1.000732077
425.140731594,0.221,221,2,30893.623,487297.877,31237.374,4194689.891,1.000798006
425.773432722,0.184,184,2,30893.807,487298.501,31237.558,4194690.515,0.632701128
425.782552317,1.775,1775,2,30895.582,487299.477,31239.333,4194691.491,0.00911959500002
425.785265232,2359.296,262144,2,33254.878,487299.477,33598.629,4194691.491,0.00271291499996
425.791933399,1048.576,262144,2,34303.454,487299.477,34647.205,4194691.491,0.00666816700004
425.797960422,1048.576,262144,2,35352.03,487299.477,35695.781,4194691.491,0.006027023
425.803988982,1048.576,262144,2,36400.606,487299.477,36744.357,4194691.491,0.00602856
425.810166443,1048.576,262144,2,37449.182,487299.477,37792.933,4194691.491,0.00617746099999
425.816235092,1048.576,262144,2,38497.758,487299.477,38841.509,4194691.491,0.00606864899999
425.822408014,1310.72,262144,2,39808.478,487299.477,40152.229,4194691.491,0.00617292200002
425.829033438,1048.576,262144,2,40857.054,487299.477,41200.805,4194691.491,0.00662542399999
425.834918544,1023.041,262144,2,41880.095,487299.477,42223.846,4194691.491,0.00588510599999
425.840498303,236.609,236609,2,42116.704,487300.069,42460.455,4194692.083,0.005579759
425.883422617,0.184,184,2,42116.888,487308.821,42460.639,4194700.835,0.042924314
426.141412267,0.221,221,2,42117.109,487325.205,42460.86,4194717.219,0.25798965
427.142089798,0.221,221,2,42117.33,487341.589,42461.081,4194733.603,1.000677531
428.142788769,0.221,221,2,42117.551,487357.973,42461.302,4194749.987,1.000698971
429.143484039,0.221,221,2,42117.772,487366.693,42461.523,4194758.707,1.00069527
429.547647516,0.19,190,2,42117.962,487368.085,42461.713,4194760.099,0.404163477
429.813901206,0.19,190,2,42118.152,487368.853,42461.903,4194760.867,0.26625369
429.81874009,0.19,190,2,42118.342,487377.813,42462.093,4194769.827,0.00483888399998
429.852076172,1.575,1575,2,42119.917,487377.813,42463.668,4194769.827,0.033336082
429.853929481,0.286,286,2,42120.203,488574.549,42463.954,4195966.563,0.00185330900001
429.869582938,0.19,190,2,42120.393,488583.413,42464.144,4195975.427,0.015653457
430.144184547,0.221,221,2,42120.614,488599.797,42464.365,4195991.811,0.274601609
431.144907963,0.221,221,2,42120.835,488607.989,42464.586,4196000.003,1.000723416
431.940201555,2.513,2513,2,42123.348,488616.821,42467.099,4196008.835,0.795293592
432.145647443,0.221,221,2,42123.569,488625.013,42467.32,4196017.027,0.205445888
432.403683957,2.339,2339,2,42125.908,488633.205,42469.659,4196025.219,0.258036514
433.146329303,0.221,221,2,42126.129,488650.245,42469.88,4196042.259,0.742645346
434.038661841,1.575,1575,2,42127.704,488650.245,42471.455,4196042.259,0.892332538
434.041904851,0.286,286,2,42127.99,489093.477,42471.741,4196485.491,0.00324301000001
434.047537551,0.19,190,2,42128.18,489094.309,42471.931,4196486.323,0.00563269999998
434.100149339,0.286,286,2,42128.466,490651.189,42472.217,4198043.203,0.052611788
434.108423645,0.19,190,2,42128.656,490660.165,42472.407,4198052.179,0.00827430600003
379.932322619,0.134,134,7,26.407,559838.032,42472.628,4198061.027,0
434.147006275,0.221,221,2,42128.877,490676.549,42873.129,4198069.219,54.214683656
435.147798834,0.221,221,2,42129.098,490692.933,42873.35,4198085.603,1.000792559
436.148548161,0.221,221,2,42129.319,490709.317,42873.571,4198101.987,1.000749327
437.149344352,0.221,221,2,42129.54,490717.509,42873.792,4198110.179,1.000796191
437.963220963,0.185,185,2,42129.725,490718.261,42873.977,4198110.931,0.813876611
437.965532081,1.775,1775,2,42131.5,490719.205,42875.752,4198111.875,0.00231111799997
437.9679041,2359.296,262144,2,44490.796,490719.205,45235.048,4198111.875,0.00237201900001
437.974237727,1048.576,262144,2,45539.372,490719.205,46283.624,4198111.875,0.006333627
437.980562693,1048.576,262144,2,46587.948,490719.205,47332.2,4198111.875,0.00632496600002
437.98673778,1310.72,262144,2,47898.668,490719.205,48642.92,4198111.875,0.00617508699997
437.993358873,1048.576,262144,2,48947.244,490719.205,49691.496,4198111.875,0.00662109299998
437.999387294,1048.576,262144,2,49995.82,490719.205,50740.072,4198111.875,0.006028421
438.005563708,1048.576,262144,2,51044.396,490719.205,51788.648,4198111.875,0.00617641400004
438.012187385,1048.576,262144,2,52092.972,490719.205,52837.224,4198111.875,0.00662367699999
438.018072212,807.246,262144,2,52900.218,490719.205,53644.47,4198111.875,0.00588482699999
438.024493559,20.814,20814,2,52921.032,490719.925,53665.284,4198112.595,0.00642134700001
438.062372747,0.185,185,2,52921.217,490728.805,53665.469,4198121.475,0.037879188
438.15008893,0.221,221,2,52921.438,490745.189,53665.69,4198137.859,0.087716183
439.150826524,0.221,221,2,52921.659,490761.573,53665.911,4198154.243,1.000737594
440.15139147,0.221,221,2,52921.88,490777.957,53666.132,4198170.627,1.000564946
441.15190599,0.221,221,2,52922.101,490786.805,53666.353,4198179.475,1.00051452
441.306467475,0.19,190,2,52922.291,490796.213,53666.543,4198188.883,0.154561485
441.461424121,1.575,1575,2,52923.866,490796.213,53668.118,4198188.883,0.154956646
441.463774699,0.286,286,2,52924.152,491894.773,53668.404,4199287.443,0.00235057800001
441.477799178,0.19,190,2,52924.342,491895.573,53668.594,4199288.243,0.014024479
441.938141796,2.513,2513,2,52926.855,491904.533,53671.107,4199297.203,0.460342618
442.152559495,0.221,221,2,52927.076,491920.917,53671.328,4199313.587,0.214417699
443.15339801,0.221,221,2,52927.297,491945.493,53671.549,4199338.163,1.000838515
444.337463805,2.339,2339,2,52929.636,491953.685,53673.888,4199346.355,1.184065795
445.154964061,0.221,221,2,52929.857,491963.989,53674.109,4199356.659,0.817500256
445.377605292,0.19,190,2,52930.047,491965.237,53674.299,4199357.907,0.222641231
445.382683312,0.19,190,2,52930.237,491966.357,53674.489,4199359.027,0.00507801999998
445.389080145,0.19,190,2,52930.427,491975.813,53674.679,4199368.483,0.006396833
445.523224159,1.575,1575,2,52932.002,491975.813,53676.254,4199368.483,0.134144014
445.524829112,0.286,286,2,52932.288,492320.613,53676.54,4199713.283,0.00160495300003
445.52905402,0.19,190,2,52932.478,492321.317,53676.73,4199713.987,0.00422490799997
445.582005796,0.286,286,2,52932.764,493419.717,53677.016,4200812.387,0.052951776
445.597808085,0.19,190,2,52932.954,493428.549,53677.206,4200821.219,0.015802289
446.155724842,0.221,221,2,52933.175,493444.933,53677.427,4200837.603,0.557916757
447.156423395,0.221,221,2,52933.396,493461.317,53677.648,4200853.987,1.000698553
448.157144646,0.221,221,2,52933.617,493469.509,53677.869,4200862.179,1.000721251
448.751722769,0.185,185,2,52933.802,493470.117,53678.054,4200862.787,0.594578123
448.754476401,1.775,1775,2,52935.577,493471.477,53679.829,4200864.147,0.00275363199995
448.757150554,2359.296,262144,2,55294.873,493471.477,56039.125,4200864.147,0.00267415300004
448.763699152,1048.576,262144,2,56343.449,493471.477,57087.701,4200864.147,0.00654859799999
448.770150741,1048.576,262144,2,57392.025,493471.477,58136.277,4200864.147,0.00645158899999
448.776759542,1048.576,262144,2,58440.601,493471.477,59184.853,4200864.147,0.00660880099997
448.783366737,1048.576,262144,2,59489.177,493471.477,60233.429,4200864.147,0.00660719500002
448.789978611,1048.576,262144,2,60537.753,493471.477,61282.005,4200864.147,0.00661187399999
448.796736245,1048.576,262144,2,61586.329,493471.477,62330.581,4200864.147,0.006757634
448.803359154,1048.576,262144,2,62634.905,493471.477,63379.157,4200864.147,0.00662290900004
448.809981365,476.977,262144,2,63111.882,493471.765,63856.134,4200864.435,0.00662221099998
448.859232879,0.185,185,2,63112.067,493480.533,63856.319,4200873.203,0.049251514
449.157838239,0.221,221,2,63112.288,493496.917,63856.54,4200889.587,0.29860536
450.158612779,0.221,221,2,63112.509,493513.301,63856.761,4200905.971,1.00077454
451.159337173,0.221,221,2,63112.73,493521.493,63856.982,4200914.163,1.000724394
451.937699561,0.339,339,2,63113.069,493530.229,63857.321,4200922.899,0.778362388
452.160064361,0.221,221,2,63113.29,493538.933,63857.542,4200931.603,0.2223648
452.792386669,0.19,190,2,63113.48,493548.181,63857.732,4200940.851,0.632322308
452.994074537,1.575,1575,2,63115.055,493548.181,63859.307,4200940.851,0.201687868
453.001572768,0.286,286,2,63115.341,494466.373,63859.593,4201859.043,0.007498231
453.012018928,0.19,190,2,63115.531,494475.221,63859.783,4201867.891,0.01044616
453.160798183,0.221,221,2,63115.752,494491.605,63860.004,4201884.275,0.148779255
454.161541085,0.221,221,2,63115.973,494507.989,63860.225,4201900.659,1.000742902
455.162361929,0.221,221,2,63116.194,494516.181,63860.446,4201908.851,1.000820844
455.535925006,2.382,2382,2,63118.576,494524.373,63862.828,4201917.043,0.373563077
456.163076057,0.221,221,2,63118.797,494540.757,63863.049,4201933.427,0.627151051
457.163608457,0.221,221,2,63119.018,494558.069,63863.27,4202016.595,1.0005324
