time,size,first_call,destination,dest_out_traffic,dest_in_traffic,total_network_out,total_network_in,dens10
4.012182354,0.244,244,2,0.244,24.576,0.244,26.624,0
4.075427906,0.183,183,2,0.427,40.96,0.427,43.008,0.063245552
5.092259057,0.183,183,2,0.61,57.344,0.61,59.392,1.016831151
6.093746669,0.183,183,2,0.793,73.728,0.793,75.776,1.001487612
7.095011605,0.183,183,2,0.976,90.112,0.976,92.16,1.001264936
8.09598981,0.183,183,2,1.159,106.496,1.159,108.544,1.000978205
9.097018234,0.183,183,2,1.342,122.88,1.342,124.928,1.001028424
10.097954543,0.183,183,2,1.525,139.264,1.525,141.312,1.000936309
11.099030377,0.183,183,2,1.708,155.648,1.708,157.696,1.001075834
12.100157182,0.183,183,2,1.891,163.84,1.891,165.888,1.001126805
12.116804202,0.166,166,2,2.057,174.528,2.057,176.576,0.01664702
12.639758206,0.268,268,2,2.325,174.788,2.325,176.836,0.522954004
12.677082739,0.253,253,2,2.578,191.172,2.578,193.22,0.037324533
13.107611531,0.219,219,2,2.797,223.94,2.797,225.988,0.430528792
13.167971311,0.283,283,2,3.08,240.324,3.08,242.372,0.06035978
13.2124187,0.207,207,2,3.287,256.708,3.287,258.756,0.044447389
13.25407166,0.102,102,2,3.389,264.9,3.389,266.948,0.04165296
13.28068439,0.126,126,2,3.515,67469.333,3.515,67471.381,0.02661273
13.693315095,0.291,291,2,3.806,67866.058,3.806,67868.106,0.412630705
13.695946919,0.234,234,2,4.04,135599.075,4.04,135601.123,0.002631824
13.960105304,0.126,126,2,4.166,172343.855,4.166,172345.903,0.264158385
14.108837725,0.219,219,2,4.385,194915.535,4.385,194917.583,0.148732421
14.697390524,0.405,405,2,4.79,194915.936,4.79,194917.984,0.588552799
14.699636363,0.23,230,2,5.02,194932.32,5.02,194934.368,0.002245839
14.723368284,0.174,174,2,5.194,194948.704,5.194,194950.752,0.023731921
14.724384419,0.188,188,2,5.382,194956.896,5.382,194958.944,0.001016135
14.725945403,0.124,124,2,5.506,195158.341,5.506,195160.389,0.001560984
14.732097116,0.651,651,2,6.157,195175.372,6.157,195177.42,0.006151713
14.755727479,0.17,170,2,6.327,195183.564,6.327,195185.612,0.023630363
14.75718068,0.681,184,2,7.008,195208.633,7.008,195210.681,0.001453201
14.759235378,0.124,124,2,7.132,195250.714,7.132,195252.762,0.002054698
14.772821874,0.379,379,2,7.511,195267.473,7.511,195269.521,0.013586496
15.110300395,0.219,219,2,7.73,195283.857,7.73,195285.905,0.337478521
15.77433331,0.312,156,2,8.042,195316.929,8.042,195318.977,0.664032915
16.111729137,0.219,219,2,8.261,195333.313,8.261,195335.361,0.337395827
17.113069175,0.219,219,2,8.48,195357.889,8.48,195359.937,1.001340038
17.381540862,0.264,264,2,8.744,195374.273,8.744,195376.321,0.268471687
18.114303879,0.219,219,2,8.963,195390.657,8.963,195392.705,0.732763017
19.116596227,0.219,219,2,9.182,195415.233,9.182,195417.281,1.002292348
19.311768129,0.328,328,2,9.51,195439.809,9.51,195441.857,0.195171902
19.314834959,0.252,252,2,9.762,195456.193,9.762,195458.241,0.00306683
19.387700991,0.131,131,2,9.893,195472.577,9.893,195474.625,0.072866032
19.410752868,0.11,110,2,10.003,195488.961,10.003,195491.009,0.023051877
19.614723041,0.11,110,2,10.113,195505.345,10.113,195507.393,0.203970173
20.016332051,0.11,110,2,10.223,195521.729,10.223,195523.777,0.40160901
20.137690165,0.368,368,5,0.368,40.96,11.914,195638.465,0.121358114
20.137632652,0.368,368,3,0.368,40.96,14.378,195654.849,0
20.137690181,0.368,368,7,0.368,40.96,16.842,195671.233,5.75289999993e-05
20.13743948,0.368,368,6,0.368,40.96,19.306,195687.617,0
20.117857749,0.219,219,2,10.442,195529.921,21.77,195728.577,0
20.84283474,0.131,131,2,10.573,195546.305,21.901,195744.961,0.724976991
21.119101827,0.219,219,2,10.792,195562.689,22.12,195761.345,0.276267087
22.120145676,0.219,219,2,11.011,195579.073,22.339,195777.729,1.001043849
22.444551124,0.11,110,2,11.121,195595.457,22.449,195794.113,0.324405448
23.121179396,0.219,219,2,11.34,195611.841,22.668,195810.497,0.676628272
24.122364407,0.219,219,2,11.559,195628.225,22.887,195826.881,1.001185011
25.123430667,0.219,219,2,11.778,195644.609,23.106,195843.265,1.00106626
25.446114559,0.11,110,2,11.888,195660.993,23.216,195859.649,0.322683892
26.124733043,0.219,219,2,12.107,195677.377,23.435,195876.033,0.678618484
27.12590455,0.219,219,2,12.326,195693.761,23.654,195892.417,1.001171507
28.127597064,0.219,219,2,12.545,195710.145,23.873,195908.801,1.001692514
28.447906721,0.11,110,2,12.655,195726.529,23.983,195925.185,0.320309657
20.235405243,2.464,2464,6,2.832,51.2,24.202,195935.425,0
20.233076832,2.464,2464,7,2.832,51.2,26.445,195940.033,0
29.334637764,2.243,2243,6,5.075,57.696,28.688,195946.529,9.101560932
29.12868344,0.219,219,2,12.874,195742.913,28.824,195961.889,0
29.605486368,2.243,2243,7,5.075,57.264,29.043,195973.585,0.476802928
20.228870749,2.464,2464,5,2.832,51.2,29.179,195989.969,0
20.230559283,2.464,2464,3,2.832,51.712,31.422,195995.601,0.001688534
30.130696072,0.219,219,2,13.093,195759.297,33.665,196007.873,9.900136789
30.610367843,2.243,2243,5,5.075,57.696,33.884,196018.481,0.479671771
30.86118027,2.243,2243,3,5.075,59.104,34.02,196028.945,0.250812427
31.13178489,0.219,219,2,13.312,195775.681,34.156,196039.185,0.27060462
32.120573573,0.221,221,8,0.221,40.96,34.487,196106.769,0.988788683
31.450753417,0.11,110,2,13.422,195792.065,34.632,196131.345,0
31.146874747,0.136,136,5,5.211,63.84,34.851,196139.537,0
30.181282969,0.136,136,7,5.211,71.6,43.144,196139.537,0
31.396292173,0.136,136,3,5.211,77.536,51.437,196139.537,1.215009204
29.908330096,0.136,136,6,5.211,64.864,59.73,196139.537,0
32.401721726,8.293,8293,5,13.504,83.296,68.023,196190.737,2.49339163
32.403420236,8.293,8293,6,13.504,76.128,68.268,196198.929,0.00169851
32.402805585,8.293,8293,3,13.504,114.4,68.513,196211.217,0
32.402283119,8.293,8293,7,13.504,92.08,68.758,196227.601,0
32.561208964,0.245,245,3,13.749,116.448,69.003,196234.769,0.158925845
32.563544996,0.245,245,7,13.749,94.128,72.155,196234.769,0.002336032
32.556938274,0.245,245,5,13.749,85.344,75.307,196234.769,0
32.55799985,0.245,245,6,13.749,78.176,78.459,196235.793,0.00106157600001
32.610985666,3.152,3152,5,16.901,122.208,81.611,196315.665,0.052985816
33.025510807,0.245,245,5,17.146,123.232,81.856,196320.785,0.414525141
32.613931754,3.152,3152,6,16.901,94.56,107.525,196320.785,0
33.029664827,0.245,245,6,17.146,95.584,107.77,196321.809,0.415733073
32.610983522,3.152,3152,7,16.901,126.896,133.439,196338.193,0
32.610982788,3.152,3152,3,16.901,125.664,133.75,196341.265,0
32.133304757,0.219,219,2,13.641,195808.449,134.061,196349.457,0
33.134598661,0.219,219,2,13.86,195824.833,134.28,196371.473,1.001293904
34.135643695,0.219,219,2,14.079,195841.217,134.499,196387.857,1.001045034
34.452632846,0.11,110,2,14.189,195857.601,134.609,196404.241,0.316989151
35.136547679,0.219,219,2,14.408,195873.985,134.828,196420.625,0.683914833
36.137297558,0.219,219,2,14.627,195890.369,135.047,196437.009,1.000749879
37.138269904,0.219,219,2,14.846,195906.753,135.266,196453.393,1.000972346
37.454436246,0.11,110,2,14.956,195923.137,135.376,196469.777,0.316166342
38.139322092,0.219,219,2,15.175,195939.521,135.595,196486.161,0.684885846
39.14023606,0.219,219,2,15.394,195955.905,135.814,196502.545,1.000913968
40.141324941,0.219,219,2,15.613,195972.289,136.033,196518.929,1.001088881
40.45614165,0.11,110,2,15.723,195988.673,136.143,196535.313,0.314816709
41.14238338,0.219,219,2,15.942,196005.057,136.362,196554.769,0.68624173
42.143505287,0.219,219,2,16.161,196021.441,136.581,196571.153,1.001121907
43.144644721,0.219,219,2,16.38,196037.825,136.8,196587.537,1.001139434
33.033656477,25.669,25669,6,42.815,119.136,136.91,196612.113,0
33.02960592,25.669,25669,5,42.815,133.472,145.203,196645.393,0
33.082581878,0.311,311,3,17.212,129.76,153.496,196645.393,0.052975958
33.05769135,0.311,311,7,17.212,139.184,161.789,196702.737,0
43.458056932,0.11,110,2,16.49,196054.209,170.082,196715.025,10.400365582
44.145670335,0.219,219,2,16.709,196070.593,170.301,196764.177,0.687613403
45.146752802,0.219,219,2,16.928,196086.977,170.52,196788.753,1.001082467
46.147808284,0.219,219,2,17.147,196103.361,170.739,196805.137,1.001055482
46.46013818,0.11,110,2,17.257,196119.745,170.849,196821.521,0.312329896
47.149354171,0.219,219,2,17.476,196136.129,171.068,196837.905,0.689215991
48.150286802,0.219,219,2,17.695,196152.513,171.287,196854.289,1.000932631
49.151051379,0.219,219,2,17.914,196168.897,171.506,196870.673,1.000764577
49.461956899,0.11,110,2,18.024,196185.281,171.616,196887.057,0.31090552
50.151840647,0.219,219,2,18.243,196201.665,171.835,196903.441,0.689883748
51.152557901,0.219,219,2,18.462,196218.049,172.054,196928.017,1.000717254
52.153255581,0.22,220,2,18.682,196226.241,172.274,196936.209,1.00069768
43.559802419,8.293,8293,6,51.108,164.192,172.384,196956.689,0
43.65076864,8.293,8293,5,51.108,215.392,180.677,196977.169,0.090966221
43.654053581,8.293,8293,3,25.505,158.432,188.97,197005.841,0.003284941
43.721084841,8.293,8293,7,25.505,147.376,197.264,197016.081,0.06703126
52.464631863,0.11,110,2,18.792,196242.625,205.558,197028.369,8.743547022
53.154096426,0.22,220,2,19.012,196259.009,205.778,197048.849,0.689464563
54.154817744,0.22,220,2,19.232,196275.393,205.998,197073.425,1.000721318
55.155529377,0.22,220,2,19.452,196291.777,206.218,197089.809,1.000711633
55.466331537,0.11,110,2,19.562,196308.161,206.328,197110.289,0.31080216
56.156369271,0.22,220,2,19.782,196324.545,206.548,197126.673,0.690037734
57.157235742,0.22,220,2,20.002,196340.929,206.768,197143.057,1.000866471
58.157906785,0.22,220,2,20.222,196357.313,206.988,197159.441,1.000671043
58.468018961,0.11,110,2,20.332,196373.697,207.098,197175.825,0.310112176
59.158783772,0.22,220,2,20.552,196390.081,207.318,197192.209,0.690764811
60.159612149,0.22,220,2,20.772,196406.465,207.538,197208.593,1.000828377
61.160734309,0.22,220,2,20.992,196422.849,207.758,197224.977,1.00112216
52.602201368,8.293,8293,5,59.401,256.352,207.868,197241.361,0
52.625241843,8.294,8294,3,33.799,201.44,216.162,197282.321,0.023040475
52.831594043,8.294,8294,7,33.799,159.664,224.456,197343.761,0.2063522
52.572718244,8.293,8293,6,59.401,176.48,232.75,197343.761,0
61.469702737,0.11,110,2,21.102,196439.233,241.044,197360.145,8.896984493
62.161798039,0.22,220,2,21.322,196455.617,241.264,197376.529,0.692095302
63.162852979,0.22,220,2,21.542,196472.001,241.484,197397.009,1.00105494
64.163879846,0.22,220,2,21.762,196488.385,241.704,197413.393,1.001026867
64.47188692,0.11,110,2,21.872,196504.769,241.814,197433.873,0.308007074
65.165070872,0.22,220,2,22.092,196521.153,242.034,197466.641,0.693183952
66.16602892,0.22,220,2,22.312,196537.537,242.254,197483.025,1.000958048
67.167123808,0.22,220,2,22.532,196553.921,242.474,197499.409,1.001094888
67.474871046,0.11,110,2,22.642,196570.305,242.584,197515.793,0.307747238
68.168141716,0.22,220,2,22.862,196586.689,242.804,197532.177,0.69327067
69.169088772,0.22,220,2,23.082,196603.073,243.024,197548.561,1.000947056
61.638597472,8.294,8294,5,67.695,272.736,243.244,197560.849,0
70.169912991,0.22,220,2,23.302,196619.457,251.538,197577.233,8.531315519
61.791309023,8.294,8294,3,42.093,275.168,251.648,197593.617,0
61.965983665,8.294,8294,7,42.093,171.952,259.942,197614.097,0.174674642
61.969136987,8.294,8294,6,67.695,184.672,268.236,197622.289,0.003153322
70.47668817,0.11,110,2,23.412,196635.841,276.53,197638.673,8.507551183
71.170782244,0.22,220,2,23.632,196652.225,276.75,197659.153,0.694094074
72.171630734,0.22,220,2,23.852,196668.609,276.97,197675.537,1.00084849
73.172395999,0.22,220,2,24.072,196684.993,277.19,197691.921,1.000765265
73.478675492,0.11,110,2,24.182,196701.377,277.3,197712.401,0.306279493
74.173255921,0.22,220,2,24.402,196717.761,277.52,197732.881,0.694580429
75.174076069,0.22,220,2,24.622,196734.145,277.74,197753.361,1.000820148
76.174968716,0.22,220,2,24.842,196750.529,277.96,197769.745,1.000892647
76.480245793,0.11,110,2,24.952,196766.913,278.07,197786.129,0.305277077
77.175785031,0.22,220,2,25.172,196783.297,278.29,197802.513,0.695539238
78.176465602,0.22,220,2,25.392,196799.681,278.51,197818.897,1.000680571
70.43989475,8.294,8294,5,75.989,289.12,278.73,197831.185,0
70.556505917,8.294,8294,3,50.387,303.84,287.024,197845.521,0.116611167
79.177062578,0.22,220,2,25.612,196816.065,295.318,197859.857,8.620556661
71.014256357,8.294,8294,6,75.989,201.056,295.428,197880.337,0
79.481885857,0.11,110,2,25.722,196832.449,303.722,197894.673,8.4676295
80.17787578,0.22,220,2,25.942,196848.833,303.942,197911.057,0.695989923
81.178675678,0.22,220,2,26.162,196865.217,304.162,197931.537,1.000799898
82.179431389,0.22,220,2,26.382,196881.601,304.382,197947.921,1.000755711
82.48354969,0.11,110,2,26.492,196897.985,304.492,197964.305,0.304118301
83.18016725,0.22,220,2,26.712,196906.177,304.712,197976.593,0.69661756
84.18096298,0.22,220,2,26.932,196922.561,304.932,197997.073,1.00079573
85.181735462,0.22,220,2,27.152,196938.945,305.152,198013.457,1.000772482
85.485059421,0.11,110,2,27.262,196955.329,305.262,198033.937,0.303323959
86.182612759,0.22,220,2,27.482,196971.713,305.482,198050.321,0.697553338
79.330271863,8.294,8294,5,84.283,332.128,305.702,198091.281,0
87.183665397,0.22,220,2,27.702,196988.097,313.996,198132.241,7.853393534
79.462882627,8.294,8294,3,58.681,346.848,314.216,198173.201,0
88.184905026,0.22,220,2,27.922,197004.481,322.51,198230.545,8.722022399
70.960643152,8.294,8294,7,50.387,196.528,322.62,198242.833,0
79.936528921,8.294,8294,6,84.283,244.064,330.914,198279.697,8.975885769
88.48706858,0.11,110,2,28.032,197020.865,339.208,198337.041,8.550539659
89.185994698,0.22,220,2,28.252,197037.249,339.428,198353.425,0.698926118
90.187039312,0.22,220,2,28.472,197053.633,339.648,198369.809,1.001044614
91.187857183,0.22,220,2,28.692,197070.017,339.868,198386.193,1.000817871
91.489185652,0.11,110,2,28.802,197086.401,339.978,198418.961,0.301328469
92.188879779,0.22,220,2,29.022,197102.785,340.198,198435.345,0.699694127
93.189677621,0.22,220,2,29.242,197119.169,340.418,198455.825,1.000797842
94.190479093,0.22,220,2,29.462,197135.553,340.638,198472.209,1.000801472
94.491125297,0.11,110,2,29.572,197151.937,340.748,198504.977,0.300646204
95.191503689,0.22,220,2,29.792,197168.321,340.968,198537.745,0.700378392
88.31009487,8.294,8294,3,66.975,420.576,341.188,198554.129,0
88.105883792,8.294,8294,5,92.577,397.664,349.482,198578.705,0
96.192653965,0.22,220,2,30.012,197184.705,357.776,198595.089,8.086770173
88.626532707,8.294,8294,7,58.681,208.816,357.996,198607.377,0
97.19366177,0.22,220,2,30.232,197201.089,366.29,198621.713,8.567129063
88.750275463,8.294,8294,6,92.577,317.792,366.4,198638.097,0
97.492747576,0.11,110,2,30.342,197217.473,374.694,198662.673,8.742472113
98.194750371,0.22,220,2,30.562,197233.857,374.914,198679.057,0.702002795
99.197073997,0.22,220,2,30.782,197250.241,375.134,198695.441,1.002323626
100.198105309,0.22,220,2,31.002,197266.625,375.354,198711.825,1.001031312
100.494206073,0.11,110,2,31.112,197283.009,375.464,198728.209,0.296100764
101.198987871,0.22,220,2,31.332,197299.393,375.684,198748.689,0.704781798
102.199964791,0.22,220,2,31.552,197315.777,375.904,198765.073,1.00097692
103.201464213,0.22,220,2,31.772,197332.161,376.124,198781.457,1.001499422
103.49587127,0.11,110,2,31.882,197348.545,376.234,198801.937,0.294407057
104.202553928,0.22,220,2,32.102,197364.929,376.454,198826.513,0.706682658
96.933063928,8.294,8294,3,75.269,436.96,376.674,198842.897,0
97.065446909,8.294,8294,5,100.871,422.24,384.968,198859.281,0.132382981
105.203735061,0.22,220,2,32.322,197381.313,393.262,198887.953,8.138288152
97.460511711,8.294,8294,7,66.975,251.824,393.482,198928.913,0
97.618244491,8.294,8294,6,100.871,342.368,401.776,198965.777,0.15773278
106.20495425,0.22,220,2,32.542,197397.697,410.07,198978.065,8.586709759
106.497698215,0.11,110,2,32.652,197414.081,410.18,198994.449,0.292743965
107.20604407,0.22,220,2,32.872,197430.465,410.4,199010.833,0.708345855
108.20684383,0.22,220,2,33.092,197446.849,410.62,199027.217,1.00079976
109.207704554,0.22,220,2,33.312,197463.233,410.84,199043.601,1.000860724
109.499678362,0.11,110,2,33.422,197479.617,410.95,199059.985,0.291973808
110.208607623,0.22,220,2,33.642,197496.001,411.17,199076.369,0.708929261
111.209532839,0.22,220,2,33.862,197512.385,411.39,199096.849,1.000925216
112.210417896,0.22,220,2,34.082,197545.153,411.61,199129.617,1.000885057
113.21126339,0.22,220,2,34.302,197561.537,411.83,199162.385,1.000845494
105.675035339,8.294,8294,3,83.563,457.44,412.05,199174.673,0
105.815287108,8.294,8294,5,109.165,438.624,420.344,199184.913,0.140251769
106.251374348,8.294,8294,7,75.269,317.36,428.638,199217.681,0.43608724
106.465622003,8.294,8294,6,109.165,354.656,436.932,199229.969,0.214247655
114.212328557,0.22,220,2,34.522,197577.921,445.226,199246.353,7.746706554
115.213610264,0.22,220,2,34.742,197594.305,445.446,199262.737,1.001281707
115.504541041,0.11,110,2,34.852,197602.497,445.556,199277.073,0.290930777
116.21534921,0.22,220,2,35.072,197618.881,445.776,199293.457,0.710808169
117.216319336,0.22,220,2,35.292,197635.265,445.996,199309.841,1.000970126
118.217087282,0.22,220,2,35.512,197651.649,446.216,199326.225,1.000767946
118.50631529,0.11,110,2,35.622,197668.033,446.326,199342.609,0.289228008
119.218013066,0.22,220,2,35.842,197684.417,446.546,199358.993,0.711697776
120.218970415,0.22,220,2,36.062,197700.801,446.766,199375.377,1.000957349
121.219770673,0.22,220,2,36.282,197717.185,446.986,199391.761,1.000800258
121.507934094,0.11,110,2,36.392,197733.569,447.096,199416.337,0.288163421
114.52092016,8.294,8294,5,117.459,487.776,447.316,199457.297,0
114.400411714,8.294,8294,3,91.857,535.264,455.61,199571.985,0
122.220635289,0.22,220,2,36.612,197749.953,463.904,199612.945,7.820223575
115.090780241,8.294,8294,7,83.563,346.032,464.124,199641.617,0
115.21009953,8.294,8294,6,117.459,436.576,472.418,199713.297,0.119319289
123.221769548,0.22,220,2,36.832,197766.337,480.712,199754.257,8.011670018
124.222783053,0.22,220,2,37.052,197782.721,480.932,199770.641,1.001013505
124.509528907,0.11,110,2,37.162,197799.105,481.042,199803.409,0.286745854
125.223872843,0.22,220,2,37.382,197815.489,481.262,199827.985,0.714343936
126.224896106,0.22,220,2,37.602,197831.873,481.482,199844.369,1.001023263
127.225776527,0.22,220,2,37.822,197848.257,481.702,199860.753,1.000880421
127.511181832,0.11,110,2,37.932,197864.641,481.812,199877.137,0.285405305
128.22667131,0.22,220,2,38.152,197881.025,482.032,199893.521,0.715489478
129.227522095,0.22,220,2,38.372,197897.409,482.252,199909.905,1.000850785
130.228322381,0.22,220,2,38.592,197913.793,482.472,199926.289,1.000800286
130.513032477,0.11,110,2,38.702,197930.177,482.582,199942.673,0.284710096
123.034131605,8.294,8294,3,100.151,584.416,482.802,199959.057,0
123.025114721,8.294,8294,5,125.753,561.504,491.096,200000.017,0
131.229818687,0.22,220,2,38.922,197946.561,499.39,200016.401,8.204703966
123.836085493,8.294,8294,6,125.753,493.92,499.611,200032.785,0
123.831503021,8.294,8294,7,91.857,358.32,507.905,200051.217,0
132.231062099,0.221,221,2,39.143,197962.945,516.199,200124.945,8.399559078
133.232117633,0.221,221,2,39.364,197979.329,516.42,200141.329,1.001055534
133.514796616,0.11,110,2,39.474,197995.713,516.53,200174.097,0.282678983
134.233033793,0.221,221,2,39.695,198012.097,516.751,200198.673,0.718237177
135.233956083,0.221,221,2,39.916,198028.481,516.972,200219.153,1.00092229
136.234882966,0.221,221,2,40.137,198044.865,517.193,200235.537,1.000926883
136.516440257,0.11,110,2,40.247,198061.249,517.303,200251.921,0.281557291
137.235777996,0.221,221,2,40.468,198077.633,517.524,200268.305,0.719337739
138.236590077,0.221,221,2,40.689,198094.017,517.745,200284.689,1.000812081
139.238659271,0.221,221,2,40.91,198110.401,517.966,200301.073,1.002069194
131.590930302,8.294,8294,3,108.445,608.992,518.076,200313.361,0
139.518340127,0.11,110,2,41.02,198126.785,526.37,200329.745,7.927409825
132.220334121,8.294,8294,5,134.047,586.08,526.591,200346.129,0
140.239967851,0.221,221,2,41.241,198143.169,534.885,200366.609,8.01963373
132.61106878,8.294,8294,6,134.047,510.304,535.106,200378.897,0
132.648403053,8.294,8294,7,100.151,456.624,543.4,200403.473,0.037334273
141.242130656,0.221,221,2,41.462,198159.553,551.694,200428.049,8.593727603
142.243057393,0.221,221,2,41.683,198175.937,551.915,200444.433,1.000926737
142.520345859,0.11,110,2,41.793,198192.321,552.025,200460.817,0.277288466
143.243919691,0.221,221,2,42.014,198208.705,552.246,200489.489,0.723573832
144.244767619,0.221,221,2,42.235,198225.089,552.467,200514.065,1.000847928
145.245557121,0.221,221,2,42.456,198241.473,552.688,200530.449,1.000789502
145.521998458,0.11,110,2,42.566,198257.857,552.798,200555.025,0.276441337
146.246382672,0.221,221,2,42.787,198274.241,553.019,200571.409,0.724384214
147.247132909,0.221,221,2,43.008,198282.433,553.24,200579.601,1.000750237
148.247901204,0.221,221,2,43.229,198298.817,553.461,200595.985,1.000768295
140.161102739,8.294,8294,3,116.739,690.912,553.571,200669.713,0
148.523527471,0.11,110,2,43.339,198315.201,561.865,200710.673,8.362424732
141.179544267,8.294,8294,5,142.341,614.752,562.086,200727.057,0
141.381896634,8.294,8294,6,142.341,592.224,570.38,200858.129,0.202352367
149.248702443,0.221,221,2,43.56,198331.585,578.674,200899.089,7.866805809
141.716340815,8.294,8294,7,108.445,485.296,578.895,200915.473,0
150.24951735,0.221,221,2,43.781,198347.969,587.189,200927.761,8.533176535
151.250352004,0.221,221,2,44.002,198364.353,587.41,200944.145,1.000834654
151.525145447,0.11,110,2,44.112,198380.737,587.52,200968.721,0.274793443
152.251165224,0.221,221,2,44.333,198397.121,587.741,200985.105,0.726019777
153.251999151,0.221,221,2,44.554,198413.505,587.962,201009.681,1.000833927
154.252919449,0.221,221,2,44.775,198429.889,588.183,201026.065,1.000920298
154.526664769,0.11,110,2,44.885,198446.273,588.293,201058.833,0.27374532
155.253751439,0.221,221,2,45.106,198462.657,588.514,201091.601,0.72708667
156.254575892,0.221,221,2,45.327,198479.041,588.735,201107.985,1.000824453
148.827311035,8.294,8294,3,125.033,752.352,588.956,201128.465,0
157.25526779,0.221,221,2,45.548,198495.425,597.25,201144.849,8.427956755
157.5281739,0.11,110,2,45.658,198511.809,597.36,201161.233,0.27290611
149.833707483,8.294,8294,5,150.635,713.056,597.581,201185.809,0
150.021392815,8.294,8294,6,150.635,649.568,605.875,201218.577,0.187685332
158.256054391,0.221,221,2,45.879,198528.193,614.169,201234.961,8.234661576
159.256905175,0.221,221,2,46.1,198544.577,614.39,201284.113,1.000850784
160.257698395,0.221,221,2,46.321,198560.961,614.611,201300.497,1.00079322
160.530657849,0.11,110,2,46.431,198577.345,614.721,201316.881,0.272959454
161.258564843,0.221,221,2,46.652,198593.729,614.942,201337.361,0.727906994
162.259402566,0.221,221,2,46.873,198610.113,615.163,201353.745,1.000837723
163.260542728,0.221,221,2,47.094,198626.497,615.384,201370.129,1.001140162
163.532733404,0.11,110,2,47.204,198642.881,615.494,201419.281,0.272190676
164.261374946,0.221,221,2,47.425,198659.265,615.715,201443.857,0.728641542
165.262091142,0.221,221,2,47.646,198675.649,615.936,201472.529,1.000716196
166.262854427,0.221,221,2,47.867,198692.033,616.157,201488.913,1.000763285
158.424949956,8.294,8294,5,158.929,741.728,616.267,201501.201,0
167.201794689,8.331,8331,5,167.26,751.968,624.598,201511.441,8.776844733
167.217022673,0.245,245,5,167.505,752.96,624.843,201512.433,0.015227984
167.220584957,2.424,2424,5,169.929,756.032,627.267,201515.505,0.003562284
166.534798987,0.11,110,2,47.977,198708.417,627.4,201524.689,0
167.246189576,0.133,133,5,170.062,757.024,627.621,201532.881,0.711390589
167.26373793,0.221,221,2,48.198,198724.801,627.924,201541.073,0.017548354
168.264551245,0.221,221,2,48.419,198741.185,628.145,201557.457,1.000813315
169.265259438,0.221,221,2,48.64,198757.569,628.366,201573.841,1.000708193
169.536448745,0.11,110,2,48.75,198773.953,628.476,201590.225,0.271189307
170.266006629,0.221,221,2,48.971,198790.337,628.697,201606.609,0.729557884
171.266689297,0.221,221,2,49.192,198806.721,628.918,201631.185,1.000682668
172.267975128,0.221,221,2,49.413,198823.105,629.139,201647.569,1.001285831
172.538790011,0.11,110,2,49.523,198839.489,629.249,201663.953,0.270814883
173.268922316,0.221,221,2,49.744,198855.873,629.47,201696.721,0.730132305
174.269651162,0.221,221,2,49.965,198872.257,629.691,201716.465,1.000728846
175.270423276,0.221,221,2,50.186,198888.641,629.912,201732.849,1.000772114
175.540345434,0.111,111,2,50.297,198905.025,630.023,201753.329,0.269922158
176.271202452,0.221,221,2,50.518,198921.409,630.244,201769.713,0.730857018
177.271959787,0.221,221,2,50.739,198937.793,630.465,201786.097,1.000757335
178.272637542,0.221,221,2,50.96,198954.177,630.686,201802.481,1.000677755
178.541783551,0.111,111,2,51.071,198970.561,630.797,201818.865,0.269146009
179.273389867,0.221,221,2,51.292,198978.753,631.018,201827.057,0.731606316
180.274092505,0.221,221,2,51.513,198995.137,631.239,201843.441,1.000702638
181.274777814,0.221,221,2,51.734,199011.521,631.46,201859.825,1.000685309
181.543326767,0.111,111,2,51.845,199027.905,631.571,201880.305,0.268548953
182.275536488,0.221,221,2,52.066,199044.289,631.792,201896.689,0.732209721
183.276494498,0.221,221,2,52.287,199060.673,632.013,201929.457,1.00095801
184.277299383,0.221,221,2,52.508,199077.057,632.234,201945.841,1.000804885
184.545028259,0.111,111,2,52.619,199093.441,632.345,201966.321,0.267728876
185.278129428,0.221,221,2,52.84,199109.825,632.566,201986.801,0.733101169
186.278925405,0.221,221,2,53.061,199126.209,632.787,202003.185,1.000795977
187.279653083,0.221,221,2,53.282,199142.593,633.008,202019.569,1.000727678
187.546510883,0.111,111,2,53.393,199158.977,633.119,202035.953,0.2668578
188.280394264,0.221,221,2,53.614,199175.361,633.34,202052.337,0.733883381
189.28113655,0.221,221,2,53.835,199191.745,633.561,202068.721,1.000742286
190.281846626,0.221,221,2,54.056,199208.129,633.782,202085.105,1.000710076
190.548093265,0.111,111,2,54.167,199224.513,633.893,202101.489,0.266246639
191.28260022,0.221,221,2,54.388,199240.897,634.114,202118.897,0.734506955
192.283398457,0.221,221,2,54.609,199257.281,634.335,202135.281,1.000798237
193.284257536,0.221,221,2,54.83,199273.665,634.556,202151.665,1.000859079
158.739782066,8.294,8294,6,158.929,679.264,634.667,202249.969,0
157.464228037,8.294,8294,3,133.327,776.928,642.916,202249.969,0
150.523802051,8.294,8294,7,116.739,604.08,651.165,202249.969,0
167.265175727,0.303,303,5,170.365,846.4,659.414,202249.969,16.741373676
193.796521441,8.249,8249,5,178.614,883.264,667.663,202305.265,26.531345714
193.803662049,0.245,245,5,178.859,884.224,667.908,202306.225,0.00714060799999
193.79534565,8.249,8249,6,167.178,698.72,670.265,202328.753,0
193.810327628,0.278,278,6,167.456,699.712,670.543,202346.129,0.014981978
193.795685135,8.249,8249,3,141.576,812.768,672.9,202362.513,0
193.796171911,8.249,8249,7,124.988,624.56,673.178,202370.705,0.000486775999974
193.814643182,0.278,278,3,141.854,813.792,673.456,202379.921,0.018471271
193.813788984,2.357,2357,6,169.813,712.0,675.813,202404.497,0
193.818168259,2.357,2357,3,144.211,838.368,675.946,202412.689,0.00437927499999
193.816431806,0.278,278,7,125.266,630.704,676.079,202414.737,0
193.838785809,0.133,133,6,169.946,714.048,676.212,202416.785,0.022354003
193.843999971,0.133,133,3,144.344,842.464,676.515,202420.881,0.00521416199999
193.84744071,0.133,133,7,125.399,631.728,676.818,202421.905,0.00344073900001
193.550481704,0.111,111,2,54.941,199290.049,677.121,202430.097,0
193.806056317,2.357,2357,5,181.216,894.464,677.342,202442.385,0.255574613
194.657508666,8.249,8249,5,189.465,976.384,685.591,202524.305,0.851452349
194.285041861,0.221,221,2,55.162,199306.433,685.724,202557.073,0
195.285892609,0.221,221,2,55.383,199322.817,685.945,202577.553,1.000850748
196.28684277,0.221,221,2,55.604,199339.201,686.166,202593.937,1.000950161
196.552662294,0.111,111,2,55.715,199355.585,686.277,202610.321,0.265819524
197.287681738,0.221,221,2,55.936,199371.969,686.498,202626.705,0.735019444
198.288415056,0.221,221,2,56.157,199388.353,686.719,202643.089,1.000733318
199.28916905,0.221,221,2,56.378,199404.737,686.94,202659.473,1.000753994
199.555990574,0.111,111,2,56.489,199421.121,687.051,202675.857,0.266821524
200.289961379,0.221,221,2,56.71,199437.505,687.272,202692.241,0.733970805
201.290828949,0.221,221,2,56.931,199453.889,687.493,202711.185,1.00086757
202.2916807,0.221,221,2,57.152,199470.273,687.714,202727.569,1.000851751
202.557596304,0.111,111,2,57.263,199486.657,687.825,202743.953,0.265915604
203.292543161,0.221,221,2,57.484,199503.041,688.046,202763.313,0.734946857
204.293656128,0.221,221,2,57.705,199519.425,688.267,202796.081,1.001112967
205.294644146,0.221,221,2,57.926,199535.809,688.488,202812.465,1.000988018
205.559055321,0.111,111,2,58.037,199552.193,688.599,202845.233,0.264411175
206.295460113,0.221,221,2,58.258,199568.577,688.82,202861.617,0.736404792
207.29629752,0.221,221,2,58.479,199584.961,689.041,202878.001,1.000837407
208.296968354,0.221,221,2,58.7,199601.345,689.262,202894.385,1.000670834
208.560437846,0.111,111,2,58.811,199617.729,689.373,202910.769,0.263469492
209.297728786,0.221,221,2,59.032,199634.113,689.594,202927.153,0.73729094
210.298864916,0.221,221,2,59.253,199650.497,689.815,202943.537,1.00113613
211.299701391,0.221,221,2,59.474,199666.881,690.036,202959.921,1.000836475
211.561813707,0.111,111,2,59.585,199675.073,690.147,202984.497,0.262112316
212.300456974,0.221,221,2,59.806,199691.457,690.368,203000.881,0.738643267
213.301193399,0.221,221,2,60.027,199707.841,690.589,203021.361,1.000736425
214.301951028,0.221,221,2,60.248,199724.225,690.81,203037.745,1.000757629
214.563620708,0.111,111,2,60.359,199740.609,690.921,203054.129,0.26166968
215.302866168,0.221,221,2,60.58,199756.993,691.142,203086.897,0.73924546
216.304037182,0.221,221,2,60.801,199773.377,691.363,203119.665,1.001171014
217.305435939,0.221,221,2,61.022,199789.761,691.584,203148.337,1.001398757
217.56563879,0.111,111,2,61.133,199806.145,691.695,203187.249,0.260202851
218.306413293,0.221,221,2,61.354,199822.529,691.916,203220.017,0.740774503
219.307281398,0.221,221,2,61.575,199838.913,692.137,203236.401,1.000868105
220.308325451,0.221,221,2,61.796,199855.297,692.358,203252.785,1.001044053
220.567293977,0.111,111,2,61.907,199871.681,692.469,203269.169,0.258968526
221.309172878,0.221,221,2,62.128,199888.065,692.69,203318.321,0.741878901
222.309973277,0.221,221,2,62.349,199904.449,692.911,203334.705,1.000800399
223.310839116,0.221,221,2,62.57,199920.833,693.132,203351.089,1.000865839
223.569054374,0.111,111,2,62.681,199937.217,693.243,203433.009,0.258215258
224.312081362,0.221,221,2,62.902,199953.601,693.464,203469.873,0.743026988
225.31300863,0.221,221,2,63.123,199969.985,693.685,203492.401,1.000927268
226.313903674,0.221,221,2,63.344,199986.369,693.906,203508.785,1.000895044
193.859085067,0.303,303,3,144.647,910.048,694.017,203525.169,0
193.860991762,0.303,303,7,125.702,718.672,702.266,203525.169,0.001906695
193.853315067,0.303,303,6,170.249,786.24,710.515,203525.169,0
194.664933195,0.133,133,5,189.598,1054.208,718.764,203525.169,0.811618128
226.692378005,8.249,8249,3,152.896,946.912,727.013,203643.953,32.02744481
226.693256667,8.249,8249,6,178.498,859.968,727.258,203717.681,0.000878662000019
226.692805324,8.249,8249,7,133.951,767.824,727.503,203718.177,0
226.698253324,0.245,245,3,153.141,947.904,727.748,203719.665,0.005448
226.699320355,0.245,245,6,178.743,860.928,730.075,203720.145,0.00106703099999
226.699610106,0.245,245,7,134.196,768.848,732.402,203769.809,0.000289750999997
226.693787045,8.249,8249,5,197.847,1136.128,734.729,203769.809,0
226.703323244,0.245,245,5,198.092,1137.056,734.974,203807.601,0.009536199
226.570632062,0.111,111,2,63.455,200002.753,737.301,203840.369,0
226.706173275,2.327,2327,5,200.419,1173.92,737.522,203883.377,0.135541213
227.314746121,0.221,221,2,63.676,200019.137,745.771,203899.761,0.608572846
228.315564178,0.221,221,2,63.897,200035.521,745.992,203916.145,1.000818057
229.316882086,0.221,221,2,64.118,200051.905,746.213,203936.625,1.001317908
229.572136635,0.111,111,2,64.229,200068.289,746.324,203953.009,0.255254549
228.021573075,8.249,8249,5,208.668,1186.208,746.545,203961.201,0
226.702236789,2.327,2327,6,181.07,881.408,746.714,203961.201,0
226.700875762,2.327,2327,3,155.468,972.48,746.883,203961.201,0
226.702689716,2.327,2327,7,136.523,783.184,747.052,203961.201,0.001813954
230.342621365,0.169,169,5,208.837,1194.4,747.221,204073.841,3.639931649
230.346483285,0.169,169,6,181.239,914.176,747.39,204073.841,0.00386191999999
230.346544954,0.169,169,3,155.637,978.624,747.559,204073.841,6.16689999902e-05
230.346642894,0.169,169,7,136.692,848.72,747.728,204073.841,9.79400000176e-05
230.368306667,0.169,169,5,209.006,1197.472,747.897,204203.889,0.021663773
230.368592739,0.169,169,3,155.806,982.72,748.066,204203.889,0.000286071999994
230.368805878,0.169,169,7,136.861,897.872,748.235,204203.889,0.000213138999982
230.368409118,0.169,169,6,181.408,987.904,748.404,204203.889,0
230.380173927,0.169,169,6,181.577,1006.336,748.573,204238.097,0.011764809
230.379431398,0.169,169,5,209.175,1198.944,748.742,204238.097,0
230.380173271,0.169,169,7,137.03,910.16,748.911,204238.097,0.000741872999981
230.379731203,0.169,169,3,155.975,984.736,749.08,204238.097,0
230.386496409,0.169,169,3,156.144,986.16,749.249,204249.057,0.00676520599998
230.386126854,0.169,169,6,181.746,1010.944,757.698,204249.057,0
230.386182256,0.169,169,5,209.344,1200.8,766.147,204249.057,5.54020000152e-05
230.386308938,0.169,169,7,137.199,913.232,774.596,204249.057,0.000126682000001
230.43526167,8.449,8449,6,190.195,1021.632,783.045,204267.681,0.048952732
230.435045259,8.449,8449,3,164.593,989.44,783.29,204271.777,0
230.436084709,8.449,8449,7,145.648,923.904,783.535,204275.873,0.00103945000001
230.441968709,0.245,245,7,145.893,924.896,783.78,204279.201,0.00588400000001
230.441388843,0.245,245,6,190.44,1023.008,865.76,204279.201,0
230.435775366,8.449,8449,5,217.793,1203.968,1031.504,204280.193,0
230.441461804,0.245,245,3,164.838,990.864,1052.913,204281.105,0.005686438
230.444545367,0.245,245,5,218.038,1205.296,1185.909,204288.129,0.00308356299999
230.443994252,144.58,81980,7,290.473,931.04,1307.321,204294.177,0
230.882591315,0.245,245,7,290.718,932.464,1307.566,204295.601,0.438597063
230.443994679,124.308,81980,6,314.748,1029.152,1346.725,204298.673,0
230.954815535,0.278,278,6,315.026,1030.464,1347.003,204299.985,0.510820856
230.446501681,132.996,81980,3,297.834,992.816,1386.162,204301.969,0
230.992289137,0.311,311,3,298.145,994.176,1386.473,204303.329,0.545787456
230.317819508,0.221,221,2,64.45,200084.673,1425.632,204312.449,0
231.319010539,0.221,221,2,64.671,200101.057,1425.853,204331.809,1.001191031
232.319923693,0.221,221,2,64.892,200117.441,1426.074,204348.193,1.000913154
230.447557297,121.412,81980,5,339.45,1207.184,1426.185,204357.313,0
232.573902923,0.111,111,2,65.003,200133.825,1426.529,204366.401,2.126345626
230.994382208,39.159,39159,3,337.304,998.592,1426.75,204381.057,0
234.091024008,8.449,8449,3,345.753,19873.984,1435.199,223256.449,3.0966418
233.3214952,0.221,221,2,65.224,200150.209,1435.445,223264.641,0
230.884545094,39.159,39159,7,329.877,18151.952,1435.666,240488.321,0
230.956987149,39.159,39159,6,354.185,17727.712,1435.912,257189.281,0.072442055
234.32260913,0.221,221,2,65.445,200166.593,1436.158,257201.569,3.365621981
235.323794822,0.221,221,2,65.666,200182.977,1436.379,257220.433,1.001185692
234.238937878,0.246,246,3,345.999,19889.776,1436.49,257241.937,0
235.57566057,0.111,111,2,65.777,200199.361,1436.73,257253.713,1.336722692
236.324926465,0.221,221,2,65.998,200215.745,1436.951,257273.009,0.749265895
237.325893551,0.221,221,2,66.219,200232.129,1437.172,257289.393,1.000967086
238.326685497,0.221,221,2,66.44,200248.513,1437.393,257305.777,1.000791946
238.5778231,0.111,111,2,66.551,200264.897,1437.504,257322.161,0.251137603
239.32756683,0.221,221,2,66.772,200281.281,1437.725,257338.545,0.74974373
240.328327,0.221,221,2,66.993,200297.665,1437.946,257354.929,1.00076017
241.329108551,0.221,221,2,67.214,200314.049,1438.167,257371.313,1.000781551
241.579172703,0.111,111,2,67.325,200330.433,1438.278,257388.721,0.250064152
242.329979717,0.221,221,2,67.546,200346.817,1438.499,257405.105,0.750807014
243.330824653,0.221,221,2,67.767,200355.009,1438.72,257414.833,1.000844936
244.331818066,0.221,221,2,67.988,200371.393,1438.941,257431.217,1.000993413
244.580467533,0.111,111,2,68.099,200387.777,1439.052,257451.697,0.248649467
245.332774643,0.221,221,2,68.32,200404.161,1439.273,257484.465,0.75230711
246.333546527,0.221,221,2,68.541,200420.545,1439.494,257500.849,1.000771884
247.334458893,0.221,221,2,68.762,200436.929,1439.715,257517.233,1.000912366
247.581809956,0.111,111,2,68.873,200453.313,1439.826,257533.617,0.247351063
248.335295115,0.221,221,2,69.094,200469.697,1440.047,257550.001,0.753485159
249.336055866,0.221,221,2,69.315,200486.081,1440.268,257566.385,1.000760751
250.336800636,0.221,221,2,69.536,200502.465,1440.489,257582.769,1.00074477
232.614217501,0.344,344,5,339.794,20389.008,1440.6,276762.289,0
250.583107886,0.111,111,2,69.647,200518.849,1440.846,276772.529,17.968890385
251.337576406,0.221,221,2,69.868,200535.233,1441.067,276789.905,0.75446852
252.338531438,0.221,221,2,70.089,200551.617,1441.288,276806.289,1.000955032
253.339365475,0.221,221,2,70.31,200584.385,1441.509,276840.065,1.000834037
254.340208929,0.221,221,2,70.531,200600.769,1441.73,276857.473,1.000843454
255.340919609,0.221,221,2,70.752,200617.153,1441.951,276886.145,1.00071068
256.341746859,0.221,221,2,70.973,200633.537,1442.172,276902.529,1.00082725
256.585834558,0.111,111,2,71.084,200649.921,1442.283,276918.913,0.244087699
257.342579134,0.221,221,2,71.305,200666.305,1442.504,276935.297,0.756744576
258.343605862,0.221,221,2,71.526,200682.689,1442.725,276951.681,1.001026728
259.344699823,0.221,221,2,71.747,200699.073,1442.946,276968.065,1.001093961
259.587208332,0.111,111,2,71.858,200715.457,1443.057,276984.449,0.242508509
260.346204143,0.221,221,2,72.079,200731.841,1443.278,277000.833,0.758995811
261.34701405,0.221,221,2,72.3,200748.225,1443.499,277018.177,1.000809907
262.347805622,0.221,221,2,72.521,200764.609,1443.72,277034.561,1.000791572
262.588574088,0.111,111,2,72.632,200780.993,1443.831,277050.945,0.240768466
263.348540022,0.221,221,2,72.853,200797.377,1444.052,277068.305,0.759965934
264.349306293,0.221,221,2,73.074,200813.761,1444.273,277085.681,1.000766271
265.350062894,0.221,221,2,73.295,200830.145,1444.494,277102.065,1.000756601
265.590063075,0.111,111,2,73.406,200846.529,1444.605,277122.545,0.240000181
266.35095038,0.221,221,2,73.627,200862.913,1444.826,277138.929,0.760887305
267.352415681,0.221,221,2,73.848,200879.297,1445.047,277155.313,1.001465301
268.353346925,0.221,221,2,74.069,200895.681,1445.268,277171.697,1.000931244
268.591508388,0.111,111,2,74.18,200912.065,1445.379,277188.081,0.238161463
269.35465149,0.221,221,2,74.401,200928.449,1445.6,277204.465,0.763143102
270.355331798,0.221,221,2,74.622,200944.833,1445.821,277220.849,1.000680308
271.355935422,0.221,221,2,74.843,200961.217,1446.042,277237.233,1.000603624
271.592847912,0.111,111,2,74.954,200977.601,1446.153,277254.081,0.23691249
272.356623383,0.221,221,2,75.175,200993.985,1446.374,277270.465,0.763775471
273.35730208,0.221,221,2,75.396,201010.369,1446.595,277287.793,1.000678697
274.357997749,0.221,221,2,75.617,201026.753,1446.816,277304.177,1.000695669
274.594121327,0.111,111,2,75.728,201043.137,1446.927,277321.521,0.236123578
275.358842251,0.221,221,2,75.949,201051.329,1447.148,277337.905,0.764720924
276.359658214,0.221,221,2,76.17,201067.713,1447.369,277360.433,1.000815963
277.360425734,0.221,221,2,76.391,201084.097,1447.59,277376.817,1.00076752
277.595447029,0.111,111,2,76.502,201100.481,1447.701,277393.201,0.235021295
278.361162343,0.221,221,2,76.723,201116.865,1447.922,277409.585,0.765715314
279.361764527,0.221,221,2,76.944,201133.249,1448.143,277425.969,1.000602184
280.362336971,0.221,221,2,77.165,201149.633,1448.364,277442.353,1.000572444
235.639985726,0.24,240,3,346.239,35740.784,1448.475,293250.865,0
251.182116829,0.246,246,5,340.04,20394.032,1448.721,293275.441,15.542131103
234.98682141,0.246,246,6,354.431,17735.248,1448.89,293275.441,0
280.9046653,0.246,246,3,346.485,35765.36,1449.059,293275.441,45.91784389
234.598051242,0.246,246,7,330.123,18161.536,1449.228,293275.441,0
280.912954384,0.169,169,7,330.292,18163.328,1449.397,293286.993,46.314903142
280.912809091,0.169,169,3,346.654,35771.504,1457.73,293286.993,0
280.912775816,0.169,169,6,354.6,17737.04,1466.063,293286.993,0
280.91266781,0.169,169,5,340.209,20395.856,1474.396,293286.993,0
281.108619897,8.333,8333,5,348.542,20398.016,1482.729,293295.937,0.195952087
281.107368341,8.333,8333,7,338.625,18165.904,1482.898,293295.937,0
281.108302817,8.333,8333,6,362.933,17739.2,1483.067,293295.937,0.000934475999998
281.10781149,8.333,8333,3,354.987,35773.552,1483.236,293295.937,0
281.166603566,0.414,169,3,355.401,35795.312,1484.385,293323.617,0.058792076
281.166601043,0.414,169,7,339.039,18167.76,2006.2,293324.097,0
281.166601057,0.414,169,6,363.347,17740.528,2528.015,293324.097,1.39999656312e-08
281.169535545,521.815,262144,3,877.216,35795.312,3052.303,293324.097,0.00293448799999
281.169730071,521.815,262144,7,860.854,18167.76,3476.077,293324.097,0.00019452600003
281.166600194,0.414,169,5,348.956,20401.232,3964.042,293325.073,0
281.170723137,423.774,259671,3,1300.99,35801.456,4488.33,293331.217,0.00412294299997
281.170968354,487.965,259671,7,1348.819,18167.76,4729.656,293331.217,0.000245217000042
281.170396812,524.288,262144,6,887.635,17741.504,4811.223,293331.217,0
281.172876724,241.326,164103,3,1542.316,35801.456,5304.078,293331.217,0.00247991200001
281.171255435,524.288,262144,5,873.244,20401.232,5381.301,293332.129,0
281.174179009,492.855,262144,6,1380.49,17741.504,5874.156,293332.129,0.00292357400002
281.175284269,492.855,262144,5,1366.099,20401.232,6283.45,293332.129,0.00110525999997
281.177028567,409.294,230711,6,1789.784,17741.504,6692.744,293332.129,0.00174429800001
281.178197077,409.294,230711,5,1775.393,20401.232,6993.438,293332.129,0.00116851000001
281.178646468,300.694,178583,6,2090.478,17741.504,7294.132,293332.129,0.000449391000018
281.179462946,300.694,178583,5,2076.087,20401.232,7550.417,293332.129,0.00081647799999
280.596732678,0.111,111,2,77.276,201166.017,7803.806,293346.145,0
281.363031559,0.221,221,2,77.497,201182.401,7804.027,293365.681,0.766298881
281.180450206,256.285,122111,6,2346.763,17748.16,7804.248,293376.433,0
282.363786862,0.221,221,2,77.718,201198.785,7812.581,293392.817,1.183336656
283.355697449,8.333,8333,6,2355.096,17768.64,7812.802,293413.297,0.991910587
283.364541339,0.221,221,2,77.939,201215.169,7813.075,293425.073,0.00884389000004
283.599267064,0.111,111,2,78.05,201231.553,7813.186,293450.817,0.234725725
284.365404878,0.221,221,2,78.271,201247.937,7813.407,293468.225,0.766137814
285.366240274,0.221,221,2,78.492,201264.321,7813.628,293500.993,1.000835396
286.366932435,0.221,221,2,78.713,201280.705,7813.849,293517.377,1.000692161
286.600882898,0.111,111,2,78.824,201297.089,7813.96,293533.761,0.233950463
287.367629779,0.221,221,2,79.045,201313.473,7814.181,293550.145,0.766746881
288.36827519,0.221,221,2,79.266,201329.857,7814.402,293566.529,1.000645411
289.368867361,0.221,221,2,79.487,201346.241,7814.623,293582.913,1.000592171
289.602237665,0.111,111,2,79.598,201362.625,7814.734,293599.297,0.233370304
290.369543153,0.221,221,2,79.819,201379.009,7814.955,293615.681,0.767305488
291.370199433,0.221,221,2,80.04,201395.393,7815.176,293636.161,1.00065628
292.370857595,0.221,221,2,80.261,201411.777,7815.397,293652.545,1.000658162
292.603508994,0.111,111,2,80.372,201428.161,7815.508,293668.929,0.232651399
293.371540615,0.221,221,2,80.593,201444.545,7815.729,293689.409,0.768031621
294.372218993,0.221,221,2,80.814,201460.929,7815.95,293706.785,1.000678378
295.372845479,0.221,221,2,81.035,201477.313,7816.171,293723.169,1.000626486
295.604874347,0.111,111,2,81.146,201493.697,7816.282,293747.745,0.232028868
296.373528807,0.221,221,2,81.367,201510.081,7816.503,293764.129,0.76865446
297.37426084,0.221,221,2,81.588,201526.465,7816.724,293780.513,1.000732033
298.37487926,0.221,221,2,81.809,201542.849,7816.945,293796.897,1.00061842
298.606564214,0.111,111,2,81.92,201559.233,7817.056,293813.281,0.231684954
299.375525114,0.221,221,2,82.141,201575.617,7817.277,293829.665,0.7689609
300.376144979,0.221,221,2,82.362,201592.001,7817.498,293846.049,1.000619865
301.37672103,0.221,221,2,82.583,201608.385,7817.719,293862.433,1.000576051
301.607845039,0.111,111,2,82.694,201624.769,7817.83,293882.913,0.231124009
302.377391862,0.221,221,2,82.915,201641.153,7818.051,293899.297,0.769546823
303.378007411,0.221,221,2,83.136,201657.537,7818.272,293917.729,1.000615549
304.378658379,0.221,221,2,83.357,201673.921,7818.493,293934.113,1.000650968
304.609105329,0.111,111,2,83.468,201690.305,7818.604,293951.457,0.23044695
305.379390227,0.221,221,2,83.689,201706.689,7818.825,293971.937,0.770284898
306.380205475,0.221,221,2,83.91,201723.073,7819.046,293988.321,1.000815248
307.380912542,0.221,221,2,84.131,201739.457,7819.267,294004.705,1.000707067
307.610386163,0.111,111,2,84.242,201755.841,7819.378,294021.089,0.229473621
308.381617376,0.221,221,2,84.463,201772.225,7819.599,294037.473,0.771231213
309.382232805,0.221,221,2,84.684,201788.609,7819.82,294053.857,1.000615429
310.382858192,0.221,221,2,84.905,201804.993,7820.041,294070.241,1.000625387
310.611907581,0.111,111,2,85.016,201821.377,7820.152,294086.625,0.229049389
311.383642148,0.221,221,2,85.237,201837.761,7820.373,294107.105,0.771734567
312.384643,0.221,221,2,85.458,201854.145,7820.594,294123.489,1.001000852
313.385383826,0.221,221,2,85.679,201870.529,7820.815,294139.873,1.000740826
313.613265768,0.111,111,2,85.79,201886.913,7820.926,294157.281,0.227881942
314.38607799,0.221,221,2,86.011,201903.297,7821.147,294174.593,0.772812222
315.386785257,0.221,221,2,86.232,201919.681,7821.368,294193.025,1.000707267
316.387546658,0.221,221,2,86.453,201936.065,7821.589,294209.409,1.000761401
316.614618694,0.111,111,2,86.564,201952.449,7821.7,294225.793,0.227072036
317.38832001,0.221,221,2,86.785,201968.833,7821.921,294242.177,0.773701316
318.38893181,0.221,221,2,87.006,201985.217,7822.142,294258.561,1.0006118
319.389590259,0.221,221,2,87.227,202001.601,7822.363,294274.945,1.000658449
319.616044831,0.111,111,2,87.338,202017.985,7822.474,294291.329,0.226454572
320.390322481,0.221,221,2,87.559,202034.369,7822.695,294307.713,0.77427765
321.391007967,0.221,221,2,87.78,202050.753,7822.916,294332.289,1.000685486
322.391753726,0.221,221,2,88.001,202067.137,7823.137,294348.673,1.000745759
322.617343835,0.111,111,2,88.112,202083.521,7823.248,294365.057,0.225590109
323.392461172,0.221,221,2,88.333,202099.905,7823.469,294382.433,0.775117337
324.393148334,0.221,221,2,88.554,202116.289,7823.69,294399.713,1.000687162
325.393840587,0.221,221,2,88.775,202132.673,7823.911,294416.097,1.000692253
325.618639086,0.111,111,2,88.886,202149.057,7824.022,294433.505,0.224798499
326.394539408,0.221,221,2,89.107,202165.441,7824.243,294449.889,0.775900322
327.395248896,0.221,221,2,89.328,202181.825,7824.464,294466.273,1.000709488
328.395849721,0.221,221,2,89.549,202198.209,7824.685,294482.657,1.000600825
328.619945038,0.111,111,2,89.66,202214.593,7824.796,294499.041,0.224095317
329.396523677,0.221,221,2,89.881,202230.977,7825.017,294515.425,0.776578639
330.397234912,0.221,221,2,90.102,202247.361,7825.238,294531.809,1.000711235
331.397816499,0.221,221,2,90.323,202263.745,7825.459,294548.193,1.000581587
331.621273888,0.111,111,2,90.434,202280.129,7825.57,294597.345,0.223457389
332.398487244,0.221,221,2,90.655,202296.513,7825.791,294613.729,0.777213356
333.399208518,0.221,221,2,90.876,202312.897,7826.012,294631.073,1.000721274
334.400098383,0.221,221,2,91.097,202329.281,7826.233,294647.457,1.000889865
334.622662783,0.111,111,2,91.208,202345.665,7826.344,294664.705,0.2225644
335.401542232,0.221,221,2,91.429,202362.049,7826.565,294682.081,0.778879449
336.402371961,0.221,221,2,91.65,202378.433,7826.786,294698.465,1.000829729
337.403116813,0.221,221,2,91.871,202394.817,7827.007,294714.849,1.000744852
337.62403252,0.111,111,2,91.982,202411.201,7827.118,294731.233,0.220915707
338.403818399,0.221,221,2,92.203,202427.585,7827.339,294796.769,0.779785879
339.404519616,0.221,221,2,92.424,202443.969,7827.56,294813.153,1.000701217
340.405124491,0.221,221,2,92.645,202460.353,7827.781,294829.537,1.000604875
340.625408999,0.111,111,2,92.756,202476.737,7827.892,294870.497,0.220284508
281.174452359,77.223,77223,3,1619.539,35840.848,7828.113,294878.689,0
283.37847803,0.273,273,6,2355.369,17895.616,7836.563,294878.689,2.204025671
281.173375932,81.567,81567,7,1430.386,18184.896,7845.013,294878.689,0
281.180796931,253.389,122111,5,2329.476,20410.96,7853.463,294878.689,0.00742099899998
341.589922073,8.45,8450,6,2363.819,17920.192,7861.913,294912.113,60.409125142
341.589703796,8.45,8450,3,1627.989,35847.344,7862.158,294914.161,0
341.590357462,8.45,8450,7,1438.836,18189.264,7862.403,294917.825,0.000653666000005
341.594924488,0.245,245,6,2364.064,17920.992,7862.648,294918.225,0.00456702600002
341.590734302,8.45,8450,5,2337.926,20414.0,7944.628,294919.185,0
341.595372469,0.245,245,3,1628.234,35848.56,7944.873,294919.185,0.004638167
341.596775203,0.245,245,7,1439.081,18190.144,8026.853,294920.865,0.00140273400001
341.597503634,0.245,245,5,2338.171,20415.184,8108.833,294921.249,0.000728431000027
341.597568746,81.98,81980,3,1710.214,35851.632,8190.813,294930.369,6.51119999588e-05
341.656419605,0.245,245,3,1710.459,35852.768,8191.058,294931.505,0.058850859
341.599485377,81.98,81980,5,2420.151,20417.008,8609.259,294932.401,0
341.658969364,418.201,262144,3,2128.66,35852.768,8609.504,294932.401,0.059483987
341.65953834,0.245,245,5,2420.396,20418.128,8906.811,294933.521,0.000568976000011
341.599132467,81.98,81980,7,1521.061,18192.16,10018.417,294936.369,0
341.40581614,0.221,221,2,92.977,202493.121,10018.728,294945.521,0
341.597056572,81.98,81980,6,2446.044,17929.696,10018.949,294958.321,0.191240432
342.406626898,0.221,221,2,93.198,202509.505,10019.293,294982.897,0.809570326
343.40732957,0.221,221,2,93.419,202525.889,10019.514,294999.281,1.000702672
343.626797024,0.111,111,2,93.53,202542.273,10019.625,295018.913,0.219467454
341.662286685,1111.606,262144,5,3532.002,20425.6,10019.846,295033.713,0
345.082855447,8.45,8450,5,3540.452,35826.56,10028.296,310434.673,3.420568762
344.408252957,0.221,221,2,93.751,202558.657,10028.542,310445.937,0
341.681223226,0.311,311,7,1521.372,34224.528,10028.763,326483.249,0
342.811151535,0.344,344,6,2446.388,34129.376,10029.009,342687.025,1.129928309
345.409235316,0.221,221,2,93.972,202575.041,10029.255,342699.313,2.598083781
346.410127029,0.221,221,2,94.193,202591.425,10029.476,342718.177,1.000891713
346.628534339,0.111,111,2,94.304,202607.809,10029.587,350048.145,0.21840731
341.660398655,297.307,156057,3,2425.967,52146.736,10029.808,359034.769,0
347.411047646,0.221,221,2,94.525,202624.193,10030.054,359083.921,5.750648991
348.411902644,0.221,221,2,94.746,202640.577,10030.275,359100.305,1.000854998
349.412628875,0.221,221,2,94.967,202656.961,10030.496,359116.689,1.000726231
345.186281666,0.246,246,5,3540.698,51278.128,10030.607,374570.897,0
350.119531651,0.246,246,5,3540.944,51282.736,10030.853,374575.505,4.933249985
346.139343459,0.246,246,6,2446.634,34133.472,10031.022,374575.505,0
347.488132515,0.246,246,3,2426.213,52187.696,10031.191,374575.505,1.348789056
345.941590104,0.246,246,7,1521.618,34245.008,10031.36,374575.505,0
350.126719566,0.169,169,6,2446.803,34134.496,10031.529,374604.657,4.185129462
350.126563994,0.169,169,5,3541.113,51284.24,10031.698,374604.657,0
350.126725371,0.169,169,3,2426.382,52206.128,10031.867,374604.657,0.00016137700004
350.126878953,0.169,169,7,1521.787,34253.2,10032.036,374604.657,0.000153581999996
350.33980139,0.169,169,6,2446.972,34136.448,10032.205,374616.177,0.212922437
350.339803597,0.169,169,5,3541.282,51286.128,10032.374,374616.177,2.20700002274e-06
350.340050499,0.169,169,7,1521.956,34256.272,10032.543,374616.177,0.000246901999958
350.33995711,0.169,169,3,2426.551,52210.736,10032.712,374616.177,0
349.630342729,0.111,111,2,95.078,202673.345,10032.881,374630.961,0
350.346539726,0.169,169,7,1522.125,34258.224,10033.102,374639.153,0.716196997
350.346717029,0.169,169,3,2426.72,52212.24,10041.436,374639.153,0.000177302999987
350.34628539,0.169,169,6,2447.141,34137.824,10049.77,374639.153,0
350.346374524,0.169,169,5,3541.451,51287.888,10058.104,374639.153,8.91340000067e-05
350.473975342,8.334,8334,7,1530.459,34262.592,10066.438,374650.177,0.127600818
350.47531393,8.334,8334,6,2455.475,34140.992,10066.683,374651.169,0.00133858800001
350.47536017,8.334,8334,5,3549.785,51290.928,10066.928,374652.977,4.62399999606e-05
350.478820889,0.245,245,7,1530.704,34263.856,10067.173,374654.161,0.00346071900003
350.474413274,8.334,8334,3,2435.054,52218.736,10486.78,374659.665,0
350.48025435,0.245,245,6,2455.72,34142.128,10700.591,374659.665,0.00584107599997
350.480752038,0.245,245,5,3550.03,51291.968,10962.735,374659.665,0.000497687999996
350.481471636,633.173,262144,7,2163.877,34263.856,11677.365,374659.665,0.000719597999989
350.482577901,520.967,262144,6,2976.687,34142.128,11733.468,374660.385,0.00110626500003
350.482448616,0.245,245,3,2435.299,52219.808,12167.13,374660.737,0
350.482609562,455.807,262144,5,4005.837,51291.968,12622.937,374660.737,0.000160945999994
350.484941817,433.662,258823,6,3410.349,34142.128,12929.175,374660.737,0.002332255
350.486806092,306.238,193663,5,4312.075,51291.968,13178.941,374660.737,0.001864275
350.488424514,159.99,112575,5,4472.065,51291.968,13338.931,374660.737,0.00161842199998
350.487435695,249.766,174839,6,3660.115,34142.128,13386.346,374660.737,0
350.486643304,455.807,262144,3,2891.106,52219.808,13461.273,374661.761,0
350.490637428,257.006,193663,3,3148.112,52219.808,13718.279,374661.761,0.00399412400003
350.413455888,0.221,221,2,95.299,202689.729,13781.622,374673.889,0
351.414525626,0.221,221,2,95.52,202706.113,13781.843,374693.521,1.001069738
352.415285875,0.221,221,2,95.741,202722.497,13782.064,374709.905,1.000760249
350.483604054,56.103,56103,7,2219.98,34267.856,13782.175,374721.073,0
352.779177687,8.334,8334,7,2228.314,34282.192,13790.509,374735.409,2.295573633
352.631905129,0.111,111,2,95.852,202738.881,13790.815,374753.905,0
353.415957916,0.221,221,2,96.073,202755.265,13791.036,374775.409,0.784052787
354.416664547,0.221,221,2,96.294,202771.649,13791.257,374792.817,1.000706631
355.417360762,0.221,221,2,96.515,202788.033,13791.478,374809.201,1.000696215
355.633558064,0.111,111,2,96.626,202804.417,13791.589,374833.777,0.216197302
356.418035497,0.221,221,2,96.847,202820.801,13791.81,374850.161,0.784477433
357.418790296,0.221,221,2,97.068,202837.185,13792.031,374866.545,1.000754799
358.419414943,0.221,221,2,97.289,202853.569,13792.252,374882.929,1.000624647
358.635102278,0.111,111,2,97.4,202869.953,13792.363,374899.313,0.215687335
359.420079692,0.221,221,2,97.621,202886.337,13792.584,374915.697,0.784977414
360.420766823,0.221,221,2,97.842,202902.721,13792.805,374932.081,1.000687131
361.421512906,0.221,221,2,98.063,202919.105,13793.026,374948.465,1.000746083
361.636934883,0.111,111,2,98.174,202935.489,13793.137,374997.617,0.215421977
362.422285184,0.221,221,2,98.395,202951.873,13793.358,375014.001,0.785350301
363.422976539,0.221,221,2,98.616,202968.257,13793.579,375063.153,1.000691355
364.423720881,0.221,221,2,98.837,202984.641,13793.8,375079.537,1.000744342
364.638727592,0.111,111,2,98.948,203001.025,13793.911,375096.913,0.215006711
365.4246578,0.221,221,2,99.169,203017.409,13794.132,375121.489,0.785930208
366.425311772,0.221,221,2,99.39,203033.793,13794.353,375137.873,1.000653972
367.425985258,0.221,221,2,99.611,203050.177,13794.574,375154.257,1.000673486
367.641900409,0.111,111,2,99.722,203066.561,13794.685,375170.641,0.215915151
368.426643987,0.221,221,2,99.943,203082.945,13794.906,375187.025,0.784743578
369.427221989,0.221,221,2,100.164,203099.329,13795.127,375203.409,1.000578002
370.427758146,0.221,221,2,100.385,203115.713,13795.348,375219.793,1.000536157
370.64330727,0.111,111,2,100.496,203132.097,13795.459,375236.177,0.215549124
371.428688678,0.221,221,2,100.717,203140.289,13795.68,375260.753,0.785381408
372.429864158,0.221,221,2,100.938,203156.673,13795.901,375277.137,1.00117548
373.430614434,0.221,221,2,101.159,203173.057,13796.122,375309.905,1.000750276
373.644689442,0.111,111,2,101.27,203189.441,13796.233,375326.289,0.214075008
374.43127191,0.221,221,2,101.491,203205.825,13796.454,375343.633,0.786582468
375.431902933,0.221,221,2,101.712,203222.209,13796.675,375364.113,1.000631023
376.432550295,0.221,221,2,101.933,203238.593,13796.896,375380.497,1.000647362
376.646259686,0.111,111,2,102.044,203254.977,13797.007,375396.881,0.213709391
377.433212074,0.221,221,2,102.265,203271.361,13797.228,375413.265,0.786952388
378.433776488,0.221,221,2,102.486,203287.745,13797.449,375429.649,1.000564414
379.434303487,0.221,221,2,102.707,203304.129,13797.67,375446.033,1.000526999
379.647792984,0.111,111,2,102.818,203320.513,13797.781,375462.417,0.213489497
380.434929548,0.221,221,2,103.039,203336.897,13798.002,375478.801,0.787136564
381.435504465,0.221,221,2,103.26,203353.281,13798.223,375503.377,1.000574917
382.436024543,0.221,221,2,103.481,203369.665,13798.444,375519.761,1.000520078
382.649383862,0.111,111,2,103.592,203386.049,13798.555,375536.145,0.213359319
383.436628063,0.221,221,2,103.813,203402.433,13798.776,375564.817,0.787244201
384.437268026,0.221,221,2,104.034,203418.817,13798.997,375582.129,1.000639963
385.437872364,0.221,221,2,104.255,203435.201,13799.218,375598.513,1.000604338
385.650882367,0.111,111,2,104.366,203451.585,13799.329,375616.945,0.213010003
386.438543713,0.221,221,2,104.587,203467.969,13799.55,375633.329,0.787661346
387.439386557,0.221,221,2,104.808,203484.353,13799.771,375649.713,1.000842844
388.440613016,0.221,221,2,105.029,203500.737,13799.992,375666.097,1.001226459
388.653194506,0.111,111,2,105.14,203517.121,13800.103,375682.481,0.21258149
389.441451764,0.221,221,2,105.361,203533.505,13800.324,375698.865,0.788257258
390.442000574,0.221,221,2,105.582,203549.889,13800.545,375715.249,1.00054881
391.442610552,0.221,221,2,105.803,203566.273,13800.766,375731.633,1.000609978
391.655236624,0.112,112,2,105.915,203582.657,13800.878,375752.113,0.212626072
392.443315601,0.221,221,2,106.136,203599.041,13801.099,375768.497,0.788078977
393.443897449,0.221,221,2,106.357,203615.425,13801.32,375793.073,1.000581848
394.444540378,0.221,221,2,106.578,203631.809,13801.541,375809.457,1.000642929
394.656724224,0.112,112,2,106.69,203648.193,13801.653,375826.737,0.212183846
395.445265381,0.221,221,2,106.911,203664.577,13801.874,375844.145,0.788541157
396.446000003,0.221,221,2,107.132,203680.961,13802.095,375860.529,1.000734622
397.446921735,0.221,221,2,107.353,203697.345,13802.316,375876.913,1.000921732
397.658069668,0.112,112,2,107.465,203713.729,13802.428,375893.297,0.211147933
398.447529465,0.221,221,2,107.686,203730.113,13802.649,375909.681,0.789459797
399.448054898,0.221,221,2,107.907,203746.497,13802.87,375926.065,1.000525433
400.448504495,0.221,221,2,108.128,203754.689,13803.091,375934.257,1.000449597
400.659263138,0.112,112,2,108.24,203771.073,13803.203,375950.641,0.210758643
401.449032956,0.221,221,2,108.461,203787.457,13803.424,375969.073,0.789769818
402.449618315,0.221,221,2,108.682,203803.841,13803.645,375985.457,1.000585359
403.450161565,0.221,221,2,108.903,203820.225,13803.866,376010.033,1.00054325
403.66052239,0.112,112,2,109.015,203828.417,13803.978,376018.225,0.210360825
404.450768773,0.221,221,2,109.236,203844.801,13804.199,376035.473,0.790246383
405.451386177,0.221,221,2,109.457,203861.185,13804.42,376052.849,1.000617404
406.451988974,0.221,221,2,109.678,203877.569,13804.641,376069.233,1.000602797
406.661842502,0.112,112,2,109.79,203893.953,13804.753,376085.617,0.209853528
407.45262304,0.221,221,2,110.011,203910.337,13804.974,376102.001,0.790780538
408.453163294,0.221,221,2,110.232,203926.721,13805.195,376118.385,1.000540254
409.453667592,0.221,221,2,110.453,203943.105,13805.416,376134.769,1.000504298
409.663221089,0.112,112,2,110.565,203959.489,13805.528,376151.153,0.209553497
410.45424288,0.221,221,2,110.786,203975.873,13805.749,376167.537,0.791021791
411.454778651,0.221,221,2,111.007,203992.257,13805.97,376184.945,1.000535771
412.455349853,0.221,221,2,111.228,204008.641,13806.191,376201.329,1.000571202
412.664492079,0.112,112,2,111.34,204025.025,13806.303,376217.713,0.209142226
413.455941341,0.221,221,2,111.561,204041.409,13806.524,376299.633,0.791449262
414.456548644,0.221,221,2,111.782,204057.793,13806.745,376316.849,1.000607303
415.457131207,0.221,221,2,112.003,204074.177,13806.966,376333.233,1.000582563
415.665722812,0.112,112,2,112.115,204090.561,13807.078,376350.577,0.208591605
416.457746543,0.221,221,2,112.336,204106.945,13807.299,376366.961,0.792023731
417.458390357,0.221,221,2,112.557,204123.329,13807.52,376416.113,1.000643814
418.459021735,0.221,221,2,112.778,204139.713,13807.741,376432.497,1.000631378
418.667115833,0.112,112,2,112.89,204156.097,13807.853,376448.881,0.208094098
350.489859017,47.415,47415,5,4519.48,51302.528,13808.074,376473.457,0
350.493178095,63.343,63343,3,3211.455,52250.432,13816.524,376473.457,0.003319078
352.801686414,0.306,306,7,2228.62,34479.824,13824.974,376473.457,2.308508319
350.490029552,74.927,74927,6,3735.042,34214.944,13833.424,376473.457,0
420.364911423,8.45,8450,3,3219.905,52254.8,13841.874,376495.121,69.874881871
420.364679632,8.45,8450,5,4527.93,51305.056,13842.119,376495.121,0
420.36538261,8.45,8450,7,2237.07,34500.304,13842.364,376503.313,0.000702977999993
420.365764749,8.45,8450,6,3743.492,34225.616,13842.609,376512.497,0.00038213900001
420.370493224,0.245,245,3,3220.15,52255.792,13842.854,376513.953,0.00472847499998
420.370995071,0.245,245,7,2237.315,34501.488,13924.834,376514.657,0.00050184700001
420.370555115,0.245,245,5,4528.175,51306.032,14006.814,376515.025,0
420.372092992,0.245,245,6,3743.737,34226.688,14088.794,376515.729,0.00153787699998
420.373025589,81.98,81980,7,2319.295,34507.632,14170.774,376527.889,0.00093259700003
420.3724178,81.98,81980,3,3302.13,52257.808,14171.019,376530.001,0
420.42736546,0.245,245,7,2319.54,34508.752,14171.264,376530.001,0.05494766
420.429203259,549.631,262144,7,2869.171,34508.752,14720.895,376530.929,0.00183779900004
420.429032212,0.245,245,3,3302.375,52258.736,14729.844,376530.929,0
420.374135561,81.98,81980,6,3825.717,34232.832,15147.185,376532.977,0
420.431598273,417.341,262144,3,3719.716,52258.736,15147.43,376532.977,0.057462712
420.373079411,81.98,81980,5,4610.155,51307.792,15327.504,376533.841,0
420.433770524,180.074,155197,3,3899.79,52258.736,15327.749,376534.513,0.060691113
420.433498398,0.245,245,6,3825.962,34233.824,15352.626,376535.857,0
420.434459548,0.245,245,5,4610.4,51308.688,16236.745,376536.753,0.000961150000023
420.437297529,485.397,262144,5,5095.797,51308.688,17099.666,376537.233,0.00283798099997
420.436049083,1261.643,262144,6,5087.605,34233.824,17732.038,376537.713,0
420.438457763,632.372,223253,5,5728.169,51308.688,17748.227,376537.713,0.00240867999997
419.459629172,0.221,221,2,113.111,204172.481,17896.706,376547.761,0
420.460281214,0.221,221,2,113.332,204188.865,17896.927,376564.145,1.000652042
421.461144992,0.221,221,2,113.553,204205.249,17897.148,376580.529,1.000863778
421.668664139,0.112,112,2,113.665,204221.633,17897.26,376600.385,0.207519147
422.461818257,0.221,221,2,113.886,204238.017,17897.481,376616.769,0.793154118
420.43492517,24.877,24877,3,3924.667,52262.864,17897.702,376631.601,0
424.008076984,8.45,8450,3,3933.117,68057.04,17906.152,392425.777,3.573151814
423.462383041,0.221,221,2,114.107,204254.401,17906.398,392435.985,0
420.440753858,148.479,92933,5,5876.648,67532.784,17906.619,408667.441,0
424.463008112,0.221,221,2,114.328,204270.785,17906.865,408676.961,4.022254254
420.431376889,8.949,8949,7,2878.12,51106.144,17906.977,425278.049,0
424.669991817,0.112,112,2,114.44,204287.169,17907.223,425294.097,4.238614928
420.43977538,16.189,16189,6,5103.794,50945.904,17907.444,442016.017,0
425.463706441,0.221,221,2,114.661,204303.553,17907.69,442028.817,5.023931061
426.464428984,0.221,221,2,114.882,204319.937,17907.911,442045.201,1.000722543
427.465106167,0.221,221,2,115.103,204336.321,17908.132,442061.585,1.000677183
427.671426981,0.112,112,2,115.215,204352.705,17908.244,442077.969,0.206320814
428.465718955,0.221,221,2,115.436,204369.089,17908.465,445174.545,0.794291974
424.106068923,0.246,246,3,3933.363,83599.632,17908.686,457634.577,0
424.661278079,0.246,246,5,5876.894,67534.96,17908.932,457659.153,0.555209156
425.890499409,0.246,246,6,5104.04,50950.512,17909.101,457659.153,1.22922133
429.549344522,0.246,246,3,3933.609,83624.208,17909.27,457659.153,3.658845113
424.879598284,0.246,246,7,2878.366,51110.752,17909.439,457659.153,0
429.555702946,0.169,169,5,5877.063,67536.56,17909.608,457670.865,4.676104662
429.555738142,0.169,169,6,5104.209,50952.496,17909.777,457670.865,3.51959999989e-05
429.555808905,0.169,169,3,3933.778,83630.352,17909.946,457670.865,7.07629999965e-05
429.555922132,0.169,169,7,2878.535,51112.736,17910.115,457670.865,0.000113226999986
429.816423275,0.169,169,3,3933.947,83631.376,17910.284,457674.161,0.260501143
429.81600151,0.169,169,5,5877.232,67536.944,17910.453,457674.161,0
429.816746237,0.169,169,7,2878.704,51113.68,17910.622,457674.161,0.00074472700004
429.816157612,0.169,169,6,5104.378,50953.44,17910.791,457674.161,0
429.818756217,0.169,169,5,5877.401,67538.384,17910.96,457681.137,0.002598605
429.818968772,0.169,169,6,5104.547,50955.232,17911.129,457681.137,0.000212555000019
429.8187384,0.169,169,3,3934.116,83633.328,17911.298,457681.137,0
429.818786053,0.169,169,7,2878.873,51115.472,17911.467,457681.137,4.76530000242e-05
429.827704988,0.169,169,7,2879.042,51116.736,17911.636,457687.201,0.008918935
429.826941861,0.169,169,5,5877.57,67539.696,17919.97,457687.201,0
429.827123185,0.169,169,3,3934.285,83635.152,17928.304,457687.201,0.000181323999982
429.827024715,0.169,169,6,5104.716,50956.896,17936.638,457687.201,0
429.858365382,8.334,8334,7,2887.376,51119.664,17944.972,457694.609,0.031340667
429.859014416,8.334,8334,3,3942.619,83638.304,17945.217,457697.729,0.000649033999991
429.859387021,8.334,8334,6,5113.05,50960.112,17945.462,457699.329,0.000372604999995
429.862405349,0.245,245,7,2887.621,51120.704,17945.707,457700.241,0.00301832800005
429.863553667,0.245,245,3,3942.864,83639.152,18477.849,457700.513,0.00114831799999
429.864750761,532.142,262144,7,3419.763,51120.704,18927.148,457701.505,0.00119709399996
429.858647003,8.334,8334,5,5885.904,67542.56,19056.383,457701.873,0
429.864134687,0.245,245,6,5113.295,50961.04,19056.628,457702.177,0.005487684
429.865145796,449.299,262144,3,4392.163,83639.152,19513.167,457702.177,0.00101110899999
429.867190452,272.95,187155,3,4665.113,83639.152,19786.117,457702.737,0.00204465600001
429.867095779,456.539,262144,6,5569.834,50961.04,19871.912,457702.737,0
429.866639633,0.245,245,5,5886.149,67543.392,20176.718,457703.009,0
429.871480478,304.806,194395,6,5874.64,50961.04,20633.257,457703.905,0.00484084500005
429.873427657,133.942,110411,6,6008.582,50961.04,20767.199,457703.905,0.00194717899996
429.871773682,456.539,262144,5,6342.688,67543.392,20790.73,457703.905,0
429.875209032,258.47,194395,5,6601.158,67543.392,21049.2,457704.865,0.00343534999996
429.466384445,0.221,221,2,115.657,204385.473,21113.275,457714.625,0
430.467130328,0.221,221,2,115.878,204401.857,21113.496,457731.009,1.000745883
430.672841195,0.112,112,2,115.99,204418.241,21113.608,457747.393,0.205710867
429.866286,129.235,129235,7,3548.998,51124.624,21113.829,457758.609,0
431.467767051,0.221,221,2,116.211,204434.625,21122.163,457775.489,1.601481051
432.46844437,0.221,221,2,116.432,204451.009,21122.384,457797.809,1.000677319
433.469103666,0.221,221,2,116.653,204467.393,21122.605,457822.385,1.000659296
431.659186049,8.334,8334,7,3557.332,51143.488,21122.717,457838.769,0
429.874751248,23.531,23531,6,6032.113,50968.112,21131.167,457838.769,0
429.870020292,85.795,85795,3,4750.908,83643.36,21139.617,457838.769,0
429.877093423,64.075,64075,5,6665.233,67546.784,21148.067,457838.769,0.00707313100003
434.045745837,8.45,8450,7,3565.782,51241.792,21156.517,457946.241,4.168652414
434.04611611,8.45,8450,6,6040.563,50975.28,21156.762,457949.313,0.000370272999987
434.046950318,8.45,8450,5,6673.683,67549.712,21157.007,457950.897,0.000834207999958
434.046530707,8.45,8450,3,4759.358,83679.2,21157.252,457984.561,0
434.051491956,0.245,245,7,3566.027,51242.768,21157.497,457984.833,0.00496124900002
434.052097462,0.245,245,6,6040.808,50976.128,21239.476,457984.833,0.000605505999999
434.053020595,0.245,245,5,6673.928,67550.464,21321.455,457986.113,0.000923133000015
434.053514178,0.245,245,3,4759.603,83679.984,21403.434,457986.369,0.000493582999979
434.054968753,81.979,81979,5,6755.907,67552.224,21485.413,458022.433,0.00145457500003
434.105699431,0.245,245,5,6756.152,67552.912,21485.658,458023.121,0.050730678
434.107351232,154.341,154341,5,6910.493,67552.912,21639.999,458023.121,0.00165180099998
434.108408375,178.362,154341,5,7088.855,67552.912,21818.361,458023.121,0.00105714300003
434.05385544,81.979,81979,6,6122.787,50978.672,21842.382,458024.129,0
434.110409589,0.245,245,6,6123.032,50979.456,21842.627,458024.913,0.056554149
434.112275256,420.829,262144,6,6543.861,50979.456,22263.456,458024.913,0.00186566699995
434.113581565,187.05,158685,6,6730.911,50979.456,22450.506,458025.745,0.00130630900003
434.055718095,81.979,81979,3,4841.582,83704.56,22478.871,458033.937,0
433.674153726,0.112,112,2,116.765,204483.777,22479.149,458047.201,0
434.053752338,81.979,81979,7,3648.006,51267.344,22479.37,458066.785,0.379598612
434.469741683,0.221,221,2,116.986,204500.161,22479.714,458079.073,0.415989345
435.47038809,0.221,221,2,117.207,204508.353,22479.935,458091.361,1.000646407
436.471010332,0.221,221,2,117.428,204524.737,22480.156,458107.745,1.000622242
436.675490773,0.112,112,2,117.54,204541.121,22480.268,458124.129,0.204480441
434.117035159,0.278,278,3,4841.86,83761.904,22480.489,458181.473,0
437.623604062,8.45,8450,3,4850.31,99298.032,22488.939,473717.601,3.506568903
434.114626097,28.365,28365,6,6759.276,66695.888,22489.185,489445.345,0
434.959319887,0.344,344,7,3648.35,67758.352,22489.431,505934.273,0.84469379
434.109581479,24.021,24021,5,7112.876,83616.432,22489.677,522018.337,0
437.471666263,0.221,221,2,117.761,204557.505,22489.923,522028.545,3.362084784
438.472353503,0.221,221,2,117.982,204573.889,22490.144,522044.929,1.00068724
439.473040751,0.221,221,2,118.203,204590.273,22490.365,522061.313,1.000687248
439.676760391,0.112,112,2,118.315,204606.657,22490.477,522077.697,0.20371964
437.728493767,0.246,246,3,4850.556,116616.432,22490.698,539392.001,0
438.305415012,0.246,246,5,7113.122,83618.448,22490.944,539416.577,0.576921245
438.070016252,0.246,246,6,6759.522,66697.904,22491.113,539416.577,0
441.309423444,0.246,246,3,4850.802,116641.008,22491.282,539416.577,3.239407192
438.177709906,0.246,246,7,3648.596,67782.928,22491.451,539416.577,0
441.314915876,0.169,169,3,4850.971,116647.152,22491.62,539432.641,3.13720597
441.315019331,0.169,169,7,3648.765,67789.072,22499.954,539432.641,0.000103454999987
441.314776356,0.169,169,5,7113.291,83620.336,22508.288,539432.641,0
441.314873102,0.169,169,6,6759.691,66699.792,22516.622,539432.641,9.6745999997e-05
441.468761081,8.334,8334,7,3657.099,67808.016,22524.956,539456.065,0.153887979
441.469368393,8.334,8334,6,6768.025,66703.056,22525.201,539457.601,0.000607312
441.469017029,8.334,8334,5,7121.625,83623.6,22525.446,539458.721,0
440.473798235,0.221,221,2,118.536,204623.041,22525.691,539467.201,0
441.473166863,0.245,245,7,3657.344,67808.912,22525.912,539467.681,0.999368628
441.47397504,0.245,245,6,6768.27,66703.76,23057.596,539476.305,0.00080817700001
441.475101458,531.684,262144,7,4189.028,67808.912,23513.906,539476.513,0.00112641799996
441.474325737,0.245,245,5,7121.87,83624.016,23642.912,539476.513,0
441.475788558,456.31,262144,6,7224.58,66703.76,24091.982,539476.513,0.00146282099996
441.476567359,449.07,262144,5,7570.94,83624.016,24349.994,539476.513,0.000778801000024
441.479129777,258.012,194166,6,7482.592,66703.76,24622.486,539476.513,0.00256241800002
441.480013217,272.492,186926,5,7843.432,83624.016,24686.332,539476.513,0.000883439999996
441.474754362,0.221,221,2,118.757,204639.425,24771.898,539498.241,0
442.475763003,0.221,221,2,118.978,204655.809,24772.119,539514.625,1.001008641
441.468401366,8.334,8334,3,4859.305,116666.096,24772.231,539541.761,0
442.683555678,0.344,344,3,4859.649,116666.8,24772.575,539542.465,1.215154312
442.685702174,714.322,262144,3,5573.971,116666.8,25486.897,539542.465,0.00214649600002
441.476504799,129.006,129006,7,4318.034,67823.248,25550.743,539556.801,0
442.67829079,0.112,112,2,119.09,204672.193,25559.077,539630.529,1.201785991
443.47650062,0.221,221,2,119.311,204688.577,25559.298,539688.705,0.79820983
441.48265344,85.566,85566,5,7928.998,83631.984,25559.519,539723.521,0
441.482244127,63.846,63846,6,7546.438,66714.256,25559.688,539723.521,0
443.326131475,8.334,8334,7,4326.368,67937.936,25559.857,539723.521,1.843887348
442.687770319,63.846,63846,3,5637.817,116681.136,25560.026,539723.521,0
445.339719058,0.169,169,5,7929.167,83634.032,25560.195,539868.929,2.651948739
445.339941204,0.169,169,7,4326.537,67950.224,25560.364,539868.929,0.000222145999999
445.339752788,0.169,169,6,7546.607,66779.792,25560.533,539868.929,0
445.340009291,0.169,169,3,5637.986,116746.672,25560.702,539868.929,0.000256503000003
445.384228285,0.169,169,5,7929.336,83635.056,25560.871,539941.633,0.044218994
445.384643465,0.169,169,6,7546.776,66812.56,25561.04,539941.633,0.000415180000005
445.384755075,0.169,169,3,5638.155,116779.44,25561.209,539941.633,0.000111609999976
445.384474189,0.169,169,7,4326.706,67956.368,25561.378,539941.633,0
445.386527369,0.169,169,3,5638.324,116804.016,25561.547,539996.833,0.00205318000002
445.386384335,0.169,169,5,7929.505,83637.008,25561.716,539996.833,0
445.386506058,0.169,169,6,7546.945,66837.136,25561.885,539996.833,0.000121723000007
445.386595067,0.169,169,7,4326.875,67960.464,25562.054,540005.953,8.90089999643e-05
445.391375227,0.169,169,3,5638.493,116810.16,25562.223,540011.937,0.00478016000005
445.393162987,0.169,169,7,4327.044,67962.48,25562.392,540011.937,0.00178775999996
445.391674282,0.169,169,5,7929.674,83638.832,25562.561,540011.937,0
445.391774211,0.169,169,6,7547.114,66842.256,25562.73,540011.937,9.99289999868e-05
444.477182927,0.221,221,2,119.532,204704.961,25562.899,540026.849,0
445.398002618,0.169,169,7,4327.213,67964.368,25563.12,540035.041,0.920819691
445.397913696,0.169,169,3,5638.662,116812.176,25571.57,540035.041,0
445.398258976,0.169,169,6,7547.283,66843.792,25580.02,540035.041,0.000345280000033
445.398159378,0.169,169,5,7929.843,83640.112,25588.47,540035.041,0
445.531394196,8.45,8450,6,7555.733,66854.48,25596.92,540052.385,0.133234818
445.530718277,8.45,8450,7,4335.663,67967.632,25597.165,540054.337,0
445.531722506,8.45,8450,5,7938.293,83643.056,25597.41,540056.609,0.00100422899999
445.531015932,8.45,8450,3,5647.112,116818.672,25597.655,540058.865,0
445.535076037,0.245,245,6,7555.978,66855.12,25597.9,540059.073,0.00406010500001
445.535786006,0.245,245,5,7938.538,83643.616,25679.88,540060.625,0.000709969000013
445.535749471,0.245,245,7,4335.908,67968.464,25761.86,540061.105,0
445.536105178,0.245,245,3,5647.357,116819.312,25843.84,540061.105,0.00035570700004
445.537725823,81.98,81980,7,4417.888,67970.416,25925.82,540070.097,0.001620645
445.537426301,81.98,81980,5,8020.518,83645.376,25926.065,540071.985,0
445.537764301,81.98,81980,3,5729.337,116822.384,25926.31,540071.985,0.000337999999999
445.589908872,0.245,245,7,4418.133,67971.168,25926.555,540072.913,0.052144571
445.536592472,81.98,81980,6,7637.958,66861.264,26328.645,540075.505,0
445.590851528,0.245,245,5,8020.763,83645.872,26478.462,540075.841,0.054259056
445.590894505,0.245,245,3,5729.582,116822.944,26896.48,540075.841,4.2977000021e-05
445.591755984,551.662,262144,7,4969.795,67971.168,27314.498,540076.225,0.00086147899998
445.593000227,418.018,262144,5,8438.781,83645.872,27324.124,540076.225,0.00124424300003
445.592311663,0.245,245,6,7638.203,66861.824,27505.552,540076.401,0
445.593139819,418.018,262144,3,6147.6,116822.944,27926.466,540076.401,0.000828156000011
445.596437615,181.428,155874,5,8620.209,83645.872,28107.894,540076.401,0.00329779600003
445.596650227,420.914,262144,6,8059.117,66861.824,28133.448,540076.401,0.000212611999984
445.597148332,181.428,155874,3,6329.028,116822.944,28320.668,540076.401,0.00049810500002
445.601017706,187.22,158770,6,8246.337,66861.824,28346.222,540076.401,0.00386937399998
445.477884778,0.221,221,2,119.753,204721.345,28374.672,540087.441,0
445.67979026,0.112,112,2,119.865,204737.729,28374.784,540108.113,0.201905482
446.478647442,0.221,221,2,120.086,204754.113,28375.005,540124.497,0.798857182
447.479306869,0.221,221,2,120.307,204770.497,28375.226,540140.881,1.000659427
445.59479765,9.626,9626,7,4979.421,67975.584,28375.447,540152.561,0
448.550828663,8.45,8450,7,4987.871,83966.368,28383.897,556143.345,2.956031013
448.479883054,0.221,221,2,120.528,204786.881,28384.143,556153.489,0
445.60431881,28.45,28450,6,8274.787,82316.352,28384.255,571615.185,0
445.600202336,25.554,25554,5,8645.763,99575.056,28384.501,593389.553,0
445.60115853,25.554,25554,3,6354.582,133808.288,28384.747,604532.433,0.000956194000025
448.681432304,0.112,112,2,120.64,204803.265,28384.993,604589.777,3.080273774
449.480697248,0.221,221,2,120.861,204819.649,28385.214,604608.481,0.799264944
450.481340091,0.221,221,2,121.082,204836.033,28385.435,604624.865,1.000642843
451.481868856,0.221,221,2,121.303,204852.417,28385.656,604641.249,1.000528765
451.683745018,0.112,112,2,121.415,204868.801,28385.768,604658.657,0.201876162
448.653186068,0.246,246,7,4988.117,99671.12,28385.989,620367.329,0
448.972086631,0.246,246,5,8646.009,99576.816,28386.235,620391.905,0.318900563
448.866767373,0.246,246,6,8275.033,82323.52,28386.404,620391.905,0
452.794513784,0.246,246,7,4988.363,99695.696,28386.573,620391.905,3.927746411
449.052141502,0.246,246,3,6354.828,133857.44,28386.742,620391.905,0
452.800560588,0.169,169,6,8275.202,82325.472,28386.911,620413.921,3.748419086
452.800747315,0.169,169,7,4988.532,99701.84,28395.245,620413.921,0.000186727000028
452.800773887,0.169,169,3,6354.997,133869.728,28403.579,620413.921,2.65719999675e-05
452.800493571,0.169,169,5,8646.178,99578.448,28411.913,620413.921,0
453.001968911,8.334,8334,5,8654.512,99581.648,28420.247,620455.281,0.20147534
453.001695723,8.334,8334,3,6363.331,133905.568,28420.492,620455.281,0
453.006322378,0.245,245,5,8654.757,99582.064,28420.737,620456.033,0.00462665499998
453.006361682,0.245,245,3,6363.576,133906.064,28876.875,620456.193,3.93039999835e-05
453.008577212,448.898,262144,3,6812.474,133906.064,29583.441,620456.193,0.00221553
453.007993064,713.806,262144,5,9368.563,99582.064,29855.589,620456.193,0
453.000980148,8.334,8334,6,8283.536,82329.84,29919.263,620458.241,0
453.010723535,272.148,186754,3,7084.622,133906.064,29919.508,620458.241,0.00974338700001
453.01181552,0.245,245,6,8283.781,82330.336,30004.902,620458.737,0.00109198500002
452.482459461,0.221,221,2,121.636,204885.185,30782.382,620485.201,0
453.001287382,8.334,8334,7,4996.866,99720.784,30782.603,620512.337,0.518827921
453.483111794,0.221,221,2,121.857,204901.569,30782.947,620534.865,0.481824412
454.483772777,0.221,221,2,122.078,204917.953,30783.168,620551.249,1.000660983
453.012541761,85.394,85394,3,7170.016,133930.64,30783.28,620570.961,0
454.685010512,0.112,112,2,122.19,204934.337,30791.614,620653.713,1.672468751
455.484532506,0.221,221,2,122.411,204950.721,30791.835,620679.217,0.799521994
456.485274115,0.221,221,2,122.632,204967.105,30792.056,620695.601,1.000741609
457.485931167,0.221,221,2,122.853,204983.489,30792.277,620711.985,1.000657052
455.26426953,8.334,8334,3,7178.35,134008.464,30792.389,620785.713,0
453.560497815,0.344,344,7,4997.21,99800.656,30792.519,620785.713,0
453.010855211,63.674,63674,5,9432.237,99589.136,30792.649,620785.713,0
453.015527821,777.48,262144,6,9061.261,82334.336,30792.779,620785.713,0.00467261
457.686504419,0.112,112,2,122.965,204999.873,30792.909,620925.633,4.670976598
458.112085634,0.123,123,2,123.088,205016.257,30793.032,620942.017,0.425581215
458.215981357,0.123,123,2,123.211,205049.025,30793.155,620974.785,0.103895723
458.221654856,0.243,243,2,123.454,205065.409,30793.398,620991.169,0.00567349900001
