time,size,first_call,destination,dest_out_traffic,dest_in_traffic,total_network_out,total_network_in,dens10
3.603449632,0.244,244,2,0.244,24.576,0.244,26.624,0
3.64718807,0.183,183,2,0.427,40.96,0.427,43.008,0.043738438
4.657213291,0.183,183,2,0.61,57.344,0.61,59.392,1.010025221
5.658471358,0.183,183,2,0.793,73.728,0.793,75.776,1.001258067
6.659428102,0.183,183,2,0.976,90.112,0.976,92.16,1.000956744
7.660407957,0.183,183,2,1.159,106.496,1.159,108.544,1.000979855
8.661213989,0.183,183,2,1.342,122.88,1.342,124.928,1.000806032
9.661906464,0.183,183,2,1.525,139.264,1.525,141.312,1.000692475
10.662570066,0.183,183,2,1.708,155.648,1.708,157.696,1.000663602
11.663369544,0.183,183,2,1.891,172.032,1.891,174.08,1.000799478
12.664098812,0.183,183,2,2.074,188.416,2.074,190.464,1.000729268
13.664887925,0.183,183,2,2.257,204.8,2.257,206.848,1.000789113
14.665521761,0.183,183,2,2.44,221.184,2.44,223.232,1.000633836
15.66613437,0.183,183,2,2.623,237.568,2.623,239.616,1.000612609
16.66687702,0.183,183,2,2.806,253.952,2.806,256.0,1.00074265
17.667535566,0.183,183,2,2.989,270.336,2.989,272.384,1.000658546
18.669384933,0.183,183,2,3.172,286.72,3.172,288.768,1.001849367
19.670195673,0.183,183,2,3.355,294.912,3.355,296.96,1.00081074
20.119438491,0.166,166,2,3.521,305.836,3.521,307.884,0.449242818
20.680745643,0.268,268,7,0.268,8.452,4.008,324.528,0.561307152
20.677250728,0.219,219,2,3.74,338.604,4.261,357.296,0
21.230342478,0.283,283,2,4.023,354.988,4.544,373.68,0.55309175
21.273277544,0.207,207,2,4.23,371.372,4.751,390.064,0.042935066
21.31521484,0.102,102,2,4.332,379.564,4.853,398.256,0.041937296
21.3425243,0.126,126,2,4.458,25630.003,4.979,25648.695,0.02730946
20.720228651,0.253,253,7,0.521,24.836,5.198,30165.752,0
21.736243569,0.291,291,7,0.812,25.123,5.489,30575.88,1.016014918
21.678525125,0.219,219,2,4.677,109392.051,5.723,109427.414,0
21.739182986,0.234,234,7,1.046,41.507,5.942,115204.593,0.060657861
22.740331843,0.405,405,7,1.451,41.908,6.347,115204.994,1.001148857
22.683730616,0.219,219,2,4.896,212288.0,6.577,212340.148,0
22.742402426,0.23,230,7,1.681,58.292,6.796,218218.437,0.05867181
23.689342953,0.219,219,2,5.115,326856.624,7.311,326925.667,0.946940527
23.743944258,0.515,515,7,2.196,75.187,7.53,332336.387,0.054601305
24.695598077,0.219,219,2,5.334,385821.619,8.045,385907.557,0.951653819
25.191116707,0.126,126,2,5.46,435185.592,8.171,435271.53,0.49551863
24.746148672,0.515,515,7,2.711,92.082,8.39,439249.752,0
25.700780211,0.219,219,2,5.679,560514.663,8.905,560617.496,0.954631539
25.748044998,0.515,515,7,3.226,108.977,9.124,562520.228,0.047264787
26.706832335,0.219,219,2,5.898,562417.395,9.639,562537.123,0.958787337
27.265172261,0.174,174,2,6.072,562433.779,9.813,562553.507,0.558339926
27.268522224,0.188,188,2,6.26,562441.971,10.001,562561.699,0.003349963
26.749823403,0.515,515,7,3.741,125.872,10.125,562569.891,0
27.272507483,0.124,124,2,6.384,562645.254,10.776,562782.013,0.52268408
27.27280657,0.651,651,7,4.392,142.903,10.946,562790.205,0.000299087000002
27.305653542,0.17,170,2,6.554,562661.638,11.443,562815.274,0.032846972
27.308369761,0.184,184,2,6.738,562669.83,11.627,562823.466,0.002716219
27.306510377,0.497,497,7,4.889,159.78,11.751,562865.547,0
27.311647584,0.124,124,2,6.862,562711.911,12.13,562882.306,0.005137207
27.328013769,0.379,379,7,5.268,176.539,12.349,562898.69,0.016366185
27.711310213,0.219,219,2,7.081,562728.295,12.661,562931.762,0.383296444
28.714147771,0.219,219,2,7.3,562736.487,12.88,562939.954,1.002837558
29.558356419,0.176,176,2,7.476,562737.511,13.056,562940.978,0.844208648
29.591179647,0.154,154,2,7.63,562748.775,13.21,562952.242,0.032823228
29.715223084,0.219,219,2,7.849,562756.967,13.429,562960.434,0.124043437
29.736845579,0.17,170,2,8.019,562757.991,13.599,562961.458,0.021622495
29.796232437,0.172,172,2,8.191,562759.527,13.771,562962.994,0.059386858
30.120834828,0.177,177,2,8.368,562760.535,13.948,562964.002,0.324602391
30.147904027,0.176,176,2,8.544,562761.511,14.124,562964.978,0.027069199
30.167053439,1.53,1530,2,10.074,562762.455,15.654,562965.922,0.019149412
30.26684918,1.256,1256,2,11.33,562763.367,16.91,562966.834,0.099795741
30.277204246,0.171,171,2,11.501,562772.439,17.081,562975.906,0.010355066
30.716219197,0.219,219,2,11.72,562788.823,17.3,562992.29,0.439014951
31.717096649,0.219,219,2,11.939,562805.415,17.519,563008.882,1.000877452
32.435028323,1.575,1575,2,13.514,562805.415,19.094,563008.882,0.717931674
32.551546324,0.286,286,2,13.8,562814.631,19.38,563018.098,0.116518001
32.625329365,0.189,189,2,13.989,562826.919,19.569,563030.386,0.073783041
32.718065303,0.219,219,2,14.208,562835.111,19.788,563038.578,0.092735938
33.045344403,0.286,286,2,14.494,562837.159,20.074,563076.466,0.3272791
33.130417259,0.189,189,2,14.683,562848.423,20.263,563087.73,0.085072856
34.098921838,0.235,235,8,0.235,40.96,20.717,563138.93,0.968504579
34.172602264,0.102,102,8,0.337,49.152,20.819,563147.122,0.073680426
33.719098995,0.219,219,2,14.902,562864.807,20.971,565798.234,0
34.720297096,0.219,219,2,15.121,562881.191,21.19,579491.729,1.001198101
35.721884782,0.219,219,2,15.34,562897.575,21.409,594506.684,1.001587686
36.722981799,0.219,219,2,15.559,562913.959,21.628,608332.325,1.001097017
37.724073434,0.219,219,2,15.778,562930.343,21.847,623413.353,1.001091635
38.725429802,0.219,219,2,15.997,562938.535,22.066,638486.189,1.001356368
39.726661654,0.219,219,2,16.216,562954.919,22.285,654095.801,1.001231852
40.727876402,0.219,219,2,16.435,562971.303,22.504,668912.537,1.001214748
41.730065103,0.219,219,2,16.654,562987.687,22.723,684918.587,1.002188701
34.199841771,0.152,152,8,0.489,135366.656,22.942,698603.89,0
42.730837818,0.219,219,2,16.873,562995.879,23.094,698669.963,8.530996047
43.647345611,2.513,2513,2,19.386,562997.415,25.607,698671.499,0.916507793
43.706258873,2.535,2535,2,21.921,563009.959,28.142,698684.043,0.058913262
43.713579792,1.575,1575,2,23.496,563018.151,29.717,698692.235,0.00732091899999
43.616088282,0.152,152,8,0.641,135440.921,29.936,698708.619,0
43.780741278,0.145,145,8,0.786,135449.113,30.081,698716.811,0.164652996
43.731677654,0.219,219,2,23.715,563034.535,30.233,711281.66,0
44.732644269,0.219,219,2,23.934,563050.919,30.452,726626.98,1.000966615
45.733688746,0.219,219,2,24.153,563067.303,30.671,741509.789,1.001044477
46.734712936,0.219,219,2,24.372,563083.687,30.89,757119.401,1.00102419
47.735697074,0.22,220,2,24.592,563100.071,31.11,772729.013,1.000984138
48.736636075,0.22,220,2,24.812,563116.455,31.33,787942.187,1.000939001
49.737559089,0.22,220,2,25.032,563132.839,31.55,802891.069,1.000923014
50.738549398,0.22,220,2,25.252,563149.223,31.77,818500.681,1.000990309
51.739530065,0.22,220,2,25.472,563165.607,31.99,834242.439,1.000980667
43.783863578,0.152,152,8,0.938,271099.769,32.21,834514.923,0
52.740637068,0.22,220,2,25.692,563173.799,32.362,834580.996,8.95677349
52.816635999,2.535,2535,2,28.227,563188.135,34.897,834595.332,0.075998931
52.759047706,0.152,152,8,1.09,271174.034,36.472,834603.524,0
52.833351903,0.145,145,8,1.235,271190.418,36.617,834619.908,0.074304197
52.835449634,0.149,149,8,1.384,271198.61,36.766,834628.1,0.002097731
52.823948658,1.575,1575,2,29.802,563188.135,36.918,846127.589,0
53.636522849,2.513,2513,2,32.315,563261.863,39.431,847853.142,0.812574191
53.741640985,0.22,220,2,32.535,563278.247,39.651,862934.17,0.105118136
54.742723028,0.22,220,2,32.755,563294.631,39.871,877288.395,1.001082043
55.743658179,0.22,220,2,32.975,563311.015,40.091,892039.058,1.000935151
56.744429764,0.22,220,2,33.195,563327.399,40.311,906855.794,1.000771585
57.745112244,0.22,220,2,33.415,563343.783,40.531,922135.041,1.00068248
58.745816763,0.22,220,2,33.635,563360.167,40.751,937348.215,1.000704519
59.746656304,0.22,220,2,33.855,563376.551,40.971,952627.462,1.000839541
60.747590915,0.22,220,2,34.075,563392.935,41.191,968171.001,1.000934611
52.838008748,0.152,152,8,1.536,406849.266,41.411,970491.748,0
61.748429974,0.22,220,2,34.295,563401.127,41.563,970557.821,8.910421226
61.950888575,2.535,2535,2,36.83,563433.895,44.098,970590.589,0.202458601
61.900357466,0.152,152,8,1.688,406923.531,45.673,970598.781,0
61.966800338,0.145,145,8,1.833,406939.915,45.818,970615.165,0.066442872
61.96903024,0.149,149,8,1.982,406948.107,45.967,970623.357,0.002229902
61.957745388,1.575,1575,2,38.405,563442.087,46.119,982396.082,0
62.749408325,0.22,220,2,38.625,563450.279,46.339,995156.363,0.791662937
63.618871335,2.513,2513,2,41.138,563474.855,48.852,996898.837,0.86946301
63.750453987,0.22,220,2,41.358,563491.239,49.072,1012310.23,0.131582652
64.751762953,0.22,220,2,41.578,563507.623,49.292,1027655.55,1.001308966
65.752702653,0.22,220,2,41.798,563524.007,49.512,1043265.162,1.0009397
66.753645164,0.22,220,2,42.018,563540.391,49.732,1058147.971,1.000942511
67.75460117,0.22,220,2,42.238,563556.775,49.952,1073625.437,1.000956006
68.755584093,0.22,220,2,42.458,563573.159,50.172,1088904.684,1.000982923
69.756444688,0.22,220,2,42.678,563589.543,50.392,1104448.223,1.000860595
61.971390911,0.152,152,8,2.134,542599.515,50.612,1106430.413,0
70.757327267,0.22,220,2,42.898,563589.543,50.764,1106524.388,8.785936356
70.945971381,2.535,2535,2,45.433,563614.119,53.299,1106548.964,0.188644114
70.889680806,0.152,152,8,2.286,542701.682,54.874,1106557.156,0
70.959566085,0.145,145,8,2.431,542718.066,55.019,1106573.54,0.069885279
70.961941611,0.149,149,8,2.58,542726.258,55.168,1106581.732,0.00237552599999
70.952397262,1.575,1575,2,47.008,563622.311,55.32,1118575.844,0
71.758319108,0.22,220,2,47.228,563638.695,55.54,1134251.529,0.805921846
72.759384562,0.22,220,2,47.448,563646.887,55.76,1147540.394,1.001065454
73.618874878,2.513,2513,2,49.961,563720.615,58.273,1149860.604,0.859490316
73.7603191,0.22,220,2,50.181,563736.999,58.493,1165470.216,0.141444222
74.761215071,0.22,220,2,50.401,563753.383,58.713,1181278.047,1.000895971
75.762126934,0.22,220,2,50.621,563769.767,58.933,1197085.878,1.000911863
76.763629537,0.22,220,2,50.841,563786.151,59.153,1212827.636,1.001502603
77.764556108,0.22,220,2,51.061,563802.535,59.373,1228437.248,1.000926571
70.964212509,0.152,152,8,2.732,678400.834,59.593,1242452.916,0
78.765421415,0.22,220,2,51.281,563810.727,59.745,1242578.218,7.801208906
79.722753418,2.535,2535,2,53.816,563909.031,62.28,1242676.522,0.957332003
79.674454348,0.152,152,8,2.884,678534.328,63.855,1242684.714,0
79.733879934,0.145,145,8,3.029,678550.712,64.0,1242701.098,0.059425586
79.735513865,0.149,149,8,3.178,678558.904,64.149,1242709.29,0.001633931
79.728593014,1.575,1575,2,55.391,563917.223,64.301,1243182.78,0
79.766332454,0.22,220,2,55.611,563933.607,64.521,1258528.1,0.03773944
80.767444566,0.22,220,2,55.831,563949.991,64.741,1273807.347,1.001112112
81.768306944,0.22,220,2,56.051,563966.375,64.961,1289416.959,1.000862378
82.769217646,0.22,220,2,56.271,563974.567,65.181,1302771.897,1.000910702
83.618850504,2.513,2513,2,58.784,564048.295,67.694,1305158.18,0.849632858
83.770204773,0.22,220,2,59.004,564064.679,67.914,1320701.719,0.151354269
84.771134244,0.22,220,2,59.224,564081.063,68.134,1335716.674,1.000929471
85.772083388,0.22,220,2,59.444,564097.447,68.354,1350863.775,1.000949144
86.773091163,0.22,220,2,59.664,564113.831,68.574,1366275.168,1.001007775
79.737566853,0.152,152,8,3.33,814209.56,68.794,1378572.938,0
87.773963695,0.22,220,2,59.884,564122.023,68.946,1378652.962,8.036396842
88.611983647,2.535,2535,2,62.419,564154.791,71.481,1378685.73,0.838019952
88.562631913,0.152,152,8,3.482,814297.776,73.056,1378693.922,0
88.624723416,0.145,145,8,3.627,814314.16,73.201,1378710.306,0.062091503
88.626809175,0.149,149,8,3.776,814322.352,73.35,1378718.498,0.00208575900001
88.618073969,1.575,1575,2,63.994,564162.983,73.502,1381042.032,0
88.775054934,0.22,220,2,64.214,564179.367,73.722,1396387.352,0.156980965
89.77620096,0.22,220,2,64.434,564195.751,73.942,1411402.307,1.001146026
90.777059732,0.22,220,2,64.654,564212.135,74.162,1426747.627,1.000858772
91.777957727,0.22,220,2,64.874,564228.519,74.382,1442423.312,1.000897995
92.778938098,0.22,220,2,65.094,564236.711,74.602,1455447.885,1.000980371
93.618973566,2.513,2513,2,67.607,564261.287,77.115,1458049.308,0.840035468
93.779918172,0.22,220,2,67.827,564277.671,77.335,1473526.774,0.160944606
94.780794921,0.22,220,2,68.047,564294.055,77.555,1489202.459,1.000876749
95.781692846,0.22,220,2,68.267,564310.439,77.775,1504944.217,1.000897925
88.628829538,0.152,152,8,3.928,949973.008,77.995,1514532.994,0
96.78273065,0.22,220,2,68.487,564318.631,78.147,1514626.969,8.153901112
97.445856853,2.535,2535,2,71.022,564343.207,80.682,1514651.545,0.663126203
97.398060599,0.152,152,8,4.08,950075.175,82.257,1514659.737,0
97.459587855,0.145,145,8,4.225,950091.559,82.402,1514676.121,0.061527256
97.461189566,0.149,149,8,4.374,950099.751,82.551,1514684.313,0.00160171100001
97.451518567,1.575,1575,2,72.597,564351.399,82.703,1519320.402,0
97.783822713,0.22,220,2,72.817,564367.783,82.923,1535062.16,0.332304146
98.784727078,0.22,220,2,73.037,564384.167,83.143,1550869.991,1.000904365
99.785657818,0.22,220,2,73.257,564400.551,83.363,1566413.53,1.00093074
100.786492692,0.22,220,2,73.477,564416.935,83.583,1582089.215,1.000834874
101.787407726,0.22,220,2,73.697,564433.319,83.803,1597830.973,1.000915034
102.788308818,0.22,220,2,73.917,564433.319,84.023,1610194.816,1.000901092
103.618613386,2.513,2513,2,76.43,564507.047,86.536,1612977.537,0.830304568
103.78918553,0.22,220,2,76.65,564523.431,86.756,1628587.149,0.170572144
104.789984229,0.22,220,2,76.87,564539.815,86.976,1644328.907,1.000798699
97.462940679,0.152,152,8,4.526,1085684.334,87.196,1650547.961,0
105.790912603,0.22,220,2,77.09,564548.007,87.348,1650641.936,8.327971924
106.236118056,2.535,2535,2,79.625,564646.311,89.883,1650740.24,0.445205453
106.187278627,0.152,152,8,4.678,1085786.501,91.458,1650748.432,0
106.247026488,0.145,145,8,4.823,1085802.885,91.603,1650764.816,0.059747861
106.249626428,0.149,149,8,4.972,1085811.077,91.752,1650773.008,0.00259994
106.24223513,1.575,1575,2,81.2,564654.503,91.904,1658910.966,0
106.791958334,0.22,220,2,81.42,564670.887,92.124,1674718.797,0.549723204
107.792903389,0.22,220,2,81.64,564687.271,92.344,1690328.409,1.000945055
108.793811395,0.22,220,2,81.86,564703.655,92.564,1706202.313,1.000908006
109.794702599,0.22,220,2,82.08,564720.039,92.784,1721613.706,1.000891204
110.795753015,0.22,220,2,82.3,564736.423,93.004,1737355.464,1.001050416
111.796783981,0.22,220,2,82.52,564752.807,93.224,1752502.565,1.001030966
112.797799044,0.22,220,2,82.74,564760.999,93.444,1765262.846,1.001015063
113.621397141,2.513,2513,2,85.253,564801.959,95.957,1767418.142,0.823598097
113.798796596,0.22,220,2,85.473,564818.343,96.177,1783093.827,0.177399455
106.251345465,0.152,152,8,5.124,1221461.733,96.397,1786603.888,0
114.799540551,0.22,220,2,85.693,564826.535,96.549,1786669.961,8.548195086
115.076166007,2.535,2535,2,88.228,564875.687,99.084,1786719.113,0.276625456
115.023670602,0.152,152,8,5.276,1221535.998,100.659,1786727.305,0
115.089534094,0.145,145,8,5.421,1221552.382,100.804,1786743.689,0.065863492
115.091823384,0.149,149,8,5.57,1221560.574,100.953,1786751.881,0.00228928999999
115.082030521,1.575,1575,2,89.803,564883.879,101.105,1797850.229,0
115.800462505,0.22,220,2,90.023,564900.263,101.325,1813459.841,0.718431984
116.801416715,0.22,220,2,90.243,564916.647,101.545,1829267.672,1.00095421
117.802353463,0.22,220,2,90.463,564933.031,101.765,1845009.43,1.000936748
118.803461685,0.22,220,2,90.683,564949.415,101.985,1860685.115,1.001108222
119.804379415,0.22,220,2,90.903,564965.799,102.205,1876360.8,1.00091773
120.805270143,0.22,220,2,91.123,564982.183,102.425,1892102.558,1.000890728
121.806067252,0.22,220,2,91.343,564998.567,102.645,1907844.316,1.000797109
122.807032954,0.22,220,2,91.563,565006.759,102.865,1920538.524,1.000965702
115.093722928,0.152,152,8,5.722,1357528.7,105.378,1922867.463,0
123.620083817,2.513,2513,2,94.076,565031.335,105.53,1923257.504,8.526360889
123.808038858,0.22,220,2,94.296,565039.527,105.75,1923265.696,0.187955041
123.81751887,2.535,2535,2,96.831,565072.295,108.285,1923298.464,0.009480012
123.766074436,0.152,152,8,5.874,1357918.741,109.86,1923306.656,0
123.828250274,0.145,145,8,6.019,1357935.125,110.005,1923323.04,0.062175838
123.829800828,0.149,149,8,6.168,1357943.317,110.154,1923331.232,0.001550554
123.822921438,1.575,1575,2,98.406,565080.487,110.306,1938619.932,0
124.809078891,0.22,220,2,98.626,565096.871,110.526,1954295.617,0.986157453
125.809965966,0.22,220,2,98.846,565113.255,110.746,1969178.426,1.000887075
126.810575335,0.22,220,2,99.066,565129.639,110.966,1984788.038,1.000609369
127.811125607,0.22,220,2,99.286,565146.023,111.186,2000463.723,1.000550272
128.811955463,0.22,220,2,99.506,565162.407,111.406,2016205.481,1.000829856
129.81282055,0.22,220,2,99.726,565178.791,111.626,2031682.947,1.000865087
130.813673014,0.22,220,2,99.946,565195.175,111.846,2046830.048,1.000852464
123.831799618,0.152,152,8,6.32,1493476.685,112.067,2058995.672,0
131.814833421,0.221,221,2,100.167,565203.367,112.219,2059152.301,7.983033803
132.634130784,2.535,2535,2,102.702,565334.439,114.754,2059283.373,0.819297363
132.587270278,0.152,152,8,6.472,1493641.506,116.329,2059291.565,0
132.643514279,0.145,145,8,6.617,1493657.89,116.474,2059307.949,0.056244001
132.645158654,0.149,149,8,6.766,1493666.082,116.623,2059316.141,0.00164437500001
132.639104269,1.575,1575,2,104.277,565342.631,116.775,2062134.794,0
132.81576366,0.221,221,2,104.498,565350.823,116.996,2074630.783,0.176659391
133.618114927,2.513,2513,2,107.011,565424.551,119.509,2077809.942,0.802351267
133.822646598,0.221,221,2,107.232,565440.935,119.73,2093287.408,0.204531671
134.823491951,0.221,221,2,107.453,565449.127,119.951,2108558.463,1.000845353
135.824187144,0.221,221,2,107.674,565465.511,120.172,2124102.002,1.000695193
136.825018654,0.221,221,2,107.895,565481.895,120.393,2139843.76,1.00083151
137.825823047,0.221,221,2,108.116,565498.279,120.614,2155321.226,1.000804393
138.8265757,0.221,221,2,108.337,565514.663,120.835,2171129.057,1.000752653
139.827308101,0.221,221,2,108.558,565531.047,121.056,2186540.45,1.000732401
132.646839671,0.152,152,8,6.918,1629283.273,121.277,2195138.132,0
140.828035294,0.221,221,2,108.779,565539.239,121.429,2195232.107,8.181195623
141.414547363,2.535,2535,2,111.314,565572.007,123.964,2195264.875,0.586512069
141.370383189,0.152,152,8,7.07,1629385.44,125.539,2195273.067,0
141.711873533,0.145,145,8,7.215,1629401.824,125.684,2195289.451,0.341490344
141.713402606,0.149,149,8,7.364,1629410.016,125.833,2195297.643,0.001529073
141.707341058,1.575,1575,2,112.889,565580.199,125.985,2197139.971,0
141.828917463,0.221,221,2,113.11,565596.583,126.206,2212881.729,0.121576405
142.829817732,0.221,221,2,113.331,565604.775,126.427,2225377.718,1.000900269
143.618146922,2.513,2513,2,115.844,565637.543,128.94,2228714.136,0.78832919
143.830743018,0.221,221,2,116.065,565653.927,129.161,2244588.04,0.212596096
144.831690583,0.221,221,2,116.286,565670.311,129.382,2260131.579,1.000947565
145.832480446,0.221,221,2,116.507,565686.695,129.603,2275675.118,1.000789863
146.833364337,0.221,221,2,116.728,565703.079,129.824,2290822.219,1.000883891
147.834424697,0.221,221,2,116.949,565719.463,130.045,2306299.685,1.00106036
148.835218496,0.221,221,2,117.17,565735.847,130.266,2321711.078,1.000793799
141.715555323,0.152,152,8,7.516,1765240.196,130.487,2331299.855,0
149.835797697,0.221,221,2,117.391,565744.039,130.639,2331462.276,8.120242374
150.507532178,2.535,2535,2,119.926,565764.519,133.174,2331482.756,0.671734481
150.464297775,0.152,152,8,7.668,1765410.809,134.749,2331490.948,0
150.518842394,0.145,145,8,7.813,1765427.193,134.894,2331507.332,0.054544619
150.520474003,0.149,149,8,7.962,1765435.385,135.043,2331515.524,0.00163160900001
150.514796095,1.575,1575,2,121.501,565772.711,135.195,2336496.836,0
150.836727035,0.221,221,2,121.722,565789.095,135.416,2351445.718,0.32193094
151.837331753,0.221,221,2,121.943,565805.479,135.637,2366592.819,1.000604718
152.838172637,0.221,221,2,122.164,565813.671,135.858,2378692.37,1.000840884
153.63071306,2.513,2513,2,124.677,565952.935,138.371,2382135.284,0.792540423
153.839084648,0.221,221,2,124.898,565969.319,138.592,2397810.969,0.208371588
154.840008805,0.221,221,2,125.119,565985.703,138.813,2412825.924,1.000924157
155.840885215,0.221,221,2,125.34,566002.087,139.034,2428765.901,1.00087641
156.841763412,0.221,221,2,125.561,566018.471,139.255,2444705.878,1.000878197
157.842551947,0.221,221,2,125.782,566034.855,139.476,2460579.782,1.000788535
150.521813116,0.152,152,8,8.114,1900968.753,139.697,2467327.42,0
158.843457563,0.221,221,2,126.003,566043.047,139.849,2467393.493,8.321644447
159.331688211,2.535,2535,2,128.538,566051.239,142.384,2467401.685,0.488230648
159.844383831,0.221,221,2,128.759,566067.623,142.605,2467418.069,0.51269562
160.845038096,0.221,221,2,128.98,566084.007,142.826,2467434.453,1.000654265
161.845550382,0.221,221,2,129.201,566100.391,143.047,2467450.837,1.000512286
162.846054171,0.221,221,2,129.422,566108.583,143.268,2467459.029,1.000503789
163.61765321,0.339,339,2,129.761,566149.543,143.607,2467499.989,0.771599039
163.846684358,0.221,221,2,129.982,566165.927,143.828,2467516.373,0.229031148
164.847267004,0.221,221,2,130.203,566182.311,144.049,2467532.757,1.000582646
165.8478186,0.221,221,2,130.424,566198.695,144.27,2467549.141,1.000551596
166.848471316,0.221,221,2,130.645,566206.887,144.491,2467568.085,1.000652716
167.849393114,0.221,221,2,130.866,566223.271,144.712,2467584.469,1.000921798
168.850284777,0.221,221,2,131.087,566239.655,144.933,2467600.853,1.000891663
169.850900757,0.221,221,2,131.308,566256.039,145.154,2467617.237,1.00061598
170.851469072,0.221,221,2,131.529,566272.423,145.375,2467633.621,1.000568315
171.85197507,0.221,221,2,131.75,566288.807,145.596,2467650.005,1.000505998
172.852492509,0.221,221,2,131.971,566296.999,145.817,2467658.197,1.000517439
173.617469944,0.339,339,2,132.31,566337.959,146.156,2467699.157,0.764977435
173.853031435,0.221,221,2,132.531,566354.343,146.377,2467715.541,0.235561491
174.853535298,0.221,221,2,132.752,566370.727,146.598,2467731.925,1.000503863
175.854031067,0.221,221,2,132.973,566387.111,146.819,2467748.309,1.000495769
176.85452647,0.221,221,2,133.194,566403.495,147.04,2467764.693,1.000495403
177.855041158,0.221,221,2,133.415,566419.879,147.261,2467781.077,1.000514688
178.855528557,0.221,221,2,133.636,566436.263,147.482,2467797.461,1.000487399
179.856015275,0.221,221,2,133.857,566452.647,147.703,2467813.845,1.000486718
180.856521114,0.221,221,2,134.078,566469.031,147.924,2467830.229,1.000505839
181.8570183,0.221,221,2,134.299,566485.415,148.145,2467846.613,1.000497186
182.857543449,0.221,221,2,134.52,566493.607,148.366,2467854.805,1.000525149
183.617190576,0.339,339,2,134.859,566534.567,148.705,2467895.765,0.759647127
183.858114381,0.221,221,2,135.08,566550.951,148.926,2467912.149,0.240923805
184.85868445,0.221,221,2,135.301,566567.335,149.147,2467928.533,1.000570069
185.859235456,0.221,221,2,135.522,566583.719,149.368,2467944.917,1.000551006
186.859814747,0.221,221,2,135.743,566600.103,149.589,2467961.301,1.000579291
187.860394587,0.221,221,2,135.964,566616.487,149.81,2467977.685,1.00057984
188.860927939,0.221,221,2,136.185,566632.871,150.031,2467994.069,1.000533352
189.861452756,0.221,221,2,136.406,566649.255,150.252,2468010.453,1.000524817
190.861949467,0.221,221,2,136.627,566665.639,150.473,2468026.837,1.000496711
191.862444116,0.221,221,2,136.848,566682.023,150.694,2468043.221,1.000494649
192.863003227,0.221,221,2,137.069,566690.215,150.915,2468051.413,1.000559111
193.617442432,0.339,339,2,137.408,566722.983,151.254,2468084.181,0.754439205
193.786843145,1.575,1575,2,138.983,566722.983,152.829,2468084.181,0.169400713
193.803935194,0.286,286,2,139.269,566854.055,153.115,2468219.861,0.017092049
193.815327734,0.189,189,2,139.458,566919.591,153.304,2468285.397,0.01139254
193.83507667,0.249,249,2,139.707,566952.359,153.553,2468318.165,0.019748936
193.848249977,0.114,114,2,139.821,566976.935,153.667,2468342.741,0.013173307
193.864030905,0.221,221,2,140.042,566993.319,154.338,2900300.421,0.015780928
194.865296233,0.221,221,2,140.263,567009.703,154.559,2939700.725,1.001265328
195.866664984,0.221,221,2,140.484,567026.087,154.78,2939717.109,1.001368751
196.867944844,0.221,221,2,140.705,567042.471,155.001,2939733.493,1.00127986
197.868889139,0.221,221,2,140.926,567058.855,155.222,2939749.877,1.000944295
198.869798934,0.221,221,2,141.147,567067.047,155.443,2939758.069,1.000909795
193.879683624,0.152,152,3,0.152,135021.04,155.664,2939766.261,0
199.870744092,0.221,221,2,141.368,567083.431,155.814,3009750.517,5.991060468
200.871815389,0.221,221,2,141.589,567099.815,156.035,3009766.901,1.001071297
193.880088511,0.149,149,5,0.149,146136.688,156.256,3009775.093,0
201.872728617,0.221,221,2,141.81,567116.199,156.408,3072089.845,7.992640106
202.873648719,0.221,221,2,142.031,567124.391,156.629,3104440.053,1.000920102
203.620940056,2.513,2513,2,144.544,567140.775,159.142,3119595.253,0.747291337
203.875788443,0.221,221,2,144.765,567157.159,159.363,3119611.637,0.254848387
204.876830136,0.221,221,2,144.986,567173.543,159.584,3154920.613,1.001041693
193.869267219,0.149,149,6,0.149,190210.752,159.805,3154928.805,0
205.877742256,0.221,221,2,145.207,567189.927,159.957,3207972.005,12.008475037
206.878650242,0.221,221,2,145.428,567206.311,160.178,3225095.109,1.000907986
207.87966884,0.221,221,2,145.649,567222.695,160.399,3225111.493,1.001018598
208.881217466,0.221,221,2,145.87,567239.079,160.62,3225127.877,1.001548626
209.88222639,0.221,221,2,146.091,567255.463,160.841,3225144.261,1.001008924
210.88294197,0.221,221,2,146.312,567271.847,161.062,3225160.645,1.00071558
211.883705502,0.221,221,2,146.533,567288.231,161.283,3225177.029,1.000763532
212.884589255,0.221,221,2,146.754,567296.423,161.504,3225185.221,1.000883753
213.618103992,2.513,2513,2,149.267,567308.711,164.017,3225197.509,0.733514737
213.885539737,0.221,221,2,149.488,567325.095,164.238,3225213.893,0.267435745
214.886581502,0.221,221,2,149.709,567341.479,164.459,3225230.277,1.001041765
215.887678644,0.221,221,2,149.93,567357.863,164.68,3225246.661,1.001097142
216.8885713,0.221,221,2,150.151,567366.055,164.901,3225254.853,1.000892656
217.147993357,0.178,178,2,150.329,567376.295,165.079,3225265.093,0.259422057
217.889566614,0.221,221,2,150.55,567384.487,165.3,3225273.285,0.741573257
217.919234319,2.588,2588,2,153.138,567392.679,167.888,3225281.477,0.029667705
218.890644063,0.221,221,2,153.359,567409.063,168.109,3225297.861,0.971409744
219.89128868,0.221,221,2,153.58,567425.447,168.33,3225314.245,1.000644617
220.89177913,0.221,221,2,153.801,567441.831,168.551,3225330.629,1.00049045
221.892273916,0.221,221,2,154.022,567458.215,168.772,3225347.013,1.000494786
222.892809972,0.221,221,2,154.243,567466.407,168.993,3225355.205,1.000536056
223.617499246,0.339,339,2,154.582,567475.623,169.332,3225364.421,0.724689274
223.893481189,0.221,221,2,154.803,567492.007,169.553,3225380.805,0.275981943
224.894012575,0.221,221,2,155.024,567508.391,169.774,3225397.189,1.000531386
225.89454795,0.221,221,2,155.245,567529.111,169.995,3225417.909,1.000535375
226.684095433,1.575,1575,2,156.82,567529.111,171.57,3225417.909,0.789547483
226.686567312,0.286,286,2,157.106,567584.407,171.856,3225473.205,0.00247187899998
226.694168736,0.189,189,2,157.295,567595.671,172.045,3225484.469,0.007601424
226.895583842,0.221,221,2,157.516,567603.863,172.266,3225492.661,0.201415106
227.468661882,2.333,2333,2,159.849,567612.055,174.599,3225500.853,0.57307804
227.896390651,0.221,221,2,160.07,567628.439,174.82,3225517.237,0.427728769
228.897151693,0.221,221,2,160.291,567644.823,175.041,3225533.621,1.000761042
229.897665329,0.221,221,2,160.512,567655.559,175.262,3225544.357,1.000513636
230.36235591,0.189,189,2,160.701,567657.479,175.451,3225546.277,0.464690581
230.369665596,0.189,189,2,160.89,567659.271,175.64,3225548.069,0.00730968600001
230.377700352,0.189,189,2,161.079,567669.255,175.829,3225558.053,0.008034756
230.426436988,1.575,1575,2,162.654,567669.255,177.404,3225558.053,0.048736636
230.429545611,0.286,286,2,162.94,567865.863,177.69,3225754.661,0.003108623
230.435178725,0.189,189,2,163.129,567866.887,177.879,3225755.685,0.00563311399998
230.870197916,0.286,286,2,163.415,568080.871,178.165,3225969.669,0.435019191
230.875031192,0.189,189,2,163.604,568090.023,178.354,3225978.821,0.004833276
230.898603301,0.221,221,2,163.825,568090.023,178.575,3225987.013,0.023572109
231.899754026,0.221,221,2,164.046,568114.599,178.796,3226011.589,1.001150725
232.900902312,0.221,221,2,164.267,568122.791,179.017,3226019.781,1.001148286
233.617945154,2.513,2513,2,166.78,568131.911,181.53,3226028.901,0.717042842
233.901876244,0.221,221,2,167.001,568140.103,181.751,3226037.093,0.28393109
234.470042547,0.184,184,2,167.185,568140.999,181.935,3226037.989,0.568166303
234.476016921,1.775,1775,2,168.96,568143.559,183.71,3226040.549,0.005974374
234.484567747,2359.296,262144,2,2528.256,568143.559,2543.006,3226040.549,0.008550826
234.486693175,1310.72,262144,2,3838.976,568143.559,3853.726,3226040.549,0.002125428
234.489172759,2097.152,262144,2,5936.128,568143.559,5950.878,3226040.549,0.00247958400001
234.493733027,524.288,262144,2,6460.416,568143.559,6475.166,3226040.549,0.00456026799998
234.495192963,524.288,262144,2,6984.704,568143.559,6999.454,3226040.549,0.001459936
234.496818361,524.288,262144,2,7508.992,568143.559,7523.742,3226040.549,0.00162539800002
234.498281182,524.288,262144,2,8033.28,568143.559,8048.03,3226040.549,0.00146282099999
234.499759627,524.288,262144,2,8557.568,568143.559,8572.318,3226040.549,0.001478445
234.501221423,524.288,262144,2,9081.856,568143.559,9096.606,3226040.549,0.001461796
234.502846078,786.432,262144,2,9868.288,568143.559,9883.038,3226040.549,0.001624655
234.504754696,786.432,262144,2,10654.72,568143.559,10669.47,3226040.549,0.00190861799999
234.50681069,524.288,262144,2,11179.008,568143.559,11193.758,3226040.549,0.00205599400002
234.508874316,524.288,262144,2,11703.296,568143.559,11718.046,3226040.549,0.00206362599999
234.510786407,524.288,262144,2,12227.584,568143.559,12504.478,3226040.549,0.00191209100001
234.513013762,262.144,262144,2,12489.728,568143.559,12766.622,3226040.549,0.002227355
234.514906985,786.432,262144,2,13276.16,568143.559,13553.054,3226040.549,0.001893223
234.517402626,786.432,262144,2,14062.592,568143.559,14339.486,3226040.549,0.002495641
234.519899394,786.432,262144,2,14849.024,568143.559,15125.918,3226040.549,0.00249676799999
234.522399673,786.432,262144,2,15635.456,568143.559,15912.35,3226040.549,0.002500279
234.525055173,786.432,262144,2,16421.888,568143.559,16698.782,3226040.549,0.0026555
234.527997327,786.432,262144,2,17208.32,568143.559,17485.214,3226040.549,0.00294215400001
234.531084289,786.432,262144,2,17994.752,568143.559,18271.646,3226040.549,0.003086962
234.534172217,786.432,262144,2,18781.184,568143.559,19058.078,3226040.549,0.00308792799999
234.53770527,786.432,262144,2,19567.616,568143.559,19844.51,3226040.549,0.00353305300001
234.541223305,691.393,262144,2,20259.009,568143.559,20535.903,3226040.549,0.00351803499998
234.544732864,167.105,167105,2,20426.114,568144.423,20703.008,3226041.413,0.00350955900001
234.591373401,0.184,184,2,20426.298,568153.447,20703.192,3226050.437,0.046640537
234.902900607,0.221,221,2,20426.519,568169.831,20703.413,3226066.821,0.311527206
235.904438509,0.221,221,2,20426.74,568186.215,20703.634,3226083.205,1.001537902
236.905107711,0.221,221,2,20426.961,568202.599,20703.855,3226099.589,1.000669202
237.905679012,0.221,221,2,20427.182,568218.983,20704.076,3226115.973,1.000571301
238.90659262,0.221,221,2,20427.403,568235.367,20704.297,3226132.357,1.000913608
239.907618765,0.221,221,2,20427.624,568251.751,20704.518,3226148.741,1.001026145
240.908348107,0.221,221,2,20427.845,568268.135,20704.739,3226165.125,1.000729342
241.908855279,0.221,221,2,20428.066,568284.519,20704.96,3226181.509,1.000507172
242.909385931,0.221,221,2,20428.287,568292.711,20705.181,3226189.701,1.000530652
243.61813545,0.339,339,2,20428.626,568301.703,20705.52,3226198.693,0.708749519
243.909986552,0.221,221,2,20428.847,568318.087,20705.741,3226215.077,0.291851102
244.910557438,0.221,221,2,20429.068,568334.471,20705.962,3226231.461,1.000570886
245.911039636,0.221,221,2,20429.289,568350.855,20706.183,3226247.845,1.000482198
246.911528357,0.221,221,2,20429.51,568367.239,20706.404,3226264.229,1.000488721
247.912070352,0.221,221,2,20429.731,568383.623,20706.625,3226280.613,1.000541995
248.912549328,0.221,221,2,20429.952,568400.007,20706.846,3226296.997,1.000478976
249.913026311,0.221,221,2,20430.173,568416.391,20707.067,3226313.381,1.000476983
250.913495394,0.221,221,2,20430.394,568432.775,20707.288,3226331.461,1.000469083
251.914351227,0.221,221,2,20430.615,568449.159,20707.509,3226347.845,1.000855833
252.915006124,0.221,221,2,20430.836,568457.351,20707.73,3226356.037,1.000654897
253.617340429,0.339,339,2,20431.175,568466.311,20708.069,3226364.997,0.702334305
253.915585517,0.221,221,2,20431.396,568482.695,20708.29,3226381.381,0.298245088
254.916102801,0.221,221,2,20431.617,568499.079,20708.511,3226397.765,1.000517284
255.916647436,0.221,221,2,20431.838,568515.463,20708.732,3226414.149,1.000544635
256.917160579,0.221,221,2,20432.059,568531.847,20708.953,3226430.533,1.000513143
257.917876877,0.221,221,2,20432.28,568548.231,20709.174,3226446.917,1.000716298
258.918645756,0.221,221,2,20432.501,568564.615,20709.395,3226463.301,1.000768879
259.919526062,0.221,221,2,20432.722,568580.999,20709.616,3226479.685,1.000880306
260.920041202,0.221,221,2,20432.943,568597.383,20709.837,3226497.637,1.00051514
261.920595494,0.221,221,2,20433.164,568613.767,20710.058,3226514.021,1.000554292
262.921103534,0.221,221,2,20433.385,568613.767,20710.279,3226522.213,1.00050804
263.61736729,0.339,339,2,20433.724,568622.695,20710.618,3226532.917,0.696263756
263.921713214,0.221,221,2,20433.945,568639.079,20710.839,3226549.301,0.304345924
264.923606824,0.221,221,2,20434.166,568655.463,20711.06,3226565.685,1.00189361
265.92405416,0.221,221,2,20434.387,568671.847,20711.281,3226582.069,1.000447336
266.924502954,0.221,221,2,20434.608,568688.231,20711.502,3226598.453,1.000448794
267.924945565,0.221,221,2,20434.829,568704.615,20711.723,3226614.837,1.000442611
268.925384808,0.221,221,2,20435.05,568720.999,20711.944,3226631.221,1.000439243
269.925820752,0.221,221,2,20435.271,568737.383,20712.165,3226647.605,1.000435944
270.926269039,0.221,221,2,20435.492,568753.767,20712.386,3226663.989,1.000448287
271.926703439,0.221,221,2,20435.713,568770.151,20712.607,3226680.373,1.0004344
272.927169943,0.221,221,2,20435.934,568778.343,20712.828,3226688.565,1.000466504
273.617213372,0.339,339,2,20436.273,568787.239,20713.167,3226697.461,0.690043429
273.927818484,0.221,221,2,20436.494,568795.431,20713.388,3226705.653,0.310605112
274.928447859,0.221,221,2,20436.715,568820.007,20713.609,3226730.229,1.000629375
275.929086562,0.221,221,2,20436.936,568836.391,20713.83,3226746.613,1.000638703
276.929682396,0.221,221,2,20437.157,568852.775,20714.051,3226762.997,1.000595834
277.930161553,0.221,221,2,20437.378,568869.159,20714.272,3226779.381,1.000479157
278.930627003,0.221,221,2,20437.599,568885.543,20714.493,3226795.765,1.00046545
279.931097244,0.221,221,2,20437.82,568894.407,20714.714,3226804.629,1.000470241
280.902561296,0.189,189,2,20438.009,568903.239,20714.903,3226813.461,0.971464052
280.931595582,0.221,221,2,20438.23,568919.975,20715.124,3226830.501,0.029034286
281.097993044,1.575,1575,2,20439.805,568919.975,20716.699,3226830.501,0.166397462
281.100880625,0.286,286,2,20440.091,568921.255,20716.985,3226831.781,0.00288758099998
281.156208777,0.189,189,2,20440.28,570150.871,20717.174,3228061.397,0.055328152
281.168930404,0.189,189,2,20440.469,570159.847,20717.363,3228070.373,0.012721627
281.932383814,0.221,221,2,20440.69,570176.231,20717.584,3228086.757,0.76345341
282.933239383,0.221,221,2,20440.911,570184.423,20717.805,3228094.949,1.000855569
283.626815027,2.513,2513,2,20443.424,570193.367,20720.318,3228103.893,0.693575644
283.934120642,0.221,221,2,20443.645,570201.559,20720.539,3228112.085,0.307305615
284.113956028,2.382,2382,2,20446.027,570209.751,20722.921,3228120.277,0.179835386
284.934971312,0.221,221,2,20446.248,570226.135,20723.142,3228136.661,0.821015284
285.935505658,0.221,221,2,20446.469,570242.519,20723.363,3228153.045,1.000534346
286.935952057,0.221,221,2,20446.69,570258.903,20723.584,3228169.429,1.000446399
287.936395109,0.221,221,2,20446.911,570275.287,20723.805,3228185.813,1.000443052
288.936829946,0.221,221,2,20447.132,570291.671,20724.026,3228202.197,1.000434837
289.937262475,0.221,221,2,20447.353,570308.055,20724.247,3228218.581,1.000432529
290.937693326,0.221,221,2,20447.574,570324.439,20724.468,3228234.965,1.000430851
291.938173751,0.221,221,2,20447.795,570340.823,20724.689,3228251.349,1.000480425
292.938715199,0.221,221,2,20448.016,570349.015,20724.91,3228259.541,1.000541448
293.617589781,0.339,339,2,20448.355,570357.927,20725.249,3228268.453,0.678874582
293.939256349,0.221,221,2,20448.576,570374.311,20725.47,3228284.837,0.321666568
294.939769415,0.221,221,2,20448.797,570382.503,20725.691,3228301.221,1.000513066
295.940297073,0.221,221,2,20449.018,570398.887,20725.912,3228317.605,1.000527658
296.940775791,0.221,221,2,20449.239,570415.271,20726.133,3228333.989,1.000478718
297.941253269,0.221,221,2,20449.46,570431.655,20726.354,3228350.373,1.000477478
298.941725238,0.221,221,2,20449.681,570448.039,20726.575,3228366.757,1.000471969
299.942208707,0.221,221,2,20449.902,570464.423,20726.796,3228383.141,1.000483469
300.942685363,0.221,221,2,20450.123,570480.807,20727.017,3228399.525,1.000476656
301.943185076,0.221,221,2,20450.344,570497.191,20727.238,3228415.909,1.000499713
302.943663757,0.221,221,2,20450.565,570505.383,20727.459,3228424.101,1.000478681
303.617237761,0.339,339,2,20450.904,570513.927,20727.798,3228432.645,0.673574004
303.944218373,0.221,221,2,20451.125,570530.311,20728.019,3228449.029,0.326980612
304.944775135,0.221,221,2,20451.346,570546.695,20728.24,3228465.413,1.000556762
305.945253755,0.221,221,2,20451.567,570563.079,20728.461,3228481.797,1.00047862
306.945700054,0.221,221,2,20451.788,570579.463,20728.682,3228498.181,1.000446299
307.946152147,0.221,221,2,20452.009,570595.847,20728.903,3228514.565,1.000452093
308.946604174,0.221,221,2,20452.23,570612.231,20729.124,3228530.949,1.000452027
309.94706394,0.221,221,2,20452.451,570628.615,20729.345,3228547.333,1.000459766
310.947540012,0.221,221,2,20452.672,570644.999,20729.566,3228563.717,1.000476072
311.948027424,0.221,221,2,20452.893,570661.383,20729.787,3228581.797,1.000487412
312.948792797,0.221,221,2,20453.114,570669.575,20730.008,3228589.989,1.000765373
313.619892625,0.339,339,2,20453.453,570678.439,20730.347,3228598.853,0.671099828
313.949446748,0.221,221,2,20453.674,570694.823,20730.568,3228615.237,0.329554123
314.949953553,0.221,221,2,20453.895,570711.207,20730.789,3228631.621,1.000506805
315.950409982,0.221,221,2,20454.116,570727.591,20731.01,3228648.005,1.000456429
316.951141901,0.221,221,2,20454.337,570743.975,20731.231,3228664.389,1.000731919
317.951692601,0.221,221,2,20454.558,570760.359,20731.452,3228680.773,1.0005507
318.952161328,0.221,221,2,20454.779,570776.743,20731.673,3228698.725,1.000468727
319.952746871,0.221,221,2,20455.0,570793.127,20731.894,3228716.549,1.000585543
320.95418378,0.221,221,2,20455.221,570809.511,20732.115,3228732.933,1.001436909
321.955947454,0.221,221,2,20455.442,570825.895,20732.336,3228749.317,1.001763674
322.956426351,0.221,221,2,20455.663,570834.087,20732.557,3228757.509,1.000478897
323.617315422,0.339,339,2,20456.002,570842.919,20732.896,3228766.341,0.660889071
323.956938765,0.221,221,2,20456.223,570859.303,20733.117,3228782.725,0.339623343
324.957409169,0.221,221,2,20456.444,570875.687,20733.338,3228799.109,1.000470404
325.957864635,0.221,221,2,20456.665,570892.071,20733.559,3228815.493,1.000455466
326.958426476,0.221,221,2,20456.886,570900.263,20733.78,3228823.685,1.000561841
327.958973601,0.221,221,2,20457.107,570916.647,20734.001,3228840.069,1.000547125
328.959468632,0.221,221,2,20457.328,570933.031,20734.222,3228856.453,1.000495031
329.959949525,0.221,221,2,20457.549,570949.415,20734.443,3228872.837,1.000480893
330.960393816,0.221,221,2,20457.77,570965.799,20734.664,3228889.221,1.000444291
331.960840084,0.221,221,2,20457.991,570982.183,20734.885,3228905.605,1.000446268
332.961285834,0.221,221,2,20458.212,570990.375,20735.106,3228913.797,1.00044575
333.61721801,0.339,339,2,20458.551,570999.175,20735.445,3228922.597,0.655932176
333.96175793,0.221,221,2,20458.772,571015.559,20735.666,3228938.981,0.34453992
334.962254542,0.221,221,2,20458.993,571031.943,20735.887,3228955.365,1.000496612
335.962717922,0.221,221,2,20459.214,571048.327,20736.108,3228971.749,1.00046338
336.963169554,0.221,221,2,20459.435,571064.711,20736.329,3228988.133,1.000451632
337.963638113,0.221,221,2,20459.656,571081.095,20736.55,3229004.517,1.000468559
338.964104621,0.221,221,2,20459.877,571097.479,20736.771,3229020.901,1.000466508
339.96454844,0.221,221,2,20460.098,571113.863,20736.992,3229037.285,1.000443819
340.96500223,0.221,221,2,20460.319,571130.823,20737.213,3229054.245,1.00045379
341.580765309,1.575,1575,2,20461.894,571130.823,20738.788,3229054.245,0.615763079
341.584090948,0.286,286,2,20462.18,571492.103,20739.074,3229415.525,0.00332563899997
341.590373434,0.189,189,2,20462.369,571492.903,20739.263,3229416.325,0.00628248600003
341.668515237,0.286,286,2,20462.655,571493.671,20739.549,3230989.957,0.078141803
341.677924253,0.189,189,2,20462.844,571502.599,20739.738,3230998.885,0.00940901600001
341.965727251,0.221,221,2,20463.065,571518.983,20739.959,3231015.269,0.287802998
342.966588783,0.221,221,2,20463.286,571527.175,20740.18,3231023.461,1.000861532
343.618021041,2.513,2513,2,20465.799,571536.071,20742.693,3231032.357,0.651432258
343.967472041,0.221,221,2,20466.02,571552.455,20742.914,3231048.741,0.349451
344.968472645,0.221,221,2,20466.241,571560.647,20743.135,3231056.933,1.001000604
345.822012403,0.184,184,2,20466.425,571560.983,20743.319,3231057.269,0.853539758
345.827598511,1.775,1775,2,20468.2,571561.991,20745.094,3231058.277,0.00558610800005
345.831231224,1835.008,262144,2,22303.208,571561.991,22580.102,3231058.277,0.003632713
345.835786423,1048.576,262144,2,23351.784,571561.991,23628.678,3231058.277,0.00455519899998
345.840198184,786.432,262144,2,24138.216,571561.991,24415.11,3231058.277,0.00441176099997
345.844170313,786.432,262144,2,24924.648,571561.991,25201.542,3231058.277,0.00397212900003
345.847984168,786.432,262144,2,25711.08,571561.991,25987.974,3231058.277,0.00381385499998
345.851809816,786.432,262144,2,26497.512,571561.991,26774.406,3231058.277,0.00382564800003
345.855780141,786.432,262144,2,27283.944,571561.991,27560.838,3231058.277,0.00397032500001
345.859905302,1048.576,262144,2,28332.52,571561.991,28609.414,3231058.277,0.00412516099999
345.864458395,1048.576,262144,2,29381.096,571561.991,29657.99,3231058.277,0.00455309299997
345.869018874,1048.576,262144,2,30429.672,571561.991,30706.566,3231058.277,0.00456047900002
345.87357098,1310.72,262144,2,31740.392,571561.991,32017.286,3231058.277,0.00455210600001
345.878579677,1048.576,262144,2,32788.968,571561.991,33065.862,3231058.277,0.00500869699999
345.8840247,733.858,262144,2,33522.826,571561.991,33799.72,3231058.277,0.00544502299999
345.889125655,41.129,41129,2,33563.955,571562.647,33840.849,3231058.933,0.00510095499999
345.932525136,0.184,184,2,33564.139,571571.463,33841.033,3231067.749,0.043399481
345.969297303,0.221,221,2,33564.36,571587.847,33841.254,3231084.133,0.036772167
346.969802158,0.221,221,2,33564.581,571604.231,33841.475,3231100.517,1.000504855
347.97051282,0.221,221,2,33564.802,571620.615,33841.696,3231116.901,1.000710662
348.971026747,0.221,221,2,33565.023,571636.999,33841.917,3231133.285,1.000513927
349.971435563,0.221,221,2,33565.244,571645.783,33842.138,3231142.069,1.000408816
350.116443535,0.189,189,2,33565.433,571646.871,33842.327,3231143.157,0.145007972
350.329090936,0.189,189,2,33565.622,571647.831,33842.516,3231144.117,0.212647401
350.335487624,0.189,189,2,33565.811,571656.919,33842.705,3231153.205,0.006396688
350.464261423,1.575,1575,2,33567.386,571656.919,33844.28,3231153.205,0.128773799
350.466133433,0.286,286,2,33567.672,572870.103,33844.566,3232431.925,0.00187201
350.478075375,0.19,190,2,33567.862,572879.031,33844.756,3232440.853,0.011941942
350.972119801,0.221,221,2,33568.083,572895.415,33844.977,3232457.237,0.494044426
351.972951468,0.221,221,2,33568.304,572903.607,33845.198,3232465.429,1.000831667
352.764898473,2.382,2382,2,33570.686,572912.503,33847.58,3232474.325,0.791947005
352.769820224,1.575,1575,2,33572.261,572912.503,33849.155,3232474.325,0.00492175099998
352.788943384,0.249,249,2,33572.51,572921.655,33849.404,3232549.013,0.01912316
352.973766316,0.221,221,2,33572.731,572929.847,33849.625,3232557.205,0.184822932
353.617651451,2.513,2513,2,33575.244,572938.967,33852.138,3232566.325,0.643885135
353.974356712,0.221,221,2,33575.465,572955.351,33852.359,3232582.709,0.356705261
354.974870967,0.221,221,2,33575.686,572971.735,33852.58,3232599.093,1.000514255
355.975385227,0.221,221,2,33575.907,572988.119,33852.801,3232615.477,1.00051426
356.975843513,0.221,221,2,33576.128,573004.503,33853.022,3232631.861,1.000458286
357.97627568,0.221,221,2,33576.349,573020.887,33853.243,3232648.245,1.000432167
358.976710728,0.221,221,2,33576.57,573029.079,33853.464,3232664.629,1.000435048
359.977187685,0.221,221,2,33576.791,573045.463,33853.685,3232681.013,1.000476957
360.977662942,0.221,221,2,33577.012,573061.847,33853.906,3232697.397,1.000475257
361.978129195,0.221,221,2,33577.233,573078.231,33854.127,3232713.781,1.000466253
362.978580588,0.221,221,2,33577.454,573086.423,33854.348,3232721.973,1.000451393
363.617425933,2.513,2513,2,33579.967,573095.511,33856.861,3232731.061,0.638845345
363.979111478,0.221,221,2,33580.188,573111.895,33857.082,3232812.981,0.361685545
364.979896996,0.221,221,2,33580.409,573128.279,33857.303,3232829.365,1.000785518
365.980435769,0.221,221,2,33580.63,573144.663,33857.524,3232845.749,1.000538773
366.981138446,0.221,221,2,33580.851,573161.047,33857.745,3232862.133,1.000702677
367.981955691,0.221,221,2,33581.072,573177.431,33857.966,3232878.517,1.000817245
368.982465451,0.221,221,2,33581.293,573193.815,33858.187,3232894.901,1.00050976
369.982943845,0.221,221,2,33581.514,573210.199,33858.408,3232911.285,1.000478394
370.983356145,0.221,221,2,33581.735,573226.583,33858.629,3232927.669,1.0004123
371.983762022,0.221,221,2,33581.956,573242.967,33858.85,3232944.053,1.000405877
372.984170771,0.221,221,2,33582.177,573251.159,33859.071,3232952.245,1.000408749
373.617576297,2.513,2513,2,33584.69,573260.215,33861.584,3232961.301,0.633405526
373.984647035,0.221,221,2,33584.911,573276.599,33861.805,3232977.685,0.367070738
374.985090839,0.221,221,2,33585.132,573292.983,33862.026,3232994.069,1.000443804
375.985509002,0.221,221,2,33585.353,573309.367,33862.247,3233010.453,1.000418163
376.98592267,0.221,221,2,33585.574,573325.751,33862.468,3233026.837,1.000413668
377.98634233,0.221,221,2,33585.795,573342.135,33862.689,3233043.221,1.00041966
378.98675075,0.221,221,2,33586.016,573358.519,33862.91,3233141.525,1.00040842
379.987172722,0.221,221,2,33586.237,573374.903,33863.131,3233157.909,1.000421972
380.987583337,0.221,221,2,33586.458,573391.287,33863.352,3233174.293,1.000410615
381.988019261,0.221,221,2,33586.679,573407.671,33863.573,3233190.677,1.000435924
382.988426178,0.221,221,2,33586.9,573415.863,33863.794,3233198.869,1.000406917
383.617419776,2.513,2513,2,33589.413,573424.887,33866.307,3233207.893,0.628993598
383.98886317,0.221,221,2,33589.634,573441.271,33866.528,3233224.277,0.371443394
384.989275842,0.221,221,2,33589.855,573457.655,33866.749,3233240.661,1.000412672
385.989713751,0.221,221,2,33590.076,573474.039,33866.97,3233257.045,1.000437909
386.990316497,0.221,221,2,33590.297,573490.423,33867.191,3233273.429,1.000602746
387.991101603,0.221,221,2,33590.518,573506.807,33867.412,3233289.813,1.000785106
388.991693792,0.221,221,2,33590.739,573523.191,33867.633,3233306.197,1.000592189
389.992141404,0.221,221,2,33590.96,573539.575,33867.854,3233322.581,1.000447612
202.59524447,0.152,152,5,0.301,258428.528,33868.075,3233338.965,0
200.261614603,0.15,150,3,0.302,239526.512,33868.227,3233338.965,0
391.673971177,0.152,152,5,0.453,258428.528,33868.377,3233347.157,191.412356574
390.992566214,0.221,221,2,33591.181,573547.767,33868.526,3409733.205,0
391.993283933,0.221,221,2,33591.402,573564.151,33868.747,3812415.061,1.000717719
392.994561201,0.221,221,2,33591.623,573580.535,33868.968,3812431.445,1.001277268
393.995135251,0.221,221,2,33591.844,573588.727,33869.189,3812439.637,1.00057405
394.018579559,2.513,2513,2,33594.357,573597.719,33871.702,3812448.629,0.023444308
394.995956227,0.221,221,2,33594.578,573614.103,33871.923,3812465.013,0.977376668
395.996836034,0.221,221,2,33594.799,573630.487,33872.144,3812481.397,1.000879807
396.997624038,0.221,221,2,33595.02,573646.871,33872.365,3812497.781,1.000788004
206.661814588,0.152,152,6,0.301,336946.464,33872.586,3812505.973,0
397.998626953,0.221,221,2,33595.241,573663.255,33872.738,3880442.229,191.336812365
398.999483021,0.221,221,2,33595.462,573679.639,33872.959,3880458.613,1.000856068
400.000005445,0.221,221,2,33595.683,573696.023,33873.18,3913521.525,1.000522424
401.000720682,0.221,221,2,33595.904,573712.407,33873.401,3913537.909,1.000715237
402.001495554,0.221,221,2,33596.125,573728.791,33873.622,3913554.293,1.000774872
398.093410765,0.152,152,6,0.453,404874.528,33873.843,3913562.485,0
403.002333757,0.221,221,2,33596.346,573736.983,33873.992,3980900.725,4.908922992
403.618464744,2.513,2513,2,33598.859,573745.943,33876.505,3980909.685,0.616130987
404.003218538,0.221,221,2,33599.08,573762.327,33876.726,4012399.733,0.384753794
405.004257043,0.221,221,2,33599.301,573778.711,33876.947,4012416.117,1.001038505
406.005076684,0.221,221,2,33599.522,573795.095,33877.168,4012432.501,1.000819641
391.674360419,0.15,150,3,0.452,468972.144,33877.389,4012440.693,0
407.005872375,0.221,221,2,33599.743,573811.479,33877.541,4082654.325,15.331511956
408.0066399,0.221,221,2,33599.964,573827.863,33877.762,4082670.709,1.000767525
409.007413976,0.221,221,2,33600.185,573844.247,33877.983,4082687.093,1.000774076
410.00819042,0.221,221,2,33600.406,573860.631,33878.204,4082703.477,1.000776444
411.008973553,0.221,221,2,33600.627,573877.015,33878.425,4082719.861,1.000783133
412.009743519,0.221,221,2,33600.848,573893.399,33878.646,4082736.245,1.000769966
413.010720873,0.221,221,2,33601.069,573901.591,33878.867,4082744.437,1.000977354
413.61787655,2.513,2513,2,33603.582,573910.519,33881.38,4082753.365,0.607155677
414.011566752,0.221,221,2,33603.803,573926.903,33881.601,4082769.749,0.393690202
415.012318327,0.221,221,2,33604.024,573943.287,33881.822,4082786.133,1.000751575
416.012840276,0.221,221,2,33604.245,573959.671,33882.043,4082802.517,1.000521949
417.013248615,0.221,221,2,33604.466,573967.863,33882.264,4082810.709,1.000408339
417.894830591,0.178,178,2,33604.644,573976.759,33882.442,4082819.605,0.881581976
418.013960871,0.221,221,2,33604.865,573993.143,33882.663,4082835.989,0.11913028
419.014726032,0.221,221,2,33605.086,574009.527,33882.884,4082852.373,1.000765161
420.015464841,0.221,221,2,33605.307,574017.719,33883.105,4082860.565,1.000738809
420.02158513,2.597,2597,2,33607.904,574026.631,33885.702,4082869.477,0.00612028900002
420.355994458,1.575,1575,2,33609.479,574026.631,33887.277,4082869.477,0.334409328
420.358142627,0.286,286,2,33609.765,574273.319,33887.563,4083116.165,0.00214816900001
420.363507088,0.19,190,2,33609.955,574274.215,33887.753,4083117.061,0.005364461
420.414421771,0.286,286,2,33610.241,575708.679,33888.039,4084551.525,0.050914683
420.423408359,0.19,190,2,33610.431,575717.703,33888.229,4084560.549,0.00898658800003
421.016221982,0.221,221,2,33610.652,575734.087,33888.45,4084576.933,0.592813623
422.016747183,0.221,221,2,33610.873,575750.471,33888.671,4084593.317,1.000525201
423.017411865,0.221,221,2,33611.094,575750.471,33888.892,4084593.317,1.000664682
423.621886472,2.513,2513,2,33613.607,575759.463,33891.405,4084602.309,0.604474607
424.018214191,0.221,221,2,33613.828,575767.655,33891.626,4084610.501,0.396327719
424.767036131,0.184,184,2,33614.012,575768.423,33891.81,4084611.269,0.74882194
424.770190034,1.775,1775,2,33615.787,575769.399,33893.585,4084612.245,0.003153903
424.773135991,2359.296,262144,2,35975.083,575769.399,36252.881,4084612.245,0.00294595700001
424.779486388,1048.576,262144,2,37023.659,575769.399,37301.457,4084612.245,0.00635039700001
424.785077465,1310.72,262144,2,38334.379,575769.399,38612.177,4084612.245,0.00559107699996
424.791106495,1048.576,262144,2,39382.955,575769.399,39660.753,4084612.245,0.00602903000004
424.796692139,1310.72,262144,2,40693.675,575769.399,40971.473,4084612.245,0.00558564400001
424.802721586,1048.576,262144,2,41742.251,575769.399,42020.049,4084612.245,0.006029447
424.808308031,1310.72,262144,2,43052.971,575769.399,43330.769,4084612.245,0.00558644500001
424.814190029,1310.72,262144,2,44363.691,575769.399,44641.489,4084612.245,0.00588199799995
424.820070401,1048.576,262144,2,45412.267,575769.399,45690.065,4084612.245,0.00588037200004
424.825817225,562.409,262144,2,45974.676,575770.135,46252.474,4084612.981,0.00574682399997
424.869372035,0.184,184,2,45974.86,575779.031,46252.658,4084621.877,0.04355481
425.019129031,0.221,221,2,45975.081,575795.415,46252.879,4084638.261,0.149756996
426.019630018,0.221,221,2,45975.302,575811.799,46253.1,4084654.645,1.000500987
427.020038123,0.221,221,2,45975.523,575828.183,46253.321,4084671.029,1.000408105
428.020705328,0.221,221,2,45975.744,575844.567,46253.542,4084687.413,1.000667205
429.021222419,0.221,221,2,45975.965,575853.095,46253.763,4084695.941,1.000517091
429.545835388,0.19,190,2,45976.155,575854.967,46253.953,4084697.813,0.524612969
429.807355742,0.19,190,2,45976.345,575856.055,46254.143,4084698.901,0.261520354
429.816217773,0.19,190,2,45976.535,575865.335,46254.333,4084708.181,0.00886203099998
429.847875272,1.575,1575,2,45978.11,575865.335,46255.908,4084708.181,0.031657499
429.849504188,0.286,286,2,45978.396,577209.511,46256.194,4086052.357,0.00162891600002
429.860821735,0.19,190,2,45978.586,577218.359,46256.384,4086061.205,0.011317547
430.021663447,0.221,221,2,45978.807,577234.743,46256.605,4086077.589,0.160841712
431.022097195,0.221,221,2,45979.028,577242.935,46256.826,4086085.781,1.000433748
431.644511167,2.382,2382,2,45981.41,577251.799,46259.208,4086094.645,0.622413972
431.649388747,1.575,1575,2,45982.985,577259.991,46260.783,4086102.837,0.00487757999997
432.022799764,0.221,221,2,45983.206,577276.375,46261.004,4086119.221,0.373411017
433.02357528,0.221,221,2,45983.427,577284.567,46261.225,4086127.413,1.000775516
433.619611551,2.513,2513,2,45985.94,577285.431,46263.738,4086128.277,0.596036271
433.751590241,2.382,2382,2,45988.322,577293.623,46266.12,4086136.469,0.13197869
434.024327691,0.221,221,2,45988.543,577310.807,46266.341,4086153.653,0.27273745
434.035435025,1.575,1575,2,45990.118,577310.807,46267.916,4086153.653,0.011107334
434.038618736,0.286,286,2,45990.404,577708.119,46268.202,4086550.965,0.00318371099996
434.046185146,0.19,190,2,45990.594,577710.167,46268.392,4086553.013,0.00756641000004
434.946448198,0.286,286,2,45990.88,577711.191,46268.678,4087946.677,0.900263052
434.973212027,0.19,190,2,45991.07,577720.375,46268.868,4087955.861,0.026763829
435.02512449,0.221,221,2,45991.291,577736.759,46269.089,4087972.245,0.051912463
436.025705454,0.221,221,2,45991.512,577753.143,46269.31,4087988.629,1.000580964
437.026218869,0.221,221,2,45991.733,577769.527,46269.531,4088005.013,1.000513415
438.027025669,0.221,221,2,45991.954,577777.719,46269.752,4088013.205,1.0008068
438.070426412,0.185,185,2,45992.139,577778.679,46269.937,4088014.165,0.043400743
438.072180469,1.775,1775,2,45993.914,577780.087,46271.712,4088015.573,0.00175405699997
438.074862512,2621.44,262144,2,48615.354,577780.087,48893.152,4088015.573,0.00268204299999
438.08197709,1048.576,262144,2,49663.93,577780.087,49941.728,4088015.573,0.00711457800003
438.087998965,1048.576,262144,2,50712.506,577780.087,50990.304,4088015.573,0.00602187499999
438.0941747,1048.576,262144,2,51761.082,577780.087,52038.88,4088015.573,0.006175735
438.100211146,1048.576,262144,2,52809.658,577780.087,53087.456,4088015.573,0.006036446
438.106383954,1048.576,262144,2,53858.234,577780.087,54136.032,4088015.573,0.00617280800003
438.112412224,1048.576,262144,2,54906.81,577780.087,55184.608,4088015.573,0.00602827
438.118293578,1048.576,262144,2,55955.386,577780.087,56233.184,4088015.573,0.005881354
438.124333334,965.121,262144,2,56920.507,577780.087,57198.305,4088015.573,0.00603975600001
438.129897422,178.689,178689,2,57099.196,577781.015,57376.994,4088016.501,0.00556408799997
438.166137937,0.185,185,2,57099.381,577790.103,57377.179,4088025.589,0.036240515
439.028032101,0.221,221,2,57099.602,577806.487,57377.4,4088041.973,0.861894164
440.028556203,0.221,221,2,57099.823,577822.871,57377.621,4088058.357,1.000524102
441.028947408,0.221,221,2,57100.044,577831.927,57377.842,4088067.413,1.000391205
441.303282104,0.19,190,2,57100.234,577841.879,57378.032,4088077.365,0.274334696
441.457880953,1.575,1575,2,57101.809,577841.879,57379.607,4088077.365,0.154598849
441.460225066,0.286,286,2,57102.095,579121.879,57379.893,4089357.365,0.00234411300005
441.470335985,0.19,190,2,57102.285,579131.095,57380.083,4089366.581,0.010110919
442.029423855,0.221,221,2,57102.506,579147.479,57380.304,4089382.965,0.55908787
443.030075706,0.221,221,2,57102.727,579155.671,57380.525,4089391.157,1.000651851
443.311527826,2.382,2382,2,57105.109,579168.199,57382.907,4089403.685,0.28145212
443.315660384,1.575,1575,2,57106.684,579168.199,57384.482,4089403.685,0.00413255800004
443.617946624,2.513,2513,2,57109.197,579182.535,57386.995,4089418.021,0.30228624
444.030899143,0.221,221,2,57109.418,579198.919,57387.216,4089434.405,0.412952519
445.031462659,0.221,221,2,57109.639,579207.111,57387.437,4089442.597,1.000563516
445.199535284,2.382,2382,2,57112.021,579212.727,57389.819,4089448.213,0.168072625
445.375260881,0.19,190,2,57112.211,579214.647,57390.009,4089450.133,0.175725597
445.382024007,0.19,190,2,57112.401,579216.439,57390.199,4089451.925,0.00676312600001
445.386348816,0.19,190,2,57112.591,579226.423,57390.389,4089461.909,0.00432480900002
445.520618003,1.575,1575,2,57114.166,579226.423,57391.964,4089461.909,0.134269187
445.522875538,0.286,286,2,57114.452,579621.687,57392.25,4089857.173,0.00225753500001
445.529758782,0.19,190,2,57114.642,579622.711,57392.44,4089858.197,0.00688324399999
445.576878631,0.286,286,2,57114.928,580901.655,57392.726,4091137.141,0.047119849
445.668131046,0.19,190,2,57115.118,580910.807,57392.916,4091146.293,0.091252415
446.032136845,0.221,221,2,57115.339,580927.191,57393.137,4091162.677,0.364005799
447.032900076,0.221,221,2,57115.56,580943.575,57393.358,4091179.061,1.000763231
448.033563582,0.221,221,2,57115.781,580951.767,57393.579,4091187.253,1.000663506
448.533932344,0.185,185,2,57115.966,580952.695,57393.764,4091188.181,0.500368762
448.536486565,1.775,1775,2,57117.741,580963.175,57395.539,4091198.661,0.00255422100003
448.539629418,2883.584,262144,2,60001.325,580963.175,60279.123,4091198.661,0.00314285299999
448.546660409,1048.576,262144,2,61049.901,580963.175,61327.699,4091198.661,0.00703099100002
448.553282244,1048.576,262144,2,62098.477,580963.175,62376.275,4091198.661,0.00662183499998
448.559916372,1048.576,262144,2,63147.053,580963.175,63424.851,4091198.661,0.00663412799997
448.566519401,1048.576,262144,2,64195.629,580963.175,64473.427,4091198.661,0.00660302900002
448.57328229,1048.576,262144,2,65244.205,580963.175,65522.003,4091198.661,0.00676288900002
448.579902284,1048.576,262144,2,66292.781,580963.175,66570.579,4091198.661,0.006619994
448.586522837,1048.576,262144,2,67341.357,580963.175,67619.155,4091198.661,0.006620553
448.593142026,349.553,262144,2,67690.91,580979.559,67968.708,4091215.045,0.00661918899999
448.642017735,0.185,185,2,67691.095,580995.943,67968.893,4091231.429,0.048875709
449.034270868,0.221,221,2,67691.316,581004.135,67969.114,4091239.621,0.392253133
449.499986669,1.575,1575,2,67692.891,581012.327,67970.689,4091247.813,0.465715801
450.034761562,0.221,221,2,67693.112,581028.711,67970.91,4091264.197,0.534774893
451.035208813,0.221,221,2,67693.333,581045.095,67971.131,4091280.581,1.000447251
452.035603512,0.221,221,2,67693.554,581053.287,67971.352,4091288.773,1.000394699
452.666559157,0.185,185,2,67693.739,581057.383,67971.537,4091292.869,0.630955645
452.669230166,1.775,1775,2,67695.514,581058.647,67973.312,4091294.133,0.00267100899998
452.679019623,2621.44,262144,2,70316.954,581058.647,70594.752,4091294.133,0.00978945700001
452.685611727,1048.576,262144,2,71365.53,581058.647,71643.328,4091294.133,0.00659210399999
452.692085908,1048.576,262144,2,72414.106,581058.647,72691.904,4091294.133,0.00647418100004
452.698844806,1048.576,262144,2,73462.682,581058.647,73740.48,4091294.133,0.00675889799999
452.705463698,1048.576,262144,2,74511.258,581058.647,74789.056,4091294.133,0.00661889200001
452.712083973,1048.576,262144,2,75559.834,581058.647,75837.632,4091294.133,0.00662027499999
452.718705366,1048.576,262144,2,76608.41,581058.647,76886.208,4091294.133,0.00662139299999
452.725312357,1048.576,262144,2,77656.986,581058.647,77934.784,4091294.133,0.00660699100001
452.731782118,411.817,262144,2,78068.803,581060.695,78346.601,4091296.181,0.00646976100001
452.783507208,0.185,185,2,78068.988,581062.711,78346.786,4091298.197,0.05172509
452.789644579,0.19,190,2,78069.178,581080.775,78346.976,4091316.261,0.00613737100002
453.036270843,0.221,221,2,78069.399,581088.967,78347.197,4091324.453,0.246626264
453.542647067,1.575,1575,2,78070.974,581088.967,78348.772,4091324.453,0.506376224
453.547495469,0.286,286,2,78071.26,581091.015,78349.058,4092899.365,0.00484840199999
453.556759439,0.19,190,2,78071.45,581092.039,78349.248,4092900.389,0.00926397000001
453.618027603,2.513,2513,2,78073.963,581101.223,78351.761,4092909.573,0.061268164
454.036802794,0.221,221,2,78074.184,581117.607,78351.982,4092925.957,0.418775191
455.037397342,0.221,221,2,78074.405,581117.607,78352.203,4092934.149,1.000594548
