time,size,first_call,destination,dest_out_traffic,dest_in_traffic,total_network_out,total_network_in,dens10
3.562376713,0.244,244,2,0.244,24.576,0.244,26.624,0
3.603933084,0.183,183,2,0.427,40.96,0.427,43.008,0.041556371
4.614568195,0.183,183,2,0.61,57.344,0.61,59.392,1.010635111
5.615927506,0.183,183,2,0.793,73.728,0.793,75.776,1.001359311
6.616894479,0.183,183,2,0.976,90.112,0.976,92.16,1.000966973
7.617743234,0.183,183,2,1.159,106.496,1.159,108.544,1.000848755
8.618552997,0.183,183,2,1.342,122.88,1.342,124.928,1.000809763
9.619208111,0.183,183,2,1.525,139.264,1.525,141.312,1.000655114
10.619885179,0.183,183,2,1.708,155.648,1.708,157.696,1.000677068
11.620649528,0.183,183,2,1.891,172.032,1.891,174.08,1.000764349
12.621377551,0.183,183,2,2.074,188.416,2.074,190.464,1.000728023
13.622127309,0.183,183,2,2.257,204.8,2.257,206.848,1.000749758
14.627991383,0.183,183,2,2.44,221.184,2.44,223.232,1.005864074
15.628652257,0.183,183,2,2.623,237.568,2.623,239.616,1.000660874
16.629309067,0.183,183,2,2.806,253.952,2.806,256.0,1.00065681
17.629965492,0.183,183,2,2.989,270.336,2.989,272.384,1.000656425
18.631658586,0.183,183,2,3.172,286.72,3.172,288.768,1.001693094
19.632362191,0.183,183,2,3.355,303.104,3.355,305.152,1.000703605
20.632970046,0.183,183,2,3.538,319.488,3.704,324.268,1.000607855
21.870742309,0.268,268,7,0.268,8.452,4.155,340.912,1.237772263
21.633874983,0.183,183,2,3.721,352.256,4.408,373.68,0
22.426622142,0.283,283,2,4.004,368.64,4.691,390.064,0.792747159
22.470819797,0.207,207,2,4.211,385.024,4.898,406.448,0.044197655
22.511720702,0.102,102,2,4.313,393.216,5.0,414.64,0.040900905
22.537887379,0.126,126,2,4.439,2663.762,5.126,2685.186,0.026166677
21.91034555,0.253,253,7,0.521,24.836,5.345,17729.368,0
22.921718382,0.291,291,7,0.812,25.123,5.636,17835.452,1.011372832
22.640952459,0.219,219,2,4.658,65394.737,5.87,65432.832,0
22.925073742,0.234,234,7,1.046,41.507,6.089,81902.06,0.284121283
23.926050118,0.405,405,7,1.451,41.908,6.494,81950.681,1.000976376
23.645345834,0.219,219,2,4.877,128280.468,6.724,128335.348,0
23.928109405,0.23,230,7,1.681,58.292,6.943,146825.14,0.282763571
24.655037061,0.219,219,2,5.096,216184.413,7.458,216256.188,0.726927656
24.928994628,0.515,515,7,2.196,75.187,7.677,245690.097,0.273957567
25.664543958,0.219,219,2,5.315,321297.884,8.192,321386.554,0.73554933
25.930457061,0.515,515,7,2.711,92.082,8.411,343861.161,0.265913103
26.669977693,0.219,219,2,5.534,407568.959,8.926,407674.524,0.739520632
26.932666271,0.515,515,7,3.226,108.977,9.145,430304.62,0.262688578
27.675191485,0.219,219,2,5.753,433423.062,9.66,433545.522,0.742525214
27.976161312,0.126,126,2,5.879,498599.342,9.786,498721.802,0.300969827
27.934132423,0.515,515,7,3.741,125.872,10.005,534796.494,0
28.680335367,0.219,219,2,6.098,606638.804,10.52,606778.159,0.746202944
29.685566219,0.219,219,2,6.317,606655.188,10.739,606794.543,1.005230852
29.715069366,0.362,174,2,6.679,606679.764,11.101,606819.119,0.029503147
28.936180006,0.515,515,7,4.256,142.767,11.225,607143.952,0
29.71771045,0.124,124,2,6.803,607004.597,11.876,607160.983,0.781530444
29.722352145,0.651,651,7,4.907,159.798,12.23,607193.751,0.004641695
29.753102564,0.354,170,2,7.157,607029.173,12.727,607194.244,0.030750419
29.754263362,0.497,497,7,5.404,176.675,12.851,607277.555,0.001160798
29.755355585,0.124,124,2,7.281,607104.292,13.23,607294.314,0.001092223
29.768422566,0.379,379,7,5.783,193.434,13.449,607310.698,0.013066981
30.686836435,0.219,219,2,7.5,607120.676,13.761,607335.578,0.918413869
21.319046973,0.166,166,5,0.166,2.732,13.98,607343.77,0
31.953091906,0.176,176,5,0.342,3.756,14.156,607344.794,10.634044933
31.979641574,0.154,154,5,0.496,6.828,14.31,607347.866,0.026549668
32.125382336,0.17,170,5,0.666,7.852,14.48,607348.89,0.145740762
32.155260735,0.172,172,5,0.838,9.388,14.652,607350.426,0.029878399
32.488350079,0.177,177,5,1.015,9.9,14.829,607350.938,0.333089344
32.511718189,0.176,176,5,1.191,10.396,15.005,607351.434,0.02336811
32.531025062,1.53,1530,5,2.721,11.372,16.535,607352.41,0.019306873
32.585312985,1.256,1256,5,3.977,12.316,17.791,607353.354,0.054287923
31.687847686,0.219,219,2,7.719,607137.06,17.962,607362.458,0
32.688775621,0.219,219,2,7.938,607153.444,18.181,607378.842,1.000927935
33.689492173,0.219,219,2,8.157,607169.828,18.4,607395.226,1.000716552
34.69016144,0.219,219,2,8.376,607186.212,18.619,607411.61,1.000669267
35.690821502,0.219,219,2,8.595,607202.596,18.838,607427.994,1.000660062
36.691408314,0.219,219,2,8.814,607218.98,19.057,607444.378,1.000586812
37.692481375,0.219,219,2,9.033,607235.364,19.276,607460.762,1.001073061
38.69311846,0.219,219,2,9.252,607251.748,19.495,607477.146,1.000637085
39.693715303,0.219,219,2,9.471,607268.132,19.714,607493.53,1.000596843
40.694270241,0.219,219,2,9.69,607284.516,19.933,607509.914,1.000554938
41.69498982,0.219,219,2,9.909,607300.9,20.152,607526.298,1.000719579
42.69567589,0.219,219,2,10.128,607317.284,20.371,607542.682,1.00068607
43.696255777,0.219,219,2,10.347,607333.668,20.59,607559.066,1.000579887
44.696847874,0.219,219,2,10.566,607350.052,20.809,607575.45,1.000592097
45.697716879,0.219,219,2,10.785,607366.436,21.028,607591.834,1.000869005
46.698434319,0.22,220,2,11.005,607382.82,21.248,607608.218,1.00071744
47.699064506,0.22,220,2,11.225,607399.204,21.468,607624.602,1.000630187
48.699901068,0.22,220,2,11.445,607415.588,21.688,607640.986,1.000836562
32.594944523,0.171,171,5,4.148,22.076,21.908,607658.026,0
50.010189823,1.575,1575,5,5.723,22.076,23.483,607658.026,17.4152453
50.122911015,0.286,286,5,6.009,31.804,23.769,607667.754,0.112721192
49.700566209,0.22,220,2,11.665,607431.972,23.958,607680.042,0
50.404933567,0.189,189,5,6.198,35.9,24.178,607688.234,0.704367358
50.804418981,0.286,286,5,6.484,83.004,24.464,607735.338,0.399485414
50.701216454,0.22,220,2,11.885,607442.212,24.653,607739.434,0
50.814140245,0.189,189,5,6.673,85.052,50.322,607739.434,0.112923791
50.889561974,25.669,25669,2,37.554,607450.404,52.835,607750.698,0.075421729
51.771171047,0.237,237,8,0.237,40.96,53.292,607799.85,0.881609073
51.702079938,0.22,220,2,37.774,607466.788,53.546,613828.877,0
52.703078267,0.22,220,2,37.994,607483.172,53.766,626134.839,1.000998329
53.704063195,0.22,220,2,38.214,607499.556,53.986,637846.144,1.000984928
54.705019571,0.22,220,2,38.434,607515.94,54.206,650482.471,1.000956376
55.705930482,0.22,220,2,38.654,607524.132,54.426,663383.09,1.000910911
56.706790505,0.22,220,2,38.874,607540.516,54.646,676548.001,1.000860023
57.707802192,0.22,220,2,39.094,607556.9,54.866,689778.985,1.001011687
58.708786256,0.22,220,2,39.314,607573.284,55.086,702745.677,1.000984064
59.709778766,0.22,220,2,39.534,607589.668,55.306,716108.807,1.00099251
51.143142831,2.513,2513,5,9.186,86.076,55.526,721336.766,0
60.71088417,0.22,220,2,39.754,607606.052,58.039,729208.669,9.567741339
61.711835349,0.22,220,2,39.974,607622.436,58.259,741844.996,1.000951179
51.875241022,0.152,152,9,0.152,135317.504,58.479,743306.794,0
61.119135841,2.513,2513,5,11.699,87.1,58.631,743401.747,9.243894819
62.934323616,2.538,2538,5,14.237,103.996,61.169,743418.643,1.815187775
51.848788194,0.102,102,8,0.339,65.536,62.744,743435.027,0
62.855959237,0.152,152,9,0.304,135412.457,62.981,743451.411,11.007171043
62.712721646,0.22,220,2,40.194,607638.82,63.133,752531.25,0
63.713743049,0.22,220,2,40.414,607655.204,63.353,765564.015,1.001021403
64.714885553,0.22,220,2,40.634,607671.588,63.573,778596.78,1.001142504
65.715791975,0.22,220,2,40.854,607687.972,63.793,791893.837,1.000906422
66.716728765,0.22,220,2,41.074,607704.356,64.013,804662.31,1.00093679
67.717686368,0.22,220,2,41.294,607720.74,64.233,817761.148,1.000957603
68.718495022,0.22,220,2,41.514,607737.124,64.453,830859.986,1.000808654
69.719079679,0.22,220,2,41.734,607753.508,64.673,844487.408,1.000584657
62.941077264,1.575,1575,5,15.812,103.996,64.893,849913.586,0
70.719672126,0.22,220,2,41.954,607769.892,67.406,857928.899,7.778594862
71.720215192,0.22,220,2,42.174,607786.276,67.626,871027.737,1.000543066
63.004043832,0.152,152,9,0.456,271278.191,67.846,879493.273,0
71.121186541,2.513,2513,5,18.325,116.284,67.998,879649.902,8.117142709
73.391391156,2.538,2538,5,20.863,128.572,70.536,879662.19,2.270204615
63.001549484,0.237,237,8,0.576,106.496,72.111,879686.766,0
73.407872227,0.237,237,8,0.813,122.88,72.348,879703.15,10.406322743
73.344570071,0.152,152,9,0.608,271434.82,72.499,879711.342,0
72.720978075,0.22,220,2,42.394,607802.66,72.651,883564.188,0
73.721831331,0.22,220,2,42.614,607819.044,72.871,896795.172,1.000853256
74.722809998,0.22,220,2,42.834,607835.428,73.091,909497.572,1.000978667
75.723784393,0.22,220,2,43.054,607851.812,73.311,922860.702,1.000974395
76.724759924,0.22,220,2,43.274,607868.196,73.531,936091.686,1.000975531
77.725784117,0.22,220,2,43.494,607884.58,73.751,949388.743,1.001024193
78.726649402,0.22,220,2,43.714,607900.964,73.971,962685.8,1.000865285
79.727299,0.22,220,2,43.934,607917.348,74.191,975586.419,1.000649598
73.396757007,1.575,1575,5,22.438,128.572,74.411,980616.159,0
80.728164677,0.22,220,2,44.154,607933.732,76.924,988684.72,7.33140767
81.729062087,0.22,220,2,44.374,607950.116,77.144,1001849.631,1.00089741
82.729904062,0.22,220,2,44.594,607966.5,77.364,1014816.323,1.000841975
73.41147215,0.152,152,9,0.76,407029.036,77.584,1015551.318,0
81.119227855,2.513,2513,5,24.951,194.108,77.736,1015645.293,7.707755705
83.730750031,0.22,220,2,44.814,607982.884,80.317,1015653.485,2.611522176
84.731480619,0.22,220,2,45.034,607999.268,80.537,1015669.869,1.000730588
85.732119003,0.22,220,2,45.254,608015.652,80.757,1015686.253,1.000638384
86.732715351,0.22,220,2,45.474,608032.036,80.977,1015702.637,1.000596348
87.733324928,0.22,220,2,45.694,608040.228,81.197,1015710.829,1.000609577
88.741123824,0.22,220,2,45.914,608056.612,81.417,1015727.213,1.007798896
89.742085991,0.22,220,2,46.134,608072.996,81.637,1015743.597,1.000962167
83.831140677,2.581,2581,5,27.532,194.108,81.857,1015751.789,0
90.742708634,0.22,220,2,46.354,608089.38,82.196,1015825.517,6.911567957
91.743293745,0.22,220,2,46.574,608105.764,82.416,1015844.461,1.000585111
92.744391949,0.22,220,2,46.794,608122.148,82.636,1015860.845,1.001098204
93.745200525,0.22,220,2,47.014,608138.532,82.856,1015877.229,1.000808576
94.745953216,0.22,220,2,47.234,608154.916,83.076,1015898.157,1.000752691
95.746626673,0.22,220,2,47.454,608171.3,83.296,1015914.541,1.000673457
91.116886584,0.339,339,5,27.871,325.18,83.516,1015988.269,0
97.043482853,1.575,1575,5,29.446,325.18,85.091,1015988.269,5.926596269
97.05388814,0.286,286,5,29.732,570.94,85.377,1016234.029,0.010405287
97.060030494,0.189,189,5,29.921,595.516,85.566,1016258.605,0.006142354
97.082586513,0.249,249,5,30.17,607.804,85.815,1016270.893,0.022556019
96.747244423,0.22,220,2,47.674,654762.244,86.157,1219069.325,0
97.748116361,0.22,220,2,47.894,654778.628,86.377,1219087.213,1.000871938
98.749632613,0.22,220,2,48.114,654795.012,86.597,1219103.597,1.001516252
97.095826179,0.114,114,5,30.284,613.948,86.817,1219111.789,0
99.962469824,0.178,178,5,30.462,617.02,86.995,1219114.861,2.866643645
100.030208009,2.588,2588,5,33.05,634.428,89.583,1219132.269,0.067738185
100.662754094,1.575,1575,5,34.625,634.428,91.158,1219132.269,0.632546085
100.666324482,0.286,286,5,34.911,687.676,91.444,1219185.517,0.003570388
100.672390844,0.189,189,5,35.1,693.82,91.633,1219191.661,0.00606636200001
99.750910387,0.22,220,2,48.334,654811.396,93.965,1219199.853,0
100.741334464,2.332,2332,5,37.432,693.82,94.185,1219208.045,0.990424077
101.116994751,0.339,339,5,37.771,698.428,94.524,1219212.653,0.375660287
101.597190667,0.189,189,5,37.96,700.412,94.713,1219214.637,0.480195916
100.751812363,0.22,220,2,48.554,654827.78,94.902,1219224.685,0
101.606260751,0.189,189,5,38.149,711.612,95.122,1219242.221,0.854448388
102.72926527,1.575,1575,5,39.724,711.612,96.697,1219242.221,1.123004519
102.732960115,0.286,286,5,40.01,1412.028,96.983,1219942.637,0.003694845
101.752691551,0.22,220,2,48.774,654844.164,97.172,1219954.925,0
102.746540455,0.189,189,5,40.199,1416.124,97.392,1219963.117,0.993848904
103.299629452,0.286,286,5,40.485,1418.172,97.678,1220460.781,0.553088997
103.306966217,0.189,189,5,40.674,1419.196,97.867,1220461.805,0.00733676499999
102.753420585,0.22,220,2,48.994,654860.548,100.487,1220469.997,0
103.616367164,2.62,2620,5,43.294,1420.188,100.707,1220479.181,0.862946579
103.754352616,0.22,220,2,49.214,654876.932,100.896,1220489.229,0.137985452
104.755097693,0.22,220,2,49.434,654893.316,101.116,1220505.613,1.000745077
104.279204508,0.189,189,5,43.483,1422.076,101.336,1220514.733,0
105.961537293,0.189,189,5,43.672,1431.804,101.525,1220524.461,1.682332785
106.325663319,1.575,1575,5,45.247,1431.804,103.1,1220524.461,0.364126026
106.329442249,0.286,286,5,45.533,3516.668,103.386,1222609.325,0.00377893
106.363618705,0.189,189,5,45.722,3522.812,103.575,1222615.469,0.034176456
105.755728254,0.22,220,2,49.654,654909.7,105.914,1222623.661,0
106.69648306,2.339,2339,5,48.061,3527.42,106.134,1222636.461,0.940754806
107.615671137,0.189,189,5,48.25,3530.348,106.323,1222639.389,0.919188077
106.756480955,0.22,220,2,49.874,654926.084,106.512,1222649.373,0
107.627442663,0.189,189,5,48.439,3541.148,106.732,1222666.573,0.870961708
108.2791754,1.575,1575,5,50.014,3541.148,108.307,1222666.573,0.651732737
108.282591583,0.286,286,5,50.3,4280.476,108.593,1223405.901,0.003416183
108.291886973,0.19,190,5,50.49,4283.548,108.783,1223408.973,0.00929539000001
108.396091507,0.286,286,5,50.776,6595.228,109.069,1225720.653,0.104204534
108.408319969,0.189,189,5,50.965,6596.236,109.258,1225721.661,0.012228462
107.75734624,0.22,220,2,50.094,654942.468,111.878,1225729.853,0
108.758251036,0.22,220,2,50.314,654958.852,112.098,1225746.237,1.000904796
108.64372058,2.62,2620,5,53.585,6597.212,112.318,1225756.685,0
109.758990055,0.22,220,2,50.534,654975.236,112.507,1225765.821,1.115269475
110.657138776,0.189,189,5,53.774,6599.068,112.727,1225774.925,0.898148721
111.013115929,0.19,190,5,53.964,6600.796,112.917,1225776.653,0.355977153
111.116638607,0.339,339,5,54.303,6610.396,113.256,1225786.253,0.103522678
111.292186327,1.575,1575,5,55.878,6610.396,114.831,1225786.253,0.17554772
111.294454883,0.286,286,5,56.164,10084.828,115.117,1229260.685,0.002268556
111.351469654,0.19,190,5,56.354,10085.82,115.307,1229261.677,0.057014771
110.759824459,0.22,220,2,50.754,654991.62,117.646,1229269.869,0
111.760716401,0.22,220,2,50.974,655008.004,117.866,1229286.253,1.000891942
111.682706334,2.339,2339,5,58.693,10087.708,118.086,1229296.333,0
113.136444958,0.19,190,5,58.883,10098.46,118.276,1229307.085,1.453738624
113.386463982,1.575,1575,5,60.458,10098.46,119.851,1229307.085,0.250019024
113.389524219,0.286,286,5,60.744,10856.22,120.137,1230064.845,0.003060237
113.397236466,0.19,190,5,60.934,10857.244,120.327,1230065.869,0.007712247
113.527729066,0.286,286,5,61.22,14160.156,120.613,1233368.781,0.1304926
112.761371275,0.22,220,2,51.194,655024.388,120.803,1233377.981,0
113.549984546,0.19,190,5,61.41,14161.164,121.023,1233386.173,0.788613271
113.762143633,0.22,220,2,51.414,655040.772,123.643,1233395.181,0.212159087
113.792679908,2.62,2620,5,64.03,14162.14,123.863,1233404.349,0.030536275
114.763018073,0.22,220,2,51.634,655057.156,124.053,1233413.485,0.970338165
115.552823412,0.19,190,5,64.22,14172.252,124.273,1233430.845,0.789805339
116.278192594,1.575,1575,5,65.795,14172.252,125.848,1233430.845,0.725369182
116.281782787,0.286,286,5,66.081,17891.42,126.134,1237150.013,0.00359019299999
116.361859428,0.19,190,5,66.271,17899.612,126.324,1237158.205,0.080076641
115.764056508,0.22,220,2,51.854,655073.54,128.663,1237166.397,0
116.72564917,2.339,2339,5,68.61,17903.708,128.883,1237178.685,0.961592662
117.746352785,0.19,190,5,68.8,17907.772,129.073,1237182.749,1.020703615
116.764945594,0.22,220,2,52.074,655089.924,129.263,1237191.901,0
117.759812661,0.19,190,5,68.99,17917.644,129.483,1237209.005,0.994867067
118.483467991,1.575,1575,5,70.565,17917.644,131.058,1237209.005,0.72365533
118.485489031,0.286,286,5,70.851,18919.116,131.344,1238210.477,0.00202104
97.117823958,0.114,114,6,0.114,47352.736,131.534,1238212.461,0
118.49333646,0.19,190,5,71.041,18920.14,785.411,1238212.461,21.375512502
118.624276555,0.286,286,5,71.327,23312.044,785.697,1242604.365,0.130940095
117.765783017,0.22,220,2,52.294,655106.308,785.887,1242613.517,0
118.652575391,0.19,190,5,71.517,23313.004,786.107,1242621.709,0.886792374
118.935940042,2.62,2620,5,74.137,23321.916,788.727,1242630.621,0.283364651
118.766654346,0.22,220,2,52.514,655122.692,790.302,1242638.813,0
119.766300816,1.575,1575,5,75.712,23321.916,790.522,1242638.813,0.99964647
119.768487517,0.286,286,5,75.998,24847.676,790.808,1244164.573,0.002186701
119.776961692,0.19,190,5,76.188,24848.7,790.998,1244165.597,0.008474175
119.97335857,0.114,114,5,76.302,24849.692,791.112,1246427.581,0.196396878
120.4907832,0.184,184,5,76.486,24850.652,791.296,1246428.541,0.51742463
120.495976156,1.775,1775,5,78.261,24852.7,793.071,1246430.589,0.005192956
120.503554034,17039.36,262144,5,17117.621,24852.7,17832.431,1246430.589,0.00757787800001
120.525291555,1572.864,262144,5,18690.485,24852.7,19405.295,1246430.589,0.021737521
120.528852443,524.288,262144,5,19214.773,24852.7,19929.583,1246430.589,0.00356088800001
120.530294394,524.288,262144,5,19739.061,24852.7,20453.871,1246430.589,0.00144195099999
120.531905936,524.288,262144,5,20263.349,24852.7,20978.159,1246430.589,0.00161154200001
120.533382973,524.288,262144,5,20787.637,24852.7,21502.447,1246430.589,0.001477037
120.534847993,524.288,262144,5,21311.925,24852.7,22026.735,1246430.589,0.00146502
120.536479087,524.288,262144,5,21836.213,24852.7,22551.023,1246430.589,0.001631094
120.538387338,524.288,262144,5,22360.501,24852.7,23075.311,1246430.589,0.001908251
120.540435597,524.288,262144,5,22884.789,24852.7,23599.599,1246430.589,0.00204825899999
120.542504334,524.288,262144,5,23409.077,24852.7,24123.887,1246430.589,0.002068737
120.544556447,786.432,262144,5,24195.509,24852.7,24910.319,1246430.589,0.002052113
120.547055734,786.432,262144,5,24981.941,24852.7,25696.751,1246430.589,0.00249928699999
120.549567534,786.432,262144,5,25768.373,24852.7,26483.183,1246430.589,0.00251180000001
120.552064742,786.432,262144,5,26554.805,24852.7,27269.615,1246430.589,0.00249720799999
120.554577835,786.432,262144,5,27341.237,24852.7,28056.047,1246430.589,0.002513093
120.557234295,786.432,262144,5,28127.669,24852.7,28842.479,1246430.589,0.00265646
120.560168633,786.432,262144,5,28914.101,24852.7,29628.911,1246430.589,0.002934338
120.568158563,786.432,262144,5,29700.533,24852.7,30415.343,1246430.589,0.00798992999999
120.57066836,786.432,262144,5,30486.965,24852.7,31201.775,1246430.589,0.002509797
120.57386698,786.432,262144,5,31273.397,24852.7,31988.207,1246430.589,0.00319862000001
120.576415949,786.432,262144,5,32059.829,24852.7,32774.639,1246430.589,0.00254896899999
120.579574235,786.432,262144,5,32846.261,24852.7,33561.071,1246430.589,0.003158286
120.584028115,786.432,262144,5,33632.693,24852.7,34347.503,1246430.589,0.00445388
120.588480746,786.432,262144,5,34419.125,24852.7,35133.935,1246430.589,0.00445263100001
120.592763803,786.432,262144,5,35205.557,24852.7,35920.367,1246430.589,0.00428305699999
120.597184111,786.432,262144,5,35991.989,24852.7,36706.799,1246430.589,0.00442030800001
120.601611351,786.432,262144,5,36778.421,24852.7,37493.231,1246430.589,0.00442724
120.606042707,786.432,262144,5,37564.853,24852.7,38279.663,1246430.589,0.004431356
120.610571021,786.432,262144,5,38351.285,24852.7,39066.095,1246430.589,0.004528314
120.615833472,786.432,262144,5,39137.717,24852.7,39852.527,1246430.589,0.00526245100001
120.621250374,786.432,262144,5,39924.149,24852.7,40638.959,1246430.589,0.00541690199999
120.62650944,786.432,262144,5,40710.581,24852.7,41425.391,1246430.589,0.00525906600001
120.631820271,786.432,262144,5,41497.013,24852.7,42211.823,1246430.589,0.00531083099999
120.637167799,786.432,262144,5,42283.445,24852.7,42998.255,1246430.589,0.005347528
120.642660254,786.432,262144,5,43069.877,24852.7,43784.687,1246430.589,0.00549245500001
120.648711478,786.432,262144,5,43856.309,24852.7,44571.119,1246430.589,0.00605122399999
120.654852726,786.432,262144,5,44642.741,24852.7,45357.551,1246430.589,0.00614124800001
120.660902926,786.432,262144,5,45429.173,24852.7,46143.983,1246430.589,0.0060502
120.666861314,786.432,262144,5,46215.605,24852.7,46930.415,1246430.589,0.005958388
120.672835919,786.432,262144,5,47002.037,24852.7,47716.847,1246430.589,0.00597460499999
120.679041524,786.432,262144,5,47788.469,24852.7,48503.279,1246430.589,0.00620560500001
120.685467862,786.432,262144,5,48574.901,24852.7,49289.711,1246430.589,0.006426338
120.691718125,786.432,262144,5,49361.333,24852.7,50076.143,1246430.589,0.006250263
120.697837407,786.432,262144,5,50147.765,24852.7,50862.575,1246430.589,0.006119282
120.704173347,786.432,262144,5,50934.197,24852.7,51649.007,1246430.589,0.00633594
120.710225821,786.432,262144,5,51720.629,24852.7,52435.439,1246430.589,0.006052474
120.716420773,786.432,262144,5,52507.061,24852.7,53221.871,1246430.589,0.006194952
120.723052971,786.432,262144,5,53293.493,24852.7,54008.303,1246430.589,0.00663219800001
120.7296205,786.432,262144,5,54079.925,24852.7,54794.735,1246430.589,0.00656752899999
120.735948416,786.432,262144,5,54866.357,24852.7,55581.167,1246430.589,0.006327916
120.742335695,786.432,262144,5,55652.789,24852.7,56367.599,1246430.589,0.00638727899999
120.750257659,786.432,262144,5,56439.221,24852.7,57154.031,1246430.589,0.007921964
120.757695728,786.432,262144,5,57225.653,24852.7,57940.463,1246430.589,0.007438069
119.767487957,0.22,220,2,52.734,655130.884,58726.895,1246438.781,0
120.766572195,786.432,262144,5,58012.085,24852.7,58727.115,1246446.973,0.999084238
120.77513626,786.432,262144,5,58798.517,24852.7,59513.547,1246446.973,0.008564065
120.782790676,786.432,262144,5,59584.949,24852.7,60299.979,1246446.973,0.00765441600001
120.789340234,786.432,262144,5,60371.381,24852.7,61086.411,1246446.973,0.00654955799999
120.796214002,786.432,262144,5,61157.813,24852.7,61872.843,1246446.973,0.00687376800001
120.803855076,786.432,262144,5,61944.245,24852.7,62659.275,1246446.973,0.00764107400001
120.810908023,786.432,262144,5,62730.677,24852.7,63445.707,1246446.973,0.00705294699999
120.817602665,786.432,262144,5,63517.109,24852.7,64232.139,1246446.973,0.006694642
120.824292568,786.432,262144,5,64303.541,24852.7,65018.571,1246446.973,0.00668990300001
120.831054007,786.432,262144,5,65089.973,24852.7,65805.003,1246446.973,0.006761439
120.837742788,786.432,262144,5,65876.405,24852.7,66591.435,1246446.973,0.00668878099999
120.844089522,786.432,262144,5,66662.837,24852.7,67377.867,1246446.973,0.006346734
120.850109379,491.422,262144,5,67154.259,24852.7,67869.289,1246446.973,0.006019857
120.857089472,49.507,49507,5,67203.766,24853.628,67918.796,1246447.901,0.006980093
120.954906568,0.19,190,5,67203.956,24855.388,67918.986,1246449.661,0.097817096
121.0309086,0.184,184,5,67204.14,24857.02,67919.17,1246451.293,0.076002032
121.111359346,0.19,190,5,67204.33,24857.788,67919.36,1246452.061,0.080450746
121.116523053,0.339,339,5,67204.669,24867.42,67919.699,1246461.693,0.00516370699999
121.579504332,1.575,1575,5,67206.244,24867.42,67921.274,1246461.693,0.462981279
121.584276565,0.286,286,5,67206.53,29701.66,67921.56,1251295.933,0.004772233
120.768377972,0.22,220,2,52.954,655147.268,67921.75,1251305.053,0
121.668221432,0.19,190,5,67206.72,29702.588,67921.97,1251313.245,0.89984346
121.769338569,0.22,220,2,53.174,655163.652,67924.309,1251321.437,0.101117137
122.002154582,2.339,2339,5,67209.059,29711.74,67924.529,1251338.781,0.232816013
123.621432381,1.575,1575,5,67210.634,29711.74,67926.104,1251338.781,1.619277799
123.623884536,0.286,286,5,67210.92,30514.556,67926.39,1252141.597,0.002452155
118.517389326,653.877,257041,6,653.991,47354.112,67926.58,1252147.069,0
123.637164969,353.356,257042,6,1007.347,47354.112,68279.936,1252147.069,5.119775643
123.6341535,0.19,190,5,67211.11,30518.652,68383.534,1252147.069,0
123.725977513,0.286,286,5,67211.396,36234.62,68383.82,1257863.037,0.091824013
122.770175871,0.22,220,2,53.394,655180.036,68384.01,1257874.301,0
123.760994427,0.19,190,5,67211.586,36237.692,68384.23,1257882.493,0.990818556
123.771083762,0.22,220,2,53.614,655196.42,68386.85,1257890.685,0.010089335
124.042129745,2.62,2620,5,67214.206,36239.228,68387.07,1257900.413,0.271045983
124.837109312,0.19,190,5,67214.396,36241.212,68387.26,1257902.397,0.794979567
124.771892185,0.22,220,2,53.834,655212.804,68387.45,1257916.157,0
124.840418329,0.19,190,5,67214.586,36246.396,68387.67,1257925.133,0.068526144
125.772722729,0.22,220,2,54.054,655229.188,68387.86,1257934.077,0.9323044
126.284514267,0.19,190,5,67214.776,36256.06,68388.08,1257951.181,0.511791538
126.805584443,1.575,1575,5,67216.351,36256.06,68389.655,1257951.181,0.521070176
126.808033166,0.286,286,5,67216.637,41614.588,68389.941,1263309.709,0.002448723
126.904991826,0.19,190,5,67216.827,41615.516,68390.131,1263310.637,0.09695866
126.773389804,0.22,220,2,54.274,655245.572,68392.47,1263318.829,0
127.774144883,0.22,220,2,54.494,655261.956,68392.69,1263336.109,1.000755079
127.234864722,2.339,2339,5,67219.166,41616.412,68392.91,1263344.301,0
128.775608752,0.19,190,5,67219.356,41626.268,68393.1,1263354.157,1.54074403
128.98843192,1.575,1575,5,67220.931,41626.268,68394.675,1263354.157,0.212823168
128.991337717,0.286,286,5,67221.217,42580.636,68394.961,1264308.525,0.00290579699998
129.00262549,0.19,190,5,67221.407,42582.684,68395.151,1264310.573,0.011287773
129.10314733,0.286,286,5,67221.693,49563.292,68395.437,1271291.181,0.10052184
129.166310788,0.19,190,5,67221.883,49564.284,68395.627,1271292.173,0.063163458
128.774833959,0.22,220,2,54.714,655278.34,68398.247,1271300.365,0
129.399130947,2.62,2620,5,67224.503,49574.492,68398.467,1271318.765,0.624296988
130.05322253,1.575,1575,5,67226.078,49574.492,68400.042,1271318.765,0.654091583
130.055237658,0.286,286,5,67226.364,50609.756,68400.328,1272354.029,0.00201512800001
130.066091169,0.19,190,5,67226.554,50611.292,68400.518,1272355.565,0.010853511
130.213181238,0.114,114,5,67226.668,50612.3,68400.632,1274846.941,0.147090069
130.726538237,0.185,185,5,67226.853,50613.276,68400.817,1274847.917,0.513356999
130.728716718,1.775,1775,5,67228.628,50614.796,68402.592,1274849.437,0.00217848099999
130.731487681,1835.008,262144,5,69063.636,50614.796,70237.6,1274849.437,0.00277096300002
130.751641788,786.432,262144,5,69850.068,50614.796,71024.032,1274849.437,0.020154107
129.775644062,0.22,220,2,54.934,655294.724,71810.464,1274857.629,0
130.764265212,786.432,262144,5,70636.5,50614.796,71810.684,1274865.821,0.98862115
130.788568322,1310.72,262144,5,71947.22,50614.796,73121.404,1274865.821,0.02430311
130.797213477,786.432,262144,5,72733.652,50614.796,73907.836,1274865.821,0.00864515500001
130.805576571,786.432,262144,5,73520.084,50614.796,74694.268,1274865.821,0.00836309399998
130.81301691,786.432,262144,5,74306.516,50614.796,75480.7,1274865.821,0.007440339
130.819601385,786.432,262144,5,75092.948,50614.796,76267.132,1274865.821,0.00658447500001
130.825907161,786.432,262144,5,75879.38,50614.796,77053.564,1274865.821,0.006305776
130.832010952,786.432,262144,5,76665.812,50614.796,77839.996,1274865.821,0.00610379099999
130.838148297,786.432,262144,5,77452.244,50614.796,78626.428,1274865.821,0.00613734500001
130.844131488,1048.576,262144,5,78500.82,50614.796,79675.004,1274865.821,0.00598319099998
130.850916476,786.432,262144,5,79287.252,50614.796,80461.436,1274865.821,0.00678498800002
130.85742571,786.432,262144,5,80073.684,50614.796,81247.868,1274865.821,0.00650923399999
130.864018297,786.432,262144,5,80860.116,50614.796,82034.3,1274865.821,0.006592587
130.870838121,786.432,262144,5,81646.548,50614.796,82820.732,1274865.821,0.00681982399999
130.87742129,786.432,262144,5,82432.98,50614.796,83607.164,1274865.821,0.00658316900001
130.883214451,786.432,262144,5,83219.412,50614.796,84393.596,1274865.821,0.00579316099999
130.889280269,786.432,262144,5,84005.844,50614.796,85180.028,1274865.821,0.00606581800002
130.895249017,786.432,262144,5,84792.276,50614.796,85966.46,1274865.821,0.00596874799999
130.901360417,786.432,262144,5,85578.708,50614.796,86752.892,1274865.821,0.00611140000001
130.907270936,786.432,262144,5,86365.14,50614.796,87539.324,1274865.821,0.005910519
130.913719427,786.432,262144,5,87151.572,50614.796,88325.756,1274865.821,0.00644849099999
130.920561224,786.432,262144,5,87938.004,50614.796,89112.188,1274865.821,0.00684179700002
130.927589987,786.432,262144,5,88724.436,50614.796,89898.62,1274865.821,0.00702876299999
130.934202128,786.432,262144,5,89510.868,50614.796,90685.052,1274865.821,0.00661214100001
130.941354914,786.432,262144,5,90297.3,50614.796,91471.484,1274865.821,0.00715278599998
130.946593837,786.432,262144,5,91083.732,50614.796,92257.916,1274865.821,0.00523892300001
130.952307857,786.432,262144,5,91870.164,50614.796,93044.348,1274865.821,0.00571402
130.958040262,786.432,262144,5,92656.596,50614.796,93830.78,1274865.821,0.005732405
130.963851404,786.432,262144,5,93443.028,50614.796,94617.212,1274865.821,0.005811142
130.969595974,786.432,262144,5,94229.46,50614.796,95403.644,1274865.821,0.00574456999999
130.97551512,786.432,262144,5,95015.892,50614.796,96190.076,1274865.821,0.00591914600002
130.981568911,786.432,262144,5,95802.324,50614.796,96976.508,1274865.821,0.006053791
130.987761035,786.432,262144,5,96588.756,50614.796,97762.94,1274865.821,0.00619212399999
130.994016711,786.432,262144,5,97375.188,50614.796,98549.372,1274865.821,0.00625567599999
131.000037133,786.432,262144,5,98161.62,50614.796,99335.804,1274865.821,0.00602042200001
131.006015183,786.432,262144,5,98948.052,50614.796,100122.236,1274865.821,0.00597804999998
131.011726867,786.432,262144,5,99734.484,50614.796,100908.668,1274865.821,0.005711684
131.017608482,786.432,262144,5,100520.916,50614.796,101695.1,1274865.821,0.00588161500002
131.02349327,786.432,262144,5,101307.348,50614.796,102481.532,1274865.821,0.00588478799997
131.029315797,786.432,262144,5,102093.78,50614.796,103267.964,1274865.821,0.00582252700002
131.035009308,786.432,262144,5,102880.212,50614.796,104054.396,1274865.821,0.005693511
131.040993109,786.432,262144,5,103666.644,50614.796,104840.828,1274865.821,0.00598380099999
131.047079589,786.432,262144,5,104453.076,50614.796,105627.26,1274865.821,0.00608647999999
131.05309243,786.432,262144,5,105239.508,50614.796,106413.692,1274865.821,0.006012841
131.05897025,786.432,262144,5,106025.94,50614.796,107200.124,1274865.821,0.00587781999999
131.064869651,786.432,262144,5,106812.372,50614.796,107986.556,1274865.821,0.00589940100002
131.070742389,786.432,262144,5,107598.804,50614.796,108772.988,1274865.821,0.00587273799999
131.07696169,786.432,262144,5,108385.236,50614.796,109559.42,1274865.821,0.00621930099999
131.082845508,786.432,262144,5,109171.668,50614.796,110345.852,1274865.821,0.005883818
131.088833245,786.432,262144,5,109958.1,50614.796,111132.284,1274865.821,0.005987737
131.094810247,786.432,262144,5,110744.532,50614.796,111918.716,1274865.821,0.00597700200001
131.100453711,786.432,262144,5,111530.964,50614.796,112705.148,1274865.821,0.005643464
131.105664753,786.432,262144,5,112317.396,50614.796,113491.58,1274865.821,0.00521104200001
131.108903748,786.432,262144,5,113103.828,50614.796,114278.012,1274865.821,0.00323899499998
131.112287208,786.432,262144,5,113890.26,50614.796,115064.444,1274865.821,0.00338346000001
131.115676698,786.432,262144,5,114676.692,50614.796,115850.876,1274865.821,0.00338948999999
131.117585977,0.339,339,5,114677.031,50615.276,115851.215,1274866.301,0.00190927900002
131.118925194,786.432,262144,5,115463.463,50615.74,116637.647,1274866.765,0.00133921700001
131.122284291,786.432,262144,5,116249.895,50615.74,117424.079,1274866.765,0.00335909699999
131.125518573,786.432,262144,5,117036.327,50615.74,118210.511,1274866.765,0.00323428199999
131.129215005,786.432,262144,5,117822.759,50615.74,118996.943,1274866.765,0.003696432
131.132599088,786.432,262144,5,118609.191,50615.74,119783.375,1274866.765,0.00338408300001
131.135834228,587.097,262144,5,119196.288,50615.74,120370.472,1274866.765,0.00323513999999
131.139188139,43.659,43659,5,119239.947,50616.652,120414.131,1274867.677,0.003353911
131.248129547,0.185,185,5,119240.132,50618.38,120414.316,1274869.405,0.108941408
131.259563854,0.19,190,5,119240.322,50627.98,120414.506,1274879.005,0.011434307
131.722441747,1.575,1575,5,119241.897,50627.98,120416.081,1274879.005,0.462877893
130.777785823,0.22,220,2,55.154,655311.108,120416.367,1277919.261,0
131.724170763,0.286,286,5,119242.183,56641.932,120416.588,1280909.341,0.94638494
131.839432346,0.19,190,5,119242.373,56642.924,120416.778,1280910.333,0.115261583
131.780461933,0.221,221,2,55.375,655327.492,120419.117,1280918.525,0
132.781256934,0.221,221,2,55.596,655343.876,120419.338,1280934.909,1.000795001
132.163555396,2.339,2339,5,119244.712,56644.348,120419.559,1280944.525,0
134.183258992,0.19,190,5,119244.902,56646.14,120419.749,1280946.317,2.019703596
134.186407856,0.19,190,5,119245.092,56647.804,120419.939,1280947.981,0.003148864
134.197284382,0.19,190,5,119245.282,56650.748,120420.129,1280950.925,0.010876526
134.210455597,0.19,190,5,119245.472,56660.812,120420.319,1280960.989,0.013171215
134.477739591,1.575,1575,5,119247.047,56660.812,120421.894,1280960.989,0.267283994
134.479965159,0.286,286,5,119247.333,57546.38,120422.18,1281846.557,0.002225568
134.490808971,0.19,190,5,119247.523,57547.18,120422.37,1281847.357,0.010843812
134.614971294,0.286,286,5,119247.809,64429.228,120422.656,1288729.405,0.124162323
133.781854474,0.221,221,2,55.817,655360.26,120422.846,1288738.333,0
134.688367773,0.19,190,5,119247.999,64429.964,120423.067,1288746.525,0.906513299
134.782583893,0.221,221,2,56.038,655376.644,120425.687,1288754.717,0.09421612
135.78317973,0.221,221,2,56.259,655393.028,120425.908,1288772.189,1.000595837
134.916884924,2.62,2620,5,119250.619,64430.668,120426.129,1288781.085,0
136.798896006,0.19,190,5,119250.809,64440.236,120426.319,1288790.653,1.882011082
137.53938836,1.575,1575,5,119252.384,64440.236,120427.894,1288790.653,0.740492354
137.541168265,0.286,286,5,119252.67,71830.316,120428.18,1296180.733,0.00177990500001
136.783744803,0.221,221,2,56.48,655409.412,120428.37,1296189.357,0
137.65983698,0.19,190,5,119252.86,71830.748,120428.591,1296197.549,0.876092177
137.784530824,0.221,221,2,56.701,655425.796,120430.93,1296205.741,0.124693844
137.990112033,2.339,2339,5,119255.199,71832.412,120431.151,1296215.597,0.205581209
139.471024141,0.19,190,5,119255.389,71833.948,120431.341,1296217.133,1.480912108
139.473719627,0.19,190,5,119255.579,71843.596,120431.531,1296226.781,0.00269548600002
139.687943621,1.575,1575,5,119257.154,71843.596,120433.106,1296226.781,0.214223994
139.689657334,0.286,286,5,119257.44,72655.532,120433.392,1297038.717,0.00171371300002
138.785172696,0.221,221,2,56.922,655442.18,120433.582,1297047.805,0
139.699720128,0.19,190,5,119257.63,72656.428,120433.803,1297055.997,0.914547432
139.853078498,0.286,286,5,119257.916,79755.66,120434.089,1304155.229,0.15335837
139.938357965,0.19,190,5,119258.106,79756.492,120434.279,1304156.061,0.085279467
139.785985785,0.221,221,2,57.143,655458.564,120436.899,1304164.253,0
140.2438779,2.62,2620,5,119260.726,79765.148,120437.12,1304181.101,0.457892115
140.911292319,1.575,1575,5,119262.301,79765.148,120438.695,1304181.101,0.667414419
140.913325269,0.286,286,5,119262.587,80897.692,120438.981,1305313.645,0.00203295
140.923940931,0.19,190,5,119262.777,80898.716,120439.171,1305314.669,0.010615662
141.118468664,2.513,2513,5,119265.29,80899.708,120441.684,1305315.661,0.194527733
140.786976933,0.221,221,2,57.364,655474.948,120441.798,1307667.725,0
141.165908939,0.114,114,5,119265.404,80900.668,120442.019,1307675.917,0.378932006
141.795435604,0.185,185,5,119265.589,80901.596,120442.204,1307676.845,0.629526665
141.798247319,1.775,1775,5,119267.364,80902.572,120443.979,1307677.821,0.00281171500001
141.80116356,1572.864,262144,5,120840.228,80902.572,122016.843,1307677.821,0.00291624099998
141.805009341,786.432,262144,5,121626.66,80902.572,122803.275,1307677.821,0.003845781
141.808244479,786.432,262144,5,122413.092,80902.572,123589.707,1307677.821,0.00323513800001
141.811628143,786.432,262144,5,123199.524,80902.572,124376.139,1307677.821,0.00338366400001
141.814998305,786.432,262144,5,123985.956,80902.572,125162.571,1307677.821,0.00337016199998
141.818250641,786.432,262144,5,124772.388,80902.572,125949.003,1307677.821,0.003252336
141.8216294,786.432,262144,5,125558.82,80902.572,126735.435,1307677.821,0.00337875900001
141.824865095,786.432,262144,5,126345.252,80902.572,127521.867,1307677.821,0.003235695
141.828248592,786.432,262144,5,127131.684,80902.572,128308.299,1307677.821,0.00338349699999
141.831628422,786.432,262144,5,127918.116,80902.572,129094.731,1307677.821,0.00337983
141.83487138,786.432,262144,5,128704.548,80902.572,129881.163,1307677.821,0.00324295800002
141.838247682,786.432,262144,5,129490.98,80902.572,130667.595,1307677.821,0.00337630199999
141.841488873,786.432,262144,5,130277.412,80902.572,131454.027,1307677.821,0.003241191
141.844868606,786.432,262144,5,131063.844,80902.572,132240.459,1307677.821,0.003379733
141.848110118,786.432,262144,5,131850.276,80902.572,133026.891,1307677.821,0.00324151199999
141.851499704,786.432,262144,5,132636.708,80902.572,133813.323,1307677.821,0.003389586
141.854574616,786.432,262144,5,133423.14,80902.572,134599.755,1307677.821,0.00307491200002
141.857812872,786.432,262144,5,134209.572,80902.572,135386.187,1307677.821,0.003238256
141.861046632,786.432,262144,5,134996.004,80902.572,136172.619,1307677.821,0.00323376
141.864282771,786.432,262144,5,135782.436,80902.572,136959.051,1307677.821,0.00323613899999
141.867675659,786.432,262144,5,136568.868,80902.572,137745.483,1307677.821,0.00339288800001
141.870903641,786.432,262144,5,137355.3,80902.572,138531.915,1307677.821,0.003227982
141.874284652,786.432,262144,5,138141.732,80902.572,139318.347,1307677.821,0.00338101099999
141.877656836,786.432,262144,5,138928.164,80902.572,140104.779,1307677.821,0.003372184
141.880895937,786.432,262144,5,139714.596,80902.572,140891.211,1307677.821,0.00323910099999
141.884277466,786.432,262144,5,140501.028,80902.572,141677.643,1307677.821,0.00338152899999
141.887512652,786.432,262144,5,141287.46,80902.572,142464.075,1307677.821,0.00323518600001
141.890898796,786.432,262144,5,142073.892,80902.572,143250.507,1307677.821,0.00338614399999
141.894135577,786.432,262144,5,142860.324,80902.572,144036.939,1307677.821,0.003236781
141.897514235,786.432,262144,5,143646.756,80902.572,144823.371,1307677.821,0.003378658
141.900757092,786.432,262144,5,144433.188,80902.572,145609.803,1307677.821,0.003242857
141.90413509,786.432,262144,5,145219.62,80902.572,146396.235,1307677.821,0.00337799800002
141.907518728,786.432,262144,5,146006.052,80902.572,147182.667,1307677.821,0.003383638
141.910757215,786.432,262144,5,146792.484,80902.572,147969.099,1307677.821,0.00323848699998
141.914142094,786.432,262144,5,147578.916,80902.572,148755.531,1307677.821,0.00338487900001
141.917380819,786.432,262144,5,148365.348,80902.572,149541.963,1307677.821,0.00323872499999
141.920760512,786.432,262144,5,149151.78,80902.572,150328.395,1307677.821,0.003379693
141.924006381,786.432,262144,5,149938.212,80902.572,151114.827,1307677.821,0.00324586900001
141.927382028,786.432,262144,5,150724.644,80902.572,151901.259,1307677.821,0.00337564700001
141.930615984,786.432,262144,5,151511.076,80902.572,152687.691,1307677.821,0.003233956
141.933998983,786.432,262144,5,152297.508,80902.572,153474.123,1307677.821,0.003382999
141.937235224,786.432,262144,5,153083.94,80902.572,154260.555,1307677.821,0.003236241
141.940615698,786.432,262144,5,153870.372,80902.572,155046.987,1307677.821,0.00338047399998
141.943845057,786.432,262144,5,154656.804,80902.572,155833.419,1307677.821,0.00322935900002
141.947227123,786.432,262144,5,155443.236,80902.572,156619.851,1307677.821,0.003382066
141.95061002,786.432,262144,5,156229.668,80902.572,157406.283,1307677.821,0.00338289699999
141.953848341,786.432,262144,5,157016.1,80902.572,158192.715,1307677.821,0.003238321
141.957230366,786.432,262144,5,157802.532,80902.572,158979.147,1307677.821,0.00338202500001
141.96046626,786.432,262144,5,158588.964,80902.572,159765.579,1307677.821,0.003235894
141.963846397,786.432,262144,5,159375.396,80902.572,160552.011,1307677.821,0.00338013699999
141.96767571,786.432,262144,5,160161.828,80902.572,161338.443,1307677.821,0.00382931300001
141.971508213,786.432,262144,5,160948.26,80902.572,162124.875,1307677.821,0.00383250299998
141.974890729,786.432,262144,5,161734.692,80902.572,162911.307,1307677.821,0.00338251600002
141.978704529,786.432,262144,5,162521.124,80902.572,163697.739,1307677.821,0.00381379999999
141.982086228,786.432,262144,5,163307.556,80902.572,164484.171,1307677.821,0.00338169899999
141.985910432,786.432,262144,5,164093.988,80902.572,165270.603,1307677.821,0.00382420400001
141.989297187,786.432,262144,5,164880.42,80902.572,166057.035,1307677.821,0.00338675500001
141.993122219,786.432,262144,5,165666.852,80902.572,166843.467,1307677.821,0.00382503200001
141.996503909,786.432,262144,5,166453.284,80902.572,167629.899,1307677.821,0.00338169
142.000321949,786.432,262144,5,167239.716,80902.572,168416.331,1307677.821,0.00381804
142.004145827,786.432,262144,5,168026.148,80902.572,169202.763,1307677.821,0.00382387799999
142.007976494,786.432,262144,5,168812.58,80902.572,169989.195,1307677.821,0.00383066699999
142.011355883,618.64,262144,5,169431.22,80902.572,170607.835,1307677.821,0.003379389
142.015162176,94.352,94352,5,169525.572,80903.468,170702.187,1307678.717,0.003806293
142.104603159,0.185,185,5,169525.757,80905.164,170702.372,1307680.413,0.089440983
142.115116681,0.19,190,5,169525.947,80914.732,170702.562,1307689.981,0.010513522
142.721633422,1.575,1575,5,169527.522,80914.732,170704.137,1307689.981,0.606516741
141.78781841,0.221,221,2,57.585,655491.332,170704.423,1309992.957,0
142.723643928,0.286,286,5,169527.808,87567.66,170704.644,1314359.293,0.935825518
142.857164429,0.19,190,5,169527.998,87568.652,170704.834,1314360.285,0.133520501
142.788636186,0.221,221,2,57.806,655507.716,170707.173,1314368.477,0
143.789437912,0.221,221,2,58.027,655524.1,170707.394,1314384.861,1.000801726
143.242694971,2.339,2339,5,169530.337,87578.86,170707.615,1314403.261,0
144.870565202,1.575,1575,5,169531.912,87578.86,170709.19,1314403.261,1.627870231
144.872184097,0.286,286,5,169532.198,88361.196,170709.476,1315185.597,0.00161889500001
144.881582952,0.19,190,5,169532.388,88362.22,170709.666,1315186.621,0.009398855
145.005201047,0.286,286,5,169532.674,95884.012,170709.952,1322708.413,0.123618095
145.077735958,0.19,190,5,169532.864,95885.02,170710.142,1322709.421,0.072534911
144.790009702,0.221,221,2,58.248,655540.484,170712.762,1322717.613,0
145.367075696,2.62,2620,5,169535.484,95885.996,170712.983,1322726.781,0.577065994
146.171324401,0.19,190,5,169535.674,95887.852,170713.173,1322728.637,0.804248705
146.175935623,0.19,190,5,169535.864,95889.58,170713.363,1322730.365,0.00461122199999
145.790718103,0.221,221,2,58.469,655556.868,170713.553,1322741.181,0
146.17915978,0.19,190,5,169536.054,95891.932,170713.774,1322750.125,0.388441677
146.791377281,0.221,221,2,58.69,655573.252,170713.964,1322759.037,0.612217501
147.466683791,0.19,190,5,169536.244,95901.58,170714.185,1322776.157,0.67530651
148.144814343,1.575,1575,5,169537.819,95901.58,170715.76,1322776.157,0.678130552
148.147515499,0.286,286,5,169538.105,103979.82,170716.046,1330854.397,0.002701156
148.270020777,0.19,190,5,169538.295,103980.268,170716.236,1330854.845,0.122505278
147.791941188,0.221,221,2,58.911,655589.636,170718.575,1330863.037,0
148.79267653,0.221,221,2,59.132,655606.02,170718.796,1330879.421,1.000735342
148.605134761,2.339,2339,5,169540.634,103989.612,170719.017,1330896.957,0
150.145884915,1.575,1575,5,169542.209,103989.612,170720.592,1330896.957,1.540750154
150.148101581,0.286,286,5,169542.495,104669.548,170720.878,1331576.893,0.00221666599998
150.162951575,0.19,190,5,169542.685,104673.644,170721.068,1331580.989,0.014849994
150.289504229,0.286,286,5,169542.971,112638.316,170721.354,1339545.661,0.126552654
150.378099859,0.19,190,5,169543.161,112639.34,170721.544,1339546.685,0.08859563
149.793441392,0.221,221,2,59.353,655622.404,170724.164,1339554.877,0
150.632137665,2.62,2620,5,169545.781,112639.34,170724.385,1339563.069,0.838696273
150.794546161,0.221,221,2,59.574,655638.788,170724.724,1339572.893,0.162408496
151.116881932,0.339,339,5,169546.12,112641.292,170724.945,1339573.853,0.322335771
152.447359235,0.19,190,5,169546.31,112643.116,170725.135,1339575.677,1.330477303
153.000877578,0.19,190,5,169546.5,112647.116,170725.325,1339579.677,0.553518343
153.012543771,0.19,190,5,169546.69,112656.732,170725.515,1339589.293,0.011666193
153.236490666,1.575,1575,5,169548.265,112656.732,170727.09,1339589.293,0.223946895
153.238305893,0.286,286,5,169548.551,120472.828,170727.376,1347405.389,0.00181522699998
153.37253787,0.19,190,5,169548.741,120473.724,170727.566,1347406.285,0.134231977
