time,size,first_call,destination,dest_out_traffic,dest_in_traffic,total_network_out,total_network_in,dens10
3.717954253,0.244,244,2,0.244,24.576,0.244,26.624,0
3.759083674,0.183,183,2,0.427,40.96,0.427,43.008,0.041129421
4.768816494,0.183,183,2,0.61,57.344,0.61,59.392,1.00973282
5.769876416,0.183,183,2,0.793,73.728,0.793,75.776,1.001059922
6.770632757,0.183,183,2,0.976,90.112,0.976,92.16,1.000756341
7.77133821,0.183,183,2,1.159,106.496,1.159,108.544,1.000705453
8.772097498,0.183,183,2,1.342,122.88,1.342,124.928,1.000759288
9.772766892,0.183,183,2,1.525,139.264,1.525,141.312,1.000669394
10.773440265,0.183,183,2,1.708,155.648,1.708,157.696,1.000673373
11.774279195,0.183,183,2,1.891,172.032,1.891,174.08,1.00083893
12.774942895,0.183,183,2,2.074,188.416,2.074,190.464,1.0006637
13.775595364,0.183,183,2,2.257,204.8,2.257,206.848,1.000652469
14.778077486,0.183,183,2,2.44,221.184,2.44,223.232,1.002482122
15.778721764,0.183,183,2,2.623,237.568,2.623,239.616,1.000644278
16.779371519,0.183,183,2,2.806,253.952,2.806,256.0,1.000649755
17.780020853,0.183,183,2,2.989,270.336,2.989,272.384,1.000649334
18.781690069,0.183,183,2,3.172,286.72,3.172,288.768,1.001669216
19.782389157,0.183,183,2,3.355,303.104,3.355,305.152,1.000699088
20.783003819,0.183,183,2,3.538,319.488,3.538,321.536,1.000614662
21.783729797,0.183,183,2,3.721,335.872,3.721,337.92,1.000725978
22.784371442,0.183,183,2,3.904,352.256,3.904,354.304,1.000641645
23.785106732,0.183,183,2,4.087,368.64,4.087,370.688,1.00073529
24.786446267,0.183,183,2,4.27,385.024,4.27,387.072,1.001339535
25.787092869,0.183,183,2,4.453,401.408,4.453,403.456,1.000646602
26.787879332,0.183,183,2,4.636,417.792,4.636,419.84,1.000786463
27.788601066,0.183,183,2,4.819,425.984,4.819,428.032,1.000721734
28.693435172,0.268,268,4,0.268,8.452,5.253,439.216,0.904834106
28.138694176,0.166,166,2,4.985,436.908,5.506,455.6,0
28.795433135,0.219,219,2,5.204,469.676,5.725,488.368,0.656738959
29.249203924,0.283,283,2,5.487,486.06,6.008,504.752,0.453770789
29.291615965,0.207,207,2,5.694,502.444,6.215,521.136,0.042412041
29.331908661,0.102,102,2,5.796,510.636,6.317,529.328,0.040292696
28.734217689,0.253,253,4,0.521,24.836,6.441,36212.565,0
29.746411406,0.291,291,4,0.812,25.123,6.732,36472.194,1.012193717
29.358052654,0.124,124,2,5.92,42630.64,6.966,42666.003,0
29.74920143,0.234,234,4,1.046,41.507,7.185,136783.163,0.391148776
30.750106971,0.405,405,4,1.451,41.908,7.59,136930.432,1.000905541
29.797236928,0.219,219,2,6.139,142063.833,7.82,142115.981,0
30.752579996,0.23,230,4,1.681,58.292,8.039,226692.294,0.955343068
30.80282243,0.219,219,2,6.358,231574.554,8.554,231643.597,0.050242434
31.756756332,0.515,515,4,2.196,75.187,8.773,313017.417,0.953933902
31.80883055,0.219,219,2,6.577,317025.263,9.288,317111.201,0.052074218
32.761757491,0.515,515,4,2.711,92.082,9.507,388599.088,0.952926941
32.815210282,0.219,219,2,6.796,393091.716,10.022,393194.549,0.053452791
33.820756904,0.219,219,2,7.015,458320.502,10.241,458423.335,1.005546622
33.766435187,0.515,515,4,3.226,108.977,10.365,498550.874,0
34.429199276,0.124,124,2,7.139,506090.714,10.88,506210.442,0.662764089
34.769253965,0.515,515,4,3.741,125.872,11.099,616943.468,0.340054689
34.826725291,0.219,219,2,7.358,624687.29,11.614,624823.913,0.057471326
35.832667435,0.219,219,2,7.577,656673.362,11.833,656809.985,1.005942144
36.508272439,0.174,174,2,7.751,656689.746,12.007,656826.369,0.675605004
36.509347508,0.188,188,2,7.939,656697.938,12.195,656834.561,0.001075069
35.773791078,0.515,515,4,4.256,142.767,12.317,657303.769,0
36.511023686,0.122,122,2,8.061,657167.146,12.968,657320.8,0.737232608
36.515808942,0.651,651,4,4.907,159.798,13.322,657353.568,0.004785256
36.539971411,0.354,170,2,8.415,657191.722,13.819,657362.253,0.024162469
36.541182136,0.497,497,4,5.404,176.675,13.941,657437.372,0.001210725
36.542433987,0.122,122,2,8.537,657266.841,14.32,657454.131,0.001251851
36.554768624,0.379,379,4,5.783,193.434,14.539,657470.515,0.012334637
36.834729589,0.219,219,2,8.756,657283.225,14.851,657503.587,0.279960965
37.835716958,0.219,219,2,8.975,657291.417,15.07,657511.779,1.000987369
38.677314732,0.176,176,2,9.151,657292.441,15.246,657512.803,0.841597774
38.704625884,0.154,154,2,9.305,657303.705,15.4,657524.067,0.027311152
38.836697765,0.219,219,2,9.524,657311.897,15.619,657532.259,0.132071881
38.851894055,0.17,170,2,9.694,657312.921,15.789,657533.283,0.01519629
38.879605947,0.172,172,2,9.866,657314.457,15.961,657534.819,0.027711892
39.179738841,0.177,177,2,10.043,657314.969,16.138,657535.331,0.300132894
39.207643839,0.176,176,2,10.219,657315.465,16.314,657535.827,0.027904998
39.227014592,1.53,1530,2,11.749,657316.441,17.844,657536.803,0.019370753
39.278762254,1.256,1256,2,13.005,657316.921,19.1,657537.283,0.051747662
39.288172132,0.171,171,2,13.176,657325.577,19.271,657545.939,0.009409878
39.837834722,0.219,219,2,13.395,657342.217,19.49,657562.579,0.54966259
40.322790078,1.575,1575,2,14.97,657342.217,21.065,657562.579,0.484955356
40.444151454,0.286,286,2,15.256,657349.385,21.351,657569.747,0.121361376
40.515140348,0.189,189,2,15.445,657358.601,21.54,657578.963,0.070988894
40.83880897,0.219,219,2,15.664,657366.793,21.759,657587.155,0.323668622
40.931962905,0.286,286,2,15.95,657367.289,22.045,657622.467,0.093153935
41.001978234,0.189,189,2,16.139,657376.457,22.234,657631.635,0.070015329
41.978906329,0.235,235,8,0.235,32.768,22.688,657674.643,0.976928095
42.050917657,0.102,102,8,0.337,40.96,22.79,657682.835,0.072011328
41.839754959,0.219,219,2,16.358,657392.841,22.942,662514.356,0
42.840743362,0.219,219,2,16.577,657409.225,23.161,675481.048,1.000988403
43.842257323,0.219,219,2,16.796,657425.609,23.38,689637.054,1.001513961
44.843297085,0.219,219,2,17.015,657441.993,23.599,704387.717,1.001039762
45.84430074,0.219,219,2,17.234,657458.377,23.818,718477.65,1.001003655
46.845311426,0.22,220,2,17.454,657474.761,24.038,733228.313,1.001010686
47.846102056,0.22,220,2,17.674,657491.145,24.258,748837.925,1.00079063
48.847017245,0.22,220,2,17.894,657507.529,24.478,764381.464,1.000915189
49.848028608,0.22,220,2,18.114,657523.913,24.698,779462.492,1.001011363
42.077697362,0.152,152,8,0.489,135358.464,24.918,793147.795,0
50.849111668,0.22,220,2,18.334,657540.297,25.07,793222.06,8.771414306
51.850095389,0.22,220,2,18.554,657548.489,25.29,793230.252,1.000983721
51.865698697,2.578,2578,2,21.132,657558.217,27.868,793239.98,0.015603308
51.770538172,0.152,152,8,0.641,135432.729,29.443,793248.172,0
51.953545646,0.145,145,8,0.786,135440.921,29.588,793256.364,0.183007474
51.873394539,1.575,1575,2,22.707,657566.409,29.74,805373.548,0
52.851064493,0.22,220,2,22.927,657582.793,29.96,820718.868,0.977669954
53.852055622,0.22,220,2,23.147,657590.985,30.18,824096.783,1.000991129
54.08540308,2.513,2513,2,25.66,657617.609,32.693,851081.191,0.233347458
55.854055032,0.22,220,2,25.88,657633.993,32.913,866162.219,1.768651952
56.854990269,0.22,220,2,26.1,657650.377,33.133,880450.371,1.000935237
57.856059822,0.22,220,2,26.32,657666.761,33.353,895267.107,1.001069553
58.857177356,0.22,220,2,26.54,657683.145,33.573,910414.208,1.001117534
59.858238086,0.22,220,2,26.76,657699.529,33.793,925297.017,1.00106073
51.956735445,0.152,152,8,0.938,270842.131,34.013,928807.078,0
60.859154453,0.22,220,2,26.98,657707.721,34.165,928873.151,8.902419008
61.152918035,2.535,2535,2,29.515,657717.961,36.7,928883.391,0.293763582
61.097983276,0.152,152,8,1.09,270916.396,38.275,928891.583,0
61.170519705,0.145,145,8,1.235,270932.78,38.42,928907.967,0.072536429
61.172648734,0.149,149,8,1.384,270940.972,38.569,928916.159,0.002129029
61.159477929,1.575,1575,2,31.09,657726.153,38.721,939087.791,0
61.860141846,0.22,220,2,31.31,657742.537,38.941,951922.337,0.700663917
62.861079832,0.22,220,2,31.53,657758.921,39.161,967069.438,1.000937986
63.862356073,0.22,220,2,31.75,657767.113,39.381,970116.988,1.001276241
64.071606907,2.513,2513,2,34.263,657808.073,41.894,982315.38,0.209250834
64.863905055,0.22,220,2,34.483,657824.457,42.114,997396.408,0.792298148
65.864633151,0.22,220,2,34.703,657840.841,42.334,1012279.217,1.000728096
66.865715446,0.22,220,2,34.923,657857.225,42.554,1026369.15,1.001082295
67.866682022,0.22,220,2,35.143,657873.609,42.774,1041516.251,1.000966576
68.8676337,0.22,220,2,35.363,657889.993,42.994,1056465.133,1.000951678
61.175700817,0.152,152,8,1.536,406907.404,43.214,1065062.815,0
69.868699749,0.22,220,2,35.583,657898.185,43.366,1065133.622,8.692998932
70.539983558,2.535,2535,2,38.118,657930.953,45.901,1065166.39,0.671283809
70.487715261,0.152,152,8,1.688,406986.403,47.476,1065174.582,0
70.553560892,0.145,145,8,1.833,407002.787,47.621,1065190.966,0.065845631
70.555892313,0.149,149,8,1.982,407010.979,47.77,1065199.158,0.00233142100001
70.546216562,1.575,1575,2,39.693,657939.145,47.922,1070080.028,0
70.869739161,0.22,220,2,39.913,657955.529,48.142,1085161.056,0.323522599
71.870638226,0.22,220,2,40.133,657971.913,48.362,1099845.646,1.000899065
72.871614323,0.22,220,2,40.353,657988.297,48.582,1114662.382,1.000976097
73.872548427,0.22,220,2,40.573,657996.489,48.802,1117643.859,1.000934104
74.070684941,2.513,2513,2,43.086,658037.449,51.315,1129974.397,0.198136514
74.873457935,0.22,220,2,43.306,658053.833,51.535,1145253.644,0.802772994
75.874358192,0.22,220,2,43.526,658070.217,51.755,1160268.599,1.000900257
76.875301539,0.22,220,2,43.746,658086.601,51.975,1175151.408,1.000943347
77.876341125,0.22,220,2,43.966,658102.985,52.195,1190694.947,1.001039586
70.558350995,0.152,152,8,2.134,542840.343,52.415,1201208.746,0
78.877491602,0.22,220,2,44.186,658111.177,52.567,1201302.721,8.319140607
79.625138458,2.578,2578,2,46.764,658127.561,55.145,1201319.105,0.747646856
79.574854996,0.152,152,8,2.286,542942.51,56.72,1201327.297,0
79.642242902,0.145,145,8,2.431,542958.894,56.865,1201343.681,0.067387906
79.644060602,0.149,149,8,2.58,542967.086,57.014,1201351.873,0.00181769999999
79.634912575,1.575,1575,2,48.339,658135.753,57.166,1204152.776,0
79.878513911,0.22,220,2,48.559,658152.137,57.386,1218639.147,0.243601336
80.879276017,0.22,220,2,48.779,658168.521,57.606,1233654.102,1.000762106
81.880199801,0.22,220,2,48.999,658184.905,57.826,1248801.203,1.000923784
82.881090731,0.22,220,2,49.219,658201.289,58.046,1264080.45,1.00089093
83.88201772,0.22,220,2,49.439,658209.481,58.266,1266929.781,1.000926989
84.071737387,2.513,2513,2,51.952,658234.057,60.779,1279177.862,0.189719667
84.882967299,0.22,220,2,52.172,658250.441,60.999,1293994.598,0.811229912
85.883854225,0.22,220,2,52.392,658258.633,61.219,1308869.215,1.000886926
86.884749012,0.22,220,2,52.612,658275.017,61.439,1322298.418,1.000894787
87.885719215,0.22,220,2,52.832,658291.401,61.659,1336983.008,1.000970203
79.647102297,0.152,152,8,2.732,678434.381,61.879,1336991.2,0
88.886759864,0.22,220,2,53.052,658299.593,62.031,1337116.502,9.239657567
88.937805352,2.535,2535,2,55.587,658332.361,64.566,1337149.27,0.051045488
88.891532815,0.152,152,8,2.884,678567.875,66.141,1337157.462,0
88.950113236,0.145,145,8,3.029,678584.259,66.286,1337173.846,0.058580421
88.951836026,0.149,149,8,3.178,678592.451,66.435,1337182.038,0.00172278999999
88.943847833,1.575,1575,2,57.162,658340.553,66.587,1349104.802,0
89.888198878,0.22,220,2,57.382,658356.937,66.807,1363921.538,0.944351045
90.888928356,0.22,220,2,57.602,658373.321,67.027,1378407.909,1.000729478
91.889791595,0.22,220,2,57.822,658389.705,67.247,1393819.302,1.000863239
92.890715525,0.22,220,2,58.042,658406.089,67.467,1408768.184,1.00092393
93.891785953,0.22,220,2,58.262,658414.281,67.687,1411551.442,1.001070428
94.073348575,2.513,2513,2,60.775,658488.009,70.2,1422196.85,0.181562622
94.953057974,0.22,220,2,60.995,658504.393,70.42,1436485.002,0.879709399
95.953795299,0.22,220,2,61.215,658520.777,70.64,1450773.154,1.000737325
96.954633425,0.22,220,2,61.435,658537.161,70.86,1467474.961,1.000838126
88.954374026,0.152,152,8,3.33,824116.572,71.08,1482919.151,0
97.955630129,0.22,220,2,61.655,658545.353,71.232,1483075.78,9.001256103
98.739254256,2.535,2535,2,64.19,658610.889,73.767,1483141.316,0.783624127
98.689716157,0.152,152,8,3.482,824281.393,75.342,1483149.508,0
98.754537817,0.145,145,8,3.627,824297.777,75.487,1483165.892,0.06482166
98.761205733,0.149,149,8,3.776,824305.969,75.636,1483174.084,0.006667916
98.746050265,1.575,1575,2,65.765,658619.081,75.788,1485469.571,0
98.956679963,0.22,220,2,65.985,658635.465,76.008,1500550.599,0.210629698
99.957636089,0.22,220,2,66.205,658651.849,76.228,1515433.408,1.000956126
100.958450513,0.22,220,2,66.425,658668.233,76.448,1528862.611,1.000814424
101.959046228,0.22,220,2,66.645,658684.617,76.668,1543811.493,1.000595715
102.959666963,0.22,220,2,66.865,658701.001,76.888,1558760.375,1.000620735
103.960882595,0.22,220,2,67.085,658709.193,77.108,1560486.465,1.001215632
104.070865385,2.513,2513,2,69.598,658782.921,79.621,1573576.574,0.10998279
104.962005585,0.22,220,2,69.818,658799.305,79.841,1586609.339,0.8911402
105.963089067,0.22,220,2,70.038,658815.689,80.061,1600567.126,1.001083482
106.964153063,0.22,220,2,70.258,658832.073,80.281,1614789.205,1.001063996
98.770485377,0.152,152,8,3.928,959862.505,80.501,1618959.996,0
107.965197764,0.22,220,2,70.478,658840.265,80.653,1619042.387,9.194712387
108.325352998,2.535,2535,2,73.013,658856.649,83.188,1619058.771,0.360155234
108.275011212,0.152,152,8,4.08,959953.088,84.763,1619066.963,0
108.339822533,0.145,145,8,4.225,959969.472,84.908,1619083.347,0.064811321
108.341560076,0.149,149,8,4.374,959977.664,85.057,1619091.539,0.00173754299999
108.330949401,1.575,1575,2,74.588,658864.841,85.209,1627986.271,0
108.966142217,0.22,220,2,74.808,658881.225,85.429,1642803.007,0.635192816
109.967198792,0.22,220,2,75.028,658897.609,85.649,1657289.378,1.001056575
110.968302099,0.22,220,2,75.248,658913.993,85.869,1671709.676,1.001103307
111.969005306,0.22,220,2,75.468,658930.377,86.089,1686063.901,1.000703207
112.969621844,0.22,220,2,75.688,658946.761,86.309,1701475.294,1.000616538
113.988386661,0.22,220,2,75.908,658954.953,86.529,1702738.873,1.018764817
114.070688847,2.513,2513,2,78.421,658979.529,89.042,1716770.925,0.082302186
114.989500442,0.22,220,2,78.641,658995.913,89.262,1731323.369,0.918811595
115.990532,0.22,220,2,78.861,659012.297,89.482,1746800.835,1.001031558
108.344003408,0.152,152,8,4.526,1095724.364,89.702,1755002.079,0
116.991500791,0.22,220,2,79.081,659020.489,89.854,1755158.708,8.647497383
117.592387915,2.535,2535,2,81.616,659036.873,92.389,1755175.092,0.600887124
117.545350538,0.152,152,8,4.678,1095889.185,93.964,1755183.284,0
117.604333735,0.145,145,8,4.823,1095905.569,94.109,1755199.668,0.058983197
117.607141347,0.149,149,8,4.972,1095913.761,94.258,1755207.86,0.002807612
117.598616565,1.575,1575,2,83.191,659045.065,94.41,1760615.578,0
117.992521024,0.22,220,2,83.411,659053.257,94.63,1774961.611,0.393904459
118.993406759,0.22,220,2,83.631,659069.641,94.85,1789910.493,1.000885735
119.994318992,0.22,220,2,83.851,659086.025,95.07,1804793.302,1.000912233
120.995195595,0.22,220,2,84.071,659102.409,95.29,1819543.965,1.000876603
121.996038991,0.22,220,2,84.291,659118.793,95.51,1832510.657,1.000843396
122.996746118,0.22,220,2,84.511,659135.177,95.73,1847789.904,1.000707127
123.997699964,0.22,220,2,84.731,659143.369,95.95,1848855.264,1.000953846
124.070751695,2.513,2513,2,87.244,659167.945,98.463,1863019.462,0.073051731
124.99877692,0.22,220,2,87.464,659184.329,98.683,1877968.344,0.928025225
117.609134071,0.152,152,8,5.124,1231741.389,98.903,1891191.136,0
125.999815203,0.22,220,2,87.684,659192.521,99.055,1891475.029,8.390681132
126.969481478,2.535,2535,2,90.219,659217.097,101.59,1891499.605,0.969666275
126.923368498,0.152,152,8,5.276,1232033.474,103.165,1891507.797,0
126.980763377,0.145,145,8,5.421,1232049.858,103.31,1891524.181,0.057394879
126.982396303,0.149,149,8,5.57,1232058.05,103.459,1891532.373,0.001632926
126.974944615,1.575,1575,2,91.794,659225.289,103.611,1891822.502,0
127.000816696,0.22,220,2,92.014,659241.673,103.831,1906639.238,0.025872081
128.001805831,0.22,220,2,92.234,659258.057,104.051,1921257.755,1.000989135
129.002780488,0.22,220,2,92.454,659274.441,104.271,1934092.301,1.000974657
130.003736863,0.22,220,2,92.674,659290.825,104.491,1949569.767,1.000956375
131.005059192,0.22,220,2,92.894,659307.209,104.711,1964915.087,1.001322329
132.006540692,0.221,221,2,93.115,659323.593,104.932,1979731.823,1.0014815
133.0074764,0.221,221,2,93.336,659339.977,105.153,1994680.705,1.000935708
134.008417074,0.221,221,2,93.557,659348.169,105.374,1995613.919,1.000940674
134.070201254,2.513,2513,2,96.07,659421.897,107.887,2010157.634,0.06178418
135.009355225,0.221,221,2,96.291,659438.281,108.108,2025701.173,0.939153971
126.98476465,0.152,152,8,5.722,1367591.418,108.329,2027295.117,0
136.010267802,0.221,221,2,96.512,659446.473,108.481,2027451.746,9.025503152
136.161479948,2.535,2535,2,99.047,659544.777,111.016,2027550.05,0.151212146
136.115521235,0.152,152,8,5.874,1367756.239,112.591,2027558.242,0
136.17241845,0.145,145,8,6.019,1367772.623,112.736,2027574.626,0.056897215
136.173971433,0.149,149,8,6.168,1367780.815,112.885,2027582.818,0.00155298299998
136.166944891,1.575,1575,2,100.622,659552.969,113.037,2039097.043,0
137.011160835,0.221,221,2,100.843,659569.353,113.258,2054244.144,0.844215944
138.012092457,0.221,221,2,101.064,659585.737,113.479,2069391.245,1.000931622
139.013058724,0.221,221,2,101.285,659602.121,113.7,2084604.419,1.000966267
140.014022492,0.221,221,2,101.506,659618.505,113.921,2099883.666,1.000963768
141.014972959,0.221,221,2,101.727,659634.889,114.142,2114634.329,1.000950467
142.015872059,0.221,221,2,101.948,659651.273,114.363,2130177.868,1.0008991
143.016899462,0.221,221,2,102.169,659667.657,114.584,2145721.407,1.001027403
144.017919585,0.221,221,2,102.39,659675.849,114.805,2146588.548,1.001020123
144.070397945,2.513,2513,2,104.903,659716.809,117.318,2161231.641,0.05247836
136.176056138,0.152,152,8,6.32,1503371.942,117.539,2163354.169,0
145.018875533,0.221,221,2,105.124,659725.001,117.691,2163479.471,8.842819395
145.200119792,2.535,2535,2,107.659,659733.193,120.226,2163487.663,0.181244259
146.019743344,0.221,221,2,107.88,659749.577,120.447,2163504.047,0.819623552
147.020386958,0.221,221,2,108.101,659765.961,120.668,2163520.431,1.000643614
148.021006631,0.221,221,2,108.322,659782.345,120.889,2163536.815,1.000619673
149.021569908,0.221,221,2,108.543,659798.729,121.11,2163553.199,1.000563277
150.022524401,0.221,221,2,108.764,659806.921,121.331,2163561.391,1.000954493
151.023387804,0.221,221,2,108.985,659823.305,121.552,2163579.823,1.000863403
152.024332196,0.221,221,2,109.206,659839.689,121.773,2163596.207,1.000944392
153.025869348,0.221,221,2,109.427,659856.073,121.994,2163612.591,1.001537152
154.026446222,0.221,221,2,109.648,659864.265,122.215,2163620.783,1.000576874
154.068380557,0.339,339,2,109.987,659905.225,122.554,2163661.743,0.041934335
155.027117721,0.221,221,2,110.208,659921.609,122.775,2163678.127,0.958737164
156.027803496,0.221,221,2,110.429,659937.993,122.996,2163694.511,1.000685775
157.028454237,0.221,221,2,110.65,659954.377,123.217,2163710.895,1.000650741
158.029073388,0.221,221,2,110.871,659970.761,123.438,2163727.279,1.000619151
159.029608025,0.221,221,2,111.092,659987.145,123.659,2163743.663,1.000534637
160.030166744,0.221,221,2,111.313,660003.529,123.88,2163760.047,1.000558719
161.030825313,0.221,221,2,111.534,660019.913,124.101,2163776.431,1.000658569
162.031428081,0.221,221,2,111.755,660036.297,124.322,2163794.335,1.000602768
163.032189767,0.221,221,2,111.976,660052.681,124.543,2163810.719,1.000761686
164.032766958,0.221,221,2,112.197,660060.873,124.764,2163818.911,1.000577191
164.068445427,0.339,339,2,112.536,660101.833,125.103,2163859.871,0.035678469
165.033347506,0.221,221,2,112.757,660118.217,125.324,2163876.255,0.964902079
166.033913597,0.221,221,2,112.978,660134.601,125.545,2163892.639,1.000566091
167.03446731,0.221,221,2,113.199,660150.985,125.766,2163909.023,1.000553713
168.035014209,0.221,221,2,113.42,660167.369,125.987,2163925.407,1.000546899
169.035568075,0.221,221,2,113.641,660183.753,126.208,2163941.791,1.000553866
170.03614311,0.221,221,2,113.862,660200.137,126.429,2163958.175,1.000575035
171.0366887,0.221,221,2,114.083,660216.521,126.65,2163974.559,1.00054559
172.037267959,0.221,221,2,114.304,660232.905,126.871,2163990.943,1.000579259
173.03783014,0.221,221,2,114.525,660249.289,127.092,2164007.327,1.000562181
174.038365111,0.221,221,2,114.746,660257.481,127.313,2164015.519,1.000534971
174.068223595,0.339,339,2,115.085,660282.057,127.652,2164040.095,0.029858484
175.038918666,0.221,221,2,115.306,660298.441,127.873,2164070.063,0.970695071
176.039832711,0.221,221,2,115.527,660314.825,128.094,2164086.447,1.000914045
177.041674597,0.221,221,2,115.748,660331.209,128.315,2164102.831,1.001841886
178.042284733,0.221,221,2,115.969,660347.593,128.536,2164119.215,1.000610136
179.042810532,0.221,221,2,116.19,660363.977,128.757,2164135.599,1.000525799
180.043361657,0.221,221,2,116.411,660380.361,128.978,2164151.983,1.000551125
181.043892776,0.221,221,2,116.632,660396.745,129.199,2164168.367,1.000531119
182.044421621,0.221,221,2,116.853,660404.937,129.42,2164176.559,1.000528845
183.044968221,0.221,221,2,117.074,660421.321,129.641,2164192.943,1.0005466
184.045497621,0.221,221,2,117.295,660429.513,129.862,2164201.135,1.0005294
184.06850846,0.339,339,2,117.634,660441.801,130.201,2164215.375,0.023010839
185.046220642,0.221,221,2,117.855,660458.185,130.422,2164233.679,0.977712182
186.047016547,0.221,221,2,118.076,660474.569,130.643,2164250.063,1.000795905
187.049360725,0.221,221,2,118.297,660490.953,130.864,2164266.447,1.002344178
188.049925116,0.221,221,2,118.518,660507.337,131.085,2164284.191,1.000564391
189.050542903,0.221,221,2,118.739,660523.721,131.306,2164300.575,1.000617787
190.051204243,0.221,221,2,118.96,660540.105,131.527,2164316.959,1.00066134
191.051854805,0.221,221,2,119.181,660556.489,131.748,2164333.343,1.000650562
192.052427614,0.221,221,2,119.402,660572.873,131.969,2164349.727,1.000572809
193.053000153,0.221,221,2,119.623,660589.257,132.19,2164366.111,1.000572539
194.053603981,0.221,221,2,119.844,660597.449,132.411,2164374.303,1.000603828
194.068889519,0.339,339,2,120.183,660609.737,132.75,2164386.591,0.015285538
195.054308674,0.221,221,2,120.404,660626.121,132.971,2164402.975,0.985419155
196.054985393,0.221,221,2,120.625,660642.505,133.192,2164419.359,1.000676719
197.055552788,0.221,221,2,120.846,660658.889,133.413,2164435.743,1.000567395
198.056086196,0.221,221,2,121.067,660675.273,133.634,2164452.127,1.000533408
199.056603415,0.221,221,2,121.288,660691.657,133.855,2164468.511,1.000517219
200.057154117,0.221,221,2,121.509,660708.041,134.076,2164484.895,1.000550702
201.057675585,0.221,221,2,121.73,660724.425,134.297,2164501.279,1.000521468
202.058239605,0.221,221,2,121.951,660740.809,134.518,2164517.663,1.00056402
203.058776352,0.221,221,2,122.172,660755.657,134.739,2164532.511,1.000536747
203.288036097,0.189,189,2,122.361,660765.833,134.928,2164542.687,0.229259745
204.059686118,0.221,221,2,122.582,660774.025,135.149,2164550.879,0.771650021
204.068208587,0.339,339,2,122.921,660783.161,135.488,2164560.015,0.00852246899998
205.060341489,0.221,221,2,123.142,660800.521,135.709,2164577.375,0.992132902
205.418389848,1.575,1575,2,124.717,660800.521,137.284,2164577.375,0.358048359
205.430971339,0.286,286,2,125.003,660808.713,137.57,2164677.727,0.012581491
205.442639281,0.189,189,2,125.192,660816.905,137.759,2164685.919,0.011667942
205.901017285,0.249,249,2,125.441,660833.289,138.008,2164703.327,0.458378004
206.06120713,0.221,221,2,125.662,660849.673,138.229,2164719.711,0.160189845
207.061943906,0.221,221,2,125.883,660866.057,138.45,2164736.095,1.000736776
208.062505364,0.221,221,2,126.104,660882.441,138.671,2164752.479,1.000561458
209.063116822,0.221,221,2,126.325,660898.825,138.892,2164768.863,1.000611458
210.063816739,0.221,221,2,126.546,660915.209,139.113,2164785.247,1.000699917
211.064361088,0.221,221,2,126.767,660931.593,139.334,2164801.631,1.000544349
212.064906501,0.221,221,2,126.988,660947.977,139.555,2164818.015,1.000545413
213.0655033,0.221,221,2,127.209,660964.361,139.776,2164834.399,1.000596799
214.066081977,0.221,221,2,127.43,660972.553,139.997,2164842.591,1.000578677
214.069618574,2.513,2513,2,129.943,660976.649,142.51,2164846.687,0.00353659699999
215.066866957,0.221,221,2,130.164,660993.033,142.731,2164863.071,0.997248383
216.067684508,0.221,221,2,130.385,661009.417,142.952,2164879.455,1.000817551
217.06850721,0.221,221,2,130.606,661025.801,143.173,2164895.839,1.000822702
218.069126513,0.221,221,2,130.827,661042.185,143.394,2164912.223,1.000619303
219.069645115,0.221,221,2,131.048,661058.569,143.615,2164928.607,1.000518602
220.070214516,0.221,221,2,131.269,661066.761,143.836,2164937.823,1.000569401
221.023607061,0.114,114,2,131.383,661077.001,144.554,2170324.575,0.953392545
221.07122403,0.221,221,2,131.604,661093.385,144.775,2634991.199,0.047616969
222.07247145,0.221,221,2,131.825,661109.769,144.996,2689074.783,1.00124742
223.07376084,0.221,221,2,132.046,661117.961,145.217,2689082.975,1.00128939
224.069777338,2.513,2513,2,134.559,661127.177,147.73,2689092.191,0.996016498
224.074721012,0.221,221,2,134.78,661143.561,147.951,2689108.575,0.004943674
225.080772391,0.221,221,2,135.001,661159.945,148.172,2689124.959,1.006051379
226.081771556,0.221,221,2,135.222,661176.329,148.393,2689141.343,1.000999165
221.04927904,0.15,150,7,0.15,132547.776,148.614,2689149.535,0
227.082640096,0.221,221,2,135.443,661192.713,148.766,2753579.615,6.033361056
228.083542519,0.221,221,2,135.664,661209.097,148.987,2753595.999,1.000902423
229.084422802,0.221,221,2,135.885,661225.481,149.208,2753612.383,1.000880283
221.054536713,0.15,150,6,0.15,134732.704,149.429,2753620.575,0
230.085372995,0.221,221,2,136.106,661241.865,149.581,2846050.911,9.030836282
231.0867373,0.221,221,2,136.327,661258.249,149.802,2846067.295,1.001364305
221.054261409,0.152,152,5,0.152,129527.152,150.023,2846075.487,0
232.08780724,0.221,221,2,136.548,661274.633,150.173,2888108.639,11.033545831
233.088789443,0.221,221,2,136.769,661282.825,150.394,2913741.407,1.000982203
234.069564024,2.513,2513,2,139.282,661292.009,152.907,2913750.591,0.980774581
234.089745444,0.221,221,2,139.503,661308.393,153.128,2913766.975,0.02018142
221.050006564,0.152,152,3,0.152,127437.728,153.349,2913775.167,0
235.091595468,0.221,221,2,139.724,661324.777,153.499,2980695.615,14.041588904
236.093734432,0.221,221,2,139.945,661341.161,153.72,2980711.999,1.002138964
237.094738296,0.221,221,2,140.166,661357.545,153.941,2980728.383,1.001003864
238.095767993,0.221,221,2,140.387,661373.929,154.162,2980744.767,1.001029697
239.096859264,0.221,221,2,140.608,661390.313,154.383,2980761.151,1.001091271
240.097945559,0.221,221,2,140.829,661406.697,154.604,2980777.535,1.001086295
241.098814858,0.221,221,2,141.05,661423.081,154.825,2980793.919,1.000869299
242.099700261,0.221,221,2,141.271,661439.465,155.046,2980810.303,1.000885403
243.100555442,0.221,221,2,141.492,661447.657,155.267,2980818.495,1.000855181
244.070420466,2.513,2513,2,144.005,661456.809,157.78,2980827.647,0.969865024
244.101477317,0.221,221,2,144.226,661473.193,158.001,2980844.031,0.031056851
245.102371165,0.221,221,2,144.447,661489.577,158.222,2980860.415,1.000893848
246.10322156,0.221,221,2,144.668,661497.769,158.443,2980868.607,1.000850395
247.104090429,0.221,221,2,144.889,661505.961,158.664,2980876.799,1.000868869
248.052917447,0.178,178,2,145.067,661506.889,158.842,2980877.727,0.948827018
248.064330438,0.286,286,2,145.353,661507.785,159.128,2981075.231,0.011412991
248.07189455,0.189,189,2,145.542,661516.841,159.317,2981084.287,0.00756411199998
248.104948569,0.221,221,2,145.763,661533.225,159.538,2981100.671,0.033054019
249.10580444,0.221,221,2,145.984,661549.609,159.759,2981117.055,1.000855871
250.106753953,0.221,221,2,146.205,661565.993,159.98,2981133.439,1.000949513
251.107735983,0.221,221,2,146.426,661582.377,160.201,2981149.823,1.00098203
252.108963528,0.221,221,2,146.647,661590.569,160.422,2981158.015,1.001227545
253.015761242,0.184,184,2,146.831,661590.985,160.606,2981158.431,0.906797714
253.026414523,1.775,1775,2,148.606,661593.033,162.381,2981160.479,0.010653281
253.040741692,4718.592,262144,2,4867.198,661593.033,4880.973,2981160.479,0.014327169
253.047249823,786.432,262144,2,5653.63,661593.033,5667.405,2981160.479,0.00650813099998
253.048859422,524.288,262144,2,6177.918,661593.033,6191.693,2981160.479,0.00160959900001
253.050344887,524.288,262144,2,6702.206,661593.033,6715.981,2981160.479,0.001485465
253.051817669,524.288,262144,2,7226.494,661593.033,7240.269,2981160.479,0.00147278200001
253.053280812,524.288,262144,2,7750.782,661593.033,7764.557,2981160.479,0.001463143
253.054912248,524.288,262144,2,8275.07,661593.033,8288.845,2981160.479,0.001631436
253.056371498,786.432,262144,2,9061.502,661593.033,9075.277,2981160.479,0.00145925000001
253.058442623,786.432,262144,2,9847.934,661593.033,9861.709,2981160.479,0.00207112499999
253.060525394,524.288,262144,2,10372.222,661593.033,10385.997,2981160.479,0.002082771
253.062395077,524.288,262144,2,10896.51,661593.033,10910.285,2981160.479,0.001869683
253.064462612,524.288,262144,2,11420.798,661593.033,11434.573,2981160.479,0.00206753500001
253.066517764,786.432,262144,2,12207.23,661593.033,12221.005,2981160.479,0.002055152
253.069017774,786.432,262144,2,12993.662,661593.033,13007.437,2981160.479,0.00250001000001
253.071522958,786.432,262144,2,13780.094,661593.033,13793.869,2981160.479,0.002505184
253.074017452,786.432,262144,2,14566.526,661593.033,14580.301,2981160.479,0.00249449399999
253.076531682,786.432,262144,2,15352.958,661593.033,15366.733,2981160.479,0.00251423
253.079172466,786.432,262144,2,16139.39,661593.033,16153.165,2981160.479,0.00264078399999
253.082094239,786.432,262144,2,16925.822,661593.033,16939.597,2981160.479,0.00292177300003
253.085187588,786.432,262144,2,17712.254,661593.033,17726.029,2981160.479,0.00309334899998
253.0882723,786.432,262144,2,18498.686,661593.033,18512.461,2981160.479,0.003084712
253.091218566,786.432,262144,2,19285.118,661593.033,19298.893,2981160.479,0.00294626600001
253.094306266,786.432,262144,2,20071.55,661593.033,20085.325,2981160.479,0.00308769999998
253.097831891,626.448,262144,2,20697.998,661593.033,20711.773,2981160.479,0.00352562500001
253.101339069,102.16,102160,2,20800.158,661601.225,20813.933,2981168.671,0.00350717800001
253.109939939,0.221,221,2,20800.379,661609.833,20814.154,2981177.279,0.00860086999998
253.149695901,0.184,184,2,20800.563,661611.401,20814.338,2981178.847,0.039755962
253.158721811,0.189,189,2,20800.752,661612.489,20814.527,2981179.935,0.00902590999999
253.283272931,0.189,189,2,20800.941,661621.753,20814.716,2981189.199,0.12455112
253.414704408,1.575,1575,2,20802.516,661621.753,20816.291,2981189.199,0.131431477
253.430044394,0.286,286,2,20802.802,661622.681,20816.577,2982779.375,0.015339986
253.442165433,0.189,189,2,20802.991,661623.577,20816.766,2982780.271,0.012121039
254.070062612,2.513,2513,2,20805.504,661632.633,20819.279,2982789.327,0.627897179
254.110938061,0.221,221,2,20805.725,661649.017,20819.5,2982805.711,0.040875449
255.111793946,0.221,221,2,20805.946,661657.209,20819.721,2982813.903,1.000855885
255.827491994,2.425,2425,2,20808.371,661665.401,20822.146,2982822.095,0.715698048
256.112601702,0.221,221,2,20808.592,661682.585,20822.367,2982839.279,0.285109708
256.855767684,1.575,1575,2,20810.167,661682.585,20823.942,2982839.279,0.743165982
256.85851386,0.286,286,2,20810.453,662006.169,20824.228,2983162.863,0.00274617600002
256.864508981,0.189,189,2,20810.642,662008.217,20824.417,2983164.911,0.00599512099996
256.916714056,0.286,286,2,20810.928,662992.281,20824.703,2984148.975,0.052205075
256.928181291,0.189,189,2,20811.117,663001.465,20824.892,2984158.159,0.011467235
257.113479981,0.221,221,2,20811.338,663017.849,20825.113,2984174.543,0.18529869
258.115283032,0.221,221,2,20811.559,663034.233,20825.334,2984190.927,1.001803051
259.11662372,0.221,221,2,20811.78,663050.617,20825.555,2984207.311,1.001340688
260.118240517,0.221,221,2,20812.001,663067.001,20825.776,2984223.695,1.001616797
261.119081297,0.221,221,2,20812.222,663075.193,20825.997,2984231.887,1.00084078
261.687991511,0.184,184,2,20812.406,663076.153,20826.181,2984232.847,0.568910214
261.691524148,1.775,1775,2,20814.181,663077.177,20827.956,2984233.871,0.00353263699998
261.695566556,1835.008,262144,2,22649.189,663077.177,22662.964,2984233.871,0.00404240800003
261.700193548,1048.576,262144,2,23697.765,663077.177,23711.54,2984233.871,0.004626992
261.704619382,1048.576,262144,2,24746.341,663077.177,24760.116,2984233.871,0.00442583399996
261.709022765,1048.576,262144,2,25794.917,663077.177,25808.692,2984233.871,0.00440338300001
261.713440857,1048.576,262144,2,26843.493,663077.177,26857.268,2984233.871,0.00441809200004
261.717542335,786.432,262144,2,27629.925,663077.177,27643.7,2984233.871,0.004101478
261.721664468,786.432,262144,2,28416.357,663077.177,28430.132,2984233.871,0.00412213299995
261.725771885,1048.576,262144,2,29464.933,663077.177,29478.708,2984233.871,0.004107417
261.730376175,1310.72,262144,2,30775.653,663077.177,30789.428,2984233.871,0.00460429000003
261.735339617,1048.576,262144,2,31824.229,663077.177,31838.004,2984233.871,0.00496344200002
261.739894421,1048.576,262144,2,32872.805,663077.177,32886.58,2984233.871,0.00455480399995
261.744900656,1048.576,262144,2,33921.381,663077.177,33935.156,2984233.871,0.00500623500005
261.750501037,432.089,262144,2,34353.47,663077.641,34367.245,2984234.335,0.00560038099997
261.790693578,0.184,184,2,34353.654,663079.433,34367.429,2984236.127,0.040192541
262.10338725,0.189,189,2,34353.843,663089.289,34367.618,2984245.983,0.312693672
262.119920652,0.221,221,2,34354.064,663098.265,34367.839,2984254.959,0.016533402
262.148035695,0.189,189,2,34354.253,663107.929,34368.028,2984264.623,0.028115043
262.343698665,1.575,1575,2,34355.828,663107.929,34369.603,2984264.623,0.19566297
262.345813685,0.286,286,2,34356.114,664190.233,34369.889,2985346.927,0.00211502000002
262.36137095,0.19,190,2,34356.304,664198.889,34370.079,2985355.583,0.015557265
263.120862891,0.221,221,2,34356.525,664207.081,34370.3,2985363.775,0.759491941
264.072473069,2.513,2513,2,34359.038,664216.185,34372.813,2985372.879,0.951610178
264.121728088,0.221,221,2,34359.259,664224.377,34373.034,2985381.071,0.049255019
264.35890864,2.382,2382,2,34361.641,664232.569,34375.416,2985389.263,0.237180552
265.122536384,0.221,221,2,34361.862,664250.105,34375.637,2985406.799,0.763627744
265.219388529,1.575,1575,2,34363.437,664250.105,34377.212,2985406.799,0.096852145
265.222082122,0.286,286,2,34363.723,664614.649,34377.498,2985771.343,0.002693593
265.228699724,0.19,190,2,34363.913,664620.793,34377.688,2985777.487,0.00661760200001
265.276444237,0.286,286,2,34364.199,666131.193,34377.974,2987287.887,0.047744513
232.913688885,0.15,150,5,0.302,197374.656,34378.164,2987290.783,0
230.087416405,0.152,152,6,0.302,227156.224,34778.036,2987293.087,0
235.760254021,0.15,150,3,0.302,194351.36,35304.108,2987293.535,5.672837616
265.294594714,677.112,262144,6,677.414,227156.224,35855.02,2987293.535,29.534340693
265.284725592,0.19,190,2,34364.389,666140.921,35879.86,2987301.727,0
266.123497009,0.221,221,2,34364.61,666157.305,35880.081,2987318.111,0.838771417
267.124351255,0.221,221,2,34364.831,666173.689,35880.302,2987334.495,1.000854246
268.125231239,0.221,221,2,34365.052,666181.881,35880.523,2987342.687,1.000879984
268.838776373,0.184,184,2,34365.236,666182.889,35880.707,2987343.695,0.713545134
268.841817761,1.775,1775,2,34367.011,666184.361,35882.482,2987345.167,0.00304138800004
268.845865804,2359.296,262144,2,36726.307,666184.361,38241.778,2987345.167,0.00404804300001
268.894288829,1048.576,262144,2,37774.883,666184.361,39290.354,2987345.167,0.048423025
268.903021452,1048.576,262144,2,38823.459,666184.361,40338.93,2987345.167,0.00873262300001
268.910837049,1048.576,262144,2,39872.035,666184.361,41387.506,2987345.167,0.00781559699999
268.91821342,1048.576,262144,2,40920.611,666184.361,42436.082,2987345.167,0.00737637099996
268.925559202,1048.576,262144,2,41969.187,666184.361,43484.658,2987345.167,0.00734578200002
268.931739931,1310.72,262144,2,43279.907,666184.361,44795.378,2987345.167,0.00618072899999
268.937952904,1048.576,262144,2,44328.483,666184.361,45843.954,2987345.167,0.006212973
268.943961264,1048.576,262144,2,45377.059,666184.361,46892.53,2987345.167,0.00600836000001
268.950001173,889.825,262144,2,46266.884,666184.361,47782.355,2987345.167,0.00603990899998
268.95624679,103.393,103393,2,46370.277,666186.281,47885.748,2987347.087,0.00624561700005
269.02610361,0.19,190,2,46370.467,666188.073,47885.938,2987348.879,0.06985682
269.03320956,0.189,189,2,46370.656,666189.737,47886.127,2987350.543,0.00710594999998
269.041971662,0.184,184,2,46370.84,666198.713,47886.311,2987359.519,0.00876210199999
269.126145776,0.221,221,2,46371.061,666207.289,47886.532,2987368.095,0.084174114
269.404796867,0.19,190,2,46371.251,666225.113,47886.722,2987385.919,0.278651091
270.127079839,0.221,221,2,46371.472,666233.305,47886.943,2987394.111,0.722282972
270.248723197,1.575,1575,2,46373.047,666233.305,47888.518,2987394.111,0.121643358
270.251370509,0.286,286,2,46373.333,666234.265,47888.804,2988984.319,0.00264731200002
270.260531001,0.19,190,2,46373.523,666243.385,47888.994,2988993.439,0.00916049199998
271.128052563,0.221,221,2,46373.744,666259.769,47889.215,2989009.823,0.867521562
272.12894026,0.221,221,2,46373.965,666267.961,47889.436,2989018.015,1.000887697
272.478663651,2.339,2339,2,46376.304,666277.113,47891.775,2989027.167,0.349723391
272.773732048,1.575,1575,2,46377.879,666277.113,47893.35,2989027.167,0.295068397
272.775531392,0.286,286,2,46378.165,666735.865,47893.636,2989485.919,0.00179934400001
272.789852402,0.19,190,2,46378.355,666744.057,47893.826,2989494.111,0.01432101
272.835149822,0.286,286,2,46378.641,668304.633,47894.112,2991054.687,0.04529742
265.290632705,399.872,262144,5,400.174,197375.936,47894.302,2991058.015,0
265.295230955,399.872,262144,3,400.174,195941.488,48294.797,2991058.895,0.00459825000002
272.843704413,0.19,190,2,46378.831,668314.873,48695.292,2991067.087,7.548473458
273.129841363,0.221,221,2,46379.052,668323.065,48695.513,2991075.279,0.28613695
274.070526535,2.513,2513,2,46381.565,668332.281,48698.026,2991084.495,0.940685172
274.130698321,0.221,221,2,46381.786,668348.665,48698.247,2991100.879,0.060171786
275.131743238,0.221,221,2,46382.007,668365.049,48698.468,2991117.263,1.001044917
276.132678483,0.221,221,2,46382.228,668373.241,48698.689,2991125.455,1.000935245
276.352904917,0.185,185,2,46382.413,668374.233,48698.874,2991126.447,0.220226434
276.356192125,1.775,1775,2,46384.188,668375.641,48700.649,2991127.855,0.00328720800002
276.359129781,2621.44,262144,2,49005.628,668375.641,51322.089,2991127.855,0.00293765599997
276.366842959,1048.576,262144,2,50054.204,668375.641,52370.665,2991127.855,0.00771317800002
276.373655142,1048.576,262144,2,51102.78,668375.641,53419.241,2991127.855,0.00681218300002
276.382192383,1048.576,262144,2,52151.356,668375.641,54467.817,2991127.855,0.008537241
276.392197627,1048.576,262144,2,53199.932,668375.641,55516.393,2991127.855,0.010005244
276.401180993,1048.576,262144,2,54248.508,668375.641,56564.969,2991127.855,0.00898336600005
276.410158639,1048.576,262144,2,55297.084,668375.641,57613.545,2991127.855,0.00897764599995
276.420594573,1048.576,262144,2,56345.66,668375.641,58662.121,2991127.855,0.010435934
276.430633996,1048.576,262144,2,57394.236,668375.641,59710.697,2991127.855,0.010039423
276.440587969,1048.576,262144,2,58442.812,668375.641,60759.273,2991127.855,0.00995397299999
276.451867528,272.641,262144,2,58715.453,668376.601,61031.914,2991128.815,0.011279559
276.515880066,0.185,185,2,58715.638,668377.977,61032.099,2991130.191,0.064012538
276.623779472,0.19,190,2,58715.828,668379.705,61032.289,2991131.919,0.107899406
276.629518432,0.19,190,2,58716.018,668389.081,61032.479,2991141.295,0.00573895999997
277.133576526,0.221,221,2,58716.239,668398.025,61032.7,2991150.239,0.504058094
277.817861392,0.19,190,2,58716.429,668407.673,61032.89,2991159.887,0.684284866
278.030983478,1.575,1575,2,58718.004,668407.673,61034.465,2991159.887,0.213122086
278.033153851,0.286,286,2,58718.29,669457.177,61034.751,2992209.391,0.00217037300001
278.053076101,0.19,190,2,58718.48,669466.265,61034.941,2992218.479,0.01992225
278.1345468,0.221,221,2,58718.701,669474.457,61035.162,2992226.671,0.081470699
280.217821926,2.339,2339,2,58721.04,669483.785,61037.501,2992235.999,2.083275126
281.065124286,1.575,1575,2,58722.615,669483.785,61039.076,2992235.999,0.84730236
281.06788716,0.286,286,2,58722.901,669897.481,61039.362,2992649.695,0.00276287399998
281.072794249,0.19,190,2,58723.091,669903.625,61039.552,2992655.839,0.00490708900003
281.125120331,0.286,286,2,58723.377,670906.121,61039.838,2993658.335,0.052326082
281.137242348,0.19,190,2,58723.567,670907.657,61040.028,2993659.871,0.012122017
284.06893382,2.513,2513,2,58726.08,670908.665,61042.541,2993660.879,2.931691472
284.430192895,0.185,185,2,58726.265,670909.641,61042.726,2993661.855,0.361259075
284.432759549,1.775,1775,2,58728.04,670910.969,61044.501,2993663.183,0.00256665400002
284.435212537,2883.584,262144,2,61611.624,670910.969,63928.085,2993663.183,0.00245298799996
284.441984456,1048.576,262144,2,62660.2,670910.969,64976.661,2993663.183,0.00677191900002
284.448010553,1048.576,262144,2,63708.776,670910.969,66025.237,2993663.183,0.00602609700002
284.453598922,1048.576,262144,2,64757.352,670910.969,67073.813,2993663.183,0.00558836900001
284.459640073,1048.576,262144,2,65805.928,670910.969,68122.389,2993663.183,0.00604115099998
284.469560793,1048.576,262144,2,66854.504,670910.969,69170.965,2993663.183,0.00992072000003
284.474502012,1048.576,262144,2,67903.08,670910.969,70219.541,2993663.183,0.00494121899999
284.483481573,1048.576,262144,2,68951.656,670910.969,71268.117,2993663.183,0.00897956099999
284.491781184,1048.576,262144,2,70000.232,670910.969,72316.693,2993663.183,0.00829961099998
284.499932149,610.081,262144,2,70610.313,670911.913,72926.774,2993664.127,0.00815096500003
284.559132505,0.185,185,2,70610.498,670913.273,72926.959,2993665.487,0.059200356
284.930081933,0.19,190,2,70610.688,670914.137,72927.149,2993666.351,0.370949428
285.019374044,0.19,190,2,70610.878,670916.537,72927.339,2993668.751,0.089292111
285.027420749,0.19,190,2,70611.068,670917.977,72927.529,2993670.191,0.00804670499997
285.037107145,0.19,190,2,70611.258,670927.545,72927.719,2993679.759,0.00968639600001
285.382124916,1.575,1575,2,70612.833,670927.545,72929.294,2993679.759,0.345017771
285.385551076,0.286,286,2,70613.119,670928.441,72929.58,2995302.671,0.00342616
285.395914215,0.19,190,2,70613.309,670929.305,72929.77,2995303.535,0.010363139
