time,size,first_call,destination,dest_out_traffic,dest_in_traffic,total_network_out,total_network_in,dens10
4.89810471,0.244,244,2,0.244,24.576,0.244,26.624,0
4.941246579,0.183,183,2,0.427,40.96,0.427,43.008,0.043141869
5.952803286,0.183,183,2,0.61,57.344,0.61,59.392,1.011556707
6.953954829,0.183,183,2,0.793,73.728,0.793,75.776,1.001151543
7.954735724,0.183,183,2,0.976,90.112,0.976,92.16,1.000780895
8.955457115,0.183,183,2,1.159,106.496,1.159,108.544,1.000721391
9.956247788,0.183,183,2,1.342,122.88,1.342,124.928,1.000790673
10.95691589,0.183,183,2,1.525,139.264,1.525,141.312,1.000668102
11.957571071,0.183,183,2,1.708,155.648,1.708,157.696,1.000655181
12.958425509,0.183,183,2,1.891,172.032,1.891,174.08,1.000854438
13.95913803,0.183,183,2,2.074,188.416,2.074,190.464,1.000712521
14.959956151,0.183,183,2,2.257,204.8,2.257,206.848,1.000818121
15.962756018,0.183,183,2,2.44,221.184,2.44,223.232,1.002799867
16.963478945,0.183,183,2,2.623,237.568,2.623,239.616,1.000722927
17.964185739,0.183,183,2,2.806,253.952,2.806,256.0,1.000706794
18.964910133,0.183,183,2,2.989,270.336,2.989,272.384,1.000724394
19.966649391,0.183,183,2,3.172,286.72,3.172,288.768,1.001739258
20.967394178,0.183,183,2,3.355,303.104,3.355,305.152,1.000744787
21.968073594,0.183,183,2,3.538,319.488,3.538,321.536,1.000679416
22.968788559,0.183,183,2,3.721,335.872,3.721,337.92,1.000714965
23.969437525,0.183,183,2,3.904,352.256,3.904,354.304,1.000648966
24.970109258,0.183,183,2,4.087,368.64,4.087,370.688,1.000671733
25.971386585,0.183,183,2,4.27,385.024,4.27,387.072,1.001277327
26.972025144,0.183,183,2,4.453,401.408,4.453,403.456,1.000638559
27.972668732,0.183,183,2,4.636,417.792,4.636,419.84,1.000643588
28.973387818,0.183,183,2,4.819,425.984,4.819,428.032,1.000719086
29.862097059,0.268,268,3,0.268,8.452,5.253,439.216,0.888709241
29.295475424,0.166,166,2,4.985,436.908,5.506,455.6,0
29.980608289,0.219,219,2,5.204,469.676,5.725,488.368,0.685132865
30.415206152,0.283,283,2,5.487,486.06,6.008,504.752,0.434597863
30.45958512,0.207,207,2,5.694,502.444,6.215,521.136,0.044378968
30.502808633,0.102,102,2,5.796,510.636,6.317,529.328,0.043223513
29.906674935,0.253,253,3,0.521,24.836,6.441,32928.472,0
30.919401693,0.291,291,3,0.812,25.123,6.732,33209.41,1.012726758
30.530817292,0.124,124,2,5.92,39449.8,6.966,39485.163,0
30.922569484,0.234,234,3,1.046,41.507,7.185,133934.303,0.391752192
31.924751116,0.405,405,3,1.451,41.908,7.59,134022.362,1.002181632
30.981769819,0.219,219,2,6.139,139225.639,7.82,139277.787,0
31.927369256,0.23,230,3,1.681,58.292,8.039,208692.084,0.945599437
31.98778022,0.219,219,2,6.358,214748.666,8.554,214817.709,0.060410964
32.92834431,0.515,515,3,2.196,75.187,8.773,300981.012,0.94056409
32.994743396,0.219,219,2,6.577,307653.774,9.288,307739.712,0.066399086
33.93031586,0.515,515,3,2.711,92.082,9.507,389722.395,0.935572464
34.002695036,0.219,219,2,6.796,396647.655,10.022,396750.488,0.072379176
35.010408517,0.219,219,2,7.015,417710.545,10.241,417813.378,1.007713481
34.932515372,0.515,515,3,3.226,108.977,10.365,509521.393,0
35.2153417,0.124,124,2,7.139,521361.973,10.88,521481.701,0.282826328
35.933995797,0.515,515,3,3.741,125.872,11.099,635662.931,0.718654097
36.020618475,0.219,219,2,7.358,641887.674,11.614,642024.297,0.086622678
37.026621892,0.219,219,2,7.577,641895.866,11.833,642032.489,1.006003417
37.534874373,0.174,174,2,7.751,641912.25,12.007,642048.873,0.508252481
37.535967319,0.188,188,2,7.939,641920.442,12.195,642057.065,0.001092946
36.939288998,0.515,515,3,4.256,142.767,12.317,642477.701,0
37.53837824,0.122,122,2,8.061,642341.078,12.968,642494.732,0.599089242
37.544034267,0.651,651,3,4.907,159.798,13.322,642527.5,0.005656027
37.570391948,0.354,170,2,8.415,642365.654,13.819,642527.993,0.026357681
37.571802951,0.497,497,3,5.404,176.675,13.941,642611.304,0.001411003
37.572753631,0.122,122,2,8.537,642440.773,14.32,642628.063,0.000950679999995
37.587058593,0.379,379,3,5.783,193.434,14.539,642644.447,0.014304962
38.588507171,0.156,156,3,5.939,209.97,14.695,642660.983,1.001448578
38.029061937,0.219,219,2,8.756,642457.157,14.851,642677.519,0
39.030190502,0.219,219,2,8.975,642465.349,15.07,642685.711,1.001128565
39.807336115,0.176,176,2,9.151,642466.373,15.246,642686.735,0.777145613
39.835604305,0.154,154,2,9.305,642469.445,15.4,642689.807,0.02826819
39.984596785,0.17,170,2,9.475,642470.469,15.57,642690.831,0.14899248
40.013706213,0.172,172,2,9.647,642480.197,15.742,642700.559,0.029109428
40.031649626,0.219,219,2,9.866,642488.389,15.961,642708.751,0.017943413
40.332731628,0.177,177,2,10.043,642488.901,16.138,642709.263,0.301082002
40.35900536,0.176,176,2,10.219,642489.397,16.314,642709.759,0.026273732
40.385706172,1.53,1530,2,11.749,642490.373,17.844,642710.735,0.026700812
40.443234996,1.256,1256,2,13.005,642490.853,19.1,642711.215,0.057528824
40.453635341,0.171,171,2,13.176,642499.509,19.271,642719.871,0.010400345
41.032815347,0.219,219,2,13.395,642516.149,19.49,642736.511,0.579180006
41.483497798,1.575,1575,2,14.97,642516.149,21.065,642736.511,0.450682451
41.601646691,0.286,286,2,15.256,642523.317,21.351,642743.679,0.118148893
41.673594387,0.189,189,2,15.445,642532.533,21.54,642752.895,0.071947696
42.033827138,0.219,219,2,15.664,642540.725,21.759,642761.087,0.360232751
42.134733475,0.286,286,2,15.95,642655.909,22.045,642876.271,0.100906337
42.143148861,0.189,189,2,16.139,642665.077,22.234,642885.439,0.008415386
43.120679593,0.235,235,8,0.235,40.96,22.688,642936.639,0.977530732
43.208285705,0.102,102,8,0.337,49.152,22.79,642944.831,0.087606112
43.034878319,0.219,219,2,16.358,642681.461,22.943,649494.25,0
44.036040408,0.219,219,2,16.577,642697.845,23.162,662262.723,1.001162089
45.037677278,0.219,219,2,16.796,642714.229,23.381,675163.342,1.00163687
46.038822326,0.219,219,2,17.015,642730.613,23.6,689385.421,1.001145048
47.039975266,0.219,219,2,17.234,642746.997,23.819,702880.697,1.00115294
48.041038181,0.22,220,2,17.454,642763.381,24.039,717565.287,1.001062915
49.04212959,0.22,220,2,17.674,642779.765,24.259,732778.461,1.001091409
50.043156048,0.22,220,2,17.894,642796.149,24.479,747727.343,1.001026458
51.044199057,0.22,220,2,18.114,642812.533,24.699,763138.736,1.001043009
52.045854156,0.22,220,2,18.334,642828.917,24.919,778087.618,1.001655099
43.239066924,0.153,153,8,0.49,135366.656,25.139,778426.175,0
53.04684262,0.22,220,2,18.554,642837.109,25.292,778492.248,9.807775696
53.175671991,2.578,2578,2,21.132,642846.037,27.87,778501.176,0.128829371
53.077930931,0.153,153,8,0.643,135457.305,29.445,778525.752,0
53.249833238,0.235,235,8,0.878,135465.497,29.68,778533.944,0.171902307
53.186776686,1.575,1575,2,22.707,642854.229,29.833,788600.024,0
54.04785916,0.22,220,2,22.927,642870.613,30.053,803218.541,0.861082474
55.048994011,0.22,220,2,23.147,642886.997,30.273,818299.569,1.001134851
56.050042887,0.22,220,2,23.367,642903.381,30.493,832587.721,1.001048876
57.051086176,0.22,220,2,23.587,642919.765,30.713,846941.946,1.001043289
58.052130653,0.22,220,2,23.807,642927.957,30.933,861948.709,1.001044477
59.053229047,0.22,220,2,24.027,642936.149,31.153,862815.85,1.001098394
59.112433433,2.513,2513,2,26.54,642945.365,33.666,877030.761,0.059204386
60.054300552,0.22,220,2,26.76,642961.749,33.886,892111.789,0.941867119
61.055394546,0.22,220,2,26.98,642978.133,34.106,907324.963,1.001093994
53.252900807,0.153,153,8,1.031,271136.35,34.326,914411.158,0
62.539057098,0.149,149,8,1.18,271144.542,34.475,914419.35,9.286156291
62.056416743,0.22,220,2,27.2,642986.325,34.628,914575.979,0
62.592587509,2.578,2578,2,29.778,643003.733,37.206,914593.387,0.536170766
62.541731321,0.153,153,8,1.333,271309.363,38.781,914601.579,0
62.608915772,0.145,145,8,1.478,271325.747,38.926,914617.963,0.067184451
62.610617176,0.149,149,8,1.627,271333.939,39.075,914626.155,0.00170140399999
62.599991453,1.575,1575,2,31.353,643011.925,39.228,921526.534,0
63.057529105,0.22,220,2,31.573,643028.309,39.448,936805.781,0.457537652
64.058510584,0.22,220,2,31.793,643044.693,39.668,951688.59,1.000981479
65.059597874,0.22,220,2,32.013,643061.077,39.888,966637.472,1.00108729
66.06078741,0.22,220,2,32.233,643077.461,40.108,980991.697,1.001189536
67.061863385,0.22,220,2,32.453,643093.845,40.328,995808.433,1.001075975
68.063187785,0.22,220,2,32.673,643110.229,40.548,1010559.096,1.0013244
69.064277449,0.22,220,2,32.893,643118.421,40.768,1011095.872,1.001089664
69.098288548,2.513,2513,2,35.406,643134.805,43.281,1025714.389,0.034011099
70.065413348,0.22,220,2,35.626,643151.189,43.501,1041059.709,0.9671248
62.61244576,0.153,153,8,1.78,407530.987,43.721,1050978.851,0
71.066549037,0.22,220,2,35.846,643159.381,43.874,1051072.826,8.454103277
71.782607972,2.535,2535,2,38.381,643175.765,46.409,1051089.21,0.716058935
71.736305994,0.153,153,8,1.933,407633.154,47.984,1051097.402,0
71.7983928,0.145,145,8,2.078,407649.538,48.129,1051113.786,0.062086806
71.800882712,0.149,149,8,2.227,407657.73,48.278,1051121.978,0.002489912
71.788509281,1.575,1575,2,39.956,643183.957,48.431,1054980.049,0
72.067633463,0.22,220,2,40.176,643200.341,48.651,1070325.369,0.279124182
73.068766777,0.22,220,2,40.396,643216.725,48.871,1085736.762,1.001133314
74.069712777,0.22,220,2,40.616,643233.109,49.091,1101016.009,1.000946
75.070679101,0.22,220,2,40.836,643249.493,49.311,1115898.818,1.000966324
76.071658276,0.22,220,2,41.056,643265.877,49.531,1131310.211,1.000979175
77.072651,0.22,220,2,41.276,643282.261,49.751,1146787.677,1.000992724
78.073646448,0.22,220,2,41.496,643298.645,49.971,1162199.07,1.000995448
79.07476321,0.22,220,2,41.716,643306.837,50.191,1162537.627,1.001116762
79.098918936,2.513,2513,2,44.229,643380.565,52.704,1177609.926,0.024155726
71.803019785,0.153,153,8,2.38,543191.098,52.924,1186868.338,0
80.075812576,0.22,220,2,44.449,643388.757,53.077,1187024.967,8.272792791
80.72207255,2.535,2535,2,46.984,643487.061,55.612,1187123.271,0.646259974
80.674263538,0.153,153,8,2.533,543355.919,57.187,1187131.463,0
80.736025582,0.145,145,8,2.678,543372.303,57.332,1187147.847,0.061762044
80.737799899,0.149,149,8,2.827,543380.495,57.481,1187156.039,0.001774317
80.729193568,1.575,1575,2,48.559,643495.253,57.634,1192368.105,0
81.077129573,0.22,220,2,48.779,643511.637,57.854,1207184.841,0.347936005
82.078280278,0.22,220,2,48.999,643528.021,58.074,1222001.577,1.001150705
83.079274049,0.22,220,2,49.219,643544.405,58.294,1237148.678,1.000993771
84.080217186,0.22,220,2,49.439,643560.789,58.514,1252295.779,1.000943137
85.081330386,0.22,220,2,49.659,643577.173,58.734,1267178.588,1.0011132
86.082461326,0.22,220,2,49.879,643593.557,58.954,1282061.397,1.00113094
87.083574806,0.22,220,2,50.099,643609.941,59.174,1296944.206,1.00111348
88.084663352,0.22,220,2,50.319,643626.325,59.394,1311232.358,1.001088546
89.085783048,0.22,220,2,50.539,643634.517,59.614,1311438.769,1.001119696
80.73955543,0.153,153,8,2.98,679276.763,62.127,1323232.531,0
89.098488504,2.513,2513,2,53.052,643667.285,62.28,1323389.16,8.358933074
89.948003376,2.535,2535,2,55.587,643716.437,64.815,1323438.312,0.849514872
89.90334204,0.153,153,8,3.133,679441.584,66.39,1323446.504,0
89.96503543,0.145,145,8,3.278,679457.968,66.535,1323462.888,0.06169339
89.967714193,0.149,149,8,3.427,679466.16,66.684,1323471.08,0.00267876300001
89.956223555,1.575,1575,2,57.162,643716.437,66.837,1325206.623,0
90.086958965,0.22,220,2,57.382,643732.821,67.057,1340287.651,0.13073541
91.088321499,0.22,220,2,57.602,643749.205,67.277,1355632.971,1.001362534
92.089347886,0.22,220,2,57.822,643765.589,67.497,1370846.145,1.001026387
93.090410871,0.22,220,2,58.042,643781.973,67.717,1386059.319,1.001062985
94.091349538,0.22,220,2,58.262,643798.357,67.937,1401272.493,1.000938667
95.092726249,0.22,220,2,58.482,643814.741,68.157,1416551.74,1.001376711
96.093807392,0.22,220,2,58.702,643831.125,68.377,1431236.33,1.001081143
97.094687951,0.22,220,2,58.922,643847.509,68.597,1446119.139,1.000880559
89.970862638,0.153,153,8,3.58,814999.528,68.817,1459143.712,0
98.095439234,0.22,220,2,59.142,643855.701,68.97,1459411.169,8.124576596
99.03856601,2.535,2535,2,61.677,643888.469,71.505,1459443.937,0.943126776
98.986906438,0.153,153,8,3.733,815275.177,73.08,1459452.129,0
99.052049778,0.145,145,8,3.878,815291.561,73.225,1459468.513,0.06514334
99.059263125,0.149,149,8,4.027,815299.753,73.374,1459476.705,0.007213347
99.046556481,1.575,1575,2,63.252,643888.469,73.527,1459781.81,0
99.096577647,2.733,220,2,65.985,643937.621,76.26,1474998.986,0.050021166
100.097722555,0.22,220,2,66.205,643954.005,76.48,1490344.306,1.001144908
101.098630981,0.22,220,2,66.425,643970.389,76.7,1504830.677,1.000908426
102.099612251,0.22,220,2,66.645,643986.773,76.92,1519449.194,1.00098127
103.100503914,0.22,220,2,66.865,644003.157,77.14,1534398.076,1.000891663
104.101399768,0.22,220,2,67.085,644019.541,77.36,1549082.666,1.000895854
105.102339413,0.22,220,2,67.305,644035.925,77.58,1563502.964,1.000939645
106.103230448,0.22,220,2,67.525,644052.309,77.8,1578385.773,1.000891035
107.104140131,0.22,220,2,67.745,644068.693,78.02,1593400.728,1.000909683
99.069344156,0.153,153,8,4.18,951356.107,78.24,1595721.475,0
108.104965865,0.22,220,2,67.965,644076.885,78.393,1595878.104,9.035621709
108.303502005,2.535,2535,2,70.5,644093.269,80.928,1595894.488,0.19853614
108.259347508,0.153,153,8,4.333,951520.928,82.503,1595902.68,0
108.31875611,0.145,145,8,4.478,951537.312,82.648,1595919.064,0.059408602
108.321219342,0.149,149,8,4.627,951545.504,82.797,1595927.256,0.00246323200001
108.309266216,1.575,1575,2,72.075,644093.269,82.95,1608023.065,0
109.097106485,2.513,2513,2,74.588,644232.533,85.463,1608294.475,0.787840269
109.105936309,0.22,220,2,74.808,644248.917,85.683,1623441.576,0.008829824
110.106948798,0.22,220,2,75.028,644265.301,85.903,1638522.604,1.001012489
111.108032805,0.22,220,2,75.248,644281.685,86.123,1653405.413,1.001084007
112.109471954,0.22,220,2,75.468,644298.069,86.343,1668354.295,1.001439149
113.110441771,0.22,220,2,75.688,644314.453,86.563,1683303.177,1.000969817
114.111259891,0.22,220,2,75.908,644330.837,86.783,1698450.278,1.00081812
115.112221396,0.22,220,2,76.128,644347.221,87.003,1713597.379,1.000961505
116.113477352,0.22,220,2,76.348,644363.605,87.223,1728083.75,1.001255956
108.323309342,0.153,153,8,4.78,1087263.896,87.443,1731924.176,0
117.114562127,0.22,220,2,76.568,644371.797,87.596,1732174.786,8.791252785
117.415827462,2.535,2535,2,79.103,644437.333,90.131,1732240.322,0.301265335
117.372549543,0.153,153,8,4.933,1087522.698,91.706,1732248.514,0
117.427026023,0.145,145,8,5.078,1087539.082,91.851,1732264.898,0.05447648
117.428681402,0.149,149,8,5.227,1087547.274,92.0,1732273.09,0.001655379
117.421476994,1.575,1575,2,80.678,644445.525,92.153,1742671.69,0
118.115601435,0.22,220,2,80.898,644453.717,92.373,1757744.526,0.694124441
119.097252803,2.513,2513,2,83.411,644511.061,94.886,1758066.162,0.981651368
119.11676974,0.22,220,2,83.631,644527.445,95.106,1773477.555,0.019516937
120.117625575,0.22,220,2,83.851,644543.829,95.326,1788888.948,1.000855835
121.118528204,0.22,220,2,84.071,644552.021,95.546,1804102.122,1.000902629
122.119593633,0.22,220,2,84.291,644568.405,95.766,1819117.077,1.001065429
123.120546408,0.22,220,2,84.511,644584.789,95.986,1833867.74,1.000952775
124.121555894,0.22,220,2,84.731,644601.173,96.206,1848750.549,1.001009486
125.122567056,0.22,220,2,84.951,644617.557,96.426,1863831.577,1.001011162
117.431158043,0.153,153,8,5.38,1223146.017,96.646,1868134.514,0
126.123634789,0.22,220,2,85.171,644625.749,96.799,1868385.124,8.692476746
126.462037808,2.535,2535,2,87.706,644658.517,99.334,1868417.892,0.338403019
126.415628764,0.153,153,8,5.533,1223404.819,100.909,1868426.084,0
126.472427188,0.145,145,8,5.678,1223421.203,101.054,1868442.468,0.056798424
126.474571944,0.149,149,8,5.827,1223429.395,101.203,1868450.66,0.00214475600001
126.467787562,1.575,1575,2,89.281,644666.709,101.356,1878169.768,0
127.124669139,0.22,220,2,89.501,644683.093,101.576,1893184.723,0.656881577
128.125696853,0.22,220,2,89.721,644691.285,101.796,1907662.902,1.001027714
129.09694159,2.513,2513,2,92.234,644765.013,104.309,1908199.141,0.971244737
129.126792663,0.22,220,2,92.454,644781.397,104.529,1923412.315,0.029851073
130.127964181,0.22,220,2,92.674,644797.781,104.749,1938625.489,1.001171518
131.129075006,0.22,220,2,92.894,644814.165,104.969,1953970.809,1.001110825
132.130483915,0.22,220,2,93.114,644830.549,105.189,1969382.202,1.001408909
133.132433744,0.221,221,2,93.335,644846.933,105.41,1984793.595,1.001949829
134.133539191,0.221,221,2,93.556,644863.317,105.631,2000204.988,1.001105447
126.477250287,0.153,153,8,5.98,1359604.033,105.852,2004838.29,0
135.134599033,0.221,221,2,93.777,644871.509,106.005,2005092.325,8.657348746
135.482848136,2.578,2578,2,96.355,644969.813,108.583,2005190.629,0.348249103
135.441504122,0.153,153,8,6.133,1359866.26,110.158,2005198.821,0
135.492897529,0.145,145,8,6.278,1359882.644,110.303,2005215.205,0.051393407
135.495102279,0.149,149,8,6.427,1359890.836,110.452,2005223.397,0.00220475
135.487980214,1.575,1575,2,97.93,644978.005,110.605,2015400.94,0
136.135514513,0.221,221,2,98.151,644994.389,110.826,2030746.26,0.647534299
137.136436418,0.221,221,2,98.372,645010.773,111.047,2045629.069,1.000921905
138.137321027,0.221,221,2,98.593,645018.965,111.268,2059842.956,1.000884609
139.097935293,2.513,2513,2,101.106,645059.925,113.781,2060478.573,0.960614266
139.138236437,0.221,221,2,101.327,645076.309,114.002,2074700.652,0.040301144
140.13915897,0.221,221,2,101.548,645092.693,114.223,2089451.315,1.000922533
141.140098406,0.221,221,2,101.769,645109.077,114.444,2104466.27,1.000939436
142.14106452,0.221,221,2,101.99,645125.461,114.665,2119547.298,1.000966114
143.141961562,0.221,221,2,102.211,645141.845,114.886,2134562.253,1.000897042
135.496909352,0.153,153,8,6.58,1495929.252,115.107,2141442.037,0
144.143001149,0.221,221,2,102.432,645150.037,115.26,2141698.968,8.646091797
144.640898612,2.535,2535,2,104.967,645199.189,117.795,2141748.12,0.497897463
144.600001303,0.153,153,8,6.733,1496194.375,119.37,2141756.312,0
144.652580335,0.145,145,8,6.878,1496210.759,119.515,2141772.696,0.052579032
144.654107555,0.149,149,8,7.027,1496218.951,119.664,2141780.888,0.00152721999999
144.647222252,1.575,1575,2,106.542,645207.381,119.817,2149759.521,0
145.144159257,0.221,221,2,106.763,645223.765,120.038,2165354.544,0.496937005
146.14537715,0.221,221,2,106.984,645240.149,120.259,2180765.937,1.001217893
147.146433988,0.221,221,2,107.205,645256.533,120.48,2195714.819,1.001056838
148.147677163,0.221,221,2,107.426,645264.725,120.701,2209598.341,1.001243175
149.096823699,2.513,2513,2,109.939,645305.685,123.214,2210366.104,0.949146536
149.148624979,0.221,221,2,110.16,645322.069,123.435,2225248.913,0.05180128
150.149565741,0.221,221,2,110.381,645338.453,123.656,2240131.722,1.000940762
151.150463551,0.221,221,2,110.602,645354.837,123.877,2255212.75,1.00089781
152.15139244,0.221,221,2,110.823,645363.029,124.098,2257324.316,1.000928889
152.329875472,2.535,2535,2,113.358,645371.221,126.633,2257334.556,0.178483032
153.152724383,0.221,221,2,113.579,645379.413,126.854,2257350.94,0.822848911
154.153719552,0.221,221,2,113.8,645395.797,127.075,2257367.324,1.000995169
155.154435285,0.221,221,2,114.021,645412.181,127.296,2257383.708,1.000715733
156.155074682,0.221,221,2,114.242,645428.565,127.517,2257400.092,1.000639397
157.15581025,0.221,221,2,114.463,645444.949,127.738,2257416.476,1.000735568
158.156870371,0.221,221,2,114.684,645453.141,127.959,2257424.668,1.001060121
159.095927007,0.339,339,2,115.023,645469.525,128.298,2257441.052,0.939056636
159.157691425,0.221,221,2,115.244,645485.909,128.519,2257457.436,0.061764418
160.158379711,0.221,221,2,115.465,645502.293,128.74,2257473.82,1.000688286
161.15896121,0.221,221,2,115.686,645518.677,128.961,2257491.724,1.000581499
162.159868867,0.221,221,2,115.907,645535.061,129.182,2257508.108,1.000907657
163.161664487,0.221,221,2,116.128,645551.445,129.403,2257524.492,1.00179562
164.162300112,0.221,221,2,116.349,645567.829,129.624,2257540.876,1.000635625
165.162860379,0.221,221,2,116.57,645584.213,129.845,2257557.26,1.000560267
166.163454798,0.221,221,2,116.791,645600.597,130.066,2257573.644,1.000594419
167.164061789,0.221,221,2,117.012,645616.981,130.287,2257590.028,1.000606991
168.164622824,0.221,221,2,117.233,645625.173,130.508,2257598.22,1.000561035
169.09579361,0.339,339,2,117.572,645641.557,130.847,2257614.604,0.931170786
169.16534617,0.221,221,2,117.793,645657.941,131.068,2257630.988,0.06955256
170.165981167,0.221,221,2,118.014,645674.325,131.289,2257647.372,1.000634997
171.166576704,0.221,221,2,118.235,645690.709,131.51,2257663.756,1.000595537
172.167125447,0.221,221,2,118.456,645707.093,131.731,2257680.14,1.000548743
173.167679777,0.221,221,2,118.677,645723.477,131.952,2257696.524,1.00055433
174.168236691,0.221,221,2,118.898,645739.861,132.173,2257712.908,1.000556914
175.16874772,0.221,221,2,119.119,645756.245,132.394,2257729.292,1.000511029
176.169279282,0.221,221,2,119.34,645780.821,132.615,2257753.868,1.000531562
176.251751222,1.575,1575,2,120.915,645780.821,134.19,2257753.868,0.08247194
176.264426507,0.286,286,2,121.201,645993.813,134.476,2257966.86,0.012675285
176.271563378,0.189,189,2,121.39,646059.349,134.665,2258032.396,0.007136871
176.292879776,0.249,249,2,121.639,646124.885,134.914,2258097.932,0.021316398
176.330538196,0.15,150,7,0.15,3.568,135.33,2258132.748,0.03765842
176.306345246,0.114,114,2,121.753,646165.845,135.632,2641979.58,0
177.170141193,0.221,221,2,121.974,646182.229,135.853,2797521.084,0.863795947
178.171417054,0.221,221,2,122.195,646190.421,136.074,2797529.276,1.001275861
179.098294906,2.513,2513,2,124.708,646214.997,138.587,2797553.852,0.926877852
179.172467746,0.221,221,2,124.929,646231.381,138.808,2797570.236,0.07417284
180.173387416,0.221,221,2,125.15,646247.765,139.029,2797586.62,1.00091967
181.174286972,0.221,221,2,125.371,646264.149,139.25,2797603.004,1.000899556
182.175189322,0.221,221,2,125.592,646280.533,139.471,2797619.388,1.00090235
183.176092928,0.221,221,2,125.813,646296.917,139.844,2868071.612,1.000903606
184.1770471,0.221,221,2,126.034,646313.301,140.065,2868089.372,1.000954172
176.342212097,0.15,150,4,0.15,150596.096,140.286,2868099.548,0
185.177955735,0.221,221,2,126.255,646321.493,140.42,2932701.66,8.835743638
186.179443215,0.221,221,2,126.476,646337.877,140.641,2932718.044,1.00148748
183.599716281,0.152,152,5,0.152,70440.384,140.862,2932726.236,0
187.180365259,0.221,221,2,126.697,646354.261,141.012,2947348.956,3.580648978
188.181277177,0.221,221,2,126.918,646362.453,141.233,3007764.956,1.000911918
189.182418733,0.221,221,2,127.139,646370.645,141.454,3007773.148,1.001141556
189.343332282,2.513,2513,2,129.652,646382.933,143.967,3007785.436,0.160913549
176.333840711,0.152,152,6,0.152,152929.248,144.188,3007795.132,0
190.183407476,0.221,221,2,129.873,646399.317,144.338,3042176.956,13.849566765
191.184494625,0.221,221,2,130.094,646415.701,144.559,3087101.884,1.001087149
192.185536727,0.221,221,2,130.315,646432.085,144.78,3087118.268,1.001042102
193.18652121,0.221,221,2,130.536,646448.469,145.001,3087134.652,1.000984483
194.187454359,0.221,221,2,130.757,646464.853,145.222,3087151.036,1.000933149
195.188429483,0.221,221,2,130.978,646481.237,145.443,3087167.42,1.000975124
196.189140607,0.221,221,2,131.199,646497.621,145.664,3087183.804,1.000711124
197.190034366,0.221,221,2,131.42,646514.005,145.885,3087200.188,1.000893759
198.190745769,0.221,221,2,131.641,646522.197,146.106,3087208.38,1.000711403
199.101038482,2.513,2513,2,134.154,646536.533,148.619,3087222.716,0.910292713
199.191981262,0.221,221,2,134.375,646552.917,148.84,3087239.1,0.09094278
200.193532646,0.221,221,2,134.596,646561.109,149.061,3087247.292,1.001551384
201.113872097,0.178,178,2,134.774,646572.373,149.239,3087258.556,0.920339451
201.194482558,0.221,221,2,134.995,646580.565,149.46,3087266.748,0.080610461
202.14800919,2.588,2588,2,137.583,646597.973,152.048,3087284.156,0.953526632
202.188240074,1.575,1575,2,139.158,646597.973,153.623,3087284.156,0.040230884
202.190489173,0.286,286,2,139.444,646655.317,153.909,3087341.5,0.00224909900001
202.195429396,0.41,221,2,139.854,646677.845,154.319,3087364.028,0.00494022300001
203.19651878,0.221,221,2,140.075,646686.037,154.54,3087372.22,1.001089384
203.233529073,2.376,2376,2,142.451,646694.229,156.916,3087380.412,0.037010293
204.197439707,0.221,221,2,142.672,646705.493,157.137,3087391.676,0.963910634
204.427848058,0.189,189,2,142.861,646709.013,157.326,3087395.196,0.230408351
204.440604638,0.189,189,2,143.05,646710.869,157.515,3087397.052,0.01275658
204.449998221,0.189,189,2,143.239,646720.757,157.704,3087406.94,0.00939358299999
204.546554913,1.575,1575,2,144.814,646720.757,159.279,3087406.94,0.096556692
204.550469098,0.286,286,2,145.1,646880.501,159.565,3087566.684,0.00391418500001
204.556407073,0.189,189,2,145.289,646890.741,159.754,3087576.924,0.00593797499999
205.198379701,0.221,221,2,145.51,646898.933,159.975,3087585.116,0.641972628
205.986511418,0.286,286,2,145.796,647096.565,160.261,3087782.748,0.788131717
205.991889267,0.189,189,2,145.985,647105.749,160.45,3087791.932,0.00537784900001
185.603561254,0.134,134,4,0.284,215200.256,160.671,3087802.172,0
206.199402806,0.221,221,2,146.206,647122.133,347.579,3087810.364,20.595841552
207.200526692,0.221,221,2,146.427,647138.517,347.8,3087826.748,1.001123886
208.201529683,0.221,221,2,146.648,647146.709,348.021,3087834.94,1.001002991
209.097152094,2.513,2513,2,149.161,647147.669,350.534,3087835.9,0.895622411
209.196316241,0.184,184,2,149.345,647148.597,350.718,3087836.828,0.099164147
209.201935181,1.996,1775,2,151.341,647167.541,352.714,3087855.772,0.00561894000001
209.212522422,3145.728,262144,2,3297.069,647167.541,3498.442,3087855.772,0.010587241
209.216175889,1310.72,262144,2,4607.789,647167.541,4809.162,3087855.772,0.00365346699999
209.218658747,1310.72,262144,2,5918.509,647167.541,6119.882,3087855.772,0.00248285800001
209.221174779,786.432,262144,2,6704.941,647167.541,6906.314,3087855.772,0.00251603199999
209.222725255,524.288,262144,2,7229.229,647167.541,7430.602,3087855.772,0.00155047600001
209.224277408,524.288,262144,2,7753.517,647167.541,7954.89,3087855.772,0.00155215300001
209.225719002,524.288,262144,2,8277.805,647167.541,8479.178,3087855.772,0.001441594
209.227265358,524.288,262144,2,8802.093,647167.541,9003.466,3087855.772,0.00154635600001
209.228820304,524.288,262144,2,9326.381,647167.541,9527.754,3087855.772,0.001554946
209.230260571,524.288,262144,2,9850.669,647167.541,10052.042,3087855.772,0.00144026699999
209.231829137,524.288,262144,2,10374.957,647167.541,10576.33,3087855.772,0.001568566
209.233871366,524.288,262144,2,10899.245,647167.541,11100.618,3087855.772,0.00204222899998
209.235882864,524.288,262144,2,11423.533,647167.541,11624.906,3087855.772,0.002011498
209.237911195,524.288,262144,2,11947.821,647167.541,12149.194,3087855.772,0.00202833100002
209.239938198,786.432,262144,2,12734.253,647167.541,12935.626,3087855.772,0.00202700299999
209.242459748,786.432,262144,2,13520.685,647167.541,13722.058,3087855.772,0.00252154999998
209.244957622,786.432,262144,2,14307.117,647167.541,14508.49,3087855.772,0.002497874
209.247557114,786.432,262144,2,15093.549,647167.541,15294.922,3087855.772,0.002599492
209.250094239,786.432,262144,2,15879.981,647167.541,16081.354,3087855.772,0.002537125
209.252599585,1048.576,262144,2,16928.557,647167.541,17129.93,3087855.772,0.00250534600002
209.255613795,786.432,262144,2,17714.989,647167.541,17916.362,3087855.772,0.00301420999998
209.258616202,786.432,262144,2,18501.421,647167.541,18702.794,3087855.772,0.00300240700003
209.261720647,786.432,262144,2,19287.853,647167.541,19489.226,3087855.772,0.00310444499999
209.264723124,1048.576,262144,2,20336.429,647167.541,20537.802,3087855.772,0.003002477
209.268304096,786.432,262144,2,21122.861,647167.541,21324.234,3087855.772,0.00358097200001
209.271872916,287.289,262144,2,21410.15,647168.437,21611.523,3087856.668,0.00356882
209.323822329,0.184,184,2,21410.334,647177.493,21611.707,3087865.724,0.051949413
210.204610033,0.221,221,2,21410.555,647193.877,21611.928,3087882.108,0.880787704
211.205866058,0.221,221,2,21410.776,647210.261,21612.149,3087898.492,1.001256025
212.206445322,0.221,221,2,21410.997,647226.645,21612.37,3087914.876,1.000579264
213.207033805,0.221,221,2,21411.218,647243.029,21612.591,3087931.26,1.000588483
214.208428884,0.221,221,2,21411.439,647259.413,21612.812,3087947.644,1.001395079
215.209312726,0.221,221,2,21411.66,647275.797,21613.033,3087964.028,1.000883842
216.209971399,0.221,221,2,21411.881,647292.181,21613.254,3087980.412,1.000658673
217.21089086,0.221,221,2,21412.102,647308.565,21613.475,3087996.796,1.000919461
218.21170898,0.221,221,2,21412.323,647316.757,21613.696,3088004.988,1.00081812
219.095955993,0.339,339,2,21412.662,647325.781,21614.035,3088014.012,0.884247013
219.212608257,0.221,221,2,21412.883,647342.165,21614.256,3088030.396,0.116652264
220.213163286,0.221,221,2,21413.104,647358.549,21614.477,3088046.78,1.000555029
221.213780543,0.221,221,2,21413.325,647374.933,21614.698,3088065.66,1.000617257
222.214456956,0.221,221,2,21413.546,647391.317,21614.919,3088082.044,1.000676413
223.215636016,0.221,221,2,21413.767,647407.701,21615.14,3088098.428,1.00117906
224.21634281,0.221,221,2,21413.988,647424.085,21615.361,3088114.812,1.000706794
225.216986817,0.221,221,2,21414.209,647440.469,21615.582,3088131.196,1.000644007
226.217642696,0.221,221,2,21414.43,647456.853,21615.803,3088147.58,1.000655879
227.218323718,0.221,221,2,21414.651,647473.237,21616.024,3088163.964,1.000681022
228.218905566,0.221,221,2,21414.872,647481.429,21616.245,3088172.156,1.000581848
229.095766304,0.339,339,2,21415.211,647490.421,21616.584,3088181.148,0.876860738
229.219603001,0.221,221,2,21415.432,647506.805,21616.805,3088197.532,0.123836697
230.220573935,0.221,221,2,21415.653,647523.189,21617.026,3088213.916,1.000970934
231.221189446,0.221,221,2,21415.874,647539.573,21617.247,3088230.3,1.000615511
232.22220438,0.221,221,2,21416.095,647555.957,21617.468,3088246.684,1.001014934
233.222924304,0.221,221,2,21416.316,647572.341,21617.689,3088263.068,1.000719924
234.223600367,0.221,221,2,21416.537,647588.725,21617.91,3088279.452,1.000676063
235.224647987,0.221,221,2,21416.758,647605.109,21618.131,3088295.836,1.00104762
236.22530659,0.221,221,2,21416.979,647621.493,21618.352,3088314.076,1.000658603
237.226110952,0.221,221,2,21417.2,647637.877,21618.573,3088330.46,1.000804362
238.226746159,0.221,221,2,21417.421,647646.069,21618.794,3088338.652,1.000635207
239.095843269,0.339,339,2,21417.76,647655.029,21619.133,3088347.612,0.86909711
239.227444152,0.221,221,2,21417.981,647671.413,21619.354,3088363.996,0.131600883
240.228482413,0.221,221,2,21418.202,647687.797,21619.575,3088380.38,1.001038261
241.229468781,0.221,221,2,21418.423,647704.181,21619.796,3088396.764,1.000986368
242.230065435,0.221,221,2,21418.644,647720.565,21620.017,3088413.148,1.000596654
243.230622001,0.221,221,2,21418.865,647736.949,21620.238,3088429.532,1.000556566
244.231131074,0.221,221,2,21419.086,647753.333,21620.459,3088445.916,1.000509073
245.231628204,0.221,221,2,21419.307,647769.717,21620.68,3088462.3,1.00049713
246.232244204,0.221,221,2,21419.528,647786.101,21620.901,3088478.684,1.000616
247.232732744,0.221,221,2,21419.749,647802.485,21621.122,3088495.068,1.00048854
248.23326277,0.221,221,2,21419.97,647810.677,21621.343,3088503.26,1.000530026
249.095846482,0.339,339,2,21420.309,647819.605,21621.682,3088512.188,0.862583712
249.233854954,0.221,221,2,21420.53,647852.373,21621.903,3088544.956,0.138008472
251.234943011,0.221,221,2,21420.751,647868.757,21622.124,3088561.34,2.001088057
252.235455926,0.221,221,2,21420.972,647885.141,21622.345,3088577.724,1.000512915
253.236306104,0.221,221,2,21421.193,647901.525,21622.566,3088594.108,1.000850178
254.236957443,0.221,221,2,21421.414,647910.421,21622.787,3088603.004,1.000651339
254.316235262,0.189,189,2,21421.603,647911.733,21622.976,3088604.316,0.079277819
254.439769826,0.189,189,2,21421.792,647921.109,21623.165,3088613.692,0.123534564
254.565662511,1.575,1575,2,21423.367,647921.109,21624.74,3088613.692,0.125892685
254.568874023,0.286,286,2,21423.653,648986.901,21625.026,3089679.484,0.00321151200001
254.587410528,0.189,189,2,21423.842,648995.893,21625.215,3089688.476,0.018536505
255.23793599,0.221,221,2,21424.063,649012.277,21625.436,3089704.86,0.650525462
256.23883806,0.221,221,2,21424.284,649020.469,21625.657,3089713.052,1.00090207
256.553253182,2.382,2382,2,21426.666,649028.661,21628.039,3089721.244,0.314415122
257.239651571,0.221,221,2,21426.887,649046.069,21628.26,3089738.652,0.686398389
258.015167368,1.575,1575,2,21428.462,649046.069,21629.835,3089738.652,0.775515797
258.01943502,0.286,286,2,21428.748,649407.541,21630.121,3090100.124,0.00426765200001
258.025810551,0.189,189,2,21428.937,649408.533,21630.31,3090101.116,0.006375531
258.080593775,0.286,286,2,21429.223,650539.989,21630.596,3091232.572,0.054783224
176.334294261,0.152,152,7,0.302,235845.232,21630.785,3091234.38,0
258.094476057,0.189,189,2,21429.412,650549.109,22031.572,3091242.572,81.760181796
258.240507965,0.221,221,2,21429.633,650557.301,22031.793,3091250.764,0.146031908
259.096940895,2.513,2513,2,21432.146,650566.389,22034.306,3091259.852,0.85643293
259.243323896,0.221,221,2,21432.367,650582.773,22034.527,3091276.236,0.146383001
260.248259579,0.221,221,2,21432.588,650599.157,22034.748,3091292.62,1.004935683
261.250615884,0.221,221,2,21432.809,650607.349,22034.969,3091300.812,1.002356305
261.658321292,0.184,184,2,21432.993,650608.213,22035.153,3091301.676,0.407705408
261.661105584,1.775,1775,2,21434.768,650609.221,22036.928,3091302.684,0.002784292
261.663742093,1835.008,262144,2,23269.776,650609.221,23871.936,3091302.684,0.00263650900001
261.6685353,1048.576,262144,2,24318.352,650609.221,24920.512,3091302.684,0.00479320699998
261.672893117,786.432,262144,2,25104.784,650609.221,25706.944,3091302.684,0.00435781700003
261.676803111,786.432,262144,2,25891.216,650609.221,26493.376,3091302.684,0.00390999400003
261.680217582,1048.576,262144,2,26939.792,650609.221,27541.952,3091302.684,0.00341447099999
261.684080782,786.432,262144,2,27726.224,650609.221,28328.384,3091302.684,0.00386320000001
261.688033031,1048.576,262144,2,28774.8,650609.221,29376.96,3091302.684,0.00395224899995
261.692413686,1310.72,262144,2,30085.52,650609.221,30687.68,3091302.684,0.00438065500003
261.697273242,1048.576,262144,2,31134.096,650609.221,31736.256,3091302.684,0.00485955599999
261.702362088,1310.72,262144,2,32444.816,650609.221,33046.976,3091302.684,0.00508884599998
261.708111562,1048.576,262144,2,33493.392,650609.221,34095.552,3091302.684,0.00574947400003
261.713585442,957.838,262144,2,34451.23,650609.221,35053.39,3091302.684,0.00547388000001
261.719488916,171.406,171406,2,34622.636,650610.053,35224.796,3091303.516,0.00590347399998
261.783170269,0.184,184,2,34622.82,650618.645,35224.98,3091312.108,0.063681353
262.251400202,0.221,221,2,34623.041,650635.029,35225.201,3091328.492,0.468229933
263.252066837,0.221,221,2,34623.262,650644.005,35225.422,3091337.468,1.000666635
263.26050129,0.189,189,2,34623.451,650646.165,35225.611,3091339.628,0.00843445300001
263.305599483,0.189,189,2,34623.64,650655.685,35225.8,3091349.148,0.045098193
263.501368372,1.575,1575,2,34625.215,650655.685,35227.375,3091349.148,0.195768889
263.504341515,0.286,286,2,34625.501,651983.653,35227.661,3092677.116,0.00297314300002
263.524619583,0.19,190,2,34625.691,651992.677,35227.851,3092686.14,0.020278068
264.25290591,0.221,221,2,34625.912,652009.061,35228.072,3092702.524,0.728286327
265.253700006,0.221,221,2,34626.133,652017.253,35228.293,3092710.716,1.000794096
265.954931706,2.425,2425,2,34628.558,652025.445,35230.718,3092718.908,0.7012317
266.254509746,0.221,221,2,34628.779,652042.757,35230.939,3092736.22,0.29957804
266.378136849,1.575,1575,2,34630.354,652042.757,35232.514,3092736.22,0.123627103
266.382244564,0.286,286,2,34630.64,652405.253,35232.8,3093098.716,0.00410771500003
266.389394775,0.19,190,2,34630.83,652406.277,35232.99,3093099.74,0.00715021100001
266.448721244,0.286,286,2,34631.116,652407.269,35233.276,3094149.308,0.059326469
266.462328142,0.19,190,2,34631.306,652416.421,35233.466,3094158.46,0.013606898
267.25540567,0.221,221,2,34631.527,652432.805,35233.687,3094174.844,0.793077528
268.256224768,0.221,221,2,34631.748,652440.997,35233.908,3094183.036,1.000819098
269.097542928,2.513,2513,2,34634.261,652450.117,35236.421,3094192.156,0.84131816
269.257030527,0.221,221,2,34634.482,652458.309,35236.642,3094200.348,0.159487599
269.969681626,0.184,184,2,34634.666,652459.205,35236.826,3094201.244,0.712651099
269.972044217,1.775,1775,2,34636.441,652460.181,35238.601,3094202.22,0.00236259100001
269.977186491,2621.44,262144,2,37257.881,652460.181,37860.041,3094202.22,0.00514227399998
269.983994131,1048.576,262144,2,38306.457,652460.181,38908.617,3094202.22,0.00680763999998
269.990597414,1310.72,262144,2,39617.177,652460.181,40219.337,3094202.22,0.006603283
269.997328578,1310.72,262144,2,40927.897,652460.181,41530.057,3094202.22,0.00673116400003
270.004230712,1048.576,262144,2,41976.473,652460.181,42578.633,3094202.22,0.00690213399997
270.022051135,1835.008,262144,2,43811.481,652460.181,44413.641,3094202.22,0.017820423
270.02807725,1048.576,262144,2,44860.057,652460.181,45462.217,3094202.22,0.006026115
270.03355162,627.526,262144,2,45487.583,652461.045,46089.743,3094203.084,0.00547437
270.091278374,0.184,184,2,45487.767,652463.445,46089.927,3094205.484,0.057726754
270.18401824,0.19,190,2,45487.957,652464.885,46090.117,3094206.924,0.092739866
270.190833352,0.189,189,2,45488.146,652473.749,46090.306,3094215.788,0.00681511200003
270.257814984,0.221,221,2,45488.367,652482.581,46090.527,3094224.62,0.066981632
270.562156409,0.19,190,2,45488.557,652491.957,46090.717,3094233.996,0.304341425
270.755913521,1.575,1575,2,45490.132,652491.957,46092.292,3094233.996,0.193757112
270.758053597,0.286,286,2,45490.418,654065.653,46092.578,3095807.692,0.00214007599999
270.767228367,0.19,190,2,45490.608,654074.645,46092.768,3095816.684,0.00917476999996
206.595558979,186.908,81980,4,187.192,216254.064,46092.989,3095825.756,0
271.258599372,0.221,221,2,45490.829,654091.029,46495.728,3095833.948,64.663040393
272.259391023,0.221,221,2,45491.05,654099.221,46495.949,3095842.14,1.000791651
272.794231033,2.382,2382,2,45493.432,654107.413,46498.331,3095850.332,0.53484001
273.260171779,0.221,221,2,45493.653,654124.821,46498.552,3095867.74,0.465940746
273.93063113,1.575,1575,2,45495.228,654124.821,46500.127,3095867.74,0.670459351
273.933971708,0.286,286,2,45495.514,654519.061,46500.413,3096261.98,0.00334057800001
273.947926835,0.19,190,2,45495.704,654519.557,46500.603,3096262.476,0.013955127
274.018339839,0.286,286,2,45495.99,654528.725,46500.889,3097844.508,0.070413004
274.260968807,0.221,221,2,45496.211,654545.109,46501.11,3097860.892,0.242628968
275.261752497,0.221,221,2,45496.432,654553.301,46501.331,3097869.084,1.00078369
275.376773478,0.19,190,2,45496.622,654562.437,46501.521,3097878.22,0.115020981
276.262687322,0.221,221,2,45496.843,654578.821,46501.742,3097894.604,0.885913844
277.263586249,0.221,221,2,45497.064,654587.477,46501.963,3097903.26,1.000898927
277.781695431,0.19,190,2,45497.254,654589.237,46502.153,3097905.02,0.518109182
277.787268346,0.19,190,2,45497.444,654599.061,46502.343,3097914.844,0.00557291500002
278.264313926,0.221,221,2,45497.665,654607.253,46502.564,3097923.036,0.47704558
278.86441845,0.185,185,2,45497.85,654608.021,46502.749,3097923.804,0.600104524
278.867581352,1.775,1775,2,45499.625,654608.965,46504.524,3097924.748,0.00316290199999
278.869849937,2883.584,262144,2,48383.209,654608.965,49388.108,3097924.748,0.00226858500002
278.877305634,1048.576,262144,2,49431.785,654608.965,50436.684,3097924.748,0.00745569699995
278.883922676,1048.576,262144,2,50480.361,654608.965,51485.26,3097924.748,0.00661704200002
278.89049963,1310.72,262144,2,51791.081,654608.965,52795.98,3097924.748,0.00657695400002
278.897138114,1310.72,262144,2,53101.801,654608.965,54106.7,3097924.748,0.00663848399995
278.903801252,1310.72,262144,2,54412.521,654608.965,55417.42,3097924.748,0.00666313800002
278.910425907,1310.72,262144,2,55723.241,654608.965,56728.14,3097924.748,0.006624655
278.917102314,1310.72,262144,2,57033.961,654608.965,58038.86,3097924.748,0.00667640699999
278.923767827,374.169,262144,2,57408.13,654609.701,58413.029,3097925.484,0.00666551300003
278.969153277,0.185,185,2,57408.315,654611.077,58413.214,3097926.86,0.04538545
278.975190218,0.19,190,2,57408.505,654611.717,58413.404,3097927.5,0.00603694100005
279.09583014,0.339,339,2,57408.844,654621.093,58413.743,3097936.876,0.120639922
279.187891079,1.575,1575,2,57410.419,654621.093,58415.318,3097936.876,0.092060939
279.189680622,0.286,286,2,57410.705,655965.413,58415.604,3099281.196,0.00178954300003
279.205741254,0.19,190,2,57410.895,655974.405,58415.794,3099290.188,0.0160606319999
279.265092097,0.221,221,2,57411.116,655990.789,58416.015,3099306.572,0.059350843
280.265930682,0.221,221,2,57411.337,656007.173,58416.236,3099322.956,1.000838585
281.266720098,0.221,221,2,57411.558,656015.365,58416.457,3099331.148,1.000789416
281.926519224,2.339,2339,2,57413.897,656024.133,58418.796,3099340.364,0.659799126
282.221732044,1.575,1575,2,57415.472,656024.133,58420.371,3099340.364,0.29521282
282.22359548,0.286,286,2,57415.758,656418.373,58420.657,3099734.604,0.00186343599995
282.228697804,0.19,190,2,57415.948,656427.061,58421.068,3099743.292,0.00510232400001
282.278600589,0.286,286,2,57416.234,657624.069,58421.354,3100940.3,0.049902785
282.286376648,0.19,190,2,57416.424,657625.013,58421.544,3100941.244,0.00777605899998
285.616605513,0.185,185,2,57416.609,657625.925,58421.729,3100942.156,3.330228865
285.618771221,1.775,1775,2,57418.384,657627.285,58423.504,3100943.516,0.00216570799995
285.621270002,2621.44,262144,2,60039.824,657627.285,61044.944,3100943.516,0.00249878100004
285.641804527,1048.576,262144,2,61088.4,657627.285,62093.52,3100943.516,0.020534525
285.660508582,1048.576,262144,2,62136.976,657627.285,63142.096,3100943.516,0.018704055
285.67629788,1048.576,262144,2,63185.552,657627.285,64190.672,3100943.516,0.015789298
285.687029273,1310.72,262144,2,64496.272,657627.285,65501.392,3100943.516,0.010731393
285.693733477,1048.576,262144,2,65544.848,657627.285,66549.968,3100943.516,0.00670420400002
285.700479656,1048.576,262144,2,66593.424,657627.285,67598.544,3100943.516,0.006746179
285.707119607,1048.576,262144,2,67642.0,657627.285,68647.12,3100943.516,0.00663995099995
285.713783164,636.145,262144,2,68278.145,657628.165,69283.265,3100944.396,0.00666355700002
285.762332913,0.185,185,2,68278.33,657629.829,69283.45,3100946.06,0.048549749
286.085764405,0.19,190,2,68278.52,657631.365,69283.64,3100947.596,0.323431492
286.176772905,0.19,190,2,68278.71,657633.429,69283.83,3100949.66,0.0910085
286.185252755,0.19,190,2,68278.9,657634.645,69284.02,3100950.876,0.00847985000001
286.194726376,0.19,190,2,68279.09,657644.053,69284.21,3100960.284,0.00947362099998
286.359425741,1.575,1575,2,68280.665,657644.053,69285.785,3100960.284,0.164699365
286.361949317,0.286,286,2,68280.951,658922.773,69286.071,3102239.004,0.00252357599999
286.376817827,0.19,190,2,68281.141,658923.509,69286.261,3102239.74,0.01486851
