time,size,first_call,destination,dest_out_traffic,dest_in_traffic,total_network_out,total_network_in,dens10
0.0,0.11,0,2,0.11,0.0,0.11,0.0,0
-5213144.87358,0.11,110,2,0.22,8.192,0.22,10.24,0
3.963895944,0.244,244,2,0.464,24.576,0.464,26.624,5213148.83748
4.014932197,0.183,183,2,0.647,40.96,0.647,43.008,0.051036253
5.029034537,0.183,183,2,0.83,57.344,0.83,59.392,1.01410234
6.030343552,0.183,183,2,1.013,73.728,1.013,75.776,1.001309015
7.031645378,0.183,183,2,1.196,90.112,1.196,92.16,1.001301826
8.032839182,0.183,183,2,1.379,106.496,1.379,108.544,1.001193804
9.034111595,0.183,183,2,1.562,122.88,1.562,124.928,1.001272413
10.035275491,0.183,183,2,1.745,139.264,1.745,141.312,1.001163896
11.036409711,0.183,183,2,1.928,155.648,1.928,157.696,1.00113422
12.03780148,0.183,183,2,2.111,172.032,2.111,174.08,1.001391769
13.038905245,0.183,183,2,2.294,188.416,2.294,190.464,1.001103765
14.039919259,0.183,183,2,2.477,204.8,2.477,206.848,1.001014014
15.040852286,0.183,183,2,2.66,221.184,2.66,223.232,1.000933027
16.0416044,0.183,183,2,2.843,237.568,2.843,239.616,1.000752114
17.042358518,0.183,183,2,3.026,253.952,3.026,256.0,1.000754118
18.04307302,0.183,183,2,3.209,270.336,3.209,272.384,1.000714502
19.045106371,0.183,183,2,3.392,286.72,3.392,288.768,1.002033351
20.045962393,0.183,183,2,3.575,294.912,3.575,296.96,1.000856022
20.061607936,0.166,166,2,3.741,305.6,3.741,307.648,0.015645543
20.610333159,0.268,268,2,4.009,305.86,4.009,307.908,0.548725223
20.654838909,0.253,253,2,4.262,322.244,4.262,324.292,0.04450575
21.055207381,0.219,219,2,4.481,355.012,4.481,357.06,0.400368472
21.15983356,0.283,283,2,4.764,371.396,4.764,373.444,0.104626179
21.202805999,0.207,207,2,4.971,387.78,4.971,389.828,0.042972439
21.244199146,0.102,102,2,5.073,395.972,5.073,398.02,0.041393147
21.270287505,0.125,125,2,5.198,82995.414,5.198,82997.462,0.026088359
21.66667139,0.291,291,2,5.489,83326.066,5.489,83328.114,0.396383885
21.669967664,0.234,234,2,5.723,135730.147,5.723,135732.195,0.003296274
21.880690366,0.125,125,2,5.848,177628.621,5.848,177630.669,0.210722702
22.056443935,0.219,219,2,6.067,195046.607,6.067,195048.655,0.175753569
22.665344047,0.174,174,2,6.241,195062.991,6.241,195065.039,0.608900112
22.666349719,0.188,188,2,6.429,195071.183,6.429,195073.231,0.001005672
22.668012605,0.123,123,2,6.552,195272.628,6.552,195274.676,0.001662886
22.672491136,0.541,541,2,7.093,195273.165,7.093,195275.213,0.004478531
22.68065773,0.23,230,2,7.323,195289.549,7.323,195291.597,0.008166594
22.695263434,0.851,170,2,8.174,195331.002,8.174,195333.05,0.014605704
22.698195595,0.123,123,2,8.297,195373.083,8.297,195375.131,0.002932161
22.711403189,0.379,379,2,8.676,195389.842,8.676,195391.89,0.013207594
23.057969654,0.219,219,2,8.895,195406.226,8.895,195408.274,0.346566465
23.713027955,0.156,156,2,9.051,195422.762,9.051,195424.81,0.655058301
23.714054648,0.156,156,2,9.207,195439.298,9.207,195441.346,0.001026693
24.059387728,0.219,219,2,9.426,195455.682,9.426,195457.73,0.34533308
25.060616962,0.219,219,2,9.645,195480.258,9.645,195482.306,1.001229234
25.319420409,0.264,264,2,9.909,195496.642,9.909,195498.69,0.258803447
26.062260276,0.219,219,2,10.128,195513.026,10.128,195515.074,0.742839867
27.063783675,0.219,219,2,10.347,195537.602,10.347,195539.65,1.001523399
27.302127369,0.328,328,2,10.675,195562.178,10.675,195564.226,0.238343694
27.305652919,0.252,252,2,10.927,195578.562,10.927,195580.61,0.00352555
27.400648907,0.131,131,2,11.058,195594.946,11.058,195596.994,0.094995988
27.425674765,0.11,110,2,11.168,195611.33,11.168,195613.378,0.025025858
27.62969518,0.11,110,2,11.278,195627.714,11.278,195629.762,0.204020415
28.031582194,0.11,110,2,11.388,195644.098,11.388,195646.146,0.401887014
28.142571584,0.368,368,7,0.368,40.96,11.975,195744.45,0.11098939
28.148008495,0.368,368,5,0.368,40.96,15.911,195826.37,0.005436911
28.148006973,0.368,368,4,0.368,40.96,18.375,195834.562,0
28.149431758,0.368,368,3,0.368,40.96,20.839,195850.946,0.001424785
28.148316893,0.368,368,6,0.368,40.96,23.303,195867.33,0
28.065261694,0.219,219,2,11.607,195660.482,25.767,195908.29,0
29.066429594,0.219,219,2,11.826,195676.866,25.986,195924.674,1.0011679
28.147171366,2.464,2464,7,2.832,51.2,26.205,195934.914,0
30.402209143,2.243,2243,7,5.075,57.696,28.448,195941.41,2.255037777
30.06750846,0.219,219,2,12.045,195693.25,28.584,195949.602,0
31.058633564,0.131,131,2,12.176,195709.634,28.715,195968.034,0.991125104
31.069596076,0.219,219,2,12.395,195726.018,28.934,195988.514,0.010962512
32.071005668,0.219,219,2,12.614,195742.402,29.153,196004.898,1.001409592
33.071979887,0.219,219,2,12.833,195758.786,29.372,196021.282,1.000974219
34.060853632,0.11,110,2,12.943,195775.17,29.482,196037.666,0.988873745
34.07347388,0.219,219,2,13.162,195791.554,29.701,196054.05,0.012620248
35.074612485,0.219,219,2,13.381,195807.938,29.92,196070.434,1.001138605
36.076214137,0.219,219,2,13.6,195824.322,30.139,196086.818,1.001601652
37.062395731,0.11,110,2,13.71,195840.706,30.249,196103.202,0.986181594
37.077215489,0.219,219,2,13.929,195857.09,30.468,196119.586,0.014819758
28.239082542,2.464,2464,5,2.832,51.712,30.687,196130.338,0
28.244225596,2.464,2464,6,2.832,51.712,32.93,196136.994,0.005143054
28.242040835,2.464,2464,3,2.832,51.2,35.173,196139.554,0
38.14766333,2.243,2243,5,5.075,57.776,37.416,196142.034,9.905622495
28.240393298,2.464,2464,4,2.832,51.712,37.552,196143.57,0
38.078122382,0.219,219,2,14.148,195873.474,39.795,196175.314,9.837729084
38.663231788,2.243,2243,6,5.075,58.688,40.014,196189.426,0.585109406
38.713592083,2.243,2243,4,5.075,59.104,40.15,196192.738,0.050360295
38.689806523,2.243,2243,3,5.075,57.696,40.286,196195.154,0
40.019699686,0.221,221,8,0.221,40.96,40.643,196286.29,1.329893163
39.079084326,0.219,219,2,14.367,195889.858,40.788,196310.866,0
40.063839917,0.11,110,2,14.477,195906.242,40.898,196327.25,0.984755591
38.709703023,0.136,136,5,5.211,72.112,41.117,196335.442,0
31.005363154,0.136,136,7,5.211,63.84,49.41,196335.442,0
39.23902961,0.136,136,3,5.211,64.864,57.703,196335.442,8.233666456
39.214907163,0.136,136,6,5.211,64.832,65.996,196335.442,0
39.236703545,0.136,136,4,5.211,93.92,74.289,196335.442,0.021796382
40.287414674,8.293,8293,6,13.504,84.288,82.582,196396.882,1.050711129
40.286480148,8.293,8293,7,13.504,82.272,82.827,196396.882,0
40.287921106,8.293,8293,4,13.504,114.4,83.072,196400.978,0.001440958
40.286888094,8.293,8293,3,13.504,76.128,83.317,196409.17,0
40.285903431,8.293,8293,5,13.504,92.592,83.562,196425.554,0
40.449261522,0.245,245,7,13.749,84.32,83.807,196434.77,0.163358091
40.452431087,0.245,245,4,13.749,116.448,86.962,196434.77,0.003169565
40.454083724,0.245,245,3,13.749,78.176,90.117,196434.77,0.001652637
40.449076022,0.245,245,6,13.749,86.336,93.272,196434.77,0
40.456811655,0.245,245,5,13.749,94.64,96.427,196435.794,0.007735633
40.499355588,3.155,3155,6,16.904,119.104,99.582,196527.954,0.042543933
40.499246606,3.155,3155,7,16.904,121.184,99.827,196541.266,0
40.50379549,3.155,3155,5,16.904,119.216,100.072,196549.954,0.004548884
40.919556674,0.245,245,6,17.149,120.624,100.317,196549.954,0.415761184
40.925262057,0.245,245,5,17.149,120.24,125.986,196550.978,0.005705383
40.923399723,0.245,245,7,17.149,122.208,151.655,196568.386,0
40.499252143,3.155,3155,4,16.904,125.664,177.324,196577.602,0
40.499268381,3.155,3155,3,16.904,96.608,177.668,196583.746,1.62380000006e-05
40.987103253,0.344,344,3,17.248,98.128,178.012,196585.266,0.487834872
40.080081001,0.219,219,2,14.696,195922.626,203.681,196598.066,0
41.081135782,0.219,219,2,14.915,195939.01,203.9,196614.45,1.001054781
42.082126101,0.219,219,2,15.134,195955.394,204.119,196630.834,1.000990319
43.065614726,0.11,110,2,15.244,195971.778,204.229,196647.218,0.983488625
43.083050293,0.219,219,2,15.463,195988.162,204.448,196663.602,0.017435567
44.083860213,0.219,219,2,15.682,196004.546,204.667,196679.986,1.00080992
45.08467425,0.219,219,2,15.901,196020.93,204.886,196696.37,1.000814037
46.067268932,0.11,110,2,16.011,196037.314,204.996,196712.754,0.982594682
46.08566591,0.219,219,2,16.23,196053.698,205.215,196729.138,0.018396978
47.086524724,0.219,219,2,16.449,196070.082,205.434,196745.522,1.000858814
48.087246939,0.219,219,2,16.668,196086.466,205.653,196766.002,1.000722215
49.068849056,0.11,110,2,16.778,196102.85,205.763,196782.386,0.981602117
49.088150136,0.219,219,2,16.997,196119.234,205.982,196798.77,0.01930108
50.088962246,0.219,219,2,17.216,196135.618,206.201,196815.154,1.00081211
40.933037581,25.669,25669,7,42.818,165.216,206.42,196856.114,0
40.928548002,25.669,25669,5,42.818,132.528,214.713,196892.978,0
40.925320625,25.669,25669,6,42.818,132.912,223.006,196901.17,0
40.940390111,0.344,344,4,17.248,130.272,231.299,196937.01,0.015069486
40.990648247,25.669,25669,3,42.917,104.272,239.592,196948.274,0.050258136
51.089722147,0.219,219,2,17.435,196152.002,247.885,196972.85,10.0990739
52.070705212,0.11,110,2,17.545,196168.386,247.995,196989.234,0.980983065
52.09071242,0.219,219,2,17.764,196184.77,248.214,197005.618,0.020007208
53.091590415,0.22,220,2,17.984,196192.962,248.434,197013.81,1.000877995
54.092230868,0.22,220,2,18.204,196209.346,248.654,197038.386,1.000640453
55.072583479,0.11,110,2,18.314,196225.73,248.764,197054.77,0.980352611
55.093048413,0.22,220,2,18.534,196242.114,248.984,197071.154,0.020464934
56.093758735,0.22,220,2,18.754,196258.498,249.204,197091.634,1.000710322
57.094548185,0.22,220,2,18.974,196274.882,249.424,197124.402,1.00078945
58.074356675,0.11,110,2,19.084,196291.266,249.534,197140.786,0.97980849
58.09533217,0.22,220,2,19.304,196307.65,249.754,197206.322,0.020975495
59.096083586,0.22,220,2,19.524,196324.034,249.974,197222.706,1.000751416
51.441277937,8.293,8293,5,51.111,144.816,250.194,197234.994,0
51.681290674,8.293,8293,6,51.111,214.832,258.488,197259.57,0.240012737
51.39902298,8.293,8293,7,51.111,230.752,266.782,197292.338,0
60.096731673,0.22,220,2,19.744,196340.418,275.076,197316.914,8.697708693
61.075945958,0.11,110,2,19.854,196356.802,275.186,197333.298,0.979214285
51.876838601,8.293,8293,4,25.541,154.848,275.406,197349.682,0
52.03098604,8.293,8293,3,51.21,145.232,283.7,197366.066,0.154147439
61.097668559,0.22,220,2,20.074,196373.186,291.994,197390.642,9.066682519
62.098544343,0.22,220,2,20.294,196389.57,292.214,197407.026,1.000875784
63.099290549,0.22,220,2,20.514,196405.954,292.434,197423.41,1.000746206
64.079091376,0.11,110,2,20.624,196422.338,292.544,197443.89,0.979800827
64.100293091,0.22,220,2,20.844,196438.722,292.764,197460.274,0.021201715
65.101213244,0.22,220,2,21.064,196455.106,292.984,197476.658,1.000920153
66.102007695,0.22,220,2,21.284,196471.49,293.204,197497.138,1.000794451
67.080816606,0.11,110,2,21.394,196487.874,293.314,197513.522,0.978808911
67.102996965,0.22,220,2,21.614,196504.258,293.534,197534.002,0.022180359
68.103778593,0.22,220,2,21.834,196520.642,293.754,197562.674,1.000781628
60.57868692,8.294,8294,6,59.405,247.6,293.974,197579.058,0
60.646002743,8.294,8294,7,59.405,255.328,302.268,197591.346,0.067315823
60.47056268,8.294,8294,5,59.405,161.2,310.562,197603.634,0
69.104549204,0.22,220,2,22.054,196537.026,318.856,197617.97,8.633986524
70.082579315,0.11,110,2,22.164,196553.41,318.966,197634.354,0.978030111
61.163651829,8.294,8294,4,33.835,171.232,319.186,197646.642,0
61.447644461,8.294,8294,3,59.504,173.904,327.48,197663.026,0.283992632
70.10546326,0.22,220,2,22.384,196569.794,335.774,197677.362,8.657818799
71.106345108,0.22,220,2,22.604,196586.178,335.994,197693.746,1.000881848
72.107285083,0.22,220,2,22.824,196602.562,336.214,197710.13,1.000939975
73.084388062,0.11,110,2,22.934,196618.946,336.324,197726.514,0.977102979
73.108232527,0.22,220,2,23.154,196635.33,336.544,197746.994,0.023844465
74.108874161,0.22,220,2,23.374,196651.714,336.764,197763.378,1.000641634
75.109477064,0.22,220,2,23.594,196668.098,336.984,197779.762,1.000602903
76.085996961,0.11,110,2,23.704,196684.482,337.094,197796.146,0.976519897
76.110205566,0.22,220,2,23.924,196700.866,337.314,197816.626,0.024208605
77.111067386,0.22,220,2,24.144,196717.25,337.534,197837.106,1.00086182
69.405434824,8.294,8294,6,67.699,263.984,337.754,197853.49,0
69.653897188,8.294,8294,7,67.699,271.712,346.048,197873.97,0.248462364
78.111958874,0.22,220,2,24.364,196733.634,354.342,197890.354,8.458061686
70.032898229,8.294,8294,5,67.699,204.208,354.452,197931.314,0
79.08929882,0.11,110,2,24.474,196750.018,362.746,197988.658,9.056400591
70.63675685,8.294,8294,3,67.798,216.912,362.966,198029.618,0
70.550708507,8.294,8294,4,42.129,187.616,371.26,198082.866,0
79.112847384,0.22,220,2,24.694,196766.402,379.554,198095.154,8.562138877
80.114146739,0.22,220,2,24.914,196782.786,379.774,198111.538,1.001299355
81.114941616,0.22,220,2,25.134,196799.17,379.994,198127.922,1.000794877
82.091298552,0.11,110,2,25.244,196815.554,380.104,198144.306,0.976356936
82.115722333,0.22,220,2,25.464,196831.938,380.324,198160.69,0.024423781
83.116510094,0.22,220,2,25.684,196848.322,380.544,198181.17,1.000787761
84.11733047,0.22,220,2,25.904,196897.474,380.764,198230.322,1.000820376
78.192418286,8.294,8294,6,75.993,284.464,380.984,198242.61,0
86.118960129,0.22,220,2,26.124,196913.858,389.278,198275.378,7.926541843
78.564952633,8.294,8294,7,75.993,279.904,389.498,198287.666,0
79.09911403,8.294,8294,5,75.993,277.936,397.792,198302.002,0.534161397
87.119581776,0.22,220,2,26.344,196930.242,406.086,198334.77,8.020467746
88.095133551,0.11,110,2,26.454,196946.626,406.196,198351.154,0.975551775
79.576991288,8.294,8294,3,76.092,290.64,406.416,198375.73,0
79.635709486,8.294,8294,4,50.423,199.904,414.71,198388.018,0.058718198
88.120462181,0.22,220,2,26.674,196963.01,423.004,198402.354,8.484752695
89.121544796,0.22,220,2,26.894,196979.394,423.224,198418.738,1.001082615
90.122750345,0.22,220,2,27.114,196995.778,423.444,198435.122,1.001205549
91.097098431,0.11,110,2,27.224,197012.162,423.554,198451.506,0.974348086
91.12369032,0.22,220,2,27.444,197028.546,423.774,198467.89,0.026591889
92.124427745,0.22,220,2,27.664,197044.93,423.994,198484.274,1.000737425
93.125166888,0.22,220,2,27.884,197061.314,424.214,198504.754,1.000739143
94.09882581,0.11,110,2,27.994,197077.698,424.324,198521.138,0.973658922
94.125922899,0.22,220,2,28.214,197094.082,424.544,198537.522,0.027097089
86.847549392,8.294,8294,6,84.287,300.848,424.764,198549.81,0
95.126688068,0.22,220,2,28.434,197110.466,433.058,198562.098,8.279138676
87.448368235,8.294,8294,7,84.287,322.912,433.278,198603.058,0
87.929863379,8.294,8294,5,84.287,294.32,441.572,198644.018,0.481495144
96.127579099,0.22,220,2,28.654,197126.85,449.866,198672.69,8.19771572
97.100647875,0.11,110,2,28.764,197143.234,449.976,198689.074,0.973068776
88.804452299,8.294,8294,3,84.386,307.024,450.196,198705.458,0
97.128568874,0.22,220,2,28.984,197159.618,458.49,198734.13,8.324116575
88.948628503,8.294,8294,4,58.717,275.68,458.71,198844.722,0
98.129268667,0.22,220,2,29.204,197176.002,467.004,198885.682,9.180640164
99.129924743,0.22,220,2,29.424,197192.386,467.224,198902.066,1.000656076
100.102386733,0.11,110,2,29.534,197208.77,467.334,198918.45,0.97246199
100.130644391,0.22,220,2,29.754,197225.154,467.554,198934.834,0.028257658
101.13132147,0.22,220,2,29.974,197241.538,467.774,198951.218,1.000677079
102.132006259,0.22,220,2,30.194,197257.922,467.994,198967.602,1.000684789
103.103933031,0.11,110,2,30.304,197274.306,468.104,198983.986,0.971926772
103.13270841,0.22,220,2,30.524,197290.69,468.324,199008.562,0.028775379
95.513622444,8.294,8294,6,92.581,313.136,468.544,199020.85,0
96.236665181,8.294,8294,7,92.581,396.64,476.838,199033.138,0.723042737
104.133480296,0.22,220,2,30.744,197307.074,485.132,199057.714,7.896815115
96.721003653,8.294,8294,5,92.581,322.992,485.352,199074.098,0
105.134347054,0.22,220,2,30.964,197323.458,493.646,199147.826,8.413343401
106.105528519,0.11,110,2,31.074,197339.842,493.756,199164.21,0.971181465
106.13546005,0.22,220,2,31.294,197356.226,493.976,199196.978,0.029931531
97.89326512,8.294,8294,3,92.68,331.6,494.196,199209.266,0
107.136943409,0.22,220,2,31.514,197372.61,502.49,199227.698,9.243678289
98.750161035,8.294,8294,4,67.011,324.832,502.71,199248.178,0
108.137953777,0.22,220,2,31.734,197388.994,511.004,199280.946,9.387792742
109.107829469,0.11,110,2,31.844,197405.378,511.114,199297.33,0.969875692
109.138843019,0.22,220,2,32.064,197421.762,511.334,199313.714,0.03101355
110.139531703,0.22,220,2,32.284,197438.146,511.554,199330.098,1.000688684
111.140194758,0.22,220,2,32.504,197454.53,511.774,199346.482,1.000663055
112.109742811,0.11,110,2,32.614,197470.914,511.884,199362.866,0.969548053
104.138508037,8.294,8294,6,100.875,358.192,512.104,199403.826,0
112.141033308,0.22,220,2,32.834,197487.298,520.398,199461.17,8.002525271
105.080146962,8.294,8294,7,100.875,421.216,520.618,199473.458,0
113.141936589,0.22,220,2,33.054,197503.682,528.912,199498.034,8.061789627
105.452137111,8.294,8294,5,100.875,421.296,529.132,199522.61,0
114.142716086,0.22,220,2,33.274,197520.066,537.426,199547.186,8.690578975
115.111773666,0.11,110,2,33.384,197536.45,537.536,199563.57,0.96905758
115.143607147,0.22,220,2,33.604,197552.834,537.756,199579.954,0.031833481
107.157743053,8.294,8294,3,100.974,374.608,537.976,199620.914,0
108.336285686,8.294,8294,4,75.305,353.504,546.27,199698.738,1.178542633
116.144375836,0.22,220,2,33.824,197585.602,554.564,199737.65,7.80809015
118.113532729,0.11,110,2,33.934,197601.986,554.674,199754.034,1.969156893
118.146562853,0.22,220,2,34.154,197618.37,554.894,199794.994,0.033030124
119.147355284,0.22,220,2,34.374,197634.754,555.114,199811.378,1.000792431
120.147913761,0.22,220,2,34.594,197651.138,555.334,199827.762,1.000558477
121.115188324,0.11,110,2,34.704,197667.522,555.444,199844.146,0.967274563
112.726763123,8.294,8294,6,109.169,440.112,555.664,199868.722,0
121.148545648,0.22,220,2,34.924,197683.906,563.958,199889.202,8.421782525
113.954082068,8.294,8294,7,109.169,470.368,564.178,199930.162,0
114.153813681,8.294,8294,5,109.169,449.968,572.472,199967.026,0.199731613
122.149395078,0.22,220,2,35.144,197700.29,580.766,199981.362,7.995581397
123.150103244,0.22,220,2,35.364,197716.674,580.986,200003.89,1.000708166
124.11704551,0.11,110,2,35.474,197733.058,581.096,200020.274,0.966942266
124.151004818,0.22,220,2,35.694,197749.442,581.316,200036.658,0.033959308
116.270432005,8.294,8294,3,109.268,456.528,581.536,200053.042,0
125.151838499,0.22,220,2,35.914,197765.826,589.83,200077.618,8.881406494
117.602983354,8.294,8294,4,83.599,431.328,590.05,200151.346,0
126.152495344,0.22,220,2,36.134,197782.21,598.344,200198.45,8.54951199
127.118709353,0.11,110,2,36.244,197798.594,598.454,200214.834,0.966214009
127.153244328,0.22,220,2,36.464,197814.978,598.674,200239.41,0.034534975
128.154251583,0.22,220,2,36.684,197831.362,598.894,200292.658,1.001007255
121.315150277,8.294,8294,6,117.463,460.592,599.114,200304.946,0
129.155252983,0.22,220,2,36.904,197847.746,607.408,200321.33,7.840102706
130.120288474,0.11,110,2,37.014,197864.13,607.518,200337.714,0.965035491
130.156183016,0.22,220,2,37.234,197880.514,607.738,200354.098,0.035894542
122.68655519,8.294,8294,7,117.463,544.096,607.958,200370.482,0
122.900431865,8.294,8294,5,117.463,495.024,616.252,200419.634,0.213876675
131.158207509,0.22,220,2,37.454,197896.898,624.546,200476.978,8.257775644
132.1604052,0.221,221,2,37.675,197913.282,624.767,200493.362,1.002197691
133.121692359,0.11,110,2,37.785,197929.666,624.877,200509.746,0.961287159
133.161235579,0.221,221,2,38.006,197946.05,625.098,200534.322,0.03954322
125.316236487,8.294,8294,3,117.562,485.2,625.319,200546.61,0
134.161995501,0.221,221,2,38.227,197962.434,633.613,200560.946,8.845759014
135.162971783,0.221,221,2,38.448,197978.818,633.834,200577.33,1.000976282
136.123206704,0.11,110,2,38.558,197995.202,633.944,200593.714,0.960234921
126.980069427,8.294,8294,4,91.893,480.48,634.165,200610.098,0
136.16381335,0.221,221,2,38.779,198011.586,642.459,200642.866,9.183743923
137.164720348,0.221,221,2,39.0,198027.97,642.68,200663.346,1.000906998
129.865949768,8.294,8294,6,125.757,476.976,642.901,200687.922,0
138.165611402,0.221,221,2,39.221,198044.354,651.195,200794.418,8.299661634
139.12477585,0.11,110,2,39.331,198060.738,651.305,200810.802,0.959164448
131.389246991,8.294,8294,7,125.757,572.768,651.526,200823.09,0
131.522327034,8.294,8294,5,125.757,568.752,659.82,200835.378,0.133080043
139.166557829,0.221,221,2,39.552,198077.122,668.114,200859.954,7.644230795
140.167496179,0.221,221,2,39.773,198093.506,668.335,200876.338,1.00093835
141.168284672,0.221,221,2,39.994,198126.274,668.556,200909.106,1.000788493
142.169147895,0.221,221,2,40.215,198142.658,668.777,200925.49,1.000863223
134.336801548,8.294,8294,3,125.856,528.208,668.998,200966.45,0
143.169936416,0.221,221,2,40.436,198159.042,677.292,201019.698,8.833134868
144.170495044,0.221,221,2,40.657,198175.426,677.513,201036.082,1.000558628
145.128493,0.11,110,2,40.767,198191.81,677.623,201052.466,0.957997956
145.171109755,0.221,221,2,40.988,198208.194,677.844,201072.946,0.042616755
146.171736792,0.221,221,2,41.209,198224.578,678.065,201105.714,1.000627037
147.172456305,0.221,221,2,41.43,198240.962,678.286,201154.866,1.000719513
148.13007689,0.11,110,2,41.54,198257.346,678.396,201171.25,0.957620585
148.17321232,0.221,221,2,41.761,198290.114,678.617,201298.226,0.04313543
150.174684849,0.221,221,2,41.982,198306.498,678.838,201314.61,2.001472529
151.131554877,0.11,110,2,42.092,198322.882,678.948,201330.994,0.956870028
139.991743874,8.294,8294,7,134.051,650.592,679.169,201355.57,0
151.222266302,8.331,8331,7,142.382,699.744,687.5,201404.722,11.230522428
151.237088719,0.245,245,7,142.627,700.736,687.745,201405.714,0.014822417
151.241051805,2.424,2424,7,145.051,713.024,690.169,201418.002,0.003963086
151.26729204,0.133,133,7,145.184,715.072,690.302,201420.05,0.026240235
151.175315223,0.221,221,2,42.313,198339.266,690.621,201428.242,0
152.17608364,0.221,221,2,42.534,198355.65,690.842,201444.626,1.000768417
153.17682792,0.221,221,2,42.755,198372.034,691.063,201469.202,1.00074428
154.133028103,0.11,110,2,42.865,198388.418,691.173,201485.586,0.956200183
154.177471134,0.221,221,2,43.086,198404.802,691.394,201501.97,0.044443031
155.178210673,0.221,221,2,43.307,198421.186,691.615,201518.354,1.000739539
156.17882681,0.221,221,2,43.528,198437.57,691.836,201538.834,1.000616137
157.134879402,0.11,110,2,43.638,198453.954,691.946,201555.218,0.956052592
157.179372437,0.221,221,2,43.859,198470.338,692.167,201579.794,0.044493035
158.179945662,0.221,221,2,44.08,198486.722,692.388,201607.442,1.000573225
159.180496237,0.221,221,2,44.301,198503.106,692.609,201623.826,1.000550575
160.136697935,0.11,110,2,44.411,198519.49,692.719,201640.21,0.956201698
160.181035313,0.221,221,2,44.632,198535.874,692.94,201656.594,0.044337378
161.181648919,0.221,221,2,44.853,198552.258,693.161,201672.978,1.000613606
162.182272058,0.221,221,2,45.074,198568.642,693.382,201689.362,1.000623139
163.139137578,0.11,110,2,45.184,198585.026,693.492,201705.746,0.95686552
163.182964329,0.221,221,2,45.405,198601.41,693.713,201726.226,0.043826751
164.183597257,0.221,221,2,45.626,198617.794,693.934,201742.61,1.000632928
165.184180457,0.221,221,2,45.847,198634.178,694.155,201758.994,1.0005832
166.140771489,0.11,110,2,45.957,198650.562,694.265,201775.378,0.956591032
166.184844778,0.221,221,2,46.178,198666.946,694.486,201795.858,0.044073289
167.185435749,0.221,221,2,46.399,198683.33,694.707,201820.434,1.000590971
168.18606673,0.221,221,2,46.62,198699.714,694.928,201849.106,1.000630981
169.142347439,0.11,110,2,46.73,198716.098,695.038,201865.49,0.956280709
169.18687262,0.221,221,2,46.951,198732.482,695.259,201881.874,0.044525181
170.187604002,0.221,221,2,47.172,198748.866,695.48,201898.258,1.000731382
171.188174316,0.221,221,2,47.393,198765.25,695.701,201914.642,1.000570314
172.143834638,0.11,110,2,47.503,198781.634,695.811,201931.026,0.955660322
172.188906869,0.221,221,2,47.724,198798.018,696.032,201947.41,0.045072231
173.189766538,0.221,221,2,47.945,198814.402,696.253,201965.842,1.000859669
138.490931309,8.294,8294,6,134.051,612.144,696.474,201998.61,0
151.286717924,0.319,319,7,145.503,750.912,704.723,201998.61,12.795786615
140.137404355,8.294,8294,5,134.051,605.616,712.972,201998.61,0
143.495890402,8.294,8294,3,134.15,626.512,721.221,201998.61,3.358486047
175.098575521,8.249,8249,7,153.752,761.152,729.47,202019.09,31.602685119
175.104116306,0.245,245,7,153.997,762.112,729.715,202020.05,0.00554078500002
175.098270768,8.249,8249,6,142.3,647.984,732.072,202054.866,0
175.098954584,8.249,8249,5,142.3,641.456,732.35,202087.634,0.00068381600002
175.112353008,0.278,278,6,142.578,649.44,732.628,202090.082,0.013398424
175.100024607,8.249,8249,3,142.399,633.68,734.985,202093.154,0
175.113528963,0.278,278,5,142.578,642.928,735.263,202093.634,0.013504356
175.116171543,0.278,278,3,142.677,635.136,737.62,202111.474,0.00264258000001
175.115387018,2.357,2357,6,144.935,674.016,739.977,202137.586,0
175.116671092,2.357,2357,5,144.935,667.504,740.11,202145.778,0.00128407399998
175.119208804,2.357,2357,3,145.034,637.68,740.243,202146.786,0.00253771200002
174.190502175,0.221,221,2,48.166,198830.786,740.376,202154.978,0
175.13870968,0.133,133,6,145.068,678.112,740.486,202167.266,0.948207505
175.141664084,0.133,133,5,145.068,671.6,740.805,202171.362,0.00295440400001
175.144566373,0.133,133,3,145.167,638.656,741.124,202172.338,0.00290228899999
175.145806764,0.11,110,2,48.276,198847.17,741.443,202180.53,0.00124039100001
175.106349185,2.357,2357,7,156.354,767.232,741.664,202191.794,0
175.939001453,8.249,8249,7,164.603,791.808,749.913,202216.37,0.832652268
175.191398187,0.221,221,2,48.497,198863.554,750.046,202224.562,0
176.192365394,0.221,221,2,48.718,198879.938,750.267,202244.018,1.000967207
177.193209733,0.221,221,2,48.939,198896.322,750.488,202263.666,1.000844339
178.147495098,0.11,110,2,49.049,198912.706,750.598,202280.05,0.954285365
178.193986484,0.221,221,2,49.27,198929.09,750.819,202306.674,0.046491386
179.194806786,0.221,221,2,49.491,198945.474,751.04,202323.058,1.000820302
180.195572452,0.221,221,2,49.712,198961.858,751.261,202339.442,1.000765666
181.148935967,0.11,110,2,49.822,198994.626,751.371,202372.21,0.953363515
182.197033122,0.221,221,2,50.043,199011.01,751.592,202388.594,1.048097155
183.197866359,0.221,221,2,50.264,199027.394,751.813,202406.002,1.000833237
184.150388745,0.111,111,2,50.375,199043.778,751.924,202422.386,0.952522386
184.198640416,0.221,221,2,50.596,199060.162,752.145,202438.77,0.048251671
185.199421427,0.221,221,2,50.817,199076.546,752.366,202455.154,1.000781011
186.200016831,0.221,221,2,51.038,199092.93,752.587,202487.922,1.000595404
187.151891712,0.111,111,2,51.149,199109.314,752.698,202504.306,0.951874881
187.200725548,0.221,221,2,51.37,199125.698,752.919,202524.786,0.048833836
188.20150444,0.221,221,2,51.591,199142.082,753.14,202606.706,1.000778892
189.202363785,0.221,221,2,51.812,199158.466,753.361,202623.09,1.000859345
190.153351235,0.111,111,2,51.923,199174.85,753.472,202639.474,0.95098745
190.203054732,0.221,221,2,52.144,199191.234,753.693,202655.858,0.049703497
191.203700679,0.221,221,2,52.365,199207.618,753.914,202672.242,1.000645947
192.204473982,0.221,221,2,52.586,199224.002,754.135,202688.626,1.000773303
193.15515802,0.111,111,2,52.697,199240.386,754.246,202705.01,0.950684038
193.205155431,0.221,221,2,52.918,199256.77,754.467,202722.386,0.049997411
194.20603126,0.221,221,2,53.139,199273.154,754.688,202738.77,1.000875829
195.206756412,0.221,221,2,53.36,199289.538,754.909,202755.154,1.000725152
196.156647041,0.111,111,2,53.471,199305.922,755.02,202771.538,0.949890629
196.207347856,0.221,221,2,53.692,199322.306,755.241,202804.306,0.050700815
197.208144621,0.221,221,2,53.913,199338.69,755.462,202918.994,1.000796765
198.209021361,0.221,221,2,54.134,199355.074,755.683,203009.106,1.00087674
199.158083615,0.111,111,2,54.245,199371.458,755.794,203025.49,0.949062254
199.209921537,0.221,221,2,54.466,199387.842,756.015,203066.45,0.051837922
175.152330086,0.319,319,6,145.387,747.744,756.236,203082.834,0
175.158453519,0.319,319,3,145.486,703.36,764.485,203082.834,0.006123433
175.155240229,0.319,319,5,145.387,732.016,772.734,203082.834,0
175.94601243,0.133,133,7,164.736,920.832,780.983,203082.834,0.790772201
201.036288681,8.249,8249,6,153.636,757.984,789.232,203121.746,25.090276251
201.036521845,8.249,8249,3,153.735,713.6,789.477,203121.746,0.000233164000008
201.037436476,8.249,8249,7,172.985,941.312,789.722,203130.866,0.000914631000001
201.036962881,8.249,8249,5,153.636,742.256,789.967,203135.89,0
201.042280097,0.245,245,3,153.98,714.528,790.212,203135.89,0.00531721600001
201.042218291,0.245,245,6,153.881,758.912,792.539,203135.89,0
201.043840909,0.245,245,7,173.23,942.24,794.866,203136.818,0.001622618
201.044675466,0.245,245,5,153.881,743.2,797.193,203138.786,0.00083455699999
200.21077626,0.221,221,2,54.687,199404.226,799.52,203157.218,0
201.045766678,2.327,2327,7,175.557,950.432,799.741,203169.506,0.834990418
201.211656628,0.221,221,2,54.908,199420.61,807.99,203219.17,0.16588995
202.159820872,0.111,111,2,55.019,199436.994,808.101,203235.554,0.948164244
202.212541299,0.221,221,2,55.24,199453.378,808.322,203268.322,0.052720427
201.046881179,2.327,2327,5,156.208,747.808,808.543,203276.514,0
201.044789957,2.327,2327,6,156.208,765.568,808.712,203276.514,0
136.17195049,8.294,8294,4,100.187,521.408,808.881,203276.514,0
201.767767158,8.249,8249,7,183.806,999.584,809.05,203276.514,65.595816668
201.044787353,2.327,2327,3,156.307,719.136,809.219,203276.514,0
203.254904475,0.169,169,5,156.377,768.288,809.388,203359.394,2.210117122
203.261266948,0.169,169,4,100.356,522.368,809.557,203359.394,0.00636247300002
203.261266136,0.169,169,6,156.377,790.144,809.726,203359.394,0
203.261405486,0.169,169,7,183.975,1015.968,809.895,203359.394,0.000139350000012
203.261526188,0.169,169,3,156.476,739.616,810.064,203359.394,0.000120702000004
203.286193853,0.169,169,5,156.546,774.432,810.233,203380.802,0.024667665
203.286197964,0.169,169,4,100.525,523.296,810.402,203380.802,4.11100000974e-06
203.286285382,0.169,169,6,156.546,794.24,810.571,203380.802,8.74179999926e-05
203.286335495,0.169,169,7,184.144,1022.112,810.74,203380.802,5.01130000146e-05
203.28643519,0.169,169,3,156.645,743.712,810.909,203380.802,9.96949999887e-05
203.290164679,0.169,169,5,156.715,778.528,811.078,203396.866,0.00372948899999
203.290281149,0.169,169,4,100.694,525.056,811.247,203396.866,0.000116470000023
203.290406677,0.169,169,6,156.715,797.312,811.416,203396.866,0.000125527999984
203.290471282,0.169,169,7,184.313,1024.128,811.585,203396.866,6.46050000057e-05
203.290575526,0.169,169,3,156.814,748.832,811.754,203396.866,0.000104243999999
203.299554874,0.169,169,5,156.884,780.544,811.923,203404.658,0.008979348
203.299921015,0.169,169,6,156.884,798.784,820.372,203404.658,0.000366141000001
203.300033968,0.169,169,7,184.482,1025.552,828.821,203404.658,0.000112953000013
203.300171174,0.169,169,3,156.983,750.88,837.27,203404.658,0.000137206000005
203.394479655,8.449,8449,5,165.333,787.04,845.719,203415.97,0.094308481
203.394814581,8.449,8449,6,165.333,803.168,845.964,203426.21,0.000334925999994
203.395548258,8.449,8449,3,165.432,761.552,846.209,203427.122,0.000733676999999
203.401048709,0.245,245,5,165.578,788.4,846.454,203428.914,0.00550045100002
203.401898066,0.245,245,6,165.578,804.496,950.49,203429.794,0.000849356999993
203.402125119,0.245,245,3,165.677,762.88,1074.798,203430.226,0.000227053000003
203.395161679,8.449,8449,7,192.931,1028.832,1199.106,203440.674,0
203.411324719,0.344,344,7,193.275,1030.784,1199.45,203442.626,0.01616304
203.900969645,0.245,245,7,193.52,1032.112,1199.695,203443.954,0.489644926
203.403214924,104.036,81980,5,269.614,791.472,1238.854,203444.978,0
203.948274981,0.245,245,5,269.859,792.752,1239.099,203446.258,0.545060057
203.403877557,124.308,81980,6,289.886,806.512,1278.258,203449.042,0
203.213594877,0.221,221,2,55.461,199469.762,1278.536,203457.234,0
203.404586577,124.308,81980,3,289.985,769.024,1278.757,203468.402,0.1909917
204.838458219,0.311,311,3,290.296,770.288,1279.068,203469.666,1.433871642
204.214505888,0.221,221,2,55.682,199486.146,1318.227,203478.882,0
205.161638817,0.111,111,2,55.793,199502.53,1318.338,203496.226,0.947132929
203.299790733,0.169,169,4,100.863,526.688,1318.559,203504.418,0
205.422996908,8.449,8449,4,109.312,529.504,1327.008,203507.234,2.123206175
205.439790354,0.377,377,4,109.689,531.2,1327.385,203508.93,0.016793446
205.215535394,0.221,221,2,56.014,199518.914,1327.625,203517.122,0
206.216584517,0.221,221,2,56.235,199535.298,1327.846,203536.866,1.001049123
203.950111404,39.159,39159,5,309.018,16222.64,1328.067,218970.594,0
207.217662793,0.221,221,2,56.456,199551.682,1328.313,241833.346,3.267551389
204.840458639,39.159,39159,3,329.455,23576.72,1328.424,241841.538,0
208.163643228,0.111,111,2,56.567,199568.066,1328.67,241855.874,3.323184589
204.151058215,0.278,278,6,290.164,18053.344,1328.891,259116.578,0
208.218602833,0.221,221,2,56.788,199584.45,1329.137,259149.346,4.067544618
209.219563365,0.221,221,2,57.009,199600.834,1329.358,259165.73,1.000960532
210.220401274,0.221,221,2,57.23,199617.218,1329.579,259182.114,1.000837909
211.165512053,0.111,111,2,57.341,199633.602,1329.69,259198.498,0.945110779
211.221871589,0.221,221,2,57.562,199649.986,1329.911,259214.882,0.056359536
212.222922036,0.221,221,2,57.783,199682.754,1330.132,259250.45,1.001050447
214.167385617,0.111,111,2,57.894,199699.138,1330.243,259266.834,1.944463581
214.225013634,0.221,221,2,58.115,199715.522,1330.464,259283.218,0.057628017
215.225971188,0.221,221,2,58.336,199731.906,1330.685,259299.602,1.000957554
216.226734317,0.221,221,2,58.557,199748.29,1330.906,259320.082,1.000763129
217.169309261,0.111,111,2,58.668,199764.674,1331.017,259336.466,0.942574944
217.227656911,0.221,221,2,58.889,199781.058,1331.238,259353.362,0.05834765
218.228755756,0.221,221,2,59.11,199797.442,1331.459,259382.034,1.001098845
219.229849321,0.221,221,2,59.331,199813.826,1331.68,259398.418,1.001093565
220.170997699,0.111,111,2,59.442,199830.21,1331.791,259414.802,0.941148378
205.909869269,0.24,240,4,109.929,534.928,1332.012,265979.57,0
203.902902309,39.159,39159,7,232.679,23840.064,1332.331,282216.114,0
220.230642813,0.221,221,2,59.663,199846.594,1332.577,282229.426,16.327740504
221.231607474,0.221,221,2,59.884,199862.978,1332.798,282245.81,1.000964661
222.23278184,0.221,221,2,60.105,199879.362,1333.019,282262.194,1.001174366
223.172609896,0.111,111,2,60.216,199895.746,1333.13,282278.578,0.939828056
223.233706965,0.221,221,2,60.437,199912.13,1333.351,282298.098,0.061097069
224.234520878,0.221,221,2,60.658,199928.514,1333.572,282314.482,1.000813913
225.235428138,0.221,221,2,60.879,199944.898,1333.793,282330.866,1.00090726
226.174226056,0.111,111,2,60.99,199961.282,1333.904,282347.25,0.938797918
226.236373831,0.221,221,2,61.211,199977.666,1334.125,282369.778,0.062147775
227.237867135,0.221,221,2,61.432,199994.05,1334.346,282387.17,1.001493304
228.238762398,0.221,221,2,61.653,200010.434,1334.567,282406.626,1.000895263
229.175584884,0.111,111,2,61.764,200026.818,1334.678,282423.01,0.936822486
229.239607556,0.221,221,2,61.985,200043.202,1334.899,282439.394,0.064022672
230.241280852,0.221,221,2,62.206,200059.586,1335.12,282455.778,1.001673296
231.242105476,0.221,221,2,62.427,200075.97,1335.341,282472.162,1.000824624
232.177004591,0.111,111,2,62.538,200092.354,1335.452,282488.546,0.934899115
232.242965453,0.221,221,2,62.759,200108.738,1335.673,282504.93,0.065960862
233.243718893,0.221,221,2,62.98,200125.122,1335.894,282523.874,1.00075344
234.244522113,0.221,221,2,63.201,200141.506,1336.115,282540.258,1.00080322
235.178490467,0.111,111,2,63.312,200157.89,1336.226,282556.642,0.933968354
235.245579589,0.221,221,2,63.533,200174.274,1336.447,282573.026,0.067089122
236.246608896,0.221,221,2,63.754,200190.658,1336.668,282592.482,1.001029307
237.247723292,0.221,221,2,63.975,200207.042,1336.889,282609.842,1.001114396
238.180034987,0.111,111,2,64.086,200223.426,1337.0,282627.25,0.932311695
238.248903179,0.221,221,2,64.307,200239.81,1337.221,282644.658,0.068868192
239.249533274,0.221,221,2,64.528,200256.194,1337.442,282661.042,1.000630095
240.250148598,0.221,221,2,64.749,200272.578,1337.663,282677.426,1.000615324
241.18159651,0.111,111,2,64.86,200288.962,1337.774,282693.81,0.931447912
241.250777548,0.221,221,2,65.081,200305.346,1337.995,282710.194,0.069181038
242.251491177,0.221,221,2,65.302,200321.73,1338.216,282726.578,1.000713629
243.252209411,0.221,221,2,65.523,200338.114,1338.437,282751.154,1.000718234
244.183055935,0.111,111,2,65.634,200354.498,1338.548,282767.538,0.930846524
244.253712388,0.221,221,2,65.855,200387.266,1338.769,282800.306,0.070656453
246.256351081,0.221,221,2,66.076,200403.65,1338.99,282818.226,2.002638693
247.186344077,0.111,111,2,66.187,200420.034,1339.101,282834.61,0.929992996
221.033783266,0.319,319,4,110.248,573.392,1339.322,282868.322,0
247.256984862,0.221,221,2,66.408,200436.418,1339.699,282881.602,26.223201596
248.257725269,0.221,221,2,66.629,200452.802,1339.92,282898.482,1.000740407
249.258416628,0.221,221,2,66.85,200469.186,1340.141,282914.866,1.000691359
250.188245788,0.111,111,2,66.961,200485.57,1340.252,282931.25,0.92982916
250.259086427,0.221,221,2,67.182,200501.954,1340.473,282947.634,0.070840639
251.259662841,0.221,221,2,67.403,200518.338,1340.694,282964.018,1.000576414
248.073454589,0.377,377,4,110.625,16812.496,1340.915,299207.218,0
207.510289803,0.246,246,5,309.264,16286.64,1341.161,299231.794,0
253.153843373,0.246,246,4,110.871,16837.072,1341.33,299231.794,45.64355357
209.014126904,0.246,246,6,290.41,18085.584,1341.499,299231.794,0
221.115918482,0.246,246,7,232.925,23848.224,1341.668,299231.794,12.101791578
208.1703148,0.246,246,3,329.701,23586.304,1341.837,299231.794,0
252.260977787,0.221,221,2,67.624,200534.722,1342.006,299252.69,44.090662987
253.19002497,0.111,111,2,67.735,200551.106,1342.117,299269.074,0.929047183
253.165199066,0.169,169,5,309.433,16288.624,1342.338,299277.266,0
253.165288179,0.169,169,4,111.04,16842.192,1342.507,299277.266,8.91129999729e-05
253.165409024,0.169,169,6,290.579,18087.504,1342.676,299277.266,0.000120845000026
253.165425749,0.169,169,7,233.094,23850.112,1342.845,299277.266,1.67249999947e-05
253.165589,0.169,169,3,329.87,23588.096,1343.014,299277.266,0.000163251000004
253.289396255,0.169,169,4,111.209,16844.736,1343.183,299286.882,0.123807255
253.289478108,0.169,169,6,290.748,18089.296,1351.516,299286.882,8.18529999833e-05
253.289647051,0.169,169,3,330.039,23589.76,1359.849,299286.882,0.000168943000006
253.28961401,0.169,169,7,233.263,23851.872,1368.182,299286.882,0
253.289389199,0.169,169,5,309.602,16290.48,1376.515,299286.882,0
253.414563515,8.333,8333,7,241.596,23854.912,1384.848,299296.514,0.125174316
253.413707342,8.333,8333,6,299.081,18092.352,1385.093,299297.922,0
253.414193943,8.333,8333,3,338.372,23592.528,1385.338,299297.922,0.000486600999977
253.41504027,8.333,8333,5,317.935,16293.648,1385.583,299301.826,0.000846327000005
253.419645728,0.245,245,7,241.841,23856.176,1385.828,299301.826,0.00460545800001
253.420366233,0.245,245,6,299.326,18093.616,1907.638,299302.626,0.000720505000004
253.420436294,0.245,245,3,338.617,23593.712,2169.782,299302.626,7.00610000024e-05
253.421901231,831.182,262144,7,1073.023,23856.176,3208.502,299305.858,0.00146493699998
253.422361608,521.81,262144,6,821.136,18093.616,3258.208,299306.258,0.000460376999996
253.421846088,0.245,245,5,318.18,16294.864,3749.054,299306.258,0
253.422415762,469.682,262144,3,808.299,23593.712,4270.864,299306.258,0.000569674000019
253.424677654,490.846,259666,6,1311.982,18093.616,4619.332,299306.258,0.00226189199998
253.424962986,521.81,262144,5,839.99,16294.864,4702.342,299306.258,0.000285332000004
253.426722115,348.468,207538,3,1156.767,23593.712,5126.106,299306.258,0.00175912899999
253.429568511,423.764,259666,5,1263.754,16294.864,5338.462,299306.258,0.00284639600002
253.430055883,212.356,140930,3,1369.123,23593.712,5579.778,299306.258,0.000487371999981
253.432507425,77.692,71426,3,1446.815,23593.712,5734.688,299307.186,0.00245154200002
253.413416056,8.333,8333,4,119.542,16851.248,5740.954,299314.05,0
253.262439291,0.221,221,2,67.956,200567.49,5741.331,299327.362,0
254.263613182,0.221,221,2,68.177,200583.874,5741.552,299343.746,1.001173891
255.264360982,0.221,221,2,68.398,200600.258,5741.773,299382.578,1.0007478
256.192102907,0.111,111,2,68.509,200616.642,5741.884,299402.098,0.927741925
253.427619184,83.01,83010,6,1394.992,18097.68,5742.105,299413.538,0
253.439569272,0.377,377,4,119.919,16872.752,5750.555,299413.538,0.011950088
253.431964151,318.534,164098,5,1582.288,16299.072,5759.005,299413.538,0
253.433797921,6.266,6266,3,1453.081,23597.52,5767.455,299413.538,0.00183377000002
253.424502939,49.706,49706,7,1122.729,23860.24,5775.905,299413.538,0
256.862431532,8.45,8450,7,1131.179,23878.672,5784.355,299452.29,3.437928593
256.861451181,8.45,8450,4,128.369,16893.232,5784.6,299460.482,0
256.866935236,0.245,245,7,1131.424,23879.856,5784.845,299511.33,0.00548405500001
256.861125386,8.45,8450,6,1403.442,18116.624,5866.825,299511.33,0
256.861725807,8.45,8450,5,1590.738,16334.912,5867.07,299511.33,0.000600421000001
256.867419861,0.245,245,4,128.614,16894.256,5867.315,299511.842,0.00569405399995
256.862127489,8.45,8450,3,1461.531,23604.016,6017.687,299516.738,0
256.869362789,0.245,245,6,1403.687,18117.808,6017.932,299517.89,0.00723529999999
256.869414559,0.245,245,5,1590.983,16336.048,6099.912,299518.258,5.17700000273e-05
256.871018136,0.245,245,3,1461.776,23605.136,6181.892,299531.666,0.00160357699997
256.870143849,150.372,81980,4,278.986,16900.4,6263.872,299568.53,0
256.871828396,81.98,81980,5,1672.963,16360.624,6264.117,299568.53,0.00168454700002
256.92596973,0.245,245,4,279.231,16901.872,6264.362,299571.074,0.054141334
256.926340698,0.245,245,5,1673.208,16361.696,6734.709,299571.074,0.00037096799997
256.927972708,756.433,262144,4,1035.664,16901.872,7439.014,299571.074,0.00163201000004
256.928118809,418.219,262144,5,2091.427,16361.696,7516.897,299571.074,0.000146100999984
256.873336967,81.98,81980,3,1543.756,23608.208,7698.727,299572.098,0
256.930933066,181.83,156075,5,2273.257,16361.696,7698.972,299572.098,0.057596099
256.932357515,0.245,245,3,1544.001,23609.248,7724.727,299577.234,0.00142444899996
256.871563314,81.98,81980,6,1485.667,18130.096,7986.871,299577.234,0
256.935891849,0.245,245,6,1485.912,18131.216,8997.105,299583.474,0.064328535
256.9383426,403.739,262144,6,1889.651,18131.216,9401.983,299583.474,0.00245075100003
256.940021128,152.87,141595,6,2042.521,18131.216,9554.853,299583.474,0.00167852800001
256.868979037,81.98,81980,7,1213.404,23892.144,9566.128,299590.61,0
256.265064293,0.221,221,2,68.73,200633.026,9566.505,299601.874,0
257.26593452,0.221,221,2,68.951,200649.41,9566.726,299625.234,1.000870227
258.26821622,0.221,221,2,69.172,200665.794,9566.947,299677.458,1.0022817
259.193756586,0.111,111,2,69.283,200682.178,9567.058,299693.842,0.925540366
256.933580607,25.755,25755,5,2299.012,32949.472,9567.279,316282.642,0
259.269497985,0.221,221,2,69.504,200698.562,9567.525,316294.93,2.335917378
256.935784782,1273.272,262144,3,2817.273,46893.76,9567.746,339589.906,0
256.941324024,11.275,11275,6,2053.796,34569.488,9567.992,356072.21,0.005539242
260.270813893,0.221,221,2,69.725,200714.946,9568.238,356092.69,3.329489869
256.930373247,77.883,77883,4,1113.547,33453.648,9568.459,372651.634,0
260.26600189,0.246,246,5,2299.258,32959.712,9568.705,396398.194,3.335628643
261.085131517,0.246,246,6,2054.042,34581.776,9568.874,396398.194,0.819129627
261.797394234,0.246,246,4,1113.793,33459.792,9569.043,396398.194,0.712262717
256.994571342,0.377,377,7,1213.781,47669.424,9569.212,396398.194,0
260.632307081,0.246,246,3,2817.519,46942.912,9569.381,396398.194,3.637735739
262.109291502,0.169,169,5,2299.427,32964.32,9569.55,396429.394,1.476984421
262.110019786,0.169,169,4,1113.962,33461.808,9569.719,396429.394,0.00072828399999
262.109523666,0.169,169,6,2054.211,34584.848,9569.888,396429.394,0
262.110083245,0.169,169,7,1213.95,47678.64,9570.057,396429.394,0.000559579000026
262.110192859,0.169,169,3,2817.688,46955.2,9570.226,396429.394,0.000109613999996
262.116335245,0.169,169,7,1214.119,47680.176,9570.395,396435.938,0.00614238600002
262.116053579,0.169,169,5,2299.596,32965.328,9570.641,396437.442,0
262.116150628,0.169,169,4,1114.131,33462.768,9570.81,396437.442,9.70490000327e-05
262.11624892,0.169,169,6,2054.38,34585.84,9570.979,396437.442,9.82919999615e-05
262.147965148,0.246,246,7,1214.365,47681.68,9571.148,396437.442,0.0317162280001
262.116428993,0.169,169,3,2817.857,46957.248,9571.317,396437.442,0
261.27182944,0.221,221,2,69.946,200731.33,9571.486,396455.17,0
262.195700667,0.111,111,2,70.057,200747.714,9571.597,396471.554,0.923871227
262.155170498,0.169,169,6,2054.549,34587.728,9571.818,396479.746,0
262.155227591,0.169,169,7,1214.534,47683.568,9580.152,396479.746,5.70930000094e-05
262.155053334,0.169,169,4,1114.3,33464.592,9588.486,396479.746,0
262.154985718,0.169,169,5,2299.765,32967.248,9596.82,396479.746,0
262.155318265,0.169,169,3,2818.026,46959.264,9605.154,396479.746,0.000332547000028
262.349374765,8.334,8334,7,1222.868,47686.832,9613.488,396489.826,0.1940565
262.349665843,8.334,8334,4,1122.634,33467.744,9613.733,396494.834,0.000291078000032
262.350031199,8.334,8334,5,2308.099,32970.528,9613.978,396494.834,0.000365355999975
262.350392466,8.334,8334,3,2826.36,46965.76,9614.223,396499.778,0.000361267000017
262.353538418,0.245,245,7,1223.113,47687.952,9614.468,396500.242,0.00314595200001
262.354757784,0.245,245,4,1122.879,33469.152,10144.832,396501.698,0.00121936599999
262.354925171,0.245,245,5,2308.344,32971.52,10803.542,396502.354,0.000167386999976
262.349056173,8.334,8334,6,2062.883,34590.992,11259.192,396503.378,0
262.355849029,0.245,245,3,2826.605,46966.736,11259.437,396503.698,0.006792856
262.356750646,530.364,262144,4,1653.243,33469.152,11715.087,396504.402,0.000901617000011
262.357182436,455.65,262144,5,2763.994,32971.52,11843.433,396504.402,0.000431789999993
262.357781071,0.245,245,6,2063.128,34592.032,12100.125,396504.738,0.00059863499996
262.361790544,256.692,193506,5,3020.686,32971.52,12519.575,396505.73,0.004009473
262.359277878,455.65,262144,3,3282.255,46966.736,12582.761,396505.73,0
262.36513975,305.924,193506,3,3588.179,46966.736,12888.685,396505.73,0.00586187200003
262.363766264,419.45,262144,6,2482.578,34592.032,13032.433,396505.73,0
262.367893897,143.748,112418,3,3731.927,46966.736,13245.685,396506.69,0.004127633
262.368380569,213.252,157306,6,2695.83,34592.032,13277.015,396506.69,0.000486672000022
262.272752852,0.221,221,2,70.278,200764.098,13332.961,396518.914,0
263.273665092,0.221,221,2,70.499,200780.482,13333.182,396541.426,1.00091224
264.274328784,0.221,221,2,70.72,200796.866,13333.403,396570.738,1.000663692
262.364752101,63.186,63186,5,3083.872,32975.392,13333.514,396578.93,0
262.360965908,128.346,128346,4,1781.589,33477.456,13341.964,396578.93,0
262.370102401,31.33,31330,3,3763.257,46971.856,13350.414,396578.93,0.00913649299997
262.355942683,658.71,262144,7,1881.823,47691.824,13358.864,396578.93,0
262.370441796,55.946,55946,6,2751.776,34595.904,13367.314,396578.93,0.014499113
265.226064055,8.45,8450,7,1890.273,47697.968,13375.764,396638.322,2.855622259
265.225399239,8.45,8450,4,1790.039,33526.608,13376.009,396654.706,0
265.230342189,0.245,245,7,1890.518,47699.008,13376.254,396655.746,0.00494294999999
265.226409743,8.45,8450,6,2760.226,34603.072,13458.234,396658.818,0
265.225762424,8.45,8450,3,3771.707,46996.432,13458.479,396667.01,0
265.231036421,0.245,245,4,1790.284,33527.936,13458.724,396671.042,0.00527399700002
265.233019181,0.245,245,6,2760.471,34604.048,13540.704,396671.97,0.00198275999998
265.233701915,0.245,245,3,3771.952,46997.328,13622.684,396672.258,0.000682734000009
265.225151277,8.45,8450,5,3092.322,32982.56,13704.664,396693.25,0
265.198188921,0.111,111,2,70.831,200813.25,13705.008,396702.978,0
265.234628331,81.98,81980,4,1872.264,33540.224,13705.229,396715.266,0.03643941
265.285571673,0.245,245,4,1872.509,33541.488,13705.474,396716.53,0.050943342
265.287400213,558.208,262144,4,2430.717,33541.488,14263.682,396716.53,0.00182854000002
265.231977065,81.98,81980,7,1972.498,47702.08,14275.49,396717.554,0
265.2931153,0.245,245,7,1972.743,47703.056,14275.735,396720.578,0.061138235
265.294927048,476.84,262144,7,2449.583,47703.056,14752.575,396721.586,0.00181174799997
265.240782874,0.344,344,5,3092.666,32985.104,14829.543,396721.586,0
265.235110789,81.98,81980,6,2842.451,34606.592,14829.821,396722.594,0
265.236087689,81.98,81980,3,3853.932,47003.472,14830.099,396724.642,0.000976900000012
265.275148711,0.221,221,2,71.052,200829.634,14830.377,396736.802,0.039061022
266.276198866,0.221,221,2,71.273,200846.018,14830.598,396756.45,1.001050155
267.277062452,0.221,221,2,71.494,200862.402,14830.819,396776.306,1.000863586
268.19988952,0.111,111,2,71.605,200878.786,14830.93,396796.05,0.922827068
265.296442945,0.278,278,5,3092.944,49443.488,14831.151,413258.386,0
265.29638202,76.968,76968,7,2526.551,71528.72,14831.397,445552.898,0
265.300252751,0.278,278,3,3854.21,65894.624,14831.643,468605.186,0.00387073100001
268.526345861,0.246,246,5,3093.19,49468.064,14831.889,480586.498,3.22609311
265.28956899,11.808,11808,4,2442.525,58090.272,14832.058,480586.498,0
268.852985444,0.246,246,7,2526.797,71569.68,14832.227,480586.498,3.563416454
268.940718806,0.246,246,3,3854.456,65899.232,14832.396,480586.498,0.087733362
265.297530716,0.278,278,6,2842.729,34610.832,14832.565,480586.498,0
269.030471929,0.169,169,4,2442.694,58098.464,14832.734,480607.986,3.732941213
269.030637033,0.169,169,7,2526.966,71577.872,14832.903,480607.986,0.000165104000018
269.030957383,0.169,169,6,2842.898,34612.88,14833.072,480607.986,0.000320349999981
269.03076554,0.169,169,3,3854.625,65900.24,14833.241,480607.986,0
269.03044756,0.169,169,5,3093.359,49470.112,14833.41,480607.986,0
269.034454179,0.169,169,5,3093.528,49474.208,14833.579,480633.986,0.00400661899999
269.033519138,0.169,169,4,2442.863,58104.608,14833.748,480633.986,0
269.03378216,0.169,169,6,2843.067,34614.896,14833.917,480633.986,0.000263022000013
269.033650586,0.169,169,7,2527.135,71590.16,14834.086,480633.986,0
269.034264564,0.169,169,3,3854.794,65901.696,14834.255,480633.986,0.00061397799999
269.040605878,0.169,169,4,2443.032,58106.128,14834.424,480642.85,0.006341314
268.277835665,0.221,221,2,71.826,200895.17,14834.67,480653.954,0
269.040734359,0.169,169,6,2843.236,50708.928,14834.891,496754.754,0.762898694
269.040533244,0.169,169,5,3093.697,49476.224,14835.137,496756.706,0
269.049401521,0.246,246,4,2443.278,58108.048,14835.306,496756.706,0.00886827699998
269.406803351,0.246,246,6,2843.482,50710.88,14835.475,496756.706,0.35740183
269.040784968,0.169,169,7,2527.304,71593.232,14835.644,496756.706,0
269.04088417,0.169,169,3,3854.963,65903.52,14835.813,496756.706,9.92020000012e-05
269.411868977,0.169,169,4,2443.447,58109.408,14835.982,496764.098,0.370984807
269.412025992,0.169,169,3,3855.132,65904.8,14844.316,496764.098,0.000157015000013
269.41190564,0.169,169,6,2843.651,50712.256,14852.65,496764.098,0
269.411793024,0.169,169,5,3093.866,49477.648,14860.984,496764.098,0
269.41196623,0.169,169,7,2527.473,71595.184,14869.318,496764.098,0.000173205999999
269.604888555,8.334,8334,3,3863.466,65907.744,14877.652,496769.218,0.192922325
269.609479878,0.245,245,3,3863.711,65908.576,14877.897,496770.05,0.004591323
269.611294047,456.371,262144,3,4320.082,65908.576,15334.268,496770.05,0.001814169
269.605241766,8.334,8334,6,2851.985,50715.424,15638.738,496771.042,0
269.612955966,0.245,245,6,2852.23,50716.32,15787.264,496771.938,0.00771420000001
269.615446519,531.806,262144,6,3384.036,50716.32,16319.07,496771.938,0.00249055299997
269.605889698,8.334,8334,7,2535.807,71598.528,16448.137,496775.73,0
269.618338284,0.245,245,7,2536.052,71599.424,16448.382,496777.074,0.012448586
269.62048043,466.646,262144,7,3002.698,71599.424,16915.028,496777.074,0.00214214599998
269.605567564,8.334,8334,5,3102.2,49480.928,16978.935,496782.85,0
269.604610151,8.334,8334,4,2451.781,58112.56,16979.279,496786.994,0
269.278650536,0.221,221,2,72.047,200911.554,16979.656,496796.146,0
270.279486883,0.221,221,2,72.268,200927.938,16979.877,496812.53,1.000836347
271.201569362,0.111,111,2,72.379,200944.322,16979.988,496828.914,0.922082479
271.280211119,0.221,221,2,72.6,200960.706,16980.209,496857.442,0.078641757
269.622096226,63.907,63907,7,3066.605,71603.952,16980.43,496868.882,0
269.612509839,452.751,194227,3,4772.833,65912.496,16988.88,496868.882,0
269.616640601,129.067,129067,6,3513.103,50720.528,16997.33,496868.882,0.00413076199999
269.853464849,0.344,344,5,3102.544,49484.8,17005.78,496868.882,0.236824248
270.260338299,0.377,377,4,2452.158,58116.768,17014.23,496868.882,0.40687345
272.778029882,8.45,8450,7,3075.055,71618.288,17022.68,496890.818,2.517691583
272.78294891,0.245,245,7,3075.3,71619.12,17022.925,496895.746,0.00491902800002
272.778421285,8.45,8450,3,4781.283,65919.072,17104.908,496901.89,0
272.779398974,8.45,8450,5,3110.994,49490.944,17105.153,496920.322,0.000977689000024
272.779849267,8.45,8450,4,2460.608,58135.2,17105.398,496920.322,0.000450292999972
272.793256054,0.245,245,3,4781.528,65919.824,17105.643,496922.882,0.013406787
272.79391115,0.245,245,4,2460.853,58136.384,17187.626,496922.882,0.000655096000003
272.793535667,0.245,245,5,3111.239,49491.872,17269.609,496923.186,0
272.778920704,8.45,8450,6,3521.553,50739.984,17351.592,496939.57,0
272.797063021,0.278,278,6,3521.831,50740.816,17351.87,496971.122,0.018142317
272.785079399,81.983,81983,7,3157.283,71623.216,17433.853,496999.794,0
272.840270381,0.245,245,7,3157.528,71623.968,17434.098,497000.546,0.055190982
272.841958852,478.086,262144,7,3635.614,71623.968,17912.184,497000.546,0.00168847100002
272.795387423,81.983,81983,4,2542.836,58173.248,17989.775,497012.834,0
272.844168541,0.245,245,4,2543.081,58174.368,17990.02,497013.954,0.048781118
272.846576245,555.733,262144,4,3098.814,58174.368,18545.753,497014.978,0.00240770400001
272.799139143,81.983,81983,6,3603.814,50777.68,18556.736,497027.266,0
272.795604188,81.983,81983,5,3193.222,49494.944,18557.014,497034.434,0
272.795270744,81.983,81983,3,4863.511,65929.04,18557.325,497044.642,0
272.281005485,0.221,221,2,72.821,200977.09,18557.702,497052.834,0
273.281875338,0.221,221,2,73.042,200993.474,18557.923,497074.338,1.000869853
274.203435159,0.111,111,2,73.153,201009.858,18558.034,497092.258,0.921559821
274.282825873,0.221,221,2,73.374,201026.242,18558.255,497108.642,0.079390714
275.283765352,0.221,221,2,73.595,201042.626,18558.476,497125.026,1.000939479
272.843244286,77.591,77591,7,3713.205,92136.576,18558.697,533391.874,0
272.848769874,10.983,10983,4,3109.797,79611.808,18558.943,591494.402,0.00552558800001
272.850132816,0.278,278,6,3604.092,84966.992,18559.189,600993.026,0.00136294199996
272.854034226,0.311,311,5,3193.533,82426.496,18559.435,606227.714,0.00390141000003
276.522653174,0.246,246,4,3110.043,79624.096,18559.604,606227.714,3.668618948
276.549862556,0.246,246,6,3604.338,84991.568,18559.773,606227.714,0.027209382
276.411893709,0.246,246,7,3713.451,92142.72,18559.942,606227.714,0
272.869775233,0.377,377,3,4863.888,65930.576,18560.111,606227.714,0
276.630546773,0.169,169,5,3193.702,82429.568,18560.28,606244.002,3.76077154
276.630680472,0.169,169,4,3110.212,79627.168,18560.449,606244.002,0.000133699000003
276.630687701,0.169,169,6,3604.507,84997.712,18560.618,606244.002,7.22900000483e-06
276.630777272,0.169,169,7,3713.62,92144.736,18560.787,606244.002,8.95709999895e-05
276.630977673,0.169,169,3,4864.057,65932.56,18560.956,606244.002,0.000200401000029
276.637002402,0.169,169,5,3193.871,82431.04,18561.125,606251.746,0.00602472899999
276.637126989,0.169,169,4,3110.381,79628.624,18561.294,606251.746,0.000124587000016
276.637321068,0.169,169,7,3713.789,92146.624,18561.463,606251.746,0.000194078999982
276.637479808,0.169,169,3,4864.226,65933.968,18561.632,606251.746,0.000158740000018
276.637238602,0.169,169,6,3604.676,84999.232,18561.801,606251.746,0
276.643459117,0.169,169,5,3194.04,82431.984,18561.97,606255.442,0.006220515
276.284584774,0.221,221,2,73.816,201059.01,18562.216,606266.274,0
276.643845927,0.169,169,3,4864.395,85517.104,18562.327,625873.09,0.359261153
276.656008338,0.246,246,5,3194.286,82434.624,18562.573,625874.978,0.012162411
276.643566294,0.169,169,4,3110.55,79629.088,18562.742,625874.978,0
276.644080254,0.169,169,6,3604.845,84999.728,18562.911,625874.978,0.000513960000035
276.643735822,0.169,169,7,3713.958,92147.52,18563.08,625874.978,0
277.81892293,0.246,246,3,4864.641,85518.992,18563.249,625874.978,1.175187108
277.825210717,0.169,169,3,4864.81,85521.168,18563.418,625883.698,0.00628778700002
277.824831486,0.169,169,5,3194.455,82436.224,18571.752,625883.698,0
277.824987571,0.169,169,4,3110.719,79630.448,18580.086,625883.698,0.000156085000015
277.825181268,0.169,169,7,3714.127,92149.216,18588.42,625883.698,0.000193696999986
277.825016779,0.169,169,6,3605.014,85001.616,18596.754,625883.698,0
278.036853853,8.334,8334,3,4873.144,85524.112,18605.088,625895.73,0.211837074
278.037195234,8.334,8334,5,3202.789,82439.312,18605.333,625895.73,0.000341380999998
278.037556717,8.334,8334,4,3119.053,79633.6,18605.578,625897.65,0.000361482999949
278.037954488,8.334,8334,7,3722.461,92151.744,18605.823,625898.114,0.000397771000053
278.041178491,0.245,245,3,4873.389,85524.8,18606.068,625898.914,0.00322400299996
278.041203817,0.245,245,5,3203.034,82440.16,19084.15,625901.378,2.53260000136e-05
278.038376267,8.334,8334,6,3613.348,85004.88,19756.45,625901.714,0
278.042164886,0.245,245,4,3119.298,79634.64,19871.273,625901.714,0.00378861900003
278.042550517,0.245,245,7,3722.706,92152.432,20403.061,625901.938,0.000385630999972
278.043776661,456.362,262144,5,3659.396,82440.16,20869.689,625901.938,0.00122614399999
278.04311814,808.598,262144,3,5681.987,85524.8,21127.805,625902.45,0
278.044180118,531.788,262144,4,3651.086,79634.64,21270.081,625902.45,0.001061978
278.046143851,142.276,114578,3,5824.263,85524.8,21399.139,625902.69,0.00196373300003
278.044113313,0.245,245,6,3613.593,85005.632,21426.837,625902.69,0
278.045617084,258.116,194218,5,3917.512,82440.16,21846.999,625902.69,0.00150377099999
278.044734118,466.628,262144,7,4189.334,92152.432,21910.897,625902.69,0
278.049490658,420.162,262144,6,4033.755,85005.632,21974.795,625902.69,0.00475654000002
278.056411181,214.676,158018,6,4248.431,85005.632,22189.471,625903.586,0.00692052299996
277.205358065,0.111,111,2,73.927,201091.778,22246.129,625918.482,0
278.287070507,0.221,221,2,74.148,201108.162,22246.35,625938.226,1.081712442
279.287779718,0.221,221,2,74.369,201124.546,22246.571,625957.586,1.000709211
280.207017483,0.111,111,2,74.48,201140.93,22246.682,625977.218,0.919237765
278.049428241,27.698,27698,3,5851.961,85528.72,22246.903,625997.378,0
278.049010567,129.058,129058,4,3780.144,79638.848,22255.353,625997.378,0
278.050765345,63.898,63898,7,4253.232,92159.328,22263.803,625997.378,0.00175477800002
278.050117407,63.898,63898,5,3981.41,82443.792,22272.253,625997.378,0
278.05867723,56.658,56658,6,4305.089,85016.128,22280.703,625997.378,0.00855982299998
281.070478245,8.45,8450,3,5860.411,85539.392,22289.153,626087.17,3.011801015
281.075037128,0.245,245,3,5860.656,85540.0,22289.398,626153.314,0.00455888300002
281.070756219,8.45,8450,4,3788.594,79674.688,22371.376,626153.314,0
281.071780096,8.45,8450,6,4313.539,85114.432,22371.621,626153.314,0.00102387700002
281.071449334,8.45,8450,5,3989.86,82448.16,22371.866,626155.362,0
281.076965854,0.245,245,4,3788.839,79675.664,22372.111,626157.33,0.00551651999996
281.077088884,0.245,245,6,4313.784,85115.12,22454.089,626157.81,0.000123029999997
281.077667162,0.245,245,5,3990.105,82448.944,22536.067,626157.81,0.000578278000035
281.071118006,8.45,8450,7,4261.682,92173.664,22618.045,626184.946,0
281.083033377,0.311,311,7,4261.993,92174.272,22618.356,626202.45,0.011915371
281.076742309,81.978,81978,3,5942.634,85546.144,22700.334,626207.57,0
281.130080698,0.245,245,3,5942.879,85546.688,22700.579,626208.114,0.053338389
281.079125074,81.978,81978,6,4395.762,85139.696,23763.133,626216.306,0
281.078754025,81.978,81978,4,3870.817,79700.24,23793.14,626224.498,0
281.133532951,0.245,245,6,4396.007,85140.304,23793.385,626225.106,0.054778926
281.079349158,81.978,81978,5,4072.083,82450.96,24196.787,626226.706,0
281.134135117,0.245,245,4,3871.062,79701.136,24349.228,626226.994,0.054785959
281.135457347,555.598,262144,6,4951.605,85140.304,24752.63,626228.498,0.00132222999997
281.136798141,403.402,262144,4,4274.464,79701.136,24763.568,626228.498,0.00134079399999
281.136135987,0.245,245,5,4072.328,82451.664,24915.764,626228.722,0
281.138796461,152.196,141258,4,4426.66,79701.136,25329.302,626228.722,0.00266047400004
281.140205517,413.538,262144,5,4485.866,82451.664,25340.24,626228.722,0.001409056
281.143390987,172.468,151394,5,4658.334,82451.664,25512.708,626230.77,0.00318546999995
281.087974734,81.978,81978,7,4343.971,92178.88,25533.782,626239.41,0
281.150318421,0.377,377,7,4344.348,92179.424,25534.159,626239.954,0.062343687
281.15191085,477.996,262144,7,4822.344,92179.424,26012.155,626239.954,0.00159242899997
280.288460676,0.221,221,2,74.701,201157.314,26089.701,626249.154,0
281.289266512,0.221,221,2,74.922,201173.698,26089.922,626265.538,1.000805836
282.290104094,0.221,221,2,75.143,201190.082,26090.143,626281.922,1.000837582
283.208733435,0.111,111,2,75.254,201206.466,26090.254,626298.306,0.918629341
283.290857663,0.221,221,2,75.475,201222.85,26090.475,643442.21,0.082124228
281.144520916,21.074,21074,5,4679.408,99577.072,26090.696,643450.402,0
281.140991038,10.938,10938,4,4437.598,111415.44,26090.942,702036.802,0
281.131610945,1092.316,262144,3,7035.195,116881.408,26091.188,706505.538,0
281.1532132,77.546,77546,7,4899.89,108580.032,26091.434,722911.282,0.021602255
281.138213866,10.938,10938,6,4962.543,100861.264,26091.68,738631.218,0
284.293632436,0.246,246,5,4679.654,99579.088,26091.926,738655.794,3.15541857
284.56627492,0.246,246,4,4437.844,111427.728,26092.095,738655.794,0.272642484
284.928823193,0.246,246,6,4962.789,100885.84,26092.264,738655.794,0.362548273
284.736392368,0.246,246,7,4900.136,108583.104,26092.433,738655.794,0
284.612100124,0.246,246,3,7035.441,116887.552,26092.602,738655.794,0
284.935550192,0.169,169,5,4679.823,99580.976,26092.771,738668.338,0.323450068
284.935597428,0.169,169,4,4438.013,111428.752,26092.94,738668.338,4.72360000003e-05
284.935659698,0.169,169,6,4962.958,100891.984,26093.109,738668.818,6.22700000008e-05
284.935886035,0.169,169,3,7035.61,116889.568,26093.278,738668.818,0.000226337000015
284.935728737,0.169,169,7,4900.305,108585.056,26093.447,738668.818,0
285.026483024,0.169,169,5,4679.992,99581.872,26093.616,738675.17,0.090754287
285.026582947,0.169,169,4,4438.182,111430.8,26093.785,738675.17,9.99229999934e-05
285.026660062,0.169,169,6,4963.127,100893.504,26093.954,738675.17,7.71150000105e-05
285.026931337,0.169,169,7,4900.474,108585.984,26094.123,738675.17,0.000271274999989
285.026844892,0.169,169,3,7035.779,116890.528,26094.292,738675.17,0
285.032840518,0.169,169,5,4680.161,99582.304,26094.461,738678.898,0.00599562600001
285.033041483,0.169,169,4,4438.351,111431.296,26094.63,738678.898,0.000200964999976
285.033058741,0.169,169,6,4963.296,100894.48,26094.799,738678.898,1.7258000014e-05
285.033119669,0.169,169,7,4900.643,108586.88,26094.968,738678.898,6.09279999821e-05
285.033207898,0.169,169,3,7035.948,116891.456,26095.137,738678.898,8.82290000277e-05
285.034974982,0.169,169,5,4680.33,99583.568,26095.306,738685.154,0.00176708399999
285.035119589,0.169,169,6,4963.465,100895.424,26095.475,738685.154,0.000144606999982
285.035014967,0.169,169,4,4438.52,111432.752,26095.644,738685.154,0
285.035193043,0.169,169,7,4900.812,108588.576,26095.813,738685.154,0.000178075999997
285.035275942,0.169,169,3,7036.117,116892.352,26095.982,738685.154,8.28990000059e-05
285.0444777,0.169,169,6,4963.634,100896.336,26096.151,738691.026,0.00920175800002
285.044877262,0.169,169,3,7036.286,116893.632,26104.485,738691.026,0.000399561999984
285.044349121,0.169,169,5,4680.499,99585.136,26112.819,738691.026,0
285.044597502,0.169,169,4,4438.689,111433.68,26121.153,738691.026,0.000248381000006
285.044677562,0.169,169,7,4900.981,108589.76,26129.487,738691.026,8.00600000161e-05
285.208510912,8.334,8334,3,7044.62,116896.576,26137.821,738700.21,0.16383335
285.208244977,8.334,8334,6,4971.968,100899.504,26138.066,738700.21,0
285.208828386,8.334,8334,5,4688.833,99588.208,26138.311,738700.21,0.000583409000001
285.213522581,0.245,245,5,4689.078,99588.848,26138.556,738701.858,0.00469419500001
285.213448474,0.245,245,3,7044.865,116897.04,26400.7,738701.858,0
285.213504073,0.245,245,6,4972.213,100900.048,26662.844,738701.858,5.55990000066e-05
285.215321915,419.891,262144,6,5392.104,100900.048,27470.629,738701.858,0.00181784199998
285.215308734,456.091,262144,5,5145.169,99588.848,27684.763,738701.858,0
285.215308738,456.091,262144,3,7500.956,116897.04,27942.337,738701.858,3.9999576984e-09
285.216954334,214.134,157747,6,5606.238,100900.048,28199.911,738701.858,0.001645596
285.217604926,257.574,193947,5,5402.743,99588.848,28256.298,738701.858,0.000650592
285.218276158,257.574,193947,3,7758.53,116897.04,28319.925,738701.858,0.000671232000002
284.291682094,0.221,221,2,75.696,201239.234,28383.552,738712.738,0
285.209271268,8.334,8334,4,4447.023,111436.944,28383.773,738724.194,0.917589174
285.209628362,8.334,8334,7,4909.315,108592.416,28384.117,738727.842,0.00035709399998
285.440836635,0.377,377,7,4909.692,108592.88,28384.494,738728.306,0.231208273
285.442802309,466.086,262144,7,5375.778,108592.88,28850.58,738728.306,0.00196567400002
285.292656627,0.221,221,2,75.917,201255.618,28914.207,738737.346,0
286.210571684,0.111,111,2,76.028,201272.002,28914.318,738753.73,0.917915057
286.293501527,0.221,221,2,76.249,201288.386,28914.539,738776.338,0.082929843
285.39464828,0.344,344,4,4447.367,111440.816,28914.76,738796.722,0
285.21909048,56.387,56387,6,5662.625,100904.256,28914.89,738796.722,0
285.222242873,63.627,63627,3,7822.157,116900.96,28915.02,738796.722,0.00315239300005
285.444420513,63.627,63627,7,5439.405,108596.544,28915.15,738796.722,0.22217764
285.221321161,63.627,63627,5,5466.37,99596.128,28915.28,738796.722,0
287.294335536,0.221,221,2,76.47,201304.77,28915.41,738804.914,2.073014375
287.935950887,0.123,123,2,76.593,201321.154,28915.533,738821.298,0.641615351
288.040237723,0.123,123,2,76.716,201353.922,28915.656,738854.066,0.104286836
288.046265982,0.243,243,2,76.959,201370.306,28915.899,738870.45,0.006028259
288.295161289,0.221,221,2,77.18,201386.69,28916.12,738886.834,0.248895307
288.513690434,0.212,212,2,77.392,201394.882,28916.332,738895.026,0.218529145
