time,size,first_call,destination,dest_out_traffic,dest_in_traffic,total_network_out,total_network_in,dens10
3.625259312,0.244,244,2,0.244,24.576,0.244,26.624,0
3.673491494,0.183,183,2,0.427,40.96,0.427,43.008,0.048232182
4.688424181,0.183,183,2,0.61,57.344,0.61,59.392,1.014932687
5.689764539,0.183,183,2,0.793,73.728,0.793,75.776,1.001340358
6.690623083,0.183,183,2,0.976,90.112,0.976,92.16,1.000858544
7.691337636,0.183,183,2,1.159,106.496,1.159,108.544,1.000714553
8.692111725,0.183,183,2,1.342,122.88,1.342,124.928,1.000774089
9.692789295,0.183,183,2,1.525,139.264,1.525,141.312,1.00067757
10.693454829,0.183,183,2,1.708,155.648,1.708,157.696,1.000665534
11.694244835,0.183,183,2,1.891,163.84,1.891,165.888,1.000790006
12.297114986,0.268,268,7,0.268,8.452,2.325,176.836,0.602870151
11.710139393,0.166,166,2,2.057,174.528,2.578,193.22,0
12.701422901,0.219,219,2,2.276,207.296,2.797,225.988,0.991283508
12.807440976,0.283,283,2,2.559,223.68,3.08,242.372,0.106018075
12.850564847,0.207,207,2,2.766,240.064,3.287,258.756,0.043123871
12.891527144,0.102,102,2,2.868,248.256,3.389,266.948,0.040962297
12.335105533,0.253,253,7,0.521,24.836,3.514,88219.805,0
13.346513929,0.291,291,7,0.812,25.123,3.805,88560.958,1.011408396
12.917966345,0.125,125,2,2.993,192167.309,4.039,192202.672,0
13.702666749,0.219,219,2,3.212,321178.515,4.258,321213.878,0.784700404
13.349221221,0.234,234,7,1.046,41.507,4.383,402021.16,0
14.351057612,0.405,405,7,1.451,41.908,4.788,402551.152,1.001836391
14.096269991,0.125,125,2,3.337,484800.543,5.018,484852.691,0
14.705880276,0.219,219,2,3.556,484816.927,5.237,484869.075,0.609610285
15.14892383,0.174,174,2,3.73,484833.311,5.411,484885.459,0.443043554
15.150241458,0.188,188,2,3.918,484841.503,5.599,484893.651,0.001317628
14.352965489,0.23,230,7,1.681,58.292,5.722,485190.582,0
15.151821474,0.123,123,2,4.041,485138.434,6.373,485207.613,0.798855985
15.157537697,0.651,651,7,2.332,75.323,6.543,485223.997,0.005716223
15.181424288,0.354,170,2,4.395,485163.01,7.224,485249.066,0.023886591
15.182262118,0.497,497,7,2.829,92.2,7.347,485324.185,0.00083783
15.184042203,0.123,123,2,4.518,485238.129,7.726,485340.944,0.001780085
15.197163627,0.379,379,7,3.208,108.959,7.945,485357.328,0.013121424
15.707332986,0.219,219,2,4.737,485254.513,8.257,485390.4,0.510169359
16.708517661,0.219,219,2,4.956,485270.897,8.476,485406.784,1.001184675
17.709578839,0.219,219,2,5.175,485303.665,8.695,485439.552,1.001061178
17.867304209,0.264,264,2,5.439,485320.049,8.959,485455.936,0.15772537
18.711574457,0.219,219,2,5.658,485336.433,9.178,485472.32,0.844270248
19.712759759,0.219,219,2,5.877,485352.817,9.397,485488.704,1.001185302
19.955243651,1.228,1228,2,7.105,485361.009,10.625,485496.896,0.242483892
20.956291006,0.183,183,2,7.288,485377.393,10.808,485513.28,1.001047355
21.957660966,0.183,183,2,7.471,485393.777,10.991,485529.664,1.00136996
22.958287583,0.183,183,2,7.654,485410.161,11.174,485546.048,1.000626617
23.958918201,0.183,183,2,7.837,485426.545,11.357,485562.432,1.000630618
24.959552369,0.183,183,2,8.02,485442.929,11.54,485578.816,1.000634168
25.960180669,0.183,183,2,8.203,485459.313,11.723,485595.2,1.0006283
26.960785434,0.183,183,2,8.386,485475.697,11.906,485611.584,1.000604765
27.961552328,0.183,183,2,8.569,485483.889,12.089,485619.776,1.000766894
28.124778118,0.166,166,2,8.735,485494.813,12.255,485630.7,0.16322579
28.963346148,0.219,219,2,8.954,485511.197,12.474,485647.084,0.83856803
29.964484499,0.219,219,2,9.173,485519.389,12.693,485655.276,1.001138351
30.276757982,0.176,176,2,9.349,485521.437,12.869,485657.324,0.312273483
30.3646006,0.154,154,2,9.503,485523.997,13.023,485659.884,0.087842618
30.530446491,0.17,170,2,9.673,485526.045,13.193,485661.932,0.165845891
30.576355646,0.172,172,2,9.845,485527.069,13.365,485662.956,0.045909155
30.901658349,0.177,177,2,10.022,485528.061,13.542,485663.948,0.325302703
30.940840799,0.176,176,2,10.198,485537.213,13.718,485673.1,0.03918245
30.970361371,0.219,219,2,10.417,485537.213,13.937,485673.1,0.029520572
30.973877087,1.53,1530,2,11.947,485546.333,15.467,485682.22,0.003515716
31.055784554,1.256,1256,2,13.203,485547.229,16.723,485683.116,0.081907467
31.080359123,0.171,171,2,13.374,485556.285,16.894,485692.172,0.024574569
31.976276977,0.219,219,2,13.593,485572.669,17.113,485708.556,0.895917854
32.982276424,0.219,219,2,13.812,485589.053,17.332,485724.94,1.005999447
33.988457589,0.219,219,2,14.031,485605.437,17.551,485741.324,1.006181165
34.994020334,0.219,219,2,14.25,485621.821,17.77,485757.708,1.005562745
35.999596157,0.219,219,2,14.469,485638.205,17.989,485774.092,1.005575823
37.000177564,0.219,219,2,14.688,485654.589,18.208,485790.476,1.000581407
38.000869392,0.219,219,2,14.907,485670.973,18.427,485806.86,1.000691828
39.001462982,0.219,219,2,15.126,485687.357,18.646,485823.244,1.00059359
40.002065534,0.219,219,2,15.345,485704.125,18.865,485840.012,1.000602552
40.320873864,1.575,1575,2,16.92,485704.125,20.44,485840.012,0.31880833
40.435548099,0.286,286,2,17.206,485711.293,20.726,485847.18,0.114674235
40.516299014,0.189,189,2,17.395,485714.365,20.915,485850.252,0.080750915
40.910810239,0.286,286,2,17.681,485830.077,21.201,485965.964,0.394511225
40.925909731,0.189,189,2,17.87,485838.781,21.39,485974.668,0.015099492
41.893523614,0.235,235,8,0.235,40.96,21.844,486025.868,0.967613883
41.970975064,0.102,102,8,0.337,49.152,21.946,486034.06,0.07745145
41.00320285,0.219,219,2,18.089,485855.165,22.098,486042.252,0
42.00445152,0.219,219,2,18.308,485871.549,22.317,494846.345,1.00124867
43.005592393,0.219,219,2,18.527,485879.741,22.536,509787.035,1.001140873
44.00670368,0.219,219,2,18.746,485896.125,22.755,524075.187,1.001111287
45.007868477,0.219,219,2,18.965,485912.509,22.974,539354.434,1.001164797
46.008975939,0.219,219,2,19.184,485928.893,23.193,555162.265,1.001107462
47.010059353,0.219,219,2,19.403,485945.277,23.412,570904.023,1.001083414
48.011145098,0.219,219,2,19.622,485953.469,23.631,574744.449,1.001085745
48.252895775,2.513,2513,2,22.135,485962.669,26.144,586911.081,0.241750677
49.012219455,0.219,219,2,22.354,485979.053,26.363,602586.766,0.75932368
50.013363768,0.219,219,2,22.573,485995.437,26.582,617271.356,1.001144313
41.998390668,0.152,152,8,0.489,135300.583,26.802,621442.147,0
51.014451712,0.22,220,2,22.793,486003.629,26.954,621508.22,9.016061044
51.380046595,2.578,2578,2,25.371,486013.853,29.532,621518.444,0.365594883
51.286725513,0.152,152,8,0.641,135374.848,31.107,621526.636,0
51.451868442,0.145,145,8,0.786,135383.04,31.252,621534.828,0.165142929
51.39168431,1.575,1575,2,26.946,486022.045,31.404,628733.796,0
52.015487414,0.22,220,2,27.166,486038.429,31.624,644541.627,0.623803104
53.016499047,0.22,220,2,27.386,486054.813,31.844,659820.874,1.001011633
54.017571865,0.22,220,2,27.606,486071.197,32.064,674769.756,1.001072818
55.018732186,0.22,220,2,27.826,486087.581,32.284,690511.514,1.001160321
56.019902181,0.22,220,2,28.046,486103.965,32.504,702619.257,1.001169995
57.02069823,0.22,220,2,28.266,486120.349,32.724,718228.869,1.000796049
58.021460099,0.22,220,2,28.486,486128.541,32.944,721342.492,1.000761869
58.232107285,2.513,2513,2,30.999,486138.781,35.457,732915.507,0.210647186
59.02251076,0.22,220,2,31.219,486155.165,35.677,748657.265,0.790403475
51.455343544,0.152,152,8,0.938,271151.874,35.897,757453.166,0
60.023343459,0.22,220,2,31.439,486163.357,36.049,757519.239,8.567999915
60.631432679,2.578,2578,2,34.017,486174.621,38.627,757530.503,0.60808922
60.573617512,0.152,152,8,1.09,271226.139,40.202,757538.695,0
60.647462959,0.145,145,8,1.235,271242.523,40.347,757555.079,0.073845447
60.650063471,0.149,149,8,1.384,271250.715,40.496,757563.271,0.002600512
60.637880052,1.575,1575,2,35.592,486182.813,40.648,762860.09,0
61.024505201,0.22,220,2,35.812,486199.197,40.868,778007.191,0.386625149
62.02544644,0.22,220,2,36.032,486215.581,41.088,793088.219,1.000941239
63.026236693,0.22,220,2,36.252,486231.965,41.308,808631.758,1.000790253
64.026897388,0.22,220,2,36.472,486248.349,41.528,824241.37,1.000660695
65.027645979,0.22,220,2,36.692,486264.733,41.748,839850.982,1.000748591
66.028516055,0.22,220,2,36.912,486281.117,41.968,854535.572,1.000870076
67.029236336,0.22,220,2,37.132,486297.501,42.188,869748.746,1.000720281
68.030283166,0.22,220,2,37.352,486305.693,42.408,872928.442,1.00104683
68.231805553,2.513,2513,2,39.865,486330.269,44.921,885440.815,0.201522387
60.652045341,0.152,152,8,1.536,406901.371,45.141,893377.767,0
69.031326359,0.22,220,2,40.085,486338.461,45.293,893443.84,8.379281018
69.639022784,2.535,2535,2,42.62,486371.229,47.828,893476.608,0.607696425
69.592440626,0.152,152,8,1.688,406975.636,49.403,893484.8,0
69.65441514,0.145,145,8,1.833,406992.02,49.548,893501.184,0.061974514
69.656844742,0.149,149,8,1.982,407000.212,49.697,893509.376,0.00242960200001
69.64519082,1.575,1575,2,44.195,486379.421,49.849,899070.487,0
70.032403168,0.22,220,2,44.415,486395.805,50.069,914349.734,0.387212348
71.033562865,0.22,220,2,44.635,486412.189,50.289,929827.2,1.001159697
72.034313323,0.22,220,2,44.855,486428.573,50.509,945370.739,1.000750458
73.03506651,0.22,220,2,45.075,486444.957,50.729,960980.351,1.000753187
74.035927564,0.22,220,2,45.295,486477.725,50.949,991935.283,1.000861054
76.037542426,0.22,220,2,45.515,486494.109,51.169,1007214.53,2.001614862
77.038211294,0.22,220,2,45.735,486510.493,51.389,1022559.85,1.000668868
78.038854955,0.22,220,2,45.955,486518.685,51.609,1025277.035,1.000643661
69.659771034,0.152,152,8,2.134,542650.868,54.122,1029438.56,0
78.230251522,2.513,2513,2,48.468,486649.757,54.274,1029692.595,8.570480488
78.550211947,2.535,2535,2,51.003,486715.293,56.809,1029758.131,0.319960425
78.499227954,0.152,152,8,2.286,542913.095,58.384,1029766.323,0
78.562266077,0.145,145,8,2.431,542929.479,58.529,1029782.707,0.063038123
78.564396375,0.149,149,8,2.58,542937.671,58.678,1029790.899,0.002130298
78.555927678,1.575,1575,2,52.578,486723.485,58.83,1037547.529,0
79.03989374,0.22,220,2,52.798,486739.869,59.05,1053157.141,0.483966062
80.041055003,0.22,220,2,53.018,486756.253,59.27,1067973.877,1.001161263
81.042103808,0.22,220,2,53.238,486772.637,59.49,1083649.562,1.001048805
82.042791672,0.22,220,2,53.458,486789.021,59.71,1099391.32,1.000687864
83.043460046,0.22,220,2,53.678,486805.405,59.93,1115133.078,1.000668374
84.044140691,0.22,220,2,53.898,486821.789,60.15,1130478.398,1.000680645
85.044728096,0.22,220,2,54.118,486838.173,60.37,1145889.791,1.000587405
86.045714331,0.22,220,2,54.338,486854.557,60.59,1160904.746,1.000986235
78.566508658,0.152,152,8,2.732,678999.875,60.81,1166000.559,0
87.046499678,0.22,220,2,54.558,486862.749,60.962,1166066.632,8.47999102
87.433656053,2.535,2535,2,57.093,486911.901,63.497,1166115.784,0.387156375
87.382893486,0.152,152,8,2.884,679074.14,65.072,1166123.976,0
87.448975469,0.145,145,8,3.029,679090.524,65.217,1166140.36,0.066081983
87.450751991,0.149,149,8,3.178,679098.716,65.366,1166148.552,0.001776522
87.439888403,1.575,1575,2,58.668,486920.093,65.518,1175160.317,0
88.047554513,0.22,220,2,58.888,486928.285,65.738,1178207.867,0.60766611
88.235694014,2.513,2513,2,61.401,486952.861,68.251,1190918.459,0.188139501
89.048985797,0.22,220,2,61.621,486969.245,68.471,1206461.998,0.813291783
90.049780745,0.22,220,2,61.841,486985.629,68.691,1222335.902,1.000794948
91.050706492,0.22,220,2,62.061,487002.013,68.911,1237945.514,1.000925747
92.051564078,0.22,220,2,62.281,487018.397,69.131,1253687.272,1.000857586
93.052189061,0.22,220,2,62.501,487034.781,69.351,1269296.884,1.000624983
94.052861585,0.22,220,2,62.721,487051.165,69.571,1284774.35,1.000672524
95.05370204,0.22,220,2,62.941,487067.549,69.791,1299987.524,1.000840455
87.453006344,0.152,152,8,3.33,814632.084,70.011,1301845.76,0
96.054678473,0.22,220,2,63.161,487075.741,70.163,1301939.735,8.601672129
96.22174596,2.535,2535,2,65.696,487108.509,72.698,1301972.503,0.167067487
96.17290502,0.152,152,8,3.482,814734.251,74.273,1301980.695,0
96.232693374,0.145,145,8,3.627,814750.635,74.418,1301997.079,0.059788354
96.236456066,0.149,149,8,3.776,814758.827,74.567,1302005.271,0.00376269200001
96.227632047,1.575,1575,2,67.271,487116.701,74.719,1314141.291,0
97.055689971,0.22,220,2,67.491,487133.085,74.939,1329552.684,0.828057924
98.056390161,0.22,220,2,67.711,487141.277,75.159,1332071.65,1.00070019
98.230268259,2.513,2513,2,70.224,487215.005,77.672,1345095.686,0.173878098
99.057368704,0.22,220,2,70.444,487231.389,77.892,1360507.079,0.827100445
100.058469996,0.22,220,2,70.664,487247.773,78.112,1376050.618,1.001101292
101.05952717,0.22,220,2,70.884,487264.157,78.332,1391858.449,1.001057174
102.060593953,0.22,220,2,71.104,487280.541,78.552,1407534.134,1.001066783
103.061569054,0.22,220,2,71.324,487296.925,78.772,1423143.746,1.000975101
96.238573375,0.152,152,8,3.928,950311.019,78.992,1437754.071,0
104.062539284,0.22,220,2,71.544,487313.309,79.144,1437828.336,7.823965909
105.063502058,0.22,220,2,71.764,487321.501,79.364,1437836.528,1.000962774
105.065461245,2.535,2535,2,74.299,487419.805,81.899,1437934.832,0.001959187
105.017975279,0.152,152,8,4.08,950385.284,83.474,1437943.024,0
105.082607356,0.145,145,8,4.225,950401.668,83.619,1437959.408,0.064632077
105.084978413,0.149,149,8,4.374,950409.86,83.768,1437967.6,0.002371057
105.071651822,1.575,1575,2,75.874,487427.997,83.92,1452976.516,0
106.064557854,0.22,220,2,76.094,487460.765,84.14,1484129.667,0.992906032
108.066159163,0.22,220,2,76.314,487468.957,84.36,1486780.779,2.001601309
108.229031622,2.513,2513,2,78.827,487509.917,86.873,1499573.828,0.162872459
109.067080019,0.22,220,2,79.047,487526.301,87.093,1515051.294,0.838048397
110.067811708,0.22,220,2,79.267,487542.685,87.313,1530594.833,1.000731689
111.068701548,0.22,220,2,79.487,487559.069,87.533,1546006.226,1.00088984
112.069759739,0.22,220,2,79.707,487575.453,87.753,1561681.911,1.001058191
105.086785819,0.152,152,8,4.526,1085993.809,87.973,1573715.389,0
113.07076516,0.22,220,2,79.927,487583.645,88.125,1573811.202,7.983979341
113.939061839,2.535,2535,2,82.462,487632.797,90.66,1573860.354,0.868296679
113.886809113,0.152,152,8,4.678,1086097.814,92.235,1573868.546,0
113.950634203,0.145,145,8,4.823,1086114.198,92.38,1573884.93,0.06382509
113.954150924,0.149,149,8,4.972,1086122.39,92.529,1573893.122,0.003516721
113.944964983,1.575,1575,2,84.037,487640.989,92.681,1575504.711,0
114.072196426,0.22,220,2,84.257,487657.373,92.901,1591180.396,0.127231443
115.07404486,0.22,220,2,84.477,487673.757,93.121,1606790.008,1.001848434
116.075100587,0.22,220,2,84.697,487690.141,93.341,1622465.693,1.001055727
117.075774421,0.22,220,2,84.917,487706.525,93.561,1638075.305,1.000673834
118.076402719,0.22,220,2,85.137,487714.717,93.781,1640462.125,1.000628298
118.229557994,2.513,2513,2,87.65,487739.293,96.294,1653833.447,0.153155275
119.077368915,0.22,220,2,87.87,487755.677,96.514,1669641.278,0.847810921
120.078346155,0.22,220,2,88.09,487772.061,96.734,1685449.109,1.00097724
121.079068567,0.22,220,2,88.31,487788.445,96.954,1701323.013,1.000722412
113.956018805,0.152,152,8,5.124,1221655.758,97.174,1709590.33,0
122.079755424,0.22,220,2,88.53,487796.637,97.326,1709684.305,8.123736619
122.66995433,2.535,2535,2,91.065,487829.405,99.861,1709717.073,0.590198906
122.61777825,0.152,152,8,5.276,1221757.925,101.436,1709725.265,0
122.68433065,0.145,145,8,5.421,1221774.309,101.581,1709741.649,0.0665524
122.686104575,0.149,149,8,5.57,1221782.501,101.73,1709749.841,0.00177392499999
122.677374031,1.575,1575,2,92.64,487837.597,101.882,1715255.393,0
123.080762014,0.22,220,2,92.86,487853.981,102.102,1731129.297,0.403387983
124.081700764,0.22,220,2,93.08,487870.365,102.322,1746871.055,1.00093875
125.082460993,0.22,220,2,93.3,487886.749,102.542,1762877.105,1.000760229
126.083204569,0.22,220,2,93.52,487903.133,102.762,1778817.082,1.000743576
127.083925295,0.22,220,2,93.74,487919.517,102.982,1794690.986,1.000720726
128.084515532,0.22,220,2,93.96,487927.709,103.202,1796879.587,1.000590237
128.22876684,2.513,2513,2,96.473,488066.973,105.715,1810431.67,0.144251308
129.08564238,0.22,220,2,96.693,488083.357,105.935,1826041.282,0.85687554
130.087079332,0.22,220,2,96.913,488099.741,106.155,1841716.967,1.001436952
122.688001779,0.152,152,8,5.722,1357311.525,106.376,1845557.393,0
131.088592393,0.221,221,2,97.134,488107.933,106.528,1845714.022,8.400590614
131.374403015,2.535,2535,2,99.669,488173.469,109.063,1845779.558,0.285810622
131.328065877,0.152,152,8,5.874,1357476.346,110.638,1845787.75,0
131.387771597,0.145,145,8,6.019,1357492.73,110.783,1845804.134,0.05970572
131.389415722,0.149,149,8,6.168,1357500.922,110.932,1845812.326,0.00164412499998
131.380158483,1.575,1575,2,101.244,488181.661,111.084,1857013.24,0
132.08956867,0.221,221,2,101.465,488198.045,111.305,1873217.509,0.709410187
133.090465937,0.221,221,2,101.686,488214.429,111.526,1889223.559,1.000897267
134.092609535,0.221,221,2,101.907,488230.813,111.747,1904965.317,1.002143598
135.093713054,0.221,221,2,102.128,488247.197,111.968,1920971.367,1.001103519
136.094711771,0.221,221,2,102.349,488263.581,112.189,1936845.271,1.000998717
137.095634301,0.221,221,2,102.57,488279.965,112.41,1952983.467,1.00092253
138.096442151,0.221,221,2,102.791,488288.157,112.631,1955172.068,1.00080785
131.391404798,0.152,152,8,6.32,1493241.249,115.144,1981732.877,0
138.229085888,2.513,2513,2,105.304,488353.693,115.296,1981869.234,6.83768109
139.976955844,2.535,2535,2,107.839,488386.461,117.831,1981902.002,1.747869956
139.931758111,0.152,152,8,6.472,1493385.798,119.406,1981910.194,0
139.986793088,0.145,145,8,6.617,1493402.182,119.551,1981926.578,0.055034977
139.998659401,0.149,149,8,6.766,1493410.374,119.7,1981934.77,0.011866313
139.982296389,1.575,1575,2,109.414,488394.653,119.852,1983690.128,0
140.098614623,0.221,221,2,109.635,488411.037,120.073,1999285.151,0.116318234
141.099662385,0.221,221,2,109.856,488427.421,120.294,2014828.69,1.001047762
142.100577283,0.221,221,2,110.077,488443.805,120.515,2030702.594,1.000914898
143.101550388,0.221,221,2,110.298,488460.189,120.736,2045915.768,1.000973105
144.102357551,0.221,221,2,110.519,488476.573,120.957,2061987.891,1.000807163
145.103025653,0.221,221,2,110.74,488492.957,121.178,2077597.503,1.000668102
146.104000102,0.221,221,2,110.961,488509.341,121.399,2093074.969,1.000974449
147.10483229,0.221,221,2,111.182,488525.725,121.62,2108288.143,1.000832188
148.106146289,0.221,221,2,111.403,488533.917,121.841,2110146.379,1.001313999
139.999842286,0.152,152,8,6.918,1629601.506,124.354,2118404.43,0
148.228954479,2.513,2513,2,113.916,488664.989,124.506,2118561.059,8.229112193
148.777137288,2.535,2535,2,116.451,488673.181,127.041,2118569.251,0.548182809
149.107160632,0.221,221,2,116.672,488689.565,127.262,2118585.635,0.330023344
150.10778931,0.221,221,2,116.893,488705.949,127.483,2118602.019,1.000628678
151.10828826,0.221,221,2,117.114,488779.677,127.704,2118675.747,1.00049895
151.212829983,1.575,1575,2,118.689,488779.677,129.279,2118675.747,0.104541723
151.224355516,0.286,286,2,118.975,488959.901,129.565,2118855.971,0.011525533
151.23169081,0.189,189,2,119.164,488984.477,129.754,2118880.547,0.007335294
151.253324919,0.249,249,2,119.413,488996.765,130.003,2118892.835,0.021634109
151.29742633,0.152,152,6,0.152,1.024,130.569,2118903.075,0.044101411
151.268087722,0.114,114,2,119.527,489011.101,130.719,2456202.019,0
152.109174658,0.221,221,2,119.748,489027.485,130.94,2638883.619,0.841086936
153.110524991,0.221,221,2,119.969,489043.869,131.161,2638900.003,1.001350333
154.111522352,0.221,221,2,120.19,489060.253,131.382,2638916.387,1.000997361
155.11256304,0.221,221,2,120.411,489076.637,131.603,2638932.771,1.001040688
156.113881365,0.221,221,2,120.632,489093.021,131.824,2638949.155,1.001318325
157.114977,0.221,221,2,120.853,489109.405,132.045,2638965.539,1.001095635
158.115986335,0.221,221,2,121.074,489117.597,132.266,2638973.731,1.001009335
158.230302972,2.513,2513,2,123.587,489128.861,134.931,2704981.795,0.114316637
159.11695605,0.221,221,2,123.808,489145.245,135.152,2704998.179,0.886653078
151.300544296,0.15,150,3,0.15,144902.144,135.373,2705006.371,0
160.117922329,0.221,221,2,124.029,489161.629,135.525,2770779.939,8.817378033
161.118874343,0.221,221,2,124.25,489178.013,135.746,2770796.323,1.000952014
151.302850167,0.15,150,4,0.15,131820.032,135.967,2770804.515,0
162.11982443,0.221,221,2,124.471,489194.397,136.101,2826477.347,10.816974263
163.120924474,0.221,221,2,124.692,489210.781,136.322,2826493.731,1.001100044
158.450709613,0.152,152,5,0.152,65996.8,136.543,2826501.923,0
164.121988709,0.221,221,2,124.913,489227.165,136.693,2853199.651,5.671279096
165.125823076,0.221,221,2,125.134,489243.549,136.914,2894077.731,1.003834367
166.127070979,0.221,221,2,125.355,489259.933,137.135,2894094.115,1.001247903
167.128252642,0.221,221,2,125.576,489276.317,137.356,2894110.499,1.001181663
168.129263634,0.221,221,2,125.797,489284.509,137.577,2894118.691,1.001010992
168.228273974,2.513,2513,2,128.31,489294.237,140.09,2894128.419,0.09901034
169.130281465,0.221,221,2,128.531,489310.621,140.311,2894144.803,0.902007491
170.131299502,0.221,221,2,128.752,489343.389,140.532,2894177.571,1.001018037
172.13332647,0.221,221,2,128.973,489359.773,140.753,2894193.955,2.002026968
173.133983581,0.221,221,2,129.194,489376.157,140.974,2894210.339,1.000657111
174.135053642,0.221,221,2,129.415,489384.349,141.195,2894218.531,1.001070061
175.000696052,0.178,178,2,129.593,489385.357,141.373,2894219.539,0.86564241
175.029414536,2.592,2592,2,132.185,489395.581,143.965,2894229.763,0.028718484
175.089548004,1.575,1575,2,133.76,489395.581,145.54,2894229.763,0.060133468
175.091380057,0.286,286,2,134.046,489448.829,145.826,2894283.011,0.00183205300002
175.096922808,0.189,189,2,134.235,489459.069,146.015,2894293.251,0.00554275099998
175.136121937,0.221,221,2,134.456,489467.261,146.236,2894310.147,0.039199129
175.924281264,2.33,2330,2,136.786,489484.157,148.566,2894327.043,0.788159327
175.929721514,1.575,1575,2,138.361,489484.157,150.141,2894327.043,0.00544024999999
164.967148869,0.15,150,5,0.302,133551.104,150.39,2894339.331,0
151.303444013,0.15,150,6,0.302,243237.888,150.54,2894339.331,0
160.795135594,0.152,152,3,0.302,210670.08,150.692,2894339.331,9.491691581
162.700923316,0.134,134,4,0.284,187484.672,150.842,2894339.331,1.905787722
175.93341642,0.249,249,2,138.61,489504.637,150.976,3012365.571,13.232493104
176.137189337,0.221,221,2,138.831,489521.021,151.197,3614657.795,0.203772917
177.138381124,0.221,221,2,139.052,489537.405,151.418,3614674.179,1.001191787
178.139319373,0.221,221,2,139.273,489545.597,151.639,3614682.371,1.000938249
178.680004303,2.513,2513,2,141.786,489559.933,154.152,3614696.707,0.54068493
179.140248173,0.221,221,2,142.007,489576.317,154.373,3614713.091,0.46024387
180.141210957,0.221,221,2,142.228,489592.701,154.594,3614729.475,1.000962784
175.936785718,0.15,150,5,0.452,335741.952,154.815,3614737.667,0
181.142168311,0.221,221,2,142.449,489609.085,154.967,3686958.339,5.205382593
182.143121987,0.221,221,2,142.67,489625.469,155.188,3686974.723,1.000953676
175.937586983,0.15,150,3,0.452,398926.336,155.409,3686982.915,0
183.144073025,0.221,221,2,142.891,489641.853,155.561,3746874.627,7.206486042
184.145048632,0.221,221,2,143.112,489658.237,155.782,3755346.627,1.000975607
185.146080749,0.221,221,2,143.333,489674.621,156.003,3755363.011,1.001032117
175.937180464,0.152,152,6,0.454,423274.944,156.224,3755371.203,0
186.147072749,0.221,221,2,143.554,489691.005,156.374,3825273.539,10.209892285
187.148102993,0.221,221,2,143.775,489707.389,156.595,3825291.875,1.001030244
188.149092414,0.221,221,2,143.996,489715.581,156.816,3825300.067,1.000989421
175.938186584,0.134,134,4,0.418,337295.872,159.329,3825303.139,0
188.228068144,2.513,2513,2,146.509,489726.845,159.479,3892387.427,12.28988156
189.151892905,0.221,221,2,146.73,489743.229,159.7,3892403.811,0.923824761
190.15250595,0.221,221,2,146.951,489759.613,159.921,3892420.195,1.000613045
191.153423839,0.221,221,2,147.172,489775.997,160.142,3892436.579,1.000917889
192.15440161,0.221,221,2,147.393,489792.381,160.363,3892452.963,1.000977771
193.155013991,0.221,221,2,147.614,489808.765,160.584,3892469.347,1.000612381
194.155966987,0.221,221,2,147.835,489825.149,160.805,3892485.731,1.000952996
195.156836145,0.221,221,2,148.056,489841.533,161.026,3892502.115,1.000869158
196.157748607,0.221,221,2,148.277,489857.917,161.247,3892518.499,1.000912462
197.15840362,0.221,221,2,148.498,489866.109,161.468,3892526.691,1.000655013
197.839187983,0.178,178,2,148.676,489875.837,161.646,3892536.419,0.680784363
198.159272562,0.221,221,2,148.897,489884.029,161.867,3892544.611,0.320084579
198.229065563,2.513,2513,2,151.41,489885.037,164.38,3892545.619,0.069793001
198.557316844,2.588,2588,2,153.998,489893.229,166.968,3892553.811,0.328251281
199.160237798,0.221,221,2,154.219,489909.613,167.189,3892570.195,0.602920954
200.161312326,0.221,221,2,154.44,489928.029,167.41,3892588.611,1.001074528
201.028506946,1.575,1575,2,156.015,489928.029,168.985,3892588.611,0.86719462
201.030977148,0.286,286,2,156.301,489952.605,169.271,3892613.187,0.00247020200001
201.035558504,0.189,189,2,156.49,489962.845,169.46,3892623.427,0.00458135599999
201.162527688,0.221,221,2,156.711,489971.037,169.681,3892631.619,0.126969184
201.752695181,2.376,2376,2,159.087,489987.933,172.057,3892648.515,0.590167493
201.757683541,1.575,1575,2,160.662,489996.125,173.632,3892656.707,0.00498836
202.163508319,0.221,221,2,160.883,490004.317,173.853,3892664.899,0.405824778
202.453887916,2.376,2376,2,163.259,490012.509,176.229,3892673.091,0.290379597
203.16432723,0.221,221,2,163.48,490032.989,176.45,3892693.571,0.710439314
203.265065818,0.189,189,2,163.669,490042.205,176.639,3892702.787,0.100738588
203.275281117,0.189,189,2,163.858,490044.749,176.828,3892705.331,0.010215299
203.279418452,0.189,189,2,164.047,490046.669,177.017,3892707.251,0.004137335
203.288775497,0.189,189,2,164.236,490056.925,177.206,3892717.507,0.009357045
203.395846761,1.575,1575,2,165.811,490056.925,178.781,3892717.507,0.107071264
203.398742958,0.286,286,2,166.097,490065.117,179.067,3893069.763,0.00289619700001
203.404002466,0.189,189,2,166.286,490069.213,179.256,3893073.859,0.00525950799999
203.88819521,0.286,286,2,166.572,490276.061,179.542,3893280.707,0.484192744
204.165461676,0.221,221,2,166.793,490284.253,179.763,3893288.899,0.277266466
204.334954179,0.189,189,2,166.982,490293.469,179.952,3893298.115,0.169492503
205.166469084,0.221,221,2,167.203,490309.853,180.173,3893316.547,0.831514905
206.167507759,0.221,221,2,167.424,490326.237,180.394,3893332.931,1.001038675
207.168533382,0.221,221,2,167.645,490342.621,180.615,3893349.315,1.001025623
208.169563949,0.221,221,2,167.866,490350.813,180.836,3893357.507,1.001030567
208.230589917,2.513,2513,2,170.379,490351.309,183.349,3893358.003,0.061025968
208.239652526,0.184,184,2,170.563,490352.285,183.533,3893358.979,0.00906260899998
208.245700212,1.775,1775,2,172.338,490360.477,185.308,3893367.171,0.00604768600002
209.170741202,0.221,221,2,172.559,490376.861,185.529,3893383.555,0.92504099
210.171381403,0.221,221,2,172.78,490393.245,185.75,3893399.939,1.000640201
211.171959499,0.221,221,2,173.001,490409.629,185.971,3893416.323,1.000578096
212.172510247,0.221,221,2,173.222,490426.013,186.192,3893432.707,1.000550748
213.173138041,0.221,221,2,173.443,490442.397,186.413,3893449.091,1.000627794
214.173798952,0.221,221,2,173.664,490458.781,186.634,3893465.475,1.000660911
215.174512078,0.221,221,2,173.885,490475.165,186.855,3893481.859,1.000713126
216.17532163,0.221,221,2,174.106,490491.549,187.076,3893498.243,1.000809552
217.175925644,0.221,221,2,174.327,490507.933,187.297,3893514.627,1.000604014
218.176469647,0.221,221,2,174.548,490516.125,187.518,3893522.819,1.000544003
218.22782875,0.339,339,2,174.887,490525.261,187.857,3893531.955,0.051359103
219.177350634,0.221,221,2,175.108,490541.645,188.078,3893548.339,0.949521884
188.377186076,0.15,150,4,0.568,404374.016,188.299,3893556.531,0
220.177916332,0.221,221,2,175.329,490551.885,188.433,3893558.579,31.800730256
221.000575693,17563.648,262144,2,17738.977,490551.885,17752.081,3893558.579,0.822659361
221.022835999,524.288,262144,2,18263.265,490551.885,18276.369,3893558.579,0.022260306
221.024383024,524.288,262144,2,18787.553,490551.885,18800.657,3893558.579,0.00154702500001
221.02594234,524.288,262144,2,19311.841,490551.885,19324.945,3893558.579,0.001559316
221.027392161,524.288,262144,2,19836.129,490551.885,19849.233,3893558.579,0.00144982099999
221.028942953,524.288,262144,2,20360.417,490551.885,20373.521,3893558.579,0.00155079200002
221.030492591,786.432,262144,2,21146.849,490551.885,21159.953,3893558.579,0.001549638
221.032513123,786.432,262144,2,21933.281,490551.885,21946.385,3893558.579,0.00202053199999
221.034452396,786.432,262144,2,22719.713,490551.885,22732.817,3893558.579,0.001939273
221.036479037,524.288,262144,2,23244.001,490551.885,23257.105,3893558.579,0.00202664099999
221.038506802,524.288,262144,2,23768.289,490551.885,23781.393,3893558.579,0.00202776500001
221.040544814,524.288,262144,2,24292.577,490551.885,24305.681,3893558.579,0.00203801199999
221.042583873,524.288,262144,2,24816.865,490551.885,24829.969,3893558.579,0.00203905900003
221.044609485,786.432,262144,2,25603.297,490551.885,25616.401,3893559.603,0.00202561199998
221.047130378,524.288,262144,2,26127.585,490551.885,26140.689,3893560.595,0.002520893
221.050522977,786.432,262144,2,26914.017,490551.885,26927.121,3893561.075,0.00339259900002
221.053399857,786.432,262144,2,27700.449,490551.885,27713.553,3893561.075,0.00287687999997
221.056717112,786.432,262144,2,28486.881,490551.885,28499.985,3893561.075,0.00331725500001
221.059863303,729.041,262144,2,29215.922,490551.885,29229.026,3893561.075,0.00314619099998
221.063016627,204.753,204753,2,29420.675,490552.797,29433.779,3893561.987,0.00315332400001
221.11037615,0.184,184,2,29420.859,490561.869,29433.963,3893571.059,0.047359523
221.178781742,0.221,221,2,29421.08,490570.061,29434.184,3893579.251,0.068405592
222.179608542,0.221,221,2,29421.301,490594.637,29434.405,3893603.827,1.0008268
223.180230912,0.221,221,2,29421.522,490611.021,29434.626,3893620.211,1.00062237
224.180822866,0.221,221,2,29421.743,490627.405,29434.847,3893636.595,1.000591954
225.181336424,0.221,221,2,29421.964,490643.789,29435.068,3893652.979,1.000513558
226.181834181,0.221,221,2,29422.185,490660.173,29435.289,3893669.363,1.000497757
227.182338071,0.221,221,2,29422.406,490676.557,29435.51,3893688.051,1.00050389
228.183228564,0.221,221,2,29422.627,490684.749,29435.731,3893696.243,1.000890493
228.227675669,0.339,339,2,29422.966,490693.789,29436.07,3893705.283,0.044447105
229.183953311,0.221,221,2,29423.187,490710.173,29436.291,3893721.667,0.956277642
230.184802545,0.221,221,2,29423.408,490726.557,29436.512,3893738.051,1.000849234
231.185437313,0.221,221,2,29423.629,490742.941,29436.733,3893754.435,1.000634768
232.186005603,0.221,221,2,29423.85,490759.325,29436.954,3893770.819,1.00056829
233.186616924,0.221,221,2,29424.071,490775.709,29437.175,3893787.203,1.000611321
234.187264856,0.221,221,2,29424.292,490808.477,29437.396,3893819.971,1.000647932
236.18875499,0.221,221,2,29424.513,490824.861,29437.617,3893836.355,2.001490134
237.189327448,0.221,221,2,29424.734,490841.245,29437.838,3893852.739,1.000572458
238.189887025,0.221,221,2,29424.955,490849.437,29438.059,3893860.931,1.000559577
238.230090895,0.339,339,2,29425.294,490858.445,29438.398,3893869.939,0.04020387
239.19045556,0.221,221,2,29425.515,490874.829,29438.619,3893886.323,0.960364665
240.190995673,0.221,221,2,29425.736,490891.213,29438.84,3893902.707,1.000540113
241.191570344,0.221,221,2,29425.957,490907.597,29439.061,3893919.091,1.000574671
242.192232174,0.221,221,2,29426.178,490923.981,29439.282,3893935.475,1.00066183
243.193300729,0.221,221,2,29426.399,490940.365,29439.503,3893951.859,1.001068555
244.194289446,0.221,221,2,29426.62,490956.749,29439.724,3893968.243,1.000988717
245.194940166,0.221,221,2,29426.841,490973.133,29439.945,3893984.627,1.00065072
246.195473409,0.221,221,2,29427.062,490989.517,29440.166,3894001.011,1.000533243
247.195966855,0.221,221,2,29427.283,491005.901,29440.387,3894017.395,1.000493446
248.196443509,0.221,221,2,29427.504,491014.093,29440.608,3894025.587,1.000476654
248.22779672,0.339,339,2,29427.843,491023.069,29440.947,3894034.563,0.031353211
249.196951117,0.221,221,2,29428.064,491039.453,29441.168,3894050.947,0.969154397
250.197505899,0.221,221,2,29428.285,491055.837,29441.389,3894067.331,1.000554782
251.199768756,0.221,221,2,29428.506,491072.221,29441.61,3894083.715,1.002262857
252.200436064,0.221,221,2,29428.727,491081.165,29441.831,3894092.659,1.000667308
253.15480232,0.189,189,2,29428.916,491090.077,29442.02,3894101.571,0.954366256
253.201006033,0.221,221,2,29429.137,491098.957,29442.241,3894110.451,0.046203713
253.27851362,0.189,189,2,29429.326,491108.477,29442.43,3894119.971,0.077507587
253.404318382,1.575,1575,2,29430.901,491108.477,29444.005,3894119.971,0.125804762
253.406815701,0.286,286,2,29431.187,492141.533,29444.291,3895153.027,0.00249731899999
220.997806726,0.134,134,4,0.702,404379.68,29444.48,3895154.723,0
253.420402759,0.189,189,2,29431.376,492150.557,30137.128,3895162.915,32.422596033
254.201938885,0.221,221,2,29431.597,492166.941,30137.349,3895179.299,0.781536126
255.202583438,0.221,221,2,29431.818,492175.133,30137.57,3895187.491,1.000644553
255.641523267,2.382,2382,2,29434.2,492183.325,30139.952,3895195.683,0.438939829
256.203248349,0.221,221,2,29434.421,492200.637,30140.173,3895212.995,0.561725082
256.852289551,1.575,1575,2,29435.996,492200.637,30141.748,3895212.995,0.649041202
256.854154874,0.286,286,2,29436.282,492546.749,30142.034,3895559.107,0.001865323
256.859592755,0.189,189,2,29436.471,492547.773,30142.223,3895560.131,0.00543788099998
256.98140742,0.286,286,2,29436.757,492556.957,30142.509,3897158.563,0.121814665
257.204149779,0.221,221,2,29436.978,492573.341,30142.73,3897174.947,0.222742359
258.206097495,0.221,221,2,29437.199,492581.533,30142.951,3897183.139,1.001947716
258.228592164,2.513,2513,2,29439.712,492582.493,30145.464,3897184.099,0.022494669
258.521742359,0.189,189,2,29439.901,492591.613,30145.653,3897193.219,0.293150195
259.207631545,0.221,221,2,29440.122,492607.997,30145.874,3897209.603,0.685889186
260.208364628,0.221,221,2,29440.343,492624.381,30146.095,3897225.987,1.000733083
261.209239105,0.221,221,2,29440.564,492632.573,30146.316,3897234.179,1.000874477
261.959397975,0.184,184,2,29440.748,492633.469,30146.5,3897235.075,0.75015887
261.96275805,1.775,1775,2,29442.523,492634.989,30148.275,3897236.595,0.00336007499999
261.966592978,1572.864,262144,2,31015.387,492634.989,31721.139,3897236.595,0.003834928
261.97068712,786.432,262144,2,31801.819,492634.989,32507.571,3897236.595,0.00409414199999
261.973991916,786.432,262144,2,32588.251,492634.989,33294.003,3897236.595,0.00330479600001
261.977306219,786.432,262144,2,33374.683,492634.989,34080.435,3897236.595,0.00331430300002
261.980632161,786.432,262144,2,34161.115,492634.989,34866.867,3897236.595,0.003325942
261.983962159,786.432,262144,2,34947.547,492634.989,35653.299,3897236.595,0.00332999799997
261.987272111,786.432,262144,2,35733.979,492634.989,36439.731,3897236.595,0.003309952
261.990632632,786.432,262144,2,36520.411,492634.989,37226.163,3897236.595,0.00336052099999
261.993939926,786.432,262144,2,37306.843,492634.989,38012.595,3897236.595,0.00330729400002
261.99726298,786.432,262144,2,38093.275,492634.989,38799.027,3897236.595,0.00332305400002
262.000585932,786.432,262144,2,38879.707,492634.989,39585.459,3897236.595,0.00332295199996
262.003628458,1048.576,262144,2,39928.283,492634.989,40634.035,3897236.595,0.003042526
262.007035836,786.432,262144,2,40714.715,492634.989,41420.467,3897236.595,0.00340737800002
262.010452547,1048.576,262144,2,41763.291,492634.989,42469.043,3897236.595,0.003416711
262.014355401,786.432,262144,2,42549.723,492634.989,43255.475,3897236.595,0.00390285399999
262.018181752,1048.576,262144,2,43598.299,492634.989,44304.051,3897236.595,0.00382635099999
262.022540345,432.089,262144,2,44030.388,492635.853,44736.14,3897237.459,0.00435859300001
262.099543333,0.189,189,2,44030.577,492638.253,44736.329,3897239.859,0.077002988
262.136460401,0.184,184,2,44030.761,492639.693,44736.513,3897241.299,0.036917068
262.143704022,0.189,189,2,44030.95,492648.557,44736.702,3897250.163,0.00724362099999
262.210054491,0.221,221,2,44031.171,492665.645,44736.923,3897267.251,0.066350469
262.33896178,1.575,1575,2,44032.746,492665.645,44738.498,3897267.251,0.128907289
262.34072568,0.286,286,2,44033.032,493976.813,44738.784,3898578.419,0.00176390000001
262.352201517,0.19,190,2,44033.222,493985.885,44738.974,3898587.491,0.011475837
263.210942092,0.221,221,2,44033.443,494002.269,44739.195,3898603.875,0.858740575
264.211783893,0.221,221,2,44033.664,494010.461,44739.416,3898612.067,1.000841801
264.223416795,2.339,2339,2,44036.003,494018.653,44741.755,3898620.259,0.011632902
265.212339275,0.221,221,2,44036.224,494035.853,44741.976,3898637.459,0.98892248
265.21578574,1.575,1575,2,44037.799,494035.853,44743.551,3898637.459,0.00344646500002
265.217525254,0.286,286,2,44038.085,494400.397,44743.837,3899002.003,0.00173951400001
181.67014339,0.152,152,5,0.604,407957.312,44744.027,3899003.955,0
265.222081659,0.19,190,2,44038.275,494401.421,44826.007,3899003.955,83.551938269
265.280229378,0.286,286,2,44038.561,495353.229,44826.293,3899955.763,0.058147719
265.288564641,0.19,190,2,44038.751,495362.429,44826.483,3899964.963,0.00833526299999
266.213209014,0.221,221,2,44038.972,495395.197,44826.704,3899997.731,0.924644373
268.214261386,0.221,221,2,44039.193,495403.389,44826.925,3900005.923,2.001052372
268.228314372,2.513,2513,2,44041.706,495404.365,44829.438,3900006.899,0.014052986
268.735995614,0.184,184,2,44041.89,495405.309,44829.622,3900007.843,0.507681242
268.738428416,1.775,1775,2,44043.665,495406.765,44831.397,3900009.299,0.00243280199999
268.741426465,2097.152,262144,2,46140.817,495406.765,46928.549,3900009.299,0.00299804900004
268.747444274,1048.576,262144,2,47189.393,495406.765,47977.125,3900009.299,0.00601780899996
268.752818763,1048.576,262144,2,48237.969,495406.765,49025.701,3900009.299,0.00537448900002
268.758368507,1048.576,262144,2,49286.545,495406.765,50074.277,3900009.299,0.00554974400001
268.763156389,1310.72,262144,2,50597.265,495406.765,51384.997,3900009.299,0.00478788200002
268.768851658,1048.576,262144,2,51645.841,495406.765,52433.573,3900009.299,0.005695269
268.774427016,1048.576,262144,2,52694.417,495406.765,53482.149,3900009.299,0.00557535799999
268.77998174,1048.576,262144,2,53742.993,495406.765,54530.725,3900009.299,0.00555472399998
268.786317619,1048.576,262144,2,54791.569,495406.765,55579.301,3900009.299,0.00633587900001
268.792365815,610.193,262144,2,55401.762,495407.677,56189.494,3900010.211,0.00604819599999
268.842435642,0.184,184,2,55401.946,495410.221,56189.678,3900012.755,0.050069827
269.022425757,0.19,190,2,55402.136,495411.757,56189.868,3900014.291,0.179990115
269.029266995,0.189,189,2,55402.325,495420.669,56190.057,3900023.203,0.00684123799999
269.215003605,0.221,221,2,55402.546,495429.549,56190.278,3900032.083,0.18573661
269.400900069,0.19,190,2,55402.736,495439.069,56190.468,3900041.603,0.185896464
269.605162977,1.861,1575,2,55404.597,497004.605,56192.329,3901607.139,0.204262908
265.231244244,81.98,81980,5,82.584,407958.208,56192.519,3901608.867,0
269.615665164,0.19,190,2,55404.787,497013.629,56595.258,3901617.059,4.38442092
270.21595976,0.221,221,2,55405.008,497030.013,56595.479,3901633.443,0.600294596
271.216819503,0.221,221,2,55405.229,497038.205,56595.7,3901641.635,1.000859743
271.577707773,2.339,2339,2,55407.568,497046.397,56598.039,3901649.827,0.36088827
272.217786361,0.221,221,2,55407.789,497063.709,56598.26,3901667.139,0.640078588
272.768192725,1.575,1575,2,55409.364,497063.709,56599.835,3901667.139,0.550406364
272.769808634,0.286,286,2,55409.65,497393.437,56600.121,3901996.867,0.00161590900001
272.775035088,0.19,190,2,55409.84,497394.461,56600.311,3901997.891,0.00522645399997
272.827492107,0.286,286,2,55410.126,498312.957,56600.597,3902916.387,0.052457019
186.147285908,0.15,150,6,0.604,493514.56,56600.787,3902918.755,0
272.835933051,0.19,190,2,55410.316,498322.109,57001.282,3902926.947,86.688647143
273.218656595,0.221,221,2,55410.537,498338.493,57001.503,3902943.331,0.382723544
274.219617173,0.221,221,2,55410.758,498354.877,57001.724,3902959.715,1.000960578
275.220852586,0.221,221,2,55410.979,498371.261,57001.945,3902976.099,1.001235413
276.221468457,0.221,221,2,55411.2,498379.453,57002.166,3902984.291,1.000615871
276.273714005,0.185,185,2,55411.385,498380.381,57002.351,3902985.219,0.052245548
276.276799733,1.775,1775,2,55413.16,498381.757,57004.126,3902986.595,0.00308572800003
276.28213033,2883.584,262144,2,58296.744,498381.757,59887.71,3902986.595,0.00533059699995
276.29008963,1310.72,262144,2,59607.464,498381.757,61198.43,3902986.595,0.00795930000004
276.297248011,1310.72,262144,2,60918.184,498381.757,62509.15,3902986.595,0.00715838100001
276.304475879,1310.72,262144,2,62228.904,498381.757,63819.87,3902986.595,0.00722786799997
276.320114708,1310.72,262144,2,63539.624,498381.757,65130.59,3902986.595,0.015638829
276.327533494,1835.008,262144,2,65374.632,498381.757,66965.598,3902986.595,0.00741878600002
276.336603126,827.518,262144,2,66202.15,498381.757,67793.116,3902986.595,0.00906963199998
276.342290477,41.086,41086,2,66243.236,498382.653,67834.202,3902987.491,0.00568735100001
276.40101811,0.185,185,2,66243.421,498384.349,67834.387,3902989.187,0.058727633
276.619407713,0.19,190,2,66243.611,498385.917,67834.577,3902990.755,0.218389603
276.625863189,0.19,190,2,66243.801,498395.549,67834.767,3903000.387,0.00645547599999
277.222185605,0.221,221,2,66244.022,498404.413,67834.988,3903009.251,0.596322416
277.813822185,0.19,190,2,66244.212,498413.901,67835.178,3903018.739,0.59163658
278.027443912,1.575,1575,2,66245.787,498413.901,67836.753,3903018.739,0.213621727
278.029712142,0.286,286,2,66246.073,499545.261,67837.039,3904150.099,0.00226822999997
278.048049286,0.19,190,2,66246.263,499554.285,67837.229,3904159.123,0.018337144
278.22298019,0.221,221,2,66246.484,499562.477,67837.45,3904167.315,0.174930904
278.228418228,2.513,2513,2,66248.997,499571.469,67839.963,3904176.307,0.00543803800002
279.223803386,0.221,221,2,66249.218,499579.661,67840.184,3904184.499,0.995385158
279.959954596,2.339,2339,2,66251.557,499587.853,67842.523,3904192.691,0.73615121
280.224592733,0.221,221,2,66251.778,499605.261,67842.744,3904210.099,0.264638137
281.062513538,1.575,1575,2,66253.353,499605.261,67844.319,3904210.099,0.837920805
281.070166269,0.286,286,2,66253.639,499925.261,67844.605,3904530.099,0.00765273100001
281.078250979,0.19,190,2,66253.829,499926.269,67844.795,3904531.107,0.00808470999999
281.137548274,0.286,286,2,66254.115,500844.749,67845.081,3905449.587,0.059297295
281.145451015,0.19,190,2,66254.305,500853.885,67845.271,3905458.723,0.00790274100001
281.225424276,0.221,221,2,66254.526,500870.269,67845.492,3905475.107,0.079973261
282.226315325,0.221,221,2,66254.747,500886.653,67845.713,3905491.491,1.000891049
283.226851512,0.221,221,2,66254.968,500903.037,67845.934,3905507.875,1.000536187
284.227302873,0.221,221,2,66255.189,500911.229,67846.155,3905516.067,1.000451361
284.608464258,0.185,185,2,66255.374,500912.141,67846.34,3905516.979,0.381161385
284.610397703,1.775,1775,2,66257.149,500913.453,67848.115,3905518.291,0.00193344499996
284.613039993,2621.44,262144,2,68878.589,500913.453,70469.555,3905518.291,0.00264228999998
284.624249417,1048.576,262144,2,69927.165,500913.453,71518.131,3905518.291,0.011209424
284.631326494,1572.864,262144,2,71500.029,500913.453,73090.995,3905518.291,0.00707707700002
284.638779966,1310.72,262144,2,72810.749,500913.453,74401.715,3905518.291,0.00745347200001
284.646337783,1310.72,262144,2,74121.469,500913.453,75712.435,3905518.291,0.00755781699996
284.653459098,1310.72,262144,2,75432.189,500913.453,77023.155,3905518.291,0.00712131500001
284.660491329,1572.864,262144,2,77005.053,500913.453,78596.019,3905518.291,0.00703223100004
284.667788019,965.706,262144,2,77970.759,500913.453,79561.725,3905518.291,0.00729668999998
284.674994014,57.057,57057,2,78027.816,500914.333,79618.782,3905519.171,0.00720599499999
284.725529646,0.185,185,2,78028.001,500915.997,79618.967,3905520.835,0.050535632
284.924349551,0.19,190,2,78028.191,500917.533,79619.157,3905522.371,0.198819905
285.015367253,0.19,190,2,78028.381,500919.597,79619.347,3905524.435,0.091017702
285.023541206,0.19,190,2,78028.571,500920.813,79619.537,3905525.651,0.00817395299998
285.033035048,0.19,190,2,78028.761,500938.413,79619.727,3905543.251,0.00949384199998
285.22812722,0.221,221,2,78028.982,500946.605,79619.948,3905551.443,0.195092172
285.427841576,1.861,1575,2,78030.843,502536.621,79621.809,3907141.459,0.199714356
285.436646305,0.19,190,2,78031.033,502545.565,79621.999,3907150.403,0.00880472900002
286.229042011,0.221,221,2,78031.254,502561.949,79622.22,3907166.787,0.792395706
287.229899495,0.221,221,2,78031.475,502570.141,79622.441,3907174.979,1.000857484
287.453242623,2.339,2339,2,78033.814,502612.589,79624.78,3907383.075,0.223343128
288.230743085,0.221,221,2,78034.035,502628.973,79625.001,3907399.459,0.777500462
