time,size,first_call,destination,dest_out_traffic,dest_in_traffic,total_network_out,total_network_in,dens10
3.866146413,0.244,244,2,0.244,24.576,0.244,26.624,0
3.920147487,0.183,183,2,0.427,40.96,0.427,43.008,0.054001074
4.935480811,0.183,183,2,0.61,57.344,0.61,59.392,1.015333324
5.936554026,0.183,183,2,0.793,73.728,0.793,75.776,1.001073215
6.937553732,0.183,183,2,0.976,90.112,0.976,92.16,1.000999706
7.938409544,0.183,183,2,1.159,106.496,1.159,108.544,1.000855812
8.939257244,0.183,183,2,1.342,122.88,1.342,124.928,1.0008477
9.940118583,0.183,183,2,1.525,139.264,1.525,141.312,1.000861339
10.941339403,0.183,183,2,1.708,155.648,1.708,157.696,1.00122082
11.942649304,0.183,183,2,1.891,172.032,1.891,174.08,1.001309901
12.943846666,0.183,183,2,2.074,188.416,2.074,190.464,1.001197362
13.944725795,0.183,183,2,2.257,204.8,2.257,206.848,1.000879129
14.945333771,0.183,183,2,2.44,221.184,2.44,223.232,1.000607976
15.945954969,0.183,183,2,2.623,237.568,2.623,239.616,1.000621198
16.946556025,0.183,183,2,2.806,253.952,2.806,256.0,1.000601056
17.94718985,0.183,183,2,2.989,270.336,2.989,272.384,1.000633825
18.949014955,0.183,183,2,3.172,286.72,3.172,288.768,1.001825105
19.949690185,0.183,183,2,3.355,303.104,3.521,307.884,1.00067523
20.660705792,0.268,268,2,3.623,303.364,3.789,308.144,0.711015607
20.698928014,0.253,253,2,3.876,319.748,4.042,324.528,0.038222222
20.972129949,0.219,219,2,4.095,344.324,4.261,349.104,0.273201935
21.191189349,0.283,283,2,4.378,368.9,4.544,373.68,0.2190594
21.236301384,0.207,207,2,4.585,385.284,4.751,390.064,0.045112035
21.279240375,0.102,102,2,4.687,393.476,4.853,398.256,0.042938991
21.306115007,0.125,125,2,4.812,84116.159,4.978,84120.939,0.026874632
21.710311771,0.291,291,2,5.103,84512.884,5.269,84517.664,0.404196764
21.713692635,0.234,234,2,5.337,135727.651,5.503,135732.431,0.003380864
21.916368272,0.125,125,2,5.462,149412.954,5.628,149417.734,0.202675637
21.973486946,0.219,219,2,5.681,195044.111,5.847,195048.891,0.057118674
22.685767562,0.174,174,2,5.855,195060.495,6.021,195065.275,0.712280616
22.686871829,0.188,188,2,6.043,195068.687,6.209,195073.467,0.001104267
22.688517368,0.123,123,2,6.166,195270.132,6.332,195274.912,0.001645539
22.695746704,0.541,541,2,6.707,195270.669,6.873,195275.449,0.007229336
22.706065144,0.23,230,2,6.937,195287.053,7.103,195291.833,0.01031844
22.715652241,0.974,170,2,7.911,195370.587,8.077,195375.367,0.009587097
22.731254213,0.379,379,2,8.29,195387.346,8.456,195392.126,0.015601972
22.974719054,0.219,219,2,8.509,195403.73,8.675,195408.51,0.243464841
23.733085738,0.156,156,2,8.665,195420.266,8.831,195425.046,0.758366684
23.734101482,0.156,156,2,8.821,195436.802,8.987,195441.582,0.001015744
23.975816598,0.219,219,2,9.04,195453.186,9.206,195457.966,0.241715116
20.076119217,0.166,166,5,0.166,2.732,9.425,195466.158,0
25.739913346,0.176,176,5,0.342,3.756,9.601,195467.182,5.663794129
24.9768888,0.219,219,2,9.259,195469.57,9.755,195478.958,0
25.824814964,0.154,154,5,0.496,7.34,9.974,195487.15,0.847926164
25.986675628,0.17,170,5,0.666,8.364,10.144,195488.174,0.161860664
26.029497379,0.172,172,5,0.838,9.388,10.316,195489.198,0.042821751
26.360282827,0.177,177,5,1.015,9.9,10.493,195489.71,0.330785448
26.392430969,0.176,176,5,1.191,10.412,10.669,195490.222,0.032148142
26.420937311,1.53,1530,5,2.721,11.404,12.199,195491.214,0.028506342
26.517094955,1.256,1256,5,3.977,11.884,13.455,195491.694,0.096157644
25.977893661,0.219,219,2,9.478,195485.954,13.626,195500.83,0
26.978738889,0.219,219,2,9.697,195502.338,13.845,195517.214,1.000845228
27.979589226,0.219,219,2,9.916,195518.722,14.064,195533.598,1.000850337
28.980487135,0.219,219,2,10.135,195535.106,14.283,195549.982,1.000897909
29.981316812,0.219,219,2,10.354,195551.49,14.502,195566.366,1.000829677
30.98294561,0.219,219,2,10.573,195567.874,14.721,195582.75,1.001628798
31.983879442,0.219,219,2,10.792,195584.258,14.94,195599.134,1.000933832
32.984750148,0.219,219,2,11.011,195600.642,15.159,195615.518,1.000870706
33.985808768,0.219,219,2,11.23,195617.026,15.378,195631.902,1.00105862
34.986576758,0.219,219,2,11.449,195633.41,15.597,195648.286,1.00076799
35.987696489,0.219,219,2,11.668,195649.794,15.816,195664.67,1.001119731
36.988416951,0.219,219,2,11.887,195666.178,16.035,195681.054,1.000720462
26.540214906,0.171,171,5,4.148,12.828,16.254,195689.246,0
37.989150302,0.219,219,2,12.106,195682.562,16.593,195698.35,11.448935396
38.989806533,0.219,219,2,12.325,195698.946,16.812,195714.734,1.000656231
39.9904313,0.219,219,2,12.544,195715.33,17.031,195731.118,1.000624767
40.991216677,0.219,219,2,12.763,195731.714,17.25,195747.502,1.000785377
41.99195915,0.219,219,2,12.982,195748.098,17.469,195763.886,1.000742473
42.992750228,0.219,219,2,13.201,195764.482,17.688,195780.27,1.000791078
43.993574349,0.219,219,2,13.42,195780.866,17.907,195796.654,1.000824121
44.994559044,0.219,219,2,13.639,195797.25,18.126,195813.038,1.000984695
45.995513368,0.219,219,2,13.858,195813.634,18.345,195829.422,1.000954324
46.99635802,0.219,219,2,14.077,195830.018,18.564,195845.806,1.000844652
38.316299004,0.339,339,5,4.487,13.74,18.783,195853.998,0
47.997121268,0.219,219,2,14.296,195846.402,19.122,195862.638,9.680822264
48.997964148,0.219,219,2,14.515,195862.786,19.341,195879.022,1.00084288
49.99866802,0.219,219,2,14.734,195879.17,19.56,195895.406,1.000703872
50.999495126,0.219,219,2,14.953,195895.554,19.779,195911.79,1.000827106
52.00036398,0.219,219,2,15.172,195903.746,19.998,195919.982,1.000868854
53.001220912,0.22,220,2,15.392,195920.13,20.218,195936.366,1.000856932
54.002117866,0.22,220,2,15.612,195936.514,20.438,195952.75,1.000896954
48.304753362,0.339,339,5,4.826,22.588,20.658,195969.342,0
55.31839179,1.575,1575,5,6.401,22.588,22.233,195969.342,7.013638428
55.432185034,0.286,286,5,6.687,31.804,22.519,195978.558,0.113793244
55.002928507,0.22,220,2,15.832,195952.898,22.708,195992.894,0
55.71788832,0.189,189,5,6.876,37.948,22.928,196001.086,0.714959813
56.367761756,0.286,286,5,7.162,39.996,23.214,196037.95,0.649873436
56.003759742,0.22,220,2,16.052,195969.282,23.403,196047.166,0
57.387905999,0.237,237,8,0.237,32.768,23.86,196090.174,1.384146257
57.004653646,0.22,220,2,16.272,195985.666,24.115,198286.967,0
56.41968168,0.189,189,5,7.351,41.02,24.335,201598.809,0
58.005636488,0.22,220,2,16.492,196002.05,26.848,210594.465,1.585954808
59.006670904,0.22,220,2,16.712,196018.434,27.068,222107.551,1.001034416
60.007594772,0.22,220,2,16.932,196034.818,27.288,235008.17,1.000923868
61.008666567,0.22,220,2,17.152,196051.202,27.508,247842.716,1.001071795
62.010353654,0.22,220,2,17.372,196067.586,27.728,261139.773,1.001687087
63.011534412,0.22,220,2,17.592,196083.97,27.948,274568.976,1.001180758
64.012937096,0.22,220,2,17.812,196100.354,28.168,288262.471,1.001402684
65.014449897,0.22,220,2,18.032,196116.738,28.388,301427.382,1.001512801
66.015972746,0.22,220,2,18.252,196133.122,28.608,314790.512,1.001522849
67.017449247,0.22,220,2,18.472,196149.506,28.828,328616.153,1.001476501
57.50116402,0.153,153,9,0.153,135317.504,29.048,331597.63,0
58.31976524,2.513,2513,5,9.864,42.556,29.201,331663.703,0.81860122
68.307186585,2.513,2513,5,12.377,43.068,31.714,331664.215,9.987421345
68.337426326,2.581,2581,5,14.958,55.596,34.295,331676.743,0.030239741
57.471528681,0.102,102,8,0.339,65.536,35.87,331701.319,0
68.253308226,0.153,153,9,0.306,135383.577,36.107,331709.511,10.781779545
68.018786711,0.22,220,2,18.692,196165.89,36.26,338866.888,0
69.019906581,0.22,220,2,18.912,196182.274,36.48,352097.872,1.00111987
70.020928025,0.22,220,2,19.132,196198.658,36.7,365461.002,1.001021444
71.021860968,0.22,220,2,19.352,196215.042,36.92,378956.278,1.000932943
72.02282753,0.22,220,2,19.572,196231.426,37.14,391856.897,1.000966562
73.023842444,0.22,220,2,19.792,196247.81,37.36,405153.954,1.001014914
74.024741083,0.22,220,2,20.012,196264.194,37.58,418583.157,1.000898639
75.025569692,0.22,220,2,20.232,196280.578,37.8,432408.798,1.000828609
76.027027397,0.22,220,2,20.452,196296.962,38.02,445904.074,1.001457705
77.028782786,0.22,220,2,20.672,196313.346,38.24,458870.766,1.001755389
68.345789298,1.575,1575,5,16.533,55.596,38.46,462579.046,0
68.407250761,0.153,153,9,0.459,270912.601,40.973,467406.471,0.061461463
78.309353069,2.513,2513,5,19.046,59.692,41.126,467500.446,9.902102308
78.73269595,2.581,2581,5,21.627,71.98,43.707,467512.734,0.423342881
68.403855985,0.237,237,8,0.576,98.304,45.282,467537.31,0
78.751467195,0.237,237,8,0.813,114.688,45.519,467553.694,10.34761121
78.67588347,0.153,153,9,0.612,271006.576,45.67,467561.886,0
78.029868272,0.22,220,2,20.892,196329.73,45.823,470754.883,0
79.030783596,0.22,220,2,21.112,196346.114,46.043,484646.597,1.000915324
80.031723308,0.22,220,2,21.332,196362.498,46.263,498207.946,1.000939712
81.032562072,0.22,220,2,21.552,196378.882,46.483,511372.857,1.000838764
82.033438289,0.22,220,2,21.772,196395.266,46.703,524868.133,1.000876217
83.0345098,0.22,220,2,21.992,196411.65,46.923,538495.555,1.001071511
84.035517624,0.22,220,2,22.212,196419.842,47.143,551982.639,1.001007824
85.036452262,0.22,220,2,22.432,196436.226,47.363,565477.915,1.000934638
86.038647738,0.22,220,2,22.652,196452.61,47.583,578708.899,1.002195476
87.039595312,0.22,220,2,22.872,196468.994,47.803,592402.394,1.000947574
78.73947893,1.575,1575,5,23.202,71.98,48.023,596176.747,0
78.755486622,0.153,153,9,0.765,406469.527,50.536,603213.253,0.016007692
88.306761036,2.513,2513,5,25.715,104.748,50.689,603279.326,9.551274414
88.040515159,0.22,220,2,23.092,196485.378,53.227,603287.518,0
89.04152871,0.22,220,2,23.312,196501.762,53.447,603303.902,1.001013551
90.042491162,0.22,220,2,23.532,196518.146,53.667,603320.286,1.000962452
91.043278646,0.22,220,2,23.752,196534.53,53.887,603336.67,1.000787484
92.044006535,0.22,220,2,23.972,196550.914,54.107,603353.054,1.000727889
93.044728517,0.22,220,2,24.192,196567.298,54.327,603369.438,1.000721982
94.045462693,0.22,220,2,24.412,196583.682,54.547,603385.822,1.000734176
95.046269264,0.22,220,2,24.632,196600.066,54.767,603402.206,1.000806571
96.047120297,0.22,220,2,24.852,196616.45,54.987,603418.59,1.000851033
97.048008289,0.22,220,2,25.072,196632.834,55.207,603437.022,1.000887992
88.866696451,2.538,2538,5,28.253,104.748,55.427,603445.214,0
98.04883573,0.22,220,2,25.292,196649.218,55.766,603486.174,9.182139279
99.049592725,0.22,220,2,25.512,196665.602,55.986,603502.558,1.000756995
100.050235209,0.22,220,2,25.732,196681.986,56.206,603523.022,1.000642484
98.30456503,0.339,339,5,28.592,170.284,56.426,603563.982,0
101.9701637,1.575,1575,5,30.167,170.284,58.001,603563.982,3.66559867
101.983654696,0.286,286,5,30.453,186.668,58.287,603584.974,0.013490996
101.99243113,0.189,189,5,30.642,203.052,58.476,603601.358,0.008776434
102.015236491,0.249,249,5,30.891,211.244,58.725,603609.55,0.022805361
101.050992958,0.22,220,2,25.952,196698.37,59.067,604783.054,0
102.051871575,0.22,220,2,26.172,196714.754,59.287,767812.478,1.000878617
103.053528734,0.22,220,2,26.392,196731.138,59.507,767830.366,1.001657159
102.027734841,0.114,114,5,31.005,213.292,59.727,767838.558,0
104.962861033,0.178,178,5,31.183,216.364,59.905,767841.63,2.935126192
104.055403308,0.22,220,2,26.612,196747.522,62.493,767849.822,0
105.020034252,2.588,2588,5,33.771,233.772,62.713,767875.422,0.964630944
105.822667815,1.575,1575,5,35.346,233.772,64.288,767875.422,0.802633563
105.82580205,0.286,286,5,35.632,295.212,64.574,767936.862,0.00313423499999
105.834278436,0.189,189,5,35.821,301.356,64.763,767943.006,0.00847638600001
105.056365891,0.22,220,2,26.832,196763.906,67.095,767951.198,0
105.904867212,2.332,2332,5,38.153,304.428,67.315,767962.462,0.848501321
106.598081467,0.189,189,5,38.342,306.972,67.504,767965.006,0.693214255
106.057430882,0.22,220,2,27.052,196780.29,67.693,767975.118,0
106.6090489,0.189,189,5,38.531,318.06,67.913,767992.478,0.551618018
107.862803326,1.575,1575,5,40.106,318.06,69.488,767992.478,1.253754426
107.866609261,0.286,286,5,40.392,889.452,69.774,768563.87,0.00380593499999
107.058431759,0.22,220,2,27.272,196796.674,69.963,768580.254,0
107.882914885,0.189,189,5,40.581,897.644,70.183,768588.446,0.824483126
108.307736842,2.513,2513,5,43.094,899.692,72.696,768590.494,0.424821957
108.461468434,0.286,286,5,43.38,902.764,72.982,769101.47,0.153731592
108.469437612,0.189,189,5,43.569,904.3,73.171,769103.006,0.007969178
108.059331917,0.22,220,2,27.492,196813.058,75.791,769111.198,0
108.780805277,2.62,2620,5,46.189,905.308,76.011,769120.398,0.72147336
109.394927442,0.189,189,5,46.378,915.212,76.2,769130.302,0.614122165
109.608311512,1.575,1575,5,47.953,915.212,77.775,769130.302,0.21338407
109.610676484,0.286,286,5,48.239,2014.988,78.061,770230.078,0.002364972
109.623246899,0.189,189,5,48.428,2016.012,78.25,770231.102,0.012570415
109.060278009,0.22,220,2,27.712,196829.442,78.364,772853.534,0
109.77708025,0.114,114,5,48.542,2017.004,78.584,772861.726,0.716802241
110.28550976,0.184,184,5,48.726,2017.964,78.768,772862.686,0.50842951
110.290969728,1.775,1775,5,50.501,2020.012,80.543,772864.734,0.005459968
110.300188786,2097.152,262144,5,2147.653,2020.012,2177.695,772864.734,0.00921905800001
110.302113831,1572.864,262144,5,3720.517,2020.012,3750.559,772864.734,0.00192504499999
110.305559334,524.288,262144,5,4244.805,2020.012,4274.847,772864.734,0.00344550299999
110.307802688,524.288,262144,5,4769.093,2020.012,4799.135,772864.734,0.002243354
110.30909356,524.288,262144,5,5293.381,2020.012,5323.423,772864.734,0.001290872
110.310696305,524.288,262144,5,5817.669,2020.012,5847.711,772864.734,0.001602745
110.312395661,524.288,262144,5,6341.957,2020.012,6371.999,772864.734,0.001699356
110.314013909,524.288,262144,5,6866.245,2020.012,6896.287,772864.734,0.001618248
110.315649861,524.288,262144,5,7390.533,2020.012,7420.575,772864.734,0.001635952
110.317312106,524.288,262144,5,7914.821,2020.012,7944.863,772864.734,0.00166224500001
110.318840614,524.288,262144,5,8439.109,2020.012,8469.151,772864.734,0.00152850799999
110.320472282,524.288,262144,5,8963.397,2020.012,8993.439,772864.734,0.001631668
110.322239674,524.288,262144,5,9487.685,2020.012,9517.727,772864.734,0.001767392
110.323654415,524.288,262144,5,10011.973,2020.012,10042.015,772864.734,0.00141474099999
110.325279612,524.288,262144,5,10536.261,2020.012,10566.303,772864.734,0.00162519700001
110.326919416,524.288,262144,5,11060.549,2020.012,11090.591,772864.734,0.00163980399999
110.328531542,524.288,262144,5,11584.837,2020.012,11614.879,772864.734,0.001612126
110.330179969,524.288,262144,5,12109.125,2020.012,12139.167,772864.734,0.00164842700001
110.331844455,524.288,262144,5,12633.413,2020.012,12663.455,772864.734,0.001664486
110.333568126,524.288,262144,5,13157.701,2020.012,13187.743,772864.734,0.00172367100001
110.335126933,524.288,262144,5,13681.989,2020.012,13712.031,772864.734,0.00155880699999
110.336805544,524.288,262144,5,14206.277,2020.012,14236.319,772864.734,0.001678611
110.338518959,524.288,262144,5,14730.565,2020.012,14760.607,772864.734,0.001713415
110.340066204,524.288,262144,5,15254.853,2020.012,15284.895,772864.734,0.001547245
110.34165314,524.288,262144,5,15779.141,2020.012,15809.183,772864.734,0.00158693600001
110.343723734,524.288,262144,5,16303.429,2020.012,16333.471,772864.734,0.00207059399999
110.345587326,524.288,262144,5,16827.717,2020.012,16857.759,772864.734,0.00186359200001
110.347476914,524.288,262144,5,17352.005,2020.012,17382.047,772864.734,0.001889588
110.349375637,524.288,262144,5,17876.293,2020.012,17906.335,772864.734,0.001898723
110.351514201,524.288,262144,5,18400.581,2020.012,18430.623,772864.734,0.00213856400001
110.353394695,524.288,262144,5,18924.869,2020.012,18954.911,772864.734,0.00188049400001
110.355243273,524.288,262144,5,19449.157,2020.012,19479.199,772864.734,0.00184857799999
110.357245855,524.288,262144,5,19973.445,2020.012,20003.487,772864.734,0.002002582
110.359025828,524.288,262144,5,20497.733,2020.012,20527.775,772864.734,0.001779973
110.360781478,524.288,262144,5,21022.021,2020.012,21052.063,772864.734,0.00175565000001
110.36255635,524.288,262144,5,21546.309,2020.012,21576.351,772864.734,0.001774872
110.364589065,524.288,262144,5,22070.597,2020.012,22100.639,772864.734,0.002032715
110.366462381,524.288,262144,5,22594.885,2020.012,22624.927,772864.734,0.001873316
110.368494616,524.288,262144,5,23119.173,2020.012,23149.215,772864.734,0.002032235
110.370457855,524.288,262144,5,23643.461,2020.012,23673.503,772864.734,0.00196323899999
110.372353979,524.288,262144,5,24167.749,2020.012,24197.791,772864.734,0.001896124
110.374324483,524.288,262144,5,24692.037,2020.012,24722.079,772864.734,0.001970504
110.376557718,524.288,262144,5,25216.325,2020.012,25246.367,772864.734,0.00223323500001
110.378749994,524.288,262144,5,25740.613,2020.012,25770.655,772864.734,0.002192276
110.381023648,524.288,262144,5,26264.901,2020.012,26294.943,772864.734,0.00227365399999
110.383331132,524.288,262144,5,26789.189,2020.012,26819.231,772864.734,0.002307484
110.385509366,524.288,262144,5,27313.477,2020.012,27343.519,772864.734,0.002178234
110.38770432,524.288,262144,5,27837.765,2020.012,27867.807,772864.734,0.002194954
110.389859676,524.288,262144,5,28362.053,2020.012,28392.095,772864.734,0.002155356
110.392058748,524.288,262144,5,28886.341,2020.012,28916.383,772864.734,0.002199072
110.394231847,524.288,262144,5,29410.629,2020.012,29440.671,772864.734,0.002173099
110.396632299,524.288,262144,5,29934.917,2020.012,29964.959,772864.734,0.002400452
110.398677524,524.288,262144,5,30459.205,2020.012,30489.247,772864.734,0.00204522499999
110.400899315,524.288,262144,5,30983.493,2020.012,31013.535,772864.734,0.00222179100001
110.403164541,524.288,262144,5,31507.781,2020.012,31537.823,772864.734,0.00226522599999
110.4053494,524.288,262144,5,32032.069,2020.012,32062.111,772864.734,0.00218485900001
110.407573582,524.288,262144,5,32556.357,2020.012,32586.399,772864.734,0.00222418199999
110.409350693,524.288,262144,5,33080.645,2020.012,33110.687,772864.734,0.001777111
110.411513303,524.288,262144,5,33604.933,2020.012,33634.975,772864.734,0.00216261000001
110.413742875,524.288,262144,5,34129.221,2020.012,34159.263,772864.734,0.00222957199999
110.4159319,524.288,262144,5,34653.509,2020.012,34683.551,772864.734,0.00218902500001
110.418109374,524.288,262144,5,35177.797,2020.012,35207.839,772864.734,0.00217747399999
110.420559423,524.288,262144,5,35702.085,2020.012,35732.127,772864.734,0.002450049
110.42250912,524.288,262144,5,36226.373,2020.012,36256.415,772864.734,0.001949697
110.424933472,524.288,262144,5,36750.661,2020.012,36780.703,772864.734,0.00242435200001
110.426994357,524.288,262144,5,37274.949,2020.012,37304.991,772864.734,0.00206088499999
110.42931953,524.288,262144,5,37799.237,2020.012,37829.279,772864.734,0.002325173
110.431467333,524.288,262144,5,38323.525,2020.012,38353.567,772864.734,0.002147803
110.433625616,524.288,262144,5,38847.813,2020.012,38877.855,772864.734,0.002158283
110.435799852,524.288,262144,5,39372.101,2020.012,39402.143,772864.734,0.002174236
110.437977285,524.288,262144,5,39896.389,2020.012,39926.431,772864.734,0.002177433
110.440465853,524.288,262144,5,40420.677,2020.012,40450.719,772864.734,0.002488568
110.442554218,524.288,262144,5,40944.965,2020.012,40975.007,772864.734,0.00208836499999
110.444737092,524.288,262144,5,41469.253,2020.012,41499.295,772864.734,0.002182874
110.447095096,524.288,262144,5,41993.541,2020.012,42023.583,772864.734,0.002358004
110.449163287,524.288,262144,5,42517.829,2020.012,42547.871,772864.734,0.00206819100001
110.451341004,524.288,262144,5,43042.117,2020.012,43072.159,772864.734,0.002177717
110.453685283,524.288,262144,5,43566.405,2020.012,43596.447,772864.734,0.002344279
110.455646826,524.288,262144,5,44090.693,2020.012,44120.735,772864.734,0.00196154300001
110.457992387,524.288,262144,5,44614.981,2020.012,44645.023,772864.734,0.002345561
110.460116387,524.288,262144,5,45139.269,2020.012,45169.311,772864.734,0.00212399999999
110.46220655,524.288,262144,5,45663.557,2020.012,45693.599,772864.734,0.00209016300001
110.464173311,524.288,262144,5,46187.845,2020.012,46217.887,772864.734,0.00196676099999
110.466414579,524.288,262144,5,46712.133,2020.012,46742.175,772864.734,0.00224126800001
110.468358366,524.288,262144,5,47236.421,2020.012,47266.463,772864.734,0.001943787
110.470599294,524.288,262144,5,47760.709,2020.012,47790.751,772864.734,0.00224092799999
110.473482737,524.288,262144,5,48284.997,2020.012,48315.039,772864.734,0.002883443
110.475090349,524.288,262144,5,48809.285,2020.012,48839.327,772864.734,0.001607612
110.477387775,524.288,262144,5,49333.573,2020.012,49363.615,772864.734,0.002297426
110.479551548,524.288,262144,5,49857.861,2020.012,49887.903,772864.734,0.00216377300001
110.481962528,524.288,262144,5,50382.149,2020.012,50412.191,772864.734,0.00241097999999
110.483980056,524.288,262144,5,50906.437,2020.012,50936.479,772864.734,0.002017528
110.48610896,524.288,262144,5,51430.725,2020.012,51460.767,772864.734,0.002128904
110.488357281,524.288,262144,5,51955.013,2020.012,51985.055,772864.734,0.00224832100001
110.490509081,524.288,262144,5,52479.301,2020.012,52509.343,772864.734,0.00215179999999
110.492865431,524.288,262144,5,53003.589,2020.012,53033.631,772864.734,0.00235635
110.495067979,524.288,262144,5,53527.877,2020.012,53557.919,772864.734,0.002202548
110.497442064,524.288,262144,5,54052.165,2020.012,54082.207,772864.734,0.002374085
110.499522885,524.288,262144,5,54576.453,2020.012,54606.495,772864.734,0.00208082100001
110.501784943,524.288,262144,5,55100.741,2020.012,55130.783,772864.734,0.002262058
110.504091849,524.288,262144,5,55625.029,2020.012,55655.071,772864.734,0.002306906
110.506303895,524.288,262144,5,56149.317,2020.012,56179.359,772864.734,0.002212046
110.508453883,524.288,262144,5,56673.605,2020.012,56703.647,772864.734,0.002149988
110.510642975,524.288,262144,5,57197.893,2020.012,57227.935,772864.734,0.00218909199999
110.513000392,524.288,262144,5,57722.181,2020.012,57752.223,772864.734,0.002357417
110.515345288,524.288,262144,5,58246.469,2020.012,58276.511,772864.734,0.00234489600001
110.517705941,524.288,262144,5,58770.757,2020.012,58800.799,772864.734,0.002360653
110.520068398,524.288,262144,5,59295.045,2020.012,59325.087,772864.734,0.002362457
110.522678551,524.288,262144,5,59819.333,2020.012,59849.375,772864.734,0.00261015299999
110.525098501,524.288,262144,5,60343.621,2020.012,60373.663,772864.734,0.00241995
110.527388287,524.288,262144,5,60867.909,2020.012,60897.951,772864.734,0.00228978599999
110.529763803,524.288,262144,5,61392.197,2020.012,61422.239,772864.734,0.002375516
110.532202979,524.288,262144,5,61916.485,2020.012,61946.527,772864.734,0.00243917600001
110.534521681,524.288,262144,5,62440.773,2020.012,62470.815,772864.734,0.002318702
110.53705027,524.288,262144,5,62965.061,2020.012,62995.103,772864.734,0.00252858899999
110.539261491,524.288,262144,5,63489.349,2020.012,63519.391,772864.734,0.00221122100001
110.541645811,524.288,262144,5,64013.637,2020.012,64043.679,772864.734,0.00238431999999
110.544396173,524.288,262144,5,64537.925,2020.012,64567.967,772864.734,0.002750362
110.546905689,786.432,262144,5,65324.357,2020.012,65354.399,772864.734,0.002509516
110.54902392,524.288,262144,5,65848.645,2020.012,65878.687,772864.734,0.002118231
110.551328729,524.288,262144,5,66372.933,2020.012,66402.975,772864.734,0.00230480900001
110.553368596,524.288,262144,5,66897.221,2020.012,66927.263,772864.734,0.00203986699999
110.555610103,524.288,262144,5,67421.509,2020.012,67451.551,772864.734,0.00224150700001
110.557660304,524.288,262144,5,67945.797,2020.012,67975.839,772864.734,0.00205020099999
110.559953088,524.288,262144,5,68470.085,2020.012,68500.127,772864.734,0.00229278400001
110.562035076,524.288,262144,5,68994.373,2020.012,69024.415,772864.734,0.002081988
110.564385405,524.288,262144,5,69518.661,2020.012,69548.703,772864.734,0.002350329
110.56648635,524.288,262144,5,70042.949,2020.012,70072.991,772864.734,0.00210094500001
110.568681124,524.288,262144,5,70567.237,2020.012,70597.279,772864.734,0.00219477399999
110.570674701,524.288,262144,5,71091.525,2020.012,71121.567,772864.734,0.00199357700001
110.572807506,524.288,262144,5,71615.813,2020.012,71645.855,772864.734,0.002132805
110.575146876,524.288,262144,5,72140.101,2020.012,72170.143,772864.734,0.00233937
110.57721411,786.432,262144,5,72926.533,2020.012,72956.575,772864.734,0.00206723399999
110.579603199,524.288,262144,5,73450.821,2020.012,73480.863,772864.734,0.002389089
110.581919045,524.288,262144,5,73975.109,2020.012,74005.151,772864.734,0.002315846
110.584256791,524.288,262144,5,74499.397,2020.012,74529.439,772864.734,0.00233774599999
110.586752496,524.288,262144,5,75023.685,2020.012,75053.727,772864.734,0.002495705
110.588820362,524.288,262144,5,75547.973,2020.012,75578.015,772864.734,0.002067866
110.591067642,524.288,262144,5,76072.261,2020.012,76102.303,772864.734,0.00224727999999
110.593114821,524.288,262144,5,76596.549,2020.012,76626.591,772864.734,0.002047179
110.595181971,524.288,262144,5,77120.837,2020.012,77150.879,772864.734,0.00206715
110.597507527,524.288,262144,5,77645.125,2020.012,77675.167,772864.734,0.002325556
110.599534759,524.288,262144,5,78169.413,2020.012,78199.455,772864.734,0.00202723199999
110.601613893,524.288,262144,5,78693.701,2020.012,78723.743,772864.734,0.00207913400001
110.603858045,524.288,262144,5,79217.989,2020.012,79248.031,772864.734,0.00224415199999
110.60579843,524.288,262144,5,79742.277,2020.012,79772.319,772864.734,0.001940385
110.607884114,524.288,262144,5,80266.565,2020.012,80296.607,772864.734,0.00208568400001
110.609640006,2097.152,262144,5,82363.717,2020.012,82393.759,772864.734,0.00175589200001
110.614942945,524.288,262144,5,82888.005,2020.012,82918.047,772864.734,0.00530293899999
110.616988812,786.432,262144,5,83674.437,2020.012,83704.479,772864.734,0.00204586700001
110.619385453,524.288,262144,5,84198.725,2020.012,84228.767,772864.734,0.002396641
110.621416225,524.288,262144,5,84723.013,2020.012,84753.055,772864.734,0.002030772
110.623631104,524.288,262144,5,85247.301,2020.012,85277.343,772864.734,0.00221487899999
110.626088778,524.288,262144,5,85771.589,2020.012,85801.631,772864.734,0.002457674
110.628202361,524.288,262144,5,86295.877,2020.012,86325.919,772864.734,0.00211358300001
110.630365183,524.288,262144,5,86820.165,2020.012,86850.207,772864.734,0.00216282199999
110.632727805,524.288,262144,5,87344.453,2020.012,87374.495,772864.734,0.00236262200001
110.634830933,524.288,262144,5,87868.741,2020.012,87898.783,772864.734,0.002103128
110.637140857,524.288,262144,5,88393.029,2020.012,88423.071,772864.734,0.002309924
110.639280829,524.288,262144,5,88917.317,2020.012,88947.359,772864.734,0.00213997199999
110.641250186,524.288,262144,5,89441.605,2020.012,89471.647,772864.734,0.00196935699999
110.643487935,524.288,262144,5,89965.893,2020.012,89995.935,772864.734,0.002237749
110.6456667,524.288,262144,5,90490.181,2020.012,90520.223,772864.734,0.00217876500001
110.648017208,524.288,262144,5,91014.469,2020.012,91044.511,772864.734,0.00235050799999
110.650782963,524.288,262144,5,91538.757,2020.012,91568.799,772864.734,0.002765755
110.652689455,524.288,262144,5,92063.045,2020.012,92093.087,772864.734,0.001906492
110.654395804,524.288,262144,5,92587.333,2020.012,92617.375,772864.734,0.001706349
110.656217811,524.288,262144,5,93111.621,2020.012,93141.663,772864.734,0.001822007
110.658046914,524.288,262144,5,93635.909,2020.012,93665.951,772864.734,0.00182910299999
110.659728444,524.288,262144,5,94160.197,2020.012,94190.239,772864.734,0.00168153
110.661580199,524.288,262144,5,94684.485,2020.012,94714.527,772864.734,0.001851755
110.663332782,524.288,262144,5,95208.773,2020.012,95238.815,772864.734,0.001752583
110.66515458,786.432,262144,5,95995.205,2020.012,96025.247,772864.734,0.00182179800001
110.667870598,524.288,262144,5,96519.493,2020.012,96549.535,772864.734,0.00271601799999
110.669656123,524.288,262144,5,97043.781,2020.012,97073.823,772864.734,0.001785525
110.67144708,524.288,262144,5,97568.069,2020.012,97598.111,772864.734,0.001790957
110.673250474,524.288,262144,5,98092.357,2020.012,98122.399,772864.734,0.00180339400001
110.675033465,786.432,262144,5,98878.789,2020.012,98908.831,772864.734,0.001782991
110.677543155,524.288,262144,5,99403.077,2020.012,99433.119,772864.734,0.00250969
110.679321425,524.288,262144,5,99927.365,2020.012,99957.407,772864.734,0.00177827
110.68129377,786.432,262144,5,100713.797,2020.012,100743.839,772864.734,0.001972345
110.683570538,524.288,262144,5,101238.085,2020.012,101268.127,772864.734,0.002276768
110.684936613,524.288,262144,5,101762.373,2020.012,101792.415,772864.734,0.00136607500001
110.68746988,524.288,262144,5,102286.661,2020.012,102316.703,772864.734,0.00253326699999
110.689956731,524.288,262144,5,102810.949,2020.012,102840.991,772864.734,0.002486851
110.692245951,524.288,262144,5,103335.237,2020.012,103365.279,772864.734,0.00228922000001
110.694478051,524.288,262144,5,103859.525,2020.012,103889.567,772864.734,0.0022321
110.696886667,524.288,262144,5,104383.813,2020.012,104413.855,772864.734,0.002408616
110.699337632,524.288,262144,5,104908.101,2020.012,104938.143,772864.734,0.00245096499999
110.701563729,524.288,262144,5,105432.389,2020.012,105462.431,772864.734,0.002226097
110.703517516,524.288,262144,5,105956.677,2020.012,105986.719,772864.734,0.00195378700001
110.705840148,524.288,262144,5,106480.965,2020.012,106511.007,772864.734,0.00232263199999
110.70787467,524.288,262144,5,107005.253,2020.012,107035.295,772864.734,0.002034522
110.710208031,524.288,262144,5,107529.541,2020.012,107559.583,772864.734,0.002333361
110.712307174,524.288,262144,5,108053.829,2020.012,108083.871,772864.734,0.00209914300001
110.71452251,524.288,262144,5,108578.117,2020.012,108608.159,772864.734,0.00221533599999
110.716568105,524.288,262144,5,109102.405,2020.012,109132.447,772864.734,0.002045595
110.71863532,524.288,262144,5,109626.693,2020.012,109656.735,772864.734,0.00206721500001
110.720715495,524.288,262144,5,110150.981,2020.012,110181.023,772864.734,0.00208017499999
110.722632076,524.288,262144,5,110675.269,2020.012,110705.311,772864.734,0.001916581
110.724884264,524.288,262144,5,111199.557,2020.012,111229.599,772864.734,0.002252188
110.726887879,524.288,262144,5,111723.845,2020.012,111753.887,772864.734,0.00200361500001
110.729191142,786.432,262144,5,112510.277,2020.012,112540.319,772864.734,0.002303263
110.731691313,524.288,262144,5,113034.565,2020.012,113064.607,772864.734,0.00250017099999
110.733849641,524.288,262144,5,113558.853,2020.012,113588.895,772864.734,0.00215832800001
110.736233807,507.131,262144,5,114065.984,2020.012,114096.026,772864.734,0.002384166
110.737661791,474.321,244987,5,114540.305,2020.476,114570.347,772865.198,0.00142798399999
110.061327186,0.22,220,2,27.932,196845.826,114570.536,772874.302,0
111.017326477,0.189,189,5,114540.494,2022.268,114570.756,772883.374,0.955999291
111.073240526,0.184,184,5,114540.678,2023.932,114570.94,772885.038,0.055914049
111.097907101,0.189,189,5,114540.867,2033.58,114571.129,772894.686,0.024666575
111.494185545,1.575,1575,5,114542.442,2033.58,114572.704,772894.686,0.396278444
111.496784033,0.286,286,5,114542.728,3672.972,114572.99,774534.078,0.002598488
111.528874752,0.189,189,5,114542.917,3673.932,114573.179,774535.038,0.032090719
111.062340728,0.22,220,2,28.152,196862.21,114575.518,774543.23,0
111.955675633,2.339,2339,5,114545.256,3674.396,114575.738,774551.886,0.893334905
112.063233574,0.22,220,2,28.372,196878.594,114575.927,774560.99,0.107557941
112.845034059,0.189,189,5,114545.445,3684.652,114576.147,774578.526,0.781800485
113.638450167,1.575,1575,5,114547.02,3684.652,114577.722,774578.526,0.793416108
113.640604265,0.286,286,5,114547.306,4364.588,114578.008,775258.462,0.00215409799999
113.65131325,0.19,190,5,114547.496,4368.684,114578.198,775262.558,0.010708985
113.782681925,0.286,286,5,114547.782,4370.732,114578.484,777951.582,0.131368675
113.064083577,0.22,220,2,28.592,196894.978,114578.673,777960.798,0
113.797952367,0.189,189,5,114547.971,4371.756,114578.893,777968.99,0.73386879
114.165740394,2.62,2620,5,114550.591,4384.284,114581.513,777981.518,0.367788027
114.850037183,1.575,1575,5,114552.166,4384.284,114583.088,777981.518,0.684296789
114.852542099,0.286,286,5,114552.452,5307.932,114583.374,778905.166,0.00250491600001
114.863206442,0.19,190,5,114552.642,5311.004,114583.564,778908.238,0.010664343
114.064957296,0.22,220,2,28.812,196911.362,114583.678,779720.782,0
115.058955128,0.114,114,5,114552.756,5312.54,114583.898,781105.23,0.993997832
115.565075661,0.184,184,5,114552.94,5313.052,114584.082,781105.742,0.506120533
115.567967242,1.775,1775,5,114554.715,5314.076,114585.857,781106.766,0.002891581
115.571126421,524.288,262144,5,115079.003,5314.076,115110.145,781106.766,0.00315917900001
115.57399638,786.432,262144,5,115865.435,5314.076,115896.577,781106.766,0.00286995899999
115.576508238,524.288,262144,5,116389.723,5314.076,116420.865,781106.766,0.00251185800001
115.57850216,524.288,262144,5,116914.011,5314.076,116945.153,781106.766,0.001993922
115.580681212,524.288,262144,5,117438.299,5314.076,117469.441,781106.766,0.002179052
115.582819675,524.288,262144,5,117962.587,5314.076,117993.729,781106.766,0.00213846299999
115.585149598,524.288,262144,5,118486.875,5314.076,118518.017,781106.766,0.002329923
115.587307106,524.288,262144,5,119011.163,5314.076,119042.305,781106.766,0.002157508
115.589472942,524.288,262144,5,119535.451,5314.076,119566.593,781106.766,0.002165836
115.591726007,524.288,262144,5,120059.739,5314.076,120090.881,781106.766,0.002253065
115.593850382,524.288,262144,5,120584.027,5314.076,120615.169,781106.766,0.00212437499999
115.595943901,524.288,262144,5,121108.315,5314.076,121139.457,781106.766,0.002093519
115.598038668,524.288,262144,5,121632.603,5314.076,121663.745,781106.766,0.002094767
115.600129258,524.288,262144,5,122156.891,5314.076,122188.033,781106.766,0.00209058999999
115.602221605,524.288,262144,5,122681.179,5314.076,122712.321,781106.766,0.002092347
115.604310977,524.288,262144,5,123205.467,5314.076,123236.609,781106.766,0.002089372
115.606462541,524.288,262144,5,123729.755,5314.076,123760.897,781106.766,0.002151564
115.608868589,524.288,262144,5,124254.043,5314.076,124285.185,781106.766,0.002406048
115.611227024,524.288,262144,5,124778.331,5314.076,124809.473,781106.766,0.002358435
115.613631256,524.288,262144,5,125302.619,5314.076,125333.761,781106.766,0.002404232
115.616004371,524.288,262144,5,125826.907,5314.076,125858.049,781106.766,0.002373115
115.618373397,524.288,262144,5,126351.195,5314.076,126382.337,781106.766,0.002369026
115.620649013,524.288,262144,5,126875.483,5314.076,126906.625,781106.766,0.00227561600001
115.62294794,524.288,262144,5,127399.771,5314.076,127430.913,781106.766,0.002298927
115.625442526,524.288,262144,5,127924.059,5314.076,127955.201,781106.766,0.002494586
115.627785638,524.288,262144,5,128448.347,5314.076,128479.489,781106.766,0.00234311200001
115.630130543,524.288,262144,5,128972.635,5314.076,129003.777,781106.766,0.002344905
115.632164766,524.288,262144,5,129496.923,5314.076,129528.065,781106.766,0.002034223
115.634742068,524.288,262144,5,130021.211,5314.076,130052.353,781106.766,0.00257730199999
115.637123559,524.288,262144,5,130545.499,5314.076,130576.641,781106.766,0.00238149100001
115.639252283,524.288,262144,5,131069.787,5314.076,131100.929,781106.766,0.002128724
115.64199306,524.288,262144,5,131594.075,5314.076,131625.217,781106.766,0.002740777
115.643739209,524.288,262144,5,132118.363,5314.076,132149.505,781106.766,0.001746149
115.64619985,524.288,262144,5,132642.651,5314.076,132673.793,781106.766,0.002460641
115.648393833,524.288,262144,5,133166.939,5314.076,133198.081,781106.766,0.002193983
115.650650427,524.288,262144,5,133691.227,5314.076,133722.369,781106.766,0.002256594
115.652881472,524.288,262144,5,134215.515,5314.076,134246.657,781106.766,0.002231045
115.655034131,524.288,262144,5,134739.803,5314.076,134770.945,781106.766,0.00215265899999
115.657366122,524.288,262144,5,135264.091,5314.076,135295.233,781106.766,0.00233199100001
115.659663255,524.288,262144,5,135788.379,5314.076,135819.521,781106.766,0.002297133
115.661941269,524.288,262144,5,136312.667,5314.076,136343.809,781106.766,0.002278014
115.664176094,524.288,262144,5,136836.955,5314.076,136868.097,781106.766,0.002234825
115.666222843,524.288,262144,5,137361.243,5314.076,137392.385,781106.766,0.002046749
115.668444292,524.288,262144,5,137885.531,5314.076,137916.673,781106.766,0.002221449
115.670672007,524.288,262144,5,138409.819,5314.076,138440.961,781106.766,0.00222771499999
115.672999341,524.288,262144,5,138934.107,5314.076,138965.249,781106.766,0.002327334
115.675313917,524.288,262144,5,139458.395,5314.076,139489.537,781106.766,0.002314576
115.67758232,524.288,262144,5,139982.683,5314.076,140013.825,781106.766,0.002268403
115.679509537,524.288,262144,5,140506.971,5314.076,140538.113,781106.766,0.001927217
115.68151574,524.288,262144,5,141031.259,5314.076,141062.401,781106.766,0.00200620299999
115.683616531,524.288,262144,5,141555.547,5314.076,141586.689,781106.766,0.002100791
115.68553868,524.288,262144,5,142079.835,5314.076,142110.977,781106.766,0.00192214899999
115.687587727,524.288,262144,5,142604.123,5314.076,142635.265,781106.766,0.002049047
115.689575563,524.288,262144,5,143128.411,5314.076,143159.553,781106.766,0.00198783600001
115.691595881,524.288,262144,5,143652.699,5314.076,143683.841,781106.766,0.00202031799999
115.693651708,524.288,262144,5,144176.987,5314.076,144208.129,781106.766,0.00205582700001
115.695796694,524.288,262144,5,144701.275,5314.076,144732.417,781106.766,0.00214498599999
115.697736153,524.288,262144,5,145225.563,5314.076,145256.705,781106.766,0.001939459
115.69966952,524.288,262144,5,145749.851,5314.076,145780.993,781106.766,0.00193336700001
115.701683129,524.288,262144,5,146274.139,5314.076,146305.281,781106.766,0.002013609
115.703777158,524.288,262144,5,146798.427,5314.076,146829.569,781106.766,0.00209402899999
115.705748012,524.288,262144,5,147322.715,5314.076,147353.857,781106.766,0.00197085400001
115.707706588,524.288,262144,5,147847.003,5314.076,147878.145,781106.766,0.00195857599999
115.709803211,524.288,262144,5,148371.291,5314.076,148402.433,781106.766,0.002096623
115.711944531,524.288,262144,5,148895.579,5314.076,148926.721,781106.766,0.00214132000001
115.713835549,524.288,262144,5,149419.867,5314.076,149451.009,781106.766,0.00189101799999
115.715959937,524.288,262144,5,149944.155,5314.076,149975.297,781106.766,0.002124388
115.71799764,524.288,262144,5,150468.443,5314.076,150499.585,781106.766,0.002037703
115.719982438,524.288,262144,5,150992.731,5314.076,151023.873,781106.766,0.00198479800001
115.722104623,524.288,262144,5,151517.019,5314.076,151548.161,781106.766,0.002122185
115.724190295,524.288,262144,5,152041.307,5314.076,152072.449,781106.766,0.00208567199999
115.726499743,524.288,262144,5,152565.595,5314.076,152596.737,781106.766,0.00230944800001
115.728634082,524.288,262144,5,153089.883,5314.076,153121.025,781106.766,0.00213433899999
115.731069326,524.288,262144,5,153614.171,5314.076,153645.313,781106.766,0.002435244
115.733287733,524.288,262144,5,154138.459,5314.076,154169.601,781106.766,0.002218407
115.735229364,524.288,262144,5,154662.747,5314.076,154693.889,781106.766,0.00194163100001
115.73645493,1048.576,262144,5,155711.323,5314.076,155742.465,781106.766,0.00122556599999
115.738659754,1048.576,262144,5,156759.899,5314.076,156791.041,781106.766,0.002204824
115.740875193,1048.576,262144,5,157808.475,5314.076,157839.617,781106.766,0.002215439
115.743076966,1048.576,262144,5,158857.051,5314.076,158888.193,781106.766,0.00220177300001
115.745280101,1048.576,262144,5,159905.627,5314.076,159936.769,781106.766,0.002203135
115.747496153,1048.576,262144,5,160954.203,5314.076,160985.345,781106.766,0.00221605199999
115.749701364,1048.576,262144,5,162002.779,5314.076,162033.921,781106.766,0.002205211
115.751905066,524.288,262144,5,162527.067,5314.076,162558.209,781106.766,0.002203702
115.753086324,1048.576,262144,5,163575.643,5314.076,163606.785,781106.766,0.00118125799999
115.755284469,1048.576,262144,5,164624.219,5314.076,164655.361,781106.766,0.00219814500001
115.757487136,1048.576,262144,5,165672.795,5314.076,165703.937,781106.766,0.00220266699999
115.759703099,1048.576,262144,5,166721.371,5314.076,166752.513,781106.766,0.00221596300001
115.761904508,1048.576,262144,5,167769.947,5314.076,167801.089,781106.766,0.00220140899999
115.764107922,1048.576,262144,5,168818.523,5314.076,168849.665,781106.766,0.00220341399999
115.766331151,524.288,262144,5,169342.811,5314.076,169373.953,781106.766,0.00222322900001
115.767701886,1048.576,262144,5,170391.387,5314.076,170422.529,781106.766,0.00137073499999
115.769915985,1048.576,262144,5,171439.963,5314.076,171471.105,781106.766,0.002214099
115.77211988,1048.576,262144,5,172488.539,5314.076,172519.681,781106.766,0.00220389500001
115.774320851,1048.576,262144,5,173537.115,5314.076,173568.257,781106.766,0.00220097099999
115.776525534,1048.576,262144,5,174585.691,5314.076,174616.833,781106.766,0.002204683
115.778739582,1048.576,262144,5,175634.267,5314.076,175665.409,781106.766,0.002214048
115.780940997,1048.576,262144,5,176682.843,5314.076,176713.985,781106.766,0.002201415
115.783145399,524.288,262144,5,177207.131,5314.076,177238.273,781106.766,0.002204402
115.784325018,1048.576,262144,5,178255.707,5314.076,178286.849,781106.766,0.001179619
115.786525878,1048.576,262144,5,179304.283,5314.076,179335.425,781106.766,0.00220086
115.788741449,1048.576,262144,5,180352.859,5314.076,180384.001,781106.766,0.00221557099999
115.790943545,1048.576,262144,5,181401.435,5314.076,181432.577,781106.766,0.002202096
115.79315007,1048.576,262144,5,182450.011,5314.076,182481.153,781106.766,0.00220652499999
115.795372737,1048.576,262144,5,183498.587,5314.076,183529.729,781106.766,0.002222667
115.797565099,1048.576,262144,5,184547.163,5314.076,184578.305,781106.766,0.002192362
115.799768202,1048.576,262144,5,185595.739,5314.076,185626.881,781106.766,0.002203103
115.80197231,524.288,262144,5,186120.027,5314.076,186151.169,781106.766,0.002204108
115.803148129,1048.576,262144,5,187168.603,5314.076,187199.745,781106.766,0.001175819
115.805352784,1048.576,262144,5,188217.179,5314.076,188248.321,781106.766,0.002204655
115.807567299,1048.576,262144,5,189265.755,5314.076,189296.897,781106.766,0.00221451500001
115.809769589,1048.576,262144,5,190314.331,5314.076,190345.473,781106.766,0.00220229
115.811973266,1048.576,262144,5,191362.907,5314.076,191394.049,781106.766,0.002203677
115.814177079,1048.576,262144,5,192411.483,5314.076,192442.625,781106.766,0.00220381300001
115.816397376,1048.576,262144,5,193460.059,5314.076,193491.201,781106.766,0.00222029699999
115.818596175,1048.576,262144,5,194508.635,5314.076,194539.777,781106.766,0.002198799
115.820802918,524.288,262144,5,195032.923,5314.076,195064.065,781106.766,0.002206743
115.821986925,1048.576,262144,5,196081.499,5314.076,196112.641,781106.766,0.00118400700001
115.824188297,1048.576,262144,5,197130.075,5314.076,197161.217,781106.766,0.002201372
115.826406969,1048.576,262144,5,198178.651,5314.076,198209.793,781106.766,0.002218672
115.828608442,1048.576,262144,5,199227.227,5314.076,199258.369,781106.766,0.002201473
115.830809135,1048.576,262144,5,200275.803,5314.076,200306.945,781106.766,0.00220069299999
115.83301651,786.432,262144,5,201062.235,5314.076,201355.521,781106.766,0.002207375
115.835224013,1048.576,262144,5,202110.811,5314.076,202404.097,781106.766,0.00220750300001
115.837427542,1048.576,262144,5,203159.387,5314.076,203452.673,781106.766,0.002203529
115.839630573,524.288,262144,5,203683.675,5314.076,203976.961,781106.766,0.00220303099999
115.840811212,1048.576,262144,5,204732.251,5314.076,205025.537,781106.766,0.00118063900001
115.843013759,1048.576,262144,5,205780.827,5314.076,206074.113,781106.766,0.002202547
115.845230834,1048.576,262144,5,206829.403,5314.076,207122.689,781106.766,0.002217075
115.847427978,1048.576,262144,5,207877.979,5314.076,208171.265,781106.766,0.00219714399999
115.849636615,1048.576,262144,5,208926.555,5314.076,209219.841,781106.766,0.002208637
115.851836082,1048.576,262144,5,209975.131,5314.076,210268.417,781106.766,0.00219946700001
115.854055678,1048.576,262144,5,211023.707,5314.076,211316.993,781106.766,0.00221959599999
115.856255365,1048.576,262144,5,212072.283,5314.076,212365.569,781106.766,0.002199687
115.858458966,524.288,262144,5,212596.571,5314.076,212889.857,781106.766,0.00220360100001
115.859637526,1048.576,262144,5,213645.147,5314.076,213938.433,781106.766,0.00117856
115.861871177,1048.576,262144,5,214693.723,5314.076,214987.009,781106.766,0.002233651
115.864052839,1048.576,262144,5,215742.299,5314.076,216035.585,781106.766,0.002181662
115.866256514,1048.576,262144,5,216790.875,5314.076,217084.161,781106.766,0.002203675
115.86846014,1048.576,262144,5,217839.451,5314.076,218132.737,781106.766,0.002203626
115.87066297,914.569,262144,5,218754.02,5314.076,219047.306,781106.766,0.00220283
115.872852321,131.145,130595,5,218885.165,5315.068,219178.451,781107.758,0.002189351
115.978099136,0.184,184,5,218885.349,5316.956,219178.635,781109.646,0.105246815
115.066155937,0.22,220,2,29.032,196927.746,219178.824,781118.734,0
115.991065589,0.189,189,5,218885.538,5319.548,219179.044,781128.622,0.924909652
116.799754102,0.19,190,5,218885.728,5322.556,219179.234,781131.63,0.808688513
116.806009372,0.19,190,5,218885.918,5323.868,219179.424,781132.942,0.00625527000001
116.813083144,0.189,189,5,218886.107,5333.244,219179.613,781142.318,0.007073772
116.843380668,1.575,1575,5,218887.682,5333.244,219181.188,781142.318,0.030297524
116.845755744,0.286,286,5,218887.968,8168.508,219181.474,783977.582,0.00237507600001
116.067407693,0.22,220,2,29.252,196935.938,219181.664,783986.574,0
116.905819999,0.19,190,5,218888.158,8169.308,219181.884,783994.766,0.838412306
117.068640663,0.22,220,2,29.472,196952.322,219184.223,784002.958,0.162820664
117.261913989,2.339,2339,5,218890.497,8169.308,219184.443,784011.15,0.193273326
118.308073303,0.339,339,5,218890.836,8178.924,219184.782,784020.766,1.046159314
118.75236425,1.575,1575,5,218892.411,8178.924,219186.357,784020.766,0.444290947
118.755968846,0.286,286,5,218892.697,8933.084,219186.643,784774.926,0.003604596
118.767448666,0.19,190,5,218892.887,8934.06,219186.833,784775.902,0.01147982
118.875986798,0.286,286,5,218893.173,12203.612,219187.119,788045.454,0.108538132
118.069585065,0.22,220,2,29.692,196968.706,225390.865,788055.566,0
118.895704242,0.19,190,5,218893.363,12204.524,225391.085,788063.758,0.826119177
119.070385915,0.22,220,2,29.912,196985.09,225393.748,788071.95,0.174681673
120.071115458,0.22,220,2,30.132,197001.474,225393.968,788089.262,1.000729543
119.188606282,2.663,2663,5,218896.026,12205.404,225394.188,788098.334,0
121.086778239,0.19,190,5,218896.216,12215.388,225394.378,788108.318,1.898171957
121.635797866,1.575,1575,5,218897.791,12215.388,225395.953,788108.318,0.549019627
121.638565162,0.286,286,5,218898.077,17149.02,225396.239,793041.95,0.002767296
121.071930257,0.22,220,2,30.352,197017.858,225396.429,793051.166,0
121.960590161,0.19,190,5,218898.267,17150.044,225396.649,793059.358,0.888659904
122.072813476,0.22,220,2,30.572,197034.242,225398.988,793067.55,0.112223315
122.347764422,2.339,2339,5,218900.606,17151.996,225399.208,793077.694,0.274950946
123.295909048,0.19,190,5,218900.796,17153.82,225399.398,793079.518,0.948144626
123.300358123,0.19,190,5,218900.986,17157.084,225399.588,793082.782,0.004449075
123.308632218,0.19,190,5,218901.176,17167.436,225399.778,793093.134,0.008274095
123.833139808,1.575,1575,5,218902.751,17167.436,225401.353,793093.134,0.52450759
123.836404437,0.286,286,5,218903.037,17168.364,225401.639,794068.91,0.003264629
123.843739438,0.19,190,5,218903.227,17169.26,225401.829,794069.806,0.007335001
123.96689891,0.286,286,5,218903.513,21184.204,225402.115,798084.75,0.123159472
123.073664621,0.22,220,2,30.792,197050.626,225402.305,798093.774,0
124.012206085,0.19,190,5,218903.703,21185.036,225402.525,798101.966,0.938541464
124.074629699,0.22,220,2,31.012,197067.01,225405.145,798110.158,0.062423614
125.075520997,0.22,220,2,31.232,197083.394,225405.365,798127.438,1.000891298
124.247631052,2.62,2620,5,218906.323,21185.836,225405.585,798136.43,0
126.207645959,0.19,190,5,218906.513,21188.38,225405.775,798138.974,1.960014907
126.594764864,0.19,190,5,218906.703,21197.9,225405.965,798148.494,0.387118905
127.054678283,1.575,1575,5,218908.278,21197.9,225407.54,798148.494,0.459913419
126.07632039,0.22,220,2,31.452,197099.778,225407.826,798673.646,0
127.057722008,0.286,286,5,218908.564,25843.628,225408.046,802810.606,0.981401618
127.143430187,0.19,190,5,218908.754,25844.46,225408.236,802811.438,0.085708179
127.077230984,0.22,220,2,31.672,197116.162,225410.575,802819.63,0
127.467493973,2.339,2339,5,218911.093,25844.46,225410.795,802827.822,0.390262989
128.304129111,0.339,339,5,218911.432,25854.476,225411.134,802837.838,0.836635138
129.039800859,1.575,1575,5,218913.007,25854.476,225412.709,802837.838,0.735671748
129.0424546,0.286,286,5,218913.293,26608.652,225412.995,803592.014,0.00265374100002
128.078064407,0.22,220,2,31.892,197132.546,225413.185,803601.214,0
129.054115268,0.19,190,5,218913.483,26609.66,225413.405,803609.406,0.976050861
129.184410313,0.286,286,5,218913.769,31353.804,225413.691,808353.55,0.130295045
129.255534334,0.19,190,5,218913.959,31354.748,225413.881,808354.494,0.071124021
129.078924543,0.22,220,2,32.112,197148.93,225416.501,808362.686,0
129.535513235,2.62,2620,5,218916.579,31355.212,225416.721,808371.342,0.456588692
130.41986696,0.19,190,5,218916.769,31364.94,225416.911,808381.07,0.884353725
130.533526124,1.575,1575,5,218918.344,31364.94,225418.486,808381.07,0.113659164
130.535551244,0.286,286,5,218918.63,32880.46,225418.772,809896.59,0.00202512000001
130.544061629,0.19,190,5,218918.82,32884.556,225418.962,809900.686,0.00851038499999
130.079820054,0.22,220,2,32.332,197165.314,225419.076,811925.134,0
130.751429634,0.114,114,5,218918.934,32885.58,225419.296,811933.326,0.67160958
131.198911625,0.185,185,5,218919.119,32887.116,225419.481,811934.862,0.447481991
131.201569365,1.775,1775,5,218920.894,32888.588,225421.256,811936.334,0.00265774000002
131.204757849,524.288,262144,5,219445.182,32888.588,225945.544,811936.334,0.00318848399999
131.207608221,524.288,262144,5,219969.47,32888.588,226469.832,811936.334,0.00285037199998
131.209318154,524.288,262144,5,220493.758,32888.588,226994.12,811936.334,0.001709933
131.211587665,524.288,262144,5,221018.046,32888.588,227518.408,811936.334,0.00226951100001
131.21358584,524.288,262144,5,221542.334,32888.588,228042.696,811936.334,0.00199817500001
131.215778952,524.288,262144,5,222066.622,32888.588,228566.984,811936.334,0.00219311199999
131.217884649,524.288,262144,5,222590.91,32888.588,229091.272,811936.334,0.00210569700002
131.219801501,524.288,262144,5,223115.198,32888.588,229615.56,811936.334,0.00191685199999
131.221884215,524.288,262144,5,223639.486,32888.588,230139.848,811936.334,0.00208271399998
131.224000599,524.288,262144,5,224163.774,32888.588,230664.136,811936.334,0.002116384
131.225981302,524.288,262144,5,224688.062,32888.588,231188.424,811936.334,0.00198070300002
131.228203988,524.288,262144,5,225212.35,32888.588,231712.712,811936.334,0.00222268599998
131.230137911,524.288,262144,5,225736.638,32888.588,232237.0,811936.334,0.00193392300002
131.231970797,524.288,262144,5,226260.926,32888.588,232761.288,811936.334,0.00183288599999
131.234313945,524.288,262144,5,226785.214,32888.588,233285.576,811936.334,0.00234314799999
131.236670375,786.432,262144,5,227571.646,32888.588,234072.008,811936.334,0.00235642999999
131.23859662,524.288,262144,5,228095.934,32888.588,234596.296,811936.334,0.00192624500002
131.240761729,524.288,262144,5,228620.222,32888.588,235120.584,811936.334,0.002165109
131.242902037,524.288,262144,5,229144.51,32888.588,235644.872,811936.334,0.00214030799998
131.245117673,524.288,262144,5,229668.798,32888.588,236169.16,811936.334,0.00221563600002
131.247359096,524.288,262144,5,230193.086,32888.588,236693.448,811936.334,0.00224142299999
131.249881425,524.288,262144,5,230717.374,32888.588,237217.736,811936.334,0.00252232900002
131.252196976,524.288,262144,5,231241.662,32888.588,237742.024,811936.334,0.00231555099998
131.254397183,524.288,262144,5,231765.95,32888.588,238266.312,811936.334,0.00220020700002
131.256908717,524.288,262144,5,232290.238,32888.588,238790.6,811936.334,0.00251153399998
131.259155241,524.288,262144,5,232814.526,32888.588,239314.888,811936.334,0.00224652400001
131.261522719,524.288,262144,5,233338.814,32888.588,239839.176,811936.334,0.002367478
131.263825857,524.288,262144,5,233863.102,32888.588,240363.464,811936.334,0.002303138
131.266008708,524.288,262144,5,234387.39,32888.588,240887.752,811936.334,0.00218285099999
131.268428411,524.288,262144,5,234911.678,32888.588,241412.04,811936.334,0.00241970300002
131.270592242,524.288,262144,5,235435.966,32888.588,241936.328,811936.334,0.00216383099999
131.272770485,524.288,262144,5,235960.254,32888.588,242460.616,811936.334,0.002178243
131.275137238,524.288,262144,5,236484.542,32888.588,242984.904,811936.334,0.00236675300002
131.277210423,524.288,262144,5,237008.83,32888.588,243509.192,811936.334,0.002073185
131.279444973,524.288,262144,5,237533.118,32888.588,244033.48,811936.334,0.00223455
131.281689643,524.288,262144,5,238057.406,32888.588,244557.768,811936.334,0.00224466999998
131.283879716,524.288,262144,5,238581.694,32888.588,245082.056,811936.334,0.00219007300001
131.286386656,524.288,262144,5,239105.982,32888.588,245606.344,811936.334,0.00250693999999
131.288499607,524.288,262144,5,239630.27,32888.588,246130.632,811936.334,0.00211295100002
131.290966546,524.288,262144,5,240154.558,32888.588,246654.92,811936.334,0.00246693899999
131.293177241,524.288,262144,5,240678.846,32888.588,247179.208,811936.334,0.002210695
131.295370576,524.288,262144,5,241203.134,32888.588,247703.496,811936.334,0.00219333500002
131.29758465,524.288,262144,5,241727.422,32888.588,248227.784,811936.334,0.00221407399999
131.299773868,524.288,262144,5,242251.71,32888.588,248752.072,811936.334,0.00218921799998
131.301970011,524.288,262144,5,242775.998,32888.588,249276.36,811936.334,0.00219614300002
131.304441586,524.288,262144,5,243300.286,32888.588,249800.648,811936.334,0.00247157499999
131.306933876,524.288,262144,5,243824.574,32888.588,250324.936,811936.334,0.00249228999999
131.309079062,524.288,262144,5,244348.862,32888.588,250849.224,811936.334,0.00214518600001
131.311289212,524.288,262144,5,244873.15,32888.588,251373.512,811936.334,0.00221015
131.313749,524.288,262144,5,245397.438,32888.588,251897.8,811936.334,0.00245978800001
131.315963544,524.288,262144,5,245921.726,32888.588,252422.088,811936.334,0.002214544
131.318433878,524.288,262144,5,246446.014,32888.588,252946.376,811936.334,0.00247033400001
131.320579523,524.288,262144,5,246970.302,32888.588,253470.664,811936.334,0.00214564499998
131.322793146,524.288,262144,5,247494.59,32888.588,253994.952,811936.334,0.00221362300002
131.32501133,524.288,262144,5,248018.878,32888.588,254519.24,811936.334,0.00221818399999
131.327301367,524.288,262144,5,248543.166,32888.588,255043.528,811936.334,0.00229003699999
131.329562224,524.288,262144,5,249067.454,32888.588,255567.816,811936.334,0.00226085700001
131.331838473,524.288,262144,5,249591.742,32888.588,256092.104,811936.334,0.002276249
131.334186041,524.288,262144,5,250116.03,32888.588,256616.392,811936.334,0.002347568
131.336558743,524.288,262144,5,250640.318,32888.588,257140.68,811936.334,0.002372702
131.338641891,524.288,262144,5,251164.606,32888.588,257664.968,811936.334,0.002083148
131.340616315,524.288,262144,5,251688.894,32888.588,258189.256,811936.334,0.001974424
131.342610894,524.288,262144,5,252213.182,32888.588,258713.544,811936.334,0.00199457899998
131.344606313,524.288,262144,5,252737.47,32888.588,259237.832,811936.334,0.00199541900002
131.346624076,524.288,262144,5,253261.758,32888.588,259762.12,811936.334,0.002017763
131.34871369,524.288,262144,5,253786.046,32888.588,260286.408,811936.334,0.002089614
131.350695055,524.288,262144,5,254310.334,32888.588,260810.696,811936.334,0.00198136499998
131.352737869,524.288,262144,5,254834.622,32888.588,261334.984,811936.334,0.00204281400002
131.354677624,524.288,262144,5,255358.91,32888.588,261859.272,811936.334,0.001939755
131.35688303,524.288,262144,5,255883.198,32888.588,262383.56,811936.334,0.002205406
131.358792453,524.288,262144,5,256407.486,32888.588,262907.848,811936.334,0.001909423
131.360766793,524.288,262144,5,256931.774,32888.588,263432.136,811936.334,0.00197434
131.362695579,524.288,262144,5,257456.062,32888.588,263956.424,811936.334,0.00192878599998
131.364759908,524.288,262144,5,257980.35,32888.588,264480.712,811936.334,0.00206432900001
131.366890594,524.288,262144,5,258504.638,32888.588,265005.0,811936.334,0.00213068600002
131.369998074,524.288,262144,5,259028.926,32888.588,265529.288,811936.334,0.00310747999998
131.371769805,524.288,262144,5,259553.214,32888.588,266053.576,811936.334,0.00177173100002
131.373657012,524.288,262144,5,260077.502,32888.588,266577.864,811936.334,0.00188720699998
131.375739769,524.288,262144,5,260601.79,32888.588,267102.152,811936.334,0.00208275700001
131.377936085,524.288,262144,5,261126.078,32888.588,267626.44,811936.334,0.00219631599998
131.380164005,524.288,262144,5,261650.366,32888.588,268150.728,811936.334,0.00222792000002
131.382381086,524.288,262144,5,262174.654,32888.588,268675.016,811936.334,0.002217081
131.384607783,524.288,262144,5,262698.942,32888.588,269199.304,811936.334,0.002226697
131.386713219,524.288,262144,5,263223.23,32888.588,269723.592,811936.334,0.00210543599999
131.388892614,524.288,262144,5,263747.518,32888.588,270247.88,811936.334,0.00217939500001
131.390969373,524.288,262144,5,264271.806,32888.588,270772.168,811936.334,0.00207675899998
131.393063254,524.288,262144,5,264796.094,32888.588,271296.456,811936.334,0.00209388100001
131.395254218,524.288,262144,5,265320.382,32888.588,271820.744,811936.334,0.00219096399999
131.397441211,524.288,262144,5,265844.67,32888.588,272345.032,811936.334,0.00218699300001
131.399694972,524.288,262144,5,266368.958,32888.588,272869.32,811936.334,0.00225376099999
131.401889197,524.288,262144,5,266893.246,32888.588,273393.608,811936.334,0.00219422500001
131.404283991,524.288,262144,5,267417.534,32888.588,273917.896,811936.334,0.002394794
131.406352789,524.288,262144,5,267941.822,32888.588,274442.184,811936.334,0.00206879800001
131.408622185,524.288,262144,5,268466.11,32888.588,274966.472,811936.334,0.002269396
131.41089196,524.288,262144,5,268990.398,32888.588,275490.76,811936.334,0.00226977499997
131.413018127,524.288,262144,5,269514.686,32888.588,276015.048,811936.334,0.002126167
131.414918165,524.288,262144,5,270038.974,32888.588,276539.336,811936.334,0.001900038
131.417303675,524.288,262144,5,270563.262,32888.588,277063.624,811936.334,0.00238551000001
131.419629176,524.288,262144,5,271087.55,32888.588,277587.912,811936.334,0.002325501
131.421832117,524.288,262144,5,271611.838,32888.588,278112.2,811936.334,0.00220294100001
131.423922172,524.288,262144,5,272136.126,32888.588,278636.488,811936.334,0.002090055
131.42616948,524.288,262144,5,272660.414,32888.588,279160.776,811936.334,0.00224730799999
131.42826557,524.288,262144,5,273184.702,32888.588,279685.064,811936.334,0.00209609000001
131.430437566,524.288,262144,5,273708.99,32888.588,280209.352,811936.334,0.00217199599999
131.432744489,524.288,262144,5,274233.278,32888.588,280733.64,811936.334,0.00230692299999
131.434717155,524.288,262144,5,274757.566,32888.588,281257.928,811936.334,0.001972666
131.43683717,524.288,262144,5,275281.854,32888.588,281782.216,811936.334,0.002120015
131.438821288,524.288,262144,5,275806.142,32888.588,282306.504,811936.334,0.00198411800002
131.440801948,524.288,262144,5,276330.43,32888.588,282830.792,811936.334,0.00198065999999
131.442731959,524.288,262144,5,276854.718,32888.588,283355.08,811936.334,0.00193001100001
131.444393214,524.288,262144,5,277379.006,32888.588,283879.368,811936.334,0.00166125499999
131.446156356,524.288,262144,5,277903.294,32888.588,284403.656,811936.334,0.00176314199999
131.448068973,524.288,262144,5,278427.582,32888.588,284927.944,811936.334,0.00191261700002
131.449650643,524.288,262144,5,278951.87,32888.588,285452.232,811936.334,0.00158167000001
131.451524792,524.288,262144,5,279476.158,32888.588,285976.52,811936.334,0.00187414899997
131.453140543,524.288,262144,5,280000.446,32888.588,286500.808,811936.334,0.001615751
131.454900713,524.288,262144,5,280524.734,32888.588,287025.096,811936.334,0.00176017000001
131.456694919,524.288,262144,5,281049.022,32888.588,287549.384,811936.334,0.001794206
131.458481812,524.288,262144,5,281573.31,32888.588,288073.672,811936.334,0.001786893
131.46018704,524.288,262144,5,282097.598,32888.588,288597.96,811936.334,0.00170522799999
131.461918858,524.288,262144,5,282621.886,32888.588,289122.248,811936.334,0.001731818
131.463626912,524.288,262144,5,283146.174,32888.588,289646.536,811936.334,0.00170805400001
131.46530259,524.288,262144,5,283670.462,32888.588,290170.824,811936.334,0.001675678
131.466965584,524.288,262144,5,284194.75,32888.588,290695.112,811936.334,0.00166299400001
131.468653543,524.288,262144,5,284719.038,32888.588,291219.4,811936.334,0.00168795899998
131.470265424,524.288,262144,5,285243.326,32888.588,291743.688,811936.334,0.001611881
131.471960605,524.288,262144,5,285767.614,32888.588,292267.976,811936.334,0.001695181
131.473663356,524.288,262144,5,286291.902,32888.588,292792.264,811936.334,0.00170275100001
131.475371893,524.288,262144,5,286816.19,32888.588,293316.552,811936.334,0.00170853699998
131.478356279,786.432,262144,5,287602.622,32888.588,294102.984,811936.334,0.00298438600001
131.479772116,524.288,262144,5,288126.91,32888.588,294627.272,811936.334,0.001415837
131.481705399,524.288,262144,5,288651.198,32888.588,295151.56,811936.334,0.001933283
131.483655376,524.288,262144,5,289175.486,32888.588,295675.848,811936.334,0.00194997700001
131.485615922,524.288,262144,5,289699.774,32888.588,296200.136,811936.334,0.00196054599999
131.48747969,524.288,262144,5,290224.062,32888.588,296724.424,811936.334,0.00186376799999
131.489356054,524.288,262144,5,290748.35,32888.588,297248.712,811936.334,0.00187636400003
131.491297716,524.288,262144,5,291272.638,32888.588,297773.0,811936.334,0.00194166199998
131.493234902,524.288,262144,5,291796.926,32888.588,298297.288,811936.334,0.00193718600002
131.495083376,524.288,262144,5,292321.214,32888.588,298821.576,811936.334,0.00184847399998
131.496996028,524.288,262144,5,292845.502,32888.588,299345.864,811936.334,0.00191265200002
131.498901219,524.288,262144,5,293369.79,32888.588,299870.152,811936.334,0.00190519099999
131.50093517,524.288,262144,5,293894.078,32888.588,300394.44,811936.334,0.00203395099999
131.50258957,524.288,262144,5,294418.366,32888.588,300918.728,811936.334,0.00165440000001
131.504446249,524.288,262144,5,294942.654,32888.588,301443.016,811936.334,0.00185667900001
131.506372073,524.288,262144,5,295466.942,32888.588,301967.304,811936.334,0.00192582399998
131.508316645,524.288,262144,5,295991.23,32888.588,302491.592,811936.334,0.00194457200001
131.510270247,524.288,262144,5,296515.518,32888.588,303015.88,811936.334,0.00195360199999
131.512149304,524.288,262144,5,297039.806,32888.588,303540.168,811936.334,0.001879057
131.51411048,524.288,262144,5,297564.094,32888.588,304064.456,811936.334,0.00196117600001
131.516130731,524.288,262144,5,298088.382,32888.588,304588.744,811936.334,0.002020251
131.518037015,524.288,262144,5,298612.67,32888.588,305113.032,811936.334,0.001906284
131.520037396,524.288,262144,5,299136.958,32888.588,305637.32,811936.334,0.00200038099999
131.52199559,524.288,262144,5,299661.246,32888.588,306161.608,811936.334,0.001958194
131.524012352,524.288,262144,5,300185.534,32888.588,306685.896,811936.334,0.00201676200001
131.525975436,524.288,262144,5,300709.822,32888.588,307210.184,811936.334,0.00196308400001
131.527792347,524.288,262144,5,301234.11,32888.588,307734.472,811936.334,0.00181691099999
131.529678552,524.288,262144,5,301758.398,32888.588,308258.76,811936.334,0.00188620500001
131.531666072,524.288,262144,5,302282.686,32888.588,308783.048,811936.334,0.00198752
131.532904092,1048.576,262144,5,303331.262,32888.588,309831.624,811936.334,0.00123801999999
131.535104617,1048.576,262144,5,304379.838,32888.588,310880.2,811936.334,0.00220052500001
131.537322163,1048.576,262144,5,305428.414,32888.588,311928.776,811936.334,0.002217546
131.539534894,1048.576,262144,5,306476.99,32888.588,312977.352,811936.334,0.00221273100001
131.541739378,1048.576,262144,5,307525.566,32888.588,314025.928,811936.334,0.00220448399998
131.543940282,524.288,262144,5,308049.854,32888.588,314550.216,811936.334,0.00220090400001
131.545119488,1048.576,262144,5,309098.43,32888.588,315598.792,811936.334,0.00117920600002
131.54732136,1048.576,262144,5,310147.006,32888.588,316647.368,811936.334,0.002201872
131.549537961,1048.576,262144,5,311195.582,32888.588,317695.944,811936.334,0.00221660099999
131.551740271,1048.576,262144,5,312244.158,32888.588,318744.52,811936.334,0.00220231
131.553947387,1048.576,262144,5,313292.734,32888.588,319793.096,811936.334,0.00220711599999
131.556144801,1048.576,262144,5,314341.31,32888.588,320841.672,811936.334,0.00219741399999
131.558360231,1048.576,262144,5,315389.886,32888.588,321890.248,811936.334,0.00221543000001
131.56056422,1048.576,262144,5,316438.462,32888.588,322938.824,811936.334,0.00220398900001
131.562765667,524.288,262144,5,316962.75,32888.588,323463.112,811936.334,0.002201447
131.563944198,1048.576,262144,5,318011.326,32888.588,324511.688,811936.334,0.00117853099999
131.566146144,524.288,262144,5,318535.614,32888.588,325035.976,811936.334,0.00220194599999
131.567359323,1572.864,262144,5,320108.478,32888.588,326608.84,811936.334,0.00121317900002
131.57056943,1048.576,262144,5,321157.054,32888.588,327657.416,811936.334,0.003210107
131.572778224,1048.576,262144,5,322205.63,32888.588,328705.992,811936.334,0.00220879399998
131.574973658,1048.576,262144,5,323254.206,32888.588,329754.568,811936.334,0.00219543400001
131.577195621,610.489,262144,5,323864.695,32888.588,330365.057,811936.334,0.00222196299998
131.57935872,29.235,29235,5,323893.93,32889.596,330394.292,811937.342,0.002163099
131.674889885,0.185,185,5,323894.115,32891.516,330394.477,811939.262,0.095531165
131.084730195,0.22,220,2,32.552,197181.698,330394.667,811948.366,0
131.68638793,0.19,190,5,323894.305,32901.276,330394.888,811965.406,0.601657735
132.345450911,1.575,1575,5,323895.88,32901.276,330396.463,811965.406,0.659062981
132.347296829,0.286,286,5,323896.166,38185.116,330396.749,817249.246,0.00184591799999
132.442389465,0.19,190,5,323896.356,38187.164,330396.939,817251.294,0.095092636
132.085935548,0.221,221,2,32.773,197198.082,330399.321,817259.486,0
133.086773475,0.221,221,2,32.994,197214.466,330399.542,817275.87,1.000837927
132.74723113,2.382,2382,5,323898.738,38189.212,330399.763,817286.11,0
134.157807262,0.19,190,5,323898.928,38192.284,330399.953,817289.182,1.410576132
134.162247227,0.19,190,5,323899.118,38203.484,330400.143,817300.382,0.00443996499999
134.242320656,1.575,1575,5,323900.693,38203.484,330401.718,817300.382,0.080073429
134.247386134,0.286,286,5,323900.979,39182.428,330402.004,818279.326,0.00506547800001
134.255084632,0.19,190,5,323901.169,39183.452,330402.194,818280.35,0.007698498
134.38680384,0.286,286,5,323901.455,44493.404,330402.48,823590.302,0.131719208
134.472684919,0.19,190,5,323901.645,44494.412,330402.67,823591.31,0.085881079
134.087467389,0.221,221,2,33.215,197230.85,330405.29,823599.502,0
134.714364618,2.62,2620,5,323904.265,44504.636,330405.511,823617.918,0.626897229
135.337702083,1.575,1575,5,323905.84,44504.636,330407.086,823617.918,0.623337465
135.341523747,0.286,286,5,323906.126,46031.42,330407.372,825144.702,0.00382166399999
135.350150238,0.19,190,5,323906.316,46032.956,330407.562,825146.238,0.008626491
135.536589365,0.114,114,5,323906.43,46033.964,330407.676,827146.094,0.186439127
136.043181946,0.185,185,5,323906.615,46034.94,330407.861,827147.07,0.506592581
136.046121942,1.775,1775,5,323908.39,46036.348,330409.636,827148.478,0.00293999600001
136.048707138,524.288,262144,5,324432.678,46036.348,330933.924,827148.478,0.00258519599998
136.051449548,786.432,262144,5,325219.11,46036.348,331720.356,827148.478,0.00274241
136.05341101,524.288,262144,5,325743.398,46036.348,332244.644,827148.478,0.001961462
136.055739284,524.288,262144,5,326267.686,46036.348,332768.932,827148.478,0.00232827400001
136.057634972,524.288,262144,5,326791.974,46036.348,333293.22,827148.478,0.00189568799999
136.059574386,524.288,262144,5,327316.262,46036.348,333817.508,827148.478,0.00193941400002
136.061676242,524.288,262144,5,327840.55,46036.348,334341.796,827148.478,0.002101856
136.063415341,524.288,262144,5,328364.838,46036.348,334866.084,827148.478,0.00173909899999
136.065598379,524.288,262144,5,328889.126,46036.348,335390.372,827148.478,0.002183038
136.067544931,524.288,262144,5,329413.414,46036.348,335914.66,827148.478,0.00194655199999
136.069588671,524.288,262144,5,329937.702,46036.348,336438.948,827148.478,0.00204374
136.07170821,524.288,262144,5,330461.99,46036.348,336963.236,827148.478,0.00211953900001
136.073821963,524.288,262144,5,330986.278,46036.348,337487.524,827148.478,0.002113753
136.075879617,524.288,262144,5,331510.566,46036.348,338011.812,827148.478,0.002057654
136.077904802,524.288,262144,5,332034.854,46036.348,338536.1,827148.478,0.00202518500001
136.079933776,524.288,262144,5,332559.142,46036.348,339060.388,827148.478,0.00202897399998
136.081940365,524.288,262144,5,333083.43,46036.348,339584.676,827148.478,0.00200658900002
136.083934289,524.288,262144,5,333607.718,46036.348,340108.964,827148.478,0.001993924
136.086023464,786.432,262144,5,334394.15,46036.348,340895.396,827148.478,0.00208917499998
135.088239428,0.221,221,2,33.436,197247.234,341419.684,827156.67,0
136.088511434,524.288,262144,5,334918.438,46036.348,341419.905,827164.862,1.000272006
136.090796761,524.288,262144,5,335442.726,46036.348,341944.193,827164.862,0.00228532700001
136.093077031,524.288,262144,5,335967.014,46036.348,342468.481,827164.862,0.00228027
136.095430895,524.288,262144,5,336491.302,46036.348,342992.769,827164.862,0.00235386399999
136.09777499,524.288,262144,5,337015.59,46036.348,343517.057,827164.862,0.00234409500001
136.100107588,524.288,262144,5,337539.878,46036.348,344041.345,827164.862,0.00233259799998
136.102463867,524.288,262144,5,338064.166,46036.348,344565.633,827164.862,0.00235627900003
136.104747433,524.288,262144,5,338588.454,46036.348,345089.921,827164.862,0.00228356599999
136.106991223,524.288,262144,5,339112.742,46036.348,345614.209,827164.862,0.00224378999999
136.109270309,524.288,262144,5,339637.03,46036.348,346138.497,827164.862,0.00227908600002
136.111617199,524.288,262144,5,340161.318,46036.348,346662.785,827164.862,0.00234688999998
136.113942233,524.288,262144,5,340685.606,46036.348,347187.073,827164.862,0.00232503399999
136.116314438,524.288,262144,5,341209.894,46036.348,347711.361,827164.862,0.002372205
136.118727409,524.288,262144,5,341734.182,46036.348,348235.649,827164.862,0.00241297100001
136.121017076,524.288,262144,5,342258.47,46036.348,348759.937,827164.862,0.00228966699999
136.123105357,524.288,262144,5,342782.758,46036.348,349284.225,827164.862,0.002088281
136.125315211,524.288,262144,5,343307.046,46036.348,349808.513,827164.862,0.002209854
136.127548384,524.288,262144,5,343831.334,46036.348,350332.801,827164.862,0.00223317300001
136.129767588,524.288,262144,5,344355.622,46036.348,350857.089,827164.862,0.002219204
136.131944156,524.288,262144,5,344879.91,46036.348,351381.377,827164.862,0.00217656800001
136.133968341,524.288,262144,5,345404.198,46036.348,351905.665,827164.862,0.00202418500001
136.136284943,524.288,262144,5,345928.486,46036.348,352429.953,827164.862,0.00231660199998
136.138423001,524.288,262144,5,346452.774,46036.348,352954.241,827164.862,0.00213805800001
136.140683055,524.288,262144,5,346977.062,46036.348,353478.529,827164.862,0.002260054
136.142928217,524.288,262144,5,347501.35,46036.348,354002.817,827164.862,0.00224516199998
136.144925064,524.288,262144,5,348025.638,46036.348,354527.105,827164.862,0.00199684700002
136.147158537,524.288,262144,5,348549.926,46036.348,355051.393,827164.862,0.00223347299999
136.149359128,524.288,262144,5,349074.214,46036.348,355575.681,827164.862,0.00220059099999
136.15150553,524.288,262144,5,349598.502,46036.348,356099.969,827164.862,0.00214640200002
136.153668322,524.288,262144,5,350122.79,46036.348,356624.257,827164.862,0.00216279199998
136.156082106,524.288,262144,5,350647.078,46036.348,357148.545,827164.862,0.00241378400003
136.158298647,524.288,262144,5,351171.366,46036.348,357672.833,827164.862,0.002216541
136.160534983,524.288,262144,5,351695.654,46036.348,358197.121,827164.862,0.00223633599998
136.162837773,524.288,262144,5,352219.942,46036.348,358721.409,827164.862,0.00230279000002
136.163926263,1048.576,262144,5,353268.518,46036.348,359769.985,827164.862,0.00108849
136.166042836,524.288,262144,5,353792.806,46036.348,360294.273,827164.862,0.002116573
136.167139596,3145.728,262144,5,356938.534,46036.348,363440.001,827164.862,0.00109676
136.173389559,2621.44,262144,5,359559.974,46036.348,366061.441,827164.862,0.00624996299999
136.178513597,524.288,262144,5,360084.262,46036.348,366585.729,827164.862,0.00512403800002
136.179607357,5767.168,262144,5,365851.43,46036.348,372352.897,827164.862,0.00109376
136.191002413,1572.864,262144,5,367424.294,46036.348,373925.761,827164.862,0.011395056
136.194250593,1048.576,262144,5,368472.87,46036.348,374974.337,827164.862,0.00324817999999
136.196446922,1048.576,262144,5,369521.446,46036.348,376022.913,827164.862,0.00219632900001
136.198662198,1048.576,262144,5,370570.022,46036.348,377071.489,827164.862,0.00221527599999
136.200865831,1048.576,262144,5,371618.598,46036.348,378120.065,827164.862,0.00220363299999
136.203067955,1048.576,262144,5,372667.174,46036.348,379168.641,827164.862,0.00220212400001
136.205270363,1048.576,262144,5,373715.75,46036.348,380217.217,827164.862,0.00220240800002
136.207485405,1048.576,262144,5,374764.326,46036.348,381265.793,827164.862,0.00221504199999
136.209690508,1048.576,262144,5,375812.902,46036.348,382314.369,827164.862,0.00220510299999
136.211892635,524.288,262144,5,376337.19,46036.348,382838.657,827164.862,0.002202127
136.213069378,1048.576,262144,5,377385.766,46036.348,383887.233,827164.862,0.001176743
136.215272211,1048.576,262144,5,378434.342,46036.348,384935.809,827164.862,0.00220283300001
136.217487409,1048.576,262144,5,379482.918,46036.348,385984.385,827164.862,0.00221519799999
136.219689387,1048.576,262144,5,380531.494,46036.348,387032.961,827164.862,0.00220197799999
136.221895466,1048.576,262144,5,381580.07,46036.348,388081.537,827164.862,0.00220607900002
136.224099134,1048.576,262144,5,382628.646,46036.348,389130.113,827164.862,0.00220366799999
136.226310367,1048.576,262144,5,383677.222,46036.348,390178.689,827164.862,0.002211233
136.228514461,1048.576,262144,5,384725.798,46036.348,391227.265,827164.862,0.00220409400001
136.230716827,524.288,262144,5,385250.086,46036.348,391751.553,827164.862,0.00220236600001
136.231900905,1048.576,262144,5,386298.662,46036.348,392800.129,827164.862,0.00118407799999
136.234098739,1048.576,262144,5,387347.238,46036.348,393848.705,827164.862,0.00219783399999
136.236311887,1048.576,262144,5,388395.814,46036.348,394897.281,827164.862,0.00221314800001
136.238516554,1048.576,262144,5,389444.39,46036.348,395945.857,827164.862,0.002204667
136.240724242,1048.576,262144,5,390492.966,46036.348,396994.433,827164.862,0.002207688
136.242930252,524.288,262144,5,391017.254,46036.348,397518.721,827164.862,0.00220601000001
136.244055701,1048.576,262144,5,392065.83,46036.348,398567.297,827164.862,0.001125449
136.246170403,524.288,262144,5,392590.118,46036.348,399091.585,827164.862,0.002114702
136.247347647,1048.576,262144,5,393638.694,46036.348,400140.161,827164.862,0.00117724399999
136.249551161,524.288,262144,5,394162.982,46036.348,400664.449,827164.862,0.002203514
136.250729326,1048.576,262144,5,395211.558,46036.348,401713.025,827164.862,0.001178165
136.252932719,1048.576,262144,5,396260.134,46036.348,402761.601,827164.862,0.002203393
136.255146034,1048.576,262144,5,397308.71,46036.348,403810.177,827164.862,0.00221331500001
136.257349639,1048.576,262144,5,398357.286,46036.348,404858.753,827164.862,0.00220360500001
136.259563941,1048.576,262144,5,399405.862,46036.348,405907.329,827164.862,0.002214302
136.261755985,1048.576,262144,5,400454.438,46036.348,406955.905,827164.862,0.002192044
136.263970141,1048.576,262144,5,401503.014,46036.348,408004.481,827164.862,0.00221415599998
136.266171857,1048.576,262144,5,402551.59,46036.348,409053.057,827164.862,0.002201716
136.268374326,524.288,262144,5,403075.878,46036.348,409577.345,827164.862,0.00220246900003
136.269554029,1048.576,262144,5,404124.454,46036.348,410625.921,827164.862,0.00117970299999
136.271756,1048.576,262144,5,405173.03,46036.348,411674.497,827164.862,0.00220197100001
136.273970136,1048.576,262144,5,406221.606,46036.348,412723.073,827164.862,0.00221413599999
136.276175673,1048.576,262144,5,407270.182,46036.348,413771.649,827164.862,0.00220553700001
136.27837584,1048.576,262144,5,408318.758,46036.348,414820.225,827164.862,0.00220016699998
136.280580606,1048.576,262144,5,409367.334,46036.348,415868.801,827164.862,0.00220476600001
136.282793976,1048.576,262144,5,410415.91,46036.348,416917.377,827164.862,0.00221336999999
136.284996407,1048.576,262144,5,411464.486,46036.348,417965.953,827164.862,0.002202431
136.287198706,524.288,262144,5,411988.774,46036.348,418490.241,827164.862,0.002202299
136.288378473,1048.576,262144,5,413037.35,46036.348,419538.817,827164.862,0.001179767
136.290582423,1048.576,262144,5,414085.926,46036.348,420587.393,827164.862,0.00220394999999
136.292798153,1048.576,262144,5,415134.502,46036.348,421635.969,827164.862,0.00221573000002
136.29500075,1048.576,262144,5,416183.078,46036.348,422684.545,827164.862,0.00220259700001
136.297206753,1048.576,262144,5,417231.654,46036.348,423733.121,827164.862,0.002206003
136.299405199,1048.576,262144,5,418280.23,46036.348,424781.697,827164.862,0.00219844599999
136.301620066,1048.576,262144,5,419328.806,46036.348,425830.273,827164.862,0.00221486699999
136.303822314,1048.576,262144,5,420377.382,46036.348,426878.849,827164.862,0.002202248
136.306027826,1048.576,262144,5,421425.958,46036.348,427927.425,827164.862,0.00220551199999
136.30824375,524.288,262144,5,421950.246,46036.348,428451.713,827164.862,0.00221592400001
136.30940559,1048.576,262144,5,422998.822,46036.348,429500.289,827164.862,0.00116184000001
136.311621713,1048.576,262144,5,424047.398,46036.348,430548.865,827164.862,0.00221612299998
136.313824703,1048.576,262144,5,425095.974,46036.348,431597.441,827164.862,0.00220299
136.316026654,1048.576,262144,5,426144.55,46036.348,432646.017,827164.862,0.00220195100002
136.318230834,1048.576,262144,5,427193.126,46036.348,433694.593,827164.862,0.00220417999998
136.32044502,1048.576,262144,5,428241.702,46036.348,434743.169,827164.862,0.002214186
136.32264698,1048.576,262144,5,429290.278,46036.348,435791.745,827164.862,0.00220196000001
136.32485168,501.296,262144,5,429791.574,46036.348,436293.041,827164.862,0.00220469999999
136.32602318,456.816,239152,5,430248.39,46037.292,436749.857,827165.806,0.0011715
136.402947272,0.185,185,5,430248.575,46039.084,436750.042,827167.598,0.076924092
136.414335382,0.19,190,5,430248.765,46049.068,436750.232,827177.582,0.01138811
137.064818792,1.575,1575,5,430250.34,46049.068,436751.807,827177.582,0.65048341
136.089082911,0.221,221,2,33.657,197263.618,436752.093,827253.358,0
137.068142504,0.286,286,5,430250.626,52997.932,436752.314,834142.83,0.979059593
137.188518049,0.19,190,5,430250.816,52998.956,436752.504,834143.854,0.120375545
137.089908698,0.221,221,2,33.878,197280.002,436754.886,834152.046,0
138.090710325,0.221,221,2,34.099,197296.386,436755.107,834269.614,1.000801627
