time,size,first_call,destination,dest_out_traffic,dest_in_traffic,total_network_out,total_network_in,dens10
4.007855608,0.244,244,2,0.244,24.576,0.244,26.624,0
4.041334796,0.183,183,2,0.427,40.96,0.427,43.008,0.033479188
5.051382931,0.183,183,2,0.61,57.344,0.61,59.392,1.010048135
6.05280036,0.183,183,2,0.793,73.728,0.793,75.776,1.001417429
7.053672328,0.183,183,2,0.976,90.112,0.976,92.16,1.000871968
8.054503509,0.183,183,2,1.159,106.496,1.159,108.544,1.000831181
9.055325052,0.183,183,2,1.342,122.88,1.342,124.928,1.000821543
10.056022068,0.183,183,2,1.525,139.264,1.525,141.312,1.000697016
11.056735288,0.183,183,2,1.708,155.648,1.708,157.696,1.00071322
12.057622691,0.183,183,2,1.891,172.032,1.891,174.08,1.000887403
13.058325923,0.183,183,2,2.074,188.416,2.074,190.464,1.000703232
14.060985409,0.183,183,2,2.257,204.8,2.257,206.848,1.002659486
15.063349118,0.183,183,2,2.44,221.184,2.44,223.232,1.002363709
16.064010934,0.183,183,2,2.623,237.568,2.623,239.616,1.000661816
17.064683715,0.183,183,2,2.806,253.952,2.806,256.0,1.000672781
18.065353702,0.183,183,2,2.989,270.336,2.989,272.384,1.000669987
19.067205195,0.183,183,2,3.172,286.72,3.172,288.768,1.001851493
20.874943176,0.268,268,6,0.268,8.452,3.789,308.144,1.807737981
20.067948795,0.183,183,2,3.355,303.104,4.042,324.528,0
21.075727857,0.219,219,2,3.574,335.872,4.261,357.296,1.007779062
21.42148209,0.283,283,2,3.857,352.256,4.544,373.68,0.345754233
21.467056461,0.207,207,2,4.064,368.64,4.751,390.064,0.045574371
21.512155701,0.102,102,2,4.166,376.832,4.853,398.256,0.04509924
20.915298308,0.253,253,6,0.521,24.836,4.979,25133.713,0
21.928117117,0.291,291,6,0.812,25.123,5.27,25446.206,1.012818809
21.540483396,0.126,126,2,4.292,40502.964,5.504,40541.059,0
21.931043606,0.234,234,6,1.046,41.507,5.723,133653.921,0.39056021
22.932160717,0.405,405,6,1.451,41.908,6.128,133788.958,1.001117111
22.078016835,0.219,219,2,4.511,147583.55,6.358,147638.43,0
22.934646299,0.23,230,6,1.681,58.292,6.577,213042.288,0.856629464
23.082976195,0.219,219,2,4.73,223831.164,7.092,223902.939,0.148329896
23.935926629,0.515,515,6,2.196,75.187,7.311,307379.989,0.852950434
24.089000285,0.219,219,2,4.949,323106.782,7.826,323195.452,0.153073656
24.937737893,0.515,515,6,2.711,92.082,8.045,412824.919,0.848737608
25.095215111,0.219,219,2,5.168,430547.437,8.56,430653.002,0.157477218
26.099624401,0.219,219,2,5.387,469395.151,8.779,469500.716,1.00440929
25.939845773,0.515,515,6,3.226,108.977,8.905,512156.444,0
26.496617622,0.126,126,2,5.513,539353.781,9.42,539476.241,0.556771849
26.94160277,0.515,515,6,3.741,125.872,9.639,650594.053,0.444985148
27.104355869,0.219,219,2,5.732,650471.593,10.154,650610.948,0.162753099
28.107479939,0.219,219,2,5.951,650487.977,10.373,650627.332,1.00312407
28.250205212,0.174,174,2,6.125,650504.361,10.547,650643.716,0.142725273
28.25141612,0.188,188,2,6.313,650512.553,10.735,650651.908,0.001210908
27.944365342,0.515,515,6,4.256,142.767,10.859,651098.095,0
28.253740997,0.124,124,2,6.437,650958.74,11.51,651115.126,0.309375655
28.260932763,0.651,651,6,4.907,159.798,11.68,651139.702,0.007191766
28.282476844,0.17,170,2,6.607,650975.124,12.177,651140.195,0.021544081
28.284451815,0.184,184,2,6.791,650983.316,12.361,651156.579,0.001974971
28.283326044,0.497,497,6,5.404,176.675,12.485,651241.568,0
28.286040775,0.124,124,2,6.915,651068.305,12.864,651258.327,0.002714731
28.297627094,0.379,379,6,5.783,209.97,13.083,651291.247,0.011586319
29.110641794,0.219,219,2,7.134,651084.689,13.239,651307.783,0.8130147
20.258838432,0.166,166,4,0.166,2.732,13.458,651315.975,0
30.669859276,0.176,176,4,0.342,3.756,13.634,651316.999,10.411020844
30.693572347,0.154,154,4,0.496,6.828,13.788,651320.071,0.023713071
30.817429508,0.17,170,4,0.666,7.852,13.958,651321.095,0.123857161
30.111812334,0.219,219,2,7.353,651101.073,14.13,651330.311,0
30.849301158,0.172,172,4,0.838,8.876,14.349,651338.503,0.737488824
31.212663357,0.177,177,4,1.015,9.388,14.526,651339.015,0.363362199
31.234327495,0.176,176,4,1.191,10.396,14.702,651340.023,0.021664138
31.253399263,1.53,1530,4,2.721,11.372,16.232,651340.999,0.019071768
31.304113604,1.256,1256,4,3.977,12.316,17.488,651341.943,0.050714341
31.112974214,0.219,219,2,7.572,651117.457,17.659,651350.599,0
31.314529034,0.171,171,4,4.148,21.484,17.878,651367.495,0.20155482
32.306304455,1.575,1575,4,5.723,21.484,19.453,651367.495,0.991775421
32.420791011,0.286,286,4,6.009,34.796,19.739,651380.807,0.114486556
32.11422989,0.219,219,2,7.791,651133.841,19.928,651397.191,0
32.719007215,0.189,189,4,6.198,42.988,20.147,651405.383,0.604777325
33.13763126,0.286,286,4,6.484,47.084,20.433,651444.295,0.418624045
33.115486265,0.219,219,2,8.01,651150.225,20.622,651456.583,0
34.227948192,0.235,235,8,0.235,32.768,21.076,651499.591,1.112461927
34.31689372,0.102,102,8,0.337,40.96,21.178,651507.783,0.088945528
34.116958379,0.219,219,2,8.229,651166.609,21.33,656273.231,0
35.118321192,0.219,219,2,8.448,651182.993,21.549,670627.456,1.001362813
36.120210679,0.219,219,2,8.667,651199.377,21.768,684651.316,1.001889487
37.121571746,0.219,219,2,8.886,651215.761,21.987,700194.855,1.001361067
38.122811917,0.219,219,2,9.105,651232.145,22.206,714747.299,1.001240171
39.124012349,0.219,219,2,9.324,651248.529,22.425,730026.546,1.001200432
40.125205169,0.219,219,2,9.543,651264.913,22.644,746362.961,1.00119282
41.126459588,0.219,219,2,9.762,651281.297,22.863,762369.011,1.001254419
42.127636902,0.219,219,2,9.981,651297.681,23.082,777383.966,1.001177314
34.347011796,0.152,152,8,0.489,135358.464,23.301,786972.743,0
33.225580921,0.189,189,4,6.673,51.18,23.453,787038.816,0
43.821564322,2.535,2535,4,9.208,63.468,25.988,787051.104,10.595983401
43.728357986,0.152,152,8,0.641,135432.729,27.563,787059.296,0
43.890311192,0.145,145,8,0.786,135440.921,27.708,787067.488,0.161953206
43.128739277,0.219,219,2,10.2,651314.065,27.86,790003.485,0
44.129925881,0.219,219,2,10.419,651330.449,28.079,804754.148,1.001186604
45.131107665,0.219,219,2,10.638,651346.833,28.298,819901.249,1.001181784
46.132334986,0.219,219,2,10.857,651363.217,28.517,835246.569,1.001227321
43.828613961,1.575,1575,4,10.783,63.468,28.737,844571.054,0
47.133495399,0.22,220,2,11.077,651379.601,31.25,851021.095,3.304881438
48.134730123,0.22,220,2,11.297,651395.985,31.47,866894.999,1.001234724
49.135942428,0.22,220,2,11.517,651412.369,31.69,886412.336,1.001212305
50.138647521,0.22,220,2,11.737,651428.753,31.91,903819.141,1.002705093
51.140156372,0.22,220,2,11.957,651445.137,32.13,918701.95,1.001508851
43.893262336,0.152,152,8,0.938,282430.506,32.35,934237.297,0
52.141228715,0.22,220,2,12.177,651461.521,32.502,934311.562,8.247966379
47.717357425,2.513,2513,4,13.296,96.236,32.722,934319.754,0
53.186359873,2.535,2535,4,15.831,129.004,35.257,934352.522,5.469002448
53.134208548,0.152,152,8,1.09,282504.771,36.832,934360.714,0
53.203484327,0.145,145,8,1.235,282521.155,36.977,934377.098,0.069275779
53.205830505,0.149,149,8,1.384,282529.347,37.126,934385.29,0.002346178
53.142340588,0.22,220,2,12.397,651494.289,37.278,963552.128,0
55.144674195,0.22,220,2,12.617,651510.673,37.498,978501.01,2.002333607
56.145835656,0.22,220,2,12.837,651527.057,37.718,994308.841,1.001161461
53.19353816,1.575,1575,4,17.406,129.004,37.938,1003104.742,0
57.14694264,0.22,220,2,13.057,651543.441,40.451,1010215.513,3.95340448
58.148127358,0.22,220,2,13.277,651559.825,40.671,1026089.417,1.001184718
59.149344831,0.22,220,2,13.497,651576.209,40.891,1041699.029,1.001217473
60.150509784,0.22,220,2,13.717,651592.593,41.111,1056978.276,1.001164953
53.208497744,0.152,152,8,1.536,418379.504,41.331,1070399.287,0
57.703179645,2.513,2513,4,19.919,161.772,41.483,1070465.36,4.494681901
62.063427271,2.535,2535,4,22.454,178.156,44.018,1070481.744,4.360247626
62.009115057,0.152,152,8,1.688,418453.769,45.593,1070489.936,0
62.078097433,0.145,145,8,1.833,418470.153,45.738,1070506.32,0.068982376
62.081037611,0.149,149,8,1.982,418478.345,45.887,1070514.512,0.002940178
61.151499993,0.22,220,2,13.937,651608.977,46.039,1071120.148,0
62.152561581,0.22,220,2,14.157,651625.361,46.259,1085936.884,1.001061588
63.153711238,0.22,220,2,14.377,651641.745,46.479,1101282.204,1.001149657
64.154882197,0.22,220,2,14.597,651658.129,46.699,1116561.451,1.001170959
65.156219728,0.22,220,2,14.817,651674.513,46.919,1131312.114,1.001337531
66.157412128,0.22,220,2,15.037,651690.897,47.139,1146921.726,1.0011924
62.070160949,1.575,1575,4,24.029,178.156,47.359,1155585.481,0
67.158626668,0.22,220,2,15.257,651707.281,49.872,1161688.773,5.088465719
68.159983894,0.22,220,2,15.477,651723.665,50.092,1177298.385,1.001357226
69.161184814,0.22,220,2,15.697,651740.049,50.312,1193040.143,1.00120092
62.08395125,0.152,152,8,2.134,554129.001,50.532,1206329.008,0
67.701037962,2.513,2513,4,26.542,194.54,50.684,1206425.879,5.617086712
71.099776656,2.535,2535,4,29.077,210.924,53.219,1206442.263,3.398738694
71.051302825,0.152,152,8,2.286,554234.064,54.794,1206450.455,0
71.11735452,0.145,145,8,2.431,554250.448,54.939,1206466.839,0.066051695
71.11938739,0.149,149,8,2.58,554258.64,55.088,1206475.031,0.00203286999999
70.162283418,0.22,220,2,15.917,651756.433,55.24,1207080.667,0
71.164869012,0.22,220,2,16.137,651772.817,55.46,1222029.549,1.002585594
72.16621213,0.22,220,2,16.357,651789.201,55.68,1237507.015,1.001343118
73.167546308,0.22,220,2,16.577,651805.585,55.9,1252455.897,1.001334178
74.168703368,0.22,220,2,16.797,651821.969,56.12,1267999.436,1.00115706
75.169574848,0.22,220,2,17.017,651838.353,56.34,1281032.201,1.00087148
76.170703274,0.22,220,2,17.237,651854.737,56.56,1296311.448,1.001128426
71.108395839,1.575,1575,4,30.652,210.924,56.78,1304578.765,0
77.171822131,0.22,220,2,17.457,651871.121,59.293,1311871.371,6.063426292
78.172925903,0.22,220,2,17.677,651887.505,59.513,1327480.983,1.001103772
79.17412396,0.22,220,2,17.897,651903.889,59.733,1342297.719,1.001198057
71.122569709,0.152,152,8,2.732,689909.296,59.953,1342305.911,0
77.702184267,2.513,2513,4,33.165,227.308,60.105,1342402.782,6.579614558
80.224457595,2.535,2535,4,35.7,243.692,62.64,1342419.166,2.522273328
80.176437034,0.152,152,8,2.884,690014.359,64.215,1342427.358,0
80.250272051,0.145,145,8,3.029,690030.743,64.36,1342443.742,0.073835017
80.25249049,0.149,149,8,3.178,690038.935,64.509,1342451.934,0.002218439
80.175214392,0.22,220,2,18.117,651920.273,64.661,1356132.79,0
81.176352596,0.22,220,2,18.337,651936.657,64.881,1370619.161,1.001138204
82.177390786,0.22,220,2,18.557,651953.041,65.101,1386096.627,1.00103819
83.17842751,0.22,220,2,18.777,651969.425,65.321,1401640.166,1.001036724
84.179553911,0.22,220,2,18.997,651985.809,65.541,1416919.413,1.001126401
85.180656984,0.22,220,2,19.217,651994.001,65.761,1432058.322,1.001103073
86.18168407,0.22,220,2,19.437,652010.385,65.981,1445553.598,1.001027086
80.242638609,1.575,1575,4,37.275,243.692,66.201,1453424.477,0
87.182979067,0.22,220,2,19.657,652026.769,68.714,1460964.454,6.940340458
88.18427595,0.22,220,2,19.877,652043.153,68.934,1475715.117,1.001296883
80.254975443,0.152,152,8,3.33,826541.306,69.154,1479159.105,0
87.702087607,2.513,2513,4,39.788,309.228,69.306,1479315.734,7.447112164
89.47353927,2.535,2535,4,42.323,407.532,71.841,1479414.038,1.771451663
89.416218224,0.152,152,8,3.482,826706.127,73.416,1479422.23,0
89.490034105,0.145,145,8,3.627,826722.511,73.561,1479438.614,0.073815881
89.492547134,0.149,149,8,3.776,826730.703,73.71,1479446.806,0.002513029
89.186374401,0.22,220,2,20.097,652059.537,73.862,1489434.808,0
90.187757817,0.22,220,2,20.317,652075.921,74.082,1504846.201,1.001383416
91.188744814,0.22,220,2,20.537,652092.305,74.302,1520059.375,1.000986997
92.189758281,0.22,220,2,20.757,652108.689,74.522,1535140.403,1.001013467
93.190809951,0.22,220,2,20.977,652125.073,74.742,1550287.504,1.00105167
94.191991316,0.22,220,2,21.197,652141.457,74.962,1565104.24,1.001181365
95.193186091,0.22,220,2,21.417,652157.841,75.182,1580581.706,1.001194775
96.194257177,0.22,220,2,21.637,652174.225,75.402,1595464.515,1.001071086
89.479916757,1.575,1575,4,43.898,407.532,75.622,1603203.248,0
97.195345863,0.22,220,2,21.857,652190.609,78.135,1610478.933,7.715429106
89.495995897,0.152,152,8,3.928,962381.359,78.355,1615310.454,0
97.700259232,2.513,2513,4,46.411,473.068,78.507,1615564.489,8.204263335
98.575216027,2.535,2535,4,48.946,505.836,81.042,1615597.257,0.874956795
98.528973205,0.152,152,8,4.08,962643.586,82.617,1615605.449,0
98.58889528,0.145,145,8,4.225,962659.97,82.762,1615621.833,0.059922075
98.590374658,0.149,149,8,4.374,962668.162,82.911,1615630.025,0.001479378
98.196502295,0.22,220,2,22.077,652206.993,83.063,1624362.64,0
99.197556968,0.22,220,2,22.297,652223.377,83.283,1639311.522,1.001054673
100.198693985,0.22,220,2,22.517,652239.761,83.503,1654260.404,1.001137017
101.199837356,0.22,220,2,22.737,652256.145,83.723,1669803.943,1.001143371
102.200858506,0.22,220,2,22.957,652272.529,83.943,1684951.044,1.00102115
103.20165316,0.22,220,2,23.177,652288.913,84.163,1700164.218,1.000794654
104.202941732,0.22,220,2,23.397,652305.297,84.383,1715179.173,1.001288572
105.204185325,0.22,220,2,23.617,652321.681,84.603,1730392.347,1.001243593
106.205454272,0.22,220,2,23.837,652338.065,84.823,1745076.937,1.001268947
98.592345091,0.152,152,8,4.526,1098318.818,85.043,1751428.137,0
98.580626282,1.575,1575,4,50.521,505.836,85.195,1751522.112,0
107.687217141,2.535,2535,4,53.056,538.604,87.73,1751554.88,9.106590859
107.635945188,0.152,152,8,4.678,1098420.985,89.305,1751563.072,0
107.692775111,1.575,1575,4,54.631,538.604,89.45,1751571.264,0.056829923
107.698041842,0.145,145,8,4.823,1098437.369,91.963,1751579.456,0.00526673099999
107.700940255,0.149,149,8,4.972,1098445.561,92.112,1751718.72,0.00289841300001
107.206853263,0.22,220,2,24.057,652354.449,92.264,1759631.571,0
108.207958641,0.22,220,2,24.277,652370.833,92.484,1774976.891,1.001105378
109.209069606,0.22,220,2,24.497,652387.217,92.704,1789661.481,1.001110965
110.210176939,0.22,220,2,24.717,652403.601,92.924,1805138.947,1.001107333
111.21158494,0.22,220,2,24.937,652419.985,93.144,1820946.778,1.001408001
112.212738089,0.22,220,2,25.157,652436.369,93.364,1836820.682,1.001153149
113.213791226,0.22,220,2,25.377,652452.753,93.584,1852562.44,1.001053137
114.214793029,0.22,220,2,25.597,652469.137,93.804,1867841.687,1.001001803
115.215847353,0.22,220,2,25.817,652485.521,94.024,1882988.788,1.001054324
107.702969424,0.152,152,8,5.124,1234597.913,94.244,1888018.528,0
107.699524083,2.513,2513,4,57.144,669.676,94.396,1888112.503,0
116.59196711,2.535,2535,4,59.679,735.212,96.931,1888178.039,8.892443027
116.544664167,0.152,152,8,5.276,1234700.08,98.506,1888186.231,0
116.603181176,0.145,145,8,5.421,1234716.464,98.651,1888202.615,0.058517009
116.604712586,0.149,149,8,5.57,1234724.656,98.8,1888210.807,0.00153141
116.216993938,0.22,220,2,26.037,652501.905,98.952,1897616.166,0
116.597870025,1.575,1575,4,61.254,735.212,99.172,1905024.534,0.380876087
117.218145621,0.22,220,2,26.257,652510.097,101.685,1912936.373,0.620275596
118.219358345,0.22,220,2,26.477,652526.481,101.905,1928149.547,1.001212724
119.220397862,0.22,220,2,26.697,652542.865,102.125,1943494.867,1.001039517
120.221506523,0.22,220,2,26.917,652559.249,102.345,1959038.406,1.001108661
121.222676993,0.22,220,2,27.137,652575.633,102.565,1974581.945,1.00117047
122.223717908,0.22,220,2,27.357,652592.017,102.785,1989464.754,1.001040915
123.224738778,0.22,220,2,27.577,652608.401,103.005,2004810.074,1.00102087
124.225792543,0.22,220,2,27.797,652624.785,103.225,2020419.686,1.001053765
116.606455894,0.152,152,8,5.722,1370453.399,103.445,2024127.966,0
117.699945715,2.513,2513,4,63.767,784.364,103.597,2024443.597,1.093489821
125.51370653,2.535,2535,4,66.302,800.748,106.132,2024459.981,7.813760815
125.46789421,0.152,152,8,5.874,1370777.222,107.707,2024468.173,0
125.523693135,0.145,145,8,6.019,1370793.606,107.852,2024484.557,0.055798925
125.52533231,0.149,149,8,6.168,1370801.798,108.001,2024492.749,0.00163917499999
125.226950232,0.22,220,2,28.017,652632.977,108.153,2035265.435,0
126.22805568,0.22,220,2,28.237,652657.553,108.373,2050949.312,1.001105448
125.518626848,1.575,1575,4,67.877,800.748,108.593,2058225.534,0
127.22915128,0.22,220,2,28.457,652673.937,111.106,2066509.235,1.710524432
128.230166772,0.22,220,2,28.677,652690.321,111.326,2082052.774,1.001015492
129.231215998,0.22,220,2,28.897,652706.705,111.546,2097464.167,1.001049226
130.232220595,0.22,220,2,29.117,652723.089,111.766,2112875.56,1.001004597
131.233432691,0.22,220,2,29.337,652739.473,111.986,2128419.099,1.001212096
132.23494657,0.221,221,2,29.558,652755.857,112.207,2143830.492,1.001513879
133.236064101,0.221,221,2,29.779,652772.241,112.428,2159572.25,1.001117531
125.527121015,0.152,152,8,6.32,1506452.454,112.649,2160307.245,0
127.700648948,2.513,2513,4,70.39,817.132,112.801,2160469.666,2.173527933
134.32931311,2.535,2535,4,72.925,841.708,115.336,2160494.242,6.628664162
134.284777139,0.152,152,8,6.472,1506623.067,116.911,2160502.434,0
134.339679302,0.145,145,8,6.617,1506639.451,117.056,2160518.818,0.054902163
134.341417233,0.149,149,8,6.766,1506647.643,117.205,2160527.01,0.00173793099998
134.237076869,0.221,221,2,30.0,652788.625,117.357,2174083.706,0
135.23809299,0.221,221,2,30.221,652805.009,117.578,2189561.172,1.001016121
136.239207168,0.221,221,2,30.442,652821.393,117.799,2204377.908,1.001114178
134.334431288,1.575,1575,4,74.5,841.708,118.02,2211455.911,0
137.240277067,0.221,221,2,30.663,652837.777,120.533,2219920.91,2.905845779
138.241266089,0.221,221,2,30.884,652854.161,120.754,2234737.646,1.000989022
139.242393467,0.221,221,2,31.105,652870.545,120.975,2249686.528,1.001127378
140.243447163,0.221,221,2,31.326,652886.929,121.196,2265097.921,1.001053696
141.244602477,0.221,221,2,31.547,652903.313,121.417,2280112.876,1.001155314
142.245580884,0.221,221,2,31.768,652919.697,121.638,2295524.269,1.000978407
134.342915258,0.152,152,8,6.918,1642299.051,121.859,2296391.41,0
137.700270478,2.513,2513,4,77.013,907.244,122.011,2296548.039,3.35735522
143.246516268,0.221,221,2,31.989,652936.081,124.546,2296558.279,5.54624579
144.247481964,0.221,221,2,32.21,652952.465,124.767,2296574.663,1.000965696
145.248226681,0.221,221,2,32.431,652968.849,124.988,2296591.047,1.000744717
146.248823196,0.221,221,2,32.652,652985.233,125.209,2296607.431,1.000596515
143.345565596,2.535,2535,4,79.548,907.244,125.43,2296615.623,0
147.249395894,0.221,221,2,32.873,653001.617,125.769,2296689.351,3.903830298
148.250193412,0.221,221,2,33.094,653018.001,125.99,2296705.735,1.000797518
149.250943856,0.221,221,2,33.315,653026.193,126.211,2296713.927,1.000750444
150.251575361,0.221,221,2,33.536,653042.577,126.432,2296730.311,1.000631505
151.252178092,0.221,221,2,33.757,653058.961,126.653,2296748.215,1.000602731
152.252955216,0.221,221,2,33.978,653075.345,126.874,2296764.599,1.000777124
153.254050397,0.221,221,2,34.199,653091.729,127.095,2296780.983,1.001095181
154.254674359,0.221,221,2,34.42,653108.113,127.316,2296797.367,1.000623962
155.25536055,0.221,221,2,34.641,653124.497,127.537,2296813.751,1.000686191
156.255973966,0.221,221,2,34.862,653140.881,127.758,2296830.135,1.000613416
147.698952713,0.339,339,4,79.887,972.78,127.979,2296838.327,0
157.25662747,0.221,221,2,35.083,653157.265,128.318,2296912.055,9.557674757
158.257303115,0.221,221,2,35.304,653173.649,128.539,2296928.439,1.000675645
159.257941534,0.221,221,2,35.525,653190.033,128.76,2296944.823,1.000638419
160.258568779,0.221,221,2,35.746,653206.417,128.981,2296961.207,1.000627245
161.259140569,0.221,221,2,35.967,653222.801,129.202,2296977.591,1.00057179
162.259746722,0.221,221,2,36.188,653239.185,129.423,2296993.975,1.000606153
163.260320678,0.221,221,2,36.409,653255.569,129.644,2297010.359,1.000573956
164.260932767,0.221,221,2,36.63,653271.953,129.865,2297026.743,1.000612089
165.261506722,0.221,221,2,36.851,653288.337,130.086,2297043.127,1.000573955
166.262106729,0.221,221,2,37.072,653304.721,130.307,2297059.511,1.000600007
157.699025977,0.339,339,4,80.226,1038.316,130.528,2297067.703,0
167.262729993,0.221,221,2,37.293,653321.105,130.867,2297108.663,9.563704016
168.263477224,0.221,221,2,37.514,653337.489,131.088,2297125.047,1.000747231
167.699107063,0.339,339,4,80.565,1087.468,131.309,2297149.623,0
169.58961353,1.575,1575,4,82.14,1087.468,132.884,2297149.623,1.890506467
169.599278865,0.286,286,4,82.426,1259.5,133.17,2297321.655,0.00966533499999
169.605373914,0.189,189,4,82.615,1325.036,133.359,2297387.191,0.00609504900001
169.629856846,0.249,249,4,82.864,1357.804,133.608,2297419.959,0.024482932
169.669644028,0.134,134,7,0.134,1.024,134.008,2297437.367,0.039787182
169.264145396,0.221,221,2,37.735,653353.873,134.31,2541481.639,0
170.265292679,0.221,221,2,37.956,653370.257,134.531,2768127.527,1.001147283
171.2674,0.221,221,2,38.177,653386.641,134.752,2768143.911,1.002107321
172.268696953,0.221,221,2,38.398,653403.025,134.973,2768160.295,1.001296953
173.269835016,0.221,221,2,38.619,653419.409,135.194,2768176.679,1.001138063
174.270909385,0.221,221,2,38.84,653435.793,135.415,2768193.063,1.001074369
169.671608873,0.152,152,5,0.152,122680.816,135.636,2768201.255,0
175.271935004,0.221,221,2,39.061,653452.177,135.786,2795075.111,5.600326131
176.272969493,0.221,221,2,39.282,653471.121,136.007,2837464.999,1.001034489
169.643028423,0.114,114,4,82.978,1374.188,136.228,2837473.191,0
177.273993925,0.221,221,2,39.503,653487.505,138.741,2837489.575,7.630965502
169.676588068,0.152,152,3,0.152,133233.008,138.962,2837497.767,0
178.276285208,0.221,221,2,39.724,653503.889,139.112,2924504.999,8.59969714
179.277426275,0.221,221,2,39.945,653512.081,139.333,2924513.191,1.001141067
180.091412397,0.152,152,2,40.097,697660.817,139.485,2968661.927,0.813986122
180.278655342,0.221,221,2,40.318,719369.617,139.706,2990370.727,0.187242945
181.281768028,0.221,221,2,40.539,719379.793,139.927,2990380.903,1.003112686
182.282896873,0.221,221,2,40.76,719387.985,140.148,2990389.095,1.001128845
182.710459135,0.15,150,2,40.91,789585.233,140.298,3060586.343,0.427562262
183.284020619,0.221,221,2,41.131,789601.617,140.519,3060602.727,0.573561484
184.285038766,0.221,221,2,41.352,789618.001,140.74,3060619.111,1.001018147
185.285921559,0.221,221,2,41.573,789634.385,140.961,3060636.855,1.000882793
186.287172766,0.221,221,2,41.794,789650.769,141.182,3060653.239,1.001251207
177.701042854,2.513,2513,4,85.491,1382.38,141.403,3060661.431,0
187.288398551,0.221,221,2,42.015,789667.153,143.916,3060673.719,9.587355697
188.289554913,0.221,221,2,42.236,789683.537,144.137,3060690.103,1.001156362
189.290678799,0.221,221,2,42.457,789699.921,144.358,3060706.487,1.001123886
190.291883561,0.221,221,2,42.678,789716.305,144.579,3060722.871,1.001204762
191.292982793,0.221,221,2,42.899,789732.689,144.8,3060739.255,1.001099232
187.720561537,2.513,2513,4,88.004,1386.476,145.021,3060747.447,0
192.293927047,0.221,221,2,43.12,789749.073,145.199,3060756.663,4.57336551
192.871670558,0.178,178,4,88.182,1387.5,145.42,3060764.855,0.577743511
193.295109041,0.221,221,2,43.341,789765.457,148.008,3060773.047,0.423438483
194.296339784,0.221,221,2,43.562,789781.841,148.229,3060789.431,1.001230743
195.297519892,0.221,221,2,43.783,789798.225,148.45,3060805.815,1.001180108
196.298349397,0.221,221,2,44.004,789814.609,148.671,3060822.199,1.000829505
193.700624994,2.588,2588,4,90.77,1387.5,148.892,3060830.391,0
197.298940743,0.221,221,2,44.225,789830.993,149.231,3060840.119,3.598315749
198.299576648,0.221,221,2,44.446,789847.377,149.452,3060856.503,1.000635905
199.300193696,0.221,221,2,44.667,789863.761,149.673,3060872.887,1.000617048
200.300763252,0.221,221,2,44.888,789880.145,149.894,3060889.271,1.000569556
197.698818759,0.339,339,4,91.109,1401.58,150.115,3060910.007,0
201.708172532,1.575,1575,4,92.684,1401.58,151.69,3060910.007,4.009353773
201.709904805,0.286,286,4,92.97,1432.3,151.976,3060940.727,0.00173227300002
201.301329245,0.221,221,2,45.109,789896.529,152.165,3060951.991,0
201.717017511,0.189,189,4,93.159,1435.372,152.386,3060960.183,0.415688266
202.302173208,0.221,221,2,45.33,789912.913,154.719,3060968.375,0.585155697
203.303235633,0.221,221,2,45.551,789929.297,154.94,3060984.759,1.001062425
202.440112886,2.333,2333,4,95.492,1436.908,155.161,3060994.487,0
204.47192126,0.189,189,4,95.681,1439.836,155.35,3060997.415,2.031808374
204.49059633,0.189,189,4,95.87,1450.092,155.539,3061007.671,0.01867507
204.760380987,1.575,1575,4,97.445,1450.092,157.114,3061007.671,0.269784657
204.763672048,0.286,286,4,97.731,1741.932,157.4,3061299.511,0.003291061
204.769517623,0.189,189,4,97.92,1746.028,157.589,3061303.607,0.00584557500002
205.287099503,0.286,286,4,98.206,1748.076,157.875,3061502.263,0.51758188
204.303877265,0.221,221,2,45.772,790142.289,158.064,3061511.479,0
205.304700275,0.221,221,2,45.993,790158.673,158.285,3061527.863,1.00082301
178.36149353,0.15,150,3,0.302,220234.272,158.506,3061536.919,0
206.305981304,0.221,221,2,46.214,790175.057,197.665,3061545.111,27.944487774
205.292384603,0.189,189,4,98.395,1749.1,197.886,3061553.303,0
207.699496429,2.513,2513,4,100.908,1750.092,200.399,3061554.295,2.407111826
208.073931264,0.184,184,4,101.092,1751.052,200.583,3061555.255,0.374434835
208.083491139,1.775,1775,4,102.867,1753.1,202.358,3061557.303,0.00955987499998
207.306998123,0.221,221,2,46.435,790183.249,15406.71,3061557.303,0
208.102726267,15466.496,262144,4,15569.363,1753.1,15669.116,3061557.303,0.795728144
208.122420322,1310.72,262144,4,16880.083,1753.1,16979.836,3061557.303,0.019694055
208.124906951,786.432,262144,4,17666.515,1753.1,17766.268,3061557.303,0.002486629
208.126400087,786.432,262144,4,18452.947,1753.1,18552.7,3061557.303,0.00149313599999
208.128004621,524.288,262144,4,18977.235,1753.1,19076.988,3061557.303,0.00160453399999
208.129473942,524.288,262144,4,19501.523,1753.1,19601.276,3061557.303,0.001469321
208.130938514,524.288,262144,4,20025.811,1753.1,20125.564,3061557.303,0.001464572
208.132559949,524.288,262144,4,20550.099,1753.1,20649.852,3061557.303,0.001621435
208.134027943,786.432,262144,4,21336.531,1753.1,21436.284,3061557.303,0.001467994
208.136108864,524.288,262144,4,21860.819,1753.1,21960.572,3061557.303,0.00208092099999
208.138017906,786.432,262144,4,22647.251,1753.1,22747.004,3061557.303,0.00190904199999
208.140056712,524.288,262144,4,23171.539,1753.1,23271.292,3061557.303,0.002038806
208.142136097,524.288,262144,4,23695.827,1753.1,23795.58,3061557.303,0.002079385
208.144186986,524.288,262144,4,24220.115,1753.1,24319.868,3061557.303,0.002050889
208.146100567,786.432,262144,4,25006.547,1753.1,25106.3,3061557.303,0.001913581
208.148755933,786.432,262144,4,25792.979,1753.1,25892.732,3061557.303,0.002655366
208.151256111,786.432,262144,4,26579.411,1753.1,26679.164,3061557.303,0.00250017800002
208.153746582,786.432,262144,4,27365.843,1753.1,27465.596,3061557.303,0.00249047099999
208.156249344,786.432,262144,4,28152.275,1753.1,28252.028,3061557.303,0.00250276200001
208.158749313,786.432,262144,4,28938.707,1753.1,29038.46,3061557.303,0.00249996899998
208.161854736,786.432,262144,4,29725.139,1753.1,29824.892,3061557.303,0.00310542300002
208.121141667,0.262,262,2,46.697,790191.441,30170.101,3061566.423,0
208.164938997,345.209,262144,4,30070.348,1754.028,30170.322,3061574.615,0.04379733
208.308170898,0.221,221,2,46.918,790207.825,30170.506,3061583.703,0.143231901
209.309254625,0.221,221,2,47.139,790224.209,30170.727,3061600.087,1.001083727
210.310970975,0.221,221,2,47.36,790240.593,30170.948,3061616.471,1.00171635
211.31198081,0.221,221,2,47.581,790256.977,30171.169,3061632.855,1.001009835
212.312721546,0.221,221,2,47.802,790273.361,30171.39,3061649.239,1.000740736
213.313359896,0.221,221,2,48.023,790289.745,30171.611,3061665.623,1.00063835
214.31394775,0.221,221,2,48.244,790306.129,30171.832,3061682.007,1.000587854
215.31489829,0.221,221,2,48.465,790322.513,30172.053,3061698.391,1.00095054
216.316344982,0.221,221,2,48.686,790338.897,30172.274,3061714.775,1.001446692
208.93738953,0.184,184,4,30070.532,1754.924,30172.495,3061722.967,0
217.317188106,0.221,221,2,48.907,790355.281,30172.834,3061732.023,8.379798576
218.317904678,0.221,221,2,49.128,790371.665,30173.055,3061748.407,1.000716572
219.318497281,0.221,221,2,49.349,790388.049,30173.276,3061764.791,1.000592603
220.31906104,0.221,221,2,49.57,790404.433,30173.497,3061781.175,1.000563759
221.319681999,0.221,221,2,49.791,790420.817,30173.718,3061797.559,1.000620959
222.320296113,0.221,221,2,50.012,790437.201,30173.939,3061813.943,1.000614114
223.320899263,0.221,221,2,50.233,790453.585,30174.16,3061833.399,1.00060315
224.321797072,0.221,221,2,50.454,790469.969,30174.381,3061851.255,1.000897809
225.32277513,0.221,221,2,50.675,790486.353,30174.602,3061867.639,1.000978058
226.323909212,0.221,221,2,50.896,790502.737,30174.823,3061884.023,1.001134082
217.699739826,0.339,339,4,30070.871,1755.788,30175.044,3061892.215,0
227.324521022,0.221,221,2,51.117,790519.121,30175.383,3061901.239,9.624781196
228.325181232,0.221,221,2,51.338,790535.505,30175.604,3061917.623,1.00066021
229.325771181,0.221,221,2,51.559,790551.889,30175.825,3061934.007,1.000589949
230.326429016,0.221,221,2,51.78,790568.273,30176.046,3061950.391,1.000657835
231.327234216,0.221,221,2,52.001,790584.657,30176.267,3061966.775,1.0008052
232.328118407,0.221,221,2,52.222,790601.041,30176.488,3061983.159,1.000884191
233.328752426,0.221,221,2,52.443,790617.425,30176.709,3061999.543,1.000634019
234.329372338,0.221,221,2,52.664,790633.809,30176.93,3062015.927,1.000619912
235.329934281,0.221,221,2,52.885,790650.193,30177.151,3062032.311,1.000561943
236.330514382,0.221,221,2,53.106,790666.577,30177.372,3062048.695,1.000580101
227.69875702,0.339,339,4,30071.21,1756.62,30177.593,3062056.887,0
237.331112643,0.221,221,2,53.327,790682.961,30177.932,3062065.879,9.632355623
238.331839691,0.221,221,2,53.548,790699.345,30178.153,3062082.263,1.000727048
239.333055627,0.221,221,2,53.769,790715.729,30178.374,3062098.647,1.001215936
240.333750618,0.221,221,2,53.99,790732.113,30178.595,3062115.031,1.000694991
241.334314028,0.221,221,2,54.211,790748.497,30178.816,3062131.415,1.00056341
242.334952377,0.221,221,2,54.432,790764.881,30179.037,3062147.799,1.000638349
243.335521304,0.221,221,2,54.653,790781.265,30179.258,3062164.183,1.000568927
244.336064041,0.221,221,2,54.874,790797.649,30179.479,3062180.567,1.000542737
245.336656854,0.221,221,2,55.095,790805.841,30179.7,3070380.903,1.000592813
246.337203501,0.221,221,2,55.316,790822.225,30179.921,3070397.287,1.000546647
237.698722309,0.339,339,4,30071.549,9949.564,30180.142,3070405.479,0
247.337791495,0.221,221,2,55.537,790838.609,30180.481,3070414.439,9.639069186
248.338485368,0.221,221,2,55.758,790854.993,30180.702,3070430.823,1.000693873
249.339076854,0.221,221,2,55.979,790871.377,30180.923,3070447.207,1.000591486
250.339647388,0.221,221,2,56.2,790887.761,30181.144,3070463.591,1.000570534
251.340220016,0.221,221,2,56.421,790904.145,30181.365,3070479.975,1.000572628
247.698786074,0.339,339,4,30071.888,9950.7,30181.586,3070488.535,0
252.341463331,0.221,221,2,56.642,790920.529,30181.775,3070497.447,4.642677257
253.267705348,0.189,189,4,30072.077,9960.348,30181.996,3070514.567,0.926242017
253.436887058,1.575,1575,4,30073.652,9960.348,30183.571,3070514.567,0.16918171
253.440532633,0.286,286,4,30073.938,11173.692,30183.857,3071727.911,0.00364557500001
253.342196245,0.221,221,2,56.863,790936.913,30184.046,3071736.999,0
254.343018068,0.221,221,2,57.084,790953.297,30184.267,3071753.383,1.000821823
253.457243697,0.189,189,4,30074.127,11174.588,30184.488,3071761.575,0
255.344063801,0.221,221,2,57.305,790969.681,30186.87,3071769.767,1.886820104
255.611665498,2.382,2382,4,30076.509,11175.452,30187.091,3071778.823,0.267601697
256.811097423,0.189,189,4,30076.698,11177.852,30187.28,3071781.223,1.199431925
256.818806923,0.189,189,4,30076.887,11187.484,30187.469,3071790.855,0.00770950000003
256.939260788,1.575,1575,4,30078.462,11187.484,30189.044,3071790.855,0.120453865
256.941839538,0.286,286,4,30078.748,11565.276,30189.33,3072168.647,0.00257875
256.947712282,0.189,189,4,30078.937,11566.204,30189.519,3072169.575,0.00587274399999
257.003583004,0.286,286,4,30079.223,13041.212,30189.805,3073644.583,0.055870722
256.345033548,0.221,221,2,57.526,790986.065,30189.994,3073653.655,0
257.013687362,0.189,189,4,30079.412,13042.092,30190.215,3073661.847,0.668653814
257.345978011,0.221,221,2,57.747,791002.449,30192.728,3073670.887,0.332290649
258.347324831,0.221,221,2,57.968,791018.833,30192.949,3073687.271,1.00134682
257.707939194,2.513,2513,4,30081.925,13042.94,30193.17,3073695.463,0
259.710551467,0.184,184,4,30082.109,13043.756,30193.354,3073696.279,2.002612273
259.713780928,1.775,1775,4,30083.884,13044.78,30195.129,3073697.303,0.00322946099999
259.716717754,1572.864,262144,4,31656.748,13044.78,31767.993,3073697.303,0.002936826
259.720651774,1048.576,262144,4,32705.324,13044.78,32816.569,3073697.303,0.00393401999997
259.724473279,1048.576,262144,4,33753.9,13044.78,33865.145,3073697.303,0.00382150500002
259.728303585,1048.576,262144,4,34802.476,13044.78,34913.721,3073697.303,0.003830306
259.732272037,1048.576,262144,4,35851.052,13044.78,35962.297,3073697.303,0.00396845199998
259.736094799,1048.576,262144,4,36899.628,13044.78,37010.873,3073697.303,0.00382276200003
259.739928667,1048.576,262144,4,37948.204,13044.78,38059.449,3073697.303,0.00383386800002
259.743882312,1048.576,262144,4,38996.78,13044.78,39108.025,3073697.303,0.00395364499997
259.747698998,1048.576,262144,4,40045.356,13044.78,40156.601,3073697.303,0.00381668599999
259.751540688,1048.576,262144,4,41093.932,13044.78,41205.177,3073697.303,0.00384169
259.75549559,1048.576,262144,4,42142.508,13044.78,42253.753,3073697.303,0.00395490200003
259.759308436,1048.576,262144,4,43191.084,13044.78,43302.329,3073697.303,0.00381284600002
259.763142792,1048.576,262144,4,44239.66,13044.78,44350.905,3073697.303,0.00383435599997
259.76666831,786.432,262144,4,45026.092,13044.78,45137.337,3073697.303,0.003525518
259.770191244,786.432,262144,4,45812.524,13044.78,45923.769,3073697.303,0.00352293399999
259.773729403,599.306,262144,4,46411.83,13044.78,46523.075,3073697.303,0.00353815900002
259.77779263,4.929,4929,4,46416.759,13045.564,46528.004,3073698.087,0.00406322700002
259.348548659,0.221,221,2,58.189,791035.217,46528.188,3073706.663,0
260.350350914,0.221,221,2,58.41,791051.601,46528.409,3073723.047,1.001802255
261.351329739,0.221,221,2,58.631,791067.985,46528.63,3073739.431,1.000978825
259.808094947,0.184,184,4,46416.943,13046.316,46528.851,3073747.991,0
262.659221197,0.189,189,4,46417.132,13047.724,46529.04,3073749.399,2.85112625
262.876629849,0.189,189,4,46417.321,13057.244,46529.229,3073758.919,0.217408652
262.910813596,1.575,1575,4,46418.896,13057.244,46530.804,3073758.919,0.034183747
262.913973774,0.286,286,4,46419.182,14073.916,46531.09,3074775.591,0.00316017799997
262.352286076,0.221,221,2,58.852,791084.369,46531.28,3074784.615,0
263.353138908,0.221,221,2,59.073,791100.753,46531.501,3074800.999,1.000852832
262.933448108,0.19,190,4,46419.372,14074.748,46531.722,3074809.191,0
264.354050896,0.221,221,2,59.294,791117.137,46534.147,3074817.383,1.420602788
265.051152811,2.425,2425,4,46421.797,14083.868,46534.368,3074834.695,0.697101915
265.93408101,1.575,1575,4,46423.372,14083.868,46535.943,3074834.695,0.882928199
265.935591886,0.286,286,4,46423.658,14429.98,46536.229,3075180.807,0.001510876
169.671838511,0.15,150,7,0.284,214797.12,46536.419,3075183.239,0
265.940351081,0.19,190,4,46423.848,14431.004,46618.398,3075183.239,96.26851257
265.35497762,0.221,221,2,59.515,791133.521,46618.684,3076142.695,0
266.002747912,0.286,286,4,46424.134,15382.268,46618.905,3076150.887,0.647770292
266.355799232,0.221,221,2,59.736,791149.905,46619.095,3076160.039,0.35305132
266.875038306,0.19,190,4,46424.324,15383.228,46619.316,3076168.231,0.519239074
267.356752077,0.221,221,2,59.957,791166.289,46621.829,3076177.351,0.481713771
268.357730623,0.221,221,2,60.178,791182.673,46622.05,3076193.735,1.000978546
267.699323433,2.513,2513,4,46426.837,15384.156,46622.271,3076201.927,0
269.823021845,0.184,184,4,46427.021,15385.052,46622.455,3076202.823,2.123698412
269.825038442,1.775,1775,4,46428.796,15386.524,46624.23,3076204.295,0.00201659699997
269.827522697,1835.008,262144,4,48263.804,15386.524,48459.238,3076204.295,0.00248425500001
269.832468787,786.432,262144,4,49050.236,15386.524,49245.67,3076204.295,0.00494608999998
269.8368852,786.432,262144,4,49836.668,15386.524,50032.102,3076204.295,0.004416413
269.841283595,786.432,262144,4,50623.1,15386.524,50818.534,3076204.295,0.00439839500001
269.845726199,786.432,262144,4,51409.532,15386.524,51604.966,3076204.295,0.00444260400002
269.849964866,786.432,262144,4,52195.964,15386.524,52391.398,3076204.295,0.00423866699998
269.853918791,1048.576,262144,4,53244.54,15386.524,53439.974,3076204.295,0.00395392500002
269.858488646,1048.576,262144,4,54293.116,15386.524,54488.55,3076204.295,0.004569855
269.863038177,1048.576,262144,4,55341.692,15386.524,55537.126,3076204.295,0.00454953100001
269.867603981,1048.576,262144,4,56390.268,15386.524,56585.702,3076204.295,0.00456580399998
269.87276162,1048.576,262144,4,57438.844,15386.524,57634.278,3076204.295,0.005157639
269.878066485,1048.576,262144,4,58487.42,15386.524,58682.854,3076204.295,0.00530486499997
269.883207222,301.769,262144,4,58789.189,15387.388,58984.623,3076205.159,0.00514073700003
269.920831629,0.184,184,4,58789.373,15389.02,58984.807,3076206.791,0.037624407
269.926984786,0.19,190,4,58789.563,15390.524,58984.997,3076208.295,0.00615315699997
269.98919137,0.19,190,4,58789.753,15391.9,58985.187,3076209.671,0.062206584
269.358685354,0.221,221,2,60.399,791199.057,58985.377,3076227.879,0
269.994934279,0.19,190,4,58789.943,15401.916,58985.598,3076236.071,0.636248925
270.735915238,1.575,1575,4,58791.518,15401.916,58987.173,3076236.071,0.740980959
270.738564736,0.286,286,4,58791.804,15402.748,58987.459,3077826.151,0.00264949799998
270.359655729,0.221,221,2,60.62,791215.441,58987.649,3077835.143,0
271.360602707,0.221,221,2,60.841,791231.825,58987.87,3077851.527,1.000946978
270.748656173,0.19,190,4,58791.994,15403.548,58988.091,3077859.719,0
272.36157364,0.221,221,2,61.062,791248.209,58990.43,3077867.911,1.612917467
272.828453681,2.339,2339,4,58794.333,15412.764,58990.651,3077885.319,0.466880041
273.896320133,1.575,1575,4,58795.908,15412.764,58992.226,3077885.319,1.067866452
273.898235041,0.286,286,4,58796.194,15692.316,58992.512,3078164.871,0.001914908
273.904506858,0.19,190,4,58796.384,15693.308,58992.702,3078165.863,0.00627181699997
273.954862005,0.286,286,4,58796.67,16996.796,58992.988,3079469.351,0.050355147
273.362407894,0.221,221,2,61.283,791264.593,58993.178,3079478.471,0
274.363365139,0.221,221,2,61.504,791280.977,58993.399,3079494.855,1.000957245
275.364273774,0.221,221,2,61.725,791297.361,58993.62,3079511.239,1.000908635
276.365616333,0.221,221,2,61.946,791313.745,58993.841,3079527.623,1.001342559
273.971390922,0.19,190,4,58796.86,16997.724,58994.062,3079535.815,0
277.703188241,2.513,2513,4,58799.373,16998.62,58996.575,3079536.711,3.731797319
277.367014905,0.221,221,2,62.167,791321.937,58996.76,3079537.575,0
277.754063006,0.185,185,4,58799.558,16999.484,58996.981,3079545.767,0.387048101
279.218463193,1.775,1775,4,58801.333,17000.428,58998.756,3079546.711,1.464400187
279.22533795,2359.296,262144,4,61160.629,17000.428,61358.052,3079546.711,0.00687475699999
279.231408275,1048.576,262144,4,62209.205,17000.428,62406.628,3079546.711,0.006070325
279.237300086,1048.576,262144,4,63257.781,17000.428,63455.204,3079546.711,0.00589181100003
279.243455896,1310.72,262144,4,64568.501,17000.428,64765.924,3079546.711,0.00615581
279.249489834,1310.72,262144,4,65879.221,17000.428,66076.644,3079546.711,0.00603393799997
279.255667785,1048.576,262144,4,66927.797,17000.428,67125.22,3079546.711,0.00617795100004
279.261724979,1048.576,262144,4,67976.373,17000.428,68173.796,3079546.711,0.00605719399999
279.267581241,1048.576,262144,4,69024.949,17000.428,69222.372,3079546.711,0.00585626200001
279.273309064,1048.576,262144,4,70073.525,17000.428,70270.948,3079546.711,0.00572782299997
279.2790577,414.713,262144,4,70488.238,17002.06,70685.661,3079548.343,0.00574863600002
278.367975711,0.221,221,2,62.388,791338.321,70685.851,3079557.303,0
279.343423427,0.19,190,4,70488.428,17003.564,70686.072,3079566.231,0.975447716
279.372780233,0.185,185,4,70488.613,17004.94,70686.257,3079567.607,0.029356806
279.378562044,0.19,190,4,70488.803,17014.428,70686.447,3079577.095,0.00578181099996
279.574274781,1.575,1575,4,70490.378,17014.428,70688.022,3079577.095,0.195712737
279.576428406,0.286,286,4,70490.664,18391.548,70688.308,3080954.215,0.00215362500001
279.368924226,0.221,221,2,62.609,791354.705,70688.498,3080963.239,0
280.369787045,0.221,221,2,62.83,791371.089,70688.719,3080979.623,1.000862819
279.596389255,0.19,190,4,70490.854,18392.38,70688.94,3080987.815,0
281.782793755,2.339,2339,4,70493.193,18401.5,70691.279,3080996.935,2.1864045
282.160488991,1.575,1575,4,70494.768,18401.5,70692.854,3080996.935,0.377695236
282.163092046,0.286,286,4,70495.054,18796.764,70693.14,3081392.199,0.00260305499995
282.170257622,0.19,190,4,70495.244,18797.788,70693.33,3081393.223,0.00716557600003
282.220709848,0.286,286,4,70495.53,20289.724,70693.616,3082885.159,0.050452226
281.370719147,0.221,221,2,63.051,791387.473,70693.806,3082894.311,0
282.371683515,0.221,221,2,63.272,791403.857,70694.027,3082910.695,1.000964368
283.372610449,0.221,221,2,63.493,791420.241,70694.248,3082927.079,1.000926934
284.373645986,0.221,221,2,63.714,791436.625,70694.469,3082943.463,1.001035537
282.229249062,0.19,190,4,70495.72,20291.148,70694.69,3082952.119,0
285.618348751,0.19,190,4,70495.91,20292.94,70694.88,3082953.911,3.389099689
285.622567863,0.19,190,4,70496.1,20294.604,70695.07,3082955.575,0.00421911199999
285.724739794,0.185,185,4,70496.285,20295.388,70695.255,3082956.359,0.102171931
285.726861154,1.775,1775,4,70498.06,20296.3,70697.03,3082957.271,0.00212135999999
285.729509675,2359.296,262144,4,72857.356,20296.3,73056.326,3082957.271,0.00264852099997
285.746034681,1048.576,262144,4,73905.932,20296.3,74104.902,3082957.271,0.0165250060001
285.760048684,1048.576,262144,4,74954.508,20296.3,75153.478,3082957.271,0.014014003
285.773519252,1048.576,262144,4,76003.084,20296.3,76202.054,3082957.271,0.013470568
285.787305781,1048.576,262144,4,77051.66,20296.3,77250.63,3082957.271,0.013786529
285.800395225,1048.576,262144,4,78100.236,20296.3,78299.206,3082957.271,0.013089444
285.811330973,1048.576,262144,4,79148.812,20296.3,79347.782,3082957.271,0.010935748
285.822367363,1048.576,262144,4,80197.388,20296.3,80396.358,3082957.271,0.01103639
285.833436578,972.361,262144,4,81169.749,20296.3,81368.719,3082957.271,0.011069215
285.843045551,185.929,185929,4,81355.678,20297.052,81554.648,3082958.023,0.00960897300001
285.895180742,0.185,185,4,81355.863,20298.46,81554.833,3082959.431,0.052135191
285.374635567,0.221,221,2,63.935,791453.009,81555.023,3082977.143,0
286.375614602,0.221,221,2,64.156,791469.393,81555.244,3082993.527,1.000979035
285.900756451,0.19,190,4,81356.053,20307.98,81555.465,3083001.719,0
287.395247126,1.575,1575,4,81357.628,20307.98,81557.04,3083001.719,1.494490675
287.40045554,0.286,286,4,81357.914,20308.844,81557.326,3084575.447,0.00520841399998
287.41141238,0.19,190,4,81358.104,20309.676,81557.516,3084576.279,0.01095684
287.376561789,0.221,221,2,64.377,791485.777,81560.029,3084585.271,0
288.377551999,0.221,221,2,64.598,791502.161,81560.25,3084601.655,1.00099021
287.699994259,2.513,2513,4,81360.617,20310.476,81560.471,3084609.847,0
289.528272283,2.339,2339,4,81362.956,20319.692,81562.81,3084619.063,1.828278024
289.837401048,1.575,1575,4,81364.531,20319.692,81564.385,3084619.063,0.309128765
289.839145055,0.286,286,4,81364.817,20730.316,81564.671,3085029.687,0.00174400700001
289.844783691,0.19,190,4,81365.007,20731.308,81564.861,3085030.679,0.00563863599996
289.898306908,0.286,286,4,81365.293,22288.748,81565.147,3086588.119,0.053523217
206.498845564,39.159,39159,3,39.461,220235.104,81565.337,3086589.879,0
289.37853306,0.221,221,2,64.819,791518.545,81965.38,3086598.071,82.879687496
290.379405866,0.221,221,2,65.04,791534.929,81965.601,3086614.455,1.000872806
291.380360946,0.221,221,2,65.261,791551.313,81965.822,3086630.839,1.00095508
289.906690586,0.19,190,4,81365.483,22289.676,81966.043,3086639.031,0
292.767424133,0.185,185,4,81365.668,22290.572,81966.228,3086639.927,2.860733547
292.769830235,1.775,1775,4,81367.443,22291.884,81968.003,3086641.239,0.00240610199995
292.772181652,2621.44,262144,4,83988.883,22291.884,84589.443,3086641.239,0.002351417
292.779477831,1048.576,262144,4,85037.459,22291.884,85638.019,3086641.239,0.00729617900004
292.786080765,1048.576,262144,4,86086.035,22291.884,86686.595,3086641.239,0.006602934
292.792696551,1048.576,262144,4,87134.611,22291.884,87735.171,3086641.239,0.006615786
292.79872567,1048.576,262144,4,88183.187,22291.884,88783.747,3086641.239,0.006029119
292.804914934,1048.576,262144,4,89231.763,22291.884,89832.323,3086641.239,0.006189264
292.811508091,1310.72,262144,4,90542.483,22291.884,91143.043,3086641.239,0.006593157
292.818123388,1048.576,262144,4,91591.059,22291.884,92191.619,3086641.239,0.006615297
292.824301198,605.849,262144,4,92196.908,22292.748,92797.468,3086642.103,0.00617781
292.381370781,0.221,221,2,65.482,791567.697,92797.653,3086651.127,0
292.867490978,0.185,185,4,92197.093,22295.148,92797.874,3086660.887,0.486120197
293.522512263,0.19,190,4,92197.283,22296.588,92798.064,3086662.327,0.655021285
293.528758588,0.19,190,4,92197.473,22297.9,92798.254,3086663.639,0.00624632500001
293.595637065,0.19,190,4,92197.663,22307.276,92798.444,3086673.015,0.066878477
294.131633087,1.575,1575,4,92199.238,22307.276,92800.019,3086673.015,0.535996022
294.135836136,0.286,286,4,92199.524,22308.108,92800.305,3088246.711,0.00420304900001
293.382350934,0.221,221,2,65.703,791576.833,92800.495,3088248.455,0
294.16801446,402.847,262144,2,468.55,791585.025,93203.342,3088256.647,0.785663526
294.383394642,0.221,221,2,468.771,791601.409,93203.563,3088273.031,0.215380182
295.384379404,0.221,221,2,468.992,791617.793,93203.784,3088289.415,1.000984762
294.1449697,0.19,190,4,92199.714,22308.908,93204.005,3088297.607,0
296.54325715,2.339,2339,4,92202.053,22318.124,93206.344,3088306.823,2.39828745
296.768232476,1.575,1575,4,92203.628,22318.124,93207.919,3088306.823,0.224975326
296.770846356,0.286,286,4,92203.914,22614.06,93208.205,3088602.759,0.00261388000001
296.776943151,0.19,190,4,92204.104,22615.052,93208.395,3088603.751,0.00609679500002
296.82691438,0.286,286,4,92204.39,24057.324,93208.681,3090046.023,0.049971229
290.015387998,400.043,262144,3,439.504,220235.904,93208.871,3090047.303,0
296.385435823,0.221,221,2,469.213,791627.345,93609.545,3090048.663,6.370047825
296.841849589,400.674,262144,2,869.887,791635.537,94010.219,3090056.855,0.456413766
296.835291213,0.19,190,4,92204.58,24057.804,94010.44,3090065.047,0
297.386264769,0.221,221,2,870.108,791651.921,94012.953,3090074.167,0.550973556
298.387251347,0.221,221,2,870.329,791668.305,94013.174,3090090.551,1.000986578
299.388196929,0.221,221,2,870.55,791684.689,94013.395,3090106.935,1.000945582
297.699490285,2.513,2513,4,92207.093,24059.18,94013.616,3090115.575,0
300.573706832,0.19,190,4,92207.283,24060.908,94013.806,3090117.303,2.874216547
300.577297791,0.19,190,4,92207.473,24062.508,94013.996,3090118.903,0.00359095899995
300.792374932,0.185,185,4,92207.658,24063.26,94014.181,3090119.655,0.215077141
300.794556844,1.775,1775,4,92209.433,24064.092,94015.956,3090120.487,0.00218191200003
300.797527123,2621.44,262144,4,94830.873,24064.092,96637.396,3090120.487,0.00297027900001
300.804937563,1048.576,262144,4,95879.449,24064.092,97685.972,3090120.487,0.00741044
300.811642256,1048.576,262144,4,96928.025,24064.092,98734.548,3090120.487,0.00670469300002
300.818263559,1048.576,262144,4,97976.601,24064.092,99783.124,3090120.487,0.00662130299997
300.824878437,1048.576,262144,4,99025.177,24064.092,100831.7,3090120.487,0.00661487799999
300.831498692,1048.576,262144,4,100073.753,24064.092,101880.276,3090120.487,0.00662025500003
300.838101487,1048.576,262144,4,101122.329,24064.092,102928.852,3090120.487,0.00660279499999
300.84471832,1048.576,262144,4,102170.905,24064.092,103977.428,3090120.487,0.00661683300001
300.851497325,403.129,262144,4,102574.034,24064.46,104380.557,3090120.855,0.006779005
300.895848914,0.185,185,4,102574.219,24065.836,104380.742,3090122.231,0.044351589
300.388925583,0.221,221,2,870.771,791701.073,104380.932,3090139.911,0
300.901141207,0.19,190,4,102574.409,24075.324,104381.153,3090148.103,0.512215624
301.806623881,1.575,1575,4,102575.984,24075.324,104382.728,3090148.103,0.905482674
301.809539894,0.286,286,4,102576.27,25649.052,104383.014,3091721.831,0.002916013
301.38981145,0.221,221,2,870.992,791717.457,104383.204,3091730.855,0
302.390788948,0.221,221,2,871.213,791733.841,104383.425,3091747.239,1.000977498
303.391770707,0.221,221,2,871.434,791750.225,104383.646,3091763.623,1.000981759
301.818036156,0.19,190,4,102576.46,25649.884,104383.867,3091771.815,0
304.531254995,2.339,2339,4,102578.799,25659.004,104386.206,3091780.935,2.713218839
304.827042399,1.575,1575,4,102580.374,25659.004,104387.781,3091780.935,0.295787404
304.830474679,0.286,286,4,102580.66,26037.884,104388.067,3092159.815,0.00343228000003
304.836570985,0.19,190,4,102580.85,26038.908,104388.257,3092160.839,0.00609630599996
304.88265862,0.286,286,4,102581.136,26039.9,104388.543,3093734.695,0.046087635
304.392598047,0.221,221,2,871.655,791766.609,104388.733,3093743.367,0
305.393482517,0.221,221,2,871.876,791782.993,104388.954,3093759.751,1.00088447
306.39444479,0.221,221,2,872.097,791799.377,104389.175,3093776.135,1.000962273
304.89098398,0.19,190,4,102581.326,26040.38,104389.396,3093784.327,0
307.701690356,2.513,2513,4,102583.839,26041.324,104391.909,3093785.271,2.810706376
308.341249129,0.185,185,4,102584.024,26042.236,104392.094,3093786.183,0.639558773
308.343773542,1.775,1775,4,102585.799,26043.036,104393.869,3093786.983,0.002524413
308.346971575,2621.44,262144,4,105207.239,26043.036,107015.309,3093786.983,0.00319803299999
308.354124789,1048.576,262144,4,106255.815,26043.036,108063.885,3093786.983,0.00715321400003
308.360750492,1048.576,262144,4,107304.391,26043.036,109112.461,3093786.983,0.006625703
308.367357198,1310.72,262144,4,108615.111,26043.036,110423.181,3093786.983,0.00660670599996
308.373958037,1310.72,262144,4,109925.831,26043.036,111733.901,3093786.983,0.00660083900004
308.380574451,1310.72,262144,4,111236.551,26043.036,113044.621,3093786.983,0.00661641399995
307.395424175,0.221,221,2,872.318,791815.761,114355.341,3093795.175,0
308.387222364,1310.72,262144,4,112547.271,26043.036,114355.562,3093803.367,0.991798189
308.4035185,1048.576,262144,4,113595.847,26043.036,115404.138,3093803.367,0.016296136
308.409588476,432.089,262144,4,114027.936,26043.916,115836.227,3093804.247,0.00606997599999
308.469038564,0.185,185,4,114028.121,26045.58,115836.412,3093805.911,0.059450088
308.528353439,0.19,190,4,114028.311,26047.836,115836.602,3093808.167,0.059314875
308.645590833,0.19,190,4,114028.501,26049.18,115836.792,3093809.511,0.117237394
308.649932936,0.19,190,4,114028.691,26050.396,115836.982,3093810.727,0.004342103
308.396540238,0.221,221,2,872.539,791832.145,115837.172,3093828.007,0
308.65365827,0.19,190,4,114028.881,26059.484,115837.393,3093836.199,0.257118032
309.768476223,1.575,1575,4,114030.456,26059.484,115838.968,3093836.199,1.114817953
309.771325258,0.286,286,4,114030.742,26060.252,115839.254,3095475.367,0.002849035
309.39893761,0.221,221,2,872.76,791840.337,115839.444,3095476.119,0
310.399937388,0.221,221,2,872.981,791856.721,115839.665,3095492.503,1.000999778
309.781228333,0.19,190,4,114030.932,26061.004,115839.886,3095500.695,0
311.889702043,2.339,2339,4,114033.271,26069.916,115842.225,3095509.607,2.10847371
312.11048396,1.575,1575,4,114034.846,26069.916,115843.8,3095509.607,0.220781917
312.112359129,0.286,286,4,114035.132,26398.556,115844.086,3095838.247,0.00187516900002
312.118622704,0.19,190,4,114035.322,26399.484,115844.276,3095839.175,0.00626357499999
312.165542707,0.286,286,4,114035.608,27637.372,115844.562,3097077.063,0.046920003
311.400963147,0.221,221,2,873.202,791873.105,115844.752,3097086.119,0
312.401854322,0.221,221,2,873.423,791889.489,115844.973,3097102.503,1.000891175
313.402804722,0.221,221,2,873.644,791905.873,115845.194,3097118.887,1.0009504
312.178481084,0.19,190,4,114035.798,27638.236,115845.415,3097127.079,0
315.266499261,0.185,185,4,114035.983,27639.068,115845.6,3097127.911,3.088018177
315.269124664,1.775,1775,4,114037.758,27640.204,115847.375,3097129.047,0.00262540300002
315.272050595,2359.296,262144,4,116397.054,27640.204,118206.671,3097129.047,0.00292593099999
315.282330184,1048.576,262144,4,117445.63,27640.204,119255.247,3097129.047,0.010279589
315.29179752,1048.576,262144,4,118494.206,27640.204,120303.823,3097129.047,0.009467336
315.30113949,1048.576,262144,4,119542.782,27640.204,121352.399,3097129.047,0.00934197000004
315.311527612,1048.576,262144,4,120591.358,27640.204,122400.975,3097129.047,0.010388122
315.318157785,1048.576,262144,4,121639.934,27640.204,123449.551,3097129.047,0.00663017299996
315.324781951,1048.576,262144,4,122688.51,27640.204,124498.127,3097129.047,0.00662416599999
315.331409889,1310.72,262144,4,123999.23,27640.204,125808.847,3097129.047,0.00662793800001
315.338018481,681.145,262144,4,124680.375,27641.004,126489.992,3097129.847,0.00660859200002
314.403766926,0.221,221,2,873.865,791922.257,126490.177,3097138.807,0
315.378004781,0.185,185,4,124680.56,27642.508,126490.398,3097147.735,0.974237855
315.404717745,0.221,221,2,874.086,791938.641,126490.588,3097165.543,0.026712964
315.768612204,0.19,190,4,124680.75,27652.124,126490.809,3097173.735,0.363894459
316.727845707,1.575,1575,4,124682.325,27652.124,126492.384,3097173.735,0.959233503
316.731143193,0.286,286,4,124682.611,27653.052,126492.67,3098927.751,0.00329748600001
316.741038795,0.19,190,4,124682.801,27654.38,126492.86,3098929.079,0.00989560200003
317.009624835,0.19,190,4,124682.991,27656.044,126493.05,3098930.743,0.26858604
316.405659275,0.221,221,2,874.307,791955.025,126493.24,3098940.471,0
317.013534411,0.19,190,4,124683.181,27657.58,126493.461,3098948.663,0.607875136
317.406609047,0.221,221,2,874.528,791971.409,126495.974,3098957.575,0.393074636
317.699364362,2.513,2513,4,124685.694,27658.3,126496.195,3098965.767,0.292755315
318.407608755,0.221,221,2,874.749,791987.793,126498.534,3098973.959,0.708244393
319.213157561,2.339,2339,4,124688.033,27667.228,126498.755,3098991.079,0.805548806
319.936517285,1.575,1575,4,124689.608,27667.228,126500.33,3098991.079,0.723359724
319.938287971,0.286,286,4,124689.894,27979.452,126500.616,3099303.303,0.00177068600004
319.943281832,0.19,190,4,124690.084,27980.348,126500.806,3099304.199,0.004993861
319.994121886,0.286,286,4,124690.37,29586.844,126501.092,3100910.695,0.050840054
319.408412838,0.221,221,2,874.97,791997.265,126501.282,3100912.391,0
320.007683807,435.502,262144,2,1310.472,792005.457,126936.784,3100920.583,0.599270969
320.409249606,0.221,221,2,1310.693,792021.841,126937.005,3100936.967,0.401565799
321.410262445,0.221,221,2,1310.914,792038.225,126937.226,3100953.351,1.001012839
320.00341825,0.19,190,4,124690.56,29587.26,126937.447,3100961.543,0
322.733429448,0.185,185,4,124690.745,29588.076,126937.632,3100962.359,2.730011198
322.735700267,1.775,1775,4,124692.52,29588.796,126939.407,3100963.079,0.00227081900005
322.737834338,2621.44,262144,4,127313.96,29588.796,129560.847,3100963.079,0.002134071
322.745147698,1048.576,262144,4,128362.536,29588.796,130609.423,3100963.079,0.00731335999996
322.751769699,1048.576,262144,4,129411.112,29588.796,131657.999,3100963.079,0.00662200100004
322.758384996,1310.72,262144,4,130721.832,29588.796,132968.719,3100963.079,0.006615297
322.764989397,1048.576,262144,4,131770.408,29588.796,134017.295,3100963.079,0.006604401
322.771023684,1048.576,262144,4,132818.984,29588.796,135065.871,3100963.079,0.00603428699998
322.777200517,1310.72,262144,4,134129.704,29588.796,136376.591,3100963.079,0.00617683299998
322.783798842,1048.576,262144,4,135178.28,29588.796,137425.167,3100963.079,0.00659832500003
322.789825097,605.849,262144,4,135784.129,29589.58,138031.016,3100963.863,0.00602625499999
322.411276261,0.221,221,2,1311.135,792054.609,138031.201,3100972.807,0
322.82800593,0.185,185,4,135784.314,29591.052,138031.422,3100981.719,0.416729669
323.848523064,0.19,190,4,135784.504,29600.652,138031.612,3100991.319,1.020517134
324.001502783,1.575,1575,4,135786.079,29600.652,138033.187,3100991.319,0.152979719
324.005396086,0.286,286,4,135786.365,30928.652,138033.473,3102319.319,0.00389330300004
323.412333658,0.221,221,2,1311.356,792063.617,138033.663,3102320.999,0
324.195189983,443.788,262144,2,1755.144,792071.809,138477.451,3102329.191,0.782856325
324.415103563,0.221,221,2,1755.365,792088.193,138477.672,3102345.575,0.21991358
324.02295628,0.19,190,4,135786.555,30929.516,138477.893,3102353.767,0
325.416085252,0.221,221,2,1755.586,792104.577,138480.232,3102361.959,1.393128972
326.135266302,2.339,2339,4,135788.894,30930.348,138480.453,3102370.983,0.71918105
326.500640907,0.19,190,4,135789.084,30933.356,138480.643,3102373.991,0.365374605
326.507409086,0.19,190,4,135789.274,30934.668,138480.833,3102375.303,0.00676817900001
326.510644833,0.19,190,4,135789.464,30944.044,138481.023,3102384.679,0.00323574700002
326.679025253,1.575,1575,4,135791.039,30944.044,138482.598,3102384.679,0.16838042
326.681134739,0.286,286,4,135791.325,30944.876,138482.884,3102713.191,0.00210948599999
326.686142569,0.19,190,4,135791.515,30945.676,138483.074,3102713.991,0.00500783000001
326.729955822,0.286,286,4,135791.801,32240.78,138483.36,3104009.095,0.043813253
326.41700171,0.221,221,2,1755.807,792120.961,138483.55,3104018.023,0
326.745597965,0.19,190,4,135791.991,32241.516,138483.771,3104026.215,0.328596255
327.417818922,0.221,221,2,1756.028,792137.345,138486.284,3104035.111,0.672220957
327.699036178,2.513,2513,4,135794.504,32242.22,138486.505,3104043.303,0.281217256
329.32975514,0.185,185,4,135794.689,32242.892,138486.69,3104043.975,1.630718962
329.33153742,1.775,1775,4,135796.464,32243.916,138488.465,3104044.999,0.00178228000004
329.333647814,2621.44,262144,4,138417.904,32243.916,141109.905,3104044.999,0.002110394
329.340968018,1048.576,262144,4,139466.48,32243.916,142158.481,3104044.999,0.007320204
329.347594559,1048.576,262144,4,140515.056,32243.916,143207.057,3104044.999,0.006626541
329.35421244,1048.576,262144,4,141563.632,32243.916,144255.633,3104044.999,0.00661788100001
329.360825292,1310.72,262144,4,142874.352,32243.916,145566.353,3104044.999,0.00661285199999
329.367434862,1048.576,262144,4,143922.928,32243.916,146614.929,3104044.999,0.00660956999997
329.37362273,1048.576,262144,4,144971.504,32243.916,147663.505,3104044.999,0.00618786800004
329.38022308,1048.576,262144,4,146020.08,32243.916,148712.081,3104044.999,0.00660034999999
328.418819748,0.221,221,2,1756.249,792153.729,149187.61,3104053.191,0
329.386861704,475.529,262144,4,146495.609,32244.556,149187.831,3104062.023,0.968041956
329.419862059,0.221,221,2,1756.47,792170.113,149188.016,3104070.823,0.033000355
329.427678836,0.185,185,4,146495.794,32245.452,149188.237,3104079.303,0.00781677699996
331.208656291,0.19,190,4,146495.984,32254.396,149188.427,3104088.247,1.780977455
331.382474344,1.575,1575,4,146497.559,32254.396,149190.002,3104088.247,0.173818053
331.38384449,0.286,286,4,146497.845,33467.612,149190.288,3105301.463,0.001370146
330.420849755,0.221,221,2,1756.691,792186.497,149190.478,3105310.423,0
331.422051165,0.221,221,2,1756.912,792202.881,149190.699,3105326.807,1.00120141
331.398943617,0.19,190,4,146498.035,33468.38,149190.92,3105334.999,0
332.423165063,0.221,221,2,1757.133,792219.265,149193.259,3105343.191,1.024221446
333.42413914,0.221,221,2,1757.354,792235.649,149193.48,3105359.575,1.000974077
333.345893645,2.339,2339,4,146500.374,33469.116,149193.701,3105368.503,0
335.350163532,0.19,190,4,146500.564,33470.492,149193.891,3105369.879,2.004269887
334.424769946,0.221,221,2,1757.575,792252.033,149194.081,3105379.319,0
335.353940339,0.19,190,4,146500.754,33480.508,149194.302,3105396.279,0.929170393
335.441371289,1.575,1575,4,146502.329,33480.508,149195.877,3105396.279,0.08743095
335.442911359,0.286,286,4,146502.615,33866.364,149196.163,3105782.135,0.00154006999998
335.447355779,0.19,190,4,146502.805,33867.164,149196.353,3105782.935,0.00444442000003
335.48964761,0.286,286,4,146503.091,35162.268,149196.639,3107078.039,0.042291831
335.425545045,0.221,221,2,1757.796,792268.417,149196.829,3107086.967,0
336.426483921,0.221,221,2,1758.017,792284.801,149197.05,3107103.351,1.000938876
335.501941492,0.19,190,4,146503.281,35163.004,149197.271,3107111.543,0
337.699047702,2.513,2513,4,146505.794,35163.708,149199.784,3107112.247,2.19710621
338.016248234,0.185,185,4,146505.979,35164.38,149199.969,3107112.919,0.317200532
338.018017314,1.775,1775,4,146507.754,35165.324,149201.744,3107113.863,0.00176908000003
338.020347987,2621.44,262144,4,149129.194,35165.324,151823.184,3107113.863,0.00233067299996
338.027526484,1048.576,262144,4,150177.77,35165.324,152871.76,3107113.863,0.00717849700004
338.034140523,1048.576,262144,4,151226.346,35165.324,153920.336,3107113.863,0.006614039
338.040735775,1048.576,262144,4,152274.922,35165.324,154968.912,3107113.863,0.00659525199995
338.047386342,1310.72,262144,4,153585.642,35165.324,156279.632,3107113.863,0.00665056700001
338.053979638,1048.576,262144,4,154634.218,35165.324,157328.208,3107113.863,0.00659329600001
338.060133144,1048.576,262144,4,155682.794,35165.324,158376.784,3107113.863,0.00615350600003
338.066752142,1048.576,262144,4,156731.37,35165.324,159425.36,3107113.863,0.00661899799996
338.073375261,497.249,262144,4,157228.619,35165.964,159922.609,3107114.503,0.00662311900004
337.427763833,0.221,221,2,1758.238,792301.185,159922.794,3107123.303,0
338.110305935,0.185,185,4,157228.804,35167.148,159923.015,3107132.071,0.682542102
339.065443945,0.19,190,4,157228.994,35176.524,159923.205,3107141.447,0.95513801
339.215696013,1.575,1575,4,157230.569,35176.524,159924.78,3107141.447,0.150252068
339.217346782,0.286,286,4,157230.855,36406.092,159925.066,3108371.015,0.00165076899998
338.428751528,0.221,221,2,1758.459,792317.569,159925.256,3108379.943,0
339.42971429,0.221,221,2,1758.68,792333.953,159925.477,3108396.327,1.000962762
339.230771743,0.19,190,4,157231.045,36406.828,159925.698,3108404.519,0
340.430656449,0.221,221,2,1758.901,792350.337,159928.037,3108412.711,1.199884706
341.286953259,2.339,2339,4,157233.384,36408.204,159928.258,3108422.279,0.85629681
342.160269831,0.19,190,4,157233.574,36409.452,159928.448,3108423.527,0.873316572
342.163748835,0.19,190,4,157233.764,36418.684,159928.638,3108432.759,0.00347900399998
342.238810615,1.575,1575,4,157235.339,36418.684,159930.213,3108432.759,0.07506178
342.240905015,0.286,286,4,157235.625,36730.78,159930.499,3108744.855,0.00209440000003
342.245933657,0.19,190,4,157235.815,36731.548,159930.689,3108745.623,0.00502864200001
342.290153107,0.286,286,4,157236.101,38043.004,159930.975,3110057.079,0.04421945
341.431746462,0.221,221,2,1759.122,792358.529,159931.165,3110057.783,0
342.432759091,0.221,221,2,1759.343,792374.913,159931.386,3110074.167,1.001012629
343.43371452,0.221,221,2,1759.564,792391.297,159931.607,3110090.551,1.000955429
342.3016325,0.19,190,4,157236.291,38043.708,159931.828,3110098.743,0
344.803540389,0.185,185,4,157236.476,38044.38,159932.013,3110099.415,2.501907889
344.805412555,1.775,1775,4,157238.251,38045.26,159933.788,3110100.295,0.001872166
344.807493336,2359.296,262144,4,159597.547,38045.26,162293.084,3110100.295,0.00208078100002
344.813703483,1048.576,262144,4,160646.123,38045.26,163341.66,3110100.295,0.00621014699999
344.820183916,1048.576,262144,4,161694.699,38045.26,164390.236,3110100.295,0.00648043300004
344.826371714,1048.576,262144,4,162743.275,38045.26,165438.812,3110100.295,0.00618779799998
344.832996928,1048.576,262144,4,163791.851,38045.26,166487.388,3110100.295,0.006625214
344.839608803,1048.576,262144,4,164840.427,38045.26,167535.964,3110100.295,0.00661187499998
344.84564302,1310.72,262144,4,166151.147,38045.26,168846.684,3110100.295,0.00603421700004
344.852391923,1048.576,262144,4,167199.723,38045.26,169895.26,3110100.295,0.00674890300002
344.85902454,675.353,262144,4,167875.076,38045.9,170570.613,3110100.935,0.00663261699998
344.434688037,0.221,221,2,1759.785,792407.681,170570.798,3110109.735,0
344.897462179,0.185,185,4,167875.261,38047.084,170571.019,3110118.503,0.462774142
345.96898985,0.19,190,4,167875.451,38056.46,170571.209,3110127.879,1.071527671
346.116641308,1.575,1575,4,167877.026,38056.46,170572.784,3110127.879,0.147651458
346.118358007,0.286,286,4,167877.312,39269.644,170573.07,3111341.063,0.00171669899999
345.435727625,0.221,221,2,1760.006,792416.657,170573.26,3111342.583,0
296.838852909,400.674,262144,3,840.178,220236.672,171029.461,3111359.735,0
346.435952025,456.201,262144,2,2216.207,792441.233,171485.441,3111367.927,49.597099116
346.130440409,0.19,190,4,167877.502,39270.38,171485.662,3111376.119,0
347.699282648,2.513,2513,4,167880.015,39271.084,171488.175,3111376.823,1.568842239
347.437905486,0.221,221,2,2216.428,792457.617,171490.514,3111385.015,0
348.438837518,0.221,221,2,2216.649,792474.001,171490.735,3111401.399,1.000932032
348.156234751,2.339,2339,4,167882.354,39271.756,171490.956,3111410.263,0
350.270589446,0.19,190,4,167882.544,39273.58,171491.146,3111412.087,2.114354695
350.277605073,0.19,190,4,167882.734,39282.956,171491.336,3111421.463,0.00701562700004
350.346682433,1.575,1575,4,167884.309,39282.956,171492.911,3111421.463,0.06907736
350.348602719,0.286,286,4,167884.595,39660.556,171493.197,3111799.063,0.00192028599997
350.352596313,0.19,190,4,167884.785,39661.292,171493.387,3111799.799,0.00399359400001
350.392906677,0.286,286,4,167885.071,41415.084,171493.673,3113553.591,0.040310364
346.841963013,455.98,262144,3,1296.158,220237.76,171493.863,3113555.351,0
349.439530483,0.221,221,2,2216.87,792490.385,171947.385,3113563.543,2.59756747
350.44027555,0.221,221,2,2217.091,792506.769,171947.606,3113579.927,1.000745067
351.441213309,0.221,221,2,2217.312,792523.153,171947.827,3113596.311,1.000937759
350.40047824,0.19,190,4,167885.261,41415.756,171948.048,3113604.503,0
352.858228769,0.185,185,4,167885.446,41416.396,171948.233,3113605.143,2.457750529
352.859827855,1.775,1775,4,167887.221,41417.196,171950.008,3113605.943,0.001599086
352.861757709,2359.296,262144,4,170246.517,41417.196,174309.304,3113605.943,0.00192985400002
352.868282072,1048.576,262144,4,171295.093,41417.196,175357.88,3113605.943,0.00652436299998
352.874748467,1310.72,262144,4,172605.813,41417.196,176668.6,3113605.943,0.00646639500002
352.881514202,1048.576,262144,4,173654.389,41417.196,177717.176,3113605.943,0.00676573499999
352.888142139,1048.576,262144,4,174702.965,41417.196,178765.752,3113605.943,0.00662793700002
352.894741722,1310.72,262144,4,176013.685,41417.196,180076.472,3113605.943,0.00659958299997
352.90136058,1310.72,262144,4,177324.405,41417.196,181387.192,3113605.943,0.00661885800002
352.907978181,1048.576,262144,4,178372.981,41417.196,182435.768,3113605.943,0.00661760099996
352.914602138,479.873,262144,4,178852.854,41417.804,182915.641,3113606.551,0.00662395700004
352.442181798,0.221,221,2,2217.533,792539.537,182915.826,3113615.319,0
353.443169074,0.221,221,2,2217.754,792555.921,182916.047,3113631.703,1.000987276
352.951888863,0.185,185,4,178853.039,41418.652,182916.268,3113640.167,0
354.940525826,0.19,190,4,178853.229,41427.836,182916.458,3113649.351,1.988636963
355.090582478,1.575,1575,4,178854.804,41427.836,182918.033,3113649.351,0.150056652
355.092483558,0.286,286,4,178855.09,42427.996,182918.319,3114649.511,0.00190108000004
354.444172135,0.221,221,2,2217.975,792572.305,182918.509,3114658.407,0
355.445123652,0.221,221,2,2218.196,792588.689,182918.73,3114674.791,1.000951517
355.102949414,0.19,190,4,178855.28,42428.7,182918.951,3114682.983,0
356.446068256,0.221,221,2,2218.417,792605.073,182921.29,3114691.175,1.343118842
357.232289674,2.339,2339,4,178857.619,42428.7,182921.511,3114699.367,0.786221418
357.44677931,0.221,221,2,2218.638,792621.457,182921.85,3114708.231,0.214489636
357.698762331,0.339,339,4,178857.958,42430.012,182922.071,3114717.063,0.251983021
358.861205963,0.19,190,4,178858.148,42431.74,182922.261,3114718.791,1.162443632
358.865736776,0.19,190,4,178858.338,42441.196,182922.451,3114728.247,0.00453081300003
358.953534394,1.575,1575,4,178859.913,42441.196,182924.026,3114728.247,0.087797618
358.955362908,0.286,286,4,178860.199,42826.956,182924.312,3115114.007,0.00182851400001
358.960191805,0.19,190,4,178860.389,42827.66,182924.502,3115114.711,0.00482889700004
359.008959109,0.286,286,4,178860.675,42828.332,182924.788,3116491.639,0.048767304
265.957109427,81.979,81979,7,82.263,221351.616,182924.978,3116493.175,0
359.020755302,639.156,262144,7,721.419,221351.616,183564.134,3116493.175,93.063645875
359.02196181,235.164,182742,7,956.583,221351.616,183799.298,3116493.175,0.001206508
358.447277488,0.221,221,2,2218.859,792637.841,183851.72,3116501.367,0
359.448059501,0.221,221,2,2219.08,792654.225,183851.941,3116517.751,1.000782013
360.449019609,0.221,221,2,2219.301,792670.609,183852.162,3116534.135,1.000960108
359.017236768,0.19,190,4,178860.865,42828.972,183852.383,3116542.327,0
362.097969311,0.185,185,4,178861.05,42829.58,183852.568,3116542.935,3.080732543
362.10055274,1.775,1775,4,178862.825,42830.316,183854.343,3116543.671,0.00258342900003
362.102645953,2883.584,262144,4,181746.409,42830.316,186737.927,3116543.671,0.00209321299997
362.109126247,1048.576,262144,4,182794.985,42830.316,187786.503,3116543.671,0.00648029400003
362.115459873,1048.576,262144,4,183843.561,42830.316,188835.079,3116543.671,0.00633362600001
362.121919075,1048.576,262144,4,184892.137,42830.316,189883.655,3116543.671,0.00645920199997
362.128553578,1048.576,262144,4,185940.713,42830.316,190932.231,3116543.671,0.00663450299999
362.135159376,1048.576,262144,4,186989.289,42830.316,191980.807,3116543.671,0.00660579800001
362.141770202,1048.576,262144,4,188037.865,42830.316,193029.383,3116543.671,0.00661082599999
362.148514775,1048.576,262144,4,189086.441,42830.316,194077.959,3116543.671,0.00674457300005
362.155128745,510.281,262144,4,189596.722,42830.892,194588.24,3116544.247,0.00661396999999
361.449993546,0.221,221,2,2219.522,792686.993,194588.425,3116552.983,0
362.450911539,0.221,221,2,2219.743,792703.377,194588.646,3116569.367,1.000917993
362.192660123,0.185,185,4,189596.907,42831.692,194588.867,3116577.815,0
363.494557942,0.19,190,4,189597.097,42840.972,194589.057,3116587.095,1.301897819
363.645876695,1.575,1575,4,189598.672,42840.972,194590.632,3116587.095,0.151318753
363.650544398,0.286,286,4,189598.958,44611.132,194590.918,3118357.255,0.004667703
176.065192373,0.15,150,5,0.302,195391.744,194591.108,3118358.823,0
364.00230107,580.656,262144,5,580.958,195391.744,195171.764,3118358.823,187.937108697
363.451877514,0.221,221,2,2219.964,792719.761,195292.676,3118367.015,0
364.452821419,0.221,221,2,2220.185,792736.145,195292.897,3118383.399,1.000943905
363.66685108,0.19,190,4,189599.148,44611.788,195293.118,3118391.591,0
365.45385954,0.221,221,2,2220.406,792752.529,195295.457,3118466.247,1.78700846
