time,size,first_call,destination,dest_out_traffic,dest_in_traffic,total_network_out,total_network_in,dens10
5.167867995,0.244,244,2,0.244,24.576,0.244,26.624,0
5.205621329,0.183,183,2,0.427,40.96,0.427,43.008,0.037753334
6.215989338,0.183,183,2,0.61,57.344,0.61,59.392,1.010368009
7.217235656,0.183,183,2,0.793,73.728,0.793,75.776,1.001246318
8.218240881,0.183,183,2,0.976,90.112,0.976,92.16,1.001005225
9.218970862,0.183,183,2,1.159,106.496,1.159,108.544,1.000729981
10.21973751,0.183,183,2,1.342,122.88,1.342,124.928,1.000766648
11.220489282,0.183,183,2,1.525,139.264,1.525,141.312,1.000751772
12.22139205,0.183,183,2,1.708,155.648,1.708,157.696,1.000902768
13.222265346,0.183,183,2,1.891,172.032,1.891,174.08,1.000873296
14.223110844,0.183,183,2,2.074,188.416,2.074,190.464,1.000845498
15.223996501,0.183,183,2,2.257,204.8,2.257,206.848,1.000885657
16.224811898,0.183,183,2,2.44,221.184,2.44,223.232,1.000815397
17.225628762,0.183,183,2,2.623,237.568,2.623,239.616,1.000816864
18.226447093,0.183,183,2,2.806,253.952,2.806,256.0,1.000818331
19.227277366,0.183,183,2,2.989,270.336,2.989,272.384,1.000830273
20.229248985,0.183,183,2,3.172,278.528,3.172,280.576,1.001971619
21.057890882,0.166,166,2,3.338,289.452,3.338,291.5,0.828641897
21.631052315,0.268,268,3,0.268,8.452,3.789,308.144,0.573161433
21.230352408,0.183,183,2,3.521,322.22,4.042,340.912,0
22.215155643,0.283,283,2,3.804,338.604,4.325,357.296,0.984803235
22.238111495,0.219,219,2,4.023,354.988,4.544,373.68,0.022955852
22.267419761,0.207,207,2,4.23,371.372,4.751,390.064,0.029308266
22.32066927,0.102,102,2,4.332,379.564,4.853,398.256,0.053249509
21.671460806,0.253,253,3,0.521,24.836,4.976,23308.412,0
22.684144961,0.291,291,3,0.812,25.123,5.267,23561.089,1.012684155
22.353641899,0.123,123,2,4.455,66661.372,5.501,66696.735,0
22.686691094,0.234,234,3,1.046,41.507,5.72,101602.03,0.333049195
23.687699323,0.405,405,3,1.451,41.908,6.125,101647.501,1.001008229
23.24691897,0.219,219,2,4.674,145122.991,6.355,145175.139,0
23.690159413,0.23,230,3,1.681,58.292,6.574,187381.351,0.443240443
24.252923504,0.219,219,2,4.893,257209.279,7.089,257278.322,0.562764091
24.692370867,0.515,515,3,2.196,75.187,7.308,298135.546,0.439447363
25.26118056,0.219,219,2,5.112,357400.369,7.823,357486.307,0.568809693
25.693843959,0.515,515,3,2.711,92.082,8.042,411040.079,0.432663399
26.268864917,0.219,219,2,5.331,487356.012,8.557,487458.845,0.575020958
26.697664278,0.515,515,3,3.226,108.977,8.776,535649.307,0.428799361
27.277951268,0.219,219,2,5.55,540545.761,9.291,540665.489,0.58028699
27.747519989,0.123,123,2,5.673,611212.564,9.414,611332.292,0.469568721
27.700688824,0.515,515,3,3.741,125.872,9.633,675567.766,0
28.284724685,0.219,219,2,5.892,724146.298,10.148,724282.921,0.584035861
29.290790191,0.219,219,2,6.111,724162.682,10.367,724299.305,1.006065506
29.539718704,0.174,174,2,6.285,724179.066,10.541,724315.689,0.248928513
29.542767276,0.188,188,2,6.473,724187.258,10.729,724323.881,0.003048572
28.703222945,0.515,515,3,4.256,142.767,10.85,724332.073,0
29.546643257,0.121,121,2,6.594,724433.583,11.501,724587.237,0.843420312
29.54856501,0.651,651,3,4.907,159.798,11.671,724603.621,0.001921753
29.587021996,0.17,170,2,6.764,724449.967,12.168,724612.306,0.038456986
29.590279742,0.184,184,2,6.948,724458.159,12.352,724628.69,0.003257746
29.589200625,0.497,497,3,5.404,176.675,12.473,724683.537,0
29.59378766,0.121,121,2,7.069,724513.006,12.852,724700.296,0.004587035
29.614443569,0.379,379,3,5.783,193.434,13.071,724716.68,0.020655909
30.294239233,0.219,219,2,7.288,724529.39,13.383,724749.752,0.679795664
31.295853684,0.219,219,2,7.507,724537.582,13.602,724757.944,1.001614451
31.964002825,0.176,176,2,7.683,724538.606,13.778,724758.968,0.668149141
31.991106272,0.154,154,2,7.837,724542.19,13.932,724762.552,0.027103447
32.116393782,0.17,170,2,8.007,724543.214,14.102,724763.576,0.12528751
32.14908977,0.172,172,2,8.179,724552.942,14.274,724773.304,0.032695988
32.297856942,0.219,219,2,8.398,724561.134,14.493,724781.496,0.148767172
32.476721936,0.177,177,2,8.575,724562.142,14.67,724782.504,0.178864994
32.504298627,0.176,176,2,8.751,724562.638,14.846,724783.0,0.027576691
32.527045304,1.53,1530,2,10.281,724563.598,16.376,724783.96,0.022746677
32.585362776,1.256,1256,2,11.537,724564.062,17.632,724784.424,0.058317472
32.5956006,0.171,171,2,11.708,724589.614,17.803,724809.976,0.010237824
34.073123475,1.575,1575,2,13.283,724589.614,19.378,724809.976,1.477522875
34.198184491,0.286,286,2,13.569,724602.926,19.664,724823.288,0.125061016
34.267633755,0.189,189,2,13.758,724619.31,19.853,724839.672,0.069449264
34.30022973,0.219,219,2,13.977,724627.502,20.072,724847.864,0.032595975
34.690547172,0.286,286,2,14.263,724754.478,20.358,724974.84,0.390317442
34.700167599,0.189,189,2,14.452,724768.814,20.547,724989.176,0.00962042699999
35.675757931,0.235,235,8,0.235,40.96,21.001,725040.376,0.975590332
35.760524855,0.102,102,8,0.337,49.152,21.103,725048.568,0.084766924
35.301320022,0.219,219,2,14.671,724785.198,21.255,727699.68,0
36.302356397,0.219,219,2,14.89,724801.582,21.474,741194.956,1.001036375
37.303824391,0.219,219,2,15.109,724817.966,21.693,754293.794,1.001467994
38.305314385,0.219,219,2,15.328,724834.35,21.912,769044.457,1.001489994
39.306835249,0.219,219,2,15.547,724850.734,22.131,782936.171,1.001520864
40.307978271,0.219,219,2,15.766,724867.118,22.35,797951.126,1.001143022
41.308978678,0.219,219,2,15.985,724883.502,22.569,813560.738,1.001000407
42.310353992,0.219,219,2,16.204,724899.886,22.788,828906.058,1.001375314
43.311625104,0.219,219,2,16.423,724916.27,23.007,843722.794,1.001271112
44.312752202,0.219,219,2,16.642,724932.654,23.226,857548.435,1.001127098
35.79143975,0.152,152,8,0.489,135366.656,23.445,860529.912,0
45.313929587,0.219,219,2,16.861,724940.846,23.597,860595.985,9.522489837
45.623070784,2.535,2535,2,19.396,724952.11,26.132,860607.249,0.309141197
45.523723234,0.152,152,8,0.641,135440.921,27.707,860615.441,0
45.692368633,0.145,145,8,0.786,135465.497,27.852,860640.017,0.168645399
45.630312417,1.575,1575,2,20.971,724960.302,28.004,869264.084,0
46.315157466,0.219,219,2,21.19,724976.686,28.223,883750.455,0.684845049
47.316292457,0.219,219,2,21.409,724993.07,28.442,898302.899,1.001134991
48.317504483,0.22,220,2,21.629,725009.454,28.662,912855.343,1.001212026
49.318500908,0.22,220,2,21.849,725025.838,28.882,928068.517,1.000996425
50.319544337,0.22,220,2,22.069,725042.222,29.102,942885.253,1.001043429
51.320613887,0.22,220,2,22.289,725050.414,29.322,954984.804,1.00106955
52.123491473,2.513,2513,2,24.802,725074.99,31.835,957982.665,0.802877586
52.321982776,0.22,220,2,25.022,725091.374,32.055,972931.547,0.198491303
53.32357404,0.22,220,2,25.242,725107.758,32.275,988409.013,1.001591264
45.696364113,0.152,152,8,0.938,271280.089,32.495,996618.449,0
54.855771046,0.149,149,8,1.087,271288.281,32.644,996626.641,9.159406933
54.324891037,0.22,220,2,25.462,725115.95,32.796,996828.548,0
54.912794429,2.578,2578,2,28.04,725148.718,35.374,996861.316,0.587903392
54.858544304,0.152,152,8,1.239,271498.38,36.949,996869.508,0
54.928972533,0.145,145,8,1.384,271514.764,37.094,996885.892,0.070428229
54.930684483,0.149,149,8,1.533,271522.956,37.243,996894.084,0.00171195
54.919010792,1.575,1575,2,29.615,725156.91,37.395,1003154.711,0
55.32614378,0.22,220,2,29.835,725173.294,37.615,1017641.082,0.407132988
56.327359088,0.22,220,2,30.055,725189.678,37.835,1031334.577,1.001215308
57.328404402,0.22,220,2,30.275,725206.062,38.055,1046085.24,1.001045314
58.329413679,0.22,220,2,30.495,725222.446,38.275,1061100.195,1.001009277
59.330520663,0.22,220,2,30.715,725238.83,38.495,1075718.712,1.001106984
60.331606137,0.22,220,2,30.935,725255.214,38.715,1089940.791,1.001085474
61.332682391,0.22,220,2,31.155,725263.406,38.935,1098142.035,1.001076254
62.110649966,2.513,2513,2,33.668,725337.134,41.448,1101387.267,0.777967575
62.333661426,0.22,220,2,33.888,725353.518,41.668,1116468.295,0.22301146
63.334639972,0.22,220,2,34.108,725369.902,41.888,1131152.885,1.000978546
54.932568451,0.152,152,8,1.685,407608.836,42.108,1133209.34,0
64.335636747,0.22,220,2,34.328,725378.094,42.26,1133463.375,9.403068296
64.52390154,2.535,2535,2,36.863,725476.398,44.795,1133561.679,0.188264793
64.476374127,0.152,152,8,1.837,407871.063,46.37,1133569.871,0
64.537884603,0.145,145,8,1.982,407887.447,46.515,1133586.255,0.061510476
64.540287352,0.149,149,8,2.131,407895.639,46.664,1133594.447,0.00240274900001
64.530468087,1.575,1575,2,38.438,725476.398,46.816,1145967.428,0
65.336647281,0.22,220,2,38.658,725492.782,47.036,1160718.091,0.806179194
66.33769916,0.22,220,2,38.878,725509.166,47.256,1175666.973,1.001051879
67.338737071,0.22,220,2,39.098,725525.55,47.476,1190748.001,1.001037911
68.339949935,0.22,220,2,39.318,725541.934,47.696,1205762.956,1.001212864
69.34110972,0.22,220,2,39.538,725558.318,47.916,1220910.057,1.001159785
70.342182412,0.22,220,2,39.758,725574.702,48.136,1235594.647,1.001072692
71.34312506,0.22,220,2,39.978,725582.894,48.356,1246901.322,1.000942648
72.106720486,2.513,2513,2,42.491,725623.854,50.869,1250510.224,0.763595426
72.344277441,0.22,220,2,42.711,725640.238,51.089,1265459.106,0.237556955
64.542124108,0.152,152,8,2.283,543891.203,51.309,1269762.043,0
73.345292863,0.22,220,2,42.931,725648.43,51.461,1269856.018,8.803168755
73.711684707,2.578,2578,2,45.509,725681.198,54.039,1269888.786,0.366391844
73.660245973,0.152,152,8,2.435,543985.178,55.614,1269888.786,0
73.725979961,0.145,145,8,2.58,544009.754,55.759,1269913.362,0.065733988
73.727919313,0.149,149,8,2.729,544017.946,55.908,1269921.554,0.00193935200001
73.718554435,1.575,1575,2,47.084,725689.39,56.06,1279335.923,0
74.34647381,0.22,220,2,47.304,725705.774,56.28,1294945.535,0.627919375
75.347539867,0.22,220,2,47.524,725722.158,56.5,1310489.074,1.001066057
76.348600128,0.22,220,2,47.744,725738.542,56.72,1326032.613,1.001060261
77.34977388,0.22,220,2,47.964,725754.926,56.94,1340981.495,1.001173752
78.350786299,0.22,220,2,48.184,725771.31,57.16,1356525.034,1.001012419
79.351800255,0.22,220,2,48.404,725787.694,57.38,1371936.427,1.001013956
80.352863519,0.22,220,2,48.624,725804.078,57.6,1387215.674,1.001063264
81.353856802,0.22,220,2,48.844,725812.27,57.82,1398191.984,1.000993283
82.108156563,2.513,2513,2,51.357,725853.23,60.333,1401999.105,0.754299761
73.730095218,0.152,152,8,2.881,679689.626,60.553,1405773.458,0
82.354871386,0.22,220,2,51.577,725861.422,60.705,1405867.433,8.624776168
82.671159233,2.535,2535,2,54.112,725894.19,63.24,1405900.201,0.316287847
82.620383362,0.152,152,8,3.033,679791.793,64.815,1405908.393,0
82.687216372,0.145,145,8,3.178,679808.177,64.96,1405924.777,0.06683301
82.68875302,0.149,149,8,3.327,679816.369,65.109,1405932.969,0.001536648
82.678676948,1.575,1575,2,55.687,725902.382,65.261,1416281.598,0
83.356025863,0.22,220,2,55.907,725918.766,65.481,1431296.553,0.677348915
84.357073831,0.22,220,2,56.127,725935.15,65.701,1446311.508,1.001047968
85.358103292,0.22,220,2,56.347,725951.534,65.921,1460930.025,1.001029461
86.359125558,0.22,220,2,56.567,725967.918,66.141,1476011.053,1.001022266
87.360223114,0.22,220,2,56.787,725984.302,66.361,1491092.081,1.001097556
88.361802296,0.22,220,2,57.007,726000.686,66.581,1506371.328,1.001579182
89.363021585,0.22,220,2,57.227,726017.07,66.801,1521848.794,1.001219289
90.364297934,0.22,220,2,57.447,726033.454,67.021,1537260.187,1.001276349
82.69039876,0.152,152,8,3.479,815629.433,67.241,1541893.489,0
91.36558923,0.22,220,2,57.667,726041.646,67.393,1542050.118,8.67519047
91.723368526,2.535,2535,2,60.202,726074.414,69.928,1542082.886,0.357779296
91.671606426,0.152,152,8,3.631,815794.254,71.503,1542091.078,0
91.736203607,0.145,145,8,3.776,815810.638,71.648,1542107.462,0.064597181
91.738958148,0.149,149,8,3.925,815818.83,71.797,1542115.654,0.002754541
91.730010082,1.575,1575,2,61.777,726074.414,71.949,1547305.817,0
92.105774417,2.513,2513,2,64.29,726213.678,74.462,1551475.534,0.375764335
92.366523147,0.22,220,2,64.51,726230.062,74.682,1566688.708,0.26074873
93.367476062,0.22,220,2,64.73,726246.446,74.902,1582100.101,1.000952915
94.368404811,0.22,220,2,64.95,726262.83,75.122,1597709.713,1.000928749
95.369410246,0.22,220,2,65.17,726279.214,75.342,1613253.252,1.001005435
96.370463034,0.22,220,2,65.39,726287.406,75.562,1628788.599,1.001052788
97.371447237,0.22,220,2,65.61,726303.79,75.782,1644067.846,1.000984203
98.372500723,0.22,220,2,65.83,726320.174,76.002,1659611.385,1.001053486
99.373632082,0.22,220,2,66.05,726336.558,76.222,1675220.997,1.001131359
91.741334218,0.152,152,8,4.077,951371.022,76.442,1677938.182,0
100.374673346,0.22,220,2,66.27,726344.75,76.594,1678180.633,8.633339128
100.593384538,2.535,2535,2,68.805,726410.286,79.129,1678246.169,0.218711192
100.548059361,0.152,152,8,4.229,951621.665,80.704,1678254.361,0
100.60696336,0.145,145,8,4.374,951638.049,80.849,1678270.745,0.058903999
100.608629633,0.149,149,8,4.523,951646.241,80.998,1678278.937,0.00166627300001
100.599360787,1.575,1575,2,70.38,726418.478,81.15,1690263.987,0
101.375746876,0.22,220,2,70.6,726426.67,81.37,1701504.589,0.776386089
102.105729369,2.513,2513,2,73.113,726484.014,83.883,1705724.532,0.729982493
102.376817264,0.22,220,2,73.333,726500.398,84.103,1720871.633,0.271087895
103.377760331,0.22,220,2,73.553,726516.782,84.323,1735820.515,1.000943067
104.378697601,0.22,220,2,73.773,726533.166,84.543,1750505.105,1.00093727
105.379698985,0.22,220,2,73.993,726549.55,84.763,1765387.914,1.001001384
106.380667824,0.22,220,2,74.213,726565.934,84.983,1780270.723,1.000968839
107.381666973,0.22,220,2,74.433,726582.318,85.203,1795285.678,1.000999149
108.382816211,0.22,220,2,74.653,726598.702,85.423,1810564.925,1.001149238
100.611263837,0.152,152,8,4.675,1087179.609,85.643,1814008.913,0
109.383751735,0.22,220,2,74.873,726606.894,85.795,1814262.948,8.772487898
109.658907326,2.535,2535,2,77.408,726639.662,88.33,1814295.716,0.275155591
109.613580473,0.152,152,8,4.827,1087441.836,89.905,1814303.908,0
109.670229925,0.145,145,8,4.972,1087458.22,90.05,1814320.292,0.056649452
109.671813087,0.149,149,8,5.121,1087466.412,90.199,1814328.484,0.001583162
109.664638781,1.575,1575,2,78.983,726647.854,90.351,1825285.201,0
110.384791253,0.22,220,2,79.203,726664.238,90.571,1840828.74,0.720152472
111.385898447,0.22,220,2,79.423,726672.43,90.791,1851805.05,1.001107194
112.106385249,2.513,2513,2,81.936,726811.694,93.304,1856040.84,0.720486802
112.38706759,0.22,220,2,82.156,726828.078,93.524,1871055.795,0.280682341
113.388299381,0.22,220,2,82.376,726844.462,93.744,1886401.115,1.001231791
114.389473483,0.22,220,2,82.596,726860.846,93.964,1901680.362,1.001174102
115.390382327,0.22,220,2,82.816,726877.23,94.184,1917025.682,1.000908844
116.391350747,0.22,220,2,83.036,726893.614,94.404,1932040.637,1.00096842
117.39240088,0.22,220,2,83.256,726909.998,94.624,1947385.957,1.001050133
109.674076853,0.152,152,8,5.273,1223226.834,94.844,1950367.434,0
118.393439071,0.22,220,2,83.476,726918.19,94.996,1950524.063,8.719362218
118.635500369,2.535,2535,2,86.011,726983.726,97.531,1950589.599,0.242061298
118.591307599,0.152,152,8,5.425,1223391.655,99.106,1950597.791,0
118.645728555,0.145,145,8,5.57,1223408.039,99.251,1950614.175,0.054420956
118.647379394,0.149,149,8,5.719,1223416.231,99.4,1950622.367,0.00165083899999
118.640699424,1.575,1575,2,87.586,726991.918,99.552,1962540.149,0
119.394554646,0.22,220,2,87.806,727008.302,99.772,1978083.688,0.753855222
120.39546789,0.22,220,2,88.026,727024.686,99.992,1993759.373,1.000913244
121.396478354,0.22,220,2,88.246,727032.878,100.212,2004801.756,1.001010464
122.105875478,2.513,2513,2,90.759,727073.838,102.725,2009401.753,0.709397124
122.397491681,0.22,220,2,90.979,727090.222,102.945,2024482.781,0.291616203
123.398362043,0.22,220,2,91.199,727106.606,103.165,2039629.882,1.000870362
124.399294564,0.22,220,2,91.419,727122.99,103.385,2054512.691,1.000932521
125.400322139,0.22,220,2,91.639,727139.374,103.605,2069791.938,1.001027575
126.401304387,0.22,220,2,91.859,727155.758,103.825,2085005.112,1.000982248
118.649188213,0.152,152,8,5.871,1359410.915,104.045,2086797.275,0
127.402264425,0.22,220,2,92.079,727163.95,104.197,2087054.206,8.753076212
127.562794057,2.535,2535,2,94.614,727196.718,106.732,2087086.974,0.160529632
127.520933915,0.152,152,8,6.023,1359676.038,108.307,2087095.166,0
127.572668986,0.145,145,8,6.168,1359692.422,108.452,2087111.55,0.051735071
127.574308091,0.149,149,8,6.317,1359700.614,108.601,2087119.742,0.00163910500001
127.56794569,1.575,1575,2,96.189,727204.91,108.753,2099963.741,0
128.4033668,0.22,220,2,96.409,727213.102,108.973,2115499.088,0.83542111
129.40430414,0.22,220,2,96.629,727229.486,109.193,2130249.751,1.00093734
130.405211239,0.22,220,2,96.849,727245.87,109.413,2145528.998,1.000907099
131.406299436,0.22,220,2,97.069,727254.062,109.633,2155976.724,1.001088197
132.106941326,2.513,2513,2,99.582,727278.638,112.146,2160229.972,0.70064189
132.407637315,0.22,220,2,99.802,727295.022,112.366,2175377.073,0.300695989
133.409033931,0.221,221,2,100.023,727311.406,112.587,2190788.466,1.001396616
134.410077989,0.221,221,2,100.244,727327.79,112.808,2206133.786,1.001044058
135.411009183,0.221,221,2,100.465,727344.174,113.029,2221413.033,1.000931194
127.576236967,0.152,152,8,6.469,1495167.909,113.25,2222742.685,0
136.411993526,0.221,221,2,100.686,727352.366,113.402,2222899.314,8.835756559
136.540454345,2.535,2535,2,103.221,727360.558,115.937,2222907.506,0.128460819
137.41290251,0.221,221,2,103.442,727376.942,116.158,2222923.89,0.872448165
138.413586536,0.221,221,2,103.663,727393.326,116.379,2222940.274,1.000684026
139.414148199,0.221,221,2,103.884,727409.71,116.6,2222956.658,1.000561663
140.414732422,0.221,221,2,104.105,727426.094,116.821,2222973.042,1.000584223
141.415313292,0.221,221,2,104.326,727434.286,117.042,2222981.234,1.00058087
142.104703542,0.339,339,2,104.665,727450.67,117.381,2222997.618,0.68939025
142.415938162,0.221,221,2,104.886,727467.054,117.602,2223014.002,0.31123462
143.416527482,0.221,221,2,105.107,727483.438,117.823,2223030.386,1.00058932
144.417100809,0.221,221,2,105.328,727499.822,118.044,2223049.33,1.000573327
145.417971172,0.221,221,2,105.549,727516.206,118.265,2223065.714,1.000870363
146.418908023,0.221,221,2,105.77,727532.59,118.486,2223082.098,1.000936851
147.419602454,0.221,221,2,105.991,727548.974,118.707,2223098.482,1.000694431
148.420275585,0.221,221,2,106.212,727565.358,118.928,2223114.866,1.000673131
149.421059483,0.221,221,2,106.433,727581.742,119.149,2223131.25,1.000783898
150.421774658,0.221,221,2,106.654,727598.126,119.37,2223147.634,1.000715175
151.42238982,0.221,221,2,106.875,727606.318,119.591,2223155.826,1.000615162
152.104875142,0.339,339,2,107.214,727622.702,119.93,2223172.21,0.682485322
152.423064766,0.221,221,2,107.435,727639.086,120.151,2223188.594,0.318189624
153.423669801,0.221,221,2,107.656,727655.47,120.372,2223204.978,1.000605035
154.424275325,0.221,221,2,107.877,727671.854,120.593,2223221.362,1.000605524
155.424884411,0.221,221,2,108.098,727688.238,120.814,2223237.746,1.000609086
156.425455503,0.221,221,2,108.319,727704.622,121.035,2223254.13,1.000571092
157.426019123,0.221,221,2,108.54,727721.006,121.256,2223270.514,1.00056362
158.426656005,0.221,221,2,108.761,727737.39,121.477,2223286.898,1.000636882
159.427256431,0.221,221,2,108.982,727753.774,121.698,2223303.282,1.000600426
160.427894291,0.221,221,2,109.203,727761.966,121.919,2223319.666,1.00063786
161.428470133,0.221,221,2,109.424,727770.158,122.14,2223327.858,1.000575842
162.10476158,0.339,339,2,109.763,727786.542,122.479,2223344.242,0.676291447
162.429148292,0.221,221,2,109.984,727802.926,122.7,2223360.626,0.324386712
163.42974732,0.221,221,2,110.205,727819.31,122.921,2223377.01,1.000599028
164.430331473,0.221,221,2,110.426,727835.694,123.142,2223393.394,1.000584153
165.430926311,0.221,221,2,110.647,727852.078,123.363,2223409.778,1.000594838
166.431546083,0.221,221,2,110.868,727868.462,123.584,2223426.162,1.000619772
167.432152654,0.221,221,2,111.089,727884.846,123.805,2223442.546,1.000606571
168.432752731,0.221,221,2,111.31,727901.23,124.026,2223458.93,1.000600077
169.433369639,0.221,221,2,111.531,727917.614,124.247,2223481.954,1.000616908
170.434856839,0.221,221,2,111.752,727933.998,124.468,2223501.266,1.0014872
171.436709449,0.221,221,2,111.973,727942.19,124.689,2223509.458,1.00185261
172.105168476,0.339,339,2,112.312,727954.478,125.028,2223521.746,0.668459027
172.437588122,0.221,221,2,112.533,727971.886,125.249,2223539.154,0.332419646
172.829190993,1.575,1575,2,114.108,727971.886,126.824,2223539.154,0.391602871
172.840637351,0.286,286,2,114.394,727988.27,127.11,2223560.146,0.011446358
172.863473704,0.189,189,2,114.583,728012.846,127.299,2223584.722,0.022836353
172.886099347,0.249,249,2,114.832,728025.134,127.548,2223597.01,0.022625643
172.928496847,0.152,152,5,0.152,8.176,128.118,2224013.778,0.0423975
172.89976987,0.114,114,2,114.946,728039.47,128.268,2392794.578,0
173.438670732,0.221,221,2,115.167,728055.854,128.489,2609571.282,0.538900862
174.439947151,0.221,221,2,115.388,728072.238,128.71,2609587.666,1.001276419
175.440871151,0.221,221,2,115.609,728088.622,128.931,2609604.05,1.000924
176.441733901,0.221,221,2,115.83,728105.006,129.152,2609620.434,1.00086275
177.442623469,0.221,221,2,116.051,728121.39,129.373,2609636.818,1.000889568
178.443570098,0.221,221,2,116.272,728137.774,129.594,2609653.202,1.000946629
172.932141166,0.152,152,6,0.152,101988.72,129.815,2609661.394,0
179.444482295,0.221,221,2,116.493,728145.966,129.965,2695054.802,6.512341129
180.445535641,0.221,221,2,116.714,728170.542,130.186,2695081.33,1.001053346
181.446487019,0.221,221,2,116.935,728178.734,130.407,2695089.522,1.000951378
182.106965772,2.513,2513,2,119.448,728189.998,133.072,2765308.274,0.660478753
182.449453598,0.221,221,2,119.669,728206.382,133.293,2765326.114,0.342487826
183.45032382,0.221,221,2,119.89,728222.766,133.514,2765342.498,1.000870222
172.923558231,0.152,152,7,0.152,93107.2,133.735,2765350.69,0
184.451214855,0.221,221,2,120.111,728239.15,133.885,2838267.682,11.527656624
185.452158132,0.221,221,2,120.332,728255.534,134.106,2838284.066,1.000943277
182.161876246,0.152,152,4,0.152,70212.512,134.327,2838292.258,0
186.453021649,0.221,221,2,120.553,728271.918,134.477,2909718.306,4.291145403
187.453935523,0.221,221,2,120.774,728288.302,134.698,2909734.69,1.000913874
188.454854494,0.221,221,2,120.995,728304.686,134.919,2909751.074,1.000918971
189.45581586,0.221,221,2,121.216,728321.07,135.14,2909767.458,1.000961366
190.456770171,0.221,221,2,121.437,728337.454,135.361,2909783.842,1.000954311
191.457569015,0.221,221,2,121.658,728345.646,135.582,2909792.034,1.000798844
192.105645353,2.513,2513,2,124.171,728355.374,138.095,2909801.762,0.648076338
192.458558876,0.221,221,2,124.392,728363.566,138.316,2909809.954,0.352913523
193.45922593,0.221,221,2,124.613,728371.758,138.537,2909818.146,1.000667054
194.460172559,0.221,221,2,124.834,728396.334,138.758,2909842.722,1.000946629
195.461197619,0.221,221,2,125.055,728412.718,138.979,2909859.106,1.00102506
196.462154724,0.221,221,2,125.276,728420.91,139.2,2909867.298,1.000957105
196.983996922,0.178,178,2,125.454,728430.11,139.378,2909876.498,0.521842198
197.463174198,0.221,221,2,125.675,728438.302,139.599,2909884.69,0.479177276
198.305458541,2.588,2588,2,128.263,728448.526,142.187,2909894.914,0.842284343
198.350006245,1.575,1575,2,129.838,728448.526,143.762,2909894.914,0.044547704
198.352330773,0.286,286,2,130.124,728600.078,144.048,2910046.466,0.002324528
198.357695352,0.189,189,2,130.313,728610.318,144.237,2910056.706,0.005364579
198.464116147,0.221,221,2,130.534,728618.51,144.458,2910064.898,0.106420795
199.168523879,2.333,2333,2,132.867,728626.702,146.791,2910073.09,0.704407732
199.465042103,0.221,221,2,133.088,728643.086,147.012,2910089.474,0.296518224
200.465696516,0.221,221,2,133.309,728659.47,147.233,2910105.858,1.000654413
201.466267957,0.221,221,2,133.53,728669.678,147.454,2910116.066,1.000571441
201.782976946,0.189,189,2,133.719,728671.566,147.643,2910117.954,0.316708989
201.789415056,0.189,189,2,133.908,728673.326,147.832,2910119.714,0.00643811
201.812266774,0.189,189,2,134.097,728683.278,148.021,2910129.666,0.022851718
201.845132825,1.575,1575,2,135.672,728683.278,149.596,2910129.666,0.032866051
201.848744248,0.286,286,2,135.958,729029.39,149.882,2910475.778,0.003611423
201.855204288,0.189,189,2,136.147,729030.414,150.071,2910476.802,0.00646004000001
202.108519811,2.513,2513,2,138.66,729031.406,152.584,2910477.794,0.253315523
202.439698657,0.286,286,2,138.946,729228.974,152.87,2910675.362,0.331178846
202.445620778,0.189,189,2,139.135,729238.094,153.059,2910684.482,0.005922121
179.662895894,0.15,150,6,0.302,187383.04,153.28,2910693.586,0
202.467202434,0.221,221,2,139.356,729254.478,192.439,2910701.778,22.80430654
203.468250751,0.221,221,2,139.577,729270.862,192.66,2910718.162,1.001048317
204.46920639,0.221,221,2,139.798,729287.246,192.881,2910734.546,1.000955639
205.470144218,0.221,221,2,140.019,729303.63,193.102,2910750.93,1.000937828
206.471201685,0.221,221,2,140.24,729320.014,193.323,2910767.314,1.001057467
207.472218016,0.221,221,2,140.461,729328.206,193.544,2910775.506,1.001016331
207.612769199,0.184,184,2,140.645,729329.102,193.728,2910776.402,0.140551183
207.621416528,1.775,1775,2,142.42,729331.15,195.503,2910778.45,0.00864732899998
207.642591148,2621.44,262144,2,2763.86,729331.15,2816.943,2910778.45,0.02117462
207.644910227,786.432,262144,2,3550.292,729331.15,3603.375,2910778.45,0.00231907899999
207.64646664,1048.576,262144,2,4598.868,729331.15,4651.951,2910778.45,0.001556413
207.64898372,524.288,262144,2,5123.156,729331.15,5176.239,2910778.45,0.00251707999999
207.650596355,524.288,262144,2,5647.444,729331.15,5700.527,2910778.45,0.00161263500001
207.652058832,524.288,262144,2,6171.732,729331.15,6224.815,2910778.45,0.00146247699999
207.653585213,524.288,262144,2,6696.02,729331.15,6749.103,2910778.45,0.00152638100002
207.65506515,524.288,262144,2,7220.308,729331.15,7273.391,2910778.45,0.001479937
207.656628338,786.432,262144,2,8006.74,729331.15,8059.823,2910778.45,0.00156318799998
207.658557424,786.432,262144,2,8793.172,729331.15,8846.255,2910778.45,0.00192908600002
207.660628218,524.288,262144,2,9317.46,729331.15,9370.543,2910778.45,0.00207079399999
207.662663812,524.288,262144,2,9841.748,729331.15,9894.831,2910778.45,0.00203559400001
207.664567546,524.288,262144,2,10366.036,729331.15,10419.119,2910778.45,0.001903734
207.66663827,524.288,262144,2,10890.324,729331.15,10943.407,2910778.45,0.00207072399999
207.668691464,786.432,262144,2,11676.756,729331.15,11729.839,2910778.45,0.00205319400001
207.671212944,786.432,262144,2,12463.188,729331.15,12516.271,2910778.45,0.00252147999998
207.673739592,786.432,262144,2,13249.62,729331.15,13302.703,2910778.45,0.00252664800001
207.67622657,1048.576,262144,2,14298.196,729331.15,14351.279,2910778.45,0.00248697800001
207.679331714,786.432,262144,2,15084.628,729331.15,15137.711,2910778.45,0.00310514399999
207.682270146,786.432,262144,2,15871.06,729331.15,15924.143,2910778.45,0.00293843200001
207.685367467,786.432,262144,2,16657.492,729331.15,16710.575,2910778.45,0.00309732099998
207.688448585,1048.576,262144,2,17706.068,729331.15,17759.151,2910778.45,0.00308111800001
207.691988281,786.432,262144,2,18492.5,729331.15,18545.583,2910778.45,0.00353969599999
207.69553538,1048.576,262144,2,19541.076,729331.15,19594.159,2910778.45,0.003547099
207.699488537,626.233,262144,2,20167.309,729331.15,20220.392,2910778.45,0.00395315700001
207.702990378,101.945,101945,2,20269.254,729331.582,20322.337,2910778.882,0.003501841
207.751750839,0.184,184,2,20269.438,729340.622,20322.521,2910787.922,0.048760461
208.473288543,0.221,221,2,20269.659,729357.006,20322.742,2910804.306,0.721537704
209.47424006,0.221,221,2,20269.88,729373.39,20322.963,2910820.69,1.000951517
210.47497535,0.221,221,2,20270.101,729389.774,20323.184,2910837.074,1.00073529
211.47651102,0.221,221,2,20270.322,729397.966,20323.405,2910845.266,1.00153567
212.105347759,0.339,339,2,20270.661,729406.974,20323.744,2910854.274,0.628836739
212.477302112,0.221,221,2,20270.882,729423.358,20323.965,2910870.658,0.371954353
213.478003249,0.221,221,2,20271.103,729439.742,20324.186,2910887.042,1.000701137
214.478682874,0.221,221,2,20271.324,729456.126,20324.407,2910903.426,1.000679625
215.479288678,0.221,221,2,20271.545,729472.51,20324.628,2910919.81,1.000605804
216.479918925,0.221,221,2,20271.766,729488.894,20324.849,2910936.194,1.000630247
217.480725941,0.221,221,2,20271.987,729505.278,20325.07,2910952.578,1.000807016
218.481522551,0.221,221,2,20272.208,729521.662,20325.291,2910968.962,1.00079661
219.482125421,0.221,221,2,20272.429,729538.046,20325.512,2910985.346,1.00060287
220.482698608,0.221,221,2,20272.65,729554.43,20325.733,2911001.73,1.000573187
221.483238621,0.221,221,2,20272.871,729562.622,20325.954,2911013.49,1.000540013
222.104822274,0.339,339,2,20273.21,729571.598,20326.293,2911022.962,0.621583653
222.484140063,0.221,221,2,20273.431,729587.982,20326.514,2911039.346,0.379317789
223.485191034,0.221,221,2,20273.652,729604.366,20326.735,2911055.73,1.001050971
224.485878901,0.221,221,2,20273.873,729612.558,20326.956,2911063.922,1.000687867
225.486566908,0.221,221,2,20274.094,729628.942,20327.177,2911080.306,1.000688007
226.487252679,0.221,221,2,20274.315,729645.326,20327.398,2911096.69,1.000685771
227.487966108,0.221,221,2,20274.536,729661.71,20327.619,2911113.074,1.000713429
228.488588603,0.221,221,2,20274.757,729678.094,20327.84,2911129.458,1.000622495
229.489191893,0.221,221,2,20274.978,729694.478,20328.061,2911145.842,1.00060329
230.489768782,0.221,221,2,20275.199,729710.862,20328.282,2911162.226,1.000576889
231.490357613,0.221,221,2,20275.42,729719.054,20328.503,2911170.418,1.000588831
232.10468336,0.339,339,2,20275.759,729727.998,20328.842,2911179.362,0.614325747
232.491234401,0.221,221,2,20275.98,729744.382,20329.063,2911195.746,0.386551041
233.492213995,0.221,221,2,20276.201,729760.766,20329.284,2911212.13,1.000979594
234.492905144,0.221,221,2,20276.422,729777.15,20329.505,2911228.514,1.000691149
235.493550198,0.221,221,2,20276.643,729793.534,20329.726,2911244.898,1.000645054
236.494142173,0.221,221,2,20276.864,729809.918,20329.947,2911261.282,1.000591975
237.494737989,0.221,221,2,20277.085,729826.302,20330.168,2911277.666,1.000595816
238.495348332,0.221,221,2,20277.306,729842.686,20330.389,2911294.05,1.000610343
239.496683977,0.221,221,2,20277.527,729859.07,20330.61,2911310.434,1.001335645
240.497808212,0.221,221,2,20277.748,729875.454,20330.831,2911326.818,1.001124235
241.498624098,0.221,221,2,20277.969,729883.646,20331.052,2911335.01,1.000815886
242.104610516,0.339,339,2,20278.308,729892.558,20331.391,2911343.922,0.605986418
242.499204409,0.221,221,2,20278.529,729908.942,20331.612,2911360.306,0.394593893
243.499920841,0.221,221,2,20278.75,729925.326,20331.833,2911376.69,1.000716432
244.500549762,0.221,221,2,20278.971,729941.71,20332.054,2911393.074,1.000628921
245.501136987,0.221,221,2,20279.192,729958.094,20332.275,2911409.458,1.000587225
246.501701305,0.221,221,2,20279.413,729974.478,20332.496,2911425.842,1.000564318
247.502278194,0.221,221,2,20279.634,729990.862,20332.717,2911442.226,1.000576889
248.502908861,0.221,221,2,20279.855,730007.246,20332.938,2911458.61,1.000630667
249.50348107,0.221,221,2,20280.076,730023.63,20333.159,2911474.994,1.000572209
250.504373433,0.221,221,2,20280.297,730040.014,20333.38,2911491.378,1.000892363
251.504969877,0.221,221,2,20280.518,730048.206,20333.601,2911499.57,1.000596444
252.104492275,0.339,339,2,20280.857,730057.086,20333.94,2911508.45,0.599522398
252.505625198,0.221,221,2,20281.078,730065.934,20334.161,2911517.298,0.401132923
252.863488932,0.189,189,2,20281.267,730067.15,20334.35,2911518.514,0.357863734
253.066061759,0.189,189,2,20281.456,730076.558,20334.539,2911527.922,0.202572827
253.095495111,1.575,1575,2,20283.031,730076.558,20336.114,2911527.922,0.029433352
253.098488578,0.286,286,2,20283.317,731109.518,20336.4,2912560.882,0.00299346700001
253.116919902,0.189,189,2,20283.506,731118.078,20336.589,2912569.442,0.018431324
253.506521052,0.221,221,2,20283.727,731134.462,20336.81,2912585.826,0.38960115
254.507205916,0.221,221,2,20283.948,731150.846,20337.031,2912602.21,1.000684864
255.508201643,0.221,221,2,20284.169,731159.038,20337.252,2912610.402,1.000995727
256.127742857,2.339,2339,2,20286.508,731167.95,20339.591,2912619.314,0.619541214
256.403123686,1.575,1575,2,20288.083,731167.95,20341.166,2912619.314,0.275380829
256.406516925,0.286,286,2,20288.369,731545.742,20341.452,2912997.106,0.00339323899999
256.412848805,0.189,189,2,20288.558,731546.67,20341.641,2912998.034,0.00633188
256.46772366,0.286,286,2,20288.844,732497.838,20341.927,2913981.97,0.054874855
256.481012501,0.189,189,2,20289.033,732506.894,20342.116,2913991.026,0.013288841
256.50917083,0.221,221,2,20289.254,732515.086,20342.337,2914007.41,0.028158329
257.510124513,0.221,221,2,20289.475,732531.47,20342.558,2914023.794,1.000953683
258.511144894,0.221,221,2,20289.696,732547.854,20342.779,2914040.178,1.001020381
259.512665898,0.221,221,2,20289.917,732556.046,20343.0,2914048.37,1.001521004
259.828206163,0.184,184,2,20290.101,732556.878,20343.184,2914049.202,0.315540265
259.830932767,1.775,1775,2,20291.876,732557.902,20344.959,2914050.226,0.00272660399997
259.833667193,2097.152,262144,2,22389.028,732557.902,22442.111,2914050.226,0.00273442600002
259.838598337,786.432,262144,2,23175.46,732557.902,23228.543,2914050.226,0.00493114400001
259.843000992,786.432,262144,2,23961.892,732557.902,24014.975,2914050.226,0.00440265499998
259.847395824,786.432,262144,2,24748.324,732557.902,24801.407,2914050.226,0.004394832
259.851816428,786.432,262144,2,25534.756,732557.902,25587.839,2914050.226,0.00442060400002
259.856112296,786.432,262144,2,26321.188,732557.902,26374.271,2914050.226,0.00429586799999
259.860036328,786.432,262144,2,27107.62,732557.902,27160.703,2914050.226,0.00392403199999
259.864168418,1048.576,262144,2,28156.196,732557.902,28209.279,2914050.226,0.00413209000004
259.868723117,1048.576,262144,2,29204.772,732557.902,29257.855,2914050.226,0.00455469899998
259.873264407,1310.72,262144,2,30515.492,732557.902,30568.575,2914050.226,0.00454129000002
259.87857877,1048.576,262144,2,31564.068,732557.902,31617.151,2914050.226,0.00531436299997
259.883870295,1048.576,262144,2,32612.644,732557.902,32665.727,2914050.226,0.00529152500002
259.88887128,366.929,262144,2,32979.573,732558.702,33032.656,2914051.026,0.00500098499998
259.936941359,0.184,184,2,32979.757,732567.662,33032.84,2914059.986,0.048070079
260.513799282,0.221,221,2,32979.978,732584.046,33033.061,2914076.37,0.576857923
261.514892508,0.221,221,2,32980.199,732592.238,33033.282,2914084.562,1.001093226
262.104530897,0.339,339,2,32980.538,732593.678,33033.621,2914086.002,0.589638389
262.417174844,0.189,189,2,32980.727,732602.542,33033.81,2914094.866,0.312643947
262.515731581,0.221,221,2,32980.948,732611.374,33034.031,2914103.698,0.098556737
262.55173176,0.189,189,2,32981.137,732612.558,33034.22,2914104.882,0.036000179
262.580723226,0.189,189,2,32981.326,732621.934,33034.409,2914114.258,0.028991466
262.668743078,1.575,1575,2,32982.901,732621.934,33035.984,2914114.258,0.088019852
262.67075311,0.286,286,2,32983.187,734146.414,33036.27,2915638.738,0.00201003200004
262.68721065,0.19,190,2,32983.377,734155.342,33036.46,2915647.666,0.01645754
263.516684077,0.221,221,2,32983.598,734171.726,33036.681,2915664.05,0.829473427
264.517520007,0.221,221,2,32983.819,734179.918,33036.902,2915672.242,1.00083593
265.402068035,2.382,2382,2,32986.201,734188.11,33039.284,2915680.434,0.884548028
265.518373607,0.221,221,2,32986.422,734205.198,33039.505,2915697.522,0.116305572
265.636531091,1.575,1575,2,32987.997,734205.198,33041.08,2915697.522,0.118157484
265.639244075,0.286,286,2,32988.283,734550.222,33041.366,2916042.546,0.00271298400003
265.646394147,0.19,190,2,32988.473,734551.15,33041.556,2916043.474,0.007150072
265.721596866,0.286,286,2,32988.759,734552.046,33041.842,2917273.17,0.075202719
265.732254157,0.19,190,2,32988.949,734561.102,33042.032,2917282.226,0.010657291
266.519342934,0.221,221,2,32989.17,734577.486,33042.253,2917298.61,0.787088777
267.52019842,0.221,221,2,32989.391,734593.87,33042.474,2917314.994,1.000855486
268.521146166,0.221,221,2,32989.612,734610.254,33042.695,2917331.378,1.000947746
269.522076522,0.221,221,2,32989.833,734618.446,33042.916,2917339.57,1.000930356
269.654510891,0.184,184,2,32990.017,734619.278,33043.1,2917340.402,0.132434369
269.657204879,1.775,1775,2,32991.792,734620.75,33044.875,2917341.874,0.00269398800003
269.659791451,2621.44,262144,2,35613.232,734620.75,35666.315,2917341.874,0.00258657199998
269.666642182,1048.576,262144,2,36661.808,734620.75,36714.891,2917341.874,0.00685073099999
269.672664666,1310.72,262144,2,37972.528,734620.75,38025.611,2917341.874,0.00602248400003
269.678702236,1048.576,262144,2,39021.104,734620.75,39074.187,2917341.874,0.00603756999999
269.68486531,1048.576,262144,2,40069.68,734620.75,40122.763,2917341.874,0.00616307400003
269.690892822,1310.72,262144,2,41380.4,734620.75,41433.483,2917341.874,0.006027512
269.697074614,1048.576,262144,2,42428.976,734620.75,42482.059,2917341.874,0.00618179199995
269.702964958,1310.72,262144,2,43739.696,734620.75,43792.779,2917341.874,0.00589034400002
269.708552051,1048.576,262144,2,44788.272,734620.75,44841.355,2917341.874,0.00558709300003
269.714579563,301.769,262144,2,45090.041,734621.55,45143.124,2917342.674,0.00602751199995
269.751034129,0.184,184,2,45090.225,734623.054,45143.308,2917344.178,0.036454566
269.828145052,0.19,190,2,45090.415,734625.07,45143.498,2917346.194,0.077110923
270.121938139,0.19,190,2,45090.605,734626.254,45143.688,2917347.378,0.293793087
270.127660165,0.19,190,2,45090.795,734635.95,45143.878,2917357.074,0.005722026
270.159046698,1.575,1575,2,45092.37,734635.95,45145.453,2917357.074,0.031386533
270.161738242,0.286,286,2,45092.656,735783.566,45145.739,2918504.69,0.00269154400002
184.473877444,0.15,150,7,0.302,166021.008,45145.929,2918506.338,0
270.519997906,714.505,262144,7,714.807,166021.008,45860.434,2918506.338,86.046120462
270.177458327,0.19,190,2,45092.846,735792.462,45924.341,2918514.53,0
203.151994543,39.159,39159,6,39.461,187383.92,45924.562,2918523.602,0
270.52291783,0.221,221,2,45093.067,735808.846,46585.435,2918531.794,67.370923287
271.524028237,0.221,221,2,45093.288,735817.038,46585.656,2918539.986,1.001110407
272.106265825,2.513,2513,2,45095.801,735825.902,46588.169,2918548.85,0.582237588
272.524841259,0.221,221,2,45096.022,735834.094,46588.39,2918557.042,0.418575434
272.802590895,2.339,2339,2,45098.361,735842.286,46590.729,2918565.234,0.277749636
273.525534644,0.221,221,2,45098.582,735859.374,46590.95,2918582.322,0.722943749
273.729762989,1.575,1575,2,45100.157,735859.374,46592.525,2918582.322,0.204228345
273.732522348,0.286,286,2,45100.443,736212.526,46592.811,2918935.474,0.00275935899998
273.737974368,0.19,190,2,45100.633,736213.39,46593.001,2918936.338,0.00545202000001
273.796821935,0.286,286,2,45100.919,737557.294,46593.287,2920280.242,0.058847567
273.806495931,0.19,190,2,45101.109,737566.302,46593.477,2920289.25,0.00967399599995
274.526450403,0.221,221,2,45101.33,737582.686,46593.698,2920305.634,0.719954472
275.527422663,0.221,221,2,45101.551,737599.07,46593.919,2920322.018,1.00097226
276.528438435,0.221,221,2,45101.772,737615.454,46594.14,2920338.402,1.001015772
277.52916681,0.221,221,2,45101.993,737623.646,46594.361,2920346.594,1.000728375
277.844605735,0.185,185,2,45102.178,737624.43,46594.546,2920347.378,0.315438925
277.847471882,1.775,1775,2,45103.953,737625.374,46596.321,2920348.322,0.00286614699996
277.849782022,2621.44,262144,2,47725.393,737625.374,49217.761,2920348.322,0.00231014000002
277.856795763,1048.576,262144,2,48773.969,737625.374,50266.337,2920348.322,0.00701374099998
277.863388082,1048.576,262144,2,49822.545,737625.374,51314.913,2920348.322,0.00659231899999
277.869563448,1310.72,262144,2,51133.265,737625.374,52625.633,2920348.322,0.00617536600004
277.876158979,1048.576,262144,2,52181.841,737625.374,53674.209,2920348.322,0.00659553100002
277.882743197,1048.576,262144,2,53230.417,737625.374,54722.785,2920348.322,0.006584218
277.89707358,1048.576,262144,2,54278.993,737625.374,55771.361,2920348.322,0.014330383
277.902849105,1310.72,262144,2,55589.713,737625.374,57082.081,2920348.322,0.00577552499999
277.910431075,366.929,262144,2,55956.642,737626.126,57449.01,2920349.074,0.00758197000005
277.948584879,0.185,185,2,55956.827,737635.038,57449.195,2920357.986,0.038153804
278.5301214,0.221,221,2,55957.048,737643.582,57449.416,2920366.53,0.581536521
278.592134314,0.19,190,2,55957.238,737653.15,57449.606,2920376.098,0.062012914
278.785208098,1.575,1575,2,55958.813,737653.15,57451.181,2920376.098,0.193073784
278.788695413,0.286,286,2,55959.099,738751.774,57451.467,2921474.722,0.00348731500003
270.522002281,63.907,63907,7,778.714,166021.92,57451.657,2921476.498,0
279.030476927,714.571,262144,7,1493.285,166021.92,58166.228,2921476.498,8.508474646
278.801927124,0.19,190,2,55959.289,738760.83,58230.157,2921484.69,0
271.11118314,660.873,262144,6,700.334,187384.768,58230.378,2921493.73,0
279.86038323,481.17,262144,6,1181.504,187384.768,58711.548,2921493.73,8.74920009
279.531064886,0.221,221,2,55959.51,738777.214,58789.957,2921501.922,0
280.531918905,0.221,221,2,55959.731,738785.406,58790.178,2921510.114,1.000854019
281.462297412,2.382,2382,2,55962.113,738793.598,58792.56,2921518.306,0.930378507
281.532734791,0.221,221,2,55962.334,738801.79,58792.781,2921526.498,0.070437379
282.104668904,0.339,339,2,55962.673,738803.422,58793.12,2921528.13,0.571934113
282.364507114,0.19,190,2,55962.863,738804.926,58793.31,2921529.634,0.25983821
282.369907661,0.19,190,2,55963.053,738815.198,58793.5,2921539.906,0.00540054700002
282.514486661,1.575,1575,2,55964.628,738815.198,58795.075,2921539.906,0.144579
282.517613385,0.286,286,2,55964.914,739209.31,58795.361,2921934.018,0.00312672400003
282.523257748,0.19,190,2,55965.104,739218.366,58795.551,2921943.074,0.00564436299999
282.533668849,0.221,221,2,55965.325,739226.558,58795.772,2921951.266,0.010411101
282.574221771,0.286,286,2,55965.611,739227.39,58796.058,2923320.162,0.040552922
279.862020869,78.409,78409,6,1259.913,187385.584,58796.248,2923321.778,0
282.582682693,0.19,190,2,55965.801,739236.382,58878.228,2923329.97,2.720661824
283.534612125,0.221,221,2,55966.022,739252.766,58878.449,2923346.354,0.951929432
284.535465376,0.221,221,2,55966.243,739269.15,58878.67,2923362.738,1.000853251
285.536440291,0.221,221,2,55966.464,739277.342,58878.891,2923370.93,1.000974915
286.53536243,0.185,185,2,55966.649,739286.302,58879.076,2923379.89,0.998922139
286.53731617,1.996,221,2,55968.645,739295.406,58881.072,2923388.994,0.00195373999998
286.540354056,2621.44,262144,2,58590.085,739295.406,61502.512,2923388.994,0.00303788600002
286.547497982,1048.576,262144,2,59638.661,739295.406,62551.088,2923388.994,0.00714392599997
286.553672789,1310.72,262144,2,60949.381,739295.406,63861.808,2923388.994,0.00617480700004
286.560264829,1310.72,262144,2,62260.101,739295.406,65172.528,2923388.994,0.00659203999999
286.566893395,1048.576,262144,2,63308.677,739295.406,66221.104,2923388.994,0.00662856600002
286.573058774,1310.72,262144,2,64619.397,739295.406,67531.824,2923388.994,0.00616537899998
286.579673512,1310.72,262144,2,65930.117,739295.406,68842.544,2923388.994,0.006614738
286.586303475,1048.576,262144,2,66978.693,739295.406,69891.12,2923388.994,0.00662996300002
286.5929238,540.646,262144,2,67519.339,739296.142,70431.766,2923389.73,0.00662032499997
286.630364106,0.185,185,2,67519.524,739297.518,70431.951,2923391.106,0.037440306
286.923336138,0.19,190,2,67519.714,739307.006,70432.141,2923400.594,0.292972032
287.119489085,1.575,1575,2,67521.289,739307.006,70433.716,2923400.594,0.196152947
287.121763117,0.286,286,2,67521.575,740520.286,70434.002,2924613.874,0.002274032
287.134951037,0.19,190,2,67521.765,740529.31,70434.192,2924622.898,0.01318792
287.538122977,0.221,221,2,67521.986,740545.694,70434.413,2924639.282,0.40317194
288.539043345,0.221,221,2,67522.207,740553.886,70434.634,2924647.474,1.000920368
289.539895269,0.221,221,2,67522.428,740562.078,70434.855,2924655.666,1.000851924
289.586577951,2.339,2339,2,67524.767,740570.27,70437.194,2924663.858,0.046682682
290.540705149,0.221,221,2,67524.988,740587.582,70437.415,2924681.17,0.954127198
290.63185836,1.575,1575,2,67526.563,740587.582,70438.99,2924681.17,0.091153211
290.634592507,0.286,286,2,67526.849,740981.822,70439.276,2925075.41,0.00273414699996
290.639561016,0.19,190,2,67527.039,740983.358,70439.466,2925076.946,0.00496850900004
290.684950517,0.286,286,2,67527.325,742213.166,70439.752,2926306.754,0.045389501
290.697592837,0.19,190,2,67527.515,742222.334,70439.942,2926315.922,0.01264232
291.541652825,0.221,221,2,67527.736,742230.526,70440.163,2926324.114,0.844059988
292.105266885,2.513,2513,2,67530.249,742239.662,70442.676,2926333.25,0.56361406
292.542493016,0.221,221,2,67530.47,742256.046,70442.897,2926349.634,0.437226131
293.543337118,0.221,221,2,67530.691,742264.238,70443.118,2926357.826,1.000844102
294.283615682,0.185,185,2,67530.876,742265.15,70443.303,2926358.738,0.740278564
294.286152597,1.775,1775,2,67532.651,742266.03,70445.078,2926359.618,0.00253691500001
294.288448978,2621.44,262144,2,70154.091,742266.03,73066.518,2926359.618,0.00229638100001
294.295411316,1310.72,262144,2,71464.811,742266.03,74377.238,2926359.618,0.00696233799999
294.302025565,1310.72,262144,2,72775.531,742266.03,75687.958,2926359.618,0.00661424899999
294.308651408,1048.576,262144,2,73824.107,742266.03,76736.534,2926359.618,0.00662584299999
294.31481979,1310.72,262144,2,75134.827,742266.03,78047.254,2926359.618,0.006168382
294.321426566,1310.72,262144,2,76445.547,742266.03,79357.974,2926359.618,0.00660677600001
294.328046053,1310.72,262144,2,77756.267,742266.03,80668.694,2926359.618,0.00661948699997
294.334679159,1048.576,262144,2,78804.843,742266.03,81717.27,2926359.618,0.00663310600004
294.340845795,569.649,262144,2,79374.492,742266.91,82286.919,2926360.498,0.00616663599999
294.48621917,0.19,190,2,79374.682,742268.574,82287.109,2926362.162,0.145373375
294.491564542,0.19,190,2,79374.872,742278.302,82287.299,2926371.89,0.00534537199997
294.544157613,0.221,221,2,79375.093,742287.214,82287.52,2926380.802,0.052593071
294.585059043,0.185,185,2,79375.278,742288.558,82287.705,2926382.146,0.04090143
294.700115434,0.19,190,2,79375.468,742297.966,82287.895,2926391.554,0.115056391
294.860609097,1.575,1575,2,79377.043,742297.966,82289.47,2926391.554,0.160493663
294.862554107,0.286,286,2,79377.329,743576.75,82289.756,2927670.338,0.00194500999999
172.932833851,0.15,150,5,0.302,192231.744,82289.946,2927672.066,0
294.877678587,0.19,190,2,79377.519,743585.742,82693.154,2927680.258,121.944844736
295.545072953,0.221,221,2,79377.74,743602.126,82693.375,2927696.642,0.667394366
296.545881994,0.221,221,2,79377.961,743610.318,82693.596,2927704.834,1.000809041
296.870832674,2.339,2339,2,79380.3,743618.51,82695.935,2927713.026,0.32495068
297.546697601,0.221,221,2,79380.521,743634.894,82696.156,2927729.41,0.675864927
298.54736689,0.221,221,2,79380.742,743652.302,82696.377,2927746.818,1.000669289
299.182586005,1.575,1575,2,79382.317,743652.302,82697.952,2927746.818,0.635219115
299.184812965,0.286,286,2,79382.603,744062.926,82698.238,2928157.442,0.00222695999997
299.190780763,0.19,190,2,79382.793,744063.918,82698.428,2928158.434,0.00596779800003
299.235022701,0.286,286,2,79383.079,745391.982,82698.714,2929486.498,0.044241938
279.032479975,63.929,63929,7,1557.214,166022.8,82698.904,2929488.306,0
299.266885273,709.216,262144,7,2266.43,166022.8,83408.12,2929488.306,20.234405298
299.242970849,0.19,190,2,79383.269,745401.102,83470.264,2929496.498,0
282.790209013,81.98,81980,6,1341.893,187386.368,83470.485,2929505.474,0
299.548131792,0.221,221,2,79383.49,745417.486,84126.069,2929513.666,16.757922779
300.548957874,0.221,221,2,79383.711,745433.87,84126.29,2929530.05,1.000826082
301.549766078,0.221,221,2,79383.932,745442.062,84126.511,2929538.242,1.000808204
302.10501839,2.513,2513,2,79386.445,745442.958,84129.024,2929539.138,0.555252312
302.498988811,0.185,185,2,79386.63,745443.822,84129.209,2929540.002,0.393970421
302.501068544,1.775,1775,2,79388.405,745445.086,84130.984,2929541.266,0.00207973300002
302.503116989,2621.44,262144,2,82009.845,745445.086,86752.424,2929541.266,0.00204844499996
302.510266921,1048.576,262144,2,83058.421,745445.086,87801.0,2929541.266,0.007149932
302.516868249,1310.72,262144,2,84369.141,745445.086,89111.72,2929541.266,0.00660132800004
302.5234686,1310.72,262144,2,85679.861,745445.086,90422.44,2929541.266,0.00660035099997
302.530103801,1048.576,262144,2,86728.437,745445.086,91471.016,2929541.266,0.00663520099999
302.536266386,1048.576,262144,2,87777.013,745445.086,92519.592,2929541.266,0.00616258500003
302.542902426,1310.72,262144,2,89087.733,745445.086,93830.312,2929541.266,0.00663603999999
302.54951856,1310.941,262144,2,90398.674,745461.47,95141.253,2929557.65,0.00661613400001
302.556150968,495.758,262144,2,90894.432,745462.302,95637.011,2929558.482,0.00663240799997
302.593119007,0.185,185,2,90894.617,745471.294,95637.196,2929567.474,0.036968039
303.553262193,0.221,221,2,90894.838,745480.254,95637.417,2929576.434,0.960143186
304.268683267,0.19,190,2,90895.028,745489.886,95637.607,2929586.066,0.715421074
304.426877476,1.575,1575,2,90896.603,745489.886,95639.182,2929586.066,0.158194209
304.42943227,0.286,286,2,90896.889,746768.798,95639.468,2930864.978,0.00255479399999
304.446315143,0.19,190,2,90897.079,746777.918,95639.658,2930874.098,0.016882873
304.554157418,0.221,221,2,90897.3,746794.302,95639.879,2930890.482,0.107842275
305.555063958,0.221,221,2,90897.521,746802.494,95640.1,2930898.674,1.00090654
306.422384726,2.425,2425,2,90899.946,746810.686,95642.525,2930906.866,0.867320768
306.555875235,0.221,221,2,90900.167,746820.638,95642.746,2930916.818,0.133490509
307.002070592,0.19,190,2,90900.357,746822.27,95642.936,2930918.45,0.446195357
307.006044911,0.19,190,2,90900.547,746823.774,95643.126,2930919.954,0.00397431900001
307.00976333,0.19,190,2,90900.737,746825.15,95643.316,2930921.33,0.00371841899999
307.013595033,0.19,190,2,90900.927,746835.166,95643.506,2930931.346,0.003831703
307.188798458,1.575,1575,2,90902.502,746835.166,95645.081,2930931.346,0.175203425
307.190585906,0.286,286,2,90902.788,747229.214,95645.367,2931325.394,0.00178744800002
307.19664324,0.19,190,2,90902.978,747230.014,95645.557,2931326.194,0.00605733399999
307.242430767,0.286,286,2,90903.264,748852.798,95645.843,2932948.978,0.045787527
186.74383391,0.15,150,4,0.302,142860.096,95646.033,2932950.274,0
307.250377867,0.19,190,2,90903.454,748861.358,96051.715,2932958.466,120.506543957
307.556730581,0.221,221,2,90903.675,748877.742,96051.936,2932974.85,0.306352714
308.557636562,0.221,221,2,90903.896,748894.126,96052.157,2932991.234,1.000905981
309.558458175,0.221,221,2,90904.117,748902.318,96052.378,2932999.426,1.000821613
310.404696722,0.185,185,2,90904.302,748903.038,96052.563,2933000.146,0.846238547
310.406890228,1.775,1775,2,90906.077,748904.222,96054.338,2933001.33,0.00219350600003
310.408852349,2621.44,262144,2,93527.517,748904.222,98675.778,2933001.33,0.00196212099996
310.415854915,1310.72,262144,2,94838.237,748904.222,99986.498,2933001.33,0.00700256600004
310.422451145,1048.576,262144,2,95886.813,748904.222,101035.074,2933001.33,0.00659623000001
310.429086486,1048.576,262144,2,96935.389,748904.222,102083.65,2933001.33,0.00663534099999
310.435248233,1048.576,262144,2,97983.965,748904.222,103132.226,2933001.33,0.00616174699996
310.441887625,1048.576,262144,2,99032.541,748904.222,104180.802,2933001.33,0.00663939200001
310.448467722,1310.72,262144,2,100343.261,748904.222,105491.522,2933001.33,0.00658009699998
310.455088885,1048.576,262144,2,101391.837,748904.222,106540.098,2933001.33,0.00662116300003
310.461280105,569.606,262144,2,101961.443,748904.91,107109.704,2933002.018,0.00619122000001
310.498636252,0.185,185,2,101961.628,748913.758,107109.889,2933010.866,0.037356147
310.559264004,0.221,221,2,101961.849,748922.574,107110.11,2933019.682,0.060627752
311.299033286,0.19,190,2,101962.039,748931.838,107110.3,2933028.946,0.739769282
311.449158941,1.575,1575,2,101963.614,748931.838,107111.875,2933028.946,0.150125655
311.450806846,0.286,286,2,101963.9,750210.59,107112.161,2934307.698,0.00164790499997
311.459202886,0.19,190,2,101964.09,750219.55,107112.351,2934316.658,0.00839604000004
295.524895806,403.208,262144,5,403.51,192233.072,107112.572,2934326.178,0
311.560173547,0.221,221,2,101964.311,750227.742,107540.683,2934326.178,16.035277741
312.105894968,2.513,2513,2,101966.824,750236.67,107543.196,2934335.106,0.545721421
312.561200144,0.221,221,2,101967.045,750253.054,107543.417,2934351.49,0.455305176
313.56210843,0.221,221,2,101967.266,750261.246,107543.638,2934359.682,1.000908286
313.635162692,2.339,2339,2,101969.605,750269.438,107545.977,2934367.874,0.073054262
314.562913909,0.221,221,2,101969.826,750285.822,107546.198,2934384.258,0.927751217
315.563498132,0.221,221,2,101970.047,750302.91,107546.419,2934401.346,1.000584223
315.756766912,1.575,1575,2,101971.622,750302.91,107547.994,2934401.346,0.19326878
315.758287567,0.286,286,2,101971.908,750303.87,107548.28,2934729.986,0.00152065500004
315.762851485,0.19,190,2,101972.098,750304.798,107548.47,2934730.914,0.00456391799997
315.841124707,0.286,286,2,101972.384,750305.694,107548.756,2936157.218,0.078273222
315.851117458,0.19,190,2,101972.574,750314.75,107548.946,2936166.274,0.00999275099997
316.564375897,0.221,221,2,101972.795,750331.134,107549.167,2936182.658,0.713258439
317.565246888,0.221,221,2,101973.016,750347.518,107549.388,2936199.042,1.000870991
318.566162088,0.221,221,2,101973.237,750355.71,107549.609,2936207.234,1.0009152
319.103697832,0.185,185,2,101973.422,750356.542,107549.794,2936208.066,0.537535744
319.106219451,1.775,1775,2,101975.197,750357.294,107551.569,2936208.818,0.00252161899999
319.108409115,2621.44,262144,2,104596.637,750357.294,110173.009,2936208.818,0.00218966399996
319.119302819,1310.72,262144,2,105907.357,750357.294,111483.729,2936208.818,0.010893704
319.126011703,1310.72,262144,2,107218.077,750357.294,112794.449,2936208.818,0.00670888400003
319.132629514,1310.72,262144,2,108528.797,750357.294,114105.169,2936208.818,0.00661781099996
319.13927121,1310.72,262144,2,109839.517,750357.294,115415.889,2936208.818,0.00664169600003
319.145979535,1048.576,262144,2,110888.093,750357.294,116464.465,2936208.818,0.00670832499998
319.152612083,1310.72,262144,2,112198.813,750357.294,117775.185,2936208.818,0.00663254800003
319.159224306,1048.576,262144,2,113247.389,750357.294,118823.761,2936208.818,0.00661222299999
319.165841488,465.281,262144,2,113712.67,750358.094,119289.042,2936209.618,0.00661718200001
319.206162398,0.185,185,2,113712.855,750367.054,119289.227,2936218.578,0.04032091
319.566946545,0.221,221,2,113713.076,750375.982,119289.448,2936227.506,0.360784147
320.113129967,0.19,190,2,113713.266,750377.358,119289.638,2936228.882,0.546183422
320.200202282,0.19,190,2,113713.456,750379.182,119289.828,2936230.706,0.087072315
320.205744328,0.19,190,2,113713.646,750380.238,119290.018,2936231.762,0.00554204599996
320.209324602,0.19,190,2,113713.836,750389.486,119290.208,2936241.01,0.003580274
320.34790661,1.575,1575,2,113715.411,750389.486,119291.783,2936241.01,0.138582008
320.350545074,0.286,286,2,113715.697,751733.31,119292.069,2937584.834,0.00263846400003
320.367638798,0.19,190,2,113715.887,751742.158,119292.259,2937593.682,0.0170937239999
320.567729536,0.221,221,2,113716.108,751750.35,119292.48,2937601.874,0.200090738
322.105001629,2.513,2513,2,113718.621,751750.974,119294.993,2937602.498,1.537272093
322.762750914,2.339,2339,2,113720.96,751759.758,119297.332,2937611.282,0.657749285
323.821426741,1.575,1575,2,113722.535,751759.758,119298.907,2937611.282,1.058675827
323.822925465,0.286,286,2,113722.821,752170.19,119299.193,2938021.714,0.00149872400004
323.828225092,0.19,190,2,113723.011,752170.99,119299.383,2938022.514,0.005299627
323.870749284,0.286,286,2,113723.297,753433.326,119299.669,2939284.85,0.042524192
323.880721083,0.19,190,2,113723.487,753434.062,119299.859,2939285.586,0.00997179900003
326.912813502,0.185,185,2,113723.672,753434.766,119300.044,2939286.29,3.032092419
326.914653052,1.775,1775,2,113725.447,753435.838,119301.819,2939287.362,0.00183955
326.916579274,2621.44,262144,2,116346.887,753435.838,121923.259,2939287.362,0.00192622200001
326.9235516,1310.72,262144,2,117657.607,753435.838,123233.979,2939287.362,0.00697232599998
326.930146502,1310.72,262144,2,118968.327,753435.838,124544.699,2939287.362,0.00659490200002
326.936778212,1048.576,262144,2,120016.903,753435.838,125593.275,2939287.362,0.00663170999997
326.942951553,1310.72,262144,2,121327.623,753435.838,126903.995,2939287.362,0.00617334100002
326.949572017,1310.72,262144,2,122638.343,753435.838,128214.715,2939287.362,0.00662046399998
326.956178723,1310.72,262144,2,123949.063,753435.838,129525.435,2939287.362,0.00660670600001
326.962812737,1048.576,262144,2,124997.639,753435.838,130574.011,2939287.362,0.00663401399999
326.968998231,569.606,262144,2,125567.245,753436.51,131143.617,2939288.034,0.00618549400002
327.009205159,0.185,185,2,125567.43,753437.758,131143.802,2939289.282,0.040206928
328.014841072,0.19,190,2,125567.62,753446.99,131143.992,2939298.514,1.005635913
328.206734608,1.575,1575,2,125569.195,753446.99,131145.567,2939298.514,0.191893536
328.20861683,0.286,286,2,125569.481,754807.662,131145.853,2940659.186,0.00188222200001
328.219911633,0.19,190,2,125569.671,754808.43,131146.043,2940659.954,0.011294803
330.270499001,2.382,2382,2,125572.053,754808.43,131148.425,2940659.954,2.050587368
