time,size,first_call,destination,dest_out_traffic,dest_in_traffic,total_network_out,total_network_in,dens10
3.757712606,0.244,244,2,0.244,24.576,0.244,26.624,0
3.804455011,0.183,183,2,0.427,40.96,0.427,43.008,0.046742405
4.818217267,0.183,183,2,0.61,57.344,0.61,59.392,1.013762256
5.819586205,0.183,183,2,0.793,73.728,0.793,75.776,1.001368938
6.820403853,0.183,183,2,0.976,90.112,0.976,92.16,1.000817648
7.821119809,0.183,183,2,1.159,106.496,1.159,108.544,1.000715956
8.821843109,0.183,183,2,1.342,122.88,1.342,124.928,1.0007233
9.822532925,0.183,183,2,1.525,139.264,1.525,141.312,1.000689816
10.823178392,0.183,183,2,1.708,155.648,1.708,157.696,1.000645467
11.824115324,0.183,183,2,1.891,172.032,1.891,174.08,1.000936932
12.824847789,0.183,183,2,2.074,188.416,2.074,190.464,1.000732465
13.825886959,0.183,183,2,2.257,204.8,2.257,206.848,1.00103917
14.828700752,0.183,183,2,2.44,221.184,2.44,223.232,1.002813793
15.829319447,0.183,183,2,2.623,237.568,2.623,239.616,1.000618695
16.83056436,0.183,183,2,2.806,253.952,2.806,256.0,1.001244913
17.83122307,0.183,183,2,2.989,270.336,2.989,272.384,1.00065871
18.832966454,0.183,183,2,3.172,286.72,3.172,288.768,1.001743384
20.62484057,0.268,268,7,0.268,8.452,3.789,308.144,1.791874116
19.83367425,0.183,183,2,3.355,303.104,4.042,324.528,0
20.937896521,0.219,219,2,3.574,335.872,4.261,357.296,1.104222271
21.15265431,0.283,283,2,3.857,352.256,4.544,373.68,0.214757789
21.196846716,0.207,207,2,4.064,368.64,4.751,390.064,0.044192406
21.238887172,0.102,102,2,4.166,376.832,4.853,398.256,0.042040456
20.663430612,0.253,253,7,0.521,24.836,4.978,88878.404,0
21.681505612,0.291,291,7,0.812,25.123,5.269,89222.773,1.018075
21.265499027,0.125,125,2,4.291,159841.353,5.503,159879.448,0
21.940565722,0.219,219,2,4.51,326458.338,5.722,326496.433,0.675066695
21.684321897,0.234,234,7,1.046,41.507,5.847,374414.417,0
22.685462153,0.405,405,7,1.451,41.908,6.252,374757.648,1.001140256
22.449363583,0.125,125,2,4.635,429710.541,6.482,429765.421,0
22.688274123,0.23,230,7,1.681,58.292,6.701,547720.373,0.23891054
22.946270886,0.219,219,2,4.854,547665.493,7.216,547737.268,0.257996763
23.95271806,0.219,219,2,5.073,547681.877,7.435,547753.652,1.006447174
24.098123836,0.174,174,2,5.247,547698.261,7.609,547770.036,0.145405776
23.689729008,0.515,515,7,2.196,75.187,7.797,547778.228,0
24.103459257,0.188,188,2,5.435,547706.453,8.448,547787.067,0.413730249
24.112755603,0.123,123,2,5.558,547973.644,8.571,548062.45,0.009296346
24.107260448,0.651,651,7,2.847,92.218,8.741,548070.642,0
24.144631207,0.17,170,2,5.728,547990.028,9.238,548095.711,0.037370759
24.150142888,0.184,184,2,5.912,547998.22,9.422,548103.903,0.005511681
24.145584799,0.497,497,7,3.344,109.095,9.545,548179.022,0
24.157969542,0.123,123,2,6.035,548073.339,9.924,548195.781,0.012384743
24.176031514,0.379,379,7,3.723,125.854,10.143,548212.165,0.018061972
24.957807067,0.219,219,2,6.254,548089.723,10.455,548245.237,0.781775553
20.074172541,0.166,166,5,0.166,2.732,10.674,548253.429,0
26.413183685,0.176,176,5,0.342,3.756,10.85,548254.453,6.339011144
26.471667611,0.154,154,5,0.496,6.828,11.004,548257.525,0.058483926
26.621427809,0.17,170,5,0.666,7.852,11.174,548258.549,0.149760198
25.963321752,0.219,219,2,6.473,548106.107,11.346,548267.765,0
26.65601345,0.172,172,5,0.838,8.876,11.565,548275.957,0.692691698
26.984483877,0.177,177,5,1.015,9.388,11.742,548276.469,0.328470427
27.009068292,0.176,176,5,1.191,10.396,11.918,548277.477,0.024584415
27.034008567,1.53,1530,5,2.721,11.372,13.448,548278.453,0.024940275
27.089625006,1.256,1256,5,3.977,12.316,14.704,548279.397,0.055616439
26.968817131,0.219,219,2,6.692,548122.491,14.875,548288.053,0
27.976028918,0.219,219,2,6.911,548138.875,15.094,548304.437,1.007211787
28.977568606,0.219,219,2,7.13,548155.259,15.313,548320.821,1.001539688
29.978324792,0.219,219,2,7.349,548171.643,15.532,548337.205,1.000756186
30.979162554,0.219,219,2,7.568,548188.027,15.751,548353.589,1.000837762
31.980561464,0.219,219,2,7.787,548204.411,15.97,548369.973,1.00139891
32.981676021,0.219,219,2,8.006,548220.795,16.189,548386.357,1.001114557
33.98256779,0.219,219,2,8.225,548237.179,16.408,548402.741,1.000891769
34.983266147,0.219,219,2,8.444,548253.563,16.627,548419.125,1.000698357
35.984748209,0.219,219,2,8.663,548269.947,16.846,548435.509,1.001482062
36.98538784,0.219,219,2,8.882,548286.331,17.065,548451.893,1.000639631
37.985983554,0.219,219,2,9.101,548302.715,17.284,548468.277,1.000595714
27.100168853,0.171,171,5,4.148,12.78,17.503,548476.469,0
38.986652702,0.219,219,2,9.32,548319.099,17.842,548485.109,11.886483849
39.987261263,0.219,219,2,9.539,548335.483,18.061,548501.493,1.000608561
40.987859317,0.219,219,2,9.758,548351.867,18.28,548517.877,1.000598054
41.988474695,0.219,219,2,9.977,548368.251,18.499,548534.261,1.000615378
42.989149194,0.219,219,2,10.196,548384.635,18.718,548550.645,1.000674499
43.989772729,0.219,219,2,10.415,548401.019,18.937,548567.029,1.000623535
44.990380089,0.219,219,2,10.634,548417.403,19.156,548583.413,1.00060736
45.99106141,0.219,219,2,10.853,548433.787,19.375,548599.797,1.000681321
46.991780371,0.219,219,2,11.072,548441.979,19.594,548607.989,1.000718961
47.99234567,0.219,219,2,11.291,548458.363,19.813,548624.373,1.000565299
39.291616133,0.339,339,5,4.487,13.228,20.032,548632.565,0
48.992912225,0.219,219,2,11.51,548474.747,20.371,548641.205,9.701296092
49.993521145,0.219,219,2,11.729,548491.131,20.59,548657.589,1.00060892
50.994117232,0.22,220,2,11.949,548507.515,20.81,548673.973,1.000596087
51.994738398,0.22,220,2,12.169,548523.899,21.03,548690.357,1.000621166
52.995560257,0.22,220,2,12.389,548540.283,21.25,548706.741,1.000821859
53.996188434,0.22,220,2,12.609,548556.667,21.47,548723.125,1.000628177
49.283659259,0.339,339,5,4.826,22.508,21.69,548740.149,0
55.315520522,1.575,1575,5,6.401,22.508,23.265,548740.149,6.031861263
55.429378309,0.286,286,5,6.687,31.724,23.551,548749.365,0.113857787
54.996823955,0.22,220,2,12.829,548573.051,23.74,548763.701,0
55.718655415,0.189,189,5,6.876,37.868,23.96,548771.893,0.72183146
56.116324139,0.286,286,5,7.162,154.604,24.246,548888.629,0.397668724
55.997885731,0.22,220,2,13.049,548589.435,24.435,548900.917,0
57.070368077,0.237,237,8,0.237,40.96,24.892,548950.069,1.072482346
56.999076796,0.22,220,2,13.269,548605.819,25.145,555045.169,0
58.000259844,0.22,220,2,13.489,548622.203,25.365,568408.299,1.001183048
56.125340352,0.189,189,5,7.351,156.652,25.585,572380.871,0
59.001363626,0.22,220,2,13.709,548638.587,28.098,580648.7,2.876023274
60.00228809,0.22,220,2,13.929,548654.971,28.318,593549.319,1.000924464
61.003317058,0.22,220,2,14.149,548671.355,28.538,607441.033,1.001028968
62.004429648,0.22,220,2,14.369,548687.739,28.758,621663.112,1.00111259
63.005641817,0.22,220,2,14.589,548704.123,28.978,635488.753,1.001212169
64.006692306,0.22,220,2,14.809,548720.507,29.198,649380.467,1.001050489
65.007856186,0.22,220,2,15.029,548736.891,29.418,663536.473,1.00116388
66.008846799,0.22,220,2,15.249,548753.275,29.638,675512.07,1.000990613
57.173441002,0.151,151,9,0.151,135317.504,29.858,684440.117,0
59.302673983,2.513,2513,5,9.864,157.164,30.009,684694.152,2.129232981
67.745915765,2.538,2538,5,12.402,169.708,32.547,684706.696,8.443241782
57.146525901,0.102,102,8,0.339,73.728,34.122,684731.272,0
67.663911865,0.151,151,9,0.302,135571.539,34.359,684739.464,10.517385964
67.009977761,0.22,220,2,15.469,548769.659,34.51,686903.221,0
68.010929427,0.22,220,2,15.689,548786.043,34.73,700200.278,1.000951666
67.752919678,1.575,1575,5,13.977,169.708,34.95,704106.777,0
69.012198307,0.22,220,2,15.909,548802.427,37.463,713437.406,1.259278629
70.013442753,0.22,220,2,16.129,548818.811,37.683,727329.12,1.001244446
71.014506294,0.22,220,2,16.349,548835.195,37.903,741683.345,1.001063541
72.015576194,0.22,220,2,16.569,548851.579,38.123,756235.789,1.0010699
73.0166131,0.22,220,2,16.789,548867.963,38.343,770127.503,1.001036906
74.017766936,0.22,220,2,17.009,548884.347,38.563,783887.071,1.001153836
75.018884432,0.22,220,2,17.229,548900.731,38.783,798241.296,1.001117496
76.019956199,0.22,220,2,17.449,548917.115,39.003,812331.229,1.001071767
67.815468357,0.151,151,9,0.453,271128.491,39.223,820466.4,0
69.286246118,2.513,2513,5,16.49,175.852,39.374,820563.271,1.470777761
77.640155218,2.538,2538,5,19.028,187.116,41.912,820574.535,8.3539091
67.81254433,0.237,237,8,0.576,90.112,43.487,820582.727,0
77.655816457,0.147,147,8,0.723,106.496,43.634,820599.111,9.843272127
77.587726181,0.151,151,9,0.604,271225.362,43.785,820607.303,0
77.020970014,0.22,220,2,17.669,548933.499,43.936,825518.934,0
78.026762289,0.22,220,2,17.889,548949.883,44.156,839807.086,1.005792275
77.646897947,1.575,1575,5,20.603,187.116,44.376,843507.174,0
79.027776149,0.22,220,2,18.109,548958.075,46.889,853839.138,1.380878202
80.028804118,0.22,220,2,18.329,548974.459,47.109,868193.363,1.001027969
81.029811653,0.22,220,2,18.549,548990.843,47.329,882613.661,1.001007535
82.030785118,0.22,220,2,18.769,549007.227,47.549,896835.74,1.000973465
83.031870096,0.22,220,2,18.989,549023.611,47.769,911057.819,1.001084978
84.032930613,0.22,220,2,19.209,549039.995,47.989,925345.971,1.001060517
85.033898046,0.22,220,2,19.429,549056.379,48.209,939634.123,1.000967433
86.034932404,0.22,220,2,19.649,549072.763,48.429,954384.786,1.001034358
77.659450648,0.151,151,9,0.755,406689.049,48.649,956243.022,0
79.285754573,2.513,2513,5,23.116,203.5,48.8,956309.095,1.626303925
87.216307014,2.538,2538,5,25.654,219.884,51.338,956325.479,7.930552441
77.657803428,0.151,151,8,0.874,122.88,52.913,956333.671,0
87.23176903,0.147,147,8,1.021,139.264,53.06,956350.055,9.573965602
87.16996738,0.151,151,9,0.906,406755.122,53.211,956358.247,0
87.035888182,0.22,220,2,19.869,549089.147,53.362,967611.076,0
88.037153778,0.22,220,2,20.089,549105.531,53.582,981172.425,1.001265596
87.224797392,1.575,1575,5,27.229,219.884,53.802,984682.486,0
89.038256624,0.22,220,2,20.309,549121.915,56.315,995419.08,1.813459232
90.039629528,0.22,220,2,20.529,549138.299,56.535,1009046.502,1.001372904
91.040593763,0.22,220,2,20.749,549154.683,56.755,1023466.8,1.000964235
92.041553678,0.22,220,2,20.969,549171.067,56.975,1034649.521,1.000959915
93.042467804,0.22,220,2,21.189,549187.451,57.195,1047550.14,1.000914126
94.043352842,0.22,220,2,21.409,549203.835,57.415,1062036.511,1.000885038
95.044393956,0.22,220,2,21.629,549220.219,57.635,1076588.955,1.001041114
96.045347695,0.22,220,2,21.849,549236.603,57.855,1090943.18,1.000953739
87.235483617,0.151,151,9,1.057,542415.218,58.075,1092206.759,0
89.285365244,2.513,2513,5,29.742,244.46,58.226,1092460.794,2.049881627
97.25538225,2.538,2538,5,32.28,264.94,60.764,1092481.274,7.970017006
97.312782322,1.575,1575,5,33.855,264.94,62.339,1092481.274,0.057400072
97.326828377,0.286,286,5,34.141,543.468,62.625,1092759.802,0.014046055
97.334682309,0.189,189,5,34.33,609.004,62.814,1092825.338,0.007853932
97.361305921,0.249,249,5,34.579,641.772,63.063,1092858.106,0.026623612
97.046305717,0.22,220,2,22.069,599053.179,63.291,1283685.626,0
98.047388329,0.22,220,2,22.289,599069.563,63.511,1283702.01,1.001082612
97.376438649,0.114,114,5,34.693,658.156,63.731,1283710.202,0
99.048502515,0.22,220,2,22.509,599085.947,66.244,1283722.49,1.672063866
99.286684821,2.513,2513,5,37.206,662.252,66.464,1283730.682,0.238182306
100.175118054,0.178,178,5,37.384,668.396,66.642,1283736.826,0.888433233
100.19936036,2.593,2593,5,39.977,679.66,69.235,1283748.09,0.024242306
100.267058137,1.575,1575,5,41.552,679.66,70.81,1283748.09,0.067697777
100.269714361,0.286,286,5,41.838,745.196,71.096,1283813.626,0.00265622399999
97.410501035,0.114,114,4,0.114,55289.344,71.285,1283832.058,0
100.275626884,0.189,189,5,42.027,761.58,73.643,1283832.058,2.865125849
100.353009148,2.33,2330,5,44.357,777.964,75.973,1283848.442,0.077382264
100.368573652,1.575,1575,5,45.932,777.964,77.548,1283848.442,0.015564504
100.320463964,2.358,2358,4,2.472,55289.344,77.797,1283979.514,0
100.049586306,0.22,220,2,22.729,658326.395,77.911,1517314.266,0
101.050783478,0.22,220,2,22.949,658336.635,78.131,1517324.506,1.001197172
101.987538262,2.358,2358,2,25.307,658346.347,85.205,1517341.29,0.936754784
100.372177424,0.249,249,5,46.181,909.036,85.425,1517351.978,0
102.670899025,0.178,178,5,46.359,974.572,85.603,1517417.514,2.298721601
102.733399886,2.545,2545,5,48.904,1007.34,88.148,1517450.282,0.062500861
102.738997562,1.575,1575,5,50.479,1007.34,89.723,1517450.282,0.00559767599999
100.375452019,0.114,114,4,2.586,113331.68,89.972,1517474.858,0
102.051829895,0.22,220,2,25.527,711217.515,90.086,1732969.514,1.676377876
103.054153785,0.22,220,2,25.747,726352.235,90.306,1793010.106,1.00232389
104.056089767,0.22,220,2,25.967,726368.619,90.526,1793026.49,1.001935982
102.744241975,0.249,249,5,50.728,1031.916,90.746,1793034.682,0
105.173980821,0.178,178,5,50.906,1044.204,90.924,1793046.97,2.429738846
105.221082556,2.588,2588,5,53.494,1058.54,93.512,1793061.306,0.047101735
105.820929099,1.575,1575,5,55.069,1058.54,95.087,1793061.306,0.599846543
105.824521813,0.286,286,5,55.355,1144.556,95.373,1793147.322,0.00359271400001
105.82975095,0.189,189,5,55.544,1177.324,95.562,1793180.09,0.005229137
105.898907573,2.332,2332,5,57.876,1201.9,97.894,1793204.666,0.069156623
105.903874496,1.575,1575,5,59.451,1201.9,99.469,1793204.666,0.004966923
105.95358684,2.332,2332,5,61.783,1332.972,101.801,1793335.738,0.049712344
105.95975553,1.575,1575,5,63.358,1332.972,103.376,1793335.738,0.00616869
105.057239731,0.22,220,2,26.187,726385.003,105.708,1793343.93,0
106.007507799,2.332,2332,5,65.69,1398.508,105.928,1793417.658,0.950268068
106.595330175,0.189,189,5,65.879,1447.66,106.117,1793466.81,0.587822376
106.606429571,0.189,189,5,66.068,1459.948,106.306,1793479.098,0.011099396
106.05830934,0.22,220,2,26.407,726401.387,106.495,1793489.338,0
106.613377527,0.189,189,5,66.257,1478.892,106.715,1793514.426,0.555068187
107.86093026,1.575,1575,5,67.832,1478.892,108.29,1793514.426,1.247552733
107.864570176,0.286,286,5,68.118,2343.148,108.576,1794378.682,0.003639916
107.059047154,0.22,220,2,26.627,726417.771,108.765,1794393.018,0
107.878901931,0.189,189,5,68.307,2349.292,108.985,1794401.21,0.819854777
108.384761912,0.286,286,5,68.593,2909.42,109.271,1794961.338,0.505859981
102.748730321,0.114,114,4,2.7,177612.544,109.46,1794963.786,0
101.988896298,2.358,2358,3,2.358,178604.912,235.809,1794964.73,0
108.391072922,0.189,189,5,68.782,2910.956,362.158,1794964.73,6.402176624
108.733130498,2.62,2620,5,71.402,2923.5,364.778,1794977.274,0.342057576
108.737476257,1.575,1575,5,72.977,2923.5,366.353,1794977.274,0.004345759
108.96258524,2.62,2620,5,75.597,2937.836,368.973,1794991.61,0.225108983
108.059638532,0.22,220,2,26.847,726434.155,370.548,1794999.802,0
108.966570408,1.575,1575,5,77.172,2937.836,370.768,1795007.994,0.906931876
109.196253127,2.62,2620,5,79.792,2937.836,373.388,1795007.994,0.229682719
109.283307057,0.339,339,5,80.131,3019.756,373.727,1795089.914,0.08705393
109.060603696,0.22,220,2,27.067,726452.459,373.916,1795116.41,0
109.392176079,0.189,189,5,80.32,3044.332,374.136,1795132.794,0.331572383
110.061393414,0.22,220,2,27.287,726468.843,374.325,1795145.082,0.669217335
111.014486575,0.189,189,5,80.509,3050.476,374.545,1795147.13,0.953093161
111.095123173,0.189,189,5,80.698,3064.028,374.734,1795160.682,0.080636598
111.49862263,1.575,1575,5,82.273,3064.028,376.309,1795160.682,0.403499457
111.500468649,0.286,286,5,82.559,4757.724,376.595,1796854.378,0.001846019
111.528941275,0.189,189,5,82.748,4760.796,376.784,1796857.45,0.028472626
111.863350835,2.339,2339,5,85.087,4778.204,379.123,1796874.858,0.33440956
111.062017619,0.22,220,2,27.507,726477.035,380.698,1796883.05,0
111.867931621,1.575,1575,5,86.662,4778.204,380.918,1796891.242,0.805914002
112.144301293,2.339,2339,5,89.001,4798.684,383.257,1796911.722,0.276369672
112.14844028,1.575,1575,5,90.576,4798.684,384.832,1796911.722,0.004138987
112.418069929,2.339,2339,5,92.915,4929.756,387.171,1797042.794,0.269629649
112.062633251,0.22,220,2,27.727,726493.419,387.36,1797116.522,0
112.842407049,0.189,189,5,93.104,5028.06,387.58,1797157.482,0.779773798
113.631905895,1.575,1575,5,94.679,5028.06,389.155,1797157.482,0.789498846
113.633482289,0.286,286,5,94.965,6117.596,389.441,1798247.018,0.001576394
108.576192499,126.349,126349,3,128.707,178606.272,389.631,1798260.666,0
113.640412594,0.19,190,5,95.155,6129.884,743.733,1798260.666,5.064220095
113.751893516,0.286,286,5,95.441,8444.124,744.019,1800574.906,0.111480922
101.988557158,2.358,2358,6,2.358,166437.12,744.208,1800580.378,0
113.771376596,524.288,262144,6,526.646,166437.12,1268.496,1800580.378,11.782819438
113.063223785,0.22,220,2,27.947,726502.971,3597.8,1800581.738,0
113.783205547,1048.576,262144,2,1076.523,726502.971,4646.376,1800581.738,0.719981762
113.767233286,0.189,189,5,95.63,8448.22,6042.012,1800581.738,0
113.99058303,2.62,2620,5,98.25,8458.46,6044.632,1800591.978,0.223349744
113.785453374,1395.636,262144,2,2472.159,726511.163,6046.207,1800600.17,0
113.994566278,1.575,1575,5,99.825,8458.46,6046.427,1800608.362,0.209112904
114.20197656,2.62,2620,5,102.445,8474.844,6049.047,1800624.746,0.207410282
114.20683878,1.575,1575,5,104.02,8474.844,6050.622,1800624.746,0.00486221999999
114.063963757,0.22,220,2,2472.379,726528.827,6053.285,1800634.218,0
114.54410451,2.663,2663,5,106.683,8507.612,6053.505,1800675.178,0.480140753
115.065080447,0.22,220,2,2472.599,726545.211,6053.694,1800699.754,0.520975937
115.989561439,0.189,189,5,106.872,8540.348,6053.914,1800724.298,0.924480992
116.803718338,0.19,190,5,107.062,8551.388,6054.104,1800735.338,0.814156899
116.840805214,1.575,1575,5,108.637,8551.388,6055.679,1800735.338,0.037086876
116.842797761,0.286,286,5,108.923,12041.18,6055.965,1804225.13,0.001992547
116.066192414,0.22,220,2,2472.819,726561.595,6056.155,1804241.514,0
116.888908602,0.19,190,5,109.113,12049.372,6056.375,1804249.706,0.822716188
117.210451377,2.339,2339,5,111.452,12061.66,6058.714,1804261.994,0.321542775
117.215905285,1.575,1575,5,113.027,12061.66,6060.289,1804261.994,0.00545390800001
117.554447795,2.339,2339,5,115.366,12127.196,6062.628,1804327.53,0.33854251
117.557740282,1.575,1575,5,116.941,12127.196,6064.203,1804327.53,0.003292487
117.066786503,0.22,220,2,2473.039,726577.979,6066.542,1804335.722,0
117.844315699,2.339,2339,5,119.28,12176.348,6066.762,1804393.066,0.777529196
118.748682949,1.575,1575,5,120.855,12176.348,6068.337,1804393.066,0.90436725
118.750249281,0.286,286,5,121.141,13274.076,6068.623,1805490.794,0.001566332
118.756815698,0.19,190,5,121.331,13290.46,6068.813,1805507.178,0.006566417
118.86971618,0.286,286,5,121.617,16985.052,6069.099,1809201.77,0.112900482
118.067325202,0.22,220,2,2473.259,726594.363,6069.289,1809214.058,0
118.90109181,0.19,190,5,121.807,16989.148,6069.509,1809222.25,0.833766608
119.135558885,2.62,2620,5,124.427,16999.388,6072.129,1809232.49,0.234467075
119.13938486,1.575,1575,5,126.002,16999.388,6073.704,1809232.49,0.00382597500001
119.284022961,2.513,2513,5,128.515,17032.156,6076.217,1809265.258,0.144638101
119.360797891,2.62,2620,5,131.135,17056.732,6078.837,1809289.834,0.07677493
119.364638085,1.575,1575,5,132.71,17056.732,6080.412,1809289.834,0.00384019399999
119.574375336,2.62,2620,5,135.33,17187.804,6083.032,1809420.906,0.209737251
119.904370815,1.575,1575,5,136.905,17187.804,6084.607,1809420.906,0.329995479
119.906684174,0.286,286,5,137.191,18449.372,6084.893,1810682.474,0.00231335900001
119.068064738,0.22,220,2,2473.479,726610.747,6085.083,1810723.434,0
119.917342084,0.19,190,5,137.381,18482.14,6085.303,1810731.626,0.849277346
120.07208563,0.114,114,5,137.495,18498.524,6085.417,1811567.21,0.154743546
120.544176954,0.184,184,5,137.679,18506.716,6085.601,1811575.402,0.472091324
120.552858232,1.775,1775,5,139.454,18509.276,6087.376,1811577.962,0.00868127800001
120.564106564,1572.864,262144,5,1712.318,18509.276,7660.24,1811577.962,0.011248332
120.567345957,1572.864,262144,5,3285.182,18509.276,9233.104,1811577.962,0.003239393
120.570870029,524.288,262144,5,3809.47,18509.276,9757.392,1811577.962,0.003524072
120.572629739,524.288,262144,5,4333.758,18509.276,10281.68,1811577.962,0.00175971
120.574536093,524.288,262144,5,4858.046,18509.276,10805.968,1811577.962,0.001906354
120.576172237,524.288,262144,5,5382.334,18509.276,11330.256,1811577.962,0.00163614399999
120.577485288,524.288,262144,5,5906.622,18509.276,11854.544,1811577.962,0.00131305100001
120.578819699,524.288,262144,5,6430.91,18509.276,12378.832,1811577.962,0.00133441099999
120.579994054,524.288,262144,5,6955.198,18509.276,12903.12,1811577.962,0.001174355
120.581160306,524.288,262144,5,7479.486,18509.276,13427.408,1811577.962,0.001166252
120.582336653,524.288,262144,5,8003.774,18509.276,13951.696,1811577.962,0.001176347
120.583515571,524.288,262144,5,8528.062,18509.276,14475.984,1811577.962,0.00117891800001
120.584687483,524.288,262144,5,9052.35,18509.276,15000.272,1811577.962,0.00117191199999
120.585875475,524.288,262144,5,9576.638,18509.276,15524.56,1811577.962,0.001187992
120.587339752,524.288,262144,5,10100.926,18509.276,16048.848,1811577.962,0.00146427700001
120.588667742,524.288,262144,5,10625.214,18509.276,16573.136,1811577.962,0.00132798999999
120.590131792,524.288,262144,5,11149.502,18509.276,17097.424,1811577.962,0.00146405
120.591454204,524.288,262144,5,11673.79,18509.276,17621.712,1811577.962,0.00132241200001
120.592633567,524.288,262144,5,12198.078,18509.276,18146.0,1811577.962,0.00117936299999
120.593803933,524.288,262144,5,12722.366,18509.276,18670.288,1811577.962,0.00117036600001
120.59498661,524.288,262144,5,13246.654,18509.276,19194.576,1811577.962,0.001182677
120.596457944,524.288,262144,5,13770.942,18509.276,19718.864,1811577.962,0.00147133399999
120.597930663,524.288,262144,5,14295.23,18509.276,20243.152,1811577.962,0.00147271900001
120.599246288,524.288,262144,5,14819.518,18509.276,20767.44,1811577.962,0.001315625
120.600725117,524.288,262144,5,15343.806,18509.276,21291.728,1811577.962,0.00147882899999
120.602198958,524.288,262144,5,15868.094,18509.276,21816.016,1811577.962,0.00147384100001
120.603663537,1048.576,262144,5,16916.67,18509.276,22864.592,1811577.962,0.001464579
120.606162642,524.288,262144,5,17440.958,18509.276,23388.88,1811577.962,0.002499105
120.607488768,524.288,262144,5,17965.246,18509.276,23913.168,1811577.962,0.001326126
120.608954609,524.288,262144,5,18489.534,18509.276,24437.456,1811577.962,0.001465841
120.610434681,524.288,262144,5,19013.822,18509.276,24961.744,1811577.962,0.00148007200001
120.611896793,524.288,262144,5,19538.11,18509.276,25486.032,1811577.962,0.001462112
120.613370348,524.288,262144,5,20062.398,18509.276,26010.32,1811577.962,0.001473555
120.614701599,524.288,262144,5,20586.686,18509.276,26534.608,1811577.962,0.001331251
120.616311964,524.288,262144,5,21110.974,18509.276,27058.896,1811577.962,0.001610365
120.617939084,524.288,262144,5,21635.262,18509.276,27583.184,1811577.962,0.00162711999999
120.619399555,524.288,262144,5,22159.55,18509.276,28107.472,1811577.962,0.001460471
120.620872325,524.288,262144,5,22683.838,18509.276,28631.76,1811577.962,0.00147276999999
120.622342186,524.288,262144,5,23208.126,18509.276,29156.048,1811577.962,0.001469861
120.623834739,524.288,262144,5,23732.414,18509.276,29680.336,1811577.962,0.00149255300001
120.625284601,524.288,262144,5,24256.702,18509.276,30204.624,1811577.962,0.001449862
120.626763263,524.288,262144,5,24780.99,18509.276,30728.912,1811577.962,0.001478662
120.628223681,524.288,262144,5,25305.278,18509.276,31253.2,1811577.962,0.00146041799999
120.629699931,524.288,262144,5,25829.566,18509.276,31777.488,1811577.962,0.00147625000001
120.631165198,524.288,262144,5,26353.854,18509.276,32301.776,1811577.962,0.001465267
120.632636131,524.288,262144,5,26878.142,18509.276,32826.064,1811577.962,0.00147093299999
120.634105213,524.288,262144,5,27402.43,18509.276,33350.352,1811577.962,0.001469082
120.635575621,524.288,262144,5,27926.718,18509.276,33874.64,1811577.962,0.001470408
120.637046877,524.288,262144,5,28451.006,18509.276,34398.928,1811577.962,0.001471256
120.638522199,524.288,262144,5,28975.294,18509.276,34923.216,1811577.962,0.00147532199999
120.63999891,524.288,262144,5,29499.582,18509.276,35447.504,1811577.962,0.00147671100001
120.641457965,524.288,262144,5,30023.87,18509.276,35971.792,1811577.962,0.001459055
120.643368882,524.288,262144,5,30548.158,18509.276,36496.08,1811577.962,0.001910917
120.644989722,524.288,262144,5,31072.446,18509.276,37020.368,1811577.962,0.00162084
120.646458337,524.288,262144,5,31596.734,18509.276,37544.656,1811577.962,0.00146861499999
120.647936085,524.288,262144,5,32121.022,18509.276,38068.944,1811577.962,0.001477748
120.649538985,524.288,262144,5,32645.31,18509.276,38593.232,1811577.962,0.00160290000001
120.651019748,524.288,262144,5,33169.598,18509.276,39117.52,1811577.962,0.00148076299999
120.652201953,524.288,262144,5,33693.886,18509.276,39641.808,1811577.962,0.00118220500001
120.653665013,524.288,262144,5,34218.174,18509.276,40166.096,1811577.962,0.00146305999999
120.654990451,524.288,262144,5,34742.462,18509.276,40690.384,1811577.962,0.00132543800001
120.656457869,524.288,262144,5,35266.75,18509.276,41214.672,1811577.962,0.00146741799999
120.658077712,524.288,262144,5,35791.038,18509.276,41738.96,1811577.962,0.001619843
120.659696649,524.288,262144,5,36315.326,18509.276,42263.248,1811577.962,0.001618937
120.661172764,524.288,262144,5,36839.614,18509.276,42787.536,1811577.962,0.001476115
120.662491138,524.288,262144,5,37363.902,18509.276,43311.824,1811577.962,0.00131837399999
120.664110441,524.288,262144,5,37888.19,18509.276,43836.112,1811577.962,0.00161930300001
120.665575533,524.288,262144,5,38412.478,18509.276,44360.4,1811577.962,0.00146509199999
120.667056322,524.288,262144,5,38936.766,18509.276,44884.688,1811577.962,0.001480789
120.66852104,524.288,262144,5,39461.054,18509.276,45408.976,1811577.962,0.00146471800001
120.670142178,524.288,262144,5,39985.342,18509.276,45933.264,1811577.962,0.001621138
120.671749534,524.288,262144,5,40509.63,18509.276,46457.552,1811577.962,0.00160735599999
120.673368802,524.288,262144,5,41033.918,18509.276,46981.84,1811577.962,0.001619268
120.675573139,524.288,262144,5,41558.206,18509.276,47506.128,1811577.962,0.00220433699999
120.677644268,786.432,262144,5,42344.638,18509.276,48292.56,1811577.962,0.002071129
120.680146037,524.288,262144,5,42868.926,18509.276,48816.848,1811577.962,0.00250176900001
120.681312661,524.288,262144,5,43393.214,18509.276,49341.136,1811577.962,0.00116662400001
120.682643512,524.288,262144,5,43917.502,18509.276,49865.424,1811577.962,0.00133085099999
120.683826109,524.288,262144,5,44441.79,18509.276,50389.712,1811577.962,0.001182597
120.685288383,524.288,262144,5,44966.078,18509.276,50914.0,1811577.962,0.001462274
120.687488625,524.288,262144,5,45490.366,18509.276,51438.288,1811577.962,0.002200242
120.688664869,524.288,262144,5,46014.654,18509.276,51962.576,1811577.962,0.00117624399999
120.68999429,524.288,262144,5,46538.942,18509.276,52486.864,1811577.962,0.00132942100001
120.692351442,524.288,262144,5,47063.23,18509.276,53011.152,1811577.962,0.002357152
120.693518195,524.288,262144,5,47587.518,18509.276,53535.44,1811577.962,0.00116675299999
120.694698406,524.288,262144,5,48111.806,18509.276,54059.728,1811577.962,0.001180211
120.695878502,524.288,262144,5,48636.094,18509.276,54584.016,1811577.962,0.001180096
120.697345424,524.288,262144,5,49160.382,18509.276,55108.304,1811577.962,0.00146692200001
120.698523853,524.288,262144,5,49684.67,18509.276,55632.592,1811577.962,0.00117842899999
120.699842115,524.288,262144,5,50208.958,18509.276,56156.88,1811577.962,0.001318262
120.702205656,524.288,262144,5,50733.246,18509.276,56681.168,1811577.962,0.00236354100001
120.703369462,524.288,262144,5,51257.534,18509.276,57205.456,1811577.962,0.00116380599999
120.704550531,524.288,262144,5,51781.822,18509.276,57729.744,1811577.962,0.001181069
120.70572451,524.288,262144,5,52306.11,18509.276,58254.032,1811577.962,0.001173979
120.706887901,524.288,262144,5,52830.398,18509.276,58778.32,1811577.962,0.00116339100001
120.708220294,524.288,262144,5,53354.686,18509.276,59302.608,1811577.962,0.001332393
120.709685185,524.288,262144,5,53878.974,18509.276,59826.896,1811577.962,0.001464891
120.711164516,524.288,262144,5,54403.262,18509.276,60351.184,1811577.962,0.001479331
120.712628423,524.288,262144,5,54927.55,18509.276,60875.472,1811577.962,0.001463907
120.714099783,524.288,262144,5,55451.838,18509.276,61399.76,1811577.962,0.00147136
120.715569345,524.288,262144,5,55976.126,18509.276,61924.048,1811577.962,0.00146956200001
120.717046825,524.288,262144,5,56500.414,18509.276,62448.336,1811577.962,0.00147747999999
120.718370668,524.288,262144,5,57024.702,18509.276,62972.624,1811577.962,0.00132384300001
120.719687534,524.288,262144,5,57548.99,18509.276,63496.912,1811577.962,0.001316866
120.72116305,524.288,262144,5,58073.278,18509.276,64021.2,1811577.962,0.001475516
120.72262446,524.288,262144,5,58597.566,18509.276,64545.488,1811577.962,0.00146141
120.724103605,524.288,262144,5,59121.854,18509.276,65069.776,1811577.962,0.00147914499999
120.725571253,524.288,262144,5,59646.142,18509.276,65594.064,1811577.962,0.001467648
120.727038671,524.288,262144,5,60170.43,18509.276,66118.352,1811577.962,0.001467418
120.728503077,524.288,262144,5,60694.718,18509.276,66642.64,1811577.962,0.001464406
120.729842396,524.288,262144,5,61219.006,18509.276,67166.928,1811577.962,0.001339319
120.731153846,524.288,262144,5,61743.294,18509.276,67691.216,1811577.962,0.00131145
120.732485836,524.288,262144,5,62267.582,18509.276,68215.504,1811577.962,0.00133199
120.733663886,524.288,262144,5,62791.87,18509.276,68739.792,1811577.962,0.00117805000001
120.734847971,524.288,262144,5,63316.158,18509.276,69264.08,1811577.962,0.00118408499999
120.736179452,524.288,262144,5,63840.446,18509.276,69788.368,1811577.962,0.00133148100001
120.737628357,524.288,262144,5,64364.734,18509.276,70312.656,1811577.962,0.001448905
120.73910508,524.288,262144,5,64889.022,18509.276,70836.944,1811577.962,0.001476723
120.740568909,524.288,262144,5,65413.31,18509.276,71361.232,1811577.962,0.001463829
120.74203915,524.288,262144,5,65937.598,18509.276,71885.52,1811577.962,0.00147024099999
120.743517843,524.288,262144,5,66461.886,18509.276,72409.808,1811577.962,0.00147869300001
120.745130237,524.288,262144,5,66986.174,18509.276,72934.096,1811577.962,0.00161239399999
120.746738264,524.288,262144,5,67510.462,18509.276,73458.384,1811577.962,0.001608027
120.748220549,524.288,262144,5,68034.75,18509.276,73982.672,1811577.962,0.00148228499999
120.749698128,524.288,262144,5,68559.038,18509.276,74506.96,1811577.962,0.00147757900001
120.751309214,524.288,262144,5,69083.326,18509.276,75031.248,1811577.962,0.001611086
120.752484123,524.288,262144,5,69607.614,18509.276,75555.536,1811577.962,0.001174909
120.753800214,524.288,262144,5,70131.902,18509.276,76079.824,1811577.962,0.00131609099999
120.755133016,524.288,262144,5,70656.19,18509.276,76604.112,1811577.962,0.00133280200001
120.756297747,524.288,262144,5,71180.478,18509.276,77128.4,1811577.962,0.001164731
120.75748736,524.288,262144,5,71704.766,18509.276,77652.688,1811577.962,0.00118961299999
120.758962285,524.288,262144,5,72229.054,18509.276,78176.976,1811577.962,0.001474925
120.760277162,1048.576,262144,5,73277.63,18509.276,79225.552,1811577.962,0.001314877
120.762627774,1048.576,262144,5,74326.206,18509.276,80274.128,1811577.962,0.002350612
120.764986339,524.288,262144,5,74850.494,18509.276,80798.416,1811577.962,0.00235856500001
120.766306792,524.288,262144,5,75374.782,18509.276,81322.704,1811577.962,0.00132045299999
120.76763666,524.288,262144,5,75899.07,18509.276,81846.992,1811577.962,0.001329868
120.769094507,524.288,262144,5,76423.358,18509.276,82371.28,1811577.962,0.00145784700001
120.770427387,1048.576,262144,5,77471.934,18509.276,83419.856,1811577.962,0.00133287999999
120.772626211,524.288,262144,5,77996.222,18509.276,83944.144,1811577.962,0.002198824
120.773815267,524.288,262144,5,78520.51,18509.276,84468.432,1811577.962,0.001189056
120.775278303,524.288,262144,5,79044.798,18509.276,84992.72,1811577.962,0.00146303599999
120.776457361,524.288,262144,5,79569.086,18509.276,85517.008,1811577.962,0.00117905800001
120.777928333,524.288,262144,5,80093.374,18509.276,86041.296,1811577.962,0.00147097200001
120.779101677,524.288,262144,5,80617.662,18509.276,86565.584,1811577.962,0.00117334399999
120.780575837,524.288,262144,5,81141.95,18509.276,87089.872,1811577.962,0.00147416
120.782189412,524.288,262144,5,81666.238,18509.276,87614.16,1811577.962,0.00161357499999
120.783813448,524.288,262144,5,82190.526,18509.276,88138.448,1811577.962,0.00162403600001
120.785425214,524.288,262144,5,82714.814,18509.276,88662.736,1811577.962,0.001611766
120.787048444,524.288,262144,5,83239.102,18509.276,89187.024,1811577.962,0.00162323000001
120.788662503,524.288,262144,5,83763.39,18509.276,89711.312,1811577.962,0.00161405899999
120.790277997,524.288,262144,5,84287.678,18509.276,90235.6,1811577.962,0.00161549400001
120.791751572,524.288,262144,5,84811.966,18509.276,90759.888,1811577.962,0.00147357499999
120.793517642,524.288,262144,5,85336.254,18509.276,91284.176,1811577.962,0.00176607
120.795278281,524.288,262144,5,85860.542,18509.276,91808.464,1811577.962,0.001760639
120.796890047,524.288,262144,5,86384.83,18509.276,92332.752,1811577.962,0.00161176600001
120.79836491,524.288,262144,5,86909.118,18509.276,92857.04,1811577.962,0.001474863
120.799846643,524.288,262144,5,87433.406,18509.276,93381.328,1811577.962,0.00148173299999
120.801451378,524.288,262144,5,87957.694,18509.276,93905.616,1811577.962,0.001604735
120.80308417,524.288,262144,5,88481.982,18509.276,94429.904,1811577.962,0.00163279200001
120.804692664,524.288,262144,5,89006.27,18509.276,94954.192,1811577.962,0.001608494
120.806453869,524.288,262144,5,89530.558,18509.276,95478.48,1811577.962,0.00176120499999
120.808225099,524.288,262144,5,90054.846,18509.276,96002.768,1811577.962,0.00177123
120.809984477,524.288,262144,5,90579.134,18509.276,96527.056,1811577.962,0.001759378
120.811755924,524.288,262144,5,91103.422,18509.276,97051.344,1811577.962,0.001771447
120.813951367,524.288,262144,5,91627.71,18509.276,97575.632,1811577.962,0.00219544300001
120.81513673,524.288,262144,5,92151.998,18509.276,98099.92,1811577.962,0.001185363
120.816451859,524.288,262144,5,92676.286,18509.276,98624.208,1811577.962,0.00131512899999
120.817932013,524.288,262144,5,93200.574,18509.276,99148.496,1811577.962,0.00148015400001
120.819103227,524.288,262144,5,93724.862,18509.276,99672.784,1811577.962,0.001171214
120.820578354,524.288,262144,5,94249.15,18509.276,100197.072,1811577.962,0.00147512700001
120.822039774,524.288,262144,5,94773.438,18509.276,100721.36,1811577.962,0.00146142
120.823222116,524.288,262144,5,95297.726,18509.276,101245.648,1811577.962,0.00118234199999
120.824699511,524.288,262144,5,95822.014,18509.276,101769.936,1811577.962,0.00147739500001
120.825868288,524.288,262144,5,96346.302,18509.276,102294.224,1811577.962,0.00116877699999
120.827492754,524.288,262144,5,96870.59,18509.276,102818.512,1811577.962,0.00162446600001
120.828804171,524.288,262144,5,97394.878,18509.276,103342.8,1811577.962,0.001311417
120.830282951,524.288,262144,5,97919.166,18509.276,103867.088,1811577.962,0.00147878
120.831601841,524.288,262144,5,98443.454,18509.276,104391.376,1811577.962,0.00131888999999
120.832931788,524.288,262144,5,98967.742,18509.276,104915.664,1811577.962,0.001329947
120.834106665,524.288,262144,5,99492.03,18509.276,105439.952,1811577.962,0.001174877
120.835426755,524.288,262144,5,100016.318,18509.276,105964.24,1811577.962,0.00132009000001
120.83690751,524.288,262144,5,100540.606,18509.276,106488.528,1811577.962,0.001480755
120.838509191,524.288,262144,5,101064.894,18509.276,107012.816,1811577.962,0.001601681
120.840720296,524.288,262144,5,101589.182,18509.276,107537.104,1811577.962,0.002211105
120.843374776,524.288,262144,5,102113.47,18509.276,108061.392,1811577.962,0.00265448
120.846026603,524.288,262144,5,102637.758,18509.276,108585.68,1811577.962,0.00265182699999
120.848666936,524.288,262144,5,103162.046,18509.276,109109.968,1811577.962,0.002640333
120.850425447,524.288,262144,5,103686.334,18509.276,109634.256,1811577.962,0.00175851100001
120.85248963,524.288,262144,5,104210.622,18509.276,110158.544,1811577.962,0.00206418299999
120.854395999,524.288,262144,5,104734.91,18509.276,110682.832,1811577.962,0.00190636900001
120.85631931,524.288,262144,5,105259.198,18509.276,111207.12,1811577.962,0.001923311
120.858374503,524.288,262144,5,105783.486,18509.276,111731.408,1811577.962,0.00205519299999
120.8604285,524.288,262144,5,106307.774,18509.276,112255.696,1811577.962,0.002053997
120.862637829,524.288,262144,5,106832.062,18509.276,112779.984,1811577.962,0.002209329
120.86454791,524.288,262144,5,107356.35,18509.276,113304.272,1811577.962,0.00191008100001
120.866604661,524.288,262144,5,107880.638,18509.276,113828.56,1811577.962,0.002056751
120.868518382,524.288,262144,5,108404.926,18509.276,114352.848,1811577.962,0.00191372100001
120.870576297,524.288,262144,5,108929.214,18509.276,114877.136,1811577.962,0.00205791499999
120.872781132,524.288,262144,5,109453.502,18509.276,115401.424,1811577.962,0.002204835
120.87469591,524.288,262144,5,109977.79,18509.276,115925.712,1811577.962,0.001914778
120.876462655,524.288,262144,5,110502.078,18509.276,116450.0,1811577.962,0.001766745
120.878663643,524.288,262144,5,111026.366,18509.276,116974.288,1811577.962,0.002200988
120.880584217,524.288,262144,5,111550.654,18509.276,117498.576,1811577.962,0.00192057400001
120.882040137,524.288,262144,5,112074.942,18509.276,118022.864,1811577.962,0.00145592
120.883367541,524.288,262144,5,112599.23,18509.276,118547.152,1811577.962,0.00132740399999
120.884698948,524.288,262144,5,113123.518,18509.276,119071.44,1811577.962,0.001331407
120.885873311,524.288,262144,5,113647.806,18509.276,119595.728,1811577.962,0.001174363
120.887052005,524.288,262144,5,114172.094,18509.276,120120.016,1811577.962,0.001178694
120.888222575,524.288,262144,5,114696.382,18509.276,120644.304,1811577.962,0.00117057
120.889697071,524.288,262144,5,115220.67,18509.276,121168.592,1811577.962,0.001474496
120.890882088,524.288,262144,5,115744.958,18509.276,121692.88,1811577.962,0.001185017
120.892054914,524.288,262144,5,116269.246,18509.276,122217.168,1811577.962,0.001172826
120.89339733,524.288,262144,5,116793.534,18509.276,122741.456,1811577.962,0.001342416
120.894534661,524.288,262144,5,117317.822,18509.276,123265.744,1811577.962,0.001137331
120.895719193,524.288,262144,5,117842.11,18509.276,123790.032,1811577.962,0.00118453200001
120.89690879,524.288,262144,5,118366.398,18509.276,124314.32,1811577.962,0.00118959699999
120.068758144,0.22,220,2,2473.699,727446.331,188022.384,1811586.154,0
120.898358082,63708.064,262144,5,182074.462,18513.372,188022.604,1811598.442,0.829599938
121.074426336,0.184,184,5,182074.646,18516.444,188022.788,1811601.514,0.176068254
121.083488952,0.19,190,5,182074.836,18527.644,188022.978,1811612.714,0.00906261599999
121.63334164,1.575,1575,5,182076.411,18527.644,188024.553,1811612.714,0.549852688
121.634706144,0.286,286,5,182076.697,22660.508,188024.839,1815745.578,0.00136450400001
121.694831869,0.19,190,5,182076.887,22662.556,188025.029,1815747.626,0.060125725
121.991064612,2.339,2339,5,182079.226,22679.452,188027.368,1815764.522,0.296232743
121.069437755,0.22,220,2,2473.919,727462.715,188028.943,1815772.714,0
121.994897536,1.575,1575,5,182080.801,22679.452,188029.163,1815780.906,0.925459781
122.259966421,2.339,2339,5,182083.14,22699.932,188031.502,1815801.386,0.265068885
122.263080622,1.575,1575,5,182084.715,22699.932,188033.077,1815801.386,0.003114201
122.070154101,0.22,220,2,2474.139,727479.099,188035.416,1815809.578,0
122.537368923,2.339,2339,5,182087.054,22831.004,188035.636,1815948.842,0.467214822
123.288991055,0.19,190,5,182087.244,22929.308,188035.826,1816047.146,0.751622132
123.292767607,0.19,190,5,182087.434,22953.884,188036.016,1816071.722,0.00377655200001
123.297367217,0.19,190,5,182087.624,22962.044,188036.206,1816079.882,0.00459961
123.305743432,0.19,190,5,182087.814,22973.084,188036.396,1816090.922,0.008376215
123.819542097,1.575,1575,5,182089.389,22973.084,188037.971,1816090.922,0.513798665
123.82099443,0.286,286,5,182089.675,24021.66,188038.257,1817139.498,0.001452333
113.644513407,354.102,257042,3,482.809,178607.552,188038.447,1817144.874,0
108.409995883,126.349,126349,4,129.049,177613.856,188392.546,1817146.186,0
123.833089561,305.57,257041,4,434.619,177613.856,188698.116,1817146.186,15.423093678
123.070806243,0.22,220,2,2474.359,727488.507,188746.645,1817147.402,0
123.827469003,0.19,190,5,182089.865,24025.756,189003.686,1817147.402,0.75666276
123.950543357,0.286,286,5,182090.151,27898.524,189003.972,1821020.17,0.123074354
123.836684831,257.041,257041,2,2731.4,727496.699,189004.162,1821031.434,0
123.996989551,0.19,190,5,182090.341,27901.596,189004.382,1821039.626,0.16030472
124.237714324,2.62,2620,5,182092.961,27919.004,189007.002,1821057.034,0.240724773
124.240988826,1.575,1575,5,182094.536,27919.004,189008.577,1821057.034,0.00327450200001
124.471271771,2.62,2620,5,182097.156,27939.484,189011.197,1821077.514,0.230282945
124.474310687,1.575,1575,5,182098.731,27939.484,189012.772,1821077.514,0.00303891599999
124.69932687,2.62,2620,5,182101.351,28070.556,189015.392,1821208.586,0.225016183
124.982792494,1.575,1575,5,182102.926,28070.556,189016.967,1821208.586,0.283465624
124.984269058,0.286,286,5,182103.212,29250.204,189017.253,1822388.234,0.001476564
124.071409125,0.22,220,2,2731.62,727513.083,189017.443,1822429.194,0
124.991959797,0.19,190,5,182103.402,29282.972,189017.663,1822437.386,0.920550672
125.175959509,0.114,114,5,182103.516,29299.356,189017.777,1823338.506,0.183999712
125.650359111,0.184,184,5,182103.7,29307.548,189017.961,1823346.698,0.474399602
125.654579728,1.775,1775,5,182105.475,29309.052,189019.736,1823348.202,0.004220617
125.65710916,27262.976,262144,5,209368.451,29309.052,216282.712,1823348.202,0.002529432
125.695689208,2621.44,262144,5,211989.891,29309.052,218904.152,1823348.202,0.038580048
125.699364415,2097.152,262144,5,214087.043,29309.052,221001.304,1823348.202,0.003675207
125.702306936,2097.152,262144,5,216184.195,29309.052,223098.456,1823348.202,0.00294252099999
125.705251566,2097.152,262144,5,218281.347,29309.052,225195.608,1823348.202,0.00294463
125.708186693,2097.152,262144,5,220378.499,29309.052,227292.76,1823348.202,0.002935127
125.711132506,2097.152,262144,5,222475.651,29309.052,229389.912,1823348.202,0.002945813
125.714056754,2621.44,262144,5,225097.091,29309.052,232011.352,1823348.202,0.002924248
125.717735553,2097.152,262144,5,227194.243,29309.052,234108.504,1823348.202,0.003678799
125.720677131,2097.152,262144,5,229291.395,29309.052,236205.656,1823348.202,0.00294157800001
125.723617677,2097.152,262144,5,231388.547,29309.052,238302.808,1823348.202,0.00294054599999
125.727004372,1048.576,262144,5,232437.123,29309.052,239351.384,1823348.202,0.003386695
125.729218132,1048.576,262144,5,233485.699,29309.052,240399.96,1823348.202,0.00221376
125.731422178,1048.576,262144,5,234534.275,29309.052,241448.536,1823348.202,0.002204046
125.733625881,1572.864,262144,5,236107.139,29309.052,243021.4,1823348.202,0.00220370299999
125.736438207,1048.576,262144,5,237155.715,29309.052,244069.976,1823348.202,0.00281232600001
125.738653234,1048.576,262144,5,238204.291,29309.052,245118.552,1823348.202,0.00221502699999
125.740856923,1048.576,262144,5,239252.867,29309.052,246167.128,1823348.202,0.002203689
125.743058119,1310.72,262144,5,240563.587,29309.052,247477.848,1823348.202,0.002201196
125.745272617,524.288,262144,5,241087.875,29309.052,248002.136,1823348.202,0.002214498
125.746440799,1048.576,262144,5,242136.451,29309.052,249050.712,1823348.202,0.001168182
125.748637868,1048.576,262144,5,243185.027,29309.052,250099.288,1823348.202,0.002197069
125.750853458,1048.576,262144,5,244233.603,29309.052,251147.864,1823348.202,0.00221558999999
125.753056568,1048.576,262144,5,245282.179,29309.052,252196.44,1823348.202,0.00220311000001
125.755261757,1572.864,262144,5,246855.043,29309.052,253769.304,1823348.202,0.00220518899999
125.758495337,1048.576,262144,5,247903.619,29309.052,254817.88,1823348.202,0.00323358
125.760707707,524.288,262144,5,248427.907,29309.052,255342.168,1823348.202,0.00221237
125.761874518,1048.576,262144,5,249476.483,29309.052,256390.744,1823348.202,0.001166811
125.764091096,1048.576,262144,5,250525.059,29309.052,257439.32,1823348.202,0.002216578
125.766291212,1048.576,262144,5,251573.635,29309.052,258487.896,1823348.202,0.002200116
125.768495745,1048.576,262144,5,252622.211,29309.052,259536.472,1823348.202,0.002204533
125.770696929,1048.576,262144,5,253670.787,29309.052,260585.048,1823348.202,0.002201184
125.772910387,1048.576,262144,5,254719.363,29309.052,261633.624,1823348.202,0.002213458
125.775114786,1048.576,262144,5,255767.939,29309.052,262682.2,1823348.202,0.00220439900001
125.777317184,1048.576,262144,5,256816.515,29309.052,263730.776,1823348.202,0.00220239799999
125.779533492,524.288,262144,5,257340.803,29309.052,264255.064,1823348.202,0.002216308
125.780697741,1048.576,262144,5,258389.379,29309.052,265303.64,1823348.202,0.001164249
125.78291775,1048.576,262144,5,259437.955,29309.052,266352.216,1823348.202,0.002220009
125.785117539,1048.576,262144,5,260486.531,29309.052,267400.792,1823348.202,0.002199789
125.787322536,1572.864,262144,5,262059.395,29309.052,268973.656,1823348.202,0.00220499700001
125.79055919,1048.576,262144,5,263107.971,29309.052,270022.232,1823348.202,0.00323665399999
125.792758813,1048.576,262144,5,264156.547,29309.052,271070.808,1823348.202,0.00219962300001
125.794994251,1048.576,262144,5,265205.123,29309.052,272119.384,1823348.202,0.002235438
125.797202346,1048.576,262144,5,266253.699,29309.052,273167.96,1823348.202,0.002208095
125.799406491,524.288,262144,5,266777.987,29309.052,273692.248,1823348.202,0.00220414499999
125.800697351,524.288,262144,5,267302.275,29309.052,274216.536,1823348.202,0.00129086
125.802914268,524.288,262144,5,267826.563,29309.052,274740.824,1823348.202,0.002216917
125.804150537,524.288,262144,5,268350.851,29309.052,275265.112,1823348.202,0.001236269
125.80616703,524.288,262144,5,268875.139,29309.052,275789.4,1823348.202,0.002016493
125.807981426,524.288,262144,5,269399.427,29309.052,276313.688,1823348.202,0.001814396
125.809787735,524.288,262144,5,269923.715,29309.052,276837.976,1823348.202,0.001806309
125.811712145,524.288,262144,5,270448.003,29309.052,277362.264,1823348.202,0.00192441
125.813719172,524.288,262144,5,270972.291,29309.052,277886.552,1823348.202,0.002007027
125.815662065,524.288,262144,5,271496.579,29309.052,278410.84,1823348.202,0.00194289299999
125.817402519,524.288,262144,5,272020.867,29309.052,278935.128,1823348.202,0.001740454
125.819264183,524.288,262144,5,272545.155,29309.052,279459.416,1823348.202,0.001861664
125.82121495,524.288,262144,5,273069.443,29309.052,279983.704,1823348.202,0.001950767
125.82321523,524.288,262144,5,273593.731,29309.052,280507.992,1823348.202,0.00200028
125.824944368,524.288,262144,5,274118.019,29309.052,281032.28,1823348.202,0.001729138
125.826980213,524.288,262144,5,274642.307,29309.052,281556.568,1823348.202,0.00203584499999
125.828885203,524.288,262144,5,275166.595,29309.052,282080.856,1823348.202,0.00190499
125.830503532,524.288,262144,5,275690.883,29309.052,282605.144,1823348.202,0.001618329
125.832534461,524.288,262144,5,276215.171,29309.052,283129.432,1823348.202,0.002030929
125.834459645,524.288,262144,5,276739.459,29309.052,283653.72,1823348.202,0.001925184
125.836391678,524.288,262144,5,277263.747,29309.052,284178.008,1823348.202,0.001932033
125.838371904,524.288,262144,5,277788.035,29309.052,284702.296,1823348.202,0.001980226
125.840439668,524.288,262144,5,278312.323,29309.052,285226.584,1823348.202,0.002067764
125.842592925,524.288,262144,5,278836.611,29309.052,285750.872,1823348.202,0.002153257
125.844806253,524.288,262144,5,279360.899,29309.052,286275.16,1823348.202,0.002213328
125.846783172,524.288,262144,5,279885.187,29309.052,286799.448,1823348.202,0.001976919
125.84881174,524.288,262144,5,280409.475,29309.052,287323.736,1823348.202,0.002028568
125.85095629,524.288,262144,5,280933.763,29309.052,287848.024,1823348.202,0.00214455
125.852986325,524.288,262144,5,281458.051,29309.052,288372.312,1823348.202,0.002030035
125.855072955,524.288,262144,5,281982.339,29309.052,288896.6,1823348.202,0.00208662999999
125.857072065,524.288,262144,5,282506.627,29309.052,289420.888,1823348.202,0.00199911
125.859176121,524.288,262144,5,283030.915,29309.052,289945.176,1823348.202,0.00210405600001
125.861115066,524.288,262144,5,283555.203,29309.052,290469.464,1823348.202,0.00193894499999
125.863094422,524.288,262144,5,284079.491,29309.052,290993.752,1823348.202,0.00197935600001
125.865723343,524.288,262144,5,284603.779,29309.052,291518.04,1823348.202,0.002628921
125.867351054,524.288,262144,5,285128.067,29309.052,292042.328,1823348.202,0.001627711
125.869699125,524.288,262144,5,285652.355,29309.052,292566.616,1823348.202,0.002348071
125.871672994,524.288,262144,5,286176.643,29309.052,293090.904,1823348.202,0.001973869
125.873958649,524.288,262144,5,286700.931,29309.052,293615.192,1823348.202,0.00228565500001
125.875976596,524.288,262144,5,287225.219,29309.052,294139.48,1823348.202,0.002017947
125.878078387,524.288,262144,5,287749.507,29309.052,294663.768,1823348.202,0.002101791
125.880171167,524.288,262144,5,288273.795,29309.052,295188.056,1823348.202,0.00209278
125.882481307,524.288,262144,5,288798.083,29309.052,295712.344,1823348.202,0.00231014000001
125.884815061,524.288,262144,5,289322.371,29309.052,296236.632,1823348.202,0.00233375399999
125.886824793,524.288,262144,5,289846.659,29309.052,296760.92,1823348.202,0.002009732
125.888827387,524.288,262144,5,290370.947,29309.052,297285.208,1823348.202,0.002002594
125.891221259,524.288,262144,5,290895.235,29309.052,297809.496,1823348.202,0.002393872
125.893490606,524.288,262144,5,291419.523,29309.052,298333.784,1823348.202,0.002269347
125.895257099,524.288,262144,5,291943.811,29309.052,298858.072,1823348.202,0.00176649300001
125.897294801,524.288,262144,5,292468.099,29309.052,299382.36,1823348.202,0.002037702
125.899761302,524.288,262144,5,292992.387,29309.052,299906.648,1823348.202,0.002466501
125.901940013,524.288,262144,5,293516.675,29309.052,300430.936,1823348.202,0.002178711
125.903788386,524.288,262144,5,294040.963,29309.052,300955.224,1823348.202,0.001848373
125.906104873,524.288,262144,5,294565.251,29309.052,301479.512,1823348.202,0.002316487
125.908383061,524.288,262144,5,295089.539,29309.052,302003.8,1823348.202,0.00227818799999
125.910568911,524.288,262144,5,295613.827,29309.052,302528.088,1823348.202,0.00218585
125.912585414,524.288,262144,5,296138.115,29309.052,303052.376,1823348.202,0.00201650300001
125.915030514,524.288,262144,5,296662.403,29309.052,303576.664,1823348.202,0.00244509999999
125.916892807,524.288,262144,5,297186.691,29309.052,304100.952,1823348.202,0.001862293
125.919178637,524.288,262144,5,297710.979,29309.052,304625.24,1823348.202,0.00228583000001
125.921361159,524.288,262144,5,298235.267,29309.052,305149.528,1823348.202,0.002182522
125.923648394,524.288,262144,5,298759.555,29309.052,305673.816,1823348.202,0.002287235
125.925499214,524.288,262144,5,299283.843,29309.052,306198.104,1823348.202,0.00185082
125.927536644,524.288,262144,5,299808.131,29309.052,306722.392,1823348.202,0.00203743
125.929285087,524.288,262144,5,300332.419,29309.052,307246.68,1823348.202,0.001748443
125.931032265,524.288,262144,5,300856.707,29309.052,307770.968,1823348.202,0.001747178
125.93277496,524.288,262144,5,301380.995,29309.052,308295.256,1823348.202,0.001742695
125.934626587,524.288,262144,5,301905.283,29309.052,308819.544,1823348.202,0.00185162699999
125.936423332,407.176,262144,5,302312.459,29309.052,309226.72,1823348.202,0.00179674500001
125.938234532,159.744,145032,5,302472.203,29309.052,309386.464,1823348.202,0.00181119999999
125.940034547,14.712,14712,5,302486.915,29313.148,309401.176,1823352.298,0.001800015
125.072199633,0.22,220,2,2731.84,728414.203,309401.36,1823362.538,0
126.058619201,0.184,184,5,302487.099,29316.22,309401.58,1823371.754,0.986419568
126.203089918,0.19,190,5,302487.289,29318.172,309401.77,1823373.706,0.144470717
126.587818491,0.19,190,5,302487.479,29320.86,309401.96,1823376.394,0.384728573
126.591962825,0.19,190,5,302487.669,29330.812,309402.15,1823386.346,0.004144334
127.065320338,1.575,1575,5,302489.244,29330.812,309403.725,1823386.346,0.473357513
126.072837105,0.22,220,2,2732.06,728430.587,309404.011,1823396.586,0
127.066937864,0.286,286,5,302489.53,34329.98,309404.231,1828401.898,0.994100759
127.147944302,0.19,190,5,302489.72,34331.004,309404.421,1828402.922,0.081006438
127.444956932,2.339,2339,5,302492.059,34343.532,309406.76,1828415.45,0.29701263
127.448173382,1.575,1575,5,302493.634,34343.532,309408.335,1828415.45,0.00321645
127.708519406,2.339,2339,5,302495.973,34357.868,309410.674,1828429.786,0.260346024
127.712299992,1.575,1575,5,302497.548,34357.868,309412.249,1828429.786,0.003780586
127.073401072,0.22,220,2,2732.28,728446.971,309414.588,1828437.978,0
127.99035754,2.339,2339,5,302499.887,34423.404,309414.808,1828511.706,0.916956468
129.035043635,1.575,1575,5,302501.462,34423.404,309416.383,1828511.706,1.044686095
129.037262267,0.286,286,5,302501.748,35537.516,309416.669,1829625.818,0.00221863199999
128.073969892,0.22,220,2,2732.5,728463.355,309416.859,1829650.394,0
129.043299875,0.19,190,5,302501.938,35553.9,309417.079,1829658.586,0.969329983
129.163815502,0.286,286,5,302502.224,40067.692,309417.365,1834172.378,0.120515627
129.244934329,0.19,190,5,302502.414,40075.884,309417.555,1834180.57,0.081118827
129.283752347,2.513,2513,5,302504.927,40084.076,309420.068,1834188.762,0.038818018
129.488018232,2.62,2620,5,302507.547,40096.364,309422.688,1834201.05,0.204265885
129.49097617,1.575,1575,5,302509.122,40096.364,309424.263,1834201.05,0.00295793800001
129.737848773,2.62,2620,5,302511.742,40161.9,309426.883,1834266.586,0.246872603
129.740680843,1.575,1575,5,302513.317,40161.9,309428.458,1834266.586,0.00283207000001
129.074494195,0.22,220,2,2732.72,728479.739,309431.121,1834274.778,0
129.99778554,2.663,2663,5,302515.98,40211.052,309431.341,1834332.122,0.923291345
130.075255311,0.22,220,2,2732.94,728497.627,309431.531,1834366.394,0.077469771
130.417096323,0.19,190,5,302516.17,40247.916,309431.751,1834386.874,0.341841012
131.075971628,0.22,220,2,2733.16,728514.011,309431.941,1834401.21,0.658875305
131.683986158,0.19,190,5,302516.36,40265.324,309432.162,1834420.666,0.60801453
132.344495375,1.575,1575,5,302517.935,40265.324,309433.737,1834420.666,0.660509217
132.3459875,0.286,286,5,302518.221,46524.012,309434.023,1840679.354,0.001492125
132.438271426,0.19,190,5,302518.411,46540.396,309434.213,1840695.738,0.092283926
132.756259124,2.382,2382,5,302520.793,46556.78,309436.595,1840712.122,0.317987698
132.759607081,1.575,1575,5,302522.368,46556.78,309438.17,1840712.122,0.00334795700002
133.013365501,2.339,2339,5,302524.707,46687.852,309440.509,1840843.194,0.25375842
132.076856561,0.221,221,2,2733.381,728530.395,309442.084,1840851.386,0
133.016340176,1.575,1575,5,302526.282,46687.852,309442.305,1840859.578,0.939483615
133.077725077,0.221,221,2,2733.602,728546.779,309444.644,1840867.77,0.061384901
133.274475062,2.339,2339,5,302528.621,46753.388,309444.865,1840941.498,0.196749985
134.155185755,0.19,190,5,302528.811,46818.924,309445.055,1841007.034,0.880710693
134.238385916,1.575,1575,5,302530.386,46818.924,309446.63,1841007.034,0.083200161
134.239587589,0.286,286,5,302530.672,47851.116,309446.916,1842039.226,0.001201673
134.254015528,0.19,190,5,302530.862,47916.652,309447.106,1842104.762,0.014427939
134.358160287,0.286,286,5,302531.148,53077.612,309447.392,1847265.722,0.104144759
134.40616208,0.19,190,5,302531.338,53093.996,309447.582,1847282.106,0.048001793
134.64445837,2.62,2620,5,302533.958,53110.38,309450.202,1847298.49,0.23829629
134.647690727,1.575,1575,5,302535.533,53110.38,309451.777,1847298.49,0.003232357
134.853654992,2.62,2620,5,302538.153,53241.452,309454.397,1847429.562,0.205964265
134.85615067,1.575,1575,5,302539.728,53241.452,309455.972,1847429.562,0.002495678
134.078372164,0.221,221,2,2733.823,728563.163,309458.592,1847437.754,0
135.079352126,0.221,221,2,2734.044,728580.923,309458.813,1847455.514,1.000979962
135.067321925,2.62,2620,5,302542.348,53306.988,309459.034,1847529.242,0
136.411982677,0.19,190,5,302542.538,53364.332,309459.224,1847586.586,1.344660752
137.056747226,1.575,1575,5,302544.113,53364.332,309460.799,1847586.586,0.644764549
136.079987838,0.221,221,2,2734.265,728597.307,309461.085,1849356.058,0
137.059093569,0.286,286,5,302544.399,59811.436,309461.306,1854050.074,0.979105731
137.162199693,0.19,190,5,302544.589,59876.972,309461.496,1854115.61,0.103106124
137.482421758,2.339,2339,5,302546.928,59909.74,309463.835,1854148.378,0.320222065
137.485476565,1.575,1575,5,302548.503,59909.74,309465.41,1854148.378,0.00305480700001
137.758140102,2.339,2339,5,302550.842,59942.508,309467.749,1854181.146,0.272663537
137.760913514,1.575,1575,5,302552.417,59942.508,309469.324,1854181.146,0.00277341200001
137.080710487,0.221,221,2,2734.486,728613.691,309471.663,1854189.338,0
