time,size,first_call,destination,dest_out_traffic,dest_in_traffic,total_network_out,total_network_in,dens10
3.967464023,0.244,244,2,0.244,40.96,0.244,109.081,0
4.010278241,0.183,183,2,0.427,57.344,0.427,125.465,0.042814218
5.021336312,0.183,183,2,0.61,73.728,0.61,141.849,1.011058071
6.022789432,0.183,183,2,0.793,90.112,0.793,158.233,1.00145312
7.024071803,0.183,183,2,0.976,106.496,0.976,174.617,1.001282371
8.02522253,0.183,183,2,1.159,122.88,1.159,191.001,1.001150727
9.026378513,0.183,183,2,1.342,139.264,1.342,207.385,1.001155983
10.027451739,0.183,183,2,1.525,155.648,1.525,223.769,1.001073226
11.028746279,0.183,183,2,1.708,172.032,1.708,240.153,1.00129454
12.030097042,0.183,183,2,1.891,188.416,1.891,256.537,1.001350763
13.031284789,0.183,183,2,2.074,204.8,2.074,272.921,1.001187747
14.032390439,0.183,183,2,2.257,221.184,2.257,289.305,1.00110565
15.033404207,0.183,183,2,2.44,237.568,2.44,305.689,1.001013768
16.034376008,0.183,183,2,2.623,253.952,2.623,322.073,1.000971801
17.035317053,0.183,183,2,2.806,270.336,2.806,338.457,1.000941045
18.036196711,0.183,183,2,2.989,286.72,2.989,354.841,1.000879658
19.038169933,0.183,183,2,3.172,303.104,3.172,371.225,1.001973222
20.039159806,0.183,183,2,3.355,319.488,3.355,387.609,1.000989873
21.04011124,0.183,183,2,3.538,335.872,3.538,403.993,1.000951434
22.04106701,0.183,183,2,3.721,352.256,3.721,420.377,1.00095577
23.042104427,0.183,183,2,3.904,368.64,3.904,436.761,1.001037417
24.042979783,0.183,183,2,4.087,385.024,4.087,453.145,1.000875356
25.044613988,0.183,183,2,4.27,401.408,4.27,469.529,1.001634205
26.045501033,0.183,183,2,4.453,417.792,4.453,485.913,1.000887045
27.046338115,0.183,183,2,4.636,434.176,4.636,502.297,1.000837082
28.047219806,0.183,183,2,4.819,450.56,4.819,518.681,1.000881691
29.048164289,0.183,183,2,5.002,466.944,5.168,537.796,1.000944483
30.055427849,0.219,219,2,5.221,483.328,5.387,554.18,1.00726356
30.116452065,0.268,268,2,5.489,483.588,5.655,554.44,0.061024216
30.161031481,0.252,252,2,5.741,516.356,5.907,587.208,0.044579416
30.636876177,0.282,282,2,6.023,532.74,6.189,603.592,0.475844696
30.67998919,0.206,206,2,6.229,549.124,6.395,619.976,0.043113013
30.721250816,0.102,102,2,6.331,557.316,6.497,628.168,0.041261626
30.750503823,0.125,125,2,6.456,54481.076,6.622,54551.928,0.029253007
31.057073033,0.219,219,2,6.675,84758.894,6.841,84829.746,0.30656921
31.17252024,0.29,290,2,6.965,85221.691,7.131,85292.543,0.115447207
31.1753741,0.234,234,2,7.199,135907.874,7.365,135978.726,0.00285386
31.37395329,0.125,125,2,7.324,195207.95,7.49,195278.802,0.19857919
32.058360682,0.219,219,2,7.543,195224.334,7.709,195295.186,0.684407392
32.137003506,0.174,174,2,7.717,195240.718,7.883,195311.57,0.078642824
32.138114042,0.188,188,2,7.905,195248.91,8.071,195319.762,0.001110536
32.139653938,0.123,123,2,8.028,195450.354,8.194,195521.206,0.001539896
32.144100763,0.538,538,2,8.566,195450.888,8.732,195521.74,0.004446825
32.155237145,0.23,230,2,8.796,195467.272,8.962,195538.124,0.011136382
32.17140227,0.851,170,2,9.647,195508.725,9.813,195579.577,0.016165125
32.174050464,0.123,123,2,9.77,195550.806,9.936,195621.658,0.002648194
32.186737789,0.379,379,2,10.149,195567.565,10.315,195638.417,0.012687325
33.059697928,0.219,219,2,10.368,195583.949,10.534,195654.801,0.872960139
33.188997824,0.312,156,2,10.68,195617.021,10.846,195687.873,0.129299896
29.576529571,0.166,166,6,0.166,2.731,11.065,195696.065,0
34.773882654,0.176,176,6,0.342,3.755,11.241,195697.089,5.197353083
34.824182531,0.154,154,6,0.496,7.339,11.395,195700.673,0.050299877
34.964308613,0.17,170,6,0.666,8.363,11.565,195701.697,0.140126082
34.061032109,0.219,219,2,10.899,195633.405,11.737,195710.913,0
35.002829552,0.172,172,6,0.838,9.387,11.956,195719.105,0.941797443
35.326674504,0.177,177,6,1.015,10.411,12.133,195720.129,0.323844952
35.349621707,0.176,176,6,1.191,11.403,12.309,195721.121,0.022947203
35.368369618,1.53,1530,6,2.721,11.883,13.839,195721.601,0.018747911
35.422109859,1.256,1256,6,3.977,12.827,15.095,195722.545,0.053740241
35.062174258,0.219,219,2,11.118,195649.789,15.266,195731.649,0
36.063369299,0.219,219,2,11.337,195666.173,15.485,195748.033,1.001195041
37.064278395,0.219,219,2,11.556,195682.557,15.704,195764.417,1.000909096
38.065271135,0.219,219,2,11.775,195698.941,15.923,195780.801,1.00099274
39.066350906,0.219,219,2,11.994,195715.325,16.142,195797.185,1.001079771
40.067264367,0.219,219,2,12.213,195731.709,16.361,195813.569,1.000913461
41.068198731,0.219,219,2,12.432,195748.093,16.58,195829.953,1.000934364
42.069263545,0.219,219,2,12.651,195764.477,16.799,195846.337,1.001064814
43.070247206,0.219,219,2,12.87,195780.861,17.018,195862.721,1.000983661
44.071998261,0.219,219,2,13.089,195797.245,17.237,195879.105,1.001751055
45.073500043,0.219,219,2,13.308,195813.629,17.456,195895.489,1.001501782
46.074544235,0.219,219,2,13.527,195830.013,17.675,195911.873,1.001044192
47.075596865,0.219,219,2,13.746,195846.397,17.894,195928.257,1.00105263
48.076429919,0.219,219,2,13.965,195862.781,18.113,195944.641,1.000833054
49.077243974,0.219,219,2,14.184,195879.165,18.332,195961.025,1.000814055
35.431999555,0.171,171,6,4.148,13.739,18.551,195969.217,0
50.078043098,0.219,219,2,14.403,195895.549,18.89,195978.289,14.646043543
51.079018903,0.219,219,2,14.622,195911.933,19.109,195994.673,1.000975805
52.080157744,0.219,219,2,14.841,195920.125,19.328,196002.865,1.001138841
53.081121022,0.22,220,2,15.061,195936.509,19.548,196019.249,1.000963278
54.081987038,0.22,220,2,15.281,195952.893,19.768,196035.633,1.000866016
55.082859604,0.22,220,2,15.501,195969.277,19.988,196052.017,1.000872566
56.083807028,0.22,220,2,15.721,195985.661,20.208,196068.401,1.000947424
57.084688836,0.22,220,2,15.941,196002.045,20.428,196084.785,1.000881808
50.736461582,0.339,339,6,4.487,23.627,20.648,196101.985,0
58.359066072,1.575,1575,6,6.062,23.627,22.223,196101.985,7.62260449
58.466319442,0.286,286,6,6.348,31.307,22.509,196109.665,0.10725337
58.085510296,0.22,220,2,16.161,196018.429,22.698,196119.905,0
58.780633819,0.189,189,6,6.537,33.355,22.918,196128.097,0.695123523
59.199334153,0.286,286,6,6.823,80.459,23.204,196175.201,0.418700334
59.086482547,0.22,220,2,16.381,196034.813,23.393,196186.465,0
60.130723939,0.23,230,8,0.23,32.768,23.843,196227.425,1.044241392
59.207546097,0.189,189,6,7.012,81.483,24.097,197887.442,0
60.087777406,0.22,220,2,16.601,196051.197,26.61,201397.999,0.880231309
61.089169443,0.22,220,2,16.821,196067.581,26.83,212778.939,1.001392037
62.090363112,0.22,220,2,17.041,196083.965,27.05,224292.025,1.001193669
63.091483396,0.22,220,2,17.261,196100.349,27.27,233888.994,1.001120284
64.092661018,0.22,220,2,17.481,196116.733,27.49,246855.686,1.001177622
65.09384847,0.22,220,2,17.701,196133.117,27.71,259558.086,1.001187452
66.095149712,0.22,220,2,17.921,196149.501,27.93,272392.632,1.001301242
67.096323143,0.22,220,2,18.141,196165.885,28.15,285557.543,1.001173431
68.097499784,0.22,220,2,18.361,196182.269,28.37,297665.286,1.001176641
69.098514613,0.22,220,2,18.581,196198.653,28.59,310698.051,1.001014829
60.744152224,2.513,2513,6,9.525,81.979,28.81,317974.273,0
70.099582205,0.22,220,2,18.801,196215.037,31.323,322674.624,9.355429981
60.237397808,0.152,152,9,0.152,135383.577,31.543,331734.817,0
70.731681826,2.513,2513,6,12.038,82.955,31.695,331800.89,10.494284018
71.871403705,2.581,2581,6,14.619,91.883,34.276,331809.818,1.139721879
60.208934178,0.102,102,8,0.332,65.536,35.851,331834.394,0
71.79128095,0.152,152,9,0.304,135449.65,36.081,331842.586,11.582346772
71.100632532,0.22,220,2,19.021,196231.421,36.233,333400.373,0
72.101931823,0.22,220,2,19.241,196247.805,36.453,345776.848,1.001299291
73.103094349,0.22,220,2,19.461,196264.189,36.673,358809.613,1.001162526
74.104131363,0.22,220,2,19.681,196280.573,36.893,371842.378,1.001037014
75.105281291,0.22,220,2,19.901,196296.957,37.113,384346.559,1.001149928
76.106470793,0.22,220,2,20.121,196313.341,37.333,397048.959,1.001189502
77.107535617,0.22,220,2,20.341,196329.725,37.553,410346.016,1.001064824
78.108564567,0.22,220,2,20.561,196346.109,37.773,423378.781,1.00102895
79.110123729,0.22,220,2,20.781,196362.493,37.993,436081.181,1.001559162
71.878126759,1.575,1575,6,16.194,91.883,38.213,443952.06,0
80.111414791,0.22,220,2,21.001,196378.877,40.726,448916.751,8.233288032
81.112663964,0.22,220,2,21.221,196395.261,40.946,461487.005,1.001249173
71.946167277,0.23,230,8,0.562,98.304,41.166,467928.854,0
71.949054663,0.152,152,9,0.456,271330.094,41.4,467937.046,0.002887386
80.734294292,2.513,2513,6,18.707,92.907,41.552,468065.773,8.785239629
82.665421122,2.538,2538,6,21.245,110.315,44.09,468083.181,1.93112683
82.60670875,0.234,234,8,0.796,114.688,45.665,468091.373,0
82.681512774,0.14,140,8,0.936,131.072,45.805,468107.757,0.074804024
82.609260362,0.152,152,9,0.608,271458.821,45.949,468115.949,0
82.11398893,0.22,220,2,21.441,196411.645,46.101,473412.768,0
83.115264253,0.22,220,2,21.661,196428.029,46.321,486643.752,1.001275323
84.116325854,0.22,220,2,21.881,196436.221,46.541,499800.471,1.001061601
85.126489866,0.22,220,2,22.101,196452.605,46.761,512767.163,1.010164012
86.127458968,0.22,220,2,22.321,196468.989,46.981,525733.855,1.000969102
87.128514161,0.22,220,2,22.541,196485.373,47.201,538766.62,1.001055193
88.129567072,0.22,220,2,22.761,196501.757,47.421,551865.458,1.001052911
89.130673263,0.22,220,2,22.981,196518.141,47.641,564832.15,1.001106191
82.672808365,1.575,1575,6,22.82,110.315,47.861,572306.591,0
90.134154131,0.22,220,2,23.201,196534.525,50.374,577608.815,7.461345766
91.135217426,0.22,220,2,23.421,196550.909,50.594,590839.799,1.001063295
82.68524221,0.152,152,9,0.76,407043.404,50.814,603864.372,0
92.136209176,0.22,220,2,23.641,196567.293,50.966,603938.637,9.450966966
90.733240397,2.513,2513,6,25.333,118.507,51.186,603946.829,0
93.182831117,2.538,2538,6,27.871,134.891,53.724,603963.213,2.44959072
82.683366148,0.144,144,8,1.08,155.648,55.299,603979.597,0
93.200259094,0.23,230,8,1.31,180.224,55.529,604004.173,10.516892946
93.127490735,0.152,152,9,0.912,407109.477,55.673,604012.365,0
93.137250323,0.22,220,2,23.861,196583.677,55.825,612811.053,0.00975958800001
94.138294354,0.22,220,2,24.081,196600.061,56.045,623729.482,1.001044031
95.139577477,0.22,220,2,24.301,196616.445,56.265,637158.685,1.001283123
96.140674005,0.22,220,2,24.521,196632.829,56.485,650455.742,1.001096528
97.14169662,0.22,220,2,24.741,196649.213,56.705,663818.872,1.001022615
98.142670385,0.22,220,2,24.961,196665.597,56.925,676653.418,1.000973765
99.143694059,0.22,220,2,25.181,196681.981,57.145,689421.891,1.001023674
93.190063283,1.575,1575,6,29.446,134.891,57.365,696565.967,0
100.144751989,0.22,220,2,25.401,196698.365,59.878,702189.827,6.954688706
101.145752731,0.22,220,2,25.621,196714.749,60.098,715420.811,1.001000742
102.14670489,0.22,220,2,25.841,196731.133,60.318,728189.284,1.000952159
93.205214624,0.152,152,9,1.064,542760.133,60.538,739892.397,0
100.730396316,2.513,2513,6,31.959,200.427,60.69,740146.432,7.525181692
104.083455656,2.538,2538,6,34.497,298.731,63.228,740244.736,3.35305934
93.202212917,0.144,144,8,1.454,204.8,64.803,740261.12,0
104.098349308,0.23,230,8,1.684,229.376,65.033,740285.696,10.896136391
104.035167956,0.152,152,9,1.216,543014.168,65.177,740293.888,0
103.147751732,0.22,220,2,26.061,196747.517,65.329,740737.561,0
104.148923197,0.22,220,2,26.281,196763.901,65.549,753379.05,1.001171465
105.150196316,0.22,220,2,26.501,196780.285,65.769,766676.107,1.001273119
106.151393217,0.22,220,2,26.721,196796.669,65.989,780039.237,1.001196901
107.152488229,0.22,220,2,26.941,196813.053,66.209,793336.294,1.001095012
108.154459739,0.22,220,2,27.161,196829.437,66.429,806699.424,1.00197151
109.155553973,0.22,220,2,27.381,196845.821,66.649,819996.481,1.001094234
104.08961758,1.575,1575,6,36.072,298.731,66.869,827404.849,0
110.156513199,0.22,220,2,27.601,196862.205,69.382,833094.782,6.066895619
111.157419643,0.22,220,2,27.821,196878.589,69.602,846127.547,1.000906444
112.158246242,0.22,220,2,28.041,196894.973,69.822,859094.239,1.000826599
113.1591679,0.22,220,2,28.261,196911.357,70.042,871928.785,1.000921658
104.102288174,0.152,152,9,1.368,679102.68,70.262,876628.16,0
110.731720833,2.513,2513,6,38.585,364.267,70.414,876866.657,6.629432659
114.560458134,2.538,2538,6,41.123,380.651,72.952,876883.041,3.828737301
104.100261584,0.144,144,8,1.828,253.952,74.527,876899.425,0
114.578874772,0.23,230,8,2.058,278.528,74.757,876924.001,10.478613188
114.513505704,0.152,152,9,1.52,679341.177,74.901,876932.193,0
114.16017322,0.22,220,2,28.481,196927.741,75.053,883967.934,0
115.16122239,0.22,220,2,28.701,196944.125,75.273,897331.064,1.00104917
116.165152347,0.22,220,2,28.921,196952.317,75.493,910553.856,1.003929957
117.166397059,0.22,220,2,29.141,196968.701,75.713,923983.059,1.001244712
118.16731412,0.22,220,2,29.361,196985.085,75.933,936487.24,1.000917061
119.1682859,0.22,220,2,29.581,197001.469,76.153,949850.37,1.00097178
114.570316514,1.575,1575,6,42.698,380.651,76.373,957258.738,0
120.169232377,0.22,220,2,29.801,197017.853,78.886,963097.738,5.598915863
121.17017745,0.22,220,2,30.021,197034.237,79.106,976328.722,1.000945073
122.17107256,0.22,220,2,30.241,197050.621,79.326,989691.852,1.00089511
123.17195751,0.22,220,2,30.461,197067.005,79.546,1003054.982,1.00088495
114.582392348,0.152,152,9,1.672,815012.857,79.766,1012775.905,0
120.731492625,2.513,2513,6,45.211,397.035,79.918,1012933.016,6.149100277
124.984992684,2.538,2538,6,47.749,429.803,82.456,1012965.784,4.253500059
114.580697508,0.144,144,8,2.202,303.104,84.031,1012982.168,0
125.000897166,0.23,230,8,2.432,327.68,84.261,1013006.744,10.420199658
124.903862146,0.152,152,9,1.824,815169.968,84.405,1013014.936,0
124.173123109,0.22,220,2,30.681,197083.389,84.557,1015714.283,0
125.174170436,0.22,220,2,30.901,197099.773,84.777,1028680.975,1.001047327
126.175199303,0.22,220,2,31.121,197116.157,84.997,1042044.105,1.001028867
127.176124517,0.22,220,2,31.341,197132.541,85.217,1055473.308,1.000925214
128.17699392,0.22,220,2,31.561,197148.925,85.437,1068902.511,1.000869403
129.177883439,0.22,220,2,31.781,197165.309,85.657,1082265.641,1.000889519
124.990751581,1.575,1575,6,49.324,429.803,85.877,1089607.936,0
130.178851365,0.22,220,2,32.001,197181.693,88.39,1095825.916,5.188099784
131.180499933,0.22,220,2,32.221,197198.077,88.61,1109189.046,1.001648568
132.182715455,0.221,221,2,32.442,197214.461,88.831,1122684.322,1.002215522
133.18365955,0.221,221,2,32.663,197230.845,89.052,1135717.087,1.000944095
134.184491652,0.221,221,2,32.884,197247.229,89.273,1149146.29,1.000832102
125.005701237,0.152,152,9,1.976,951262.51,89.494,1149418.774,0
130.729232081,2.513,2513,6,51.837,560.875,89.646,1149672.809,5.723530844
135.254620761,2.538,2538,6,54.375,626.411,92.184,1149738.345,4.52538868
125.003928888,0.144,144,8,2.576,352.256,93.759,1149754.729,0
135.270928681,0.23,230,8,2.806,376.832,93.989,1149779.305,10.266999793
135.208993988,0.152,152,9,2.128,951516.545,94.133,1149787.497,0
135.18533009,0.221,221,2,33.105,197263.613,94.285,1161503.911,0
136.18620635,0.221,221,2,33.326,197279.997,94.506,1174933.114,1.00087626
137.187083405,0.221,221,2,33.547,197296.381,94.727,1187833.733,1.000877055
138.187933359,0.221,221,2,33.768,197312.765,94.948,1201064.717,1.000849954
139.188810286,0.221,221,2,33.989,197329.149,95.169,1214229.628,1.000876927
135.260491296,1.575,1575,6,55.95,626.411,95.39,1221571.923,0
140.189724411,0.221,221,2,34.21,197345.533,97.903,1227641.91,4.929233115
141.190613508,0.221,221,2,34.431,197361.917,98.124,1240806.821,1.000889097
142.191465617,0.221,221,2,34.652,197378.301,98.345,1253707.44,1.000852109
143.19227128,0.221,221,2,34.873,197394.685,98.566,1267136.643,1.000805663
144.19319173,0.221,221,2,35.094,197411.069,98.787,1280499.773,1.00092045
135.275247917,0.152,152,9,2.28,1087045.569,99.008,1285529.513,0
140.729880058,2.513,2513,6,58.463,675.563,99.16,1285689.038,5.454632141
145.620969165,2.538,2538,6,61.001,708.331,101.698,1285721.806,4.891089107
135.272637863,0.144,144,8,2.95,401.408,103.273,1285738.19,0
145.634239442,0.23,230,8,3.18,425.984,103.503,1285762.766,10.361601579
145.575961042,0.152,152,9,2.432,1087205.094,103.647,1285770.958,0
145.194071587,0.221,221,2,35.315,197427.453,103.799,1293799.184,0
146.194967319,0.221,221,2,35.536,197443.837,104.02,1307294.46,1.000895732
147.195833772,0.221,221,2,35.757,197460.221,104.241,1320657.59,1.000866453
148.196751125,0.221,221,2,35.978,197468.413,104.462,1334144.674,1.000917353
149.197780355,0.221,221,2,36.199,197484.797,104.683,1347507.804,1.00102923
145.626479926,1.575,1575,6,62.576,708.331,104.904,1354189.369,0
150.199073243,0.221,221,2,36.42,197501.181,107.417,1360606.105,4.572593317
151.20004996,0.221,221,2,36.641,197517.565,107.638,1373969.235,1.000976717
152.200913828,0.221,221,2,36.862,197533.949,107.859,1387200.219,1.000863868
153.201676934,0.221,221,2,37.083,197550.333,108.08,1400629.422,1.000763106
154.202550283,0.221,221,2,37.304,197566.717,108.301,1413728.26,1.000873349
145.638022456,0.152,152,9,2.584,1223406.748,108.522,1422193.796,0
150.729159162,2.513,2513,6,65.089,773.867,108.674,1422447.831,5.091136706
155.890687001,2.538,2538,6,67.627,872.171,111.212,1422546.135,5.161527839
145.635791553,0.144,144,8,3.324,450.56,112.787,1422562.519,0
155.903956962,0.23,230,8,3.554,475.136,113.017,1422587.095,10.268165409
155.846623929,0.152,152,9,2.736,1223660.783,113.161,1422595.287,0
155.203417695,0.221,221,2,37.525,197583.101,113.313,1426382.941,0
156.204331582,0.221,221,2,37.746,197599.485,113.534,1439878.217,1.000913887
157.205585546,0.221,221,2,37.967,197615.869,113.755,1453439.566,1.001253964
158.206685195,0.221,221,2,38.188,197632.253,113.976,1467000.915,1.001099649
159.207564689,0.221,221,2,38.409,197648.637,114.197,1480297.972,1.000879494
155.896303272,1.575,1575,6,69.202,872.171,114.418,1487309.902,0
160.208409026,0.221,221,2,38.63,197665.021,116.931,1493792.711,4.312105754
161.209266264,0.221,221,2,38.851,197681.405,117.152,1507155.841,1.000857238
162.210123245,0.221,221,2,39.072,197697.789,117.373,1520585.044,1.000856981
163.210978669,0.221,221,2,39.293,197714.173,117.594,1534080.32,1.000855424
164.211786634,0.221,221,2,39.514,197730.557,117.815,1547443.45,1.000807965
155.908951572,0.152,152,9,2.888,1359189.807,118.036,1558353.687,0
160.732629713,2.513,2513,6,71.715,937.707,118.188,1558607.722,4.823678141
166.065629715,2.538,2538,6,74.253,970.475,120.726,1558640.49,5.333000002
155.905940953,0.144,144,8,3.698,499.712,122.301,1558656.874,0
166.077119726,0.23,230,8,3.928,524.288,122.531,1558681.45,10.171178773
166.022834814,0.152,152,9,3.04,1359443.842,122.675,1558689.642,0
165.212647458,0.221,221,2,39.735,197746.941,122.827,1560653.085,0
166.215171434,0.221,221,2,39.956,197763.325,123.048,1574088.511,1.002523976
167.216110524,0.221,221,2,40.177,197779.709,123.269,1587253.422,1.00093909
168.21684375,0.221,221,2,40.398,197796.093,123.49,1600484.406,1.000733226
169.217593215,0.221,221,2,40.619,197812.477,123.711,1613385.025,1.000749465
166.070336085,1.575,1575,6,75.828,970.475,123.932,1620066.59,0
170.218402666,0.221,221,2,40.84,197828.861,126.445,1626706.658,4.148066581
171.219162562,0.221,221,2,41.061,197845.245,126.666,1639871.569,1.000759896
172.21996325,0.221,221,2,41.282,197861.629,126.887,1652904.334,1.000800688
173.220811935,0.221,221,2,41.503,197878.013,127.108,1666267.464,1.000848685
174.221598849,0.221,221,2,41.724,197894.397,127.329,1679630.594,1.000786914
175.222422725,0.221,221,2,41.945,197910.781,127.55,1692729.432,1.000823876
166.080769994,0.152,152,9,3.192,1495665.652,127.771,1695116.252,0
170.729424719,2.513,2513,6,78.341,995.051,127.923,1695307.633,4.648654725
176.451033481,2.538,2538,6,80.879,1015.531,130.461,1695328.113,5.721608762
166.079100652,0.144,144,8,4.072,548.864,132.036,1695344.497,0
176.463029277,0.23,230,8,4.302,573.44,132.266,1695369.073,10.383928625
176.40840488,0.152,152,9,3.344,1495857.033,132.41,1695377.265,0
176.223370483,0.221,221,2,42.166,197927.165,132.562,1705431.34,0
177.224216673,0.221,221,2,42.387,197943.549,132.783,1718860.543,1.00084619
178.225368757,0.221,221,2,42.608,197959.933,133.004,1732355.819,1.001152084
179.226316311,0.221,221,2,42.829,197976.317,133.225,1745190.365,1.000947554
176.456556218,1.575,1575,6,82.454,1015.531,133.446,1751758.408,0
180.227251046,0.221,221,2,43.05,197984.509,135.959,1758637.655,3.770694828
181.228057858,0.221,221,2,43.271,198000.893,136.18,1771868.639,1.000806812
182.228880385,0.221,221,2,43.492,198017.277,136.401,1785033.55,1.000822527
183.230112454,0.221,221,2,43.713,198033.661,136.622,1797802.023,1.001232069
184.230941357,0.221,221,2,43.934,198050.045,136.843,1810174.058,1.000828903
185.231736861,0.221,221,2,44.155,198066.429,137.064,1823669.334,1.000795504
176.466013308,0.152,152,9,3.496,1631534.505,137.285,1831275.921,0
180.729019363,2.513,2513,6,84.967,1081.067,137.437,1831341.994,4.263006055
186.841839927,2.538,2538,6,87.505,1146.603,139.975,1831407.53,6.112820564
176.464542306,0.144,144,8,4.446,606.208,141.55,1831432.106,0
186.858983949,0.23,230,8,4.676,622.592,141.78,1831448.49,10.394441643
186.797852984,0.152,152,9,3.648,1631600.578,141.924,1831456.682,0
186.232621917,0.221,221,2,44.376,198082.813,142.076,1835338.456,0
187.233504597,0.221,221,2,44.597,198099.197,142.297,1848885.216,1.00088268
188.234370592,0.221,221,2,44.818,198115.581,142.518,1862248.346,1.000865995
189.235202558,0.221,221,2,45.039,198131.965,142.739,1875413.257,1.000831966
186.847450247,1.575,1575,6,89.08,1146.603,142.96,1881830.53,0
190.235974335,0.221,221,2,45.26,198148.349,145.473,1888743.082,3.388524088
191.236766645,0.221,221,2,45.481,198164.733,145.694,1902238.358,1.00079231
192.237598755,0.221,221,2,45.702,198181.117,145.915,1915138.977,1.00083211
193.238454959,0.221,221,2,45.923,198197.501,146.136,1928502.107,1.000856204
194.239286566,0.221,221,2,46.144,198213.885,146.357,1941468.799,1.000831607
195.240173493,0.221,221,2,46.365,198230.269,146.578,1954831.929,1.000886927
196.241142571,0.221,221,2,46.586,198246.653,146.799,1967996.84,1.000969078
186.863156815,0.152,152,9,3.8,1767935.936,147.02,1968005.032,0
190.728949492,2.513,2513,6,91.593,1179.371,147.172,1968161.661,3.865792677
197.293861261,2.538,2538,6,94.131,1228.523,149.71,1968210.813,6.564911769
186.861177914,0.144,144,8,4.82,655.36,151.285,1968235.389,0
197.30729328,0.23,230,8,5.05,671.744,151.515,1968251.773,10.446115366
197.246065701,0.152,152,9,3.952,1768092.565,151.659,1968259.965,0
197.242124023,0.221,221,2,46.807,198263.037,151.811,1980428.376,0
198.242923225,0.221,221,2,47.028,198279.421,152.032,1993527.214,1.000799202
199.243707353,0.221,221,2,47.249,198295.805,152.253,2006692.125,1.000784128
197.301121838,1.575,1575,6,95.706,1228.523,152.474,2013175.471,0
200.244563603,0.221,221,2,47.47,198312.189,154.987,2020005.566,2.943441765
201.245413867,0.221,221,2,47.691,198328.573,155.208,2033368.696,1.000850264
202.246189976,0.221,221,2,47.912,198344.957,155.429,2046467.534,1.000776109
203.246966341,0.221,221,2,48.133,198361.341,155.65,2059698.518,1.000776365
204.247811437,0.221,221,2,48.354,198377.725,155.871,2072731.283,1.000845096
205.248709724,0.221,221,2,48.575,198394.109,156.092,2086028.34,1.000898287
206.250423741,0.221,221,2,48.796,198410.493,156.313,2098995.032,1.001714017
197.31033136,0.152,152,9,4.104,1903743.221,156.534,2104090.845,0
200.729580867,2.513,2513,6,98.219,1244.907,156.686,2104247.474,3.419249507
207.683799536,2.581,2581,6,100.8,1277.675,159.267,2104280.242,6.954218669
197.308828432,0.144,144,8,5.194,704.512,160.842,2104304.818,0
207.706525265,0.23,230,8,5.424,720.896,161.072,2104321.202,10.397696833
207.632574217,0.152,152,9,4.256,1903899.85,161.216,2104329.394,0
207.251212678,0.221,221,2,49.017,198426.877,161.368,2111595.046,0
208.252152058,0.221,221,2,49.238,198443.261,161.589,2124826.03,1.00093938
209.253088325,0.221,221,2,49.459,198459.645,161.81,2137990.941,1.000936267
207.700183775,1.575,1575,6,102.375,1277.675,162.031,2144342.141,0
210.253881349,0.221,221,2,49.68,198476.029,164.544,2151352.997,2.553697574
211.254718181,0.221,221,2,49.901,198492.413,164.765,2164782.2,1.000836832
212.255612122,0.221,221,2,50.122,198500.605,164.986,2178203.211,1.000893941
213.256514867,0.221,221,2,50.343,198516.989,165.207,2191235.976,1.000902745
214.257556908,0.221,221,2,50.564,198533.373,165.428,2204268.741,1.001042041
215.258402773,0.221,221,2,50.785,198549.757,165.649,2217367.579,1.000845865
216.259688562,0.221,221,2,51.006,198566.141,165.87,2230664.636,1.001285789
207.709753055,0.152,152,9,4.408,2039867.514,166.091,2240583.778,0
210.730148052,2.513,2513,6,104.888,1408.747,166.243,2240753.829,3.020394997
218.070109995,2.581,2581,6,107.469,1474.283,168.824,2240819.365,7.339961943
207.707996132,0.144,144,8,5.568,745.472,170.399,2240835.749,0
218.084443718,0.23,230,8,5.798,770.048,170.629,2240860.325,10.376447586
218.020964564,0.152,152,9,4.56,2040037.565,170.773,2240868.517,0
217.261640459,0.221,221,2,51.227,198582.525,170.925,2243109.794,0
218.262623787,0.221,221,2,51.448,198598.909,171.146,2256281.599,1.000983328
219.263621488,0.221,221,2,51.669,198615.293,171.367,2269578.656,1.000997701
218.075178673,1.575,1575,6,109.044,1474.283,171.588,2275665.564,0
220.26448829,0.221,221,2,51.89,198631.677,174.101,2282974.554,2.189309617
221.265649926,0.221,221,2,52.111,198648.061,174.322,2296421.776,1.001161636
222.266514645,0.221,221,2,52.332,198664.445,174.543,2309520.614,1.000864719
223.267437997,0.221,221,2,52.553,198680.829,174.764,2322949.817,1.000923352
224.268322824,0.221,221,2,52.774,198697.213,174.985,2336379.02,1.000884827
225.269568554,0.221,221,2,52.995,198713.597,175.206,2349874.296,1.00124573
226.270698428,0.221,221,2,53.216,198729.981,175.427,2363171.353,1.001129874
227.271567267,0.221,221,2,53.437,198746.365,175.648,2376666.629,1.000868839
218.087300651,0.152,152,9,4.712,2176423.753,175.869,2377467.697,0
220.7291787,2.513,2513,6,111.557,1507.051,176.021,2377624.326,2.641878049
228.377521851,2.538,2538,6,114.095,1539.819,178.559,2377657.094,7.648343151
218.085715714,0.144,144,8,5.942,794.624,180.134,2377673.478,0
228.388727374,0.23,230,8,6.172,819.2,180.364,2377698.054,10.30301166
228.334888574,0.152,152,9,4.864,2176580.382,180.508,2377706.246,0
228.272521357,0.221,221,2,53.658,198762.749,180.66,2388472.801,0
229.273414276,0.221,221,2,53.879,198779.133,180.881,2400976.982,1.000892919
228.38223558,1.575,1575,6,115.67,1539.819,181.102,2406535.306,0
230.274332479,0.221,221,2,54.1,198795.517,183.615,2413695.766,1.892096899
231.275200858,0.221,221,2,54.321,198811.901,183.836,2426596.385,1.000868379
232.276128603,0.221,221,2,54.542,198828.285,184.057,2439364.858,1.000927745
233.277150421,0.221,221,2,54.763,198844.669,184.278,2452992.28,1.001021818
234.278424404,0.221,221,2,54.984,198861.053,184.499,2466091.118,1.001273983
235.279434239,0.221,221,2,55.205,198877.437,184.72,2479123.883,1.001009835
236.280423576,0.221,221,2,55.426,198893.821,184.941,2492354.867,1.000989337
237.282174213,0.221,221,2,55.647,198910.205,185.162,2505784.07,1.001750637
228.391873188,0.152,152,9,5.016,2312679.226,185.383,2513985.314,0
230.730831862,2.513,2513,6,118.183,1556.203,185.535,2514051.387,2.338958674
238.938544541,2.538,2538,6,120.721,1572.587,188.073,2514067.771,8.207712679
228.390102756,0.144,144,8,6.316,851.968,189.648,2514092.347,0
238.952302179,0.23,230,8,6.546,868.352,189.878,2514108.731,10.562199423
238.887383756,0.152,152,9,5.168,2312745.299,190.022,2514116.923,0
238.28331931,0.221,221,2,55.868,198926.589,190.174,2518719.225,0
239.284201736,0.221,221,2,56.089,198942.973,190.395,2531950.209,1.000882426
238.944125782,1.575,1575,6,122.296,1572.587,190.616,2538169.263,0
240.285162926,0.221,221,2,56.31,198959.357,193.129,2545444.411,1.341037144
241.286072669,0.221,221,2,56.531,198975.741,193.35,2559203.979,1.000909743
242.286876843,0.221,221,2,56.752,198992.125,193.571,2572765.328,1.000804174
243.287687151,0.221,221,2,56.973,199008.509,193.792,2586524.896,1.000810308
244.288694219,0.221,221,2,57.194,199016.701,194.013,2599747.688,1.001007068
245.289938011,0.221,221,2,57.415,199024.893,194.234,2613432.991,1.001243792
246.29085113,0.221,221,2,57.636,199049.469,194.455,2627200.751,1.000913119
247.291715108,0.221,221,2,57.857,199065.853,194.676,2640894.246,1.000863978
238.955849651,0.152,152,9,5.32,2448494.314,194.897,2650152.658,0
240.72923416,2.513,2513,6,124.809,1703.659,195.049,2650382.467,1.773384509
249.008408103,2.538,2538,6,127.347,1769.195,197.587,2650448.003,8.279173943
238.954317415,0.144,144,8,6.69,892.928,199.162,2650464.387,0
249.019466943,0.23,230,8,6.92,917.504,199.392,2650488.963,10.065149528
248.969403322,0.152,152,9,5.472,2448724.123,199.536,2650497.155,0
248.29276914,0.221,221,2,58.078,199082.237,199.688,2654340.368,0
249.293581412,0.221,221,2,58.299,199098.621,199.909,2667505.279,1.000812272
249.013333032,1.575,1575,6,128.922,1769.195,200.13,2672799.311,0
250.294355889,0.221,221,2,58.52,199115.005,202.643,2680587.196,1.281022857
251.295126644,0.221,221,2,58.741,199131.389,202.864,2694082.472,1.000770755
252.29600006,0.221,221,2,58.962,199147.773,203.085,2707511.675,1.000873416
253.296905836,0.221,221,2,59.183,199164.157,203.306,2721139.097,1.000905776
254.297819812,0.221,221,2,59.404,199180.541,203.527,2734832.592,1.000913976
255.29857457,0.221,221,2,59.625,199196.925,203.748,2747865.357,1.000754758
256.300507133,0.221,221,2,59.846,199213.309,203.969,2761492.779,1.001932563
257.301221834,0.221,221,2,60.067,199229.693,204.19,2775186.274,1.000714701
249.022532774,0.152,152,9,5.624,2584374.779,204.411,2786360.803,0
250.72898432,2.513,2513,6,131.435,1818.347,204.563,2786426.876,1.706451546
259.225975195,2.538,2538,6,133.973,1851.115,207.101,2786459.644,8.496990875
249.021074297,0.144,144,8,7.064,950.272,208.676,2786484.22,0
259.242394818,0.23,230,8,7.294,966.656,208.906,2786500.604,10.221320521
259.177718557,0.152,152,9,5.776,2584440.852,209.05,2786508.796,0
258.302682201,0.221,221,2,60.288,199246.077,209.202,2787758.887,0
259.304016698,0.221,221,2,60.509,199262.461,209.423,2800500.225,1.001334497
259.231479765,1.575,1575,6,135.548,1851.115,209.644,2806124.622,0
260.305355343,0.221,221,2,60.73,199278.845,212.157,2814192.646,1.073875578
261.30618924,0.221,221,2,60.951,199295.229,212.378,2827342.968,1.000833897
262.306890884,0.221,221,2,61.172,199311.613,212.599,2840970.39,1.000701644
263.307689568,0.221,221,2,61.393,199327.997,212.82,2854465.666,1.000798684
264.308476621,0.221,221,2,61.614,199344.381,213.041,2867300.212,1.000787053
265.309273881,0.221,221,2,61.835,199360.765,213.262,2880861.561,1.00079726
266.310028092,0.221,221,2,62.056,199377.149,213.483,2894092.545,1.000754211
267.310824911,0.221,221,2,62.277,199393.533,213.704,2907653.894,1.000796819
268.311652491,0.221,221,2,62.498,199409.917,213.925,2921149.17,1.00082758
259.245195302,0.152,152,9,5.928,2720892.458,214.146,2923271.698,0
260.729508479,2.513,2513,6,138.061,1982.187,214.298,2923365.673,1.484313177
269.527376005,2.538,2538,6,140.599,2047.723,216.836,2923431.209,8.797867526
259.243940749,0.144,144,8,7.438,991.232,218.411,2923447.593,0
269.539903896,0.23,230,8,7.668,1015.808,218.641,2923472.169,10.295963147
269.486831363,0.152,152,9,6.08,2720986.433,218.785,2923480.361,0
269.312428367,0.221,221,2,62.719,199426.301,218.937,2934406.485,0
269.532549212,1.575,1575,6,142.174,2047.723,219.158,2939766.59,0.220120845
270.313255899,0.221,221,2,62.94,199442.685,221.671,2947868.456,0.780706687
271.31411904,0.221,221,2,63.161,199459.069,221.892,2961628.024,1.000863141
272.314830881,0.221,221,2,63.382,199475.453,222.113,2975387.592,1.000711841
273.315545568,0.221,221,2,63.603,199491.837,222.334,2988816.795,1.000714687
274.316414936,0.221,221,2,63.824,199500.029,222.555,3001973.514,1.000869368
275.317349106,0.221,221,2,64.045,199524.605,222.776,3015410.909,1.00093417
276.318275171,0.221,221,2,64.266,199532.797,222.997,3029096.212,1.000926065
277.319012039,0.221,221,2,64.487,199549.181,223.218,3042591.488,1.000736868
278.319700267,0.221,221,2,64.708,199565.565,223.439,3055756.399,1.000688228
269.542337248,0.152,152,9,6.232,2857376.992,223.66,3060059.336,0
270.730538742,2.513,2513,6,144.687,2080.491,223.812,3060142.256,1.188201494
279.671709573,2.538,2538,6,147.225,2113.259,226.35,3060175.024,8.941170831
269.541183233,0.144,144,8,7.812,1040.384,227.925,3060191.408,0
279.688098766,0.23,230,8,8.042,1064.96,228.155,3060215.984,10.146915533
279.632937678,0.152,152,9,6.384,2857459.912,228.299,3060224.176,0
279.320396791,0.221,221,2,64.929,199581.949,228.451,3068917.534,0
279.676781946,1.575,1575,6,148.8,2113.259,228.672,3073881.201,0.356385155
280.321096335,0.221,221,2,65.15,199598.333,231.185,3082098.829,0.644314389
281.321813655,0.221,221,2,65.371,199614.717,231.406,3095726.251,1.00071732
282.322569521,0.221,221,2,65.592,199631.101,231.627,3109353.673,1.000755866
283.323399616,0.221,221,2,65.813,199647.485,231.848,3123047.168,1.000830095
284.324172271,0.221,221,2,66.034,199663.869,232.069,3136872.809,1.000772655
285.325013877,0.221,221,2,66.255,199680.253,232.29,3150368.085,1.000841606
286.326008124,0.221,221,2,66.476,199696.637,232.511,3164127.653,1.000994247
287.326742819,0.221,221,2,66.697,199713.021,232.732,3177887.221,1.000734695
288.327469597,0.221,221,2,66.918,199729.405,232.953,3191514.643,1.000726778
279.690818273,0.152,152,9,6.536,2993137.384,233.174,3196081.872,0
280.730179356,2.513,2513,6,151.313,2129.643,233.326,3196178.743,1.039361083
289.713331045,2.538,2538,6,153.851,2154.219,235.864,3196203.319,8.983151689
279.689371173,0.144,144,8,8.186,1089.536,237.439,3196219.703,0
289.729214606,0.23,230,8,8.416,1114.112,237.669,3196244.279,10.039843433
289.674927838,0.152,152,9,6.688,2993234.255,237.813,3196252.471,0
289.328185429,0.221,221,2,67.139,199745.789,237.965,3204268.797,0
289.719223607,1.575,1575,6,155.426,2154.219,238.186,3209628.902,0.391038178
290.328890541,0.221,221,2,67.36,199762.173,240.699,3217366.561,0.609666934
291.329597349,0.221,221,2,67.581,199778.557,240.92,3230267.18,1.000706808
292.330365351,0.221,221,2,67.802,199794.941,241.141,3243894.602,1.000768002
293.331166447,0.221,221,2,68.023,199811.325,241.362,3257654.17,1.000801096
294.331966128,0.221,221,2,68.244,199827.709,241.583,3271479.811,1.000799681
295.332748291,0.221,221,2,68.465,199844.093,241.804,3285173.306,1.000782163
296.333459407,0.221,221,2,68.686,199860.477,242.025,3298800.728,1.000711116
297.334143382,0.221,221,2,68.907,199876.861,242.246,3312626.369,1.000683975
298.334846822,0.221,221,2,69.128,199893.245,242.467,3326187.718,1.00070344
289.732223363,0.152,152,9,6.84,3128763.279,242.688,3332076.407,0
290.729371227,2.513,2513,6,157.939,2285.291,242.84,3332233.036,0.997147864
299.807536617,2.538,2538,6,160.477,2350.827,245.378,3332298.572,9.07816539
289.730658425,0.144,144,8,8.56,1138.688,246.953,3332314.956,0
299.821354801,0.23,230,8,8.79,1163.264,247.183,3332339.532,10.090696376
299.768927817,0.152,152,9,6.992,3128919.908,247.327,3332347.724,0
299.33555254,0.221,221,2,69.349,199909.629,247.479,3339362.441,0
299.812091917,1.575,1575,6,162.052,2350.827,247.7,3344656.473,0.476539377
300.336291699,0.221,221,2,69.57,199926.013,250.213,3352956.558,0.524199782
301.337054694,0.221,221,2,69.791,199942.397,250.434,3366583.98,1.000762995
302.337799008,0.221,221,2,70.012,199958.781,250.655,3380277.475,1.000744314
303.338459707,0.221,221,2,70.233,199975.165,250.876,3393970.97,1.000660699
304.339102386,0.221,221,2,70.454,199991.549,251.097,3407532.319,1.000642679
305.339789446,0.221,221,2,70.675,200007.933,251.318,3421093.668,1.00068706
306.340497028,0.221,221,2,70.896,200024.317,251.539,3434655.017,1.000707582
307.34127055,0.221,221,2,71.117,200040.701,251.76,3448084.22,1.000773522
308.341976941,0.221,221,2,71.338,200048.893,251.981,3461835.596,1.000706391
299.824407843,0.152,152,9,7.144,3264504.491,252.202,3468120.723,0
300.728971545,2.513,2513,6,164.565,2383.595,252.354,3468374.758,0.904563702
309.845442069,2.538,2538,6,167.103,2416.363,254.892,3468407.526,9.116470524
299.822786621,0.144,144,8,8.934,1187.84,256.467,3468423.91,0
309.85547286,0.23,230,8,9.164,1212.416,256.697,3468448.486,10.032686239
309.80876563,0.152,152,9,7.296,3264758.526,256.841,3468456.678,0
309.342708865,0.221,221,2,71.559,200065.277,256.993,3475239.389,0
309.849864582,1.575,1575,6,168.678,2416.363,257.214,3480599.494,0.507155717
310.34342207,0.221,221,2,71.78,200081.661,259.727,3488817.122,0.493557488
311.344332363,0.221,221,2,72.001,200098.045,259.948,3502048.106,1.000910293
312.345153889,0.221,221,2,72.222,200114.429,260.169,3515675.528,1.000821526
313.345873828,0.221,221,2,72.443,200130.813,260.39,3528906.512,1.000719939
314.346582206,0.221,221,2,72.664,200147.197,260.611,3542600.007,1.000708378
315.347387942,0.221,221,2,72.885,200163.581,260.832,3556491.721,1.000805736
316.348191383,0.221,221,2,73.106,200179.965,261.053,3570383.435,1.000803441
317.348916046,0.221,221,2,73.327,200196.349,261.274,3583944.784,1.000724663
318.349623898,0.221,221,2,73.548,200212.733,261.495,3597770.425,1.000707852
309.85867967,0.152,152,9,7.448,3400573.614,261.716,3604451.99,0
310.728860224,2.513,2513,6,171.191,2432.747,261.868,3604676.007,0.870180554
319.86947533,2.538,2538,6,173.729,2457.323,264.406,3604700.583,9.140615106
309.856869027,0.144,144,8,9.308,1236.992,265.981,3604716.967,0
319.88140981,0.23,230,8,9.538,1261.568,266.211,3604741.543,10.024540783
319.832826368,0.152,152,9,7.6,3400797.631,266.355,3604749.735,0
319.350433955,0.221,221,2,73.769,200229.117,266.507,3611474.581,0
319.874737576,1.575,1575,6,175.304,2457.323,266.728,3616636.467,0.524303621
320.351157259,0.221,221,2,73.99,200245.501,269.241,3625034.856,0.476419683
321.351971424,0.221,221,2,74.211,200261.885,269.462,3638596.205,1.000814165
322.352724776,0.221,221,2,74.432,200278.269,269.683,3651959.335,1.000753352
323.353394622,0.221,221,2,74.653,200294.653,269.904,3665520.684,1.000669846
324.354123456,0.221,221,2,74.874,200311.037,270.125,3678949.887,1.000728834
325.354907675,0.221,221,2,75.095,200327.421,270.346,3692709.455,1.000784219
326.355602914,0.221,221,2,75.316,200343.805,270.567,3706667.242,1.000695239
327.356300815,0.221,221,2,75.537,200360.189,270.788,3720492.883,1.000697901
328.357056072,0.221,221,2,75.758,200376.573,271.009,3734384.597,1.000755257
319.883699937,0.152,152,9,7.752,3537017.365,271.23,3741264.381,0
320.72896773,2.513,2513,6,177.817,2588.395,271.382,3741421.01,0.845267793
329.888871107,2.538,2538,6,180.355,2653.931,273.92,3741486.546,9.159903377
319.882552456,0.144,144,8,9.682,1286.144,275.495,3741502.93,0
329.899842107,0.23,230,8,9.912,1310.72,275.725,3741527.506,10.017289651
329.850328966,0.152,152,9,7.904,3537173.994,275.869,3741535.698,0
329.35778213,0.221,221,2,75.979,200392.957,276.021,3747559.32,0
329.893557383,1.575,1575,6,181.93,2653.931,276.242,3752522.987,0.535775253
330.358510472,0.221,221,2,76.2,200409.341,278.755,3760641.237,0.464953089
331.359231731,0.221,221,2,76.421,200425.725,278.976,3774004.367,1.000721259
332.359904103,0.221,221,2,76.642,200442.109,279.197,3787367.497,1.000672372
333.360613154,0.221,221,2,76.863,200458.493,279.418,3800532.408,1.000709051
334.361273634,0.221,221,2,77.084,200474.877,279.639,3813763.392,1.00066048
335.361972814,0.221,221,2,77.305,200491.261,279.86,3827192.595,1.00069918
336.362788689,0.221,221,2,77.526,200507.645,280.081,3840489.652,1.000815875
337.363503714,0.221,221,2,77.747,200524.029,280.302,3853852.782,1.000715025
338.364198547,0.221,221,2,77.968,200540.413,280.523,3866819.474,1.000694833
329.902669276,0.152,152,9,8.056,3672824.65,280.744,3877399.346,0
330.729187958,2.513,2513,6,184.443,2703.083,280.896,3877555.975,0.826518682
340.209750762,2.538,2538,6,186.981,2735.851,283.434,3877588.743,9.480562804
329.901320727,0.144,144,8,10.056,1335.296,285.009,3877605.127,0
340.21919523,0.23,230,8,10.286,1359.872,285.239,3877629.703,10.317874503
340.161238204,0.152,152,9,8.208,3672981.279,285.383,3877637.895,0
339.364944572,0.221,221,2,78.189,200556.797,285.535,3879502.566,0
340.213589915,1.575,1575,6,188.556,2735.851,285.756,3884259.822,0.848645343
340.365637934,0.221,221,2,78.41,200564.989,288.269,3892922.503,0.152048019
341.366447828,0.221,221,2,78.631,200581.373,288.49,3906351.706,1.000809894
342.367209714,0.221,221,2,78.852,200597.757,288.711,3919846.982,1.000761886
343.367985382,0.221,221,2,79.073,200614.141,288.932,3933011.893,1.000775668
344.369572295,0.221,221,2,79.294,200630.525,289.153,3946308.95,1.001586913
345.370630151,0.221,221,2,79.515,200646.909,289.374,3959606.007,1.001057856
346.371485229,0.221,221,2,79.736,200663.293,289.595,3972969.137,1.000855078
347.372169776,0.221,221,2,79.957,200679.677,289.816,3986266.194,1.000684547
348.372905349,0.221,221,2,80.178,200696.061,290.037,3999563.251,1.000735573
349.373810155,0.221,221,2,80.399,200712.445,290.258,4012728.162,1.000904806
340.221607693,0.152,152,9,8.36,3808569.51,290.479,4013529.23,0
340.728910018,2.513,2513,6,191.069,2866.923,290.631,4013685.859,0.507302325
350.483760837,2.538,2538,6,193.607,2932.459,293.169,4013751.395,9.754850819
340.220406108,0.144,144,8,10.43,1392.64,294.744,4013775.971,0
350.493439895,0.23,230,8,10.66,1409.024,294.974,4013792.355,10.273033787
350.436548578,0.152,152,9,8.512,3808726.139,295.118,4013800.547,0
350.487587339,1.575,1575,6,195.182,2932.459,295.27,4017041.663,0.051038761
350.375235696,0.221,221,2,80.62,200728.829,297.783,4025556.351,0
351.376157378,0.221,221,2,80.841,200745.213,298.004,4038853.408,1.000921682
352.376850508,0.221,221,2,81.062,200761.597,298.225,4052216.538,1.00069313
353.377590819,0.221,221,2,81.283,200777.981,298.446,4065513.595,1.000740311
354.378350047,0.221,221,2,81.504,200794.365,298.667,4079141.017,1.000759228
355.379220815,0.221,221,2,81.725,200810.749,298.888,4092107.709,1.000870768
356.379911473,0.221,221,2,81.946,200827.133,299.109,4105536.912,1.000690658
357.380592224,0.221,221,2,82.167,200843.517,299.33,4118569.677,1.000680751
358.381420673,0.221,221,2,82.388,200859.901,299.551,4131998.88,1.000828449
359.382119797,0.221,221,2,82.609,200876.285,299.772,4145031.645,1.000699124
350.496133912,0.152,152,9,8.664,3944377.547,299.993,4149664.947,0
350.728744679,2.513,2513,6,197.695,2981.611,300.145,4149821.576,0.232610767
360.728890065,2.513,2513,6,200.208,2997.995,302.658,4149837.96,10.000145386
360.773629045,2.538,2538,6,202.746,3022.571,305.196,4149862.536,0.04473898
350.494620387,0.144,144,8,10.804,1433.6,306.771,4149878.92,0
360.788081031,0.23,230,8,11.034,1458.176,307.001,4149903.496,10.293460644
360.725536194,0.152,152,9,8.816,3944534.176,307.145,4149911.688,0
360.382828273,0.221,221,2,82.83,200892.669,307.297,4157686.89,0
361.383636976,0.221,221,2,83.051,200909.053,307.518,4170969.358,1.000808703
362.384436943,0.221,221,2,83.272,200925.437,307.739,4184398.561,1.000799967
363.385254351,0.221,221,2,83.493,200941.821,307.96,4197827.764,1.000817408
364.385962449,0.221,221,2,83.714,200958.205,308.181,4210794.456,1.000708098
365.386678556,0.221,221,2,83.935,200974.589,308.402,4224157.586,1.000716107
366.387406409,0.221,221,2,84.156,200990.973,308.623,4237520.716,1.000727853
367.388252451,0.221,221,2,84.377,201007.357,308.844,4250553.481,1.000846042
368.389079073,0.221,221,2,84.598,201023.741,309.065,4263982.684,1.000826622
369.389744306,0.221,221,2,84.819,201040.125,309.286,4277147.595,1.000665233
360.782744812,1.575,1575,6,204.321,3022.571,309.507,4281714.824,0
360.790475064,0.152,152,9,8.968,4080402.144,312.02,4286009.032,0.00773025200004
370.728561857,2.513,2513,6,206.834,3088.107,312.172,4286165.661,9.938086793
371.090504295,2.538,2538,6,209.372,3186.411,314.71,4286263.965,0.361942438
360.789270113,0.144,144,8,11.178,1482.752,316.285,4286280.349,0
371.111424768,0.23,230,8,11.408,1507.328,316.515,4286304.925,10.322154655
371.043382307,0.152,152,9,9.12,4080558.773,316.659,4286313.117,0
370.390405978,0.221,221,2,85.04,201056.509,316.811,4290034.161,0
371.391103869,0.221,221,2,85.261,201089.277,317.253,4316297.91,1.000697891
373.393019061,0.221,221,2,85.482,201105.661,317.474,4329264.602,2.001915192
374.393854344,0.221,221,2,85.703,201122.045,317.695,4342363.44,1.000835283
375.394595573,0.221,221,2,85.924,201138.429,317.916,4355726.57,1.000741229
376.395309734,0.221,221,2,86.145,201154.813,318.137,4368825.408,1.000714161
377.395987307,0.221,221,2,86.366,201171.197,318.358,4382254.611,1.000677573
378.396654705,0.221,221,2,86.587,201187.581,318.579,4395815.96,1.000667398
379.397418136,0.221,221,2,86.808,201203.965,318.8,4409113.017,1.000763431
371.106105413,1.575,1575,6,210.947,3186.411,319.021,4413548.1,0
380.398132421,0.221,221,2,87.029,201220.349,321.534,4422079.172,9.292027008
371.114416957,0.152,152,9,9.272,4216087.26,321.755,4422087.364,0
380.729324261,2.513,2513,6,213.46,3251.947,321.907,4422243.993,9.614907304
381.451122662,2.538,2538,6,215.998,3284.715,324.445,4422276.761,0.721798401
371.113371903,0.144,144,8,11.552,1531.904,326.02,4422293.145,0
381.462383158,0.23,230,8,11.782,1556.48,326.25,4422317.721,10.349011255
381.402875792,0.152,152,9,9.424,4216243.889,326.394,4422325.913,0
381.39893278,0.221,221,2,87.25,201236.733,326.546,4434779.969,0
382.39973325,0.221,221,2,87.471,201253.117,326.767,4448275.245,1.00080047
383.400382569,0.221,221,2,87.692,201269.501,326.988,4461572.302,1.000649319
384.40103823,0.221,221,2,87.913,201285.885,327.209,4475001.505,1.000655661
385.401759819,0.221,221,2,88.134,201302.269,327.43,4488562.854,1.000721589
386.402508417,0.221,221,2,88.355,201310.461,327.651,4502116.011,1.000748598
387.403512332,0.221,221,2,88.576,201335.037,327.872,4515156.968,1.001003915
388.404820382,0.221,221,2,88.797,201351.421,328.093,4528454.025,1.00130805
389.405653113,0.221,221,2,89.018,201367.805,328.314,4541552.863,1.000832731
381.455468283,1.575,1575,6,217.573,3284.715,328.535,4545789.727,0
390.406344316,0.221,221,2,89.239,201384.189,331.048,4554742.35,8.950876033
381.468172475,0.152,152,9,9.576,4352114.117,331.269,4558384.557,0
390.729691016,2.513,2513,6,220.086,3309.291,331.421,4558466.948,9.261518541
392.033257043,2.538,2538,6,222.624,3329.771,333.959,4558487.428,1.303566027
381.463703955,0.144,144,8,11.926,1581.056,335.534,4558503.812,0
392.043519634,0.231,231,8,12.157,1605.632,335.765,4558528.388,10.579815679
391.678817145,0.152,152,9,9.728,4352196.508,335.91,4558536.58,0
391.40712115,0.221,221,2,89.46,201400.573,336.062,4563436.961,0
392.407840521,0.221,221,2,89.681,201416.957,336.283,4576601.872,1.000719371
393.408491133,0.221,221,2,89.902,201433.341,336.504,4589965.002,1.000650612
394.409153833,0.221,221,2,90.123,201449.725,336.725,4603460.278,1.0006627
395.409810935,0.221,221,2,90.344,201466.109,336.946,4616559.116,1.000657102
396.410531916,0.221,221,2,90.565,201482.493,337.167,4629327.589,1.000720981
397.411277098,0.221,221,2,90.786,201498.877,337.388,4642624.646,1.000745182
398.412158459,0.221,221,2,91.007,201515.261,337.609,4655855.63,1.000881361
399.412790554,0.221,221,2,91.228,201531.645,337.83,4669020.541,1.000632095
392.037813216,1.575,1575,6,224.199,3329.771,338.051,4673257.405,0
400.413456021,0.221,221,2,91.449,201548.029,340.564,4682581.353,8.375642805
392.046275002,0.152,152,9,9.88,4487781.091,340.785,4694350.539,0
400.728794803,2.513,2513,6,226.712,3395.307,340.937,4694507.168,8.682519801
401.414117534,0.221,221,2,91.67,201564.413,343.475,4694515.36,0.685322731
402.414821732,0.221,221,2,91.891,201580.797,343.696,4694531.744,1.000704198
403.415538829,0.221,221,2,92.112,201597.181,343.917,4694548.128,1.000717097
404.416091091,0.221,221,2,92.333,201613.565,344.138,4694564.512,1.000552262
405.416619626,0.221,221,2,92.554,201629.949,344.359,4694580.896,1.000528535
406.417214747,0.221,221,2,92.775,201646.333,344.58,4694597.28,1.000595121
407.417776004,0.221,221,2,92.996,201662.717,344.801,4694615.712,1.000561257
408.418418393,0.221,221,2,93.217,201679.101,345.022,4694632.096,1.000642389
409.419211893,0.221,221,2,93.438,201695.485,345.243,4694648.48,1.0007935
402.354169047,2.538,2538,6,229.25,3395.307,345.464,4694656.672,0
410.419806419,0.221,221,2,93.659,201711.869,345.803,4694763.168,8.065637372
411.420415578,0.221,221,2,93.88,201728.253,346.024,4694779.552,1.000609159
412.421037152,0.221,221,2,94.101,201744.637,346.245,4694795.936,1.000621574
413.421753652,0.221,221,2,94.322,201761.021,346.466,4694812.32,1.0007165
414.42259553,0.221,221,2,94.543,201777.405,346.687,4694828.704,1.000841878
415.423166303,0.221,221,2,94.764,201793.789,346.908,4694845.088,1.000570773
416.423940505,0.221,221,2,94.985,201810.173,347.129,4694861.472,1.000774202
417.424516064,0.221,221,2,95.206,201826.557,347.35,4694877.856,1.000575559
418.424941418,0.221,221,2,95.427,201842.941,347.571,4694894.24,1.000425354
419.425348011,0.221,221,2,95.648,201859.325,347.792,4694910.624,1.000406593
410.730870704,0.339,339,6,229.589,3493.611,348.013,4694918.816,0
420.425749182,0.221,221,2,95.869,201875.709,348.352,4694976.16,9.694878478
421.426155883,0.221,221,2,96.09,201892.093,348.573,4694992.544,1.000406701
422.426578819,0.221,221,2,96.311,201908.477,348.794,4695008.928,1.000422936
423.426986123,0.221,221,2,96.532,201924.861,349.015,4695025.312,1.000407304
424.42739746,0.221,221,2,96.753,201941.245,349.236,4695043.712,1.000411337
425.427812917,0.221,221,2,96.974,201957.629,349.457,4695060.096,1.000415457
426.42823924,0.221,221,2,97.195,201974.013,349.678,4695076.48,1.000426323
427.428658543,0.221,221,2,97.416,201990.397,349.899,4695092.864,1.000419303
428.429106697,0.221,221,2,97.637,202006.781,350.12,4695109.248,1.000448154
429.429523447,0.221,221,2,97.858,202023.165,350.341,4695127.056,1.00041675
420.728375598,0.339,339,6,229.928,3542.763,350.562,4695135.248,0
430.429930553,0.221,221,2,98.079,202039.549,350.901,4695159.824,9.701554955
431.430350382,0.221,221,2,98.3,202055.933,351.122,4695176.208,1.000419829
432.430785997,0.221,221,2,98.521,202072.317,351.343,4695192.592,1.000435615
433.431329148,0.221,221,2,98.742,202088.701,351.564,4695208.976,1.000543151
434.431828272,0.221,221,2,98.963,202105.085,351.785,4695225.36,1.000499124
435.432243961,0.221,221,2,99.184,202137.853,352.006,4695258.128,1.000415689
437.433158031,0.221,221,2,99.405,202154.237,352.227,4695274.512,2.00091407
438.433573737,0.221,221,2,99.626,202170.621,352.448,4695290.896,1.000415706
439.434118024,0.221,221,2,99.847,202187.005,352.669,4695307.28,1.000544287
430.728365546,0.339,339,6,230.267,3559.147,352.89,4695315.472,0
440.434652183,0.221,221,2,100.068,202203.389,353.229,4695333.648,9.706286637
441.43513928,0.221,221,2,100.289,202219.773,353.45,4695350.032,1.000487097
442.43555042,0.221,221,2,100.51,202236.157,353.671,4695366.416,1.00041114
443.436004591,0.221,221,2,100.731,202252.541,353.892,4695382.8,1.000454171
444.43646748,0.221,221,2,100.952,202268.925,354.113,4695399.184,1.000462889
445.436893473,0.221,221,2,101.173,202285.309,354.334,4695415.568,1.000425993
446.437570045,0.221,221,2,101.394,202301.693,354.555,4695431.952,1.000676572
447.438212859,0.221,221,2,101.615,202318.077,354.776,4695448.336,1.000642814
448.438763698,0.221,221,2,101.836,202334.461,354.997,4695464.72,1.000550839
449.439247528,0.221,221,2,102.057,202350.845,355.218,4695481.104,1.00048383
440.728307161,0.339,339,6,230.606,3567.339,355.439,4695489.296,0
450.439655573,0.221,221,2,102.278,202367.229,355.778,4695509.776,9.711348412
451.440083034,0.221,221,2,102.499,202383.613,355.999,4695526.16,1.000427461
452.440520567,0.221,221,2,102.72,202399.997,356.22,4695542.544,1.000437533
453.440945469,0.221,221,2,102.941,202416.381,356.441,4695558.928,1.000424902
454.441372873,0.221,221,2,103.162,202432.765,356.662,4695575.312,1.000427404
455.441793081,0.221,221,2,103.383,202449.149,356.883,4695591.696,1.000420208
456.442245164,0.221,221,2,103.604,202465.533,357.104,4695608.08,1.000452083
457.442693927,0.221,221,2,103.825,202481.917,357.325,4695624.464,1.000448763
458.443108345,0.221,221,2,104.046,202498.301,357.546,4695640.848,1.000414418
459.443528409,0.221,221,2,104.267,202514.685,357.767,4695657.232,1.000420064
450.728430947,0.339,339,6,230.945,3579.627,357.988,4695665.424,0
460.443943654,0.221,221,2,104.488,202531.069,358.327,4695679.76,9.715512707
461.44436633,0.221,221,2,104.709,202547.453,358.548,4695696.144,1.000422676
462.444793877,0.221,221,2,104.93,202563.837,358.769,4695712.528,1.000427547
463.445194667,0.221,221,2,105.151,202580.221,358.99,4695735.056,1.00040079
460.728301961,0.339,339,6,231.284,3596.011,359.211,4695753.488,0
465.266170306,1.575,1575,6,232.859,3596.011,360.786,4695753.488,4.537868345
465.274981666,0.286,286,6,233.145,3661.547,361.072,4695823.632,0.00881135999998
465.284065167,0.189,189,6,233.334,3694.315,361.261,4695856.4,0.00908350100002
465.302981515,0.249,249,6,233.583,3710.699,361.51,4695872.784,0.018916348
465.342172257,0.229,229,7,0.229,916.992,362.229,4697074.672,0.039190742
464.445604383,0.221,221,2,105.372,202596.605,362.417,4724789.232,0
465.446332523,0.221,221,2,105.593,202612.989,362.638,5020145.056,1.00072814
466.447361316,0.221,221,2,105.814,202629.373,362.859,5054076.32,1.001028793
467.448100269,0.221,221,2,106.035,202662.141,363.08,5054109.088,1.000738953
469.449721459,0.221,221,2,106.256,202678.525,363.301,5054125.472,2.00162119
465.314201529,0.114,114,6,233.697,3718.891,363.522,5054133.664,0
470.45037423,0.221,221,2,106.477,202694.909,366.035,5054145.952,5.136172701
471.451146525,0.221,221,2,106.698,202711.293,366.256,5054162.336,1.000772295
472.451882129,0.221,221,2,106.919,202727.677,366.477,5054178.72,1.000735604
473.452470688,0.221,221,2,107.14,202744.061,366.698,5054195.104,1.000588559
474.453025275,0.221,221,2,107.361,202760.445,366.919,5054212.96,1.000554587
475.453672191,0.221,221,2,107.582,202776.829,367.328,5117375.328,1.000646916
476.454499563,0.221,221,2,107.803,202793.213,367.549,5117391.712,1.000827372
465.353732415,0.188,188,7,0.417,166272.512,367.77,5117399.904,0
477.455388207,0.221,221,2,108.024,202809.597,367.966,5150503.776,12.101655792
478.456257069,0.221,221,2,108.245,202825.981,368.187,5172933.472,1.000868862
479.457007913,0.221,221,2,108.466,202842.365,368.408,5172949.856,1.000750844
478.319429756,0.196,196,7,0.613,221781.504,368.629,5172958.048,0
470.730394631,2.513,2513,6,236.21,3722.987,368.815,5193421.664,0
480.457604655,0.221,221,2,108.687,202858.749,371.328,5235014.496,9.727210024
481.45822286,0.221,221,2,108.908,202875.133,371.549,5235030.88,1.000618205
465.353077278,0.188,188,4,0.188,95044.96,371.77,5235039.072,0
482.458820489,0.221,221,2,109.129,202891.517,372.019,5270192.128,17.105743211
483.459477175,0.221,221,2,109.35,202907.901,372.24,5307648.208,1.000656686
465.347243501,0.188,188,5,0.188,96853.248,372.461,5307658.256,0
484.460372039,0.221,221,2,109.571,202924.285,372.657,5355524.112,19.113128538
485.461437321,0.221,221,2,109.792,202940.669,372.878,5366648.848,1.001065282
486.462516928,0.221,221,2,110.013,202957.053,373.099,5366667.184,1.001079607
485.176241194,0.196,196,5,0.384,155819.264,373.32,5366675.376,0
487.463377176,0.221,221,2,110.234,202973.437,373.506,5426583.472,2.287135982
488.464029947,0.221,221,2,110.455,202989.821,373.727,5426600.976,1.000652771
483.095723143,0.249,249,4,0.437,167628.384,373.948,5426609.168,0
489.464779746,0.221,221,2,110.676,203006.205,374.134,5485550.608,6.369056603
480.728660157,2.513,2513,6,238.723,3725.035,374.355,5485558.8,0
490.465412529,0.221,221,2,110.897,203022.589,376.868,5485568.016,9.736752372
489.777726869,0.186,186,4,0.623,226561.632,377.089,5485576.208,0
491.466051283,0.221,221,2,111.118,203038.973,377.266,5485586.224,1.688324414
492.466720756,0.221,221,2,111.339,203055.357,377.487,5485602.608,1.000669473
475.79590802,0.188,188,3,0.188,63153.264,377.708,5538727.728,0
493.467361487,0.221,221,2,111.56,203071.741,377.939,5597439.792,17.671453467
494.468007663,0.221,221,2,111.781,203088.125,378.16,5597456.176,1.000646176
494.039125234,0.231,231,3,0.419,121857.136,378.381,5597464.368,0
495.468637402,0.221,221,2,112.002,203104.509,378.558,5647558.448,1.429512168
496.469368392,0.221,221,2,112.223,203120.893,378.779,5647575.872,1.00073099
487.720859948,0.186,186,5,0.57,215719.168,379.0,5647585.328,0
497.470155913,0.221,221,2,112.444,203137.277,379.23,5705019.44,9.749295965
498.470790288,0.221,221,2,112.665,203153.661,379.451,5705035.824,1.000634375
495.673498053,0.177,177,3,0.596,171944.288,379.672,5705044.016,0
490.728941922,2.513,2513,6,241.236,3726.059,380.079,5764550.704,0
499.471566667,0.221,221,2,112.886,203186.429,382.592,5764559.888,8.742624745
501.472992573,0.221,221,2,113.107,203202.813,382.813,5764577.584,2.001425906
502.473659793,0.221,221,2,113.328,203219.197,383.034,5764593.968,1.00066722
503.474394397,0.221,221,2,113.549,203235.581,383.255,5764610.352,1.000734604
504.47504331,0.221,221,2,113.77,203251.965,383.476,5764626.736,1.000648913
505.475764272,0.221,221,2,113.991,203268.349,383.697,5764643.12,1.000720962
506.476364887,0.221,221,2,114.212,203284.733,383.918,5764661.6,1.000600615
507.476974006,0.221,221,2,114.433,203301.117,384.139,5764677.984,1.000609119
508.477583299,0.221,221,2,114.654,203317.501,384.36,5764694.368,1.000609293
509.478202789,0.221,221,2,114.875,203333.885,384.581,5764710.752,1.00061949
500.941984493,2.513,2513,6,243.749,3727.051,384.802,5764718.944,0
510.478931838,0.221,221,2,115.096,203350.269,387.315,5764728.096,9.536947345
511.479567102,0.221,221,2,115.317,203366.653,387.536,5764744.48,1.000635264
512.480085278,0.221,221,2,115.538,203383.037,387.757,5764760.864,1.000518176
513.480664546,0.221,221,2,115.759,203399.421,387.978,5764777.248,1.000579268
514.481221193,0.221,221,2,115.98,203415.805,388.199,5764794.864,1.000556647
510.728607296,2.513,2513,6,246.262,3728.011,388.42,5764803.84,0
515.485071683,0.221,221,2,116.201,203432.189,388.598,5764812.96,4.756464387
516.487973759,0.221,221,2,116.422,203448.573,388.819,5764829.344,1.002902076
515.975048416,0.178,178,6,246.44,3728.939,389.04,5764837.536,0
517.653547979,2.588,2588,6,249.028,3738.091,391.628,5764846.688,1.678499563
517.658424811,1.575,1575,6,250.603,3738.091,393.203,5764846.688,0.00487683200004
497.784627815,0.23,230,5,0.8,273148.416,393.452,5764863.072,0
491.564150978,0.177,177,4,0.8,279679.6,393.682,5764863.072,0
480.646556114,0.186,186,7,0.799,283833.584,393.87,5764863.072,0
517.681214248,0.23,230,5,1.03,273148.416,394.066,5764863.072,37.034658134
517.488942364,0.221,221,2,116.643,203464.957,394.262,6237520.992,0
518.489700553,0.221,221,2,116.864,203481.341,394.483,6275449.952,1.000758189
519.490425536,0.221,221,2,117.085,203497.725,394.704,6275466.336,1.000724983
517.662997729,0.249,249,6,250.852,3754.475,394.925,6275474.528,0
520.491039328,0.221,221,2,117.306,203514.109,397.438,6275490.912,2.828041599
521.491655107,0.221,221,2,117.527,203530.493,397.659,6275507.296,1.000615779
522.492160065,0.221,221,2,117.748,203546.877,397.88,6275523.68,1.000504958
523.492735716,0.221,221,2,117.969,203563.261,398.101,6275540.064,1.000575651
524.493356527,0.221,221,2,118.19,203579.645,398.322,6275556.448,1.000620811
525.493884434,0.221,221,2,118.411,203596.029,398.543,6275572.832,1.000527907
526.494451865,0.221,221,2,118.632,203612.413,398.764,6275589.216,1.000567431
527.495072838,0.221,221,2,118.853,203628.797,398.985,6275605.6,1.000620973
517.68209144,0.196,196,7,0.995,447431.92,399.206,6275613.792,0
528.495693331,0.221,221,2,119.074,203645.181,399.394,6339487.936,10.813601891
529.49644859,0.221,221,2,119.295,203661.565,399.615,6339504.32,1.000755259
520.728930007,2.513,2513,6,253.365,3762.667,399.836,6339512.512,0
499.810636155,0.186,186,3,0.782,231401.824,402.349,6339516.608,0
530.497216548,0.221,221,2,119.516,203677.949,402.537,6393051.328,30.686580393
517.682630175,0.196,196,5,1.226,446692.96,402.758,6393075.904,0
531.497944337,0.221,221,2,119.737,203710.717,402.946,6450460.864,13.815314162
533.499126807,0.221,221,2,119.958,203727.101,403.167,6450477.248,2.00118247
534.499702482,0.221,221,2,120.179,203743.485,403.388,6450493.632,1.000575675
535.500300045,0.221,221,2,120.4,203759.869,403.609,6450510.016,1.000597563
517.68178066,0.188,188,4,0.988,453100.144,403.83,6450518.208,0
536.500929946,0.221,221,2,120.621,203776.253,404.079,6515017.92,18.819149286
528.892123098,0.188,188,7,1.183,511296.752,404.3,6515026.112,0
537.501567334,0.221,221,2,120.842,203792.637,404.529,6558845.12,8.609444236
538.502333926,0.221,221,2,121.063,203809.021,404.75,6574098.624,1.000766592
539.503105627,0.221,221,2,121.284,203825.405,404.971,6574115.008,1.000771701
530.728684434,2.513,2513,6,255.878,3766.763,405.192,6574123.2,0
531.045640577,0.188,188,3,0.97,284928.352,407.705,6574125.248,0.316956143
540.503935026,0.221,221,2,121.505,203841.789,407.936,6629839.04,9.458294449
541.504950247,0.221,221,2,121.726,203858.173,408.157,6629855.424,1.001015221
538.323774182,0.229,229,7,1.412,570344.688,408.378,6629863.616,0
542.50555107,0.221,221,2,121.947,203874.557,408.564,6684135.616,4.181776888
543.506168488,0.221,221,2,122.168,203890.941,408.785,6684152.0,1.000617418
540.914524532,0.231,231,3,1.201,340633.952,409.006,6684160.192,0
544.506781299,0.221,221,2,122.389,203907.325,409.192,6742544.576,3.592256767
545.507416173,0.221,221,2,122.61,203923.709,409.413,6742560.96,1.000634874
546.508035089,0.221,221,2,122.831,203940.093,409.634,6742577.344,1.000618916
547.508695139,0.221,221,2,123.052,203956.477,409.855,6742593.728,1.00066005
536.587086485,0.249,249,4,1.237,517591.664,410.076,6742601.92,0
548.509331993,0.221,221,2,123.273,203972.861,410.262,6803460.288,11.922245508
549.50989095,0.221,221,2,123.494,203989.245,410.483,6803476.672,1.000558957
540.729564535,2.513,2513,6,258.391,3768.811,410.704,6803484.864,0
550.510491006,0.221,221,2,123.715,204005.629,413.217,6803494.08,9.780926471
548.589642882,0.186,186,4,1.423,578441.84,413.438,6803502.272,0
551.511162153,0.221,221,2,123.936,204022.013,413.615,6859904.192,2.921519271
552.511961656,0.221,221,2,124.157,204038.397,413.836,6859920.576,1.000799503
544.885283229,0.186,186,3,1.387,399010.144,414.057,6859929.808,0
553.512678821,0.221,221,2,124.378,204054.781,414.234,6905026.768,8.627395592
554.513302568,0.221,221,2,124.599,204071.165,414.455,6905043.152,1.000623747
533.076556197,0.188,188,5,1.414,504070.768,414.676,6905051.344,0
555.513912855,0.221,221,2,124.82,204087.549,414.862,6963992.784,22.437356658
556.51455324,0.221,221,2,125.041,204103.933,415.083,6964009.168,1.000640385
557.515289542,0.221,221,2,125.262,204120.317,415.304,6964025.552,1.000736302
558.515791819,0.221,221,2,125.483,204136.701,415.525,6964041.936,1.000502277
559.5164555,0.221,221,2,125.704,204153.085,415.746,6964058.32,1.000663681
550.730609443,2.513,2513,6,260.904,3769.835,415.967,6964066.512,0
560.517176678,0.221,221,2,125.925,204169.469,418.48,6964075.696,9.786567235
561.518035231,0.221,221,2,126.146,204185.853,418.701,6964092.08,1.000858553
562.51865226,0.221,221,2,126.367,204202.237,418.922,6964108.464,1.000617029
563.519286231,0.221,221,2,126.588,204235.005,419.143,6964141.232,1.000633971
565.521249972,0.221,221,2,126.809,204251.389,419.364,6964157.616,2.001963741
566.521839239,0.221,221,2,127.03,204267.773,419.585,6964174.0,1.000589267
567.522438379,0.221,221,2,127.251,204284.157,419.806,6964190.384,1.00059914
568.523069824,0.221,221,2,127.472,204300.541,420.027,6964206.768,1.000631445
569.523701256,0.221,221,2,127.693,204316.925,420.248,6964223.152,1.000631432
570.524420358,0.221,221,2,127.914,204333.309,420.469,6964239.536,1.000719102
560.729765121,2.513,2513,6,263.417,3770.827,420.69,6964247.728,0
571.524946429,0.221,221,2,128.135,204349.693,423.381,6964256.88,10.795181308
572.525564751,0.221,221,2,128.356,204366.077,423.602,6964273.264,1.000618322
572.008867483,2.691,178,6,266.108,3771.787,423.823,6964281.456,0
573.526074187,0.221,221,2,128.577,204382.461,426.411,6964289.648,1.517206704
574.526644655,0.221,221,2,128.798,204398.845,426.632,6964306.032,1.000570468
574.282784048,2.588,2588,6,268.696,3780.699,426.853,6964323.136,0
575.896045692,1.575,1575,6,270.271,3780.699,428.428,6964323.136,1.613261644
575.898659715,0.286,286,6,270.557,3979.355,428.714,6964521.792,0.00261402299998
575.527156282,0.221,221,2,129.019,204415.229,428.903,6964531.008,0
576.527715066,0.221,221,2,129.24,204431.613,429.124,6964547.392,1.000558784
575.904832846,0.189,189,6,270.746,3980.379,429.345,6964555.584,0
578.124808667,2.376,2376,6,273.122,3992.907,431.721,6964568.112,2.219975821
577.528344411,0.221,221,2,129.461,204447.997,433.296,6964576.304,0
578.528983748,0.221,221,2,129.682,204464.381,433.517,6964592.688,1.000639337
578.129598757,1.575,1575,6,274.697,3992.907,433.738,6964600.88,0
579.529595777,0.221,221,2,129.903,204480.765,436.114,6964609.072,1.39999702
580.404809487,2.376,2376,6,277.073,3992.907,436.335,6964617.264,0.87521371
580.530219304,0.221,221,2,130.124,204497.149,436.674,6964631.6,0.125409817
581.530826055,0.221,221,2,130.345,204513.533,436.895,6964647.984,1.000606751
580.728786604,0.339,339,6,277.412,4002.123,437.116,6964659.248,0
583.191871756,0.189,189,6,277.601,4004.667,437.305,6964661.792,2.463085152
582.531321682,0.221,221,2,130.566,204529.917,437.494,6964671.904,0
583.531903303,0.221,221,2,130.787,204546.301,437.715,6964688.288,1.000581621
584.532417155,0.221,221,2,131.008,204562.685,437.936,6964704.672,1.000513852
585.532919252,0.221,221,2,131.229,204579.069,438.157,6964721.056,1.000502097
586.533487219,0.221,221,2,131.45,204595.453,438.378,6964737.44,1.000567967
583.21307409,0.189,189,6,277.79,4007.499,438.599,6964746.544,0
587.533970937,0.221,221,2,131.671,204611.837,438.788,6964755.168,4.320896847
588.534482635,0.221,221,2,131.892,204628.221,439.009,6964771.552,1.000511698
589.535069874,0.221,221,2,132.113,204644.605,439.23,6964787.936,1.000587239
588.203893774,0.189,189,6,277.979,4007.931,439.451,6964796.128,0
590.535580563,0.221,221,2,132.334,204660.989,439.79,6964805.168,2.331686789
591.536124365,0.221,221,2,132.555,204677.373,440.011,6964821.552,1.000543802
592.536646739,0.221,221,2,132.776,204693.757,440.232,6964837.936,1.000522374
593.537184404,0.221,221,2,132.997,204710.141,440.453,6964854.32,1.000537665
594.537662219,0.221,221,2,133.218,204726.525,440.674,6964870.704,1.000477815
595.538112552,0.221,221,2,133.439,204759.293,440.895,6964903.472,1.000450333
597.539170027,0.221,221,2,133.66,204775.677,441.116,6964919.856,2.001057475
598.539695544,0.221,221,2,133.881,204792.061,441.337,6964936.24,1.000525517
599.540232051,0.221,221,2,134.102,204808.445,441.558,6964952.624,1.000536507
590.728328588,0.339,339,6,278.318,4008.779,441.779,6964960.816,0
600.540710131,0.221,221,2,134.323,204824.829,442.118,6964969.824,9.812381543
601.541258366,0.221,221,2,134.544,204841.213,442.339,6964986.208,1.000548235
602.541784358,0.221,221,2,134.765,204857.597,442.56,6965002.592,1.000525992
603.542248093,0.221,221,2,134.986,204873.981,442.781,6965018.976,1.000463735
604.542757197,0.221,221,2,135.207,204890.365,443.002,6965035.36,1.000509104
605.543377798,0.221,221,2,135.428,204906.749,443.223,6965051.744,1.000620601
606.543990072,0.221,221,2,135.649,204923.133,443.444,6965068.128,1.000612274
600.728595109,0.339,339,6,278.657,4018.827,443.665,6965085.552,0
608.040786602,1.575,1575,6,280.232,4018.827,445.24,6965085.552,7.312191493
608.045962883,0.286,286,6,280.518,16938.635,445.526,6978005.36,0.00517628099999
608.166254597,0.189,189,6,280.707,16939.627,445.715,6978006.352,0.120291714
607.544503156,0.221,221,2,135.87,204939.517,446.001,6978343.184,0
608.545078427,0.221,221,2,136.091,204955.901,446.222,6978359.568,1.000575271
608.171749186,0.286,286,6,280.993,16940.587,446.443,6978367.76,0
609.545584745,0.221,221,2,136.312,204972.285,446.632,6978376.88,1.373835559
609.920590365,0.189,189,6,281.182,16941.515,446.853,6978385.072,0.37500562
610.546179063,0.221,221,2,136.533,204988.669,449.366,6978394.16,0.625588698
611.546854386,0.221,221,2,136.754,205005.053,449.587,6978410.544,1.000675323
610.728631376,2.513,2513,6,283.695,16942.411,449.808,6978418.736,0
612.667819111,0.286,286,6,283.981,16943.275,450.094,6982646.672,1.939187735
612.547646479,0.221,221,2,136.975,205021.437,450.283,6982655.696,0
613.548409526,0.221,221,2,137.196,205037.821,450.504,6982672.08,1.000763047
614.549031056,0.221,221,2,137.417,205054.205,450.725,6982688.464,1.00062153
615.549530197,0.221,221,2,137.638,205070.589,450.946,6982704.848,1.000499141
616.550096022,0.221,221,2,137.859,205086.973,451.167,6982721.232,1.000565825
617.550647004,0.221,221,2,138.08,205103.357,451.388,6982737.616,1.000550982
618.551124308,0.221,221,2,138.301,205119.741,451.609,6982754.0,1.000477304
619.551737773,0.221,221,2,138.522,205136.125,451.83,6982770.384,1.000613465
612.698668918,0.189,189,6,284.17,16944.107,452.051,6982778.576,0
620.552246235,0.221,221,2,138.743,205152.509,454.564,6982787.568,7.853577317
621.552850518,0.221,221,2,138.964,205168.893,454.785,6982803.952,1.000604283
622.553381521,0.221,221,2,139.185,205185.277,455.006,6982820.336,1.000531003
623.553886694,0.221,221,2,139.406,205201.661,455.227,6982836.72,1.000505173
624.554489913,0.221,221,2,139.627,205218.045,455.448,6982853.104,1.000603219
625.555127674,0.221,221,2,139.848,205234.429,455.669,6982869.488,1.000637761
620.73949597,2.513,2513,6,286.683,16944.907,455.89,6982877.68,0
626.882954266,2.706,2706,6,289.389,16954.123,458.596,6982886.896,6.143458296
626.555745635,0.221,221,2,140.069,205250.813,460.171,6982895.088,0
627.556357437,0.221,221,2,140.29,205283.581,460.392,6982927.856,1.000611802
629.557570562,0.221,221,2,140.511,205299.965,460.613,6982944.24,2.001213125
626.886881551,1.575,1575,6,290.964,16954.123,460.834,6982952.432,0
630.55806692,0.221,221,2,140.732,205316.349,463.347,6982961.648,3.671185369
631.558655604,0.221,221,2,140.953,205332.733,463.568,6982978.032,1.000588684
632.559395801,0.221,221,2,141.174,205349.117,463.789,6982994.416,1.000740197
633.560044677,0.221,221,2,141.395,205365.501,464.01,6983010.8,1.000648876
634.560693527,0.221,221,2,141.616,205381.885,464.231,6983027.184,1.00064885
635.561227384,0.221,221,2,141.837,205398.269,464.452,6983043.568,1.000533857
636.561785479,0.221,221,2,142.058,205414.653,464.673,6983059.952,1.000558095
637.562293107,0.221,221,2,142.279,205431.037,464.894,6983076.336,1.000507628
638.562885571,0.221,221,2,142.5,205447.421,465.115,6983092.72,1.000592464
639.563617703,0.221,221,2,142.721,205463.805,465.336,6983109.104,1.000732132
630.728840011,2.513,2513,6,293.477,16955.147,465.557,6983117.296,0
640.757223337,2.513,2513,6,295.99,16956.139,468.07,6983118.288,10.028383326
640.564135272,0.221,221,2,142.942,205480.189,470.733,6983126.48,0
641.564696671,0.221,221,2,143.163,205496.573,470.954,6983142.864,1.000561399
642.56534919,0.221,221,2,143.384,205512.957,471.175,6983159.248,1.000652519
643.566069534,0.221,221,2,143.605,205529.341,471.396,6983175.632,1.000720344
644.568623197,0.221,221,2,143.826,205545.725,471.617,6983192.016,1.002553663
645.56934904,0.221,221,2,144.047,205562.109,471.838,6983208.4,1.000725843
646.569929573,0.221,221,2,144.268,205578.493,472.059,6983224.784,1.000580533
647.570509332,0.221,221,2,144.489,205594.877,472.28,6983241.168,1.000579759
648.57105537,0.221,221,2,144.71,205611.261,472.501,6983257.552,1.000546038
649.571597937,0.221,221,2,144.931,205627.645,472.722,6983273.936,1.000542567
640.919083612,2.663,2663,6,298.653,16956.139,472.943,6983282.128,0
650.572060078,0.221,221,2,145.152,205644.029,473.282,6983291.28,9.652976466
651.572543243,0.221,221,2,145.373,205660.413,473.503,6983307.664,1.000483165
652.572977068,0.221,221,2,145.594,205676.797,473.724,6983324.048,1.000433825
653.573404183,0.221,221,2,145.815,205693.181,473.945,6983340.432,1.000427115
654.573810627,0.221,221,2,146.036,205709.565,474.166,6983356.816,1.000406444
655.574213612,0.221,221,2,146.257,205725.949,474.387,6983373.2,1.000402985
656.574669507,0.221,221,2,146.478,205742.333,474.608,6983389.584,1.000455895
657.575093264,0.221,221,2,146.699,205758.717,474.829,6983405.968,1.000423757
658.5755024,0.221,221,2,146.92,205775.101,475.05,6983422.352,1.000409136
659.5759758,0.221,221,2,147.141,205791.485,475.271,6983438.736,1.0004734
650.728148724,0.339,339,6,298.992,16957.099,475.492,6983446.928,0
660.576589628,0.221,221,2,147.362,205807.869,475.831,6983456.048,9.848440904
661.577189341,0.221,221,2,147.583,205824.253,476.052,6983472.432,1.000599713
662.577656253,0.221,221,2,147.804,205840.637,476.273,6983488.816,1.000466912
663.57809324,0.221,221,2,148.025,205857.021,476.494,6983505.2,1.000436987
664.578573411,0.221,221,2,148.246,205873.405,476.715,6983521.584,1.000480171
665.579101886,0.221,221,2,148.467,205889.789,476.936,6983537.968,1.000528475
666.579557039,0.221,221,2,148.688,205906.173,477.157,6983554.352,1.000455153
667.579970985,0.221,221,2,148.909,205922.557,477.378,6983570.736,1.000413946
668.580403682,0.221,221,2,149.13,205938.941,477.599,6983587.12,1.000432697
669.580835639,0.221,221,2,149.351,205955.325,477.82,6983603.504,1.000431957
660.728253939,0.339,339,6,299.331,16958.027,478.041,6983611.696,0
670.581256135,0.221,221,2,149.572,205971.709,478.38,6983620.784,9.853002196
671.581728759,0.221,221,2,149.793,205988.093,478.601,6983637.168,1.000472624
672.582169642,0.221,221,2,150.014,206004.477,478.822,6983653.552,1.000440883
673.582579119,0.221,221,2,150.235,206020.861,479.043,6983669.936,1.000409477
674.58302791,0.221,221,2,150.456,206037.245,479.264,6983686.32,1.000448791
675.583453121,0.221,221,2,150.677,206053.629,479.485,6983702.704,1.000425211
676.583892299,0.221,221,2,150.898,206070.013,479.706,6983719.088,1.000439178
677.584387531,0.221,221,2,151.119,206086.397,479.927,6983735.472,1.000495232
678.584834414,0.221,221,2,151.34,206102.781,480.148,6983751.856,1.000446883
679.585369617,0.221,221,2,151.561,206119.165,480.369,6983768.24,1.000535203
670.728152264,0.339,339,6,299.67,16958.923,480.59,6983776.432,0
680.585920718,0.221,221,2,151.782,206135.549,480.929,6983785.488,9.857768454
681.586474531,0.221,221,2,152.003,206151.933,481.15,6983801.872,1.000553813
682.586959846,0.221,221,2,152.224,206168.317,481.371,6983818.256,1.000485315
683.587388105,0.221,221,2,152.445,206184.701,481.592,6983834.64,1.000428259
684.587797565,0.221,221,2,152.666,206201.085,481.813,6983851.024,1.00040946
685.588223514,0.221,221,2,152.887,206217.469,482.034,6983867.408,1.000425949
686.588661828,0.221,221,2,153.108,206233.853,482.255,6983883.792,1.000438314
687.589109351,0.221,221,2,153.329,206250.237,482.476,6983900.176,1.000447523
688.589518998,0.221,221,2,153.55,206266.621,482.697,6983916.56,1.000409647
689.589931672,0.221,221,2,153.771,206283.005,482.918,6983932.944,1.000412674
680.728159737,0.339,339,6,300.009,16959.787,483.139,6983941.136,0
690.590392968,0.221,221,2,153.992,206299.389,483.478,6983950.16,9.862233231
691.59090408,0.221,221,2,154.213,206332.157,483.92,6983985.536,1.000511112
693.591951159,0.221,221,2,154.434,206348.541,484.141,6984001.92,2.001047079
694.592446854,0.221,221,2,154.655,206364.925,484.362,6984018.304,1.000495695
695.592907499,0.221,221,2,154.876,206381.309,484.583,6984034.688,1.000460645
696.5933289,0.221,221,2,155.097,206397.693,484.804,6984051.072,1.000421401
697.593741358,0.221,221,2,155.318,206414.077,485.025,6984067.456,1.000412458
698.594171008,0.221,221,2,155.539,206430.461,485.246,6984083.84,1.00042965
699.594579433,0.221,221,2,155.76,206446.845,485.467,6984100.224,1.000408425
690.728144257,0.339,339,6,300.348,16960.619,485.688,6984108.416,0
700.594991907,0.221,221,2,155.981,206463.229,486.027,6984117.408,9.86684765
701.595464753,0.221,221,2,156.202,206479.613,486.248,6984133.792,1.000472846
702.595910789,0.221,221,2,156.423,206495.997,486.469,6984150.176,1.000446036
703.596542276,0.221,221,2,156.644,206512.381,486.69,6984166.56,1.000631487
704.596975877,0.221,221,2,156.865,206528.765,486.911,6984182.944,1.000433601
705.597494508,0.221,221,2,157.086,206545.149,487.132,6984199.328,1.000518631
706.59796458,0.221,221,2,157.307,206561.533,487.353,6984215.712,1.000470072
707.598422529,0.221,221,2,157.528,206577.917,487.574,6984232.096,1.000457949
708.598898239,0.221,221,2,157.749,206594.301,487.795,6984248.48,1.00047571
709.599343669,0.221,221,2,157.97,206610.685,488.016,6984264.864,1.00044543
700.728167134,0.339,339,6,300.687,16961.419,488.237,6984273.056,0
710.599796834,0.221,221,2,158.191,206627.069,488.576,6984281.632,9.8716297
711.600274771,0.221,221,2,158.412,206643.453,488.797,6984298.016,1.000477937
712.60071135,0.221,221,2,158.633,206659.837,489.018,6984314.4,1.000436579
713.601150057,0.221,221,2,158.854,206676.221,489.239,6984330.784,1.000438707
714.601556895,0.221,221,2,159.075,206692.605,489.46,6984347.168,1.000406838
715.601975859,0.221,221,2,159.296,206708.989,489.681,6984363.552,1.000418964
716.6024288,0.221,221,2,159.517,206725.373,489.902,6984379.936,1.000452941
717.602841137,0.221,221,2,159.738,206741.757,490.123,6984396.32,1.000412337
718.603241394,0.221,221,2,159.959,206758.141,490.344,6984412.704,1.000400257
719.603672513,0.221,221,2,160.18,206774.525,490.565,6984429.088,1.000431119
710.728176954,0.339,339,6,301.026,16961.803,490.786,6984437.28,0
720.604089333,0.221,221,2,160.401,206790.909,491.125,6984446.208,9.875912379
721.604530202,0.221,221,2,160.622,206807.293,491.346,6984462.592,1.000440869
722.604989393,0.221,221,2,160.843,206823.677,491.567,6984478.976,1.000459191
723.605410671,0.221,221,2,161.064,206840.061,491.788,6984495.36,1.000421278
724.605805984,0.221,221,2,161.285,206856.445,492.009,6984511.744,1.000395313
725.606263281,0.221,221,2,161.506,206872.829,492.23,6984528.128,1.000457297
726.606681815,0.221,221,2,161.727,206889.213,492.451,6984544.512,1.000418534
727.607086555,0.221,221,2,161.948,206905.597,492.672,6984560.896,1.00040474
728.60751172,0.221,221,2,162.169,206921.981,492.893,6984577.28,1.000425165
729.607927344,0.221,221,2,162.39,206938.365,493.114,6984594.976,1.000415624
720.72815641,0.339,339,6,301.365,16962.539,493.335,6984603.168,0
730.608425618,0.221,221,2,162.611,206954.749,493.674,6984612.064,9.880269208
731.608949408,0.221,221,2,162.832,206971.133,493.895,6984628.448,1.00052379
732.609392218,0.221,221,2,163.053,206987.517,494.116,6984646.016,1.00044281
733.609906372,0.221,221,2,163.274,207003.901,494.337,6984662.4,1.000514154
734.61039,0.221,221,2,163.495,207020.285,494.558,6984678.784,1.000483628
735.610828896,0.221,221,2,163.716,207036.669,494.779,6984695.168,1.000438896
736.611246639,0.221,221,2,163.937,207053.053,495.0,6984711.552,1.000417743
737.611686213,0.221,221,2,164.158,207069.437,495.221,6984727.936,1.000439574
738.612114127,0.221,221,2,164.379,207085.821,495.442,6984744.32,1.000427914
739.612516557,0.221,221,2,164.6,207102.205,495.663,6984760.704,1.00040243
730.728045034,0.339,339,6,301.704,16963.243,495.884,6984768.896,0
740.612929022,0.221,221,2,164.821,207118.589,496.223,6984777.76,9.884883988
741.613429657,0.221,221,2,165.042,207134.973,496.444,6984794.144,1.000500635
742.613880424,0.221,221,2,165.263,207151.357,496.665,6984810.528,1.000450767
743.614332066,0.221,221,2,165.484,207167.741,496.886,6984826.912,1.000451642
744.614754441,0.221,221,2,165.705,207184.125,497.107,6984843.296,1.000422375
745.615205012,0.221,221,2,165.926,207200.509,497.328,6984859.68,1.000450571
746.615655131,0.221,221,2,166.147,207216.893,497.549,6984876.064,1.000450119
747.616136544,0.221,221,2,166.368,207233.277,497.77,6984892.448,1.000481413
748.616634573,0.221,221,2,166.589,207249.661,497.991,6984908.832,1.000498029
749.617172176,0.221,221,2,166.81,207266.045,498.212,6984925.216,1.000537603
740.728153727,0.339,339,6,302.043,16963.915,498.433,6984933.408,0
750.61763321,0.221,221,2,167.031,207282.429,498.772,6984942.24,9.889479483
751.618163552,0.221,221,2,167.252,207298.813,498.993,6984958.624,1.000530342
752.61877221,0.221,221,2,167.473,207315.197,499.214,6984975.008,1.000608658
753.619353456,0.221,221,2,167.694,207331.581,499.435,6984991.392,1.000581246
754.619817964,0.221,221,2,167.915,207347.965,499.656,6985007.776,1.000464508
755.620350532,0.221,221,2,168.136,207364.349,499.877,6985024.16,1.000532568
756.620831771,0.221,221,2,168.357,207380.733,500.098,6985040.544,1.000481239
757.621369056,0.221,221,2,168.578,207397.117,500.319,6985056.928,1.000537285
758.621871029,0.221,221,2,168.799,207413.501,500.54,6985073.312,1.000501973
759.622329596,0.221,221,2,169.02,207429.885,500.761,6985089.696,1.000458567
750.728192551,0.339,339,6,302.382,16964.555,500.982,6985097.888,0
760.622772169,0.221,221,2,169.241,207446.269,501.321,6985106.688,9.894579618
761.623269904,0.221,221,2,169.462,207462.653,501.542,6985123.072,1.000497735
762.623724495,0.221,221,2,169.683,207479.037,501.763,6985139.456,1.000454591
763.62415018,0.221,221,2,169.904,207495.421,501.984,6985155.84,1.000425685
764.624649829,0.221,221,2,170.125,207511.805,502.205,6985172.224,1.000499649
765.625115086,0.221,221,2,170.346,207528.189,502.426,6985188.608,1.000465257
766.62552879,0.221,221,2,170.567,207544.573,502.647,6985204.992,1.000413704
767.625975116,0.221,221,2,170.788,207560.957,502.868,6985221.376,1.000446326
768.626410811,0.221,221,2,171.009,207577.341,503.089,6985237.76,1.000435695
769.626880913,0.221,221,2,171.23,207593.725,503.31,6985254.144,1.000470102
760.728211913,0.339,339,6,302.721,16965.163,503.531,6985262.336,0
770.62737403,0.221,221,2,171.451,207610.109,503.87,6985271.104,9.899162117
771.627847042,0.221,221,2,171.672,207626.493,504.091,6985287.488,1.000473012
772.628315127,0.221,221,2,171.893,207642.877,504.312,6985303.872,1.000468085
773.628829264,0.221,221,2,172.114,207659.261,504.533,6985320.256,1.000514137
774.62929135,0.221,221,2,172.335,207675.645,504.754,6985337.44,1.000462086
775.629792034,0.221,221,2,172.556,207692.029,504.975,6985353.824,1.000500684
776.630306871,0.221,221,2,172.777,207708.413,505.196,6985370.208,1.000514837
777.630763669,0.221,221,2,172.998,207724.797,505.417,6985386.592,1.000456798
778.631184319,0.221,221,2,173.219,207741.181,505.638,6985402.976,1.00042065
779.631641057,0.221,221,2,173.44,207757.565,505.859,6985419.36,1.000456738
770.728154763,0.339,339,6,303.06,16965.739,506.08,6985427.552,0
780.632084299,0.221,221,2,173.661,207773.949,506.419,6985436.288,9.903929536
781.63255513,0.221,221,2,173.882,207790.333,506.64,6985452.672,1.000470831
782.633038761,0.221,221,2,174.103,207806.717,506.861,6985469.056,1.000483631
783.633478942,0.221,221,2,174.324,207823.101,507.082,6985485.44,1.000440181
784.633901783,0.221,221,2,174.545,207839.485,507.303,6985501.824,1.000422841
785.634354908,0.221,221,2,174.766,207855.869,507.524,6985518.208,1.000453125
786.634860803,0.221,221,2,174.987,207872.253,507.745,6985534.592,1.000505895
787.635319354,0.221,221,2,175.208,207888.637,507.966,6985550.976,1.000458551
788.635771718,0.221,221,2,175.429,207905.021,508.187,6985567.36,1.000452364
789.636608947,0.221,221,2,175.65,207921.405,508.408,6985583.744,1.000837229
780.728135867,0.339,339,6,303.399,16966.283,508.629,6985591.936,0
790.63718534,0.221,221,2,175.871,207937.789,508.968,6985600.64,9.909049473
791.637671107,0.221,221,2,176.092,207954.173,509.189,6985617.024,1.000485767
792.638126571,0.221,221,2,176.313,207970.557,509.41,6985633.408,1.000455464
793.638551344,0.221,221,2,176.534,207986.941,509.631,6985649.792,1.000424773
794.638996976,0.221,221,2,176.755,208003.325,509.852,6985666.176,1.000445632
795.639451692,0.221,221,2,176.976,208019.709,510.073,6985682.56,1.000454716
796.64001935,0.221,221,2,177.197,208036.093,510.294,6985698.944,1.000567658
797.640515664,0.221,221,2,177.418,208052.477,510.515,6985715.328,1.000496314
798.640984815,0.221,221,2,177.639,208068.861,510.736,6985731.712,1.000469151
799.641461317,0.221,221,2,177.86,208085.245,510.957,6985748.096,1.000476502
790.728166801,0.339,339,6,303.738,16966.795,511.178,6985756.288,0
800.641902366,0.221,221,2,178.081,208101.629,511.517,6985764.96,9.913735565
800.728181174,0.339,339,6,304.077,16967.723,511.738,6985773.6,0.0862788080001
801.848583246,0.189,189,6,304.266,16968.139,511.927,6985774.016,1.120402072
801.642379691,0.221,221,2,178.302,208118.013,512.116,6985782.592,0
802.642896707,0.221,221,2,178.523,208134.397,512.337,6985798.976,1.000517016
803.643367986,0.221,221,2,178.744,208150.781,512.558,6985815.36,1.000471279
804.643799711,0.221,221,2,178.965,208167.165,512.779,6985831.744,1.000431725
805.644237375,0.221,221,2,179.186,208183.549,513.0,6985848.128,1.000437664
806.644716759,0.221,221,2,179.407,208199.933,513.221,6985864.512,1.000479384
807.645168083,0.221,221,2,179.628,208216.317,513.442,6985880.896,1.000451324
808.645574113,0.221,221,2,179.849,208232.701,513.663,6985897.28,1.00040603
809.646015288,0.221,221,2,180.07,208249.085,513.884,6985913.664,1.000441175
801.850677988,0.189,189,6,304.455,16968.523,514.105,6985921.856,0
810.646577455,0.221,221,2,180.291,208265.469,514.444,6985931.376,8.795899467
811.647159201,0.221,221,2,180.512,208281.853,514.665,6985947.76,1.000581746
812.647664806,0.221,221,2,180.733,208298.237,514.886,6985964.144,1.000505605
813.648100502,0.221,221,2,180.954,208314.621,515.107,6985980.528,1.000435696
814.64850476,0.221,221,2,181.175,208331.005,515.328,6985996.912,1.000404258
815.64895165,0.221,221,2,181.396,208347.389,515.549,6986013.296,1.00044689
816.649390331,0.221,221,2,181.617,208363.773,515.77,6986029.68,1.000438681
817.649796312,0.221,221,2,181.838,208380.157,515.991,6986046.064,1.000405981
818.65021834,0.221,221,2,182.059,208396.541,516.212,6986062.448,1.000422028
810.728187361,0.339,339,6,304.794,16968.875,516.433,6986078.832,0
820.728181026,0.339,339,6,305.133,16969.627,516.772,6986079.584,9.999993665
