time,size,first_call,destination,dest_out_traffic,dest_in_traffic,total_network_out,total_network_in,dens10
3.617526451,0.244,244,2,0.244,24.576,0.244,26.624,0
3.652268788,0.183,183,2,0.427,40.96,0.427,43.008,0.034742337
4.661899233,0.183,183,2,0.61,57.344,0.61,59.392,1.009630445
5.6629545,0.183,183,2,0.793,73.728,0.793,75.776,1.001055267
6.663739434,0.183,183,2,0.976,90.112,0.976,92.16,1.000784934
7.664482253,0.183,183,2,1.159,106.496,1.159,108.544,1.000742819
8.665262269,0.183,183,2,1.342,122.88,1.342,124.928,1.000780016
9.665965062,0.183,183,2,1.525,139.264,1.525,141.312,1.000702793
10.666633534,0.183,183,2,1.708,155.648,1.708,157.696,1.000668472
11.667499063,0.183,183,2,1.891,172.032,1.891,174.08,1.000865529
12.668188147,0.183,183,2,2.074,188.416,2.074,190.464,1.000689084
13.668874646,0.183,183,2,2.257,204.8,2.257,206.848,1.000686499
14.671163332,0.183,183,2,2.44,221.184,2.44,223.232,1.002288686
15.671770621,0.183,183,2,2.623,237.568,2.623,239.616,1.000607289
16.672405827,0.183,183,2,2.806,253.952,2.806,256.0,1.000635206
17.673070678,0.183,183,2,2.989,270.336,2.989,272.384,1.000664851
18.674709103,0.183,183,2,3.172,286.72,3.172,288.768,1.001638425
19.675408879,0.183,183,2,3.355,303.104,3.355,305.152,1.000699776
20.67599545,0.183,183,2,3.538,319.488,3.704,324.268,1.000586571
21.90061616,0.268,268,4,0.268,8.452,4.191,340.912,1.22462071
21.683786598,0.219,219,2,3.757,352.256,4.444,373.68,0
22.476152562,0.283,283,2,4.04,368.64,4.727,390.064,0.792365964
22.521669761,0.207,207,2,4.247,385.024,4.934,406.448,0.045517199
22.568665672,0.102,102,2,4.349,393.216,5.036,414.64,0.046995911
22.596100673,0.125,125,2,4.474,4449.393,5.161,4470.817,0.027435001
21.944427603,0.253,253,4,0.521,24.836,5.38,36627.575,0
22.956634567,0.291,291,4,0.812,25.123,5.671,37079.556,1.012206964
22.686794969,0.219,219,2,4.693,128437.532,5.905,128475.627,0
22.959365368,0.234,234,4,1.046,41.507,6.124,155817.119,0.272570399
23.960514489,0.405,405,4,1.451,41.908,6.529,156131.518,1.001149121
23.690643825,0.219,219,2,4.912,243592.197,6.759,243647.077,0
23.962734289,0.23,230,4,1.681,58.292,6.978,276291.197,0.272090464
24.700041623,0.219,219,2,5.131,357511.483,7.493,357583.258,0.737307334
24.964790308,0.515,515,4,2.196,75.187,7.712,386885.819,0.264748685
25.705131558,0.219,219,2,5.35,419402.422,8.227,419491.092,0.74034125
26.288880117,0.125,125,2,5.475,466851.519,8.352,466940.189,0.583748559
25.966746045,0.515,515,4,2.711,92.082,8.571,494078.637,0
26.711038516,0.219,219,2,5.694,573924.191,9.086,574029.756,0.744292471
26.969354935,0.515,515,4,3.226,108.977,9.305,576327.062,0.258316419
27.716455269,0.219,219,2,5.913,576213.305,9.82,576335.765,0.747100334
28.254963943,0.174,174,2,6.087,576237.881,9.994,576360.341,0.538508674
28.256381704,0.188,188,2,6.275,576246.073,10.182,576368.533,0.001417761
27.97092672,0.515,515,4,3.741,125.872,10.305,576757.94,0
28.258273893,0.123,123,2,6.398,576635.48,10.956,576774.971,0.287347173
28.288436499,0.17,170,2,6.568,576651.864,11.126,576799.547,0.030162606
28.266826437,0.651,651,4,4.392,142.903,11.31,576807.739,0
28.289467203,0.184,184,2,6.752,576660.056,11.807,576816.424,0.022640766
28.289767046,0.497,497,4,4.889,159.78,11.93,576891.543,0.000299843000001
28.291744205,0.123,123,2,6.875,576735.175,12.309,576908.302,0.001977159
28.303608693,0.379,379,4,5.268,176.539,12.528,576924.686,0.011864488
28.721986823,0.219,219,2,7.094,576751.559,12.84,576957.758,0.41837813
21.340980904,0.166,166,5,0.166,2.732,13.059,576965.95,0
30.463035545,0.176,176,5,0.342,3.756,13.235,576966.974,9.122054641
30.491367509,0.154,154,5,0.496,6.828,13.389,576970.046,0.028331964
30.623891603,0.17,170,5,0.666,7.852,13.559,576971.07,0.132524094
30.65484776,0.172,172,5,0.838,9.388,13.731,576988.99,0.030956157
30.951979078,0.177,177,5,1.015,9.9,13.908,576989.502,0.297131318
30.979993638,0.176,176,5,1.191,10.892,14.084,576990.494,0.02801456
31.002997012,1.53,1530,5,2.721,11.852,15.614,576991.454,0.023003374
31.056289953,1.256,1256,5,3.977,12.316,16.87,576991.918,0.053292941
29.72295379,0.219,219,2,7.313,576784.327,17.041,577000.574,0
31.72497315,0.219,219,2,7.532,576800.711,17.26,577016.958,2.00201936
32.725710634,0.219,219,2,7.751,576817.095,17.479,577033.342,1.000737484
33.726327624,0.219,219,2,7.97,576833.479,17.698,577049.726,1.00061699
34.72697938,0.219,219,2,8.189,576849.863,17.917,577066.11,1.000651756
35.727629084,0.219,219,2,8.408,576866.247,18.136,577082.494,1.000649704
36.728598961,0.219,219,2,8.627,576882.631,18.355,577098.878,1.000969877
37.729220468,0.219,219,2,8.846,576899.015,18.574,577115.262,1.000621507
38.729877329,0.219,219,2,9.065,576915.399,18.793,577131.646,1.000656861
39.730581381,0.219,219,2,9.284,576931.783,19.012,577148.03,1.000704052
40.731236832,0.219,219,2,9.503,576948.167,19.231,577164.414,1.000655451
41.73187138,0.219,219,2,9.722,576964.551,19.45,577180.798,1.000634548
42.73247561,0.219,219,2,9.941,576980.935,19.669,577197.182,1.00060423
31.065660249,0.171,171,5,4.148,12.78,19.888,577205.374,0
43.733141136,0.219,219,2,10.16,576997.319,20.227,577214.014,12.667480887
44.733948579,0.219,219,2,10.379,577013.703,20.446,577230.398,1.000807443
45.734700676,0.219,219,2,10.598,577030.087,20.665,577246.782,1.000752097
46.735338213,0.219,219,2,10.817,577046.471,20.884,577263.166,1.000637537
47.735936834,0.22,220,2,11.037,577062.855,21.104,577279.55,1.000598621
48.736529342,0.22,220,2,11.257,577079.239,21.324,577295.934,1.000592508
44.278811131,0.339,339,5,4.487,22.076,21.544,577312.974,0
50.099153718,1.575,1575,5,6.062,22.076,23.119,577312.974,5.820342587
50.220413582,0.286,286,5,6.348,31.804,23.405,577322.702,0.121259864
49.73710695,0.22,220,2,11.477,577095.623,23.594,577337.038,0
50.47083669,0.189,189,5,6.537,37.948,23.814,577345.23,0.73372974
50.848988854,0.286,286,5,6.823,89.148,24.1,577396.43,0.378152164
50.737931013,0.22,220,2,11.697,577105.863,24.289,577400.526,0
50.941290571,25.669,25669,2,37.366,577114.055,75.627,577429.198,0.203359558
51.750531895,0.237,237,8,0.237,40.96,76.084,577461.966,0.809241324
51.739071773,0.22,220,2,37.586,577130.439,76.339,585145.605,0
52.740219071,0.22,220,2,37.806,577146.823,76.559,597583.713,1.001147298
50.857569471,0.189,189,5,7.012,91.196,76.779,604397.424,0
53.741236506,0.22,220,2,38.026,577163.207,79.292,610220.552,2.883667035
54.742283587,0.22,220,2,38.246,577179.591,79.512,622922.952,1.001047081
55.743278394,0.22,220,2,38.466,577195.975,79.732,636286.082,1.000994807
56.744319475,0.22,220,2,38.686,577212.359,79.952,650243.869,1.001041081
57.745439112,0.22,220,2,38.906,577228.743,80.172,662748.05,1.001119637
58.746507533,0.22,220,2,39.126,577245.127,80.392,676705.837,1.001068421
59.747717646,0.22,220,2,39.346,577261.511,80.612,690068.967,1.001210113
60.748733087,0.22,220,2,39.566,577277.895,80.832,703498.17,1.001015441
51.851170312,0.153,153,9,0.153,135584.583,81.052,713219.093,0
54.289027351,2.513,2513,5,9.525,91.708,81.205,713285.166,2.437857039
62.554759483,2.581,2581,5,12.106,104.252,83.786,713297.71,8.265732132
51.824765633,0.102,102,8,0.339,73.728,85.361,713322.286,0
62.474268965,0.153,153,9,0.306,135650.656,85.598,713330.478,10.649503332
61.749752254,0.22,220,2,39.786,577294.279,85.751,714510.301,0
62.750860952,0.22,220,2,40.006,577310.663,85.971,727883.063,1.001108698
62.565592364,1.575,1575,5,13.681,104.252,86.191,735093.212,0
63.751930142,0.22,220,2,40.226,577327.047,88.704,741712.8,1.186337778
64.752993116,0.22,220,2,40.446,577343.431,88.924,755340.222,1.001062974
65.754068614,0.22,220,2,40.666,577359.815,89.144,769033.717,1.001075498
66.755250086,0.22,220,2,40.886,577376.199,89.364,782595.818,1.001181472
67.756218289,0.22,220,2,41.106,577392.583,89.584,796553.605,1.000968203
68.757193323,0.22,220,2,41.326,577408.967,89.804,810114.954,1.000975034
69.758301694,0.22,220,2,41.546,577425.351,90.024,823742.376,1.001108371
70.759327263,0.22,220,2,41.766,577441.735,90.244,837435.871,1.001025569
62.633689699,0.153,153,9,0.459,271819.81,90.464,849667.568,0
64.27343644,2.513,2513,5,16.194,108.348,90.617,849761.543,1.639746741
72.696329514,2.538,2538,5,18.732,120.636,93.155,849773.831,8.422893074
62.630905537,0.237,237,8,0.576,106.496,94.73,849798.407,0
72.716006932,0.237,237,8,0.813,122.88,94.967,849814.791,10.085101395
72.646599481,0.153,153,9,0.612,271913.785,95.118,849822.983,0
71.76029414,0.22,220,2,41.986,577458.119,95.271,850257.216,0
72.761264406,0.22,220,2,42.206,577474.503,95.491,864388.891,1.000970266
72.703433565,1.575,1575,5,20.307,120.636,95.711,871400.821,0
73.762255955,0.22,220,2,42.426,577490.887,98.224,878213.995,1.05882239
74.763407906,0.22,220,2,42.646,577507.271,98.444,892039.636,1.001151951
75.764364395,0.22,220,2,42.866,577523.655,98.664,905799.204,1.000956489
76.765413803,0.22,220,2,43.086,577540.039,98.884,919690.918,1.001049408
77.766443939,0.22,220,2,43.306,577556.423,99.104,933516.559,1.001030136
78.767515227,0.22,220,2,43.526,577572.807,99.324,947011.835,1.001071288
79.768584147,0.22,220,2,43.746,577589.191,99.544,960969.622,1.00106892
80.769584386,0.22,220,2,43.966,577605.575,99.764,974993.482,1.001000239
72.720598203,0.153,153,9,0.765,408425.875,99.984,986564.449,0
74.272054966,2.513,2513,5,22.82,186.172,100.137,986630.522,1.551456763
82.647136012,2.538,2538,5,25.358,202.556,102.675,986646.906,8.375081046
72.718060805,0.151,151,8,0.964,139.264,104.25,986655.098,0
82.66192177,0.147,147,8,1.111,155.648,104.397,986671.482,9.943860965
82.601033927,0.153,153,9,0.918,408491.948,104.548,986679.674,0
81.770510812,0.22,220,2,44.186,577621.959,104.701,988036.48,0
82.771467663,0.22,220,2,44.406,577638.343,104.921,1001964.238,1.000956851
82.653993326,1.575,1575,5,26.933,202.556,105.141,1008910.095,0
83.772463039,0.22,220,2,44.626,577654.727,107.654,1015872.336,1.118469713
84.773481049,0.22,220,2,44.846,577671.111,107.874,1029830.123,1.00101801
85.77445443,0.22,220,2,45.066,577687.495,108.094,1043853.983,1.000973381
86.776118954,0.22,220,2,45.286,577703.879,108.314,1057481.405,1.001664524
87.777149843,0.22,220,2,45.506,577720.263,108.534,1071439.192,1.001030889
88.778166574,0.22,220,2,45.726,577736.647,108.754,1085463.052,1.001016731
89.779330169,0.22,220,2,45.946,577753.031,108.974,1099486.912,1.001163595
90.780292997,0.22,220,2,46.166,577769.415,109.194,1113048.261,1.000962828
82.665387749,0.153,153,9,1.071,544269.088,109.414,1122637.038,0
84.272054081,2.513,2513,5,29.446,218.94,109.567,1122799.459,1.606666332
91.781268922,0.22,220,2,46.386,577785.799,112.105,1122810.211,7.509214841
92.782229288,0.22,220,2,46.606,577802.183,112.325,1122826.595,1.000960366
92.523707158,2.538,2538,5,31.984,218.94,112.545,1122834.787,0
93.782966143,0.22,220,2,46.826,577818.567,112.884,1122859.363,1.259258985
94.270600776,0.339,339,5,32.323,259.9,113.104,1122892.131,0.487634633
95.551226206,1.575,1575,5,33.898,259.9,114.679,1122892.131,1.28062543
95.560584513,0.286,286,5,34.184,390.972,114.965,1123027.811,0.009358307
95.606809599,0.189,189,5,34.373,456.508,115.154,1123093.347,0.046225086
95.628813932,0.249,249,5,34.622,472.892,115.403,1123109.731,0.022004333
94.783710469,0.22,220,2,47.046,590492.615,115.631,1159773.507,0
95.784716857,0.22,220,2,47.266,605148.103,115.851,1244208.451,1.001006388
50.945514407,25.669,25669,3,25.669,30928.896,118.429,1244219.715,0
96.787345725,0.22,220,2,47.486,605166.007,120.787,1244232.419,45.841831318
95.642132968,0.114,114,5,34.736,497.468,121.007,1244242.035,0
98.391020294,0.178,178,5,34.914,509.756,121.185,1244254.323,2.748887326
98.457979929,2.588,2588,5,37.502,524.092,123.773,1244268.659,0.066959635
98.463349855,1.575,1575,5,39.077,524.092,125.348,1244268.659,0.005369926
95.661190977,0.114,114,6,0.114,31336.304,125.597,1244334.195,0
97.788421703,0.22,220,2,47.706,633158.071,125.711,1360144.499,2.127230726
98.789596649,0.22,220,2,47.926,638065.079,125.931,1380960.371,1.001174946
99.791485043,0.22,220,2,48.146,638081.463,126.151,1380976.755,1.001888394
98.467402283,0.249,249,5,39.326,589.628,126.371,1380984.947,0
100.963975596,0.178,178,5,39.504,606.012,126.549,1381001.331,2.496573313
101.017420788,2.588,2588,5,42.092,638.78,129.137,1381034.099,0.053445192
101.072871538,1.575,1575,5,43.667,638.78,130.712,1381034.099,0.05545075
101.076583259,0.286,286,5,43.953,966.46,130.998,1381361.779,0.003711721
101.081822212,0.189,189,5,44.142,1031.996,131.187,1381427.315,0.005238953
101.155451428,2.332,2332,5,46.474,1064.764,133.519,1381460.083,0.073629216
101.160978838,1.575,1575,5,48.049,1064.764,135.094,1381460.083,0.00552741
100.792542809,0.22,220,2,48.366,638097.847,137.426,1381468.275,0
101.220624795,2.332,2332,5,50.381,1089.34,137.646,1381501.043,0.428081986
102.009199348,0.189,189,5,50.57,1107.772,137.835,1381519.475,0.788574553
101.793448048,0.22,220,2,48.586,638114.231,138.024,1381532.275,0
102.019268346,0.189,189,5,50.759,1124.924,138.244,1381553.011,0.225820298
103.214796316,1.575,1575,5,52.334,1124.924,139.819,1381553.011,1.19552797
103.219942395,0.286,286,5,52.62,1843.772,140.105,1382271.859,0.005146079
103.230701689,0.189,189,5,52.809,1845.82,140.294,1382273.907,0.010759294
103.758773591,0.286,286,5,53.095,2110.012,140.58,1382538.099,0.528071902
97.104500936,2.358,2358,7,2.358,66348.48,140.769,1382540.099,0
102.794277136,0.22,220,2,48.806,638130.615,267.118,1382548.291,5.6897762
98.471480407,0.114,114,6,0.228,66816.768,267.338,1382557.395,0
103.765640469,0.189,189,5,53.284,2111.036,393.687,1382557.395,5.294160062
104.252764384,2.62,2620,5,55.904,2123.564,396.307,1382569.923,0.487123915
104.256892686,1.575,1575,5,57.479,2123.564,397.882,1382569.923,0.004128302
104.271077986,2.513,2513,5,59.992,2129.708,400.395,1382576.067,0.0141853
103.795221122,0.22,220,2,49.026,638146.999,403.015,1382584.259,0
104.796163722,0.22,220,2,49.246,638164.839,403.235,1382602.099,1.0009426
105.797076361,0.22,220,2,49.466,638181.223,403.455,1382618.483,1.000912639
104.558795547,2.62,2620,5,62.612,2132.78,403.675,1382629.747,0
106.822256754,0.189,189,5,62.801,2135.324,403.864,1382632.291,2.263461207
106.829277297,0.189,189,5,62.99,2137.244,404.053,1382634.211,0.00702054300001
106.934379533,0.189,189,5,63.179,2147.004,404.242,1382643.971,0.105102236
107.305259887,1.575,1575,5,64.754,2147.004,405.817,1382643.971,0.370880354
107.309784417,0.286,286,5,65.04,4072.124,406.103,1384569.091,0.00452453
107.342235374,0.189,189,5,65.229,4076.22,406.292,1384573.187,0.032450957
107.674971824,2.339,2339,5,67.568,4086.46,408.631,1384583.427,0.33273645
106.797751825,0.22,220,2,49.686,638197.607,410.206,1384591.619,0
107.679820389,1.575,1575,5,69.143,4086.46,410.426,1384599.811,0.882068564
107.965699558,2.339,2339,5,71.482,4119.228,412.765,1384632.579,0.285879169
107.798811353,0.22,220,2,49.906,638213.991,412.954,1384657.155,0
108.637266933,0.189,189,5,71.671,4151.996,413.174,1384681.731,0.83845558
109.338354438,1.575,1575,5,73.246,4151.996,414.749,1384681.731,0.701087505
109.340561725,0.286,286,5,73.532,5184.188,415.035,1385713.923,0.002207287
109.350565731,0.19,190,5,73.722,5249.724,415.225,1385779.459,0.010004006
109.517038441,0.286,286,5,74.008,7371.452,415.511,1387901.187,0.16647271
108.799739665,0.22,220,2,50.126,638230.375,415.7,1387925.763,0
109.529398212,0.189,189,5,74.197,7387.836,415.92,1387933.955,0.729658547
109.821879618,2.62,2620,5,76.817,7404.22,418.54,1387950.339,0.292481406
109.825838188,1.575,1575,5,78.392,7404.22,420.115,1387950.339,0.00395857000001
109.80071586,0.22,220,2,50.346,638246.759,422.778,1387958.531,0
110.801748265,0.22,220,2,50.566,638264.519,422.998,1387976.291,1.001032405
110.263114104,2.663,2663,5,81.055,7535.292,423.218,1388115.555,0
111.872142911,0.189,189,5,81.244,7649.98,423.407,1388230.243,1.609028807
112.283935554,0.19,190,5,81.434,7670.46,423.597,1388250.723,0.411792643
112.459827796,1.575,1575,5,83.009,7670.46,425.172,1388250.723,0.175892242
112.462112859,0.286,286,5,83.295,11307.708,425.458,1391887.971,0.002285063
111.802686622,0.22,220,2,50.786,638280.903,425.648,1391928.931,0
112.508490585,0.19,190,5,83.485,11340.476,425.868,1391937.123,0.705803963
112.829334645,2.339,2339,5,85.824,11365.052,428.207,1391961.699,0.32084406
112.833319507,1.575,1575,5,87.399,11365.052,429.782,1391961.699,0.003984862
112.803590425,0.22,220,2,51.006,638297.287,432.121,1391969.891,0
113.101077895,2.339,2339,5,89.738,11365.052,432.341,1391978.083,0.29748747
114.270326289,0.339,339,5,90.077,11594.428,432.68,1392207.459,1.169248394
114.347217483,0.19,190,5,90.267,11638.7,432.87,1392251.731,0.076891194
114.496465639,1.575,1575,5,91.842,11638.7,434.445,1392251.731,0.149248156
114.498567486,0.286,286,5,92.128,12496.812,434.731,1393109.843,0.00210184700001
114.508652496,0.19,190,5,92.318,12499.884,434.921,1393112.915,0.01008501
114.671855461,0.286,286,5,92.604,12501.42,435.207,1396276.563,0.163202965
113.804530097,0.22,220,2,51.226,638313.671,435.397,1396285.763,0
114.690077248,0.19,190,5,92.794,12502.428,435.617,1396293.955,0.885547151
115.008029067,2.62,2620,5,95.414,12512.652,438.237,1396304.179,0.317951819
115.011602397,1.575,1575,5,96.989,12512.652,439.812,1396304.179,0.00357333000001
115.255641943,2.62,2620,5,99.609,12522.892,442.432,1396314.419,0.244039546
115.640755778,1.575,1575,5,101.184,12522.892,444.007,1396314.419,0.385113835
115.642540955,0.286,286,5,101.47,13817.228,444.293,1397608.755,0.001785177
114.805452045,0.22,220,2,51.446,638321.863,444.483,1397641.523,0
115.652622767,0.19,190,5,101.66,13849.996,444.703,1397657.907,0.847170722
115.94081296,0.114,114,5,101.774,13866.38,444.817,1399146.803,0.288190193
116.44562216,0.184,184,5,101.958,13874.572,445.001,1399154.995,0.5048092
116.45357356,1.775,1775,5,103.733,13877.132,446.776,1399157.555,0.0079514
116.47729473,1310.72,262144,5,1414.453,13877.132,1757.496,1399157.555,0.02372117
116.479540439,524.288,262144,5,1938.741,13877.132,2281.784,1399157.555,0.00224570900001
116.481601297,524.288,262144,5,2463.029,13877.132,2806.072,1399157.555,0.00206085799999
116.483206069,524.288,262144,5,2987.317,13877.132,3330.36,1399157.555,0.00160477200001
116.484535206,524.288,262144,5,3511.605,13877.132,3854.648,1399157.555,0.001329137
116.486204814,524.288,262144,5,4035.893,13877.132,4378.936,1399157.555,0.001669608
116.487504619,524.288,262144,5,4560.181,13877.132,4903.224,1399157.555,0.001299805
116.488958091,524.288,262144,5,5084.469,13877.132,5427.512,1399157.555,0.00145347199999
116.490482855,524.288,262144,5,5608.757,13877.132,5951.8,1399157.555,0.001524764
116.491913896,524.288,262144,5,6133.045,13877.132,6476.088,1399157.555,0.001431041
116.493433477,24903.68,262144,5,31036.725,13877.132,31379.768,1399157.555,0.001519581
116.522880022,78118.912,262144,5,109155.637,13877.132,109498.68,1399157.555,0.029446545
116.641286839,2097.152,262144,5,111252.789,13877.132,111595.832,1399157.555,0.118406817
116.644229258,2097.152,262144,5,113349.941,13877.132,113692.984,1399157.555,0.00294241899999
116.647170841,2621.44,262144,5,115971.381,13877.132,116314.424,1399157.555,0.00294158300001
116.650844632,2097.152,262144,5,118068.533,13877.132,118411.576,1399157.555,0.003673791
116.653786904,1310.72,262144,5,119379.253,13877.132,119722.296,1399157.555,0.002942272
116.655561685,524.288,262144,5,119903.541,13877.132,120246.584,1399157.555,0.00177478099999
116.656728582,2097.152,262144,5,122000.693,13877.132,122343.736,1399157.555,0.001166897
116.65966793,2097.152,262144,5,124097.845,13877.132,124440.888,1399157.555,0.002939348
116.662620702,2621.44,262144,5,126719.285,13877.132,127062.328,1399157.555,0.002952772
116.666282332,3145.728,262144,5,129865.013,13877.132,130208.056,1399157.555,0.00366163
116.670702871,2097.152,262144,5,131962.165,13877.132,132305.208,1399157.555,0.00442053900001
116.674092606,1048.576,262144,5,133010.741,13877.132,133353.784,1399157.555,0.003389735
116.676291503,1048.576,262144,5,134059.317,13877.132,134402.36,1399157.555,0.002198897
116.678499652,1572.864,262144,5,135632.181,13877.132,135975.224,1399157.555,0.002208149
116.681299425,1048.576,262144,5,136680.757,13877.132,137023.8,1399157.555,0.00279977300001
116.683508065,1048.576,262144,5,137729.333,13877.132,138072.376,1399157.555,0.00220863999999
116.685707482,1048.576,262144,5,138777.909,13877.132,139120.952,1399157.555,0.002199417
116.687910003,1572.864,262144,5,140350.773,13877.132,140693.816,1399157.555,0.002202521
116.690710013,1048.576,262144,5,141399.349,13877.132,141742.392,1399157.555,0.00280001
116.692916064,1048.576,262144,5,142447.925,13877.132,142790.968,1399157.555,0.002206051
116.695116046,1048.576,262144,5,143496.501,13877.132,143839.544,1399157.555,0.00219998199999
116.697320995,1572.864,262144,5,145069.365,13877.132,145412.408,1399157.555,0.002204949
116.70012332,1048.576,262144,5,146117.941,13877.132,146460.984,1399157.555,0.002802325
116.702329461,1572.864,262144,5,147690.805,13877.132,148033.848,1399157.555,0.002206141
116.705561045,1048.576,262144,5,148739.381,13877.132,149082.424,1399157.555,0.00323158399999
116.707766952,1048.576,262144,5,149787.957,13877.132,150131.0,1399157.555,0.002205907
116.709964,1048.576,262144,5,150836.533,13877.132,151179.576,1399157.555,0.002197048
116.712181273,524.288,262144,5,151360.821,13877.132,151703.864,1399157.555,0.002217273
116.713347733,953.227,262144,5,152314.048,13877.132,152657.091,1399157.555,0.00116646000001
115.806473767,0.22,220,2,51.666,638885.063,152896.836,1399165.747,0
116.715542262,239.745,166795,5,152553.793,13881.228,152897.056,1399178.035,0.909068495
116.81802789,0.184,184,5,152553.977,13884.3,152897.24,1399181.107,0.102485628
116.827794814,0.19,190,5,152554.167,13895.5,152897.43,1399192.307,0.009766924
117.470475161,1.575,1575,5,152555.742,13895.5,152899.005,1399192.307,0.642680347
117.472233356,0.286,286,5,152556.028,18601.804,152899.291,1403898.611,0.00175819500001
116.80809118,0.22,220,2,51.886,638901.447,152899.481,1403908.851,0
117.534548068,0.19,190,5,152556.218,18603.852,152899.701,1403917.043,0.726456888
117.815554604,2.339,2339,5,152558.557,18620.748,152902.04,1403933.939,0.281006536
117.818844049,1.575,1575,5,152560.132,18620.748,152903.615,1403933.939,0.00328944500001
118.41627846,2.339,2339,5,152562.471,18633.036,152905.954,1403946.227,0.597434411
117.809448861,0.22,220,2,52.106,638917.831,152906.144,1403963.635,0
118.806814623,0.19,190,5,152562.661,18642.252,152906.364,1403971.827,0.997365762
118.811440306,0.19,190,5,152562.851,18656.332,152906.554,1403985.907,0.004625683
119.37293602,1.575,1575,5,152564.426,18656.332,152908.129,1403985.907,0.561495714
119.374850112,0.286,286,5,152564.712,19571.788,152908.415,1404901.363,0.00191409200001
119.385008875,0.19,190,5,152564.902,19574.86,152908.605,1404904.435,0.010158763
119.492751455,0.286,286,5,152565.188,24131.148,152908.891,1409460.723,0.10774258
119.536923092,0.19,190,5,152565.378,24132.156,152909.081,1409461.731,0.044171637
119.768997433,2.62,2620,5,152567.998,24142.38,152911.701,1409471.955,0.232074341
118.81051464,0.22,220,2,52.326,638934.215,152913.276,1409480.147,0
119.772505888,1.575,1575,5,152569.573,24142.38,152913.496,1409488.339,0.961991248
119.811463559,0.22,220,2,52.546,638951.911,152916.116,1409497.843,0.038957671
120.034397929,2.62,2620,5,152572.193,24146.476,152916.336,1409510.131,0.22293437
120.812371797,0.22,220,2,52.766,638968.295,152916.526,1409520.371,0.777973868
121.509078024,0.19,190,5,152572.383,24150.54,152916.746,1409530.579,0.696706227
121.857912621,0.19,190,5,152572.573,24155.02,152916.936,1409535.059,0.348834597
121.873109498,0.19,190,5,152572.763,24164.588,152917.126,1409544.627,0.015196877
122.178372214,1.575,1575,5,152574.338,24164.588,152918.701,1409544.627,0.305262716
122.182460939,0.286,286,5,152574.624,29883.628,152918.987,1415263.667,0.00408872499999
122.276312531,0.19,190,5,152574.814,29884.62,152919.177,1415264.659,0.093851592
122.607439457,2.382,2382,5,152577.196,29894.828,152921.559,1415274.867,0.331126926
121.813149966,0.22,220,2,52.986,638984.679,152923.134,1415283.059,0
122.610774805,1.575,1575,5,152578.771,29894.828,152923.354,1415291.251,0.797624839
122.814019521,0.22,220,2,53.206,639001.063,152925.693,1415299.443,0.203244716
123.005876235,2.339,2339,5,152581.11,29907.116,152925.913,1415319.923,0.191856714
123.888246149,1.575,1575,5,152582.685,29907.116,152927.488,1415319.923,0.882369914
123.890589785,0.286,286,5,152582.971,30824.62,152927.774,1416237.427,0.00234363600001
123.902842927,0.19,190,5,152583.161,30857.388,152927.964,1416270.195,0.012253142
124.011937869,0.286,286,5,152583.447,36542.636,152928.25,1421955.443,0.109094942
124.080414173,0.19,190,5,152583.637,36550.828,152928.44,1421963.635,0.068476304
124.271031792,2.513,2513,5,152586.15,36554.924,152930.953,1421967.731,0.190617619
124.383003992,2.62,2620,5,152588.77,36565.164,152933.573,1421977.971,0.1119722
124.386283613,1.575,1575,5,152590.345,36565.164,152935.148,1421977.971,0.003279621
123.814909832,0.22,220,2,53.426,639017.447,152937.768,1421986.163,0
124.669770653,2.62,2620,5,152592.965,36597.932,152937.988,1422027.123,0.854860821
124.966294808,1.575,1575,5,152594.54,36597.932,152939.563,1422027.123,0.296524155
124.968052377,0.286,286,5,152594.826,37826.732,152939.849,1423255.923,0.00175756900001
124.975518362,0.19,190,5,152595.016,37834.924,152940.039,1423264.115,0.007465985
125.164474495,0.114,114,5,152595.13,37843.116,152940.153,1425955.187,0.188956133
125.678683398,0.185,185,5,152595.315,37847.212,152940.338,1425959.283,0.514208903
125.680683106,1.775,1775,5,152597.09,37848.22,152942.113,1425960.291,0.001999708
125.683247948,1572.864,262144,5,154169.954,37848.22,154514.977,1425960.291,0.002564842
125.686393292,1048.576,262144,5,155218.53,37848.22,155563.553,1425960.291,0.003145344
125.688591171,1048.576,262144,5,156267.106,37848.22,156612.129,1425960.291,0.00219787899999
125.690794993,3407.872,262144,5,159674.978,37848.22,160020.001,1425960.291,0.002203822
125.697370122,524.288,262144,5,160199.266,37848.22,160544.289,1425960.291,0.006575129
125.700438196,524.288,262144,5,160723.554,37848.22,161068.577,1425960.291,0.003068074
125.701977563,524.288,262144,5,161247.842,37848.22,161592.865,1425960.291,0.00153936700001
125.703990334,524.288,262144,5,161772.13,37848.22,162117.153,1425960.291,0.002012771
125.706360869,524.288,262144,5,162296.418,37848.22,162641.441,1425960.291,0.002370535
125.708784359,524.288,262144,5,162820.706,37848.22,163165.729,1425960.291,0.00242349000001
125.71122285,524.288,262144,5,163344.994,37848.22,163690.017,1425960.291,0.00243849099999
125.713556204,524.288,262144,5,163869.282,37848.22,164214.305,1425960.291,0.002333354
125.71515504,524.288,262144,5,164393.57,37848.22,164738.593,1425960.291,0.001598836
125.716732018,786.432,262144,5,165180.002,37848.22,165525.025,1425960.291,0.001576978
125.71915251,786.432,262144,5,165966.434,37848.22,166311.457,1425960.291,0.002420492
125.7215757,786.432,262144,5,166752.866,37848.22,167097.889,1425960.291,0.00242319
125.724014902,524.288,262144,5,167277.154,37848.22,167622.177,1425960.291,0.00243920199999
125.725624771,524.288,262144,5,167801.442,37848.22,168146.465,1425960.291,0.00160986900001
125.727973198,524.288,262144,5,168325.73,37848.22,168670.753,1425960.291,0.002348427
125.729551946,786.432,262144,5,169112.162,37848.22,169457.185,1425960.291,0.001578748
125.73207159,524.288,262144,5,169636.45,37848.22,169981.473,1425960.291,0.002519644
125.733857159,786.432,262144,5,170422.882,37848.22,170767.905,1425960.291,0.00178556899999
125.736666284,524.288,262144,5,170947.17,37848.22,171292.193,1425960.291,0.002809125
125.739545466,524.288,262144,5,171471.458,37848.22,171816.481,1425960.291,0.002879182
125.741360507,524.288,262144,5,171995.746,37848.22,172340.769,1425960.291,0.001815041
125.743338654,524.288,262144,5,172520.034,37848.22,172865.057,1425960.291,0.001978147
125.745243707,524.288,262144,5,173044.322,37848.22,173389.345,1425960.291,0.001905053
125.748153593,524.288,262144,5,173568.61,37848.22,173913.633,1425960.291,0.002909886
125.75006931,524.288,262144,5,174092.898,37848.22,174437.921,1425960.291,0.001915717
125.752996805,524.288,262144,5,174617.186,37848.22,174962.209,1425960.291,0.00292749499999
125.755795916,786.432,262144,5,175403.618,37848.22,175748.641,1425960.291,0.002799111
125.758634997,786.432,262144,5,176190.05,37848.22,176535.073,1425960.291,0.002839081
125.761434056,524.288,262144,5,176714.338,37848.22,177059.361,1425960.291,0.002799059
125.763361114,524.288,262144,5,177238.626,37848.22,177583.649,1425960.291,0.00192705800001
125.766513182,524.288,262144,5,177762.914,37848.22,178107.937,1425960.291,0.00315206799999
125.768876993,786.432,262144,5,178549.346,37848.22,178894.369,1425960.291,0.00236381100001
125.771572526,524.288,262144,5,179073.634,37848.22,179418.657,1425960.291,0.00269553299999
125.773419138,524.288,262144,5,179597.922,37848.22,179942.945,1425960.291,0.00184661199999
125.776037861,524.288,262144,5,180122.21,37848.22,180467.233,1425960.291,0.00261872300001
125.777928751,524.288,262144,5,180646.498,37848.22,180991.521,1425960.291,0.00189089
125.779872847,524.288,262144,5,181170.786,37848.22,181515.809,1425960.291,0.00194409599999
125.782622011,524.288,262144,5,181695.074,37848.22,182040.097,1425960.291,0.00274916400001
125.785340807,786.432,262144,5,182481.506,37848.22,182826.529,1425960.291,0.002718796
125.78814408,524.288,262144,5,183005.794,37848.22,183350.817,1425960.291,0.002803273
125.790107723,524.288,262144,5,183530.082,37848.22,183875.105,1425960.291,0.00196364300001
125.792774635,524.288,262144,5,184054.37,37848.22,184399.393,1425960.291,0.002666912
125.794660749,524.288,262144,5,184578.658,37848.22,184923.681,1425960.291,0.001886114
124.815900042,0.22,220,2,53.646,640582.119,185447.969,1425968.483,0
125.79646481,524.288,262144,5,185102.946,37848.22,185448.189,1425976.675,0.980564768
125.828050216,1572.864,262144,5,186675.81,37848.22,187021.053,1425976.675,0.031585406
125.831152302,786.432,262144,5,187462.242,37848.22,187807.485,1425976.675,0.00310208600001
125.833514606,786.432,262144,5,188248.674,37848.22,188593.917,1425976.675,0.00236230399999
125.836395657,524.288,262144,5,188772.962,37848.22,189118.205,1425976.675,0.002881051
125.839027335,524.288,262144,5,189297.25,37848.22,189642.493,1425976.675,0.002631678
125.840839421,524.288,262144,5,189821.538,37848.22,190166.781,1425976.675,0.001812086
125.84265769,524.288,262144,5,190345.826,37848.22,190691.069,1425976.675,0.001818269
125.844529153,524.288,262144,5,190870.114,37848.22,191215.357,1425976.675,0.001871463
125.84635655,524.288,262144,5,191394.402,37848.22,191739.645,1425976.675,0.001827397
125.848182596,786.432,262144,5,192180.834,37848.22,192526.077,1425976.675,0.00182604600001
125.851034298,524.288,262144,5,192705.122,37848.22,193050.365,1425976.675,0.002851702
125.853635345,524.288,262144,5,193229.41,37848.22,193574.653,1425976.675,0.002601047
125.85546848,524.288,262144,5,193753.698,37848.22,194098.941,1425976.675,0.001833135
125.858247669,524.288,262144,5,194277.986,37848.22,194623.229,1425976.675,0.00277918899999
125.860108376,524.288,262144,5,194802.274,37848.22,195147.517,1425976.675,0.00186070700001
125.863073982,524.288,262144,5,195326.562,37848.22,195671.805,1425976.675,0.002965606
125.866018809,524.288,262144,5,195850.85,37848.22,196196.093,1425976.675,0.00294482699999
125.868133411,524.288,262144,5,196375.138,37848.22,196720.381,1425976.675,0.00211460200001
125.871266967,524.288,262144,5,196899.426,37848.22,197244.669,1425976.675,0.00313355599999
125.874249821,524.288,262144,5,197423.714,37848.22,197768.957,1425976.675,0.00298285400001
125.87719864,786.432,262144,5,198210.146,37848.22,198555.389,1425976.675,0.002948819
125.880365368,524.288,262144,5,198734.434,37848.22,199079.677,1425976.675,0.003166728
125.883376728,524.288,262144,5,199258.722,37848.22,199603.965,1425976.675,0.00301136
125.886216487,786.432,262144,5,200045.154,37848.22,200390.397,1425976.675,0.002839759
125.88923108,524.288,262144,5,200569.442,37848.22,200914.685,1425976.675,0.003014593
125.891403185,524.288,262144,5,201093.73,37848.22,201438.973,1425976.675,0.002172105
125.894231026,524.288,262144,5,201618.018,37848.22,201963.261,1425976.675,0.002827841
125.896672265,524.288,262144,5,202142.306,37848.22,202487.549,1425976.675,0.00244123900001
125.898684017,524.288,262144,5,202666.594,37848.22,203011.837,1425976.675,0.00201175199999
125.901729089,786.432,262144,5,203453.026,37848.22,203798.269,1425976.675,0.00304507200001
125.905130996,786.432,262144,5,204239.458,37848.22,204584.701,1425976.675,0.003401907
125.908362353,524.288,262144,5,204763.746,37848.22,205108.989,1425976.675,0.003231357
125.911734868,524.288,262144,5,205288.034,37848.22,205633.277,1425976.675,0.003372515
125.9139114,524.288,262144,5,205812.322,37848.22,206157.565,1425976.675,0.00217653200001
125.917016963,524.288,262144,5,206336.61,37848.22,206681.853,1425976.675,0.00310556299999
125.919388015,524.288,262144,5,206860.898,37848.22,207206.141,1425976.675,0.002371052
125.922582854,524.288,262144,5,207385.186,37848.22,207730.429,1425976.675,0.003194839
125.925869084,524.288,262144,5,207909.474,37848.22,208254.717,1425976.675,0.00328623
125.928221695,786.432,262144,5,208695.906,37848.22,209041.149,1425976.675,0.00235261100001
125.931450679,524.288,262144,5,209220.194,37848.22,209565.437,1425976.675,0.00322898399999
125.933551893,524.288,262144,5,209744.482,37848.22,210089.725,1425976.675,0.00210121400001
125.935803072,786.432,262144,5,210530.914,37848.22,210876.157,1425976.675,0.002251179
125.939036396,524.288,262144,5,211055.202,37848.22,211400.445,1425976.675,0.00323332400001
125.942259506,524.288,262144,5,211579.49,37848.22,211924.733,1425976.675,0.00322310999999
125.94535261,786.432,262144,5,212365.922,37848.22,212711.165,1425976.675,0.003093104
125.948495167,524.288,262144,5,212890.21,37848.22,213235.453,1425976.675,0.003142557
125.951821986,524.288,262144,5,213414.498,37848.22,213759.741,1425976.675,0.00332681899999
125.955055357,524.288,262144,5,213938.786,37848.22,214284.029,1425976.675,0.00323337100001
125.958051448,524.288,262144,5,214463.074,37848.22,214808.317,1425976.675,0.002996091
125.960309776,524.288,262144,5,214987.362,37848.22,215332.605,1425976.675,0.002258328
125.962515786,524.288,262144,5,215511.65,37848.22,215856.893,1425976.675,0.00220600999999
125.96474556,524.288,262144,5,216035.938,37848.22,216381.181,1425976.675,0.002229774
125.968034373,524.288,262144,5,216560.226,37848.22,216905.469,1425976.675,0.003288813
125.971374356,524.288,262144,5,217084.514,37848.22,217429.757,1425976.675,0.003339983
125.973562446,524.288,262144,5,217608.802,37848.22,217954.045,1425976.675,0.00218809
125.975784773,524.288,262144,5,218133.09,37848.22,218478.333,1425976.675,0.002222327
125.979110476,524.288,262144,5,218657.378,37848.22,219002.621,1425976.675,0.003325703
125.981312454,524.288,262144,5,219181.666,37848.22,219526.909,1425976.675,0.002201978
125.98355204,786.432,262144,5,219968.098,37848.22,220313.341,1425976.675,0.002239586
125.986931485,524.288,262144,5,220492.386,37848.22,220837.629,1425976.675,0.00337944499999
125.989080326,524.288,262144,5,221016.674,37848.22,221361.917,1425976.675,0.00214884100001
125.991329485,786.432,262144,5,221803.106,37848.22,222148.349,1425976.675,0.00224915899999
125.994615736,524.288,262144,5,222327.394,37848.22,222672.637,1425976.675,0.00328625100001
125.9968926,524.288,262144,5,222851.682,37848.22,223196.925,1425976.675,0.002276864
125.999187809,524.288,262144,5,223375.97,37848.22,223721.213,1425976.675,0.00229520900001
126.002443152,524.288,262144,5,223900.258,37848.22,224245.501,1425976.675,0.00325534299999
126.004455374,524.288,262144,5,224424.546,37848.22,224769.789,1425976.675,0.002012222
126.00666576,524.288,262144,5,224948.834,37848.22,225294.077,1425976.675,0.002210386
126.008859673,524.288,262144,5,225473.122,37848.22,225818.365,1425976.675,0.002193913
126.012153743,786.432,262144,5,226259.554,37848.22,226604.797,1425976.675,0.00329407
126.01528589,524.288,262144,5,226783.842,37848.22,227129.085,1425976.675,0.003132147
126.017433606,524.288,262144,5,227308.13,37848.22,227653.373,1425976.675,0.002147716
126.020869314,524.288,262144,5,227832.418,37848.22,228177.661,1425976.675,0.003435708
126.024038027,786.432,262144,5,228618.85,37848.22,228964.093,1425976.675,0.00316871300001
126.027405836,524.288,262144,5,229143.138,37848.22,229488.381,1425976.675,0.003367809
126.029619088,786.432,262144,5,229929.57,37848.22,230274.813,1425976.675,0.002213252
126.03293771,524.288,262144,5,230453.858,37848.22,230799.101,1425976.675,0.00331862199999
126.035148532,786.432,262144,5,231240.29,37848.22,231585.533,1425976.675,0.002210822
126.038474224,524.288,262144,5,231764.578,37848.22,232109.821,1425976.675,0.003325692
126.041796183,524.288,262144,5,232288.866,37848.22,232634.109,1425976.675,0.003321959
126.045122713,524.288,262144,5,232813.154,37848.22,233158.397,1425976.675,0.00332653
126.048458643,524.288,262144,5,233337.442,37848.22,233682.685,1425976.675,0.00333593000001
126.051766046,524.288,262144,5,233861.73,37848.22,234206.973,1425976.675,0.00330740299999
126.055089612,786.432,262144,5,234648.162,37848.22,234993.405,1425976.675,0.00332356600001
126.058438515,524.288,262144,5,235172.45,37848.22,235517.693,1425976.675,0.003348903
126.061574974,786.432,262144,5,235958.882,37848.22,236304.125,1425976.675,0.00313645899999
126.064953802,524.288,262144,5,236483.17,37848.22,236828.413,1425976.675,0.00337882800001
126.068201647,524.288,262144,5,237007.458,37848.22,237352.701,1425976.675,0.00324784499999
126.071475507,524.288,262144,5,237531.746,37848.22,237876.989,1425976.675,0.00327386000001
126.074909989,786.432,262144,5,238318.178,37848.22,238663.421,1425976.675,0.003434482
126.078433222,524.288,262144,5,238842.466,37848.22,239187.709,1425976.675,0.003523233
126.081536567,524.288,262144,5,239366.754,37848.22,239711.997,1425976.675,0.003103345
126.083876113,524.288,262144,5,239891.042,37848.22,240236.285,1425976.675,0.002339546
126.087275467,524.288,262144,5,240415.33,37848.22,240760.573,1425976.675,0.003399354
126.08958141,524.288,262144,5,240939.618,37848.22,241284.861,1425976.675,0.002305943
126.092916935,498.4,262144,5,241438.018,37848.22,241783.261,1425976.675,0.00333552500001
126.095146369,342.192,236256,5,241780.21,37848.22,242125.453,1425976.675,0.002229434
126.097304424,105.936,105936,5,241886.146,37850.268,242231.389,1425978.723,0.002158055
126.235192278,0.185,185,5,241886.331,37852.284,242231.574,1425980.739,0.137887854
126.3763388,0.19,190,5,241886.521,37854.172,242231.764,1425982.627,0.141146522
126.381328264,0.19,190,5,241886.711,37855.932,242231.954,1425984.387,0.004989464
126.41490876,0.19,190,5,241886.901,37865.884,242232.144,1425994.339,0.033580496
127.003665211,1.575,1575,5,241888.476,37865.884,242233.719,1425994.339,0.588756451
127.005209506,0.286,286,5,241888.762,44175.772,242234.005,1432304.227,0.001544295
127.058956109,0.19,190,5,241888.952,44176.796,242234.195,1432305.251,0.053746603
127.361950902,2.339,2339,5,241891.291,44189.324,242236.534,1432317.779,0.302994793
127.36505854,1.575,1575,5,241892.866,44189.324,242238.109,1432317.779,0.003107638
127.6309878,2.339,2339,5,241895.205,44203.66,242240.448,1432332.115,0.26592926
128.868315679,1.575,1575,5,241896.78,44203.66,242242.023,1432332.115,1.237327879
128.869739694,0.286,286,5,241897.066,45121.164,242242.309,1433249.619,0.001424015
128.879544105,0.19,190,5,241897.256,45153.932,242242.499,1433282.387,0.009804411
129.000924071,0.286,286,5,241897.542,51912.332,242242.785,1440040.787,0.121379966
129.083239634,0.19,190,5,241897.732,51920.524,242242.975,1440048.979,0.082315563
129.321404911,2.62,2620,5,241900.352,51932.812,242245.595,1440061.267,0.238165277
129.324831289,1.575,1575,5,241901.927,51932.812,242247.17,1440061.267,0.003426378
129.546507863,2.62,2620,5,241904.547,51998.348,242249.79,1440126.803,0.221676574
130.052618095,0.19,190,5,241904.737,52047.5,242249.98,1440177.587,0.506110232
131.242435867,0.19,190,5,241904.927,52067.98,242250.17,1440198.067,1.189817772
131.71920577,1.575,1575,5,241906.502,52067.98,242251.745,1440198.067,0.476769903
131.721302796,0.286,286,5,241906.788,59752.076,242252.031,1447882.163,0.002097026
131.789093631,0.19,190,5,241906.978,59784.844,242252.221,1447914.931,0.067790835
132.145689616,2.339,2339,5,241909.317,59809.42,242254.56,1447939.507,0.356595985
132.1484693,1.575,1575,5,241910.892,59809.42,242256.135,1447939.507,0.00277968399999
