time,size,first_call,destination,dest_out_traffic,dest_in_traffic,total_network_out,total_network_in,dens10
4.918328232,0.244,244,2,0.244,24.576,0.244,26.624,0
4.958805237,0.183,183,2,0.427,40.96,0.427,43.008,0.040477005
5.969557023,0.183,183,2,0.61,57.344,0.61,59.392,1.010751786
6.97051329,0.183,183,2,0.793,73.728,0.793,75.776,1.000956267
7.971440153,0.183,183,2,0.976,90.112,0.976,92.16,1.000926863
8.972190668,0.183,183,2,1.159,106.496,1.159,108.544,1.000750515
9.972951519,0.183,183,2,1.342,122.88,1.342,124.928,1.000760851
10.973692395,0.183,183,2,1.525,139.264,1.525,141.312,1.000740876
11.974485164,0.183,183,2,1.708,155.648,1.708,157.696,1.000792769
12.975436891,0.183,183,2,1.891,172.032,1.891,174.08,1.000951727
13.976341964,0.183,183,2,2.074,188.416,2.074,190.464,1.000905073
14.977358713,0.183,183,2,2.257,204.8,2.257,206.848,1.001016749
15.978124453,0.183,183,2,2.44,221.184,2.44,223.232,1.00076574
16.978924834,0.183,183,2,2.623,237.568,2.623,239.616,1.000800381
17.979733806,0.183,183,2,2.806,253.952,2.806,256.0,1.000808972
18.980537679,0.183,183,2,2.989,270.336,2.989,272.384,1.000803873
19.982393642,0.183,183,2,3.172,286.72,3.172,288.768,1.001855963
20.98324347,0.183,183,2,3.355,303.104,3.355,305.152,1.000849828
21.983904099,0.183,183,2,3.538,319.488,3.538,321.536,1.000660629
22.984523731,0.183,183,2,3.721,335.872,3.721,337.92,1.000619632
23.985204195,0.183,183,2,3.904,352.256,3.904,354.304,1.000680464
24.985882074,0.183,183,2,4.087,368.64,4.087,370.688,1.000677879
25.987280297,0.183,183,2,4.27,385.024,4.27,387.072,1.001398223
26.987941275,0.183,183,2,4.453,401.408,4.453,403.456,1.000660978
27.988627814,0.183,183,2,4.636,417.792,4.636,419.84,1.000686539
28.989274126,0.183,183,2,4.819,434.176,4.819,436.224,1.000646312
29.98992791,0.183,183,2,5.002,450.56,5.002,452.608,1.000653784
30.990537974,0.183,183,2,5.185,466.944,5.185,468.992,1.000610064
31.991209428,0.183,183,2,5.368,483.328,5.368,485.376,1.000671454
32.991848126,0.183,183,2,5.551,499.712,5.551,501.76,1.000638698
33.992504984,0.183,183,2,5.734,516.096,5.734,518.144,1.000656858
34.993217295,0.183,183,2,5.917,532.48,5.917,534.528,1.000712311
35.993916685,0.183,183,2,6.1,548.864,6.1,550.912,1.00069939
36.994525632,0.183,183,2,6.283,565.248,6.283,567.296,1.000608947
37.995138,0.183,183,2,6.466,581.632,6.466,583.68,1.000612368
38.99574073,0.183,183,2,6.649,598.016,6.649,600.064,1.00060273
39.996437677,0.183,183,2,6.832,614.4,6.832,616.448,1.000696947
40.997576159,0.183,183,2,7.015,630.784,7.015,632.832,1.001138482
41.998176026,0.183,183,2,7.198,647.168,7.198,649.216,1.000599867
42.998903353,0.183,183,2,7.381,663.552,7.381,665.6,1.000727327
43.999550712,0.183,183,2,7.564,679.936,7.564,681.984,1.000647359
45.000347811,0.183,183,2,7.747,696.32,7.747,698.368,1.000797099
46.001793106,0.183,183,2,7.93,712.704,7.93,714.752,1.001445295
47.002481043,0.183,183,2,8.113,729.088,8.113,731.136,1.000687937
48.003150192,0.183,183,2,8.296,745.472,8.296,747.52,1.000669149
49.003748593,0.183,183,2,8.479,761.856,8.479,763.904,1.000598401
50.00442724,0.183,183,2,8.662,778.24,8.662,780.288,1.000678647
51.005117342,0.183,183,2,8.845,794.624,8.845,796.672,1.000690102
52.005737672,0.183,183,2,9.028,811.008,9.028,813.056,1.00062033
53.006348784,0.183,183,2,9.211,827.392,9.211,829.44,1.000611112
54.006965901,0.183,183,2,9.394,843.776,9.394,845.824,1.000617117
55.007584416,0.183,183,2,9.577,860.16,9.577,862.208,1.000618515
56.008282689,0.183,183,2,9.76,876.544,9.76,878.592,1.000698273
57.008972022,0.183,183,2,9.943,892.928,9.943,894.976,1.000689333
58.009642778,0.183,183,2,10.126,909.312,10.126,911.36,1.000670756
59.0102402,0.183,183,2,10.309,925.696,10.309,927.744,1.000597422
60.010840416,0.183,183,2,10.492,942.08,10.492,944.128,1.000600216
61.011532194,0.183,183,2,10.675,958.464,10.675,960.512,1.000691778
62.012152525,0.183,183,2,10.858,974.848,10.858,976.896,1.000620331
63.012803795,0.183,183,2,11.041,991.232,11.041,993.28,1.00065127
64.013509122,0.183,183,2,11.224,1007.616,11.224,1009.664,1.000705327
65.014157389,0.183,183,2,11.407,1024.0,11.407,1026.048,1.000648267
66.014806913,0.183,183,2,11.59,1040.384,11.59,1042.432,1.000649524
67.01563544,0.183,183,2,11.773,1056.768,11.773,1058.816,1.000828527
68.016510342,0.184,184,2,11.957,1073.152,11.957,1075.2,1.000874902
69.017230545,0.184,184,2,12.141,1089.536,12.141,1091.584,1.000720203
70.017864355,0.184,184,2,12.325,1105.92,12.325,1107.968,1.00063381
71.018433072,0.184,184,2,12.509,1122.304,12.509,1124.352,1.000568717
72.019002069,0.184,184,2,12.693,1138.688,12.693,1140.736,1.000568997
73.019595301,0.184,184,2,12.877,1155.072,12.877,1157.12,1.000593232
74.020267733,0.184,184,2,13.061,1171.456,13.061,1173.504,1.000672432
75.020947917,0.184,184,2,13.245,1187.84,13.245,1189.888,1.000680184
76.021568527,0.184,184,2,13.429,1204.224,13.429,1206.272,1.00062061
77.0221744,0.184,184,2,13.613,1220.608,13.613,1222.656,1.000605873
78.02280388,0.184,184,2,13.797,1236.992,13.797,1239.04,1.00062948
79.023458432,0.184,184,2,13.981,1253.376,13.981,1255.424,1.000654552
80.024050407,0.184,184,2,14.165,1269.76,14.165,1271.808,1.000591975
81.024685055,0.184,184,2,14.349,1286.144,14.349,1288.192,1.000634648
82.025348128,0.184,184,2,14.533,1302.528,14.533,1304.576,1.000663073
83.02596748,0.184,184,2,14.717,1318.912,14.717,1320.96,1.000619352
84.026573284,0.184,184,2,14.901,1335.296,14.901,1337.344,1.000605804
85.027218408,0.184,184,2,15.085,1351.68,15.085,1353.728,1.000645124
86.027808986,0.184,184,2,15.269,1368.064,15.269,1370.112,1.000590578
87.028476878,0.184,184,2,15.453,1376.256,15.453,1378.304,1.000667892
88.034726206,0.184,184,2,15.637,1400.832,15.637,1402.88,1.006249328
89.035575686,0.184,184,2,15.821,1417.216,15.821,1419.264,1.00084948
90.036450378,0.184,184,2,16.005,1433.6,16.005,1435.648,1.000874692
91.037146556,0.184,184,2,16.189,1449.984,16.189,1452.032,1.000696178
92.037733153,0.184,184,2,16.373,1466.368,16.373,1468.416,1.000586597
93.03836787,0.184,184,2,16.557,1482.752,16.557,1484.8,1.000634717
94.03896222,0.184,184,2,16.741,1499.136,16.741,1501.184,1.00059435
95.039531775,0.184,184,2,16.925,1515.52,16.925,1517.568,1.000569555
96.040112017,0.184,184,2,17.109,1531.904,17.109,1533.952,1.000580242
97.040718728,0.184,184,2,17.293,1548.288,17.293,1550.336,1.000606711
98.041362525,0.184,184,2,17.477,1564.672,17.477,1566.72,1.000643797
99.041946328,0.184,184,2,17.661,1581.056,17.661,1583.104,1.000583803
100.042578043,0.184,184,2,17.845,1597.44,17.845,1599.488,1.000631715
101.043172532,0.184,184,2,18.029,1613.824,18.029,1615.872,1.000594489
102.043755148,0.184,184,2,18.213,1630.208,18.213,1632.256,1.000582616
103.044372824,0.184,184,2,18.397,1646.592,18.397,1648.64,1.000617676
104.044964939,0.184,184,2,18.581,1662.976,18.581,1665.024,1.000592115
105.045625428,0.184,184,2,18.765,1679.36,18.765,1681.408,1.000660489
106.046193028,0.184,184,2,18.949,1695.744,18.949,1697.792,1.0005676
107.046733809,0.184,184,2,19.133,1712.128,19.133,1714.176,1.000540781
108.047391504,0.184,184,2,19.317,1728.512,19.317,1730.56,1.000657695
109.048005758,0.184,184,2,19.501,1744.896,19.501,1746.944,1.000614254
110.048609536,0.184,184,2,19.685,1761.28,19.685,1763.328,1.000603778
111.049203117,0.184,184,2,19.869,1777.664,19.869,1779.712,1.000593581
112.049764432,0.184,184,2,20.053,1794.048,20.053,1796.096,1.000561315
113.050353194,0.184,184,2,20.237,1810.432,20.237,1812.48,1.000588762
114.050945029,0.184,184,2,20.421,1826.816,20.421,1828.864,1.000591835
115.05151647,0.184,184,2,20.605,1843.2,20.605,1845.248,1.000571441
116.052096432,0.184,184,2,20.789,1859.584,20.789,1861.632,1.000579962
117.052702375,0.184,184,2,20.973,1875.968,20.973,1878.016,1.000605943
118.053333391,0.184,184,2,21.157,1892.352,21.157,1894.4,1.000631016
119.053911607,0.184,184,2,21.341,1908.736,21.341,1910.784,1.000578216
120.054510776,0.184,184,2,21.525,1925.12,21.525,1927.168,1.000599169
121.055166306,0.184,184,2,21.709,1941.504,21.709,1943.552,1.00065553
122.05582456,0.184,184,2,21.893,1957.888,21.893,1959.936,1.000658254
123.056427779,0.184,184,2,22.077,1974.272,22.077,1976.32,1.000603219
124.05708771,0.184,184,2,22.261,1990.656,22.261,1992.704,1.000659931
125.057686948,0.184,184,2,22.445,2007.04,22.445,2009.088,1.000599238
126.058257621,0.184,184,2,22.629,2023.424,22.629,2025.472,1.000570673
127.058812301,0.184,184,2,22.813,2039.808,22.813,2041.856,1.00055468
128.059364186,0.184,184,2,22.997,2056.192,22.997,2058.24,1.000551885
129.060021952,0.184,184,2,23.181,2072.576,23.181,2074.624,1.000657766
130.096861692,0.184,184,2,23.365,2088.96,23.365,2091.008,1.03683974
131.097839959,0.184,184,2,23.549,2105.344,23.549,2107.392,1.000978267
132.099526487,0.184,184,2,23.733,2121.728,23.733,2123.776,1.001686528
133.100630468,0.185,185,2,23.918,2138.112,23.918,2140.16,1.001103981
134.101180468,0.185,185,2,24.103,2154.496,24.103,2156.544,1.00055
135.101871757,0.185,185,2,24.288,2170.88,24.288,2172.928,1.000691289
136.102408767,0.185,185,2,24.473,2187.264,24.473,2189.312,1.00053701
137.102951433,0.185,185,2,24.658,2203.648,24.658,2205.696,1.000542666
138.103462951,0.185,185,2,24.843,2220.032,24.843,2222.08,1.000511518
139.104014348,0.185,185,2,25.028,2236.416,25.028,2238.464,1.000551397
140.104567212,0.185,185,2,25.213,2252.8,25.213,2254.848,1.000552864
141.10511777,0.185,185,2,25.398,2269.184,25.398,2271.232,1.000550558
142.10566791,0.185,185,2,25.583,2285.568,25.583,2287.616,1.00055014
143.106201987,0.185,185,2,25.768,2301.952,25.768,2304.0,1.000534077
144.10671553,0.185,185,2,25.953,2318.336,25.953,2320.384,1.000513543
145.107262596,0.185,185,2,26.138,2334.72,26.138,2336.768,1.000547066
146.107831733,0.185,185,2,26.323,2351.104,26.323,2353.152,1.000569137
147.10841379,0.185,185,2,26.508,2367.488,26.508,2369.536,1.000582057
148.108985721,0.185,185,2,26.693,2383.872,26.693,2385.92,1.000571931
149.109520076,0.185,185,2,26.878,2400.256,26.878,2402.304,1.000534355
150.11008181,0.185,185,2,27.063,2416.64,27.063,2418.688,1.000561734
151.110636699,0.185,185,2,27.248,2433.024,27.248,2435.072,1.000554889
152.11119061,0.185,185,2,27.433,2449.408,27.433,2451.456,1.000553911
153.111738026,0.185,185,2,27.618,2465.792,27.618,2467.84,1.000547416
154.112354655,0.185,185,2,27.803,2482.176,27.803,2484.224,1.000616629
155.11288908,0.185,185,2,27.988,2498.56,27.988,2500.608,1.000534425
156.113422947,0.185,185,2,28.173,2514.944,28.173,2516.992,1.000533867
157.113952763,0.185,185,2,28.358,2531.328,28.358,2533.376,1.000529816
158.114476852,0.185,185,2,28.543,2547.712,28.543,2549.76,1.000524089
159.114994585,0.185,185,2,28.728,2564.096,28.728,2566.144,1.000517733
160.11552489,0.185,185,2,28.913,2580.48,28.913,2582.528,1.000530305
161.116083551,0.185,185,2,29.098,2596.864,29.098,2598.912,1.000558661
162.11664284,0.185,185,2,29.283,2613.248,29.283,2615.296,1.000559289
163.117191513,0.185,185,2,29.468,2629.632,29.468,2631.68,1.000548673
164.117757227,0.185,185,2,29.653,2646.016,29.653,2648.064,1.000565714
165.118345501,0.185,185,2,29.838,2662.4,29.838,2664.448,1.000588274
166.118880904,0.185,185,2,30.023,2678.784,30.023,2680.832,1.000535403
167.119412815,0.185,185,2,30.208,2695.168,30.208,2697.216,1.000531911
168.119959463,0.185,185,2,30.393,2711.552,30.393,2713.6,1.000546648
169.12054166,0.185,185,2,30.578,2727.936,30.578,2729.984,1.000582197
170.121049476,0.185,185,2,30.763,2744.32,30.763,2746.368,1.000507816
171.121572098,0.185,185,2,30.948,2760.704,30.948,2762.752,1.000522622
172.122108549,0.185,185,2,31.133,2777.088,31.133,2779.136,1.000536451
173.122641298,0.185,185,2,31.318,2793.472,31.318,2795.52,1.000532749
174.123176492,0.185,185,2,31.503,2809.856,31.503,2811.904,1.000535194
175.123706518,0.185,185,2,31.688,2826.24,31.688,2828.288,1.000530026
176.124211331,0.185,185,2,31.873,2842.624,31.873,2844.672,1.000504813
177.124750016,0.185,185,2,32.058,2859.008,32.058,2861.056,1.000538685
178.125275921,0.185,185,2,32.243,2875.392,32.243,2877.44,1.000525905
179.125822918,0.185,185,2,32.428,2891.776,32.428,2893.824,1.000546997
180.126344703,0.185,185,2,32.613,2908.16,32.613,2910.208,1.000521785
181.126877173,0.185,185,2,32.798,2924.544,32.798,2926.592,1.00053247
182.12741523,0.185,185,2,32.983,2940.928,32.983,2942.976,1.000538057
183.12793897,0.185,185,2,33.168,2957.312,33.168,2959.36,1.00052374
184.128504963,0.185,185,2,33.353,2973.696,33.353,2975.744,1.000565993
185.129014176,0.185,185,2,33.538,2990.08,33.538,2992.128,1.000509213
186.129723345,0.185,185,2,33.723,3006.464,33.723,3008.512,1.000709169
187.130254907,0.185,185,2,33.908,3022.848,33.908,3024.896,1.000531562
188.130759859,0.185,185,2,34.093,3039.232,34.093,3041.28,1.000504952
189.131401351,0.185,185,2,34.278,3055.616,34.278,3057.664,1.000641492
190.131962247,0.185,185,2,34.463,3072.0,34.463,3074.048,1.000560896
191.13249772,0.185,185,2,34.648,3088.384,34.648,3090.432,1.000535473
192.133009796,0.185,185,2,34.833,3104.768,34.833,3106.816,1.000512076
193.133590596,0.185,185,2,35.018,3121.152,35.018,3123.2,1.0005808
194.134176285,0.185,185,2,35.203,3137.536,35.203,3139.584,1.000585689
195.134824413,0.185,185,2,35.388,3145.728,35.388,3147.776,1.000648128
196.135684508,0.185,185,2,35.573,3170.304,35.573,3172.352,1.000860095
197.136319575,0.185,185,2,35.758,3186.688,35.758,3188.736,1.000635067
198.136867061,0.185,185,2,35.943,3203.072,35.943,3205.12,1.000547486
199.137381581,0.185,185,2,36.128,3219.456,36.128,3221.504,1.00051452
200.137916636,0.185,185,2,36.313,3235.84,36.313,3237.888,1.000535055
201.138450013,0.185,185,2,36.498,3252.224,36.498,3254.272,1.000533377
202.138988769,0.185,185,2,36.683,3268.608,36.683,3270.656,1.000538756
203.139506433,0.185,185,2,36.868,3284.992,36.868,3287.04,1.000517664
204.140007823,0.185,185,2,37.053,3301.376,37.053,3303.424,1.00050139
205.14053289,0.185,185,2,37.238,3317.76,37.238,3319.808,1.000525067
206.141031557,0.185,185,2,37.423,3334.144,37.423,3336.192,1.000498667
207.141569754,0.185,185,2,37.608,3350.528,37.608,3352.576,1.000538197
208.142126948,0.185,185,2,37.793,3366.912,37.793,3368.96,1.000557194
209.142639164,0.185,185,2,37.978,3383.296,37.978,3385.344,1.000512216
210.143138599,0.185,185,2,38.163,3399.68,38.163,3401.728,1.000499435
211.143662758,0.185,185,2,38.348,3416.064,38.348,3418.112,1.000524159
212.144192294,0.185,185,2,38.533,3432.448,38.533,3434.496,1.000529536
213.144709888,0.185,185,2,38.718,3448.832,38.718,3450.88,1.000517594
214.145218053,0.185,185,2,38.903,3465.216,38.903,3467.264,1.000508165
215.145719863,0.185,185,2,39.088,3481.6,39.088,3483.648,1.00050181
216.146232987,0.185,185,2,39.273,3497.984,39.273,3500.032,1.000513124
217.146807222,0.185,185,2,39.458,3514.368,39.458,3516.416,1.000574235
218.147495717,0.185,185,2,39.643,3530.752,39.643,3532.8,1.000688495
219.148119889,0.185,185,2,39.828,3547.136,39.828,3549.184,1.000624172
220.148697406,0.185,185,2,40.013,3563.52,40.013,3565.568,1.000577517
221.149247476,0.185,185,2,40.198,3579.904,40.198,3581.952,1.00055007
222.149779876,0.185,185,2,40.383,3596.288,40.383,3598.336,1.0005324
223.150348664,0.185,185,2,40.568,3612.672,40.568,3614.72,1.000568788
224.150935051,0.185,185,2,40.753,3629.056,40.753,3631.104,1.000586387
225.151583528,0.185,185,2,40.938,3645.44,40.938,3647.488,1.000648477
226.152181509,0.185,185,2,41.123,3661.824,41.123,3663.872,1.000597981
227.152734372,0.185,185,2,41.308,3678.208,41.308,3680.256,1.000552863
228.153273477,0.185,185,2,41.493,3694.592,41.493,3696.64,1.000539105
229.153869154,0.185,185,2,41.678,3710.976,41.678,3713.024,1.000595677
230.154439408,0.185,185,2,41.863,3727.36,41.863,3729.408,1.000570254
231.154974602,0.185,185,2,42.048,3743.744,42.048,3745.792,1.000535194
232.155533052,0.185,185,2,42.233,3760.128,42.233,3762.176,1.00055845
233.156080119,0.185,185,2,42.418,3776.512,42.418,3778.56,1.000547067
234.156641713,0.185,185,2,42.603,3792.896,42.603,3794.944,1.000561594
235.157181027,0.185,185,2,42.788,3809.28,42.788,3811.328,1.000539314
236.157722158,0.185,185,2,42.973,3825.664,42.973,3827.712,1.000541131
237.158271948,0.185,185,2,43.158,3842.048,43.158,3844.096,1.00054979
238.158807771,0.185,185,2,43.343,3858.432,43.343,3860.48,1.000535823
239.159334095,0.185,185,2,43.528,3874.816,43.528,3876.864,1.000526324
240.15985546,0.185,185,2,43.713,3891.2,43.713,3893.248,1.000521365
241.160388139,0.185,185,2,43.898,3907.584,43.898,3909.632,1.000532679
242.160935555,0.185,185,2,44.083,3923.968,44.083,3926.016,1.000547416
243.161447003,0.185,185,2,44.268,3940.352,44.268,3942.4,1.000511448
244.161975702,0.185,185,2,44.453,3956.736,44.453,3958.784,1.000528699
245.162492178,0.185,185,2,44.638,3973.12,44.638,3975.168,1.000516476
246.163002369,0.185,185,2,44.823,3989.504,44.823,3991.552,1.000510191
247.163553696,0.185,185,2,45.008,4005.888,45.008,4007.936,1.000551327
248.16408868,0.185,185,2,45.193,4022.272,45.193,4024.32,1.000534984
249.164637423,0.185,185,2,45.378,4038.656,45.378,4040.704,1.000548743
250.165205512,0.185,185,2,45.563,4055.04,45.563,4057.088,1.000568089
251.165808452,0.185,185,2,45.748,4071.424,45.748,4073.472,1.00060294
252.166435766,0.185,185,2,45.933,4087.808,45.933,4089.856,1.000627314
253.166954408,0.185,185,2,46.118,4104.192,46.118,4106.24,1.000518642
254.167515443,0.185,185,2,46.303,4120.576,46.303,4122.624,1.000561035
255.168132979,0.185,185,2,46.488,4136.96,46.488,4139.008,1.000617536
256.168726421,0.185,185,2,46.673,4153.344,46.673,4155.392,1.000593442
257.169357996,0.185,185,2,46.858,4169.728,46.858,4171.776,1.000631575
258.170103691,0.185,185,2,47.043,4186.112,47.043,4188.16,1.000745695
259.172201095,0.185,185,2,47.228,4202.496,47.228,4204.544,1.002097404
260.173236142,0.185,185,2,47.413,4218.88,47.413,4220.928,1.001035047
261.175713832,0.185,185,2,47.598,4235.264,47.598,4237.312,1.00247769
262.176362168,0.185,185,2,47.783,4251.648,47.783,4253.696,1.000648336
263.176889889,0.185,185,2,47.968,4268.032,47.968,4270.08,1.000527721
264.177432067,0.185,185,2,48.153,4284.416,48.153,4286.464,1.000542178
265.177973756,0.185,185,2,48.338,4300.8,48.338,4302.848,1.000541689
266.178541566,0.185,185,2,48.523,4317.184,48.523,4319.232,1.00056781
267.179061325,0.185,185,2,48.708,4333.568,48.708,4335.616,1.000519759
268.179594214,0.185,185,2,48.893,4349.952,48.893,4352.0,1.000532889
269.180116836,0.185,185,2,49.078,4366.336,49.078,4368.384,1.000522622
270.180641274,0.185,185,2,49.263,4382.72,49.263,4384.768,1.000524438
271.181171579,0.185,185,2,49.448,4399.104,49.448,4401.152,1.000530305
272.18168603,0.185,185,2,49.633,4415.488,49.633,4417.536,1.000514451
273.182179319,0.185,185,2,49.818,4431.872,49.818,4433.92,1.000493289
274.182683364,0.185,185,2,50.003,4448.256,50.003,4450.304,1.000504045
275.183191529,0.185,185,2,50.188,4464.64,50.188,4466.688,1.000508165
276.183753891,0.185,185,2,50.373,4481.024,50.373,4483.072,1.000562362
277.184346215,0.185,185,2,50.558,4497.408,50.558,4499.456,1.000592324
278.184845301,0.185,185,2,50.743,4513.792,50.743,4515.84,1.000499086
279.18533419,0.185,185,2,50.928,4530.176,50.928,4532.224,1.000488889
280.185820914,0.185,185,2,51.113,4546.56,51.113,4548.608,1.000486724
281.186307358,0.185,185,2,51.298,4562.944,51.298,4564.992,1.000486444
282.186794012,0.185,185,2,51.483,4579.328,51.483,4581.376,1.000486654
283.187280527,0.185,185,2,51.668,4595.712,51.668,4597.76,1.000486515
284.187786597,0.185,185,2,51.853,4612.096,51.853,4614.144,1.00050607
285.188354476,0.185,185,2,52.038,4628.48,52.038,4630.528,1.000567879
286.188842387,0.185,185,2,52.223,4644.864,52.223,4646.912,1.000487911
287.189336235,0.185,185,2,52.408,4661.248,52.408,4663.296,1.000493848
288.189828267,0.185,185,2,52.593,4677.632,52.593,4679.68,1.000492032
289.190325188,0.185,185,2,52.778,4694.016,52.778,4696.064,1.000496921
290.190836077,0.185,185,2,52.963,4710.4,52.963,4712.448,1.000510889
291.191338864,0.185,185,2,53.148,4726.784,53.148,4728.832,1.000502787
292.191830407,0.185,185,2,53.333,4743.168,53.333,4745.216,1.000491543
293.192357569,0.185,185,2,53.518,4759.552,53.518,4761.6,1.000527162
294.192855677,0.185,185,2,53.703,4775.936,53.703,4777.984,1.000498108
295.193393036,0.185,185,2,53.888,4792.32,53.888,4794.368,1.000537359
296.193883043,0.185,185,2,54.073,4808.704,54.073,4810.752,1.000490007
297.194385621,0.185,185,2,54.258,4825.088,54.258,4827.136,1.000502578
298.194867525,0.185,185,2,54.443,4841.472,54.443,4843.52,1.000481904
299.195370103,0.185,185,2,54.628,4857.856,54.628,4859.904,1.000502578
300.195859551,0.185,185,2,54.813,4874.24,54.813,4876.288,1.000489448
301.196382523,0.185,185,2,54.998,4890.624,54.998,4892.672,1.000522972
302.196886428,0.185,185,2,55.183,4907.008,55.183,4909.056,1.000503905
303.19739117,0.185,185,2,55.368,4923.392,55.368,4925.44,1.000504742
304.197914491,0.185,185,2,55.553,4939.776,55.553,4941.824,1.000523321
305.198403939,0.185,185,2,55.738,4956.16,55.738,4958.208,1.000489448
306.198888568,0.185,185,2,55.923,4972.544,55.923,4974.592,1.000484629
307.199379482,0.185,185,2,56.108,4988.928,56.108,4990.976,1.000490914
308.199875844,0.185,185,2,56.293,5005.312,56.293,5007.36,1.000496362
309.200377025,0.185,185,2,56.478,5021.696,56.478,5023.744,1.000501181
310.200881559,0.185,185,2,56.663,5038.08,56.663,5040.128,1.000504534
311.201372543,0.185,185,2,56.848,5054.464,56.848,5056.512,1.000490984
312.201883083,0.185,185,2,57.033,5070.848,57.033,5072.896,1.00051054
313.202389292,0.185,185,2,57.218,5087.232,57.218,5089.28,1.000506209
314.20287434,0.185,185,2,57.403,5103.616,57.403,5105.664,1.000485048
315.20341547,0.185,185,2,57.588,5120.0,57.588,5122.048,1.00054113
316.203909807,0.185,185,2,57.773,5136.384,57.773,5138.432,1.000494337
317.204382004,0.185,185,2,57.958,5152.768,57.958,5154.816,1.000472197
318.204865445,0.185,185,2,58.143,5169.152,58.143,5171.2,1.000483441
319.205337992,0.185,185,2,58.328,5185.536,58.328,5187.584,1.000472547
320.205816614,0.185,185,2,58.513,5201.92,58.513,5203.968,1.000478622
321.206298589,0.185,185,2,58.698,5218.304,58.698,5220.352,1.000481975
322.20680843,0.185,185,2,58.883,5234.688,58.883,5236.736,1.000509841
323.207299344,0.185,185,2,59.068,5251.072,59.068,5253.12,1.000490914
324.207790887,0.185,185,2,59.253,5267.456,59.253,5269.504,1.000491543
325.208293465,0.185,185,2,59.438,5283.84,59.438,5285.888,1.000502578
326.208804913,0.185,185,2,59.623,5300.224,59.623,5302.272,1.000511448
327.209310983,0.185,185,2,59.808,5316.608,59.808,5318.656,1.00050607
328.209812164,0.185,185,2,59.993,5332.992,59.993,5335.04,1.000501181
329.210303637,0.185,185,2,60.178,5349.376,60.178,5351.424,1.000491473
330.210788056,0.185,185,2,60.363,5365.76,60.363,5367.808,1.000484419
331.211280298,0.185,185,2,60.548,5382.144,60.548,5384.192,1.000492242
332.211780571,0.185,185,2,60.733,5398.528,60.733,5400.576,1.000500273
333.212300888,0.185,185,2,60.918,5414.912,60.918,5416.96,1.000520317
334.212806749,0.185,185,2,61.103,5431.296,61.103,5433.344,1.000505861
335.213311632,0.185,185,2,61.288,5447.68,61.288,5449.728,1.000504883
336.213794444,0.185,185,2,61.473,5464.064,61.473,5466.112,1.000482812
337.214299886,0.185,185,2,61.658,5480.448,61.658,5482.496,1.000505442
338.214784724,0.185,185,2,61.843,5496.832,61.843,5498.88,1.000484838
339.215280877,0.185,185,2,62.028,5513.216,62.028,5515.264,1.000496153
340.215773258,0.185,185,2,62.213,5529.6,62.213,5531.648,1.000492381
341.216266966,0.185,185,2,62.398,5545.984,62.398,5548.032,1.000493708
342.216753759,0.185,185,2,62.583,5562.368,62.583,5564.416,1.000486793
343.217242229,0.185,185,2,62.768,5578.752,62.768,5580.8,1.00048847
344.217731398,0.185,185,2,62.953,5595.136,62.953,5597.184,1.000489169
345.218309404,0.185,185,2,63.138,5611.52,63.138,5613.568,1.000578006
346.218867576,0.185,185,2,63.323,5627.904,63.323,5629.952,1.000558172
347.219435036,0.185,185,2,63.508,5644.288,63.508,5646.336,1.00056746
348.219927557,0.185,185,2,63.693,5660.672,63.693,5662.72,1.000492521
349.220416027,0.185,185,2,63.878,5677.056,63.878,5679.104,1.00048847
350.220905894,0.185,185,2,64.063,5693.44,64.063,5695.488,1.000489867
351.22140477,0.185,185,2,64.248,5709.824,64.248,5711.872,1.000498876
352.221878085,0.185,185,2,64.433,5726.208,64.433,5728.256,1.000473315
353.222369069,0.185,185,2,64.618,5742.592,64.618,5744.64,1.000490984
354.222885266,0.185,185,2,64.803,5758.976,64.803,5761.024,1.000516197
355.22338051,0.185,185,2,64.988,5775.36,64.988,5777.408,1.000495244
356.223883507,0.185,185,2,65.173,5791.744,65.173,5793.792,1.000502997
357.224373234,0.185,185,2,65.358,5808.128,65.358,5810.176,1.000489727
358.224867222,0.185,185,2,65.543,5824.512,65.543,5826.56,1.000493988
359.225373362,0.185,185,2,65.728,5840.896,65.728,5842.944,1.00050614
360.2258714,0.185,185,2,65.913,5857.28,65.913,5859.328,1.000498038
361.22634199,0.185,185,2,66.098,5873.664,66.098,5875.712,1.00047059
362.226792397,0.185,185,2,66.283,5890.048,66.283,5892.096,1.000450407
363.227322772,0.185,185,2,66.468,5906.432,66.468,5908.48,1.000530375
364.227888835,0.185,185,2,66.653,5922.816,66.653,5924.864,1.000566063
365.228422912,0.185,185,2,66.838,5939.2,66.838,5941.248,1.000534077
366.22890761,0.185,185,2,67.023,5955.584,67.023,5957.632,1.000484698
367.229393356,0.185,185,2,67.208,5971.968,67.208,5974.016,1.000485746
368.229877426,0.185,185,2,67.393,5988.352,67.393,5990.4,1.00048407
369.230363382,0.185,185,2,67.578,6004.736,67.578,6006.784,1.000485956
370.23084836,0.185,185,2,67.763,6021.12,67.763,6023.168,1.000484978
371.231337668,0.185,185,2,67.948,6037.504,67.948,6039.552,1.000489308
372.231822716,0.185,185,2,68.133,6053.888,68.133,6055.936,1.000485048
373.232327459,0.185,185,2,68.318,6070.272,68.318,6072.32,1.000504743
374.232831084,0.185,185,2,68.503,6086.656,68.503,6088.704,1.000503625
375.233405179,0.185,185,2,68.688,6103.04,68.688,6105.088,1.000574095
376.233944773,0.185,185,2,68.873,6119.424,68.873,6121.472,1.000539594
377.234436596,0.185,185,2,69.058,6135.808,69.058,6137.856,1.000491823
378.234919199,0.185,185,2,69.243,6152.192,69.243,6154.24,1.000482603
379.235404666,0.185,185,2,69.428,6168.576,69.428,6170.624,1.000485467
380.235897256,0.185,185,2,69.613,6184.96,69.613,6187.008,1.00049259
381.236397739,0.185,185,2,69.798,6201.344,69.798,6203.392,1.000500483
382.236885999,0.185,185,2,69.983,6217.728,69.983,6219.776,1.00048826
383.23741379,0.185,185,2,70.168,6234.112,70.168,6236.16,1.000527791
384.237890806,0.185,185,2,70.353,6250.496,70.353,6252.544,1.000477016
385.238437873,0.185,185,2,70.538,6266.88,70.538,6268.928,1.000547067
386.239429409,0.185,185,2,70.723,6283.264,70.723,6285.312,1.000991536
387.24040188,0.185,185,2,70.908,6299.648,70.908,6301.696,1.000972471
388.241698343,0.185,185,2,71.093,6316.032,71.093,6318.08,1.001296463
389.24282628,0.185,185,2,71.278,6332.416,71.278,6334.464,1.001127937
390.243412458,0.185,185,2,71.463,6348.8,71.463,6350.848,1.000586178
391.243911474,0.185,185,2,71.648,6365.184,71.648,6367.232,1.000499016
392.244372846,0.185,185,2,71.833,6381.568,71.833,6383.616,1.000461372
393.244813614,0.185,185,2,72.018,6397.952,72.018,6400.0,1.000440768
394.245256058,0.185,185,2,72.203,6414.336,72.203,6416.384,1.000442444
395.245715684,0.185,185,2,72.388,6430.72,72.388,6432.768,1.000459626
396.246162109,0.185,185,2,72.573,6447.104,72.573,6449.152,1.000446425
397.246614891,0.185,185,2,72.758,6463.488,72.758,6465.536,1.000452782
398.247079335,0.185,185,2,72.943,6479.872,72.943,6481.92,1.000464444
399.247520034,0.185,185,2,73.128,6496.256,73.128,6498.304,1.000440699
400.247964434,0.185,185,2,73.313,6512.64,73.313,6514.688,1.0004444
401.248424199,0.185,185,2,73.498,6529.024,73.498,6531.072,1.000459765
402.248869367,0.185,185,2,73.683,6545.408,73.683,6547.456,1.000445168
403.249321659,0.185,185,2,73.868,6561.792,73.868,6563.84,1.000452292
404.249816764,0.185,185,2,74.053,6578.176,74.053,6580.224,1.000495105
405.250306491,0.185,185,2,74.238,6594.56,74.238,6596.608,1.000489727
406.250781063,0.185,185,2,74.423,6610.944,74.423,6612.992,1.000474572
407.251235939,0.185,185,2,74.608,6627.328,74.608,6629.376,1.000454876
408.251675311,0.185,185,2,74.793,6643.712,74.793,6645.76,1.000439372
409.252109794,0.185,185,2,74.978,6660.096,74.978,6662.144,1.000434483
410.252584924,0.185,185,2,75.163,6676.48,75.163,6678.528,1.00047513
411.253028905,0.185,185,2,75.348,6692.864,75.348,6694.912,1.000443981
412.253484619,0.185,185,2,75.533,6709.248,75.533,6711.296,1.000455714
413.253940962,0.185,185,2,75.718,6725.632,75.718,6727.68,1.000456343
414.254400797,0.185,185,2,75.903,6742.016,75.903,6744.064,1.000459835
415.25484387,0.185,185,2,76.088,6758.4,76.088,6760.448,1.000443073
416.255298258,0.185,185,2,76.273,6774.784,76.273,6776.832,1.000454388
417.255757883,0.185,185,2,76.458,6791.168,76.458,6793.216,1.000459625
418.256218347,0.185,185,2,76.643,6807.552,76.643,6809.6,1.000460464
419.256669382,0.185,185,2,76.828,6823.936,76.828,6825.984,1.000451035
420.257105471,0.185,185,2,77.013,6840.32,77.013,6842.368,1.000436089
421.257548544,0.185,185,2,77.198,6856.704,77.198,6858.752,1.000443073
422.258001954,0.185,185,2,77.383,6873.088,77.383,6875.136,1.00045341
423.258433294,0.185,185,2,77.568,6889.472,77.568,6891.52,1.00043134
424.258904163,0.185,185,2,77.753,6905.856,77.753,6907.904,1.000470869
425.259498164,0.185,185,2,77.938,6922.24,77.938,6924.288,1.000594001
426.260040202,0.185,185,2,78.123,6938.624,78.123,6940.672,1.000542038
427.260526088,0.185,185,2,78.308,6955.008,78.308,6957.056,1.000485886
428.260992767,0.185,185,2,78.493,6971.392,78.493,6973.44,1.000466679
429.261460145,0.185,185,2,78.678,6987.776,78.678,6989.824,1.000467378
430.26195092,0.185,185,2,78.863,7004.16,78.863,7006.208,1.000490775
431.262402095,0.185,185,2,79.048,7020.544,79.048,7022.592,1.000451175
432.262856133,0.185,185,2,79.233,7036.928,79.233,7038.976,1.000454038
433.263320996,0.185,185,2,79.418,7053.312,79.418,7055.36,1.000464863
434.263788025,0.185,185,2,79.603,7069.696,79.603,7071.744,1.000467029
435.264301079,0.185,185,2,79.788,7086.08,79.788,7088.128,1.000513054
436.264757841,0.185,185,2,79.973,7102.464,79.973,7104.512,1.000456762
437.265200914,0.185,185,2,80.158,7118.848,80.158,7120.896,1.000443073
438.265657467,0.185,185,2,80.343,7135.232,80.343,7137.28,1.000456553
439.266111994,0.185,185,2,80.528,7151.616,80.528,7153.664,1.000454527
440.266565683,0.185,185,2,80.713,7168.0,80.713,7170.048,1.000453689
441.267011899,0.185,185,2,80.898,7184.384,80.898,7186.432,1.000446216
442.267466845,0.185,185,2,81.083,7200.768,81.083,7202.816,1.000454946
443.267912782,0.185,185,2,81.268,7217.152,81.268,7219.2,1.000445937
444.268363817,0.185,185,2,81.453,7233.536,81.453,7235.584,1.000451035
445.268831753,0.185,185,2,81.638,7249.92,81.638,7251.968,1.000467936
446.269306185,0.185,185,2,81.823,7266.304,81.823,7268.352,1.000474432
447.269746465,0.185,185,2,82.008,7282.688,82.008,7284.736,1.00044028
448.270229138,0.185,185,2,82.193,7299.072,82.193,7301.12,1.000482673
449.270740586,0.185,185,2,82.378,7315.456,82.378,7317.504,1.000511448
450.271212014,0.185,185,2,82.563,7331.84,82.563,7333.888,1.000471428
451.271665843,0.185,185,2,82.748,7348.224,82.748,7350.272,1.000453829
452.272125049,0.185,185,2,82.933,7364.608,82.933,7366.656,1.000459206
453.272563722,0.185,185,2,83.118,7380.992,83.118,7383.04,1.000438673
454.27299164,0.185,185,2,83.303,7397.376,83.303,7399.424,1.000427918
455.273443932,0.185,185,2,83.488,7413.76,83.488,7415.808,1.000452292
456.273878974,0.185,185,2,83.673,7430.144,83.673,7432.192,1.000435042
457.274315272,0.185,185,2,83.858,7446.528,83.858,7448.576,1.000436298
458.27476484,0.185,185,2,84.043,7462.912,84.043,7464.96,1.000449568
459.275197228,0.185,185,2,84.228,7479.296,84.228,7481.344,1.000432388
460.275646587,0.185,185,2,84.413,7495.68,84.413,7497.728,1.000449359
461.276138549,0.185,185,2,84.598,7512.064,84.598,7514.112,1.000491962
462.276658797,0.185,185,2,84.783,7528.448,84.783,7530.496,1.000520248
463.277168708,0.185,185,2,84.968,7544.832,84.968,7546.88,1.000509911
464.277653197,0.185,185,2,85.153,7561.216,85.153,7563.264,1.000484489
465.2781622,0.185,185,2,85.338,7577.6,85.338,7579.648,1.000509003
466.278590327,0.185,185,2,85.523,7593.984,85.523,7596.032,1.000428127
467.279032143,0.185,185,2,85.708,7610.368,85.708,7612.416,1.000441816
468.279454683,0.185,185,2,85.893,7626.752,85.893,7628.8,1.00042254
469.279887908,0.185,185,2,86.078,7643.136,86.078,7645.184,1.000433225
470.280362131,0.185,185,2,86.263,7659.52,86.263,7661.568,1.000474223
471.280808696,0.185,185,2,86.448,7675.904,86.448,7677.952,1.000446565
472.281225998,0.185,185,2,86.633,7692.288,86.633,7694.336,1.000417302
473.281662645,0.185,185,2,86.818,7708.672,86.818,7710.72,1.000436647
474.282148252,0.185,185,2,87.003,7725.056,87.003,7727.104,1.000485607
475.28262429,0.185,185,2,87.188,7741.44,87.188,7743.488,1.000476038
476.283143001,0.185,185,2,87.373,7757.824,87.373,7759.872,1.000518711
477.283626722,0.185,185,2,87.558,7774.208,87.558,7776.256,1.000483721
478.284086487,0.185,185,2,87.743,7790.592,87.743,7792.64,1.000459765
479.28482031,0.185,185,2,87.928,7806.976,87.928,7809.024,1.000733823
480.285359135,0.185,185,2,88.113,7823.36,88.113,7825.408,1.000538825
481.285825186,0.185,185,2,88.298,7839.744,88.298,7841.792,1.000466051
482.286299548,0.185,185,2,88.483,7856.128,88.483,7858.176,1.000474362
483.286757567,0.185,185,2,88.668,7872.512,88.668,7874.56,1.000458019
484.287232837,0.185,185,2,88.853,7888.896,88.853,7890.944,1.00047527
485.287695745,0.185,185,2,89.038,7905.28,89.038,7907.328,1.000462908
486.288202095,0.185,185,2,89.223,7921.664,89.223,7923.712,1.00050635
487.288690146,0.185,185,2,89.408,7938.048,89.408,7940.096,1.000488051
488.289156755,0.185,185,2,89.593,7954.432,89.593,7956.48,1.000466609
489.289638311,0.185,185,2,89.778,7970.816,89.778,7972.864,1.000481556
490.290104013,0.185,185,2,89.963,7987.2,89.963,7989.248,1.000465702
491.290565035,0.185,185,2,90.148,8003.584,90.148,8005.632,1.000461022
492.291042051,0.185,185,2,90.333,8019.968,90.333,8022.016,1.000477016
493.291507054,0.185,185,2,90.518,8036.352,90.518,8038.4,1.000465003
494.291982743,0.185,185,2,90.703,8052.736,90.703,8054.784,1.000475689
495.292538051,0.185,185,2,90.888,8069.12,90.888,8071.168,1.000555308
496.292986293,0.185,185,2,91.073,8085.504,91.073,8087.552,1.000448242
497.293472109,0.185,185,2,91.258,8101.888,91.258,8103.936,1.000485816
498.293963023,0.185,185,2,91.443,8118.272,91.443,8120.32,1.000490914
499.294531322,0.185,185,2,91.628,8134.656,91.628,8136.704,1.000568299
500.295031804,0.185,185,2,91.813,8151.04,91.813,8153.088,1.000500482
501.295509938,0.185,185,2,91.998,8167.424,91.998,8169.472,1.000478134
502.295971728,0.185,185,2,92.183,8183.808,92.183,8185.856,1.00046179
503.296471932,0.185,185,2,92.368,8200.192,92.368,8202.24,1.000500204
504.296937075,0.185,185,2,92.553,8216.576,92.553,8218.624,1.000465143
505.297414091,0.185,185,2,92.738,8232.96,92.738,8235.008,1.000477016
506.297881538,0.185,185,2,92.923,8249.344,92.923,8251.392,1.000467447
507.298358065,0.185,185,2,93.108,8265.728,93.108,8267.776,1.000476527
508.298825443,0.185,185,2,93.293,8282.112,93.293,8284.16,1.000467378
509.299278923,0.185,185,2,93.478,8298.496,93.478,8300.544,1.00045348
510.299835488,0.185,185,2,93.663,8314.88,93.663,8316.928,1.000556565
511.300315787,0.185,185,2,93.848,8331.264,93.848,8333.312,1.000480299
512.300801533,0.185,185,2,94.033,8347.648,94.033,8349.696,1.000485746
513.301252568,0.185,185,2,94.218,8364.032,94.218,8366.08,1.000451035
514.30176185,0.185,185,2,94.403,8380.416,94.403,8382.464,1.000509282
515.30279194,0.185,185,2,94.588,8388.608,94.588,8390.656,1.00103009
516.30533961,0.185,185,2,94.773,8413.184,94.773,8415.232,1.00254767
517.306698861,0.185,185,2,94.958,8429.568,94.958,8431.616,1.001359251
518.307281198,0.185,185,2,95.143,8445.952,95.143,8448.0,1.000582337
519.307868493,0.185,185,2,95.328,8462.336,95.328,8464.384,1.000587295
520.308319388,0.185,185,2,95.513,8478.72,95.513,8480.768,1.000450895
521.308761763,0.185,185,2,95.698,8495.104,95.698,8497.152,1.000442375
522.309182208,0.185,185,2,95.883,8511.488,95.883,8513.536,1.000420445
523.309624932,0.185,185,2,96.068,8527.872,96.068,8529.92,1.000442724
524.310050475,0.185,185,2,96.253,8544.256,96.253,8546.304,1.000425543
525.31054537,0.185,185,2,96.438,8560.64,96.438,8562.688,1.000494895
526.310990608,0.185,185,2,96.623,8577.024,96.623,8579.072,1.000445238
527.311437313,0.185,185,2,96.808,8593.408,96.808,8595.456,1.000446705
528.311832894,0.185,185,2,96.993,8609.792,96.993,8611.84,1.000395581
529.31227485,0.185,185,2,97.178,8626.176,97.178,8628.224,1.000441956
530.31272812,0.185,185,2,97.363,8642.56,97.363,8644.608,1.00045327
531.313165466,0.185,185,2,97.548,8658.944,97.548,8660.992,1.000437346
532.313604698,0.185,185,2,97.733,8675.328,97.733,8677.376,1.000439232
533.314023187,0.185,185,2,97.918,8691.712,97.918,8693.76,1.000418489
534.314464514,0.185,185,2,98.103,8708.096,98.103,8710.144,1.000441327
535.314882374,0.185,185,2,98.288,8724.48,98.288,8726.528,1.00041786
536.315332012,0.185,185,2,98.473,8740.864,98.473,8742.912,1.000449638
537.315737232,0.185,185,2,98.658,8757.248,98.658,8759.296,1.00040522
538.316178349,0.185,185,2,98.843,8773.632,98.843,8775.68,1.000441117
539.316619606,0.185,185,2,99.028,8790.016,99.028,8792.064,1.000441257
540.317053181,0.185,185,2,99.213,8806.4,99.213,8808.448,1.000433575
541.31780167,0.185,185,2,99.398,8822.784,99.398,8824.832,1.000748489
542.318414807,0.185,185,2,99.583,8839.168,99.583,8841.216,1.000613137
543.318858089,0.185,185,2,99.768,8855.552,99.768,8857.6,1.000443282
544.319301651,0.185,185,2,99.953,8871.936,99.953,8873.984,1.000443562
545.319732572,0.185,185,2,100.138,8888.32,100.138,8890.368,1.000430921
546.320188776,0.185,185,2,100.323,8904.704,100.323,8906.752,1.000456204
547.320633804,0.185,185,2,100.508,8921.088,100.508,8923.136,1.000445028
548.32106228,0.185,185,2,100.693,8937.472,100.693,8939.52,1.000428476
549.321498719,0.185,185,2,100.878,8953.856,100.878,8955.904,1.000436439
550.321910712,0.185,185,2,101.063,8970.24,101.063,8972.288,1.000411993
551.322357906,0.185,185,2,101.248,8986.624,101.248,8988.672,1.000447194
552.322754395,0.185,185,2,101.433,9003.008,101.433,9005.056,1.000396489
553.323168345,0.185,185,2,101.618,9019.392,101.618,9021.44,1.00041395
554.323587811,0.185,185,2,101.803,9035.776,101.803,9037.824,1.000419466
555.324079005,0.185,185,2,101.988,9052.16,101.988,9054.208,1.000491194
556.32453025,0.185,185,2,102.173,9068.544,102.173,9070.592,1.000451245
557.324956421,0.185,185,2,102.358,9084.928,102.358,9086.976,1.000426171
558.325416815,0.185,185,2,102.543,9101.312,102.543,9103.36,1.000460394
559.325827272,0.185,185,2,102.728,9117.696,102.728,9119.744,1.000410457
560.326270625,0.185,185,2,102.913,9134.08,102.913,9136.128,1.000443353
561.326678149,0.185,185,2,103.098,9150.464,103.098,9152.512,1.000407524
562.327100619,0.185,185,2,103.283,9166.848,103.283,9168.896,1.00042247
563.327495501,0.185,185,2,103.468,9183.232,103.468,9185.28,1.000394882
564.327951146,0.185,185,2,103.653,9199.616,103.653,9201.664,1.000455645
565.328404486,0.185,185,2,103.838,9216.0,103.838,9218.048,1.00045334
566.328842111,0.185,185,2,104.023,9232.384,104.023,9234.432,1.000437625
567.329280575,0.185,185,2,104.208,9248.768,104.208,9250.816,1.000438464
568.329713381,0.185,185,2,104.393,9265.152,104.393,9267.2,1.000432806
569.330135921,0.185,185,2,104.578,9281.536,104.578,9283.584,1.00042254
570.330551407,0.185,185,2,104.763,9297.92,104.763,9299.968,1.000415486
571.33097681,0.185,185,2,104.948,9314.304,104.948,9316.352,1.000425403
572.331403121,0.185,185,2,105.133,9330.688,105.133,9332.736,1.000426311
573.331811832,0.185,185,2,105.318,9347.072,105.318,9349.12,1.000408711
574.332221661,0.185,185,2,105.503,9363.456,105.503,9365.504,1.000409829
575.332758531,0.185,185,2,105.688,9379.84,105.688,9381.888,1.00053687
576.333279477,0.185,185,2,105.873,9396.224,105.873,9398.272,1.000520946
577.333765922,0.185,185,2,106.058,9412.608,106.058,9414.656,1.000486445
578.334225478,0.185,185,2,106.243,9428.992,106.243,9431.04,1.000459556
579.334672252,0.185,185,2,106.428,9445.376,106.428,9447.424,1.000446774
580.335087319,0.185,185,2,106.613,9461.76,106.613,9463.808,1.000415067
581.335539192,0.185,185,2,106.798,9478.144,106.798,9480.192,1.000451873
582.335938335,0.185,185,2,106.983,9494.528,106.983,9496.576,1.000399143
583.336360316,0.185,185,2,107.168,9510.912,107.168,9512.96,1.000421981
584.336798221,0.185,185,2,107.353,9527.296,107.353,9529.344,1.000437905
585.337288996,0.185,185,2,107.538,9543.68,107.538,9545.728,1.000490775
586.337727599,0.185,185,2,107.723,9560.064,107.723,9562.112,1.000438603
587.338152094,0.185,185,2,107.908,9576.448,107.908,9578.496,1.000424495
588.338583434,0.185,185,2,108.093,9592.832,108.093,9594.88,1.00043134
589.339008349,0.185,185,2,108.278,9609.216,108.278,9611.264,1.000424915
590.339448698,0.185,185,2,108.463,9625.6,108.463,9627.648,1.000440349
591.339859854,0.185,185,2,108.648,9641.984,108.648,9644.032,1.000411156
592.340310609,0.185,185,2,108.833,9658.368,108.833,9660.416,1.000450755
593.340747816,0.185,185,2,109.018,9674.752,109.018,9676.8,1.000437207
594.341180762,0.185,185,2,109.203,9691.136,109.203,9693.184,1.000432946
595.341593943,0.185,185,2,109.388,9707.52,109.388,9709.568,1.000413181
596.342020394,0.185,185,2,109.573,9723.904,109.573,9725.952,1.000426451
597.342441327,0.185,185,2,109.758,9740.288,109.758,9742.336,1.000420933
598.342891804,0.185,185,2,109.943,9756.672,109.943,9758.72,1.000450477
599.343316788,0.185,185,2,110.128,9773.056,110.128,9775.104,1.000424984
600.343744915,0.185,185,2,110.313,9789.44,110.313,9791.488,1.000428127
601.344170178,0.185,185,2,110.498,9805.824,110.498,9807.872,1.000425263
602.344610877,0.185,185,2,110.683,9822.208,110.683,9824.256,1.000440699
603.345004852,0.185,185,2,110.868,9838.592,110.868,9840.64,1.000393975
604.345418172,0.185,185,2,111.053,9854.976,111.053,9857.024,1.00041332
605.345838058,0.185,185,2,111.238,9871.36,111.238,9873.408,1.000419886
606.346249284,0.185,185,2,111.423,9887.744,111.423,9889.792,1.000411226
607.346672731,0.185,185,2,111.608,9904.128,111.608,9906.176,1.000423447
608.347123347,0.185,185,2,111.793,9920.512,111.793,9922.56,1.000450616
609.347538414,0.185,185,2,111.978,9936.896,111.978,9938.944,1.000415067
610.347994618,0.185,185,2,112.163,9953.28,112.163,9955.328,1.000456204
611.348422954,0.185,185,2,112.348,9969.664,112.348,9971.712,1.000428336
612.348864072,0.185,185,2,112.533,9986.048,112.533,9988.096,1.000441118
613.34927404,0.185,185,2,112.718,10002.432,112.718,10004.48,1.000409968
614.349722142,0.185,185,2,112.903,10018.816,112.903,10020.864,1.000448102
615.350188682,0.185,185,2,113.088,10035.2,113.088,10037.248,1.00046654
616.350613107,0.185,185,2,113.273,10051.584,113.273,10053.632,1.000424425
617.351056599,0.185,185,2,113.458,10067.968,113.458,10070.016,1.000443492
618.351497437,0.185,185,2,113.643,10084.352,113.643,10086.4,1.000440838
619.351897628,0.185,185,2,113.828,10100.736,113.828,10102.784,1.000400191
620.352359069,0.185,185,2,114.013,10117.12,114.013,10119.168,1.000461441
621.352774765,0.185,185,2,114.198,10133.504,114.198,10135.552,1.000415696
622.35319919,0.185,185,2,114.383,10149.888,114.383,10151.936,1.000424425
623.353618378,0.185,185,2,114.568,10166.272,114.568,10168.32,1.000419188
624.354035051,0.185,185,2,114.753,10182.656,114.753,10184.704,1.000416673
625.35447987,0.185,185,2,114.938,10199.04,114.938,10201.088,1.000444819
626.354913375,0.185,185,2,115.123,10215.424,115.123,10217.472,1.000433505
627.355352327,0.185,185,2,115.308,10231.808,115.308,10233.856,1.000438952
628.355787159,0.185,185,2,115.493,10248.192,115.493,10250.24,1.000434832
629.356207883,0.185,185,2,115.678,10264.576,115.678,10266.624,1.000420724
630.35662728,0.185,185,2,115.863,10280.96,115.863,10283.008,1.000419397
631.357071401,0.185,185,2,116.048,10297.344,116.048,10299.392,1.000444121
632.357510563,0.185,185,2,116.233,10313.728,116.233,10315.776,1.000439162
633.357934499,0.185,185,2,116.418,10330.112,116.418,10332.16,1.000423936
634.358378341,0.185,185,2,116.603,10346.496,116.603,10348.544,1.000443842
635.358797109,0.185,185,2,116.788,10362.88,116.788,10364.928,1.000418768
636.359242976,0.185,185,2,116.973,10379.264,116.973,10381.312,1.000445867
637.359664608,0.185,185,2,117.158,10395.648,117.158,10397.696,1.000421632
638.360105167,0.185,185,2,117.343,10412.032,117.343,10414.08,1.000440559
639.360545865,0.185,185,2,117.528,10428.416,117.528,10430.464,1.000440698
640.360958557,0.185,185,2,117.713,10444.8,117.713,10446.848,1.000412692
641.361402189,0.185,185,2,117.898,10461.184,117.898,10463.232,1.000443632
642.361869497,0.185,185,2,118.083,10469.376,118.083,10471.424,1.000467308
643.362345116,0.185,185,2,118.268,10485.76,118.268,10487.808,1.000475619
644.363313745,0.185,185,2,118.453,10502.144,118.453,10504.192,1.000968629
645.364258768,0.185,185,2,118.638,10518.528,118.638,10520.576,1.000945023
646.364948101,0.185,185,2,118.823,10534.912,118.823,10536.96,1.000689333
647.365382444,0.185,185,2,119.008,10551.296,119.008,10553.344,1.000434343
648.365814692,0.185,185,2,119.193,10567.68,119.193,10569.728,1.000432248
649.36622906,0.185,185,2,119.378,10584.064,119.378,10586.112,1.000414368
650.366662076,0.185,185,2,119.563,10600.448,119.563,10602.496,1.000433016
651.367072813,0.185,185,2,119.748,10616.832,119.748,10618.88,1.000410737
652.367494794,0.185,185,2,119.933,10633.216,119.933,10635.264,1.000421981
653.367903365,0.185,185,2,120.118,10649.6,120.118,10651.648,1.000408571
654.368330654,0.185,185,2,120.303,10665.984,120.303,10668.032,1.000427289
655.368758642,0.185,185,2,120.488,10682.368,120.488,10684.416,1.000427988
656.369161347,0.185,185,2,120.673,10698.752,120.673,10700.8,1.000402705
657.369568102,0.185,185,2,120.858,10715.136,120.858,10717.184,1.000406755
658.36997821,0.185,185,2,121.043,10731.52,121.043,10733.568,1.000410108
659.370399493,0.185,185,2,121.228,10747.904,121.228,10749.952,1.000421283
660.37082308,0.185,185,2,121.413,10764.288,121.413,10766.336,1.000423587
661.371332642,0.185,185,2,121.598,10780.672,121.598,10782.72,1.000509562
662.371779417,0.185,185,2,121.783,10797.056,121.783,10799.104,1.000446775
663.372198325,0.185,185,2,121.968,10813.44,121.968,10815.488,1.000418908
664.372599284,0.185,185,2,122.153,10829.824,122.153,10831.872,1.000400959
665.373004852,0.185,185,2,122.338,10846.208,122.338,10848.256,1.000405568
666.373500865,0.185,185,2,122.523,10862.592,122.523,10864.64,1.000496013
667.373903081,0.185,185,2,122.708,10878.976,122.708,10881.024,1.000402216
668.374337634,0.185,185,2,122.893,10895.36,122.893,10897.408,1.000434553
669.374742783,0.185,185,2,123.078,10911.744,123.078,10913.792,1.000405149
670.375184948,0.185,185,2,123.263,10928.128,123.263,10930.176,1.000442165
671.375604136,0.185,185,2,123.448,10944.512,123.448,10946.56,1.000419188
672.37604232,0.185,185,2,123.633,10960.896,123.633,10962.944,1.000438184
673.376459412,0.185,185,2,123.818,10977.28,123.818,10979.328,1.000417092
674.376918409,0.185,185,2,124.003,10993.664,124.003,10995.712,1.000458997
675.377429019,0.185,185,2,124.188,11010.048,124.188,11012.096,1.00051061
676.377920422,0.185,185,2,124.373,11026.432,124.373,11028.48,1.000491403
677.37841832,0.185,185,2,124.558,11042.816,124.558,11044.864,1.000497898
678.378844073,0.185,185,2,124.743,11059.2,124.743,11061.248,1.000425753
679.379264098,0.185,185,2,124.928,11075.584,124.928,11077.632,1.000420025
680.37968168,0.185,185,2,125.113,11091.968,125.113,11094.016,1.000417582
681.380080054,0.185,185,2,125.298,11108.352,125.298,11110.4,1.000398374
682.380507483,0.185,185,2,125.483,11124.736,125.483,11126.784,1.000427429
683.380940988,0.185,185,2,125.668,11141.12,125.668,11143.168,1.000433505
684.381359058,0.185,185,2,125.853,11157.504,125.853,11159.552,1.00041807
685.381784042,0.185,185,2,126.038,11173.888,126.038,11175.936,1.000424984
686.38224262,0.185,185,2,126.223,11190.272,126.223,11192.32,1.000458578
687.382670677,0.185,185,2,126.408,11206.656,126.408,11208.704,1.000428057
688.383094195,0.185,185,2,126.593,11223.04,126.593,11225.088,1.000423518
689.38350989,0.185,185,2,126.778,11239.424,126.778,11241.472,1.000415695
690.383926284,0.185,185,2,126.963,11255.808,126.963,11257.856,1.000416394
691.384369287,0.185,185,2,127.148,11272.192,127.148,11274.24,1.000443003
692.384783586,0.185,185,2,127.333,11288.576,127.333,11290.624,1.000414299
693.385188037,0.185,185,2,127.518,11304.96,127.518,11307.008,1.000404451
694.385611624,0.185,185,2,127.703,11321.344,127.703,11323.392,1.000423587
695.386017821,0.185,185,2,127.888,11337.728,127.888,11339.776,1.000406197
696.386433027,0.185,185,2,128.073,11354.112,128.073,11356.16,1.000415206
697.386850119,0.185,185,2,128.258,11370.496,128.258,11372.544,1.000417092
698.387265885,0.185,185,2,128.443,11386.88,128.443,11388.928,1.000415766
699.38768179,0.185,185,2,128.628,11403.264,128.628,11405.312,1.000415905
700.388083936,0.185,185,2,128.813,11419.648,128.813,11421.696,1.000402146
701.38851339,0.185,185,2,128.998,11436.032,128.998,11438.08,1.000429454
702.388901847,0.185,185,2,129.183,11452.416,129.183,11454.464,1.000388457
703.389312514,0.185,185,2,129.368,11468.8,129.368,11470.848,1.000410667
704.389720457,0.185,185,2,129.553,11485.184,129.553,11487.232,1.000407943
705.390165485,0.185,185,2,129.738,11501.568,129.738,11503.616,1.000445028
706.390592146,0.185,185,2,129.923,11517.952,129.923,11520.0,1.000426661
707.391002813,0.185,185,2,130.108,11534.336,130.108,11536.384,1.000410667
708.391412083,0.185,185,2,130.293,11550.72,130.293,11552.768,1.00040927
709.391841187,0.185,185,2,130.478,11567.104,130.478,11569.152,1.000429104
710.392309962,0.185,185,2,130.663,11583.488,130.663,11585.536,1.000468775
711.39275087,0.185,185,2,130.848,11599.872,130.848,11601.92,1.000440908
712.393151829,0.185,185,2,131.033,11616.256,131.033,11618.304,1.000400959
713.393568712,0.185,185,2,131.218,11632.64,131.218,11634.688,1.000416883
714.393965271,0.185,185,2,131.403,11649.024,131.403,11651.072,1.000396559
715.394392071,0.185,185,2,131.588,11665.408,131.588,11667.456,1.0004268
716.394835982,0.185,185,2,131.773,11681.792,131.773,11683.84,1.000443911
717.39530769,0.185,185,2,131.958,11698.176,131.958,11700.224,1.000471708
718.395722896,0.185,185,2,132.143,11714.56,132.143,11716.608,1.000415206
719.396143411,0.185,185,2,132.328,11730.944,132.328,11732.992,1.000420515
720.396554427,0.185,185,2,132.513,11747.328,132.513,11749.376,1.000411016
721.396958389,0.185,185,2,132.698,11763.712,132.698,11765.76,1.000403962
722.397368567,0.185,185,2,132.883,11780.096,132.883,11782.144,1.000410178
723.397777278,0.185,185,2,133.068,11796.48,133.068,11798.528,1.000408711
724.398182916,0.185,185,2,133.253,11812.864,133.253,11814.912,1.000405638
725.398590929,0.185,185,2,133.438,11829.248,133.438,11831.296,1.000408013
726.399008789,0.185,185,2,133.623,11845.632,133.623,11847.68,1.00041786
727.399425113,0.185,185,2,133.808,11862.016,133.808,11864.064,1.000416324
728.399833196,0.185,185,2,133.993,11878.4,133.993,11880.448,1.000408083
729.400250707,0.185,185,2,134.178,11894.784,134.178,11896.832,1.000417511
730.400679393,0.185,185,2,134.363,11911.168,134.363,11913.216,1.000428686
731.401084822,0.185,185,2,134.548,11927.552,134.548,11929.6,1.000405429
732.401504498,0.185,185,2,134.733,11943.936,134.733,11945.984,1.000419676
733.401907692,0.185,185,2,134.918,11960.32,134.918,11962.368,1.000403194
734.402337844,0.185,185,2,135.103,11976.704,135.103,11978.752,1.000430152
735.402786574,0.185,185,2,135.288,11993.088,135.288,11995.136,1.00044873
736.403224549,0.185,185,2,135.473,12009.472,135.473,12011.52,1.000437975
737.403626276,0.185,185,2,135.658,12025.856,135.658,12027.904,1.000401727
738.404068302,0.185,185,2,135.843,12042.24,135.843,12044.288,1.000442026
739.404523667,0.185,185,2,136.028,12058.624,136.028,12060.672,1.000455365
740.404931191,0.185,185,2,136.213,12075.008,136.213,12077.056,1.000407524
741.405331102,0.185,185,2,136.398,12091.392,136.398,12093.44,1.000399911
742.405740372,0.185,185,2,136.583,12107.776,136.583,12109.824,1.00040927
743.406139794,0.185,185,2,136.768,12124.16,136.768,12126.208,1.000399422
744.406549134,0.185,185,2,136.953,12140.544,136.953,12142.592,1.00040934
745.406962664,0.185,185,2,137.138,12156.928,137.138,12158.976,1.00041353
746.407363064,0.185,185,2,137.323,12173.312,137.323,12175.36,1.0004004
747.407757179,0.185,185,2,137.508,12189.696,137.508,12191.744,1.000394115
748.408165471,0.185,185,2,137.693,12206.08,137.693,12208.128,1.000408292
749.408591643,0.185,185,2,137.878,12222.464,137.878,12224.512,1.000426172
750.408985478,0.185,185,2,138.063,12238.848,138.063,12240.896,1.000393835
751.409412697,0.185,185,2,138.248,12255.232,138.248,12257.28,1.000427219
752.40981156,0.185,185,2,138.433,12271.616,138.433,12273.664,1.000398863
753.410230748,0.185,185,2,138.618,12288.0,138.618,12290.048,1.000419188
754.410639808,0.185,185,2,138.803,12304.384,138.803,12306.432,1.00040906
755.411062348,0.185,185,2,138.988,12312.576,138.988,12314.624,1.00042254
755.878305354,0.166,166,2,139.154,12323.501,139.154,12325.549,0.467243006
756.494213914,0.269,269,3,0.269,8.453,139.645,12342.194,0.61590856
756.419585569,0.222,222,2,139.376,12356.269,139.898,12374.962,0
757.071138465,0.283,283,2,139.659,12372.653,140.181,12391.346,0.651552896
757.11730069,0.207,207,2,139.866,12389.037,140.388,12407.73,0.046162225
757.161424597,0.103,103,2,139.969,12397.229,140.491,12415.922,0.044123907
757.190639835,0.125,125,2,140.094,34022.026,140.616,34040.719,0.029215238
756.5400805,0.253,253,3,0.522,24.837,140.838,47404.485,0
757.553931843,0.291,291,3,0.813,25.124,141.129,47647.3,1.013851343
757.421052236,0.222,222,2,140.316,133050.432,141.364,133085.796,0
757.556501932,0.235,235,3,1.048,41.508,141.586,147885.172,0.135449696
758.557373551,0.405,405,3,1.453,41.909,141.991,148004.854,1.000871619
758.426422122,0.222,222,2,140.538,248160.072,142.222,248212.221,0
758.559718333,0.231,231,3,1.684,58.293,142.444,264789.989,0.133296211
759.432157209,0.222,222,2,140.76,384485.42,142.959,384554.464,0.872438876
759.560711755,0.515,515,3,2.199,75.188,143.181,402329.17,0.128554546
760.439131141,0.222,222,2,140.982,440454.844,143.696,440540.783,0.878419386
760.838288185,0.125,125,2,141.107,520512.312,143.821,520598.251,0.399157044
760.562517781,0.515,515,3,2.714,92.083,144.043,536217.848,0
761.447107784,0.222,222,2,141.329,657125.92,144.558,657228.754,0.884590003
761.564157515,0.515,515,3,3.229,108.978,144.78,663917.377,0.117049731
762.454480369,0.222,222,2,141.551,663814.543,145.295,663934.272,0.890322854
763.091980222,0.175,175,2,141.726,663830.927,145.47,663950.656,0.637499853
762.566042042,0.515,515,3,3.744,125.873,145.659,663958.848,0
763.097038966,0.189,189,2,141.915,663839.119,146.308,663967.685,0.530996924
763.103917285,0.123,123,2,142.038,664383.159,146.431,664519.917,0.00687831899995
763.100012179,0.649,649,3,4.393,142.902,146.602,664528.109,0
763.139128047,0.171,171,2,142.209,664399.543,147.1,664553.179,0.039115868
763.143431946,0.185,185,2,142.394,664407.735,147.285,664561.371,0.00430389899998
763.140084244,0.498,498,3,4.891,159.78,147.408,664619.114,0
763.148420989,0.123,123,2,142.517,664465.478,147.788,664635.874,0.00833674499995
763.169148066,0.38,380,3,5.271,176.54,148.01,664652.258,0.0207270770001
763.460211615,0.222,222,2,142.739,664481.862,148.324,664685.332,0.291063549
764.46421373,0.222,222,2,142.961,664490.054,148.546,664693.524,1.004002115
765.434641045,0.176,176,2,143.137,664498.246,148.722,664701.716,0.970427315
765.469301458,0.222,222,2,143.359,664507.462,148.944,664710.932,0.034660413
765.493818612,0.154,154,2,143.513,664511.046,149.098,664714.516,0.024517154
765.643757861,0.17,170,2,143.683,664512.07,149.268,664715.54,0.149939249
765.679048871,0.172,172,2,143.855,664513.606,149.44,664717.076,0.0352910099999
766.018726074,0.177,177,2,144.032,664514.118,149.617,664717.588,0.339677203
766.049932906,0.176,176,2,144.208,664514.614,149.793,664718.084,0.031206832
766.072208643,1.53,1530,2,145.738,664524.518,151.323,664727.988,0.022275737
766.143851623,1.256,1256,2,146.994,664525.542,152.579,664729.012,0.0716429800001
766.158740108,0.171,171,2,147.165,664527.078,152.75,664730.548,0.0148884849999
766.19720722,1.575,1575,2,148.74,664527.078,154.325,664730.548,0.038467112
766.320612648,0.286,286,2,149.026,664532.71,154.611,664736.18,0.123405428
766.415277898,0.189,189,2,149.215,664541.398,154.8,664744.868,0.09466525
766.470314785,0.222,222,2,149.437,664549.59,155.022,664753.06,0.055036887
766.852002778,0.286,286,2,149.723,664664.774,155.308,664868.244,0.381687993
766.860746488,0.189,189,2,149.912,664673.446,158.649,664878.964,0.00874370999998
767.852957508,0.235,235,8,0.235,40.96,159.106,664930.164,0.99221102
767.949064632,0.102,102,8,0.337,49.152,159.208,664938.356,0.096107124
767.471226074,0.222,222,2,150.134,664689.83,159.359,666928.738,0
768.47204657,0.222,222,2,150.356,664706.214,191.554,680364.085,1.000820496
769.47297071,0.222,222,2,150.578,664722.598,191.776,693991.507,1.00092414
770.473986062,0.222,222,2,150.8,664738.982,191.998,709006.462,1.001015352
771.475262272,0.222,222,2,151.022,664755.366,192.22,723691.052,1.00127621
772.476283142,0.222,222,2,151.244,664771.75,192.442,737979.204,1.00102087
773.477145961,0.222,222,2,151.466,664788.134,192.664,752994.159,1.000862819
774.478208108,0.222,222,2,151.688,664804.518,192.886,768603.771,1.001062147
775.47904746,0.222,222,2,151.91,664820.902,193.108,784015.164,1.000839352
776.479840927,0.222,222,2,152.132,664829.094,193.33,792216.408,1.000793467
777.030766572,2.513,2513,2,154.645,664837.766,195.843,799360.964,0.550925645
767.979704352,0.151,151,8,0.488,135366.656,196.065,800426.324,0
777.480642426,0.222,222,2,154.867,664845.958,196.216,800494.235,9.500938074
777.640083721,2.578,2578,2,157.445,664854.87,198.794,800503.147,0.159441295
777.555546993,0.151,151,8,0.639,135442.759,200.369,800511.339,0
777.707744978,0.145,145,8,0.784,135450.951,200.514,800519.531,0.152197985
777.649789005,1.575,1575,2,159.02,664863.062,200.665,812099.186,0
778.481744032,0.222,222,2,159.242,664879.446,200.887,827840.944,0.831955027
779.482661118,0.222,222,2,159.464,664912.214,201.331,859324.46,1.000917086
781.484660954,0.222,222,2,159.686,664928.598,201.553,874801.926,2.001999836
782.485504916,0.222,222,2,159.908,664944.982,201.775,890940.122,1.000843962
783.486393367,0.222,222,2,160.13,664961.366,201.997,906946.172,1.000888451
784.487387348,0.222,222,2,160.352,664977.75,202.219,923084.368,1.000993981
777.710927366,0.151,151,8,0.935,271570.019,202.441,936769.671,0
785.488348993,0.222,222,2,160.574,664985.942,202.592,936849.695,7.777421627
786.416600902,2.535,2535,2,163.109,664996.182,205.127,936859.935,0.928251909
786.365937826,0.151,151,8,1.086,271658.235,206.702,936868.127,0
786.435044449,0.145,145,8,1.231,271674.619,206.847,936884.511,0.0691066229999
786.437338944,0.149,149,8,1.38,271682.811,206.996,936892.703,0.002294495
786.425012936,1.575,1575,2,164.684,665004.374,207.147,937564.412,0
786.489335151,0.222,222,2,164.906,665012.566,207.369,945699.583,0.0643222149999
787.006180485,2.513,2513,2,167.419,665053.526,209.882,952744.281,0.516845334
787.490182536,0.222,222,2,167.641,665069.91,210.104,968618.185,0.484002051
788.491058695,0.222,222,2,167.863,665086.294,210.326,984227.797,1.000876159
789.491925006,0.222,222,2,168.085,665102.678,210.548,1000101.701,1.000866311
790.49279474,0.222,222,2,168.307,665119.062,210.77,1015380.948,1.000869734
791.493606575,0.222,222,2,168.529,665135.446,210.992,1031122.706,1.000811835
792.494428257,0.222,222,2,168.751,665151.83,211.214,1046534.099,1.000821682
793.495267819,0.222,222,2,168.973,665168.214,211.436,1061945.492,1.000839562
786.439625897,0.151,151,8,1.531,407333.467,211.658,1072723.583,0
794.496183858,0.222,222,2,169.195,665176.406,211.809,1072789.656,8.056557961
795.226385513,2.535,2535,2,171.73,665192.79,214.344,1072806.04,0.730201655
795.178388767,0.151,151,8,1.682,407407.732,215.919,1072814.232,0
795.247339434,0.145,145,8,1.827,407424.116,216.064,1072830.616,0.068950667
795.24948,0.149,149,8,1.976,407432.308,216.213,1072838.808,0.00214056599998
795.238718575,1.575,1575,2,173.305,665200.982,216.364,1076994.305,0
795.497114493,0.222,222,2,173.527,665217.366,216.586,1091811.041,0.258395918
796.49803528,0.222,222,2,173.749,665225.558,216.808,1099549.774,1.000920787
797.005017628,2.513,2513,2,176.262,665299.286,219.321,1106891.532,0.506982348
797.499084785,0.222,222,2,176.484,665315.67,219.543,1122765.436,0.494067157
798.50022236,0.222,222,2,176.706,665332.054,219.765,1138110.756,1.001137575
799.501210195,0.222,222,2,176.928,665348.438,219.987,1153654.295,1.000987835
800.501997865,0.222,222,2,177.15,665364.822,220.209,1168999.615,1.00078767
801.502798386,0.222,222,2,177.372,665381.206,220.431,1184477.081,1.000800521
802.503582425,0.222,222,2,177.594,665397.59,220.653,1200284.912,1.000784039
795.252808565,0.151,151,8,2.127,543527.394,220.875,1209146.886,0
803.504377218,0.222,222,2,177.816,665405.782,221.026,1209400.921,8.251568653
804.115650691,2.535,2535,2,180.351,665504.086,223.561,1209499.225,0.611273473
804.06831206,0.151,151,8,2.278,543789.621,225.136,1209507.417,0
804.128206408,0.145,145,8,2.423,543806.005,225.281,1209523.801,0.0598943479999
804.130142688,0.149,149,8,2.572,543814.197,225.43,1209531.993,0.00193628
804.121590203,1.575,1575,2,181.926,665512.278,225.581,1214641.107,0
804.505206165,0.222,222,2,182.148,665528.662,225.803,1229920.354,0.383615962
805.506124787,0.222,222,2,182.37,665545.046,226.025,1245596.039,1.000918622
806.506911619,0.222,222,2,182.592,665553.238,226.247,1253599.064,1.000786832
807.00474825,2.513,2513,2,185.105,665594.198,228.76,1261172.346,0.497836631
807.507843162,0.222,222,2,185.327,665610.582,228.982,1276517.666,0.503094912
808.508855511,0.222,222,2,185.549,665626.966,229.204,1292391.57,1.001012349
809.509851099,0.222,222,2,185.771,665643.35,229.426,1308265.474,1.000995588
810.510729982,0.222,222,2,185.993,665659.734,229.648,1324271.524,1.000878883
804.132802034,0.151,151,8,2.723,679277.148,230.092,1345241.241,0
811.511679404,0.222,222,2,186.215,665684.31,230.243,1345397.87,7.37887737
812.87643759,2.535,2535,2,188.75,665733.462,232.778,1345447.022,1.364758186
812.830478883,0.151,151,8,2.874,679441.969,234.353,1345455.214,0
812.888574958,0.145,145,8,3.019,679458.353,234.498,1345471.598,0.0580960750001
812.890251428,0.149,149,8,3.168,679466.545,234.647,1345479.79,0.00167647000001
812.882895185,1.575,1575,2,190.325,665741.654,234.798,1354302.024,0
813.51374084,0.222,222,2,190.547,665758.038,235.02,1370175.928,0.630845655
814.514670706,0.222,222,2,190.769,665774.422,235.242,1385785.54,1.000929866
815.515580389,0.222,222,2,190.991,665790.806,235.464,1401725.517,1.000909683
816.51652178,0.222,222,2,191.213,665798.998,235.686,1409332.104,1.000941391
817.008875801,2.513,2513,2,193.726,665823.574,238.199,1417021.148,0.492354021
817.517339412,0.222,222,2,193.948,665839.958,238.421,1432168.249,0.508463611
818.518205094,0.222,222,2,194.17,665856.342,238.643,1447447.496,1.000865682
819.519091311,0.222,222,2,194.392,665872.726,238.865,1462528.524,1.000886217
820.520068041,0.222,222,2,194.614,665889.11,239.087,1477873.844,1.00097673
812.892086647,0.151,151,8,3.319,815008.601,239.309,1481185.686,0
821.521301648,0.222,222,2,194.836,665897.302,239.46,1481392.856,8.629215001
821.802975036,2.535,2535,2,197.371,665930.07,241.995,1481425.624,0.281673388
821.752432366,0.151,151,8,3.47,815223.963,243.57,1481433.816,0
821.820370964,0.145,145,8,3.615,815240.347,243.715,1481450.2,0.067938598
821.822849212,0.149,149,8,3.764,815248.539,243.864,1481458.392,0.0024782480001
821.809296022,1.575,1575,2,198.946,665938.262,244.015,1492285.732,0
822.522159578,0.222,222,2,199.168,665954.646,244.237,1507829.271,0.712863556
823.523128905,0.222,222,2,199.39,665971.03,244.459,1523637.102,1.000969327
824.524106474,0.222,222,2,199.612,665987.414,244.681,1539511.006,1.000977569
825.52512476,0.222,222,2,199.834,666003.798,244.903,1554658.107,1.001018286
826.526182855,0.222,222,2,200.056,666011.99,245.125,1562066.475,1.001058095
827.004546829,2.513,2513,2,202.569,666151.254,247.638,1570597.01,0.478363974
827.52737302,0.222,222,2,202.791,666167.638,247.86,1586008.403,0.522826191
828.528208043,0.222,222,2,203.013,666184.022,248.082,1601419.796,1.000835023
829.529033008,0.222,222,2,203.235,666200.406,248.304,1616104.386,1.000824965
821.828966819,0.151,151,8,3.915,950813.511,248.526,1617301.892,0
830.529910284,0.222,222,2,203.457,666208.598,248.677,1617428.541,8.700943465
830.661106437,2.535,2535,2,205.992,666274.134,251.212,1617494.077,0.131196153
830.609936173,0.151,151,8,4.066,950948.352,252.787,1617502.269,0
830.676109183,0.145,145,8,4.211,950964.736,252.932,1617518.653,0.0661730099999
830.678216015,0.149,149,8,4.36,950972.928,253.081,1617526.845,0.00210683199998
830.667219784,1.575,1575,2,207.567,666282.326,253.232,1630172.625,0
831.530860126,0.222,222,2,207.789,666298.71,253.454,1646112.602,0.863640342
832.531820304,0.222,222,2,208.011,666315.094,253.676,1661457.922,1.000960178
833.532667758,0.222,222,2,208.233,666331.478,253.898,1676605.023,1.000847454
834.533540285,0.222,222,2,208.455,666347.862,254.12,1692082.489,1.000872527
835.534522184,0.222,222,2,208.677,666364.246,254.342,1707427.809,1.000981899
836.535409867,0.222,222,2,208.899,666372.438,254.564,1714373.666,1.000887683
837.005704727,2.513,2513,2,211.412,666413.398,257.077,1722871.97,0.47029486
837.53621374,0.222,222,2,211.634,666429.782,257.299,1738481.582,0.530509013
830.680580282,0.151,151,8,4.511,1086506.296,257.521,1753224.053,0
838.537159391,0.222,222,2,211.856,666437.974,257.672,1753478.088,7.856579109
839.52203107,2.535,2535,2,214.391,666470.742,260.207,1753510.856,0.984871679
839.470669581,0.151,151,8,4.662,1086768.523,261.782,1753519.048,0
839.533077238,0.145,145,8,4.807,1086784.907,261.927,1753535.432,0.062407657
839.527441605,1.575,1575,2,215.966,666478.934,262.076,1753543.624,0
839.537697867,0.149,149,8,4.956,1086793.099,262.298,1753560.008,0.010256262
839.538034362,0.222,222,2,216.188,666495.318,262.449,1769174.729,0.000336494999942
840.539008579,0.222,222,2,216.41,666511.702,262.671,1784850.414,1.000974217
841.539903176,0.222,222,2,216.632,666528.086,262.893,1800592.172,1.000894597
842.541007855,0.222,222,2,216.854,666544.47,263.115,1816598.222,1.001104679
843.541847208,0.222,222,2,217.076,666577.238,263.337,1848478.176,1.000839353
845.543679983,0.222,222,2,217.298,666593.622,263.559,1863955.642,2.001832775
846.544608942,0.222,222,2,217.52,666601.814,263.781,1871165.791,1.000928959
847.004540753,2.513,2513,2,220.033,666626.39,266.294,1879779.857,0.459931811
839.539904922,0.151,151,8,5.107,1222256.05,266.516,1889170.415,0
847.545437469,0.222,222,2,220.255,666634.582,266.667,1889375.747,8.005532547
848.177898133,2.535,2535,2,222.79,666659.158,269.202,1889400.323,0.632460664
848.131215311,0.151,151,8,5.258,1222469.574,270.777,1889408.515,0
848.188306091,0.145,145,8,5.403,1222485.958,270.922,1889424.899,0.05709078
848.189853285,0.149,149,8,5.552,1222494.15,271.071,1889433.091,0.00154719400007
848.183400439,1.575,1575,2,224.365,666667.35,271.222,1895308.247,0
848.546258104,0.222,222,2,224.587,666683.734,271.444,1910983.932,0.362857665
849.54706079,0.222,222,2,224.809,666700.118,271.666,1926461.398,1.000802686
850.548011679,0.222,222,2,225.031,666716.502,271.888,1942004.937,1.000950889
851.548946854,0.222,222,2,225.253,666732.886,272.11,1957812.768,1.000935175
852.550212937,0.222,222,2,225.475,666749.27,272.332,1973884.891,1.001266083
853.551354283,0.222,222,2,225.697,666765.654,272.554,1989296.284,1.001141346
854.552167515,0.222,222,2,225.919,666782.038,272.776,2004641.604,1.000813232
855.553066442,0.222,222,2,226.141,666798.422,272.998,2019590.486,1.000898927
848.193113755,0.151,151,8,5.703,1358392.778,273.22,2025479.175,0
856.553915852,0.222,222,2,226.363,666806.614,273.371,2025684.507,8.360802097
857.005126163,5.048,2513,2,231.411,666937.686,278.419,2025815.579,0.451210311
856.951866247,0.151,151,8,5.854,1358606.302,279.994,2025823.771,0
857.017225886,0.145,145,8,5.999,1358622.686,280.139,2025840.155,0.065359639
857.018869181,0.149,149,8,6.148,1358630.878,280.288,2025848.347,0.00164329500001
857.011541434,1.575,1575,2,232.986,666945.878,280.439,2033905.35,0
857.55487575,0.222,222,2,233.208,666962.262,280.661,2050109.619,0.543334316
858.555805338,0.222,222,2,233.43,666978.646,280.883,2066313.888,1.000929588
859.556840176,0.222,222,2,233.652,666995.03,281.105,2082518.157,1.001034838
860.557845192,0.222,222,2,233.874,667011.414,281.327,2098524.207,1.001005016
861.558734551,0.222,222,2,234.096,667027.798,281.549,2114662.403,1.000889359
862.559673148,0.222,222,2,234.318,667044.182,281.771,2130866.672,1.000938597
863.56057424,0.222,222,2,234.54,667060.566,281.993,2147004.868,1.000901092
857.020602153,0.151,151,8,6.299,1494530.944,282.215,2161879.485,0
864.561383631,0.222,222,2,234.762,667068.758,282.366,2162036.114,7.540781478
865.52147262,2.535,2535,2,237.297,667101.526,284.901,2162068.882,0.960088989
865.478532383,0.151,151,8,6.45,1494695.765,286.476,2162077.074,0
865.531361447,0.145,145,8,6.595,1494712.149,286.621,2162093.458,0.052829064
865.533863372,0.149,149,8,6.744,1494720.341,286.77,2162101.65,0.00250192500005
865.526283427,1.575,1575,2,238.872,667109.718,286.921,2162241.451,0
865.562270196,0.222,222,2,239.094,667126.102,287.143,2177815.13,0.035986769
866.563225555,0.222,222,2,239.316,667134.294,287.365,2184760.987,1.000955359
867.004869217,2.513,2513,2,241.829,667208.022,289.878,2193952.789,0.441643662
867.564146622,0.222,222,2,242.051,667224.406,290.1,2209826.693,0.559277405
868.564956013,0.222,222,2,242.273,667240.79,290.322,2226030.962,1.000809391
869.565832172,0.222,222,2,242.495,667257.174,290.544,2241772.72,1.000876159
870.566762458,0.222,222,2,242.717,667273.558,290.766,2257448.405,1.000930286
871.567639036,0.222,222,2,242.939,667289.942,290.988,2273256.236,1.000876578
872.568422026,0.222,222,2,243.161,667306.326,291.21,2289130.14,1.00078299
865.535048718,0.151,151,8,6.895,1630331.74,291.432,2297926.041,0
873.569205506,0.222,222,2,243.383,667314.518,291.583,2298180.076,8.034156788
874.162540664,2.535,2535,2,245.918,667322.71,294.118,2298188.268,0.593335158
874.570052541,0.222,222,2,246.14,667339.094,294.34,2298204.652,0.407511877
875.570640116,0.222,222,2,246.362,667363.67,294.562,2298229.228,1.000587575
877.003468411,0.339,339,2,246.701,667388.246,294.901,2298255.324,1.432828295
877.571915907,0.222,222,2,246.923,667404.63,295.123,2298271.708,0.568447496
878.572791158,0.222,222,2,247.145,667421.014,295.345,2298288.092,1.000875251
879.573468478,0.222,222,2,247.367,667437.398,295.567,2298304.476,1.00067732
880.574027558,0.222,222,2,247.589,667453.782,295.789,2298320.86,1.00055908
881.574560656,0.222,222,2,247.811,667470.166,296.011,2298337.244,1.000533098
882.575046472,0.222,222,2,248.033,667486.55,296.233,2298353.628,1.000485816
883.575755501,0.222,222,2,248.255,667502.934,296.455,2298370.012,1.000709029
884.576456289,0.222,222,2,248.477,667519.318,296.677,2298386.396,1.000700788
885.577012505,0.222,222,2,248.699,667535.702,296.899,2298402.78,1.000556216
886.577513546,0.222,222,2,248.921,667543.894,297.121,2298410.972,1.000501041
887.003774036,0.339,339,2,249.26,667568.47,297.46,2298435.548,0.42626049
887.578123819,0.222,222,2,249.482,667584.854,297.682,2298453.388,0.574349783
888.57890255,0.222,222,2,249.704,667601.238,297.904,2298469.772,1.000778731
889.579694829,0.222,222,2,249.926,667617.622,298.126,2298486.156,1.000792279
890.58032382,0.222,222,2,250.148,667634.006,298.348,2298502.54,1.000628991
891.580852588,0.222,222,2,250.37,667650.39,298.57,2298518.924,1.000528768
892.581418652,0.222,222,2,250.592,667666.774,298.792,2298535.308,1.000566064
893.582116715,0.222,222,2,250.814,667683.158,299.014,2298551.692,1.000698063
894.582676633,0.222,222,2,251.036,667699.542,299.236,2298568.076,1.000559918
895.58321029,0.222,222,2,251.258,667715.926,299.458,2298584.46,1.000533657
896.583725719,0.222,222,2,251.48,667724.118,299.68,2298592.652,1.000515429
897.003750221,0.339,339,2,251.819,667748.694,300.019,2298617.228,0.420024502
897.584377408,0.222,222,2,252.041,667765.078,300.241,2298633.612,0.580627187
898.584943681,0.222,222,2,252.263,667781.462,300.463,2298649.996,1.000566273
899.585474056,0.222,222,2,252.485,667797.846,300.685,2298666.38,1.000530375
900.585985364,0.222,222,2,252.707,667818.326,300.907,2298686.86,1.000511308
900.818763988,1.575,1575,2,254.282,667818.326,302.482,2298686.86,0.232778624
900.833085292,0.286,286,2,254.568,668014.934,302.768,2298883.468,0.014321304
900.840039528,0.189,189,2,254.757,668113.238,302.957,2298981.772,0.00695423600007
900.864784784,0.249,249,2,255.006,668162.39,303.206,2299030.924,0.024745256
768.908029735,3.152,3152,7,3.152,2.048,303.32,2299055.5,0
768.941109151,3.152,3152,4,3.152,5.024,303.454,2299318.668,0.033079416
767.075823558,3.152,3152,6,3.152,2.048,303.604,2300089.74,0
768.866682508,25.669,25669,5,25.669,2.048,303.754,2301217.164,1.79085895
900.88040779,0.114,114,2,255.12,668195.158,303.906,2645310.86,132.013725282
901.586829885,0.222,222,2,255.342,668211.542,304.128,2976527.964,0.706422095
902.587846075,0.222,222,2,255.564,668227.926,304.35,2976544.348,1.00101619
903.588743885,0.222,222,2,255.786,668244.31,304.572,2976560.732,1.00089781
904.589508298,0.222,222,2,256.008,668260.694,304.794,2976577.116,1.000764413
905.590310705,0.222,222,2,256.23,668277.078,305.016,2976593.5,1.000802407
906.591106546,0.222,222,2,256.452,668285.27,305.238,2976601.692,1.000795841
900.91094219,0.134,134,7,3.286,133504.0,307.751,2976613.98,0
907.00650078,2.513,2513,2,258.965,668305.75,307.901,2977605.212,6.09555859
907.59200694,0.222,222,2,259.187,668338.518,308.123,3060723.26,0.58550616
900.934879172,0.15,150,6,3.302,185717.728,308.345,3060731.452,0
909.593629632,0.222,222,2,259.409,668354.902,308.497,3132273.612,8.65875046
910.594567461,0.222,222,2,259.631,668371.286,308.719,3132289.996,1.000937829
900.930269857,0.15,150,4,3.302,178385.008,308.941,3132299.708,0
911.597400503,0.222,222,2,259.853,668387.67,309.093,3201128.892,10.667130646
912.598250611,0.222,222,2,260.075,668404.054,309.315,3201145.276,1.000850108
900.939874291,0.152,152,5,25.821,179855.856,309.537,3201153.468,0
913.599303049,0.222,222,2,260.297,668420.438,309.687,3224641.852,12.659428758
914.600261202,0.222,222,2,260.519,668436.822,309.909,3284345.148,1.000958153
915.601969799,0.222,222,2,260.741,668453.206,310.131,3284361.532,1.001708597
916.603129234,0.222,222,2,260.963,668461.398,310.353,3284369.724,1.001159435
917.00414657,2.513,2513,2,263.476,668475.734,312.866,3284384.06,0.401017336
917.603878981,0.222,222,2,263.698,668492.118,313.088,3284400.444,0.599732411
918.604663228,0.222,222,2,263.92,668508.502,313.31,3284416.828,1.000784247
919.605482257,0.222,222,2,264.142,668524.886,313.532,3284433.212,1.000819029
920.606465972,0.222,222,2,264.364,668541.27,313.754,3284449.596,1.000983715
921.607341153,0.222,222,2,264.586,668557.654,313.976,3284465.98,1.000875181
922.607948772,0.222,222,2,264.808,668574.038,314.198,3284482.364,1.000607619
923.608687413,0.222,222,2,265.03,668590.422,314.42,3284498.748,1.000738641
924.609475083,0.222,222,2,265.252,668598.614,314.642,3284506.94,1.00078767
925.086057126,0.178,178,2,265.43,668609.878,314.82,3284518.204,0.476582043
925.61034796,0.222,222,2,265.652,668618.07,315.042,3284526.396,0.524290834
925.896278803,2.588,2588,2,268.24,668626.262,317.63,3284534.588,0.285930843
926.611190036,0.222,222,2,268.462,668634.454,317.852,3284542.78,0.714911233
927.003644901,0.339,339,2,268.801,668644.182,318.191,3284552.508,0.392454865
927.611778938,0.222,222,2,269.023,668664.918,318.413,3284573.244,0.608134037
927.632751577,1.575,1575,2,270.598,668664.918,319.988,3284573.244,0.020972639
927.63512653,0.286,286,2,270.884,668720.214,320.274,3284628.54,0.00237495299996
927.640682264,0.189,189,2,271.073,668723.286,320.463,3284631.612,0.00555573400004
928.572198765,2.333,2333,2,273.406,668731.478,322.796,3284639.804,0.931516501
928.612663198,0.222,222,2,273.628,668747.862,323.018,3284656.188,0.0404644329999
929.613305529,0.222,222,2,273.85,668757.59,323.24,3284665.916,1.000642331
930.391862774,0.189,189,2,274.039,668760.518,323.429,3284668.844,0.778557245
930.403467602,0.189,189,2,274.228,668770.774,323.618,3284679.1,0.011604828
930.450887529,1.575,1575,2,275.803,668770.774,325.193,3284679.1,0.0474199270001
930.45453045,0.286,286,2,276.089,668973.526,325.479,3284881.852,0.00364292099994
930.460336007,0.189,189,2,276.278,668985.814,325.668,3284894.14,0.00580555700003
930.614153891,0.222,222,2,276.5,668994.006,325.89,3284902.332,0.153817884
930.98634731,0.286,286,2,276.786,669192.662,326.176,3285100.988,0.372193419
930.991036314,0.189,189,2,276.975,669193.686,326.365,3285102.012,0.00468900399994
931.61509577,0.222,222,2,277.197,669218.262,326.587,3285126.588,0.624059456
932.61577351,0.222,222,2,277.419,669234.646,326.809,3285142.972,1.00067774
933.616547491,0.222,222,2,277.641,669251.03,327.031,3285159.356,1.000773981
934.617342634,0.222,222,2,277.863,669259.222,327.253,3285167.548,1.000795143
934.741501719,0.184,184,2,278.047,669260.214,327.437,3285168.54,0.124159085
934.753806496,1.775,1775,2,279.822,669262.262,329.212,3285170.588,0.0123047770001
934.766562518,2621.44,262144,2,2901.262,669262.262,2950.652,3285170.588,0.012756022
934.768978887,786.432,262144,2,3687.694,669262.262,3737.084,3285170.588,0.002416369
934.770585725,524.288,262144,2,4211.982,669262.262,4261.372,3285170.588,0.00160683800004
934.772218405,524.288,262144,2,4736.27,669262.262,4785.66,3285170.588,0.00163267999994
934.773692195,524.288,262144,2,5260.558,669262.262,5309.948,3285170.588,0.00147378999998
934.775147339,524.288,262144,2,5784.846,669262.262,5834.236,3285170.588,0.00145514400003
934.776773732,786.432,262144,2,6571.278,669262.262,6620.668,3285170.588,0.00162639300004
934.77875073,786.432,262144,2,7357.71,669262.262,7407.1,3285170.588,0.00197699799992
934.780776406,524.288,262144,2,7881.998,669262.262,7931.388,3285170.588,0.00202567600002
934.782831765,524.288,262144,2,8406.286,669262.262,8455.676,3285170.588,0.002055359
934.784764204,524.288,262144,2,8930.574,669262.262,8979.964,3285170.588,0.00193243900003
934.78678562,524.288,262144,2,9454.862,669262.262,9504.252,3285170.588,0.00202141600005
934.78884077,786.432,262144,2,10241.294,669262.262,10290.684,3285170.588,0.00205514999993
934.791371818,786.432,262144,2,11027.726,669262.262,11077.116,3285170.588,0.00253104800004
934.793839799,786.432,262144,2,11814.158,669262.262,11863.548,3285170.588,0.002467981
934.796342701,786.432,262144,2,12600.59,669262.262,12649.98,3285170.588,0.00250290199995
934.798993877,786.432,262144,2,13387.022,669262.262,13436.412,3285170.588,0.00265117600009
934.801480645,524.288,262144,2,13911.31,669262.262,14222.844,3285170.588,0.00248676799993
934.804424944,786.432,262144,2,14697.742,669262.262,15009.276,3285170.588,0.00294429899998
934.807521288,786.432,262144,2,15484.174,669262.262,15795.708,3285170.588,0.00309634400003
934.810601079,786.432,262144,2,16270.606,669262.262,16582.14,3285170.588,0.003079791
934.8136896,786.432,262144,2,17057.038,669262.262,17368.572,3285170.588,0.003088521
934.817220706,786.432,262144,2,17843.47,669262.262,18155.004,3285170.588,0.00353110599997
934.820750624,786.432,262144,2,18629.902,669262.262,18941.436,3285170.588,0.00352991800003
934.824293672,427.745,262144,2,19057.647,669262.742,19369.181,3285171.068,0.00354304799998
934.876818019,0.184,184,2,19057.831,669271.878,19369.365,3285180.204,0.052524347
935.618147346,0.222,222,2,19058.053,669288.262,19369.587,3285196.588,0.741329327
936.618958413,0.222,222,2,19058.275,669296.454,19369.809,3285204.78,1.000811067
937.004291352,0.339,339,2,19058.614,669305.558,19370.148,3285213.884,0.385332939
937.619577625,0.222,222,2,19058.836,669321.942,19370.37,3285230.268,0.615286273
938.620096476,0.222,222,2,19059.058,669338.326,19370.592,3285246.652,1.000518851
939.620584876,0.222,222,2,19059.28,669354.71,19370.814,3285263.036,1.0004884
940.621042896,0.222,222,2,19059.502,669371.094,19371.036,3285279.42,1.00045802
941.62154261,0.222,222,2,19059.724,669387.478,19371.258,3285295.804,1.000499714
942.622033385,0.222,222,2,19059.946,669403.862,19371.48,3285312.188,1.000490775
943.622502579,0.222,222,2,19060.168,669420.246,19371.702,3285328.572,1.000469194
944.62297296,0.222,222,2,19060.39,669436.63,19371.924,3285344.956,1.000470381
945.623499493,0.222,222,2,19060.612,669453.014,19372.146,3285361.34,1.000526533
946.62398929,0.222,222,2,19060.834,669461.206,19372.368,3285369.532,1.000489797
947.0035488,0.339,339,2,19061.173,669470.278,19372.707,3285378.604,0.37955951
947.624642446,0.222,222,2,19061.395,669486.662,19372.929,3285394.988,0.621093646
948.625229113,0.222,222,2,19061.617,669503.046,19373.151,3285411.372,1.000586667
949.625936046,0.222,222,2,19061.839,669519.43,19373.373,3285427.756,1.000706933
950.626530605,0.222,222,2,19062.061,669535.814,19373.595,3285444.14,1.000594559
951.627018865,0.222,222,2,19062.283,669552.198,19373.817,3285460.524,1.00048826
952.627495323,0.222,222,2,19062.505,669568.582,19374.039,3285476.908,1.000476458
953.627968777,0.222,222,2,19062.727,669584.966,19374.261,3285493.292,1.000473454
954.628453824,0.222,222,2,19062.949,669601.35,19374.483,3285509.676,1.000485047
955.628927418,0.222,222,2,19063.171,669617.734,19374.705,3285527.58,1.000473594
956.629637355,0.222,222,2,19063.393,669625.926,19374.927,3285535.772,1.000709937
957.003611797,0.339,339,2,19063.732,669634.966,19375.266,3285544.812,0.373974442
957.630227165,0.222,222,2,19063.954,669651.35,19375.488,3285563.116,0.626615368
958.631218282,0.222,222,2,19064.176,669667.734,19375.71,3285579.5,1.000991117
959.634999839,0.222,222,2,19064.398,669684.118,19375.932,3285595.884,1.003781557
960.635757966,0.222,222,2,19064.62,669700.502,19376.154,3285612.268,1.000758127
961.636236099,0.222,222,2,19064.842,669716.886,19376.376,3285628.652,1.000478133
962.636715071,0.222,222,2,19065.064,669733.27,19376.598,3285645.036,1.000478972
963.637195998,0.222,222,2,19065.286,669749.654,19376.82,3285661.42,1.000480927
964.637677763,0.222,222,2,19065.508,669766.038,19377.042,3285677.804,1.000481765
965.638140671,0.222,222,2,19065.73,669782.422,19377.264,3285694.188,1.000462908
966.638599947,0.222,222,2,19065.952,669790.614,19377.486,3285702.38,1.000459276
967.003615429,0.339,339,2,19066.291,669799.622,19377.825,3285711.388,0.365015482
967.639208824,0.222,222,2,19066.513,669816.006,19378.047,3285727.772,0.635593395
968.639721319,0.222,222,2,19066.735,669832.39,19378.269,3285744.156,1.000512495
969.640199732,0.222,222,2,19066.957,669848.774,19378.491,3285760.54,1.000478413
970.640656354,0.222,222,2,19067.179,669865.158,19378.713,3285776.924,1.000456622
971.641124291,0.222,222,2,19067.401,669897.926,19379.157,3285809.692,1.000467937
973.642077974,0.222,222,2,19067.623,669914.31,19379.379,3285826.076,2.000953683
974.642562323,0.222,222,2,19067.845,669930.694,19379.601,3285842.46,1.000484349
975.643104641,0.222,222,2,19068.067,669947.078,19379.823,3285858.844,1.000542318
976.643547784,0.222,222,2,19068.289,669955.27,19380.045,3285867.036,1.000443143
977.003511715,0.339,339,2,19068.628,669964.246,19380.384,3285876.012,0.359963931
977.644066914,0.222,222,2,19068.85,669973.19,19380.606,3285884.956,0.640555199
978.614646064,0.189,189,2,19069.039,669982.102,19380.795,3285893.868,0.97057915
978.644723771,0.222,222,2,19069.261,669999.222,19381.017,3285910.988,0.030077707
978.806514806,1.575,1575,2,19070.836,669999.222,19382.592,3285910.988,0.161791035
978.8098044,0.286,286,2,19071.122,671033.238,19382.878,3286945.004,0.00328959399997
978.965884514,0.378,189,2,19071.5,671035.734,19383.256,3286947.5,0.156080114
978.974270636,0.189,189,2,19071.689,671044.694,19383.445,3286956.46,0.00838612200005
979.645583378,0.222,222,2,19071.911,671061.078,19383.667,3286972.844,0.671312742
980.646385086,0.222,222,2,19072.133,671069.27,19383.889,3286981.036,1.000801708
981.175291241,2.425,2425,2,19074.558,671077.462,19386.314,3286989.228,0.528906155
981.647152921,0.222,222,2,19074.78,671094.502,19386.536,3287006.268,0.47186168
981.816917945,1.575,1575,2,19076.355,671094.502,19388.111,3287006.268,0.169765024
981.818955494,0.286,286,2,19076.641,671390.406,19388.397,3287302.172,0.00203754899997
981.82458973,0.189,189,2,19076.83,671399.558,19388.586,3287311.324,0.00563423599999
982.648061486,0.222,222,2,19077.052,671407.75,19388.808,3287319.516,0.823471756
982.740074933,0.286,286,2,19077.338,671408.678,19389.094,3288508.284,0.092013447
982.751443907,0.189,189,2,19077.527,671417.766,19389.283,3288517.372,0.011368974
983.648833302,0.222,222,2,19077.749,671434.15,19389.505,3288533.756,0.897389395
984.649629493,0.222,222,2,19077.971,671450.534,19389.727,3288550.14,1.000796191
985.650420096,0.222,222,2,19078.193,671458.726,19389.949,3288558.332,1.000790603
986.518179467,0.184,184,2,19078.377,671459.59,19390.133,3288559.196,0.867759371
986.52154449,1.775,1775,2,19080.152,671460.614,19391.908,3288560.22,0.00336502300001
986.524544033,1835.008,262144,2,20915.16,671460.614,21226.916,3288560.22,0.00299954299999
986.52996246,786.432,262144,2,21701.592,671460.614,22013.348,3288560.22,0.005418427
986.534368118,786.432,262144,2,22488.024,671460.614,22799.78,3288560.22,0.004405658
986.538838868,786.432,262144,2,23274.456,671460.614,23586.212,3288560.22,0.00447075
986.543213097,786.432,262144,2,24060.888,671460.614,24372.644,3288560.22,0.00437422900006
986.54748906,786.432,262144,2,24847.32,671460.614,25159.076,3288560.22,0.00427596299994
986.561254707,1048.576,262144,2,25895.896,671460.614,26207.652,3288560.22,0.013765647
986.564887292,1048.576,262144,2,26944.472,671460.614,27256.228,3288560.22,0.00363258499999
986.570028938,1048.576,262144,2,27993.048,671460.614,28304.804,3288560.22,0.00514164599997
986.574724367,1048.576,262144,2,29041.624,671460.614,29353.38,3288560.22,0.00469542900009
986.580225695,1048.576,262144,2,30090.2,671460.614,30401.956,3288560.22,0.00550132799992
986.585700553,613.201,262144,2,30703.401,671460.614,31015.157,3288560.22,0.00547485800007
986.59059545,88.913,88913,2,30792.314,671468.806,31104.07,3288568.412,0.00489489699999
986.65122369,0.222,222,2,30792.536,671477.83,31104.292,3288577.436,0.06062824
986.670009319,0.184,184,2,30792.72,671478.63,31104.476,3288578.236,0.0187856289999
987.00646202,0.339,339,2,30793.059,671487.59,31104.815,3288587.196,0.336452701
987.652202376,0.222,222,2,30793.281,671496.518,31105.037,3288596.124,0.645740356
988.007655748,0.189,189,2,30793.47,671497.894,31105.226,3288597.5,0.355453372
988.115564581,0.189,189,2,30793.659,671507.382,31105.415,3288606.988,0.107908833
988.271710346,1.575,1575,2,30795.234,671507.382,31106.99,3288606.988,0.156145765
988.273969711,0.286,286,2,30795.52,672802.582,31107.276,3289902.188,0.00225936499999
988.294936064,0.19,190,2,30795.71,672811.606,31107.466,3289911.212,0.0209663530001
988.652988579,0.222,222,2,30795.932,672827.99,31107.688,3289927.596,0.358052515
989.653787564,0.222,222,2,30796.154,672836.182,31107.91,3289935.788,1.000798985
990.145943305,2.382,2382,2,30798.536,672844.374,31110.292,3289943.98,0.492155741
990.654535284,0.222,222,2,30798.758,672861.686,31110.514,3289961.292,0.508591979
991.180113782,1.575,1575,2,30800.333,672861.686,31112.089,3289961.292,0.525578498
991.182537134,0.286,286,2,30800.619,673273.334,31112.375,3290372.94,0.00242335199994
991.189715003,0.19,190,2,30800.809,673282.55,31112.565,3290382.156,0.00717786899997
991.655282097,0.222,222,2,30801.031,673290.742,31112.787,3290390.348,0.465567094
992.221939631,0.286,286,2,30801.317,673291.734,31113.073,3291620.14,0.566657534
992.234599272,0.19,190,2,30801.507,673300.886,31113.263,3291629.292,0.0126596409999
992.656087367,0.222,222,2,30801.729,673317.27,31113.485,3291645.676,0.421488095
993.656861279,0.222,222,2,30801.951,673333.654,31113.707,3291662.06,1.000773912
994.657601457,0.222,222,2,30802.173,673350.038,31113.929,3291678.444,1.000740178
995.658489139,0.222,222,2,30802.395,673358.23,31114.151,3291686.636,1.000887682
996.077402466,0.184,184,2,30802.579,673359.158,31114.335,3291687.564,0.418913327
996.080196746,1.775,1775,2,30804.354,673360.63,31116.11,3291689.036,0.00279427999999
996.083307686,2097.152,262144,2,32901.506,673360.63,33213.262,3291689.036,0.00311094000006
996.088962665,1048.576,262144,2,33950.082,673360.63,34261.838,3291689.036,0.00565497900004
996.093954571,1048.576,262144,2,34998.658,673360.63,35310.414,3291689.036,0.00499190599999
996.098950737,1048.576,262144,2,36047.234,673360.63,36358.99,3291689.036,0.00499616599996
996.103937265,1048.576,262144,2,37095.81,673360.63,37407.566,3291689.036,0.00498652800002
996.108975965,1048.576,262144,2,38144.386,673360.63,38456.142,3291689.036,0.0050387
996.113922613,1048.576,262144,2,39192.962,673360.63,39504.718,3291689.036,0.00494664799999
996.11877777,786.432,262144,2,39979.394,673360.63,40291.15,3291689.036,0.00485515699995
996.123325694,1048.576,262144,2,41027.97,673360.63,41339.726,3291689.036,0.00454792400001
996.128207391,786.432,262144,2,41814.402,673360.63,42126.158,3291689.036,0.00488169700009
996.132747772,1048.576,262144,2,42862.978,673360.63,43174.734,3291689.036,0.00454038099997
996.137634497,724.697,262144,2,43587.675,673360.63,43899.431,3291689.036,0.00488672500001
996.142128854,200.409,200409,2,43788.084,673361.526,44099.84,3291689.932,0.004494357
996.180664899,0.184,184,2,43788.268,673363.222,44100.024,3291691.628,0.038536045
996.185806335,0.19,190,2,43788.458,673364.79,44100.214,3291693.196,0.00514143600003
996.342613147,0.19,190,2,43788.648,673366.23,44100.404,3291694.636,0.156806812
996.348793472,0.19,190,2,43788.838,673376.39,44100.594,3291704.796,0.00618032500006
996.440437738,1.575,1575,2,43790.413,673376.39,44102.169,3291704.796,0.091644266
996.442997281,0.286,286,2,43790.699,674900.966,44102.455,3293229.372,0.00255954299996
996.45183381,0.19,190,2,43790.889,674909.99,44102.645,3293238.396,0.00883652900006
996.659280651,0.222,222,2,43791.111,674918.182,44102.867,3293246.588,0.207446841
997.003885925,2.513,2513,2,43793.624,674927.174,44105.38,3293255.58,0.344605274
997.660067483,0.222,222,2,43793.846,674935.366,44105.602,3293263.772,0.656181558
998.409188862,2.382,2382,2,43796.228,674943.558,44107.984,3293271.964,0.749121379
998.660820511,0.222,222,2,43796.45,674960.518,44108.206,3293288.924,0.251631649
999.478453466,1.575,1575,2,43798.025,674960.518,44109.781,3293288.924,0.817632955
999.480003384,0.286,286,2,43798.311,675289.222,44110.067,3293617.628,0.00154991800002
999.484768654,0.19,190,2,43798.501,675290.214,44110.257,3293618.62,0.00476527000001
999.540644754,0.286,286,2,43798.787,676216.87,44110.543,3294545.276,0.0558761
999.661596099,0.222,222,2,43799.009,676225.062,44110.765,3294553.468,0.120951345
1000.46882794,0.19,190,2,43799.199,676234.182,44110.955,3294562.588,0.807231841
1000.66244565,0.222,222,2,43799.421,676250.566,44111.177,3294578.972,0.193617708
1001.66321781,0.222,222,2,43799.643,676266.95,44111.399,3294595.356,1.000772165
1002.6639795,0.222,222,2,43799.865,676275.142,44111.621,3294603.548,1.00076169
1003.47581884,0.185,185,2,43800.05,676284.23,44111.806,3294612.636,0.81183934
1003.66475174,0.222,222,2,43800.272,676300.614,44112.028,3294629.02,0.188932895
1004.77890487,1.775,1775,2,43802.047,676301.558,44113.803,3294629.964,1.114153133
1004.78268789,2621.44,262144,2,46423.487,676301.558,46735.243,3294629.964,0.00378302299998
1004.79207812,1048.576,262144,2,47472.063,676301.558,47783.819,3294629.964,0.009390231
1004.79826732,1310.72,262144,2,48782.783,676301.558,49094.539,3294629.964,0.00618919400006
1004.80485112,1572.864,262144,2,50355.647,676301.558,50667.403,3294629.964,0.00658379899994
1004.81147382,1572.864,262144,2,51928.511,676301.558,52240.267,3294629.964,0.00662269899999
1004.8180903,1310.72,262144,2,53239.231,676301.558,53550.987,3294629.964,0.00661648400001
1004.8243089,1310.72,262144,2,54549.951,676301.558,54861.707,3294629.964,0.00621859800003
1004.83089975,1048.576,262144,2,55598.527,676301.558,55910.283,3294629.964,0.00659085199993
1004.83679247,806.258,262144,2,56404.785,676301.558,56716.541,3294629.964,0.00589271900003
1004.84186707,77.329,77329,2,56482.114,676302.422,56793.87,3294630.828,0.00507459800008
1004.87666584,0.185,185,2,56482.299,676303.654,56794.055,3294632.06,0.034798768
1006.25206071,0.19,190,2,56482.489,676313.302,56794.245,3294641.708,1.375394874
1006.38479519,1.575,1575,2,56484.064,676313.302,56795.82,3294641.708,0.132734477
1006.38701188,0.286,286,2,56484.35,676593.782,56796.106,3294922.188,0.00221669300004
1006.41000985,0.19,190,2,56484.54,677545.878,56796.296,3295874.284,0.0229979659999
1006.41592352,0.38,190,2,56484.92,677547.158,56796.676,3295875.564,0.00591367100003
1007.00405976,2.513,2513,2,56487.433,677547.974,56799.189,3295876.38,0.588136243
1009.21071244,2.382,2382,2,56489.815,677557.206,56801.571,3295885.612,2.206652676
1009.43375162,1.575,1575,2,56491.39,677557.206,56803.146,3295885.612,0.223039186
1009.43614676,0.286,286,2,56491.676,677935.062,56803.432,3296263.468,0.00239513700001
1009.443786,0.19,190,2,56491.866,677936.054,56803.622,3296264.46,0.00763924
1009.51638504,0.286,286,2,56492.152,677937.014,56803.908,3297838.284,0.0725990369999
1010.73373516,0.19,190,2,56492.342,677937.942,56804.098,3297839.212,1.217350125
1014.47561232,0.185,185,2,56492.527,677938.838,56804.283,3297840.108,3.741877162
1014.47856214,1.775,1775,2,56494.302,677939.75,56806.058,3297841.02,0.00294981600007
1014.48531607,2097.152,262144,2,58591.454,677939.75,58903.21,3297841.02,0.00675393200004
1014.49090149,1048.576,262144,2,59640.03,677939.75,59951.786,3297841.02,0.00558541699991
1014.49577138,1048.576,262144,2,60688.606,677939.75,61000.362,3297841.02,0.00486989300009
1014.50077663,524.288,262144,2,61212.894,677939.75,61524.65,3297841.02,0.00500524499989
1014.50690792,1048.576,262144,2,62261.47,677939.75,62573.226,3297841.02,0.00613129700002
1014.51162584,1048.576,262144,2,63310.046,677939.75,63621.802,3297841.02,0.00471791799998
1014.51619102,1048.576,262144,2,64358.622,677939.75,64670.378,3297841.02,0.00456517600003
1014.52162865,1048.576,262144,2,65407.198,677939.75,65718.954,3297841.02,0.00543763200005
1014.52676617,1048.576,262144,2,66455.774,677939.75,66767.53,3297841.02,0.00513752500001
1014.53175305,1048.576,262144,2,67504.35,677939.75,67816.106,3297841.02,0.00498687699996
1014.53781807,656.529,262144,2,68160.879,677940.182,68472.635,3297841.452,0.00606501699997
1014.58042349,0.185,185,2,68161.064,677941.846,68472.82,3297843.116,0.042605418
1014.58451137,0.19,190,2,68161.254,677951.494,68473.01,3297852.764,0.00408788100003
1015.64130106,1.575,1575,2,68162.829,677951.494,68474.585,3297852.764,1.056789693
1015.64494182,0.286,286,2,68163.115,677952.486,68474.871,3299164.476,0.00364075699997
1015.65461043,0.19,190,2,68163.305,677953.446,68475.061,3299165.436,0.00966861699999
1017.01622192,2.513,2513,2,68165.818,677954.374,68477.574,3299166.364,1.361611487
