time,size,first_call,destination,dest_out_traffic,dest_in_traffic,total_network_out,total_network_in,dens10
3.504702038,0.244,244,2,0.244,24.576,0.244,26.624,0
3.537638796,0.183,183,2,0.427,40.96,0.427,43.008,0.032936758
4.547831939,0.183,183,2,0.61,57.344,0.61,59.392,1.010193143
5.548966468,0.183,183,2,0.793,73.728,0.793,75.776,1.001134529
6.549877881,0.183,183,2,0.976,90.112,0.976,92.16,1.000911413
7.550712125,0.183,183,2,1.159,106.496,1.159,108.544,1.000834244
8.551593839,0.183,183,2,1.342,122.88,1.342,124.928,1.000881714
9.552415381,0.183,183,2,1.525,139.264,1.525,141.312,1.000821542
10.553207731,0.183,183,2,1.708,155.648,1.708,157.696,1.00079235
11.554028695,0.183,183,2,1.891,163.84,1.891,165.888,1.000820964
12.115210295,0.268,268,4,0.268,8.452,2.325,176.836,0.5611816
11.570888958,0.166,166,2,2.057,174.528,2.578,193.22,0
12.560891659,0.219,219,2,2.276,207.296,2.797,225.988,0.990002701
12.683424655,0.283,283,2,2.559,223.68,3.08,242.372,0.122532996
12.72577536,0.207,207,2,2.766,240.064,3.287,258.756,0.042350705
12.766067636,0.102,102,2,2.868,248.256,3.389,266.948,0.040292276
12.155350015,0.253,253,4,0.521,24.836,3.514,69243.636,0
13.167550729,0.291,291,4,0.812,25.123,3.805,69628.915,1.012200714
12.792140484,0.125,125,2,2.993,159439.66,4.039,159475.023,0
13.562712894,0.219,219,2,3.212,272766.444,4.258,272801.807,0.77057241
13.170550346,0.234,234,4,1.046,41.507,4.383,318537.866,0
14.173301872,0.405,405,4,1.451,41.908,4.788,318996.22,1.002751526
13.969095121,0.125,125,2,3.337,387835.705,5.018,387887.853,0
14.566192607,0.219,219,2,3.556,387852.089,5.237,387904.237,0.597097486
15.008821648,0.174,174,2,3.73,387868.473,5.411,387920.621,0.442629041
15.009878966,0.188,188,2,3.918,387876.665,5.599,387928.813,0.001057318
14.175566473,0.23,230,4,1.681,58.292,5.722,388211.793,0
15.011884395,0.123,123,2,4.041,388159.645,6.373,388228.824,0.836317922
15.017569988,0.651,651,4,2.332,75.323,6.727,388261.592,0.005685593
15.039956383,0.354,170,2,4.395,388184.221,7.224,388262.085,0.022386395
15.041444454,0.497,497,4,2.829,92.2,7.347,388345.396,0.001488071
15.042447246,0.123,123,2,4.518,388259.34,7.726,388362.155,0.001002792
15.054933666,0.379,379,4,3.208,108.959,7.945,388378.539,0.01248642
16.0569111,0.156,156,4,3.364,125.495,8.101,388395.075,1.001977434
15.567899947,0.219,219,2,4.737,388275.724,8.257,388411.611,0
16.569252721,0.219,219,2,4.956,388292.108,8.476,388427.995,1.001352774
17.570375647,0.219,219,2,5.175,388316.684,8.695,388452.571,1.001122926
17.637333309,0.264,264,2,5.439,388333.068,8.959,388468.955,0.066957662
18.572397264,0.219,219,2,5.658,388357.644,9.178,388493.531,0.935063955
19.547861416,0.328,328,2,5.986,388382.22,9.506,388518.107,0.975464152
19.550575863,0.252,252,2,6.238,388398.604,9.758,388534.491,0.002714447
19.573501388,0.219,219,2,6.457,388414.988,9.977,388550.875,0.022925525
19.625716281,0.131,131,2,6.588,388431.372,10.108,388567.259,0.052214893
19.64701439,0.11,110,2,6.698,388447.756,10.218,388583.643,0.021298109
19.850784154,0.11,110,2,6.808,388472.332,11.064,388673.755,0.203769764
19.968092368,0.368,368,7,0.368,40.96,11.8,388731.099,0.117308214
19.968153538,0.368,368,2,7.176,388496.908,14.264,388731.099,6.11699999986e-05
19.969063683,0.368,368,3,0.368,40.96,16.728,388739.291,0.000910145000002
19.968083837,0.368,368,6,0.368,40.96,19.192,388755.675,0
20.060552184,2.464,2464,2,9.64,388505.1,21.656,388763.867,0.092468347
20.275616591,0.131,131,2,9.771,388529.676,21.787,388813.019,0.215064407
20.574523064,0.219,219,2,9.99,388546.06,22.006,388829.403,0.298906473
21.100161926,0.368,368,5,0.368,40.96,22.484,388878.555,0.525638862
21.078238573,0.11,110,2,10.1,388562.444,24.948,388894.939,0
21.575660906,0.219,219,2,10.319,388578.828,25.167,388911.323,0.497422333
22.580052746,0.219,219,2,10.538,388595.212,25.386,388927.707,1.00439184
23.584234017,0.219,219,2,10.757,388611.596,25.605,388944.091,1.004181271
24.083113863,0.131,131,2,10.888,388627.98,25.736,388960.475,0.498879846
24.588083627,0.219,219,2,11.107,388638.732,25.955,388971.227,0.504969764
25.182332363,2.243,2243,2,13.35,388650.508,28.198,388983.003,0.594248736
25.592158117,0.219,219,2,13.569,388662.972,28.417,388995.467,0.409825754
25.788688927,0.136,136,2,13.705,388707.004,28.553,389039.499,0.19653081
26.596365773,0.219,219,2,13.924,388723.388,28.772,389055.883,0.807676846
27.092344682,0.11,110,2,14.034,388739.772,28.882,389072.267,0.495978909
20.06156147,2.464,2464,3,2.832,51.2,29.101,389082.507,0
27.601282839,0.219,219,2,14.253,388756.156,31.344,389092.235,7.539721369
28.460438899,2.243,2243,3,5.075,57.696,31.563,389105.387,0.85915606
28.605665972,0.219,219,2,14.472,388772.54,31.699,389119.723,0.145227073
29.607325915,0.219,219,2,14.691,388788.924,31.918,389136.107,1.001659943
20.059867561,2.464,2464,7,2.832,51.2,32.028,389146.347,0
21.187705104,2.464,2464,5,2.832,51.712,34.271,389153.003,1.127837543
20.065701749,2.464,2464,6,2.832,51.2,36.514,389154.027,0
30.099482348,0.11,110,2,14.801,388805.308,38.757,389163.243,10.033780599
30.262410866,2.243,2243,7,5.075,58.176,38.976,389180.459,0.162928518
30.520234704,2.243,2243,5,5.075,59.104,39.112,389191.947,0.257823838
30.529254456,2.243,2243,6,5.075,58.176,39.248,389195.851,0.009019752
30.6081391,0.219,219,2,15.02,388821.692,39.384,389247.051,0.078884644
31.870060682,0.221,221,8,0.221,40.96,39.824,389298.251,1.261921582
31.054428897,0.136,136,5,5.211,94.944,39.969,389314.635,0
31.609345941,0.219,219,2,15.239,388829.884,48.262,389314.635,0.554917044
29.004971466,0.136,136,3,5.211,63.84,56.555,389314.635,0
31.110860292,0.136,136,6,5.211,65.344,64.848,389314.635,2.105888826
30.836338701,0.136,136,7,5.211,65.344,73.141,389314.635,0
32.158099852,8.293,8293,2,23.532,388846.268,81.434,389378.123,1.321761151
32.16007324,8.293,8293,7,13.504,100.16,81.679,389378.123,0.001973388
32.15928345,8.293,8293,6,13.504,100.16,81.924,389410.891,0
32.157468309,8.293,8293,5,13.504,115.424,82.169,389423.179,0
32.15868934,8.293,8293,3,13.504,82.272,82.414,389439.563,0.001221031
32.314971399,0.245,245,2,23.777,388848.316,82.659,389448.779,0.156282059
32.321900893,0.245,245,5,13.749,117.472,85.811,389448.779,0.006929494
32.315055766,0.245,245,7,13.749,102.208,88.963,389448.779,0
32.319135197,0.245,245,6,13.749,102.208,92.115,389448.779,0.004079431
32.331292824,0.245,245,3,13.749,84.32,95.267,389449.803,0.012157627
32.363262444,3.152,3152,2,26.929,388860.604,98.419,389509.195,0.03196962
32.610411748,0.219,219,2,27.148,388872.892,98.638,389521.483,0.247149304
32.763091519,0.245,245,2,27.393,388874.412,98.883,389523.003,0.152679771
32.363274564,3.152,3152,6,16.901,118.592,124.552,389535.291,0
32.363271807,3.152,3152,5,16.901,126.688,124.83,389538.363,0
32.363273152,3.152,3152,7,16.901,126.784,125.108,389546.555,1.34500000115e-06
32.794570793,0.278,278,7,17.179,127.808,125.386,389547.579,0.431297641
32.364069137,3.152,3152,3,16.901,117.088,151.055,389568.059,0
32.767264038,25.669,25669,2,53.062,388886.7,151.366,389594.171,0.403194901
33.1009228,0.11,110,2,53.172,388903.084,151.476,389610.555,0.333658762
33.611434095,0.219,219,2,53.391,388919.468,151.695,389626.939,0.510511295
34.612250536,0.219,219,2,53.61,388935.852,151.914,389643.323,1.000816441
35.612929384,0.219,219,2,53.829,388952.236,152.133,389659.707,1.000678848
36.102377598,0.11,110,2,53.939,388968.62,152.243,389676.091,0.489448214
36.613666309,0.219,219,2,54.158,388985.004,152.462,389692.475,0.511288711
37.614400262,0.219,219,2,54.377,389001.388,152.681,389708.859,1.000733953
38.615082346,0.219,219,2,54.596,389017.772,152.9,389725.243,1.000682084
39.104025705,0.11,110,2,54.706,389034.156,153.01,389741.627,0.488943359
39.616579938,0.219,219,2,54.925,389053.612,153.229,389761.083,0.512554233
40.617592645,0.219,219,2,55.144,389069.996,153.448,389777.467,1.001012707
41.618343207,0.219,219,2,55.363,389086.38,153.667,389799.995,1.000750562
42.105594813,0.11,110,2,55.473,389102.764,153.777,389816.379,0.487251606
32.814437595,0.311,311,3,17.212,164.192,153.996,389857.339,0
42.6192175,0.219,219,2,55.692,389143.724,162.289,389922.875,9.804779905
32.798789974,25.669,25669,7,42.848,134.976,170.582,389934.139,0
43.39431156,8.293,8293,2,63.985,389160.108,178.875,389958.715,10.595521586
32.784936226,0.278,278,5,17.179,130.784,179.094,389969.467,0
32.77885663,0.278,278,6,17.179,132.928,187.387,389983.803,0
43.62028269,0.219,219,2,64.204,389176.492,195.68,390024.763,10.84142606
44.622234387,0.219,219,2,64.423,389192.876,195.899,390041.147,1.001951697
45.107162622,0.11,110,2,64.533,389209.26,196.009,390057.531,0.484928235
45.623133202,0.219,219,2,64.752,389217.452,196.228,390073.915,0.51597058
46.624007017,0.219,219,2,64.971,389233.836,196.447,390090.299,1.000873815
47.624726988,0.219,219,2,65.19,389250.22,196.666,390106.683,1.000719971
48.108749046,0.11,110,2,65.3,389266.604,196.776,390123.067,0.484022058
48.625362769,0.219,219,2,65.519,389282.988,196.995,390155.835,0.516613723
49.626171908,0.219,219,2,65.738,389311.66,197.214,390217.275,1.000809139
50.627073841,0.219,219,2,65.957,389328.044,197.433,390233.659,1.000901933
51.110579206,0.11,110,2,66.067,389344.428,197.543,390250.043,0.483505365
43.165677119,8.293,8293,3,25.505,229.728,197.763,390291.003,0
51.627954417,0.22,220,2,66.287,389360.812,206.057,390307.387,8.462277298
52.628899086,0.22,220,2,66.507,389373.1,206.277,390319.675,1.000944669
43.743689999,8.293,8293,6,25.472,231.232,214.571,390356.539,0
43.508793523,8.293,8293,7,51.141,184.128,222.865,390381.115,0
43.711520115,8.293,8293,5,25.472,155.36,231.159,390401.595,0.202726592
52.752746307,8.294,8294,2,74.801,389385.388,239.453,390422.075,9.041226192
53.62989412,0.22,220,2,75.021,389401.772,239.673,390438.459,0.877147813
54.112883808,0.11,110,2,75.131,389418.156,239.783,390454.843,0.482989688
54.630703042,0.22,220,2,75.351,389434.54,240.003,390471.227,0.517819234
55.631392345,0.22,220,2,75.571,389450.924,240.223,390491.707,1.000689303
56.632152258,0.22,220,2,75.791,389467.308,240.443,390508.091,1.000759913
57.114731618,0.11,110,2,75.901,389483.692,240.553,390524.475,0.48257936
57.632936767,0.22,220,2,76.121,389500.076,240.773,390540.859,0.518205149
58.633727335,0.22,220,2,76.341,389516.46,240.993,390561.339,1.000790568
59.634567993,0.22,220,2,76.561,389532.844,241.213,390585.915,1.000840658
60.116362733,0.11,110,2,76.671,389557.42,241.323,390610.491,0.48179474
52.188367673,8.294,8294,3,33.799,246.112,241.543,390626.875,0
60.635509858,0.22,220,2,76.891,389573.804,249.837,390643.259,8.447142185
61.63655666,0.22,220,2,77.111,389586.092,250.057,390659.643,1.001046802
52.831863057,8.294,8294,7,59.435,204.608,258.351,390669.883,0
52.760261877,8.294,8294,6,33.766,255.808,266.645,390686.267,0
52.975808423,8.294,8294,5,33.766,175.84,274.939,390702.651,0.215546546
62.077560681,8.294,8294,2,85.405,389600.428,283.233,390719.035,9.101752258
62.637556914,0.22,220,2,85.625,389616.812,283.453,390735.419,0.559996233
63.117861164,0.11,110,2,85.735,389633.196,283.563,390751.803,0.48030425
63.638434266,0.22,220,2,85.955,389649.58,283.783,390768.187,0.520573102
64.639469107,0.22,220,2,86.175,389665.964,284.003,390784.571,1.001034841
65.640219388,0.22,220,2,86.395,389682.348,284.223,390800.955,1.000750281
66.119382031,0.11,110,2,86.505,389698.732,284.333,390821.435,0.479162643
66.641130687,0.22,220,2,86.725,389715.116,284.553,390837.819,0.521748656
67.641884893,0.22,220,2,86.945,389731.5,284.773,390854.203,1.000754206
68.642586122,0.22,220,2,87.165,389747.884,284.993,390870.587,1.000701229
69.120737185,0.11,110,2,87.275,389764.268,285.103,390891.067,0.478151063
61.211357003,8.294,8294,3,42.093,262.496,285.323,390903.355,0
69.643421996,0.22,220,2,87.495,389784.748,293.617,390927.931,8.432064993
62.519088553,8.294,8294,5,42.06,196.32,293.837,391009.851,0
70.644393363,0.22,220,2,87.715,389858.476,302.131,391009.851,8.12530481
71.335927258,8.294,8294,2,96.009,389883.052,310.425,391067.195,0.691533895
62.292560207,8.294,8294,6,42.06,276.288,310.645,391079.483,0
62.204850372,8.294,8294,7,67.729,220.992,318.939,391091.771,0
71.645488362,0.22,220,2,96.229,389899.436,327.233,391110.203,9.44063799
72.122188095,0.11,110,2,96.339,389915.82,327.343,391126.587,0.476699733
72.646609057,0.22,220,2,96.559,389932.204,327.563,391142.971,0.524420962
73.647448352,0.22,220,2,96.779,389948.588,327.783,391159.355,1.000839295
74.648206845,0.22,220,2,96.999,389964.972,328.003,391175.739,1.000758493
75.123674055,0.11,110,2,97.109,389981.356,328.113,391192.123,0.47546721
75.648974847,0.22,220,2,97.329,389997.74,328.333,391241.275,0.525300792
76.6497517,0.22,220,2,97.549,390030.508,328.553,391274.043,1.000776853
69.686595135,8.294,8294,3,50.387,278.88,328.663,391286.331,0
78.124963405,0.11,110,2,97.659,390046.892,336.957,391300.667,8.43836827
78.651319397,0.22,220,2,97.879,390063.276,337.177,391323.195,0.526355992
79.652104963,0.22,220,2,98.099,390096.044,337.397,391360.059,1.000785566
80.630416097,8.294,8294,2,106.393,390112.428,345.691,391376.443,0.978311134
71.700245448,8.294,8294,6,50.354,292.672,345.911,391388.731,0
71.810632172,8.294,8294,7,76.023,266.048,354.205,391425.595,0.110386724
71.334446447,8.294,8294,5,50.354,278.24,362.499,391474.747,0
80.653091995,0.22,220,2,106.613,390128.812,370.793,391499.323,9.318645548
81.12641442,0.11,110,2,106.723,390145.196,370.903,391515.707,0.473322425
81.654228678,0.22,220,2,106.943,390161.58,371.123,391536.187,0.527814258
82.655099845,0.22,220,2,107.163,390177.964,371.343,391552.571,1.000871167
83.655815257,0.22,220,2,107.383,390194.348,371.563,391568.955,1.000715412
84.127809072,0.11,110,2,107.493,390210.732,371.673,391585.339,0.471993815
84.656594544,0.22,220,2,107.713,390227.116,371.893,391601.723,0.528785472
85.657269032,0.22,220,2,107.933,390243.5,372.113,391626.299,1.000674488
78.298863992,8.294,8294,3,58.681,321.888,372.333,391667.259,0
86.658268101,0.22,220,2,108.153,390259.884,380.627,391708.219,8.359404109
87.129228915,0.11,110,2,108.263,390276.268,380.737,391724.603,0.470960814
87.659268356,0.22,220,2,108.483,390292.652,380.957,391740.987,0.530039441
80.660233299,8.294,8294,6,58.648,300.864,381.177,391769.659,0
88.660103272,0.22,220,2,108.703,390309.036,389.471,391783.995,7.999869973
89.661221835,0.22,220,2,108.923,390325.42,389.691,391800.379,1.001118563
80.976717806,8.294,8294,7,84.317,331.584,397.985,391833.147,0
89.754738789,8.294,8294,2,117.217,390345.9,406.279,391857.723,8.778020983
81.034151722,8.294,8294,5,58.648,311.008,406.389,391874.107,0
90.130994269,0.11,110,2,117.327,390366.38,414.683,391894.587,9.096842547
90.662195531,0.22,220,2,117.547,390382.764,414.903,391910.971,0.531201262
91.662984451,0.22,220,2,117.767,390399.148,415.123,391943.739,1.00078892
92.663867914,0.22,220,2,117.987,390415.532,415.343,391960.123,1.000883463
93.132732115,0.11,110,2,118.097,390431.916,415.453,391976.507,0.468864201
93.664576894,0.22,220,2,118.317,390448.3,415.673,391992.891,0.531844779
86.909557027,8.294,8294,3,66.975,387.424,415.893,392017.467,0
94.665393739,0.22,220,2,118.537,390464.684,424.187,392033.851,7.755836712
95.666356528,0.22,220,2,118.757,390481.068,424.407,392050.235,1.000962789
96.134649418,0.11,110,2,118.867,390497.452,424.517,392074.811,0.46829289
96.667340256,0.22,220,2,119.087,390513.836,424.737,392091.195,0.532690838
89.552488281,8.294,8294,6,66.942,343.872,424.957,392132.155,0
97.668100273,0.22,220,2,119.307,390530.22,433.251,392189.499,8.115611992
98.669054136,0.22,220,2,119.527,390546.604,433.471,392205.883,1.000953863
98.88889257,8.294,8294,2,127.821,390560.94,441.765,392220.219,0.219838434
90.030140563,8.294,8294,7,92.611,352.064,441.875,392232.507,0
90.20400877,8.294,8294,5,66.942,335.584,450.169,392248.891,0.173868207
99.136233659,0.11,110,2,127.931,390577.324,458.463,392269.371,8.932224889
99.670008764,0.22,220,2,128.151,390599.852,458.683,392308.283,0.533775105
100.670879782,0.22,220,2,128.371,390616.236,458.903,392324.667,1.000871018
101.671632312,0.22,220,2,128.591,390632.62,459.123,392349.243,1.00075253
102.137932289,0.11,110,2,128.701,390649.004,459.233,392365.627,0.466299977
102.672450855,0.22,220,2,128.921,390665.388,459.453,392382.011,0.534518566
95.53293835,8.294,8294,3,75.269,416.096,459.673,392402.491,0
103.673193049,0.22,220,2,129.141,390681.772,467.967,392418.875,8.140254699
104.674101499,0.22,220,2,129.361,390698.156,468.187,392435.259,1.00090845
105.139321601,0.11,110,2,129.471,390714.54,468.297,392451.643,0.465220102
105.674962826,0.22,220,2,129.691,390730.924,468.517,392472.123,0.535641225
98.5712332,8.294,8294,6,75.236,417.6,468.737,392488.507,0
106.675767348,0.22,220,2,129.911,390747.308,477.031,392513.083,8.104534148
107.676708551,0.22,220,2,130.131,390763.692,477.251,392529.467,1.000941203
108.141636522,0.11,110,2,130.241,390804.652,477.361,392570.427,0.464927971
99.397018314,8.294,8294,5,75.236,356.064,485.655,392623.675,0
99.227104031,8.294,8294,7,100.905,364.352,493.949,392631.867,0
108.175568782,8.294,8294,2,138.535,390861.996,502.243,392646.203,8.948464751
108.677668046,0.22,220,2,138.755,390911.148,502.463,392703.547,0.502099264
110.679491671,0.22,220,2,138.975,390927.532,502.683,392719.931,2.001823625
111.143339572,0.11,110,2,139.085,390943.916,502.793,392736.315,0.463847901
111.680435529,0.22,220,2,139.305,390960.3,503.013,392756.795,0.537095957
104.187152089,8.294,8294,3,83.563,432.48,503.233,392769.083,0
112.681333784,0.22,220,2,139.525,390976.684,511.527,392781.371,8.494181695
113.682353151,0.22,220,2,139.745,390993.068,511.747,392797.755,1.001019367
114.144931577,0.11,110,2,139.855,391009.452,511.857,392814.139,0.462578426
114.68334875,0.22,220,2,140.075,391025.836,512.077,392830.523,0.538417173
107.532786233,8.294,8294,6,83.53,442.176,512.297,392846.907,0
115.684083166,0.22,220,2,140.295,391042.22,520.591,392863.291,8.151296933
116.684916933,0.22,220,2,140.515,391058.604,520.811,392879.675,1.000833767
117.146340523,0.11,110,2,140.625,391074.988,520.921,392896.059,0.46142359
108.407888073,8.294,8294,7,109.199,407.36,529.215,392945.211,0
117.326981775,8.294,8294,2,148.919,391099.564,537.509,393002.555,8.919093702
108.193967922,8.294,8294,5,83.53,372.448,537.729,393018.939,0
117.685811058,0.22,220,2,149.139,391115.948,546.023,393033.275,9.491843136
118.68676484,0.22,220,2,149.359,391132.332,546.243,393066.043,1.000953782
119.687527085,0.22,220,2,149.579,391148.716,546.463,393090.619,1.000762245
120.147727553,0.11,110,2,149.689,391169.196,546.573,393111.099,0.460200468
112.771575207,8.294,8294,3,91.857,444.768,546.793,393127.483,0
120.68844238,0.22,220,2,149.909,391185.58,555.087,393201.211,7.916867173
121.689431359,0.22,220,2,150.129,391201.964,555.307,393233.979,1.000988979
122.690363809,0.22,220,2,150.349,391218.348,555.527,393250.363,1.00093245
123.149080667,0.11,110,2,150.459,391226.54,555.637,393258.555,0.458716858
123.691018895,0.22,220,2,150.679,391251.116,555.857,393283.131,0.541938228
116.461967272,8.294,8294,6,91.824,491.328,556.077,393324.091,0
124.691694128,0.22,220,2,150.899,391267.5,564.371,393381.435,8.229726856
125.692566344,0.22,220,2,151.119,391283.884,564.591,393397.819,1.000872216
126.150603647,0.11,110,2,151.229,391300.268,564.701,393418.299,0.458037303
117.482572918,8.294,8294,7,117.493,481.088,572.995,393432.635,0
117.697725764,8.294,8294,5,91.824,415.456,581.289,393481.787,0.215152846
126.414269316,8.294,8294,2,159.523,391314.604,589.583,393539.131,8.716543552
126.693534484,0.22,220,2,159.743,391330.988,589.803,393555.515,0.279265168
127.694267839,0.22,220,2,159.963,391347.372,590.023,393571.899,1.000733355
128.694906743,0.22,220,2,160.183,391363.756,590.243,393588.283,1.000638904
129.152117857,0.11,110,2,160.293,391380.14,590.353,393608.763,0.457211114
121.397732707,8.294,8294,3,100.151,543.072,590.573,393633.339,0
129.695661198,0.22,220,2,160.513,391402.668,598.867,393680.443,8.297928491
130.697049197,0.22,220,2,160.733,391419.052,599.087,393696.827,1.001387999
131.698497706,0.221,221,2,160.954,391435.436,599.308,393717.307,1.001448509
132.153556607,0.11,110,2,161.064,391451.82,599.418,393733.691,0.455058901
132.699168753,0.221,221,2,161.285,391468.204,599.639,393750.075,0.545612146
125.574407832,8.294,8294,6,100.118,565.056,599.86,393766.459,0
133.699754398,0.221,221,2,161.506,391484.588,608.154,393791.035,8.125346566
134.700587205,0.221,221,2,161.727,391500.972,608.375,393807.419,1.000832807
126.584874457,8.294,8294,5,100.118,480.992,608.485,393831.995,0
126.442554549,8.294,8294,7,125.787,509.76,616.779,393856.571,0
135.155028855,0.11,110,2,161.837,391517.356,625.073,393868.859,8.712474306
135.701554309,0.221,221,2,162.058,391566.508,625.294,393922.107,0.546525454
136.702586905,0.221,221,2,162.279,391582.892,625.515,393938.491,1.001032596
137.70349962,0.221,221,2,162.5,391599.276,625.736,393954.875,1.000912715
138.156724582,0.11,110,2,162.61,391615.66,625.846,393975.355,0.453224962
138.704236177,0.221,221,2,162.831,391632.044,626.067,393995.835,0.547511595
139.705068703,0.221,221,2,163.052,391681.196,626.288,394049.083,1.000832526
140.706883229,0.221,221,2,163.273,391697.58,626.509,394065.467,1.001814526
141.158199981,0.11,110,2,163.383,391730.348,626.619,394102.331,0.451316752
142.708568099,0.221,221,2,163.604,391746.732,626.84,394131.003,1.550368118
129.87825998,8.294,8294,3,108.445,571.744,627.061,394143.291,0
144.059226608,8.331,8331,3,116.776,581.984,635.392,394153.531,14.180966628
144.073790911,0.245,245,3,117.021,583.008,635.637,394154.555,0.014564303
144.077374701,2.424,2424,3,119.445,586.08,638.061,394157.627,0.00358378999999
144.107059098,0.133,133,3,119.578,587.072,638.194,394158.619,0.029684397
143.709487214,0.221,221,2,163.825,391763.116,638.53,394166.811,0
144.159610833,0.11,110,2,163.935,391779.5,638.64,394183.195,0.450123619
144.710356011,0.221,221,2,164.156,391795.884,638.861,394199.579,0.550745178
145.711009717,0.221,221,2,164.377,391812.268,639.082,394224.155,1.000653706
146.711717467,0.221,221,2,164.598,391828.652,639.303,394240.539,1.00070775
147.161115298,0.11,110,2,164.708,391845.036,639.413,394256.923,0.449397831
147.71233416,0.221,221,2,164.929,391861.42,639.634,394273.307,0.551218862
148.712940935,0.221,221,2,165.15,391877.804,639.855,394355.227,1.000606775
149.713617375,0.221,221,2,165.371,391894.188,640.076,394379.803,1.00067644
150.162632263,0.11,110,2,165.481,391926.956,640.186,394412.571,0.449014888
150.714408854,0.221,221,2,165.702,391943.34,640.407,394428.955,0.551776591
151.715041229,0.221,221,2,165.923,391959.724,640.628,394448.219,1.000632375
152.715719663,0.221,221,2,166.144,391976.108,640.849,394464.603,1.000678434
153.163995728,0.11,110,2,166.254,391992.492,640.959,394480.987,0.448276065
153.716316396,0.221,221,2,166.475,392008.876,641.18,394497.371,0.552320668
154.716888983,0.221,221,2,166.696,392025.26,641.401,394513.755,1.000572587
155.717630653,0.221,221,2,166.917,392041.644,641.622,394530.139,1.00074167
156.165448173,0.11,110,2,167.027,392058.028,641.732,394550.619,0.44781752
156.718330242,0.221,221,2,167.248,392074.412,641.953,394567.003,0.552882069
157.718961778,0.221,221,2,167.469,392090.796,642.174,394583.387,1.000631536
158.719522066,0.221,221,2,167.69,392107.18,642.395,394599.771,1.000560288
159.167001629,0.11,110,2,167.8,392123.564,642.505,394648.923,0.447479563
159.720169564,0.221,221,2,168.021,392164.524,642.726,394693.979,0.553167935
160.720858159,0.221,221,2,168.242,392180.908,642.947,394710.363,1.000688595
161.721469228,0.221,221,2,168.463,392197.292,643.168,394732.891,1.000611069
162.168278484,0.11,110,2,168.573,392213.676,643.278,394749.275,0.446809256
162.722177304,0.221,221,2,168.794,392230.06,643.499,394765.659,0.55389882
163.722801502,0.221,221,2,169.015,392246.444,643.72,394782.043,1.000624198
164.72335817,0.221,221,2,169.236,392262.828,643.941,394798.427,1.000556668
165.169786957,0.11,110,2,169.346,392279.212,644.051,394814.811,0.446428787
165.723918509,0.221,221,2,169.567,392295.596,644.272,394833.243,0.554131552
135.314994337,8.294,8294,5,108.412,519.904,644.493,394923.355,0
144.127749821,0.336,336,3,119.914,678.016,652.742,394923.355,8.812755484
134.425494959,8.294,8294,6,108.412,601.92,660.991,394923.355,0
135.35641083,8.294,8294,7,134.081,624.448,669.24,394923.355,0.930915871
167.521680902,8.249,8249,3,128.163,714.88,677.489,394982.235,32.165270072
167.52771644,0.245,245,3,128.408,715.872,677.734,394983.227,0.00603553799999
167.521982849,8.249,8249,6,116.661,637.76,680.091,395046.715,0
167.52129887,8.249,8249,5,116.661,538.848,680.369,395046.715,0
167.52243412,8.249,8249,7,142.33,649.024,680.647,395046.715,0.00113525
167.535780231,0.278,278,6,116.939,639.28,680.925,395049.227,0.013346111
167.536197551,0.278,278,7,142.608,650.496,683.282,395049.707,0.000417319999997
167.538296643,2.357,2357,6,119.296,663.856,685.639,395078.379,0.00209909200001
167.538705078,2.357,2357,7,144.965,656.64,685.772,395080.427,0.000408434999997
167.562577989,0.133,133,6,119.429,667.952,685.905,395084.523,0.023872911
167.564141338,0.133,133,7,145.098,657.664,686.241,395093.739,0.00156334900001
167.535872496,0.278,278,5,116.939,551.136,686.577,395097.835,0
167.605972733,0.133,133,5,117.072,553.184,686.71,395099.883,0.070100237
166.724486607,0.221,221,2,169.788,392311.98,687.046,395108.075,0
167.725312528,0.221,221,2,170.009,392328.364,687.267,395124.459,1.000825921
167.530148774,2.357,2357,3,130.765,727.136,687.377,395137.771,0
168.319521171,8.249,8249,3,139.014,776.288,695.626,395186.923,0.789372397
168.171241821,0.11,110,2,170.119,392344.748,695.759,395195.115,0
168.72640653,0.221,221,2,170.34,392361.132,695.98,395214.475,0.555164709
169.727195719,0.221,221,2,170.561,392389.804,696.201,395245.195,1.000789189
170.72783375,0.221,221,2,170.782,392406.188,696.422,395261.579,1.000638031
171.173007054,0.11,110,2,170.892,392422.572,696.532,395277.963,0.445173304
171.728582238,0.221,221,2,171.113,392438.956,696.753,395302.539,0.555575184
172.729220251,0.221,221,2,171.334,392471.724,696.974,395335.307,1.000638013
174.174304067,0.111,111,2,171.445,392488.108,697.085,395351.691,1.445083816
174.730583248,0.221,221,2,171.666,392504.492,697.306,395368.075,0.556279181
175.73115358,0.221,221,2,171.887,392520.876,697.527,395387.019,1.000570332
176.731799414,0.221,221,2,172.108,392537.26,697.748,395403.403,1.000645834
177.175606487,0.111,111,2,172.219,392553.644,697.859,395419.787,0.443807073
177.732360617,0.221,221,2,172.44,392570.028,698.08,395436.171,0.55675413
178.732964275,0.221,221,2,172.661,392586.412,698.301,395456.651,1.000603658
179.733581216,0.221,221,2,172.882,392602.796,698.522,395489.419,1.000616941
180.177057335,0.111,111,2,172.993,392625.324,698.633,395511.947,0.443476119
180.734378989,0.221,221,2,173.214,392641.708,698.854,395528.331,0.557321654
181.737152342,0.221,221,2,173.435,392658.092,699.075,395552.907,1.002773353
182.737848184,0.221,221,2,173.656,392674.476,699.296,395569.291,1.000695842
183.18064097,0.111,111,2,173.767,392690.86,699.407,395585.675,0.442792786
183.738518545,0.221,221,2,173.988,392707.244,699.628,395602.059,0.557877575
184.739083539,0.221,221,2,174.209,392723.628,699.849,395618.443,1.000564994
185.739617087,0.221,221,2,174.43,392740.012,700.07,395634.827,1.000533548
186.181928953,0.111,111,2,174.541,392756.396,700.181,395659.403,0.442311866
186.740382193,0.221,221,2,174.762,392772.78,700.402,395675.787,0.55845324
187.741011277,0.221,221,2,174.983,392789.164,700.623,395692.171,1.000629084
188.741557882,0.221,221,2,175.204,392805.548,700.844,395708.555,1.000546605
189.183256195,0.111,111,2,175.315,392821.932,700.955,395729.035,0.441698313
189.742262805,0.221,221,2,175.536,392841.388,701.176,395781.259,0.55900661
190.743087208,0.221,221,2,175.757,392857.772,701.397,395797.643,1.000824403
191.743741544,0.221,221,2,175.978,392874.156,701.618,395887.755,1.000654336
192.18613577,0.111,111,2,176.089,392890.54,701.729,395936.907,0.442394226
192.744519098,0.221,221,2,176.31,392906.924,701.95,395981.963,0.558383328
193.745428256,0.221,221,2,176.531,392923.308,702.171,395998.347,1.000909158
194.74606475,0.221,221,2,176.752,392939.692,702.392,396014.731,1.000636494
195.187708886,0.111,111,2,176.863,392956.076,702.503,396039.307,0.441644136
167.626207526,0.336,336,5,117.408,584.416,702.724,396059.787,0
167.584457699,0.336,336,7,145.434,681.12,710.973,396059.787,0
167.576850209,0.336,336,6,119.765,727.344,719.222,396059.787,0
168.32812776,0.133,133,3,139.147,907.36,727.471,396059.787,0.751277551
196.171985503,8.249,8249,5,125.657,598.752,735.72,396162.187,27.843857743
196.173011226,8.249,8249,3,147.396,927.84,735.965,396199.051,0.001025723
196.172232113,8.249,8249,7,153.683,779.424,736.21,396199.051,0
196.172620856,8.249,8249,6,128.014,737.584,736.455,396205.595,0.000388743000002
196.178094814,0.245,245,5,125.902,599.776,736.7,396206.539,0.00547395799998
196.178569421,0.245,245,3,147.641,928.8,739.027,396206.539,0.000474607000001
196.178709526,0.245,245,7,153.928,780.832,741.354,396206.539,0.000140105000014
196.180432847,0.245,245,6,128.259,738.56,743.681,396207.515,0.00172332099999
195.746876879,0.221,221,2,177.084,392972.46,746.008,396244.891,0
196.180783861,2.327,2327,3,149.968,936.992,746.229,396268.443,0.433906982
196.747771625,0.221,221,2,177.305,392988.844,754.478,396321.691,0.566987764
196.18274289,2.327,2327,6,130.586,743.68,754.699,396329.883,0
196.180781793,2.327,2327,5,128.229,614.624,754.868,396329.883,0
196.977776832,8.249,8249,3,158.217,977.952,755.037,396329.883,0.796995039
196.180803352,2.327,2327,7,156.255,801.312,755.206,396329.883,0
197.748606678,0.221,221,2,177.526,392997.036,755.375,396329.883,1.567803326
198.044740915,0.169,169,6,130.755,764.16,755.544,396412.827,0.296134237
198.049069922,0.169,169,5,128.398,639.2,755.713,396412.827,0.004329007
198.049167258,0.169,169,3,158.386,1002.528,755.882,396412.827,9.73360000103e-05
198.049298417,0.169,169,7,156.424,813.6,756.051,396412.827,0.000131158999977
198.04940987,0.169,169,2,177.695,392998.06,756.22,396412.827,0.000111453000017
198.071726643,0.169,169,6,130.924,773.376,756.389,396438.907,0.022316773
198.071832348,0.169,169,5,128.567,645.344,756.558,396438.907,0.000105704999982
198.071933986,0.169,169,3,158.555,1008.672,756.727,396438.907,0.000101638000018
198.072095942,0.169,169,7,156.593,816.16,756.896,396438.907,0.000161955999999
198.072225201,0.169,169,2,177.864,393000.076,757.065,396438.907,0.000129259000005
198.080833576,0.169,169,6,131.093,775.92,757.234,396447.947,0.00860837499999
198.080969905,0.169,169,5,128.736,647.36,757.403,396447.947,0.000136328999986
198.081025669,0.169,169,3,158.724,1010.688,757.572,396447.947,5.57640000238e-05
198.08110492,0.169,169,7,156.762,818.144,757.741,396447.947,7.92509999883e-05
198.081240344,0.169,169,2,178.033,393000.556,757.91,396447.947,0.000135424000007
198.086531037,0.169,169,2,178.202,393009.692,758.079,396461.851,0.00529069299998
198.086056574,0.169,169,6,131.262,776.896,758.19,396470.043,0
198.086261855,0.169,169,3,158.893,1012.576,766.639,396470.043,0.000205281000007
198.086361967,0.169,169,7,156.931,819.088,775.088,396470.043,0.000100111999984
198.086204367,0.169,169,5,128.905,648.32,783.537,396470.043,0
198.708115652,8.449,8449,3,167.342,1015.84,791.986,396480.219,0.621911285
198.707855589,8.449,8449,6,139.711,781.28,792.231,396482.267,0
198.708847185,8.449,8449,5,137.354,652.688,792.476,396486.683,0.000991596000006
198.708469004,8.449,8449,7,165.38,822.368,792.721,396487.659,0
198.714131439,0.245,245,3,167.587,1017.216,792.966,396487.659,0.005662435
198.714750048,0.245,245,6,139.956,782.688,914.378,396489.115,0.000618609000014
198.715738609,0.245,245,5,137.599,654.16,1047.374,396490.043,0.000988560999986
198.716183339,0.245,245,7,165.625,823.264,1191.954,396490.491,0.000444729999998
198.189434351,0.111,111,2,178.313,393026.076,1295.99,396502.715,0
198.718663595,104.036,81980,7,269.661,825.216,1296.211,396511.867,0.529229244
199.159512999,0.245,245,7,269.906,826.496,1296.456,396513.147,0.440849404
198.717882161,144.58,81980,5,282.179,656.176,1335.615,396518.203,0
198.717027881,132.996,81980,6,272.952,784.704,1335.893,396520.155,0
198.716184286,121.412,81980,3,288.999,1018.688,1336.204,396521.595,0
198.749596527,0.221,221,2,178.534,393042.46,1336.548,396529.787,0.033412241
199.750440487,0.221,221,2,178.755,393059.756,1336.769,396550.811,1.00084396
200.751177054,0.221,221,2,178.976,393067.948,1336.99,396559.003,1.000736567
200.815007418,8.449,8449,2,187.425,393071.116,1345.439,396562.171,0.063830364
200.830934584,0.377,377,2,187.802,393072.572,1345.816,396563.627,0.015927166
200.833826742,132.996,81980,2,320.798,393081.724,1478.812,396572.779,0.00289215800001
201.191090428,0.111,111,2,320.909,393090.844,1478.923,396581.899,0.357263686
201.325776261,0.24,240,2,321.149,393099.036,1479.163,396590.091,0.134685833
199.16130611,39.159,39159,7,309.065,16055.824,1479.384,411826.699,0
201.752037304,0.221,221,2,321.37,393115.42,1479.63,411847.179,2.590731194
199.227523773,0.311,311,6,273.263,17506.784,1479.851,428573.707,0
202.752897061,0.221,221,2,321.591,393131.804,1480.097,428585.403,3.525373288
203.753822555,0.221,221,2,321.812,393148.188,1480.318,428626.363,1.000925494
204.19261454,0.111,111,2,321.923,393164.572,1480.429,442622.667,0.438791985
199.208304238,0.278,278,5,282.457,17586.176,1480.65,445579.979,0
204.756329634,0.221,221,2,322.144,393197.34,1480.896,445608.619,5.548025396
206.758015423,0.221,221,2,322.365,393213.724,1481.117,445625.003,2.001685789
207.19401643,0.111,111,2,322.476,393230.108,1481.228,445641.387,0.436001007
207.758581705,0.221,221,2,322.697,393246.492,1481.449,445657.771,0.564565275
208.75914123,0.221,221,2,322.918,393262.876,1481.67,445676.203,1.000559525
209.760417103,0.221,221,2,323.139,393279.26,1481.891,445694.635,1.001275873
210.195368285,0.111,111,2,323.25,393298.78,1482.002,445714.155,0.434951182
210.761312486,0.221,221,2,323.471,393315.164,1482.223,445730.539,0.565944201
211.761923588,0.221,221,2,323.692,393331.548,1482.444,445755.115,1.000611102
212.762488232,0.221,221,2,323.913,393347.932,1482.665,445771.499,1.000564644
213.196649646,0.111,111,2,324.024,393364.316,1482.776,445787.883,0.434161414
213.763037312,0.221,221,2,324.245,393380.7,1482.997,445804.267,0.566387666
214.763631402,0.221,221,2,324.466,393397.084,1483.218,445820.651,1.00059409
215.764295029,0.221,221,2,324.687,393406.3,1483.439,451271.403,1.000663627
216.169753724,0.336,336,2,325.023,393414.492,1483.775,457767.659,0.405458695
199.333726585,0.344,344,3,289.343,18764.016,1483.886,463575.787,0
216.198448032,0.111,111,2,325.134,393430.876,1484.132,463590.059,16.864721447
216.765545793,0.221,221,2,325.355,393447.26,1484.353,463606.443,0.567097761
217.766756542,0.221,221,2,325.576,393463.644,1484.574,463622.827,1.001210749
218.767414365,0.221,221,2,325.797,393480.028,1484.795,463640.235,1.000657823
219.200483712,0.111,111,2,325.908,393496.412,1484.906,463656.619,0.433069347
219.76834899,0.221,221,2,326.129,393516.268,1485.127,463678.523,0.567865278
220.769057882,0.221,221,2,326.35,393532.652,1485.348,463694.907,1.000708892
221.769699733,0.221,221,2,326.571,393549.036,1485.569,463712.827,1.000641851
222.201868302,0.111,111,2,326.682,393565.42,1485.68,463729.211,0.432168569
222.770567614,0.221,221,2,326.903,393581.804,1485.901,463745.595,0.568699312
223.771286688,0.221,221,2,327.124,393598.188,1486.122,463761.979,1.000719074
224.772041282,0.221,221,2,327.345,393614.572,1486.343,463778.363,1.000754594
225.203148287,0.111,111,2,327.456,393630.956,1486.454,463794.747,0.431107005
225.772617501,0.221,221,2,327.677,393647.34,1486.675,463812.059,0.569469214
226.773331225,0.221,221,2,327.898,393663.724,1486.896,463828.443,1.000713724
227.773913859,0.221,221,2,328.119,393680.108,1487.117,463844.827,1.000582634
228.204386254,0.111,111,2,328.23,393696.492,1487.228,463861.211,0.430472395
228.77461329,0.221,221,2,328.451,393712.876,1487.449,463878.587,0.570227036
229.775402357,0.221,221,2,328.672,393737.452,1487.67,463904.699,1.000789067
230.776281832,0.221,221,2,328.893,393753.836,1487.891,463921.083,1.000879475
231.205939222,0.111,111,2,329.004,393770.22,1488.002,463937.467,0.42965739
231.777196265,0.221,221,2,329.225,393786.604,1488.223,463954.859,0.571257043
232.777967311,0.221,221,2,329.446,393802.988,1488.444,463971.243,1.000771046
233.779246338,0.221,221,2,329.667,393819.372,1488.665,463987.627,1.001279027
234.20753783,0.111,111,2,329.778,393835.756,1488.776,464004.011,0.428291492
234.780163814,0.221,221,2,329.999,393852.14,1488.997,464020.395,0.572625984
235.781087641,0.221,221,2,330.22,393868.524,1489.218,464037.675,1.000923827
236.781858596,0.221,221,2,330.441,393884.908,1489.439,464054.059,1.000770955
237.208825523,0.111,111,2,330.552,393917.676,1489.55,464086.827,0.426966927
238.783129458,0.221,221,2,330.773,393934.06,1489.771,464104.171,1.574303935
239.783692838,0.221,221,2,330.994,393950.444,1489.992,464121.563,1.00056338
240.210226444,0.111,111,2,331.105,393975.02,1490.103,464146.139,0.426533606
240.784331493,0.221,221,2,331.326,393991.404,1490.324,464162.523,0.574105049
241.784970043,0.221,221,2,331.547,394081.516,1490.545,464252.635,1.00063855
241.837859145,0.377,377,2,331.924,394114.284,1490.922,464286.379,0.052889102
242.786001379,0.221,221,2,332.145,394130.668,1491.143,464302.763,0.948142234
243.211856287,0.111,111,2,332.256,394147.052,1491.254,464319.147,0.425854908
243.787025494,0.221,221,2,332.477,394163.436,1491.475,464335.531,0.575169207
244.787871262,0.221,221,2,332.698,394179.82,1491.696,464351.915,1.000845768
245.788424303,0.221,221,2,332.919,410303.724,1491.917,480475.819,1.000553041
246.230326985,0.111,111,2,333.03,410311.916,1492.028,480484.011,0.441902682
203.182980105,0.246,246,6,273.509,17538.0,1492.274,480493.227,0
204.797527018,0.246,246,5,282.703,17593.024,1492.443,480493.227,1.614546913
216.245703641,0.246,246,3,289.589,18772.656,1492.612,480493.227,11.448176623
202.204615898,0.246,246,7,309.311,16073.136,1492.781,480493.227,0
246.254425237,0.246,246,2,333.276,410321.132,1492.95,480493.227,44.049809339
246.262051428,0.169,169,3,289.758,18774.512,1493.119,480502.971,0.00762619100001
246.261988091,0.169,169,5,282.872,17595.12,1501.452,480502.971,0
246.261858432,0.169,169,6,273.678,17539.92,1509.785,480502.971,0
246.262134438,0.169,169,7,309.48,16074.96,1518.118,480502.971,0.000276006000007
246.262206252,0.169,169,2,333.445,410323.18,1526.451,480502.971,7.18139999947e-05
246.432409759,8.333,8333,3,298.091,18777.68,1534.784,480514.923,0.170203507
246.433483258,8.333,8333,7,317.813,16077.68,1535.029,480522.219,0.001073499
246.432685474,8.333,8333,5,291.205,17598.336,1535.274,480522.219,0
246.43780743,0.245,245,3,298.336,18778.992,1535.519,480526.315,0.00512195599998
246.433803361,8.333,8333,2,341.778,410333.852,2059.807,480526.827,0
246.433148746,8.333,8333,6,282.011,17543.2,3078.638,480529.499,0
246.439669252,0.245,245,7,318.058,16078.896,3311.037,480529.963,0.00652050599999
246.439750322,0.245,245,5,291.45,17599.744,4001.289,480530.859,8.10700000216e-05
246.441402707,0.245,245,6,282.256,17544.528,5330.613,480531.291,0.001652385
246.442649421,524.288,262144,5,815.738,17599.744,5852.423,480531.291,0.00124671399999
246.442003242,1065.258,262144,7,1383.316,16078.896,6376.711,480531.291,0
246.439846575,2205.058,262144,3,2503.394,18778.992,6384.425,480531.291,0
246.444994469,524.288,262144,5,1340.026,17599.744,6535.965,480531.291,0.005147894
246.445437102,151.54,93146,3,2654.934,18778.992,7030.263,480531.291,0.000442633000006
246.444618141,521.81,262144,6,804.066,17544.528,7097.819,480531.291,0
246.447626591,67.556,58394,3,2722.49,18778.992,7521.583,480531.291,0.00300844999998
246.447900026,423.764,259666,6,1227.83,17544.528,7530.745,480531.291,0.000273435000025
246.447206519,494.298,262144,5,1834.324,17599.744,7772.061,480531.291,0
246.450234393,393.356,232154,5,2227.68,17599.744,8242.635,480532.251,0.003027874
246.452145255,245.66,161202,5,2473.34,17599.744,8488.295,480533.211,0.00191086200002
246.440341713,0.245,245,2,342.023,410335.228,8693.385,480535.579,0
246.456712858,1196.664,262144,2,1538.687,410347.516,9890.049,480548.731,0.016371145
246.789343819,0.221,221,2,1538.908,410363.9,9890.27,480565.115,0.332630961
247.790082613,0.221,221,2,1539.129,410384.38,9890.491,480585.595,1.000738794
248.790685811,0.221,221,2,1539.35,410400.764,9890.712,480613.435,1.000603198
246.449797633,318.534,164098,6,1546.364,17548.4,9890.823,480624.507,0
246.453602338,205.09,84458,5,2678.43,17603.52,9890.992,480624.507,0.00380470499999
246.448749089,9.162,9162,3,2731.652,18783.2,9891.161,480624.507,0
246.445215996,7.714,7714,7,1391.03,16085.152,9891.33,480624.507,0
249.231983619,0.111,111,2,1539.461,410408.956,9891.499,480624.507,2.786767623
249.574110276,0.169,169,6,1546.533,17552.496,9891.668,480665.403,0.342126657
249.574130881,0.169,169,5,2678.599,17604.48,9891.837,480665.403,2.06050000031e-05
249.574225825,0.169,169,3,2731.821,18785.248,9892.006,480665.403,9.49440000113e-05
249.574377295,0.169,169,7,1391.199,16086.176,9892.175,480665.403,0.000151469999992
249.574407379,0.169,169,2,1539.63,410441.724,9892.344,480665.403,3.00840000023e-05
249.577247258,0.169,169,6,1546.702,17555.568,9892.513,480694.747,0.00283987899999
249.577280715,0.169,169,5,2678.768,17606.304,9892.682,480694.747,3.34570000007e-05
249.577370387,0.169,169,3,2731.99,18787.264,9892.851,480694.747,8.96720000014e-05
249.577411925,0.169,169,7,1391.368,16088.128,9893.02,480694.747,4.15380000049e-05
249.577499465,0.169,169,2,1539.799,410462.204,9893.189,480694.747,8.75399999813e-05
249.583961911,0.169,169,5,2678.937,17608.0,9893.358,480711.323,0.006462446
249.584095616,0.169,169,7,1391.537,16089.952,9901.808,480711.323,0.000133705000025
249.583832876,0.169,169,6,1546.871,17557.52,9910.258,480711.323,0
249.584231208,0.169,169,2,1539.968,410471.42,9918.708,480711.323,0.000398332000003
249.584034016,0.169,169,3,2732.159,18789.152,9927.158,480711.323,0
249.628529227,8.45,8450,5,2687.387,17610.928,9935.608,480722.795,0.044495211
249.628789257,8.45,8450,7,1399.987,16093.104,9935.853,480722.795,0.000260029999993
249.629441752,8.45,8450,2,1548.418,410490.876,9936.098,480741.227,0.000652494999997
249.629134321,8.45,8450,6,1555.321,17561.888,9936.343,480741.227,0
249.634530824,0.245,245,5,2687.632,17612.256,9936.588,480743.691,0.00539650299999
249.634567551,0.245,245,7,1400.232,16094.24,10018.568,480743.691,3.67270000083e-05
249.635649645,0.245,245,6,1555.566,17563.152,10100.548,480745.835,0.001082094
249.635570183,0.245,245,2,1548.663,410492.188,10182.528,480746.267,0
249.629862299,8.45,8450,3,2740.609,18792.416,10264.508,480751.003,0
249.641437844,0.278,278,3,2740.887,18793.648,10264.786,480761.835,0.011575545
249.63879427,81.98,81980,2,1630.643,410504.476,10346.766,480767.851,0
249.636673765,81.98,81980,7,1482.212,16096.128,10347.011,480767.851,0
249.63667374,81.98,81980,5,2769.612,17614.016,10347.256,480770.267,0
249.695259439,0.245,245,7,1482.457,16097.2,10347.501,480771.019,0.058585699
249.69504497,0.245,245,2,1630.888,410505.708,10609.645,480771.019,0
249.697042923,532.262,262144,7,2014.719,16097.2,11379.078,480771.867,0.001997953
249.696487503,0.245,245,5,2769.857,17615.28,11511.692,480772.283,0
249.697046435,499.315,262144,2,2130.203,410505.708,12035.98,480772.283,0.000558932000018
249.698469583,132.614,131467,7,2147.333,16097.2,12417.65,480772.283,0.00142314799999
249.699307013,524.288,262144,5,3294.145,17615.28,12418.797,480772.283,0.000837430000018
249.638252866,81.98,81980,6,1637.546,17565.168,13181.347,480773.275,0
249.69965682,381.67,237171,2,2511.873,410505.708,13181.592,480773.275,0.061403954
249.701307207,762.55,262144,5,4056.695,17615.28,13379.366,480773.275,0.00165038700001
249.702869986,197.774,144499,2,2709.647,410505.708,14132.57,480773.275,0.00156277899998
249.703203486,753.204,241515,5,4809.899,17615.28,14185.845,480774.171,0.000333500000011
249.702020398,0.245,245,6,1637.791,17566.352,14471.646,480775.355,0
249.708183138,419.675,262144,6,2057.466,17566.352,14891.321,480775.355,0.00616274000001
249.644252008,81.98,81980,3,2822.867,18795.6,15233.594,480780.155,0
249.704277904,53.275,53275,2,2762.922,410515.948,15233.971,480788.347,0.060025896
249.79148453,0.221,221,2,2763.143,410535.404,15234.192,480811.051,0.087206626
250.792438312,0.221,221,2,2763.364,410551.788,15234.413,480828.363,1.000953782
251.79358007,0.221,221,2,2763.585,410568.172,15234.634,480847.883,1.001141758
249.700022073,1.147,1147,7,2148.48,32927.408,15234.745,497685.387,0
252.233294527,0.111,111,2,2763.696,410584.556,15234.991,497695.467,2.533272454
252.794876621,0.221,221,2,2763.917,427001.324,15235.212,514112.235,0.561582094
253.106178729,0.246,246,2,2764.163,427018.732,15235.458,514129.643,0.311302108
249.705203793,285.801,132915,5,5095.7,33839.376,15235.679,530361.099,0
249.709355652,342.273,157531,6,2399.739,33402.112,15235.925,546194.411,0.00415185899999
253.795784706,0.221,221,2,2764.384,427035.116,15236.171,546223.083,4.086429054
254.796593524,0.221,221,2,2764.605,427051.5,15236.392,546239.467,1.000808818
249.73349382,0.377,377,3,2823.244,35334.624,15236.503,562782.619,0
254.572814381,0.246,246,6,2399.985,33422.592,15236.749,562794.907,4.839320561
254.196733971,0.246,246,5,5095.946,33841.136,15236.918,562794.907,0
255.506444555,0.246,246,3,2823.49,35346.912,15237.087,562794.907,1.309710584
252.519877598,0.246,246,7,2148.726,32929.296,15237.256,562794.907,0
255.23463134,0.111,111,2,2764.716,427059.692,15237.425,562794.907,2.714753742
255.513683674,0.169,169,6,2400.154,33431.808,15237.594,562813.131,0.279052334
255.513737894,0.169,169,5,5096.115,33842.768,15237.763,562813.131,5.42200000098e-05
255.513826847,0.169,169,3,2823.659,35349.984,15237.932,562813.131,8.89529999881e-05
255.513920681,0.169,169,7,2148.895,32931.056,15238.101,562813.131,9.38340000118e-05
255.514065782,0.169,169,2,2764.885,427062.236,15238.27,562813.131,0.000145100999987
255.718522033,0.169,169,5,5096.284,33844.272,15238.439,562822.683,0.204456251
255.718485644,0.169,169,6,2400.323,33434.352,15246.773,562822.683,0
255.718838427,0.169,169,2,2765.054,427064.156,15255.107,562822.683,0.000352783000011
255.718720962,0.169,169,7,2149.064,32932.688,15263.441,562822.683,0
255.718621949,0.169,169,3,2823.828,35351.936,15271.775,562822.683,0
255.762091235,8.334,8334,5,5104.618,33846.864,15280.109,562832.315,0.043469286
255.763073632,8.334,8334,7,2157.398,32935.888,15280.354,562833.211,0.000982396999973
255.763434535,8.334,8334,3,2832.162,35356.304,15280.599,562836.731,0.000360903000001
255.766656417,0.245,245,5,5104.863,33848.048,15280.844,562837.435,0.00322188200002
255.767042152,0.245,245,7,2157.643,32936.88,15542.988,562837.435,0.000385734999981
255.768605748,445.499,262144,7,2603.142,32936.88,16680.456,562843.035,0.00156359600001
255.762378143,8.334,8334,6,2408.657,33438.816,16919.742,562843.547,0
255.762716611,8.334,8334,2,2773.388,427067.436,16919.987,562843.547,0.000338467999995
255.768066103,0.245,245,3,2832.407,35357.472,16920.232,562843.931,0.00534949199999
255.76852586,954.113,262144,5,6058.976,33848.048,17444.52,562843.931,0.000459757000016
255.769985725,239.286,183355,7,2842.428,32936.88,17696.838,562843.931,0.00145986499999
255.770685666,524.288,262144,3,3356.695,35357.472,17752.769,562845.467,0.000699940999993
255.771406352,252.318,174667,5,6311.294,33848.048,18277.057,562845.467,0.000720686000022
255.770382225,0.245,245,2,2773.633,427068.604,18354.708,562846.219,0
255.770253462,0.245,245,6,2408.902,33439.936,18875.503,562846.219,0
255.773896288,524.288,262144,3,3880.983,35357.472,19352.858,562846.219,0.003642826
255.775631474,676.638,262144,3,4557.621,35357.472,20029.496,562847.083,0.00173518599999
255.775137294,520.795,262144,2,3294.428,427068.604,20375.934,562847.083,0
255.775323235,477.355,262144,6,2886.257,33439.936,20804.908,562847.083,0.000185941000012
255.777598302,346.438,199283,3,4904.059,35357.472,21133.97,562847.083,0.002275067
255.77785033,428.974,258651,2,3723.402,427068.604,21376.152,562847.083,0.000252028000006
255.778309023,329.062,215211,6,3215.319,33439.936,21615.438,562847.083,0.000458692999985
255.77871445,242.182,147155,3,5146.241,35357.472,21729.289,562847.083,0.000405427000004
255.780663863,136.478,95027,3,5282.719,35357.472,21865.767,562847.883,0.00194941300001
255.779970246,239.286,170323,2,3962.688,427068.604,21907.218,562847.883,0
255.782084513,68.963,68963,2,4031.651,427077.788,21976.181,562861.163,0.002114267
255.797466713,0.221,221,2,4031.872,427094.172,21976.402,562880.235,0.0153822
256.798433042,0.221,221,2,4032.093,427110.556,21976.623,562899.115,1.000966329
257.799689579,0.221,221,2,4032.314,427129.34,21976.844,562923.515,1.001256537
255.780370314,113.851,113851,6,3329.17,33446.592,21976.955,562935.291,0
255.774555169,77.651,77651,5,6388.945,33854.672,21985.405,562935.291,0
255.781779393,41.451,41451,3,5324.17,35360.976,21993.855,562935.291,0.007224224
255.771535845,55.931,55931,7,2898.359,32940.24,22002.305,562935.291,0
258.236308868,0.111,111,2,4032.425,427137.532,22010.755,562935.291,2.464773023
258.743540369,8.45,8450,3,5332.62,35375.312,22019.205,562970.971,0.507231501
258.742726491,8.45,8450,6,3337.62,33471.168,22019.45,562979.163,0
258.743989129,8.45,8450,7,2906.809,32946.736,22019.695,562984.347,0.00126263800001
258.748203253,0.245,245,3,5332.865,35376.4,22019.94,563000.731,0.00421412399999
258.74308649,8.45,8450,5,6397.395,33873.616,22101.92,563000.731,0
258.749883366,0.245,245,7,2907.054,32947.664,22102.165,563002.363,0.00679687600001
258.748829545,0.245,245,6,3337.865,33472.208,22184.145,563003.451,0
258.750350893,0.245,245,5,6397.64,33874.736,22266.125,563007.915,0.00152134800004
258.744437066,8.45,8450,2,4040.875,427144.7,22348.105,563016.107,0
258.754315262,0.278,278,2,4041.153,427145.788,22348.383,563029.483,0.00987819599999
258.756690912,81.98,81980,2,4123.133,427155.516,22430.363,563039.211,0.00237565000003
258.752553863,81.98,81980,5,6479.62,33887.024,22430.584,563051.499,0
258.806768469,0.245,245,5,6479.865,33888.064,22430.829,563052.539,0.054214606
258.752006126,81.98,81980,6,3419.845,33478.352,23519.419,563054.587,0
258.75133896,81.98,81980,7,2989.034,32950.736,23519.664,563055.947,0
258.813353613,0.245,245,6,3420.09,33479.328,23519.909,563056.587,0.062014653
258.814334243,0.245,245,7,2989.279,32951.584,23937.17,563057.435,0.000980630000015
258.815127512,417.261,262144,6,3837.351,33479.328,24199.314,563057.435,0.000793268999985
258.816287577,179.914,155117,6,4017.265,33479.328,24593.838,563059.483,0.00116006500002
258.816259027,476.754,262144,7,3466.033,32951.584,24618.635,563059.483,0
258.750010381,81.98,81980,3,5414.845,35381.008,24695.56,563061.019,0
258.822461657,0.278,278,3,5415.123,35382.032,24695.838,563062.043,0.072451276
258.800863237,0.221,221,2,4123.354,427164.716,25836.556,563066.075,0
258.831109486,0.377,377,2,4123.731,427173.884,25836.933,563078.603,0.030246249
259.802330504,0.221,221,2,4123.952,427193.532,25837.154,563101.723,0.971221018
260.803117987,0.221,221,2,4124.173,427209.916,25837.375,563118.107,1.000787483
258.818780246,76.925,76925,7,3542.958,49478.176,25837.486,579648.539,0
261.237835689,0.111,111,2,4124.284,427226.3,25837.732,579705.883,2.419055443
261.80408946,0.221,221,2,4124.505,443229.884,25837.953,595712.843,0.566253771
258.818572104,24.797,24797,6,4042.062,49814.576,25838.199,612068.171,0
261.995451122,0.246,246,2,4124.751,443262.652,25838.445,612080.971,3.176879018
258.824185415,1140.718,262144,3,6555.841,51515.44,25838.666,628218.187,0
262.804897203,0.221,221,2,4124.972,443279.036,25838.912,644630.267,3.980711788
262.567233371,0.246,246,6,4042.308,49819.184,25839.133,644638.459,0
258.809456633,1088.59,262144,5,7568.455,50244.848,25839.302,644638.459,0
262.908539232,0.246,246,3,6556.087,51564.592,25839.471,644638.459,4.099082599
261.680383095,0.246,246,7,3543.204,49527.328,25839.64,644638.459,0
263.805865598,0.221,221,2,4125.193,443287.228,25839.809,644638.459,2.125482503
263.83776537,0.169,169,6,4042.477,49821.168,25839.978,644682.427,0.031899772
263.837765978,0.169,169,5,7568.624,50257.136,25840.147,644682.427,6.07999993463e-07
263.837796248,0.169,169,3,6556.256,51576.88,25840.316,644682.427,3.02700000248e-05
263.837853787,0.169,169,7,3543.373,49539.616,25840.485,644682.427,5.7538999954e-05
263.838008268,0.169,169,2,4125.362,443292.348,25840.654,644682.427,0.000154481000038
263.845448258,0.169,169,5,7568.793,50259.184,25840.823,644690.539,0.00743998999997
263.845351663,0.169,169,6,4042.646,49822.112,25841.069,644692.555,0
263.849082106,0.246,246,5,7569.039,50261.2,25841.238,644692.555,0.00373044300005
263.845546582,0.169,169,3,6556.425,51578.928,25841.407,644692.555,0
263.845613752,0.169,169,7,3543.542,49541.664,25841.576,644692.555,6.71700000225e-05
263.845746984,0.169,169,2,4125.531,443293.372,25841.745,644692.555,0.000133231999996
263.854913484,0.169,169,5,7569.208,50263.088,25841.914,644702.283,0.00916649999999
263.854964764,0.169,169,3,6556.594,51580.944,25850.248,644702.283,5.12799999797e-05
263.85504168,0.169,169,7,3543.711,49543.68,25858.582,644702.283,7.69160000118e-05
263.854843032,0.169,169,6,4042.815,49823.904,25866.916,644702.283,0
263.855134967,0.169,169,2,4125.7,443295.388,25875.25,644702.283,0.000291935000007
264.050147519,8.334,8334,7,3552.045,49550.176,25883.584,644710.699,0.195012552
264.050934029,8.334,8334,2,4134.034,443301.404,25883.829,644715.323,0.000786510000012
264.054633128,0.245,245,7,3552.29,49550.96,25884.074,644717.819,0.00369909899996
264.056606029,0.245,245,2,4134.279,443302.428,26545.253,644718.843,0.00197290100004
264.049355948,8.334,8334,5,7577.542,50266.352,27023.446,644719.867,0
264.058763126,478.193,262144,2,4612.472,443302.428,27023.691,644719.867,0.00940717799995
264.059800024,0.245,245,5,7577.787,50267.328,27568.176,644721.867,0.00103689800005
264.063458442,456.473,262144,5,8034.26,50267.328,28024.649,644722.891,0.00365841799999
264.050552943,8.334,8334,6,4051.149,49826.96,28477.316,644728.987,0
264.061424476,544.485,216049,2,5156.957,443312.668,28477.66,644738.107,0.010871533
264.049732839,8.334,8334,3,6564.928,51587.44,28477.771,644752.795,0
264.601222241,0.377,377,3,6565.305,51588.384,28478.148,644753.739,0.551489402
264.239576441,0.111,111,2,5157.068,443329.052,29755.674,644763.979,0
264.806785223,0.221,221,2,5157.289,443345.436,29755.895,644780.363,0.567208782
265.807496171,0.221,221,2,5157.51,443364.892,29756.116,644813.003,1.000710948
266.808285563,0.221,221,2,5157.731,443381.276,29756.337,644832.459,1.000789392
264.057124417,661.179,262144,7,4213.469,49556.08,29756.448,644840.651,0
264.121414568,0.344,344,6,4051.493,49831.024,29764.898,644840.651,0.064290151
264.065052951,452.667,194329,5,8486.927,50275.296,29773.348,644840.651,0
267.241285924,0.111,111,2,5157.842,443389.468,29781.798,644840.651,3.176232973
264.603417762,1277.526,262144,3,7842.831,51593.504,29790.248,644840.651,0
267.439584,8.45,8450,7,4221.919,49580.656,29798.698,644936.395,2.836166238
267.440102334,8.45,8450,5,8495.377,50311.136,29798.943,644940.491,0.000518333999992
267.440402373,8.45,8450,2,5166.292,443414.044,29799.188,644952.779,0.000300038999967
267.439743093,8.45,8450,6,4059.943,49841.776,29799.433,644952.779,0
267.444526256,0.245,245,5,8495.622,50312.032,29799.678,644963.515,0.00478316300001
267.444316845,0.245,245,7,4222.164,49581.36,29881.66,644963.515,0
267.440803062,8.45,8450,3,7851.281,51618.08,29963.642,644963.515,0
267.444990722,0.245,245,2,5166.537,443414.988,29963.887,644963.819,0.00418766000001
267.445056107,0.245,245,6,4060.188,49842.384,30045.869,644964.715,6.53850000276e-05
267.446144254,0.245,245,3,7851.526,51618.96,30127.851,644965.003,0.00108814699996
267.446082377,81.982,81982,7,4304.146,49587.504,30209.833,645005.963,0
267.495647461,0.245,245,7,4304.391,49588.144,30210.078,645006.603,0.049565084
267.448164847,81.982,81982,3,7933.508,51625.104,30676.654,645008.651,0
267.497251004,466.576,262144,7,4770.967,49588.144,30676.899,645008.651,0.049086157
267.498525148,0.245,245,3,7933.753,51625.904,30742.943,645017.643,0.00127414399998
267.446078369,81.982,81982,5,8577.604,50336.608,31234.755,645017.643,0
267.44676931,81.982,81982,2,5248.519,443420.108,31877.104,645022.299,0.000690940999959
267.501511469,0.245,245,5,8577.849,50337.44,31960.769,645028.715,0.054742159
267.447289255,81.982,81982,6,4142.17,49860.816,32381.629,645028.715,0
267.503758606,420.86,262144,5,8998.709,50337.44,32381.907,645029.595,0.056469351
267.503179378,0.245,245,2,5248.764,443420.988,32569.019,645029.595,0
267.505917065,187.112,158716,5,9185.821,50337.44,33055.039,645029.595,0.00273768699998
267.506110297,486.02,262144,2,5734.784,443420.988,33083.435,645029.595,0.000193232000015
267.507563473,569.704,223876,2,6304.488,443420.988,33653.139,645030.619,0.00145317599998
267.510382639,28.396,28396,2,6332.884,443430.716,33681.535,645043.419,0.00281916599999
267.809209594,0.221,221,2,6333.105,443447.1,33681.756,645063.899,0.298826955
268.810183875,0.221,221,2,6333.326,443479.868,33681.977,645103.227,1.000974281
267.504092486,0.278,278,6,4142.448,49867.472,33682.088,660528.155,0
267.507335622,28.396,28396,5,9214.217,50341.536,33682.257,660528.155,0.00324313600004
267.501202243,1217.336,262144,3,9151.089,51626.928,33682.426,660528.155,0
267.498700763,66.044,66044,7,4837.011,65005.392,33682.595,660528.155,0
270.242781495,0.111,111,2,6333.437,443491.548,33682.764,660528.155,2.744080732
270.566342342,0.169,169,6,4142.617,49883.856,33682.933,660558.843,0.323560847
270.566355178,0.169,169,5,9214.386,50343.584,33683.102,660558.843,1.28359999962e-05
270.566431036,0.169,169,3,9151.258,51627.92,33683.271,660558.843,7.58580000024e-05
270.566511401,0.169,169,7,4837.18,65008.464,33683.44,660558.843,8.03650000307e-05
270.566655457,0.169,169,2,6333.606,443499.74,33683.609,660558.843,0.000144056000011
270.570886802,0.169,169,6,4142.786,49896.144,33683.778,660583.723,0.00423134499999
270.570918445,0.169,169,5,9214.555,50345.6,33683.947,660583.723,3.16429999998e-05
270.570990533,0.169,169,3,9151.427,51629.808,33684.116,660583.723,7.20879999676e-05
270.571090863,0.169,169,7,4837.349,65011.008,33684.285,660583.723,0.000100330000009
270.57114781,0.169,169,2,6333.775,443505.884,33684.454,660583.723,5.69470000187e-05
270.576042333,0.169,169,7,4837.518,65011.504,33684.623,660588.635,0.00489452299996
270.576147229,0.169,169,2,6333.944,457216.396,33684.869,674303.787,0.000104896000039
270.813451744,0.221,221,2,6334.165,459026.828,33685.09,676114.219,0.237304515
270.575788967,0.169,169,6,4142.955,66122.768,33685.336,692340.843,0
270.575988164,0.169,169,3,9151.596,67265.136,33685.582,707980.555,0.000199197000029
270.846054037,0.246,246,2,6334.411,459038.092,33685.828,707990.571,0.270065873
271.81970406,0.221,221,2,6334.632,459054.476,33686.049,708008.715,0.973650023
270.57586964,0.169,169,5,9214.724,66866.048,33686.27,724534.571,0
271.217775837,0.246,246,6,4143.201,66128.912,33686.516,724536.523,0.641906197
273.027533286,0.246,246,5,9214.97,66868.0,33686.685,724536.523,1.809757449
272.820346496,0.221,221,2,6334.853,459062.668,33686.854,724536.523,0
271.556452689,0.246,246,3,9151.842,67267.824,33687.023,724536.523,0
270.577507706,0.246,246,7,4837.764,65013.84,33687.192,724536.523,0
273.033177746,0.169,169,6,4143.37,66130.432,33687.361,724545.179,2.45567004
273.033271198,0.169,169,5,9215.139,66869.824,33695.695,724545.179,9.34520000442e-05
273.03360711,0.169,169,7,4837.933,65015.568,33704.029,724545.179,0.000335911999969
273.033357761,0.169,169,2,6335.022,459064.62,33712.363,724545.179,0
273.03337397,0.169,169,3,9152.011,67269.456,33720.697,724545.179,1.62090000231e-05
273.242710119,8.334,8334,2,6343.356,459072.812,33729.031,724553.371,0.209336149
273.242313264,8.334,8334,7,4846.267,65018.512,33729.142,724571.291,0
273.241874018,8.334,8334,5,9223.473,66872.976,33729.387,724574.891,0
273.244206416,0.111,111,2,6343.467,459085.372,33729.632,724574.891,0.00233239800002
273.246476507,0.245,245,7,4846.512,65019.072,33729.877,724574.891,0.00227009100001
273.243133854,8.334,8334,3,9160.345,67272.656,34390.513,724579.003,0
273.247925127,0.245,245,2,6343.712,459086.172,34390.758,724579.259,0.00479127299997
273.247884688,0.245,245,5,9223.718,66873.488,34847.05,724579.515,0
273.241570808,8.334,8334,6,4151.704,66136.944,35303.342,724584.107,0
273.249528773,0.245,245,3,9160.59,67273.392,35303.587,724584.347,0.007957965
273.25014006,456.292,262144,2,6800.004,459086.172,35759.879,724584.635,0.00061128699997
273.250464414,456.292,262144,5,9680.01,66873.488,36017.855,724584.923,0.000324354000043
273.251113187,0.245,245,6,4151.949,66137.792,36275.831,724586.091,0.000648772999966
273.253148206,257.976,194148,2,7057.98,459086.172,36724.883,724586.091,0.002035019
273.252977287,456.292,262144,3,9616.882,67273.392,36788.711,724586.091,0
273.253600408,257.976,194148,5,9937.986,66873.488,37111.847,724586.091,0.00062312099999
273.256703195,323.136,194148,3,9940.018,67273.392,37175.675,724586.091,0.00310278699999
273.254863633,449.052,262144,6,4601.001,66137.792,37368.491,724586.091,0
273.258326493,192.816,128988,3,10132.834,67273.392,37640.947,724586.091,0.00346286000001
273.259308784,272.456,186908,6,4873.457,66137.792,37704.775,724586.091,0.000982290999957
273.255797475,63.828,63828,2,7121.808,459095.388,37790.323,724599.179,0
273.821059846,0.221,221,2,7122.029,459111.772,37790.544,724615.563,0.565262371
274.821720217,0.221,221,2,7122.25,459131.132,37790.765,724644.267,1.000660371
275.822663276,0.221,221,2,7122.471,459147.516,37790.986,724663.563,1.000943059
273.262487245,85.548,85548,6,4959.005,66142.912,37791.097,724673.803,0
273.257809424,63.828,63828,5,10001.814,66879.744,37791.266,724673.803,0
273.260769974,63.828,63828,3,10196.662,67277.168,37791.435,724673.803,0.00296055000001
273.248060926,660.636,262144,7,5507.148,65022.992,37791.604,724673.803,0
276.247180933,0.111,111,2,7122.582,459155.708,37791.773,724673.803,2.999120007
276.530244588,0.169,169,6,4959.174,66159.296,37791.942,724708.331,0.283063655
276.530265018,0.169,169,5,10001.983,66881.76,37792.111,724708.331,2.04300000064e-05
276.530370727,0.169,169,3,10196.831,67279.056,37792.28,724708.331,0.000105708999968
276.530403564,0.169,169,7,5507.317,65024.944,37792.449,724708.331,3.2836999992e-05
276.53053652,0.169,169,2,7122.751,459167.996,37792.618,724708.331,0.000132956000016
276.536142666,0.169,169,6,4959.343,66167.488,37792.787,724721.355,0.00560614599999
276.536253352,0.169,169,5,10002.152,66882.72,37792.956,724721.355,0.000110686000028
276.536336156,0.169,169,3,10197.0,67279.952,37793.125,724721.355,8.28039999874e-05
276.536427041,0.169,169,7,5507.486,65025.872,37793.294,724721.355,9.08850000201e-05
276.536615172,0.169,169,2,7122.92,459170.044,37793.463,724721.355,0.000188130999959
276.537888998,0.169,169,6,4959.512,66173.632,37793.632,724734.795,0.00127382600004
276.537955062,0.169,169,5,10002.321,66884.544,37802.082,724734.795,6.60639999523e-05
276.538062049,0.169,169,7,5507.655,65027.632,37810.532,724734.795,0.000106987000038
276.538003066,0.169,169,3,10197.169,67281.648,37818.982,724734.795,0
276.538144858,0.169,169,2,7123.089,459172.06,37827.432,724734.795,0.000141792000022
276.558735949,8.45,8450,7,5516.105,65030.672,37835.882,724744.955,0.020591091
276.559371289,8.45,8450,2,7131.539,459178.556,37836.127,724750.379,0.000635340000031
276.558381677,8.45,8450,5,10010.771,66887.696,37836.372,724750.539,0
276.562860204,0.245,245,7,5516.35,65031.168,37836.617,724766.923,0.004478527
276.558111152,8.45,8450,6,4967.962,66192.576,37918.597,724766.923,0
276.564093454,0.245,245,2,7131.784,459179.292,37918.842,724768.539,0.00598230200001
276.564294168,0.245,245,5,10011.016,66888.4,38000.822,724770.363,0.000200714000016
276.56474617,0.245,245,6,4968.207,66193.36,38082.802,724772.075,0.000452001999975
276.559066031,8.45,8450,3,10205.619,67284.576,38164.782,724773.003,0
276.565979816,81.98,81980,5,10092.996,66890.288,38165.06,724786.475,0.00691378499999
276.564579854,81.98,81980,7,5598.33,65032.992,38165.305,724786.923,0
276.621105347,0.245,245,5,10093.241,66890.928,38165.55,724788.875,0.056525493
276.565787359,81.98,81980,2,7213.764,459182.364,38594.901,724788.875,0
276.6213685,0.245,245,7,5598.575,65033.408,38595.146,724789.003,0.055581141
276.567371408,81.98,81980,6,5050.187,66205.648,39072.912,724793.099,0
276.623052749,429.351,262144,5,10522.592,66890.928,39073.157,724793.547,0.055681341
276.623562369,477.766,262144,7,6076.341,65033.408,39277.251,724793.755,0.000509620000003
276.623215769,0.245,245,2,7214.009,459183.02,39354.682,724793.995,0
276.62466256,204.094,167207,5,10726.686,66890.928,39771.001,724794.235,0.00144679099998
276.624051783,0.245,245,6,5050.432,66206.352,39807.888,724794.459,0
276.62605486,416.319,262144,2,7630.328,459183.02,40224.207,724794.459,0.00200307699998
276.629910319,178.03,154175,2,7808.358,459183.02,40402.237,724794.459,0.00385545899996
276.628942491,416.319,262144,6,5466.751,66206.352,40426.092,724794.459,0
276.568389828,0.278,278,3,10205.897,67286.336,40604.122,724796.187,0
276.633387035,178.03,154175,6,5644.781,66206.352,40604.367,724797.083,0.064997207
276.6342907,0.245,245,3,10206.142,67286.992,40628.222,724798.235,0.00090366500001
276.632561841,23.855,23855,2,7832.213,459192.204,41397.018,724808.971,0
276.823545814,0.221,221,2,7832.434,459208.588,41397.239,724825.355,0.190983973
277.824150328,0.221,221,2,7832.655,459224.972,41397.46,724842.571,1.000604514
278.824681596,0.221,221,2,7832.876,459241.356,41397.681,724862.283,1.000531268
279.248590937,0.111,111,2,7832.987,487092.876,41397.792,767098.139,0.423909341
276.625845408,77.431,77431,7,6153.772,85778.928,41398.038,773458.203,0
276.62787502,36.887,36887,5,10763.573,83574.096,41398.284,790143.547,0.002029612
279.4606382,0.246,246,2,7833.233,487104.14,41398.53,790153.627,2.83276318
276.635590821,23.855,23855,6,5668.636,83537.552,41398.751,807491.963,0
279.82736876,0.221,221,2,7833.454,487121.516,41398.997,807509.371,3.191777939
280.828192485,0.221,221,2,7833.675,487137.9,41399.218,807525.755,1.000823725
281.828772781,0.221,221,2,7833.896,487154.284,41399.439,807545.339,1.000580296
282.249896175,0.111,111,2,7834.007,487170.668,41399.55,808089.179,0.421123394
276.637172152,768.796,262144,3,10974.938,83842.032,41399.771,824120.923,0
280.652760788,0.246,246,6,5668.882,83546.768,41400.017,824122.939,4.015588636
279.797376649,0.246,246,5,10763.819,83575.984,41400.186,824122.939,0
282.922700852,0.246,246,3,10975.184,83844.048,41400.355,824122.939,3.125324203
279.534658736,0.246,246,7,6154.018,85782.0,41400.524,824122.939,0
282.829495716,0.221,221,2,7834.228,487178.86,41400.693,824122.939,3.29483698
282.928820189,0.169,169,5,10763.988,83577.744,41400.862,824132.971,0.099324473
282.928746112,0.169,169,6,5669.051,83549.312,41409.196,824132.971,0
282.928947271,0.169,169,7,6154.187,85783.952,41417.53,824132.971,0.000201159000028
282.928888312,0.169,169,3,10975.353,83845.936,41425.864,824132.971,0
282.929030229,0.169,169,2,7834.397,487180.748,41434.198,824132.971,0.000141916999951
283.136581155,8.334,8334,7,6162.521,85788.32,41442.532,824145.259,0.207550926
283.137242256,8.334,8334,2,7842.731,487184.012,41442.777,824145.259,0.000661100999992
283.136937558,8.334,8334,3,10983.687,83849.2,41443.022,824147.227,0
283.141120229,0.245,245,2,7842.976,487184.604,41443.267,824147.227,0.00418267100002
283.141043471,0.245,245,7,6162.766,85788.672,41705.411,824147.227,0
283.136312998,8.334,8334,6,5677.385,83555.824,42422.86,824151.323,0
283.142742731,448.683,262144,2,8291.659,487184.604,42423.105,824151.723,0.006429733
283.142742867,530.91,262144,7,6693.676,85788.672,42694.823,824151.723,1.35999982831e-07
283.142664781,0.245,245,3,10983.932,83849.792,42850.701,824154.427,0
283.144022005,271.718,186539,2,8563.377,487184.604,43306.624,824154.427,0.001357224
283.144512092,155.878,128619,7,6849.554,85788.672,43391.803,824154.427,0.000490087000003
283.143341471,0.245,245,6,5677.63,83556.464,43419.062,824154.635,0
283.136011786,8.334,8334,5,10772.322,83580.784,43867.745,824155.595,0
283.14558493,455.923,262144,3,11439.855,83849.792,43867.99,824155.595,0.009573144
283.14726226,448.683,262144,6,6126.313,83556.464,44125.228,824155.595,0.00167733000001
283.15149178,271.718,186539,6,6398.031,83556.464,44396.946,824156.491,0.00422952000002
283.150755906,257.238,193779,3,11697.093,83849.792,44482.125,824157.995,0
283.149415734,0.245,245,5,10772.567,83581.344,44545.584,824158.171,0
283.154361042,455.923,262144,5,11228.49,83581.344,45001.507,824158.171,0.004945308
283.145776832,85.179,85179,2,8648.556,487193.788,45322.204,824170.331,0
283.83036849,0.221,221,2,8648.777,487210.172,45322.425,824186.715,0.684591658
284.830964414,0.221,221,2,8648.998,487226.556,45322.646,824206.075,1.000595924
285.251496988,0.111,111,2,8649.109,487245.82,45322.757,824228.219,0.420532574
283.157376988,320.697,193779,5,11549.187,83585.408,45322.978,824242.619,0
283.153763776,63.459,63459,3,11760.552,83853.664,45323.108,824242.619,0
283.152777722,85.179,85179,6,6483.21,83561.584,45323.238,824242.619,0
283.146435654,27.259,27259,7,6876.813,85792.672,45323.368,824242.619,0
285.83177128,0.221,221,2,8649.33,487254.012,45323.498,824242.619,2.685335626
286.121736279,0.13,130,2,8649.46,487327.74,45323.628,824381.883,0.289964999
286.160838242,0.123,123,2,8649.583,487344.124,45323.751,824398.267,0.039101963
286.264634332,0.123,123,2,8649.706,487376.892,45323.874,824431.035,0.10379609
286.271357008,0.243,243,2,8649.949,487393.276,45324.117,824447.419,0.00672267599998
286.718725259,0.212,212,2,8650.161,487401.468,45324.329,824455.611,0.447368251
