time,size,first_call,destination,dest_out_traffic,dest_in_traffic,total_network_out,total_network_in,dens10
0.0,0.221,0,2,0.221,8.192,66.294,10.24,0
4.899657143,0.244,244,2,0.465,24.576,66.538,26.624,4.899657143
4.933038622,0.183,183,2,0.648,40.96,66.721,43.008,0.033381479
5.943458174,0.183,183,2,0.831,57.344,66.904,59.392,1.010419552
6.944524301,0.183,183,2,1.014,73.728,67.087,75.776,1.001066127
7.945409399,0.183,183,2,1.197,90.112,67.27,92.16,1.000885098
8.946180587,0.183,183,2,1.38,106.496,67.453,108.544,1.000771188
9.946997451,0.183,183,2,1.563,122.88,67.636,124.928,1.000816864
10.947680917,0.183,183,2,1.746,139.264,67.819,141.312,1.000683466
11.948475641,0.183,183,2,1.929,155.648,68.002,157.696,1.000794724
12.949334759,0.183,183,2,2.112,172.032,68.185,174.08,1.000859118
13.950094632,0.183,183,2,2.295,188.416,68.368,190.464,1.000759873
14.950818607,0.183,183,2,2.478,204.8,68.551,206.848,1.000723975
15.953496112,0.183,183,2,2.661,221.184,68.734,223.232,1.002677505
16.954265833,0.183,183,2,2.844,237.568,68.917,239.616,1.000769721
17.954983452,0.183,183,2,3.027,253.952,69.1,256.0,1.000717619
18.95563137,0.183,183,2,3.21,270.336,69.283,272.384,1.000647918
19.957339269,0.183,183,2,3.393,286.72,69.466,288.768,1.001707899
21.660718099,0.268,268,3,0.268,8.452,70.083,308.144,1.70337883
20.958080424,0.183,183,2,3.576,303.104,70.336,324.528,0
22.027647651,0.219,219,2,3.795,335.872,70.555,357.296,1.069567227
22.253395422,0.283,283,2,4.078,352.256,70.838,373.68,0.225747771
22.29734298,0.207,207,2,4.285,368.64,71.045,390.064,0.043947558
22.34050189,0.102,102,2,4.387,376.832,71.147,398.256,0.04315891
21.71130002,0.253,253,3,0.521,24.836,71.271,42161.977,0
22.725524315,0.291,291,3,0.812,25.123,71.562,42445.652,1.014224295
22.367918994,0.124,124,2,4.511,84466.236,71.796,84504.331,0
22.728526303,0.234,234,3,1.046,41.507,72.015,192722.479,0.360607309
23.73471026,0.405,405,3,1.451,41.908,72.42,192945.603,1.006183957
23.032903068,0.219,219,2,4.73,230638.798,72.65,230693.678,0
23.736786781,0.23,230,3,1.681,58.292,72.869,313736.241,0.703883713
24.037337989,0.219,219,2,4.949,352099.218,73.384,352170.993,0.300551208
25.042395336,0.219,219,2,5.168,375178.11,73.603,375249.885,1.005057347
24.741428223,0.515,515,3,2.196,75.187,73.727,436083.409,0
25.226869423,0.124,124,2,5.292,475048.346,74.242,475137.016,0.4854412
25.745132745,0.515,515,3,2.711,92.082,74.461,558046.472,0.518263322
26.046958696,0.219,219,2,5.511,557957.802,74.976,558063.367,0.301825951
27.050826995,0.219,219,2,5.73,557974.186,75.195,558079.751,1.003868299
27.282734558,0.174,174,2,5.904,557990.57,75.369,558096.135,0.231907563
26.749377698,0.515,515,3,3.226,108.977,75.557,558104.327,0
27.287377327,0.188,188,2,6.092,557998.762,76.208,558113.166,0.537999629
27.293185957,0.122,122,2,6.214,558236.399,76.33,558358.995,0.00580863
27.290943004,0.651,651,3,3.877,126.008,76.5,558367.187,0
27.33486514,0.17,170,2,6.384,558252.783,76.997,558392.256,0.043922136
27.339009452,0.184,184,2,6.568,558260.975,77.181,558400.448,0.004144312
27.335917439,0.497,497,3,4.374,142.885,77.303,558479.645,0
27.343919085,0.122,122,2,6.69,558340.172,77.682,558496.404,0.008001646
27.371790995,0.379,379,3,4.753,159.644,77.901,558512.788,0.02787191
28.373369198,0.156,156,3,4.909,176.18,78.057,558529.324,1.001578203
28.05533078,0.219,219,2,6.909,558356.556,78.213,558545.86,0
21.122340069,0.166,166,4,0.166,2.732,78.432,558554.052,0
29.571310152,0.176,176,4,0.342,3.756,78.608,558555.076,8.448970083
29.61762491,0.154,154,4,0.496,7.34,78.762,558558.66,0.046314758
29.743451316,0.17,170,4,0.666,8.364,78.932,558559.684,0.125826406
29.059865156,0.219,219,2,7.128,558372.94,79.104,558568.9,0
29.776663291,0.172,172,4,0.838,9.388,79.323,558577.092,0.716798135
30.115062608,0.177,177,4,1.015,9.9,79.5,558577.604,0.338399317
30.142239318,0.176,176,4,1.191,10.412,79.676,558578.116,0.02717671
30.162515081,1.53,1530,4,2.721,11.884,81.206,558579.588,0.020275763
30.217442387,1.256,1256,4,3.977,12.828,82.462,558580.532,0.054927306
30.060973048,0.219,219,2,7.347,558389.324,82.633,558589.636,0
31.061951315,0.219,219,2,7.566,558405.708,82.852,558606.02,1.000978267
32.06275882,0.219,219,2,7.785,558422.092,83.071,558622.404,1.000807505
30.227490313,0.171,171,4,4.148,22.444,83.29,558639.3,0
33.365569603,1.575,1575,4,5.723,22.444,84.865,558639.3,3.13807929
33.490605406,0.286,286,4,6.009,35.756,85.151,558652.612,0.125035803
33.553206732,0.189,189,4,6.198,43.948,85.34,558660.804,0.062601326
33.973570104,0.286,286,4,6.484,48.044,85.626,558699.716,0.420363372
33.06352002,0.219,219,2,8.004,558473.292,85.815,558714.052,0
0.0,66.073,0,8,66.073,24.576,86.034,558748.868,0
34.961600705,0.235,235,8,66.308,40.96,86.269,558765.252,34.961600705
34.064521823,0.219,219,2,8.223,558489.676,86.371,558781.636,0
35.045588131,0.102,102,8,66.41,49.152,86.59,558789.828,0.981066308
35.065644243,0.219,219,2,8.442,558506.06,86.742,568312.532,0.020056112
36.066692281,0.219,219,2,8.661,558522.444,86.961,582931.049,1.001048038
37.068268389,0.219,219,2,8.88,558538.828,87.18,597879.931,1.001576108
38.069322644,0.219,219,2,9.099,558555.212,87.399,613423.47,1.001054255
39.070433609,0.219,219,2,9.318,558571.596,87.618,628438.425,1.001110965
40.071467679,0.219,219,2,9.537,558587.98,87.837,643981.964,1.00103407
41.0725234,0.219,219,2,9.756,558604.364,88.056,659988.014,1.001055721
34.018889484,0.189,189,4,6.673,54.188,88.275,675126.923,0
42.073543921,0.219,219,2,9.975,558620.748,90.788,675863.966,8.054654437
43.07465775,0.219,219,2,10.194,558637.132,91.007,691803.943,1.001113829
35.076334639,0.152,152,8,66.562,135366.656,91.226,694256.836,0
43.026826946,2.513,2513,4,9.186,56.236,91.378,694350.811,7.950492307
44.318666782,2.578,2578,4,11.764,66.476,93.956,694361.051,1.291839836
44.234671533,0.152,152,8,66.714,135468.823,95.531,694369.243,0
44.39500526,0.145,145,8,66.859,135477.015,95.676,694377.435,0.160333727
44.075710956,0.219,219,2,10.413,558653.516,95.828,703731.523,0
45.076788956,0.219,219,2,10.632,558669.9,96.047,719275.062,1.001078
46.078127534,0.219,219,2,10.851,558678.092,96.266,734413.974,1.001338578
47.07934836,0.219,219,2,11.07,558694.476,96.485,749230.71,1.001220826
48.080353376,0.219,219,2,11.289,558710.86,96.704,765038.541,1.001005016
49.081312926,0.219,219,2,11.508,558727.244,96.923,780582.08,1.00095955
50.082304951,0.22,220,2,11.728,558743.628,97.143,795795.254,1.000992025
51.083210863,0.22,220,2,11.948,558760.012,97.363,811404.866,1.000905912
44.329577457,1.575,1575,4,13.339,66.476,97.583,825486.607,0
52.084128647,0.22,220,2,12.168,558776.396,100.096,826832.643,7.75455119
44.39823982,0.152,152,8,67.011,271088.417,100.316,830144.485,0
53.002704675,2.513,2513,4,15.852,82.86,100.468,830301.114,8.604464855
53.345130901,2.535,2535,4,18.387,115.628,103.003,830333.882,0.342426226
53.286295417,0.152,152,8,67.163,271253.238,104.578,830342.074,0
53.361999667,0.145,145,8,67.308,271269.622,104.723,830358.458,0.07570425
53.364335299,0.149,149,8,67.457,271277.814,104.872,830366.65,0.002335632
53.08505565,0.22,220,2,12.388,558792.78,105.024,841526.873,0
54.086057314,0.22,220,2,12.608,558809.164,105.244,857136.485,1.001001664
55.087108635,0.22,220,2,12.828,558825.548,105.464,873208.608,1.001051321
56.0880832,0.22,220,2,13.048,558841.932,105.684,889082.512,1.000974565
57.08897675,0.22,220,2,13.268,558858.316,105.904,905352.854,1.00089355
58.08992722,0.22,220,2,13.488,558874.7,106.124,916337.356,1.00095047
59.091036858,0.22,220,2,13.708,558891.084,106.344,931154.092,1.001109638
60.092114579,0.22,220,2,13.928,558907.468,106.564,946829.777,1.001077721
61.093173303,0.22,220,2,14.148,558923.852,106.784,962769.754,1.001058724
53.366672956,0.152,152,8,67.609,406977.45,107.004,966213.742,0
53.351827493,1.575,1575,4,19.962,115.628,107.156,966307.717,0
62.366907693,2.535,2535,4,22.497,246.7,109.691,966438.789,9.0150802
62.315499759,0.152,152,8,67.761,407079.617,111.266,966446.981,0
62.382009614,0.145,145,8,67.906,407096.001,111.411,966463.365,0.066509855
62.384537728,0.149,149,8,68.055,407104.193,111.56,966471.557,0.002528114
62.374700304,1.575,1575,4,24.072,246.7,111.712,976135.86,0
62.094259614,0.22,220,2,14.368,558940.236,114.225,977696.499,0
63.095223075,0.22,220,2,14.588,558956.62,114.445,993702.549,1.000963461
64.096350034,0.22,220,2,14.808,558973.004,114.665,1010038.964,1.001126959
65.097373837,0.22,220,2,15.028,558989.388,114.885,1026375.379,1.001023803
66.09859166,0.22,220,2,15.248,559005.772,115.105,1042315.356,1.001217823
67.099533888,0.22,220,2,15.468,559022.156,115.325,1058717.844,1.000942228
68.100742981,0.22,220,2,15.688,559038.54,115.545,1075120.332,1.001209093
69.101745203,0.22,220,2,15.908,559054.924,115.765,1091456.747,1.001002222
62.387114523,0.152,152,8,68.207,542637.561,115.985,1102168.765,0
62.99909011,2.513,2513,4,26.585,279.468,116.137,1102325.394,0.611975587
70.843625159,2.535,2535,4,29.12,328.62,118.672,1102374.546,7.844535049
70.799243886,0.152,152,8,68.359,542802.382,120.247,1102382.738,0
70.860042191,0.145,145,8,68.504,542818.766,120.392,1102399.122,0.060798305
70.862396191,0.149,149,8,68.653,542826.958,120.541,1102407.314,0.002354
70.102629743,0.22,220,2,16.128,559071.308,120.693,1106275.131,0
71.103632175,0.22,220,2,16.348,559087.692,120.913,1121950.816,1.001002432
70.850170824,1.575,1575,4,30.695,328.62,121.133,1135834.338,0
72.104675743,0.22,220,2,16.568,559104.076,123.646,1137593.196,1.254504919
73.105951464,0.22,220,2,16.788,559120.46,123.866,1152674.224,1.001275721
74.107022061,0.22,220,2,17.008,559136.844,124.086,1168746.347,1.001070597
75.108066817,0.22,220,2,17.228,559153.228,124.306,1184950.616,1.001044756
76.109108989,0.22,220,2,17.448,559169.612,124.526,1201220.958,1.001042172
77.110125668,0.22,220,2,17.668,559202.38,124.746,1233431.277,1.001016679
70.864234833,0.152,152,8,68.805,678370.072,124.966,1238130.652,0
72.998857189,2.513,2513,4,33.208,361.388,125.118,1238384.687,2.134622356
79.456149559,2.535,2535,4,35.743,385.964,127.653,1238409.263,6.45729237
79.410911264,0.152,152,8,68.957,678632.299,129.228,1238417.455,0
79.468208495,0.145,145,8,69.102,678648.683,129.373,1238433.839,0.057297231
79.469791727,0.149,149,8,69.251,678656.875,129.522,1238442.031,0.001583232
79.112482532,0.22,220,2,17.888,559218.764,129.674,1248931.528,0
80.113624438,0.22,220,2,18.108,559235.148,129.894,1265003.651,1.001141906
81.11504892,0.22,220,2,18.328,559251.532,130.114,1280745.409,1.001424482
79.462364316,1.575,1575,4,37.318,385.964,130.334,1295223.588,0
82.115919911,0.22,220,2,18.548,559267.916,132.847,1297213.433,2.653555595
83.116895943,0.22,220,2,18.768,559284.3,133.067,1313219.483,1.000976032
84.117866108,0.22,220,2,18.988,559300.684,133.287,1329357.679,1.000970165
85.118848216,0.22,220,2,19.208,559317.068,133.507,1345099.437,1.000982108
86.120191474,0.22,220,2,19.428,559333.452,133.727,1360973.341,1.001343258
79.471639448,0.152,152,8,69.403,814610.807,133.947,1374592.571,0
83.000901025,2.513,2513,4,39.831,451.5,134.099,1374686.546,3.529261577
88.066866257,2.535,2535,4,42.366,549.804,136.634,1374784.85,5.065965232
88.020588305,0.152,152,8,69.555,814712.974,138.209,1374793.042,0
88.079199809,0.145,145,8,69.7,814729.358,138.354,1374809.426,0.058611504
88.08099885,0.149,149,8,69.849,814737.55,138.503,1374817.618,0.001799041
87.121310471,0.22,220,2,19.648,559349.836,138.655,1375395.743,0
88.122323379,0.22,220,2,19.868,559366.22,138.875,1390674.99,1.001012908
89.123866103,0.22,220,2,20.088,559382.604,139.095,1406681.04,1.001542724
90.12508183,0.22,220,2,20.308,559398.988,139.315,1422554.944,1.001215727
91.126426485,0.22,220,2,20.528,559415.372,139.535,1438627.067,1.001344655
88.073212176,1.575,1575,4,43.941,549.804,139.755,1452576.662,0
92.127438066,0.22,220,2,20.748,559431.756,142.268,1454764.726,4.05422589
93.128337901,0.22,220,2,20.968,559448.14,142.488,1470836.849,1.000899835
94.129301012,0.22,220,2,21.188,559464.524,142.708,1486710.753,1.000963111
95.130809165,0.22,220,2,21.408,559480.908,142.928,1502650.73,1.001508153
88.083857943,0.152,152,8,70.001,950294.622,143.148,1510587.682,0
92.999309622,2.513,2513,4,46.454,615.34,143.3,1510744.311,4.915451679
96.676173907,2.535,2535,4,48.989,648.108,145.835,1510777.079,3.676864285
96.632904439,0.152,152,8,70.153,950459.443,147.41,1510785.271,0
96.705400389,0.145,145,8,70.298,950475.827,147.555,1510801.655,0.07249595
96.707047456,0.149,149,8,70.447,950484.019,147.704,1510809.847,0.00164706699999
96.131851476,0.22,220,2,21.628,559497.292,147.856,1517759.243,0
97.132825273,0.22,220,2,21.848,559513.676,148.076,1532972.417,1.000973797
98.133943782,0.22,220,2,22.068,559530.06,148.296,1548780.248,1.001118509
99.13493462,0.22,220,2,22.288,559546.444,148.516,1564786.298,1.000990838
100.135873985,0.22,220,2,22.508,559562.828,148.736,1580726.275,1.000939365
101.136903166,0.22,220,2,22.728,559579.212,148.956,1596732.325,1.001029181
96.696007086,1.575,1575,4,50.564,648.108,149.176,1610351.555,0
102.137956024,0.22,220,2,22.948,559595.596,151.689,1612366.513,5.441948938
103.138893853,0.22,220,2,23.168,559611.98,151.909,1628108.271,1.000937829
104.139838735,0.22,220,2,23.388,559628.364,152.129,1644114.321,1.000944882
96.708828269,0.152,152,8,70.599,1086135.427,152.349,1646633.287,0
102.998921933,2.513,2513,4,53.077,672.684,152.501,1646789.916,6.290093664
105.345015106,2.535,2535,4,55.612,693.164,155.036,1646810.396,2.346093173
105.299185116,0.152,152,8,70.751,1086300.248,156.611,1646818.588,0
105.35645853,0.145,145,8,70.896,1086316.632,156.756,1646834.972,0.057273414
105.35894921,0.149,149,8,71.045,1086324.824,156.905,1646843.164,0.00249068000001
105.140752259,0.22,220,2,23.608,559644.748,157.057,1659011.575,0
106.141739396,0.22,220,2,23.828,559661.132,157.277,1675083.698,1.000987137
107.142800704,0.22,220,2,24.048,559677.516,157.497,1691486.186,1.001061308
108.143806698,0.22,220,2,24.268,559693.9,157.717,1707492.236,1.001005994
109.144720013,0.22,220,2,24.488,559726.668,157.937,1739438.263,1.000913315
111.14655181,0.22,220,2,24.708,559743.052,158.157,1755576.459,2.001831797
105.35043444,1.575,1575,4,57.187,693.164,158.377,1768534.959,0
112.147538528,0.22,220,2,24.928,559759.436,160.89,1771052.851,6.797104088
105.360979566,0.152,152,8,71.197,1221909.407,161.11,1782689.891,0
112.999653171,2.513,2513,4,59.7,824.236,161.262,1782846.52,7.638673605
113.926537519,2.535,2535,4,62.235,889.772,163.797,1782912.056,0.926884348
113.881976405,0.152,152,8,71.349,1222074.228,165.372,1782920.248,0
113.942516017,0.145,145,8,71.494,1222090.612,165.517,1782936.632,0.060539612
113.944162595,0.149,149,8,71.643,1222098.804,165.666,1782944.824,0.00164657799999
113.148730928,0.22,220,2,25.148,559775.82,165.818,1785813.75,0
114.15017343,0.22,220,2,25.368,559792.204,166.038,1801753.727,1.001442502
115.151523741,0.22,220,2,25.588,559808.588,166.258,1817891.923,1.001350311
116.152413379,0.22,220,2,25.808,559824.972,166.478,1833303.316,1.000889638
117.153341919,0.22,220,2,26.028,559841.356,166.698,1849441.512,1.00092854
118.15428771,0.22,220,2,26.248,559857.74,166.918,1865513.635,1.000945791
119.155222466,0.22,220,2,26.468,559874.124,167.138,1881453.612,1.000934756
120.156137596,0.22,220,2,26.688,559890.508,167.358,1897459.662,1.00091513
121.157212244,0.22,220,2,26.908,559906.892,167.578,1913465.712,1.001074648
113.946412113,0.152,152,8,71.795,1358030.56,167.798,1919024.036,0
113.934766079,1.575,1575,4,63.81,889.772,167.95,1919180.665,0
122.555984322,2.535,2535,4,66.345,938.924,170.485,1919229.817,8.621218243
122.512875698,0.152,152,8,71.947,1358195.381,172.06,1919238.009,0
122.566154191,0.145,145,8,72.092,1358211.765,172.205,1919254.393,0.053278493
122.567732185,0.149,149,8,72.241,1358219.957,172.354,1919262.585,0.001577994
122.56097106,1.575,1575,4,67.92,938.924,172.506,1925755.384,0
122.158186111,0.22,220,2,27.128,559923.276,175.019,1928505.337,0
123.159181,0.22,220,2,27.348,559939.66,175.239,1945106.044,1.000994889
124.160125743,0.22,220,2,27.568,559956.044,175.459,1961310.313,1.000944743
125.161048556,0.22,220,2,27.788,559972.428,175.679,1977514.582,1.000922813
126.162081509,0.22,220,2,28.008,559988.812,175.899,1993322.413,1.001032953
127.163001179,0.22,220,2,28.228,560005.196,176.119,2009394.536,1.00091967
128.163893331,0.22,220,2,28.448,560021.58,176.339,2025466.659,1.000892152
129.164742811,0.22,220,2,28.668,560037.964,176.559,2041538.782,1.00084948
122.570073405,0.152,152,8,72.393,1493753.325,176.779,2054959.793,0
122.999171686,2.513,2513,4,70.433,971.692,176.931,2055213.828,0.429098281
131.036712074,2.535,2535,4,72.968,996.268,179.466,2055238.404,8.037540388
130.996002917,0.152,152,8,72.545,1494015.552,181.041,2055246.596,0
131.046027575,0.145,145,8,72.69,1494031.936,181.186,2055262.98,0.050024658
131.047854483,0.149,149,8,72.839,1494040.128,181.335,2055271.172,0.001826908
130.165711649,0.22,220,2,28.888,560054.348,181.487,2057451.378,0
131.166748094,0.22,220,2,29.108,560070.732,181.707,2074118.158,1.001036445
131.041496971,1.575,1575,4,74.543,996.268,181.927,2087737.388,0
132.168295777,0.22,220,2,29.328,560087.116,184.44,2090717.791,1.126798806
133.169816431,0.221,221,2,29.549,560103.5,184.661,2106789.914,1.001520654
134.17067499,0.221,221,2,29.77,560119.884,184.882,2122663.818,1.000858559
135.17150219,0.221,221,2,29.991,560136.268,185.103,2138934.16,1.0008272
136.172499384,0.221,221,2,30.212,560152.652,185.324,2155402.721,1.000997194
137.173441333,0.221,221,2,30.433,560169.036,185.545,2171937.355,1.000941949
138.174337956,0.221,221,2,30.654,560185.42,185.766,2188604.135,1.000896623
131.049113372,0.152,152,8,72.991,1629811.748,185.987,2191321.32,0
132.99859375,2.513,2513,4,77.056,1127.34,186.139,2191638.009,1.949480378
139.175186597,0.221,221,2,30.875,560201.804,188.674,2191646.201,6.176592847
140.176009188,0.221,221,2,31.096,560218.188,188.895,2191662.585,1.000822591
139.380017044,2.535,2535,4,79.591,1127.34,189.116,2191687.161,0
141.176720312,0.221,221,2,31.317,560250.956,189.455,2191760.889,1.796703268
143.177957271,0.221,221,2,31.538,560267.34,189.676,2191777.273,2.001236959
144.178519493,0.221,221,2,31.759,560283.724,189.897,2191793.657,1.000562222
142.997671146,0.339,339,4,79.93,1225.644,190.118,2191834.617,0
145.223693254,1.575,1575,4,81.505,1225.644,191.693,2191834.617,2.226022108
145.233942533,0.286,286,4,81.791,1291.18,191.979,2191900.153,0.010249279
145.241565709,0.189,189,4,81.98,1303.468,192.168,2191912.441,0.00762317600001
145.265883885,0.249,249,4,82.229,1309.612,192.417,2191918.585,0.024318176
145.179090376,0.221,221,2,31.98,560291.916,192.531,2191921.657,0
145.309542509,0.284,134,2,32.264,682664.012,193.115,2517905.401,0.130452133
146.179986579,0.221,221,2,32.485,742924.364,193.336,2608742.393,0.87044407
147.181487399,0.221,221,2,32.706,742940.748,193.557,2608758.777,1.00150082
148.182425158,0.221,221,2,32.927,742957.132,193.778,2608775.161,1.000937759
149.183402028,0.221,221,2,33.148,742973.516,193.999,2608791.545,1.00097687
150.184405577,0.221,221,2,33.369,742989.9,194.22,2608807.929,1.001003549
145.314808263,0.15,150,6,0.15,115709.952,194.441,2608816.121,0
151.185264485,0.221,221,2,33.59,743006.284,194.593,2678030.329,5.870456222
145.281505913,0.114,114,4,82.343,1312.684,194.814,2678038.521,0
152.186147977,0.221,221,2,33.811,743022.668,197.327,2678048.249,6.904642064
153.187294771,0.221,221,2,34.032,743039.052,197.698,2722352.633,1.001146794
154.188288054,0.221,221,2,34.253,743055.436,197.919,2756431.353,1.000993283
153.977261638,0.15,150,7,0.15,78350.336,198.14,2756439.545,0
155.189288391,0.221,221,2,34.474,743071.82,198.292,2790018.553,1.212026753
156.190199959,0.221,221,2,34.695,743088.204,198.513,2829323.769,1.000911568
157.191174594,0.221,221,2,34.916,743104.588,198.734,2829340.153,1.000974635
145.317426892,0.15,150,5,0.15,118478.336,198.955,2829348.345,0
158.192108023,0.221,221,2,35.137,743120.972,199.107,2903936.505,12.874681131
159.193012817,0.221,221,2,35.358,743137.356,199.328,2903952.889,1.000904794
160.193940449,0.221,221,2,35.579,743153.74,199.549,2903969.273,1.000927632
161.194828411,0.221,221,2,35.8,743170.124,199.77,2903985.657,1.000887962
153.00064443,2.513,2513,4,84.856,1314.22,199.991,2903993.849,0
162.19572238,0.221,221,2,36.021,743186.508,202.504,2904002.553,9.19507795
163.196587573,0.221,221,2,36.242,743202.892,202.725,2904018.937,1.000865193
164.197482939,0.221,221,2,36.463,743219.276,202.946,2904035.321,1.000895366
165.198393529,0.221,221,2,36.684,743235.66,203.167,2904051.705,1.00091059
166.199675187,0.221,221,2,36.905,743252.044,203.388,2904068.089,1.001281658
167.200739498,0.221,221,2,37.126,743268.428,203.609,2904084.473,1.001064311
162.99842229,2.513,2513,4,87.369,1314.732,203.83,2904092.665,0
168.591238527,0.178,178,4,87.547,1315.724,204.008,2904093.657,5.592816237
168.624846921,2.592,2592,4,90.139,1325.932,206.6,2904103.865,0.033608394
168.68546273,1.575,1575,4,91.714,1325.932,208.175,2904103.865,0.060615809
168.687871277,0.286,286,4,92.0,1354.604,208.461,2904132.537,0.00240854699999
158.30728042,0.152,152,5,0.302,193060.352,208.65,2904136.633,0
168.201568933,0.221,221,2,37.347,743284.812,211.007,2904146.345,9.894288513
168.695179608,0.189,189,4,92.189,1356.652,211.228,2904154.537,0.493610675
169.47820034,2.33,2330,4,94.519,1373.548,213.558,2904171.433,0.783020732
169.483540614,1.575,1575,4,96.094,1373.548,215.133,2904171.433,0.00534027399999
156.069325091,0.152,152,7,0.302,151209.984,215.382,2904183.721,0
151.655389352,0.152,152,6,0.302,184915.968,215.534,2904183.721,0
169.493211956,0.152,152,7,0.454,151209.984,215.684,2904183.721,17.837822604
168.739052506,2.357,2357,5,2.659,193061.872,215.834,2904183.721,0
169.202495308,0.221,221,2,37.568,743301.196,215.986,3178075.049,0.463442802
170.203786045,0.221,221,2,37.789,743317.58,216.207,3332334.505,1.001290737
171.20505981,0.221,221,2,38.01,743333.964,216.428,3332350.889,1.001273765
169.488471409,0.249,249,4,96.343,1385.836,216.649,3332359.081,0
172.206012515,0.221,221,2,38.231,743350.348,219.162,3332373.417,2.717541106
173.206884344,0.221,221,2,38.452,743383.116,219.383,3332409.753,1.000871829
169.499139665,0.152,152,5,2.811,310842.352,219.604,3332417.945,0
175.208733462,0.221,221,2,38.673,743399.5,219.754,3416951.193,5.709593797
176.21174411,0.221,221,2,38.894,743415.884,219.975,3416971.145,1.003010648
177.212663571,0.221,221,2,39.115,743432.268,220.196,3416989.449,1.000919461
169.493620737,0.15,150,6,0.452,302648.688,220.417,3416997.641,0
178.213584358,0.221,221,2,39.336,743448.652,220.569,3465748.233,8.719963621
179.214474415,0.221,221,2,39.557,743465.036,220.79,3499679.497,1.000890057
180.215329971,0.221,221,2,39.778,743473.228,221.011,3499689.145,1.000855556
181.098744196,0.15,150,2,39.928,755032.14,221.161,3511248.057,0.883414225
181.216171978,0.221,221,2,40.149,830971.98,221.382,3587187.897,0.117427782
172.999448957,2.513,2513,4,98.856,1391.98,221.603,3587196.089,0
182.219751413,0.221,221,2,40.37,830980.172,224.116,3587199.161,9.220302456
183.026792867,0.134,134,2,40.504,845217.868,224.25,3601436.857,0.807041454
183.22065481,0.221,221,2,40.725,890847.308,224.471,3647067.753,0.193861943
184.223786284,0.221,221,2,40.946,890863.692,224.692,3647084.137,1.003131474
185.224965624,0.221,221,2,41.167,890880.076,224.913,3647100.521,1.00117934
186.225990545,0.221,221,2,41.388,890896.46,225.134,3647116.905,1.001024921
187.226933612,0.221,221,2,41.609,890912.844,225.355,3647133.289,1.000943067
188.228107434,0.221,221,2,41.83,890929.228,225.576,3647149.673,1.001173822
189.229584787,0.221,221,2,42.051,890945.612,225.797,3647166.057,1.001477353
190.230745968,0.221,221,2,42.272,890961.996,226.018,3647182.441,1.001161181
191.231637772,0.221,221,2,42.493,890978.38,226.239,3647198.825,1.000891804
182.998062678,2.513,2513,4,101.369,1395.052,226.46,3647207.017,0
192.232499334,0.221,221,2,42.714,890994.764,228.973,3647216.745,9.234436656
192.998395751,2.513,2513,4,103.882,1396.588,229.194,3647224.937,0.765896417
193.354468196,0.178,178,4,104.06,1397.596,229.372,3647225.945,0.356072445
193.233419074,0.221,221,2,42.935,891011.148,231.96,3647234.137,0
194.234325544,0.221,221,2,43.156,891027.532,232.181,3647250.521,1.00090647
195.235175233,0.221,221,2,43.377,891043.916,232.402,3647266.905,1.000849689
196.236020382,0.221,221,2,43.598,891060.3,232.623,3647283.289,1.000845149
194.028775522,2.588,2588,4,106.648,1407.82,232.844,3647301.705,0
197.33706305,1.575,1575,4,108.223,1407.82,234.419,3647301.705,3.308287528
197.339268707,0.286,286,4,108.509,1423.18,234.705,3647317.065,0.00220565699999
197.344021127,0.189,189,4,108.698,1425.228,234.894,3647319.113,0.00475241999999
198.136637632,2.376,2376,4,111.074,1442.124,237.27,3647336.009,0.792616505
197.236782211,0.221,221,2,43.819,891076.684,238.845,3647344.201,0
198.140945652,1.575,1575,4,112.649,1442.124,239.066,3647352.393,0.904163441
198.865490443,2.419,2419,4,115.068,1454.412,241.485,3647364.681,0.724544791
199.227002545,0.189,189,4,115.257,1463.628,241.674,3647373.897,0.361512102
198.237650478,0.221,221,2,44.04,891093.068,241.863,3647383.625,0
199.234404115,0.189,189,4,115.446,1466.172,242.084,3647392.825,0.996753637
199.243371317,0.189,189,4,115.635,1468.092,242.273,3647394.745,0.00896720200001
199.248353445,0.189,189,4,115.824,1478.348,242.462,3647405.001,0.00498212799999
199.871527244,1.575,1575,4,117.399,1478.348,244.037,3647405.001,0.623173799
199.874588178,0.286,286,4,117.685,1806.028,244.323,3647732.681,0.00306093400002
199.238490389,0.221,221,2,44.261,891109.452,244.512,3647744.969,0
200.239459576,0.221,221,2,44.482,891125.836,244.733,3647976.393,1.000969187
199.880666465,0.189,189,4,117.874,1812.172,244.954,3647984.585,0
201.240308427,0.221,221,2,44.703,891142.22,245.143,3647993.801,1.359641962
201.251570753,0.189,189,4,118.063,1813.196,245.364,3648004.041,0.011262326
202.241196878,0.221,221,2,44.924,891160.652,247.877,3648013.225,0.989626125
203.242246174,0.221,221,2,45.145,891177.036,248.098,3648029.609,1.001049296
202.999920526,2.513,2513,4,120.576,1814.188,248.319,3648037.801,0
204.422659549,0.184,184,4,120.76,1815.148,248.503,3648038.761,1.422739023
204.243416714,0.221,221,2,45.366,891193.42,250.278,3648046.953,0
205.244364879,0.221,221,2,45.587,891226.188,250.499,3648079.721,1.000948165
207.246104137,0.221,221,2,45.808,891242.572,250.72,3648096.105,2.001739258
208.246962277,0.221,221,2,46.029,891258.956,250.941,3648112.489,1.00085814
209.247852124,0.221,221,2,46.25,891275.34,251.162,3648128.873,1.000889847
210.248720182,0.221,221,2,46.471,891291.724,251.383,3648145.257,1.000868058
211.249623788,0.221,221,2,46.692,891308.108,251.604,3648161.641,1.000903606
204.428946312,1.775,1775,4,122.535,1815.148,251.825,3648169.833,0
212.250567065,0.221,221,2,46.913,891324.492,252.164,3648178.953,7.821620753
213.251579554,0.221,221,2,47.134,891340.876,252.385,3648195.337,1.001012489
214.252526811,0.221,221,2,47.355,891357.26,252.606,3648211.721,1.000947257
215.254050329,0.221,221,2,47.576,891373.644,252.827,3648228.105,1.001523518
216.255069732,0.221,221,2,47.797,891390.028,253.048,3648244.489,1.001019403
217.256010704,0.221,221,2,48.018,891398.22,253.269,3648252.681,1.000940972
212.999150177,0.339,339,4,122.874,1818.124,253.403,3648254.729,0
217.310173807,2621.44,262144,4,2744.314,1818.124,2874.843,3648254.729,4.31102363
217.31275556,524.288,262144,4,3268.602,1818.124,3399.131,3648254.729,0.00258175299999
217.314261268,524.288,262144,4,3792.89,1818.124,3923.419,3648254.729,0.001505708
217.315843382,524.288,262144,4,4317.178,1818.124,4447.707,3648254.729,0.001582114
217.317320735,524.288,262144,4,4841.466,1818.124,4971.995,3648254.729,0.00147735300001
217.31877951,524.288,262144,4,5365.754,1818.124,5496.283,3648254.729,0.001458775
217.32039459,786.432,262144,4,6152.186,1818.124,6282.715,3648254.729,0.00161507999999
217.322490596,786.432,262144,4,6938.618,1818.124,7069.147,3648254.729,0.00209600599999
217.324383924,786.432,262144,4,7725.05,1818.124,7855.579,3648254.729,0.00189332799999
217.326437677,524.288,262144,4,8249.338,1818.124,8379.867,3648254.729,0.00205375300001
217.328479626,524.288,262144,4,8773.626,1818.124,8904.155,3648254.729,0.00204194899999
217.330349417,524.288,262144,4,9297.914,1818.124,9428.443,3648254.729,0.00186979100002
217.332418325,524.288,262144,4,9822.202,1818.124,9952.731,3648254.729,0.00206890799998
217.334930307,786.432,262144,4,10608.634,1818.124,10739.163,3648254.729,0.00251198200002
217.337413653,786.432,262144,4,11395.066,1818.124,11525.595,3648254.729,0.00248334599999
217.340061267,1048.576,262144,4,12443.642,1818.124,12574.171,3648254.729,0.00264761400001
217.342985591,786.432,262144,4,13230.074,1818.124,13360.603,3648254.729,0.00292432399999
217.345512868,786.432,262144,4,14016.506,1818.124,14147.035,3648254.729,0.00252727699998
217.348606068,786.432,262144,4,14802.938,1818.124,14933.467,3648254.729,0.00309320000002
217.351538215,786.432,262144,4,15589.37,1818.124,15719.899,3648254.729,0.002932147
217.354613815,1048.576,262144,4,16637.946,1818.124,16768.475,3648254.729,0.00307559999999
217.358159378,786.432,262144,4,17424.378,1818.124,17554.907,3648254.729,0.00354556300002
217.361688179,786.432,262144,4,18210.81,1818.124,18341.339,3648254.729,0.00352880099999
217.36521216,1018.697,262144,4,19229.507,1818.124,19360.036,3648254.729,0.003523981
217.369315545,232.265,232265,4,19461.772,1819.02,19592.301,3648255.625,0.00410338500001
217.306891546,0.134,134,2,48.152,891406.412,19592.485,3648264.681,0
218.256959917,0.221,221,2,48.373,891422.796,19592.706,3648281.065,0.950068371
219.258245066,0.221,221,2,48.594,891439.18,19592.927,3648297.449,1.001285149
220.258809873,0.221,221,2,48.815,891455.564,19593.148,3648313.833,1.000564807
221.259331587,0.221,221,2,49.036,891471.948,19593.369,3648330.217,1.000521714
217.414664119,0.184,184,4,19461.956,1819.884,19593.59,3648338.409,0
222.25993341,0.221,221,2,49.257,891488.332,19593.929,3648347.433,4.845269291
223.260554438,0.221,221,2,49.478,891504.716,19594.15,3648363.817,1.000621028
224.261277994,0.221,221,2,49.699,891521.1,19594.371,3648380.201,1.000723556
225.261848318,0.221,221,2,49.92,891537.484,19594.592,3648396.585,1.000570324
226.262494769,0.221,221,2,50.141,891553.868,19594.813,3648412.969,1.000646451
227.263068864,0.221,221,2,50.362,891571.772,19595.034,3648430.873,1.000574095
228.263838306,0.221,221,2,50.583,891588.156,19595.255,3648447.257,1.000769442
229.264643017,0.221,221,2,50.804,891604.54,19595.476,3648463.641,1.000804711
230.265235201,0.221,221,2,51.025,891620.924,19595.697,3648480.025,1.000592184
231.265855462,0.221,221,2,51.246,891637.308,19595.918,3648496.409,1.000620261
222.997831015,0.339,339,4,19462.295,1820.716,19596.139,3648506.521,0
232.266668275,0.221,221,2,51.467,891655.612,19596.478,3648515.513,9.26883726
233.267526554,0.221,221,2,51.688,891671.996,19596.699,3648531.897,1.000858279
234.268398243,0.221,221,2,51.909,891688.38,19596.92,3648548.281,1.000871689
235.270038675,0.221,221,2,52.13,891704.764,19597.141,3648564.665,1.001640432
236.270708733,0.221,221,2,52.351,891721.148,19597.362,3648581.049,1.000670058
237.271318517,0.221,221,2,52.572,891753.916,19597.583,3648613.817,1.000609784
239.273052676,0.221,221,2,52.793,891770.3,19597.804,3648630.201,2.001734159
240.273667559,0.221,221,2,53.014,891786.684,19598.025,3648646.585,1.000614883
241.274555242,0.221,221,2,53.235,891803.068,19598.246,3648662.969,1.000887683
232.997535936,0.339,339,4,19462.634,1821.516,19598.467,3648671.161,0
242.275758607,0.221,221,2,53.456,891812.62,19598.806,3648673.289,9.278222671
243.002857423,39.159,39159,2,92.615,891820.812,19637.965,3648681.481,0.727098816
243.276652575,0.221,221,2,92.836,891837.196,19638.186,3648697.865,0.273795152
244.27727102,0.221,221,2,93.057,891853.58,19638.407,3648714.249,1.000618445
245.277926341,0.221,221,2,93.278,891869.964,19638.628,3648730.633,1.000655321
246.278498131,0.221,221,2,93.499,891886.348,19638.849,3648747.017,1.00057179
242.999763524,0.339,339,4,19462.973,1823.02,19639.07,3648755.945,0
247.425163221,0.189,189,4,19463.162,1832.636,19639.259,3648765.561,4.425399697
247.596234346,1.575,1575,4,19464.737,1832.636,19640.834,3648765.561,0.171071125
247.598880563,0.286,286,4,19465.023,2964.06,19641.12,3649896.985,0.00264621700001
247.279001897,0.221,221,2,93.72,891902.732,19641.309,3649906.073,0
248.281332849,0.221,221,2,93.941,891919.116,19641.53,3649922.457,1.002330952
247.614750528,0.189,189,4,19465.212,2964.956,19641.751,3649930.649,0
249.282174716,0.221,221,2,94.162,891935.5,19644.133,3649938.841,1.667424188
250.213816443,2.382,2382,4,19467.594,2966.652,19644.354,3649948.729,0.931641727
250.7401472,0.189,189,4,19467.783,2968.22,19644.543,3649950.297,0.526330757
250.74662463,0.189,189,4,19467.972,2977.852,19644.732,3649959.929,0.00647743000002
250.800470374,1.575,1575,4,19469.547,2977.852,19646.307,3649959.929,0.053845744
250.802567358,0.286,286,4,19469.833,3388.412,19646.593,3650370.489,0.00209698399999
250.808535366,0.189,189,4,19470.022,3389.34,19646.782,3650371.417,0.005968008
250.28293892,0.221,221,2,94.383,891951.884,19647.068,3651330.777,0
251.283728406,0.221,221,2,94.604,891968.268,19647.289,3651347.161,1.000789486
250.894650926,0.286,286,4,19470.308,3390.236,19647.51,3651355.353,0
252.297499221,0.189,189,4,19470.497,3391.1,19647.699,3651356.217,1.402848295
252.284375136,0.221,221,2,94.825,891984.652,19650.212,3651365.241,0
253.285408228,0.221,221,2,95.046,892001.036,19650.433,3651381.625,1.001033092
254.286339841,0.221,221,2,95.267,892017.42,19650.654,3651398.009,1.000931613
255.287235276,0.221,221,2,95.488,892033.804,19650.875,3651414.393,1.000895435
252.998478864,2.513,2513,4,19473.01,3391.932,19651.096,3651422.585,0
256.56487561,0.184,184,4,19473.194,3392.732,19651.28,3651423.385,3.566396746
256.567980265,1.775,1775,4,19474.969,3393.756,19653.055,3651424.409,0.00310465500002
256.57093043,1835.008,262144,4,21309.977,3393.756,21488.063,3651424.409,0.00295016499996
256.575565657,786.432,262144,4,22096.409,3393.756,22274.495,3651424.409,0.00463522700005
256.579958534,786.432,262144,4,22882.841,3393.756,23060.927,3651424.409,0.00439287699999
256.584390871,786.432,262144,4,23669.273,3393.756,23847.359,3651424.409,0.00443233699997
256.588807704,786.432,262144,4,24455.705,3393.756,24633.791,3651424.409,0.00441683299999
256.593195762,786.432,262144,4,25242.137,3393.756,25420.223,3651424.409,0.00438805800002
256.597185934,1048.576,262144,4,26290.713,3393.756,26468.799,3651424.409,0.00399017199999
256.60175083,1048.576,262144,4,27339.289,3393.756,27517.375,3651424.409,0.00456489600003
256.606303504,1048.576,262144,4,28387.865,3393.756,28565.951,3651424.409,0.00455267399997
256.611308959,1048.576,262144,4,29436.441,3393.756,29614.527,3651424.409,0.005005455
256.616304357,1048.576,262144,4,30485.017,3393.756,30663.103,3651424.409,0.00499539800001
256.621744015,957.881,262144,4,31442.898,3393.756,31620.984,3651424.409,0.005439658
256.627452842,171.449,171449,4,31614.347,3394.524,31792.433,3651425.177,0.00570882700003
256.669606805,0.184,184,4,31614.531,3395.964,31792.617,3651426.617,0.042153963
256.67636388,0.189,189,4,31614.72,3397.276,31792.806,3651427.929,0.006757075
256.88107385,0.189,189,4,31614.909,3406.652,31792.995,3651437.305,0.20470997
256.927288386,1.575,1575,4,31616.484,3406.652,31794.57,3651437.305,0.046214536
256.929374685,0.286,286,4,31616.77,4423.292,31794.856,3652453.945,0.00208629900004
256.288054794,0.221,221,2,95.709,892050.188,31795.046,3652462.937,0
257.288873613,0.221,221,2,95.93,892066.572,31795.267,3652479.321,1.000818819
258.290115112,0.221,221,2,96.151,892082.956,31795.488,3652495.705,1.001241499
256.949151432,0.19,190,4,31616.96,4424.092,31795.709,3652503.897,0
259.314879225,2.339,2339,4,31619.299,4433.308,31798.048,3652513.113,2.365727793
259.907513735,1.575,1575,4,31620.874,4433.308,31799.623,3652513.113,0.59263451
259.909360059,0.286,286,4,31621.16,4762.012,31799.909,3652841.817,0.00184632399998
259.914904759,0.19,190,4,31621.35,4763.004,31800.099,3652842.809,0.00554470000003
259.983647229,0.286,286,4,31621.636,5747.004,31800.385,3653826.809,0.06874247
259.29147136,0.221,221,2,96.372,892099.34,31800.575,3653835.929,0
260.292670395,0.221,221,2,96.593,892115.724,31800.796,3653852.313,1.001199035
261.29478931,0.221,221,2,96.814,892132.108,31801.017,3653868.697,1.002118915
259.991810348,0.19,190,4,31621.826,5747.932,31801.238,3653876.889,0
262.29573503,0.221,221,2,97.035,892148.492,31803.751,3653885.977,2.303924682
262.999492331,2.513,2513,4,31624.339,5748.828,31803.972,3653894.169,0.703757301
263.970322071,0.184,184,4,31624.523,5749.692,31804.156,3653895.033,0.97082974
263.973201697,1.775,1775,4,31626.298,5750.684,31805.931,3653896.025,0.00287962599998
263.976339177,2359.296,262144,4,33985.594,5750.684,34165.227,3653896.025,0.00313748000002
263.983557274,1310.72,262144,4,35296.314,5750.684,35475.947,3653896.025,0.00721809700002
263.990093859,1048.576,262144,4,36344.89,5750.684,36524.523,3653896.025,0.00653658499999
263.996130102,1048.576,262144,4,37393.466,5750.684,37573.099,3653896.025,0.00603624299998
264.002322998,1048.576,262144,4,38442.042,5750.684,38621.675,3653896.025,0.00619289600002
264.008341222,1048.576,262144,4,39490.618,5750.684,39670.251,3653896.025,0.006018224
264.014513864,1048.576,262144,4,40539.194,5750.684,40718.827,3653896.025,0.00617264199997
264.020593199,1310.72,262144,4,41849.914,5750.684,42029.547,3653896.025,0.00607933500004
264.026879473,921.681,262144,4,42771.595,5750.684,42951.228,3653896.025,0.00628627399999
264.032519017,135.249,135249,4,42906.844,5751.516,43086.477,3653896.857,0.00563954400002
263.296546796,0.221,221,2,97.256,892164.876,43086.661,3653905.849,0
264.072324917,0.184,184,4,42907.028,5753.084,43086.882,3653914.809,0.775778121
265.001168312,0.19,190,4,42907.218,5755.196,43087.072,3653916.921,0.928843395
264.297316028,0.221,221,2,97.477,892181.26,43087.262,3653934.601,0
265.018129128,0.19,190,4,42907.408,5764.684,43087.483,3653942.793,0.7208131
265.759662042,1.575,1575,4,42908.983,5764.684,43089.058,3653942.793,0.741532914
265.762459326,0.286,286,4,42909.269,6805.932,43089.344,3654984.041,0.002797284
265.298121298,0.221,221,2,97.698,892197.644,43089.534,3654993.065,0
266.29891211,0.221,221,2,97.919,892214.028,43089.755,3655009.449,1.000790812
267.299741476,0.221,221,2,98.14,892230.412,43089.976,3655025.833,1.000829366
265.773319715,0.19,190,4,42909.459,6806.764,43090.197,3655034.025,0
268.335832937,2.339,2339,4,42911.798,6815.884,43092.536,3655043.145,2.562513222
268.604942717,1.575,1575,4,42913.373,6815.884,43094.111,3655043.145,0.26910978
268.607283936,0.286,286,4,42913.659,7193.74,43094.397,3655421.001,0.00234121900002
268.612916287,0.19,190,4,42913.849,7195.276,43094.587,3655422.537,0.00563235100003
268.659846067,0.286,286,4,42914.135,8310.396,43094.873,3656537.657,0.04692978
268.300556943,0.221,221,2,98.361,892246.796,43095.063,3656546.825,0
269.301360257,0.221,221,2,98.582,892279.564,43095.284,3656579.593,1.000803314
268.669960203,0.19,190,4,42914.325,8312.78,43095.505,3656589.193,0
271.734466939,0.19,190,4,42914.515,8314.54,43095.695,3656590.953,3.064506736
271.303164607,0.221,221,2,98.803,892295.948,43095.885,3656599.977,0
271.738746673,0.19,190,4,42914.705,8315.372,43096.106,3656608.169,0.435582066
272.609806673,0.185,185,4,42914.89,8316.172,43096.291,3656608.969,0.87106
272.612438782,1.775,1775,4,42916.665,8317.132,43098.066,3656609.929,0.00263210900005
272.615020744,2621.44,262144,4,45538.105,8317.132,45719.506,3656609.929,0.00258196199997
272.621977984,1310.72,262144,4,46848.825,8317.132,47030.226,3656609.929,0.00695724000002
272.628574144,1048.576,262144,4,47897.401,8317.132,48078.802,3656609.929,0.00659616000002
272.634752513,1048.576,262144,4,48945.977,8317.132,49127.378,3656609.929,0.006178369
272.64137214,1048.576,262144,4,49994.553,8317.132,50175.954,3656609.929,0.00661962699996
272.64799037,1048.576,262144,4,51043.129,8317.132,51224.53,3656609.929,0.00661823000002
272.654167552,1048.576,262144,4,52091.705,8317.132,52273.106,3656609.929,0.00617718199999
272.660774956,1048.576,262144,4,53140.281,8317.132,53321.682,3656609.929,0.00660740400002
272.667396469,562.366,262144,4,53702.647,8317.9,53884.048,3656610.697,0.00662151299997
272.719578663,0.185,185,4,53702.832,8318.636,53884.233,3656611.433,0.052182194
272.304040207,0.221,221,2,99.024,892312.332,53884.572,3656620.329,0
272.997365804,0.339,339,4,53703.171,8320.012,53884.793,3656629.193,0.693325597
273.304812232,0.221,221,2,99.245,892328.716,53884.983,3656638.025,0.307446428
274.196217278,0.19,190,4,53703.361,8329.5,53885.204,3656655.065,0.891405046
274.407053586,1.575,1575,4,53704.936,8329.5,53886.779,3656655.065,0.210836308
274.410928241,0.286,286,4,53705.222,9624.268,53887.065,3657949.833,0.003874655
274.305438709,0.221,221,2,99.466,892345.1,53887.255,3657958.873,0
275.306452385,0.221,221,2,99.687,892361.484,53887.476,3657975.257,1.001013676
276.307481776,0.221,221,2,99.908,892377.868,53887.697,3657991.641,1.001029391
274.429248308,0.19,190,4,53705.412,9625.116,53887.918,3657999.833,0
277.384874788,2.382,2382,4,53707.794,9625.932,53890.3,3658000.649,2.95562648
277.695146786,0.19,190,4,53707.984,9628.188,53890.49,3658002.905,0.310271998
277.700730736,0.19,190,4,53708.174,9637.788,53890.68,3658012.505,0.00558395000002
277.727533516,1.575,1575,4,53709.749,9637.788,53892.255,3658012.505,0.02680278
277.729759777,0.286,286,4,53710.035,9638.684,53892.541,3658390.233,0.00222626100003
277.735517282,0.19,190,4,53710.225,9639.548,53892.731,3658391.097,0.00575750499996
277.308904513,0.221,221,2,100.129,892394.252,53893.017,3659628.921,0
278.310300989,0.221,221,2,100.35,892410.636,53893.238,3659645.305,1.001396476
277.795703148,0.286,286,4,53710.511,10869.18,53893.459,3659653.497,0
279.311213047,0.221,221,2,100.571,892427.02,53893.649,3659662.489,1.515509899
280.312000367,0.221,221,2,100.792,892443.404,53893.87,3659678.873,1.00078732
281.31284398,0.221,221,2,101.013,892459.788,53894.091,3659695.257,1.000843613
279.696279262,0.19,190,4,53710.701,10869.98,53894.312,3659703.449,0
282.313696114,0.221,221,2,101.234,892476.172,53896.825,3659712.409,2.617416852
282.99884616,2.513,2513,4,53713.214,10870.748,53897.046,3659720.601,0.685150046
283.9845581,0.185,185,4,53713.399,10871.484,53897.231,3659721.337,0.98571194
283.987360202,1.775,1775,4,53715.174,10872.412,53899.006,3659722.265,0.00280210199998
283.990008723,2621.44,262144,4,56336.614,10872.412,56520.446,3659722.265,0.00264852100003
283.996697144,1048.576,262144,4,57385.19,10872.412,57569.022,3659722.265,0.00668842099998
284.002714878,1048.576,262144,4,58433.766,10872.412,58617.598,3659722.265,0.00601773400001
284.009334644,1048.576,262144,4,59482.342,10872.412,59666.174,3659722.265,0.00661976599997
284.015952316,1048.576,262144,4,60530.918,10872.412,60714.75,3659722.265,0.006617672
284.022129428,1048.576,262144,4,61579.494,10872.412,61763.326,3659722.265,0.00617711200005
284.028750382,1048.576,262144,4,62628.07,10872.412,62811.902,3659722.265,0.00662095399997
284.035368891,1048.576,262144,4,63676.646,10872.412,63860.478,3659722.265,0.00661850900002
284.041693089,607.297,262144,4,64283.943,10873.116,64467.775,3659722.969,0.00632419799996
284.085967574,0.185,185,4,64284.128,10874.428,64467.96,3659724.281,0.044274485
284.091718375,0.19,190,4,64284.318,10883.804,64468.15,3659733.657,0.00575080100003
284.300831978,1.575,1575,4,64285.893,10883.804,64469.725,3659733.657,0.209113603
283.314514235,0.221,221,2,101.455,892492.556,64470.011,3660479.961,0
284.304133585,0.286,286,4,64286.179,12211.74,64470.232,3661077.977,0.98961935
284.315357428,0.221,221,2,101.676,892508.94,64470.422,3661086.969,0.011223843
285.316218781,0.221,221,2,101.897,892525.324,64470.643,3661103.353,1.000861353
284.321092934,0.19,190,4,64286.369,12212.54,64470.864,3661111.545,0
286.316819835,0.221,221,2,102.118,892574.908,64473.246,3661286.057,1.995726901
287.317660026,0.221,221,2,102.339,892591.292,64473.467,3661302.441,1.000840191
