time,size,first_call,destination,dest_out_traffic,dest_in_traffic,total_network_out,total_network_in,dens10
3.97468022,0.244,244,2,0.244,24.576,0.244,29.326,0
4.042576369,0.183,183,2,0.427,49.152,0.427,53.902,0.067896149
5.058446719,0.183,183,2,0.61,65.536,0.61,70.286,1.01587035
6.059748209,0.183,183,2,0.793,81.92,0.793,86.67,1.00130149
7.061053179,0.183,183,2,0.976,98.304,0.976,103.054,1.00130497
8.062236131,0.183,183,2,1.159,114.688,1.159,119.438,1.001182952
9.06343301,0.183,183,2,1.342,131.072,1.342,135.822,1.001196879
10.064564691,0.183,183,2,1.525,147.456,1.525,152.206,1.001131681
11.0656787,0.183,183,2,1.708,163.84,1.708,168.59,1.001114009
12.066809219,0.183,183,2,1.891,180.224,1.891,184.974,1.001130519
13.067677513,0.183,183,2,2.074,196.608,2.074,201.358,1.000868294
14.06839784,0.183,183,2,2.257,212.992,2.257,217.742,1.000720327
15.069007113,0.183,183,2,2.44,229.376,2.44,234.126,1.000609273
16.069612083,0.183,183,2,2.623,245.76,2.623,250.51,1.00060497
17.070261692,0.183,183,2,2.806,262.144,2.806,266.894,1.000649609
18.070936012,0.183,183,2,2.989,278.528,2.989,283.278,1.00067432
19.072776667,0.183,183,2,3.172,294.912,3.172,299.662,1.001840655
20.073477961,0.183,183,2,3.355,311.296,3.521,318.778,1.000701294
20.884768405,0.268,268,2,3.623,311.556,3.789,319.038,0.811290444
20.921974036,0.253,253,2,3.876,327.94,4.042,335.422,0.037205631
21.080705622,0.219,219,2,4.095,360.708,4.261,368.19,0.158731586
21.432615533,0.283,283,2,4.378,377.092,4.544,384.574,0.351909911
21.483677389,0.207,207,2,4.585,393.476,4.751,400.958,0.051061856
21.525096578,0.102,102,2,4.687,401.668,4.853,409.15,0.041419189
21.551231792,0.125,125,2,4.812,63443.502,4.978,63450.984,0.026135214
21.935155395,0.291,291,2,5.103,63906.3,5.269,63913.782,0.383923603
21.937366774,0.234,234,2,5.337,101386.075,5.503,101393.557,0.002211379
22.082088669,0.219,219,2,5.556,135752.227,5.722,135759.709,0.144721895
22.217607349,0.125,125,2,5.681,195052.303,5.847,195059.785,0.13551868
22.938450898,0.405,405,2,6.086,195052.704,6.252,195060.186,0.720843549
22.941799528,0.23,230,2,6.316,195069.088,6.482,195076.57,0.00334863
22.986249982,0.174,174,2,6.49,195085.472,6.656,195092.954,0.044450454
22.987421125,0.188,188,2,6.678,195093.664,6.844,195101.146,0.001171143
22.989003244,0.123,123,2,6.801,195295.109,6.967,195302.591,0.001582119
22.993897566,0.651,651,2,7.452,195312.14,7.618,195319.622,0.004894322
23.017931773,0.974,170,2,8.426,195395.674,8.592,195403.156,0.024034207
23.034609861,0.379,379,2,8.805,195412.433,8.971,195419.915,0.016678088
23.083332342,0.219,219,2,9.024,195428.817,9.19,195436.299,0.048722481
24.036241986,0.312,156,2,9.336,195461.889,9.502,195469.371,0.952909644
24.084375022,0.219,219,2,9.555,195478.273,9.721,195485.755,0.048133036
20.367896929,0.166,166,4,0.166,5.434,9.94,195493.947,0
25.627493087,0.176,176,4,0.342,6.458,10.116,195494.971,5.259596158
25.707842811,0.154,154,4,0.496,9.53,10.27,195498.043,0.080349724
25.865423828,0.17,170,4,0.666,10.554,10.44,195499.067,0.157581017
25.085671628,0.219,219,2,9.774,195494.657,10.612,195508.795,0
25.910362912,0.172,172,4,0.838,12.09,10.831,195516.987,0.824691284
26.248766291,0.177,177,4,1.015,12.602,11.008,195517.499,0.338403379
26.278759007,0.176,176,4,1.191,13.098,11.184,195517.995,0.029992716
26.310529282,1.53,1530,4,2.721,14.074,12.714,195518.971,0.031770275
26.38669493,1.256,1256,4,3.977,15.018,13.97,195519.915,0.076165648
26.087079938,0.219,219,2,9.993,195511.041,14.141,195529.019,0
27.088430452,0.219,219,2,10.212,195527.425,14.36,195545.403,1.001350514
28.089478525,0.219,219,2,10.431,195543.809,14.579,195561.787,1.001048073
29.090540963,0.219,219,2,10.65,195560.193,14.798,195578.171,1.001062438
30.092550853,0.219,219,2,10.869,195576.577,15.017,195594.555,1.00200989
31.093636061,0.219,219,2,11.088,195592.961,15.236,195610.939,1.001085208
32.094590545,0.219,219,2,11.307,195609.345,15.455,195627.323,1.000954484
33.095448028,0.219,219,2,11.526,195625.729,15.674,195643.707,1.000857483
34.096405811,0.219,219,2,11.745,195642.113,15.893,195660.091,1.000957783
35.097477048,0.219,219,2,11.964,195658.497,16.112,195676.475,1.001071237
36.09887693,0.219,219,2,12.183,195674.881,16.331,195692.859,1.001399882
37.099709973,0.219,219,2,12.402,195691.265,16.55,195709.243,1.000833043
38.100707153,0.219,219,2,12.621,195707.649,16.769,195725.627,1.00099718
39.101733236,0.219,219,2,12.84,195724.033,16.988,195742.011,1.001026083
40.102633636,0.219,219,2,13.059,195740.417,17.207,195758.395,1.0009004
26.407567816,0.171,171,4,4.148,15.93,17.426,195766.587,0
41.103742523,0.219,219,2,13.278,195756.801,17.765,195775.659,14.696174707
42.104929445,0.219,219,2,13.497,195773.185,17.984,195792.043,1.001186922
43.106120795,0.219,219,2,13.716,195789.569,18.203,195808.427,1.00119135
44.107259897,0.219,219,2,13.935,195805.953,18.422,195824.811,1.001139102
45.108206266,0.219,219,2,14.154,195822.337,18.641,195841.195,1.000946369
46.109202064,0.219,219,2,14.373,195838.721,18.86,195857.579,1.000995798
47.110253946,0.219,219,2,14.592,195855.105,19.079,195873.963,1.001051882
48.111275309,0.219,219,2,14.811,195871.489,19.298,195890.347,1.001021363
41.457193085,0.339,339,4,4.487,25.818,19.517,195907.547,0
49.890547746,1.575,1575,4,6.062,25.818,21.092,195907.547,8.433354661
50.00158846,0.286,286,4,6.348,33.498,21.378,195915.227,0.111040714
49.112236169,0.219,219,2,15.03,195887.873,21.567,195926.491,0
50.075404729,0.189,189,4,6.537,36.57,21.786,195934.683,0.96316856
50.489177898,0.286,286,4,6.823,37.594,22.072,195970.523,0.413773169
50.113391166,0.219,219,2,15.249,195904.257,22.261,195979.739,0
50.547129497,0.189,189,4,7.012,38.618,22.48,195989.979,0.433738331
51.521594366,0.23,230,8,0.23,40.96,25.223,196031.435,0.974464869
51.11463763,0.219,219,2,15.468,195912.449,25.477,197493.233,0
52.115833597,0.22,220,2,15.688,195928.833,25.697,208609.881,1.001195967
53.117002481,0.22,220,2,15.908,195945.217,25.917,219990.821,1.001168884
54.118056064,0.22,220,2,16.128,195961.601,26.137,232561.075,1.001053583
55.119195744,0.22,220,2,16.348,195977.985,26.357,244668.818,1.00113968
56.120165253,0.22,220,2,16.568,195994.369,26.577,257701.583,1.000969509
57.121165925,0.22,220,2,16.788,196010.753,26.797,271064.713,1.001000672
58.122263825,0.22,220,2,17.008,196027.137,27.017,284427.843,1.0010979
59.123392771,0.22,220,2,17.228,196043.521,27.237,297592.754,1.001128946
60.124378984,0.22,220,2,17.448,196059.905,27.457,310559.446,1.000986213
51.464965905,2.513,2513,4,9.525,39.114,27.677,314598.091,0
61.125411324,0.22,220,2,17.668,196076.289,30.19,323394.488,9.660445419
51.633558431,0.152,152,9,0.152,135317.504,30.41,331529.659,0
61.467426433,2.513,2513,4,12.038,39.61,30.562,331595.732,9.833868002
62.823009764,2.538,2538,4,14.576,49.818,33.1,331605.94,1.355583331
51.604729719,0.102,102,8,0.332,73.728,34.675,331630.516,0
62.744959799,0.152,152,9,0.304,135383.577,34.905,331638.708,11.14023008
62.126490874,0.22,220,2,17.888,196092.673,35.057,333647.109,0
63.128119684,0.22,220,2,18.108,196109.057,35.277,346481.655,1.00162881
64.129422744,0.22,220,2,18.328,196125.441,35.497,359250.128,1.00130306
65.13063559,0.22,220,2,18.548,196141.825,35.717,372282.893,1.001212846
66.131700253,0.22,220,2,18.768,196158.209,35.937,385117.439,1.001064663
67.133245795,0.22,220,2,18.988,196174.593,36.157,397885.912,1.001545542
68.134252225,0.22,220,2,19.208,196190.977,36.377,410191.874,1.00100643
69.135266243,0.22,220,2,19.428,196207.361,36.597,422894.274,1.001014018
70.136345987,0.22,220,2,19.648,196223.745,36.817,435794.893,1.001079744
62.830396263,1.575,1575,4,16.151,49.818,37.037,439899.611,0
71.13724831,0.22,220,2,19.868,196240.129,39.55,448499.341,8.306852047
72.138224505,0.22,220,2,20.088,196256.513,39.77,461003.522,1.000976195
62.893867504,0.152,152,9,0.456,271049.465,39.99,467486.868,0
71.455067363,2.513,2513,4,18.664,51.866,40.142,467552.941,8.561199859
73.721930426,2.538,2538,4,21.202,63.13,42.68,467564.205,2.266863063
62.890774536,0.23,230,8,0.562,106.496,44.255,467588.781,0
73.741562848,0.23,230,8,0.792,122.88,44.485,467605.165,10.850788312
73.665801089,0.152,152,9,0.608,271115.538,44.629,467613.357,0
73.139273225,0.22,220,2,20.308,196272.897,44.781,472512.117,0
74.140295338,0.22,220,2,20.528,196289.281,45.001,485016.298,1.001022113
75.141298676,0.22,220,2,20.748,196305.665,45.221,497982.99,1.001003338
76.142462417,0.22,220,2,20.968,196322.049,45.441,510751.463,1.001163741
77.14353382,0.22,220,2,21.188,196338.433,45.661,523586.009,1.001071403
78.144526742,0.22,220,2,21.408,196354.817,45.881,536552.701,1.000992922
79.145533994,0.22,220,2,21.628,196371.201,46.101,549387.247,1.001007252
80.146448552,0.22,220,2,21.848,196387.585,46.321,562089.647,1.000914558
73.729051183,1.575,1575,4,22.777,63.13,46.541,565731.854,0
81.147217623,0.22,220,2,22.068,196403.969,49.054,574362.304,7.41816644
82.148277238,0.22,220,2,22.288,196420.353,49.274,586998.631,1.001059615
83.1493073,0.22,220,2,22.508,196428.545,49.494,599758.912,1.001030062
73.745794653,0.152,152,9,0.76,407094.938,49.714,603797.557,0
81.452489165,2.513,2513,4,25.29,95.898,49.866,603879.23,7.706694512
84.517005129,2.538,2538,4,27.828,120.474,52.404,603903.806,3.064515964
73.743713223,0.144,144,8,0.936,155.648,53.979,603928.382,0
84.534306764,0.23,230,8,1.166,172.032,54.209,603944.766,10.790593541
84.461254735,0.152,152,9,0.912,407176.611,54.353,603952.958,0
84.150505415,0.22,220,2,22.728,196444.929,54.505,611546.374,0
85.15151568,0.22,220,2,22.948,196461.313,54.725,623918.409,1.001010265
86.152346614,0.22,220,2,23.168,196477.697,54.945,636092.225,1.000830934
87.153265268,0.22,220,2,23.388,196494.081,55.165,648794.625,1.000918654
88.15423436,0.22,220,2,23.608,196510.465,55.385,660968.441,1.000969092
89.155370798,0.22,220,2,23.828,196526.849,55.605,673802.987,1.001136438
90.15651627,0.22,220,2,24.048,196543.233,55.825,686505.387,1.001145472
84.522591738,1.575,1575,4,29.403,120.474,56.045,690213.667,0
91.157389759,0.22,220,2,24.268,196559.617,58.558,699207.25,6.634798021
92.158377121,0.22,220,2,24.488,196576.001,58.778,712173.942,1.000987362
93.159444323,0.22,220,2,24.708,196592.385,58.998,725140.634,1.001067202
94.16036045,0.22,220,2,24.928,196608.769,59.218,737843.034,1.000916127
84.538352513,0.152,152,9,1.064,543207.747,59.438,740229.854,0
91.45126797,2.513,2513,4,31.916,186.01,59.59,740611.703,6.912915457
95.402437594,2.581,2581,4,34.497,251.546,62.171,740677.239,3.951169624
84.536185073,0.144,144,8,1.31,204.8,63.746,740701.815,0
95.419572922,0.23,230,8,1.54,221.184,63.976,740718.199,10.883387849
95.341412208,0.152,152,9,1.216,543589.596,64.12,740726.391,0
95.161448174,0.22,220,2,25.148,196625.153,64.272,749879.364,0
96.162607305,0.22,220,2,25.368,196641.537,64.492,762779.983,1.001159131
97.163559549,0.22,220,2,25.588,196657.921,64.712,775416.31,1.000952244
98.164497213,0.22,220,2,25.808,196674.305,64.932,788250.856,1.000937664
99.165470247,0.22,220,2,26.028,196690.689,65.152,801349.694,1.000973034
100.166426384,0.22,220,2,26.248,196707.073,65.372,814118.167,1.000956137
95.408532259,1.575,1575,4,36.072,251.546,65.592,817892.52,0
101.167435474,0.22,220,2,26.468,196723.457,68.105,827303.778,5.758903215
102.168454751,0.22,220,2,26.688,196739.841,68.325,839940.105,1.001019277
103.169573806,0.22,220,2,26.908,196756.225,68.545,852708.578,1.001119055
104.170598197,0.22,220,2,27.128,196772.609,68.765,865344.905,1.001024391
95.423253973,0.152,152,9,1.368,679483.628,68.985,876849.799,0
101.450688247,2.513,2513,4,38.585,317.082,69.137,876943.774,6.027434274
106.147877702,2.538,2538,4,41.123,333.466,71.675,876960.158,4.697189455
95.421298615,0.144,144,8,1.684,253.952,73.25,876984.734,0
106.166510911,0.23,230,8,1.914,270.336,73.48,877001.118,10.745212296
106.094960297,0.152,152,9,1.52,679577.603,73.624,877009.31,0
105.17169044,0.22,220,2,27.348,196788.993,73.776,877149.111,0
106.172837339,0.22,220,2,27.568,196805.377,73.996,889326.251,1.001146899
107.174127288,0.22,220,2,27.788,196821.761,74.216,902226.87,1.001289949
108.175134214,0.22,220,2,28.008,196838.145,74.436,915127.489,1.001006926
109.176180105,0.22,220,2,28.228,196854.529,74.656,928094.181,1.001045891
110.177163519,0.22,220,2,28.448,196870.913,74.876,940730.508,1.000983414
106.156090078,1.575,1575,4,42.698,333.466,75.096,944174.496,0
111.178198459,0.22,220,2,28.668,196887.297,77.609,953251.073,5.022108381
112.179279943,0.22,220,2,28.888,196903.681,77.829,966217.765,1.001081484
113.180327362,0.22,220,2,29.108,196920.065,78.049,979052.311,1.001047419
114.181357523,0.22,220,2,29.328,196936.449,78.269,992019.003,1.001030161
115.182518535,0.22,220,2,29.548,196944.641,78.489,1005241.795,1.001161012
106.170281314,0.152,152,9,1.672,815162.186,78.709,1012782.309,0
111.453121736,2.513,2513,4,45.211,349.85,78.861,1012876.284,5.282840422
116.816993927,2.538,2538,4,47.749,382.618,81.399,1012909.052,5.363872191
106.168649634,0.144,144,8,2.058,303.104,82.974,1012933.628,0
116.830401221,0.23,230,8,2.288,319.488,83.204,1012950.012,10.661751587
116.765986967,0.152,152,9,1.824,815256.161,83.348,1012958.204,0
116.183859791,0.22,220,2,29.768,196961.025,83.5,1017368.027,0
117.184899615,0.22,220,2,29.988,196977.409,83.72,1030268.646,1.001039824
118.185910826,0.22,220,2,30.208,196993.793,83.94,1043433.557,1.001011211
119.18697054,0.22,220,2,30.428,197010.177,84.16,1056003.811,1.001059714
120.187808694,0.22,220,2,30.648,197026.561,84.38,1068970.503,1.000838154
116.822461111,1.575,1575,4,49.324,382.618,84.6,1072414.491,0
121.188876538,0.22,220,2,30.868,197042.945,87.113,1082068.804,4.366415427
122.189967388,0.22,220,2,31.088,197059.329,87.333,1094903.35,1.00109085
123.191223332,0.22,220,2,31.308,197075.713,87.553,1108002.188,1.001255944
124.192207521,0.22,220,2,31.528,197092.097,87.773,1120770.661,1.000984189
125.193304795,0.22,220,2,31.748,197108.481,87.993,1133803.426,1.001097274
126.194352008,0.22,220,2,31.968,197124.865,88.213,1146439.753,1.001047213
116.833842898,0.152,152,9,1.976,950812.697,88.433,1148760.5,0
121.450442683,2.513,2513,4,51.837,448.154,88.585,1148917.129,4.616599785
127.424287079,2.581,2581,4,54.418,546.458,91.166,1149015.433,5.973844396
116.832025073,0.144,144,8,2.432,352.256,92.741,1149040.009,0
127.445053587,0.23,230,8,2.662,368.64,92.971,1149056.393,10.613028514
127.37345199,0.152,152,9,2.128,950969.326,93.115,1149064.585,0
127.195398446,0.22,220,2,32.188,197141.249,93.267,1158677.173,0
128.196407564,0.22,220,2,32.408,197157.633,93.487,1171511.719,1.001009118
129.197400173,0.22,220,2,32.628,197174.017,93.707,1184015.9,1.000992609
130.198393149,0.22,220,2,32.848,197190.401,93.927,1197246.884,1.000992976
127.43469408,1.575,1575,4,55.993,546.458,94.147,1200492.653,0
131.199945392,0.22,220,2,33.068,197206.785,96.66,1210312.417,3.765251312
132.201544995,0.221,221,2,33.289,197223.169,96.881,1223609.474,1.001599603
133.202477502,0.221,221,2,33.51,197239.553,97.102,1236840.458,1.000932507
134.203364539,0.221,221,2,33.731,197255.937,97.323,1250005.369,1.000887037
135.204303762,0.221,221,2,33.952,197272.321,97.544,1263302.426,1.000939223
136.205255489,0.221,221,2,34.173,197288.705,97.765,1276533.41,1.000951727
127.4485998,0.152,152,9,2.28,1086641.006,97.986,1284932.873,0
131.450802625,2.513,2513,4,58.506,579.226,98.138,1285091.869,4.002202825
137.912309705,2.538,2538,4,61.044,628.378,100.676,1285141.021,6.46150708
127.446544955,0.144,144,8,2.806,401.408,102.251,1285165.597,0
137.923862234,0.23,230,8,3.036,417.792,102.481,1285181.981,10.477317279
137.867372625,0.152,152,9,2.432,1086800.002,102.625,1285190.173,0
137.206218648,0.221,221,2,34.394,197305.089,102.777,1288835.167,0
138.20714016,0.221,221,2,34.615,197321.473,102.998,1301735.786,1.000921512
139.208121474,0.221,221,2,34.836,197337.857,103.219,1314768.551,1.000981314
140.209082962,0.221,221,2,35.057,197354.241,103.44,1327537.024,1.000961488
137.917184946,1.575,1575,4,62.619,628.378,103.661,1330782.793,0
141.209994193,0.221,221,2,35.278,197370.625,106.174,1340520.1,3.292809247
142.210922743,0.221,221,2,35.499,197387.009,106.395,1353354.646,1.00092855
143.211837773,0.221,221,2,35.72,197403.393,106.616,1366321.338,1.00091503
144.21277993,0.221,221,2,35.941,197419.777,106.837,1379155.884,1.000942157
145.213662486,0.221,221,2,36.162,197436.161,107.058,1392056.503,1.000882556
146.214513706,0.221,221,2,36.383,197452.545,107.279,1405089.268,1.00085122
147.215220673,0.221,221,2,36.604,197460.737,107.5,1417915.622,1.000706967
137.927909854,0.152,152,9,2.584,1222450.658,107.721,1421029.245,0
141.450553204,2.513,2513,4,65.132,644.762,107.873,1421283.28,3.52264335
148.503500651,2.581,2581,4,67.713,677.53,110.454,1421316.048,7.052947447
137.92614525,0.144,144,8,3.18,450.56,112.029,1421340.624,0
148.516215889,0.23,230,8,3.41,466.944,112.259,1421357.008,10.590070639
148.453808983,0.152,152,9,2.736,1222704.693,112.403,1421365.2,0
148.216182759,0.221,221,2,36.825,197477.121,112.555,1430504.767,0
149.218482337,0.221,221,2,37.046,197493.505,112.776,1443405.386,1.002299578
150.219618523,0.221,221,2,37.267,197509.889,112.997,1456438.151,1.001136186
148.50880413,1.575,1575,4,69.288,677.53,113.218,1459551.774,0
151.220458618,0.221,221,2,37.488,197526.273,115.731,1469535.915,2.711654488
152.221368954,0.221,221,2,37.709,197542.657,115.952,1482700.826,1.000910336
153.222237501,0.221,221,2,37.93,197559.041,116.173,1495733.591,1.000868547
154.223138147,0.221,221,2,38.151,197575.425,116.394,1508964.575,1.000900646
155.224032964,0.221,221,2,38.372,197591.809,116.615,1522261.632,1.000894817
156.224882277,0.221,221,2,38.593,197608.193,116.836,1535030.105,1.000849313
157.225782539,0.221,221,2,38.814,197624.577,117.057,1547996.797,1.000900262
148.519811424,0.152,152,9,2.888,1358233.717,117.278,1557189.136,0
151.449724265,2.513,2513,4,71.801,808.602,117.43,1557394.468,2.929912841
159.002681927,2.538,2538,4,74.339,874.138,119.968,1557460.004,7.552957662
148.517722858,0.144,144,8,3.554,491.52,121.543,1557476.388,0
159.01515689,0.23,230,8,3.784,516.096,121.773,1557500.964,10.497434032
158.958047517,0.152,152,9,3.04,1358439.049,121.917,1557509.156,0
158.22669605,0.221,221,2,39.035,197640.961,122.069,1561070.941,0
159.22755205,0.221,221,2,39.256,197657.345,122.29,1574037.633,1.000856
160.228408517,0.221,221,2,39.477,197673.729,122.511,1587202.544,1.000856467
159.007663862,1.575,1575,4,75.914,874.138,122.732,1590184.021,0
161.229293715,0.221,221,2,39.698,197690.113,125.245,1600152.315,2.221629853
162.230280377,0.221,221,2,39.919,197706.497,125.466,1613317.226,1.000986662
163.23114024,0.221,221,2,40.14,197722.881,125.687,1626349.991,1.000859863
164.23201238,0.221,221,2,40.361,197739.265,125.908,1639514.902,1.00087214
165.232912443,0.221,221,2,40.582,197755.649,126.129,1652613.74,1.000900063
166.233806159,0.221,221,2,40.803,197772.033,126.35,1665712.578,1.000893716
167.234669968,0.221,221,2,41.024,197788.417,126.571,1678414.978,1.000863809
168.235692881,0.221,221,2,41.245,197804.801,126.792,1691645.962,1.001022913
159.01836937,0.152,152,9,3.192,1494733.299,127.013,1694032.782,0
161.449877104,2.513,2513,4,78.427,923.29,127.165,1694194.145,2.431507734
169.466771534,2.538,2538,4,80.965,956.058,129.703,1694226.913,8.01689443
159.016927994,0.144,144,8,3.928,540.672,131.278,1694243.297,0
169.479578869,0.23,230,8,4.158,565.248,131.508,1694267.873,10.462650875
169.418318954,0.152,152,9,3.344,1494894.662,131.652,1694276.065,0
169.236580211,0.221,221,2,41.466,197821.185,131.804,1703603.337,0
170.237494042,0.221,221,2,41.687,197837.569,132.025,1716305.737,1.000913831
169.473288258,1.575,1575,4,82.54,956.058,132.246,1719088.995,0
171.238374686,0.221,221,2,41.908,197853.953,134.759,1729007.063,1.765086428
172.239285506,0.221,221,2,42.129,197870.337,134.98,1741775.536,1.00091082
173.240149072,0.221,221,2,42.35,197886.721,135.201,1754081.498,1.000863566
174.240918969,0.221,221,2,42.571,197903.105,135.422,1767312.482,1.000769897
175.241690096,0.221,221,2,42.792,197919.489,135.643,1780411.32,1.000771127
176.242494869,0.221,221,2,43.013,197935.873,135.864,1793444.085,1.000804773
177.24332833,0.221,221,2,43.234,197952.257,136.085,1806212.558,1.000833461
178.244222817,0.221,221,2,43.455,197968.641,136.306,1819047.104,1.000894487
169.483130102,0.152,152,9,3.496,1630545.318,136.527,1830213.441,0
171.449772107,2.513,2513,4,85.053,1087.13,136.679,1830434.562,1.966642005
180.161559918,2.581,2581,4,87.634,1119.898,139.26,1830467.33,8.711787811
169.481394591,0.144,144,8,4.302,589.824,140.835,1830483.714,0
180.174178718,0.23,230,8,4.532,614.4,141.065,1830508.29,10.692784127
180.112498007,0.152,152,9,3.648,1630766.439,141.209,1830516.482,0
179.245181755,0.221,221,2,43.676,197976.833,141.361,1831390.058,0
180.246155862,0.221,221,2,43.897,197993.217,141.582,1844554.969,1.000974107
180.166522722,1.575,1575,4,89.209,1119.898,141.803,1847140.008,0
181.247154191,0.221,221,2,44.118,198009.601,144.316,1857719.343,1.080631469
182.248022265,0.221,221,2,44.339,198025.985,144.537,1870619.962,1.000868074
183.249023097,0.221,221,2,44.56,198042.369,144.758,1883322.362,1.001000832
184.249944457,0.221,221,2,44.781,198058.753,144.979,1896355.127,1.00092136
185.250796367,0.221,221,2,45.002,198075.137,145.2,1909189.673,1.00085191
186.251618947,0.221,221,2,45.223,198091.521,145.421,1922288.511,1.00082258
187.252675244,0.221,221,2,45.444,198107.905,145.642,1935387.349,1.001056297
188.253694044,0.221,221,2,45.665,198124.289,145.863,1948420.114,1.0010188
189.254745126,0.221,221,2,45.886,198140.673,146.084,1961518.952,1.001051082
180.177838979,0.152,152,9,3.8,1766420.743,146.305,1966416.546,0
181.44979647,2.513,2513,4,91.722,1185.434,146.457,1966573.175,1.271957491
190.682631342,2.538,2538,4,94.26,1218.202,148.995,1966605.943,9.232834872
180.176120369,0.144,144,8,4.676,638.976,150.57,1966622.327,0
190.695469275,0.23,230,8,4.906,663.552,150.8,1966646.903,10.519348906
190.63284862,0.152,152,9,3.952,1766577.372,150.944,1966655.095,0
190.25556254,0.221,221,2,46.107,198157.057,151.096,1974021.201,0
190.68900386,1.575,1575,4,95.835,1218.202,151.317,1976606.24,0.43344132
191.256451729,0.221,221,2,46.328,198173.441,153.83,1987268.569,0.567447869
192.257382255,0.221,221,2,46.549,198189.825,154.051,2000103.115,1.000930526
193.2582186,0.221,221,2,46.77,198206.209,154.272,2013003.734,1.000836345
194.259067502,0.221,221,2,46.991,198222.593,154.493,2025970.426,1.000848902
195.259784682,0.221,221,2,47.212,198238.977,154.714,2039003.191,1.00071718
196.260644465,0.221,221,2,47.433,198255.361,154.935,2051441.299,1.000859783
197.261556204,0.221,221,2,47.654,198271.745,155.156,2064474.064,1.000911739
198.262226803,0.221,221,2,47.875,198288.129,155.377,2077374.683,1.000670599
199.262858402,0.221,221,2,48.096,198304.513,155.598,2089614.572,1.000631599
190.698828864,0.152,152,9,4.104,1902249.052,155.819,2102506.999,0
200.263549084,0.221,221,2,48.317,198320.897,155.971,2102769.226,9.56472022
191.449812777,2.513,2513,4,98.348,1234.586,156.192,2102777.418,0
201.304108639,2.538,2538,4,100.886,1250.97,158.73,2102793.802,9.854295862
190.69717803,0.144,144,8,5.05,688.128,160.305,2102810.186,0
201.352994328,0.23,230,8,5.28,712.704,160.535,2102834.762,10.655816298
201.261157928,0.152,152,9,4.256,1902503.087,160.679,2102842.954,0
201.346797689,1.575,1575,4,102.461,1250.97,160.831,2104366.254,0.085639761
201.264343205,0.221,221,2,48.538,198337.281,163.344,2115179.315,0
202.265135853,0.221,221,2,48.759,198353.665,163.565,2127683.496,1.000792648
203.266186532,0.221,221,2,48.98,198370.049,163.786,2137875.122,1.001050679
204.267073908,0.221,221,2,49.201,198386.433,164.007,2150841.814,1.000887376
205.26807749,0.221,221,2,49.422,198402.817,164.228,2163676.36,1.001003582
206.269016022,0.221,221,2,49.643,198419.201,164.449,2176643.052,1.000938532
207.269911408,0.221,221,2,49.864,198435.585,164.67,2189807.963,1.000895386
208.270824607,0.221,221,2,50.085,198451.969,164.891,2202774.655,1.000913199
209.271734154,0.221,221,2,50.306,198468.353,165.112,2215543.128,1.000909547
210.272649566,0.221,221,2,50.527,198484.737,165.333,2228113.382,1.000915412
201.450602342,2.513,2513,4,104.974,1382.042,165.554,2230425.937,0
201.356464974,0.152,152,9,4.408,2038388.84,168.067,2239080.963,0
211.449367953,2.513,2513,4,107.487,1447.578,168.219,2239286.295,10.092902979
212.15950034,2.538,2538,4,110.025,1480.346,170.757,2239319.063,0.710132387
201.354621233,0.144,144,8,5.424,737.28,172.332,2239335.447,0
212.173285999,0.23,230,8,5.654,761.856,172.562,2239360.023,10.818664766
212.116581363,0.152,152,9,4.56,2038594.172,172.706,2239368.215,0
211.274056306,0.221,221,2,50.748,198492.929,172.858,2240832.8,0
212.275073743,0.221,221,2,50.969,198509.313,173.079,2253469.127,1.001017437
213.276068269,0.221,221,2,51.19,198525.697,173.3,2265841.162,1.000994526
214.276903372,0.221,221,2,51.411,198542.081,173.521,2278807.854,1.000835103
215.277845922,0.221,221,2,51.632,198558.465,173.742,2291113.816,1.00094255
216.278849861,0.221,221,2,51.853,198574.849,173.963,2304014.435,1.001003939
217.280028991,0.221,221,2,52.074,198591.233,174.184,2317179.346,1.00117913
218.281086672,0.221,221,2,52.295,198607.617,174.405,2330212.111,1.001057681
219.287285652,0.221,221,2,52.516,198624.001,174.626,2343296.36,1.00619898
220.288918675,0.221,221,2,52.737,198640.385,174.847,2356461.271,1.001633023
212.164524986,1.575,1575,4,111.6,1480.346,175.068,2358451.653,0
221.290132378,0.221,221,2,52.958,198656.769,177.581,2369584.685,9.125607392
212.17938953,0.152,152,9,4.712,2174560.604,177.802,2375539.447,0
221.450154509,2.513,2513,4,114.113,1504.922,177.954,2375799.274,9.270764979
222.797202674,2.538,2538,4,116.651,1525.402,180.492,2375819.754,1.347048165
212.177947254,0.144,144,8,5.798,786.432,182.067,2375836.138,0
222.815268856,0.23,230,8,6.028,811.008,182.297,2375860.714,10.637321602
222.753850994,0.152,152,9,4.864,2174820.431,182.441,2375868.906,0
222.291289302,0.221,221,2,53.179,198673.153,182.593,2381826.455,0
223.292582917,0.221,221,2,53.4,198689.537,182.814,2394793.147,1.001293615
224.294543501,0.221,221,2,53.621,198705.921,183.035,2407231.255,1.001960584
225.295690706,0.221,221,2,53.842,198722.305,183.256,2420197.947,1.001147205
226.296840638,0.221,221,2,54.063,198738.689,183.477,2433296.785,1.001149932
227.298062276,0.221,221,2,54.284,198755.073,183.698,2446461.696,1.001221638
228.299196449,0.221,221,2,54.505,198771.457,183.919,2459560.534,1.001134173
229.30065658,0.221,221,2,54.726,198787.841,184.14,2472395.08,1.001460131
230.301789706,0.221,221,2,54.947,198804.225,184.361,2485626.064,1.001133126
222.808952875,1.575,1575,4,118.226,1525.402,184.582,2487418.227,0
231.303073462,0.221,221,2,55.168,198820.609,187.095,2498855.974,8.494120587
222.81846802,0.152,152,9,5.016,2310471.087,187.316,2511814.474,0
232.304277562,0.221,221,2,55.389,198836.993,187.468,2512076.701,9.485809542
231.450127679,2.513,2513,4,120.739,1656.474,187.689,2512084.893,0
233.343430092,2.538,2538,4,123.277,1689.242,190.227,2512117.661,1.893302413
222.816560716,0.144,144,8,6.172,843.776,191.802,2512142.237,0
233.357625735,0.23,230,8,6.402,860.16,192.032,2512158.621,10.541065019
233.301186869,0.152,152,9,5.168,2310725.122,192.176,2512166.813,0
233.306378618,0.221,221,2,55.61,198853.377,192.328,2524964.702,0.00519174900001
234.307707506,0.221,221,2,55.831,198869.761,192.549,2537865.321,1.001328888
235.309186775,0.221,221,2,56.052,198886.145,192.77,2551096.305,1.001479269
236.310612917,0.221,221,2,56.273,198902.529,192.991,2564195.143,1.001426142
237.311924827,0.221,221,2,56.494,198918.913,193.212,2577293.981,1.00131191
238.313148576,0.221,221,2,56.715,198935.297,193.433,2590458.892,1.001223749
239.31465803,0.221,221,2,56.936,198951.681,193.654,2603227.365,1.001509454
240.315863924,0.221,221,2,57.157,198968.065,193.875,2616722.641,1.001205894
233.351201814,1.575,1575,4,124.852,1689.242,194.096,2618580.877,0
241.317074552,0.221,221,2,57.378,198984.449,196.609,2630151.307,7.965872738
242.318472662,0.221,221,2,57.599,199000.833,196.83,2643580.51,1.00139811
233.362631935,0.152,152,9,5.32,2446939.183,197.051,2648602.058,0
241.450328126,2.513,2513,4,127.365,1754.778,197.203,2648758.687,8.087696191
243.739305406,2.538,2538,4,129.903,1787.546,199.741,2648791.455,2.28897728
233.36082726,0.144,144,8,6.546,884.736,201.316,2648807.839,0
243.757051863,0.23,230,8,6.776,909.312,201.546,2648832.415,10.396224603
243.70410284,0.152,152,9,5.472,2447095.812,201.69,2648840.607,0
243.322559569,0.221,221,2,57.82,199009.025,201.842,2656923.322,0
244.324855836,0.221,221,2,58.041,199025.409,202.063,2670088.233,1.002296267
245.326136302,0.221,221,2,58.262,199041.793,202.284,2683187.071,1.001280466
246.327193902,0.221,221,2,58.483,199058.177,202.505,2696484.128,1.0010576
247.329245231,0.221,221,2,58.704,199074.561,202.726,2709582.966,1.002051329
248.330479781,0.221,221,2,58.925,199090.945,202.947,2722813.95,1.00123455
249.331456636,0.221,221,2,59.146,199107.329,203.168,2735780.642,1.000976855
250.332417444,0.221,221,2,59.367,199123.713,203.389,2748879.48,1.000960808
243.750826778,1.575,1575,4,131.478,1787.546,203.61,2750341.278,0
251.333972756,0.221,221,2,59.588,199140.097,206.123,2762201.113,7.583145978
252.335155249,0.221,221,2,59.809,199156.481,206.344,2775432.097,1.001182493
243.760013095,0.152,152,9,5.624,2583285.882,206.565,2785219.093,0
251.449672204,2.513,2513,4,133.991,1812.122,206.717,2785600.942,7.689659109
254.133097093,2.538,2538,4,136.529,1832.602,209.255,2785621.422,2.683424889
243.758794081,0.144,144,8,6.92,933.888,210.83,2785637.806,0
254.145401818,0.23,230,8,7.15,958.464,211.06,2785662.382,10.386607737
254.095614781,0.152,152,9,5.776,2583667.731,211.204,2785670.574,0
253.336255524,0.221,221,2,60.03,199172.865,211.356,2788060.181,0
254.337647817,0.221,221,2,60.251,199189.249,211.577,2801489.384,1.001392293
255.338738384,0.221,221,2,60.472,199205.633,211.798,2814456.076,1.001090567
256.339836236,0.221,221,2,60.693,199222.017,212.019,2827356.695,1.001097852
257.340931099,0.221,221,2,60.914,199238.401,212.24,2840653.752,1.001094863
258.342653095,0.221,221,2,61.135,199254.785,212.461,2853884.736,1.001721996
259.344096132,0.221,221,2,61.356,199271.169,212.682,2866851.428,1.001443037
260.345997473,0.221,221,2,61.577,199287.553,212.903,2880082.412,1.001901341
254.137993223,1.575,1575,4,138.104,1832.602,213.124,2881478.137,0
261.347100795,0.221,221,2,61.798,199303.937,215.637,2893114.103,7.209107572
262.348100366,0.221,221,2,62.019,199320.321,215.858,2905948.649,1.000999571
263.34913234,0.221,221,2,62.24,199336.705,216.079,2918915.341,1.001031974
254.14806406,0.152,152,9,5.928,2719318.387,216.3,2921632.526,0
261.450294574,2.513,2513,4,140.617,1963.674,216.452,2921789.155,7.302230514
264.618723107,2.538,2538,4,143.155,1996.442,218.99,2921821.923,3.168428533
254.146965784,0.144,144,8,7.294,983.04,220.565,2921838.307,0
264.637865558,0.23,230,8,7.524,1007.616,220.795,2921862.883,10.490899774
264.584144001,0.152,152,9,6.08,2719475.016,220.939,2921871.075,0
264.350191401,0.221,221,2,62.461,199353.089,221.091,2931315.904,0
265.3511953,0.221,221,2,62.682,199369.473,221.312,2944216.523,1.001003899
266.352144802,0.221,221,2,62.903,199385.857,221.533,2957447.507,1.000949502
267.353100874,0.221,221,2,63.124,199402.241,221.754,2970612.418,1.000956072
268.354086486,0.221,221,2,63.345,199418.625,221.975,2983579.11,1.000985612
269.355085031,0.221,221,2,63.566,199435.009,222.196,2997008.313,1.000998545
270.356031899,0.221,221,2,63.787,199451.393,222.417,3010107.151,1.000946868
264.631188643,1.575,1575,4,144.73,1996.442,222.638,3011370.73,0
271.356987598,0.221,221,2,64.008,199467.777,225.151,3023073.306,6.725798955
272.35795694,0.221,221,2,64.229,199484.161,225.372,3036502.509,1.000969342
273.358926103,0.221,221,2,64.45,199500.545,225.593,3049469.201,1.000969163
264.640871593,0.152,152,9,6.232,2855441.448,225.814,3058066.883,0
271.449614371,2.513,2513,4,147.243,2061.978,225.966,3058320.918,6.808742778
275.07159807,2.538,2538,4,149.781,2094.746,228.504,3058353.686,3.621983699
264.639030485,0.144,144,8,7.668,1040.384,230.079,3058378.262,0
275.082179403,0.23,230,8,7.898,1056.768,230.309,3058394.646,10.443148918
275.040420827,0.152,152,9,6.384,2855695.483,230.453,3058402.838,0
274.360070697,0.221,221,2,64.671,199516.929,230.605,3062422.092,0
275.363792452,0.221,221,2,64.892,199525.121,230.826,3075909.176,1.003721755
276.365216324,0.221,221,2,65.113,199541.505,231.047,3088809.795,1.001423872
277.366583716,0.221,221,2,65.334,199557.889,231.268,3102305.071,1.001367392
278.367544438,0.221,221,2,65.555,199574.273,231.489,3115602.128,1.000960722
279.368518587,0.221,221,2,65.776,199590.657,231.71,3128700.966,1.000974149
280.36948999,0.221,221,2,65.997,199607.041,231.931,3141733.731,1.000971403
275.075763758,1.575,1575,4,151.356,2094.746,232.152,3142799.091,0
281.370385336,0.221,221,2,66.218,199623.425,234.665,3155055.364,6.294621578
282.3713328,0.221,221,2,66.439,199639.809,234.886,3167955.983,1.000947464
283.372377979,0.221,221,2,66.66,199656.193,235.107,3180922.675,1.001045179
284.373442316,0.221,221,2,66.881,199672.577,235.328,3194285.805,1.001064337
275.084385094,0.152,152,9,6.536,2991522.18,235.549,3194426.143,0
281.449708729,2.513,2513,4,153.869,2119.322,235.701,3194680.178,6.365323635
285.418402675,2.538,2538,4,156.407,2139.802,238.239,3194700.658,3.968693946
275.083269131,0.144,144,8,8.042,1081.344,239.814,3194717.042,0
285.435448647,0.23,230,8,8.272,1105.92,240.044,3194741.618,10.352179516
285.385701592,0.152,152,9,6.688,2991776.215,240.188,3194749.81,0
285.374412347,0.221,221,2,67.102,199688.961,240.34,3206852.148,0
286.375381352,0.221,221,2,67.323,199705.345,240.561,3220017.059,1.000969005
287.37636935,0.221,221,2,67.544,199721.729,240.782,3233248.043,1.000987998
288.37734295,0.221,221,2,67.765,199738.113,241.003,3246214.735,1.0009736
289.378296972,0.221,221,2,67.986,199754.497,241.224,3259247.5,1.000954022
290.379255124,0.221,221,2,68.207,199770.881,241.445,3272412.411,1.000958152
285.429549011,1.575,1575,4,157.982,2139.802,241.666,3273279.552,0
291.380211035,0.221,221,2,68.428,199787.265,244.179,3285444.102,5.950662024
292.381254107,0.221,221,2,68.649,199803.649,244.4,3298542.94,1.001043072
293.382249847,0.221,221,2,68.87,199820.033,244.621,3311773.924,1.00099574
294.383187249,0.221,221,2,69.091,199836.417,244.842,3324806.689,1.000937402
285.437613694,0.152,152,9,6.84,3127426.871,245.063,3330695.378,0
291.461773415,2.513,2513,4,160.495,2270.874,245.215,3330971.523,6.024159721
295.866145303,2.538,2538,4,163.033,2336.41,247.753,3331037.059,4.404371888
285.436484475,0.144,144,8,8.416,1130.496,249.328,3331053.443,0
295.876817446,0.23,230,8,8.646,1155.072,249.558,3331078.019,10.440332971
295.834740424,0.152,152,9,6.992,3127703.016,249.702,3331086.211,0
295.384134009,0.221,221,2,69.312,199852.801,249.854,3338025.316,0
296.385069848,0.221,221,2,69.533,199869.185,250.075,3351322.373,1.000935839
297.385997705,0.221,221,2,69.754,199885.569,250.296,3364619.43,1.000927857
298.386950344,0.221,221,2,69.975,199901.953,250.517,3377652.195,1.000952639
299.387897728,0.221,221,2,70.196,199918.337,250.738,3390288.522,1.000947384
300.388865467,0.221,221,2,70.417,199934.721,250.959,3403453.433,1.000967739
295.871072225,1.575,1575,4,164.608,2336.41,251.18,3404254.501,0
301.389807515,0.221,221,2,70.638,199951.105,253.693,3416535.35,5.51873529
302.390761041,0.221,221,2,70.859,199967.489,253.914,3429817.818,1.000953526
303.391716586,0.221,221,2,71.08,199983.873,254.135,3443313.094,1.000955545
304.392663634,0.221,221,2,71.301,200000.257,254.356,3456792.259,1.000947048
295.879348229,0.152,152,9,7.144,3264220.021,254.577,3467816.208,0
301.449663799,2.513,2513,4,167.121,2385.562,254.729,3468070.243,5.57031557
306.248119024,2.538,2538,4,169.659,2418.33,257.267,3468103.011,4.798455225
295.877940139,0.144,144,8,8.79,1179.648,258.842,3468119.395,0
306.258503638,0.23,230,8,9.02,1204.224,259.072,3468143.971,10.380563499
306.2160298,0.152,152,9,7.296,3264474.056,259.216,3468152.163,0
305.393787722,0.221,221,2,71.522,200016.641,259.368,3470423.228,0
306.394748205,0.221,221,2,71.743,200033.025,259.589,3483714.306,1.000960483
307.395696105,0.221,221,2,71.964,200041.217,259.81,3496937.098,1.0009479
308.403755694,0.221,221,2,72.185,200057.601,260.031,3510168.082,1.008059589
309.404748073,0.221,221,2,72.406,200073.985,260.252,3523002.628,1.000992379
310.405723437,0.221,221,2,72.627,200090.369,260.473,3535903.247,1.000975364
306.252423354,1.575,1575,4,171.234,2418.33,260.694,3536506.096,0
311.406746259,0.221,221,2,72.848,200106.753,263.207,3549331.376,5.154322905
312.407752012,0.221,221,2,73.069,200123.137,263.428,3562298.068,1.001005753
313.408686766,0.221,221,2,73.29,200139.521,263.649,3575330.833,1.000934754
314.409700961,0.221,221,2,73.511,200155.905,263.87,3588627.89,1.001014195
315.410721037,0.221,221,2,73.732,200172.289,264.091,3601858.874,1.001020076
306.261733584,0.152,152,9,7.448,3400528.775,264.312,3604509.986,0
311.449479095,2.513,2513,4,173.747,2549.402,264.464,3604764.021,5.187745511
316.644515615,2.538,2538,4,176.285,2614.938,267.002,3604829.557,5.19503652
306.260103279,0.144,144,8,9.164,1228.8,268.577,3604845.941,0
316.654356223,0.23,230,8,9.394,1253.376,268.807,3604870.517,10.394252944
316.613194051,0.152,152,9,7.6,3400782.81,268.951,3604878.709,0
316.411748516,0.221,221,2,73.953,200188.673,269.103,3614741.109,0
317.412823264,0.221,221,2,74.174,200205.057,269.324,3627972.093,1.001074748
318.413850068,0.221,221,2,74.395,200221.441,269.545,3640872.712,1.001026804
319.414819339,0.221,221,2,74.616,200237.825,269.766,3653575.112,1.000969271
320.415747254,0.221,221,2,74.837,200254.209,269.987,3667202.534,1.000927915
316.648765921,1.575,1575,4,177.86,2614.938,270.208,3667673.237,0
321.416692512,0.221,221,2,75.058,200270.593,272.721,3680400.213,4.767926591
322.417645561,0.221,221,2,75.279,200286.977,272.942,3693763.343,1.000953049
323.418590226,0.221,221,2,75.5,200303.361,273.163,3706994.327,1.000944665
324.419518286,0.221,221,2,75.721,200319.745,273.384,3720555.676,1.00092806
325.420471107,0.221,221,2,75.942,200336.129,273.605,3733654.514,1.000952821
316.657040339,0.152,152,9,7.752,3536440.01,273.826,3740732.517,0
321.473208463,2.513,2513,4,180.373,2647.706,273.978,3740826.492,4.816168124
326.996837493,2.538,2538,4,182.911,2680.474,276.516,3740859.26,5.52362903
316.655999892,0.144,144,8,9.538,1286.144,278.091,3740883.836,0
326.963431403,0.152,152,9,7.904,3536533.985,278.465,3740908.412,10.307431511
326.421434134,0.221,221,2,76.163,200352.513,278.617,3746412.89,0
327.422359152,0.221,221,2,76.384,200368.897,278.838,3759247.436,1.000925018
328.4233778,0.221,221,2,76.605,200385.281,279.059,3772081.982,1.001018648
329.424336559,0.221,221,2,76.826,200401.665,279.28,3784784.382,1.000958759
330.425384761,0.221,221,2,77.047,200418.049,279.501,3797751.074,1.001048202
327.001669447,1.575,1575,4,184.486,2680.474,279.722,3798023.558,0
331.426366398,0.221,221,2,77.268,200434.433,282.235,3810610.196,4.424696951
332.427326918,0.221,221,2,77.489,200450.817,282.456,3823510.815,1.00096052
333.428248237,0.221,221,2,77.71,200467.201,282.677,3836411.434,1.000921319
334.429205797,0.221,221,2,77.931,200483.585,282.898,3849312.053,1.00095756
335.430325867,0.221,221,2,78.152,200499.969,283.119,3861485.869,1.00112007
336.431271436,0.221,221,2,78.373,200516.353,283.34,3874518.634,1.000945569
327.011518173,0.152,152,9,8.056,3672194.081,283.561,3876773.308,0
331.449637156,2.513,2513,4,186.999,2705.05,283.713,3876929.937,4.438118983
337.662170529,2.538,2538,4,189.537,2725.53,286.251,3876950.417,6.212533373
327.00917972,0.374,230,8,9.912,1327.104,287.826,3876966.801,0
337.672059313,0.23,230,8,10.142,1351.68,288.056,3876991.377,10.662879593
337.615761168,0.152,152,9,8.208,3672350.71,288.2,3876999.569,0
337.432164227,0.221,221,2,78.594,200532.737,288.352,3886910.666,0
338.43310076,0.221,221,2,78.815,200549.121,288.573,3899811.285,1.000936533
339.434154072,0.221,221,2,79.036,200557.313,288.794,3912835.858,1.001053312
340.435167545,0.221,221,2,79.257,200573.697,289.015,3925273.966,1.001013473
337.666365257,1.575,1575,4,191.112,2725.53,289.236,3925480.377,0
341.436123914,0.221,221,2,79.478,200590.081,291.749,3937975.829,3.769758657
342.43707464,0.221,221,2,79.699,200606.465,291.97,3949885.353,1.000950726
343.438101059,0.221,221,2,79.92,200622.849,292.191,3962257.388,1.001026419
344.439138193,0.221,221,2,80.141,200639.233,292.412,3975422.299,1.001037134
345.440118604,0.221,221,2,80.362,200655.617,292.633,3987926.48,1.000980411
346.441103465,0.221,221,2,80.583,200672.001,292.854,4000628.88,1.000984861
337.674283339,0.152,152,9,8.36,3807924.461,293.075,4012794.504,0
347.442069007,0.221,221,2,80.804,200688.385,293.227,4012868.769,9.767785668
341.452014033,2.513,2513,4,193.625,2791.066,293.448,4012876.961,0
348.458489189,2.538,2538,4,196.163,2889.37,295.986,4012975.265,7.006475156
337.673149768,0.144,144,8,10.286,1376.256,297.561,4012991.649,0
348.470633068,0.23,230,8,10.516,1400.832,297.791,4013016.225,10.7974833
348.413848727,0.152,152,9,8.512,3807990.534,297.935,4013024.417,0
348.443005328,0.221,221,2,81.025,200704.769,298.087,4023345.949,0.029156601
349.443983923,0.221,221,2,81.246,200721.153,298.308,4035982.276,1.000978595
350.444929328,0.221,221,2,81.467,200737.537,298.529,4048750.749,1.000945405
348.463475292,1.575,1575,4,197.738,2889.37,298.75,4048758.941,0
351.445874868,0.221,221,2,81.688,200753.921,301.263,4061750.209,2.982399576
352.44709542,0.221,221,2,81.909,200770.305,301.484,4074254.39,1.001220552
353.44797117,0.221,221,2,82.13,200786.689,301.705,4087088.936,1.00087575
354.448917169,0.221,221,2,82.351,200803.073,301.926,4099791.336,1.000945999
355.449859076,0.221,221,2,82.572,200819.457,302.147,4112824.101,1.000941907
356.450739564,0.221,221,2,82.793,200835.841,302.368,4125790.793,1.000880488
357.451685278,0.221,221,2,83.014,200852.225,302.589,4138625.339,1.000945714
358.452604748,0.221,221,2,83.235,200860.417,302.81,4148544.481,1.00091947
348.472945551,0.152,152,9,8.664,3943842.574,303.031,4149081.257,0
351.450662933,2.513,2513,4,200.251,2922.138,303.183,4149147.33,2.977717382
359.545019178,2.538,2538,4,202.789,2954.906,305.721,4149180.098,8.094356245
348.471852839,0.144,144,8,10.66,1425.408,307.296,4149196.482,0
359.558366656,0.23,230,8,10.89,1449.984,307.526,4149221.058,11.086513817
359.497358229,0.152,152,9,8.816,3943908.647,307.67,4149229.25,0
359.453538687,0.221,221,2,83.456,200876.801,307.822,4160736.931,0
359.549898588,1.575,1575,4,204.364,2954.906,308.043,4173100.774,0.096359901
360.454765833,0.221,221,2,83.677,200893.185,310.556,4173207.807,0.904867245
361.455701778,0.221,221,2,83.898,200909.569,310.777,4185976.28,1.000935945
362.456953093,0.221,221,2,84.119,200925.953,310.998,4198744.753,1.001251315
363.458053131,0.221,221,2,84.34,200942.337,311.219,4210918.569,1.001100038
364.459067926,0.221,221,2,84.561,200958.721,311.44,4223951.334,1.001014795
365.45991433,0.221,221,2,84.782,200975.105,311.661,4236984.099,1.000846404
366.460952958,0.221,221,2,85.003,200991.489,311.882,4249752.572,1.001038628
367.461842856,0.221,221,2,85.224,201007.873,312.103,4262454.972,1.000889898
368.462745482,0.221,221,2,85.445,201024.257,312.324,4274827.007,1.000902626
359.561355653,0.152,152,9,8.968,4079559.303,312.545,4285076.514,0
361.450143955,2.513,2513,4,206.877,2987.674,312.697,4285142.587,1.888788302
370.345479709,2.538,2538,4,209.415,3020.442,315.235,4285175.355,8.895335754
359.559630764,0.144,144,8,11.034,1474.56,316.81,4285191.739,0
370.357285044,0.23,230,8,11.264,1499.136,317.04,4285216.315,10.79765428
370.296401787,0.152,152,9,9.12,4079625.376,317.184,4285224.507,0
369.463646061,0.221,221,2,85.666,201040.641,317.336,4286755.165,0
370.350047523,1.575,1575,4,210.99,3020.442,317.557,4299317.227,0.886401462
370.464406027,0.221,221,2,85.887,201057.025,320.07,4299540.022,0.114358504
371.46556882,0.221,221,2,86.108,201065.217,320.291,4312432.449,1.001162793
372.466957247,0.221,221,2,86.329,201081.601,320.512,4324936.63,1.001388427
373.468038898,0.221,221,2,86.55,201097.985,320.733,4337705.103,1.001081651
374.469056718,0.221,221,2,86.771,201114.369,320.954,4350407.503,1.00101782
375.46988032,0.221,221,2,86.992,201130.753,321.175,4363175.976,1.000823602
376.470744599,0.221,221,2,87.213,201147.137,321.396,4375548.011,1.000864279
377.47156899,0.221,221,2,87.434,201163.521,321.617,4388250.411,1.000824391
378.472465898,0.221,221,2,87.655,201179.905,321.838,4398111.672,1.000896908
379.473373228,0.221,221,2,87.876,201196.289,322.059,4410747.999,1.00090733
370.360610101,0.152,152,9,9.272,4215209.959,322.28,4420997.506,0
371.450121242,2.513,2513,4,213.503,3036.826,322.432,4421162.327,1.089511141
381.338350995,2.538,2538,4,216.041,3053.21,324.97,4421178.711,9.888229753
370.358320969,0.144,144,8,11.408,1531.904,326.545,4421203.287,0
381.350656641,0.23,230,8,11.638,1548.288,326.775,4421219.671,10.992335672
381.290353696,0.152,152,9,9.424,4215374.78,326.919,4421227.863,0
381.343298209,1.575,1575,4,217.616,3053.21,327.071,4422767.276,0.052944513
380.474201284,0.221,221,2,88.097,201212.673,329.584,4423302.978,0
381.47505144,0.221,221,2,88.318,201229.057,329.805,4436335.743,1.000850156
382.476234034,0.221,221,2,88.539,201245.441,330.026,4449434.581,1.001182594
383.477094263,0.221,221,2,88.76,201261.825,330.247,4462467.346,1.000860229
384.477979985,0.221,221,2,88.981,201278.209,330.468,4475632.257,1.000885722
385.478693383,0.221,221,2,89.202,201294.593,330.689,4488532.876,1.000713398
386.479524689,0.221,221,2,89.423,201310.977,330.91,4501301.349,1.000831306
387.480594522,0.221,221,2,89.644,201327.361,331.131,4514003.749,1.001069833
388.48205421,0.221,221,2,89.865,201343.745,331.352,4526772.222,1.001459688
389.483160009,0.221,221,2,90.086,201360.129,331.573,4539408.549,1.001105799
381.44968564,2.513,2513,4,220.129,3184.282,331.794,4551838.465,0
390.484010747,0.221,221,2,90.307,201376.513,334.307,4552374.704,9.034325107
381.353875682,0.152,152,9,9.576,4351372.748,334.528,4557602.663,0
391.449597393,2.513,2513,4,222.642,3249.818,334.68,4557759.292,10.095721711
391.94566397,2.538,2538,4,225.18,3282.586,337.218,4557792.06,0.496066577
381.352287402,0.144,144,8,11.782,1572.864,338.793,4557808.444,0
391.955516088,0.23,230,8,12.012,1597.44,339.023,4557833.02,10.603228686
391.892521869,0.152,152,9,9.728,4351529.377,339.168,4557841.212,0
391.484854593,0.221,221,2,90.528,201392.897,339.32,4565397.198,0
392.485768085,0.221,221,2,90.749,201409.281,339.541,4578165.671,1.000913492
393.486612826,0.221,221,2,90.97,201425.665,339.762,4590801.998,1.000844741
394.487567903,0.221,221,2,91.191,201442.049,339.983,4603636.544,1.000955077
395.488601433,0.221,221,2,91.412,201458.433,340.204,4616405.017,1.00103353
396.489463936,0.221,221,2,91.633,201474.817,340.425,4628777.052,1.000862503
397.490295002,0.221,221,2,91.854,201491.201,340.646,4641149.087,1.000831066
398.491212399,0.221,221,2,92.075,201507.585,340.867,4654181.852,1.000917397
399.492100865,0.221,221,2,92.296,201523.969,341.088,4667148.544,1.000888466
391.94963969,1.575,1575,4,226.755,3282.586,341.309,4678983.803,0
400.492947041,0.221,221,2,92.517,201540.353,343.822,4679545.155,8.543307351
401.493760848,0.221,221,2,92.738,201556.737,344.043,4692511.847,1.000813807
391.957927149,0.152,152,9,9.88,4487655.229,344.264,4694171.864,0
401.45307028,2.513,2513,4,229.268,3307.162,344.416,4694356.395,9.495143131
402.494672541,0.221,221,2,92.959,201573.121,346.954,4694364.587,1.041602261
403.495555794,0.221,221,2,93.18,201589.505,347.175,4694380.971,1.000883253
404.496580606,0.221,221,2,93.401,201605.889,347.396,4694397.355,1.001024812
405.498072541,0.221,221,2,93.622,201622.273,347.617,4694413.739,1.001491935
406.498667778,0.221,221,2,93.843,201638.657,347.838,4694430.123,1.000595237
407.499316412,0.221,221,2,94.064,201655.041,348.059,4694446.507,1.000648634
408.499898737,0.221,221,2,94.285,201671.425,348.28,4694462.891,1.000582325
409.500571173,0.221,221,2,94.506,201687.809,348.501,4694479.275,1.000672436
402.670097822,2.538,2538,4,231.806,3307.162,348.722,4694487.467,0
410.501304345,0.221,221,2,94.727,201704.193,349.061,4694507.947,7.831206523
411.5020455,0.221,221,2,94.948,201720.577,349.282,4694524.331,1.000741155
412.50266131,0.221,221,2,95.169,201736.961,349.503,4694540.715,1.00061581
413.503273877,0.221,221,2,95.39,201753.345,349.724,4694557.099,1.000612567
414.503952632,0.221,221,2,95.611,201769.729,349.945,4694573.483,1.000678755
415.504549639,0.221,221,2,95.832,201786.113,350.166,4694591.915,1.000597007
416.505291902,0.221,221,2,96.053,201802.497,350.387,4694608.299,1.000742263
417.505923738,0.221,221,2,96.274,201818.881,350.608,4694624.683,1.000631836
418.506438634,0.221,221,2,96.495,201835.265,350.829,4694641.067,1.000514896
419.507165169,0.221,221,2,96.716,201851.649,351.05,4694657.451,1.000726535
411.449020375,0.339,339,4,232.145,3319.45,351.271,4694665.643,0
420.507790293,0.221,221,2,96.937,201868.033,351.61,4694679.979,9.058769918
421.508435689,0.221,221,2,97.158,201884.417,351.831,4694696.363,1.000645396
422.509151943,0.221,221,2,97.379,201900.801,352.052,4694712.747,1.000716254
423.509908623,0.221,221,2,97.6,201917.185,352.273,4694730.651,1.00075668
424.510715394,0.221,221,2,97.821,201933.569,352.494,4694747.035,1.000806771
425.511481623,0.221,221,2,98.042,201949.953,352.715,4694763.419,1.000766229
426.512059105,0.221,221,2,98.263,201966.337,352.936,4694779.803,1.000577482
427.512769493,0.221,221,2,98.484,201982.721,353.157,4694796.187,1.000710388
428.513475997,0.221,221,2,98.705,201999.105,353.378,4694812.571,1.000706504
429.514250645,0.221,221,2,98.926,202015.489,353.599,4694828.955,1.000774648
421.44911562,0.339,339,4,232.484,3325.594,353.82,4694838.603,0
430.514875752,0.221,221,2,99.147,202031.873,354.159,4694849.867,9.065760132
431.515654721,0.221,221,2,99.368,202048.257,354.38,4694866.251,1.000778969
432.516400314,0.221,221,2,99.589,202064.641,354.601,4694882.635,1.000745593
433.516941935,0.221,221,2,99.81,202081.025,354.822,4694900.395,1.000541621
434.517798797,0.221,221,2,100.031,202097.409,355.043,4694916.779,1.000856862
435.518591097,0.221,221,2,100.252,202113.793,355.264,4694933.163,1.0007923
436.519150664,0.221,221,2,100.473,202130.177,355.485,4694949.547,1.000559567
437.519782235,0.221,221,2,100.694,202146.561,355.706,4694965.931,1.000631571
438.52034977,0.221,221,2,100.915,202162.945,355.927,4694982.315,1.000567535
439.521109049,0.221,221,2,101.136,202179.329,356.148,4694998.699,1.000759279
431.451201247,0.339,339,4,232.823,3328.666,356.369,4695006.891,0
440.52184695,0.221,221,2,101.357,202195.713,356.708,4695016.619,9.070645703
441.522635295,0.221,221,2,101.578,202212.097,356.929,4695033.003,1.000788345
442.523397562,0.221,221,2,101.799,202228.481,357.15,4695049.387,1.000762267
443.52421381,0.221,221,2,102.02,202244.865,357.371,4695065.771,1.000816248
444.525031076,0.221,221,2,102.241,202261.249,357.592,4695082.155,1.000817266
445.525622322,0.221,221,2,102.462,202277.633,357.813,4695098.539,1.000591246
446.526275727,0.221,221,2,102.683,202294.017,358.034,4695114.923,1.000653405
447.526881353,0.221,221,2,102.904,202310.401,358.255,4695131.307,1.000605626
448.527462051,0.221,221,2,103.125,202326.785,358.476,4695147.691,1.000580698
449.528170058,0.221,221,2,103.346,202343.169,358.697,4695164.075,1.000708007
441.449134426,0.339,339,4,233.162,3330.202,358.918,4695172.267,0
450.528865733,0.221,221,2,103.567,202359.553,359.257,4695181.467,9.079731307
451.529563605,0.221,221,2,103.788,202375.937,359.478,4695197.851,1.000697872
452.53027634,0.221,221,2,104.009,202392.321,359.699,4695214.235,1.000712735
453.530840626,0.221,221,2,104.23,202408.705,359.92,4695230.619,1.000564286
454.531363352,0.221,221,2,104.451,202425.089,360.141,4695247.003,1.000522726
455.531953252,0.221,221,2,104.672,202441.473,360.362,4695263.387,1.0005899
456.532548854,0.221,221,2,104.893,202457.857,360.583,4695279.771,1.000595602
457.533178176,0.221,221,2,105.114,202474.241,360.804,4695296.155,1.000629322
458.533781893,0.221,221,2,105.335,202490.625,361.025,4695312.539,1.000603717
459.534480682,0.221,221,2,105.556,202507.009,361.246,4695328.923,1.000698789
451.455242239,0.339,339,4,233.501,3331.21,361.467,4695337.115,0
460.53506087,0.221,221,2,105.777,202523.393,361.806,4695346.283,9.079818631
461.535711032,0.221,221,2,105.998,202539.777,362.027,4695362.667,1.000650162
462.53632211,0.221,221,2,106.219,202556.161,362.248,4695379.051,1.000611078
463.536861193,0.221,221,2,106.44,202572.545,362.469,4695395.435,1.000539083
464.53744649,0.221,221,2,106.661,202588.929,362.69,4695411.819,1.000585297
465.537977061,0.221,221,2,106.882,202605.313,362.911,4695428.203,1.000530571
466.538481961,0.221,221,2,107.103,202621.697,363.132,4695444.587,1.0005049
467.539090819,0.221,221,2,107.324,202629.889,363.353,4695452.779,1.000608858
468.539666798,0.221,221,2,107.545,202646.273,363.574,4695469.163,1.000575979
469.54035315,0.221,221,2,107.766,202662.657,363.795,4695485.547,1.000686352
461.449099564,0.339,339,4,233.84,3332.186,364.016,4695493.739,0
470.541060884,0.221,221,2,107.987,202679.041,364.355,4695502.875,9.09196132
471.541751665,0.221,221,2,108.208,202695.425,364.576,4695519.259,1.000690781
471.44913179,0.339,339,4,234.179,3341.578,364.797,4695535.899,0
472.900362766,1.575,1575,4,235.754,3341.578,366.372,4695535.899,1.451230976
472.909631935,0.286,286,4,236.04,3342.602,366.658,4695541.531,0.00926916899999
472.917283257,0.189,189,4,236.229,3344.138,366.847,4695543.067,0.00765132200002
472.937340979,0.249,249,4,236.478,3345.146,367.096,4695544.075,0.020057722
472.973299296,0.186,186,5,0.186,264.192,367.834,4695825.627,0.035958317
472.542372386,0.221,221,2,108.429,202711.809,368.063,4890426.075,0
473.543286663,0.221,221,2,108.65,202728.193,368.284,5067598.555,1.000914277
474.544321521,0.221,221,2,108.871,202744.577,368.505,5067614.939,1.001034858
475.545549069,0.221,221,2,109.092,202760.961,368.726,5067631.323,1.001227548
476.547788497,0.221,221,2,109.313,202777.345,368.947,5067647.707,1.002239428
477.548860487,0.221,221,2,109.534,202793.729,369.168,5067664.091,1.00107199
478.550397634,0.221,221,2,109.755,202810.113,369.389,5067680.475,1.001537147
479.55135607,0.221,221,2,109.976,202826.497,369.61,5067696.859,1.000958436
472.949119522,0.114,114,4,236.592,3346.122,369.831,5067705.051,0
480.552163806,0.221,221,2,110.197,202842.881,372.344,5067714.203,7.603044284
481.552994301,0.221,221,2,110.418,202859.265,372.565,5067730.587,1.000830495
482.553875485,0.221,221,2,110.639,202875.649,372.786,5067746.971,1.000881184
483.554854408,0.221,221,2,110.86,202892.033,373.007,5067763.355,1.000978923
484.555669847,0.221,221,2,111.081,202908.417,373.416,5129521.307,1.000815439
485.556550795,0.221,221,2,111.302,202924.801,373.637,5129537.691,1.000880948
472.976336115,0.188,188,3,0.188,91379.712,373.858,5129545.883,0
486.557393041,0.221,221,2,111.523,202941.185,374.044,5188358.811,13.581056926
487.558211116,0.221,221,2,111.744,202957.569,374.265,5188376.699,1.000818075
488.559084033,0.221,221,2,111.965,202973.953,374.486,5188393.083,1.000872917
472.979122975,0.25,250,7,0.25,112509.92,374.707,5188401.275,0
489.559995056,0.221,221,2,112.186,202990.337,374.893,5250457.659,16.580872081
481.451289772,2.513,2513,4,239.105,3347.082,375.114,5250465.851,0
490.560849921,0.221,221,2,112.407,203006.721,377.627,5250474.971,9.109560149
484.569218773,0.188,188,6,0.188,61750.016,377.848,5250483.163,0
491.561953701,0.221,221,2,112.628,203023.105,378.025,5301855.195,6.992734928
492.562866242,0.221,221,2,112.849,203039.489,378.246,5301871.579,1.000912541
489.704932677,0.186,186,7,0.436,174556.128,378.467,5301879.771,0
493.56369063,0.221,221,2,113.07,203055.873,378.606,5341438.939,3.858757953
494.564499241,0.221,221,2,113.291,203072.257,378.827,5341455.323,1.000808611
487.153644006,0.186,186,3,0.374,150186.432,379.048,5341463.515,0
495.565566097,0.221,221,2,113.512,203088.641,379.244,5377057.755,8.411922091
496.566868445,0.221,221,2,113.733,203105.025,379.465,5402210.555,1.001302348
497.567811588,0.221,221,2,113.954,203121.409,379.686,5402226.939,1.000943143
496.433082187,0.196,196,3,0.57,210907.392,379.907,5402235.131,0
498.568809796,0.221,221,2,114.175,203137.793,380.137,5459620.091,2.135727609
499.569749617,0.221,221,2,114.396,203145.985,380.358,5459628.283,1.000939821
492.106767178,0.177,177,6,0.365,113113.856,380.579,5459636.475,0
491.450101557,2.513,2513,4,241.618,3348.01,380.765,5495961.115,0
500.570616386,0.221,221,2,114.617,203162.369,383.278,5520316.827,9.120514829
501.571525678,0.221,221,2,114.838,203178.753,383.499,5526069.499,1.000909292
472.979511454,0.229,229,5,0.415,168181.568,383.72,5526077.691,0
502.572504133,0.221,221,2,115.059,203195.137,383.935,5526085.883,29.592992679
503.573435377,0.221,221,2,115.28,203211.521,384.156,5587624.187,1.000931244
504.574347236,0.221,221,2,115.501,203227.905,384.377,5587640.571,1.000911859
505.575155232,0.221,221,2,115.722,203244.289,384.598,5587658.379,1.000807996
503.505178712,0.215,215,5,0.63,229703.488,384.819,5587666.571,0
506.5759206,0.221,221,2,115.943,203260.673,385.007,5650622.091,3.070741888
507.576870576,0.221,221,2,116.164,203277.057,385.228,5650639.707,1.000949976
501.112918704,0.186,186,6,0.551,179520.752,385.449,5650647.899,0
508.578263707,0.221,221,2,116.385,203293.441,385.698,5712653.147,7.465345003
509.579521469,0.221,221,2,116.606,203309.825,385.919,5712671.291,1.001257762
501.449531156,2.513,2513,4,244.131,3348.906,386.14,5712679.483,0
493.819163755,0.139,139,7,0.575,214108.528,388.653,5712680.347,0
510.580366002,0.221,221,2,116.827,203326.209,388.841,5718373.787,16.761202247
511.581183525,0.221,221,2,117.048,203342.593,389.062,5769315.179,1.000817523
512.582122482,0.221,221,2,117.269,203358.977,389.283,5769331.563,1.000938957
513.583054509,0.221,221,2,117.49,203375.361,389.504,5769347.947,1.000932027
514.583959812,0.221,221,2,117.711,203391.745,389.725,5769364.331,1.000905303
515.585352205,0.221,221,2,117.932,203408.129,389.946,5769380.715,1.001392393
516.58735669,0.221,221,2,118.153,203424.513,390.167,5769397.099,1.002004485
517.588338435,0.221,221,2,118.374,203440.897,390.388,5769413.483,1.000981745
518.589471475,0.221,221,2,118.595,203457.281,390.609,5769429.867,1.00113304
519.590240668,0.221,221,2,118.816,203473.665,390.83,5769446.251,1.000769193
511.449192847,2.513,2513,4,246.644,3349.77,391.051,5769455.611,0
520.591189411,0.221,221,2,119.037,203490.049,393.564,5769464.635,9.141996564
521.592503669,0.221,221,2,119.258,203506.433,393.785,5769481.019,1.001314258
522.593359185,0.221,221,2,119.479,203522.817,394.006,5769497.403,1.000855516
523.594143567,0.221,221,2,119.7,203539.201,394.227,5769513.787,1.000784382
524.595051531,0.221,221,2,119.921,203555.585,394.448,5769531.611,1.000907964
525.595925003,0.221,221,2,120.142,203571.969,394.669,5769547.995,1.000873472
521.476224357,2.513,2513,4,249.157,3350.602,394.89,5769556.187,0
526.596701683,0.221,221,2,120.363,203588.353,395.068,5769564.779,5.120477326
527.597611571,0.221,221,2,120.584,203604.737,395.289,5769581.163,1.000909888
527.247287306,0.178,178,4,249.335,3351.002,395.51,5769589.355,0
529.307607201,2.633,2633,4,251.968,3359.786,398.143,5769598.139,2.060319895
529.314441506,1.575,1575,4,253.543,3359.786,399.718,5769598.139,0.00683430499998
506.804234367,0.188,188,5,0.818,292652.576,399.967,5769599.163,0
511.558045445,0.188,188,7,0.763,270717.472,400.196,5769599.163,4.753811078
529.32821222,0.188,188,7,0.951,270717.472,400.57,5769631.931,17.770166775
528.598525383,0.221,221,2,120.805,203621.121,400.756,5908555.963,0
529.599570057,0.221,221,2,121.026,203637.505,400.977,6393624.763,1.001044674
529.320437025,0.249,249,4,253.792,3360.81,401.198,6393632.955,0
530.600754069,0.221,221,2,121.247,203653.889,403.711,6393642.139,1.280317044
531.601535347,0.221,221,2,121.468,203662.081,403.932,6393650.331,1.000781278
532.602443319,0.221,221,2,121.689,203678.465,404.153,6393666.715,1.000907972
533.603341966,0.221,221,2,121.91,203694.849,404.374,6393683.099,1.000898647
534.604169174,0.221,221,2,122.131,203711.233,404.595,6393699.483,1.000827208
535.605032529,0.221,221,2,122.352,203727.617,404.816,6393715.867,1.000863355
536.606228079,0.221,221,2,122.573,203744.001,405.037,6393732.251,1.00119555
537.607633264,0.221,221,2,122.794,203760.385,405.258,6393748.635,1.001405185
538.608432727,0.221,221,2,123.015,203776.769,405.479,6393765.019,1.000799463
539.609224031,0.221,221,2,123.236,203793.153,405.7,6393781.403,1.000791304
498.784782899,0.23,230,3,0.8,268285.472,405.921,6393789.595,0
531.449778207,2.513,2513,4,256.305,3361.802,406.151,6453279.899,32.664995308
540.611068718,0.221,221,2,123.457,203809.537,408.664,6453289.051,9.161290511
541.613032027,0.221,221,2,123.678,203825.921,408.885,6453305.435,1.001963309
542.613944359,0.221,221,2,123.899,203842.305,409.106,6453321.819,1.000912332
543.614547333,0.221,221,2,124.12,203858.689,409.327,6453338.203,1.000602974
541.052761835,0.23,230,3,1.03,327775.776,409.548,6453346.395,0
544.615265018,0.221,221,2,124.341,203875.073,409.734,6494019.675,3.562503183
545.616123588,0.221,221,2,124.562,203891.457,409.955,6518579.291,1.00085857
546.617087274,0.221,221,2,124.783,203907.841,410.176,6518595.675,1.000963686
529.327832404,0.415,229,5,1.233,595645.984,410.397,6518603.867,0
547.618901294,0.221,221,2,125.004,203924.225,410.612,6578577.499,18.29106889
548.619866909,0.221,221,2,125.225,203940.609,410.833,6578593.883,1.000965615
508.755933883,0.249,249,6,0.8,241520.416,411.054,6578602.075,0
549.620763247,0.221,221,2,125.446,203956.993,411.24,6598336.603,40.864829364
550.621625534,0.221,221,2,125.667,203973.377,411.461,6640754.779,1.000862287
551.622583948,0.221,221,2,125.888,203989.761,411.682,6640771.163,1.000958414
541.449451303,2.513,2513,4,258.818,3362.762,411.903,6640779.355,0
552.623212375,0.221,221,2,126.109,204006.145,414.416,6640788.475,11.173761072
550.544634574,0.186,186,6,0.986,303648.544,414.637,6640796.667,0
553.623917486,0.221,221,2,126.33,204022.529,414.886,6706062.331,3.079282912
554.624772033,0.221,221,2,126.551,204038.913,415.107,6706078.715,1.000854547
555.625695569,0.221,221,2,126.772,204055.297,415.328,6706096.331,1.000923536
545.452913822,0.186,186,3,1.216,392984.096,415.549,6706104.523,0
556.626620104,0.221,221,2,126.993,204071.681,415.737,6755150.027,11.173706282
557.62757424,0.221,221,2,127.214,204088.065,415.958,6761556.171,1.000954136
529.330106924,0.186,186,7,1.137,591725.088,416.179,6761564.363,0
558.628477914,0.221,221,2,127.435,204104.449,416.318,6802237.643,29.29837099
559.629394707,0.221,221,2,127.656,204120.833,416.539,6802254.027,1.000916793
554.294044599,0.249,249,6,1.235,368906.016,416.76,6802262.219,0
553.095068593,2.513,2513,4,261.331,3363.69,416.937,6853380.299,0
560.630445217,0.221,221,2,127.877,204137.217,419.45,6853389.387,7.535376624
561.631555101,0.221,221,2,128.098,204153.601,419.671,6853405.771,1.001109884
562.632457117,0.221,221,2,128.319,204169.985,419.892,6853422.155,1.000902016
557.418003759,0.188,188,3,1.404,448411.168,420.113,6853422.155,0
563.633193525,0.221,221,2,128.54,204178.177,420.309,6858837.067,6.215189766
564.634013847,0.221,221,2,128.761,204194.561,420.53,6914821.195,1.000820322
565.635030273,0.221,221,2,128.982,204210.945,420.751,6914837.579,1.001016426
566.635846747,0.221,221,2,129.203,204227.329,420.972,6914853.963,1.000816474
558.835055889,0.139,139,7,1.276,632390.176,421.193,6914862.155,0
567.636573532,0.221,221,2,129.424,204243.713,421.443,6986207.819,8.801517643
568.637385631,0.221,221,2,129.645,204260.097,421.664,6986224.203,1.000812099
560.836073815,0.177,177,6,1.412,420024.096,421.885,6986232.395,0
569.638170286,0.221,221,2,129.866,204276.481,422.073,7019730.555,8.802096471
561.449128908,2.513,2513,4,263.844,3364.586,422.294,7041529.467,0
570.639139847,0.221,221,2,130.087,204292.865,424.807,7041538.523,9.190010939
571.640117143,0.221,221,2,130.308,204309.249,425.028,7041554.907,1.000977296
548.219532802,0.215,215,5,1.448,655615.264,425.249,7041563.099,0
572.641028793,0.221,221,2,130.529,204325.633,425.437,7098292.699,24.421495991
573.641828768,0.221,221,2,130.75,204342.017,425.658,7098309.083,1.000799975
574.642627927,0.221,221,2,130.971,204358.401,425.879,7098326.459,1.000799159
575.643374199,0.221,221,2,131.192,204374.785,426.1,7098342.843,1.000746272
576.644157349,0.221,221,2,131.413,204391.169,426.321,7098359.227,1.00078315
577.645093986,0.221,221,2,131.634,204407.553,426.542,7098375.611,1.000936637
578.645880554,0.221,221,2,131.855,204423.937,426.763,7098391.995,1.000786568
579.646670178,0.221,221,2,132.076,204440.321,426.984,7098408.379,1.000789624
571.44925502,2.513,2513,4,266.357,3365.45,427.205,7098416.571,0
580.647579212,0.221,221,2,132.297,204456.705,429.718,7098425.595,9.198324192
581.648825374,0.221,221,2,132.518,204473.089,429.939,7098441.979,1.001246162
582.649646498,0.221,221,2,132.739,204489.473,430.16,7098458.363,1.000821124
583.650581384,0.221,221,2,132.96,204505.857,430.381,7098474.747,1.000934886
584.65155,0.221,221,2,133.181,204522.241,430.602,7098491.131,1.000968616
585.65235412,0.221,221,2,133.402,204538.625,430.823,7098507.515,1.00080412
586.653167109,0.221,221,2,133.623,204555.009,431.044,7098523.899,1.000812989
587.653937056,0.221,221,2,133.844,204571.393,431.265,7098540.283,1.000769947
581.450657096,2.513,2513,4,268.87,3366.282,431.486,7098548.475,0
588.654528406,0.221,221,2,134.065,204587.777,431.664,7098557.467,7.20387131
589.655273837,0.221,221,2,134.286,204604.161,431.885,7098573.851,1.000745431
588.918102757,0.178,178,4,269.048,3367.082,432.106,7098582.043,0
590.87137391,2.588,2588,4,271.636,3367.082,434.694,7098582.043,1.953271153
590.656182446,0.221,221,2,134.507,204620.545,435.033,7098591.003,0
591.656979155,0.221,221,2,134.728,204636.929,435.254,7098607.387,1.000796709
592.657890852,0.221,221,2,134.949,204653.313,435.475,7098623.771,1.000911697
593.658803244,0.221,221,2,135.17,204669.697,435.696,7098640.155,1.000912392
594.659739727,0.221,221,2,135.391,204686.081,435.917,7098656.539,1.000936483
595.660638647,0.221,221,2,135.612,204694.273,436.138,7098664.731,1.00089892
596.661369475,0.221,221,2,135.833,204710.657,436.359,7098681.115,1.000730828
597.662064867,0.221,221,2,136.054,204727.041,436.58,7098697.499,1.000695392
598.662679763,0.221,221,2,136.275,204743.425,436.801,7098713.883,1.000614896
591.449066118,0.339,339,4,271.975,3377.322,437.022,7098731.547,0
599.878397154,1.861,1575,4,273.836,3402.858,438.883,7098757.083,8.429331036
599.884331211,0.189,189,4,274.025,3404.682,439.072,7098758.907,0.00593405699999
599.902307911,0.189,189,4,274.214,3406.378,439.261,7098760.603,0.0179767
599.663384821,0.221,221,2,136.496,204759.809,439.45,7098769.595,0
599.912314928,0.189,189,4,274.403,3407.178,439.671,7098777.787,0.248930107
601.449782306,2.513,2513,4,276.916,3407.946,442.184,7098778.555,1.537467378
601.594888178,2.376,2376,4,279.292,3416.794,444.56,7098787.403,0.145105872
600.664196404,0.221,221,2,136.717,204776.193,446.135,7098795.595,0
601.665016174,0.221,221,2,136.938,204792.577,446.356,7098811.979,1.00081977
601.602558537,1.575,1575,4,280.867,3416.794,446.577,7098820.171,0
602.66590927,0.221,221,2,137.159,204808.961,448.953,7098828.363,1.063350733
603.666605954,0.221,221,2,137.38,204825.345,449.174,7098844.747,1.000696684
604.667173205,0.221,221,2,137.601,204841.729,449.395,7098861.131,1.000567251
605.667766276,0.221,221,2,137.822,204858.113,449.616,7098877.515,1.000593071
606.668315458,0.221,221,2,138.043,204874.497,449.837,7098893.899,1.000549182
607.668889395,0.221,221,2,138.264,204890.881,450.058,7098912.235,1.000573937
608.669580383,0.221,221,2,138.485,204907.265,450.279,7098928.619,1.000690988
609.670317467,0.221,221,2,138.706,204923.649,450.5,7098945.003,1.000737084
603.034994593,2.376,2376,4,283.243,3418.746,450.721,7098953.195,0
610.671002035,0.221,221,2,138.927,204940.033,451.06,7098962.315,7.636007442
611.671723569,0.221,221,2,139.148,204956.417,451.281,7098978.699,1.000721534
612.672318863,0.221,221,2,139.369,204972.801,451.502,7098995.083,1.000595294
613.672845981,0.221,221,2,139.59,204989.185,451.723,7099011.467,1.000527118
614.673460845,0.221,221,2,139.811,205005.569,451.944,7099027.851,1.000614864
615.674007633,0.221,221,2,140.032,205021.953,452.165,7099044.235,1.000546788
616.674517964,0.221,221,2,140.253,205038.337,452.386,7099060.619,1.000510331
617.675089551,0.221,221,2,140.474,205054.721,452.607,7099077.003,1.000571587
618.675613893,0.221,221,2,140.695,205071.105,452.828,7099093.387,1.000524342
619.67623476,0.221,221,2,140.916,205087.489,453.049,7099109.771,1.000620867
611.448926905,0.339,339,4,283.582,3419.674,453.27,7099117.963,0
620.676913676,0.221,221,2,141.137,205103.873,453.609,7099127.051,9.227986771
621.67762415,0.221,221,2,141.358,205120.257,453.83,7099143.435,1.000710474
622.678215476,0.221,221,2,141.579,205136.641,454.051,7099159.819,1.000591326
623.678800531,0.221,221,2,141.8,205153.025,454.272,7099176.203,1.000585055
624.679328804,0.221,221,2,142.021,205169.409,454.493,7099192.587,1.000528273
625.679802167,0.221,221,2,142.242,205185.793,454.714,7099208.971,1.000473363
626.680379238,0.221,221,2,142.463,205202.177,454.935,7099225.355,1.000577071
627.681003531,0.221,221,2,142.684,205210.369,455.156,7099233.547,1.000624293
621.44903056,0.339,339,4,283.921,3429.898,455.377,7099251.067,0
629.07761123,1.575,1575,4,285.496,3429.898,456.952,7099251.067,7.62858067
629.080670751,0.286,286,4,285.782,3721.738,457.238,7099542.907,0.00305952099995
629.087004143,0.189,189,4,285.971,3725.834,457.427,7099547.003,0.00633339199999
629.09050924,0.286,286,4,286.257,14918.154,457.713,7110739.323,0.00350509700002
628.681538401,0.221,221,2,142.905,205226.753,457.902,7110748.539,0
629.682341622,0.221,221,2,143.126,205243.137,458.123,7110764.923,1.000803221
629.286981296,0.189,189,4,286.446,14919.178,458.344,7110773.115,0
630.683226507,0.221,221,2,143.347,205259.521,460.857,7110782.299,1.396245211
631.44944809,2.513,2513,4,288.959,14920.17,461.078,7110790.491,0.766221583
631.96141176,0.286,286,4,289.245,21392.81,461.364,7117263.131,0.51196367
631.684034375,0.221,221,2,143.568,205275.905,461.553,7117272.251,0
632.684877381,0.221,221,2,143.789,205292.289,461.774,7117288.635,1.000843006
633.68576862,0.221,221,2,144.01,205308.673,461.995,7117305.019,1.000891239
634.686631888,0.221,221,2,144.231,205325.057,462.216,7117321.403,1.000863268
635.687558324,0.221,221,2,144.452,205341.441,462.437,7117337.787,1.000926436
636.688470098,0.221,221,2,144.673,205357.825,462.658,7117354.171,1.000911774
637.689418272,0.221,221,2,144.894,205374.209,462.879,7117370.555,1.000948174
638.690198322,0.221,221,2,145.115,205390.593,463.1,7117386.939,1.00078005
639.690854284,0.221,221,2,145.336,205406.977,463.321,7117403.323,1.000655962
631.989240231,0.189,189,4,289.434,21393.738,463.542,7117411.515,0
640.691584266,0.221,221,2,145.557,205423.361,466.055,7117420.603,8.702344035
641.692417973,0.221,221,2,145.778,205439.745,466.276,7117436.987,1.000833707
642.693389582,0.221,221,2,145.999,205456.129,466.497,7117453.371,1.000971609
643.694507159,0.221,221,2,146.22,205472.513,466.718,7117469.755,1.001117577
644.69692384,0.221,221,2,146.441,205488.897,466.939,7117486.139,1.002416681
645.698324696,0.221,221,2,146.662,205505.281,467.16,7117502.523,1.001400856
646.699058584,0.221,221,2,146.883,205521.665,467.381,7117518.907,1.000733888
641.451033395,2.513,2513,4,291.947,21394.634,467.602,7117527.099,0
648.170982464,2.663,2663,4,294.61,21403.962,470.265,7117536.427,6.719949069
647.699703088,0.221,221,2,147.104,205538.049,471.84,7117544.619,0
648.700391905,0.221,221,2,147.325,205554.433,472.061,7117561.003,1.000688817
649.701139897,0.221,221,2,147.546,205570.817,472.282,7117577.387,1.000747992
650.701887618,0.221,221,2,147.767,205587.201,472.503,7117601.963,1.000747721
651.702641387,0.221,221,2,147.988,205603.585,472.724,7117618.347,1.000753769
652.703424931,0.221,221,2,148.209,205619.969,472.945,7117634.731,1.000783544
653.704235336,0.221,221,2,148.43,205636.353,473.166,7117651.115,1.000810405
654.7051087,0.221,221,2,148.651,205652.737,473.387,7117667.499,1.000873364
655.705972506,0.221,221,2,148.872,205669.121,473.608,7117683.883,1.000863806
656.706874829,0.221,221,2,149.093,205685.505,473.829,7117700.267,1.000902323
657.707792503,0.221,221,2,149.314,205701.889,474.05,7117716.651,1.000917674
658.708710374,0.221,221,2,149.535,205718.273,474.271,7117733.035,1.000917871
659.709658338,0.221,221,2,149.756,205726.465,474.492,7117741.227,1.000947964
660.710832626,0.221,221,2,149.977,205742.849,474.713,7117757.611,1.001174288
648.175718089,1.575,1575,4,296.185,21412.154,474.934,7117765.803,0
662.012694314,2.513,2513,4,298.698,21416.25,477.447,7117769.899,13.836976225
661.711823395,0.221,221,2,150.198,205759.233,480.11,7117778.091,0
662.712619512,0.221,221,2,150.419,205775.617,480.331,7117794.475,1.000796117
663.713409964,0.221,221,2,150.64,205792.001,480.552,7117810.859,1.000790452
664.714443132,0.221,221,2,150.861,205808.385,480.773,7117827.243,1.001033168
665.71559898,0.221,221,2,151.082,205824.769,480.994,7117843.627,1.001155848
666.716493966,0.221,221,2,151.303,205841.153,481.215,7117860.011,1.000894986
667.717440582,0.221,221,2,151.524,205857.537,481.436,7117876.395,1.000946616
668.718306581,0.221,221,2,151.745,205873.921,481.657,7117892.779,1.000865999
669.718860218,0.221,221,2,151.966,205890.305,481.878,7117909.163,1.000553637
662.399552081,2.663,2663,4,301.361,21416.25,482.099,7117917.355,0
670.719236122,0.221,221,2,152.187,205906.689,482.438,7117927.595,8.319684041
671.719606314,0.221,221,2,152.408,205923.073,482.659,7117943.979,1.000370192
672.719971026,0.221,221,2,152.629,205939.457,482.88,7117960.363,1.000364712
673.720344949,0.221,221,2,152.85,205955.841,483.101,7117976.747,1.000373923
674.720709315,0.221,221,2,153.071,205972.225,483.322,7117993.131,1.000364366
675.721083546,0.221,221,2,153.292,205988.609,483.543,7118009.515,1.000374231
676.721453738,0.221,221,2,153.513,206004.993,483.764,7118025.899,1.000370192
677.721810785,0.221,221,2,153.734,206021.377,483.985,7118042.283,1.000357047
678.72217411,0.221,221,2,153.955,206037.761,484.206,7118058.667,1.000363325
679.722533919,0.221,221,2,154.176,206054.145,484.427,7118075.051,1.000359809
671.448880798,0.339,339,4,301.7,21418.298,484.648,7118083.243,0
680.722913703,0.221,221,2,154.397,206070.529,484.987,7118092.459,9.274032905
681.723286856,0.221,221,2,154.618,206086.913,485.208,7118110.075,1.000373153
682.723655094,0.221,221,2,154.839,206103.297,485.429,7118127.627,1.000368238
683.724024058,0.221,221,2,155.06,206119.681,485.65,7118144.011,1.000368964
684.724383485,0.221,221,2,155.281,206136.065,485.871,7118160.395,1.000359427
685.724748679,0.221,221,2,155.502,206152.449,486.092,7118176.779,1.000365194
686.72511951,0.221,221,2,155.723,206168.833,486.313,7118193.163,1.000370831
687.725486574,0.221,221,2,155.944,206185.217,486.534,7118209.547,1.000367064
688.725849216,0.221,221,2,156.165,206201.601,486.755,7118225.931,1.000362642
689.726212829,0.221,221,2,156.386,206217.985,486.976,7118242.315,1.000363613
681.448919353,0.339,339,4,302.039,21419.322,487.197,7118250.507,0
690.726592982,0.221,221,2,156.607,206234.369,487.536,7118259.691,9.277673629
691.44890073,0.339,339,4,302.378,21421.274,487.757,7118260.651,0.722307748
693.271803637,0.189,189,4,302.567,21422.202,487.946,7118261.579,1.822902907
693.274795951,0.189,189,4,302.756,21423.962,488.135,7118263.339,0.00299231400004
699.041272358,0.189,189,4,302.945,21426.362,488.324,7118265.739,5.766476407
