time,size,first_call,destination,dest_out_traffic,dest_in_traffic,total_network_out,total_network_in,dens10
4.889524778,0.244,244,2,0.244,25.46,0.244,27.508,0
4.930086919,0.183,183,2,0.427,41.844,0.427,43.892,0.040562141
5.940440191,0.183,183,2,0.61,58.228,0.61,60.276,1.010353272
6.941767315,0.183,183,2,0.793,74.612,0.793,76.66,1.001327124
7.942698858,0.183,183,2,0.976,90.996,0.976,93.044,1.000931543
8.943389728,0.183,183,2,1.159,107.38,1.159,109.428,1.00069087
9.944227125,0.183,183,2,1.342,123.764,1.342,125.812,1.000837397
10.944976173,0.183,183,2,1.525,140.148,1.525,142.196,1.000749048
11.945701964,0.183,183,2,1.708,156.532,1.708,158.58,1.000725791
12.946548789,0.183,183,2,1.891,172.916,1.891,174.964,1.000846825
13.947257818,0.183,183,2,2.074,189.3,2.074,191.348,1.000709029
14.948293006,0.183,183,2,2.257,205.684,2.257,207.732,1.001035188
15.950498174,0.183,183,2,2.44,222.068,2.44,224.116,1.002205168
16.951154264,0.183,183,2,2.623,238.452,2.623,240.5,1.00065609
17.951809584,0.183,183,2,2.806,254.836,2.806,256.884,1.00065532
18.952468188,0.183,183,2,2.989,271.22,2.989,273.268,1.000658604
19.954198086,0.183,183,2,3.172,287.604,3.172,289.652,1.001729898
21.704186755,0.268,268,3,0.268,8.452,3.789,309.028,1.749988669
20.954917871,0.183,183,2,3.355,303.988,4.042,325.412,0
22.026972355,0.219,219,2,3.574,336.756,4.261,358.18,1.072054484
22.255573841,0.283,283,2,3.857,353.14,4.544,374.564,0.228601486
22.29956938,0.207,207,2,4.064,369.524,4.751,390.948,0.043995539
22.342574918,0.102,102,2,4.166,377.716,4.853,399.14,0.043005538
21.747433316,0.253,253,3,0.521,24.836,4.979,51256.872,0
22.759686969,0.291,291,3,0.812,25.123,5.27,51398.416,1.012253653
22.370017654,0.126,126,2,4.292,87655.495,5.504,87693.59,0
22.762829477,0.234,234,3,1.046,41.507,5.723,198172.455,0.392811823
23.764921503,0.405,405,3,1.451,41.908,6.128,198172.856,1.002092026
23.028497898,0.219,219,2,4.511,218935.701,6.358,218990.581,0
23.767308399,0.23,230,3,1.681,58.292,6.577,269424.209,0.738810501
24.033863524,0.219,219,2,4.73,287789.717,7.092,287861.492,0.266555125
24.76934965,0.515,515,3,2.196,75.187,7.311,338045.156,0.735486126
25.040061589,0.219,219,2,4.949,347626.298,7.826,347714.968,0.270711939
25.923650068,0.126,126,2,5.075,355364.397,7.952,355453.067,0.883588479
25.771234806,0.515,515,3,2.711,92.082,8.171,404181.652,0
26.047328156,0.219,219,2,5.294,425504.267,8.686,425609.832,0.27609335
26.773079454,0.515,515,3,3.226,108.977,8.905,505066.558,0.725751298
27.05378177,0.219,219,2,5.513,523319.569,9.42,523442.029,0.280702316
28.05816864,0.219,219,2,5.732,523327.761,9.639,523450.221,1.00438687
28.528763958,0.174,174,2,5.906,523352.337,9.813,523474.797,0.470595318
28.532052645,0.188,188,2,6.094,523360.529,10.001,523482.989,0.003288687
27.775115328,0.515,515,3,3.741,125.872,10.125,523491.181,0
28.536018093,0.124,124,2,6.218,523753.808,10.776,523893.299,0.760902765
28.537282709,0.651,651,3,4.392,142.903,10.946,523901.491,0.001264616
28.576812946,0.17,170,2,6.388,523770.192,11.443,523926.56,0.039530237
28.579152419,0.184,184,2,6.572,523778.384,11.627,523934.752,0.002339473
28.577643009,0.497,497,3,4.889,159.78,11.751,523989.599,0
28.582398642,0.124,124,2,6.696,523833.231,12.13,524006.358,0.004755633
28.60744233,0.379,379,3,5.268,176.539,12.349,524022.742,0.025043688
21.145651413,0.166,166,5,0.166,2.732,12.88,524064.006,0
30.844594205,0.176,176,5,0.342,3.756,13.056,524065.03,9.698942792
30.871160502,0.154,154,5,0.496,7.34,13.21,524068.614,0.026566297
31.002756636,0.17,170,5,0.666,8.364,13.38,524069.638,0.131596134
29.062427283,0.219,219,2,6.915,523865.999,13.552,524079.366,0
31.035417493,0.172,172,5,0.838,9.9,13.771,524087.558,1.97299021
31.374312334,0.177,177,5,1.015,10.412,13.948,524088.07,0.338894841
31.400661286,0.176,176,5,1.191,10.908,14.124,524088.566,0.026348952
31.419556705,1.53,1530,5,2.721,12.364,15.654,524090.022,0.018895419
31.477881929,1.256,1256,5,3.977,12.828,16.91,524090.486,0.058325224
31.064372013,0.219,219,2,7.134,523882.383,17.081,524099.59,0
32.065379474,0.219,219,2,7.353,523898.767,17.3,524115.974,1.001007461
33.066179366,0.219,219,2,7.572,523915.151,17.519,524132.358,1.000799892
34.066875474,0.219,219,2,7.791,523931.535,17.738,524148.742,1.000696108
35.067538827,0.219,219,2,8.01,523947.919,17.957,524165.126,1.000663353
36.068213074,0.219,219,2,8.229,523964.303,18.176,524181.51,1.000674247
37.069195322,0.219,219,2,8.448,523980.687,18.395,524197.894,1.000982248
38.069822916,0.219,219,2,8.667,523997.071,18.614,524214.278,1.000627594
39.070517767,0.219,219,2,8.886,524013.455,18.833,524230.662,1.000694851
40.071208358,0.219,219,2,9.105,524029.839,19.052,524247.046,1.000690591
41.071882466,0.219,219,2,9.324,524046.223,19.271,524263.43,1.000674108
42.072543094,0.219,219,2,9.543,524062.607,19.49,524279.814,1.000660628
43.073279082,0.219,219,2,9.762,524078.991,19.709,524296.198,1.000735988
31.487413309,0.171,171,5,4.148,13.74,19.928,524304.39,0
44.073941457,0.219,219,2,9.981,524095.375,20.267,524313.03,12.586528148
45.074739743,0.219,219,2,10.2,524111.759,20.486,524329.414,1.000798286
46.075432289,0.219,219,2,10.419,524128.143,20.705,524345.798,1.000692546
47.07609613,0.219,219,2,10.638,524144.527,20.924,524362.182,1.000663841
48.076832397,0.219,219,2,10.857,524160.911,21.143,524378.566,1.000736267
49.077464251,0.22,220,2,11.077,524177.295,21.363,524394.95,1.000631854
50.07841954,0.22,220,2,11.297,524193.679,21.583,524420.166,1.000955289
44.153865098,0.339,339,5,4.487,23.02,21.803,524428.358,0
51.091767327,1.575,1575,5,6.062,23.02,23.378,524428.358,6.937902229
51.212187319,0.286,286,5,6.348,36.844,23.664,524442.182,0.120419992
51.463117972,0.189,189,5,6.537,38.892,23.853,524444.23,0.250930653
51.948717991,0.286,286,5,6.823,91.116,24.139,524496.454,0.485600019
51.079311274,0.22,220,2,11.517,524210.063,24.328,524506.182,0
52.948464607,0.23,230,8,0.23,40.96,24.778,524557.382,1.869153333
52.080414906,0.22,220,2,11.737,524226.447,25.033,524573.766,0
53.081557509,0.22,220,2,11.957,524242.831,25.253,531329.596,1.001142603
51.959853904,0.189,189,5,7.012,92.652,25.473,532328.883,0
54.082731052,0.22,220,2,12.177,524259.215,27.986,543041.413,2.122877148
55.084118938,0.22,220,2,12.397,524275.599,28.206,554554.499,1.001387886
56.085372799,0.22,220,2,12.617,524291.983,28.426,567521.191,1.001253861
57.086580774,0.22,220,2,12.837,524308.367,28.646,580421.81,1.001207975
58.08784532,0.22,220,2,13.057,524324.751,28.866,593520.648,1.001264546
59.088916895,0.22,220,2,13.277,524341.135,29.086,606883.778,1.001071575
60.090213498,0.22,220,2,13.497,524357.519,29.306,619454.032,1.001296603
61.091204756,0.22,220,2,13.717,524390.287,29.746,645057.051,1.000991258
63.093299505,0.22,220,2,13.937,524406.671,29.966,656371.918,2.002094749
54.161932465,2.513,2513,5,9.525,93.164,30.186,657106.913,0
53.066669024,0.153,153,9,0.153,135251.431,32.699,660080.694,0
64.147616119,2.513,2513,5,12.038,93.66,32.852,660146.767,11.080947095
64.486185849,2.581,2581,5,14.619,103.884,35.433,660156.991,0.33856973
53.035649786,0.102,102,8,0.332,73.728,37.008,660181.567,0
64.397003629,0.153,153,9,0.306,135317.504,37.238,660189.759,11.361353843
64.094500007,0.22,220,2,14.157,524423.055,37.391,666809.592,0
65.09564275,0.22,220,2,14.377,524439.439,37.611,680040.576,1.001142743
66.096977417,0.22,220,2,14.597,524455.823,37.831,692742.976,1.001334667
67.098533411,0.22,220,2,14.817,524472.207,38.051,705775.741,1.001555994
68.099753678,0.22,220,2,15.037,524488.591,38.271,718147.776,1.001220267
69.100775386,0.22,220,2,15.257,524504.975,38.491,731378.76,1.001021708
70.101816999,0.22,220,2,15.477,524521.359,38.711,744147.233,1.001041613
71.103662346,0.22,220,2,15.697,524537.743,38.931,756122.83,1.001845347
72.104802016,0.22,220,2,15.917,524554.127,39.151,769353.814,1.00113967
73.10580808,0.22,220,2,16.137,524570.511,39.371,782320.506,1.001006064
64.493058162,1.575,1575,5,16.194,103.884,39.591,782923.355,0
74.106848575,0.22,220,2,16.357,524586.895,42.104,795817.83,9.613790413
64.557444771,0.23,230,8,0.562,106.496,42.324,796313.109,0
64.559963527,0.153,153,9,0.459,271234.006,42.558,796321.301,0.002518756
74.148895682,2.513,2513,5,18.707,105.932,42.711,796477.93,9.588932155
75.206728315,2.538,2538,5,21.245,117.196,45.249,796489.194,1.057832633
75.14626071,0.234,234,8,0.796,122.88,46.824,796497.386,0
75.225547119,0.14,140,8,0.936,139.264,46.964,796513.77,0.079286409
75.148866767,0.153,153,9,0.612,271390.635,47.108,796521.962,0
75.107936982,0.22,220,2,16.577,524603.279,47.261,807978.428,0
76.108981248,0.22,220,2,16.797,524619.663,47.481,821077.266,1.001044266
77.11005443,0.22,220,2,17.017,524636.047,47.701,833515.374,1.001073182
78.111117833,0.22,220,2,17.237,524652.431,47.921,846019.555,1.001063403
79.112150157,0.22,220,2,17.457,524668.815,48.141,859118.393,1.001032324
80.113159992,0.22,220,2,17.677,524685.199,48.361,871490.428,1.001009835
81.114071561,0.22,220,2,17.897,524701.583,48.581,883862.463,1.000911569
82.115173097,0.22,220,2,18.117,524717.967,48.801,897093.447,1.001101536
83.116208844,0.22,220,2,18.337,524734.351,49.021,910456.577,1.001035747
75.214651879,1.575,1575,5,22.82,117.196,49.241,910861.207,0
84.117192768,0.22,220,2,18.557,524750.735,51.754,924034.31,8.902540889
75.229098059,0.153,153,9,0.765,406924.003,51.974,932235.554,0
84.149563434,2.513,2513,5,25.333,133.58,52.127,932329.529,8.920465375
85.778245685,2.538,2538,5,27.871,166.348,54.665,932362.297,1.628682251
75.227224288,0.144,144,8,1.08,172.032,56.24,932386.873,0
85.795241143,0.23,230,8,1.31,188.416,56.47,932403.257,10.568016855
85.729948761,0.153,153,9,0.918,407017.978,56.614,932411.449,0
85.118314139,0.22,220,2,18.777,524767.119,56.767,936320.735,0
86.119381803,0.22,220,2,18.997,524783.503,56.987,949353.5,1.001067664
87.12045673,0.22,220,2,19.217,524799.887,57.207,961989.827,1.001074927
88.121480115,0.22,220,2,19.437,524816.271,57.427,975154.738,1.001023385
89.123371207,0.22,220,2,19.657,524832.655,57.647,988583.941,1.001891092
90.124607188,0.22,220,2,19.877,524849.039,57.867,1002145.29,1.001235981
91.125751957,0.22,220,2,20.097,524865.423,58.087,1015706.639,1.001144769
92.126794478,0.22,220,2,20.317,524881.807,58.307,1029201.915,1.001042521
93.12778357,0.22,220,2,20.537,524889.999,58.527,1042490.78,1.000989092
85.784044258,1.575,1575,5,29.446,166.348,58.747,1042763.264,0
94.128733621,0.22,220,2,20.757,524906.383,61.26,1055853.373,8.344689363
85.799089188,0.153,153,9,1.071,542602.561,61.48,1068217.216,0
95.129799539,0.22,220,2,20.977,524922.767,61.633,1068379.865,9.330710351
94.147924679,2.513,2513,5,31.959,231.884,61.853,1068388.057,0
96.154891696,2.538,2538,5,34.497,330.188,64.391,1068486.361,2.006967017
85.797317733,0.144,144,8,1.454,212.992,65.966,1068502.745,0
96.173403198,0.23,230,8,1.684,237.568,66.196,1068527.321,10.376085465
96.103390105,0.153,153,9,1.224,542757.018,66.34,1068535.513,0
96.130900447,0.22,220,2,21.197,524939.151,66.493,1081254.716,0.027510342
97.132034669,0.22,220,2,21.417,524955.535,66.713,1094353.554,1.001134222
98.133305641,0.22,220,2,21.637,524971.919,66.933,1107716.684,1.001270972
99.134447127,0.22,220,2,21.857,524988.303,67.153,1121410.179,1.001141486
100.135464645,0.22,220,2,22.077,525004.687,67.373,1135103.674,1.001017518
101.136619401,0.22,220,2,22.297,525021.071,67.593,1148797.169,1.001154756
102.137650188,0.22,220,2,22.517,525037.455,67.813,1162424.591,1.001030787
103.138765763,0.22,220,2,22.737,525053.839,68.033,1175985.94,1.001115575
96.160636002,1.575,1575,5,36.072,330.188,68.253,1176126.278,0
104.139820017,0.22,220,2,22.957,525070.223,70.766,1189249.692,7.979184015
105.140779776,0.22,220,2,23.177,525086.607,70.986,1202348.53,1.000959759
96.176847421,0.153,153,9,1.377,678826.32,71.206,1204801.423,0
104.147201892,2.513,2513,5,38.585,362.956,71.359,1205080.464,7.970354471
106.382323551,2.538,2538,5,41.123,412.108,73.897,1205129.616,2.235121659
96.175076875,0.144,144,8,1.828,262.144,75.472,1205146.0,0
106.39972318,0.23,230,8,2.058,286.72,75.702,1205170.576,10.224646305
106.329226715,0.153,153,9,1.53,679105.361,75.846,1205178.768,0
106.141709992,0.22,220,2,23.397,525102.991,75.999,1215058.375,0
107.142741548,0.22,220,2,23.617,525119.375,76.219,1228421.505,1.001031556
108.143813053,0.22,220,2,23.837,525135.759,76.439,1238877.423,1.001071505
109.144757587,0.22,220,2,24.057,525152.143,76.659,1252042.334,1.000944534
110.145800945,0.22,220,2,24.277,525168.527,76.879,1265537.61,1.001043358
111.146855968,0.22,220,2,24.497,525184.911,77.099,1279032.886,1.001055023
112.148102425,0.22,220,2,24.717,525201.295,77.319,1292263.87,1.001246457
106.391340689,1.575,1575,5,42.698,412.108,77.539,1305949.173,0
113.149404895,0.22,220,2,24.937,525217.679,80.052,1305973.749,6.758064206
114.150459359,0.22,220,2,25.157,525234.063,80.272,1319535.098,1.001054464
115.151379239,0.22,220,2,25.377,525250.447,80.492,1332898.228,1.00091988
106.403401441,0.153,153,9,1.683,814845.841,80.712,1341099.472,0
114.147401708,2.513,2513,5,45.211,428.492,80.865,1341223.145,7.744000267
116.81892991,2.538,2538,5,47.749,461.26,83.403,1341255.913,2.671528202
106.401275542,0.144,144,8,2.202,319.488,84.978,1341280.489,0
116.832882802,0.23,230,8,2.432,335.872,85.208,1341296.873,10.43160726
116.76970703,0.153,153,9,1.836,814969.514,85.352,1341305.065,0
116.152270134,0.22,220,2,25.597,525266.831,85.505,1345676.862,0
117.153335493,0.22,220,2,25.817,525283.215,85.725,1359106.065,1.001065359
118.154309151,0.22,220,2,26.037,525299.599,85.945,1372469.195,1.000973658
119.155360821,0.22,220,2,26.257,525315.983,86.165,1385964.471,1.00105167
120.156494903,0.22,220,2,26.477,525332.367,86.385,1399525.82,1.001134082
121.157397253,0.22,220,2,26.697,525348.751,86.605,1412955.023,1.00090235
122.158293317,0.22,220,2,26.917,525365.135,86.825,1426582.445,1.000896064
116.824473492,1.575,1575,5,49.324,461.26,87.045,1439871.31,0
123.159205374,0.22,220,2,27.137,525381.519,89.558,1440208.793,6.334731882
124.160149907,0.22,220,2,27.357,525397.903,89.778,1453373.704,1.000944533
125.161094231,0.22,220,2,27.577,525406.095,89.998,1466794.715,1.000944324
116.837061266,0.153,153,9,1.989,950620.17,90.218,1477242.441,0
124.145558946,2.513,2513,5,51.837,592.332,90.371,1477496.476,7.30849768
126.980056475,2.538,2538,5,54.375,657.868,92.909,1477562.012,2.834497529
116.835402885,0.144,144,8,2.576,360.448,94.484,1477578.396,0
126.995977355,0.23,230,8,2.806,385.024,94.714,1477602.972,10.16057447
126.934185488,0.153,153,9,2.142,950874.205,94.858,1477611.164,0
126.162123413,0.22,220,2,27.797,525422.479,95.011,1479924.932,0
127.163041895,0.22,220,2,28.017,525438.863,95.231,1493420.208,1.000918482
128.164086651,0.22,220,2,28.237,525455.247,95.451,1506452.973,1.001044756
129.165042778,0.22,220,2,28.457,525471.631,95.671,1519948.249,1.000956127
130.166006658,0.22,220,2,28.677,525488.015,95.891,1533311.379,1.00096388
131.166965718,0.22,220,2,28.897,525496.207,96.111,1546930.609,1.00095906
132.168753725,0.22,220,2,29.117,525512.591,96.331,1559699.082,1.001788007
126.98637341,1.575,1575,5,55.95,657.868,96.552,1572591.509,0
133.170662697,0.221,221,2,29.338,525528.975,99.065,1572962.834,6.184289287
134.171764513,0.221,221,2,29.559,525545.359,99.286,1586524.183,1.001101816
135.172886723,0.221,221,2,29.78,525561.743,99.507,1599755.167,1.00112221
136.173884266,0.221,221,2,30.001,525578.127,99.728,1613184.37,1.000997543
126.999940289,0.153,153,9,2.295,1086515.095,99.949,1613456.854,0
134.148711651,2.513,2513,5,58.463,690.636,100.102,1613710.889,7.148771362
137.247365258,2.538,2538,5,61.001,723.404,102.64,1613743.657,3.098653607
126.99729086,0.144,144,8,2.95,409.6,104.215,1613760.041,0
137.260626581,0.23,230,8,3.18,434.176,104.445,1613784.617,10.263335721
137.197901287,0.153,153,9,2.448,1086769.13,104.589,1613792.809,0
137.174829079,0.221,221,2,30.222,525594.511,104.742,1626542.009,0
138.175940673,0.221,221,2,30.443,525610.895,104.963,1640301.577,1.001111594
139.176985079,0.221,221,2,30.664,525627.279,105.184,1654193.291,1.001044406
140.178059937,0.221,221,2,30.885,525643.663,105.405,1667688.567,1.001074858
141.179030451,0.221,221,2,31.106,525660.047,105.626,1681249.916,1.000970514
142.179869943,0.221,221,2,31.327,525676.431,105.847,1694679.119,1.000839492
137.252867704,1.575,1575,5,62.576,723.404,106.068,1707703.692,0
143.180714534,0.221,221,2,31.548,525692.815,108.581,1708256.852,5.92784683
144.181693849,0.221,221,2,31.769,525709.199,108.802,1721752.128,1.000979315
145.1827979,0.221,221,2,31.99,525725.583,109.023,1735247.404,1.001104051
146.183826732,0.221,221,2,32.211,525741.967,109.244,1748610.534,1.001028832
137.264268176,0.153,153,9,2.601,1222802.356,109.465,1750006.259,0
144.146114185,2.513,2513,5,65.089,739.788,109.618,1750168.68,6.881846009
147.335296552,2.538,2538,5,67.627,764.364,112.156,1750193.256,3.189182367
137.262187325,0.144,144,8,3.324,458.752,113.731,1750209.64,0
147.347406612,0.23,230,8,3.554,483.328,113.961,1750234.216,10.085219287
147.291246747,0.153,153,9,2.754,1222964.777,114.105,1750242.408,0
147.184704008,0.221,221,2,32.432,525758.351,114.258,1761693.456,0
148.185653431,0.221,221,2,32.653,525774.735,114.479,1774990.513,1.000949423
149.186766701,0.221,221,2,32.874,525791.119,114.7,1788287.57,1.00111327
150.187834644,0.221,221,2,33.095,525807.503,114.921,1802047.138,1.001067943
151.188701234,0.221,221,2,33.316,525823.887,115.142,1815872.779,1.00086659
152.189626422,0.221,221,2,33.537,525840.271,115.363,1829764.493,1.000925188
147.340292648,1.575,1575,5,69.202,764.364,115.584,1842921.212,0
153.190643032,0.221,221,2,33.758,525856.655,118.097,1843721.206,5.850350384
154.191522752,0.221,221,2,33.979,525873.039,118.318,1857150.409,1.00087972
155.192402822,0.221,221,2,34.2,525889.423,118.539,1870513.539,1.00088007
156.193372778,0.221,221,2,34.421,525905.807,118.76,1882423.063,1.000969956
147.35179446,0.153,153,9,2.907,1358624.873,118.981,1886197.416,0
154.145489874,2.513,2513,5,71.715,895.436,119.134,1886451.451,6.793695414
157.51605187,2.538,2538,5,74.253,928.204,121.672,1886484.219,3.370561996
147.349496961,0.144,144,8,3.698,507.904,123.247,1886500.603,0
157.527706844,0.23,230,8,3.928,532.48,123.477,1886525.179,10.178209883
157.471717811,0.153,153,9,3.06,1358878.908,123.621,1886533.371,0
157.194242372,0.221,221,2,34.642,525938.575,123.774,1909172.558,0
159.196433712,0.221,221,2,34.863,525954.959,123.995,1922998.199,2.00219134
160.197397173,0.221,221,2,35.084,525971.343,124.216,1936691.694,1.000963461
161.198325992,0.221,221,2,35.305,525987.727,124.437,1950253.043,1.000928819
162.199232253,0.221,221,2,35.526,526004.111,124.658,1963814.392,1.000906261
157.520866309,1.575,1575,5,75.828,928.204,124.879,1976442.527,0
163.200250539,0.221,221,2,35.747,526020.495,127.392,1977276.363,5.67938423
164.201170418,0.221,221,2,35.968,526036.879,127.613,1990573.42,1.000919879
165.202095117,0.221,221,2,36.189,526053.263,127.834,2004068.696,1.000924699
166.203024285,0.221,221,2,36.41,526069.647,128.055,2016969.315,1.000929168
157.530954324,0.153,153,9,3.213,1494346.203,128.276,2022197.274,0
164.145841455,2.513,2513,5,78.341,960.972,128.429,2022454.205,6.614887131
167.634579583,2.538,2538,5,80.879,1010.124,130.967,2022503.357,3.488738128
157.529463213,0.144,144,8,4.072,565.248,132.542,2022527.933,0
167.648044633,0.23,230,8,4.302,581.632,132.772,2022544.317,10.11858142
167.590556666,0.153,153,9,3.366,1494603.134,132.916,2022552.509,0
167.203892622,0.221,221,2,36.631,526086.031,133.069,2030727.035,0
168.204761867,0.221,221,2,36.852,526102.415,133.29,2044354.457,1.000869245
169.2056756,0.221,221,2,37.073,526118.799,133.511,2058246.171,1.000913733
170.206574318,0.221,221,2,37.294,526135.183,133.732,2072071.812,1.000898718
171.207462559,0.221,221,2,37.515,526151.567,133.953,2085963.526,1.000888241
172.208361556,0.221,221,2,37.736,526167.951,134.174,2099789.167,1.000898997
167.640430886,1.575,1575,5,82.454,1010.124,134.395,2112615.521,0
173.209205588,0.221,221,2,37.957,526184.335,136.908,2113432.973,5.568774702
174.210099557,0.221,221,2,38.178,526200.719,137.129,2126994.322,1.000893969
175.211014547,0.221,221,2,38.399,526217.103,137.35,2140291.379,1.00091499
176.211837068,0.221,221,2,38.62,526233.487,137.571,2153654.509,1.000822521
167.651042221,0.153,153,9,3.519,1630818.942,137.792,2158948.541,0
174.145625506,2.513,2513,5,84.967,1026.508,137.945,2159174.674,6.494583285
177.659024312,2.538,2538,5,87.505,1059.276,140.483,2159207.442,3.513398806
167.6494761,0.144,144,8,4.446,598.016,142.058,2159215.634,0
177.680104646,0.23,230,8,4.676,622.592,142.288,2159240.21,10.030628546
177.6147617,0.153,153,9,3.672,1631045.075,142.432,2159248.402,0
177.212705964,0.221,221,2,38.841,526249.871,142.585,2166602.924,0
178.213575348,0.221,221,2,39.062,526266.255,142.806,2180098.2,1.000869384
179.214442916,0.221,221,2,39.283,526282.639,143.027,2193593.476,1.000867568
180.215274097,0.221,221,2,39.504,526299.023,143.248,2207088.752,1.000831181
181.216138942,0.221,221,2,39.725,526315.407,143.469,2220517.955,1.000864845
182.216998479,0.221,221,2,39.946,526331.791,143.69,2234145.377,1.000859537
177.664985056,1.575,1575,5,89.08,1059.276,143.911,2246905.658,0
183.217899501,0.221,221,2,40.167,526348.175,146.424,2247903.871,5.552914445
184.218886708,0.221,221,2,40.388,526364.559,146.645,2261333.074,1.000987207
185.219835013,0.221,221,2,40.609,526380.943,146.866,2274762.277,1.000948305
186.220753635,0.221,221,2,40.83,526397.327,147.087,2288125.407,1.000918622
177.683018494,0.153,153,9,3.825,1766705.171,147.308,2295203.41,0
184.145275811,2.513,2513,5,91.593,1190.348,147.461,2295457.445,6.462257317
187.810592818,2.538,2538,5,94.131,1223.116,149.999,2295490.213,3.665317007
177.681655053,0.144,144,8,4.82,647.168,151.574,2295506.597,0
187.82297896,0.23,230,8,5.05,671.744,151.804,2295531.173,10.141323907
187.768940803,0.153,153,9,3.978,1766959.206,151.948,2295539.365,0
187.22163154,0.221,221,2,41.051,526413.711,152.101,2301380.361,0
188.222573978,0.221,221,2,41.272,526430.095,152.322,2314875.637,1.000942438
189.223466061,0.221,221,2,41.493,526462.863,152.543,2341667.97,1.000892083
191.225330404,0.221,221,2,41.714,526479.247,152.764,2355163.246,2.001864343
192.226324665,0.221,221,2,41.935,526495.631,152.985,2368592.449,1.000994261
187.815952368,1.575,1575,5,95.706,1223.116,153.206,2380890.219,0
193.227248107,0.221,221,2,42.156,526512.015,155.719,2381988.347,5.411295739
194.228275891,0.221,221,2,42.377,526528.399,155.94,2395615.769,1.001027784
195.229300253,0.221,221,2,42.598,526544.783,156.161,2408912.826,1.001024362
196.230340329,0.221,221,2,42.819,526561.167,156.382,2422011.664,1.001040076
187.825948751,0.153,153,9,4.131,1902889.747,156.603,2431666.514,0
194.145191652,2.513,2513,5,98.219,1255.884,156.756,2431823.143,6.319242901
198.015193697,2.538,2538,5,100.757,1305.036,159.294,2431872.295,3.870002045
187.824373272,0.144,144,8,5.194,704.512,160.869,2431896.871,0
198.026035578,0.23,230,8,5.424,720.896,161.099,2431913.255,10.201662306
197.967039109,0.153,153,9,4.284,1903046.376,161.243,2431921.447,0
197.231581339,0.221,221,2,43.04,526577.551,161.396,2434741.065,0
198.232822978,0.221,221,2,43.261,526593.935,161.617,2447839.903,1.001241639
199.234063289,0.221,221,2,43.482,526610.319,161.838,2460542.303,1.001240311
200.235206381,0.221,221,2,43.703,526626.703,162.059,2472187.535,1.001143092
201.23614868,0.221,221,2,43.924,526643.087,162.28,2485550.665,1.000942299
202.237109207,0.221,221,2,44.145,526659.471,162.501,2497790.554,1.000960527
198.019081132,1.575,1575,5,102.332,1305.036,162.722,2509890.105,0
203.238121207,0.221,221,2,44.366,526675.855,165.235,2511170.068,5.219040075
204.239141379,0.221,221,2,44.587,526692.239,165.456,2524467.125,1.001020172
205.240139551,0.221,221,2,44.808,526708.623,165.677,2537169.525,1.000998172
206.241096935,0.221,221,2,45.029,526725.007,165.898,2550532.655,1.000957384
207.242094338,0.221,221,2,45.25,526741.391,166.119,2564094.004,1.000997403
198.029388239,0.153,153,9,4.437,2038928.824,166.34,2568000.503,0
204.148310136,2.513,2513,5,104.845,1321.42,166.493,2568157.132,6.118921897
208.579469294,2.538,2538,5,107.383,1354.188,169.031,2568189.9,4.431159158
198.02744267,0.144,144,8,5.568,753.664,170.606,2568214.476,0
208.598389716,0.23,230,8,5.798,770.048,170.836,2568230.86,10.570947046
208.533989069,0.153,153,9,4.59,2039085.453,170.98,2568239.052,0
208.243064504,0.221,221,2,45.471,526757.775,171.133,2577009.693,0
209.244095501,0.221,221,2,45.692,526774.159,171.354,2590042.458,1.001030997
210.245123495,0.221,221,2,45.913,526790.543,171.575,2603009.15,1.001027994
211.246191787,0.221,221,2,46.134,526806.927,171.796,2616438.353,1.001068292
212.247222784,0.221,221,2,46.355,526823.311,172.017,2629867.556,1.001030997
208.585518946,1.575,1575,5,108.958,1354.188,172.238,2641901.034,0
213.248455413,0.221,221,2,46.576,526839.695,174.751,2643296.222,4.662936467
214.249497584,0.221,221,2,46.797,526856.079,174.972,2656461.133,1.001042171
215.250535286,0.221,221,2,47.018,526872.463,175.193,2669956.409,1.001037702
216.252004118,0.221,221,2,47.239,526888.847,175.414,2682724.882,1.001468832
217.253260423,0.221,221,2,47.46,526905.231,175.635,2696220.158,1.001256305
208.601144257,0.153,153,9,4.743,2174641.989,175.856,2704024.964,0
214.147683869,2.513,2513,5,111.471,1419.724,176.009,2704091.037,5.546539612
218.881443309,2.538,2538,5,114.009,1485.26,178.547,2704156.573,4.73375944
208.59975211,0.144,144,8,5.942,802.816,180.122,2704181.149,0
218.896169204,0.23,230,8,6.172,819.2,180.352,2704197.533,10.296417094
218.835029236,0.153,153,9,4.896,2174708.062,180.496,2704205.725,0
218.254289674,0.221,221,2,47.681,526921.615,180.649,2709178.723,0
219.255305656,0.221,221,2,47.902,526937.999,180.87,2722673.999,1.001015982
220.25629831,0.221,221,2,48.123,526954.383,181.091,2736235.348,1.000992654
221.257267707,0.221,221,2,48.344,526987.151,181.312,2762631.243,1.000969397
218.886420478,1.575,1575,5,115.584,1485.26,181.533,2774268.283,0
223.259213834,0.221,221,2,48.565,527003.535,184.046,2775663.471,4.372793356
224.260218711,0.221,221,2,48.786,527019.919,184.267,2789158.747,1.001004877
225.261159333,0.221,221,2,49.007,527036.303,184.488,2802587.95,1.000940622
226.262091994,0.221,221,2,49.228,527052.687,184.709,2815686.788,1.000932661
227.263109651,0.221,221,2,49.449,527069.071,184.93,2828851.699,1.001017657
218.8998101,0.153,153,9,5.049,2310365.262,185.151,2840092.301,0
224.146313583,2.513,2513,5,118.097,1550.796,185.304,2840232.532,5.246503483
229.147811539,2.538,2538,5,120.635,1583.564,187.842,2840265.3,5.001497956
218.898062252,0.144,144,8,6.316,851.968,189.417,2840289.876,0
229.163578349,0.23,230,8,6.546,868.352,189.647,2840306.26,10.265516097
229.100766171,0.153,153,9,5.202,2310505.493,189.791,2840314.452,0
228.264314692,0.221,221,2,49.67,527085.455,189.944,2842006.633,0
229.265458902,0.221,221,2,49.891,527101.839,190.165,2854510.814,1.00114421
230.266459099,0.221,221,2,50.112,527118.223,190.386,2868006.09,1.001000197
231.267366128,0.221,221,2,50.333,527134.607,190.607,2881171.001,1.000907029
232.268313316,0.221,221,2,50.554,527150.991,190.828,2894468.058,1.000947188
229.154972506,1.575,1575,5,122.21,1583.564,191.049,2906171.171,0
233.269610408,0.221,221,2,50.775,527167.375,193.562,2907855.764,4.114637902
234.270809164,0.221,221,2,50.996,527183.759,193.783,2921218.894,1.001198756
235.271820815,0.221,221,2,51.217,527200.143,194.004,2934185.586,1.001011651
236.27286138,0.221,221,2,51.438,527216.527,194.225,2947680.862,1.001040565
237.273815482,0.221,221,2,51.659,527232.911,194.446,2961176.138,1.000954102
238.274811908,0.221,221,2,51.88,527249.295,194.667,2974539.268,1.000996426
229.169601531,0.153,153,9,5.355,2446383.745,194.888,2976397.504,0
234.145650231,2.513,2513,5,124.723,1608.14,195.041,2976554.133,4.9760487
239.462499881,2.538,2538,5,127.261,1628.62,197.579,2976574.613,5.31684965
229.167196058,0.144,144,8,6.69,892.928,199.154,2976590.997,0
239.476616201,0.23,230,8,6.92,917.504,199.384,2976615.573,10.309420143
239.417745936,0.153,153,9,5.508,2446540.374,199.528,2976623.765,0
239.275857851,0.221,221,2,52.101,527265.679,199.681,2987272.497,0
240.276960994,0.221,221,2,52.322,527282.063,199.902,3000701.7,1.001103143
241.278442188,0.221,221,2,52.543,527298.447,200.123,3014130.903,1.001481194
242.279337902,0.221,221,2,52.764,527314.831,200.344,3027361.887,1.000895714
239.468526136,1.575,1575,5,128.836,1628.62,200.565,3038998.927,0
243.280161261,0.221,221,2,52.985,527331.215,203.078,3040922.162,3.811635125
244.281021776,0.221,221,2,53.206,527347.599,203.299,3054087.073,1.000860515
245.281811122,0.221,221,2,53.427,527363.983,203.52,3067251.984,1.000789346
246.282887585,0.221,221,2,53.648,527380.367,203.741,3080615.114,1.001076463
247.283859846,0.221,221,2,53.869,527396.751,203.962,3093978.244,1.000972261
248.284664627,0.221,221,2,54.09,527413.135,204.183,3107473.52,1.000804781
239.479537103,0.153,153,9,5.661,2582191.03,204.404,3112569.333,0
244.145431209,2.513,2513,5,131.349,1759.692,204.557,3112811.784,4.665894106
249.707237987,2.581,2581,5,133.93,1825.228,207.138,3112877.32,5.561806778
239.478201598,0.144,144,8,7.064,942.08,208.713,3112893.704,0
249.717794147,0.23,230,8,7.294,966.656,208.943,3112918.28,10.239592549
249.670280214,0.153,153,9,5.814,2582433.481,209.087,3112926.472,0
249.285604621,0.221,221,2,54.311,527429.519,209.24,3120503.455,0
250.286438386,0.221,221,2,54.532,527445.903,209.461,3133404.074,1.000833765
251.287253923,0.221,221,2,54.753,527462.287,209.682,3146701.131,1.000815537
252.288216266,0.221,221,2,54.974,527478.671,209.903,3160196.407,1.000962343
249.711256025,1.575,1575,5,135.505,1825.228,210.124,3171701.301,0
253.289209898,0.221,221,2,55.195,527511.439,212.637,3187170.038,3.577953873
255.291206171,0.221,221,2,55.416,527527.823,212.858,3200797.46,2.001996273
256.292058654,0.221,221,2,55.637,527544.207,213.079,3214292.736,1.000852483
257.29294927,0.221,221,2,55.858,527560.591,213.3,3227721.939,1.000890616
258.293976566,0.221,221,2,56.079,527576.975,213.521,3241151.142,1.001027296
249.720246554,0.153,153,9,5.967,2717985.673,213.742,3248691.656,0
254.145845438,2.513,2513,5,138.018,1874.38,213.895,3248844.86,4.425598884
259.906526109,2.538,2538,5,140.556,1907.148,216.433,3248877.628,5.760680671
249.719040814,0.144,144,8,7.438,991.232,218.008,3248894.012,0
259.918501165,0.23,230,8,7.668,1015.808,218.238,3248918.588,10.199460351
259.870101155,0.153,153,9,6.12,2718138.877,218.382,3248926.78,0
259.295113722,0.221,221,2,56.3,527593.359,218.535,3254692.323,0
260.296425131,0.221,221,2,56.521,527609.743,218.756,3268451.891,1.001311409
261.29786449,0.221,221,2,56.742,527626.127,218.977,3282343.605,1.001439359
262.298736319,0.221,221,2,56.963,527642.511,219.198,3296103.173,1.000871829
259.911364922,1.575,1575,5,142.131,1907.148,219.419,3307674.14,0
263.299581469,0.221,221,2,57.184,527658.895,221.932,3309927.74,3.388216547
264.300397354,0.221,221,2,57.405,527675.279,222.153,3323555.162,1.000815885
265.301210028,0.221,221,2,57.626,527691.663,222.374,3337116.511,1.000812674
266.302163571,0.221,221,2,57.847,527708.047,222.595,3350347.495,1.000953543
267.303057749,0.221,221,2,58.068,527724.431,222.816,3364107.063,1.000894178
268.303913165,0.221,221,2,58.289,527740.815,223.037,3377734.485,1.000855416
259.921646816,0.153,153,9,6.273,2854258.257,223.258,3385341.072,0
264.145172099,2.513,2513,5,144.644,2038.22,223.411,3385595.107,4.223525283
269.897945548,2.538,2538,5,147.182,2103.756,225.949,3385660.643,5.752773449
259.919888422,0.144,144,8,7.812,1032.192,227.524,3385668.835,0
269.906980915,0.14,140,8,7.952,1048.576,227.664,3385685.219,9.987092493
269.866208063,0.153,153,9,6.426,2854512.292,227.808,3385693.411,0
269.304743159,0.221,221,2,58.51,527757.199,227.961,3391547.947,0
270.305566657,0.221,221,2,58.731,527773.583,228.182,3405175.369,1.000823498
271.306446448,0.221,221,2,58.952,527789.967,228.403,3418934.937,1.000879791
272.307255699,0.221,221,2,59.173,527806.351,228.624,3432496.286,1.000809251
269.902220813,1.575,1575,5,148.757,2103.756,228.845,3443869.034,0
273.308068651,0.221,221,2,59.394,527822.735,231.358,3445908.568,3.405847838
274.308991534,0.221,221,2,59.615,527839.119,231.579,3456232.34,1.000922883
275.309999693,0.221,221,2,59.836,527855.503,231.8,3469859.762,1.001008159
276.311041795,0.221,221,2,60.057,527871.887,232.021,3483685.403,1.001042102
277.312347548,0.221,221,2,60.278,527888.271,232.242,3497312.825,1.001305753
278.313425199,0.221,221,2,60.499,527904.655,232.463,3511006.32,1.001077651
269.909694459,0.153,153,9,6.579,2990522.446,232.684,3521916.557,0
274.145222175,2.513,2513,5,151.27,2152.908,232.837,3522170.592,4.235527716
280.150424024,2.581,2581,5,153.851,2169.292,235.418,3522186.976,6.005201849
269.908226465,0.144,144,8,8.096,1073.152,236.993,3522203.36,0
280.162671671,0.23,230,8,8.326,1097.728,237.223,3522227.936,10.254445206
280.117939655,0.153,153,9,6.732,2990776.481,237.367,3522236.128,0
279.314264202,0.221,221,2,60.72,527921.039,237.52,3525057.648,0
280.315134215,0.221,221,2,60.941,527937.423,237.741,3539015.435,1.000870013
281.315975593,0.221,221,2,61.162,527953.807,237.962,3552841.076,1.000841378
282.316854615,0.221,221,2,61.383,527970.191,238.183,3566534.571,1.000879022
280.155809625,1.575,1575,5,155.426,2169.292,238.404,3577907.319,0
283.317751098,0.221,221,2,61.604,527986.575,240.917,3580310.523,3.161941473
284.318552946,0.221,221,2,61.825,528002.959,241.138,3593739.726,1.000801848
285.319414089,0.221,221,2,62.046,528035.727,241.359,3620730.278,1.000861143
287.321309442,0.221,221,2,62.267,528052.111,241.58,3634357.7,2.001895353
288.322114642,0.221,221,2,62.488,528068.495,241.801,3647985.122,1.0008052
280.165067995,0.153,153,9,6.885,3126991.196,242.022,3658631.067,0
284.146078779,2.513,2513,5,157.939,2185.676,242.175,3658927.484,3.981010784
290.148527274,2.581,2581,5,160.52,2210.252,244.756,3658952.06,6.002448495
280.16386875,0.144,144,8,8.47,1114.112,246.331,3658960.252,0
290.157608667,0.14,140,8,8.61,1130.496,246.471,3658976.636,9.993739917
290.114661515,0.153,153,9,7.038,3127287.613,246.615,3658984.828,0
289.322901055,0.221,221,2,62.709,528084.879,246.768,3661727.736,0
290.323791252,0.221,221,2,62.93,528101.263,246.989,3675685.523,1.000890197
291.324622922,0.221,221,2,63.151,528117.647,247.21,3689577.237,1.00083167
292.325520103,0.221,221,2,63.372,528134.031,247.431,3703072.513,1.000897181
290.153125415,1.575,1575,5,162.095,2210.252,247.652,3714247.042,0
293.326421475,0.221,221,2,63.593,528150.415,250.165,3716764.934,3.17329606
294.327286319,0.221,221,2,63.814,528166.799,250.386,3730458.429,1.000864844
295.328146554,0.221,221,2,64.035,528183.183,250.607,3744151.924,1.000860235
296.328925913,0.221,221,2,64.256,528199.567,250.828,3757713.273,1.000779359
297.329842231,0.221,221,2,64.477,528215.951,251.049,3771274.622,1.000916318
298.330639399,0.221,221,2,64.698,528232.335,251.27,3784968.117,1.000797168
290.160643131,0.153,153,9,7.191,3263489.789,251.491,3795481.916,0
294.145051274,2.513,2513,5,164.608,2341.324,251.644,3795735.951,3.984408143
300.141346543,2.538,2538,5,167.146,2406.86,254.182,3795801.487,5.996295269
290.158908064,0.144,144,8,8.754,1146.88,255.757,3795809.679,0
300.149445059,0.14,140,8,8.894,1163.264,255.897,3795826.063,9.990536995
300.108986981,0.153,153,9,7.344,3263743.824,256.041,3795834.255,0
299.331434822,0.221,221,2,64.919,528248.719,256.194,3798520.762,0
300.332255457,0.221,221,2,65.14,528265.103,256.415,3812280.33,1.000820635
301.333045152,0.221,221,2,65.361,528281.487,256.636,3826172.044,1.000789695
302.33393933,0.221,221,2,65.582,528297.871,256.857,3839799.466,1.000894178
300.145635846,1.575,1575,5,168.721,2406.86,257.078,3850973.995,0
303.334794746,0.221,221,2,65.803,528314.255,259.591,3853674.259,3.1891589
304.335607489,0.221,221,2,66.024,528330.639,259.812,3867565.973,1.000812743
305.336389223,0.221,221,2,66.245,528347.023,260.033,3881325.541,1.000781734
306.337391166,0.221,221,2,66.466,528363.407,260.254,3895283.328,1.001001943
307.338322709,0.221,221,2,66.687,528379.791,260.475,3908910.75,1.000931543
308.339108912,0.221,221,2,66.908,528396.175,260.696,3922604.245,1.000786203
300.152199529,0.153,153,9,7.497,3399427.088,260.917,3931730.511,0
304.145221338,2.513,2513,5,171.234,2456.012,261.07,3931984.546,3.993021809
310.10170498,2.538,2538,5,173.772,2488.78,263.608,3932017.314,5.956483642
300.150993301,0.144,144,8,9.038,1179.648,265.183,3932025.506,0
310.109749648,0.14,140,8,9.178,1196.032,265.323,3932041.89,9.958756347
310.06432355,0.153,153,9,7.65,3399681.123,265.467,3932050.082,0
309.339881846,0.221,221,2,67.129,528412.559,265.62,3935552.534,0
310.340695287,0.221,221,2,67.35,528428.943,265.841,3949047.81,1.000813441
311.341644361,0.221,221,2,67.571,528445.327,266.062,3962278.794,1.000949074
312.342493142,0.221,221,2,67.792,528461.711,266.283,3975707.997,1.000848781
310.105833997,1.575,1575,5,175.347,2488.78,266.504,3986750.38,0
313.343388367,0.221,221,2,68.013,528478.095,269.017,3989599.174,3.23755437
314.344428374,0.221,221,2,68.234,528494.479,269.238,4003094.45,1.001040007
315.345241047,0.221,221,2,68.455,528510.863,269.459,4016787.945,1.000812673
316.346032768,0.221,221,2,68.676,528527.247,269.68,4030547.513,1.000791721
317.346875124,0.221,221,2,68.897,528560.015,269.901,4058000.576,1.000842356
310.111978703,0.153,153,9,7.803,3535519.602,270.122,4068117.937,0
314.145752062,2.513,2513,5,177.86,2554.316,270.275,4068280.358,4.033773359
320.129718459,2.538,2538,5,180.398,2652.62,272.813,4068378.662,5.983966397
310.110860893,0.144,144,8,9.322,1220.608,274.388,4068395.046,0
320.140413883,0.23,230,8,9.552,1245.184,274.618,4068419.622,10.02955299
320.09233235,0.153,153,9,7.956,3535682.023,274.762,4068427.814,0
319.348473511,0.221,221,2,69.118,528576.399,274.915,4071351.941,0
320.349285067,0.221,221,2,69.339,528592.783,275.136,4084781.144,1.000811556
321.350126864,0.221,221,2,69.56,528609.167,275.357,4097879.982,1.000841797
322.350932414,0.221,221,2,69.781,528625.551,275.578,4110978.82,1.00080555
320.134086053,1.575,1575,5,181.973,2652.62,275.799,4121360.473,0
323.351713518,0.221,221,2,70.002,528641.935,278.312,4124176.499,3.217627465
324.3525227,0.221,221,2,70.223,528658.319,278.533,4137936.067,1.000809182
325.353338236,0.221,221,2,70.444,528674.703,278.754,4151563.489,1.000815536
326.354164459,0.221,221,2,70.665,528691.087,278.975,4165256.984,1.000826223
327.354959672,0.221,221,2,70.886,528707.471,279.196,4178686.187,1.000795213
328.355868586,0.221,221,2,71.107,528723.855,279.417,4192115.39,1.000908914
320.142530144,0.153,153,9,8.109,3671338.615,279.638,4204281.014,0
324.14554638,2.513,2513,5,184.486,2685.388,279.791,4204535.049,4.003016236
330.309434469,2.538,2538,5,187.024,2734.54,282.329,4204584.201,6.163888089
320.14148022,0.144,144,8,9.696,1269.76,283.904,4204600.585,0
330.320170541,0.23,230,8,9.926,1294.336,284.134,4204625.161,10.178690321
330.268195217,0.153,153,9,8.262,3671592.65,284.278,4204633.353,0
329.35675557,0.221,221,2,71.328,528740.239,284.431,4205238.989,0
330.357592688,0.221,221,2,71.549,528756.623,284.652,4218998.557,1.000837118
331.358479114,0.221,221,2,71.77,528773.007,284.873,4232758.125,1.000886426
332.359265038,0.221,221,2,71.991,528789.391,285.094,4246121.255,1.000785924
330.314018851,1.575,1575,5,188.599,2734.54,285.315,4256568.981,0
333.360122619,0.221,221,2,72.212,528805.775,287.828,4259451.08,3.046103768
334.360914549,0.221,221,2,72.433,528822.159,288.049,4272682.064,1.00079193
335.361711159,0.221,221,2,72.654,528838.543,288.27,4286177.34,1.00079661
336.362580124,0.221,221,2,72.875,528854.927,288.491,4299540.47,1.000868965
337.363379248,0.221,221,2,73.096,528871.311,288.712,4312903.6,1.000799124
338.364142404,0.221,221,2,73.317,528887.695,288.933,4326266.73,1.000763156
339.364956334,0.221,221,2,73.538,528904.079,289.154,4339629.86,1.00081393
330.322405043,0.153,153,9,8.415,3807243.306,289.375,4340497.001,0
334.145193472,2.513,2513,5,191.112,2767.308,289.528,4340769.874,3.822788429
340.47014911,2.538,2538,5,193.65,2791.884,292.066,4340794.45,6.324955638
330.321287513,0.144,144,8,10.07,1318.912,293.641,4340810.834,0
340.47985656,0.23,230,8,10.3,1343.488,293.871,4340835.41,10.158569047
340.429104506,0.153,153,9,8.568,3807516.179,294.015,4340843.602,0
340.365854214,0.221,221,2,73.759,528920.463,294.168,4352417.356,0
341.366667096,0.221,221,2,73.98,528936.847,294.389,4365846.559,1.000812882
342.367496532,0.221,221,2,74.201,528953.231,294.61,4378813.251,1.000829436
340.474024324,1.575,1575,5,195.225,2791.884,294.831,4389128.831,0
343.368255217,0.221,221,2,74.422,528969.615,297.344,4392241.38,2.894230893
344.369139827,0.221,221,2,74.643,528985.999,297.565,4405670.583,1.00088461
345.369964164,0.221,221,2,74.864,529002.383,297.786,4419099.786,1.000824337
346.370826424,0.221,221,2,75.085,529018.767,298.007,4432793.281,1.00086226
347.371612977,0.221,221,2,75.306,529035.151,298.228,4446288.557,1.000786553
348.37241252,0.221,221,2,75.527,529051.535,298.449,4459717.76,1.000799543
340.482135481,0.153,153,9,8.721,3943100.762,298.67,4476723.097,0
344.14490412,2.513,2513,5,197.738,2922.956,298.823,4476879.726,3.662768639
350.719613306,2.538,2538,5,200.276,2988.492,301.361,4476945.262,6.574709186
340.48100517,0.144,144,8,10.444,1368.064,302.936,4476961.646,0
350.728955276,0.23,230,8,10.674,1392.64,303.166,4476986.222,10.247950106
350.677613971,0.153,153,9,8.874,3943257.391,303.31,4476994.414,0
349.373191879,0.221,221,2,75.748,529084.303,303.463,4485793.102,0
351.374795575,0.221,221,2,75.969,529100.687,303.684,4499618.743,2.001603696
352.375568438,0.221,221,2,76.19,529117.071,303.905,4513114.019,1.000772863
350.723557103,1.575,1575,5,201.851,2988.492,304.126,4523297.453,0
353.376348076,0.221,221,2,76.411,529133.455,306.639,4526460.228,2.652790973
354.377159981,0.221,221,2,76.632,529149.839,306.86,4539955.504,1.000811905
355.37795275,0.221,221,2,76.853,529166.223,307.081,4553384.707,1.000792769
356.378742934,0.221,221,2,77.074,529182.607,307.302,4566813.91,1.000790184
357.379518522,0.221,221,2,77.295,529198.991,307.523,4580177.04,1.000775588
358.380306331,0.221,221,2,77.516,529215.375,307.744,4593606.243,1.000787809
359.38109903,0.221,221,2,77.737,529231.759,307.965,4606969.373,1.000792699
350.731437715,0.153,153,9,9.027,4078908.047,308.186,4612858.062,0
354.14493492,2.513,2513,5,204.364,3037.644,308.339,4613112.097,3.413497205
360.865846427,2.538,2538,5,206.902,3070.412,310.877,4613144.865,6.720911507
350.730146629,0.144,144,8,10.818,1425.408,312.452,4613169.441,0
360.875343724,0.23,230,8,11.048,1441.792,312.682,4613185.825,10.145197095
360.824513936,0.153,153,9,9.18,4079162.082,312.826,4613194.017,0
360.381859532,0.221,221,2,77.958,529248.143,312.979,4619812.296,0
361.382697278,0.221,221,2,78.179,529264.527,313.2,4633307.572,1.000837746
362.383495424,0.221,221,2,78.4,529280.911,313.421,4646009.972,1.000798146
360.86955465,1.575,1575,5,208.477,3070.412,313.642,4656193.406,0
363.384310193,0.221,221,2,78.621,529297.295,316.155,4659438.101,2.514755543
364.385068669,0.221,221,2,78.842,529313.679,316.376,4672206.574,1.000758476
365.385820441,0.221,221,2,79.063,529330.063,316.597,4685635.777,1.000751772
366.38663926,0.221,221,2,79.284,529346.447,316.818,4698998.907,1.000818819
367.387384606,0.221,221,2,79.505,529362.831,317.039,4712428.11,1.000745346
368.38824512,0.221,221,2,79.726,529379.215,317.26,4725791.24,1.000860514
369.389254467,0.221,221,2,79.947,529395.599,317.481,4739154.37,1.001009347
360.877813312,0.153,153,9,9.333,4214812.738,317.702,4749139.585,0
364.14563026,2.513,2513,5,210.99,3201.484,317.855,4749407.571,3.267816948
371.177884432,2.538,2538,5,213.528,3267.02,320.393,4749473.107,7.032254172
360.876600937,0.144,144,8,11.192,1474.56,321.968,4749497.683,0
371.189126783,0.23,230,8,11.422,1490.944,322.198,4749514.067,10.312525846
371.135813649,0.153,153,9,9.486,4215080.724,322.342,4749522.259,0
370.390140194,0.221,221,2,80.168,529411.983,322.495,4752308.304,0
371.390883515,0.221,221,2,80.389,529428.367,322.716,4766001.799,1.000743321
372.391648347,0.221,221,2,80.61,529444.751,322.937,4779497.075,1.000764832
371.182733302,1.575,1575,5,215.103,3267.02,323.158,4789614.436,0
373.392393763,0.221,221,2,80.831,529461.135,325.671,4792892.973,2.209660461
374.393153217,0.221,221,2,81.052,529477.519,325.892,4806123.957,1.000759454
375.393949896,0.221,221,2,81.273,529493.903,326.113,4819553.16,1.000796679
376.394825147,0.221,221,2,81.494,529510.287,326.334,4832850.217,1.000875251
377.395551357,0.221,221,2,81.715,529526.671,326.555,4846213.347,1.00072621
378.396301452,0.221,221,2,81.936,529543.055,326.776,4859642.55,1.000750095
379.397090659,0.221,221,2,82.157,529559.439,326.997,4872939.607,1.000789207
371.191537704,0.153,153,9,9.639,4350731.38,327.218,4885369.523,0
374.153322859,2.513,2513,5,217.616,3299.788,327.371,4885526.152,2.961785155
381.380454815,2.538,2538,5,220.154,3332.556,329.909,4885558.92,7.227131956
371.190427786,0.144,144,8,11.566,1523.712,331.484,4885583.496,0
381.332460234,0.153,153,9,9.792,4350888.009,331.86,4885608.072,10.142032448
380.397831466,0.221,221,2,82.378,529575.823,332.013,4886019.137,0
381.39860412,0.221,221,2,82.599,529608.591,332.234,4913017.167,1.000772654
381.384670155,1.575,1575,5,221.729,3332.556,332.455,4922936.309,0
383.40020146,0.221,221,2,82.82,529624.975,334.968,4926404.873,2.015531305
384.400963917,0.221,221,2,83.041,529641.359,335.189,4939635.857,1.000762457
385.401807041,0.221,221,2,83.262,529657.743,335.41,4953065.06,1.000843124
386.40258207,0.221,221,2,83.483,529674.127,335.631,4966428.19,1.000775029
387.403371975,0.221,221,2,83.704,529690.511,335.852,4979659.174,1.000789905
388.404608654,0.221,221,2,83.925,529706.895,336.073,4992758.012,1.001236679
389.405656274,0.221,221,2,84.146,529723.279,336.294,5006121.142,1.00104762
390.406583137,0.221,221,2,84.367,529739.663,336.515,5019352.126,1.000926863
381.39247848,0.153,153,9,9.945,4487012.302,336.736,5021937.165,0
384.144967676,2.513,2513,5,224.242,3357.132,336.889,5022319.014,2.752489196
391.642053863,2.538,2538,5,226.78,3377.612,339.427,5022339.494,7.497086187
381.390530956,0.376,231,8,11.942,1572.864,341.002,5022364.07,0
391.651611224,0.231,231,8,12.173,1589.248,341.233,5022380.454,10.261080268
391.600152096,0.153,153,9,10.098,4487394.151,341.378,5022388.646,0
391.407336376,0.221,221,2,84.588,529756.047,341.531,5032970.52,0
392.408119995,0.221,221,2,84.809,529772.431,341.752,5046730.088,1.000783619
391.648541071,1.575,1575,5,228.355,3377.612,341.973,5056847.449,0
393.408934973,0.221,221,2,85.03,529788.815,344.486,5060555.192,1.760393902
394.409755189,0.221,221,2,85.251,529805.199,344.707,5074380.833,1.000820216
395.410591818,0.221,221,2,85.472,529821.583,344.928,5087677.89,1.000836629
396.411417202,0.221,221,2,85.693,529837.967,345.149,5101041.02,1.000825384
397.41216164,0.221,221,2,85.914,529854.351,345.37,5114470.223,1.000744438
398.412890713,0.221,221,2,86.135,529870.735,345.591,5128031.572,1.000729073
399.413681177,0.221,221,2,86.356,529887.119,345.812,5141791.14,1.000790464
400.414526536,0.221,221,2,86.577,529903.503,346.033,5155484.635,1.000845359
391.653906837,0.153,153,9,10.251,4623506.533,346.254,5158730.404,0
394.145144515,2.513,2513,5,230.868,3443.148,346.407,5158984.439,2.491237678
401.690256292,2.538,2538,5,233.406,3541.452,348.945,5159082.743,7.545111777
401.740115286,1.575,1575,5,234.981,3541.452,350.52,5159082.743,0.049858994
401.750876082,0.286,286,5,235.267,3738.06,350.806,5159279.351,0.010760796
401.759151924,0.189,189,5,235.456,3787.212,350.995,5159328.503,0.00827584199999
401.779697135,0.249,249,5,235.705,3811.788,351.244,5159353.079,0.020545211
401.415331666,0.221,221,2,86.798,529911.695,351.879,5159366.391,0
401.834810289,0.186,186,7,0.186,0.0,352.128,5159366.391,0.419478623
401.836821368,0.249,249,2,87.047,593296.271,352.324,5382123.255,0.002011079
402.416254689,0.221,221,2,87.268,646671.247,352.545,5590519.543,0.579433321
401.793973462,0.114,114,5,235.819,3824.076,352.766,5590527.735,0
403.417425648,0.221,221,2,87.489,646687.631,355.279,5590542.071,1.623452186
404.418212689,0.221,221,2,87.71,646704.015,355.5,5590558.455,1.000787041
405.419104772,0.221,221,2,87.931,646720.399,355.721,5590574.839,1.000892083
406.420037712,0.221,221,2,88.152,646736.783,355.942,5590591.223,1.00093294
407.420767693,0.221,221,2,88.373,646753.167,356.163,5590607.607,1.000729981
408.421715509,0.221,221,2,88.594,646769.551,356.384,5590623.991,1.000947816
409.422540544,0.221,221,2,88.815,646785.935,356.605,5590640.375,1.000825035
410.423261865,0.221,221,2,89.036,646802.319,356.826,5590656.759,1.000721321
411.423980113,0.221,221,2,89.257,646818.703,357.047,5590673.143,1.000718248
412.424709675,0.221,221,2,89.478,646835.087,357.268,5590689.527,1.000729562
404.146495106,2.513,2513,5,238.332,3830.22,357.489,5590697.719,0
401.832479266,0.177,177,4,0.177,82118.656,360.002,5590717.175,0
413.425465078,0.221,221,2,89.699,646867.855,360.251,5634650.871,11.592985812
415.427053269,0.221,221,2,89.92,646884.239,360.472,5665125.111,2.001588191
416.427782831,0.221,221,2,90.141,646900.623,360.693,5665141.495,1.000729562
417.428525523,0.221,221,2,90.362,646908.815,360.914,5665149.687,1.000742692
418.051399144,0.186,186,2,90.548,714320.783,361.1,5732561.655,0.622873621
418.42925313,0.221,221,2,90.769,714337.167,361.321,5732578.039,0.377853986
419.430138787,0.221,221,2,90.99,714353.551,361.542,5732594.423,1.000885657
415.268213936,0.249,249,4,0.426,156502.016,361.763,5732602.615,0
420.430982959,0.221,221,2,91.211,714369.935,361.949,5802013.431,5.162769023
421.431719575,0.221,221,2,91.432,714386.319,362.17,5802029.815,1.000736616
420.636875342,0.186,186,4,0.612,225904.64,362.391,5802038.007,0
422.432466737,0.221,221,2,91.653,714402.703,362.579,5864133.367,1.795591395
414.14578042,2.513,2513,5,240.845,3833.292,362.8,5873349.367,0
423.433209429,0.221,221,2,91.874,714419.087,365.313,5873359.095,9.287429009
424.43394381,0.221,221,2,92.095,714435.471,365.534,5873375.479,1.000734381
401.829195049,0.158,158,6,0.158,65906.688,365.755,5873383.671,0
425.434665271,0.221,221,2,92.316,714451.855,365.941,5941360.887,23.605470222
426.435480388,0.221,221,2,92.537,714468.239,366.162,5941377.271,1.000815117
427.43622762,0.221,221,2,92.758,714484.623,366.383,5941393.655,1.000747232
428.43696284,0.221,221,2,92.979,714492.815,366.604,5941401.847,1.00073522
428.512976416,0.188,188,2,93.167,782461.839,366.792,6009370.871,0.076013576
429.437710421,0.221,221,2,93.388,782478.223,367.013,6009387.255,0.924734005
425.515757496,0.186,186,6,0.344,133875.712,367.234,6009395.447,0
430.438476649,0.221,221,2,93.609,782494.607,367.422,6075431.159,4.922719153
431.439235615,0.221,221,2,93.83,782510.991,367.643,6075447.543,1.000758966
432.440115545,0.221,221,2,94.051,782527.375,367.864,6075463.927,1.00087993
430.858140211,0.188,188,6,0.532,199903.232,368.085,6075472.119,0
424.145621322,2.513,2513,5,243.358,3834.828,368.334,6147152.119,0
433.441336999,0.221,221,2,94.272,782543.759,370.847,6147161.319,9.295715677
434.442094288,0.221,221,2,94.493,782560.143,371.068,6147177.703,1.000757289
435.442889431,0.221,221,2,94.714,782576.527,371.289,6147194.087,1.000795143
436.443682409,0.221,221,2,94.935,782584.719,371.51,6147202.279,1.000792978
437.375355774,0.158,158,2,95.093,800893.839,371.668,6165511.399,0.931673365
401.837226238,0.196,196,7,0.382,166369.28,371.889,6194978.023,0
437.44455354,0.221,221,2,95.314,830368.655,372.119,6229834.983,35.607327302
438.446948677,0.221,221,2,95.535,830385.039,372.34,6258375.911,1.002395137
439.447778112,0.221,221,2,95.756,830401.423,372.561,6258392.295,1.000829435
438.31024945,0.23,230,7,0.612,229742.592,372.782,6258400.487,0
440.448573395,0.221,221,2,95.977,830417.807,372.97,6326156.519,2.138323945
441.449481261,0.221,221,2,96.198,830434.191,373.191,6327647.463,1.000907866
442.450311535,0.221,221,2,96.419,830450.575,373.412,6327663.847,1.000830274
434.145030954,2.513,2513,5,245.871,3835.836,373.633,6327672.039,0
443.4510485,0.221,221,2,96.64,830466.959,376.146,6327680.727,9.306017546
444.451839103,0.221,221,2,96.861,830483.343,376.367,6327697.111,1.000790603
445.452634456,0.221,221,2,97.082,830516.111,376.588,6327729.879,1.000795353
447.454263294,0.221,221,2,97.303,830532.495,376.809,6327746.263,2.001628838
448.455075479,0.221,221,2,97.524,830548.879,377.03,6327762.647,1.000812185
449.455891295,0.221,221,2,97.745,830565.263,377.251,6327779.031,1.000815816
450.456651377,0.221,221,2,97.966,830581.647,377.472,6327795.415,1.000760082
451.457423612,0.221,221,2,98.187,830598.031,377.693,6327811.799,1.000772235
452.458178806,0.221,221,2,98.408,830614.415,377.914,6327828.183,1.000755194
444.145494211,2.513,2513,5,248.384,3836.332,378.135,6327836.375,0
453.458935187,0.221,221,2,98.629,830630.799,380.648,6327845.527,9.313440976
454.459682978,0.221,221,2,98.85,830647.183,380.869,6327861.911,1.000747791
455.460406604,0.221,221,2,99.071,830663.567,381.09,6327878.295,1.000723626
456.461198115,0.221,221,2,99.292,830679.951,381.311,6327894.679,1.000791511
457.461983969,0.221,221,2,99.513,830696.335,381.532,6327911.063,1.000785854
458.462764445,0.221,221,2,99.734,830712.719,381.753,6327927.447,1.000780476
454.146200307,2.513,2513,5,250.897,3837.292,381.974,6327935.639,0
459.818892414,0.178,178,5,251.075,3838.22,382.152,6327936.567,5.672692107
459.862585819,2.593,2593,5,253.668,3847.372,384.745,6327945.719,0.043693405
460.103125067,1.575,1575,5,255.243,3847.372,386.32,6327945.719,0.240539248
460.106943988,0.286,286,5,255.529,3937.484,386.606,6328035.831,0.003818921
459.463513842,0.221,221,2,99.955,830729.103,386.795,6328054.263,0
460.464265265,0.221,221,2,100.176,830745.487,387.016,6328070.647,1.000751423
423.219993838,0.188,188,4,0.8,297201.664,387.237,6328081.911,0
433.449188277,0.249,249,6,0.781,271585.28,389.595,6328082.935,10.229194439
461.464986725,0.221,221,2,100.397,830764.943,391.953,6328098.199,28.015798448
460.115325431,0.189,189,5,255.718,3945.676,392.174,6328106.391,0
462.539367343,2.33,2330,5,258.048,3957.964,394.504,6328118.679,2.424041912
462.896918956,1.575,1575,5,259.623,3957.964,396.079,6328118.679,0.357551613
441.209377055,0.188,188,7,0.8,298967.04,396.328,6328184.215,0
462.090962556,2.358,2358,6,3.139,271586.304,396.558,6328184.215,20.881585501
462.09040229,2.358,2358,4,3.158,297204.64,396.716,6328184.215,0
462.908570228,0.23,230,7,1.03,298967.04,396.965,6328184.215,0.818167938
462.465761545,0.221,221,2,100.618,830773.135,397.161,6328184.215,0
462.910225816,0.158,158,2,100.776,872875.919,397.319,6483374.455,0.444464271
462.90254565,0.249,249,5,259.872,4023.5,397.54,6754460.023,0
463.467142726,0.221,221,2,100.997,910378.895,400.053,6775210.359,0.564597076
464.468426688,0.221,221,2,101.218,910395.279,400.274,6775226.743,1.001283962
465.46915604,0.221,221,2,101.439,910411.663,400.495,6775243.127,1.000729352
466.469894263,0.221,221,2,101.66,910428.047,400.716,6775259.511,1.000738223
467.470661958,0.221,221,2,101.881,910444.431,400.937,6775275.895,1.000767695
468.47139592,0.221,221,2,102.102,910460.815,401.158,6775292.279,1.000733962
469.472035457,0.221,221,2,102.323,910477.199,401.379,6775308.663,1.000639537
470.472710473,0.221,221,2,102.544,910493.583,401.6,6775325.047,1.000675016
471.473445832,0.221,221,2,102.765,910509.967,401.821,6775341.431,1.000735359
472.474182238,0.221,221,2,102.986,910526.351,402.042,6775359.335,1.000736406
464.145973951,2.513,2513,5,262.385,4056.268,402.263,6775367.527,0
473.474924512,0.221,221,2,103.207,910542.735,404.776,6775392.103,9.328950561
474.475750036,0.221,221,2,103.428,910561.535,404.997,6775410.903,1.000825524
475.476552791,0.221,221,2,103.649,910577.919,405.218,6775429.111,1.000802755
476.477432163,0.221,221,2,103.87,910594.303,405.439,6775445.495,1.000879372
477.478226677,0.221,221,2,104.091,910627.071,405.66,6775478.263,1.000794514
479.481448037,0.221,221,2,104.312,910643.455,405.881,6775496.103,2.00322136
480.482209796,0.221,221,2,104.533,910659.839,406.102,6775512.487,1.000761759
481.48346652,0.221,221,2,104.754,910668.031,406.323,6775520.679,1.001256724
481.926318925,0.249,249,2,105.003,989552.895,406.572,6854405.543,0.442852405
482.486399854,0.221,221,2,105.224,989569.279,406.793,6854421.927,0.560080929
462.9095376,0.249,249,4,3.407,410641.088,407.014,6854430.119,0
474.145567685,2.513,2513,5,264.898,4072.652,407.191,6860082.599,11.236030085
483.487293613,0.221,221,2,105.445,989585.663,409.704,6905400.743,9.341725928
484.488314623,0.221,221,2,105.666,989602.047,409.925,6905417.127,1.00102101
485.489141613,0.221,221,2,105.887,989618.431,410.146,6905435.399,1.00082699
484.122132163,0.177,177,4,3.584,461595.328,410.367,6905443.591,0
486.491214363,0.221,221,2,106.108,989634.815,410.555,6970021.127,2.3690822
487.493626471,0.221,221,2,106.329,989651.199,410.776,6970037.511,1.002412108
488.494464637,0.221,221,2,106.55,989667.583,410.997,6970055.223,1.000838166
489.495288065,0.221,221,2,106.771,989684.431,411.218,6970072.071,1.000823428
490.496018815,0.221,221,2,106.992,989700.815,411.439,6970088.455,1.00073075
491.496929475,0.221,221,2,107.213,989709.903,411.66,6970097.543,1.00091066
492.460552713,0.188,188,2,107.401,989718.095,411.848,6970105.735,0.963623238
492.49777644,0.221,221,2,107.622,1059710.543,412.069,7040098.183,0.037223727
484.145098072,2.513,2513,5,267.411,4080.844,412.29,7040107.655,0
493.498738225,0.221,221,2,107.843,1059726.927,414.803,7040119.943,9.353640153
487.020063318,0.188,188,4,3.772,526165.952,415.024,7040130.791,0
494.499510879,0.221,221,2,108.064,1059744.591,415.21,7040138.983,7.479447561
495.50029827,0.221,221,2,108.285,1059760.975,415.431,7104511.719,1.000787391
496.503171819,0.221,221,2,108.506,1059777.359,415.652,7104528.103,1.002873549
497.50403387,0.221,221,2,108.727,1059793.743,415.873,7104544.487,1.000862051
462.909009111,0.158,158,6,3.297,353387.632,416.094,7104552.679,0
498.507392677,0.221,221,2,108.948,1059810.127,416.28,7165267.687,35.598383566
499.508362144,0.221,221,2,109.169,1059826.511,416.501,7165284.071,1.000969467
500.509086817,0.221,221,2,109.39,1059834.703,416.722,7165292.263,1.000724673
501.090672157,0.186,186,2,109.576,1127287.631,416.908,7232745.191,0.58158534
501.509915415,0.221,221,2,109.797,1127304.015,417.129,7232761.575,0.419243258
502.510782424,0.221,221,2,110.018,1127320.399,417.35,7232777.959,1.000867009
503.511630018,0.221,221,2,110.239,1127336.783,417.571,7232794.343,1.000847594
494.149241337,2.513,2513,5,269.924,4084.94,417.792,7232802.535,0
504.512352107,0.221,221,2,110.46,1127353.167,420.305,7232812.775,10.36311077
462.909907759,0.196,196,7,1.226,471126.272,420.526,7232820.967,0
505.513069866,0.221,221,2,110.681,1127369.551,420.714,7275493.095,42.603162107
506.5141552,0.221,221,2,110.902,1127385.935,420.935,7293859.559,1.001085334
507.514936654,0.221,221,2,111.123,1127402.319,421.156,7293875.943,1.000781454
498.767345916,0.186,186,6,3.483,414094.448,421.377,7293884.135,0
508.515667543,0.221,221,2,111.344,1127418.703,421.626,7335196.391,9.748321627
509.516420572,0.221,221,2,111.565,1127451.471,421.847,7366555.367,1.000753029
508.729108931,0.249,249,6,3.732,486724.72,422.068,7366563.559,0
511.517948978,0.221,221,2,111.786,1127467.855,422.256,7426963.175,2.788840047
512.518661848,0.221,221,2,112.007,1127485.455,422.477,7426980.775,1.00071287
505.796243166,0.188,188,7,1.414,532140.288,422.698,7426988.967,0
505.201631519,2.513,2513,5,272.437,4086.988,422.884,7494056.871,0
513.519513912,0.221,221,2,112.228,1127501.839,425.397,7494066.087,8.317882393
514.520936439,0.221,221,2,112.449,1127518.223,425.618,7494084.199,1.001422527
515.522074643,0.221,221,2,112.67,1127534.607,425.839,7494100.583,1.001138204
516.523994789,0.221,221,2,112.891,1127550.991,426.06,7494116.967,1.001920146
517.525580047,0.221,221,2,113.112,1127567.375,426.281,7494133.351,1.001585258
518.52655531,0.221,221,2,113.333,1127583.759,426.502,7494149.735,1.000975263
519.527390193,0.221,221,2,113.554,1127600.143,426.723,7494166.119,1.000834883
520.528283603,0.221,221,2,113.775,1127616.527,426.944,7494182.503,1.00089341
521.528987673,0.221,221,2,113.996,1127632.911,427.165,7494198.887,1.00070407
522.529720517,0.221,221,2,114.217,1127649.295,427.386,7494215.271,1.000732844
514.145635432,2.513,2513,5,274.95,4088.012,427.607,7494223.463,0
523.530579425,0.221,221,2,114.438,1127665.679,430.12,7494232.647,9.384943993
524.531314435,0.221,221,2,114.659,1127682.063,430.341,7494249.031,1.00073501
525.532248213,0.221,221,2,114.88,1127698.447,430.562,7494265.415,1.000933778
526.533077509,0.221,221,2,115.101,1127714.831,430.783,7494281.799,1.000829296
527.533905058,0.221,221,2,115.322,1127731.215,431.004,7494298.183,1.000827549
528.534617788,0.221,221,2,115.543,1127748.735,431.225,7494315.703,1.00071273
529.535355941,0.221,221,2,115.764,1127765.119,431.446,7494332.087,1.000738153
530.536278614,0.221,221,2,115.985,1127781.503,431.667,7494348.471,1.000922673
531.53715603,0.221,221,2,116.206,1127797.887,431.888,7494364.855,1.000877416
532.538789129,0.221,221,2,116.427,1127814.271,432.109,7494381.239,1.001633099
533.539544881,0.221,221,2,116.648,1127830.655,432.33,7494397.623,1.000755752
524.145787686,2.513,2513,5,277.463,4089.004,432.551,7494405.815,0
534.540254259,0.221,221,2,116.869,1127847.039,435.242,7494415.431,10.394466573
535.541030196,0.221,221,2,117.09,1127863.423,435.463,7494431.815,1.000775937
536.54173273,0.221,221,2,117.311,1127879.807,435.684,7494448.199,1.000702534
535.455328725,2.691,178,5,280.154,4090.428,435.905,7494456.391,0
537.542593314,0.221,221,2,117.532,1127896.191,438.493,7494464.583,2.087264589
538.543411365,0.221,221,2,117.753,1127913.647,438.714,7494483.255,1.000818051
539.544221943,0.221,221,2,117.974,1127930.031,438.935,7494499.639,1.000810578
540.546789728,0.221,221,2,118.195,1127946.415,439.156,7494516.023,1.002567785
541.547472147,0.221,221,2,118.416,1127954.607,439.377,7494524.215,1.000682419
542.548170699,0.221,221,2,118.637,1127970.991,439.598,7494541.735,1.000698552
538.02560313,2.588,2588,5,282.742,4090.428,439.819,7494549.927,0
543.549093442,0.221,221,2,118.858,1127987.375,440.158,7494559.031,5.523490312
544.551418179,0.221,221,2,119.079,1128005.071,440.379,7494576.727,1.002324737
545.552122948,0.221,221,2,119.3,1128021.455,440.6,7494593.111,1.000704769
546.552819754,0.221,221,2,119.521,1128037.839,440.821,7494609.495,1.000696806
547.553269183,0.221,221,2,119.742,1128054.223,441.042,7494626.919,1.000449429
548.55411105,0.221,221,2,119.963,1128070.607,441.263,7494643.303,1.000841867
549.556961762,0.221,221,2,120.184,1128086.991,441.484,7494659.687,1.002850712
550.557561768,0.221,221,2,120.405,1128103.375,441.705,7494676.071,1.000600006
551.558026562,0.221,221,2,120.626,1128119.759,441.926,7494692.455,1.000464794
552.55846307,0.221,221,2,120.847,1128136.143,442.147,7494708.839,1.000436508
544.144661356,0.339,339,5,283.081,4091.34,442.368,7494717.031,0
553.559047502,0.221,221,2,121.068,1128152.527,442.707,7494726.103,9.414386146
554.559538276,0.221,221,2,121.289,1128168.911,442.928,7494742.487,1.000490774
555.559999369,0.221,221,2,121.51,1128185.295,443.149,7494758.871,1.000461093
556.560449845,0.221,221,2,121.731,1128201.679,443.37,7494775.255,1.000450476
557.561013185,0.221,221,2,121.952,1128218.063,443.591,7494791.639,1.00056334
558.561601947,0.221,221,2,122.173,1128234.447,443.812,7494808.023,1.000588762
559.562161934,0.221,221,2,122.394,1128250.831,444.033,7494824.407,1.000559987
560.562719338,0.221,221,2,122.615,1128267.215,444.254,7494840.791,1.000557404
561.563170373,0.221,221,2,122.836,1128283.599,444.475,7494857.175,1.000451035
562.563610303,0.221,221,2,123.057,1128299.983,444.696,7494873.559,1.00043993
554.144387858,0.339,339,5,283.42,4092.22,444.917,7494881.751,0
563.564061408,0.221,221,2,123.278,1128316.367,445.256,7494890.791,9.41967355
564.56459304,0.221,221,2,123.499,1128332.751,445.477,7494907.175,1.000531632
565.565194024,0.221,221,2,123.72,1128349.135,445.698,7494923.559,1.000600984
566.565647503,0.221,221,2,123.941,1128365.519,445.919,7494939.943,1.000453479
567.566117396,0.221,221,2,124.162,1128381.903,446.14,7494956.327,1.000469893
568.566671097,0.221,221,2,124.383,1128398.287,446.361,7494972.711,1.000553701
569.567270755,0.221,221,2,124.604,1128414.671,446.582,7494989.095,1.000599658
570.567755732,0.221,221,2,124.825,1128431.055,446.803,7495005.479,1.000484977
564.144161643,0.339,339,5,283.759,4101.74,447.024,7495022.343,0
571.762044196,1.575,1575,5,285.334,4101.74,448.599,7495022.343,7.617882553
571.765149898,0.286,286,5,285.62,4128.364,448.885,7495048.967,0.00310570199997
571.568212844,0.221,221,2,125.046,1128447.439,449.074,7495058.183,0
572.56886991,0.221,221,2,125.267,1128463.823,449.295,7495074.567,1.000657066
571.769591944,0.189,189,5,285.809,4129.388,449.516,7495082.759,0
573.569610088,0.221,221,2,125.488,1128472.015,452.029,7495083.751,1.800018144
574.145085294,2.513,2513,5,288.322,4130.38,452.25,7495091.943,0.575475206
574.947378379,2.376,2376,5,290.698,4140.588,454.626,7495102.151,0.802293085
574.570387352,0.221,221,2,125.709,1128488.399,456.201,7495110.343,0
575.571152394,0.221,221,2,125.93,1128504.783,456.422,7495126.727,1.000765042
574.952062075,1.575,1575,5,292.273,4140.588,456.643,7495134.919,0
576.571944952,0.221,221,2,126.151,1128521.167,459.019,7495143.111,1.619882877
577.57256647,0.221,221,2,126.372,1128537.551,459.24,7495159.495,1.000621518
577.462760817,2.376,2376,5,294.649,4144.684,459.461,7495171.783,0
578.940141285,0.189,189,5,294.838,4147.756,459.65,7495174.855,1.477380468
578.967279094,0.189,189,5,295.027,4149.708,459.839,7495176.807,0.027137809
578.573046699,0.221,221,2,126.593,1128553.935,460.028,7495185.927,0
579.573792185,0.221,221,2,126.814,1128570.319,460.249,7495202.311,1.000745486
580.574308032,0.221,221,2,127.035,1128586.703,460.47,7495218.695,1.000515847
581.574762699,0.221,221,2,127.256,1128603.087,460.691,7495235.079,1.000454667
582.575217017,0.221,221,2,127.477,1128619.471,460.912,7495251.463,1.000454318
578.975140499,0.189,189,5,295.216,4150.636,461.133,7495259.655,0
584.14438311,0.339,339,5,295.555,4151.532,461.472,7495260.551,5.169242611
583.575658972,0.221,221,2,127.698,1128635.855,461.661,7495270.439,0
584.576241798,0.221,221,2,127.919,1128652.239,461.882,7495286.823,1.000582826
585.576757436,0.221,221,2,128.14,1128668.623,462.103,7495303.207,1.000515638
586.577201417,0.221,221,2,128.361,1128685.007,462.324,7495319.591,1.000443981
587.577659576,0.221,221,2,128.582,1128701.391,462.545,7495335.975,1.000458159
588.578122554,0.221,221,2,128.803,1128717.775,462.766,7495352.359,1.000462978
589.578574427,0.221,221,2,129.024,1128734.159,462.987,7495368.743,1.000451873
590.579026021,0.221,221,2,129.245,1128750.543,463.208,7495385.127,1.000451594
591.579485646,0.221,221,2,129.466,1128766.927,463.429,7495401.511,1.000459625
592.579931024,0.221,221,2,129.687,1128783.311,463.65,7495417.895,1.000445378
584.269176912,0.189,189,5,295.744,4153.228,463.871,7495426.087,0
593.580379545,0.221,221,2,129.908,1128799.695,464.21,7495435.079,9.311202633
594.580921374,0.221,221,2,130.129,1128816.079,464.431,7495451.463,1.000541829
595.581375761,0.221,221,2,130.35,1128832.463,464.652,7495467.847,1.000454387
596.581819672,0.221,221,2,130.571,1128848.847,464.873,7495484.231,1.000443911
597.582264212,0.221,221,2,130.792,1128865.231,465.094,7495500.615,1.00044454
598.582722092,0.221,221,2,131.013,1128881.615,465.315,7495516.999,1.00045788
599.583165374,0.221,221,2,131.234,1128897.999,465.536,7495533.383,1.000443282
594.144373891,0.339,339,5,296.083,4163.244,465.757,7495550.791,0
600.977218557,1.575,1575,5,297.658,4163.244,467.332,7495550.791,6.832844666
600.981446818,0.286,286,5,297.944,4447.916,467.618,7495835.463,0.00422826099998
600.987345822,0.189,189,5,298.133,4448.908,467.807,7495836.455,0.00589900399996
600.98925193,0.286,286,5,298.419,14362.188,468.093,7505749.735,0.00190610800007
600.583612917,0.221,221,2,131.455,1128914.383,468.282,7505758.855,0
601.584271521,0.221,221,2,131.676,1128930.767,468.503,7505775.239,1.000658604
602.585191051,0.221,221,2,131.897,1128947.151,468.724,7505791.623,1.00091953
601.151283988,0.189,189,5,298.608,14363.116,468.945,7505799.815,0
603.586055546,0.221,221,2,132.118,1128963.535,471.458,7505808.903,2.434771558
604.58688135,0.221,221,2,132.339,1128979.919,471.679,7505825.287,1.000825804
604.508002185,2.513,2513,5,301.121,14364.012,471.9,7505833.479,0
605.640122827,0.286,286,5,301.407,14364.876,472.186,7511634.279,1.132120642
605.587702334,0.221,221,2,132.56,1128988.111,472.375,7511635.111,0
606.588470449,0.221,221,2,132.781,1129004.495,472.596,7511651.495,1.000768115
607.589316227,0.221,221,2,133.002,1129020.879,472.817,7511667.879,1.000845778
608.590044392,0.221,221,2,133.223,1129037.263,473.038,7511684.263,1.000728165
609.590808595,0.221,221,2,133.444,1129053.647,473.259,7511700.647,1.000764203
610.591555059,0.221,221,2,133.665,1129070.031,473.48,7511717.031,1.000746464
611.592281688,0.221,221,2,133.886,1129086.415,473.701,7511733.415,1.000726629
612.593020958,0.221,221,2,134.107,1129102.799,473.922,7511749.799,1.00073927
605.671423665,0.189,189,5,301.596,14365.708,474.143,7511757.991,0
613.593545885,0.221,221,2,134.328,1129119.183,476.656,7511766.983,7.92212222
614.594226418,0.221,221,2,134.549,1129135.567,476.877,7511783.367,1.000680533
615.59496506,0.221,221,2,134.77,1129151.951,477.098,7511799.751,1.000738642
616.595799733,0.221,221,2,134.991,1129168.335,477.319,7511816.135,1.000834673
617.596679384,0.221,221,2,135.212,1129184.719,477.54,7511832.519,1.000879651
618.597672736,0.221,221,2,135.433,1129201.103,477.761,7511848.903,1.000993352
619.598424019,0.221,221,2,135.654,1129217.487,477.982,7511865.287,1.000751283
620.599256178,0.221,221,2,135.875,1129233.871,478.203,7511881.671,1.000832159
621.599960458,0.221,221,2,136.096,1129250.255,478.424,7511898.871,1.00070428
622.600659639,0.221,221,2,136.317,1129266.639,478.645,7511915.255,1.000699181
614.145804311,2.513,2513,5,304.109,14366.508,478.866,7511923.447,0
623.601392413,0.221,221,2,136.538,1129283.023,481.379,7511932.407,9.455588102
624.144954482,2.513,2513,5,306.622,14367.276,481.6,7511940.599,0.543562069
624.60216381,0.221,221,2,136.759,1129299.407,484.263,7511948.791,0.457209328
625.602913976,0.221,221,2,136.98,1129315.791,484.484,7511965.175,1.000750166
626.603647519,0.221,221,2,137.201,1129332.175,484.705,7511981.559,1.000733543
627.604371284,0.221,221,2,137.422,1129348.559,484.926,7511997.943,1.000723765
628.605084294,0.221,221,2,137.643,1129364.943,485.147,7512014.327,1.00071301
629.605844097,0.221,221,2,137.864,1129381.327,485.368,7512030.711,1.000759803
630.606640497,0.221,221,2,138.085,1129397.711,485.589,7512047.095,1.0007964
631.607507926,0.221,221,2,138.306,1129414.095,485.81,7512063.479,1.000867429
632.608233298,0.221,221,2,138.527,1129430.479,486.031,7512079.863,1.000725372
625.583028765,2.663,2663,5,309.285,14367.276,486.252,7512088.055,0
633.608776593,0.221,221,2,138.748,1129446.863,486.591,7512096.983,8.025747828
634.609425698,0.221,221,2,138.969,1129463.247,486.812,7512113.367,1.000649105
635.610125228,0.221,221,2,139.19,1129479.631,487.033,7512129.751,1.00069953
636.610909266,0.221,221,2,139.411,1129496.015,487.254,7512146.135,1.000784038
637.611454936,0.221,221,2,139.632,1129512.399,487.475,7512162.519,1.00054567
638.611923222,0.221,221,2,139.853,1129528.783,487.696,7512178.903,1.000468286
639.612410645,0.221,221,2,140.074,1129545.167,487.917,7512195.287,1.000487423
640.612865381,0.221,221,2,140.295,1129561.551,488.138,7512211.671,1.000454736
641.613310969,0.221,221,2,140.516,1129577.935,488.359,7512228.055,1.000445588
642.61378582,0.221,221,2,140.737,1129594.319,488.58,7512244.439,1.000474851
634.145425841,0.339,339,5,309.624,14368.012,488.801,7512252.631,0
643.614377515,0.221,221,2,140.958,1129610.703,489.14,7512261.527,9.468951674
644.615113223,0.221,221,2,141.179,1129627.087,489.361,7512277.911,1.000735708
645.616374626,0.221,221,2,141.4,1129643.471,489.582,7512294.295,1.001261403
646.617437471,0.221,221,2,141.621,1129659.855,489.803,7512310.679,1.001062845
647.618134348,0.221,221,2,141.842,1129676.239,490.024,7512327.063,1.000696877
648.618816906,0.221,221,2,142.063,1129692.623,490.245,7512343.447,1.000682558
649.619470691,0.221,221,2,142.284,1129709.007,490.466,7512359.831,1.000653785
650.620116304,0.221,221,2,142.505,1129725.391,490.687,7512376.215,1.000645613
651.620821491,0.221,221,2,142.726,1129741.775,490.908,7512392.599,1.000705187
652.621580666,0.221,221,2,142.947,1129758.159,491.129,7512408.983,1.000759175
653.622347383,0.221,221,2,143.168,1129774.543,491.35,7512425.367,1.000766717
654.623021212,0.221,221,2,143.389,1129790.927,491.571,7512441.751,1.000673829
655.623707333,0.221,221,2,143.61,1129807.311,491.792,7512458.135,1.000686121
656.6243688,0.221,221,2,143.831,1129823.695,492.013,7512474.519,1.000661467
657.625036482,0.221,221,2,144.052,1129840.079,492.234,7512490.903,1.000667682
658.625708146,0.221,221,2,144.273,1129856.463,492.455,7512507.287,1.000671664
659.626400203,0.221,221,2,144.494,1129872.847,492.676,7512523.671,1.000692057
660.627087721,0.221,221,2,144.715,1129889.231,492.897,7512540.055,1.000687518
661.627773912,0.221,221,2,144.936,1129905.615,493.118,7512556.439,1.000686191
662.628449486,0.221,221,2,145.157,1129921.999,493.339,7512572.823,1.000675574
663.629136725,0.221,221,2,145.378,1129938.383,493.56,7512589.207,1.000687239
664.629832553,0.221,221,2,145.599,1129954.767,493.781,7512605.591,1.000695828
665.630592287,0.221,221,2,145.82,1129971.151,494.002,7512621.975,1.000759734
666.631333862,0.221,221,2,146.041,1129987.535,494.223,7512638.359,1.000741575
667.632000776,0.221,221,2,146.262,1130003.919,494.444,7512654.743,1.000666914
668.632670135,0.221,221,2,146.483,1130020.303,494.665,7512671.127,1.000669359
669.633331951,0.221,221,2,146.704,1130036.687,494.886,7512687.511,1.000661816
670.633994885,0.221,221,2,146.925,1130053.071,495.107,7512703.895,1.000662934
671.634655513,0.221,221,2,147.146,1130069.455,495.328,7512720.279,1.000660628
672.635314815,0.221,221,2,147.367,1130085.839,495.549,7512736.663,1.000659302
673.635985571,0.221,221,2,147.588,1130102.223,495.77,7512753.047,1.000670756
674.636655488,0.221,221,2,147.809,1130118.607,495.991,7512769.431,1.000669917
675.637320447,0.221,221,2,148.03,1130134.991,496.212,7512785.815,1.000664959
676.638003425,0.221,221,2,148.251,1130151.375,496.433,7512802.199,1.000682978
677.638681305,0.221,221,2,148.472,1130167.759,496.654,7512818.583,1.00067788
678.639361908,0.221,221,2,148.693,1130184.143,496.875,7512834.967,1.000680603
679.640056969,0.221,221,2,148.914,1130200.527,497.096,7512851.351,1.000695061
680.640750842,0.221,221,2,149.135,1130216.911,497.317,7512867.735,1.000693873
681.641432772,0.221,221,2,149.356,1130233.295,497.538,7512884.119,1.00068193
682.642110163,0.221,221,2,149.577,1130249.679,497.759,7512900.503,1.000677391
683.642788252,0.221,221,2,149.798,1130266.063,497.98,7512916.887,1.000678089
684.643453141,0.221,221,2,150.019,1130282.447,498.201,7512933.271,1.000664889
685.644141636,0.221,221,2,150.24,1130298.831,498.422,7512949.655,1.000688495
686.64483097,0.221,221,2,150.461,1130315.215,498.643,7512966.039,1.000689334
644.145942947,0.339,339,5,309.963,14368.716,498.864,7512974.231,0
687.869613395,0.339,339,5,310.302,14369.388,499.203,7512974.903,43.723670448
687.871306068,0.339,339,5,310.641,14370.028,499.542,7512975.543,0.00169267299998
687.872586748,0.339,339,5,310.98,14370.636,499.881,7512976.151,0.00128068000004
687.645603763,0.221,221,2,150.682,1130331.599,500.22,7512984.919,0
688.646367338,0.221,221,2,150.903,1130347.983,500.441,7513001.303,1.000763575
689.64704438,0.221,221,2,151.124,1130364.367,500.662,7513017.687,1.000677042
690.647711504,0.221,221,2,151.345,1130380.751,500.883,7513034.071,1.000667124
691.648362215,0.221,221,2,151.566,1130397.135,501.104,7513050.455,1.000650711
692.649013275,0.221,221,2,151.787,1130413.519,501.325,7513066.839,1.00065106
495.430426256,0.186,186,4,3.958,596323.056,501.546,7513075.031,0
687.873858767,0.339,339,5,311.319,14371.212,501.676,7513076.567,192.443432511
693.649665104,0.221,221,2,152.008,1130429.903,502.015,7513085.303,5.775806337
694.650336558,0.221,221,2,152.229,1130446.287,502.236,7513101.687,1.000671454
695.651057879,0.221,221,2,152.45,1130462.671,502.457,7513118.071,1.000721321
696.651768165,0.221,221,2,152.671,1130479.055,502.678,7513134.455,1.000710286
697.652445556,0.221,221,2,152.892,1130495.439,502.899,7513150.839,1.000677391
698.652947435,0.221,221,2,153.113,1130511.823,503.12,7513167.223,1.000501879
699.653362851,0.221,221,2,153.334,1130528.207,503.341,7513183.607,1.000415416
700.653776591,0.221,221,2,153.555,1130544.591,503.562,7513199.991,1.00041374
701.65418621,0.221,221,2,153.776,1130560.975,503.783,7513216.375,1.000409619
702.654584235,0.221,221,2,153.997,1130577.359,504.004,7513232.759,1.000398025
694.144559252,0.339,339,5,311.658,14371.756,504.225,7513240.951,0
703.65498289,0.221,221,2,154.218,1130593.743,504.564,7513249.655,9.510423638
704.655444401,0.221,221,2,154.439,1130610.127,504.785,7513266.039,1.000461511
705.655866312,0.221,221,2,154.66,1130626.511,505.006,7513282.423,1.000421911
706.65626762,0.221,221,2,154.881,1130642.895,505.227,7513298.807,1.000401308
707.656656706,0.221,221,2,155.102,1130659.279,505.448,7513315.191,1.000389086
708.657060598,0.221,221,2,155.323,1130675.663,505.669,7513331.575,1.000403892
709.657550744,0.221,221,2,155.544,1130692.047,505.89,7513347.959,1.000490146
710.65802364,0.221,221,2,155.765,1130708.431,506.111,7513364.343,1.000472896
711.658469087,0.221,221,2,155.986,1130724.815,506.332,7513380.727,1.000445447
712.658892884,0.221,221,2,156.207,1130741.199,506.553,7513397.111,1.000423797
704.144330872,0.339,339,5,311.997,14372.268,506.774,7513405.303,0
713.659293843,0.221,221,2,156.428,1130757.583,507.113,7513413.975,9.514962971
714.659790135,0.221,221,2,156.649,1130773.967,507.334,7513430.359,1.000496292
715.660223151,0.221,221,2,156.87,1130790.351,507.555,7513446.743,1.000433016
716.660638637,0.221,221,2,157.091,1130806.735,507.776,7513463.127,1.000415486
717.66104658,0.221,221,2,157.312,1130823.119,507.997,7513479.511,1.000407943
718.661460599,0.221,221,2,157.533,1130839.503,508.218,7513495.895,1.000414019
719.661870637,0.221,221,2,157.754,1130855.887,508.439,7513512.279,1.000410038
720.662295761,0.221,221,2,157.975,1130872.271,508.66,7513528.663,1.000425124
721.662688479,0.221,221,2,158.196,1130888.655,508.881,7513545.047,1.000392718
722.663099006,0.221,221,2,158.417,1130905.039,509.102,7513562.839,1.000410527
714.144373056,0.339,339,5,312.336,14372.748,509.323,7513571.031,0
723.663672892,0.221,221,2,158.638,1130921.423,509.662,7513579.671,9.519299836
724.664163527,0.221,221,2,158.859,1130937.807,509.883,7513596.055,1.000490635
725.664762556,0.221,221,2,159.08,1130954.191,510.104,7513612.439,1.000599029
726.665308575,0.221,221,2,159.301,1130970.575,510.325,7513628.823,1.000546019
727.665718194,0.221,221,2,159.522,1130986.959,510.546,7513645.207,1.000409619
728.666135146,0.221,221,2,159.743,1131003.343,510.767,7513661.591,1.000416952
729.666555731,0.221,221,2,159.964,1131019.727,510.988,7513677.975,1.000420585
730.666969331,0.221,221,2,160.185,1131036.111,511.209,7513694.359,1.0004136
731.667373153,0.221,221,2,160.406,1131052.495,511.43,7513712.023,1.000403822
732.667941591,0.221,221,2,160.627,1131068.879,511.651,7513728.407,1.000568438
724.144497723,0.339,339,5,312.675,14373.196,511.872,7513736.599,0
733.66839996,0.221,221,2,160.848,1131085.263,512.211,7513745.207,9.523902237
734.668818868,0.221,221,2,161.069,1131101.647,512.432,7513761.591,1.000418908
735.669234353,0.221,221,2,161.29,1131118.031,512.653,7513777.975,1.000415485
736.669652773,0.221,221,2,161.511,1131134.415,512.874,7513794.359,1.00041842
737.670059109,0.221,221,2,161.732,1131150.799,513.095,7513810.743,1.000406336
738.67047704,0.221,221,2,161.953,1131167.183,513.316,7513827.127,1.000417931
739.670883655,0.221,221,2,162.174,1131183.567,513.537,7513844.663,1.000406615
740.671455935,0.221,221,2,162.395,1131199.951,513.758,7513861.047,1.00057228
741.671919262,0.221,221,2,162.616,1131216.335,513.979,7513877.431,1.000463327
742.672324551,0.221,221,2,162.837,1131232.719,514.2,7513893.815,1.000405289
734.14462686,0.339,339,5,313.014,14373.612,514.421,7513902.007,0
743.672725161,0.221,221,2,163.058,1131249.103,514.76,7513910.583,9.528098301
744.673207066,0.221,221,2,163.279,1131265.487,514.981,7513926.967,1.000481905
745.673797644,0.221,221,2,163.5,1131281.871,515.202,7513943.351,1.000590578
746.674292399,0.221,221,2,163.721,1131298.255,515.423,7513959.735,1.000494755
747.674728209,0.221,221,2,163.942,1131314.639,515.644,7513976.119,1.00043581
748.675147536,0.221,221,2,164.163,1131331.023,515.865,7513992.503,1.000419327
749.675570285,0.221,221,2,164.384,1131347.407,516.086,7514008.887,1.000422749
750.675974108,0.221,221,2,164.605,1131363.791,516.307,7514025.271,1.000403823
751.676392317,0.221,221,2,164.826,1131380.175,516.528,7514041.655,1.000418209
752.676840349,0.221,221,2,165.047,1131396.559,516.749,7514058.039,1.000448032
744.14432745,0.339,339,5,313.353,14373.996,516.97,7514066.231,0
753.677258978,0.221,221,2,165.268,1131412.943,517.309,7514074.775,9.532931528
754.67811593,0.221,221,2,165.489,1131429.327,517.53,7514091.159,1.000856952
755.678633594,0.221,221,2,165.71,1131445.711,517.751,7514107.543,1.000517664
756.679109353,0.221,221,2,165.931,1131462.095,517.972,7514123.927,1.000475759
757.679530286,0.221,221,2,166.152,1131478.479,518.193,7514140.311,1.000420933
758.679952267,0.221,221,2,166.373,1131494.863,518.414,7514156.695,1.000421981
759.68037362,0.221,221,2,166.594,1131511.247,518.635,7514173.079,1.000421353
760.680793855,0.221,221,2,166.815,1131527.631,518.856,7514189.463,1.000420235
761.681216674,0.221,221,2,167.036,1131544.015,519.077,7514205.847,1.000422819
762.681630693,0.221,221,2,167.257,1131560.399,519.298,7514222.231,1.000414019
754.144250835,0.339,339,5,313.692,14374.348,519.519,7514230.423,0
763.682043106,0.221,221,2,167.478,1131576.783,519.858,7514238.935,9.537792271
764.682492185,0.221,221,2,167.699,1131593.167,520.079,7514255.319,1.000449079
765.682916611,0.221,221,2,167.92,1131601.359,520.3,7514271.703,1.000424426
766.683349906,0.221,221,2,168.141,1131617.743,520.521,7514288.087,1.000433295
767.683749678,0.221,221,2,168.362,1131634.127,520.742,7514304.471,1.000399772
768.684186046,0.221,221,2,168.583,1131650.511,520.963,7514320.855,1.000436368
769.684714675,0.221,221,2,168.804,1131666.895,521.184,7514337.239,1.000528629
770.685163196,0.221,221,2,169.025,1131683.279,521.405,7514353.623,1.000448521
771.685589856,0.221,221,2,169.246,1131699.663,521.626,7514370.007,1.00042666
772.686013443,0.221,221,2,169.467,1131716.047,521.847,7514386.391,1.000423587
764.144125819,0.339,339,5,314.031,14374.668,522.068,7514394.583,0
773.68651204,0.221,221,2,169.688,1131732.431,522.407,7514403.063,9.542386221
774.687046047,0.221,221,2,169.909,1131748.815,522.628,7514419.447,1.000534007
775.687477107,0.221,221,2,170.13,1131765.199,522.849,7514435.831,1.00043106
776.687889171,0.221,221,2,170.351,1131781.583,523.07,7514452.215,1.000412064
777.688305634,0.221,221,2,170.572,1131797.967,523.291,7514468.599,1.000416463
778.688727127,0.221,221,2,170.793,1131814.351,523.512,7514484.983,1.000421493
779.689148339,0.221,221,2,171.014,1131830.735,523.733,7514501.367,1.000421212
780.689681508,0.221,221,2,171.235,1131847.119,523.954,7514517.751,1.000533169
781.69013366,0.221,221,2,171.456,1131863.503,524.175,7514534.135,1.000452152
782.690543419,0.221,221,2,171.677,1131879.887,524.396,7514551.303,1.000409759
783.691135045,0.221,221,2,171.898,1131896.271,524.617,7514567.943,1.000591626
784.691613038,0.221,221,2,172.119,1131912.655,524.838,7514584.327,1.000477993
785.692286797,0.221,221,2,172.34,1131929.039,525.059,7514600.711,1.000673759
786.692819826,0.221,221,2,172.561,1131945.423,525.28,7514617.095,1.000533029
787.693248023,0.221,221,2,172.782,1131961.807,525.501,7514633.479,1.000428197
788.693680341,0.221,221,2,173.003,1131978.191,525.722,7514649.863,1.000432318
789.697993249,0.221,221,2,173.224,1131994.575,525.943,7514666.247,1.004312908
790.698420818,0.221,221,2,173.445,1132010.959,526.164,7514682.631,1.000427569
791.698998126,0.221,221,2,173.666,1132027.343,526.385,7514699.015,1.000577308
792.699478285,0.221,221,2,173.887,1132043.727,526.606,7514715.399,1.000480159
774.144277934,0.339,339,5,314.37,14375.212,526.827,7514723.591,0
793.699899428,0.221,221,2,174.108,1132060.111,527.166,7514732.007,19.555621494
794.70047031,0.221,221,2,174.329,1132076.495,527.387,7514748.391,1.000570882
795.700946279,0.221,221,2,174.55,1132092.879,527.608,7514764.775,1.000475969
796.701364139,0.221,221,2,174.771,1132109.263,527.829,7514781.159,1.00041786
797.701781511,0.221,221,2,174.992,1132117.455,528.05,7514789.351,1.000417372
798.702206914,0.221,221,2,175.213,1132133.839,528.271,7514805.735,1.000425403
799.702636997,0.221,221,2,175.434,1132150.223,528.492,7514822.119,1.000430083
800.703056324,0.221,221,2,175.655,1132166.607,528.713,7514838.503,1.000419327
801.703476489,0.221,221,2,175.876,1132182.991,528.934,7514854.887,1.000420165
802.703893162,0.221,221,2,176.097,1132199.375,529.155,7514871.271,1.000416673
794.14432829,0.339,339,5,314.709,14375.436,529.376,7514879.463,0
803.704312629,0.221,221,2,176.318,1132215.759,529.715,7514887.655,9.559984339
804.144221573,0.339,339,5,315.048,14375.868,529.936,7514896.279,0.439908944
805.156073569,0.189,189,5,315.237,14376.156,530.125,7514896.567,1.011851996
804.704745505,0.221,221,2,176.539,1132232.143,530.314,7514905.015,0
805.705278394,0.221,221,2,176.76,1132248.527,530.535,7514921.399,1.000532889
806.705733759,0.221,221,2,176.981,1132264.911,530.756,7514937.783,1.000455365
807.706153505,0.221,221,2,177.202,1132281.295,530.977,7514954.167,1.000419746
808.706572972,0.221,221,2,177.423,1132297.679,531.198,7514970.551,1.000419467
809.706989436,0.221,221,2,177.644,1132314.063,531.419,7514986.935,1.000416464
805.15824661,0.189,189,5,315.426,14376.748,531.64,7514995.463,0
810.707398985,0.221,221,2,177.865,1132330.447,531.829,7515004.007,5.549152375
811.707900166,0.221,221,2,178.086,1132346.831,532.05,7515021.319,1.000501181
812.708537677,0.221,221,2,178.307,1132363.215,532.271,7515037.703,1.000637511
811.446012115,0.189,189,5,315.615,14378.028,532.492,7515045.895,0
813.709098224,0.221,221,2,178.528,1132379.599,532.831,7515054.503,2.263086109
814.709580548,0.221,221,2,178.749,1132395.983,533.052,7515070.887,1.000482324
815.710112878,0.221,221,2,178.97,1132412.367,533.273,7515087.271,1.00053233
816.710599322,0.221,221,2,179.191,1132461.823,533.494,7515236.023,1.000486444
