time,size,first_call,destination,dest_out_traffic,dest_in_traffic,total_network_out,total_network_in,dens10
0.0,0.221,0,2,0.221,8.413,2.756,10.461,0
3.637477222,0.244,244,2,0.465,24.797,3.0,26.845,3.637477222
3.671170114,0.183,183,2,0.648,41.181,3.183,43.229,0.033692892
4.680964123,0.183,183,2,0.831,57.565,3.366,59.613,1.009794009
5.682135335,0.183,183,2,1.014,73.949,3.549,75.997,1.001171212
6.683044885,0.183,183,2,1.197,90.333,3.732,92.381,1.00090955
7.683953014,0.183,183,2,1.38,106.717,3.915,108.765,1.000908129
8.684951507,0.183,183,2,1.563,123.101,4.098,125.149,1.000998493
9.685817417,0.183,183,2,1.746,139.485,4.281,141.533,1.00086591
10.686638567,0.183,183,2,1.929,155.869,4.464,157.917,1.00082115
11.687469625,0.183,183,2,2.112,172.253,4.647,174.301,1.000831058
12.688397313,0.183,183,2,2.295,188.637,4.83,190.685,1.000927688
13.689136966,0.183,183,2,2.478,205.021,5.013,207.069,1.000739653
14.691783929,0.183,183,2,2.661,221.405,5.196,223.453,1.002646963
15.694516822,0.183,183,2,2.844,237.789,5.379,239.837,1.002732893
16.695223058,0.183,183,2,3.027,254.173,5.562,256.221,1.000706236
17.695958733,0.183,183,2,3.21,270.557,5.745,272.605,1.000735675
18.697621788,0.183,183,2,3.393,286.941,5.928,288.989,1.001663055
19.698371159,0.183,183,2,3.576,303.325,6.111,305.373,1.000749371
0.0,2.535,0,6,2.535,0.0,6.294,313.565,0
21.451367665,0.268,268,4,0.268,8.452,6.728,324.749,21.451367665
20.699043035,0.183,183,2,3.759,319.709,6.981,341.133,0
21.779527007,0.219,219,2,3.978,352.477,7.2,373.901,1.080483972
21.996384168,0.283,283,2,4.261,368.861,7.483,390.285,0.216857161
22.039810016,0.207,207,2,4.468,385.245,7.69,406.669,0.043425848
22.080728685,0.102,102,2,4.57,393.437,7.792,414.861,0.040918669
21.493101118,0.253,253,4,0.521,24.836,7.917,77353.562,0
22.504690618,0.291,291,4,0.812,25.123,8.208,77621.63,1.0115895
22.106920006,0.125,125,2,4.695,119842.034,8.442,119880.129,0
22.507345907,0.234,234,4,1.046,41.507,8.661,239336.714,0.400425901
23.509186548,0.405,405,4,1.451,41.908,9.066,239702.954,1.001840641
22.781685671,0.219,219,2,4.914,282011.776,9.296,282066.656,0
23.786142966,0.219,219,2,5.133,317118.722,9.515,317173.602,1.004457295
23.511392482,0.23,230,4,1.681,58.292,9.64,383754.495,0
23.989617043,0.125,125,2,5.258,428317.022,10.155,428388.797,0.478224561
24.512503539,0.515,515,4,2.196,75.187,10.374,476642.461,0.522886496
24.7923293,0.219,219,2,5.477,476570.686,10.889,476659.356,0.279825761
25.632875434,0.174,174,2,5.651,476587.07,11.063,476675.74,0.840546134
25.635390675,0.188,188,2,5.839,476595.262,11.251,476683.932,0.002515241
25.514248722,0.515,515,4,2.711,92.082,11.374,476826.108,0
25.638611986,0.123,123,2,5.962,476798.545,12.025,476904.246,0.124363264
25.64330707,0.651,651,4,3.362,109.113,12.195,476912.438,0.004695084
25.670283096,0.17,170,2,6.132,476814.929,12.692,476937.507,0.026976026
25.673021162,0.184,184,2,6.316,476823.121,12.876,476945.699,0.002738066
25.671121302,0.497,497,4,3.859,125.99,12.999,477004.299,0
25.675812638,0.123,123,2,6.439,476881.721,13.378,477021.058,0.004691336
25.689880421,0.379,379,4,4.238,142.749,13.597,477037.442,0.014067783
26.691531328,0.156,156,4,4.394,159.285,13.753,477053.978,1.001650907
25.797308079,0.219,219,2,6.658,476898.105,13.909,477070.514,0
26.800352438,0.219,219,2,6.877,476914.489,14.128,477086.898,1.003044359
20.877477407,0.166,166,6,2.701,2.732,14.347,477095.09,0
27.976261921,0.176,176,6,2.877,3.756,14.523,477096.114,7.098784514
28.02363029,0.154,154,6,3.031,7.34,14.677,477099.698,0.047368369
28.153069649,0.17,170,6,3.201,8.364,14.847,477100.722,0.129439359
28.183392085,0.172,172,6,3.373,9.9,15.019,477102.258,0.030322436
28.475681023,0.177,177,6,3.55,10.908,15.196,477103.266,0.292288938
28.501867845,0.176,176,6,3.726,11.884,15.372,477104.242,0.026186822
28.52055326,1.53,1530,6,5.256,13.292,16.902,477105.65,0.018685415
28.575512251,1.256,1256,6,6.512,14.188,18.158,477106.546,0.054958991
27.803711074,0.219,219,2,7.096,476930.873,18.329,477115.17,0
28.806765496,0.219,219,2,7.315,476947.257,18.548,477131.554,1.003054422
29.807920248,0.219,219,2,7.534,476963.641,18.767,477147.938,1.001154752
30.808713008,0.219,219,2,7.753,476980.025,18.986,477164.322,1.00079276
31.809845255,0.219,219,2,7.972,476996.409,19.205,477180.706,1.001132247
28.586539103,0.171,171,6,6.683,23.02,19.424,477197.298,0
33.169058387,1.575,1575,6,8.258,23.02,20.999,477197.298,4.582519284
33.299622872,0.286,286,6,8.544,32.236,21.285,477206.514,0.130564485
32.810734693,0.219,219,2,8.191,477012.793,21.474,477220.85,0
33.527349237,0.189,189,6,8.733,38.38,21.693,477229.042,0.716614544
33.921046024,0.286,286,6,9.019,155.116,21.979,477345.778,0.393696787
33.811906992,0.219,219,2,8.41,477029.177,47.837,477360.114,0
34.879627422,0.235,235,8,0.235,40.96,48.291,477409.266,1.06772043
34.954312254,0.102,102,8,0.337,49.152,48.393,477417.458,0.074684832
34.813156452,0.219,219,2,8.629,477045.561,48.544,484495.461,0
35.814369236,0.219,219,2,8.848,477061.945,48.763,498321.102,1.001212784
36.815997774,0.219,219,2,9.067,477078.329,48.982,512411.035,1.001628538
37.817185409,0.219,219,2,9.286,477094.713,49.201,527227.771,1.001187635
38.81851301,0.219,219,2,9.505,477111.097,49.42,541912.361,1.001327601
39.819651044,0.219,219,2,9.724,477127.481,49.639,557323.754,1.001138034
40.82076472,0.219,219,2,9.943,477143.865,49.858,573395.877,1.001113676
41.822060846,0.219,219,2,10.162,477160.249,50.077,588873.343,1.001296126
42.823177003,0.219,219,2,10.381,477176.633,50.296,603822.225,1.001116157
34.980578835,0.151,151,8,0.488,135366.656,50.515,612882.418,0
33.930659588,0.189,189,6,9.208,157.164,50.666,612948.491,0
44.468860474,2.513,2513,6,11.721,157.676,53.179,612949.003,10.538200886
44.479569903,2.578,2578,6,14.299,170.22,55.757,612961.547,0.010709429
44.39253595,0.151,151,8,0.639,135440.921,57.332,612969.739,0
44.544766315,0.145,145,8,0.784,135449.113,57.477,612977.931,0.152230365
43.824272975,0.219,219,2,10.6,477193.017,57.628,617087.324,0
44.825458362,0.219,219,2,10.819,477209.401,57.847,632630.863,1.001185387
45.826649306,0.219,219,2,11.038,477225.785,58.066,646258.285,1.001190944
46.827670153,0.219,219,2,11.257,477242.169,58.285,661801.824,1.001020847
47.828757694,0.219,219,2,11.476,477258.553,58.504,676684.633,1.001087541
48.829837652,0.219,219,2,11.695,477274.937,58.723,691963.88,1.001079958
49.830919818,0.22,220,2,11.915,477291.321,58.943,708036.003,1.001082166
50.832002306,0.22,220,2,12.135,477307.705,59.163,721531.279,1.001082488
51.833055805,0.22,220,2,12.355,477324.089,59.383,736348.015,1.001053499
44.547716231,0.151,151,8,0.935,271365.949,59.603,749042.223,0
44.489822423,1.575,1575,6,15.874,170.22,59.754,749108.296,0
53.712117324,2.578,2578,6,18.452,184.556,62.332,749122.632,9.222294901
53.659800196,0.151,151,8,1.086,271440.214,63.907,749130.824,0
53.731034393,0.145,145,8,1.231,271456.598,64.052,749147.208,0.071234197
53.733115725,0.149,149,8,1.38,271464.79,64.201,749155.4,0.002081332
52.834073107,0.22,220,2,12.575,477340.473,64.352,750761.916,0
53.722187676,1.575,1575,6,20.027,184.556,64.572,759689.963,0.888114569
53.835123367,0.22,220,2,12.795,477356.857,67.085,764851.312,0.112935691
54.836163469,0.22,220,2,13.015,477373.241,67.305,780130.559,1.001040102
55.837322477,0.22,220,2,13.235,477381.433,67.525,795005.176,1.001159008
56.838405721,0.22,220,2,13.455,477397.817,67.745,808632.598,1.001083244
57.839443381,0.22,220,2,13.675,477414.201,67.965,824110.064,1.00103766
58.840525293,0.22,220,2,13.895,477430.585,68.185,837935.705,1.001081912
59.84193099,0.22,220,2,14.115,477446.969,68.405,851563.127,1.001405697
60.844812891,0.22,220,2,14.335,477463.353,68.625,866974.52,1.002881901
61.84602264,0.22,220,2,14.555,477479.737,68.845,882253.767,1.001209749
53.735283495,0.151,151,8,1.531,407191.304,69.065,885103.098,0
54.447146966,2.513,2513,6,22.54,250.092,69.216,885169.171,0.711863471
63.090417426,2.578,2578,6,25.118,266.476,71.794,885185.555,8.64327046
63.041212543,0.151,151,8,1.682,407265.569,73.369,885193.747,0
63.10372345,0.145,145,8,1.827,407281.953,73.514,885210.131,0.062510907
63.105710308,0.149,149,8,1.976,407290.145,73.663,885218.323,0.001986858
62.847093784,0.22,220,2,14.775,477496.121,73.814,895772.935,0
63.096386658,1.575,1575,6,26.693,266.476,74.034,904568.836,0.249292874
63.8484294,0.22,220,2,14.995,477512.505,76.547,910936.42,0.752042742
64.849589272,0.22,220,2,15.215,477528.889,76.767,926744.251,1.001159872
65.850707453,0.22,220,2,15.435,477545.273,76.987,942287.79,1.001118181
66.851971039,0.22,220,2,15.655,477561.657,77.207,956708.088,1.001263586
67.853015706,0.22,220,2,15.875,477578.041,77.427,972515.919,1.001044667
68.854118227,0.22,220,2,16.095,477594.425,77.647,988389.823,1.001102521
69.855129858,0.22,220,2,16.315,477610.809,77.867,1004263.727,1.001011631
70.85615286,0.22,220,2,16.535,477627.193,78.087,1019278.682,1.001023002
63.109054354,0.151,151,8,2.127,542846.681,78.307,1020938.699,0
64.451722498,2.513,2513,6,29.206,282.86,78.458,1021095.328,1.342668144
72.011361217,2.535,2535,6,31.741,299.244,80.993,1021111.712,7.559638719
71.963952299,0.151,151,8,2.278,543011.502,82.568,1021119.904,0
72.028737622,0.145,145,8,2.423,543027.886,82.713,1021136.288,0.064785323
72.031450387,0.149,149,8,2.572,543036.078,82.862,1021144.48,0.00271276500001
71.857268685,0.22,220,2,16.755,477643.577,83.013,1033611.778,0
72.858485562,0.22,220,2,16.975,477659.961,83.233,1048428.514,1.001216877
72.017125446,1.575,1575,6,33.316,299.244,83.453,1057752.999,0
73.859792028,0.22,220,2,17.195,477676.345,85.966,1064252.729,1.842666582
74.861045768,0.22,220,2,17.415,477692.729,86.186,1079862.341,1.00125374
75.862228719,0.22,220,2,17.635,477709.113,86.406,1095538.026,1.001182951
76.86330055,0.22,220,2,17.855,477725.497,86.626,1111213.711,1.001071831
77.864322542,0.22,220,2,18.075,477741.881,86.846,1127285.834,1.001021992
78.865414572,0.22,220,2,18.295,477758.265,87.066,1142565.081,1.00109203
72.033738727,0.151,151,8,2.723,678523.11,87.286,1156778.968,0
74.452898221,2.513,2513,6,35.829,315.628,87.437,1156912.429,2.419159494
80.835500745,2.535,2535,6,38.364,340.204,89.972,1156937.005,6.382602524
80.787840853,0.151,151,8,2.874,678664.763,91.547,1156945.197,0
80.848323765,0.145,145,8,3.019,678681.147,91.692,1156961.581,0.060482912
80.85048964,0.149,149,8,3.168,678689.339,91.841,1156969.773,0.002165875
79.866633116,0.22,220,2,18.515,477774.649,91.992,1157278.726,0
80.867703164,0.22,220,2,18.735,477791.033,92.212,1172161.535,1.001070048
81.868734757,0.22,220,2,18.955,477807.417,92.432,1187308.636,1.001031593
82.869902219,0.22,220,2,19.175,477823.801,92.652,1202653.956,1.001167462
80.841098733,1.575,1575,6,39.939,340.204,92.872,1211648.076,0
83.870969578,0.22,220,2,19.395,477840.185,95.385,1218460.713,3.029870845
84.872227949,0.22,220,2,19.615,477856.569,95.605,1234202.471,1.001258371
85.873292988,0.22,220,2,19.835,477872.953,95.825,1250010.302,1.001065039
80.852175511,0.151,151,8,3.319,787019.455,96.045,1265562.033,0
86.874411542,0.22,220,2,20.055,477905.721,162.118,1281295.599,6.022236031
87.876501121,66.073,66073,8,69.392,814175.458,162.338,1292734.42,1.002089579
84.446801214,2.513,2513,6,42.452,471.276,162.489,1292828.395,0
89.674324387,2.535,2535,6,44.987,536.812,165.024,1292893.931,5.227523173
89.627762959,0.151,151,8,69.543,814277.625,166.599,1292902.123,0
89.686526465,0.145,145,8,69.688,814294.009,166.744,1292918.507,0.058763506
89.688102258,0.149,149,8,69.837,814302.201,166.893,1292926.699,0.001575793
88.876869687,0.22,220,2,20.275,477922.105,167.044,1295335.508,0
89.878071215,0.22,220,2,20.495,477938.489,167.264,1310680.828,1.001201528
90.879175708,0.22,220,2,20.715,477954.873,167.484,1325497.564,1.001104493
91.88028106,0.22,220,2,20.935,477971.257,167.704,1339917.862,1.001105352
92.881278522,0.22,220,2,21.155,477987.641,167.924,1355064.963,1.000997462
89.680717464,1.575,1575,6,46.562,536.812,168.144,1363926.937,0
93.882303845,0.22,220,2,21.375,478004.025,170.657,1370591.581,4.201586381
94.883345065,0.22,220,2,21.595,478020.409,170.877,1386333.339,1.00104122
95.884304487,0.22,220,2,21.815,478036.793,171.097,1401810.805,1.000959422
96.885341382,0.22,220,2,22.035,478053.177,171.317,1416561.468,1.001036895
89.691101607,0.151,151,8,69.988,949839.913,171.537,1428661.019,0
94.445874841,2.513,2513,6,49.075,585.964,171.688,1428979.546,4.754773234
98.6944016,2.578,2578,6,51.653,602.348,174.266,1428995.93,4.248526759
98.648907411,0.151,151,8,70.139,950166.632,175.841,1429004.122,0
98.70845448,0.145,145,8,70.284,950183.016,175.986,1429020.506,0.059547069
98.710199382,0.149,149,8,70.433,950191.208,176.135,1429028.698,0.001744902
97.886409354,0.22,220,2,22.255,478069.561,176.286,1431814.743,0
98.887652277,0.22,220,2,22.475,478085.945,176.506,1447424.355,1.001242923
99.889266264,0.22,220,2,22.695,478102.329,176.726,1463298.259,1.001613987
100.890292764,0.22,220,2,22.915,478118.713,176.946,1479172.163,1.0010265
101.891407396,0.22,220,2,23.135,478135.097,177.166,1495046.067,1.001114632
102.892508299,0.22,220,2,23.355,478151.481,177.386,1510787.825,1.001100903
98.699609043,1.575,1575,6,53.228,602.348,177.606,1519649.799,0
103.893486368,0.22,220,2,23.575,478167.865,180.119,1526810.259,5.193877325
104.894538793,0.22,220,2,23.795,478184.249,180.339,1542618.09,1.001052425
105.895686953,0.22,220,2,24.015,478200.633,180.559,1558293.775,1.00114816
98.712881918,0.151,151,8,70.584,1085841.864,180.779,1564843.194,0
104.446202276,2.513,2513,6,55.741,618.732,180.93,1565034.575,5.733320358
107.367975386,2.535,2535,6,58.276,643.308,183.465,1565059.151,2.92177311
107.309655865,0.151,151,8,70.735,1086041.437,185.04,1565067.343,0
107.378113798,0.145,145,8,70.88,1086057.821,185.185,1565083.727,0.068457933
107.380284662,0.149,149,8,71.029,1086066.013,185.334,1565091.919,0.00217086399999
106.896902857,0.22,220,2,24.235,478217.017,185.485,1573313.704,0
107.898033213,0.22,220,2,24.455,478233.401,185.705,1589055.462,1.001130356
108.89907473,0.22,220,2,24.675,478249.785,185.925,1604599.001,1.001041517
109.900191889,0.22,220,2,24.895,478266.169,186.145,1619349.664,1.001117159
110.901221672,0.22,220,2,25.115,478282.553,186.365,1635091.422,1.001029783
111.902229,0.22,220,2,25.335,478298.937,186.585,1650502.815,1.001007328
112.903651056,0.22,220,2,25.555,478315.321,186.805,1666376.719,1.001422056
107.373569922,1.575,1575,6,59.851,643.308,187.025,1675106.547,0
113.904866099,0.22,220,2,25.775,478331.705,189.538,1682646.524,6.531296177
114.905903197,0.22,220,2,25.995,478348.089,189.758,1698784.72,1.001037098
107.382017408,0.151,151,8,71.18,1221602.277,189.978,1700841.175,0
114.445981747,2.513,2513,6,62.364,708.844,190.129,1700997.804,7.063964339
116.081036034,2.535,2535,6,64.899,807.148,192.664,1701096.108,1.635054287
116.034768762,0.151,151,8,71.331,1221767.098,194.239,1701104.3,0
116.090510038,0.145,145,8,71.476,1221783.482,194.384,1701120.684,0.055741276
116.092136197,0.149,149,8,71.625,1221791.674,194.533,1701128.876,0.001626159
115.906942438,0.22,220,2,26.215,478364.473,194.684,1713921.443,0
116.908121399,0.22,220,2,26.435,478380.857,194.904,1728804.252,1.001178961
117.909322845,0.22,220,2,26.655,478397.241,195.124,1744479.937,1.001201446
118.910508152,0.22,220,2,26.875,478430.009,195.344,1774906.285,1.001185307
120.913017288,0.22,220,2,27.095,478446.393,195.564,1790449.824,2.002509136
121.914053893,0.22,220,2,27.315,478462.777,195.784,1806389.801,1.001036605
122.915183717,0.22,220,2,27.535,478479.161,196.004,1822263.705,1.001129824
116.085753622,1.575,1575,6,66.474,807.148,196.224,1830663.168,0
116.094581698,0.151,151,8,71.776,1357207.537,198.737,1836741.347,0.008828076
124.44607933,2.513,2513,6,68.987,872.684,198.888,1836995.02,8.351497632
124.862148473,2.535,2535,6,71.522,905.452,201.423,1837027.788,0.416069143
124.820782919,0.151,151,8,71.927,1357469.402,202.998,1837035.98,0
124.873929786,0.145,145,8,72.072,1357485.786,203.143,1837052.364,0.053146867
124.875531525,0.149,149,8,72.221,1357493.978,203.292,1837060.556,0.00160173899999
123.916282249,0.22,220,2,27.755,478495.545,203.443,1837873.851,0
124.91880417,0.22,220,2,27.975,478511.929,203.663,1853483.463,1.002521921
125.919957739,0.22,220,2,28.195,478528.313,203.883,1869027.002,1.001153569
126.921196577,0.22,220,2,28.415,478544.697,204.103,1884438.395,1.001238838
127.922247802,0.22,220,2,28.635,478561.081,204.323,1900444.445,1.001051225
128.923457519,0.22,220,2,28.855,478577.465,204.543,1916318.349,1.001209717
129.924559962,0.22,220,2,29.075,478585.657,204.763,1932250.134,1.001102443
130.926117985,0.22,220,2,29.295,478610.233,204.983,1947934.011,1.001558023
131.927628687,0.221,221,2,29.516,478626.617,205.204,1963609.696,1.001510702
124.877874693,0.151,151,8,72.372,1493154.074,205.425,1972868.108,0
124.868805289,1.575,1575,6,73.097,905.452,205.576,1972964.979,0
133.565273514,2.535,2535,6,75.632,938.22,208.111,1972997.747,8.696468225
133.5228223,0.151,151,8,72.523,1493259.137,209.686,1973005.939,0
133.576545451,0.145,145,8,72.668,1493275.521,209.831,1973022.323,0.053723151
133.578760185,0.149,149,8,72.817,1493283.713,209.98,1973030.515,0.00221473400001
132.928688356,0.221,221,2,29.737,478643.001,210.131,1978666.748,0
133.570561999,1.575,1575,6,77.207,938.22,210.352,1986603.7,0.641873643
133.92972245,0.221,221,2,29.958,478659.385,212.865,1994275.823,0.359160451
134.930752519,0.221,221,2,30.179,478675.769,213.086,2010215.8,1.001030069
135.931874918,0.221,221,2,30.4,478692.153,213.307,2025957.558,1.001122399
136.932937933,0.221,221,2,30.621,478708.537,213.528,2040113.564,1.001063015
137.933996261,0.221,221,2,30.842,478724.921,213.749,2056053.541,1.001058328
138.935028382,0.221,221,2,31.063,478741.305,213.97,2071861.372,1.001032121
139.936133733,0.221,221,2,31.284,478757.689,214.191,2087735.276,1.001105351
140.93718868,0.221,221,2,31.505,478774.073,214.412,2103080.596,1.001054947
133.587006529,0.151,151,8,72.968,1629009.491,214.633,2108969.285,0
141.938312575,0.221,221,2,31.726,478790.457,214.784,2109234.584,8.351306046
142.939359409,0.221,221,2,31.947,478806.841,215.005,2109250.968,1.001046834
134.445497023,2.513,2513,6,79.72,1003.756,215.226,2109259.16,0
143.943371632,0.221,221,2,32.168,478823.225,215.565,2109332.888,9.497874609
144.944648556,0.221,221,2,32.389,478839.609,215.786,2109349.272,1.001276924
145.945258103,0.221,221,2,32.61,478855.993,216.007,2109365.656,1.000609547
146.945901098,0.221,221,2,32.831,478872.377,216.228,2109382.04,1.000642995
147.946482797,0.221,221,2,33.052,478888.761,216.449,2109398.424,1.000581699
148.947213214,0.221,221,2,33.273,478905.145,216.67,2109414.808,1.000730417
149.947932007,0.221,221,2,33.494,478921.529,216.891,2109431.192,1.000718793
150.948544948,0.221,221,2,33.715,478954.297,217.112,2109463.96,1.000612941
152.949721372,0.221,221,2,33.936,478970.681,217.333,2109480.344,2.001176424
144.444976564,0.339,339,6,80.059,1069.292,217.554,2109488.536,0
153.950319986,0.221,221,2,34.157,478987.065,217.893,2109562.264,9.505343422
154.951280714,0.221,221,2,34.378,479003.449,218.114,2109578.648,1.000960728
155.951873066,0.221,221,2,34.599,479019.833,218.335,2109595.032,1.000592352
156.952430307,0.221,221,2,34.82,479036.217,218.556,2109611.416,1.000557241
157.95303793,0.221,221,2,35.041,479052.601,218.777,2109627.8,1.000607623
158.953696856,0.221,221,2,35.262,479068.985,218.998,2109644.184,1.000658926
159.954262337,0.221,221,2,35.483,479085.369,219.219,2109660.568,1.000565481
160.954835681,0.221,221,2,35.704,479101.753,219.44,2109676.952,1.000573344
161.955413947,0.221,221,2,35.925,479118.137,219.661,2109693.336,1.000578266
163.001983755,0.221,221,2,36.146,479134.521,219.882,2109709.72,1.046569808
154.445035954,0.339,339,6,80.398,1134.828,220.103,2109717.912,0
164.002592946,0.221,221,2,36.367,479150.905,220.442,2109758.872,9.557556992
165.003218757,0.221,221,2,36.588,479167.289,220.663,2109775.256,1.000625811
164.444896793,0.339,339,6,80.737,1192.172,220.884,2109808.024,0
166.02972661,1.575,1575,6,82.312,1192.172,222.459,2109808.024,1.584829817
166.039856024,0.286,286,6,82.598,1388.78,222.745,2110004.632,0.010129414
166.003792534,0.221,221,2,36.809,479177.529,222.934,2110104.984,0
166.04613806,0.189,189,6,82.787,1487.084,225.291,2110104.984,0.042345526
166.067525563,0.249,249,6,83.036,1536.236,225.54,2110154.136,0.021387503
166.056429572,2.357,2357,2,39.166,479177.529,225.654,2110178.712,0
166.102565973,0.15,150,2,39.316,553540.777,226.256,2387160.296,0.046136401
167.004595616,0.221,221,2,39.537,581237.929,226.477,2519098.504,0.902029643
168.006436511,0.221,221,2,39.758,581254.313,226.698,2519114.888,1.001840895
169.009163059,0.221,221,2,39.979,581270.697,226.919,2519131.272,1.002726548
170.011438383,0.221,221,2,40.2,581287.081,227.14,2519147.656,1.002275324
171.012478055,0.221,221,2,40.421,581303.465,227.361,2519164.04,1.001039672
172.013785165,0.221,221,2,40.642,581319.849,227.582,2519180.424,1.00130711
34.025848034,25.669,25669,3,25.669,4.064,227.803,2519188.616,0
173.014850906,0.221,221,2,40.863,581336.233,227.953,2585496.712,138.989002872
166.080308275,0.114,114,6,83.15,1560.812,228.174,2585504.904,0
174.015863457,0.221,221,2,41.084,581352.617,230.687,2585525.384,7.935555182
175.016986225,0.221,221,2,41.305,581360.809,230.908,2585533.576,1.001122768
175.642397931,0.152,152,2,41.457,647265.449,231.06,2651438.216,0.625411706
176.018124872,0.221,221,2,41.678,647281.833,231.281,2651454.6,0.375726941
173.28674973,0.15,150,3,25.819,66303.968,231.502,2651462.792,0
177.01911164,0.221,221,2,41.899,647298.217,231.654,2656107.656,3.73236191
178.020201655,0.221,221,2,42.12,647314.601,231.875,2716646.536,1.001090015
166.108158967,0.15,150,7,0.15,109089.792,232.096,2716654.728,0
179.021187887,0.221,221,2,42.341,647330.985,232.23,2771991.688,12.91302892
180.022171574,0.221,221,2,42.562,647347.369,232.451,2772009.496,1.000983687
181.023176369,0.221,221,2,42.783,647363.753,232.672,2772025.88,1.001004795
182.024194259,0.221,221,2,43.004,647380.137,232.893,2772042.264,1.00101789
174.446628807,2.513,2513,6,85.663,1573.1,233.114,2772066.84,0
183.02528932,0.221,221,2,43.225,647412.905,235.627,2772081.176,8.578660513
185.027387867,0.221,221,2,43.446,647429.289,235.848,2772097.56,2.002098547
186.028404747,0.221,221,2,43.667,647445.673,236.069,2772113.944,1.00101688
187.029432868,0.221,221,2,43.888,647462.057,236.29,2772130.328,1.001028121
188.030436546,0.221,221,2,44.109,647478.441,236.511,2772146.712,1.001003678
189.031622338,0.221,221,2,44.33,647494.825,236.732,2772163.096,1.001185792
190.032895005,0.221,221,2,44.551,647511.209,236.953,2772179.48,1.001272667
191.034005489,0.221,221,2,44.772,647527.593,237.174,2772195.864,1.001110484
184.446800161,2.513,2513,6,88.176,1579.244,237.395,2772204.056,0
192.035163466,0.221,221,2,44.993,647543.977,237.573,2772215.32,7.588363305
192.04670702,0.178,178,6,88.354,1582.316,237.794,2772223.512,0.011543554
193.036139629,0.221,221,2,45.214,647560.361,240.427,2772231.704,0.989432609
193.334545831,2.633,2633,6,90.987,1582.316,240.648,2772239.896,0.298406202
194.444919069,0.339,339,6,91.326,1596.396,240.987,2772253.976,1.110373238
194.492532641,1.575,1575,6,92.901,1596.396,242.562,2772253.976,0.047613572
194.494636013,0.286,286,6,93.187,1643.5,242.848,2772301.08,0.00210337199999
194.037033656,0.221,221,2,45.435,647576.745,243.037,2772312.344,0
194.500422392,0.189,189,6,93.376,1646.572,243.258,2772320.536,0.463388736
195.037903884,0.221,221,2,45.656,647593.129,245.591,2772328.728,0.537481492
195.454331962,2.333,2333,6,95.709,1648.108,245.812,2772338.456,0.416428078
196.623015891,0.189,189,6,95.898,1651.036,246.001,2772341.384,1.168683929
196.633772877,0.189,189,6,96.087,1661.292,246.19,2772351.64,0.010756986
196.855190578,1.575,1575,6,97.662,1661.292,247.765,2772351.64,0.221417701
196.858998263,0.286,286,6,97.948,1935.724,248.051,2772626.072,0.003807685
177.998716311,0.152,152,3,25.971,131465.472,248.24,2772631.08,0
196.038930203,0.221,221,2,45.877,647609.513,330.221,2772639.272,18.040213892
196.86453679,0.189,189,6,98.137,1939.82,330.442,2772647.464,0.825606587
197.333576448,0.286,286,6,98.423,2138.476,330.728,2772846.12,0.469039658
196.869218994,81.981,81981,3,107.952,131466.784,330.917,2772848.456,0
197.039868444,0.221,221,2,46.098,647625.897,370.076,2772856.648,0.17064945
198.040862391,0.221,221,2,46.319,647642.281,370.297,2772873.032,1.000993947
199.041884556,0.221,221,2,46.54,647658.665,370.518,2772889.416,1.001022165
197.338366657,0.189,189,6,98.612,2139.5,370.739,2772897.608,0
200.959477005,0.184,184,6,98.796,2140.492,370.923,2772898.6,3.621110348
200.967173434,1.775,1775,6,100.571,2142.54,372.698,2772900.648,0.00769642899999
200.99261899,2359.296,262144,6,2459.867,2142.54,2731.994,2772900.648,0.025445556
200.994934346,786.432,262144,6,3246.299,2142.54,3518.426,2772900.648,0.002315356
200.996554007,786.432,262144,6,4032.731,2142.54,4304.858,2772900.648,0.00161966099998
200.997971059,786.432,262144,6,4819.163,2142.54,5091.29,2772900.648,0.00141705200002
200.999439461,524.288,262144,6,5343.451,2142.54,5615.578,2772900.648,0.001468402
201.001051679,524.288,262144,6,5867.739,2142.54,6139.866,2772900.648,0.00161221799999
201.002521358,524.288,262144,6,6392.027,2142.54,6664.154,2772900.648,0.001469679
201.003994059,524.288,262144,6,6916.315,2142.54,7188.442,2772900.648,0.00147270100001
201.005667229,786.432,262144,6,7702.747,2142.54,7974.874,2772900.648,0.00167317
201.007529803,786.432,262144,6,8489.179,2142.54,8761.306,2772900.648,0.001862574
201.009575883,786.432,262144,6,9275.611,2142.54,9547.738,2772900.648,0.00204607999999
201.011648789,524.288,262144,6,9799.899,2142.54,10072.026,2772900.648,0.002072906
201.01354945,524.288,262144,6,10324.187,2142.54,10596.314,2772900.648,0.00190066100001
201.015607362,524.288,262144,6,10848.475,2142.54,11120.602,2772900.648,0.002057912
201.017673109,786.432,262144,6,11634.907,2142.54,11907.034,2772900.648,0.00206574699999
201.020175917,786.432,262144,6,12421.339,2142.54,12693.466,2772900.648,0.002502808
201.02267802,786.432,262144,6,13207.771,2142.54,13479.898,2772900.648,0.00250210300001
201.02517071,786.432,262144,6,13994.203,2142.54,14266.33,2772900.648,0.00249269
201.027662834,786.432,262144,6,14780.635,2142.54,15052.762,2772900.648,0.00249212400001
201.03033056,786.432,262144,6,15567.067,2142.54,15839.194,2772900.648,0.002667726
201.03327273,786.432,262144,6,16353.499,2142.54,16625.626,2772900.648,0.00294216999998
201.036526059,786.432,262144,6,17139.931,2142.54,17412.058,2772900.648,0.00325332900002
201.039907266,1048.576,262144,6,18188.507,2142.54,18460.634,2772900.648,0.00338120699999
200.042933882,0.221,221,2,46.761,647675.049,19247.066,2772908.84,0
201.04340518,786.432,262144,6,18974.939,2142.54,19247.287,2772908.84,1.000471298
201.046955951,786.432,262144,6,19761.371,2142.54,20033.719,2772917.032,0.00355077099999
201.043953076,0.221,221,2,46.982,647691.433,20461.464,2772926.184,0
201.050488534,427.745,262144,6,20189.116,2143.5,20461.685,2772934.376,0.006535458
202.04789683,0.221,221,2,47.203,647707.817,20461.869,2772943.496,0.997408296
203.049988408,0.221,221,2,47.424,647724.201,20462.09,2772959.88,1.002091578
202.304306779,0.184,184,6,20189.3,2144.428,20462.311,2772968.072,0
204.050911008,0.221,221,2,47.645,647740.585,20462.65,2772976.712,1.746604229
205.051592268,0.221,221,2,47.866,647756.969,20462.871,2772993.096,1.00068126
206.0523254,0.221,221,2,48.087,647773.353,20463.092,2773009.48,1.000733132
207.052953024,0.221,221,2,48.308,647789.737,20463.313,2773025.864,1.000627624
208.053484907,0.221,221,2,48.529,647806.121,20463.534,2773042.248,1.000531883
209.054048935,0.221,221,2,48.75,647822.505,20463.755,2773058.632,1.000564028
210.054591491,0.221,221,2,48.971,647838.889,20463.976,2773075.016,1.000542556
211.05516281,0.221,221,2,49.192,647855.273,20464.197,2773091.4,1.000571319
212.055750084,0.221,221,2,49.413,647871.657,20464.418,2773107.784,1.000587274
213.056486915,0.221,221,2,49.634,647888.041,20464.639,2773124.168,1.000736831
204.446031305,0.339,339,6,20189.639,2144.876,20464.86,2773132.36,0
214.05709281,0.221,221,2,49.855,647904.425,20465.199,2773141.432,9.611061505
215.057767623,0.221,221,2,50.076,647937.193,20465.42,2773177.272,1.000674813
217.061377766,0.221,221,2,50.297,647953.577,20465.641,2773193.656,2.003610143
218.062687972,0.221,221,2,50.518,647969.961,20465.862,2773210.04,1.001310206
219.063464879,0.221,221,2,50.739,647986.345,20466.083,2773226.424,1.000776907
220.064038418,0.221,221,2,50.96,648002.729,20466.304,2773242.808,1.000573539
221.064599512,0.221,221,2,51.181,648019.113,20466.525,2773259.192,1.000561094
222.06514087,0.221,221,2,51.402,648035.497,20466.746,2773275.576,1.000541358
223.065717095,0.221,221,2,51.623,648051.881,20466.967,2773291.96,1.000576225
214.44474177,0.339,339,6,20189.978,2145.756,20467.188,2773300.152,0
224.066376964,0.221,221,2,51.844,648068.265,20467.527,2773309.192,9.621635194
225.067007219,0.221,221,2,52.065,648084.649,20467.748,2773325.576,1.000630255
226.067682548,0.221,221,2,52.286,648101.033,20467.969,2773341.96,1.000675329
227.083930942,0.221,221,2,52.507,648117.417,20468.19,2773358.344,1.016248394
228.084527234,0.221,221,2,52.728,648133.801,20468.411,2773376.68,1.000596292
229.085293304,0.221,221,2,52.949,648150.185,20468.632,2773393.064,1.00076607
230.085912581,0.221,221,2,53.17,648166.569,20468.853,2773409.448,1.000619277
231.086522252,0.221,221,2,53.391,648182.953,20469.074,2773425.832,1.000609671
232.087108999,0.221,221,2,53.612,648199.337,20469.295,2773442.216,1.000586747
233.087764603,0.221,221,2,53.833,648215.721,20469.516,2773458.6,1.000655604
224.444790661,0.339,339,6,20190.317,2146.604,20469.737,2773466.792,0
234.088724434,0.221,221,2,54.054,648232.105,20470.076,2773475.8,9.643933773
235.089517374,0.221,221,2,54.275,648248.489,20470.297,2773492.184,1.00079294
236.090186633,0.221,221,2,54.496,648264.873,20470.518,2773508.568,1.000669259
237.090764524,0.221,221,2,54.717,648281.257,20470.739,2773524.952,1.000577891
238.091309902,0.221,221,2,54.938,648297.641,20470.96,2773541.336,1.000545378
239.091911025,0.221,221,2,55.159,648314.025,20471.181,2773557.72,1.000601123
240.09250205,0.221,221,2,55.38,648330.409,20471.402,2773574.104,1.000591025
179.607630236,0.134,134,7,0.284,164424.512,20471.623,2773583.224,0
241.093138988,0.221,221,2,55.601,648346.793,20510.782,2773591.416,61.485508752
242.094207253,0.221,221,2,55.822,648363.177,20511.003,2773607.8,1.001068265
243.094940089,0.221,221,2,56.043,648379.561,20511.224,2773624.184,1.000732836
234.444824291,0.339,339,6,20190.656,2147.42,20511.445,2773632.376,0
244.095515777,0.221,221,2,56.264,648395.945,20511.784,2773641.352,9.650691486
244.444763098,0.339,339,6,20190.995,2148.956,20512.005,2773650.296,0.349247321
245.872497868,0.189,189,6,20191.184,2158.604,20512.194,2773659.944,1.42773477
246.037184843,1.575,1575,6,20192.759,2158.604,20513.769,2773659.944,0.164686975
246.039543791,0.286,286,6,20193.045,3355.564,20514.055,2774856.904,0.00235894799999
245.096155504,0.221,221,2,56.485,648412.329,20514.244,2774865.992,0
246.097146673,0.221,221,2,56.706,648428.713,20514.465,2774882.376,1.000991169
246.059759085,0.189,189,6,20193.234,3356.46,20514.686,2774906.952,0
248.68061285,2.382,2382,6,20195.616,3357.324,20517.068,2774907.816,2.620853765
248.974904794,0.189,189,6,20195.805,3359.724,20517.257,2774910.216,0.294291944
248.983342027,0.189,189,6,20195.994,3369.356,20517.446,2774919.848,0.008437233
249.057954428,1.575,1575,6,20197.569,3369.356,20519.021,2774919.848,0.074612401
249.061179772,0.286,286,6,20197.855,3763.532,20519.307,2775314.024,0.00322534400001
247.098159322,0.221,221,2,56.927,648461.481,20519.496,2775323.144,0
249.068196889,0.189,189,6,20198.044,3764.46,20519.717,2775331.336,1.970037567
249.124849882,0.286,286,6,20198.33,4977.772,20520.003,2776544.648,0.056652993
249.100498778,0.221,221,2,57.148,648477.865,20520.192,2776553.704,0
250.101463503,0.221,221,2,57.369,648494.249,20520.413,2776570.088,1.000964725
249.138185822,0.189,189,6,20198.519,4978.636,20520.634,2776578.28,0
252.096841886,0.184,184,6,20198.703,4979.468,20520.818,2776579.112,2.958656064
252.099742227,1.775,1775,6,20200.478,4980.988,20522.593,2776580.632,0.00290034100001
251.102483338,0.221,221,2,57.59,648510.633,21571.169,2776588.824,0
252.103007795,1835.008,262144,6,22035.486,4980.988,22357.822,2776597.016,1.000524457
252.128117871,786.432,262144,6,22821.918,4980.988,23144.254,2776597.016,0.025110076
252.148606108,786.432,262144,6,23608.35,4980.988,23930.686,2776597.016,0.020488237
252.163186738,786.432,262144,6,24394.782,4980.988,24717.118,2776597.016,0.01458063
252.168969355,1048.576,262144,6,25443.358,4980.988,25765.694,2776597.016,0.00578261699999
252.173724494,1048.576,262144,6,26491.934,4980.988,26814.27,2776597.016,0.004755139
252.178297585,786.432,262144,6,27278.366,4980.988,27600.702,2776597.016,0.004573091
252.186936935,786.432,262144,6,28064.798,4980.988,28387.134,2776597.016,0.00863935000001
252.202378123,1048.576,262144,6,29113.374,4980.988,29435.71,2776597.016,0.015441188
252.216151106,786.432,262144,6,29899.806,4980.988,30222.142,2776597.016,0.013772983
252.22549757,786.432,262144,6,30686.238,4980.988,31008.574,2776597.016,0.00934646399998
252.234917385,786.432,262144,6,31472.67,4980.988,31795.006,2776597.016,0.009419815
252.244159497,786.432,262144,6,32259.102,4980.988,32581.438,2776597.016,0.00924211200001
252.252900297,786.432,262144,6,33045.534,4980.988,33367.87,2776597.016,0.0087408
252.259984798,285.841,262144,6,33331.375,4981.788,33653.711,2776597.816,0.00708450100001
252.103733158,0.221,221,2,57.811,648527.017,33653.895,2776606.776,0
253.106102915,0.221,221,2,58.032,648543.401,33654.116,2776623.16,1.002369757
252.313485411,0.184,184,6,33331.559,4982.556,33654.337,2776631.352,0
254.107111082,0.221,221,2,58.253,648559.785,33654.676,2776640.28,1.793625671
254.446326466,0.339,339,6,33331.898,4983.996,33654.897,2776649.176,0.339215384
255.197302529,0.189,189,6,33332.087,4993.564,33655.086,2776658.744,0.750976063
255.449007101,1.575,1575,6,33333.662,4993.564,33656.661,2776658.744,0.251704572
255.451179512,0.286,286,6,33333.948,6174.108,33656.947,2777839.288,0.002172411
255.107993606,0.221,221,2,58.474,648576.169,33657.137,2777848.344,0
256.10891663,0.221,221,2,58.695,648592.553,33657.358,2777864.728,1.000923024
255.469431308,0.19,190,6,33334.138,6174.972,33657.579,2777872.92,0
257.109945559,0.221,221,2,58.916,648608.937,33659.918,2777881.112,1.640514251
257.644352063,2.339,2339,6,33336.477,6175.804,33660.139,2777890.136,0.534406504
258.234955214,0.189,189,6,33336.666,6177.372,33660.328,2777891.704,0.590603151
258.244563769,0.19,190,6,33336.856,6179.484,33660.518,2777893.816,0.009608555
258.25226312,0.189,189,6,33337.045,6188.972,33660.707,2777903.304,0.00769935099999
258.397213487,1.575,1575,6,33338.62,6188.972,33662.282,2777903.304,0.144950367
258.398803316,0.286,286,6,33338.906,6550.284,33662.568,2778264.616,0.00158982900001
258.403734217,0.19,190,6,33339.096,6551.116,33662.758,2778265.448,0.00493090100002
258.465736761,0.286,286,6,33339.382,6551.916,33663.044,2779855.496,0.062002544
258.111245161,0.221,221,2,59.137,650214.569,33663.234,2779864.456,0
259.112507029,0.221,221,2,59.358,650230.953,33663.455,2779880.84,1.001261868
260.114144831,0.221,221,2,59.579,650247.337,33663.676,2779897.224,1.001637802
258.475655681,0.19,190,6,33339.572,6552.684,33663.897,2779905.416,0
261.310701442,0.184,184,6,33339.756,6553.42,33664.081,2779906.152,2.835045761
261.313345804,1.775,1775,6,33341.531,6554.396,33665.856,2779907.128,0.00264436200001
261.317334987,1835.008,262144,6,35176.539,6554.396,35500.864,2779907.128,0.00398918299999
261.3218029,786.432,262144,6,35962.971,6554.396,36287.296,2779907.128,0.00446791300004
261.326219548,786.432,262144,6,36749.403,6554.396,37073.728,2779907.128,0.00441664799996
261.330640086,786.432,262144,6,37535.835,6554.396,37860.16,2779907.128,0.00442053800003
261.335037936,786.432,262144,6,38322.267,6554.396,38646.592,2779907.128,0.00439784999998
261.339607221,786.432,262144,6,39108.699,6554.396,39433.024,2779907.128,0.004569285
261.344007592,786.432,262144,6,39895.131,6554.396,40219.456,2779907.128,0.00440037100003
261.348605236,786.432,262144,6,40681.563,6554.396,41005.888,2779907.128,0.004597644
261.352815423,786.432,262144,6,41467.995,6554.396,41792.32,2779907.128,0.00421018699996
261.357243958,786.432,262144,6,42254.427,6554.396,42578.752,2779907.128,0.00442853500005
261.36165804,786.432,262144,6,43040.859,6554.396,43365.184,2779907.128,0.00441408199998
261.36606477,786.432,262144,6,43827.291,6554.396,44151.616,2779907.128,0.00440672999997
261.370468566,786.432,262144,6,44613.723,6554.396,44938.048,2779907.128,0.00440379600002
261.37497287,416.161,262144,6,45029.884,6554.748,45354.209,2779907.48,0.00450430400002
261.1151557,0.221,221,2,59.8,650263.721,45354.393,2779916.36,0
261.623398171,0.184,184,6,45030.068,6556.092,45354.614,2779925.208,0.508242471
262.803698204,0.19,190,6,45030.258,6565.5,45354.804,2779934.616,1.180300033
262.99607414,1.575,1575,6,45031.833,6565.5,45356.379,2779934.616,0.192375936
262.999773932,0.286,286,6,45032.119,7893.436,45356.665,2781262.552,0.00369979199996
262.116200096,0.221,221,2,60.021,650280.105,45356.855,2781271.544,0
263.11712597,0.221,221,2,60.242,650296.489,45357.076,2781287.928,1.000925874
263.028379101,0.19,190,6,45032.309,7894.236,45357.297,2781296.12,0
264.118080419,0.221,221,2,60.463,650312.873,45359.81,2781305.08,1.089701318
264.445593518,2.513,2513,6,45034.822,7895.004,45360.031,2781313.272,0.327513099
265.119053895,0.221,221,2,60.684,650329.257,45362.37,2781321.464,0.673460377
265.195003422,2.339,2339,6,45037.161,7895.74,45362.591,2781330.392,0.075949527
266.329815872,0.19,190,6,45037.351,7897.116,45362.781,2781331.768,1.13481245
266.339440312,0.19,190,6,45037.541,7906.604,45362.971,2781341.256,0.00962444000004
266.561975903,1.575,1575,6,45039.116,7906.604,45364.546,2781341.256,0.222535591
266.564089114,0.286,286,6,45039.402,7907.468,45364.832,2781669.8,0.00211321099999
266.575823891,0.19,190,6,45039.592,7908.3,45365.022,2781670.632,0.011734777
266.628188957,0.286,286,6,45039.878,9154.284,45365.308,2782916.616,0.052365066
266.119989965,0.221,221,2,60.905,650673.321,45365.498,2782925.576,0
267.120796091,0.221,221,2,61.126,650689.705,45365.719,2782941.96,1.000806126
268.121706059,0.221,221,2,61.347,650706.089,45365.94,2782958.344,1.000909968
269.122451352,0.221,221,2,61.568,650722.473,45366.161,2782974.728,1.000745293
266.636882131,0.19,190,6,45040.068,9155.052,45366.382,2782982.92,0
270.703237555,0.185,185,6,45040.253,9155.788,45366.567,2782983.656,4.066355424
270.706110112,1.775,1775,6,45042.028,9156.732,45368.342,2782984.6,0.00287255699999
270.709544999,1835.008,262144,6,46877.036,9156.732,47203.35,2782984.6,0.00343488700003
270.714416658,786.432,262144,6,47663.468,9156.732,47989.782,2782984.6,0.004871659
270.718812847,786.432,262144,6,48449.9,9156.732,48776.214,2782984.6,0.00439618899998
270.723226901,786.432,262144,6,49236.332,9156.732,49562.646,2782984.6,0.00441405399999
270.727641716,786.432,262144,6,50022.764,9156.732,50349.078,2782984.6,0.00441481500002
270.732046827,786.432,262144,6,50809.196,9156.732,51135.51,2782984.6,0.00440511099998
270.73646239,786.432,262144,6,51595.628,9156.732,51921.942,2782984.6,0.00441556300001
270.741016588,786.432,262144,6,52382.06,9156.732,52708.374,2782984.6,0.00455419799999
270.745479055,786.432,262144,6,53168.492,9156.732,53494.806,2782984.6,0.004462467
270.749847739,786.432,262144,6,53954.924,9156.732,54281.238,2782984.6,0.00436868400004
270.75425489,786.432,262144,6,54741.356,9156.732,55067.67,2782984.6,0.00440715100001
270.758673504,786.432,262144,6,55527.788,9156.732,55854.102,2782984.6,0.00441861399997
270.763078583,786.432,262144,6,56314.22,9156.732,56640.534,2782984.6,0.00440507899998
270.767499612,374.169,262144,6,56688.389,9157.436,57014.703,2782985.304,0.00442102900001
270.123087431,0.221,221,2,61.789,650738.857,57014.888,2782994.168,0
271.123903187,0.221,221,2,62.01,650755.241,57015.109,2783010.552,1.000815756
270.806945366,0.185,185,6,56688.574,9158.428,57015.33,2783019.064,0
272.235258371,0.19,190,6,56688.764,9167.836,57015.52,2783028.472,1.428313005
272.424966256,1.575,1575,6,56690.339,9167.836,57017.095,2783028.472,0.189707885
272.429979358,0.286,286,6,56690.625,10463.004,57017.381,2784323.64,0.00501310200002
272.124729748,0.221,221,2,62.231,650771.625,57017.571,2784332.632,0
273.125653805,0.221,221,2,62.452,650788.009,57017.792,2784349.016,1.000924057
272.445240092,0.19,190,6,56690.815,10463.804,57018.013,2784357.208,0
274.445358449,2.513,2513,6,56693.328,10464.572,57020.526,2784357.976,2.000118357
274.126636998,0.221,221,2,62.673,650804.393,57022.865,2784366.168,0
275.006546765,2.339,2339,6,56695.667,10466.012,57023.086,2784375.8,0.879909767
275.157001627,0.19,190,6,56695.857,10467.324,57023.276,2784377.112,0.150454862
275.169656994,0.19,190,6,56696.047,10476.7,57023.466,2784386.488,0.012655367
275.305610657,1.575,1575,6,56697.622,10476.7,57025.041,2784386.488,0.135953663
275.307204268,0.286,286,6,56697.908,10862.556,57025.327,2784772.344,0.00159361100003
275.311667626,0.19,190,6,56698.098,10862.956,57025.517,2784772.744,0.00446335799995
275.359904818,0.286,286,6,56698.384,12100.732,57025.803,2786010.52,0.048237192
275.127777902,0.221,221,2,62.894,650820.777,57025.993,2786019.464,0
276.128733245,0.221,221,2,63.115,650837.161,57026.214,2786035.848,1.000955343
277.129574337,0.221,221,2,63.336,650853.545,57026.435,2786052.232,1.000841092
275.371208029,0.19,190,6,56698.574,12101.484,57026.656,2786060.424,0
279.035021789,0.185,185,6,56698.759,12102.204,57026.841,2786061.144,3.66381376
279.03847432,1.775,1775,6,56700.534,12103.116,57028.616,2786062.056,0.00345253099999
279.041108967,1835.008,262144,6,58535.542,12103.116,58863.624,2786062.056,0.00263464700004
279.046029803,786.432,262144,6,59321.974,12103.116,59650.056,2786062.056,0.004920836
279.050438233,786.432,262144,6,60108.406,12103.116,60436.488,2786062.056,0.00440843000001
279.054988972,786.432,262144,6,60894.838,12103.116,61222.92,2786062.056,0.00455073899997
279.059407946,786.432,262144,6,61681.27,12103.116,62009.352,2786062.056,0.00441897400003
279.063523209,786.432,262144,6,62467.702,12103.116,62795.784,2786062.056,0.00411526299996
279.067640437,1048.576,262144,6,63516.278,12103.116,63844.36,2786062.056,0.00411722800004
279.072201644,1048.576,262144,6,64564.854,12103.116,64892.936,2786062.056,0.00456120699999
279.076760566,1310.72,262144,6,65875.574,12103.116,66203.656,2786062.056,0.004558922
279.08176081,786.432,262144,6,66662.006,12103.116,66990.088,2786062.056,0.00500024399997
279.087061812,1048.576,262144,6,67710.582,12103.116,68038.664,2786062.056,0.00530100200001
279.092352497,921.681,262144,6,68632.263,12103.116,68960.345,2786062.056,0.00529068499998
278.130310876,0.221,221,2,63.557,650869.929,69095.594,2786070.248,0
279.098068522,135.249,135249,6,68767.512,12103.804,69095.815,2786079.128,0.967757646
279.142540695,0.185,185,6,68767.697,12105.084,69096.0,2786096.792,0.044472173
279.131315963,0.221,221,2,63.778,650902.697,69096.19,2786114.248,0
280.406156108,0.19,190,6,68767.887,12114.348,69096.411,2786122.44,1.274840145
281.134481821,1.575,1575,6,68769.462,12114.348,69097.986,2786122.44,0.728325713
281.137910706,0.286,286,6,68769.748,13442.252,69098.272,2787450.344,0.00342888500001
281.132986927,0.221,221,2,63.999,650919.081,69098.462,2787459.304,0
282.133919566,0.221,221,2,64.22,650935.465,69098.683,2787475.688,1.000932639
281.146990954,0.19,190,6,68769.938,13443.02,69098.904,2787483.88,0
283.134850971,0.221,221,2,64.441,650951.849,69101.243,2787492.072,1.987860017
283.547974769,2.339,2339,6,68772.277,13444.46,69101.464,2787501.704,0.413123798
284.249106366,0.19,190,6,68772.467,13445.772,69101.654,2787503.016,0.701131597
284.252978634,0.19,190,6,68772.657,13455.148,69101.844,2787512.392,0.00387226800001
284.421121521,1.575,1575,6,68774.232,13455.148,69103.419,2787512.392,0.168142887
284.42286458,0.286,286,6,68774.518,13750.892,69103.705,2787808.136,0.00174305900003
284.428762422,0.19,190,6,68774.708,13751.692,69103.895,2787808.936,0.00589784199997
284.445299469,2.513,2513,6,68777.221,13752.46,69106.408,2787809.704,0.016537047
284.474490643,0.286,286,6,68777.507,14916.46,69106.694,2788973.704,0.029191174
284.135586524,0.221,221,2,64.662,650968.233,69106.884,2788982.6,0
285.136490779,0.221,221,2,64.883,650984.617,69107.105,2788998.984,1.000904255
286.137487303,0.221,221,2,65.104,651001.001,69107.326,2789015.368,1.000996524
287.138468359,0.221,221,2,65.325,651017.385,69107.547,2789031.752,1.000981056
284.486663679,0.19,190,6,68777.697,14917.164,69107.768,2789039.944,0
288.196996421,0.185,185,6,68777.882,14917.836,69107.953,2789040.616,3.710332742
288.199241129,1.775,1775,6,68779.657,14919.148,69109.728,2789041.928,0.00224470799998
288.201598928,2359.296,262144,6,71138.953,14919.148,71469.024,2789041.928,0.00235779900004
288.207543818,1048.576,262144,6,72187.529,14919.148,72517.6,2789041.928,0.00594488999997
288.21357066,1048.576,262144,6,73236.105,14919.148,73566.176,2789041.928,0.00602684200004
288.219595521,1048.576,262144,6,74284.681,14919.148,74614.752,2789041.928,0.00602486099996
288.225768895,1048.576,262144,6,75333.257,14919.148,75663.328,2789041.928,0.00617337400001
288.231798169,1048.576,262144,6,76381.833,14919.148,76711.904,2789041.928,0.00602927400001
288.237830799,1048.576,262144,6,77430.409,14919.148,77760.48,2789041.928,0.00603262999999
288.243710519,1048.576,262144,6,78478.985,14919.148,78809.056,2789041.928,0.00587972
288.249437809,1048.576,262144,6,79527.561,14919.148,79857.632,2789041.928,0.00572729000004
288.255331846,414.713,262144,6,79942.274,14919.788,80272.345,2789042.568,0.00589403699996
288.139438827,0.221,221,2,65.546,651033.769,80272.53,2789051.368,0
289.140331917,0.221,221,2,65.767,651050.153,80272.751,2789067.752,1.00089309
288.299314669,0.185,185,6,79942.459,14920.972,80272.972,2789076.52,0
290.341515417,0.19,190,6,79942.649,14930.348,80273.162,2789085.896,2.042200748
290.556261909,1.861,1575,6,79944.51,16241.836,80275.023,2790397.384,0.214746492
290.14119191,0.221,221,2,65.988,651066.537,80275.213,2790406.312,0
197.449130912,39.159,39159,3,147.111,131467.616,80275.434,2790415.336,0
291.142046126,0.221,221,2,66.209,651082.921,80678.429,2790423.528,93.692915214
290.573393082,0.19,190,6,79944.7,16242.572,80678.65,2790431.72,0
292.142942814,0.221,221,2,66.43,651099.305,80680.989,2790439.912,1.569549732
293.143679199,0.221,221,2,66.651,651115.689,80681.21,2790456.296,1.000736385
292.616066725,2.339,2339,6,79947.039,16242.572,80681.431,2790464.488,0
294.444793197,0.339,339,6,79947.378,16243.948,80681.77,2790465.864,1.828726472
294.596085869,0.19,190,6,79947.568,16245.196,80681.96,2790467.112,0.151292672
294.601827581,0.19,190,6,79947.758,16255.148,80682.15,2790477.064,0.00574171200003
294.629469451,1.575,1575,6,79949.333,16255.148,80683.725,2790477.064,0.02764187
294.631843651,0.286,286,6,79949.619,16632.364,80684.011,2790854.28,0.00237420000002
294.637046277,0.19,190,6,79949.809,16633.116,80684.201,2790855.032,0.00520262600003
294.692179345,0.286,286,6,79950.095,17870.828,80684.487,2792092.744,0.055133068
294.144208243,0.221,221,2,66.872,651132.073,80684.677,2792101.624,0
295.144885496,0.221,221,2,67.093,651148.457,80684.898,2792118.008,1.000677253
296.145577503,0.221,221,2,67.314,651164.841,80685.119,2792134.392,1.000692007
297.14620294,0.221,221,2,67.535,651181.225,80685.34,2792150.776,1.000625437
294.700651855,0.19,190,6,79950.285,17871.516,80685.561,2792158.968,0
298.188083319,0.185,185,6,79950.47,17872.172,80685.746,2792159.624,3.487431464
298.190853567,1.775,1775,6,79952.245,17873.004,80687.521,2792160.456,0.00277024799999
298.193251743,2621.44,262144,6,82573.685,17873.004,83308.961,2792160.456,0.00239817600004
298.200208203,1048.576,262144,6,83622.261,17873.004,84357.537,2792160.456,0.00695645999997
298.206821406,1048.576,262144,6,84670.837,17873.004,85406.113,2792160.456,0.00661320300003
298.213448238,1048.576,262144,6,85719.413,17873.004,86454.689,2792160.456,0.00662683199999
298.220058603,1048.576,262144,6,86767.989,17873.004,87503.265,2792160.456,0.00661036499997
298.226832171,1048.576,262144,6,87816.565,17873.004,88551.841,2792160.456,0.00677356800003
298.243388799,1310.72,262144,6,89127.285,17873.004,89862.561,2792160.456,0.016556628
298.24988405,1310.72,262144,6,90438.005,17873.004,91173.281,2792160.456,0.00649525099999
298.25385575,301.769,262144,6,90739.774,17873.628,91475.05,2792161.08,0.00397170000002
298.146837368,0.221,221,2,67.756,651197.609,91475.235,2792169.864,0
298.291631118,0.185,185,6,90739.959,17874.78,91475.456,2792178.616,0.14479375
299.662399622,0.19,190,6,90740.149,17883.964,91475.646,2792187.8,1.370768504
299.853551625,1.575,1575,6,90741.724,17883.964,91477.221,2792187.8,0.191152003
299.855612171,0.286,286,6,90742.01,19228.188,91477.507,2793532.024,0.002060546
299.147568262,0.221,221,2,67.977,651213.993,91477.697,2793540.92,0
166.113168537,0.302,150,5,0.302,197771.584,91477.918,2793550.04,0
300.591569469,477.036,262144,5,477.338,197771.584,91954.954,2793550.04,134.478400932
300.148377784,0.221,221,2,68.198,651230.377,92024.056,2793558.232,0
299.86877722,0.19,190,6,90742.2,19228.892,92024.277,2793566.424,0
301.149316981,0.221,221,2,68.419,651246.761,92026.616,2793574.616,1.280539761
302.150227816,0.221,221,2,68.64,651263.145,92026.837,2793591.0,1.000910835
302.017747795,2.339,2339,6,90744.539,19237.804,92027.058,2793608.104,0
303.540782944,1.575,1575,6,90746.114,19237.804,92028.633,2793608.104,1.523035149
303.542388299,0.286,286,6,90746.4,19238.732,92028.919,2793953.096,0.00160535499998
303.54732346,0.19,190,6,90746.59,19239.628,92029.109,2793953.992,0.00493516099999
303.594720129,0.286,286,6,90746.876,20551.212,92029.395,2795265.576,0.047396669
303.151141558,0.221,221,2,68.861,651279.529,92029.585,2795274.6,0
303.605180539,0.19,190,6,90747.066,20552.044,92029.806,2795282.792,0.454038981
304.151949469,0.221,221,2,69.082,651295.913,92032.319,2795291.784,0.54676893
305.152798386,0.221,221,2,69.303,651312.297,92032.54,2795308.168,1.000848917
304.446370096,2.513,2513,6,90749.579,20552.844,92032.761,2795316.36,0
306.974061021,0.185,185,6,90749.764,20553.612,92032.946,2795317.128,2.527690925
306.976603387,1.775,1775,6,90751.539,20554.412,92034.721,2795317.928,0.002542366
306.979170904,2621.44,262144,6,93372.979,20554.412,94656.161,2795317.928,0.00256751699999
306.986381601,1048.576,262144,6,94421.555,20554.412,95704.737,2795317.928,0.007210697
306.993005481,1048.576,262144,6,95470.131,20554.412,96753.313,2795317.928,0.00662388000001
306.999615647,1310.72,262144,6,96780.851,20554.412,98064.033,2795317.928,0.00661016599997
307.006405439,1048.576,262144,6,97829.427,20554.412,99112.609,2795317.928,0.00678979200001
307.013000274,1048.576,262144,6,98878.003,20554.412,100161.185,2795317.928,0.00659483499999
307.01960435,1048.576,262144,6,99926.579,20554.412,101209.761,2795317.928,0.00660407600003
307.026243422,1048.576,262144,6,100975.155,20554.412,102258.337,2795317.928,0.00663907199998
307.032874778,410.369,262144,6,101385.524,20555.148,102668.706,2795318.664,0.00663135600001
306.15343278,0.221,221,2,69.524,651328.681,102668.891,2795327.56,0
307.084946423,0.185,185,6,101385.709,20556.524,102669.112,2795336.424,0.931513643
307.26266448,0.19,190,6,101385.899,20558.348,102669.302,2795338.248,0.177718057
307.15426884,0.221,221,2,69.745,651345.065,102669.492,2795346.984,0
307.269183594,0.19,190,6,101386.089,20559.404,102669.713,2795355.688,0.114914754
308.155104692,0.221,221,2,69.966,651361.449,102669.903,2795364.36,0.885921098
309.154203444,0.19,190,6,101386.279,20568.428,102670.124,2795381.096,0.999098752
309.343307914,1.575,1575,6,101387.854,20568.428,102671.699,2795381.096,0.18910447
309.34522734,0.286,286,6,101388.14,21896.22,102671.985,2796708.888,0.00191942600003
309.156038994,0.221,221,2,70.187,651377.833,102672.175,2796717.736,0
310.156881372,0.221,221,2,70.408,651394.217,102672.396,2796734.12,1.000842378
309.357418025,0.19,190,6,101388.33,21896.876,102672.617,2796742.312,0
311.157842824,0.221,221,2,70.629,651426.985,102674.999,2796766.888,1.800424799
312.066473483,2.382,2382,6,101390.712,21905.74,102675.22,2796783.944,0.908630659
313.240717198,1.575,1575,6,101392.287,21905.74,102676.795,2796783.944,1.174243715
313.242916339,0.286,286,6,101392.573,22250.668,102677.081,2797128.872,0.00219914099995
313.24906013,0.19,190,6,101392.763,22251.5,102677.271,2797129.704,0.006143791
313.301281281,0.286,286,6,101393.049,23579.404,102677.557,2798457.608,0.052221151
291.524332725,402.995,262144,3,550.106,131468.416,102677.747,2798459.176,0
313.159521504,0.221,221,2,70.85,651443.369,103103.463,2798467.368,21.635188779
313.31012278,0.19,190,6,101393.239,23580.172,103103.684,2798475.56,0.150601276
314.160278162,0.221,221,2,71.071,651459.753,103106.197,2798484.488,0.850155382
315.161259386,0.221,221,2,71.292,651476.137,103106.418,2798500.872,1.000981224
316.162272402,0.221,221,2,71.513,651492.521,103106.639,2798517.256,1.001013016
317.1631724,0.221,221,2,71.734,651508.905,103106.86,2798533.64,1.000899998
314.45176969,2.513,2513,6,101395.752,23580.908,103107.081,2798541.832,0
318.244106797,0.185,185,6,101395.937,23581.612,103107.266,2798542.536,3.792337107
318.254339873,1.775,1775,6,101397.712,23582.748,103109.041,2798543.672,0.010233076
318.256575281,2621.44,262144,6,104019.152,23582.748,105730.481,2798543.672,0.00223540799999
318.263749751,1048.576,262144,6,105067.728,23582.748,106779.057,2798543.672,0.00717447
318.270381047,1048.576,262144,6,106116.304,23582.748,107827.633,2798543.672,0.00663129600002
318.277003638,1048.576,262144,6,107164.88,23582.748,108876.209,2798543.672,0.006622591
318.283644852,1310.72,262144,6,108475.6,23582.748,110186.929,2798543.672,0.00664121400001
318.290383756,1048.576,262144,6,109524.176,23582.748,111235.505,2798543.672,0.00673890399997
318.296994655,1048.576,262144,6,110572.752,23582.748,112284.081,2798543.672,0.00661089900001
318.303620451,1048.576,262144,6,111621.328,23582.748,113332.657,2798543.672,0.00662579599998
318.310241233,410.369,262144,6,112031.697,23583.42,113743.026,2798544.344,0.00662078200003
318.353835774,0.185,185,6,112031.882,23584.668,113743.211,2798545.592,0.043594541
318.67275868,0.19,190,6,112032.072,23585.788,113743.401,2798546.712,0.318922906
318.94024744,0.19,190,6,112032.262,23587.228,113743.591,2798548.152,0.26748876
318.947995416,0.19,190,6,112032.452,23588.028,113743.781,2798548.952,0.00774797600002
318.164053187,0.221,221,2,71.955,651525.289,113743.971,2798566.136,0
318.955308417,0.19,190,6,112032.642,23597.02,113744.192,2798574.328,0.79125523
319.335740483,1.575,1575,6,112034.217,23597.02,113745.767,2798574.328,0.380432066
319.339132188,0.286,286,6,112034.503,23597.724,113746.053,2799590.84,0.00339170500001
319.16491436,0.221,221,2,72.176,652557.481,113746.243,2799599.72,0
320.165842504,0.221,221,2,72.397,652573.865,113746.464,2799616.104,1.000928144
319.348002692,0.19,190,6,112034.693,23598.412,113746.685,2799624.296,0
321.166799603,0.221,221,2,72.618,652590.249,113749.067,2799632.488,1.818796911
322.167658811,0.221,221,2,72.839,652606.633,113749.288,2799648.872,1.000859208
321.594168408,2.382,2382,6,112037.075,23607.324,113749.509,2799665.976,0
323.28186262,1.575,1575,6,112038.65,23607.324,113751.084,2799665.976,1.687694212
323.283945394,0.286,286,6,112038.936,23608.22,113751.37,2800010.936,0.00208277399997
323.289452102,0.19,190,6,112039.126,23609.084,113751.56,2800011.8,0.00550670799998
323.33652243,0.286,286,6,112039.412,23609.916,113751.846,2801028.44,0.047070328
323.168273436,0.221,221,2,73.06,652967.081,113752.036,2801037.432,0
323.344566333,0.19,190,6,112039.602,23610.716,113752.257,2801045.624,0.176292897
324.168991812,0.221,221,2,73.281,652983.465,113754.77,2801054.584,0.824425479
325.169909131,0.221,221,2,73.502,652999.849,113754.991,2801070.968,1.000917319
324.445051339,2.513,2513,6,112042.115,23611.484,113755.212,2801079.16,0
326.545808723,0.185,185,6,112042.3,23612.22,113755.397,2801079.896,2.100757384
326.54752885,1.775,1775,6,112044.075,23613.292,113757.172,2801080.968,0.001720127
326.549790016,2359.296,262144,6,114403.371,23613.292,116116.468,2801080.968,0.00226116599998
326.555825702,1048.576,262144,6,115451.947,23613.292,117165.044,2801080.968,0.00603568600002
326.562004011,1048.576,262144,6,116500.523,23613.292,118213.62,2801080.968,0.00617830900001
326.569006443,1048.576,262144,6,117549.099,23613.292,119262.196,2801080.968,0.00700243199998
326.575240552,1048.576,262144,6,118597.675,23613.292,120310.772,2801080.968,0.00623410900005
326.581833917,1310.72,262144,6,119908.395,23613.292,121621.492,2801080.968,0.00659336499996
326.588476835,1048.576,262144,6,120956.971,23613.292,122670.068,2801080.968,0.00664291800001
326.594634857,1310.72,262144,6,122267.691,23613.292,123980.788,2801080.968,0.00615802200002
326.601260256,675.353,262144,6,122943.044,23613.996,124656.141,2801081.672,0.00662539899997
326.170818924,0.221,221,2,73.723,653016.233,124656.326,2801090.536,0
327.171692631,0.221,221,2,73.944,653032.617,124656.547,2801106.92,1.000873707
326.659597731,0.185,185,6,122943.229,23614.988,124656.768,2801115.432,0
328.649949552,0.19,190,6,122943.419,23624.156,124656.958,2801124.6,1.990351821
328.848918462,1.575,1575,6,122944.994,23624.156,124658.533,2801124.6,0.19896891
328.850719518,0.286,286,6,122945.28,25083.196,124658.819,2802583.64,0.00180105600003
328.172487096,0.221,221,2,74.165,653049.001,124659.009,2802592.664,0
313.323652308,425.716,262144,3,975.822,131469.184,124659.23,2802601.624,0
329.173362816,0.221,221,2,74.386,653065.385,125103.018,2802609.816,15.849710508
330.174298131,0.221,221,2,74.607,653081.769,125103.239,2802626.2,1.000935315
328.865360407,0.19,190,6,122945.47,25084.028,125103.46,2802634.392,0
331.175258116,0.221,221,2,74.828,653098.153,125105.799,2802642.584,2.309897709
332.176142319,0.221,221,2,75.049,653180.537,125106.02,2802825.608,1.000884203
333.17708763,0.221,221,2,75.27,653196.921,125106.241,2802841.992,1.000945311
