time,size,first_call,destination,dest_out_traffic,dest_in_traffic,total_network_out,total_network_in,dens10
4.187447903,0.244,244,2,0.244,24.576,0.244,26.624,0
4.233706369,0.183,183,2,0.427,40.96,0.427,43.008,0.046258466
5.243762179,0.183,183,2,0.61,57.344,0.61,59.392,1.01005581
6.24507364,0.183,183,2,0.793,73.728,0.793,75.776,1.001311461
7.246043286,0.183,183,2,0.976,90.112,0.976,92.16,1.000969646
8.246815992,0.183,183,2,1.159,106.496,1.159,108.544,1.000772706
9.247575516,0.183,183,2,1.342,122.88,1.342,124.928,1.000759524
10.248299291,0.183,183,2,1.525,139.264,1.525,141.312,1.000723775
11.249117334,0.183,183,2,1.708,155.648,1.708,157.696,1.000818043
12.249858775,0.183,183,2,1.891,172.032,1.891,174.08,1.000741441
13.250560353,0.183,183,2,2.074,188.416,2.074,190.464,1.000701578
14.251287738,0.183,183,2,2.257,204.8,2.257,206.848,1.000727385
15.25390455,0.183,183,2,2.44,221.184,2.44,223.232,1.002616812
16.254558805,0.183,183,2,2.623,237.568,2.623,239.616,1.000654255
17.25522777,0.183,183,2,2.806,253.952,2.806,256.0,1.000668965
18.255889052,0.183,183,2,2.989,270.336,2.989,272.384,1.000661282
19.257615964,0.183,183,2,3.172,286.72,3.172,288.768,1.001726912
20.258356396,0.183,183,2,3.355,303.104,3.355,305.152,1.000740432
21.258990398,0.183,183,2,3.538,319.488,3.704,324.268,1.000634002
22.555151916,0.268,268,7,0.268,8.452,4.155,340.912,1.296161518
22.259801852,0.183,183,2,3.721,352.256,4.408,373.68,0
23.087503803,0.283,283,2,4.004,368.64,4.691,390.064,0.827701951
23.137724556,0.207,207,2,4.211,385.024,4.898,406.448,0.050220753
23.187817274,0.102,102,2,4.313,393.216,5.0,414.64,0.050092718
23.220356115,0.125,125,2,4.438,1081.34,5.125,1102.764,0.032538841
22.593007444,0.253,253,7,0.521,24.836,5.344,13063.255,0
23.60940507,0.291,291,7,0.812,25.123,5.635,13084.919,1.016397626
23.269756607,0.219,219,2,4.657,54343.534,5.869,54381.629,0
23.611933918,0.234,234,7,1.046,41.507,6.088,75644.064,0.342177311
24.613100417,0.405,405,7,1.451,41.908,6.493,75644.465,1.001166499
24.274321133,0.219,219,2,4.876,130831.651,6.723,130886.531,0
24.615169581,0.23,230,7,1.681,58.292,6.942,175536.555,0.340848448
25.286457995,0.219,219,2,5.095,258925.523,7.457,258997.298,0.671288414
25.616927134,0.515,515,7,2.196,75.187,7.676,299175.486,0.330469139
26.293306817,0.219,219,2,5.314,379914.092,8.191,380002.762,0.676379683
26.619652795,0.515,515,7,2.711,92.082,8.41,437601.814,0.326345978
27.298855333,0.219,219,2,5.533,460082.324,8.925,460187.889,0.679202538
27.747066079,0.125,125,2,5.658,555708.776,9.05,555814.341,0.448210746
27.621450985,0.515,515,7,3.226,108.977,9.269,617340.72,0
28.304469725,0.219,219,2,5.877,643518.364,9.784,643640.824,0.68301874
29.280571877,0.174,174,2,6.051,643534.748,9.958,643657.208,0.976102152
29.281713341,0.188,188,2,6.239,643542.94,10.146,643665.4,0.001141464
28.623883133,0.515,515,7,3.741,125.872,10.269,644237.612,0
29.283537356,0.123,123,2,6.362,644115.152,10.92,644254.643,0.659654223
29.309631945,0.573,219,2,6.935,644147.92,11.493,644295.603,0.026094589
29.289047596,0.651,651,7,4.392,142.903,11.616,644295.603,0
29.31271073,0.497,497,7,4.889,159.78,12.113,644379.407,0.023663134
29.312566779,0.123,123,2,7.058,644223.039,12.492,644396.166,0
29.324815002,0.379,379,7,5.268,176.539,12.711,644412.55,0.012248223
30.31071912,0.219,219,2,7.277,644239.423,13.023,644445.622,0.985904118
22.005914913,0.166,166,6,0.166,2.732,13.242,644454.838,0
31.507340527,0.176,176,6,0.342,3.756,13.418,644455.862,9.501425614
31.533140981,0.154,154,6,0.496,6.828,13.572,644458.934,0.025800454
31.67882759,0.17,170,6,0.666,7.852,13.742,644459.958,0.145686609
31.711569337,0.172,172,6,0.838,9.388,13.914,644461.494,0.032741747
32.036149883,0.177,177,6,1.015,10.396,14.091,644462.502,0.324580546
32.058701541,0.176,176,6,1.191,10.892,14.267,644462.998,0.022551658
32.076261473,1.53,1530,6,2.721,11.852,15.797,644463.958,0.017559932
32.127735261,1.256,1256,6,3.977,12.316,17.053,644464.422,0.051473788
31.311887829,0.219,219,2,7.496,644255.807,17.224,644473.526,0
32.137363526,0.171,171,6,4.148,21.932,17.443,644490.422,0.825475697
33.153548024,1.575,1575,6,5.723,21.932,19.018,644490.422,1.016184498
32.312940383,0.219,219,2,7.715,644272.191,19.304,644506.806,0
33.264311977,0.286,286,6,6.009,35.756,19.523,644520.63,0.951371594
33.518295907,0.189,189,6,6.198,43.948,19.712,644528.822,0.25398393
33.943371606,0.286,286,6,6.484,48.044,19.998,644567.734,0.425075699
33.314002721,0.219,219,2,7.934,644323.391,20.187,644582.07,0
34.992188385,0.235,235,8,0.235,40.96,20.641,644633.27,1.678185664
35.066192356,0.102,102,8,0.337,49.152,20.743,644641.462,0.074003971
34.315069467,0.219,219,2,8.153,644339.775,20.895,644847.873,0
35.31635449,0.219,219,2,8.372,644347.967,21.114,656154.548,1.001285023
36.319715431,0.219,219,2,8.591,644364.351,21.333,666610.466,1.003360941
37.321025493,0.219,219,2,8.81,644380.735,21.552,680436.107,1.001310062
38.322827519,0.219,219,2,9.029,644397.119,21.771,695186.77,1.001802026
39.324045521,0.219,219,2,9.248,644413.503,21.99,709607.068,1.001218002
40.32517603,0.219,219,2,9.467,644429.887,22.209,723961.293,1.001130509
41.326308066,0.219,219,2,9.686,644446.271,22.428,739306.613,1.001132036
42.327479996,0.219,219,2,9.905,644462.655,22.647,754189.422,1.00117193
34.001586903,0.189,189,6,6.673,54.188,22.866,757104.826,0
43.328677467,0.219,219,2,10.124,644479.039,25.379,769404.644,9.327090564
35.093454142,0.152,152,8,0.489,135366.656,25.598,780116.662,0
43.525781774,2.513,2513,6,9.186,56.236,25.75,780210.637,8.432327632
45.130403824,2.535,2535,6,11.721,66.476,28.285,780220.877,1.60462205
45.044895708,0.152,152,8,0.641,135485.207,29.86,780245.453,0
45.197890219,0.235,235,8,0.876,135493.399,30.095,780253.645,0.152994511
44.32983916,0.219,219,2,10.343,644495.423,30.247,781754.949,0
45.331075869,0.219,219,2,10.562,644511.807,30.466,796505.612,1.001236709
46.3322405,0.219,219,2,10.781,644528.191,30.685,811388.421,1.001164631
47.333392241,0.219,219,2,11.0,644544.575,30.904,826535.522,1.001151741
48.334496909,0.22,220,2,11.22,644560.959,31.124,841286.185,1.001104668
49.335580188,0.22,220,2,11.44,644577.343,31.344,856565.432,1.001083279
50.33661991,0.22,220,2,11.66,644593.727,31.564,871382.168,1.001039722
51.337667646,0.22,220,2,11.88,644610.111,31.784,886000.685,1.001047736
52.338742089,0.22,220,2,12.1,644626.495,32.004,901147.786,1.001074443
45.137339906,1.575,1575,6,13.296,66.476,32.224,903600.679,0
53.339899533,0.22,220,2,12.32,644642.879,34.737,915848.76,8.202559627
45.201494951,0.152,152,8,1.028,271246.847,34.957,916187.317,0
53.495591369,2.513,2513,6,15.809,82.86,35.109,916281.292,8.294096418
54.412857191,2.535,2535,6,18.344,115.628,37.644,916314.06,0.917265822
54.363813032,0.152,152,8,1.18,271349.014,39.219,916322.252,0
54.431280424,0.145,145,8,1.325,271365.398,39.364,916338.636,0.067467392
54.433483586,0.149,149,8,1.474,271373.59,39.513,916346.828,0.002203162
54.341000607,0.22,220,2,12.54,644659.263,39.665,930369.307,0
55.342142844,0.22,220,2,12.76,644675.647,39.885,945516.408,1.001142237
56.34326183,0.22,220,2,12.98,644692.031,40.105,960267.071,1.001118986
57.344408412,0.22,220,2,13.2,644708.415,40.325,975149.88,1.001146582
58.345544697,0.22,220,2,13.42,644724.799,40.545,990098.762,1.001136285
59.346690304,0.22,220,2,13.64,644741.183,40.765,1005311.936,1.001145607
60.347845757,0.22,220,2,13.86,644757.567,40.985,1019600.088,1.001155453
61.349087678,0.22,220,2,14.08,644773.951,41.205,1034945.408,1.001241921
62.350158077,0.22,220,2,14.3,644790.335,41.425,1050026.436,1.001070399
54.435549737,0.152,152,8,1.626,407028.27,41.645,1052148.964,0
54.418507543,1.575,1575,6,19.919,115.628,41.797,1052607.613,0
63.492790677,2.513,2513,6,22.432,181.164,44.31,1052673.149,9.074283134
63.535912586,2.535,2535,6,24.967,279.468,46.845,1052771.453,0.043121909
63.486825213,0.152,152,8,1.778,407495.111,48.42,1052779.645,0
63.547903638,0.145,145,8,1.923,407511.495,48.565,1052796.029,0.061078425
63.550368013,0.149,149,8,2.072,407519.687,48.714,1052804.221,0.002464375
63.35120614,0.22,220,2,14.52,644806.719,48.866,1065501.42,0
64.352330037,0.22,220,2,14.74,644823.103,49.086,1080714.594,1.001123897
65.353549507,0.22,220,2,14.96,644839.487,49.306,1095795.622,1.00121947
66.355446862,0.22,220,2,15.18,644872.255,49.526,1125693.386,1.001897355
68.358014812,0.22,220,2,15.4,644888.639,49.746,1141104.779,2.00256795
69.359102947,0.22,220,2,15.62,644905.023,49.966,1156317.953,1.001088135
70.360319437,0.22,220,2,15.84,644921.407,50.186,1171398.981,1.00121649
71.361506825,0.22,220,2,16.06,644937.791,50.406,1186149.644,1.001187388
63.552455233,0.152,152,8,2.224,543434.839,50.626,1188866.829,0
63.540510436,1.575,1575,6,26.542,279.468,50.778,1189023.458,0
72.611323018,2.535,2535,6,29.077,345.004,53.313,1189088.994,9.070812582
72.563706148,0.152,152,8,2.376,543599.66,54.888,1189097.186,0
72.624171535,0.145,145,8,2.521,543616.044,55.033,1189113.57,0.060465387
72.626410064,0.149,149,8,2.67,543624.236,55.182,1189121.762,0.002238529
72.362555238,0.22,220,2,16.28,644954.175,55.334,1200308.404,0
72.617561787,1.575,1575,6,30.652,345.004,55.554,1202232.713,0.255006549
73.363606919,0.22,220,2,16.5,644970.559,58.067,1215570.73,0.746045132
74.36470066,0.22,220,2,16.72,644986.943,58.287,1231048.196,1.001093741
75.365793702,0.22,220,2,16.94,645003.327,58.507,1246591.735,1.001093042
76.366957636,0.22,220,2,17.16,645019.711,58.727,1262201.347,1.001163934
77.368093796,0.22,220,2,17.38,645036.095,58.947,1277877.032,1.00113616
78.369311904,0.22,220,2,17.6,645052.479,59.167,1293288.425,1.001218108
79.37043406,0.22,220,2,17.82,645068.863,59.387,1308237.307,1.001122156
80.371484271,0.22,220,2,18.04,645085.247,59.607,1323780.846,1.001050211
72.628447354,0.152,152,8,2.822,679416.364,59.827,1325110.498,0
73.489729179,2.513,2513,6,33.165,394.156,59.979,1325366.9,0.861281825
81.507022267,2.535,2535,6,35.7,426.924,62.514,1325399.668,8.017293088
81.462077643,0.152,152,8,2.974,679680.958,64.089,1325407.86,0
81.526530305,0.145,145,8,3.119,679697.342,64.234,1325424.244,0.064452662
81.528641091,0.149,149,8,3.268,679705.534,64.383,1325432.436,0.002110786
81.3725743,0.22,220,2,18.26,645101.631,64.535,1337059.281,0
82.373618227,0.22,220,2,18.48,645118.015,64.755,1350224.192,1.001043927
81.520628804,1.575,1575,6,37.275,426.924,64.975,1351950.282,0
83.374727575,0.22,220,2,18.7,645134.399,67.488,1365502.902,1.854098771
84.375868859,0.22,220,2,18.92,645150.783,67.708,1380782.149,1.001141284
85.376903023,0.22,220,2,19.14,645167.167,67.928,1395929.25,1.001034164
86.378032848,0.22,220,2,19.36,645183.551,68.148,1411208.497,1.001129825
87.379156711,0.22,220,2,19.58,645199.935,68.368,1426421.671,1.001123863
88.380270924,0.22,220,2,19.8,645216.319,68.588,1441700.918,1.001114213
89.381423802,0.22,220,2,20.02,645232.703,68.808,1457112.311,1.001152878
81.530486873,0.152,152,8,3.42,816003.938,69.028,1461943.832,0
83.489963191,2.513,2513,6,39.788,492.46,69.18,1462179.433,1.959476318
90.741163856,2.535,2535,6,42.323,590.764,71.715,1462277.737,7.251200665
90.69531117,0.152,152,8,3.572,816247.731,73.29,1462285.929,0
90.752429729,0.145,145,8,3.717,816264.115,73.435,1462302.313,0.057118559
90.754344156,0.149,149,8,3.866,816272.307,73.584,1462310.505,0.001914427
90.382992642,0.22,220,2,20.24,645249.087,73.736,1472576.617,0
91.38413957,0.22,220,2,20.46,645265.471,73.956,1487525.499,1.001146928
92.385277918,0.22,220,2,20.68,645281.855,74.176,1501945.797,1.001138348
90.746708023,1.575,1575,6,43.898,590.764,74.396,1503605.814,0
93.386423965,0.22,220,2,20.9,645298.239,76.909,1517224.507,2.639715942
94.387585727,0.22,220,2,21.12,645314.623,77.129,1532768.046,1.001161762
95.388818991,0.22,220,2,21.34,645331.007,77.349,1547915.147,1.001233264
96.389951012,0.22,220,2,21.56,645347.391,77.569,1563458.686,1.001132021
97.391052495,0.22,220,2,21.78,645363.775,77.789,1578870.079,1.001101483
90.757741511,0.152,152,8,4.018,952531.438,78.009,1598782.628,0
93.490550369,2.513,2513,6,46.411,656.3,78.161,1598943.991,2.732808858
99.719401719,2.535,2535,6,48.946,689.068,80.696,1598976.759,6.22885135
99.673370573,0.152,152,8,4.17,952700.993,82.271,1598984.951,0
99.735734785,0.145,145,8,4.315,952717.377,82.416,1599001.335,0.062364212
99.737617645,0.149,149,8,4.464,952725.569,82.565,1599009.527,0.00188285999999
98.392295728,0.22,220,2,22.0,645396.543,82.717,1609393.967,0
100.394618518,0.22,220,2,22.22,645412.927,82.937,1625003.579,2.00232279
101.395787469,0.22,220,2,22.44,645429.311,83.157,1640811.41,1.001168951
102.396921136,0.22,220,2,22.66,645445.695,83.377,1656354.949,1.001133667
99.725594687,1.575,1575,6,50.521,689.068,83.597,1657816.747,0
103.398103673,0.22,220,2,22.88,645462.079,86.11,1671923.064,3.672508986
104.39921372,0.22,220,2,23.1,645478.463,86.33,1687863.041,1.001110047
105.400317382,0.22,220,2,23.32,645494.847,86.55,1703472.653,1.001103662
106.401392087,0.22,220,2,23.54,645511.231,86.77,1719016.192,1.001074705
107.402468286,0.22,220,2,23.76,645527.615,86.99,1734493.658,1.001076199
99.739633809,0.152,152,8,4.616,1088376.225,87.21,1734832.215,0
103.49027292,2.513,2513,6,53.034,713.644,87.362,1735086.25,3.750639111
108.469403797,2.535,2535,6,55.569,734.124,89.897,1735106.73,4.979130877
108.427439486,0.152,152,8,4.768,1088638.452,91.472,1735114.922,0
108.479188564,0.145,145,8,4.913,1088654.836,91.617,1735131.306,0.051749078
108.482244119,0.149,149,8,5.062,1088663.028,91.766,1735139.498,0.003055555
108.403533358,0.22,220,2,23.98,645543.999,91.918,1749422.245,0
109.404722177,0.22,220,2,24.2,645560.383,92.138,1764767.565,1.001188819
110.405830387,0.22,220,2,24.42,645576.767,92.358,1780377.177,1.00110821
111.407105888,0.22,220,2,24.64,645593.151,92.578,1794995.694,1.001275501
112.408261081,0.22,220,2,24.86,645609.535,92.798,1802940.838,1.001155193
108.474667199,1.575,1575,6,57.144,734.124,93.018,1804204.417,0
113.40927187,0.22,220,2,25.08,645625.919,95.531,1818879.741,4.934604671
114.410359045,0.22,220,2,25.3,645642.303,95.751,1834291.134,1.001087175
115.411276179,0.22,220,2,25.52,645658.687,95.971,1850032.892,1.000917134
116.412169114,0.22,220,2,25.74,645675.071,96.191,1865774.65,1.000892935
108.484796188,0.152,152,8,5.214,1224313.684,96.411,1871068.682,0
113.489954883,2.513,2513,6,59.657,865.196,96.563,1871322.717,5.005158695
117.853907184,2.578,2578,6,62.235,930.732,99.141,1871388.253,4.363952301
117.750821314,0.152,152,8,5.366,1224575.911,100.716,1871396.445,0
117.863746114,0.145,145,8,5.511,1224592.295,100.861,1871412.829,0.1129248
117.865311664,0.149,149,8,5.66,1224600.487,101.01,1871421.021,0.00156555000001
117.413100988,0.22,220,2,25.96,645691.455,101.162,1880168.494,0
118.414275157,0.22,220,2,26.18,645707.839,101.382,1895778.106,1.001174169
119.415546647,0.22,220,2,26.4,645724.223,101.602,1910594.842,1.00127149
120.416566114,0.22,220,2,26.62,645740.607,101.822,1926072.308,1.001019467
121.417435103,0.22,220,2,26.84,645756.991,102.042,1941087.263,1.000868989
122.418130594,0.22,220,2,27.06,645773.375,102.262,1956630.802,1.000695491
117.858865377,1.575,1575,6,63.81,930.732,102.482,1957762.235,0
123.418891217,0.22,220,2,27.28,645789.759,104.995,1972074.963,5.56002584
124.419904408,0.22,220,2,27.5,645806.143,105.215,1987684.575,1.001013191
125.420698502,0.22,220,2,27.72,645822.527,105.435,2003228.114,1.000794094
117.867129602,0.152,152,8,5.812,1360133.855,105.655,2007134.613,0
123.49005431,2.513,2513,6,66.323,963.5,105.807,2007291.242,5.622924708
126.732459635,2.535,2535,6,68.858,996.268,108.342,2007324.01,3.242405325
126.69112331,0.152,152,8,5.964,1360298.676,109.917,2007332.202,0
126.742363342,0.145,145,8,6.109,1360315.06,110.062,2007348.586,0.051240032
126.743940264,0.149,149,8,6.258,1360323.252,110.211,2007356.778,0.001576922
126.421421269,0.22,220,2,27.94,645838.911,110.363,2018174.013,0
127.422436789,0.22,220,2,28.16,645855.295,110.583,2033651.479,1.00101552
128.423278656,0.22,220,2,28.38,645871.679,110.803,2048996.799,1.000841867
129.423982933,0.22,220,2,28.6,645888.063,111.023,2064606.411,1.000704277
130.424692179,0.22,220,2,28.82,645920.831,111.243,2095495.27,1.000709246
132.427428788,0.221,221,2,29.041,645937.215,111.464,2110774.517,2.002736609
126.737521624,1.575,1575,6,70.433,996.268,111.685,2111773.804,0
133.428061938,0.221,221,2,29.262,645953.599,114.198,2126474.778,6.690540314
134.429022691,0.221,221,2,29.483,645969.983,114.419,2141621.879,1.000960753
126.74641114,0.152,152,8,6.41,1496340.63,114.64,2143546.188,0
133.490288247,2.513,2513,6,72.946,1020.844,114.792,2143800.223,6.743877107
135.429788686,0.221,221,2,29.704,645986.367,117.327,2143808.415,1.939500439
136.430663107,0.221,221,2,29.925,646002.751,117.548,2143824.799,1.000874421
137.431372832,0.221,221,2,30.146,646019.135,117.769,2143841.183,1.000709725
138.432034184,0.221,221,2,30.367,646035.519,117.99,2143857.567,1.000661352
139.432685682,0.221,221,2,30.588,646051.903,118.211,2143873.951,1.000651498
140.433343617,0.221,221,2,30.809,646068.287,118.432,2143890.335,1.000657935
141.433988455,0.221,221,2,31.03,646084.671,118.653,2143906.719,1.000644838
142.434648398,0.221,221,2,31.251,646101.055,118.874,2143925.151,1.000659943
135.593508602,2.535,2535,6,75.481,1020.844,119.095,2143933.343,0
143.435581063,0.221,221,2,31.472,646117.439,119.434,2143953.823,7.842072461
144.436412081,0.221,221,2,31.693,646133.823,119.655,2143970.207,1.000831018
145.437008962,0.221,221,2,31.914,646150.207,119.876,2143986.591,1.000596881
146.437540185,0.221,221,2,32.135,646166.591,120.097,2144002.975,1.000531223
147.438115144,0.221,221,2,32.356,646182.975,120.318,2144019.359,1.000574959
148.438662363,0.221,221,2,32.577,646199.359,120.539,2144035.743,1.000547219
149.439186306,0.221,221,2,32.798,646215.743,120.76,2144052.127,1.000523943
150.439848922,0.221,221,2,33.019,646232.127,120.981,2144068.511,1.000662616
151.440590144,0.221,221,2,33.24,646248.511,121.202,2144084.895,1.000741222
152.441124186,0.221,221,2,33.461,646264.895,121.423,2144101.279,1.000534042
143.488741548,0.339,339,6,75.82,1033.132,121.644,2144109.471,0
153.441739034,0.221,221,2,33.682,646281.279,121.983,2144123.807,9.952997486
154.442380741,0.221,221,2,33.903,646297.663,122.204,2144140.191,1.000641707
155.44296208,0.221,221,2,34.124,646314.047,122.425,2144158.095,1.000581339
156.443515856,0.221,221,2,34.345,646330.431,122.646,2144174.479,1.000553776
157.444698516,0.221,221,2,34.566,646346.815,122.867,2144190.863,1.00118266
158.445406002,0.221,221,2,34.787,646363.199,123.088,2144207.247,1.000707486
159.44598513,0.221,221,2,35.008,646379.583,123.309,2144223.631,1.000579128
160.446591302,0.221,221,2,35.229,646395.967,123.53,2144240.015,1.000606172
161.447172139,0.221,221,2,35.45,646412.351,123.751,2144256.399,1.000580837
153.488670054,0.339,339,6,76.159,1039.276,123.972,2144280.975,0
162.447718029,0.221,221,2,35.671,646445.119,124.311,2144292.239,8.959047975
164.448858797,0.221,221,2,35.892,646461.503,124.532,2144308.623,2.001140768
165.449417374,0.221,221,2,36.113,646480.447,124.753,2144334.207,1.000558577
166.450106866,0.221,221,2,36.334,646496.831,124.974,2144352.511,1.000689492
167.451631313,0.221,221,2,36.555,646513.215,125.195,2144368.895,1.001524447
168.452421737,0.221,221,2,36.776,646529.599,125.416,2144385.279,1.000790424
169.453200491,0.221,221,2,36.997,646545.983,125.637,2144401.663,1.000778754
170.453916768,0.221,221,2,37.218,646562.367,125.858,2144418.047,1.000716277
171.454608505,0.221,221,2,37.439,646578.751,126.079,2144434.431,1.000691737
172.455254494,0.221,221,2,37.66,646597.599,126.3,2144454.735,1.000645989
163.488629208,0.339,339,6,76.498,1042.348,126.521,2144462.927,0
173.455925483,0.221,221,2,37.881,646613.983,126.86,2144473.503,9.967296275
174.456734337,0.221,221,2,38.102,646630.367,127.081,2144489.887,1.000808854
175.457414604,0.221,221,2,38.323,646646.751,127.302,2144506.271,1.000680267
176.458060817,0.221,221,2,38.544,646663.135,127.523,2144522.655,1.000646213
177.458754037,0.221,221,2,38.765,646679.519,127.744,2144539.039,1.00069322
178.459389361,0.221,221,2,38.986,646695.903,127.965,2144555.423,1.000635324
179.460034219,0.221,221,2,39.207,646712.287,128.186,2144573.759,1.000644858
180.460671209,0.221,221,2,39.428,646728.671,128.407,2144590.143,1.00063699
181.461322796,0.221,221,2,39.649,646745.055,128.628,2144606.527,1.000651587
182.461956598,0.221,221,2,39.87,646761.439,128.849,2144622.911,1.000633802
173.488798681,0.339,339,6,76.837,1043.372,129.07,2144631.103,0
183.462585589,0.221,221,2,40.091,646777.823,129.409,2144640.319,9.973786908
184.463239904,0.221,221,2,40.312,646794.207,129.63,2144656.703,1.000654315
185.463897905,0.221,221,2,40.533,646810.591,129.851,2144673.087,1.000658001
186.464520821,0.221,221,2,40.754,646826.975,130.072,2144689.471,1.000622916
187.465152679,0.221,221,2,40.975,646843.359,130.293,2144705.855,1.000631858
188.465935542,0.221,221,2,41.196,646859.743,130.514,2144722.239,1.000782863
189.466669341,0.221,221,2,41.417,646876.127,130.735,2144738.623,1.000733799
190.467367882,0.221,221,2,41.638,646892.511,130.956,2144755.007,1.000698541
191.468024267,0.221,221,2,41.859,646908.895,131.177,2144771.391,1.000656385
192.468569011,0.221,221,2,42.08,646925.279,131.398,2144787.775,1.000544744
183.48866712,0.339,339,6,77.176,1044.396,131.619,2144795.967,0
193.469137561,0.221,221,2,42.301,646941.663,131.958,2144805.151,9.980470441
194.469806378,0.221,221,2,42.522,646974.431,132.179,2144837.919,1.000668817
196.471100174,0.221,221,2,42.743,646990.815,132.4,2144857.087,2.001293796
197.471925174,0.221,221,2,42.964,647007.199,132.621,2144873.471,1.000825
198.472662813,0.221,221,2,43.185,647023.583,132.842,2144889.855,1.000737639
193.48863183,0.339,339,6,77.515,1057.5,133.063,2144907.375,0
199.709286992,1.575,1575,6,79.09,1057.5,134.638,2144907.375,6.220655162
199.721981146,0.286,286,6,79.376,1061.596,134.924,2145003.631,0.012694154
199.734876165,0.189,189,6,79.565,1067.74,135.113,2145009.775,0.012895019
199.473308619,0.221,221,2,43.406,647039.967,135.362,2145152.111,0
200.474271159,0.221,221,2,43.627,647056.351,135.583,2145168.495,1.00096254
201.474923678,0.221,221,2,43.848,647072.735,135.804,2145184.879,1.000652519
202.475433669,0.221,221,2,44.069,647089.119,136.025,2145201.263,1.000509991
200.226072361,0.249,249,6,79.814,1070.812,136.246,2145209.455,0
203.475935579,0.221,221,2,44.29,647105.503,138.759,2145219.183,3.249863218
204.476528204,0.221,221,2,44.511,647121.887,138.98,2145235.567,1.000592625
205.477208266,0.221,221,2,44.732,647138.271,139.201,2145251.951,1.000680062
206.47790449,0.221,221,2,44.953,647154.655,139.422,2145268.335,1.000696224
207.478525621,0.221,221,2,45.174,647171.039,139.643,2145284.719,1.000621131
208.479145518,0.221,221,2,45.395,647187.423,139.864,2145301.103,1.000619897
209.479781553,0.221,221,2,45.616,647203.807,140.085,2145317.487,1.000636035
210.480384609,0.221,221,2,45.837,647220.191,140.306,2145333.871,1.000603056
211.480968421,0.221,221,2,46.058,647236.575,140.527,2145350.255,1.000583812
212.482488675,0.221,221,2,46.279,647252.959,140.748,2145366.639,1.001520254
203.489540537,2.513,2513,6,82.327,1072.348,140.969,2145374.831,0
213.483098095,0.221,221,2,46.5,647269.343,143.482,2145384.031,9.993557558
214.483793089,0.221,221,2,46.721,647285.727,143.703,2145400.415,1.000694994
215.484435543,0.221,221,2,46.942,647302.111,143.924,2145416.799,1.000642454
213.488971863,2.513,2513,6,84.84,1073.356,144.145,2145457.759,0
216.485824518,0.221,221,2,47.163,647310.303,144.259,2145458.735,2.996852655
216.553312081,0.15,150,2,47.313,757464.031,144.865,2599868.975,0.067487563
217.486940618,0.221,221,2,47.534,797408.223,145.086,2758380.079,0.933628537
218.488512274,0.221,221,2,47.755,797424.607,145.307,2758396.463,1.001571656
219.489492609,0.221,221,2,47.976,797440.991,145.528,2758412.847,1.000980335
220.490439694,0.221,221,2,48.197,797457.375,145.749,2758429.231,1.000947085
221.491449336,0.221,221,2,48.418,797473.759,145.97,2758445.615,1.001009642
216.525801294,0.114,114,6,84.954,1074.332,146.191,2758453.807,0
222.492394819,0.221,221,2,48.639,797490.143,148.704,2758461.999,5.966593525
216.560376613,0.152,152,5,0.152,150926.016,148.925,2758470.671,0
223.493394298,0.221,221,2,48.86,797506.527,149.075,2833648.655,6.933017685
224.494366937,0.221,221,2,49.081,797522.911,149.296,2833665.039,1.000972639
225.495256696,0.221,221,2,49.302,797531.103,149.517,2833673.231,1.000889759
226.341912121,0.152,152,2,49.454,834108.383,149.669,2870250.511,0.846655425
226.496325575,0.221,221,2,49.675,861830.111,149.89,2897972.239,0.154413454
216.560075561,0.152,152,4,0.152,159582.112,150.111,2897980.431,0
228.499650098,0.221,221,2,49.896,861846.495,150.261,2966653.967,11.939574537
229.500760346,0.221,221,2,50.117,861862.879,150.482,2966670.351,1.001110248
216.563771568,0.152,152,3,0.152,152586.144,150.703,2966678.543,0
230.501746885,0.221,221,2,50.338,861879.263,150.853,3035139.087,13.937975317
231.502677791,0.221,221,2,50.559,861895.647,151.074,3035155.471,1.000930906
223.49298255,2.513,2513,6,87.467,1074.812,151.295,3035163.663,0
232.504754349,0.221,221,2,50.78,861912.031,153.808,3035172.783,9.011771799
233.506097754,0.221,221,2,51.001,861928.415,154.029,3035189.167,1.001343405
234.507083451,0.221,221,2,51.222,861944.799,154.25,3035205.551,1.000985697
235.507878717,0.221,221,2,51.443,861961.183,154.471,3035221.935,1.000795266
236.508724827,0.221,221,2,51.664,861977.567,154.692,3035238.319,1.00084611
237.509402342,0.221,221,2,51.885,861985.759,154.913,3035246.511,1.000677515
238.510378375,0.221,221,2,52.106,862010.335,155.134,3035271.087,1.000976033
239.511498761,0.221,221,2,52.327,862026.719,155.355,3035287.471,1.001120386
240.513060042,0.221,221,2,52.548,862043.103,155.576,3035303.855,1.001561281
233.490112943,2.513,2513,6,89.98,1075.74,155.797,3035312.047,0
241.743541264,0.178,178,6,90.158,1076.636,155.975,3035312.943,8.253428321
241.759823858,0.286,286,6,90.444,1077.5,156.261,3035494.031,0.016282594
241.513917515,0.221,221,2,52.769,862059.487,156.45,3035503.055,0
241.767587156,0.189,189,6,90.633,1078.332,156.671,3035511.247,0.253669641
242.519274266,0.221,221,2,52.99,862075.871,159.184,3035520.239,0.75168711
243.52028281,0.221,221,2,53.211,862092.255,159.405,3035536.623,1.001008544
244.521248087,0.221,221,2,53.432,862108.639,159.626,3035553.007,1.000965277
243.489288013,2.513,2513,6,93.146,1079.132,159.847,3035561.199,0
245.730226397,0.184,184,6,93.33,1079.9,160.031,3035561.967,2.240938384
245.735851996,1.775,1775,6,95.105,1081.948,161.806,3035564.015,0.00562559900001
245.747433795,7602.176,262144,6,7697.281,1081.948,7763.982,3035564.015,0.011581799
245.758873191,786.432,262144,6,8483.713,1081.948,8550.414,3035564.015,0.011439396
245.760330241,786.432,262144,6,9270.145,1081.948,9336.846,3035564.015,0.00145705
245.761818756,524.288,262144,6,9794.433,1081.948,9861.134,3035564.015,0.00148851500001
245.763402084,524.288,262144,6,10318.721,1081.948,10385.422,3035564.015,0.00158332800001
245.764891998,524.288,262144,6,10843.009,1081.948,10909.71,3035564.015,0.00148991399999
245.766376018,524.288,262144,6,11367.297,1081.948,11433.998,3035564.015,0.00148401999999
245.767868178,524.288,262144,6,11891.585,1081.948,11958.286,3035564.015,0.00149216
245.769452061,524.288,262144,6,12415.873,1081.948,12482.574,3035564.015,0.00158388300002
245.770964594,786.432,262144,6,13202.305,1081.948,13269.006,3035564.015,0.00151253299998
245.773042621,524.288,262144,6,13726.593,1081.948,13793.294,3035564.015,0.00207802700001
245.775050605,524.288,262144,6,14250.881,1081.948,14317.582,3035564.015,0.00200798399999
245.777036198,524.288,262144,6,14775.169,1081.948,14841.87,3035564.015,0.001985593
245.779011456,524.288,262144,6,15299.457,1081.948,15366.158,3035564.015,0.00197525800002
245.781080473,524.288,262144,6,15823.745,1081.948,15890.446,3035564.015,0.002069017
245.783066524,524.288,262144,6,16348.033,1081.948,16414.734,3035564.015,0.00198605099999
245.785181407,786.432,262144,6,17134.465,1081.948,17201.166,3035564.015,0.00211488300002
245.787711708,786.432,262144,6,17920.897,1081.948,17987.598,3035564.015,0.00253030099998
245.790189069,786.432,262144,6,18707.329,1081.948,18774.03,3035564.015,0.00247736100002
245.792760483,786.432,262144,6,19493.761,1081.948,19560.462,3035564.015,0.00257141399999
245.795815421,786.432,262144,6,20280.193,1081.948,20346.894,3035564.015,0.00305493799999
245.798783007,786.432,262144,6,21066.625,1081.948,21133.326,3035564.015,0.00296758600001
245.8018555,786.432,262144,6,21853.057,1081.948,21919.758,3035564.015,0.00307249299999
245.80492837,837.208,262144,6,22690.265,1081.948,22756.966,3035564.015,0.00307287000001
245.808442823,123.88,123880,6,22814.145,1082.316,22880.846,3035564.383,0.00351445300001
245.85728917,0.184,184,6,22814.329,1083.724,22881.03,3035565.791,0.048846347
245.863455241,0.189,189,6,22814.518,1093.244,22881.219,3035575.311,0.006166071
246.024532815,1.575,1575,6,22816.093,1093.244,22882.794,3035575.311,0.161077574
246.026947453,0.286,286,6,22816.379,2048.476,22883.08,3036530.543,0.002414638
245.522102985,0.221,221,2,53.653,862125.023,22883.269,3036539.151,0
246.522945208,0.221,221,2,53.874,862141.407,22883.49,3036555.535,1.000842223
246.044700722,0.189,189,6,22816.568,2048.892,22883.711,3036563.727,0
247.523674469,0.221,221,2,54.095,862157.791,22886.093,3036571.919,1.478973747
248.148192139,2.382,2382,6,22818.95,2049.708,22886.314,3036580.927,0.62451767
248.963913455,0.189,189,6,22819.139,2051.964,22886.503,3036583.183,0.815721316
248.972839011,0.189,189,6,22819.328,2061.564,22886.692,3036592.783,0.00892555599998
249.047494184,1.575,1575,6,22820.903,2061.564,22888.267,3036592.783,0.074655173
249.049893851,0.286,286,6,22821.189,2390.14,22888.553,3036921.359,0.00239966700002
249.055679486,0.189,189,6,22821.378,2391.004,22888.742,3036922.223,0.005785635
249.102561537,0.286,286,6,22821.664,3890.972,22889.028,3038422.191,0.046882051
248.524511021,0.221,221,2,54.316,862174.175,22889.217,3038431.183,0
249.525858738,0.221,221,2,54.537,862190.559,22889.438,3038447.567,1.001347717
250.526687003,0.221,221,2,54.758,862206.943,22889.659,3038463.951,1.000828265
249.111556323,0.189,189,6,22821.853,3891.772,22889.88,3038472.143,0
252.165141022,0.184,184,6,22822.037,3892.54,22890.064,3038472.911,3.053584699
252.168357487,1.775,1775,6,22823.812,3893.564,22891.839,3038473.935,0.00321646500001
252.171557752,1572.864,262144,6,24396.676,3893.564,24464.703,3038473.935,0.003200265
252.17742899,786.432,262144,6,25183.108,3893.564,25251.135,3038473.935,0.005871238
252.18183895,786.432,262144,6,25969.54,3893.564,26037.567,3038473.935,0.00440996
252.187046824,786.432,262144,6,26755.972,3893.564,26823.999,3038473.935,0.00520787399998
252.192231351,1048.576,262144,6,27804.548,3893.564,27872.575,3038473.935,0.00518452700001
252.197479858,1048.576,262144,6,28853.124,3893.564,28921.151,3038473.935,0.005248507
252.202830608,786.432,262144,6,29639.556,3893.564,29707.583,3038473.935,0.00535074999999
252.209185056,786.432,262144,6,30425.988,3893.564,30494.015,3038473.935,0.006354448
252.216230538,786.432,262144,6,31212.42,3893.564,31280.447,3038473.935,0.007045482
252.223185224,786.432,262144,6,31998.852,3893.564,32066.879,3038473.935,0.006954686
252.229548159,1048.576,262144,6,33047.428,3893.564,33115.455,3038473.935,0.006362935
252.236604865,786.432,262144,6,33833.86,3893.564,33901.887,3038473.935,0.00705670600001
252.244779602,786.432,262144,6,34620.292,3893.564,34688.319,3038473.935,0.00817473699999
252.253434581,786.432,262144,6,35406.724,3893.564,35474.751,3038473.935,0.008654979
252.261847025,786.432,262144,6,36193.156,3893.564,36261.183,3038473.935,0.00841244400002
252.268930283,538.18,262144,6,36731.336,3893.564,36799.363,3038473.935,0.00708325799999
252.272828223,41.03,41030,6,36772.366,3894.3,36840.393,3038474.671,0.00389794
251.527338555,0.221,221,2,54.979,862223.327,36840.577,3038483.567,0
252.308372511,0.184,184,6,36772.55,3895.004,36840.798,3038491.759,0.781033956
252.528800743,0.221,221,2,55.2,862239.711,36841.137,3038500.623,0.220428232
253.529919401,0.221,221,2,55.421,862256.095,36841.358,3038517.007,1.001118658
253.48824283,0.339,339,6,36772.889,3896.316,36841.579,3038525.839,0
255.186166421,0.189,189,6,36773.078,3905.692,36841.768,3038535.215,1.697923591
255.438491237,1.575,1575,6,36774.653,3905.692,36843.343,3038535.215,0.252324816
255.440848434,0.286,286,6,36774.939,5037.02,36843.629,3039666.543,0.00235719700001
254.53060978,0.221,221,2,55.642,862272.479,36843.819,3039675.535,0
255.531444178,0.221,221,2,55.863,862288.863,36844.04,3039691.919,1.000834398
255.458186714,0.19,190,6,36775.129,5037.82,36844.261,3039700.111,0
256.53254936,0.221,221,2,56.084,862305.247,36846.643,3039708.303,1.074362646
257.222190459,2.382,2382,6,36777.511,5038.588,36846.864,3039717.263,0.689641099
258.22444954,0.189,189,6,36777.7,5040.028,36847.053,3039718.703,1.002259081
258.233991181,0.19,190,6,36777.89,5041.948,36847.243,3039720.623,0.009541641
258.241699451,0.189,189,6,36778.079,5051.244,36847.432,3039729.919,0.00770826999997
258.389016544,1.575,1575,6,36779.654,5051.244,36849.007,3039729.919,0.147317093
258.391443494,0.286,286,6,36779.94,5396.108,36849.293,3040074.783,0.00242694999997
258.397253135,0.19,190,6,36780.13,5396.876,36849.483,3040075.551,0.00580964100004
258.448753438,0.286,286,6,36780.416,6315.116,36849.769,3040993.791,0.051500303
257.533326985,0.221,221,2,56.305,862321.631,36849.959,3041002.687,0
258.534696776,0.221,221,2,56.526,862354.399,36850.18,3041035.455,1.001369791
260.537665629,0.221,221,2,56.747,862370.783,36850.401,3041051.839,2.002968853
258.459854053,0.19,190,6,36780.606,6315.82,36850.622,3041060.031,0
261.561144141,0.184,184,6,36780.79,6316.492,36850.806,3041060.703,3.101290088
261.564038475,1.775,1775,6,36782.565,6317.484,36852.581,3041061.695,0.00289433400002
261.567271927,1572.864,262144,6,38355.429,6317.484,38425.445,3041061.695,0.00323345199996
261.571383363,786.432,262144,6,39141.861,6317.484,39211.877,3041061.695,0.00411143600002
261.575213784,786.432,262144,6,39928.293,6317.484,39998.309,3041061.695,0.00383042100003
261.579132392,786.432,262144,6,40714.725,6317.484,40784.741,3041061.695,0.00391860799999
261.583014493,786.432,262144,6,41501.157,6317.484,41571.173,3041061.695,0.00388210099999
261.586931036,786.432,262144,6,42287.589,6317.484,42357.605,3041061.695,0.003916543
261.590770252,786.432,262144,6,43074.021,6317.484,43144.037,3041061.695,0.00383921600002
261.594632643,786.432,262144,6,43860.453,6317.484,43930.469,3041061.695,0.00386239099998
261.598568077,786.432,262144,6,44646.885,6317.484,44716.901,3041061.695,0.00393543399997
261.602402728,786.432,262144,6,45433.317,6317.484,45503.333,3041061.695,0.00383465100003
261.606340769,786.432,262144,6,46219.749,6317.484,46289.765,3041061.695,0.00393804099997
261.610164291,786.432,262144,6,47006.181,6317.484,47076.197,3041061.695,0.003823522
261.614063184,786.432,262144,6,47792.613,6317.484,47862.629,3041061.695,0.00389889299998
261.61790545,786.432,262144,6,48579.045,6317.484,48649.061,3041061.695,0.00384226600005
261.621842023,786.432,262144,6,49365.477,6317.484,49435.493,3041061.695,0.00393657299998
261.625710435,439.286,262144,6,49804.763,6318.124,49874.779,3041062.335,0.00386841199997
261.538610269,0.221,221,2,56.968,862387.167,49874.963,3041071.135,0
261.661831415,0.184,184,6,49804.947,6319.308,49875.184,3041079.903,0.123221146
262.792344623,0.19,190,6,49805.137,6328.684,49875.374,3041089.279,1.130513208
262.984181905,1.575,1575,6,49806.712,6328.684,49876.949,3041089.279,0.191837282
262.986519101,0.286,286,6,49806.998,7787.628,49877.235,3042548.223,0.00233719599998
262.997812689,0.19,190,6,49807.188,7788.364,49877.425,3042548.959,0.011293588
262.539425094,0.221,221,2,57.189,862403.551,49879.938,3042557.855,0
263.540249021,0.221,221,2,57.41,862419.935,49880.159,3042574.239,1.000823927
264.540922218,0.221,221,2,57.631,862436.319,49880.38,3042590.623,1.000673197
263.491321257,2.513,2513,6,49809.701,7789.068,49880.601,3042598.815,0
265.666593049,2.339,2339,6,49812.04,7789.74,49882.94,3042599.487,2.175271792
266.315085221,0.19,190,6,49812.23,7790.988,49883.13,3042600.735,0.648492172
265.541527802,0.221,221,2,57.852,862452.703,49883.32,3042618.495,0
266.322680996,0.19,190,6,49812.42,7800.556,49883.541,3042626.687,0.781153194
266.542645943,1.575,1575,6,49813.995,7800.556,49885.116,3042626.687,0.219964947
266.548571812,0.286,286,6,49814.281,8145.02,49885.402,3042971.151,0.00592586899995
266.554833048,0.19,190,6,49814.471,8145.804,49885.592,3042971.935,0.006261236
266.614965425,0.286,286,6,49814.757,9096.828,49885.878,3043922.959,0.060132377
266.542232099,0.221,221,2,58.073,862469.087,49886.068,3043931.871,0
267.543002315,0.221,221,2,58.294,862485.471,49886.289,3043948.255,1.000770216
268.543928572,0.221,221,2,58.515,862501.855,49886.51,3043964.639,1.000926257
266.623412195,0.19,190,6,49814.947,9097.548,49886.731,3043972.831,0
270.101509102,0.185,185,6,49815.132,9098.236,49886.916,3043973.519,3.478096907
270.110578317,1.775,1775,6,49816.907,9099.196,49888.691,3043974.479,0.00906921499995
270.113645451,1572.864,262144,6,51389.771,9099.196,51461.555,3043974.479,0.00306713400005
270.117670671,786.432,262144,6,52176.203,9099.196,52247.987,3043974.479,0.00402521999996
270.121497764,786.432,262144,6,52962.635,9099.196,53034.419,3043974.479,0.00382709300004
270.125351466,786.432,262144,6,53749.067,9099.196,53820.851,3043974.479,0.00385370199996
270.129304029,786.432,262144,6,54535.499,9099.196,54607.283,3043974.479,0.00395256300004
270.133151418,786.432,262144,6,55321.931,9099.196,55393.715,3043974.479,0.00384738899999
270.136986685,786.432,262144,6,56108.363,9099.196,56180.147,3043974.479,0.003835267
270.140722258,786.432,262144,6,56894.795,9099.196,56966.579,3043974.479,0.00373557299997
270.144084816,1048.576,262144,6,57943.371,9099.196,58015.155,3043974.479,0.00336255799999
270.148005597,786.432,262144,6,58729.803,9099.196,58801.587,3043974.479,0.00392078100003
270.151940907,1048.576,262144,6,59778.379,9099.196,59850.163,3043974.479,0.00393530999997
270.156281837,1048.576,262144,6,60826.955,9099.196,60898.739,3043974.479,0.00434093000001
270.16072424,1310.72,262144,6,62137.675,9099.196,62209.459,3043974.479,0.00444240299998
270.165580265,890.156,262144,6,63027.831,9099.196,63099.615,3043974.479,0.00485602500004
270.170739732,119.278,119278,6,63147.109,9099.852,63218.893,3043975.135,0.005159467
269.544649833,0.221,221,2,58.736,862518.239,63219.078,3043983.951,0
270.545371125,0.221,221,2,58.957,862534.623,63219.299,3044000.335,1.000721292
270.213413288,0.185,185,6,63147.294,9101.068,63219.52,3044009.119,0
272.222665893,0.19,190,6,63147.484,9110.476,63219.71,3044018.527,2.009252605
272.409073825,1.575,1575,6,63149.059,9110.476,63221.285,3044018.527,0.186407932
272.41139275,0.286,286,6,63149.345,10348.236,63221.571,3045256.287,0.002318925
271.545925589,0.221,221,2,59.178,862551.007,63221.761,3045265.215,0
272.426155765,0.19,190,6,63149.535,10348.972,63221.982,3045273.407,0.880230176
272.546678454,0.221,221,2,59.399,862567.391,63224.495,3045282.303,0.120522689
273.547431352,0.221,221,2,59.62,862583.775,63224.716,3045298.687,1.000752898
273.489277765,2.513,2513,6,63152.048,10349.676,63224.937,3045306.879,0
274.75025894,2.339,2339,6,63154.387,10350.988,63227.276,3045308.191,1.260981175
275.146593371,0.19,190,6,63154.577,10352.172,63227.466,3045309.375,0.396334431
275.15914905,0.19,190,6,63154.767,10361.548,63227.656,3045318.751,0.012555679
275.297310228,1.575,1575,6,63156.342,10361.548,63229.231,3045318.751,0.138161178
275.299198269,0.286,286,6,63156.628,10706.38,63229.517,3045663.583,0.00188804099997
275.304089727,0.19,190,6,63156.818,10707.116,63229.707,3045664.319,0.00489145800003
275.360071217,0.286,286,6,63157.104,12313.452,63229.993,3047270.655,0.05598149
274.548080564,0.221,221,2,59.841,862600.159,63230.183,3047279.519,0
275.548928759,0.221,221,2,60.062,862616.543,63230.404,3047295.903,1.000848195
276.549857654,0.221,221,2,60.283,862632.927,63230.625,3047312.287,1.000928895
275.368755728,0.19,190,6,63157.294,12314.124,63230.846,3047320.479,0
278.52818622,0.185,185,6,63157.479,12314.764,63231.031,3047321.119,3.159430492
278.531169993,1.775,1775,6,63159.254,12315.692,63232.806,3047322.047,0.00298377299998
278.533783267,2097.152,262144,6,65256.406,12315.692,65329.958,3047322.047,0.002613274
278.539233259,1310.72,262144,6,66567.126,12315.692,66640.678,3047322.047,0.00544999200002
278.544781689,1310.72,262144,6,67877.846,12315.692,67951.398,3047322.047,0.00554842999998
277.550545541,0.221,221,2,60.504,862649.311,68999.974,3047330.239,0
278.550844655,1048.576,262144,6,68926.422,12315.692,69000.195,3047338.431,1.000299114
278.55694077,1048.576,262144,6,69974.998,12315.692,70048.771,3047338.431,0.00609611499999
278.562567781,1048.576,262144,6,71023.574,12315.692,71097.347,3047338.431,0.005627011
278.568511189,1048.576,262144,6,72072.15,12315.692,72145.923,3047338.431,0.00594340800001
278.574047525,1310.72,262144,6,73382.87,12315.692,73456.643,3047338.431,0.00553633600003
278.580304865,1048.576,262144,6,74431.446,12315.692,74505.219,3047338.431,0.00625733999999
278.586452056,411.774,262144,6,74843.22,12316.3,74916.993,3047339.039,0.00614719099997
278.55178856,0.221,221,2,60.725,862665.695,74917.178,3047347.807,0
278.628811246,0.185,185,6,74843.405,12317.42,74917.399,3047356.543,0.077022686
279.557317258,0.221,221,2,60.946,862682.079,74917.589,3047365.247,0.928506012
280.394803797,0.19,190,6,74843.595,12326.572,74917.81,3047382.079,0.837486539
280.599015656,1.575,1575,6,74845.17,12326.572,74919.385,3047382.079,0.204211859
280.601627151,0.286,286,6,74845.456,13457.804,74919.671,3048513.311,0.002611495
280.557924731,0.221,221,2,61.167,862698.463,74919.861,3048522.207,0
281.558663634,0.221,221,2,61.388,862714.847,74920.082,3048538.591,1.000738903
280.613790801,0.19,190,6,74845.646,13458.508,74920.303,3048546.783,0
283.0445357,2.382,2382,6,74848.028,13458.508,74922.685,3048546.783,2.430744899
282.55969265,0.221,221,2,61.609,862731.231,74923.024,3048555.647,0
283.488351822,0.339,339,6,74848.367,13460.428,74923.245,3048565.087,0.928659172
284.23864223,0.19,190,6,74848.557,13461.548,74923.435,3048566.207,0.750290408
284.242709478,0.19,190,6,74848.747,13471.004,74923.625,3048575.663,0.00406724800001
284.410868169,1.575,1575,6,74850.322,13471.004,74925.2,3048575.663,0.168158691
284.413167246,0.286,286,6,74850.608,13881.34,74925.486,3048985.999,0.00229907699998
284.419395463,0.19,190,6,74850.798,13882.044,74925.676,3048986.703,0.006228217
284.462955202,0.286,286,6,74851.084,15242.588,74925.962,3050347.247,0.043559739
231.214860315,0.15,150,3,0.302,221039.872,74926.152,3050348.943,0
283.56050393,0.221,221,2,61.83,862747.615,75630.234,3050357.135,52.345643615
284.56127698,0.221,221,2,62.051,862763.999,75630.455,3050373.519,1.00077305
285.561853919,0.221,221,2,62.272,862780.383,75630.676,3050389.903,1.000576939
284.473501803,0.19,190,6,74851.274,15242.908,75630.897,3050398.095,0
287.482222583,0.185,185,6,74851.459,15243.532,75631.082,3050398.719,3.00872078
287.484520929,1.775,1775,6,74853.234,15244.86,75632.857,3050400.047,0.00229834599998
287.486819923,2621.44,262144,6,77474.674,15244.86,78254.297,3050400.047,0.002298994
287.494265735,1310.72,262144,6,78785.394,15244.86,79565.017,3050400.047,0.00744581200001
287.50144471,1310.72,262144,6,80096.114,15244.86,80875.737,3050400.047,0.00717897499999
287.508622471,1310.72,262144,6,81406.834,15244.86,82186.457,3050400.047,0.00717776100004
287.515863667,1310.72,262144,6,82717.554,15244.86,83497.177,3050400.047,0.007241196
287.523030815,1310.72,262144,6,84028.274,15244.86,84807.897,3050400.047,0.00716714800001
287.530190949,1310.72,262144,6,85338.994,15244.86,86118.617,3050400.047,0.00716013399995
286.562770978,0.221,221,2,62.493,862796.767,86728.767,3050408.239,0
287.537175188,610.15,262144,6,85949.144,15245.452,86728.988,3050417.023,0.97440421
287.564217046,0.221,221,2,62.714,862813.151,86729.173,3050425.775,0.027041858
288.564979396,0.221,221,2,62.935,862829.535,86729.394,3050442.159,1.00076235
287.586121941,0.185,185,6,85949.329,15246.54,86729.615,3050450.879,0
290.330943044,0.19,190,6,85949.519,15255.82,86729.805,3050460.159,2.744821103
290.542809761,1.575,1575,6,85951.094,15255.82,86731.38,3050460.159,0.211866717
290.54503152,0.286,286,6,85951.38,16665.532,86731.666,3051869.871,0.00222175900001
289.56548846,0.221,221,2,63.156,862845.919,86731.856,3051878.719,0
290.55890875,0.19,190,6,85951.57,16666.188,86732.077,3051903.295,0.99342029
290.566171304,0.221,221,2,63.377,862878.687,86734.416,3051911.487,0.00726255400002
292.414184546,2.339,2339,6,85953.909,16666.188,86734.637,3051919.679,1.848013242
292.567524099,0.221,221,2,63.598,862895.071,86734.976,3051928.495,0.153339553
293.568069608,0.221,221,2,63.819,862911.455,86735.197,3051944.879,1.000545509
293.48827458,0.339,339,6,85954.248,16667.404,86735.418,3051953.663,0
294.588046999,0.19,190,6,85954.438,16668.492,86735.608,3051954.751,1.099772419
294.591208004,0.19,190,6,85954.628,16678.364,86735.798,3051964.623,0.00316100499998
294.617729222,1.575,1575,6,85956.203,16678.364,86737.373,3051964.623,0.026521218
294.619684378,0.286,286,6,85956.489,17088.764,86737.659,3052375.023,0.00195515600001
294.624879904,0.19,190,6,85956.679,17089.148,86737.849,3052375.407,0.00519552600002
294.695526188,0.286,286,6,85956.965,18646.38,86738.135,3053932.639,0.070646284
284.493509199,704.082,262144,3,704.384,221041.184,86738.325,3053934.671,0
294.568609813,0.221,221,2,64.04,862927.839,87393.165,3053942.863,10.075100614
295.569333925,0.221,221,2,64.261,862944.223,87393.386,3053959.247,1.000724112
296.569978632,0.221,221,2,64.482,862960.607,87393.607,3053975.631,1.000644707
294.702983399,0.19,190,6,85957.155,18647.1,87393.828,3053983.823,0
297.707258575,0.185,185,6,85957.34,18647.788,87394.013,3053984.511,3.004275176
297.709397032,1.775,1775,6,85959.115,18649.052,87395.788,3053985.775,0.002138457
297.711557989,2883.584,262144,6,88842.699,18649.052,90279.372,3053985.775,0.002160957
297.720046288,1310.72,262144,6,90153.419,18649.052,91590.092,3053985.775,0.00848829899996
297.727830819,1310.72,262144,6,91464.139,18649.052,92900.812,3053985.775,0.00778453100003
297.735528689,1310.72,262144,6,92774.859,18649.052,94211.532,3053985.775,0.00769786999996
297.742716807,1310.72,262144,6,94085.579,18649.052,95522.252,3053985.775,0.00718811800004
297.749997485,1310.72,262144,6,95396.299,18649.052,96832.972,3053985.775,0.00728067799997
297.757685118,1189.574,262144,6,96585.873,18649.052,98022.546,3053985.775,0.00768763299999
297.765045015,140.998,140998,6,96726.871,18649.708,98163.544,3053986.431,0.00735989700001
297.570583155,0.221,221,2,64.703,862976.991,98163.729,3053995.247,0
298.571289421,0.221,221,2,64.924,862993.375,98163.95,3054011.631,1.000706266
297.810576757,0.185,185,6,96727.056,18650.924,98164.171,3054020.415,0
299.651880413,0.19,190,6,96727.246,18660.332,98164.361,3054029.823,1.841303656
299.84375041,1.575,1575,6,96728.821,18660.332,98165.936,3054029.823,0.191869997
299.846007621,0.286,286,6,96729.107,20070.124,98166.222,3055439.615,0.00225721100003
299.572060097,0.221,221,2,65.145,863009.759,98166.412,3055448.543,0
300.572910804,0.221,221,2,65.366,863026.143,98166.633,3055464.927,1.000850707
299.860426851,0.19,190,6,96729.297,20070.86,98166.854,3055473.119,0
301.573823588,0.221,221,2,65.587,863042.527,98169.193,3055481.311,1.713396737
302.073171153,2.339,2339,6,96731.636,20070.86,98169.414,3055489.503,0.499347565
303.488449414,0.339,339,6,96731.975,20080.476,98169.753,3055499.119,1.415278261
303.516888973,1.575,1575,6,96733.55,20080.476,98171.328,3055499.119,0.028439559
303.518838859,0.286,286,6,96733.836,20556.54,98171.614,3055975.183,0.00194988600003
228.655758364,0.15,150,4,0.302,228428.608,98171.804,3055977.007,0
302.57457345,0.221,221,2,65.808,863058.911,98253.783,3055985.199,73.918815086
303.523717202,0.19,190,6,96734.026,20557.436,98254.004,3055993.391,0.949143752
303.585260428,0.286,286,6,96734.312,21631.452,98254.29,3057067.407,0.061543226
303.575282617,0.221,221,2,66.029,863075.295,98254.48,3057076.431,0
304.576115046,0.221,221,2,66.25,863091.679,98254.701,3057092.815,1.000832429
305.576797488,0.221,221,2,66.471,863108.063,98254.922,3057109.199,1.000682442
303.597869051,0.19,190,6,96734.502,21632.284,98255.143,3057117.391,0
306.599647084,0.185,185,6,96734.687,21633.084,98255.328,3057118.191,3.001778033
306.601721223,1.775,1775,6,96736.462,21634.268,98257.103,3057119.375,0.002074139
306.603962789,3145.728,262144,6,99882.19,21634.268,101402.831,3057119.375,0.00224156599995
306.61262622,1310.72,262144,6,101192.91,21634.268,102713.551,3057119.375,0.008663431
306.620404918,1310.72,262144,6,102503.63,21634.268,104024.271,3057119.375,0.00777869800004
306.62817926,1310.72,262144,6,103814.35,21634.268,105334.991,3057119.375,0.007774342
306.635865496,1310.72,262144,6,105125.07,21634.268,106645.711,3057119.375,0.00768623599998
306.643636121,1310.72,262144,6,106435.79,21634.268,107956.431,3057119.375,0.00777062499998
306.651137309,851.966,262144,6,107287.756,21635.036,108808.397,3057120.143,0.00750118799999
306.699129776,0.185,185,6,107287.941,21636.476,108808.582,3057121.583,0.047992467
307.251419975,0.19,190,6,107288.131,21638.396,108808.772,3057123.503,0.552290199
306.577432729,0.221,221,2,66.692,863124.447,108808.962,3057132.271,0
307.578158222,0.221,221,2,66.913,863140.831,108809.183,3057148.655,1.000725493
307.258523174,0.19,190,6,107288.321,21639.516,108809.404,3057157.391,0
309.143415308,0.19,190,6,107288.511,21648.668,108809.594,3057166.543,1.884892134
309.333562002,1.575,1575,6,107290.086,21648.668,108811.169,3057166.543,0.190146694
309.335380153,0.286,286,6,107290.372,22681.596,108811.455,3058199.471,0.00181815100001
308.578790927,0.221,221,2,67.134,863157.215,108811.645,3058208.367,0
309.579514172,0.221,221,2,67.355,863173.599,108811.866,3058224.751,1.000723245
309.352041484,0.19,190,6,107290.562,22682.3,108812.087,3058232.943,0
310.580238363,0.221,221,2,67.576,863189.983,108814.426,3058241.135,1.228196879
311.580898695,0.221,221,2,67.797,863206.367,108814.647,3058257.519,1.000660332
311.547800655,2.339,2339,6,107292.901,22691.212,108814.868,3058274.623,0
313.228893835,1.575,1575,6,107294.476,22691.212,108816.443,3058274.623,1.68109318
313.230564568,0.286,286,6,107294.762,23077.164,108816.729,3058660.575,0.00167073299997
313.235115303,0.19,190,6,107294.952,23078.06,108816.919,3058661.471,0.00455073500001
313.286811743,0.286,286,6,107295.238,24766.476,108817.205,3060349.887,0.05169644
313.295748418,0.19,190,6,107295.428,24767.308,108817.395,3060350.719,0.00893667500003
312.581441234,0.221,221,2,68.018,863222.751,108819.908,3060359.711,0
313.582189156,0.221,221,2,68.239,863239.135,108820.129,3060376.095,1.000747922
314.583089354,0.221,221,2,68.46,863255.519,108820.35,3060392.479,1.000900198
313.489018062,2.513,2513,6,107297.941,24768.108,108820.571,3060400.671,0
316.26835258,0.185,185,6,107298.126,24768.876,108820.756,3060401.439,2.779334518
316.270552636,1.775,1775,6,107299.901,24769.996,108822.531,3060402.559,0.00220005599999
316.273011723,3145.728,262144,6,110445.629,24769.996,111968.259,3060402.559,0.00245908700003
316.281831033,1310.72,262144,6,111756.349,24769.996,113278.979,3060402.559,0.00881930999998
316.289636287,1310.72,262144,6,113067.069,24769.996,114589.699,3060402.559,0.007805254
316.297396442,1310.72,262144,6,114377.789,24769.996,115900.419,3060402.559,0.00776015499997
316.305172574,1310.72,262144,6,115688.509,24769.996,117211.139,3060402.559,0.007776132
316.312927125,1310.72,262144,6,116999.229,24769.996,118521.859,3060402.559,0.007754551
316.320631861,786.849,262144,6,117786.078,24770.732,119308.708,3060403.295,0.00770473599999
315.583729139,0.221,221,2,68.681,863271.903,119308.893,3060412.191,0
316.584633695,0.221,221,2,68.902,863288.287,119309.114,3060428.575,1.000904556
317.585215027,0.221,221,2,69.123,863304.671,119309.335,3060444.959,1.000581332
316.376550227,0.185,185,6,117786.263,24772.108,119309.556,3060453.823,0
318.661753904,0.19,190,6,117786.453,24773.356,119309.746,3060455.071,2.285203677
318.928339913,0.19,190,6,117786.643,24774.988,119309.936,3060456.703,0.266586009
318.937547999,0.19,190,6,117786.833,24775.916,119310.126,3060457.631,0.009208086
318.944604128,0.19,190,6,117787.023,24784.972,119310.316,3060466.687,0.00705612899998
318.952694384,1.575,1575,6,117788.598,24784.972,119311.891,3060466.687,0.008090256
318.954270596,0.286,286,6,117788.884,26489.676,119312.177,3062171.391,0.00157621200003
318.585700473,0.221,221,2,69.344,863321.055,119312.367,3062180.319,0
319.586404591,0.221,221,2,69.565,863337.439,119312.588,3062196.703,1.000704118
318.964620372,0.19,190,6,117789.074,26490.412,119312.809,3062204.895,0
320.587078241,0.221,221,2,69.786,863353.823,119315.148,3062213.087,1.622457869
321.587879789,0.221,221,2,70.007,863370.207,119315.369,3062229.471,1.000801548
320.895873915,2.339,2339,6,117791.413,26499.308,119315.59,3062246.559,0
323.263868578,1.575,1575,6,117792.988,26499.308,119317.165,3062246.559,2.367994663
323.265999453,0.286,286,6,117793.274,26893.484,119317.451,3062640.735,0.00213087500003
323.270206851,0.19,190,6,117793.464,26894.412,119317.641,3062641.663,0.00420739800001
323.313026276,0.286,286,6,117793.75,28533.708,119317.927,3064280.959,0.042819425
303.534540231,81.979,81979,4,82.281,228429.936,119318.117,3064283.151,0
294.715071295,654.84,262144,3,1359.224,221042.416,119753.709,3064284.383,0
323.346234479,791.032,262144,3,2150.256,221042.416,120544.741,3064284.383,28.631163184
323.322947679,0.19,190,6,117793.94,28534.572,120576.341,3064284.383,0
323.489000211,2.513,2513,6,117796.453,28535.404,120578.854,3064293.407,0.166052532
325.987609732,0.185,185,6,117796.638,28536.204,120579.039,3064294.207,2.498609521
325.989450773,1.775,1775,6,117798.413,28537.244,120580.814,3064295.247,0.00184104099998
325.991537521,2883.584,262144,6,120681.997,28537.244,123464.398,3064295.247,0.00208674800001
326.047836659,1310.72,262144,6,121992.717,28537.244,124775.118,3064295.247,0.056299138
326.063700007,1310.72,262144,6,123303.437,28537.244,126085.838,3064295.247,0.015863348
326.073227139,1310.72,262144,6,124614.157,28537.244,127396.558,3064295.247,0.00952713199996
326.081011963,1310.72,262144,6,125924.877,28537.244,128707.278,3064295.247,0.007784824
326.0890738,1310.72,262144,6,127235.597,28537.244,130017.998,3064295.247,0.00806183700001
326.097171574,827.35,262144,6,128062.947,28538.012,130845.348,3064296.015,0.00809777400002
326.15464092,0.185,185,6,128063.132,28539.452,130845.533,3064297.455,0.057469346
328.636706176,0.19,190,6,128063.322,28549.02,130845.723,3064307.023,2.482065256
328.842374711,1.575,1575,6,128064.897,28549.02,130847.298,3064307.023,0.205668535
328.843860379,0.286,286,6,128065.183,29664.028,130847.584,3065422.031,0.00148566799999
328.857515643,0.19,190,6,128065.373,29664.892,130847.774,3065422.895,0.013655264
