time,size,first_call,destination,dest_out_traffic,dest_in_traffic,total_network_out,total_network_in,dens10
3.627427752,0.244,244,2,0.244,24.576,0.244,26.624,0
3.660310921,0.183,183,2,0.427,40.96,0.427,43.008,0.032883169
4.670382544,0.183,183,2,0.61,57.344,0.61,59.392,1.010071623
5.67164836,0.183,183,2,0.793,73.728,0.793,75.776,1.001265816
6.672669715,0.183,183,2,0.976,90.112,0.976,92.16,1.001021355
7.673476771,0.183,183,2,1.159,106.496,1.159,108.544,1.000807056
8.674264952,0.183,183,2,1.342,122.88,1.342,124.928,1.000788181
9.674986876,0.183,183,2,1.525,139.264,1.525,141.312,1.000721924
10.675803549,0.183,183,2,1.708,155.648,1.708,157.696,1.000816673
11.676644326,0.183,183,2,1.891,172.032,1.891,174.08,1.000840777
12.677354249,0.183,183,2,2.074,188.416,2.074,190.464,1.000709923
13.678026385,0.183,183,2,2.257,204.8,2.257,206.848,1.000672136
14.680495185,0.183,183,2,2.44,221.184,2.44,223.232,1.0024688
15.681138414,0.183,183,2,2.623,237.568,2.623,239.616,1.000643229
16.681826386,0.183,183,2,2.806,253.952,2.806,256.0,1.000687972
17.682453443,0.183,183,2,2.989,270.336,2.989,272.384,1.000627057
18.684211645,0.183,183,2,3.172,286.72,3.172,288.768,1.001758202
19.684931694,0.183,183,2,3.355,303.104,3.355,305.152,1.000720049
20.685550764,0.183,183,2,3.538,319.488,3.704,324.268,1.00061907
21.900949654,0.268,268,7,0.268,8.452,4.191,340.912,1.21539889
21.691936684,0.219,219,2,3.757,352.256,4.444,373.68,0
22.49070579,0.283,283,2,4.04,368.64,4.727,390.064,0.798769106
22.533111549,0.207,207,2,4.247,385.024,4.934,406.448,0.042405759
22.574660805,0.102,102,2,4.349,393.216,5.036,414.64,0.041549256
22.603218964,0.125,125,2,4.474,1497.192,5.161,1518.616,0.028558159
21.939799137,0.253,253,7,0.521,24.836,5.38,11624.024,0
22.951904663,0.291,291,7,0.812,25.123,5.671,11719.249,1.012105526
22.692983346,0.219,219,2,4.693,55492.771,5.905,55530.866,0
22.953444573,0.234,234,7,1.046,41.507,6.124,71695.827,0.260461227
23.954290581,0.405,405,7,1.451,41.908,6.529,72018.032,1.000846008
23.697102705,0.219,219,2,4.912,111888.041,6.759,111942.921,0
23.957258602,0.23,230,7,1.681,58.292,6.978,125975.467,0.260155897
24.701819236,0.219,219,2,5.131,177846.172,7.493,177917.947,0.744560634
24.958166344,0.515,515,7,2.196,75.187,7.712,198776.106,0.256347108
25.706366595,0.219,219,2,5.35,304086.288,8.227,304174.958,0.748200251
25.959714816,0.515,515,7,2.711,92.082,8.446,337803.258,0.253348221
26.711245429,0.219,219,2,5.569,442414.935,8.961,442520.5,0.751530613
26.961195253,0.515,515,7,3.226,108.977,9.18,475765.316,0.249949824
27.714657939,0.219,219,2,5.788,481249.393,9.695,481371.853,0.753462686
28.016765518,0.125,125,2,5.913,612148.361,9.82,612270.821,0.302107579
27.962703684,0.515,515,7,3.741,125.872,10.039,661233.085,0
28.717119849,0.219,219,2,6.132,661110.625,10.554,661249.98,0.754416165
29.461996918,0.174,174,2,6.306,661127.009,10.728,661266.364,0.744877069
29.46301347,0.188,188,2,6.494,661135.201,10.916,661274.556,0.001016552
28.965431099,0.515,515,7,4.256,142.767,11.039,661510.851,0
29.464831013,0.123,123,2,6.617,661371.496,11.69,661527.882,0.499399914
29.492921813,0.17,170,2,6.787,661387.88,11.86,661552.458,0.0280908
29.468988668,0.651,651,7,4.907,159.798,12.044,661560.65,0
29.494369268,0.184,184,2,6.971,661396.072,12.541,661569.335,0.0253806
29.494718948,0.497,497,7,5.404,176.675,12.664,661654.324,0.000349679999999
29.495844222,0.123,123,2,7.094,661481.061,13.043,661671.083,0.001125274
29.50726618,0.379,379,7,5.783,193.434,13.262,661687.467,0.011421958
29.719822817,0.219,219,2,7.313,661489.253,13.574,661712.347,0.212556637
21.338302957,0.166,166,5,0.166,2.732,13.793,661728.731,0
30.720969364,0.219,219,2,7.532,661513.829,13.969,661737.947,9.382666407
31.692630802,0.176,176,5,0.342,3.756,14.188,661746.139,0.971661438
31.722700891,0.154,154,5,0.496,6.828,14.342,661749.211,0.030070089
31.870360817,0.17,170,5,0.666,7.852,14.512,661750.235,0.147659926
31.906256701,0.172,172,5,0.838,9.388,14.684,661751.771,0.035895884
32.264447994,0.177,177,5,1.015,10.396,14.861,661752.779,0.358191293
32.290758096,0.176,176,5,1.191,11.372,15.037,661753.755,0.026310102
32.308660139,1.53,1530,5,2.721,12.78,16.567,661755.163,0.017902043
32.364584316,1.256,1256,5,3.977,13.228,17.823,661755.611,0.055924177
31.721947973,0.219,219,2,7.751,661530.213,17.994,661764.683,0
32.374933412,0.171,171,5,4.148,23.116,18.213,661781.883,0.652985439
33.449196803,1.575,1575,5,5.723,23.116,19.788,661781.883,1.074263391
32.7228016,0.219,219,2,7.97,661546.597,20.074,661792.123,0
33.558803016,0.286,286,5,6.009,30.796,20.293,661805.947,0.836001416
33.855445748,0.189,189,5,6.198,32.844,20.482,661807.995,0.296642732
34.272419199,0.286,286,5,6.484,78.924,20.768,661854.075,0.416973451
33.723702545,0.219,219,2,8.189,661562.981,20.957,661863.803,0
35.255210703,0.235,235,8,0.235,40.96,21.411,661915.003,1.531508158
35.333065986,0.102,102,8,0.337,49.152,21.513,661923.195,0.077855283
34.724657042,0.219,219,2,8.408,661579.365,21.664,662790.336,0
35.725605779,0.219,219,2,8.627,661595.749,21.883,675889.174,1.000948737
36.727043518,0.219,219,2,8.846,661612.133,22.102,690375.545,1.001437739
37.728234372,0.219,219,2,9.065,661628.517,22.321,705258.354,1.001190854
38.729493493,0.219,219,2,9.284,661644.901,22.54,720669.747,1.001259121
39.73042124,0.219,219,2,9.503,661661.285,22.759,735420.41,1.000927747
40.731489514,0.219,219,2,9.722,661677.669,22.978,751558.606,1.001068274
41.732465633,0.219,219,2,9.941,661694.053,23.197,767696.802,1.000976119
42.733381489,0.219,219,2,10.16,661710.437,23.416,784099.29,1.000915856
35.35935508,0.151,151,8,0.488,135300.583,23.635,797322.082,0
34.284295984,0.189,189,5,6.673,80.46,23.786,797388.155,0
44.657680381,2.578,2578,5,9.251,93.004,26.364,797400.699,10.373384397
44.559827708,0.151,151,8,0.639,135374.848,27.939,797408.891,0
44.730422001,0.145,145,8,0.784,135399.424,28.084,797433.467,0.170594293
43.734103058,0.219,219,2,10.379,661726.821,28.235,797706.54,0
44.735026382,0.219,219,2,10.598,661743.205,28.454,811369.842,1.000923324
45.736026975,0.219,219,2,10.817,661759.589,28.673,827177.673,1.001000593
46.737141825,0.22,220,2,11.037,661775.973,28.893,842655.139,1.00111485
44.669667773,1.575,1575,5,10.826,93.004,29.113,842993.696,0
47.738035999,0.22,220,2,11.257,661792.357,31.626,858334.92,3.068368226
48.73888034,0.22,220,2,11.477,661808.741,31.846,874076.678,1.000844341
49.739802485,0.22,220,2,11.697,661825.125,32.066,889488.071,1.000922145
50.740830077,0.22,220,2,11.917,661841.509,32.286,905163.756,1.001027592
51.74177034,0.22,220,2,12.137,661857.893,32.506,920376.93,1.000940263
44.733917439,0.151,151,8,0.935,270951.616,32.726,933137.211,0
47.758733368,2.513,2513,5,13.339,97.1,32.877,933203.284,3.024815929
53.627612219,2.535,2535,5,15.874,109.388,35.412,933215.572,5.868878851
53.571383183,0.151,151,8,1.086,271025.881,36.987,933223.764,0
53.644705833,0.145,145,8,1.231,271042.265,37.132,933240.148,0.07332265
53.647064559,0.149,149,8,1.38,271050.457,37.281,933248.34,0.002358726
52.742588989,0.22,220,2,12.357,661874.277,37.432,934790.571,0
53.74350343,0.22,220,2,12.577,661890.661,37.652,949838.391,1.000914441
54.744560817,0.22,220,2,12.797,661907.045,37.872,964853.346,1.001057387
55.745352332,0.22,220,2,13.017,661923.429,38.092,979537.936,1.000791515
56.746101452,0.22,220,2,13.237,661939.813,38.312,995081.475,1.00074912
53.635285534,1.575,1575,5,17.449,109.388,38.532,995089.667,0
57.746898788,0.22,220,2,13.457,661956.197,41.045,1010459.563,4.111613254
58.747906559,0.22,220,2,13.677,661972.581,41.265,1024483.423,1.001007771
59.748968234,0.22,220,2,13.897,661988.965,41.485,1038242.991,1.001061675
60.749986435,0.22,220,2,14.117,662005.349,41.705,1053918.676,1.001018201
53.649388787,0.151,151,8,1.531,406943.77,41.925,1069321.877,0
61.750937284,0.22,220,2,14.337,662021.733,42.076,1069396.142,8.101548497
57.756583888,2.513,2513,5,19.962,142.156,42.296,1069404.334,0
62.778109949,2.535,2535,5,22.497,191.308,44.831,1069453.486,5.021526061
62.724098787,0.151,151,8,1.682,407018.035,46.406,1069461.678,0
62.793089799,0.145,145,8,1.827,407034.419,46.551,1069478.062,0.068991012
62.795534781,0.149,149,8,1.976,407042.611,46.7,1069486.254,0.002444982
62.751804402,0.22,220,2,14.557,662038.117,46.851,1083047.492,0
63.75288903,0.22,220,2,14.777,662054.501,47.071,1098524.958,1.001084628
64.753896848,0.22,220,2,14.997,662070.885,47.291,1113870.278,1.001007818
65.754857768,0.22,220,2,15.217,662087.269,47.511,1129479.89,1.00096092
62.785856751,1.575,1575,5,24.072,191.308,47.731,1145147.383,0
66.755936428,0.22,220,2,15.437,662103.653,50.244,1145304.105,3.970079677
67.756859844,0.22,220,2,15.657,662120.037,50.464,1160385.133,1.000923416
68.757604253,0.22,220,2,15.877,662136.421,50.684,1175334.015,1.000744409
69.758443299,0.22,220,2,16.097,662152.805,50.904,1190745.408,1.000839046
62.798580236,0.151,151,8,2.127,542896.78,51.124,1205487.879,0
67.747755324,2.513,2513,5,26.585,207.692,51.275,1205709.595,4.949175088
71.805704974,2.535,2535,5,29.12,240.46,53.81,1205742.363,4.05794965
71.759596388,0.151,151,8,2.278,543110.304,55.385,1205750.555,0
71.817913205,0.145,145,8,2.423,543126.688,55.53,1205766.939,0.058316817
71.819543094,0.149,149,8,2.572,543134.88,55.679,1205775.131,0.001629889
70.759331128,0.22,220,2,16.317,662185.573,55.83,1220454.316,0
72.76107826,0.22,220,2,16.537,662201.957,56.05,1235733.563,2.001747132
73.762016734,0.22,220,2,16.757,662218.341,56.27,1250748.518,1.000938474
74.762886471,0.22,220,2,16.977,662234.725,56.49,1266424.203,1.000869737
75.763989187,0.22,220,2,17.197,662251.109,56.71,1281769.523,1.001102716
71.811154842,1.575,1575,5,30.695,240.46,56.93,1297238.797,0
76.764943349,0.22,220,2,17.417,662267.493,59.443,1297708.426,4.953788507
77.765774114,0.22,220,2,17.637,662283.877,59.663,1313119.819,1.000830765
78.766440728,0.22,220,2,17.857,662300.261,59.883,1328729.431,1.000666614
71.821396792,0.151,151,8,2.723,678785.536,60.103,1341687.931,0
77.746975459,2.513,2513,5,33.208,371.532,60.254,1341781.906,5.925578667
80.656961396,2.535,2535,5,35.743,437.068,62.789,1341847.442,2.909985937
80.608170515,0.151,151,8,2.874,678887.703,64.364,1341855.634,0
80.674291792,0.145,145,8,3.019,678904.087,64.509,1341872.018,0.066121277
80.676138051,0.149,149,8,3.168,678912.279,64.658,1341880.21,0.00184625899999
79.767072159,0.22,220,2,18.077,662316.645,64.809,1343278.722,0
80.767870443,0.22,220,2,18.297,662333.029,65.029,1358756.188,1.000798284
81.768761502,0.22,220,2,18.517,662349.413,65.249,1374035.435,1.000891059
82.76959199,0.22,220,2,18.737,662365.797,65.469,1389777.193,1.000830488
83.77051166,0.22,220,2,18.957,662382.181,65.689,1405452.878,1.00091967
84.771403487,0.22,220,2,19.177,662398.565,65.909,1420666.052,1.000891827
85.772208288,0.22,220,2,19.397,662414.949,66.129,1436407.81,1.000804801
80.668034744,1.575,1575,5,37.318,437.068,66.349,1451811.011,0
86.77304371,0.22,220,2,19.617,662431.333,68.862,1452248.409,6.105008966
87.773967292,0.22,220,2,19.837,662447.717,69.082,1467791.948,1.000923582
80.678637268,0.151,151,8,3.319,814562.935,69.302,1477711.09,0
87.749821773,2.513,2513,5,39.831,469.836,69.453,1477867.719,7.071184505
89.5036248,2.578,2578,5,42.409,502.604,72.031,1477900.487,1.753803027
89.457701487,0.151,151,8,3.47,814727.756,73.606,1477908.679,0
89.515477559,0.145,145,8,3.615,814744.14,73.751,1477925.063,0.057776072
89.518698372,0.149,149,8,3.764,814752.332,73.9,1477933.255,0.003220813
88.774992633,0.22,220,2,20.057,662464.101,74.051,1481842.541,0
89.77604358,0.22,220,2,20.277,662480.485,74.271,1497452.153,1.001050947
90.776889772,0.22,220,2,20.497,662496.869,74.491,1513127.838,1.000846192
91.777739595,0.22,220,2,20.717,662513.253,74.711,1528935.669,1.000849823
92.778621149,0.22,220,2,20.937,662529.637,74.931,1544148.843,1.000881554
93.77948624,0.22,220,2,21.157,662546.021,75.151,1560154.893,1.000865091
94.780422265,0.22,220,2,21.377,662562.405,75.371,1576028.797,1.000936025
95.781150799,0.22,220,2,21.597,662578.789,75.591,1589722.292,1.000728534
89.509641913,1.575,1575,5,43.984,502.604,75.811,1604596.909,0
96.782060119,0.22,220,2,21.817,662595.173,78.324,1605158.261,7.272418206
89.522145666,0.151,151,8,3.915,950402.988,78.544,1613755.943,0
97.74779048,2.513,2513,5,46.497,527.18,78.695,1613918.364,8.225644814
98.389357504,2.578,2578,5,49.075,547.66,81.273,1613938.844,0.641567024
98.345275944,0.151,151,8,4.066,950573.601,82.848,1613947.036,0
98.404469513,0.145,145,8,4.211,950589.985,82.993,1613963.42,0.059193569
98.406014637,0.149,149,8,4.36,950598.177,83.142,1613971.612,0.001545124
97.782901555,0.22,220,2,22.037,662611.557,83.293,1619730.942,0
98.783812095,0.22,220,2,22.257,662627.941,83.513,1635604.846,1.00091054
99.784636463,0.22,220,2,22.477,662644.325,83.733,1651676.969,1.000824368
100.785551199,0.22,220,2,22.697,662660.709,83.953,1667484.8,1.000914736
101.786387957,0.22,220,2,22.917,662677.093,84.173,1683292.631,1.000836758
102.787187368,0.22,220,2,23.137,662709.861,84.393,1714644.001,1.000799411
104.788972855,0.22,220,2,23.357,662726.245,84.613,1730451.832,2.001785487
105.789788134,0.22,220,2,23.577,662742.629,84.833,1746259.663,1.000815279
98.408755276,0.151,151,8,4.511,1086182.76,85.053,1749703.651,0
98.395290456,1.575,1575,5,50.65,547.66,85.204,1749957.686,0
107.062504318,2.535,2535,5,53.185,678.732,87.739,1750088.758,8.667213862
107.018909519,0.151,151,8,4.662,1086444.987,89.314,1750096.95,0
107.072263469,0.145,145,8,4.807,1086461.371,89.459,1750113.334,0.05335395
107.075035298,0.149,149,8,4.956,1086469.563,89.608,1750121.526,0.002771829
107.067356374,1.575,1575,5,54.76,678.732,89.759,1760432.453,0
106.790677776,0.22,220,2,23.797,662759.013,92.272,1761232.984,0
107.791559235,0.22,220,2,24.017,662775.397,92.492,1777305.107,1.000881459
108.792354919,0.22,220,2,24.237,662791.781,92.712,1792782.573,1.000795684
109.793295369,0.22,220,2,24.457,662808.165,92.932,1808788.623,1.00094045
110.794183113,0.22,220,2,24.677,662824.549,93.152,1824464.308,1.000887744
111.795077721,0.22,220,2,24.897,662840.933,93.372,1840007.847,1.000894608
112.795967808,0.22,220,2,25.117,662857.317,93.592,1855617.459,1.000890087
113.796811506,0.22,220,2,25.337,662873.701,93.812,1871689.582,1.000843698
107.076709821,0.151,151,8,5.107,1222120.971,94.032,1885969.542,0
107.745923578,2.513,2513,5,57.273,744.268,94.183,1886226.473,0.669213757
115.743492651,2.535,2535,5,59.808,777.036,96.718,1886259.241,7.997569073
115.701427675,0.151,151,8,5.258,1222386.094,98.293,1886267.433,0
115.75420278,0.145,145,8,5.403,1222402.478,98.438,1886283.817,0.052775105
115.755836808,0.149,149,8,5.552,1222410.67,98.587,1886292.009,0.001634028
114.797637902,0.22,220,2,25.557,662890.085,98.738,1887053.711,0
115.798470116,0.22,220,2,25.777,662906.469,98.958,1903440.096,1.000832214
115.748873294,1.575,1575,5,61.383,777.036,99.178,1918512.932,0
116.799296254,0.22,220,2,25.997,662922.853,101.691,1919404.649,1.05042296
117.800239006,0.22,220,2,26.217,662939.237,101.911,1935476.772,1.000942752
118.801023549,0.22,220,2,26.437,662955.621,102.131,1950689.946,1.000784543
119.801814765,0.22,220,2,26.657,662972.005,102.351,1966299.558,1.000791216
120.802629001,0.22,220,2,26.877,662988.389,102.571,1982041.316,1.000814236
121.803470755,0.22,220,2,27.097,663004.773,102.791,1997849.147,1.000841754
122.804260651,0.22,220,2,27.317,663021.157,103.011,2013774.535,1.000789896
115.758724917,0.151,151,8,5.703,1358979.576,103.231,2023032.947,0
117.745928777,2.513,2513,5,63.896,801.612,103.382,2023189.576,1.98720386
124.429680592,2.535,2535,5,66.431,822.092,105.917,2023210.056,6.683751815
124.387667511,0.151,151,8,5.854,1359144.397,107.492,2023218.248,0
124.441479161,0.145,145,8,5.999,1359160.781,107.637,2023234.632,0.05381165
124.443614884,0.149,149,8,6.148,1359168.973,107.786,2023242.824,0.00213572299999
123.80513546,0.22,220,2,27.537,663037.541,107.937,2029093.296,0
124.806114446,0.22,220,2,27.757,663053.925,108.157,2044636.835,1.000978986
125.806954987,0.22,220,2,27.977,663070.309,108.377,2060444.666,1.000840541
124.435356526,1.575,1575,5,68.006,822.092,108.597,2075187.137,0
126.807802241,0.22,220,2,28.197,663086.693,111.11,2076383.569,2.372445715
127.80856457,0.22,220,2,28.417,663103.077,111.33,2092389.619,1.000762329
128.809329107,0.22,220,2,28.637,663119.461,111.55,2108131.377,1.000764537
129.81023239,0.22,220,2,28.857,663135.845,111.77,2124137.427,1.000903283
130.811591856,0.22,220,2,29.077,663152.229,111.99,2140077.404,1.001359466
131.812858018,0.221,221,2,29.298,663168.613,112.211,2155026.286,1.001266162
124.446038863,0.151,151,8,6.299,1495175.063,112.432,2159527.442,0
127.745745781,2.513,2513,5,70.519,953.164,112.583,2159684.071,3.299706918
133.153355032,2.535,2535,5,73.054,1018.7,115.118,2159749.607,5.407609251
133.113314585,0.151,151,8,6.45,1495339.884,116.693,2159757.799,0
133.175053039,0.145,145,8,6.595,1495356.268,116.838,2159774.183,0.061738454
133.177712125,0.149,149,8,6.744,1495364.46,116.987,2159782.375,0.00265908599999
132.813717841,0.221,221,2,29.519,663184.997,117.138,2169730.475,0
133.814515869,0.221,221,2,29.74,663201.381,117.359,2185141.868,1.000798028
134.815271795,0.221,221,2,29.961,663234.149,117.58,2216228.946,1.000755926
133.17003356,1.575,1575,5,74.629,1018.7,117.801,2231103.563,0
136.816926379,0.221,221,2,30.182,663250.533,120.314,2232350.221,3.646892819
137.817707634,0.221,221,2,30.403,663266.917,120.535,2248224.125,1.000781255
138.818432236,0.221,221,2,30.624,663283.301,120.756,2264098.029,1.000724602
139.819173985,0.221,221,2,30.845,663299.685,120.977,2280104.079,1.000741749
140.819886576,0.221,221,2,31.066,663316.069,121.198,2295911.91,1.000712591
133.179017358,0.151,151,8,6.895,1631305.579,121.419,2295920.102,0
137.745571263,2.513,2513,5,77.142,1067.852,121.57,2296174.137,4.566553905
141.820856395,0.221,221,2,31.287,663332.453,124.105,2296182.329,4.075285132
142.821478913,0.221,221,2,31.508,663348.837,124.326,2296198.713,1.000622518
143.82203761,0.221,221,2,31.729,663365.221,124.547,2296215.097,1.000558697
144.822581481,0.221,221,2,31.95,663381.605,124.768,2296231.481,1.000543871
145.823181898,0.221,221,2,32.171,663397.989,124.989,2296247.865,1.000600417
141.861057922,2.535,2535,5,79.677,1067.852,125.21,2296256.057,0
146.823745722,0.221,221,2,32.392,663414.373,125.549,2296288.825,4.9626878
147.824273293,0.221,221,2,32.613,663430.757,125.77,2296305.209,1.000527571
148.824903123,0.221,221,2,32.834,663447.141,125.991,2296321.593,1.00062983
149.825556794,0.221,221,2,33.055,663463.525,126.212,2296337.977,1.000653671
150.826101777,0.221,221,2,33.276,663479.909,126.433,2296356.409,1.000544983
151.826643573,0.221,221,2,33.497,663496.293,126.654,2296372.793,1.000541796
152.827195357,0.221,221,2,33.718,663512.677,126.875,2296390.697,1.000551784
153.827748346,0.221,221,2,33.939,663529.061,127.096,2296407.081,1.000552989
154.828346355,0.221,221,2,34.16,663545.445,127.317,2296423.465,1.000598009
155.828852034,0.221,221,2,34.381,663561.829,127.538,2296439.849,1.000505679
147.744697098,0.339,339,5,80.016,1092.428,127.759,2296448.041,0
156.831497771,0.221,221,2,34.602,663578.213,128.098,2296464.425,9.086800673
157.832101059,0.221,221,2,34.823,663594.597,128.319,2296480.809,1.000603288
158.832665716,0.221,221,2,35.044,663610.981,128.54,2296497.193,1.000564657
159.833178756,0.221,221,2,35.265,663627.365,128.761,2296513.577,1.00051304
160.833667381,0.221,221,2,35.486,663643.749,128.982,2296529.961,1.000488625
161.834158544,0.221,221,2,35.707,663660.133,129.203,2296546.345,1.000491163
162.834648856,0.221,221,2,35.928,663676.517,129.424,2296562.729,1.000490312
163.835144381,0.221,221,2,36.149,663692.901,129.645,2296579.113,1.000495525
164.835688268,0.221,221,2,36.37,663709.285,129.866,2296595.497,1.000543887
165.836229868,0.221,221,2,36.591,663725.669,130.087,2296611.881,1.0005416
157.744797227,0.339,339,5,80.355,1100.62,130.308,2296620.073,0
166.836761214,0.221,221,2,36.812,663758.437,130.647,2296652.841,9.091963987
168.837828031,0.221,221,2,37.033,663774.821,130.868,2296669.225,2.001066817
167.744714404,0.339,339,5,80.694,1121.1,131.089,2296689.705,0
170.468978188,1.575,1575,5,82.269,1121.1,132.664,2296689.705,2.724263784
170.479384208,0.286,286,5,82.555,1186.636,132.95,2296760.873,0.01040602
170.488588981,0.189,189,5,82.744,1219.404,133.139,2296793.641,0.00920477299999
170.511390325,0.249,249,5,82.993,1235.788,133.388,2296810.025,0.022801344
169.838410756,0.221,221,2,37.254,663791.205,134.104,2450896.921,0
170.839263366,0.221,221,2,37.475,663807.589,134.325,2858631.529,1.00085261
171.840582528,0.221,221,2,37.696,663823.973,134.546,2860646.761,1.001319162
172.841440453,0.221,221,2,37.917,663840.357,134.767,2860663.145,1.000857925
173.842550868,0.221,221,2,38.138,663856.741,134.988,2860679.529,1.001110415
174.843405774,0.221,221,2,38.359,663873.125,135.209,2860695.913,1.000854906
175.844033824,0.221,221,2,38.58,663889.509,135.43,2860713.753,1.00062805
176.844552757,0.221,221,2,38.801,663897.701,135.651,2860721.945,1.000518933
170.524521662,0.114,114,5,83.107,1243.98,135.785,2936189.625,0
177.131283305,0.134,134,2,38.935,739371.621,138.298,2936201.913,6.606761643
177.845254196,0.221,221,2,39.156,739388.005,138.519,2936218.297,0.713970891
170.548680033,0.15,150,6,0.15,157833.536,138.74,2936226.489,0
178.846013354,0.221,221,2,39.377,739404.389,138.892,3020522.169,8.297333321
179.846773274,0.221,221,2,39.598,739420.773,139.113,3020538.553,1.00075992
170.547794701,0.15,150,4,0.15,163960.736,139.334,3020546.745,0
180.847571194,0.221,221,2,39.819,739437.157,139.486,3066233.529,10.299776493
181.850155498,0.221,221,2,40.04,739453.541,139.707,3089482.425,1.002584304
182.852575511,0.221,221,2,40.261,739461.733,139.928,3089490.617,1.002420013
183.605659289,0.15,150,2,40.411,824388.197,140.078,3174417.081,0.753083778
183.853406943,0.221,221,2,40.632,837773.925,140.299,3187802.809,0.247747654
184.856224874,0.221,221,2,40.853,837790.309,140.52,3187819.193,1.002817931
185.856811688,0.221,221,2,41.074,837806.693,140.741,3187835.577,1.000586814
177.746843036,2.513,2513,5,85.62,1248.076,140.962,3187843.769,0
186.85758378,0.221,221,2,41.295,837823.077,143.475,3187854.009,9.110740744
187.85829227,0.221,221,2,41.516,837839.461,143.696,3187870.393,1.00070849
188.859181834,0.221,221,2,41.737,837855.845,143.917,3187886.777,1.000889564
189.860041139,0.221,221,2,41.958,837872.229,144.138,3187903.161,1.000859305
190.860936743,0.221,221,2,42.179,837888.613,144.359,3187919.545,1.000895604
191.861513454,0.221,221,2,42.4,837904.997,144.58,3187935.929,1.000576711
187.745775609,2.513,2513,5,88.133,1250.124,144.801,3187944.121,0
192.862222473,0.221,221,2,42.621,837921.381,144.979,3187953.337,5.116446864
193.128613352,0.178,178,5,88.311,1251.148,145.2,3187961.529,0.266390879
193.863195641,0.221,221,2,42.842,837937.765,147.788,3187969.721,0.734582289
194.864053282,0.221,221,2,43.063,837954.149,148.009,3187986.105,1.000857641
195.864735208,0.221,221,2,43.284,837970.533,148.23,3188002.489,1.000681926
193.864054756,2.588,2588,5,90.899,1251.148,148.451,3188010.681,0
196.865296464,0.221,221,2,43.505,837986.917,148.79,3188019.865,3.001241708
197.865808237,0.221,221,2,43.726,838003.301,149.011,3188036.249,1.000511773
198.866328612,0.221,221,2,43.947,838036.069,149.232,3188069.017,1.000520375
200.867373296,0.221,221,2,44.168,838052.453,149.453,3188085.401,2.001044684
201.867905244,0.221,221,2,44.389,838068.837,149.674,3188101.785,1.000531948
202.868438735,0.221,221,2,44.61,838085.221,149.895,3188118.169,1.000533491
197.744974298,0.339,339,5,91.238,1262.348,150.116,3188136.569,0
204.394464624,1.575,1575,5,92.813,1262.348,151.691,3188136.569,6.649490326
204.398188073,0.286,286,5,93.099,1463.052,151.977,3188337.273,0.00372344900001
203.868927244,0.221,221,2,44.831,838101.605,152.166,3188347.513,0
204.404571597,0.189,189,5,93.288,1465.1,152.387,3188355.705,0.535644353
204.869668447,0.221,221,2,45.052,838117.989,154.763,3188363.897,0.46509685
205.63151575,2.376,2376,5,95.664,1467.116,154.984,3188374.105,0.761847303
206.701253973,0.189,189,5,95.853,1469.004,155.173,3188375.993,1.069738223
206.70721565,0.189,189,5,96.042,1479.228,155.362,3188386.217,0.00596167699999
206.798847129,1.575,1575,5,97.617,1479.228,156.937,3188386.217,0.091631479
206.803890872,0.286,286,5,97.903,1872.444,157.223,3188779.433,0.00504374300002
205.870523352,0.221,221,2,45.273,838134.373,157.412,3188791.721,0
206.810904477,0.189,189,5,98.092,1876.54,157.633,3188799.913,0.940381125
207.302124569,0.286,286,5,98.378,2075.196,157.919,3188998.569,0.491220092
207.307263651,0.189,189,5,98.567,2076.22,158.108,3188999.593,0.005139082
206.871387661,0.221,221,2,45.494,838150.757,160.621,3189008.777,0
207.872179426,0.221,221,2,45.715,838167.141,160.842,3189025.161,1.000791765
208.873039338,0.221,221,2,45.936,838183.525,161.063,3189041.545,1.000859912
207.745754671,2.513,2513,5,101.08,2077.212,161.284,3189049.737,0
210.651756463,0.184,184,5,101.264,2078.172,161.468,3189050.697,2.906001792
210.65829784,1.775,1775,5,103.039,2080.22,163.243,3189052.745,0.00654137699999
210.6883089,1572.864,262144,5,1675.903,2080.22,1736.107,3189052.745,0.03001106
210.690597378,10747.904,262144,5,12423.807,2080.22,12484.011,3189052.745,0.002288478
210.702053946,1572.864,262144,5,13996.671,2080.22,14056.875,3189052.745,0.011456568
210.705146543,2883.584,262144,5,16880.255,2080.22,16940.459,3189052.745,0.00309259700001
210.710582787,1572.864,262144,5,18453.119,2080.22,18513.323,3189052.745,0.00543624399998
210.71411823,524.288,262144,5,18977.407,2080.22,19037.611,3189052.745,0.003535443
210.715598105,524.288,262144,5,19501.695,2080.22,19561.899,3189052.745,0.001479875
210.717203197,524.288,262144,5,20025.983,2080.22,20086.187,3189052.745,0.00160509200001
210.718680151,524.288,262144,5,20550.271,2080.22,20610.475,3189052.745,0.001476954
210.720286614,262.144,262144,5,20812.415,2080.22,20872.619,3189052.745,0.001606463
210.721767091,524.288,262144,5,21336.703,2080.22,21396.907,3189052.745,0.001480477
210.723672105,786.432,262144,5,22123.135,2080.22,22183.339,3189052.745,0.00190501399999
210.725744502,524.288,262144,5,22647.423,2080.22,22707.627,3189052.745,0.00207239700001
210.727799301,524.288,262144,5,23171.711,2080.22,23231.915,3189052.745,0.00205479900001
210.729700186,524.288,262144,5,23695.999,2080.22,23756.203,3189052.745,0.001900885
210.731777317,786.432,262144,5,24482.431,2080.22,24542.635,3189052.745,0.00207713099999
210.734264936,786.432,262144,5,25268.863,2080.22,25329.067,3189052.745,0.00248761899999
210.736761701,786.432,262144,5,26055.295,2080.22,26115.499,3189052.745,0.00249676500002
210.73926497,786.432,262144,5,26841.727,2080.22,26901.931,3189052.745,0.00250326899999
210.741917898,786.432,262144,5,27628.159,2080.22,27688.363,3189052.745,0.002652928
210.744860479,786.432,262144,5,28414.591,2080.22,28474.795,3189052.745,0.00294258100001
210.747947801,786.432,262144,5,29201.023,2080.22,29261.227,3189052.745,0.003087322
210.750890885,349.553,262144,5,29550.576,2081.148,29610.78,3189053.673,0.00294308399998
209.877868875,0.221,221,2,46.157,838199.909,29610.964,3189062.761,0
210.87865957,0.221,221,2,46.378,838216.293,29611.185,3189079.145,1.000790695
211.879235992,0.221,221,2,46.599,838232.677,29611.406,3189095.529,1.000576422
212.880140903,0.221,221,2,46.82,838249.061,29611.627,3189111.913,1.000904911
213.880774472,0.221,221,2,47.041,838265.445,29611.848,3189128.297,1.000633569
214.88142975,0.221,221,2,47.262,838281.829,29612.069,3189144.681,1.000655278
215.882071079,0.221,221,2,47.483,838298.213,29612.29,3189161.065,1.000641329
210.812807443,0.184,184,5,29550.76,2082.044,29612.511,3189169.257,0
216.883512784,0.221,221,2,47.704,838314.597,29612.85,3189178.313,6.070705341
217.88434847,0.221,221,2,47.925,838330.981,29613.071,3189194.697,1.000835686
218.884869743,0.221,221,2,48.146,838347.365,29613.292,3189211.081,1.000521273
219.885352224,0.221,221,2,48.367,838363.749,29613.513,3189227.465,1.000482481
220.885836546,0.221,221,2,48.588,838380.133,29613.734,3189243.849,1.000484322
221.88636739,0.221,221,2,48.809,838396.517,29613.955,3189260.233,1.000530844
222.886927005,0.221,221,2,49.03,838412.901,29614.176,3189276.617,1.000559615
223.887500498,0.221,221,2,49.251,838429.285,29614.397,3189293.001,1.000573493
224.888159182,0.221,221,2,49.472,838445.669,29614.618,3189309.385,1.000658684
225.888805304,0.221,221,2,49.693,838465.125,29614.839,3189328.841,1.000646122
217.745784596,0.339,339,5,29551.099,2082.908,29615.06,3189337.033,0
226.889476244,0.221,221,2,49.914,838481.509,29615.399,3189346.057,9.143691648
227.890718282,0.221,221,2,50.135,838497.893,29615.62,3189362.441,1.001242038
228.891263962,0.221,221,2,50.356,838514.277,29615.841,3189378.825,1.00054568
229.891882719,0.221,221,2,50.577,838530.661,29616.062,3189395.209,1.000618757
230.892683363,0.221,221,2,50.798,838563.429,29616.283,3189427.977,1.000800644
232.894064723,0.221,221,2,51.019,838579.813,29616.504,3189444.361,2.00138136
233.894733745,0.221,221,2,51.24,838596.197,29616.725,3189460.745,1.000669022
234.895373319,0.221,221,2,51.461,838612.581,29616.946,3189477.129,1.000639574
235.895957244,0.221,221,2,51.682,838628.965,29617.167,3189493.513,1.000583925
227.744718045,0.339,339,5,29551.438,2083.74,29617.388,3189501.705,0
236.896624182,0.221,221,2,51.903,838645.349,29617.727,3189510.697,9.151906137
237.897368734,0.221,221,2,52.124,838661.733,29617.948,3189527.081,1.000744552
238.898508184,0.221,221,2,52.345,838678.117,29618.169,3189543.465,1.00113945
239.8992866,0.221,221,2,52.566,838696.453,29618.39,3189561.801,1.000778416
240.90000978,0.221,221,2,52.787,838712.837,29618.611,3189578.185,1.00072318
241.90224488,0.221,221,2,53.008,838729.221,29618.832,3189594.569,1.0022351
242.9028575,0.221,221,2,53.229,838745.605,29619.053,3189610.953,1.00061262
243.903426357,0.221,221,2,53.45,838761.989,29619.274,3189627.337,1.000568857
244.903985753,0.221,221,2,53.671,838778.373,29619.495,3189643.721,1.000559396
245.904600743,0.221,221,2,53.892,838794.757,29619.716,3189660.105,1.00061499
237.744838745,0.339,339,5,29551.777,2084.54,29619.937,3189668.297,0
246.905252907,0.221,221,2,54.113,838811.141,29620.276,3189677.257,9.160414162
247.905839523,0.221,221,2,54.334,838827.525,29620.497,3189693.641,1.000586616
248.906333571,0.221,221,2,54.555,838843.909,29620.718,3189710.025,1.000494048
249.906926107,0.221,221,2,54.776,838860.293,29620.939,3189726.409,1.000592536
250.907564149,0.221,221,2,54.997,838876.677,29621.16,3189742.793,1.000638042
251.908278978,0.221,221,2,55.218,838893.061,29621.381,3189759.177,1.000714829
252.908885899,0.221,221,2,55.439,838909.445,29621.602,3189775.561,1.000606921
253.909501462,0.221,221,2,55.66,838925.829,29621.823,3189791.945,1.000615563
254.910029724,0.221,221,2,55.881,838942.213,29622.044,3189808.329,1.000528262
255.910591562,0.221,221,2,56.102,838958.597,29622.265,3189824.713,1.000561838
247.744902122,0.339,339,5,29552.116,2085.308,29622.486,3189832.905,0
257.744928162,0.339,339,5,29552.455,2086.748,29622.825,3189834.345,10.00002604
257.753293484,0.189,189,5,29552.644,2088.06,29623.014,3189835.657,0.00836532199997
256.911209599,0.221,221,2,56.323,838974.981,29623.203,3189844.457,0
257.837374784,0.189,189,5,29552.833,2097.436,29623.424,3189861.417,0.926165185
257.993562672,1.575,1575,5,29554.408,2097.436,29624.999,3189861.417,0.156187888
257.996028119,0.286,286,5,29554.694,3228.764,29625.285,3190992.745,0.00246544700002
257.912320339,0.221,221,2,56.544,838991.365,29625.474,3191001.737,0
258.913524264,0.221,221,2,56.765,839007.749,29625.695,3191018.121,1.001203925
258.013061989,0.189,189,5,29554.883,3229.564,29625.916,3191026.313,0
259.914708734,0.221,221,2,56.986,839024.133,29628.298,3191034.505,1.901646745
260.146602142,2.382,2382,5,29557.265,3238.396,29628.519,3191051.913,0.231893408
261.630481048,1.575,1575,5,29558.84,3238.396,29630.094,3191051.913,1.483878906
261.633799163,0.286,286,5,29559.126,3534.332,29630.38,3191347.849,0.00331811500001
261.644286337,0.189,189,5,29559.315,3535.324,29630.569,3191348.841,0.010487174
260.915430543,0.221,221,2,57.207,839040.517,29630.855,3192947.241,0
261.711421506,0.286,286,5,29559.601,3536.284,29631.076,3192955.433,0.795990963
261.916147123,0.221,221,2,57.428,839056.901,29631.265,3192964.553,0.204725617
262.916952082,0.221,221,2,57.649,839089.669,29631.707,3192997.321,1.000804959
264.918517081,0.221,221,2,57.87,839106.053,29631.928,3193013.705,2.001564999
262.880969408,0.189,189,5,29559.79,3537.212,29632.149,3193021.897,0
266.0409282,0.184,184,5,29559.974,3538.108,29632.333,3193022.793,3.159958792
266.043696537,1.775,1775,5,29561.749,3539.132,29634.108,3193023.817,0.00276833700002
266.047523099,1572.864,262144,5,31134.613,3539.132,31206.972,3193023.817,0.00382656199997
266.061742171,786.432,262144,5,31921.045,3539.132,31993.404,3193023.817,0.014219072
266.070564821,786.432,262144,5,32707.477,3539.132,32779.836,3193023.817,0.00882265000001
266.080409415,1048.576,262144,5,33756.053,3539.132,33828.412,3193023.817,0.00984459400001
266.090267151,786.432,262144,5,34542.485,3539.132,34614.844,3193023.817,0.00985773599996
266.098939661,786.432,262144,5,35328.917,3539.132,35401.276,3193023.817,0.00867251
266.107022257,786.432,262144,5,36115.349,3539.132,36187.708,3193023.817,0.00808259600001
266.115268605,786.432,262144,5,36901.781,3539.132,36974.14,3193023.817,0.008246348
266.123344031,786.432,262144,5,37688.213,3539.132,37760.572,3193023.817,0.008075426
266.13173304,786.432,262144,5,38474.645,3539.132,38547.004,3193023.817,0.00838900899998
266.137101924,786.432,262144,5,39261.077,3539.132,39333.436,3193023.817,0.00536888400001
266.141257687,786.432,262144,5,40047.509,3539.132,40119.868,3193023.817,0.00415576300003
266.145092125,786.432,262144,5,40833.941,3539.132,40906.3,3193023.817,0.00383443800001
266.148817677,786.432,262144,5,41620.373,3539.132,41692.732,3193023.817,0.00372555199999
266.152546013,786.432,262144,5,42406.805,3539.132,42479.164,3193023.817,0.00372833599999
266.156218035,786.432,262144,5,43193.237,3539.132,43265.596,3193023.817,0.00367202199999
266.160081603,1048.576,262144,5,44241.813,3539.132,44314.172,3193023.817,0.00386356799999
266.163718842,532.474,262144,5,44774.287,3539.132,44846.646,3193023.817,0.003637239
266.166986303,68.585,68585,5,44842.872,3539.996,44915.231,3193024.681,0.00326746100001
265.919280944,0.221,221,2,58.091,839122.437,44915.415,3193033.705,0
266.19872469,0.184,184,5,44843.056,3540.828,44915.636,3193041.897,0.279443746
266.920017664,0.221,221,2,58.312,839138.821,44915.975,3193050.889,0.721292974
267.74500761,0.339,339,5,44843.395,3542.396,44916.196,3193059.849,0.824989946
268.072072946,0.189,189,5,44843.584,3543.836,44916.385,3193061.289,0.327065336
268.250070979,0.189,189,5,44843.773,3545.452,44916.574,3193062.905,0.177998033
268.268084413,0.189,189,5,44843.962,3546.604,44916.763,3193064.057,0.018013434
268.274186104,0.189,189,5,44844.151,3555.788,44916.952,3193073.241,0.00610169100003
268.433128844,1.575,1575,5,44845.726,3555.788,44918.527,3193073.241,0.15894274
268.434940562,0.286,286,5,44846.012,4768.94,44918.813,3194286.393,0.001811718
267.920718733,0.221,221,2,58.533,839155.205,44919.003,3194295.289,0
268.921429561,0.221,221,2,58.754,839171.589,44919.224,3194311.673,1.000710828
268.451387448,0.19,190,5,44846.202,4769.644,44919.445,3194319.865,0
269.921937526,0.221,221,2,58.975,839187.973,44921.87,3194328.057,1.470550078
270.451546527,2.425,2425,5,44848.627,4778.556,44922.091,3194345.161,0.529609001
271.683433741,1.575,1575,5,44850.202,4778.556,44923.666,3194345.161,1.231887214
271.68604773,0.286,286,5,44850.488,5090.78,44923.952,3194657.385,0.002613989
271.691552719,0.19,190,5,44850.678,5091.676,44924.142,3194658.281,0.00550498900003
270.922718862,0.221,221,2,59.196,839204.357,44924.428,3196240.201,0
271.758549417,0.286,286,5,44850.964,5092.54,44924.649,3196248.393,0.835830555
271.923468757,0.221,221,2,59.417,839220.741,44924.839,3196257.417,0.16491934
272.92418846,0.221,221,2,59.638,839237.125,44925.06,3196273.801,1.000719703
273.924959173,0.221,221,2,59.859,839253.509,44925.281,3196290.185,1.000770713
272.638322571,0.19,190,5,44851.154,5093.372,44925.502,3196298.377,0
275.569627785,0.184,184,5,44851.338,5094.172,44925.686,3196299.177,2.931305214
275.578414947,1.775,1775,5,44853.113,5095.644,44927.461,3196300.649,0.00878716199998
275.581018281,1835.008,262144,5,46688.121,5095.644,46762.469,3196300.649,0.00260333400001
275.585074277,786.432,262144,5,47474.553,5095.644,47548.901,3196300.649,0.00405599599998
275.588440443,786.432,262144,5,48260.985,5095.644,48335.333,3196300.649,0.00336616600003
275.591823652,786.432,262144,5,49047.417,5095.644,49121.765,3196300.649,0.00338320899999
275.595637075,786.432,262144,5,49833.849,5095.644,49908.197,3196300.649,0.003813423
275.599022751,786.432,262144,5,50620.281,5095.644,50694.629,3196300.649,0.00338567599999
275.602845014,786.432,262144,5,51406.713,5095.644,51481.061,3196300.649,0.00382226300002
275.606088656,786.432,262144,5,52193.145,5095.644,52267.493,3196300.649,0.00324364199997
275.609470371,786.432,262144,5,52979.577,5095.644,53053.925,3196300.649,0.00338171499999
275.612854279,786.432,262144,5,53766.009,5095.644,53840.357,3196300.649,0.00338390799999
275.616677659,786.432,262144,5,54552.441,5095.644,54626.789,3196300.649,0.00382338000003
275.619913124,786.432,262144,5,55338.873,5095.644,55413.221,3196300.649,0.00323546499999
275.623292093,786.432,262144,5,56125.305,5095.644,56199.653,3196300.649,0.00337896899998
275.626678448,786.432,262144,5,56911.737,5095.644,56986.085,3196300.649,0.00338635500003
275.629909559,786.432,262144,5,57698.169,5095.644,57772.517,3196300.649,0.00323111099999
275.633281701,786.432,262144,5,58484.601,5095.644,58558.949,3196300.649,0.00337214199999
275.636521434,786.432,262144,5,59271.033,5095.644,59345.381,3196300.649,0.00323973299999
275.639909958,490.37,262144,5,59761.403,5095.644,59835.751,3196300.649,0.003388524
275.643250823,49.705,49705,5,59811.108,5096.412,59885.456,3196301.417,0.00334086500004
274.925924698,0.221,221,2,60.08,839269.893,59885.64,3196310.345,0
275.677120159,0.184,184,5,59811.292,5097.5,59885.861,3196318.889,0.751195461
275.92680481,0.221,221,2,60.301,839286.277,59886.051,3196327.769,0.249684651
276.890248783,0.19,190,5,59811.482,5098.844,59886.272,3196336.617,0.963443973
277.031654603,0.19,190,5,59811.672,5100.06,59886.462,3196337.833,0.14140582
277.03836526,0.19,190,5,59811.862,5109.468,59886.652,3196347.241,0.00671065699999
277.106870665,1.575,1575,5,59813.437,5109.468,59888.227,3196347.241,0.068505405
277.108614395,0.286,286,5,59813.723,6453.724,59888.513,3197691.497,0.00174373000004
179.332571882,0.152,152,6,0.302,242122.352,59888.703,3197693.561,0
277.120435595,0.19,190,5,59813.913,6454.46,60291.531,3197693.561,97.787863713
276.927614816,0.221,221,2,60.522,839302.661,60294.044,3197702.457,0
277.928501954,0.221,221,2,60.743,839319.045,60294.265,3197718.841,1.000887138
277.745357986,2.513,2513,5,59816.426,6455.164,60294.486,3197727.033,0
278.929084496,0.221,221,2,60.964,839335.429,60296.868,3197735.225,1.18372651
279.044719705,2.382,2382,5,59818.808,6464.076,60297.089,3197752.329,0.115635209
280.588972533,1.575,1575,5,59820.383,6464.076,60298.664,3197752.329,1.544252828
280.590578073,0.286,286,5,59820.669,6858.22,60298.95,3198146.473,0.00160554000001
280.595572905,0.19,190,5,59820.859,6859.116,60299.14,3198147.369,0.00499483199997
279.929575669,0.221,221,2,61.185,839351.813,60299.426,3199712.905,0
280.676053495,0.286,286,5,59821.145,8416.46,60299.647,3199721.097,0.746477826
280.930252702,0.221,221,2,61.406,839368.197,60299.837,3199730.121,0.254199207
281.930983912,0.221,221,2,61.627,839384.581,60300.058,3199746.505,1.00073121
282.931735847,0.221,221,2,61.848,839400.965,60300.279,3199762.889,1.000751935
283.932275003,0.221,221,2,62.069,839417.349,60300.5,3199779.273,1.000539156
281.509802033,0.19,190,5,59821.335,8417.292,60300.721,3199787.465,0
284.971780716,0.185,185,5,59821.52,8418.092,60300.906,3199788.265,3.461978683
285.786993178,1.775,1775,5,59823.295,8419.036,60302.681,3199789.209,0.815212462
285.79021681,1572.864,262144,5,61396.159,8419.036,61875.545,3199789.209,0.00322363200002
285.793931217,786.432,262144,5,62182.591,8419.036,62661.977,3199789.209,0.00371440700002
285.797165119,786.432,262144,5,62969.023,8419.036,63448.409,3199789.209,0.00323390199998
285.800544113,786.432,262144,5,63755.455,8419.036,64234.841,3199789.209,0.003378994
285.803785205,786.432,262144,5,64541.887,8419.036,65021.273,3199789.209,0.003241092
285.807158493,786.432,262144,5,65328.319,8419.036,65807.705,3199789.209,0.00337328799998
285.810553737,786.432,262144,5,66114.751,8419.036,66594.137,3199789.209,0.00339524400005
285.81437511,786.432,262144,5,66901.183,8419.036,67380.569,3199789.209,0.00382137299999
285.817611608,786.432,262144,5,67687.615,8419.036,68167.001,3199789.209,0.00323649799998
285.820984362,786.432,262144,5,68474.047,8419.036,68953.433,3199789.209,0.003372754
285.824362364,786.432,262144,5,69260.479,8419.036,69739.865,3199789.209,0.00337800200003
285.827454373,786.432,262144,5,70046.911,8419.036,70526.297,3199789.209,0.003092009
285.830987092,786.432,262144,5,70833.343,8419.036,71312.729,3199789.209,0.00353271899996
285.83451778,786.432,262144,5,71619.775,8419.036,72099.161,3199789.209,0.00353068800001
285.838048623,786.432,262144,5,72406.207,8419.036,72885.593,3199789.209,0.00353084300002
285.842073972,786.432,262144,5,73192.639,8419.036,73672.025,3199789.209,0.00402534899996
285.846151673,543.697,262144,5,73736.336,8419.804,74215.722,3199789.977,0.00407770100003
285.883423585,0.185,185,5,73736.521,8421.244,74215.907,3199791.417,0.037271912
284.943428172,0.221,221,2,62.29,839433.733,74216.097,3199800.281,0
285.887646104,0.19,190,5,73736.711,8430.812,74216.318,3199817.369,0.944217932
286.051669964,1.575,1575,5,73738.286,8430.812,74217.893,3199817.369,0.16402386
286.054850874,0.286,286,5,73738.572,9791.58,74218.179,3201178.137,0.00318091000003
285.944341734,0.221,221,2,62.511,839450.117,74218.369,3201187.193,0
286.075376383,0.19,190,5,73738.762,9792.444,74218.59,3201195.385,0.131034649
286.945125814,0.221,221,2,62.732,839466.501,74221.103,3201204.409,0.869749431
287.745458596,2.513,2513,5,73741.275,9793.276,74221.324,3201212.601,0.800332782
288.341308519,2.382,2382,5,73743.657,9794.076,74223.706,3201213.401,0.595849923
288.604959745,0.19,190,5,73743.847,9796.284,74223.896,3201215.609,0.263651226
288.612343177,0.19,190,5,73744.037,9797.596,74224.086,3201216.921,0.00738343200004
288.617000284,0.19,190,5,73744.227,9807.772,74224.276,3201227.097,0.00465710700001
288.770895119,1.575,1575,5,73745.802,9807.772,74225.851,3201227.097,0.153894835
288.772576933,0.286,286,5,73746.088,10185.404,74226.137,3201604.729,0.00168181399999
288.77804292,0.19,190,5,73746.278,10186.172,74226.327,3201605.497,0.00546598700004
287.945867188,0.221,221,2,62.953,839482.885,74226.613,3202720.345,0
288.829255564,0.286,286,5,73746.564,11292.828,74226.834,3202728.537,0.883388376
288.946687566,0.221,221,2,63.174,839499.269,74227.024,3202737.433,0.117432002
289.947541009,0.221,221,2,63.395,839515.653,74227.245,3202753.817,1.000853443
290.948303646,0.221,221,2,63.616,839532.037,74227.466,3202770.201,1.000762637
289.606828942,0.19,190,5,73746.754,11293.532,74227.687,3202778.393,0
292.885361552,0.185,185,5,73746.939,11294.204,74227.872,3202779.065,3.27853261
292.888178464,1.775,1775,5,73748.714,11295.116,74229.647,3202779.977,0.00281691200001
292.891246638,2097.152,262144,5,75845.866,11295.116,76326.799,3202779.977,0.00306817399996
292.896779526,1048.576,262144,5,76894.442,11295.116,77375.375,3202779.977,0.005532888
292.901712801,1048.576,262144,5,77943.018,11295.116,78423.951,3202779.977,0.00493327499998
292.906703394,1048.576,262144,5,78991.594,11295.116,79472.527,3202779.977,0.004990593
292.911563779,786.432,262144,5,79778.026,11295.116,80258.959,3202779.977,0.00486038500003
292.915834385,1048.576,262144,5,80826.602,11295.116,81307.535,3202779.977,0.00427060599998
292.920387855,1048.576,262144,5,81875.178,11295.116,82356.111,3202779.977,0.00455347000002
292.924952524,1048.576,262144,5,82923.754,11295.116,83404.687,3202779.977,0.00456466899999
292.93025169,1048.576,262144,5,83972.33,11295.116,84453.263,3202779.977,0.00529916599999
292.935529873,1048.576,262144,5,85020.906,11295.116,85501.839,3202779.977,0.00527818300003
292.940688157,1310.72,262144,5,86331.626,11295.116,86812.559,3202779.977,0.005158284
291.948838068,0.221,221,2,63.837,839548.421,87114.328,3202788.169,0
292.946427368,301.769,262144,5,86633.395,11295.756,87114.549,3202797.001,0.9975893
292.983124018,0.185,185,5,86633.58,11296.94,87114.734,3202798.185,0.03669665
292.949530774,0.221,221,2,64.058,839564.805,87114.924,3202815.753,0
293.365680142,0.19,190,5,86633.77,11306.316,87115.145,3202823.945,0.416149368
294.002695529,1.575,1575,5,86635.345,11306.316,87116.72,3202823.945,0.637015387
294.006644158,0.286,286,5,86635.631,11307.084,87117.006,3203807.753,0.00394862899998
277.662406965,402.828,262144,6,403.13,242123.2,87117.196,3203809.337,0
293.955032282,0.221,221,2,64.279,839581.189,87519.489,3203817.529,16.292625317
294.020027271,0.19,190,5,86635.821,11307.82,87519.71,3203833.913,0.064994989
296.403149982,2.382,2382,5,86638.203,11316.716,87522.092,3203842.809,2.383122711
297.732604898,1.575,1575,5,86639.778,11316.716,87523.667,3203842.809,1.329454916
297.734604289,0.286,286,5,86640.064,11710.412,87523.953,3204236.505,0.00199939100003
297.740975669,0.19,190,5,86640.254,11711.356,87524.143,3204237.449,0.00637138000002
297.753231577,2.513,2513,5,86642.767,11712.268,87526.656,3204238.361,0.012255908
297.811146809,0.286,286,5,86643.053,11713.148,87526.942,3205517.193,0.057915232
298.679512732,0.19,190,5,86643.243,11715.212,87527.132,3205519.257,0.868365923
301.057087547,0.19,190,5,86643.433,11716.716,87527.322,3205520.761,2.377574815
301.061209446,0.19,190,5,86643.623,11717.42,87527.512,3205521.465,0.00412189900004
302.111099131,0.185,185,5,86643.808,11718.092,87527.697,3205522.137,1.049889685
302.11327082,1.775,1775,5,86645.583,11719.404,87529.472,3205523.449,0.00217168900002
302.115652408,2621.44,262144,5,89267.023,11719.404,90150.912,3205523.449,0.00238158799999
302.122304429,1048.576,262144,5,90315.599,11719.404,91199.488,3205523.449,0.00665202099998
302.12833853,1048.576,262144,5,91364.175,11719.404,92248.064,3205523.449,0.00603410100001
302.13436671,1048.576,262144,5,92412.751,11719.404,93296.64,3205523.449,0.00602817999999
302.140542289,1048.576,262144,5,93461.327,11719.404,94345.216,3205523.449,0.006175579
302.146572522,1048.576,262144,5,94509.903,11719.404,95393.792,3205523.449,0.00603023299999
302.152746635,1048.576,262144,5,95558.479,11719.404,96442.368,3205523.449,0.00617411300004
302.158635051,1048.576,262144,5,96607.055,11719.404,97490.944,3205523.449,0.00588841599995
302.164456651,1048.576,262144,5,97655.631,11719.404,98539.52,3205523.449,0.00582160000005
302.179364373,284.393,262144,5,97940.024,11720.044,98823.913,3205524.089,0.014907722
302.416243668,0.185,185,5,97940.209,11721.228,98824.098,3205525.273,0.236879295
302.420920313,0.19,190,5,97940.399,11730.604,98824.288,3205534.649,0.00467664500002
303.065610251,1.575,1575,5,97941.974,11730.604,98825.863,3205534.649,0.644689938
303.069508202,0.286,286,5,97942.26,11731.372,98826.149,3206846.137,0.003897951
303.078590661,0.19,190,5,97942.45,11732.124,98826.339,3206846.889,0.00908245900001
