time,size,first_call,destination,dest_out_traffic,dest_in_traffic,total_network_out,total_network_in,dens10
0.0,0.11,0,2,0.11,8.192,0.11,10.24,0
3.639500526,0.244,244,2,0.354,24.576,0.354,26.624,3.639500526
3.673844139,0.183,183,2,0.537,40.96,0.537,43.008,0.034343613
4.683997386,0.183,183,2,0.72,57.344,0.72,59.392,1.010153247
5.685091868,0.183,183,2,0.903,73.728,0.903,75.776,1.001094482
6.685967119,0.183,183,2,1.086,90.112,1.086,92.16,1.000875251
7.686770294,0.183,183,2,1.269,106.496,1.269,108.544,1.000803175
8.687526466,0.183,183,2,1.452,122.88,1.452,124.928,1.000756172
9.688220129,0.183,183,2,1.635,139.264,1.635,141.312,1.000693663
10.688949342,0.183,183,2,1.818,155.648,1.818,157.696,1.000729213
11.689932009,0.183,183,2,2.001,163.84,2.001,165.888,1.000982667
12.269286618,0.268,268,6,0.268,8.452,2.435,176.843,0.579354609
11.705530361,0.166,166,2,2.167,174.535,2.688,193.227,0
12.697404328,0.219,219,2,2.386,207.303,2.907,225.995,0.991873967
12.84821792,0.283,283,2,2.669,223.687,3.19,242.379,0.150813592
12.892616233,0.207,207,2,2.876,240.071,3.397,258.763,0.044398313
12.935734845,0.102,102,2,2.978,248.263,3.499,266.955,0.043118612
12.316176031,0.253,253,6,0.521,24.836,3.624,70214.668,0
13.328728395,0.291,291,6,0.812,25.123,3.915,70603.794,1.012552364
12.963153276,0.125,125,2,3.103,169033.754,4.149,169069.117,0
13.698474506,0.219,219,2,3.322,294201.206,4.368,294236.569,0.73532123
13.331606555,0.234,234,6,1.046,41.507,4.493,347342.177,0
14.335129279,0.405,405,6,1.451,41.908,4.898,347839.952,1.003522724
14.146251699,0.125,125,2,3.447,436502.634,5.128,436554.782,0
14.701253072,0.219,219,2,3.666,436519.018,5.347,436571.166,0.555001373
15.224322591,0.174,174,2,3.84,436535.402,5.521,436587.55,0.523069519
15.225604527,0.188,188,2,4.028,436543.594,5.709,436595.742,0.001281936
14.337581965,0.23,230,6,1.681,58.292,5.832,436735.543,0
15.227972077,0.123,123,2,4.151,437101.903,6.483,437171.082,0.890390112
15.231939621,0.651,651,6,2.332,75.323,6.837,437195.658,0.003967544
15.263593646,0.354,170,2,4.505,437126.479,7.334,437204.343,0.031654025
15.264491456,0.497,497,6,2.829,92.2,7.457,437260.739,0.00089781
15.266139081,0.123,123,2,4.628,437174.683,7.836,437277.498,0.001647625
15.278031585,0.379,379,6,3.208,108.959,8.055,437293.882,0.011892504
15.702541364,0.219,219,2,4.847,437191.067,8.367,437326.954,0.424509779
16.703730272,0.219,219,2,5.066,437207.451,8.586,437343.338,1.001188908
17.704768114,0.219,219,2,5.285,437232.027,8.805,437367.914,1.001037842
18.040503754,0.264,264,2,5.549,437248.411,9.069,437384.298,0.33573564
18.706738267,0.219,219,2,5.768,437264.795,9.288,437400.682,0.666234513
19.707907549,0.219,219,2,5.987,437289.371,9.507,437425.258,1.001169282
19.948374441,0.328,328,2,6.315,437313.947,9.835,437449.834,0.240466892
19.95120895,0.252,252,2,6.567,437330.331,10.087,437466.218,0.002834509
20.028308279,0.131,131,2,6.698,437346.715,10.218,437482.602,0.077099329
20.054227427,0.11,110,2,6.808,437363.099,10.328,437498.986,0.025919148
20.257433575,0.11,110,2,6.918,437379.483,10.438,437515.37,0.203206148
20.658854384,0.11,110,2,7.028,437395.867,10.548,437531.754,0.401420809
20.708921715,0.219,219,2,7.247,437412.251,10.767,437548.138,0.050067331
21.460007729,0.11,110,2,7.357,437436.827,10.877,437605.482,0.751086014
21.573849371,0.368,368,7,0.368,40.96,11.981,437662.826,0.113841642
21.573853771,0.368,368,3,0.368,40.96,14.445,437662.826,4.39999999813e-06
21.573747961,0.368,368,2,7.725,437453.211,16.909,437671.018,0
21.709856401,0.219,219,2,7.944,437477.787,17.128,437695.594,0.13610844
21.728587763,2.464,2464,2,10.408,437510.555,19.592,437744.746,0.018731362
23.082806341,0.131,131,2,10.539,437526.939,19.723,437761.13,1.354218578
23.711737017,0.219,219,2,10.758,437543.323,19.942,437777.514,0.628930676
24.715359335,0.219,219,2,10.977,437559.707,20.161,437793.898,1.003622318
25.718931298,0.219,219,2,11.196,437576.091,20.38,437810.282,1.003571963
26.087502888,0.11,110,2,11.306,437592.475,20.49,437826.666,0.36857159
26.723169267,0.219,219,2,11.525,437602.715,20.709,437836.906,0.635666379
27.110486537,2.243,2243,2,13.768,437609.211,22.952,437843.402,0.38731727
27.667385078,0.136,136,2,13.904,437619.451,23.088,437853.642,0.556898541
27.724573635,0.219,219,2,14.123,437637.883,23.307,437872.074,0.057188557
21.666846741,2.464,2464,7,2.832,51.2,23.526,437882.314,0
21.667538589,2.464,2464,3,2.832,51.2,25.769,437884.874,0.000691847999999
28.725424791,0.219,219,2,14.342,437654.267,28.012,437896.138,7.057886202
28.853450988,2.243,2243,7,5.075,58.592,28.122,437910.698,0.128026197
28.945687019,2.243,2243,3,5.075,57.696,28.258,437933.066,0.092236031
29.091006755,0.11,110,2,14.452,437670.651,28.394,437947.402,0.145319736
29.72716768,0.219,219,2,14.671,437687.035,28.613,437963.786,0.636160925
30.727899757,0.219,219,2,14.89,437703.419,28.832,437980.17,1.000732077
31.728608297,0.219,219,2,15.109,437719.803,29.051,437996.554,1.00070854
32.092568406,0.11,110,2,15.219,437736.187,29.161,438012.938,0.363960109
32.729436125,0.219,219,2,15.438,437752.571,29.38,438029.322,0.636867719
33.730130138,0.219,219,2,15.657,437768.955,29.599,438045.706,1.000694013
34.730804386,0.219,219,2,15.876,437785.339,29.818,438062.09,1.000674248
35.094007975,0.11,110,2,15.986,437801.723,29.928,438078.474,0.363203589
35.731458659,0.219,219,2,16.205,437818.107,30.147,438094.858,0.637450684
36.73210539,0.219,219,2,16.424,437834.491,30.366,438111.242,1.000646731
37.732745275,0.219,219,2,16.643,437850.875,30.585,438127.626,1.000639885
38.095379518,0.11,110,2,16.753,437867.259,30.695,438144.01,0.362634243
38.733424272,0.219,219,2,16.972,437883.643,30.914,438160.394,0.638044754
39.734156419,0.219,219,2,17.191,437900.027,31.133,438177.802,1.000732147
40.735079092,0.219,219,2,17.41,437916.411,31.352,438194.186,1.000922673
41.097277944,0.11,110,2,17.52,437934.843,31.462,438212.618,0.362198852
41.736066019,0.219,219,2,17.739,437951.227,31.681,438229.002,0.638788075
42.736889727,0.219,219,2,17.958,437967.611,31.9,438245.386,1.000823708
43.737590026,0.219,219,2,18.177,437983.995,32.119,438261.77,1.000700299
44.098801811,0.11,110,2,18.287,438000.379,32.229,438278.154,0.361211785
44.738339353,0.219,219,2,18.506,438016.763,32.448,438294.538,0.639537542
45.739041258,0.219,219,2,18.725,438033.147,32.667,438310.922,1.000701905
46.739749448,0.219,219,2,18.944,438049.531,32.886,438327.306,1.00070819
47.100242148,0.11,110,2,19.054,438065.915,32.996,438343.69,0.3604927
47.740394433,0.219,219,2,19.273,438082.299,33.215,438360.074,0.640152285
48.741043607,0.219,219,2,19.492,438098.683,33.434,438392.842,1.000649174
50.092565962,0.223,223,8,0.223,40.96,33.876,438444.042,1.351522355
49.742191658,0.219,219,2,19.711,438115.067,34.023,438460.426,0
29.398844924,0.136,136,7,5.211,93.408,34.133,438470.666,0
50.101886771,0.11,110,2,19.821,438123.259,42.428,438470.666,20.703041847
29.514789137,0.136,136,3,5.211,64.864,50.723,438470.666,0
50.35624677,8.295,8295,7,13.506,109.792,59.018,438493.706,20.841457633
50.357584161,8.295,8295,3,13.506,84.832,59.263,438526.474,0.001337391
50.356986529,8.295,8295,2,28.116,438142.715,59.508,438526.474,0
50.513060217,0.245,245,2,28.361,438144.763,59.753,438532.618,0.156073688
50.505145523,0.245,245,7,13.751,111.84,62.91,438532.618,0
50.511904274,0.245,245,3,13.751,86.88,66.067,438532.618,0.006758751
50.563871985,3.157,3157,2,31.518,438169.339,69.224,438569.482,0.051967711
50.743338732,0.219,219,2,31.737,438185.723,69.443,438585.866,0.179466747
50.976463559,0.245,245,2,31.982,438186.747,69.688,438586.89,0.233124827
50.56389189,3.157,3157,7,16.908,122.08,95.357,438605.322,0
50.563899084,3.157,3157,3,16.908,99.168,95.635,438609.418,7.19399999838e-06
50.979659845,25.669,25669,2,57.651,438215.419,95.913,438630.922,0.415760761
51.744446903,0.22,220,2,57.871,438231.803,96.133,438647.306,0.764787058
52.745302669,0.22,220,2,58.091,438264.571,96.353,438680.074,1.000855766
53.746084332,0.22,220,2,58.311,438297.339,96.573,438712.842,1.000781663
55.747698784,0.22,220,2,58.531,438313.723,96.793,438729.226,2.001614452
56.105872194,0.11,110,2,58.641,438330.107,96.903,438745.61,0.35817341
56.748499793,0.22,220,2,58.861,438346.491,97.123,438761.994,0.642627599
57.749176974,0.22,220,2,59.081,438362.875,97.343,438778.378,1.000677181
58.74995354,0.22,220,2,59.301,438379.259,97.563,438794.762,1.000776566
59.107549642,0.11,110,2,59.411,438395.643,97.673,438814.73,0.357596102
59.750836822,0.22,220,2,59.631,438412.027,97.893,438834.186,0.64328718
60.751668772,0.22,220,2,59.851,438461.179,98.113,438883.338,1.00083195
61.75262881,0.22,220,2,60.071,438477.563,98.333,438899.722,1.000960038
51.041212295,0.278,278,3,17.186,112.48,98.443,438916.106,0
62.109580696,0.11,110,2,60.181,438493.947,106.738,438932.49,11.068368401
62.753701852,0.22,220,2,60.401,438534.907,106.958,438973.45,0.644121156
50.998654998,0.278,278,7,17.186,136.928,115.253,438998.026,0
63.231458276,8.295,8295,2,68.696,438559.483,123.548,439014.41,12.232803278
63.75477608,0.22,220,2,68.916,438575.867,123.768,439030.794,0.523317804
64.75580163,0.22,220,2,69.136,438592.251,123.988,439047.178,1.00102555
65.1112381,0.11,110,2,69.246,438608.635,124.098,439063.562,0.35543647
65.756654322,0.22,220,2,69.466,438625.019,124.318,439079.946,0.645416222
66.757373617,0.22,220,2,69.686,438641.403,124.538,439096.33,1.000719295
67.758095986,0.22,220,2,69.906,438657.787,124.758,439112.714,1.000722369
68.113036792,0.11,110,2,70.016,438674.171,124.868,439129.098,0.354940806
68.758844754,0.22,220,2,70.236,438690.555,125.088,439153.674,0.645807962
69.759623624,0.22,220,2,70.456,438706.939,125.308,439178.25,1.00077887
70.760375955,0.22,220,2,70.676,438723.323,125.528,439194.634,1.000752331
71.115908875,0.11,110,2,70.786,438756.091,125.638,439227.402,0.35553292
62.586429603,8.295,8295,3,25.481,137.056,125.858,439243.786,0
71.761550126,0.22,220,2,71.006,438772.475,134.153,439260.17,9.175120523
72.762599911,0.22,220,2,71.226,438788.859,134.373,439276.554,1.001049785
73.57084913,8.295,8295,2,79.521,438805.243,142.668,439292.938,0.808249219
73.763611492,0.22,220,2,79.741,438821.627,142.888,439309.322,0.192762362
63.689899255,8.295,8295,7,25.481,161.504,142.998,439325.706,0
74.117811911,0.11,110,2,79.851,438838.011,151.293,439342.09,10.427912656
74.764730698,0.22,220,2,80.071,438854.395,151.513,439358.474,0.646918787
75.765533175,0.22,220,2,80.291,438870.779,151.733,439374.858,1.000802477
76.766169359,0.22,220,2,80.511,438887.163,151.953,439391.242,1.000636184
77.119408692,0.11,110,2,80.621,438903.547,152.063,439407.626,0.353239333
77.766828591,0.22,220,2,80.841,438919.931,152.283,439424.01,0.647419899
78.767499137,0.22,220,2,81.061,438936.315,152.503,439444.49,1.000670546
79.768326198,0.22,220,2,81.281,438952.699,152.723,439460.874,1.000827061
80.121122458,0.11,110,2,81.391,438969.083,152.833,439481.354,0.35279626
80.769273106,0.22,220,2,81.611,438993.659,153.053,439505.93,0.648150648
72.533342475,8.295,8295,3,33.776,153.44,153.273,439518.218,0
81.770108687,0.22,220,2,81.831,439010.043,161.568,439530.506,9.236766212
82.770991411,0.22,220,2,82.051,439026.427,161.788,439546.89,1.000882724
83.12261755,0.11,110,2,82.161,439042.811,161.898,439563.274,0.351626139
74.14011782,8.295,8295,7,33.776,177.888,170.414,439587.85,0
83.771806529,8.516,220,2,90.677,439071.483,178.71,439604.234,9.631688709
84.772797996,0.22,220,2,90.897,439087.867,178.93,439620.618,1.000991467
85.773486491,0.22,220,2,91.117,439096.059,179.15,439628.81,1.000688495
86.124103912,0.11,110,2,91.227,439112.443,179.26,439645.194,0.350617421
86.774295742,0.22,220,2,91.447,439128.827,179.48,439661.578,0.65019183
87.775012244,0.22,220,2,91.667,439145.211,179.7,439677.962,1.000716502
88.775816955,0.22,220,2,91.887,439161.595,179.92,439694.346,1.000804711
89.125639164,0.11,110,2,91.997,439177.979,180.03,439714.826,0.349822209
89.776816733,0.22,220,2,92.217,439194.363,180.25,439735.306,0.651177569
90.777601889,0.22,220,2,92.437,439214.843,180.47,439755.786,1.000785156
82.266456232,8.295,8295,3,42.071,169.824,180.69,439772.17,0
91.778331032,0.22,220,2,92.657,439231.227,188.986,439786.506,9.5118748
92.127130694,0.11,110,2,92.767,439247.611,189.096,439802.89,0.348799662
92.779178346,0.22,220,2,92.987,439263.995,189.316,439819.274,0.652047652
93.779872289,0.22,220,2,93.207,439276.283,189.536,439831.562,1.000693943
84.360958543,8.296,8296,7,42.072,194.272,197.832,439843.85,0
93.811500264,8.296,8296,2,101.503,439292.667,206.128,439858.186,9.450541721
94.780737274,0.22,220,2,101.723,439309.051,206.348,439874.57,0.96923701
95.128610352,0.11,110,2,101.833,439325.435,206.458,439890.954,0.347873078
95.781574461,0.22,220,2,102.053,439341.819,206.678,439907.338,0.652964109
96.782232785,0.22,220,2,102.273,439358.203,206.898,439923.722,1.000658324
97.782915134,0.22,220,2,102.493,439374.587,207.118,439940.106,1.000682349
98.130055577,0.11,110,2,102.603,439390.971,207.228,439956.49,0.347140443
98.78365615,0.22,220,2,102.823,439407.355,207.448,439976.97,0.653600573
99.784455973,0.22,220,2,103.043,439423.739,207.668,439997.45,1.000799823
100.785266132,0.22,220,2,103.263,439440.123,207.888,440013.834,1.000810159
91.824795041,8.296,8296,3,50.367,212.832,207.998,440054.794,0
101.131545432,0.11,110,2,103.373,439460.603,216.294,440099.85,9.306750391
101.786252919,0.22,220,2,103.593,439476.987,216.514,440116.234,0.654707487
102.786998615,0.22,220,2,103.813,439493.371,216.734,440132.618,1.000745696
103.787636615,0.22,220,2,104.033,439505.659,216.954,440144.906,1.000638
103.897671767,8.296,8296,2,112.329,439517.947,225.25,440157.194,0.110035152
104.132973337,0.11,110,2,112.439,439534.331,225.36,440206.346,0.23530157
104.788537009,0.22,220,2,112.659,439550.715,225.58,440222.73,0.655563672
105.789383345,0.22,220,2,112.879,439567.099,225.8,440239.114,1.000846336
106.79009412,0.22,220,2,113.099,439583.483,226.02,440255.498,1.000710775
107.134456766,0.11,110,2,113.209,439599.867,226.13,440271.882,0.344362646
107.790778635,0.22,220,2,113.429,439620.347,226.35,440292.362,0.656321869
108.791557644,0.22,220,2,113.649,439636.731,226.57,440341.514,1.000779009
109.792352787,0.22,220,2,113.869,439653.115,226.79,440357.898,1.000795143
110.136013807,0.11,110,2,113.979,439669.499,226.9,440390.666,0.34366102
94.533751746,8.296,8296,7,50.368,270.048,227.12,440415.242,0
111.282368033,8.331,8331,7,58.699,319.2,235.451,440464.394,16.748616287
111.301012234,0.245,245,7,58.944,320.224,235.696,440465.418,0.018644201
111.304785898,2.425,2425,7,61.369,330.464,238.121,440475.658,0.00377366400001
111.33403005,0.133,133,7,61.502,333.536,238.254,440478.73,0.029244152
110.793170978,0.22,220,2,114.199,439692.027,238.487,440493.066,0
111.79403694,0.22,220,2,114.419,439708.411,238.707,440509.45,1.000865962
112.794697778,0.22,220,2,114.639,439724.795,238.927,440525.834,1.000660838
113.13746916,0.11,110,2,114.749,439741.179,239.037,440542.218,0.342771382
113.795350585,0.22,220,2,114.969,439749.371,239.257,440555.434,0.657881425
111.353797438,0.233,233,7,61.735,338.56,239.426,440555.434,0
101.467507009,8.296,8296,3,58.663,278.368,239.595,440555.434,0
114.303518209,0.169,169,2,115.138,439751.419,239.764,440575.914,12.8360112
114.30709974,0.169,169,7,61.904,348.8,239.933,440575.914,0.00358153099999
114.307427644,0.169,169,3,58.832,286.56,240.102,440575.914,0.000327904000002
114.33128424,0.169,169,7,62.073,350.848,240.271,440577.962,0.023856596
114.33118269,0.169,169,2,115.307,439751.419,248.52,440577.962,0
114.331525332,0.169,169,3,59.001,286.56,256.769,440577.962,0.000342641999993
114.333959789,8.249,8249,7,70.322,371.84,265.018,440621.482,0.00243445700001
114.339896787,0.245,245,7,70.567,372.832,265.263,440642.954,0.005936998
114.334522431,8.249,8249,2,123.556,439780.091,267.621,440659.338,0
114.34688762,0.278,278,2,123.834,439781.083,267.899,440660.33,0.012365189
114.33503772,8.249,8249,3,67.25,311.136,270.257,440662.378,0
114.349810758,2.358,2358,2,126.192,439787.227,270.535,440668.522,0.014773038
114.372376616,0.133,133,2,126.325,439788.251,270.668,440669.546,0.022565858
114.342042381,2.358,2358,7,72.925,385.12,270.901,440674.666,0
114.35109039,0.278,278,3,67.528,312.656,279.15,440707.93,0.009048009
114.410951214,8.249,8249,7,81.174,467.04,279.283,440757.082,0.059860824
114.416824168,0.133,133,3,67.661,313.632,279.416,440758.058,0.00587295400001
114.38449366,0.233,233,2,126.558,439796.443,279.649,440766.25,0
114.796328852,0.22,220,2,126.778,439812.827,279.869,440782.634,0.411835192
115.797594166,0.22,220,2,126.998,439829.211,280.089,440799.018,1.001265314
116.138959643,0.11,110,2,127.108,439845.595,280.199,440831.786,0.341365477
114.418298447,0.133,133,7,81.307,499.808,280.419,440856.362,0
116.83591538,8.249,8249,7,89.556,516.192,288.668,440872.746,2.417616933
114.431772228,0.233,233,3,67.894,317.728,288.801,440877.834,0
117.268870507,8.249,8249,3,76.143,327.456,297.05,440887.562,2.837098279
116.798335043,0.22,220,2,127.328,439858.139,297.183,440890.922,0
117.330145268,8.249,8249,2,135.577,439864.283,305.432,440897.066,0.531810225
117.337408831,0.133,133,2,135.71,439872.475,305.565,440905.258,0.00726356300001
117.799349208,0.22,220,2,135.93,439880.667,305.785,440913.45,0.461940377
116.843140461,0.133,133,7,89.689,523.36,306.005,440928.81,0
119.128724682,8.249,8249,7,97.938,564.32,314.254,440969.77,2.285584221
118.800186326,0.22,220,2,136.15,439897.051,314.387,440977.962,0
119.140649732,0.11,110,2,136.26,439913.435,314.497,441014.826,0.340463406
119.801075615,0.22,220,2,136.48,439933.915,314.717,441043.498,0.660425883
119.135543077,0.133,133,7,98.071,584.8,314.937,441059.882,0
120.802155501,0.22,220,2,136.7,439942.107,323.186,441059.882,1.666612424
117.281648458,0.133,133,3,76.276,343.84,331.435,441059.882,0
121.299067014,8.249,8249,7,106.32,595.04,339.684,441109.034,4.017418556
121.299819484,8.249,8249,3,84.525,354.08,339.929,441129.514,0.000752469999995
121.29928876,8.249,8249,2,144.949,439991.259,340.174,441129.994,0
121.304465257,0.245,245,7,106.565,596.0,340.419,441130.986,0.00517649700001
121.305684197,0.245,245,2,145.194,439992.219,342.747,441131.946,0.00121894
121.305537041,0.245,245,3,84.77,355.104,345.075,441132.458,0
121.30709527,2.328,2328,7,108.893,601.12,347.403,441147.818,0.00155822900001
121.308784661,2.328,2328,3,87.098,359.712,355.652,441166.762,0.001689391
121.372566794,8.249,8249,7,117.142,633.888,363.901,441191.338,0.063782133
121.42345008,8.249,8249,7,125.391,650.272,372.15,441215.914,0.050883286
121.308465067,2.328,2328,2,147.522,440004.507,380.399,441228.202,0
121.504515906,8.249,8249,2,155.771,440094.619,388.648,441322.41,0.196050839
121.803196625,0.22,220,2,155.991,440111.003,388.868,441338.794,0.298680719
122.142779682,0.11,110,2,156.101,440119.195,388.978,441346.986,0.339583057
121.472412522,8.249,8249,7,133.64,662.56,389.147,441346.986,0
121.387946822,8.249,8249,3,95.347,376.096,389.316,441346.986,0
122.207191784,0.169,169,7,133.809,674.848,389.485,441414.57,0.819244962
122.207423517,0.169,169,3,95.516,394.528,389.654,441414.57,0.000231732999993
122.207138006,0.169,169,2,156.27,440156.059,389.823,441414.57,0
122.214392979,0.169,169,2,156.439,440173.467,389.992,441439.146,0.007254973
122.213989366,0.169,169,7,133.978,677.408,390.212,441447.338,0
122.804363603,0.22,220,2,156.659,440181.659,398.65,441447.338,0.590374237
122.214177937,0.169,169,3,95.685,399.136,407.088,441447.338,0
123.369162101,8.438,8438,3,104.123,409.824,415.526,441495.338,1.154984164
123.368750946,8.438,8438,2,165.097,440216.475,415.771,441495.338,0
123.368460127,8.438,8438,7,142.416,688.096,416.016,441503.53,0
123.376301766,0.245,245,3,104.368,411.296,416.261,441507.754,0.00784163899999
123.377110249,0.245,245,7,142.661,689.472,879.661,441507.754,0.000808483
123.37634863,0.245,245,2,165.342,440217.851,1331.477,441507.754,0
123.379606167,453.264,257040,2,618.606,440217.851,2440.805,441507.754,0.00325753700001
123.379442179,786.344,257040,7,929.005,689.472,2700.037,441507.754,0
123.381037005,259.232,196224,2,877.838,440217.851,2885.421,441507.754,0.001594826
123.381621716,185.384,139752,7,1114.389,689.472,2948.429,441507.754,0.000584711000002
123.383935977,63.008,63008,2,940.846,440242.427,2994.061,441540.522,0.002314261
123.805331882,0.22,220,2,941.066,440254.715,2994.281,441552.81,0.421395905
123.968668854,0.245,245,2,941.311,440256.027,2994.526,441554.122,0.163336972
123.379214567,784.936,257040,3,889.304,417.44,3120.875,441562.314,0
124.006301782,0.278,278,3,889.582,418.848,3121.153,441563.722,0.627087215
123.384045349,45.632,45632,7,1160.021,695.616,3247.502,441566.794,0
123.970680912,126.349,126349,2,1067.66,440267.291,3247.813,441572.938,0.586635563
124.008257897,126.349,126349,3,1015.931,423.344,3256.251,441609.178,0.037576985
124.03702168,0.311,311,7,1160.332,700.112,3264.689,441620.842,0.028763783
124.332422513,8.438,8438,7,1168.77,712.4,3273.127,441649.514,0.295400833
124.290843692,8.438,8438,2,1076.098,440316.443,3281.565,441663.85,0
124.659580736,8.438,8438,7,1177.208,722.64,3281.785,441676.138,0.368737044
124.806361273,0.22,220,2,1076.318,440332.827,3290.223,441749.866,0.146780537
124.966462219,8.438,8438,7,1185.646,804.56,3290.333,441774.442,0.160100946
124.327017287,8.438,8438,3,1024.369,439.728,3298.397,441774.442,0
125.576952701,8.064,8064,7,1193.71,837.328,3306.461,441872.746,1.249935414
125.577285215,8.064,8064,3,1032.433,521.648,3306.706,441889.13,0.000332514000007
125.583169064,0.245,245,3,1032.678,522.976,3306.951,441890.458,0.005883849
125.585227007,493.46,262144,3,1526.138,522.976,3800.411,441891.338,0.002057943
125.582546429,0.245,245,7,1193.955,838.64,3910.305,441891.77,0
125.588166278,502.358,262144,7,1696.313,838.64,4412.663,441891.77,0.005619849
125.586675935,109.894,109894,3,1636.032,559.84,4988.197,441936.826,0
125.589514284,575.534,240214,7,2271.847,850.928,4988.419,441940.922,0.002838349
125.144482343,0.11,110,2,1076.428,440349.211,4988.641,441949.114,0
125.765779995,0.222,222,3,1636.254,117044.96,4988.861,665866.17,0.621297652
125.807334232,0.22,220,2,1076.648,440365.595,4989.107,665915.322,0.041554237
125.788643238,0.222,222,7,2272.069,108274.672,4989.327,665923.514,0
126.808988423,0.22,220,2,1076.868,440373.787,4989.573,665943.994,1.020345185
126.814647453,0.246,246,7,2272.315,108295.152,4989.742,665943.994,0.00565903
126.784111097,0.246,246,3,1636.5,117085.92,4989.911,665943.994,0
126.843795293,0.169,169,2,1077.037,440398.363,4990.08,665996.218,0.059684196
126.843851865,0.169,169,7,2272.484,108304.368,4998.414,665996.218,5.65720000054e-05
126.844006493,0.169,169,3,1636.669,117104.352,5006.748,665996.218,0.00015462799999
127.255326187,8.334,8334,3,1645.003,117141.216,5015.082,666037.178,0.411319694
127.254585171,8.334,8334,2,1085.371,440405.531,5015.327,666041.098,0
127.260238753,0.245,245,3,1645.248,117142.48,5015.572,666041.514,0.00565358199999
127.262420455,786.432,262144,3,2431.68,117142.48,5802.004,666042.346,0.002181702
127.261526347,0.245,245,2,1085.616,440406.763,6326.292,666042.746,0
127.263693452,965.015,262144,3,3396.695,117142.48,7291.307,666042.746,0.002167105
127.266020703,226.846,178583,3,3623.541,117142.48,7518.153,666042.746,0.002327251
127.264155592,524.288,262144,2,1609.904,440406.763,7566.416,666042.746,0
127.267470538,524.288,262144,2,2134.192,440406.763,8090.704,666042.746,0.003314946
127.25499018,8.334,8334,7,2280.818,108323.824,9867.546,666080.122,0
127.293470563,0.311,311,7,2281.129,108325.056,9867.857,666081.354,0.038480383
127.267283504,48.263,48263,3,3671.804,117162.96,12951.131,666093.642,0
127.298397237,3083.274,262144,7,5364.403,108339.392,12959.465,666107.978,0.031113733
127.270314685,1776.842,262144,2,3911.034,440411.291,12967.799,666176.506,0
127.639102085,8.334,8334,2,3919.368,440427.675,12976.133,666192.89,0.3687874
127.627172216,8.334,8334,7,5372.737,108421.312,12976.353,666225.658,0
127.810005033,0.22,220,2,3919.588,440452.251,12984.687,666266.618,0.182832817
127.928126897,8.334,8334,7,5381.071,108458.176,12984.797,666287.098,0.118121864
128.145949848,0.11,110,2,3919.698,440468.635,12993.131,666311.674,0.217822951
128.810975826,0.22,220,2,3919.918,440476.827,12993.351,666352.634,0.665025978
127.596780153,8.334,8334,3,3680.138,117179.344,12993.52,666352.634,0
128.217789151,8.334,8334,7,5389.405,108507.328,12993.689,666352.634,0.621008998
129.334446444,0.169,169,2,3920.087,440558.747,12993.858,666582.01,1.116657293
129.335158615,0.169,169,7,5389.574,108572.864,12994.027,666582.01,0.000712171000004
129.334786152,0.169,169,3,3680.307,117261.264,12994.196,666582.01,0
129.345274078,0.169,169,2,3920.256,440595.611,12994.365,666676.218,0.010487926
129.345276522,0.169,169,7,5389.743,108597.44,12994.534,666676.218,2.44400001748e-06
129.345437646,0.169,169,3,3680.476,117294.032,12994.703,666676.218,0.000161123999987
129.350785533,0.169,169,2,3920.425,440601.755,12994.872,666697.722,0.005347887
129.351012307,0.169,169,7,5389.912,108602.56,12995.041,666697.722,0.000226773999998
129.351223787,0.169,169,3,3680.645,117304.272,12995.21,666697.722,0.000211480000019
129.356946651,0.169,169,7,5390.081,108604.096,12995.379,666704.378,0.00572286399998
129.356724207,0.169,169,2,3920.594,440604.827,12995.52,666704.378,0
129.357048829,0.169,169,3,3680.814,117306.32,12995.661,666704.378,0.000324621999994
129.36259304,0.141,141,2,3920.735,440614.555,12995.802,666717.162,0.005544211
129.811989014,0.22,220,2,3920.955,440622.747,12996.022,666725.354,0.449395974
129.362592481,0.141,141,7,5390.222,108605.104,13004.461,666725.354,0
129.362816183,0.141,141,3,3680.955,117308.368,13012.9,666725.354,0.000223702
129.862354078,8.439,8439,7,5398.661,108611.616,13021.339,666736.922,0.499537895
129.862136732,8.439,8439,2,3929.394,440633.435,13021.584,666761.498,0
129.862690154,8.439,8439,3,3689.394,117327.312,13021.829,666761.498,0.000553421999996
129.86657291,0.245,245,7,5398.906,108612.784,13022.074,666764.25,0.003882756
129.867982866,0.245,245,3,3689.639,117328.496,13327.646,666765.018,0.001409956
129.867728015,0.245,245,2,3929.639,440634.603,13584.688,666765.018,0
129.870211781,305.572,257042,2,4235.211,440634.603,13938.79,666765.018,0.00248376599998
129.870153464,257.042,257042,3,3946.681,117340.784,13987.32,666783.45,0
129.976256132,0.245,245,3,3946.926,117341.904,13987.565,666784.57,0.106102668
129.978106577,786.432,262144,3,4733.358,117341.904,14773.997,666784.57,0.001850445
129.979614031,672.69,262144,3,5406.048,117341.904,15446.687,666784.57,0.00150745400001
129.874020226,48.53,48530,2,4283.741,440640.747,15704.126,666788.666,0
129.869397362,354.102,257042,7,5753.008,108615.856,15704.404,666789.69,0
129.981204596,257.439,172693,3,5663.487,117347.536,15704.682,666795.29,0.111807234
130.025768224,0.278,278,7,5753.286,108620.208,15713.121,666815.034,0.044563628
130.015803549,0.278,278,2,4284.019,440645.243,15721.56,666822.602,0
130.287253781,8.439,8439,7,5761.725,108629.424,15729.999,666840.01,0.271450232
130.509762802,8.439,8439,7,5770.164,108670.384,15738.438,666893.258,0.222509021
130.352952638,8.439,8439,2,4292.458,440665.723,15746.877,666917.834,0
130.813458475,0.22,220,2,4292.678,440682.107,15747.097,666942.41,0.460505837
130.717672481,8.439,8439,7,5778.603,108694.96,15747.207,666950.602,0
130.251120345,8.439,8439,3,5671.926,117376.208,15755.272,666950.602,0
131.256636968,8.065,8065,7,5786.668,108705.2,15763.337,666964.938,1.005516623
131.256912073,8.065,8065,3,5679.991,117386.448,15763.582,666972.17,0.000275104999986
131.262121953,0.245,245,7,5786.913,108706.288,15763.827,666972.17,0.00520988
131.264113338,0.245,245,3,5680.236,117387.488,16465.555,666973.21,0.001991385
131.26628631,428.304,262144,3,6108.54,117387.488,16893.859,666973.21,0.00217297200001
131.268691993,44.736,44736,3,6153.276,117390.56,16938.595,666978.33,0.00240568300001
131.264118436,701.728,262144,7,6488.641,108709.36,16938.817,666979.354,0
131.14783654,0.11,110,2,4292.788,440704.635,16939.039,666993.69,0
131.435519702,0.222,222,3,6153.498,203860.512,16939.26,821272.218,0.287683162
131.474668814,0.222,222,7,6488.863,192992.048,16939.506,837760.666,0.039149112
131.814852926,0.221,221,2,4293.009,440712.827,16939.752,837766.81,0.340184112
132.372650953,0.246,246,7,6489.109,192998.192,16939.921,837766.81,0.557798027
132.219727596,0.246,246,3,6153.744,203866.656,16940.09,837766.81,0
132.386659019,0.169,169,2,4293.178,440725.627,16940.259,837783.642,0.166931423
132.386664257,0.169,169,7,6489.278,193000.208,16940.48,837791.834,5.23799999996e-06
132.386836556,0.169,169,3,6153.913,203868.672,16948.814,837791.834,0.000172298999985
132.815853961,0.221,221,2,4293.399,440733.819,16957.148,837791.834,0.429017405
132.866732079,8.334,8334,3,6162.247,203875.168,16965.482,837800.826,0.050878118
132.870912359,0.245,245,3,6162.492,203876.144,16965.727,837801.802,0.00418027999999
132.867064174,8.334,8334,2,4301.733,440744.507,17752.159,837812.394,0
132.873423852,786.432,262144,3,6948.924,203876.144,17752.404,837812.394,0.006359678
132.874833598,786.432,262144,3,7735.356,203876.144,18538.836,837812.762,0.00140974600001
132.876451611,786.432,262144,3,8521.788,203876.144,19325.268,837813.482,0.00161801299998
132.874582449,0.245,245,2,4301.978,440745.595,19587.412,837813.482,0
132.866429387,8.334,8334,7,6497.612,193006.704,20373.844,837817.578,0
132.878058868,524.288,262144,3,9046.076,203876.144,20374.089,837817.578,0.011629481
132.878068925,524.288,262144,2,4826.266,440745.595,20965.859,837818.266,1.00569999972e-05
132.879213973,591.77,262144,3,9637.846,203876.144,21490.147,837818.266,0.00114504799998
132.881329675,134.146,132233,3,9771.992,203876.144,21624.293,837818.266,0.002115702
132.878494608,0.245,245,7,6497.857,193007.728,21626.206,837818.602,0
132.881118336,524.288,262144,2,5350.554,440745.595,22150.494,837818.602,0.00262372799997
132.883541828,524.288,262144,7,7022.145,193007.728,22674.782,837818.602,0.00242349200002
132.884002501,524.288,262144,2,5874.842,440745.595,23199.07,837818.602,0.000460672999992
132.886791683,524.288,262144,7,7546.433,193007.728,23723.358,837818.602,0.00278918200001
132.887192572,524.288,262144,2,6399.13,440745.595,24247.646,837818.602,0.000400888999991
132.888953201,524.288,262144,2,6923.418,440745.595,24771.934,837820.65,0.00176062899999
132.888651067,524.288,262144,7,8070.721,193007.728,25296.222,837820.65,0
132.890794636,524.288,262144,2,7447.706,440745.595,25820.51,837820.65,0.002143569
132.891199087,524.288,262144,7,8595.009,193007.728,26330.727,837820.65,0.00040445099998
132.892192579,510.217,262144,2,7957.923,440745.595,26855.015,837820.65,0.000993492000021
132.893468998,524.288,262144,7,9119.297,193007.728,27220.841,837820.65,0.00127641899999
132.894212389,365.826,248073,2,8323.749,440745.595,27745.129,837820.65,0.000743390999986
132.895745475,524.288,262144,7,9643.585,193007.728,27862.882,837820.65,0.00153308600002
132.897271577,510.217,262144,7,10153.802,193007.728,28373.099,837820.65,0.00152610199999
132.899462358,365.826,248073,7,10519.628,193007.728,28738.925,837820.65,0.002190781
132.882822323,1.913,1913,3,9773.905,203881.264,28856.678,837829.866,0
132.901440752,117.753,117753,7,10637.381,193012.848,28865.012,837849.322,0.018618429
132.89620091,117.753,117753,2,8441.502,440753.787,28873.346,837869.802,0
133.233809694,8.334,8334,7,10645.715,193037.424,28881.68,837918.954,0.337608784
133.505185544,8.334,8334,7,10654.049,193047.664,28890.014,837937.386,0.27137585
133.239018457,8.334,8334,2,8449.836,440802.939,28898.348,838011.114,0
133.796384236,8.334,8334,7,10662.383,193129.584,28898.569,838035.69,0.557365779
133.816797098,0.221,221,2,8450.057,440811.131,28898.738,838035.69,0.020412862
133.187932352,8.334,8334,3,9782.239,203905.84,28898.907,838035.69,0
134.146460248,0.169,169,2,8450.226,440835.707,28899.076,838090.986,0.958527896
134.149738808,0.11,110,2,8450.336,440847.995,28899.186,838118.634,0.00327855999998
134.146456477,0.169,169,7,10662.552,193166.448,28899.355,838118.634,0
134.146711537,0.169,169,3,9782.408,203915.056,28899.524,838118.634,0.000255060000001
134.156543304,0.169,169,2,8450.505,440862.331,28899.693,838144.73,0.00983176700001
134.817784583,0.221,221,2,8450.726,440870.523,28899.914,838152.922,0.661241279
134.156754015,0.169,169,3,9782.577,203917.6,28908.353,838152.922,0
134.156601901,0.169,169,7,10662.721,193175.664,28916.792,838152.922,0
135.004201725,8.439,8439,7,10671.16,193195.12,28925.231,838180.938,0.847599824
135.00385622,8.439,8439,3,9791.016,203924.112,28925.476,838182.986,0
135.007696932,0.245,245,7,10671.405,193196.064,28925.721,838184.826,0.003840712
135.008147757,0.245,245,3,9791.261,203925.008,29182.762,838184.826,0.000450825000001
135.003591522,8.439,8439,2,8459.165,440907.387,29439.803,838217.594,0
135.012306876,0.245,245,2,8459.41,440908.411,29440.048,838218.618,0.008715354
135.009740209,257.041,257041,3,10048.302,203928.08,29697.089,838246.266,0
135.11037619,0.245,245,3,10048.547,203928.912,29697.334,838247.098,0.100635981
135.112496921,786.432,262144,3,10834.979,203928.912,30483.766,838247.098,0.00212073099999
135.114132324,524.288,262144,3,11359.267,203928.912,31008.054,838247.098,0.00163540299999
135.115904337,524.288,262144,3,11883.555,203928.912,31532.342,838247.098,0.00177201299999
135.117375823,429.874,262144,3,12313.429,203928.912,31962.216,838247.098,0.00147148600001
135.015880934,257.041,257041,2,8716.451,440932.987,32129.946,838256.282,0
135.009556107,257.041,257041,7,10928.446,193208.352,32130.224,838260.378,0
135.158497673,0.278,278,7,10928.724,193209.232,32130.502,838261.258,0.148941566
135.160408949,786.432,262144,7,11715.156,193209.232,32916.934,838261.258,0.00191127599999
135.161887839,786.432,262144,7,12501.588,193209.232,33703.366,838261.258,0.00147889000002
135.163502779,786.432,262144,7,13288.02,193209.232,34489.798,838261.258,0.00161494
135.164984392,777.45,262144,7,14065.47,193209.232,35267.248,838261.258,0.00148161300001
135.166459998,498.846,253162,7,14564.316,193214.864,35766.094,838270.986,0.00147560599999
135.118976586,167.73,167730,3,12481.159,203933.264,35774.533,838290.73,0
135.154505824,0.278,278,2,8716.729,440941.179,35782.972,838298.922,0.035529238
135.43156012,8.439,8439,7,14572.755,193239.44,35791.411,838339.882,0.277054296
135.553608811,8.439,8439,2,8725.168,440982.139,35799.85,838359.338,0.122048691
135.656811879,8.439,8439,7,14581.194,193251.728,35800.071,838373.674,0.103203068
135.875510989,8.439,8439,7,14589.633,193350.032,35808.51,838488.362,0.21869911
135.463721961,8.439,8439,3,12489.598,203942.48,35816.575,838488.362,0
136.504282147,8.065,8065,3,12497.663,203991.632,35824.64,838553.898,1.040560186
136.503955919,8.065,8065,7,14597.698,193374.608,35824.885,838562.346,0
136.508068313,0.245,245,3,12497.908,203992.384,35825.13,838563.114,0.004112394
136.508882313,0.245,245,7,14597.943,193375.408,36208.698,838563.642,0.000813999999991
136.509764129,383.568,262144,3,12881.476,204004.672,36592.266,838580.026,0.000881816000003
136.510746936,383.568,262144,7,14981.511,193381.552,36592.488,838582.074,0.000982807000014
135.818723111,0.221,221,2,8725.389,441014.907,36592.71,838590.266,0
136.819830654,0.221,221,2,8725.61,441031.291,36592.931,839545.146,1.001107543
136.669660929,0.222,222,3,12881.698,328523.584,36593.041,1088155.37,0
136.765950338,0.222,222,7,14981.733,318403.168,36593.287,1088179.946,0.096289409
137.156226504,0.11,110,2,8725.72,441039.483,36593.533,1088192.234,0.390276166
137.747893643,0.246,246,7,14981.979,318415.456,36593.702,1088192.234,0.591667139
137.650271033,0.246,246,3,12881.944,328548.16,36593.871,1088192.234,0
137.760379239,0.169,169,2,8725.889,441066.107,36594.04,1088228.074,0.110108206
137.760471779,0.169,169,7,14982.148,318418.528,36594.261,1088236.266,9.25399999971e-05
137.820794324,0.221,221,2,8726.11,441074.299,36602.595,1088236.266,0.060322545
137.760536312,0.169,169,3,12882.113,328554.304,36610.929,1088236.266,0
138.312001201,8.334,8334,7,14990.482,318429.2,36619.263,1088283.802,0.551464889
138.3122791,8.334,8334,2,8734.444,441111.163,36619.508,1088283.802,0.000277899000025
138.316862155,0.245,245,2,8734.689,441112.107,36619.753,1088285.482,0.00458305499998
138.316644529,0.245,245,7,14990.727,318429.936,36881.897,1088285.482,0
138.318392727,786.432,262144,2,9521.121,441112.107,38192.617,1088285.482,0.001748198
138.318393984,786.432,262144,7,15777.159,318429.936,38979.049,1088288.042,1.25700000808e-06
138.31260924,8.334,8334,3,12890.447,328573.248,39503.337,1088304.426,0
138.320700003,786.432,262144,2,10307.553,441112.107,39503.582,1088304.426,0.00809076300001
138.321307553,524.288,262144,7,16301.447,318429.936,40027.87,1088304.426,0.000607549999984
138.32375549,524.288,262144,2,10831.841,441112.107,40552.158,1088304.426,0.002447937
138.324341248,524.288,262144,7,16825.735,318429.936,41076.446,1088304.89,0.000585758
138.327128963,524.288,262144,7,17350.023,318429.936,41600.734,1088304.89,0.00278771500001
138.326529166,524.288,262144,2,11356.129,441112.107,42125.022,1088304.89,0
138.323573204,0.245,245,3,12890.692,328573.936,42649.31,1088305.114,0
138.329595129,524.288,262144,2,11880.417,441112.107,43435.742,1088305.114,0.006021925
138.329154849,524.288,262144,7,17874.311,318429.936,44222.174,1088305.114,0
138.332355256,516.662,262144,7,18390.973,318429.936,44738.836,1088305.114,0.00320040700001
138.331691694,786.432,262144,2,12666.849,441112.107,45052.392,1088305.114,0
138.335154285,313.556,254518,7,18704.529,318429.936,45576.68,1088305.114,0.00346259099999
138.330552932,786.432,262144,3,13677.124,328573.936,45635.718,1088305.114,0
138.335973454,524.288,262144,2,13191.137,441112.107,46160.006,1088305.114,0.00542052200001
138.341096033,386.342,262144,2,13577.479,441112.107,46546.348,1088305.114,0.00512257900002
138.340074394,524.288,262144,3,14201.412,328573.936,46670.546,1088305.114,0
138.346185297,524.288,262144,3,14725.7,328573.936,47194.834,1088305.114,0.00611090300001
138.349503736,524.288,262144,3,15249.988,328573.936,47719.122,1088305.114,0.003318439
138.352786346,524.288,262144,3,15774.276,328573.936,48243.41,1088309.21,0.00328260999999
138.354411343,575.7,262144,3,16349.976,328573.936,48819.11,1088309.21,0.00162499700002
138.356297756,124.198,124198,3,16474.174,328588.272,48943.308,1088339.93,0.00188641299999
138.344798459,124.198,124198,2,13701.677,441136.683,48951.642,1088413.658,0
138.337867968,59.038,59038,7,18763.567,318438.128,48959.976,1088423.898,0
138.672645457,8.334,8334,2,13710.011,441151.019,48968.31,1088464.858,0.334777489
138.69710576,8.334,8334,7,18771.901,318479.088,48968.531,1088520.154,0.024460303
139.063757134,8.334,8334,7,18780.235,318511.856,48976.865,1088552.922,0.366651374
138.821706521,0.221,221,2,13710.232,441173.547,48985.199,1088659.418,0
139.82286868,0.221,221,2,13710.453,441189.931,48985.42,1088675.802,1.001162159
140.163702385,0.11,110,2,13710.563,441198.123,48985.53,1088692.186,0.340833705
139.389026709,8.334,8334,7,18788.569,318610.16,48985.699,1088692.186,0
138.666708878,8.334,8334,3,16482.508,328694.768,48985.868,1088692.186,0
140.560061377,0.169,169,2,13710.732,441296.427,48986.037,1088827.354,1.893352499
140.560159714,0.169,169,7,18788.738,318630.64,48986.206,1088827.354,9.83369999972e-05
140.560264336,0.169,169,3,16482.677,328711.152,48986.375,1088827.354,0.000104621999981
140.571202948,0.169,169,2,13710.901,441312.811,48986.544,1088857.05,0.010938612
140.571294859,0.169,169,7,18788.907,318638.832,48986.713,1088857.05,9.19109999984e-05
140.571428535,0.169,169,3,16482.846,328716.272,48986.882,1088857.05,0.00013367599999
140.576009774,0.169,169,2,13711.07,441321.003,48987.051,1088868.826,0.004581239
140.576104968,0.169,169,7,18789.076,318640.88,48987.192,1088868.826,9.51940000107e-05
140.576221533,0.169,169,3,16483.015,328717.808,48987.333,1088868.826,0.000116564999985
140.577439425,0.31,141,2,13711.38,441328.171,48987.981,1088880.954,0.001217892
140.577532384,0.31,141,7,18789.386,318643.376,48988.122,1088880.954,9.29589999998e-05
140.577651743,0.31,141,3,16483.325,328720.272,48988.263,1088880.954,0.000119358999996
140.58270036,0.31,141,7,18789.696,318645.232,48988.911,1088885.21,0.005048617
140.582834664,0.31,141,3,16483.635,328721.2,48989.08,1088885.21,0.000134303999999
140.582542309,0.31,141,2,13711.69,441329.643,48989.249,1088885.21,0
140.58532283,0.169,169,2,13711.859,441339.691,48989.418,1088898.746,0.00278052100001
140.585171693,0.169,169,3,16483.804,328722.96,48989.639,1088906.938,0
140.824161512,0.221,221,2,13712.08,441347.883,48998.078,1088906.938,0.238989819
140.585102551,0.169,169,7,18789.865,318646.96,49006.517,1088906.938,0
141.067669712,8.439,8439,3,16492.243,328726.0,49014.956,1088914.17,0.482567161
141.068005928,8.439,8439,2,13720.519,441351.051,49015.201,1088915.578,0.000336215999994
141.068491814,8.439,8439,7,18798.304,318649.904,49015.446,1088916.698,0.000485886000007
141.071641307,0.245,245,3,16492.488,328726.608,49015.691,1088916.698,0.003149493
141.072636056,0.245,245,2,13720.764,441351.931,49272.732,1088918.026,0.000994749
141.073073821,0.245,245,7,18798.549,318650.56,49529.773,1088918.234,0.000437765000015
141.075377396,257.041,257041,7,19055.59,318652.32,49786.814,1088921.882,0.00230357499998
141.196797446,0.245,245,7,19055.835,318652.912,49787.059,1088922.474,0.12142005
141.073464793,257.041,257041,3,16749.529,328728.432,50835.635,1088923.37,0
141.198463509,1048.576,262144,7,20104.411,318652.912,50835.88,1088923.37,0.124998716
141.200840488,786.432,262144,7,20890.843,318652.912,51622.312,1088923.37,0.00237697900002
141.203041186,524.288,262144,7,21415.131,318652.912,52146.6,1088923.738,0.002200698
141.20054897,0.245,245,3,16749.774,328728.976,52933.032,1088923.914,0
141.204660457,786.432,262144,7,22201.563,318652.912,53981.608,1088923.914,0.00411148699999
141.206223435,1048.576,262144,3,17798.35,328728.976,54312.317,1088923.914,0.00156297800001
141.20672706,330.709,262144,7,22532.272,318652.912,55098.749,1088923.914,0.000503624999993
141.074694279,257.041,257041,2,13977.805,441353.819,55167.314,1088924.842,0
141.210646972,786.432,262144,3,18584.782,328728.976,55167.559,1088924.842,0.135952693
141.21508804,786.432,262144,3,19371.214,328728.976,55953.991,1088925.386,0.00444106800001
141.21208228,0.245,245,2,13978.05,441354.619,56736.532,1088925.642,0
141.21899985,782.541,262144,3,20153.755,328728.976,57522.964,1088925.642,0.00691756999998
141.220176955,786.432,262144,2,14764.482,441354.619,57781.217,1088925.642,0.00117710500001
141.223938048,524.288,262144,2,15288.77,441354.619,58305.505,1088926.474,0.00376109300001
141.228378906,524.288,262144,2,15813.058,441354.619,58829.793,1088926.474,0.00444085799998
141.2309997,524.288,262144,2,16337.346,441354.619,59354.081,1088926.474,0.00262079400002
141.232471884,524.288,262144,2,16861.634,441354.619,59878.369,1088926.474,0.00147218399999
141.234084031,626.61,262144,2,17488.244,441354.619,60504.979,1088927.338,0.001612147
141.210979626,68.565,68565,7,22600.837,318656.944,60654.632,1088931.434,0
141.221045082,258.253,258253,3,20412.008,328733.168,60663.071,1088937.082,0.010065456
141.236112431,149.653,149653,2,17637.897,441358.971,60671.51,1088942.938,0.015067349
141.44753359,8.439,8439,7,22609.276,318663.36,60679.949,1088949.514,0.211421159
141.501811372,8.439,8439,2,17646.336,441386.027,60688.388,1089013.002,0.054277782
141.672392422,8.439,8439,7,22617.715,318712.512,60688.609,1089037.578,0.17058105
141.825159614,0.221,221,2,17646.557,441394.219,60697.048,1089058.058,0.152767192
141.47394016,8.439,8439,3,20420.447,328741.712,60705.113,1089058.058,0
142.56424487,8.065,8065,3,20428.512,328840.016,60713.178,1089221.898,1.09030471
142.5636992,8.065,8065,2,17654.622,441492.523,60713.423,1089254.666,0
142.568057087,0.245,245,3,20428.757,328840.48,60713.668,1089255.386,0.004357887
142.568703538,0.245,245,2,17654.867,441493.259,61097.235,1089255.866,0.000646450999994
142.569678732,383.567,262144,3,20812.324,328865.056,61480.802,1089296.826,0.000975194000006
142.57065651,383.567,262144,2,18038.434,441517.835,61481.024,1089305.018,0.000977777999992
142.778661452,0.222,222,2,18038.656,441526.027,61481.246,1089313.21,0.208004942
142.826079354,0.221,221,2,18038.877,441542.411,61481.467,1089329.594,0.047417902
142.760597074,0.222,222,3,20812.546,388149.536,61481.577,1194635.706,0
143.165305173,0.11,110,2,18038.987,503194.379,61481.823,1210307.002,0.404708099
143.709836359,0.246,246,2,18039.233,503243.531,61482.069,1210356.154,0.544531186
141.895144002,8.439,8439,7,22626.154,318732.992,61482.238,1210356.154,0
143.569444694,0.246,246,3,20812.792,388190.496,61482.407,1210356.154,1.674300692
143.720251092,0.169,169,2,18039.402,503264.011,61482.576,1210404.282,0.150806398
143.827139614,0.221,221,2,18039.623,503272.203,61482.797,1210412.474,0.106888522
143.720293695,0.169,169,7,22626.323,318742.208,61482.938,1210412.474,0
143.720516907,0.169,169,3,20812.961,388208.928,61483.079,1210412.474,0.00022321199998
143.977671187,0.31,141,2,18039.933,503275.771,61483.727,1210425.178,0.25715428
143.977685085,0.31,141,7,22626.633,318745.728,61483.896,1210425.178,1.38979999917e-05
143.977809053,0.31,141,3,20813.271,388214.544,61484.065,1210425.178,0.000123967999997
143.982117911,0.169,169,7,22626.802,318746.672,61484.234,1210429.962,0.004308858
143.982263949,0.169,169,3,20813.44,388216.464,61492.568,1210429.962,0.000146037999997
143.982051772,0.169,169,2,18040.102,503277.691,61500.902,1210429.962,0
144.383908041,8.334,8334,3,20821.774,388219.744,61509.236,1210437.754,0.401856269
144.384245235,8.334,8334,2,18048.436,503280.971,61509.481,1210440.074,0.000337193999997
144.383635521,8.334,8334,7,22635.136,318749.952,61509.726,1210440.074,0
144.387356455,0.245,245,3,20822.019,388220.144,61509.971,1210440.202,0.003720934
144.388409172,0.245,245,2,18048.681,503281.627,62558.547,1210441.37,0.00105271699999
144.388462391,0.245,245,7,22635.381,318750.464,63082.835,1210441.37,5.32189999944e-05
144.388866423,1048.576,262144,3,21870.595,388220.144,64655.699,1210441.37,0.000404032000006
144.391011039,786.432,262144,3,22657.027,388220.144,65442.131,1210441.37,0.00214461600001
144.390318004,1048.576,262144,7,23683.957,318750.464,65966.419,1210441.37,0
144.394527688,524.288,262144,3,23181.315,388220.144,66490.707,1210441.37,0.00420968400002
144.390119795,1048.576,262144,2,19097.257,503281.627,67014.995,1210441.37,0
144.398524146,524.288,262144,7,24208.245,318750.464,67801.427,1210441.37,0.008404351
144.39907233,524.288,262144,3,23705.603,388220.144,68325.715,1210441.37,0.000548183999996
144.399484044,786.432,262144,2,19883.689,503281.627,68850.003,1210441.37,0.000411713999995
144.405953861,524.288,262144,3,24229.891,388220.144,69636.435,1210441.37,0.00646981700001
144.405008699,524.288,262144,7,24732.533,318750.464,70031.059,1210441.37,0
144.406368998,786.432,262144,2,20670.121,503281.627,70555.347,1210441.37,0.001360299
144.41130517,394.624,262144,3,24624.515,388220.144,71341.779,1210441.37,0.00493617199999
144.412137609,524.288,262144,7,25256.821,318750.464,71474.259,1210441.37,0.000832439000021
144.414061946,786.432,262144,2,21456.553,503281.627,71998.547,1210441.37,0.00192433699999
144.421668988,786.432,262144,2,22242.985,503281.627,72784.979,1210441.37,0.00760704199999
144.419887547,524.288,262144,7,25781.109,318750.464,73208.563,1210441.37,0
144.427487815,459.784,262144,7,26240.893,318750.464,73668.347,1210441.37,0.007600268
144.426491319,423.584,262144,2,22666.569,503281.627,73865.987,1210441.37,0
144.416674289,132.48,132480,3,24756.995,388224.016,74027.427,1210447.226,0
144.432353168,161.44,161440,2,22828.009,503290.811,74035.761,1210459.514,0.015678879
144.430562508,197.64,197640,7,26438.533,318754.336,74035.982,1210470.586,0
144.828041964,0.221,221,2,22828.23,503301.883,74044.316,1210477.562,0.397479456
144.83326246,8.334,8334,7,26446.867,318763.552,74052.65,1210491.898,0.00522049599999
145.188924447,8.334,8334,7,26455.201,318812.704,74060.984,1210546.17,0.355661987
144.858002198,8.334,8334,2,22836.564,503319.291,74069.318,1210566.65,0
145.828934395,0.221,221,2,22836.785,503335.675,74069.539,1210591.226,0.970932197
146.166989814,0.11,110,2,22836.895,503352.059,74069.649,1210607.61,0.338055419
145.603330567,8.334,8334,7,26463.535,318833.184,74069.87,1210615.802,0
146.830170796,0.221,221,2,22837.116,503360.251,74078.309,1210615.802,1.226840229
144.741115127,8.334,8334,3,24765.329,388233.232,74086.748,1210615.802,0
147.056337405,8.439,8439,7,26471.974,318843.424,74095.187,1210724.346,2.315222278
147.057120256,8.439,8439,3,24773.768,388282.384,74095.432,1210724.346,0.000782850999997
147.056621799,8.439,8439,2,22845.555,503409.403,74095.677,1210724.346,0
147.060676784,0.245,245,7,26472.219,318843.872,74095.922,1210725.61,0.00405498500001
147.060944765,0.245,245,2,22845.8,503409.995,74352.963,1210725.61,0.000267980999979
147.060903349,0.245,245,3,24774.013,388282.608,74610.004,1210725.61,0
147.062387476,257.041,257041,7,26729.26,318846.944,74867.045,1210745.066,0.001484127
147.188381571,0.245,245,7,26729.505,318847.312,74867.29,1210745.434,0.125994095
147.190163083,1310.72,262144,7,28040.225,318847.312,76178.01,1210745.434,0.00178151199998
147.192971889,786.432,262144,7,28826.657,318847.312,76964.442,1210745.434,0.00280880600002
147.195622855,524.288,262144,7,29350.945,318847.312,77488.73,1210745.434,0.002650966
147.197824951,524.288,262144,7,29875.233,318847.312,78013.018,1210745.434,0.00220209599999
147.19988003,462.02,262144,7,30337.253,318847.312,78475.038,1210745.434,0.002055079
147.06301507,257.041,257041,3,25031.054,388294.896,78674.914,1210750.522,0
147.062476315,257.041,257041,2,23102.841,503422.283,78675.192,1210756.666,0
147.201941117,199.876,199876,7,30537.129,318851.664,78675.503,1210762.074,0.139464802
147.236349752,0.278,278,3,25031.332,388300.528,78683.942,1210769.754,0.034408635
147.340146052,0.311,311,2,23103.152,503427.915,78692.381,1210789.722,0.1037963
147.443966796,8.439,8439,7,30545.568,318860.88,78700.82,1210811.226,0.103820744
147.67476493,8.439,8439,2,23111.591,503452.491,78709.259,1210860.378,0.230798134
147.67964055,8.439,8439,7,30554.007,318910.032,78709.48,1210889.05,0.00487561999998
147.534480611,8.439,8439,3,25039.771,388325.104,78717.919,1210905.434,0
147.946825435,8.439,8439,7,30562.446,318926.416,78725.984,1210905.434,0.412344824
148.606116187,8.065,8065,7,30570.511,318940.752,78734.049,1210930.01,0.659290752
148.605848904,8.065,8065,3,25047.836,388335.344,78734.294,1210930.01,0
148.609337197,0.245,245,7,30570.756,318940.864,78734.539,1210930.122,0.003488293
148.60944147,0.245,245,3,25048.081,388335.344,78996.683,1210930.122,0.000104273000005
148.610977699,383.567,262144,7,30954.323,318945.472,79501.673,1210936.778,0.00153622899998
148.610980632,383.567,262144,3,25431.648,388338.416,79501.895,1210937.802,2.93300001886e-06
147.83116785,0.221,221,2,23111.812,503472.971,79502.117,1210945.994,0
148.832274345,0.221,221,2,23112.033,503489.355,79502.338,1210965.866,1.001106495
149.168838932,0.11,110,2,23112.143,503497.547,79502.448,1495579.818,0.336564587
148.785558489,0.222,222,7,30954.545,450500.192,79502.617,1495579.818,0
148.800078841,0.222,222,3,25431.87,541392.944,79502.786,1495645.354,0.014520352
149.797440377,0.169,169,2,23112.312,503505.739,79502.955,1496843.946,0.997361536
149.797440935,0.169,169,7,30954.714,451749.984,79503.124,1496843.946,5.58000010642e-07
149.797551704,0.169,169,3,25432.039,541399.088,79503.293,1496942.25,0.000110769000003
149.802376619,0.169,169,2,23112.481,503519.051,79503.462,1503021.642,0.004824915
149.802782676,0.169,169,3,25432.208,541401.104,79503.683,1503021.642,0.000406056999992
149.802457984,0.169,169,7,30954.883,457912.352,79503.929,1503023.53,0
149.833278104,0.221,221,2,23112.702,503519.051,79504.175,1503025.386,0.03082012
149.919808102,0.246,246,7,30955.129,457914.208,79504.344,1503025.386,0.086529998
149.881519854,0.246,246,3,25432.454,541402.992,79504.513,1503025.386,0
149.931924867,0.169,169,7,30955.298,457915.936,79504.682,1503032.25,0.050405013
149.931907267,0.169,169,2,23112.871,503521.595,79513.016,1503032.25,0
149.932046251,0.169,169,3,25432.623,541405.584,79521.35,1503032.25,0.000138983999989
150.535281271,8.334,8334,7,30963.632,457918.88,79529.684,1503039.61,0.60323502
150.535937849,8.334,8334,3,25440.957,541408.512,79529.929,1503044.634,0.00065657799999
150.535590668,8.334,8334,2,23121.205,503528.107,79530.174,1503044.634,0
150.538911551,0.245,245,7,30963.877,457918.88,79530.419,1503044.634,0.00332088300001
150.539586009,0.245,245,3,25441.202,541408.64,81103.283,1503044.762,0.000674457999992
150.540356498,1572.864,262144,7,32536.741,457918.88,82151.859,1503045.114,0.00077048899999
150.539820815,0.245,245,2,23121.45,503528.619,82938.291,1503045.274,0
150.543417501,786.432,262144,7,33323.173,457918.88,83986.867,1503045.274,0.00359668599998
150.541280428,1048.576,262144,3,26489.778,541408.64,84773.299,1503045.274,0
150.546703743,786.432,262144,7,34109.605,457918.88,85559.731,1503045.274,0.005423315
150.549891858,786.432,262144,3,27276.21,541408.64,86346.163,1503045.274,0.003188115
150.545667997,1048.576,262144,2,24170.026,503528.619,86870.451,1503045.274,0
150.551931643,786.432,262144,7,34896.037,457918.88,87394.739,1503045.274,0.00626364599998
150.55837052,654.66,262144,7,35550.697,457918.88,88049.399,1503045.274,0.00643887700002
150.556694888,524.288,262144,3,27800.498,541408.64,88213.829,1503045.274,0
150.558213936,524.288,262144,2,24694.314,503528.619,89000.261,1503045.274,0.00151904799998
150.564459144,786.432,262144,3,28586.93,541408.64,89524.549,1503045.274,0.00624520800002
150.566824738,524.288,262144,2,25218.602,503528.619,90310.981,1503045.274,0.002365594
150.573432282,524.288,262144,2,25742.89,503528.619,90835.269,1503045.274,0.00660754399999
150.572220675,786.432,262144,3,29373.362,541408.64,91359.557,1503045.274,0
150.579534245,329.558,262144,3,29702.92,541408.64,91689.115,1503045.274,0.00731356999998
150.578473705,524.288,262144,2,26267.178,503528.619,91756.529,1503045.274,0
150.586231745,786.432,262144,2,27053.61,503528.619,92542.961,1503046.17,0.00775804
150.563780286,164.43,164430,7,35715.127,457922.368,92824.735,1503051.706,0
150.589901136,281.774,262144,2,27335.384,503533.739,92833.069,1503057.258,0.02612085
150.584660525,67.414,67414,3,29770.334,541412.56,92841.403,1503076.666,0
150.905990563,8.334,8334,7,35723.461,457933.04,92849.737,1503095.53,0.321330038
151.236755041,8.334,8334,7,35731.795,457945.328,92858.071,1503116.01,0.330764478
150.928890263,8.334,8334,2,27343.718,503572.651,92866.405,1503212.266,0
150.931618543,8.334,8334,3,29778.668,541423.232,92866.515,1503220.458,0.00272828000001
152.171082444,0.11,110,2,27343.828,503580.843,92874.954,1503220.458,1.239463901
151.504073671,8.334,8334,7,35740.129,458027.248,92883.393,1503220.458,0
153.085537907,8.439,8439,3,29787.107,541433.472,92891.832,1503271.658,1.581464236
153.08645178,8.439,8439,7,35748.568,458064.112,92892.077,1503271.658,0.000913873000002
153.085896402,8.439,8439,2,27352.267,503617.707,92892.322,1503304.426,0
153.09029319,0.245,245,7,35748.813,458064.24,92892.567,1503305.098,0.00439678800001
153.090182212,0.245,245,3,29787.352,541433.824,93149.609,1503305.354,0
153.090960803,0.245,245,2,27352.512,503618.155,93406.651,1503305.354,0.000778591
153.092614086,257.042,257042,3,30044.394,541436.896,93663.693,1503330.954,0.001653283
153.195240474,0.245,245,3,30044.639,541436.896,93663.938,1503330.954,0.102626388
153.197009065,1310.72,262144,3,31355.359,541436.896,94974.658,1503330.954,0.001768591
153.199830373,786.432,262144,3,32141.791,541436.896,95761.09,1503330.954,0.00282130799999
153.202615574,786.432,262144,3,32928.223,541436.896,96547.522,1503330.954,0.00278520099999
153.092630498,257.042,257042,2,27609.554,503642.731,97333.954,1503339.146,0
153.205407409,786.432,262144,3,33714.655,541436.896,97334.199,1503339.146,0.112776911
153.208207347,614.592,262144,3,34329.247,541436.896,97948.791,1503339.146,0.00279993800001
153.207829296,0.245,245,2,27609.799,503643.099,98093.187,1503339.514,0
153.215549132,1310.72,262144,2,28920.519,503643.099,99403.907,1503339.514,0.00771983600001
153.21907032,786.432,262144,2,29706.951,503643.099,100190.339,1503339.514,0.00352118799998
153.221859502,786.432,262144,2,30493.383,503643.099,100976.771,1503340.506,0.00278918200001
153.092190428,257.042,257042,7,36005.855,458073.456,101763.203,1503343.578,0
153.224660207,786.432,262144,2,31279.815,503643.099,101763.481,1503343.578,0.132469779
153.227303071,614.592,262144,2,31894.407,503643.099,102378.073,1503343.578,0.00264286399999
153.226545014,0.278,278,7,36006.133,458073.808,102522.469,1503343.93,0
153.234284755,1310.72,262144,7,37316.853,458073.808,103833.189,1503343.93,0.00773974099999
153.238488152,786.432,262144,7,38103.285,458073.808,104619.621,1503343.93,0.004203397
153.241271328,786.432,262144,7,38889.717,458073.808,105406.053,1503348.026,0.00278317600001
153.244068611,786.432,262144,7,39676.149,458073.808,106192.485,1503348.026,0.00279728299998
153.21070529,144.396,144396,3,34473.643,541441.248,106723.093,1503352.922,0
153.246882795,530.608,262144,7,40206.757,458078.832,106731.532,1503364.602,0.036177505
153.229801713,144.396,144396,2,32038.803,503651.291,106739.971,1503364.602,0
153.488659351,8.439,8439,7,40215.196,458095.216,106748.41,1503418.874,0.258857638
153.708099826,8.439,8439,7,40223.635,458177.136,106756.849,1503517.178,0.219440475
153.49034511,8.439,8439,2,32047.242,503700.443,106765.288,1503554.042,0
153.919093906,8.439,8439,7,40232.074,458214.0,106765.457,1503554.042,0.428748796
153.452346353,8.439,8439,3,34482.082,541450.464,106765.626,1503554.042,0
154.26636146,0.169,169,3,34482.251,541499.616,106765.795,1503633.914,0.814015107
154.266261377,0.169,169,7,40232.243,458226.288,106773.86,1503633.914,0
154.54908561,8.065,8065,7,40240.308,458262.128,106781.925,1503677.946,0.282824233
154.548785153,8.065,8065,3,34490.316,541513.952,106782.17,1503684.09,0
154.557741669,0.245,245,7,40240.553,458262.128,106782.415,1503684.09,0.00895651599998
154.558429815,0.245,245,3,34490.561,541513.952,107165.983,1503684.09,0.000688146000016
154.559309536,383.568,262144,7,40624.121,458286.704,107549.551,1503711.738,0.00087972099999
154.559920019,383.568,262144,3,34874.129,541518.56,107549.773,1503713.274,0.000610483000003
154.266169047,0.169,169,2,32047.411,503727.067,107549.995,1509676.026,0
154.724056813,0.222,222,7,40624.343,585429.616,107550.105,1743728.986,0.457887766
154.807414899,0.222,222,3,34874.351,654374.976,107550.351,1743778.138,0.083358086
155.183064973,0.11,110,2,32047.521,503735.259,107550.597,1743784.282,0.375650074
155.623478032,0.246,246,7,40624.589,585478.768,107550.766,1743784.282,0.440413059
155.701804542,0.246,246,3,34874.597,654381.12,107550.935,1743784.282,0.07832651
155.712554652,0.169,169,3,34874.766,654383.136,107551.104,1743803.194,0.01075011
155.712385287,0.169,169,2,32047.69,503739.867,107559.438,1743803.194,0
155.712438297,0.169,169,7,40624.758,585491.056,107567.772,1743803.194,5.30100000162e-05
156.31454105,8.334,8334,3,34883.1,654389.632,107576.106,1743815.258,0.602102753
156.315302041,8.334,8334,7,40633.092,585526.896,107576.351,1743848.026,0.000760990999993
156.3179162,0.245,245,3,34883.345,654389.76,107576.596,1743848.154,0.00261415900002
156.318371565,0.245,245,7,40633.337,585526.896,108100.884,1743852.25,0.000455364999993
156.31487566,8.334,8334,2,32056.024,503746.459,110460.18,1743852.25,0
156.319706651,1572.864,262144,3,36456.209,654389.76,110460.425,1743852.362,0.00483099099998
156.319883,1310.72,262144,7,41944.057,585526.896,111246.857,1743852.362,0.000176349000014
156.324448874,786.432,262144,3,37242.641,654389.76,112033.289,1743852.362,0.00456587400001
156.320448645,0.245,245,2,32056.269,503746.571,112295.433,1743852.362,0
156.326304976,786.432,262144,7,42730.489,585526.896,114130.441,1743852.362,0.00585633099999
156.330494126,786.432,262144,3,38029.073,654389.76,114916.873,1743852.362,0.00418915
156.332265231,786.432,262144,7,43516.921,585526.896,115703.305,1743852.362,0.00177110500002
156.334868845,786.432,262144,3,38815.505,654389.76,116489.737,1743852.362,0.00260361399998
156.338726248,786.432,262144,7,44303.353,585526.896,117276.169,1743852.362,0.00385740300001
156.34157703,786.432,262144,3,39601.937,654389.76,118062.601,1743852.362,0.002850782
156.330530583,1310.72,262144,2,33366.989,503746.571,118717.147,1743852.362,0
156.343708516,786.432,262144,7,45089.785,585526.896,119503.579,1743852.362,0.013177933
156.34907072,654.546,262144,3,40256.483,654389.76,120114.685,1743852.362,0.00536220399999
156.35284634,611.106,262144,7,45700.891,585526.896,120279.058,1743852.362,0.00377562000003
156.350610791,786.432,262144,2,34153.421,503746.571,120421.711,1743852.362,0
156.358801637,786.432,262144,2,34939.853,503746.571,121208.143,1743852.362,0.00819084599999
156.367104787,786.432,262144,2,35726.285,503746.571,121994.575,1743852.362,0.00830314999999
156.374408719,786.432,262144,2,36512.717,503746.571,122781.007,1743852.362,0.00730393200001
156.378242796,716.173,262144,2,37228.89,503746.571,123497.18,1743854.41,0.00383407699999
156.356874925,164.373,164373,3,40420.856,654394.88,123689.065,1743880.01,0
156.357817224,142.653,142653,7,45843.544,585551.472,123697.399,1743904.586,0.000942299000002
156.381170193,191.885,191885,2,37420.775,503757.835,123705.733,1743915.85,0.023352969
156.711110893,8.334,8334,7,45851.878,585563.76,123714.067,1743962.954,0.3299407
156.990109431,8.334,8334,7,45860.212,585662.064,123722.401,1744077.642,0.278998538
156.670821203,8.334,8334,3,40429.19,654419.456,123730.735,1744102.218,0
157.294134195,8.334,8334,7,45868.546,585686.64,123730.865,1744102.218,0.623312992
156.730407551,8.334,8334,2,37429.109,503806.987,123730.995,1744102.218,0
157.665503557,0.13,130,2,37429.239,503815.179,123731.125,1744143.178,0.935096006
157.704220282,0.122,122,2,37429.361,503831.563,123731.247,1744159.562,0.038716725
157.808108423,0.122,122,2,37429.483,503864.331,123731.369,1744192.33,0.103888141
