time,size,first_call,destination,dest_out_traffic,dest_in_traffic,total_network_out,total_network_in,dens10
4.934109359,0.244,244,2,0.244,32.768,0.244,166.962,0
4.975070015,0.183,183,2,0.427,49.152,0.427,183.346,0.040960656
5.984962124,0.183,183,2,0.61,65.536,0.61,199.73,1.009892109
6.986153407,0.183,183,2,0.793,81.92,0.793,216.114,1.001191283
7.987039344,0.183,183,2,0.976,98.304,0.976,232.498,1.000885937
8.987767579,0.183,183,2,1.159,114.688,1.159,248.882,1.000728235
9.988494557,0.183,183,2,1.342,131.072,1.342,265.266,1.000726978
10.989300665,0.183,183,2,1.525,147.456,1.525,281.65,1.000806108
11.990030507,0.183,183,2,1.708,163.84,1.708,298.034,1.000729842
12.990934532,0.183,183,2,1.891,180.224,1.891,314.418,1.000904025
13.991666259,0.183,183,2,2.074,196.608,2.074,330.802,1.000731727
14.992378012,0.183,183,2,2.257,212.992,2.257,347.186,1.000711753
15.994829162,0.183,183,2,2.44,229.376,2.44,363.57,1.00245115
16.995530368,0.183,183,2,2.623,245.76,2.623,379.954,1.000701206
17.996243587,0.183,183,2,2.806,262.144,2.806,396.338,1.000713219
18.996936553,0.183,183,2,2.989,278.528,2.989,412.722,1.000692966
19.998700534,0.183,183,2,3.172,294.912,3.172,429.106,1.001763981
20.999423671,0.183,183,2,3.355,311.296,3.355,445.49,1.000723137
22.000045956,0.183,183,2,3.538,327.68,3.538,461.874,1.000622285
23.000655391,0.183,183,2,3.721,344.064,3.721,478.258,1.000609435
24.001343887,0.183,183,2,3.904,360.448,3.904,494.642,1.000688496
25.002018135,0.183,183,2,4.087,376.832,4.087,511.026,1.000674248
26.003380529,0.183,183,2,4.27,393.216,4.27,527.41,1.001362394
27.004039272,0.183,183,2,4.453,409.6,4.453,543.794,1.000658743
28.004700808,0.183,183,2,4.636,425.984,4.636,560.178,1.000661536
29.005375405,0.183,183,2,4.819,442.368,4.819,576.562,1.000674597
30.006048396,0.183,183,2,5.002,458.752,5.002,592.946,1.000672991
31.006738987,0.183,183,2,5.185,475.136,5.185,609.33,1.000690591
32.00743726,0.183,183,2,5.368,491.52,5.368,625.714,1.000698273
33.008076936,0.183,183,2,5.551,507.904,5.551,642.098,1.000639676
34.008754816,0.183,183,2,5.734,524.288,5.734,658.482,1.00067788
35.009402733,0.183,183,2,5.917,540.672,5.917,674.866,1.000647917
36.010149476,0.183,183,2,6.1,557.056,6.1,691.25,1.000746743
37.010800467,0.183,183,2,6.283,573.44,6.283,707.634,1.000650991
38.011439165,0.183,183,2,6.466,589.824,6.466,724.018,1.000638698
39.012077794,0.183,183,2,6.649,606.208,6.649,740.402,1.000638629
40.012783121,0.183,183,2,6.832,622.592,6.832,756.786,1.000705327
41.013471477,0.183,183,2,7.015,638.976,7.015,773.17,1.000688356
42.014129941,0.183,183,2,7.198,655.36,7.198,789.554,1.000658464
43.014803001,0.183,183,2,7.381,671.744,7.381,805.938,1.00067306
44.0155209,0.183,183,2,7.564,688.128,7.564,822.322,1.000717899
45.016319325,0.183,183,2,7.747,704.512,7.747,838.706,1.000798425
46.017845846,0.183,183,2,7.93,720.896,7.93,855.09,1.001526521
47.018488596,0.183,183,2,8.113,737.28,8.113,871.474,1.00064275
48.019141542,0.183,183,2,8.296,753.664,8.296,887.858,1.000652946
49.019742596,0.183,183,2,8.479,770.048,8.479,904.242,1.000601054
50.020333383,0.183,183,2,8.662,786.432,8.662,920.626,1.000590787
51.020918025,0.183,183,2,8.845,802.816,8.845,937.01,1.000584642
52.021501619,0.183,183,2,9.028,819.2,9.028,953.394,1.000583594
53.022109796,0.183,183,2,9.211,835.584,9.211,969.778,1.000608177
54.022729079,0.183,183,2,9.394,851.968,9.394,986.162,1.000619283
55.023351994,0.183,183,2,9.577,868.352,9.577,1002.546,1.000622915
56.024126673,0.183,183,2,9.76,884.736,9.76,1018.93,1.000774679
57.024728426,0.183,183,2,9.943,901.12,9.943,1035.314,1.000601753
58.025326616,0.183,183,2,10.126,917.504,10.126,1051.698,1.00059819
59.02592341,0.183,183,2,10.309,933.888,10.309,1068.082,1.000596794
60.02652642,0.183,183,2,10.492,950.272,10.492,1084.466,1.00060301
61.027228325,0.183,183,2,10.675,966.656,10.675,1100.85,1.000701905
62.027833918,0.183,183,2,10.858,983.04,10.858,1117.234,1.000605593
63.028492452,0.183,183,2,11.041,999.424,11.041,1133.618,1.000658534
64.029109849,0.183,183,2,11.224,1015.808,11.224,1150.002,1.000617397
65.029765309,0.183,183,2,11.407,1032.192,11.407,1166.386,1.00065546
66.030485862,0.183,183,2,11.59,1048.576,11.59,1182.77,1.000720553
67.031343722,0.183,183,2,11.773,1064.96,11.773,1199.154,1.00085786
68.032552745,0.184,184,2,11.957,1081.344,11.957,1215.538,1.001209023
69.033392656,0.184,184,2,12.141,1097.728,12.141,1231.922,1.000839911
70.034012917,0.184,184,2,12.325,1114.112,12.325,1248.306,1.000620261
71.034591272,0.184,184,2,12.509,1130.496,12.509,1264.69,1.000578355
72.035149444,0.184,184,2,12.693,1146.88,12.693,1281.074,1.000558172
73.035729196,0.184,184,2,12.877,1163.264,12.877,1297.458,1.000579752
74.036335349,0.184,184,2,13.061,1179.648,13.061,1313.842,1.000606153
75.036909654,0.184,184,2,13.245,1196.032,13.245,1330.226,1.000574305
76.037478022,0.184,184,2,13.429,1212.416,13.429,1346.61,1.000568368
77.038047299,0.184,184,2,13.613,1228.8,13.613,1362.994,1.000569277
78.038613991,0.184,184,2,13.797,1245.184,13.797,1379.378,1.000566692
79.039185293,0.184,184,2,13.981,1261.568,13.981,1395.762,1.000571302
80.039772867,0.184,184,2,14.165,1277.952,14.165,1412.146,1.000587574
81.040384398,0.184,184,2,14.349,1294.336,14.349,1428.53,1.000611531
82.041029312,0.184,184,2,14.533,1310.72,14.533,1444.914,1.000644914
83.04165048,0.184,184,2,14.717,1327.104,14.717,1461.298,1.000621168
84.042424112,0.184,184,2,14.901,1343.488,14.901,1477.682,1.000773632
85.043177351,0.184,184,2,15.085,1359.872,15.085,1494.066,1.000753239
86.043797471,0.184,184,2,15.269,1376.256,15.269,1510.45,1.00062012
87.044461662,0.184,184,2,15.453,1392.64,15.453,1526.834,1.000664191
88.050721117,0.184,184,2,15.637,1409.024,15.637,1543.218,1.006259455
89.052554661,0.184,184,2,15.821,1425.408,15.821,1559.602,1.001833544
90.053173873,0.184,184,2,16.005,1441.792,16.005,1575.986,1.000619212
91.053885556,0.184,184,2,16.189,1458.176,16.189,1592.37,1.000711683
92.054446731,0.184,184,2,16.373,1474.56,16.373,1608.754,1.000561175
93.055080261,0.184,184,2,16.557,1490.944,16.557,1625.138,1.00063353
94.055645696,0.184,184,2,16.741,1507.328,16.741,1641.522,1.000565435
95.056363106,0.184,184,2,16.925,1523.712,16.925,1657.906,1.00071741
96.05707849,0.184,184,2,17.109,1540.096,17.109,1674.29,1.000715384
97.05768157,0.184,184,2,17.293,1556.48,17.293,1690.674,1.00060308
98.058265163,0.184,184,2,17.477,1572.864,17.477,1707.058,1.000583593
99.058902116,0.184,184,2,17.661,1589.248,17.661,1723.442,1.000636953
100.059503519,0.184,184,2,17.845,1605.632,17.845,1739.826,1.000601403
101.060116167,0.184,184,2,18.029,1622.016,18.029,1756.21,1.000612648
102.060708002,0.184,184,2,18.213,1638.4,18.213,1772.594,1.000591835
103.061309196,0.184,184,2,18.397,1654.784,18.397,1788.978,1.000601194
104.061936301,0.184,184,2,18.581,1671.168,18.581,1805.362,1.000627105
105.062614111,0.184,184,2,18.765,1687.552,18.765,1821.746,1.00067781
106.063219774,0.184,184,2,18.949,1703.936,18.949,1838.13,1.000605663
107.063851489,0.184,184,2,19.133,1720.32,19.133,1854.514,1.000631715
108.064479711,0.184,184,2,19.317,1736.704,19.317,1870.898,1.000628222
109.065139781,0.184,184,2,19.501,1753.088,19.501,1887.282,1.00066007
110.065797267,0.184,184,2,19.685,1769.472,19.685,1903.666,1.000657486
111.066417038,0.184,184,2,19.869,1785.856,19.869,1920.05,1.000619771
112.067019769,0.184,184,2,20.053,1802.24,20.053,1936.434,1.000602731
113.06766615,0.184,184,2,20.237,1818.624,20.237,1952.818,1.000646381
114.068288925,0.184,184,2,20.421,1835.008,20.421,1969.202,1.000622775
115.068877128,0.184,184,2,20.605,1851.392,20.605,1985.586,1.000588203
116.06948796,0.184,184,2,20.789,1867.776,20.789,2001.97,1.000610832
117.070118417,0.184,184,2,20.973,1884.16,20.973,2018.354,1.000630457
118.070759071,0.184,184,2,21.157,1900.544,21.157,2034.738,1.000640654
119.071331421,0.184,184,2,21.341,1916.928,21.341,2051.122,1.00057235
120.071959084,0.184,184,2,21.525,1933.312,21.525,2067.506,1.000627663
121.072615383,0.184,184,2,21.709,1949.696,21.709,2083.89,1.000656299
122.073356818,0.184,184,2,21.893,1966.08,21.893,2100.274,1.000741435
123.073983713,0.184,184,2,22.077,1982.464,22.077,2116.658,1.000626895
124.07468904,0.184,184,2,22.261,1998.848,22.261,2133.042,1.000705327
125.075378863,0.184,184,2,22.445,2015.232,22.445,2149.426,1.000689823
126.075981523,0.184,184,2,22.629,2031.616,22.629,2165.81,1.00060266
127.076533269,0.184,184,2,22.813,2048.0,22.813,2182.194,1.000551746
128.077102127,0.184,184,2,22.997,2064.384,22.997,2198.578,1.000568858
129.0780204,0.184,184,2,23.181,2080.768,23.181,2214.962,1.000918273
130.078934902,0.184,184,2,23.365,2097.152,23.365,2231.346,1.000914502
131.08000054,0.184,184,2,23.549,2113.536,23.549,2247.73,1.001065638
132.081694471,0.184,184,2,23.733,2129.92,23.733,2264.114,1.001693931
133.082911385,0.185,185,2,23.918,2146.304,23.918,2280.498,1.001216914
134.083537582,0.185,185,2,24.103,2162.688,24.103,2296.882,1.000626197
135.084114192,0.185,185,2,24.288,2179.072,24.288,2313.266,1.00057661
136.084675786,0.185,185,2,24.473,2195.456,24.473,2329.65,1.000561594
137.085221665,0.185,185,2,24.658,2211.84,24.658,2346.034,1.000545879
138.085738211,0.185,185,2,24.843,2228.224,24.843,2362.418,1.000516546
139.08627117,0.185,185,2,25.028,2244.608,25.028,2378.802,1.000532959
140.086868732,0.185,185,2,25.213,2260.992,25.213,2395.186,1.000597562
141.0873623,0.185,185,2,25.398,2277.376,25.398,2411.57,1.000493568
142.087926758,0.185,185,2,25.583,2293.76,25.583,2427.954,1.000564458
143.088478155,0.185,185,2,25.768,2310.144,25.768,2444.338,1.000551397
144.089053298,0.185,185,2,25.953,2326.528,25.953,2460.722,1.000575143
145.089619501,0.185,185,2,26.138,2342.912,26.138,2477.106,1.000566203
146.090183819,0.185,185,2,26.323,2359.296,26.323,2493.49,1.000564318
147.090736962,0.185,185,2,26.508,2375.68,26.508,2509.874,1.000553143
148.091275857,0.185,185,2,26.693,2392.064,26.693,2526.258,1.000538895
149.0918026,0.185,185,2,26.878,2408.448,26.878,2542.642,1.000526743
150.092327806,0.185,185,2,27.063,2424.832,27.063,2559.026,1.000525206
151.092842118,0.185,185,2,27.248,2441.216,27.248,2575.41,1.000514312
152.093370607,0.185,185,2,27.433,2457.6,27.433,2591.794,1.000528489
153.093885197,0.185,185,2,27.618,2473.984,27.618,2608.178,1.00051459
154.094432055,0.185,185,2,27.803,2490.368,27.803,2624.562,1.000546858
155.09497549,0.185,185,2,27.988,2506.752,27.988,2640.946,1.000543435
156.095566556,0.185,185,2,28.173,2523.136,28.173,2657.33,1.000591066
157.096078982,0.185,185,2,28.358,2539.52,28.358,2673.714,1.000512426
158.096593223,0.185,185,2,28.543,2555.904,28.543,2690.098,1.000514241
159.097104392,0.185,185,2,28.728,2572.288,28.728,2706.482,1.000511169
160.097617865,0.185,185,2,28.913,2588.672,28.913,2722.866,1.000513473
161.09813476,0.185,185,2,29.098,2605.056,29.098,2739.25,1.000516895
162.098673656,0.185,185,2,29.283,2621.44,29.283,2755.634,1.000538896
163.099234062,0.185,185,2,29.468,2637.824,29.468,2772.018,1.000560406
164.099768767,0.185,185,2,29.653,2654.208,29.653,2788.402,1.000534705
165.100303402,0.185,185,2,29.838,2670.592,29.838,2804.786,1.000534635
166.100812196,0.185,185,2,30.023,2686.976,30.023,2821.17,1.000508794
167.101323783,0.185,185,2,30.208,2703.36,30.208,2837.554,1.000511587
168.101864983,0.185,185,2,30.393,2719.744,30.393,2853.938,1.0005412
169.102397733,0.185,185,2,30.578,2736.128,30.578,2870.322,1.00053275
170.102922311,0.185,185,2,30.763,2752.512,30.763,2886.706,1.000524578
171.103428311,0.185,185,2,30.948,2768.896,30.948,2903.09,1.000506
172.103935778,0.185,185,2,31.133,2785.28,31.133,2919.474,1.000507467
173.104446597,0.185,185,2,31.318,2801.664,31.318,2935.858,1.000510819
174.104958184,0.185,185,2,31.503,2818.048,31.503,2952.242,1.000511587
175.105474591,0.185,185,2,31.688,2834.432,31.688,2968.626,1.000516407
176.105993442,0.185,185,2,31.873,2850.816,31.873,2985.01,1.000518851
177.106503492,0.185,185,2,32.058,2867.2,32.058,3001.394,1.00051005
178.107016058,0.185,185,2,32.243,2883.584,32.243,3017.778,1.000512566
179.107526388,0.185,185,2,32.428,2899.968,32.428,3034.162,1.00051033
180.108050407,0.185,185,2,32.613,2916.352,32.613,3050.546,1.000524019
181.108583995,0.185,185,2,32.798,2932.736,32.798,3066.93,1.000533588
182.109086084,0.185,185,2,32.983,2949.12,32.983,3083.314,1.000502089
183.109602979,0.185,185,2,33.168,2965.504,33.168,3099.698,1.000516895
184.110135449,0.185,185,2,33.353,2981.888,33.353,3116.082,1.00053247
185.110675741,0.185,185,2,33.538,2998.272,33.538,3132.466,1.000540292
186.111263176,0.185,185,2,33.723,3014.656,33.723,3148.85,1.000587435
187.111774205,0.185,185,2,33.908,3031.04,33.908,3165.234,1.000511029
188.112266167,0.185,185,2,34.093,3047.424,34.093,3181.618,1.000491962
189.112765462,0.185,185,2,34.278,3063.808,34.278,3198.002,1.000499295
190.113269507,0.185,185,2,34.463,3080.192,34.463,3214.386,1.000504045
191.113770688,0.185,185,2,34.648,3096.576,34.648,3230.77,1.000501181
192.114268936,0.185,185,2,34.833,3112.96,34.833,3247.154,1.000498248
193.114814047,0.185,185,2,35.018,3129.344,35.018,3263.538,1.000545111
194.115346098,0.185,185,2,35.203,3145.728,35.203,3279.922,1.000532051
195.115918028,0.185,185,2,35.388,3153.92,35.388,3288.114,1.00057193
196.1175322,0.185,185,2,35.573,3178.496,35.573,3312.69,1.001614172
197.118164613,0.185,185,2,35.758,3194.88,35.758,3329.074,1.000632413
198.118722575,0.185,185,2,35.943,3211.264,35.943,3345.458,1.000557962
199.11926175,0.185,185,2,36.128,3227.648,36.128,3361.842,1.000539175
200.119815521,0.185,185,2,36.313,3244.032,36.313,3378.226,1.000553771
201.120358747,0.185,185,2,36.498,3260.416,36.498,3394.61,1.000543226
202.120868029,0.185,185,2,36.683,3276.8,36.683,3410.994,1.000509282
203.121369141,0.185,185,2,36.868,3293.184,36.868,3427.378,1.000501112
204.121873045,0.185,185,2,37.053,3309.568,37.053,3443.762,1.000503904
205.12237688,0.185,185,2,37.238,3325.952,37.238,3460.146,1.000503835
206.122882881,0.185,185,2,37.423,3342.336,37.423,3476.53,1.000506001
207.123397541,0.185,185,2,37.608,3358.72,37.608,3492.914,1.00051466
208.123967586,0.185,185,2,37.793,3375.104,37.793,3509.298,1.000570045
209.124488252,0.185,185,2,37.978,3391.488,37.978,3525.682,1.000520666
210.124991948,0.185,185,2,38.163,3407.872,38.163,3542.066,1.000503696
211.125492919,0.185,185,2,38.348,3424.256,38.348,3558.45,1.000500971
212.125986138,0.185,185,2,38.533,3440.64,38.533,3574.834,1.000493219
213.126485574,0.185,185,2,38.718,3457.024,38.718,3591.218,1.000499436
214.126981586,0.185,185,2,38.903,3473.408,38.903,3607.602,1.000496012
215.127491009,0.185,185,2,39.088,3489.792,39.088,3623.986,1.000509423
216.128036679,0.185,185,2,39.273,3506.176,39.273,3640.37,1.00054567
217.128575714,0.185,185,2,39.458,3522.56,39.458,3656.754,1.000539035
218.129179841,0.185,185,2,39.643,3538.944,39.643,3673.138,1.000604127
219.129845149,0.185,185,2,39.828,3555.328,39.828,3689.522,1.000665308
220.130404578,0.185,185,2,40.013,3571.712,40.013,3705.906,1.000559429
221.130938584,0.185,185,2,40.198,3588.096,40.198,3722.29,1.000534006
222.131471403,0.185,185,2,40.383,3604.48,40.383,3738.674,1.000532819
223.132000032,0.185,185,2,40.568,3620.864,40.568,3755.058,1.000528629
224.132552337,0.185,185,2,40.753,3637.248,40.753,3771.442,1.000552305
225.133104712,0.185,185,2,40.938,3653.632,40.938,3787.826,1.000552375
226.133689563,0.185,185,2,41.123,3670.016,41.123,3804.21,1.000584851
227.13425395,0.185,185,2,41.308,3686.4,41.308,3820.594,1.000564387
228.134824274,0.185,185,2,41.493,3702.784,41.493,3836.978,1.000570324
229.135364217,0.185,185,2,41.678,3719.168,41.678,3853.362,1.000539943
230.135900109,0.185,185,2,41.863,3735.552,41.863,3869.746,1.000535892
231.136436351,0.185,185,2,42.048,3751.936,42.048,3886.13,1.000536242
232.136959462,0.185,185,2,42.233,3768.32,42.233,3902.514,1.000523111
233.137462319,0.185,185,2,42.418,3784.704,42.418,3918.898,1.000502857
234.137977818,0.185,185,2,42.603,3801.088,42.603,3935.282,1.000515499
235.13848277,0.185,185,2,42.788,3817.472,42.788,3951.666,1.000504952
236.139007558,0.185,185,2,42.973,3833.856,42.973,3968.05,1.000524788
237.139536745,0.185,185,2,43.158,3850.24,43.158,3984.434,1.000529187
238.140047913,0.185,185,2,43.343,3866.624,43.343,4000.818,1.000511168
239.140545113,0.185,185,2,43.528,3883.008,43.528,4017.202,1.0004972
240.141045736,0.185,185,2,43.713,3899.392,43.713,4033.586,1.000500623
241.141570803,0.185,185,2,43.898,3915.776,43.898,4049.97,1.000525067
242.142087907,0.185,185,2,44.083,3932.16,44.083,4066.354,1.000517104
243.142617584,0.185,185,2,44.268,3948.544,44.268,4082.738,1.000529677
244.14312973,0.185,185,2,44.453,3964.928,44.453,4099.122,1.000512146
245.143622321,0.185,185,2,44.638,3981.312,44.638,4115.506,1.000492591
246.144196346,0.185,185,2,44.823,3997.696,44.823,4131.89,1.000574025
247.144702067,0.185,185,2,45.008,4014.08,45.008,4148.274,1.000505721
248.145196892,0.185,185,2,45.193,4030.464,45.193,4164.658,1.000494825
249.145723775,0.185,185,2,45.378,4046.848,45.378,4181.042,1.000526883
250.146297731,0.185,185,2,45.563,4063.232,45.563,4197.426,1.000573956
251.146945579,0.185,185,2,45.748,4079.616,45.748,4213.81,1.000647848
252.147573102,0.185,185,2,45.933,4096.0,45.933,4230.194,1.000627523
253.148154182,0.185,185,2,46.118,4112.384,46.118,4246.578,1.00058108
254.148729395,0.185,185,2,46.303,4128.768,46.303,4262.962,1.000575213
255.149285611,0.185,185,2,46.488,4145.152,46.488,4279.346,1.000556216
256.15009556,0.185,185,2,46.673,4161.536,46.673,4295.73,1.000809949
257.151051687,0.185,185,2,46.858,4177.92,46.858,4312.114,1.000956127
258.152314138,0.185,185,2,47.043,4194.304,47.043,4328.498,1.001262451
259.153199167,0.185,185,2,47.228,4210.688,47.228,4344.882,1.000885029
260.154159136,0.185,185,2,47.413,4227.072,47.413,4361.266,1.000959969
261.155333238,0.185,185,2,47.598,4243.456,47.598,4377.65,1.001174102
262.155863333,0.185,185,2,47.783,4259.84,47.783,4394.034,1.000530095
263.156385466,0.185,185,2,47.968,4276.224,47.968,4410.418,1.000522133
264.156919962,0.185,185,2,48.153,4292.608,48.153,4426.802,1.000534496
265.157451454,0.185,185,2,48.338,4308.992,48.338,4443.186,1.000531492
266.157997473,0.185,185,2,48.523,4325.376,48.523,4459.57,1.000546019
267.158502565,0.185,185,2,48.708,4341.76,48.708,4475.954,1.000505092
268.159004026,0.185,185,2,48.893,4358.144,48.893,4492.338,1.000501461
269.159496058,0.185,185,2,49.078,4374.528,49.078,4508.722,1.000492032
270.159981175,0.185,185,2,49.263,4390.912,49.263,4525.106,1.000485117
271.160467899,0.185,185,2,49.448,4407.296,49.448,4541.49,1.000486724
272.160967404,0.185,185,2,49.633,4423.68,49.633,4557.874,1.000499505
273.161463976,0.185,185,2,49.818,4440.064,49.818,4574.258,1.000496572
274.161954261,0.185,185,2,50.003,4456.448,50.003,4590.642,1.000490285
275.162436446,0.185,185,2,50.188,4472.832,50.188,4607.026,1.000482185
276.163036801,0.185,185,2,50.373,4489.216,50.373,4623.41,1.000600355
277.163609151,0.185,185,2,50.558,4505.6,50.558,4639.794,1.00057235
278.164092033,0.185,185,2,50.743,4521.984,50.743,4656.178,1.000482882
279.164583018,0.185,185,2,50.928,4538.368,50.928,4672.562,1.000490985
280.165072186,0.185,185,2,51.113,4554.752,51.113,4688.946,1.000489168
281.165558212,0.185,185,2,51.298,4571.136,51.298,4705.33,1.000486026
282.166041653,0.185,185,2,51.483,4587.52,51.483,4721.714,1.000483441
283.166539761,0.185,185,2,51.668,4603.904,51.668,4738.098,1.000498108
284.167033888,0.185,185,2,51.853,4620.288,51.853,4754.482,1.000494127
285.167528295,0.185,185,2,52.038,4636.672,52.038,4770.866,1.000494407
286.168022911,0.185,185,2,52.223,4653.056,52.223,4787.25,1.000494616
287.168525209,0.185,185,2,52.408,4669.44,52.408,4803.634,1.000502298
288.168996777,0.185,185,2,52.593,4685.824,52.593,4820.018,1.000471568
289.169482733,0.185,185,2,52.778,4702.208,52.778,4836.402,1.000485956
290.169974346,0.185,185,2,52.963,4718.592,52.963,4852.786,1.000491613
291.170471476,0.185,185,2,53.148,4734.976,53.148,4869.17,1.00049713
292.170966302,0.185,185,2,53.333,4751.36,53.333,4885.554,1.000494826
293.17146455,0.185,185,2,53.518,4767.744,53.518,4901.938,1.000498248
294.171941915,0.185,185,2,53.703,4784.128,53.703,4918.322,1.000477365
295.172424448,0.185,185,2,53.888,4800.512,53.888,4934.706,1.000482533
296.172913896,0.185,185,2,54.073,4816.896,54.073,4951.09,1.000489448
297.173390493,0.185,185,2,54.258,4833.28,54.258,4967.474,1.000476597
298.173874702,0.185,185,2,54.443,4849.664,54.443,4983.858,1.000484209
299.17436883,0.185,185,2,54.628,4866.048,54.628,5000.242,1.000494128
300.174875528,0.185,185,2,54.813,4882.432,54.813,5016.626,1.000506698
301.175364487,0.185,185,2,54.998,4898.816,54.998,5033.01,1.000488959
302.175861338,0.185,185,2,55.183,4915.2,55.183,5049.394,1.000496851
303.176348132,0.185,185,2,55.368,4931.584,55.368,5065.778,1.000486794
304.176878157,0.185,185,2,55.553,4947.968,55.553,5082.162,1.000530025
305.177389745,0.185,185,2,55.738,4964.352,55.738,5098.546,1.000511588
306.177963072,0.185,185,2,55.923,4980.736,55.923,5114.93,1.000573327
307.178469281,0.185,185,2,56.108,4997.12,56.108,5131.314,1.000506209
308.178956424,0.185,185,2,56.293,5013.504,56.293,5147.698,1.000487143
309.179457047,0.185,185,2,56.478,5029.888,56.478,5164.082,1.000500623
310.179966679,0.185,185,2,56.663,5046.272,56.663,5180.466,1.000509632
311.180475612,0.185,185,2,56.848,5062.656,56.848,5196.85,1.000508933
312.181004869,0.185,185,2,57.033,5079.04,57.033,5213.234,1.000529257
313.181549142,0.185,185,2,57.218,5095.424,57.218,5229.618,1.000544273
314.182044387,0.185,185,2,57.403,5111.808,57.403,5246.002,1.000495245
315.182549479,0.185,185,2,57.588,5128.192,57.588,5262.386,1.000505092
316.183029568,0.185,185,2,57.773,5144.576,57.773,5278.77,1.000480089
317.1835128,0.185,185,2,57.958,5160.96,57.958,5295.154,1.000483232
318.184002597,0.185,185,2,58.143,5177.344,58.143,5311.538,1.000489797
319.184499238,0.185,185,2,58.328,5193.728,58.328,5327.922,1.000496641
320.184987778,0.185,185,2,58.513,5210.112,58.513,5344.306,1.00048854
321.185480229,0.185,185,2,58.698,5226.496,58.698,5360.69,1.000492451
322.185974217,0.185,185,2,58.883,5242.88,58.883,5377.074,1.000493988
323.186501029,0.185,185,2,59.068,5259.264,59.068,5393.458,1.000526812
324.187013804,0.185,185,2,59.253,5275.648,59.253,5409.842,1.000512775
325.187516941,0.185,185,2,59.438,5292.032,59.438,5426.226,1.000503137
326.188043754,0.185,185,2,59.623,5308.416,59.623,5442.61,1.000526813
327.188855379,0.185,185,2,59.808,5324.8,59.808,5458.994,1.000811625
328.189450287,0.185,185,2,59.993,5341.184,59.993,5475.378,1.000594908
329.189940503,0.185,185,2,60.178,5357.568,60.178,5491.762,1.000490216
330.190449088,0.185,185,2,60.363,5373.952,60.363,5508.146,1.000508585
331.190947405,0.185,185,2,60.548,5390.336,60.548,5524.53,1.000498317
332.191435107,0.185,185,2,60.733,5406.72,60.733,5540.914,1.000487702
333.191973164,0.185,185,2,60.918,5423.104,60.918,5557.298,1.000538057
334.192473717,0.185,185,2,61.103,5439.488,61.103,5573.682,1.000500553
335.192995221,0.185,185,2,61.288,5455.872,61.288,5590.066,1.000521504
336.193557723,0.185,185,2,61.473,5472.256,61.473,5606.45,1.000562502
337.194094314,0.185,185,2,61.658,5488.64,61.658,5622.834,1.000536591
338.194661635,0.185,185,2,61.843,5505.024,61.843,5639.218,1.000567321
339.195189705,0.185,185,2,62.028,5521.408,62.028,5655.602,1.00052807
340.1956758,0.185,185,2,62.213,5537.792,62.213,5671.986,1.000486095
341.196174467,0.185,185,2,62.398,5554.176,62.398,5688.37,1.000498667
342.196703445,0.185,185,2,62.583,5570.56,62.583,5704.754,1.000528978
343.197199178,0.185,185,2,62.768,5586.944,62.768,5721.138,1.000495733
344.197686531,0.185,185,2,62.953,5603.328,62.953,5737.522,1.000487353
345.198210829,0.185,185,2,63.138,5619.712,63.138,5753.906,1.000524298
346.198784994,0.185,185,2,63.323,5636.096,63.323,5770.29,1.000574165
347.199432353,0.185,185,2,63.508,5652.48,63.508,5786.674,1.000647359
348.19993542,0.185,185,2,63.693,5668.864,63.693,5803.058,1.000503067
349.200442887,0.185,185,2,63.878,5685.248,63.878,5819.442,1.000507467
350.200946023,0.185,185,2,64.063,5701.632,64.063,5835.826,1.000503136
351.20144462,0.185,185,2,64.248,5718.016,64.248,5852.21,1.000498597
352.201950551,0.185,185,2,64.433,5734.4,64.433,5868.594,1.000505931
353.202494754,0.185,185,2,64.618,5750.784,64.618,5884.978,1.000544203
354.203017167,0.185,185,2,64.803,5767.168,64.803,5901.362,1.000522413
355.203541256,0.185,185,2,64.988,5783.552,64.988,5917.746,1.000524089
356.204064646,0.185,185,2,65.173,5799.936,65.173,5934.13,1.00052339
357.204571764,0.185,185,2,65.358,5816.32,65.358,5950.514,1.000507118
358.205096412,0.185,185,2,65.543,5832.704,65.543,5966.898,1.000524648
359.205587745,0.185,185,2,65.728,5849.088,65.728,5983.282,1.000491333
360.206082152,0.185,185,2,65.913,5865.472,65.913,5999.666,1.000494407
361.206613784,0.185,185,2,66.098,5881.856,66.098,6016.05,1.000531632
362.207115454,0.185,185,2,66.283,5898.24,66.283,6032.434,1.00050167
363.207649739,0.185,185,2,66.468,5914.624,66.468,6048.818,1.000534285
364.208226768,0.185,185,2,66.653,5931.008,66.653,6065.202,1.000577029
365.208765105,0.185,185,2,66.838,5947.392,66.838,6081.586,1.000538337
366.209329632,0.185,185,2,67.023,5963.776,67.023,6097.97,1.000564527
367.209812934,0.185,185,2,67.208,5980.16,67.208,6114.354,1.000483302
368.210301962,0.185,185,2,67.393,5996.544,67.393,6130.738,1.000489028
369.210825004,0.185,185,2,67.578,6012.928,67.578,6147.122,1.000523042
370.211317594,0.185,185,2,67.763,6029.312,67.763,6163.506,1.00049259
371.21181242,0.185,185,2,67.948,6045.696,67.948,6179.89,1.000494826
372.212321214,0.185,185,2,68.133,6062.08,68.133,6196.274,1.000508794
373.212816737,0.185,185,2,68.318,6078.464,68.318,6212.658,1.000495523
374.213326649,0.185,185,2,68.503,6094.848,68.503,6229.042,1.000509912
375.213848573,0.185,185,2,68.688,6111.232,68.688,6245.426,1.000521924
376.214435589,0.185,185,2,68.873,6127.616,68.873,6261.81,1.000587016
377.214942846,0.185,185,2,69.058,6144.0,69.058,6278.194,1.000507257
378.215444097,0.185,185,2,69.243,6160.384,69.243,6294.578,1.000501251
379.215944999,0.185,185,2,69.428,6176.768,69.428,6310.962,1.000500902
380.216434376,0.185,185,2,69.613,6193.152,69.613,6327.346,1.000489377
381.216924243,0.185,185,2,69.798,6209.536,69.798,6343.73,1.000489867
382.217413342,0.185,185,2,69.983,6225.92,69.983,6360.114,1.000489099
383.217965786,0.185,185,2,70.168,6242.304,70.168,6376.498,1.000552444
384.218456282,0.185,185,2,70.353,6258.688,70.353,6392.882,1.000490496
385.219205818,0.185,185,2,70.538,6275.072,70.538,6409.266,1.000749536
386.219958428,0.185,185,2,70.723,6291.456,70.723,6425.65,1.00075261
387.220932644,0.185,185,2,70.908,6307.84,70.908,6442.034,1.000974216
388.222152841,0.185,185,2,71.093,6324.224,71.093,6458.418,1.001220197
389.223348734,0.185,185,2,71.278,6340.608,71.278,6474.802,1.001195893
390.224017534,0.185,185,2,71.463,6356.992,71.463,6491.186,1.0006688
391.224511032,0.185,185,2,71.648,6373.376,71.648,6507.57,1.000493498
392.224979318,0.185,185,2,71.833,6389.76,71.833,6523.954,1.000468286
393.225448512,0.185,185,2,72.018,6406.144,72.018,6540.338,1.000469194
394.225910233,0.185,185,2,72.203,6422.528,72.203,6556.722,1.000461721
395.226357636,0.185,185,2,72.388,6438.912,72.388,6573.106,1.000447403
396.226884658,0.185,185,2,72.573,6455.296,72.573,6589.49,1.000527022
397.227355319,0.185,185,2,72.758,6471.68,72.758,6605.874,1.000470661
398.227832335,0.185,185,2,72.943,6488.064,72.943,6622.258,1.000477016
399.228321782,0.185,185,2,73.128,6504.448,73.128,6638.642,1.000489447
400.228798379,0.185,185,2,73.313,6520.832,73.313,6655.026,1.000476597
401.229257237,0.185,185,2,73.498,6537.216,73.498,6671.41,1.000458858
402.229718678,0.185,185,2,73.683,6553.6,73.683,6687.794,1.000461441
403.230251986,0.185,185,2,73.868,6569.984,73.868,6704.178,1.000533308
404.230779916,0.185,185,2,74.053,6586.368,74.053,6720.562,1.00052793
405.23127104,0.185,185,2,74.238,6602.752,74.238,6736.946,1.000491124
406.231780952,0.185,185,2,74.423,6619.136,74.423,6753.33,1.000509912
407.23227445,0.185,185,2,74.608,6635.52,74.608,6769.714,1.000493498
408.232803847,0.185,185,2,74.793,6651.904,74.793,6786.098,1.000529397
409.233306076,0.185,185,2,74.978,6668.288,74.978,6802.482,1.000502229
410.233794965,0.185,185,2,75.163,6684.672,75.163,6818.866,1.000488889
411.234302082,0.185,185,2,75.348,6701.056,75.348,6835.25,1.000507117
412.234807943,0.185,185,2,75.533,6717.44,75.533,6851.634,1.000505861
413.235276927,0.185,185,2,75.718,6733.824,75.718,6868.018,1.000468984
414.235747448,0.185,185,2,75.903,6750.208,75.903,6884.402,1.000470521
415.236216851,0.185,185,2,76.088,6766.592,76.088,6900.786,1.000469403
416.236673334,0.185,185,2,76.273,6782.976,76.273,6917.17,1.000456483
417.237135543,0.185,185,2,76.458,6799.36,76.458,6933.554,1.000462209
418.237601175,0.185,185,2,76.643,6815.744,76.643,6949.938,1.000465632
419.238084547,0.185,185,2,76.828,6832.128,76.828,6966.322,1.000483372
420.238546896,0.185,185,2,77.013,6848.512,77.013,6982.706,1.000462349
421.239008058,0.185,185,2,77.198,6864.896,77.198,6999.09,1.000461162
422.239456928,0.185,185,2,77.383,6881.28,77.383,7015.474,1.00044887
423.239912573,0.185,185,2,77.568,6897.664,77.568,7031.858,1.000455645
424.240383932,0.185,185,2,77.753,6914.048,77.753,7048.242,1.000471359
425.240976954,0.185,185,2,77.938,6930.432,77.938,7064.626,1.000593022
426.241587018,0.185,185,2,78.123,6946.816,78.123,7081.01,1.000610064
427.24205691,0.185,185,2,78.308,6963.2,78.308,7097.394,1.000469892
428.24251877,0.185,185,2,78.493,6979.584,78.493,7113.778,1.00046186
429.243016878,0.185,185,2,78.678,6995.968,78.678,7130.162,1.000498108
430.243491659,0.185,185,2,78.863,7012.352,78.863,7146.546,1.000474781
431.243951774,0.185,185,2,79.048,7028.736,79.048,7162.93,1.000460115
432.244405742,0.185,185,2,79.233,7045.12,79.233,7179.314,1.000453968
433.244865856,0.185,185,2,79.418,7061.504,79.418,7195.698,1.000460114
434.245330511,0.185,185,2,79.603,7077.888,79.603,7212.082,1.000464655
435.245781615,0.185,185,2,79.788,7094.272,79.788,7228.466,1.000451104
436.246228879,0.185,185,2,79.973,7110.656,79.973,7244.85,1.000447264
437.246692695,0.185,185,2,80.158,7127.04,80.158,7261.234,1.000463816
438.247141006,0.185,185,2,80.343,7143.424,80.343,7277.618,1.000448311
439.247590854,0.185,185,2,80.528,7159.808,80.528,7294.002,1.000449848
440.248039095,0.185,185,2,80.713,7176.192,80.713,7310.386,1.000448241
441.248483565,0.185,185,2,80.898,7192.576,80.898,7326.77,1.00044447
442.24894347,0.185,185,2,81.083,7208.96,81.083,7343.154,1.000459905
443.249388918,0.185,185,2,81.268,7225.344,81.268,7359.538,1.000445448
444.249830664,0.185,185,2,81.453,7241.728,81.453,7375.922,1.000441746
445.25031194,0.185,185,2,81.638,7258.112,81.638,7392.306,1.000481276
446.250806975,0.185,185,2,81.823,7274.496,81.823,7408.69,1.000495035
447.251273585,0.185,185,2,82.008,7290.88,82.008,7425.074,1.00046661
448.251751369,0.185,185,2,82.193,7307.264,82.193,7441.458,1.000477784
449.252255344,0.185,185,2,82.378,7323.648,82.378,7457.842,1.000503975
450.252717903,0.185,185,2,82.563,7340.032,82.563,7474.226,1.000462559
451.253177109,0.185,185,2,82.748,7356.416,82.748,7490.61,1.000459206
452.253636246,0.185,185,2,82.933,7372.8,82.933,7506.994,1.000459137
453.254091052,0.185,185,2,83.118,7389.184,83.118,7523.378,1.000454806
454.254556894,0.185,185,2,83.303,7405.568,83.303,7539.762,1.000465842
455.254999757,0.185,185,2,83.488,7421.952,83.488,7556.146,1.000442863
456.255522799,0.185,185,2,83.673,7438.336,83.673,7572.53,1.000523042
457.255964335,0.185,185,2,83.858,7454.72,83.858,7588.914,1.000441536
458.256419561,0.185,185,2,84.043,7471.104,84.043,7605.298,1.000455226
459.25685558,0.185,185,2,84.228,7487.488,84.228,7621.682,1.000436019
460.257321771,0.185,185,2,84.413,7503.872,84.413,7638.066,1.000466191
461.257808774,0.185,185,2,84.598,7520.256,84.598,7654.45,1.000487003
462.258310234,0.185,185,2,84.783,7536.64,84.783,7670.834,1.00050146
463.258815536,0.185,185,2,84.968,7553.024,84.968,7687.218,1.000505302
464.259285498,0.185,185,2,85.153,7569.408,85.153,7703.602,1.000469962
465.259735695,0.185,185,2,85.338,7585.792,85.338,7719.986,1.000450197
466.260171295,0.185,185,2,85.523,7602.176,85.523,7736.37,1.0004356
467.260611016,0.185,185,2,85.708,7618.56,85.708,7752.754,1.000439721
468.261064845,0.185,185,2,85.893,7634.944,85.893,7769.138,1.000453829
469.261505683,0.185,185,2,86.078,7651.328,86.078,7785.522,1.000440838
470.261947289,0.185,185,2,86.263,7667.712,86.263,7801.906,1.000441606
471.262393645,0.185,185,2,86.448,7684.096,86.448,7818.29,1.000446356
472.26284042,0.185,185,2,86.633,7700.48,86.633,7834.674,1.000446775
473.263285099,0.185,185,2,86.818,7716.864,86.818,7851.058,1.000444679
474.263779366,0.185,185,2,87.003,7733.248,87.003,7867.442,1.000494267
475.264249398,0.185,185,2,87.188,7749.632,87.188,7883.826,1.000470032
476.26483383,0.185,185,2,87.373,7766.016,87.373,7900.21,1.000584432
477.265370839,0.185,185,2,87.558,7782.4,87.558,7916.594,1.000537009
478.265884522,0.185,185,2,87.743,7798.784,87.743,7932.978,1.000513683
479.266434103,0.185,185,2,87.928,7815.168,87.928,7949.362,1.000549581
480.26693277,0.185,185,2,88.113,7831.552,88.113,7965.746,1.000498667
481.267395678,0.185,185,2,88.298,7847.936,88.298,7982.13,1.000462908
482.267863405,0.185,185,2,88.483,7864.32,88.483,7998.514,1.000467727
483.268366193,0.185,185,2,88.668,7880.704,88.668,8014.898,1.000502788
484.268832383,0.185,185,2,88.853,7897.088,88.853,8031.282,1.00046619
485.269299482,0.185,185,2,89.038,7913.472,89.038,8047.666,1.000467099
486.269842567,0.185,185,2,89.223,7929.856,89.223,8064.05,1.000543085
487.270319514,0.185,185,2,89.408,7946.24,89.408,8080.434,1.000476947
488.270908765,0.185,185,2,89.593,7962.624,89.593,8096.818,1.000589251
489.271463723,0.185,185,2,89.778,7979.008,89.778,8113.202,1.000554958
490.271926771,0.185,185,2,89.963,7995.392,89.963,8129.586,1.000463048
491.272395336,0.185,185,2,90.148,8011.776,90.148,8145.97,1.000468565
492.272853705,0.185,185,2,90.333,8028.16,90.333,8162.354,1.000458369
493.273316683,0.185,185,2,90.518,8044.544,90.518,8178.738,1.000462978
494.273786645,0.185,185,2,90.703,8060.928,90.703,8195.122,1.000469962
495.274251369,0.185,185,2,90.888,8077.312,90.888,8211.506,1.000464724
496.274714766,0.185,185,2,91.073,8093.696,91.073,8227.89,1.000463397
497.275187242,0.185,185,2,91.258,8110.08,91.258,8244.274,1.000472476
498.275689331,0.185,185,2,91.443,8126.464,91.443,8260.658,1.000502089
499.276205598,0.185,185,2,91.628,8142.848,91.628,8277.042,1.000516267
500.276721166,0.185,185,2,91.813,8159.232,91.813,8293.426,1.000515568
501.277185401,0.185,185,2,91.998,8175.616,91.998,8309.81,1.000464235
502.277645027,0.185,185,2,92.183,8192.0,92.183,8326.194,1.000459626
503.278113662,0.185,185,2,92.368,8208.384,92.368,8342.578,1.000468635
504.278619452,0.185,185,2,92.553,8224.768,92.553,8358.962,1.00050579
505.2790825,0.185,185,2,92.738,8241.152,92.738,8375.346,1.000463048
506.279558957,0.185,185,2,92.923,8257.536,92.923,8391.73,1.000476457
507.280009154,0.185,185,2,93.108,8273.92,93.108,8408.114,1.000450197
508.280476602,0.185,185,2,93.293,8290.304,93.293,8424.498,1.000467448
509.280943491,0.185,185,2,93.478,8306.688,93.478,8440.882,1.000466889
510.281434405,0.185,185,2,93.663,8323.072,93.663,8457.266,1.000490914
511.28189885,0.185,185,2,93.848,8339.456,93.848,8473.65,1.000464445
512.282370698,0.185,185,2,94.033,8355.84,94.033,8490.034,1.000471848
513.282857701,0.185,185,2,94.218,8372.224,94.218,8506.418,1.000487003
514.283327663,0.185,185,2,94.403,8388.608,94.403,8522.802,1.000469962
515.284486819,0.185,185,2,94.588,8404.992,94.588,8539.186,1.001159156
516.286778241,0.185,185,2,94.773,8421.376,94.773,8555.57,1.002291422
517.288215645,0.185,185,2,94.958,8437.76,94.958,8571.954,1.001437404
518.288924185,0.185,185,2,95.143,8454.144,95.143,8588.338,1.00070854
519.289344909,0.185,185,2,95.328,8470.528,95.328,8604.722,1.000420724
520.289774642,0.185,185,2,95.513,8486.912,95.513,8621.106,1.000429733
521.290198998,0.185,185,2,95.698,8503.296,95.698,8637.49,1.000424356
522.290631734,0.185,185,2,95.883,8519.68,95.883,8653.874,1.000432736
523.291054204,0.185,185,2,96.068,8536.064,96.068,8670.258,1.00042247
524.291479957,0.185,185,2,96.253,8552.448,96.253,8686.642,1.000425753
525.291903614,0.185,185,2,96.438,8568.832,96.438,8703.026,1.000423657
526.292341519,0.185,185,2,96.623,8585.216,96.623,8719.41,1.000437905
527.292767411,0.185,185,2,96.808,8601.6,96.808,8735.794,1.000425892
528.293189672,0.185,185,2,96.993,8617.984,96.993,8752.178,1.000422261
529.293611653,0.185,185,2,97.178,8634.368,97.178,8768.562,1.000421981
530.29403985,0.185,185,2,97.363,8650.752,97.363,8784.946,1.000428197
531.29446658,0.185,185,2,97.548,8667.136,97.548,8801.33,1.00042673
532.29489324,0.185,185,2,97.733,8683.52,97.733,8817.714,1.00042666
533.295314802,0.185,185,2,97.918,8699.904,97.918,8834.098,1.000421562
534.295731475,0.185,185,2,98.103,8716.288,98.103,8850.482,1.000416673
535.296162256,0.185,185,2,98.288,8732.672,98.288,8866.866,1.000430781
536.296601418,0.185,185,2,98.473,8749.056,98.473,8883.25,1.000439162
537.297048333,0.185,185,2,98.658,8765.44,98.658,8899.634,1.000446915
538.297473317,0.185,185,2,98.843,8781.824,98.843,8916.018,1.000424984
539.29789886,0.185,185,2,99.028,8798.208,99.028,8932.402,1.000425543
540.298319165,0.185,185,2,99.213,8814.592,99.213,8948.786,1.000420305
541.298812873,0.185,185,2,99.398,8830.976,99.398,8965.17,1.000493708
542.299297711,0.185,185,2,99.583,8847.36,99.583,8981.554,1.000484838
543.299727095,0.185,185,2,99.768,8863.744,99.768,8997.938,1.000429384
544.300144677,0.185,185,2,99.953,8880.128,99.953,9014.322,1.000417582
545.300556112,0.185,185,2,100.138,8896.512,100.138,9030.706,1.000411435
546.301016575,0.185,185,2,100.323,8912.896,100.323,9047.09,1.000460463
547.301469426,0.185,185,2,100.508,8929.28,100.508,9063.474,1.000452851
548.301882956,0.185,185,2,100.693,8945.664,100.693,9079.858,1.00041353
549.302295928,0.185,185,2,100.878,8962.048,100.878,9096.242,1.000412972
550.302765331,0.185,185,2,101.063,8978.432,101.063,9112.626,1.000469403
551.30317956,0.185,185,2,101.248,8994.816,101.248,9129.01,1.000414229
552.303604754,0.185,185,2,101.433,9011.2,101.433,9145.394,1.000425194
553.304031833,0.185,185,2,101.618,9027.584,101.618,9161.778,1.000427079
554.304453395,0.185,185,2,101.803,9043.968,101.803,9178.162,1.000421562
555.304874119,0.185,185,2,101.988,9060.352,101.988,9194.546,1.000420724
556.305308741,0.185,185,2,102.173,9076.736,102.173,9210.93,1.000434622
557.305735821,0.185,185,2,102.358,9093.12,102.358,9227.314,1.00042708
558.306162342,0.185,185,2,102.543,9109.504,102.543,9243.698,1.000426521
559.306623294,0.185,185,2,102.728,9125.888,102.728,9260.082,1.000460952
560.307035427,0.185,185,2,102.913,9142.272,102.913,9276.466,1.000412133
561.307455174,0.185,185,2,103.098,9158.656,103.098,9292.85,1.000419747
562.307873802,0.185,185,2,103.283,9175.04,103.283,9309.234,1.000418628
563.308291802,0.185,185,2,103.468,9191.424,103.468,9325.618,1.000418
564.308704495,0.185,185,2,103.653,9207.808,103.653,9342.002,1.000412693
565.309126615,0.185,185,2,103.838,9224.192,103.838,9358.386,1.00042212
566.309536514,0.185,185,2,104.023,9240.576,104.023,9374.77,1.000409899
567.309966177,0.185,185,2,104.208,9256.96,104.208,9391.154,1.000429663
568.310392,0.185,185,2,104.393,9273.344,104.393,9407.538,1.000425823
569.310813701,0.185,185,2,104.578,9289.728,104.578,9423.922,1.000421701
570.311247137,0.185,185,2,104.763,9306.112,104.763,9440.306,1.000433436
571.311671562,0.185,185,2,104.948,9322.496,104.948,9456.69,1.000424425
572.312095918,0.185,185,2,105.133,9338.88,105.133,9473.074,1.000424356
573.312531308,0.185,185,2,105.318,9355.264,105.318,9489.458,1.00043539
574.312952312,0.185,185,2,105.503,9371.648,105.503,9505.842,1.000421004
575.313459709,0.185,185,2,105.688,9388.032,105.688,9522.226,1.000507397
576.314023886,0.185,185,2,105.873,9404.416,105.873,9538.61,1.000564177
577.314468706,0.185,185,2,106.058,9420.8,106.058,9554.994,1.00044482
578.31487581,0.185,185,2,106.243,9437.184,106.243,9571.378,1.000407104
579.322887164,0.185,185,2,106.428,9453.568,106.428,9587.762,1.008011354
580.323299438,0.185,185,2,106.613,9469.952,106.613,9604.146,1.000412274
581.323700536,0.185,185,2,106.798,9486.336,106.798,9620.53,1.000401098
582.32410373,0.185,185,2,106.983,9502.72,106.983,9636.914,1.000403194
583.324501197,0.185,185,2,107.168,9519.104,107.168,9653.298,1.000397467
584.324900549,0.185,185,2,107.353,9535.488,107.353,9669.682,1.000399352
585.325304581,0.185,185,2,107.538,9551.872,107.538,9686.066,1.000404032
586.32571001,0.185,185,2,107.723,9568.256,107.723,9702.45,1.000405429
587.326131362,0.185,185,2,107.908,9584.64,107.908,9718.834,1.000421352
588.32655027,0.185,185,2,108.093,9601.024,108.093,9735.218,1.000418908
589.326949413,0.185,185,2,108.278,9617.408,108.278,9751.602,1.000399143
590.327345204,0.185,185,2,108.463,9633.792,108.463,9767.986,1.000395791
591.327745743,0.185,185,2,108.648,9650.176,108.648,9784.37,1.000400539
592.328148378,0.185,185,2,108.833,9666.56,108.833,9800.754,1.000402635
593.328547382,0.185,185,2,109.018,9682.944,109.018,9817.138,1.000399004
594.328946804,0.185,185,2,109.203,9699.328,109.203,9833.522,1.000399422
595.329346925,0.185,185,2,109.388,9715.712,109.388,9849.906,1.000400121
596.329732798,0.185,185,2,109.573,9732.096,109.573,9866.29,1.000385873
597.330161903,0.185,185,2,109.758,9748.48,109.758,9882.674,1.000429105
598.330574944,0.185,185,2,109.943,9764.864,109.943,9899.058,1.000413041
599.330980373,0.185,185,2,110.128,9781.248,110.128,9915.442,1.000405429
600.331396976,0.185,185,2,110.313,9797.632,110.313,9931.826,1.000416603
601.331800589,0.185,185,2,110.498,9814.016,110.498,9948.21,1.000403613
602.332222989,0.185,185,2,110.683,9830.4,110.683,9964.594,1.0004224
603.332634983,0.185,185,2,110.868,9846.784,110.868,9980.978,1.000411994
604.333049072,0.185,185,2,111.053,9863.168,111.053,9997.362,1.000414089
605.33345478,0.185,185,2,111.238,9879.552,111.238,10013.746,1.000405708
606.33391699,0.185,185,2,111.423,9895.936,111.423,10030.13,1.00046221
607.334326818,0.185,185,2,111.608,9912.32,111.608,10046.514,1.000409828
608.334743841,0.185,185,2,111.793,9928.704,111.793,10062.898,1.000417023
609.335137117,0.185,185,2,111.978,9945.088,111.978,10079.282,1.000393276
610.335538355,0.185,185,2,112.163,9961.472,112.163,10095.666,1.000401238
611.335964666,0.185,185,2,112.348,9977.856,112.348,10112.05,1.000426311
612.336366603,0.185,185,2,112.533,9994.24,112.533,10128.434,1.000401937
613.336767492,0.185,185,2,112.718,10010.624,112.718,10144.818,1.000400889
614.337163562,0.185,185,2,112.903,10027.008,112.903,10161.202,1.00039607
615.337563194,0.185,185,2,113.088,10043.392,113.088,10177.586,1.000399632
616.337960311,0.185,185,2,113.273,10059.776,113.273,10193.97,1.000397117
617.338371467,0.185,185,2,113.458,10076.16,113.458,10210.354,1.000411156
618.338785905,0.185,185,2,113.643,10092.544,113.643,10226.738,1.000414438
619.339192242,0.185,185,2,113.828,10108.928,113.828,10243.122,1.000406337
620.339600534,0.185,185,2,114.013,10125.312,114.013,10259.506,1.000408292
621.340007988,0.185,185,2,114.198,10141.696,114.198,10275.89,1.000407454
622.34041628,0.185,185,2,114.383,10158.08,114.383,10292.274,1.000408292
623.340821709,0.185,185,2,114.568,10174.464,114.568,10308.658,1.000405429
624.341234191,0.185,185,2,114.753,10190.848,114.753,10325.042,1.000412482
625.341642274,0.185,185,2,114.938,10207.232,114.938,10341.426,1.000408083
626.342060763,0.185,185,2,115.123,10223.616,115.123,10357.81,1.000418489
627.342491335,0.185,185,2,115.308,10240.0,115.308,10374.194,1.000430572
628.342909824,0.185,185,2,115.493,10256.384,115.493,10390.578,1.000418489
629.343332154,0.185,185,2,115.678,10272.768,115.678,10406.962,1.00042233
630.343731646,0.185,185,2,115.863,10289.152,115.863,10423.346,1.000399492
631.344137983,0.185,185,2,116.048,10305.536,116.048,10439.73,1.000406337
632.344541386,0.185,185,2,116.233,10321.92,116.233,10456.114,1.000403403
633.344957011,0.185,185,2,116.418,10338.304,116.418,10472.498,1.000415625
634.345367818,0.185,185,2,116.603,10354.688,116.603,10488.882,1.000410807
635.345768637,0.185,185,2,116.788,10371.072,116.788,10505.266,1.000400819
636.346230847,0.185,185,2,116.973,10387.456,116.973,10521.65,1.00046221
637.346641164,0.185,185,2,117.158,10403.84,117.158,10538.034,1.000410317
638.347036955,0.185,185,2,117.343,10420.224,117.343,10554.418,1.000395791
639.347440917,0.185,185,2,117.528,10436.608,117.528,10570.802,1.000403962
640.347837126,0.185,185,2,117.713,10452.992,117.713,10587.186,1.000396209
641.348236828,0.185,185,2,117.898,10469.376,117.898,10603.57,1.000399702
642.348637228,0.185,185,2,118.083,10485.76,118.083,10619.954,1.0004004
643.349124371,0.185,185,2,118.268,10502.144,118.268,10636.338,1.000487143
644.349664803,0.185,185,2,118.453,10518.528,118.453,10652.722,1.000540432
645.350730651,0.185,185,2,118.638,10534.912,118.638,10669.106,1.001065848
646.351414886,0.185,185,2,118.823,10551.296,118.823,10685.49,1.000684235
647.351841197,0.185,185,2,119.008,10567.68,119.008,10701.874,1.000426311
648.35222281,0.185,185,2,119.193,10584.064,119.193,10718.258,1.000381613
649.35260121,0.185,185,2,119.378,10600.448,119.378,10734.642,1.0003784
650.352977236,0.185,185,2,119.563,10616.832,119.563,10751.026,1.000376026
651.353357521,0.185,185,2,119.748,10633.216,119.748,10767.41,1.000380285
652.353735782,0.185,185,2,119.933,10649.6,119.933,10783.794,1.000378261
653.354106988,0.185,185,2,120.118,10665.984,120.118,10800.178,1.000371206
654.354487204,0.185,185,2,120.303,10682.368,120.303,10816.562,1.000380216
655.354873217,0.185,185,2,120.488,10698.752,120.488,10832.946,1.000386013
656.355266005,0.185,185,2,120.673,10715.136,120.673,10849.33,1.000392788
657.355652227,0.185,185,2,120.858,10731.52,120.858,10865.714,1.000386222
658.356025529,0.185,185,2,121.043,10747.904,121.043,10882.098,1.000373302
659.356455821,0.185,185,2,121.228,10764.288,121.228,10898.482,1.000430292
660.356871097,0.185,185,2,121.413,10780.672,121.413,10914.866,1.000415276
661.35727478,0.185,185,2,121.598,10797.056,121.598,10931.25,1.000403683
662.357672596,0.185,185,2,121.783,10813.44,121.783,10947.634,1.000397816
663.358070342,0.185,185,2,121.968,10829.824,121.968,10964.018,1.000397746
664.358482755,0.185,185,2,122.153,10846.208,122.153,10980.402,1.000412413
665.358888812,0.185,185,2,122.338,10862.592,122.338,10996.786,1.000406057
666.359358844,0.185,185,2,122.523,10878.976,122.523,11013.17,1.000470032
667.359757707,0.185,185,2,122.708,10895.36,122.708,11029.554,1.000398863
668.360160761,0.185,185,2,122.893,10911.744,122.893,11045.938,1.000403054
669.360555015,0.185,185,2,123.078,10928.128,123.078,11062.322,1.000394254
670.360947454,0.185,185,2,123.263,10944.512,123.263,11078.706,1.000392439
671.36134527,0.185,185,2,123.448,10960.896,123.448,11095.09,1.000397816
672.361736311,0.185,185,2,123.633,10977.28,123.633,11111.474,1.000391041
673.362126095,0.185,185,2,123.818,10993.664,123.818,11127.858,1.000389784
674.362513784,0.185,185,2,124.003,11010.048,124.003,11144.242,1.000387689
675.362979067,0.185,185,2,124.188,11026.432,124.188,11160.626,1.000465283
676.363484019,0.185,185,2,124.373,11042.816,124.373,11177.01,1.000504952
677.363956705,0.185,185,2,124.558,11059.2,124.558,11193.394,1.000472686
678.364366185,0.185,185,2,124.743,11075.584,124.743,11209.778,1.00040948
679.364762045,0.185,185,2,124.928,11091.968,124.928,11226.162,1.00039586
680.365151131,0.185,185,2,125.113,11108.352,125.113,11242.546,1.000389086
681.365533093,0.185,185,2,125.298,11124.736,125.298,11258.93,1.000381962
682.365922877,0.185,185,2,125.483,11141.12,125.483,11275.314,1.000389784
683.366310007,0.185,185,2,125.668,11157.504,125.668,11291.698,1.00038713
684.366712992,0.185,185,2,125.853,11173.888,125.853,11308.082,1.000402985
685.367123728,0.185,185,2,126.038,11190.272,126.038,11324.466,1.000410736
686.367550947,0.185,185,2,126.223,11206.656,126.223,11340.85,1.000427219
687.367959589,0.185,185,2,126.408,11223.04,126.408,11357.234,1.000408642
688.368349233,0.185,185,2,126.593,11239.424,126.593,11373.618,1.000389644
689.36873811,0.185,185,2,126.778,11255.808,126.778,11390.002,1.000388877
690.369130897,0.185,185,2,126.963,11272.192,126.963,11406.386,1.000392787
691.369518446,0.185,185,2,127.148,11288.576,127.148,11422.77,1.000387549
692.369907392,0.185,185,2,127.333,11304.96,127.333,11439.154,1.000388946
693.370297456,0.185,185,2,127.518,11321.344,127.518,11455.538,1.000390064
694.370725024,0.185,185,2,127.703,11337.728,127.703,11471.922,1.000427568
695.371129196,0.185,185,2,127.888,11354.112,127.888,11488.306,1.000404172
696.371575971,0.185,185,2,128.073,11370.496,128.073,11504.69,1.000446775
697.371970295,0.185,185,2,128.258,11386.88,128.258,11521.074,1.000394324
698.372363431,0.185,185,2,128.443,11403.264,128.443,11537.458,1.000393136
699.372756638,0.185,185,2,128.628,11419.648,128.628,11553.842,1.000393207
700.37314286,0.185,185,2,128.813,11436.032,128.813,11570.226,1.000386222
701.373528524,0.185,185,2,128.998,11452.416,128.998,11586.61,1.000385664
703.196663924,0.269,269,3,0.269,8.453,129.618,11605.988,1.8231354
702.373920822,0.185,185,2,129.183,11468.8,129.872,11622.372,0
703.380892379,0.221,221,2,129.404,11501.568,130.093,11655.14,1.006971557
703.785703144,0.284,284,2,129.688,11517.952,130.377,11671.524,0.404810765
703.831865719,0.208,208,2,129.896,11534.336,130.585,11687.908,0.046162575
703.876603112,0.103,103,2,129.999,11542.528,130.688,11696.1,0.044737393
703.240820028,0.254,254,3,0.523,24.837,130.814,34384.345,0
704.254766424,0.292,292,3,0.815,25.125,131.106,34589.577,1.013946396
703.906144857,0.126,126,2,130.125,42273.674,131.341,42443.918,0
704.257198018,0.235,235,3,1.05,41.509,131.562,92351.627,0.351053161
705.258080952,0.406,406,3,1.456,41.911,131.968,92529.745,1.000882934
704.382460316,0.221,221,2,130.346,99614.586,132.199,99801.616,0
705.260879841,0.231,231,3,1.687,58.295,132.42,153161.448,0.878419525
705.386997136,0.221,221,2,130.567,160868.479,132.936,161072.405,0.126117295
706.261777092,0.516,516,3,2.203,75.191,133.157,215581.04,0.874779956
706.391239435,0.221,221,2,130.788,223630.805,133.673,223851.627,0.129462343
707.263534578,0.516,516,3,2.719,92.087,133.894,305184.424,0.872295143
707.395835341,0.221,221,2,131.009,319579.533,134.41,319817.251,0.132300763
708.265684014,0.516,516,3,3.235,108.983,134.631,445406.517,0.869848673
708.400513939,0.221,221,2,131.23,468872.712,135.147,469127.326,0.134829925
709.404703647,0.221,221,2,131.451,468872.712,135.368,469127.326,1.004189708
709.267328497,0.516,516,3,3.751,125.879,135.494,639067.46,0
709.406382772,0.126,126,2,131.577,640473.147,136.01,640744.657,0.139054275
710.407359153,0.221,221,2,131.798,640489.531,136.231,640761.041,1.000976381
710.86245669,0.175,175,2,131.973,640505.915,136.406,640777.425,0.455097537
710.863570658,0.189,189,2,132.162,640514.107,136.595,640785.617,0.00111396799991
710.865850208,0.124,124,2,132.286,640942.28,136.719,641230.822,0.00227955000003
710.269703589,0.516,516,3,4.267,159.807,137.075,641255.398,0
710.897522741,0.356,171,2,132.642,640966.856,137.573,641264.084,0.627819152
710.89865843,0.498,498,3,4.765,176.685,137.697,641347.395,0.00113568899997
710.89978078,0.124,124,2,132.766,641041.975,138.077,641364.155,0.00112235000006
710.913678357,0.38,380,3,5.145,209.982,138.298,641397.076,0.013897577
711.410390474,0.221,221,2,132.987,641058.359,138.455,641413.613,0.496712117
702.597594377,0.166,166,4,0.166,2.733,138.676,641421.805,0
713.204119341,0.176,176,4,0.342,3.757,138.852,641422.829,10.606524964
713.235338674,0.154,154,4,0.496,7.341,139.006,641426.413,0.031219333
713.369707996,0.17,170,4,0.666,8.365,139.176,641427.437,0.134369322
712.411298201,0.221,221,2,133.208,641074.743,139.348,641437.165,0
713.398090795,0.172,172,4,0.838,9.901,139.569,641445.357,0.986792594
713.743298311,0.177,177,4,1.015,10.909,139.746,641446.365,0.345207516
713.770296018,0.176,176,4,1.191,11.405,139.922,641446.861,0.026997707
713.79293947,1.53,1530,4,2.721,21.613,141.452,641457.069,0.022643452
713.852103139,1.256,1256,4,3.977,23.661,142.708,641459.117,0.059163669
713.862479528,0.171,171,4,4.148,25.709,142.879,641461.165,0.010376389
713.899659396,1.575,1575,4,5.723,25.709,144.454,641461.165,0.037179868
714.013154624,0.286,286,4,6.009,27.757,144.74,641468.333,0.113495228
713.412329338,0.221,221,2,133.429,641091.127,144.929,641477.549,0
714.070875372,0.189,189,4,6.198,28.781,145.15,641485.741,0.658546034
714.519190203,0.286,286,4,6.484,64.589,145.436,641521.549,0.448314831
714.413212062,0.221,221,2,133.65,641107.511,145.625,641530.701,0
715.521519131,0.235,235,8,0.235,173.106,146.081,641581.901,1.108307069
715.607144894,0.102,102,8,0.337,181.298,146.183,641590.093,0.0856257630001
715.414005459,0.221,221,2,133.871,641123.895,146.334,647478.782,0
716.414941821,0.221,221,2,134.092,641140.279,146.555,661040.131,1.000936362
717.415820564,0.221,221,2,134.313,641156.663,146.776,674535.407,1.000878743
718.417117866,0.221,221,2,134.534,641173.047,146.997,689286.07,1.001297302
719.418049619,0.221,221,2,134.755,641189.431,147.218,703376.003,1.000931753
720.418877517,0.221,221,2,134.976,641205.815,147.439,718787.396,1.000827898
721.419693403,0.221,221,2,135.197,641222.199,147.66,734859.519,1.000815886
722.42070694,0.221,221,2,135.418,641238.583,147.881,750733.423,1.001013537
714.535166956,0.189,189,4,6.673,65.549,148.102,757943.572,0
723.421583099,0.221,221,2,135.639,641254.967,150.615,765947.061,8.886416143
715.640028405,0.151,151,8,0.488,135498.802,150.836,777055.517,0
723.905693753,2.513,2513,4,9.186,66.013,150.987,777121.59,8.265665348
725.208613558,2.535,2535,4,11.721,75.181,153.522,777130.758,1.302919805
725.121629871,0.151,151,8,0.639,135573.067,155.097,777138.95,0
725.274356346,0.145,145,8,0.784,135597.643,155.242,777163.526,0.152726475
724.422331099,0.221,221,2,135.86,641271.351,155.393,778429.892,0
725.423168147,0.221,221,2,136.081,641287.735,155.614,793841.285,1.000837048
726.424124204,0.221,221,2,136.302,641304.119,155.835,809186.605,1.000956057
727.424940509,0.221,221,2,136.523,641320.503,156.056,824664.071,1.000816305
728.425763728,0.221,221,2,136.744,641336.887,156.277,840537.975,1.000823219
729.426544344,0.221,221,2,136.965,641353.271,156.498,855883.295,1.000780616
730.427327684,0.221,221,2,137.186,641369.655,156.719,871096.469,1.00078334
731.428215926,0.221,221,2,137.407,641386.039,156.94,886772.154,1.000888242
732.428986554,0.221,221,2,137.628,641402.423,157.161,902646.058,1.000770628
725.21739596,1.575,1575,4,13.296,75.181,157.382,909856.207,0
725.278157318,0.151,151,8,0.935,271248.299,159.895,912969.83,0.060761358
733.881197272,2.513,2513,4,15.809,83.373,160.046,913095.132,8.603039954
734.134914312,2.535,2535,4,18.344,103.853,162.581,913115.612,0.25371704
734.084911236,0.151,151,8,1.086,271381.793,164.156,913123.804,0
734.150768703,0.145,145,8,1.231,271398.177,164.301,913140.188,0.065857467
734.153116348,0.149,149,8,1.38,271406.369,164.45,913148.38,0.00234764499999
733.42979832,0.221,221,2,137.849,641418.807,164.601,917468.262,0
734.430662605,0.221,221,2,138.07,641435.191,164.822,932218.925,1.000864285
735.431551964,0.221,221,2,138.291,641451.575,165.043,947432.099,1.000889359
736.432488955,0.221,221,2,138.512,641459.767,165.264,962042.424,1.000936991
737.433453044,0.221,221,2,138.733,641476.151,165.485,977652.036,1.000964089
738.434305248,0.221,221,2,138.954,641492.535,165.706,993327.721,1.000852204
739.435194676,0.221,221,2,139.175,641508.919,165.927,1008937.333,1.000889428
740.436100099,0.221,221,2,139.396,641525.303,166.148,1024679.091,1.000905423
741.437211832,0.221,221,2,139.617,641541.687,166.369,1040354.776,1.001111733
734.155837923,0.151,151,8,1.531,407203.329,166.59,1049084.604,0
734.141779082,1.575,1575,4,19.919,103.853,166.741,1049171.701,0
743.072062745,2.535,2535,4,22.454,234.925,169.276,1049302.773,8.930283663
743.021049065,0.151,151,8,1.682,407298.618,170.851,1049310.965,0
743.087310983,0.145,145,8,1.827,407315.002,170.996,1049327.349,0.0662619179999
743.089349091,0.149,149,8,1.976,407323.194,171.145,1049335.541,0.00203810800008
742.438135064,0.221,221,2,139.838,641558.071,171.296,1054500.214,0
743.077747755,1.575,1575,4,24.029,234.925,171.517,1061379.998,0.639612691
743.439067585,0.221,221,2,140.059,641574.455,174.03,1069547.937,0.36131983
744.440325287,0.221,221,2,140.28,641590.839,174.251,1085223.622,1.001257702
745.441347554,0.221,221,2,140.501,641607.223,174.472,1100635.015,1.001022267
746.442292157,0.221,221,2,140.722,641623.607,174.693,1116310.7,1.000944603
747.443108811,0.221,221,2,140.943,641639.991,174.914,1131523.874,1.000816654
748.443911637,0.221,221,2,141.164,641656.375,175.135,1147265.632,1.000802826
749.444797644,0.221,221,2,141.385,641672.759,175.356,1162544.879,1.000886007
750.445668285,0.221,221,2,141.606,641689.143,175.577,1178154.491,1.000870641
743.091642539,0.151,151,8,2.127,542973.85,175.798,1185166.421,0
743.884363038,2.513,2513,4,26.542,267.693,175.949,1185323.05,0.792720499
751.94271117,2.535,2535,4,29.077,316.845,178.484,1185372.202,8.058348132
751.895055669,0.151,151,8,2.278,543138.671,180.059,1185380.394,0
751.955900627,0.145,145,8,2.423,543155.055,180.204,1185396.778,0.060844958
751.957865541,0.149,149,8,2.572,543163.247,180.353,1185404.97,0.00196491400004
751.446534876,0.221,221,2,141.827,641705.527,180.504,1192023.249,0
752.447359562,0.221,221,2,142.048,641721.911,180.725,1207500.715,1.000824686
751.948599559,1.575,1575,4,30.652,316.845,180.946,1214314.426,0
753.448333778,0.221,221,2,142.269,641738.295,183.459,1223258.857,1.499734219
754.449294375,0.221,221,2,142.49,641754.679,183.68,1239132.761,1.000960597
755.450155099,0.221,221,2,142.711,641771.063,183.901,1254874.519,1.000860724
756.45104774,0.221,221,2,142.932,641787.447,184.122,1270285.912,1.000892641
757.451795112,0.221,221,2,143.153,641803.831,184.343,1286027.67,1.000747372
758.452590464,0.221,221,2,143.374,641820.215,184.564,1301769.428,1.000795352
759.453366401,0.221,221,2,143.595,641836.599,184.785,1317312.967,1.000775937
751.960511478,0.151,151,8,2.723,678813.903,185.006,1321219.466,0
753.878054415,2.513,2513,4,33.165,333.229,185.157,1321316.337,1.917542937
760.77472256,2.535,2535,4,35.7,365.997,187.692,1321349.105,6.896668145
760.72700895,0.151,151,8,2.874,678918.966,189.267,1321357.297,0
760.790126474,0.145,145,8,3.019,678935.35,189.412,1321373.681,0.0631175239999
760.791911198,0.149,149,8,3.168,678943.542,189.561,1321381.873,0.001784724
760.454179004,0.221,221,2,143.816,641852.983,189.712,1331249.328,0
761.454936713,0.221,221,2,144.037,641869.367,189.933,1346264.283,1.000757709
762.455713557,0.221,221,2,144.258,641885.751,190.154,1361345.311,1.000776844
760.783674047,1.575,1575,4,37.275,365.997,190.375,1367696.511,0
763.456462326,0.221,221,2,144.479,641902.135,192.888,1376624.021,2.672788279
764.457384091,0.221,221,2,144.7,641918.519,193.109,1392431.852,1.000921765
765.458354326,0.221,221,2,144.921,641934.903,193.33,1408239.683,1.000970235
766.459279444,0.221,221,2,145.142,641951.287,193.551,1423981.441,1.000925118
767.460138142,0.221,221,2,145.363,641967.671,193.772,1439392.834,1.000858698
768.461034555,0.221,221,2,145.584,641975.863,193.993,1454994.254,1.000896413
760.794463338,0.151,151,8,3.319,814870.089,194.214,1457513.22,0
763.877956078,2.513,2513,4,39.788,431.533,194.365,1457767.255,3.08349274
769.675607372,2.535,2535,4,42.323,529.837,196.9,1457865.559,5.797651294
769.626755839,0.151,151,8,3.47,815132.316,198.475,1457873.751,0
769.687298314,0.145,145,8,3.615,815148.7,198.62,1457890.135,0.060542475
769.688898587,0.149,149,8,3.764,815156.892,198.769,1457898.327,0.00160027300001
769.461984467,0.221,221,2,145.805,641992.247,198.92,1469691.324,0
770.462973978,0.221,221,2,146.026,642008.631,199.141,1484904.498,1.000989511
771.463781134,0.221,221,2,146.247,642025.015,199.362,1499853.38,1.000807156
772.46457495,0.221,221,2,146.468,642041.399,199.583,1514802.262,1.000793816
769.681405037,1.575,1575,4,43.898,529.837,199.804,1521087.389,0
773.465353261,0.221,221,2,146.689,642057.783,202.317,1529585.693,3.783948224
774.46615015,0.221,221,2,146.91,642074.167,202.538,1545195.305,1.000796889
775.466918404,0.221,221,2,147.131,642090.551,202.759,1560672.771,1.000768254
776.467763135,0.221,221,2,147.352,642106.935,202.98,1576348.456,1.000844731
777.469177001,0.221,221,2,147.573,642123.319,203.201,1591891.995,1.001413866
769.692577896,0.151,151,8,3.915,950828.572,203.422,1593750.231,0
773.877028936,2.513,2513,4,46.411,562.605,203.573,1593906.86,4.18445104
778.63760673,2.535,2535,4,48.946,611.757,206.108,1593956.012,4.760577794
778.592750677,0.151,151,8,4.066,950993.393,207.683,1593964.204,0
778.652474403,0.145,145,8,4.211,951009.777,207.828,1593980.588,0.059723726
778.654112251,0.149,149,8,4.36,951017.969,207.977,1593988.78,0.00163784799997
778.470262056,0.221,221,2,147.794,642139.703,208.128,1606972.825,0
779.471315402,0.221,221,2,148.015,642156.087,208.349,1622582.437,1.001053346
780.472237586,0.221,221,2,148.236,642172.471,208.57,1638324.195,1.000922184
781.473147269,0.221,221,2,148.457,642188.855,208.791,1654065.953,1.000909683
782.474090336,0.221,221,2,148.678,642205.239,209.012,1669543.419,1.000943067
778.642900001,1.575,1575,4,50.521,611.757,209.233,1675828.546,0
783.474881358,0.221,221,2,148.899,642221.623,211.746,1685119.726,4.831981357
784.475705625,0.221,221,2,149.12,642238.007,211.967,1700795.411,1.000824267
785.476554546,0.221,221,2,149.341,642254.391,212.188,1716537.169,1.000848921
778.65598281,0.151,151,8,4.511,1086823.529,212.409,1729958.18,0
783.87687333,2.513,2513,4,53.034,644.525,212.56,1730163.512,5.22089052
787.387343481,2.535,2535,4,55.569,669.101,215.095,1730188.088,3.510470151
787.338577503,0.151,151,8,4.662,1087037.053,216.67,1730196.28,0
787.396929127,0.145,145,8,4.807,1087053.437,216.815,1730212.664,0.058351624
787.399306036,0.149,149,8,4.956,1087061.629,216.964,1730220.856,0.00237690899996
786.477382514,0.221,221,2,149.562,642270.775,217.115,1731634.278,0
787.478119899,0.221,221,2,149.783,642287.159,217.336,1746649.233,1.000737385
788.478887105,0.221,221,2,150.004,642303.543,217.557,1761598.115,1.000767206
789.479704807,0.221,221,2,150.225,642319.927,217.778,1777405.946,1.000817702
790.480419353,0.221,221,2,150.446,642336.311,217.999,1793081.631,1.000714546
791.481129849,0.221,221,2,150.667,642352.695,218.22,1808691.243,1.000710496
792.481879735,0.221,221,2,150.888,642369.079,218.441,1824300.855,1.000749886
787.392315761,1.575,1575,4,57.144,669.101,218.662,1830519.909,0
793.482597703,0.221,221,2,151.109,642385.463,221.175,1840108.149,6.090281942
794.483326776,0.221,221,2,151.33,642401.847,221.396,1855849.907,1.000729073
787.403078303,0.151,151,8,5.107,1222859.341,221.617,1866231.56,0
793.877269958,2.513,2513,4,59.657,734.637,221.768,1866538.503,6.474191655
796.19149183,2.535,2535,4,62.192,832.941,224.303,1866636.807,2.314221872
796.147841516,0.151,151,8,5.258,1223174.476,225.878,1866644.999,0
796.201044511,0.145,145,8,5.403,1223190.86,226.023,1866661.383,0.053202995
796.203187242,0.149,149,8,5.552,1223199.052,226.172,1866669.575,0.00214273100005
795.484121779,0.221,221,2,151.551,642418.231,226.323,1871062.396,0
796.484920415,0.221,221,2,151.772,642434.615,226.544,1886804.154,1.000798636
797.485675539,0.221,221,2,151.993,642450.999,226.765,1901488.744,1.000755124
798.486340567,0.221,221,2,152.214,642467.383,226.986,1917098.356,1.000665028
799.487055533,0.221,221,2,152.435,642483.767,227.207,1932707.968,1.000714966
800.487804161,0.221,221,2,152.656,642491.959,227.428,1948441.534,1.000748628
801.488555025,0.221,221,2,152.877,642508.343,227.649,1964249.365,1.000750864
802.489332917,0.221,221,2,153.098,642524.727,227.87,1979726.831,1.000777892
796.196194523,1.575,1575,4,63.767,832.941,228.091,1985813.739,0
803.490099425,0.221,221,2,153.319,642541.111,230.604,1995501.357,7.293904902
796.205450937,0.151,151,8,5.703,1358804.659,230.825,2002447.214,0
803.877151787,2.513,2513,4,66.28,865.709,230.976,2002652.546,7.67170085
804.975187159,2.535,2535,4,68.815,914.861,233.511,2002701.698,1.098035372
804.932371309,0.151,151,8,5.854,1359018.183,235.086,2002709.89,0
804.984651142,0.145,145,8,5.999,1359034.567,235.231,2002726.274,0.0522798329999
804.986204202,0.149,149,8,6.148,1359042.759,235.38,2002734.466,0.00155305999999
804.4909642,0.221,221,2,153.54,642557.495,235.531,2010211.694,0
805.491758994,0.221,221,2,153.761,642573.879,235.752,2025689.16,1.000794794
806.492537305,0.221,221,2,153.982,642590.263,235.973,2041100.553,1.000778311
807.493311566,0.221,221,2,154.203,642606.647,236.194,2056379.8,1.000774261
808.494093648,0.221,221,2,154.424,642623.031,236.415,2072271.723,1.000782082
809.494831871,0.221,221,2,154.645,642639.415,236.636,2087881.335,1.000738223
810.495560036,0.221,221,2,154.866,642655.799,236.857,2103490.947,1.000728165
811.496292252,0.221,221,2,155.087,642672.183,237.078,2118505.902,1.000732216
812.497116938,0.221,221,2,155.308,642688.567,237.299,2133917.295,1.000824686
804.987932495,0.151,151,8,6.299,1494975.726,237.52,2138814.889,0
804.979624734,1.575,1575,4,70.39,914.861,237.671,2139068.924,0
813.857411568,2.535,2535,4,72.925,914.861,240.206,2139068.924,8.877786834
813.497840633,0.221,221,2,155.529,642704.951,240.545,2139093.5,0
814.498525567,0.221,221,2,155.75,642721.335,240.766,2139109.884,1.000684934
815.499086253,0.221,221,2,155.971,642737.719,240.987,2139126.268,1.000560686
816.499596513,0.221,221,2,156.192,642754.103,241.208,2139142.652,1.00051026
817.500174659,0.221,221,2,156.413,642770.487,241.429,2139159.036,1.000578146
818.500709923,0.221,221,2,156.634,642786.871,241.65,2139175.42,1.000535264
819.501301828,0.221,221,2,156.855,642803.255,241.871,2139191.804,1.000591905
820.501830596,0.221,221,2,157.076,642819.639,242.092,2139208.188,1.000528768
821.502400571,0.221,221,2,157.297,642836.023,242.313,2139224.572,1.000569975
822.502871581,0.221,221,2,157.518,642852.407,242.534,2139240.956,1.00047101
813.875777311,0.339,339,4,73.264,931.245,242.755,2139249.148,0
823.503332254,0.221,221,2,157.739,642868.791,243.094,2139281.916,9.627554943
824.503828197,0.221,221,2,157.96,642885.175,243.315,2139298.3,1.000495943
825.504297111,0.221,221,2,158.181,642901.559,243.536,2139314.684,1.000468914
826.504755759,0.221,221,2,158.402,642917.943,243.757,2139331.068,1.000458648
827.505204,0.221,221,2,158.623,642934.327,243.978,2139347.452,1.000448241
828.505640159,0.221,221,2,158.844,642950.711,244.199,2139363.836,1.000436159
829.506090845,0.221,221,2,159.065,642967.095,244.42,2139380.22,1.000450686
830.506768166,0.221,221,2,159.286,642983.479,244.641,2139396.604,1.000677321
831.507343099,0.221,221,2,159.507,642999.863,244.862,2139415.036,1.000574933
832.507987315,0.221,221,2,159.728,643008.055,245.083,2139423.228,1.000644216
823.875834372,0.339,339,4,73.603,955.821,245.304,2139432.94,0
833.508524325,0.221,221,2,159.949,643024.439,245.643,2139449.324,9.632689953
834.509170776,0.221,221,2,160.17,643040.823,245.864,2139465.708,1.000646451
835.509684109,0.221,221,2,160.391,643057.207,246.085,2139482.092,1.000513333
836.510146808,0.221,221,2,160.612,643073.591,246.306,2139498.476,1.000462699
837.510635976,0.221,221,2,160.833,643089.975,246.527,2139514.86,1.000489168
838.511079678,0.221,221,2,161.054,643106.359,246.748,2139531.244,1.000443702
839.511557881,0.221,221,2,161.275,643122.743,246.969,2139547.628,1.000478203
840.512050262,0.221,221,2,161.496,643139.127,247.19,2139564.012,1.000492381
841.512634904,0.221,221,2,161.717,643155.511,247.411,2139580.396,1.000584642
842.513149005,0.221,221,2,161.938,643171.895,247.632,2139596.78,1.000514101
833.875981178,0.339,339,4,73.942,964.013,247.853,2139604.972,0
843.513625882,0.221,221,2,162.159,643188.279,248.192,2139613.164,9.637644704
844.514135933,0.221,221,2,162.38,643204.663,248.413,2139629.548,1.000510051
845.514686003,0.221,221,2,162.601,643221.047,248.634,2139645.932,1.00055007
846.515214631,0.221,221,2,162.822,643241.495,248.855,2139672.508,1.000528628
847.516053635,0.221,221,2,163.043,643257.879,249.076,2139691.724,1.000839004
848.517675978,0.221,221,2,163.264,643274.263,249.297,2139708.108,1.001622343
849.519170581,0.221,221,2,163.485,643290.647,249.518,2139724.492,1.001494603
850.520204582,0.221,221,2,163.706,643307.031,249.739,2139740.876,1.001034001
851.520755979,0.221,221,2,163.927,643323.415,249.96,2139757.26,1.000551397
852.521253249,0.221,221,2,164.148,643339.799,250.181,2139773.644,1.00049727
843.875992632,0.339,339,4,74.281,964.013,250.402,2139781.836,0
853.521719439,0.221,221,2,164.369,643356.183,250.741,2139794.124,9.645726807
854.522376017,0.221,221,2,164.59,643372.567,250.962,2139811.964,1.000656578
855.523261255,0.221,221,2,164.811,643388.951,251.183,2139828.348,1.000885238
856.524514418,0.221,221,2,165.032,643405.335,251.404,2139844.732,1.001253163
857.525049611,0.221,221,2,165.253,643421.719,251.625,2139861.116,1.000535193
858.525696761,0.221,221,2,165.474,643438.103,251.846,2139877.5,1.00064715
859.526149053,0.221,221,2,165.695,643454.487,252.067,2139893.884,1.000452292
860.526844183,0.221,221,2,165.916,643470.871,252.288,2139910.268,1.00069513
861.527292145,0.221,221,2,166.137,643487.255,252.509,2139926.652,1.000447962
862.527875949,0.221,221,2,166.358,643503.639,252.73,2139943.036,1.000583804
853.876039915,0.339,339,4,74.62,968.109,252.951,2139951.228,0
863.528457657,0.221,221,2,166.579,643520.023,253.29,2139963.516,9.652417742
864.529088323,0.221,221,2,166.8,643528.215,253.511,2139971.708,1.000630666
865.529583847,0.221,221,2,167.021,643544.599,253.732,2139988.092,1.000495524
866.530201105,0.221,221,2,167.242,643560.983,253.953,2140004.476,1.000617258
867.530694044,0.221,221,2,167.463,643577.367,254.174,2140020.86,1.000492939
868.53117546,0.221,221,2,167.684,643593.751,254.395,2140037.244,1.000481416
869.531670565,0.221,221,2,167.905,643610.135,254.616,2140053.628,1.000495105
870.532287124,0.221,221,2,168.126,643626.519,254.837,2140070.012,1.000616559
871.532756388,0.221,221,2,168.347,643642.903,255.058,2140086.396,1.000469264
872.53324821,0.221,221,2,168.568,643659.287,255.279,2140102.78,1.000491822
863.875924817,0.339,339,4,74.959,972.205,255.5,2140110.972,0
873.533721175,0.221,221,2,168.789,643675.671,255.839,2140121.212,9.657796358
874.534313779,0.221,221,2,169.01,643692.055,256.06,2140140.572,1.000592604
875.534966096,0.221,221,2,169.231,643708.439,256.281,2140156.956,1.000652317
873.875884449,0.339,339,4,75.298,987.165,256.502,2140175.084,0
877.105082869,1.575,1575,4,76.873,987.165,258.077,2140175.084,3.22919842
877.116095233,0.286,286,4,77.159,1003.549,258.363,2140283.628,0.0110123640001
876.535678827,0.221,221,2,169.452,643816.983,258.552,2140308.204,0
877.126070314,0.189,189,4,77.348,1019.933,258.773,2140316.396,0.590391487
877.536303347,0.221,221,2,169.673,643833.367,259.022,2140333.804,0.410233033
878.536988351,0.221,221,2,169.894,643849.751,259.243,2140350.188,1.000685004
879.537500008,0.221,221,2,170.115,643866.135,259.464,2140366.572,1.000511657
880.537946294,0.221,221,2,170.336,643882.519,259.685,2140382.956,1.000446286
881.538397469,0.221,221,2,170.557,643898.903,259.906,2140399.34,1.000451175
882.538874415,0.221,221,2,170.778,643915.287,260.127,2140415.724,1.000476946
877.695080591,0.249,249,4,77.597,1028.125,260.348,2140423.916,0
883.539315462,0.221,221,2,170.999,643931.671,262.861,2140444.396,5.844234871
884.53987084,0.221,221,2,171.22,643948.055,263.082,2140460.78,1.000555378
885.540365387,0.221,221,2,171.441,643964.439,263.303,2140477.164,1.000494547
886.540803082,0.221,221,2,171.662,643980.823,263.524,2140493.548,1.000437695
887.54123526,0.221,221,2,171.883,643997.207,263.745,2140509.932,1.000432178
888.541662968,0.221,221,2,172.104,644013.591,263.966,2140526.316,1.000427708
889.542098289,0.221,221,2,172.325,644029.975,264.187,2140542.7,1.000435321
890.542540174,0.221,221,2,172.546,644046.359,264.408,2140559.084,1.000441885
891.542972981,0.221,221,2,172.767,644062.743,264.629,2140575.468,1.000432807
892.543442175,0.221,221,2,172.988,644079.127,264.85,2140591.852,1.000469194
883.876694259,2.513,2513,4,80.11,1040.413,265.071,2140600.044,0
893.876045573,2.513,2513,4,82.623,1046.557,267.584,2140607.212,9.999351314
893.543926105,0.221,221,2,173.209,644087.319,267.698,2140610.284,0
893.934018099,0.302,150,2,173.511,712977.943,268.302,2358517.484,0.390091994
894.5456442,0.221,221,2,173.732,817782.295,268.523,2527575.788,0.611626101
895.54751462,0.221,221,2,173.953,817798.679,268.744,2527592.172,1.00187042
896.548199274,0.221,221,2,174.174,817806.871,268.965,2527600.364,1.000684654
897.548967947,0.221,221,2,174.395,817823.255,269.186,2527616.748,1.000768673
898.549681586,0.221,221,2,174.616,817839.639,269.407,2527633.132,1.000713639
899.550410659,0.221,221,2,174.837,817856.023,269.628,2527649.516,1.000729073
893.943736933,0.152,152,6,0.152,105163.264,269.849,2527657.708,0
900.551114519,0.221,221,2,175.058,817872.407,269.999,2613378.796,6.607377586
901.551887592,0.221,221,2,175.279,817888.791,270.22,2613395.18,1.000773073
893.939121891,0.15,150,5,0.15,108119.968,270.441,2613403.372,0
902.552679942,0.221,221,2,175.5,817905.175,270.593,2632957.676,8.613558051
893.911339447,0.114,114,4,82.737,1049.629,270.814,2694913.772,0
903.553454482,0.221,221,2,175.721,817921.559,273.327,2694923.5,9.642115035
904.554196615,0.221,221,2,175.942,817937.943,273.548,2694939.884,1.000742133
905.554887974,0.221,221,2,176.163,817954.327,273.919,2772301.804,1.000691359
906.555737035,0.221,221,2,176.384,817970.711,274.14,2772318.188,1.000849061
906.023105127,0.15,150,7,0.15,77353.984,274.361,2772326.38,0
907.556479238,0.221,221,2,176.605,817987.095,274.513,2827778.028,1.533374111
908.557181492,0.221,221,2,176.826,818003.479,274.734,2850879.468,1.000702254
909.557933683,0.221,221,2,177.047,818019.863,274.955,2850895.852,1.000752191
910.55867393,0.221,221,2,177.268,818036.247,275.176,2850912.236,1.000740247
911.559385404,0.221,221,2,177.489,818052.631,275.397,2850928.62,1.000711474
912.560102115,0.221,221,2,177.71,818069.015,275.618,2850945.004,1.000716711
903.87733191,2.513,2513,4,85.25,1051.165,275.839,2850953.196,0
913.560804648,0.221,221,2,177.931,818085.399,278.352,2850962.396,9.683472738
914.56150823,0.221,221,2,178.152,818101.783,278.573,2850978.78,1.000703582
915.562202592,0.221,221,2,178.373,818118.167,278.794,2850995.164,1.000694362
916.562892414,0.221,221,2,178.594,818134.551,279.015,2851011.548,1.000689822
917.563609405,0.221,221,2,178.815,818150.935,279.236,2851027.932,1.000716991
918.564314313,0.221,221,2,179.036,818167.319,279.457,2851044.316,1.000704908
913.879447683,2.513,2513,4,87.763,1052.173,279.678,2851052.508,0
919.93553631,0.178,178,4,87.941,1053.149,279.856,2851053.484,6.056088627
919.948930471,0.286,286,4,88.227,1054.093,280.142,2851251.036,0.0133941610001
919.565193056,0.221,221,2,179.257,818183.703,280.331,2851260.14,0
920.565974091,0.221,221,2,179.478,818200.087,280.552,2851276.524,1.000781035
921.56669604,0.221,221,2,179.699,818216.471,280.773,2851292.908,1.000721949
919.956593317,0.189,189,4,88.416,1055.005,280.994,2851301.1,0
923.379458683,0.184,184,4,88.6,1055.885,281.178,2851301.98,3.422865366
923.385493738,1.775,1775,4,90.375,1057.933,282.953,2851304.028,0.00603505499998
923.395863004,15990.784,262144,4,16081.159,1057.933,16273.737,2851304.028,0.010369266
923.417339687,786.432,262144,4,16867.591,1057.933,17060.169,2851304.028,0.0214766829999
923.418822557,786.432,262144,4,17654.023,1057.933,17846.601,2851304.028,0.00148287000002
923.420284615,524.288,262144,4,18178.311,1057.933,18370.889,2851304.028,0.00146205800002
923.421911847,524.288,262144,4,18702.599,1057.933,18895.177,2851304.028,0.00162723200003
923.423376698,524.288,262144,4,19226.887,1057.933,19419.465,2851304.028,0.00146485099992
923.424849581,524.288,262144,4,19751.175,1057.933,19943.753,2851304.028,0.00147288300002
923.426458095,524.288,262144,4,20275.463,1057.933,20468.041,2851304.028,0.00160851400005
923.427923226,786.432,262144,4,21061.895,1057.933,21254.473,2851304.028,0.00146513099992
923.429990248,524.288,262144,4,21586.183,1057.933,21778.761,2851304.028,0.00206702200001
923.432054338,524.288,262144,4,22110.471,1057.933,22303.049,2851304.028,0.00206408999998
923.433961633,524.288,262144,4,22634.759,1057.933,22827.337,2851304.028,0.00190729500002
923.436020624,524.288,262144,4,23159.047,1057.933,23351.625,2851304.028,0.00205899100001
923.438073539,786.432,262144,4,23945.479,1057.933,24138.057,2851304.028,0.00205291500004
923.440586428,786.432,262144,4,24731.911,1057.933,24924.489,2851304.028,0.00251288899995
923.443097083,786.432,262144,4,25518.343,1057.933,25710.921,2851304.028,0.00251065500004
923.445576378,786.432,262144,4,26304.775,1057.933,26497.353,2851304.028,0.00247929500006
923.448076277,786.432,262144,4,27091.207,1057.933,27283.785,2851304.028,0.00249989899999
923.450587421,786.432,262144,4,27877.639,1057.933,28070.217,2851304.028,0.00251114399998
923.453239993,786.432,262144,4,28664.071,1057.933,28856.649,2851304.028,0.00265257199999
923.456167949,685.816,262144,4,29349.887,1057.933,29542.465,2851304.028,0.00292795600001
923.459245435,161.528,161528,4,29511.415,1058.781,29703.993,2851304.876,0.00307748599994
923.497784205,0.184,184,4,29511.599,1060.381,29704.177,2851306.476,0.0385387700001
922.567400459,0.221,221,2,179.92,818232.855,29704.366,2851315.42,0
923.510684169,0.189,189,4,29511.788,1070.045,29704.587,2851332.524,0.94328371
923.666710225,1.575,1575,4,29513.363,1070.045,29706.162,2851332.524,0.156026056
923.668912041,0.286,286,4,29513.649,2054.045,29706.448,2852316.524,0.00220181600002
923.568093704,0.221,221,2,180.141,818249.239,29706.637,2852325.644,0
923.685165295,0.189,189,4,29513.838,2054.973,29706.858,2852333.836,0.117071591
924.568853019,0.221,221,2,180.362,818265.623,29709.371,2852342.924,0.883687724
924.891892841,2.513,2513,4,29516.351,2055.869,29709.592,2852351.116,0.323039822
925.846266787,2.382,2382,4,29518.733,2057.149,29711.974,2852352.396,0.954373946
925.569564003,0.221,221,2,180.583,818282.007,29712.163,2852361.404,0
926.527637233,0.189,189,4,29518.922,2067.197,29712.384,2852378.828,0.95807323
926.593256261,1.575,1575,4,29520.497,2067.197,29713.959,2852378.828,0.065619028
926.595942567,0.286,286,4,29520.783,2379.517,29714.245,2852691.148,0.00268630599999
926.602349108,0.189,189,4,29520.972,2380.509,29714.434,2852692.14,0.00640654100005
926.649930996,0.286,286,4,29521.258,3552.445,29714.72,2853864.076,0.047581888
926.570250752,0.221,221,2,180.804,818298.391,29714.909,2853873.196,0
927.571024594,0.221,221,2,181.025,818314.775,29715.13,2853889.58,1.000773842
928.5717346,0.221,221,2,181.246,818322.967,29715.351,2853897.772,1.000710006
926.660065386,0.189,189,4,29521.447,3553.373,29715.572,2853905.964,0
929.778202057,0.184,184,4,29521.631,3554.269,29715.756,2853906.86,3.118136671
929.780415467,1.775,1775,4,29523.406,3555.789,29717.531,2853908.38,0.00221340999997
929.784112166,1572.864,262144,4,31096.27,3555.789,31290.395,2853908.38,0.00369669899999
929.78819369,786.432,262144,4,31882.702,3555.789,32076.827,2853908.38,0.00408152399996
929.79157338,786.432,262144,4,32669.134,3555.789,32863.259,2853908.38,0.00337969000009
929.794809336,786.432,262144,4,33455.566,3555.789,33649.691,2853908.38,0.00323595599991
929.798185115,786.432,262144,4,34241.998,3555.789,34436.123,2853908.38,0.00337577900007
929.801423026,786.432,262144,4,35028.43,3555.789,35222.555,2853908.38,0.00323791099993
929.804828767,786.432,262144,4,35814.862,3555.789,36008.987,2853908.38,0.00340574100005
929.808189459,786.432,262144,4,36601.294,3555.789,36795.419,2853908.38,0.003360692
929.8120264,786.432,262144,4,37387.726,3555.789,37581.851,2853908.38,0.00383694100003
929.815246502,786.432,262144,4,38174.158,3555.789,38368.283,2853908.38,0.003220102
929.818647423,786.432,262144,4,38960.59,3555.789,39154.715,2853908.38,0.00340092099998
929.822013424,786.432,262144,4,39747.022,3555.789,39941.147,2853908.38,0.00336600100002
929.825252034,786.432,262144,4,40533.454,3555.789,40727.579,2853908.38,0.00323860999993
929.828655609,786.432,262144,4,41319.886,3555.789,41514.011,2853908.38,0.00340357499999
929.831890169,786.432,262144,4,42106.318,3555.789,42300.443,2853908.38,0.00323456000001
929.835108665,786.432,262144,4,42892.75,3555.789,43086.875,2853908.38,0.00321849600004
929.838632297,786.432,262144,4,43679.182,3555.789,43873.307,2853908.38,0.003523632
929.842160469,439.329,262144,4,44118.511,3556.653,44312.636,2853909.244,0.00352817199996
929.572477362,0.221,221,2,181.467,818339.351,44312.82,2853918.268,0
930.57316467,0.221,221,2,181.688,818355.735,44313.041,2853934.652,1.000687308
931.573673324,0.221,221,2,181.909,818372.119,44313.262,2853951.036,1.000508654
929.88507263,0.184,184,4,44118.695,3558.285,44313.483,2853960.028,0
932.772380925,0.189,189,4,44118.884,3567.901,44313.672,2853969.644,2.887308295
932.949810891,1.575,1575,4,44120.459,3567.901,44315.247,2853969.644,0.177429966
932.95296639,0.286,286,4,44120.745,4584.701,44315.533,2854986.444,0.00315549900006
932.574111509,0.221,221,2,182.13,818388.503,44315.723,2854995.596,0
932.972709403,0.19,190,4,44120.935,4585.661,44315.944,2855003.788,0.398597894
933.574759566,0.221,221,2,182.351,818404.887,44318.457,2855012.908,0.602050163
933.876784565,2.513,2513,4,44123.448,4586.589,44318.678,2855021.1,0.302024999
934.575455465,0.221,221,2,182.572,818421.271,44321.017,2855029.292,0.6986709
935.576283084,0.221,221,2,182.793,818437.655,44321.238,2855045.676,1.000827619
934.847213067,2.339,2339,4,44125.787,4587.485,44321.459,2855054.764,0
937.033751872,0.189,189,4,44125.976,4589.981,44321.648,2855057.26,2.186538805
937.047738846,0.19,190,4,44126.166,4599.597,44321.838,2855066.876,0.013986974
937.196535911,1.575,1575,4,44127.741,4599.597,44323.413,2855066.876,0.148797065
937.198172851,0.286,286,4,44128.027,4927.773,44323.699,2855395.052,0.00163694000003
937.203707633,0.19,190,4,44128.217,4928.749,44323.889,2855396.028,0.00553478200004
937.254298144,0.286,286,4,44128.503,6109.341,44324.175,2856576.62,0.050590511
936.576828963,0.221,221,2,183.014,818454.039,44324.365,2856585.724,0
937.577444055,0.221,221,2,183.235,818470.423,44324.586,2856602.108,1.000615092
938.578137649,0.221,221,2,183.456,818486.807,44324.807,2856618.492,1.000693594
937.268938484,0.19,190,4,44128.693,6110.253,44325.028,2856626.684,0
940.563325151,0.184,184,4,44128.877,6111.133,44325.212,2856627.564,3.294386667
940.566601965,1.775,1775,4,44130.652,6112.109,44326.987,2856628.54,0.00327681400006
940.569764378,1835.008,262144,4,45965.66,6112.109,46161.995,2856628.54,0.00316241299993
940.574403096,786.432,262144,4,46752.092,6112.109,46948.427,2856628.54,0.00463871800002
939.578811967,0.221,221,2,183.677,818503.191,47734.859,2856636.732,0
940.578237522,786.432,262144,4,47538.524,6112.109,47735.08,2856644.924,0.999425555
940.58219026,786.432,262144,4,48324.956,6112.109,48521.512,2856644.924,0.00395273799995
940.586037606,786.432,262144,4,49111.388,6112.109,49307.944,2856644.924,0.00384734600004
940.589856458,786.432,262144,4,49897.82,6112.109,50094.376,2856644.924,0.00381885199999
940.593826446,786.432,262144,4,50684.252,6112.109,50880.808,2856644.924,0.00396998799999
940.597936187,786.432,262144,4,51470.684,6112.109,51667.24,2856644.924,0.00410974099998
940.601910505,1048.576,262144,4,52519.26,6112.109,52715.816,2856644.924,0.00397431800002
940.606469814,1048.576,262144,4,53567.836,6112.109,53764.392,2856644.924,0.004559309
940.611024094,1310.72,262144,4,54878.556,6112.109,55075.112,2856644.924,0.00455427999998
940.616030177,1048.576,262144,4,55927.132,6112.109,56123.688,2856644.924,0.00500608300001
940.62132254,957.838,262144,4,56884.97,6112.109,57081.526,2856644.924,0.00529236300008
940.626584173,171.406,171406,4,57056.376,6112.957,57252.932,2856645.772,0.00526163299992
940.664507571,0.184,184,4,57056.56,6114.557,57253.116,2856647.372,0.037923398
940.579513942,0.221,221,2,183.898,818519.575,57253.306,2856656.316,0
941.491623296,0.19,190,4,57056.75,6116.029,57253.527,2856665.228,0.912109354
941.633582759,0.19,190,4,57056.94,6125.629,57253.717,2856674.828,0.141959463
941.674445287,1.575,1575,4,57058.515,6125.629,57255.292,2856674.828,0.040862528
941.677565098,0.286,286,4,57058.801,7257.021,57255.578,2857806.22,0.00311981099992
941.582606863,0.221,221,2,184.119,818535.959,57255.768,2857815.276,0
942.58330325,0.221,221,2,184.34,818552.343,57255.989,2857831.66,1.000696387
941.690559208,0.19,190,4,57058.991,7257.885,57256.21,2857839.852,0
943.880754344,2.513,2513,4,57061.504,7258.717,57258.723,2857840.684,2.190195136
943.584030089,0.221,221,2,184.561,818568.727,57261.105,2857848.876,0
944.584730317,0.221,221,2,184.782,818585.111,57261.326,2857865.26,1.000700228
945.585430267,0.221,221,2,185.003,818601.495,57261.547,2857881.644,1.00069995
943.957211064,2.382,2382,4,57063.886,7267.837,57261.768,2857898.956,0
946.712670539,1.575,1575,4,57065.461,7267.837,57263.343,2857898.956,2.755459475
946.714428724,0.286,286,4,57065.747,7646.717,57263.629,2858277.836,0.00175818499997
908.361391231,0.152,152,7,0.302,155883.808,57263.819,2858280.172,0
946.720307963,0.19,190,4,57065.937,7647.741,57345.798,2858280.172,38.358916732
946.765748518,0.286,286,4,57066.223,8877.037,57346.084,2859509.468,0.045440555
946.724703494,81.979,81979,7,82.281,155885.04,57346.274,2859511.676,0
946.585912102,0.221,221,2,185.224,818617.879,57746.746,2859519.868,0
947.586613797,0.221,221,2,185.445,818634.263,57746.967,2859536.252,1.000701695
948.587345035,0.221,221,2,185.666,818650.647,57747.188,2859552.636,1.000731238
946.775142939,0.19,190,4,57066.413,8878.013,57747.409,2859560.828,0
950.329022661,0.185,185,4,57066.598,8878.957,57747.594,2859561.772,3.553879722
950.331348795,1.775,1775,4,57068.373,8879.901,57749.369,2859562.716,0.0023261340001
950.334366427,2359.296,262144,4,59427.669,8879.901,60108.665,2859562.716,0.00301763199991
950.340900289,1310.72,262144,4,60738.389,8879.901,61419.385,2859562.716,0.00653386200008
950.346943795,1310.72,262144,4,62049.109,8879.901,62730.105,2859562.716,0.00604350599997
950.353117066,1310.72,262144,4,63359.829,8879.901,64040.825,2859562.716,0.00617327099997
950.359148908,1310.72,262144,4,64670.549,8879.901,65351.545,2859562.716,0.00603184199997
950.36533496,1310.72,262144,4,65981.269,8879.901,66662.265,2859562.716,0.00618605200009
950.371202676,1310.72,262144,4,67291.989,8879.901,67972.985,2859562.716,0.00586771600001
950.377249953,1048.576,262144,4,68340.565,8879.901,69021.561,2859562.716,0.00604727699999
950.382903535,1048.576,262144,4,69389.141,8879.901,70070.137,2859562.716,0.00565358199992
950.418366215,83.022,83022,4,69472.163,8880.813,70153.159,2859563.628,0.03546268
949.588081232,0.221,221,2,185.887,818667.031,70153.344,2859572.7,0
950.443575636,0.185,185,4,69472.348,8882.541,70153.565,2859581.74,0.855494404
951.261351556,0.19,190,4,69472.538,8884.141,70153.755,2859583.34,0.81777592
951.393547556,0.19,190,4,69472.728,8886.301,70153.945,2859585.5,0.132196
951.40155011,0.19,190,4,69472.918,8895.821,70154.135,2859595.02,0.00800255399997
951.463465386,1.575,1575,4,69474.493,8895.821,70155.71,2859595.02,0.061915276
951.465509221,0.286,286,4,69474.779,10207.405,70155.996,2860906.604,0.00204383499999
950.588779855,0.221,221,2,186.108,818683.415,70156.186,2860915.628,0
951.589480153,0.221,221,2,186.329,818699.799,70156.407,2860932.012,1.000700298
952.590204198,0.221,221,2,186.55,818716.183,70156.628,2860948.396,1.000724045
951.476189071,0.19,190,4,69474.969,10208.237,70156.849,2860956.588,0
953.876291626,2.513,2513,4,69477.482,10209.037,70159.362,2860957.388,2.400102555
953.590911481,0.221,221,2,186.771,818732.567,70161.701,2860965.58,0
954.09549052,2.339,2339,4,69479.821,10218.253,70161.922,2860982.988,0.504579039
955.450259237,1.575,1575,4,69481.396,10218.253,70163.497,2860982.988,1.354768717
955.452506381,0.286,286,4,69481.682,10604.301,70163.783,2861369.036,0.00224714400008
955.457154737,0.19,190,4,69481.872,10604.797,70163.973,2861369.532,0.00464835599996
955.502038168,0.286,286,4,69482.158,11932.877,70164.259,2862697.612,0.044883431
954.591595227,0.221,221,2,186.992,818748.951,70164.449,2862706.284,0
955.592305233,0.221,221,2,187.213,818765.335,70164.67,2862722.668,1.000710006
956.593896358,0.221,221,2,187.434,818781.719,70164.891,2862739.052,1.001591125
957.594709939,0.221,221,2,187.655,818798.103,70165.112,2862755.436,1.000813581
955.512173954,0.19,190,4,69482.348,11933.357,70165.333,2862763.628,0
958.607691478,0.185,185,4,69482.533,11934.285,70165.518,2862764.556,3.095517524
958.61008005,1.775,1775,4,69484.308,11935.645,70167.293,2862765.916,0.00238857199997
958.612438241,2359.296,262144,4,71843.604,11935.645,72526.589,2862765.916,0.00235819099998
958.619108921,1048.576,262144,4,72892.18,11935.645,73575.165,2862765.916,0.00667068000007
958.625136853,1048.576,262144,4,73940.756,11935.645,74623.741,2862765.916,0.00602793199994
958.63130733,1048.576,262144,4,74989.332,11935.645,75672.317,2862765.916,0.00617047700007
958.637420747,1048.576,262144,4,76037.908,11935.645,76720.893,2862765.916,0.00611341699994
958.654866471,1310.72,262144,4,77348.628,11935.645,78031.613,2862765.916,0.017445724
958.659397983,1048.576,262144,4,78397.204,11935.645,79080.189,2862765.916,0.00453151199997
958.664775692,1048.576,262144,4,79445.78,11935.645,80128.765,2862765.916,0.00537770900007
958.669979357,634.809,262144,4,80080.589,11936.541,80763.574,2862766.812,0.00520366499995
958.711243752,0.185,185,4,80080.774,11938.237,80763.759,2862768.508,0.041264395
959.24205406,0.19,190,4,80080.964,11939.805,80763.949,2862770.076,0.530810308
959.326332794,0.19,190,4,80081.154,11941.917,80764.139,2862772.188,0.084278734
959.335740485,0.19,190,4,80081.344,11951.405,80764.329,2862781.676,0.00940769099998
959.42196367,1.575,1575,4,80082.919,11951.405,80765.904,2862781.676,0.086223185
959.424193073,0.286,286,4,80083.205,13082.765,80766.19,2863913.036,0.002229403
958.595603837,0.221,221,2,187.876,818814.487,80766.38,2863922.06,0
959.596515965,0.221,221,2,188.097,818830.871,80766.601,2863938.444,1.000912128
959.434964066,0.19,190,4,80083.395,13083.597,80766.822,2863938.444,0
961.338839622,2.339,2339,4,80085.734,13092.717,80769.161,2863947.564,1.903875556
962.565069647,1.575,1575,4,80087.309,13092.717,80770.736,2863947.564,1.226230025
962.567886346,0.286,286,4,80087.595,13537.133,80771.022,2864391.98,0.00281669900005
962.574193084,0.19,190,4,80087.785,13538.157,80771.212,2864393.004,0.00630673799992
962.619432356,0.286,286,4,80088.071,14669.645,80771.498,2865524.492,0.045239272
962.627507755,0.19,190,4,80088.261,14670.605,80771.688,2865525.452,0.00807539900006
963.876469582,2.513,2513,4,80090.774,14671.533,80774.201,2865526.38,1.248961827
965.736600818,0.185,185,4,80090.959,14672.429,80774.386,2865527.276,1.860131236
965.738631942,1.775,1775,4,80092.734,14673.293,80776.161,2865528.14,0.00203112399993
965.741041815,2359.296,262144,4,82452.03,14673.293,83135.457,2865528.14,0.00240987300003
965.747910985,1048.576,262144,4,83500.606,14673.293,84184.033,2865528.14,0.00686916999996
965.754072942,1048.576,262144,4,84549.182,14673.293,85232.609,2865528.14,0.00616195700002
965.760114981,1048.576,262144,4,85597.758,14673.293,86281.185,2865528.14,0.00604203900002
965.76626283,1048.576,262144,4,86646.334,14673.293,87329.761,2865528.14,0.00614784899994
965.772316114,1048.576,262144,4,87694.91,14673.293,88378.337,2865528.14,0.00605328400002
965.778349702,1048.576,262144,4,88743.486,14673.293,89426.913,2865528.14,0.00603358800004
965.784524719,1048.576,262144,4,89792.062,14673.293,90475.489,2865528.14,0.00617501700003
965.790555444,1001.321,262144,4,90793.383,14673.293,91476.81,2865528.14,0.00603072499996
965.796694423,214.889,214889,4,91008.272,14674.157,91691.699,2865529.004,0.00613897899996
965.835006418,0.185,185,4,91008.457,14675.789,91691.884,2865530.636,0.0383119950001
966.795135705,0.19,190,4,91008.647,14677.293,91692.074,2865532.14,0.960129287
967.05958784,0.19,190,4,91008.837,14678.669,91692.264,2865533.516,0.264452135
967.063563276,0.19,190,4,91009.027,14688.685,91692.454,2865543.532,0.00397543600002
967.077212218,1.575,1575,4,91010.602,14688.685,91694.029,2865543.532,0.013648942
967.079463063,0.286,286,4,91010.888,16016.621,91694.315,2866871.468,0.00225084500005
967.092784031,0.19,190,4,91011.078,16017.021,91694.505,2866871.868,0.0133209679999
