time,size,first_call,destination,dest_out_traffic,dest_in_traffic,total_network_out,total_network_in,dens10
0.0,32.768,0,5,32.768,0.0,40.96,0.0,0
0.0,8.192,0,2,8.192,0.0,49.253,0.0,0
-5756322.65212,8.192,8192,2,16.384,8.192,57.445,10.24,0
3.437192769,0.244,244,2,16.628,24.576,57.689,26.624,5756326.08931
3.472447999,0.183,183,2,16.811,40.96,57.872,43.008,0.03525523
4.493297935,0.183,183,2,16.994,57.344,58.055,59.392,1.020849936
5.494418982,0.183,183,2,17.177,73.728,58.238,75.776,1.001121047
6.495309532,0.183,183,2,17.36,90.112,58.421,92.16,1.00089055
7.496128295,0.183,183,2,17.543,106.496,58.604,108.544,1.000818763
8.496983284,0.183,183,2,17.726,122.88,58.787,124.928,1.000854989
9.497772051,0.183,183,2,17.909,139.264,58.97,141.312,1.000788767
10.498586176,0.183,183,2,18.092,155.648,59.153,157.696,1.000814125
11.499435735,0.183,183,2,18.275,163.84,59.336,165.888,1.000849559
12.048602056,0.268,268,4,0.268,8.452,59.77,176.836,0.549166321
11.516317207,0.166,166,2,18.441,174.528,60.023,193.22,0
12.506849334,0.219,219,2,18.66,207.296,60.242,225.988,0.990532127
12.596146565,0.283,283,2,18.943,223.68,60.525,242.372,0.089297231
12.638759107,0.207,207,2,19.15,240.064,60.732,258.756,0.042612542
12.67966593,0.102,102,2,19.252,248.256,60.834,266.948,0.040906823
12.088352834,0.253,253,4,0.521,24.836,60.959,72134.141,0
13.099808796,0.291,291,4,0.812,25.123,61.25,72581.253,1.011455962
12.705757704,0.125,125,2,19.377,160153.499,61.484,160188.862,0
13.510621874,0.219,219,2,19.596,245395.09,61.703,245430.453,0.80486417
13.102632269,0.234,234,4,1.046,41.507,61.828,295447.148,0
14.104932968,0.405,405,4,1.451,41.908,62.233,296108.835,1.002300699
13.885602411,0.125,125,2,19.721,361846.72,62.463,361898.868,0
14.51629321,0.219,219,2,19.94,361863.104,62.682,361915.252,0.630690799
14.931021717,0.174,174,2,20.114,361879.488,62.856,361931.636,0.414728507
14.932055405,0.188,188,2,20.302,361887.68,63.044,361939.828,0.001033688
14.108368662,0.23,230,4,1.681,58.292,63.167,362170.686,0
14.933712387,0.123,123,2,20.425,362118.538,63.818,362187.717,0.825343725
14.938284463,0.651,651,4,2.332,75.323,63.988,362204.101,0.004572076
14.962477407,0.17,170,2,20.595,362134.922,64.485,362212.786,0.024192944
14.963505742,0.184,184,2,20.779,362143.114,64.669,362229.17,0.001028335
14.96308841,0.497,497,4,2.829,92.2,64.792,362307.185,0
14.965928641,0.123,123,2,20.902,362221.129,65.171,362323.944,0.002840231
14.976972973,0.379,379,4,3.208,108.959,65.39,362340.328,0.011044332
15.517760673,0.219,219,2,21.121,362237.513,65.702,362373.4,0.5407877
16.519146247,0.219,219,2,21.34,362253.897,65.921,362389.784,1.001385574
17.520294247,0.219,219,2,21.559,362278.473,66.14,362414.36,1.001148
17.550963745,0.264,264,2,21.823,362294.857,66.404,362430.744,0.030669498
18.52227723,0.219,219,2,22.042,362319.433,66.623,362455.32,0.971313485
19.406271152,0.328,328,2,22.37,362344.009,66.951,362479.896,0.883993922
19.409207615,0.252,252,2,22.622,362360.393,67.203,362496.28,0.002936463
19.485728836,0.131,131,2,22.753,362376.777,67.334,362512.664,0.076521221
19.510624958,0.11,110,2,22.863,362393.161,67.444,362529.048,0.024896122
19.523434146,0.219,219,2,23.082,362409.545,67.663,362545.432,0.012809188
-5756323.18968,8.293,8293,5,41.061,16.384,67.773,362570.008,0
19.812467893,0.368,368,5,41.429,40.96,68.141,362594.584,5756343.00215
19.713843477,0.11,110,2,23.192,362425.929,70.605,362602.776,0
20.133247918,0.131,131,2,23.323,362450.505,70.736,362627.352,0.419404441
20.156965136,0.368,368,2,23.691,362475.081,71.104,362660.12,0.023717218
20.250114403,2.464,2464,2,26.155,362491.465,73.568,362676.504,0.093149267
20.524439064,0.219,219,2,26.374,362507.849,73.787,362692.888,0.274324661
20.937521206,0.131,131,2,26.505,362524.233,73.918,362709.272,0.413082142
21.52544762,0.219,219,2,26.724,362540.617,74.137,362725.656,0.587926414
22.528177022,0.219,219,2,26.943,362557.001,74.356,362742.04,1.002729402
22.539497263,0.11,110,2,27.053,362573.385,74.466,362758.424,0.011320241
23.531596833,0.219,219,2,27.272,362589.769,74.685,362774.808,0.99209957
24.53249528,0.219,219,2,27.491,362600.009,74.904,362785.048,1.000898447
19.903875362,2.464,2464,5,43.893,51.2,77.147,362789.656,0
25.056200401,2.243,2243,2,29.734,362610.761,79.39,362799.384,5.152325039
25.533599213,0.219,219,2,29.953,362627.145,79.609,362816.792,0.477398812
25.543522542,0.11,110,2,30.063,362639.273,79.719,362828.92,0.009923329
25.367016223,2.243,2243,5,46.136,57.696,79.855,362836.952,0
25.614584163,0.136,136,2,30.199,362651.561,79.991,362851.288,0.24756794
26.534751917,0.219,219,2,30.418,362667.945,80.21,362867.672,0.920167754
27.536094624,0.219,219,2,30.637,362684.329,80.429,362884.056,1.001342707
28.536780812,0.219,219,2,30.856,362700.713,80.648,362900.44,1.000686188
28.545304234,0.11,110,2,30.966,362717.097,80.758,362916.824,0.008523422
29.538234898,0.219,219,2,31.185,362733.481,80.977,362933.208,0.992930664
30.538902341,0.219,219,2,31.404,362749.865,81.196,362949.592,1.000667443
31.539609643,0.219,219,2,31.623,362766.249,81.415,362965.976,1.000707302
31.546747405,0.11,110,2,31.733,362782.633,81.525,362982.36,0.007137762
32.540371884,0.219,219,2,31.952,362799.017,81.744,362998.744,0.993624479
33.541032167,0.219,219,2,32.171,362815.401,81.963,363015.128,1.000660283
34.541756279,0.219,219,2,32.39,362831.785,82.182,363031.512,1.000724112
34.548055174,0.11,110,2,32.5,362848.169,82.292,363047.896,0.006298895
35.542401654,0.219,219,2,32.719,362864.553,82.511,363064.28,0.99434648
36.543053066,0.219,219,2,32.938,362880.937,82.73,363080.664,1.000651412
37.543706398,0.219,219,2,33.157,362897.321,82.949,363097.048,1.000653332
37.549314403,0.11,110,2,33.267,362913.705,83.059,363113.432,0.005608005
38.544373649,0.219,219,2,33.486,362930.089,83.278,363129.816,0.995059246
39.545144804,0.219,219,2,33.705,362946.473,83.497,363146.2,1.000771155
40.545794862,0.219,219,2,33.924,362962.857,83.716,363162.584,1.000650058
40.550620513,0.11,110,2,34.034,362979.241,83.826,363178.968,0.004825651
41.546453753,0.219,219,2,34.253,362997.673,84.045,363197.4,0.99583324
42.547184017,0.219,219,2,34.472,363014.057,84.264,363213.784,1.000730264
43.547899639,0.219,219,2,34.691,363030.441,84.483,363230.168,1.000715622
43.552380933,0.11,110,2,34.801,363046.825,84.593,363246.552,0.004481294
44.549212219,0.219,219,2,35.02,363063.209,84.812,363263.96,0.996831286
45.550030889,0.219,219,2,35.239,363079.593,85.031,363280.344,1.00081867
46.550699667,0.219,219,2,35.458,363112.361,85.25,363313.112,1.000668778
47.551317661,0.219,219,2,35.677,363128.745,85.469,363329.496,1.000617994
49.369394819,0.221,221,8,0.221,40.96,85.909,363372.504,1.818077158
48.552007859,0.219,219,2,35.896,363136.937,86.054,363397.08,0
49.553450426,0.219,219,2,36.115,363153.321,86.273,363413.464,1.001442567
49.605302641,0.11,110,2,36.225,363161.513,86.383,363421.656,0.051852215
25.894230019,0.136,136,5,46.272,64.864,94.676,363421.656,0
49.652480744,8.293,8293,2,44.518,363180.969,102.969,363443.16,23.758250725
49.653369529,8.293,8293,5,54.565,83.296,103.214,363459.544,0.000888785000001
49.798504943,0.245,245,2,44.763,363183.017,103.459,363463.64,0.145135414
49.815672139,0.245,245,5,54.81,85.344,106.611,363463.64,0.017167196
49.866249357,3.152,3152,5,57.962,118.112,109.763,363512.792,0.050577218
50.268806386,0.245,245,5,58.207,119.136,110.008,363513.816,0.402557029
49.866238571,3.152,3152,2,47.915,363207.593,135.677,363530.2,0
50.278633025,0.278,278,2,48.193,363228.073,135.955,363550.68,0.412394454
50.55445683,0.219,219,2,48.412,363244.457,136.174,363567.064,0.275823805
51.555257981,0.22,220,2,48.632,363264.937,136.394,363587.544,1.000801151
52.55622538,0.22,220,2,48.852,363281.321,136.614,363603.928,1.000967399
52.607544473,0.11,110,2,48.962,363297.705,136.724,363620.312,0.051319093
53.557031867,0.22,220,2,49.182,363314.089,136.944,363636.696,0.949487394
54.557910703,0.22,220,2,49.402,363330.473,137.164,363657.176,1.000878836
55.558867241,0.22,220,2,49.622,363346.857,137.384,363673.56,1.000956538
55.609279707,0.11,110,2,49.732,363363.241,137.494,363689.944,0.050412466
56.559632607,0.22,220,2,49.952,363379.625,137.714,363706.328,0.9503529
57.560396723,0.22,220,2,50.172,363396.009,137.934,363722.712,1.000764116
58.561207414,0.22,220,2,50.392,363412.393,138.154,363739.096,1.000810691
58.610705408,0.11,110,2,50.502,363428.777,138.264,363755.48,0.049497994
59.561944503,0.22,220,2,50.722,363445.161,138.484,363771.864,0.951239095
50.272011213,25.669,25669,5,83.876,196.96,138.704,363845.592,0
60.56264964,0.22,220,2,50.942,363461.545,146.997,363870.168,10.290638427
61.563627876,0.22,220,2,51.162,363477.929,147.217,363886.552,1.000978236
61.612809793,0.11,110,2,51.272,363494.313,147.327,363902.936,0.049181917
62.247645593,8.293,8293,2,59.565,363506.601,155.62,363915.224,0.6348358
62.564725212,0.22,220,2,59.785,363522.985,155.84,363931.608,0.317079619
63.565669932,0.22,220,2,60.005,363539.369,156.06,363947.992,1.00094472
64.566714495,0.22,220,2,60.225,363555.753,156.28,363980.76,1.001044563
64.614592071,0.11,110,2,60.335,363572.137,156.39,363997.144,0.047877576
65.567862915,0.22,220,2,60.555,363588.521,156.61,364013.528,0.953270844
66.568847768,0.22,220,2,60.775,363604.905,156.83,364029.912,1.000984853
67.569616576,0.22,220,2,60.995,363621.289,157.05,364046.296,1.000768808
67.616066245,0.11,110,2,61.105,363637.673,157.16,364062.68,0.046449669
68.570419432,0.22,220,2,61.325,363654.057,157.38,364079.064,0.954353187
60.828675531,8.293,8293,5,92.169,237.92,157.6,364095.448,0
69.571197549,0.22,220,2,61.545,363670.441,165.893,364111.832,8.742522018
70.572193079,0.22,220,2,61.765,363686.825,166.113,364128.216,1.00099553
70.617834959,0.11,110,2,61.875,363703.209,166.223,364144.6,0.04564188
71.573032457,0.22,220,2,62.095,363719.593,166.443,364160.984,0.955197498
72.184528939,8.293,8293,2,70.388,363731.881,174.736,364173.272,0.611496482
72.574072948,0.22,220,2,70.608,363748.265,174.956,364189.656,0.389544009
73.574935765,0.22,220,2,70.828,363764.649,175.176,364206.04,1.000862817
73.619548731,0.11,110,2,70.938,363781.033,175.286,364222.424,0.044612966
74.575766678,0.22,220,2,71.158,363797.417,175.506,364247.0,0.956217947
75.576680435,0.22,220,2,71.378,363813.801,175.726,364263.384,1.000913757
76.577428231,0.22,220,2,71.598,363830.185,175.946,364279.768,1.000747796
76.621175096,0.11,110,2,71.708,363846.569,176.056,364296.152,0.043746865
77.578196658,0.22,220,2,71.928,363862.953,176.276,364312.536,0.957021562
69.965425887,8.293,8293,5,100.462,262.496,176.496,364328.92,0
78.578969296,0.22,220,2,72.148,363879.337,184.789,364345.304,8.613543409
79.579921869,0.22,220,2,72.368,363895.721,185.009,364361.688,1.000952573
79.623064546,0.11,110,2,72.478,363928.489,185.119,364394.456,0.043142677
81.581593557,0.22,220,2,72.698,363944.873,185.339,364410.84,1.958529011
82.098244454,8.293,8293,2,80.991,363959.209,193.632,364425.176,0.516650897
82.582378125,0.22,220,2,81.211,363975.593,193.852,364441.56,0.484133671
82.62466338,0.11,110,2,81.321,363991.977,193.962,364457.944,0.042285255
83.583137579,0.22,220,2,81.541,364008.361,194.182,364474.328,0.958474199
84.583891038,0.22,220,2,81.761,364024.745,194.402,364494.808,1.000753459
85.584777575,0.22,220,2,81.981,364041.129,194.622,364511.192,1.000886537
85.626230237,0.11,110,2,82.091,364057.513,194.732,364527.576,0.041452662
86.585636303,0.22,220,2,82.311,364073.897,194.952,364543.96,0.959406066
87.586499008,0.22,220,2,82.531,364090.281,195.172,364568.536,1.000862705
88.587574416,0.22,220,2,82.751,364106.665,195.392,364584.92,1.001075408
88.628057261,0.11,110,2,82.861,364123.049,195.502,364601.304,0.040482845
89.588519293,0.22,220,2,83.081,364139.433,195.722,364617.688,0.960462032
90.589269105,0.22,220,2,83.301,364155.817,195.942,364634.072,1.000749812
91.589970559,0.22,220,2,83.521,364172.201,196.162,364650.456,1.000701454
91.629584295,0.11,110,2,83.631,364217.257,196.272,364695.512,0.039613736
91.962676889,8.293,8293,2,91.924,364258.217,204.565,364736.472,0.333092594
92.590913624,0.22,220,2,92.144,364274.601,204.785,364752.856,0.628236735
93.59168282,0.22,220,2,92.364,364290.985,205.005,364769.24,1.000769196
94.592556256,0.22,220,2,92.584,364307.369,205.225,364789.72,1.000873436
94.631789998,0.11,110,2,92.694,364323.753,205.335,364806.104,0.039233742
95.59342326,0.22,220,2,92.914,364340.137,205.555,364822.488,0.961633262
79.194750813,8.293,8293,5,108.755,291.168,205.775,364834.776,0
96.594155014,0.22,220,2,93.134,364356.521,214.069,364847.064,17.399404201
97.594923934,0.22,220,2,93.354,364372.905,214.289,364863.448,1.00076892
97.633822734,0.11,110,2,93.464,364389.289,214.399,364879.832,0.0388988
98.595779884,0.22,220,2,93.684,364405.673,214.619,364896.216,0.96195715
99.596566156,0.22,220,2,93.904,364422.057,214.839,364912.6,1.000786272
100.597324953,0.22,220,2,94.124,364438.441,215.059,364928.984,1.000758797
100.63546966,0.11,110,2,94.234,364454.825,215.169,364945.368,0.038144707
101.598041056,0.22,220,2,94.454,364479.401,215.389,364969.944,0.962571396
101.72808835,8.294,8294,2,102.748,364512.169,223.683,365002.712,0.130047294
102.598850963,0.22,220,2,102.968,364528.553,223.903,365019.096,0.870762613
103.599571988,0.22,220,2,103.188,364544.937,224.123,365035.48,1.000721025
103.63748663,0.11,110,2,103.298,364561.321,224.233,365051.864,0.037914642
104.600310263,0.22,220,2,103.518,364577.705,224.453,365072.344,0.962823633
97.068560743,8.294,8294,5,117.049,303.456,224.673,365084.632,0
105.601144238,0.22,220,2,103.738,364594.089,232.967,365096.92,8.532583495
106.602062761,0.22,220,2,103.958,364610.473,233.187,365113.304,1.000918523
106.640233509,0.11,110,2,104.068,364626.857,233.297,365129.688,0.038170748
107.602831998,0.22,220,2,104.288,364643.241,233.517,365146.072,0.962598489
108.603546367,0.22,220,2,104.508,364659.625,233.737,365162.456,1.000714369
109.604310268,0.22,220,2,104.728,364676.009,233.957,365178.84,1.000763901
109.641814644,0.11,110,2,104.838,364692.393,234.067,365195.224,0.037504376
110.605049787,0.22,220,2,105.058,364708.777,234.287,365211.608,0.963235143
111.56976561,8.294,8294,2,113.352,364725.161,242.581,365227.992,0.964715823
111.606009315,0.22,220,2,113.572,364766.121,242.801,365268.952,0.036243705
112.643418648,0.11,110,2,113.682,364782.505,242.911,365285.336,1.037409333
113.607633804,0.22,220,2,113.902,364798.889,243.131,365305.816,0.964215156
105.983061854,8.294,8294,5,125.343,315.744,243.351,365318.104,0
114.608690416,0.22,220,2,114.122,364815.273,251.645,365334.488,8.625628562
115.609782893,0.22,220,2,114.342,364831.657,251.865,365350.872,1.001092477
115.645091738,0.11,110,2,114.452,364848.041,251.975,365367.256,0.035308845
116.610557449,0.22,220,2,114.672,364864.425,252.195,365383.64,0.965465711
117.611274557,0.22,220,2,114.892,364880.809,252.415,365400.024,1.000717108
118.611951092,0.22,220,2,115.112,364897.193,252.635,365416.408,1.000676535
118.646532498,0.11,110,2,115.222,364913.577,252.745,365432.792,0.034581406
119.612667893,0.22,220,2,115.442,364929.961,252.965,365449.176,0.966135395
120.613383775,0.22,220,2,115.662,364946.345,253.185,365465.56,1.000715882
121.2586755,8.294,8294,2,123.956,364962.729,261.479,365481.944,0.645291725
121.614372973,0.22,220,2,124.176,364979.113,261.699,365498.328,0.355697473
121.648359987,0.11,110,2,124.286,364999.593,261.809,365518.808,0.033987014
114.778036742,8.294,8294,5,133.637,328.032,262.029,365531.096,0
122.615387448,0.22,220,2,124.506,365015.977,270.323,365543.384,7.837350706
123.616413805,0.22,220,2,124.726,365032.361,270.543,365563.864,1.001026357
124.617555977,0.22,220,2,124.946,365048.745,270.763,365580.248,1.001142172
124.650166907,0.11,110,2,125.056,365065.129,270.873,365596.632,0.03261093
125.618326996,0.22,220,2,125.276,365081.513,271.093,365613.016,0.968160089
126.619074994,0.22,220,2,125.496,365097.897,271.313,365629.4,1.000747998
127.619777458,0.22,220,2,125.716,365114.281,271.533,365645.784,1.000702464
127.65164199,0.11,110,2,125.826,365130.665,271.643,365662.168,0.031864532
128.620466689,0.22,220,2,126.046,365147.049,271.863,365678.552,0.968824699
129.621217927,0.22,220,2,126.266,365163.433,272.083,365694.936,1.000751238
130.622330603,0.22,220,2,126.486,365179.817,272.303,365711.32,1.001112676
130.653051173,0.11,110,2,126.596,365192.105,272.413,365723.608,0.03072057
131.028627795,8.294,8294,2,134.89,365204.393,280.707,365735.896,0.375576622
123.608948518,8.294,8294,5,141.931,340.32,280.928,365752.28,0
131.623701987,0.221,221,2,135.111,365224.873,289.222,365764.568,8.014753469
132.62475591,0.221,221,2,135.332,365241.257,289.443,365780.952,1.001053923
133.625529065,0.221,221,2,135.553,365257.641,289.664,365797.336,1.000773155
133.654749942,0.11,110,2,135.663,365274.025,289.774,365817.816,0.029220877
134.626427983,0.221,221,2,135.884,365290.409,289.995,365834.2,0.971678041
135.627173928,0.221,221,2,136.105,365306.793,290.216,365850.584,1.000745945
136.627873856,0.221,221,2,136.326,365323.177,290.437,365866.968,1.000699928
136.656305938,0.11,110,2,136.436,365339.561,290.547,365883.352,0.028432082
137.62857352,0.221,221,2,136.657,365355.945,290.768,365899.736,0.972267582
138.629309593,0.221,221,2,136.878,365372.329,290.989,365916.12,1.000736073
139.63014952,0.221,221,2,137.099,365388.713,291.21,365932.504,1.000839927
139.65781711,0.11,110,2,137.209,365405.097,291.32,365948.888,0.02766759
140.63094942,0.221,221,2,137.43,365417.385,291.541,365961.176,0.97313231
132.488106362,8.294,8294,5,150.225,352.608,299.835,365969.368,0
141.092978965,8.294,8294,2,145.724,365429.673,308.129,365981.656,8.604872603
141.631952819,0.221,221,2,145.945,365450.153,308.35,366002.136,0.538973854
142.633150265,0.221,221,2,146.166,365466.537,308.571,366018.52,1.001197446
142.659485868,0.11,110,2,146.276,365482.921,308.681,366034.904,0.026335603
143.633951909,0.221,221,2,146.497,365515.689,308.902,366071.768,0.974466041
145.635457912,0.221,221,2,146.718,365532.073,309.123,366088.152,2.001506003
145.661046183,0.11,110,2,146.828,365548.457,309.233,366104.536,0.025588271
146.636200265,0.221,221,2,147.049,365564.841,309.454,366120.92,0.975154082
147.636912203,0.221,221,2,147.27,365581.225,309.675,366137.304,1.000711938
148.637755581,0.221,221,2,147.491,365597.609,309.896,366153.688,1.000843378
148.662608061,0.11,110,2,147.601,365613.993,310.006,366170.072,0.02485248
141.226473204,8.294,8294,5,158.519,364.896,310.227,366182.36,0
149.638465554,0.221,221,2,147.822,365630.377,318.521,366194.648,8.41199235
150.639353632,0.221,221,2,148.043,365642.665,318.742,366206.936,1.000888078
150.765709313,8.294,8294,2,156.337,365654.953,327.036,366219.224,0.126355681
151.640321962,0.221,221,2,156.558,365671.337,327.257,366235.608,0.874612649
151.664911819,0.11,110,2,156.668,365691.817,327.367,366256.088,0.024589857
152.641300378,0.221,221,2,156.889,365708.201,327.588,366272.472,0.976388559
153.64208919,0.221,221,2,157.11,365724.585,327.809,366292.952,1.000788812
154.642993602,0.221,221,2,157.331,365740.969,328.03,366309.336,1.000904412
154.666598579,0.11,110,2,157.441,365757.353,328.14,366325.72,0.023604977
155.643734066,0.221,221,2,157.662,365773.737,328.361,366342.104,0.977135487
156.644429265,0.221,221,2,157.883,365790.121,328.582,366358.488,1.000695199
157.645111709,0.221,221,2,158.104,365806.505,328.803,366374.872,1.000682444
157.668053502,0.11,110,2,158.214,365822.889,328.913,366391.256,0.022941793
150.296995642,8.294,8294,5,166.813,377.184,329.134,366403.544,0
158.645846996,0.221,221,2,158.435,365839.273,337.428,366415.832,8.348851354
159.646834553,0.221,221,2,158.656,365851.561,337.649,366428.12,1.000987557
160.415463279,8.294,8294,2,166.95,365863.849,345.943,366440.408,0.768628726
160.647873032,0.221,221,2,167.171,365880.233,346.164,366456.792,0.232409753
160.669836789,0.11,110,2,167.281,365896.617,346.274,366473.176,0.021963757
161.648968355,0.221,221,2,167.502,365917.097,346.495,366493.656,0.979131566
162.651153198,0.221,221,2,167.723,365933.481,346.716,366510.04,1.002184843
163.651913845,0.221,221,2,167.944,365949.865,346.937,366526.424,1.000760647
163.671597845,0.11,110,2,168.054,365966.249,347.047,366546.904,0.019684
164.652788506,0.221,221,2,168.275,365982.633,347.268,366563.288,0.981190661
165.653541335,0.221,221,2,168.496,365999.017,347.489,366579.672,1.000752829
166.654212001,0.221,221,2,168.717,366015.401,347.71,366596.056,1.000670666
166.673222568,0.11,110,2,168.827,366031.785,347.82,366612.44,0.019010567
158.97361179,8.294,8294,5,175.107,393.568,348.041,366628.824,0
167.654889812,0.221,221,2,169.048,366048.169,356.335,366669.784,8.681278022
168.655826764,0.221,221,2,169.269,366064.553,356.556,366686.168,1.000936952
169.656624194,0.221,221,2,169.49,366080.937,356.777,366702.552,1.00079743
169.674883252,0.11,110,2,169.6,366093.225,356.887,366714.84,0.018259058
170.286104562,8.294,8294,2,177.894,366109.609,365.181,366731.224,0.61122131
170.65755751,0.221,221,2,178.115,366125.993,365.402,366747.608,0.371452948
171.658364434,0.221,221,2,178.336,366146.473,365.623,366768.088,1.000806924
172.659196044,0.221,221,2,178.557,366162.857,365.844,366784.472,1.00083161
172.676470211,0.11,110,2,178.667,366179.241,365.954,366800.856,0.017274167
173.659976638,0.221,221,2,178.888,366195.625,366.175,366850.008,0.983506427
174.660766923,0.221,221,2,179.109,366212.009,366.396,366866.392,1.000790285
175.661466331,0.221,221,2,179.33,366228.393,366.617,366882.776,1.000699408
167.702182381,8.294,8294,5,183.401,475.488,366.727,366907.352,0
175.678021346,0.11,110,2,179.44,366261.161,375.021,366948.312,7.975838965
177.663155772,0.221,221,2,179.661,366277.545,375.242,366964.696,1.985134426
178.663825171,0.221,221,2,179.882,366293.929,375.463,366981.08,1.000669399
178.679630805,0.11,110,2,179.992,366310.313,375.573,366997.464,0.015805634
179.664536877,0.221,221,2,180.213,366322.601,375.794,367009.752,0.984906072
179.894211865,8.294,8294,2,188.507,366334.889,384.088,367022.04,0.229674988
180.665454057,0.221,221,2,188.728,366351.273,384.309,367038.424,0.771242192
181.666212132,0.221,221,2,188.949,366367.657,384.53,367054.808,1.000758075
181.681256845,0.111,111,2,189.06,366388.137,384.641,367075.288,0.015044713
182.66698491,0.221,221,2,189.281,366404.521,384.862,367091.672,0.985728065
183.667720933,0.221,221,2,189.502,366420.905,385.083,367116.248,1.000736023
184.66860061,0.221,221,2,189.723,366437.289,385.304,367132.632,1.000879677
176.429147323,8.294,8294,5,191.695,508.256,385.415,367149.016,0
184.683272202,0.111,111,2,189.834,366453.673,393.709,367173.592,8.254124879
185.669548025,0.221,221,2,190.055,366470.057,393.93,367189.976,0.986275823
186.670294681,0.221,221,2,190.276,366486.441,394.151,367206.36,1.000746656
187.670959295,0.221,221,2,190.497,366502.825,394.372,367222.744,1.000664614
187.685251745,0.111,111,2,190.608,366519.209,394.483,367239.128,0.01429245
188.671675791,0.221,221,2,190.829,366531.497,394.704,367251.416,0.986424046
189.439779591,8.294,8294,2,199.123,366543.785,402.998,367263.704,0.7681038
189.672568024,0.221,221,2,199.344,366560.169,403.219,367280.088,0.232788433
190.673322775,0.221,221,2,199.565,366576.553,403.44,367296.472,1.000754751
190.688295708,0.111,111,2,199.676,366592.937,403.551,367312.856,0.014972933
191.674031108,0.221,221,2,199.897,366613.417,403.772,367333.336,0.9857354
192.674826867,0.221,221,2,200.118,366629.801,403.993,367349.72,1.000795759
193.675562113,0.221,221,2,200.339,366646.185,404.214,367366.104,1.000735246
185.192966589,8.294,8294,5,199.989,528.736,404.325,367378.392,0
193.68982628,0.111,111,2,200.45,366662.569,412.619,367398.872,8.496859691
194.676411034,0.221,221,2,200.671,366678.953,412.84,367415.256,0.986584754
195.67777787,0.221,221,2,200.892,366695.337,413.061,367431.64,1.001366836
196.67863928,0.221,221,2,201.113,366711.721,413.282,367448.024,1.00086141
196.691626528,0.111,111,2,201.224,366728.105,413.393,367464.408,0.012987248
197.679345172,0.221,221,2,201.445,366744.489,413.614,367480.792,0.987718644
198.680040122,0.221,221,2,201.666,366756.777,413.835,367493.08,1.00069495
199.364851428,8.294,8294,2,209.96,366769.065,422.129,367505.368,0.684811306
199.680964506,0.221,221,2,210.181,366785.449,422.35,367521.752,0.316113078
199.693326721,0.111,111,2,210.292,366801.833,422.461,367538.136,0.012362215
200.681824854,0.221,221,2,210.513,366818.217,422.682,367554.52,0.988498133
201.682518764,0.221,221,2,210.734,366838.697,422.903,367575.0,1.00069391
202.683310693,0.221,221,2,210.955,366855.081,423.124,367591.384,1.000791929
194.026913833,8.294,8294,5,208.283,545.12,423.235,367603.672,0
202.69496816,0.111,111,2,211.066,366871.465,431.529,367615.96,8.668054327
203.684366591,0.221,221,2,211.287,366887.849,431.75,367636.44,0.989398431
204.685417709,0.221,221,2,211.508,366904.233,431.971,367652.824,1.001051118
205.686171914,0.221,221,2,211.729,366920.617,432.192,367669.208,1.000754205
205.696497961,0.111,111,2,211.84,366937.001,432.303,367685.592,0.010326047
206.686860886,0.221,221,2,212.061,366953.385,432.524,367701.976,0.990362925
207.687592865,0.221,221,2,212.282,366986.153,432.745,367734.744,1.000731979
208.698026172,0.111,111,2,212.393,366998.441,432.856,367747.032,1.010433307
209.059201942,8.294,8294,2,220.687,367010.729,441.15,367759.32,0.36117577
209.689287015,0.221,221,2,220.908,367027.113,441.371,367775.704,0.630085073
202.751756658,8.294,8294,5,216.577,557.408,441.592,367787.992,0
210.690092568,0.221,221,2,221.129,367043.497,449.886,367802.328,7.93833591
211.690949648,0.221,221,2,221.35,367059.881,450.107,367818.712,1.00085708
211.700211765,0.111,111,2,221.461,367080.361,450.218,367839.192,0.00926211700002
212.691817079,0.221,221,2,221.682,367096.745,450.439,367855.576,0.991605314
213.692516397,0.221,221,2,221.903,367113.129,450.66,367876.056,1.000699318
214.693408121,0.221,221,2,222.124,367129.513,450.881,367892.44,1.000891724
214.701861574,0.111,111,2,222.235,367145.897,450.992,367908.824,0.00845345299999
215.694264612,0.221,221,2,222.456,367162.281,451.213,367925.208,0.992403038
216.695209319,0.221,221,2,222.677,367178.665,451.434,367941.592,1.000944707
217.695978547,0.221,221,2,222.898,367195.049,451.655,367957.976,1.000769228
217.703495183,0.111,111,2,223.009,367207.337,451.766,367970.264,0.00751663599999
218.688094391,8.294,8294,2,231.303,367219.625,460.06,367982.552,0.984599208
218.696850854,0.221,221,2,231.524,367236.009,460.281,367998.936,0.008756463
211.394252339,8.294,8294,5,224.871,600.416,460.502,368039.896,0
219.698299085,0.221,221,2,231.745,367252.393,468.796,368097.24,8.304046746
220.699017253,0.221,221,2,231.966,367268.777,469.017,368113.624,1.000718168
220.705319608,0.111,111,2,232.077,367285.161,469.128,368130.008,0.006302355
221.699671734,0.221,221,2,232.298,367305.641,469.349,368150.488,0.994352126
222.700502572,0.221,221,2,232.519,367322.025,469.57,368166.872,1.000830838
223.701295752,0.221,221,2,232.74,367338.409,469.791,368183.256,1.00079318
223.706968045,0.111,111,2,232.851,367354.793,469.902,368216.024,0.005672293
224.702110938,0.221,221,2,233.072,367371.177,470.123,368232.408,0.995142893
225.702804589,0.221,221,2,233.293,367387.561,470.344,368248.792,1.000693651
226.70351609,0.221,221,2,233.514,367403.945,470.565,368265.176,1.000711501
226.708381501,0.111,111,2,233.625,367420.329,470.676,368281.56,0.004865411
220.090373635,8.294,8294,5,233.165,674.144,470.897,368297.944,0
227.704202366,0.221,221,2,233.846,367436.713,479.191,368322.52,7.613828731
228.686683113,8.294,8294,2,242.14,367477.673,487.485,368363.48,0.982480747
228.704961345,0.221,221,2,242.361,367494.057,487.706,368379.864,0.018278232
229.705667098,0.221,221,2,242.582,367510.441,487.927,368396.248,1.000705753
229.709999279,0.111,111,2,242.693,367526.825,488.038,368412.632,0.004332181
230.706442859,0.221,221,2,242.914,367543.209,488.259,368429.016,0.99644358
231.707211606,0.221,221,2,243.135,367592.361,488.48,368478.168,1.000768747
232.708008557,0.221,221,2,243.356,367608.745,488.701,368494.552,1.000796951
232.711797028,0.111,111,2,243.467,367625.129,488.812,368510.936,0.00378847100001
233.708740432,0.221,221,2,243.688,367641.513,489.033,368531.416,0.996943404
234.709964378,0.221,221,2,243.909,367657.897,489.254,368547.8,1.001223946
235.71087865,0.221,221,2,244.13,367674.281,489.475,368564.184,1.000914272
235.713539612,0.111,111,2,244.241,367690.665,489.586,368580.568,0.00266096199999
228.673267309,8.294,8294,5,241.459,698.72,489.807,368592.856,0
236.711691033,0.221,221,2,244.462,367707.049,498.101,368609.24,8.038423724
237.712413866,0.221,221,2,244.683,367731.625,498.322,368633.816,1.000722833
238.255696825,8.294,8294,2,252.977,367764.393,506.616,368666.584,0.543282959
238.713340602,0.221,221,2,253.198,367780.777,506.837,368682.968,0.457643777
238.715098791,0.111,111,2,253.309,367797.161,506.948,368699.352,0.00175818900001
239.714041775,0.221,221,2,253.53,367813.545,507.169,368715.736,0.998942984
240.714700456,0.221,221,2,253.751,367829.929,507.39,368732.12,1.000658681
241.715407797,0.221,221,2,253.972,367846.313,507.611,368748.504,1.000707341
241.716528332,0.111,111,2,254.083,367870.889,507.722,368773.08,0.00112053499998
242.71632877,0.221,221,2,254.304,367887.273,507.943,368789.464,0.999800438
243.717831651,0.221,221,2,254.525,367903.657,508.164,368809.944,1.001502881
244.717961435,0.111,111,2,254.636,367920.041,508.275,368826.328,1.000129784
244.719090255,0.221,221,2,254.857,367936.425,508.496,368842.712,0.00112881999999
237.508807036,8.294,8294,5,249.753,715.104,508.717,368855.0,0
245.719671765,0.221,221,2,255.078,367952.809,517.011,368867.288,8.210864729
246.72059896,0.221,221,2,255.299,367969.193,517.232,368883.672,1.000927195
247.719621783,0.111,111,2,255.41,367985.577,517.343,368900.056,0.999022823
247.721445139,0.221,221,2,255.631,368001.961,517.564,368916.44,0.00182335599999
247.784052769,8.294,8294,2,263.925,368022.441,525.858,368936.92,0.06260763
248.722143565,0.221,221,2,264.146,368038.825,526.079,368953.304,0.938090796
249.722830479,0.221,221,2,264.367,368055.209,526.3,368969.688,1.000686914
250.721112779,0.111,111,2,264.478,368071.593,526.411,368986.072,0.9982823
250.7235149,0.221,221,2,264.699,368087.977,526.632,369002.456,0.00240212099999
251.724425977,0.221,221,2,264.92,368108.457,526.853,369022.936,1.000911077
252.72531298,0.221,221,2,265.141,368124.841,527.074,369039.32,1.000887003
253.722755961,0.111,111,2,265.252,368141.225,527.185,369055.704,0.997442981
253.726010043,0.221,221,2,265.473,368157.609,527.406,369076.184,0.00325408200001
246.099683092,8.294,8294,5,258.047,727.392,527.627,369088.472,0
254.726638062,0.221,221,2,265.694,368173.993,535.921,369100.76,8.62695497
255.727342281,0.221,221,2,265.915,368190.377,536.142,369117.144,1.000704219
256.724291,0.111,111,2,266.026,368206.761,536.253,369133.528,0.996948719
256.728588525,0.221,221,2,266.247,368219.049,536.474,369145.816,0.00429752500003
257.264261053,8.294,8294,2,274.541,368231.337,544.768,369158.104,0.535672528
257.730377586,0.221,221,2,274.762,368247.721,544.989,369174.488,0.466116533
258.731665427,0.221,221,2,274.983,368264.105,545.21,369190.872,1.001287841
259.72589155,0.111,111,2,275.094,368280.489,545.321,369207.256,0.994226123
259.732822699,0.221,221,2,275.315,368296.873,545.542,369223.64,0.00693114900002
260.733470563,0.221,221,2,275.536,368313.257,545.763,369240.024,1.000647864
261.73414553,0.221,221,2,275.757,368333.737,545.984,369260.504,1.000674967
262.727411512,0.111,111,2,275.868,368350.121,546.095,369276.888,0.993265982
254.752086754,8.294,8294,5,266.341,735.584,546.316,369289.176,0
262.734796037,0.221,221,2,276.089,368366.505,554.61,369301.464,7.982709283
263.735624942,0.221,221,2,276.31,368382.889,554.831,369321.944,1.000828905
264.736489292,0.221,221,2,276.531,368399.273,555.052,369338.328,1.00086435
265.729030807,0.111,111,2,276.642,368415.657,555.163,369354.712,0.992541515
265.737420641,0.221,221,2,276.863,368432.041,555.384,369371.096,0.00838983400001
266.738104724,0.221,221,2,277.084,368444.329,555.605,369383.384,1.000684083
266.972482949,8.294,8294,2,285.378,368456.617,563.899,369395.672,0.234378225
267.73903668,0.221,221,2,285.599,368473.001,564.12,369412.056,0.766553731
268.730551319,0.111,111,2,285.71,368489.385,564.231,369428.44,0.991514639
268.739845529,0.221,221,2,285.931,368505.769,564.452,369444.824,0.00929420999995
269.740438749,0.221,221,2,286.152,368522.153,564.673,369461.208,1.00059322
270.741068916,0.221,221,2,286.373,368538.537,564.894,369477.592,1.000630167
271.731919345,0.111,111,2,286.484,368554.921,565.005,369493.976,0.990850429
263.437375748,8.294,8294,5,274.635,747.872,565.226,369510.36,0
271.741797121,0.221,221,2,286.705,368591.785,573.52,369539.032,8.304421373
273.743268364,0.221,221,2,286.926,368608.169,573.741,369559.512,2.001471243
274.734834767,0.111,111,2,287.037,368624.553,573.852,369575.896,0.991566403
274.744135038,0.221,221,2,287.258,368640.937,574.073,369592.28,0.00930027100003
275.744793763,0.221,221,2,287.479,368657.321,574.294,369608.664,1.000658725
276.74538976,0.221,221,2,287.7,368669.609,574.515,369620.952,1.000595997
276.754347301,8.294,8294,2,295.994,368677.801,582.809,369629.144,0.00895754099997
277.736406239,0.111,111,2,296.105,368694.185,582.92,369645.528,0.982058938
277.746193605,0.221,221,2,296.326,368710.569,583.141,369661.912,0.00978736599996
278.746870136,0.221,221,2,296.547,368726.953,583.362,369678.296,1.000676531
279.747473519,0.221,221,2,296.768,368743.337,583.583,369694.68,1.000603383
280.737969962,0.111,111,2,296.879,368759.721,583.694,369711.064,0.990496443
272.009844032,8.294,8294,5,282.929,760.16,583.915,369723.352,0
280.748271944,0.221,221,2,297.1,368776.105,592.209,369737.688,8.738427912
281.74906692,0.221,221,2,297.321,368796.585,592.43,369758.168,1.000794976
282.749808352,0.221,221,2,297.542,368812.969,592.651,369774.552,1.000741432
283.739493058,0.111,111,2,297.653,368829.353,592.762,369790.936,0.989684706
283.750461297,0.221,221,2,297.874,368845.737,592.983,369811.416,0.010968239
284.751134901,0.221,221,2,298.095,368862.121,593.204,369827.8,1.000673604
285.751750571,0.221,221,2,298.316,368878.505,593.425,369844.184,1.00061567
286.740993174,0.111,111,2,298.427,368894.889,593.536,369860.568,0.989242603
286.752352267,0.221,221,2,298.648,368907.177,593.757,369872.856,0.011359093
286.810476132,8.294,8294,2,306.942,368921.513,602.051,369887.192,0.058123865
287.753147517,0.221,221,2,307.163,368937.897,602.272,369903.576,0.942671385
280.926028838,8.294,8294,5,291.223,803.168,602.493,369944.536,0
288.753812521,0.221,221,2,307.384,368954.281,610.787,369985.496,7.827783683
289.74246702,0.111,111,2,307.495,368970.665,610.898,370001.88,0.988654499
289.75459435,0.221,221,2,307.716,368987.049,611.119,370018.264,0.01212733
290.755239143,0.221,221,2,307.937,369003.433,611.34,370034.648,1.000644793
291.755845849,0.221,221,2,308.158,369023.913,611.561,370055.128,1.000606706
292.743964549,0.111,111,2,308.269,369040.297,611.672,370071.512,0.9881187
292.75657267,0.221,221,2,308.49,369056.681,611.893,370087.896,0.012608121
293.757195036,0.221,221,2,308.711,369073.065,612.114,370120.664,1.000622366
294.757811542,0.221,221,2,308.932,369089.449,612.335,370137.048,1.000616506
295.745403725,0.111,111,2,309.043,369105.833,612.446,370153.432,0.987592183
295.758430541,0.221,221,2,309.264,369146.793,612.667,370194.392,0.013026816
296.563979068,8.294,8294,2,317.558,369204.137,620.961,370251.736,0.805548527
296.759173502,0.221,221,2,317.779,369220.521,621.182,370268.12,0.195194434
289.607883874,8.294,8294,5,299.517,868.704,621.403,370292.696,0
297.759847586,0.221,221,2,318.0,369236.905,629.697,370309.08,8.151963712
298.746835868,0.111,111,2,318.111,369253.289,629.808,370325.464,0.986988282
298.760562784,0.221,221,2,318.332,369269.673,630.029,370341.848,0.013726916
299.761204689,0.221,221,2,318.553,369286.057,630.25,370358.232,1.000641905
300.761796612,0.221,221,2,318.774,369302.441,630.471,370374.616,1.000591923
301.748176795,0.111,111,2,318.885,369318.825,630.582,370391.0,0.986380183
301.762449574,0.221,221,2,319.106,369359.785,630.803,370431.96,0.014272779
302.763137844,0.221,221,2,319.327,369376.169,631.024,370448.344,1.00068827
303.763769389,0.221,221,2,319.548,369392.553,631.245,370472.92,1.000631545
304.749677575,0.111,111,2,319.659,369425.321,631.356,370505.688,0.985908186
305.765279509,0.221,221,2,319.88,369441.705,631.577,370522.072,1.015601934
306.410260688,8.294,8294,2,328.174,369458.089,639.871,370538.456,0.644981179
298.395772178,8.294,8294,5,307.811,893.28,640.092,370554.84,0
306.766282178,0.221,221,2,328.395,369474.473,648.386,370571.224,8.37051
307.751291494,0.111,111,2,328.506,369490.857,648.497,370587.608,0.985009316
307.767208621,0.221,221,2,328.727,369507.241,648.718,370603.992,0.015917127
308.767866191,0.221,221,2,328.948,369523.625,648.939,370620.376,1.00065757
309.768463752,0.221,221,2,329.169,369540.009,649.16,370636.76,1.000597561
310.752746725,0.111,111,2,329.28,369556.393,649.271,370653.144,0.984282973
310.769169817,0.221,221,2,329.501,369572.777,649.492,370669.528,0.016423092
311.770156448,0.221,221,2,329.722,369597.353,649.713,370694.104,1.000986631
312.770860051,0.221,221,2,329.943,369613.737,649.934,370710.488,1.000703603
313.754208461,0.111,111,2,330.054,369630.121,650.045,370726.872,0.98334841
313.771517313,0.221,221,2,330.275,369646.505,650.266,370747.352,0.017308852
307.105332458,8.294,8294,5,316.105,909.664,650.487,370759.64,0
314.772122931,0.221,221,2,330.496,369662.889,658.781,370771.928,7.666790473
315.772984535,0.221,221,2,330.717,369683.369,659.002,370792.408,1.000861604
316.546591352,8.294,8294,2,339.011,369699.753,667.296,370808.792,0.773606817
316.755631382,0.111,111,2,339.122,369716.137,667.407,370825.176,0.20904003
316.77382242,0.221,221,2,339.343,369732.521,667.628,370841.56,0.018191038
317.77446319,0.221,221,2,339.564,369748.905,667.849,370857.944,1.00064077
318.775065557,0.221,221,2,339.785,369765.289,668.07,370874.328,1.000602367
319.757066345,0.111,111,2,339.896,369781.673,668.181,370890.712,0.982000788
319.775686485,0.221,221,2,340.117,369798.057,668.402,370907.096,0.01862014
320.776286468,0.221,221,2,340.338,369814.441,668.623,370923.48,1.000599983
321.776969201,0.221,221,2,340.559,369834.921,668.844,370943.96,1.000682733
322.75860894,0.111,111,2,340.67,369851.305,668.955,370960.344,0.981639739
322.777769872,0.221,221,2,340.891,369867.689,669.176,370976.728,0.019160932
323.778433148,0.221,221,2,341.112,369888.169,669.397,371005.4,1.000663276
315.709055342,8.294,8294,5,324.399,921.952,669.618,371013.592,0
324.797146557,8.331,8331,5,332.73,930.144,677.949,371021.784,9.088091215
324.812015085,0.245,245,5,332.975,931.136,678.194,371022.776,0.014868528
324.815726217,2.424,2424,5,335.399,937.28,680.618,371028.92,0.00371113200003
324.839980211,0.133,133,5,335.532,938.304,680.751,371029.944,0.024253994
324.779245672,0.221,221,2,341.333,369904.553,681.012,371038.136,0
325.760522542,0.111,111,2,341.444,369920.937,681.123,371054.52,0.98127687
325.780112294,0.221,221,2,341.665,369937.321,681.344,371070.904,0.019589752
326.782159362,0.221,221,2,341.886,369953.705,681.565,371087.288,1.002047068
327.782683659,0.221,221,2,342.107,369970.089,681.786,371103.672,1.000524297
328.763579086,0.111,111,2,342.218,369986.473,681.897,371120.056,0.980895427
328.783197002,0.221,221,2,342.439,370002.857,682.118,371136.44,0.019617916
329.783705482,0.221,221,2,342.66,370019.241,682.339,371152.824,1.00050848
330.78420164,0.221,221,2,342.881,370035.625,682.56,371169.208,1.000496158
331.76482441,0.111,111,2,342.992,370052.009,682.671,371185.592,0.98062277
331.784695327,0.221,221,2,343.213,370072.489,682.892,371206.072,0.019870917
332.785260772,0.221,221,2,343.434,370088.873,683.113,371222.456,1.000565445
333.785820252,0.221,221,2,343.655,370105.257,683.334,371241.816,1.00055948
334.766116807,0.111,111,2,343.766,370121.641,683.445,371258.2,0.980296555
334.786574595,0.221,221,2,343.987,370138.025,683.666,371274.584,0.020457788
335.78717515,0.221,221,2,344.208,370170.793,683.887,371307.352,1.000600555
337.767384827,0.111,111,2,344.319,370187.177,683.998,371323.736,1.980209677
337.78826203,0.221,221,2,344.54,370203.561,684.219,371340.12,0.020877203
338.788805689,0.221,221,2,344.761,370219.945,684.44,371356.504,1.000543659
339.789317872,0.221,221,2,344.982,370236.329,684.661,371372.888,1.000512183
340.770693127,0.111,111,2,345.093,370252.713,684.772,371389.272,0.981375255
340.7898256,0.221,221,2,345.314,370269.097,684.993,371405.656,0.019132473
341.790336931,0.221,221,2,345.535,370287.529,685.214,371424.088,1.000511331
342.790938008,0.221,221,2,345.756,370303.913,685.435,371440.472,1.000601077
343.772119355,0.111,111,2,345.867,370320.297,685.546,371456.856,0.981181347
343.791664682,0.221,221,2,346.088,370336.681,685.767,371477.336,0.019545327
344.792319156,0.221,221,2,346.309,370353.065,685.988,371493.72,1.000654474
345.792881425,0.221,221,2,346.53,370369.449,686.209,371510.104,1.000562269
346.77348219,0.111,111,2,346.641,370385.833,686.32,371526.488,0.980600765
324.860820678,0.261,261,5,335.793,957.664,686.541,371546.968,0
346.79354589,0.221,221,2,346.862,370394.025,694.79,371546.968,21.932725212
346.882095107,8.249,8249,5,344.042,1039.584,703.039,371632.984,0.088549217
346.887173695,0.245,245,5,344.287,1040.544,703.284,371633.944,0.005078588
346.882333654,8.249,8249,2,355.111,370430.889,705.641,371666.712,0
346.893806682,0.245,245,2,355.356,370431.913,705.886,371692.312,0.011473028
346.896989967,2.357,2357,2,357.713,370456.489,708.243,371716.888,0.00318328500003
346.917846821,0.133,133,2,357.846,370458.537,708.376,371718.936,0.020856854
346.891663188,2.357,2357,5,346.644,1073.312,708.637,371727.128,0
346.929293307,0.261,261,2,358.107,370466.729,716.886,371743.512,0.037630119
347.7786979,8.249,8249,5,354.893,1085.6,717.107,371755.8,0.849404593
347.794288864,0.221,221,2,358.328,370483.113,717.24,371763.992,0.015590964
348.795046181,0.221,221,2,358.549,370499.497,717.461,371780.376,1.000757317
349.77507931,0.111,111,2,358.66,370515.881,717.572,371796.76,0.980033129
349.797876047,0.221,221,2,358.881,370532.265,717.793,371813.144,0.022796737
350.79858646,0.221,221,2,359.102,370548.649,718.014,371829.528,1.000710413
351.799259162,0.221,221,2,359.323,370568.105,718.235,371848.984,1.000672702
352.77668858,0.111,111,2,359.434,370584.489,718.346,371865.368,0.977429418
352.799998305,0.221,221,2,359.655,370600.873,718.567,371881.752,0.023309725
353.800599207,0.221,221,2,359.876,370617.257,718.788,371906.328,1.000600902
354.801341505,0.221,221,2,360.097,370633.641,719.009,371922.712,1.000742298
355.778344192,0.111,111,2,360.208,370650.025,719.12,371939.096,0.977002687
355.801995021,0.221,221,2,360.429,370666.409,719.341,371955.48,0.023650829
356.802587206,0.221,221,2,360.65,370682.793,719.562,371971.864,1.000592185
357.803177678,0.221,221,2,360.871,370699.177,719.783,371988.248,1.000590472
358.781431348,0.111,111,2,360.982,370715.561,719.894,372004.632,0.97825367
358.803769371,0.221,221,2,361.203,370731.945,720.115,372021.016,0.022338023
359.804352036,0.221,221,2,361.424,370748.329,720.336,372037.4,1.000582665
360.804952781,0.221,221,2,361.645,370764.713,720.557,372053.784,1.000600745
361.782840558,0.111,111,2,361.756,370781.097,720.668,372070.168,0.977887777
361.80707659,0.221,221,2,361.977,370813.865,720.889,372102.936,0.024236032
362.807817797,0.221,221,2,362.198,370830.249,721.11,372119.32,1.000741207
363.808627941,0.221,221,2,362.419,370846.633,721.331,372139.8,1.000810144
364.78432359,0.111,111,2,362.53,370863.017,721.442,372156.184,0.975695649
364.809917389,0.221,221,2,362.751,370879.401,721.663,372172.568,0.025593799
365.810698337,0.221,221,2,362.972,370895.785,721.884,372188.952,1.000780948
366.811315,0.221,221,2,363.193,370912.169,722.105,372205.336,1.000616663
367.78575982,0.111,111,2,363.304,370928.553,722.216,372221.72,0.97444482
367.811939735,0.221,221,2,363.525,370961.321,722.437,372254.488,0.026179915
369.813210501,0.221,221,2,363.746,371002.281,722.658,372299.544,2.001270766
370.787463751,0.111,111,2,363.857,371010.473,722.769,372307.736,0.97425325
347.797627121,0.133,133,5,355.026,1106.08,722.99,372328.216,0
370.867871492,8.249,8249,5,363.275,1204.384,731.239,372426.52,23.070244371
370.814110774,0.221,221,2,364.078,371035.049,731.372,372434.712,0
371.276619367,8.249,8249,2,372.327,371051.433,739.621,372451.096,0.462508593
371.300319083,0.133,133,2,372.46,371059.625,739.754,372459.288,0.023699716
371.815324731,0.221,221,2,372.681,371080.105,739.975,372479.768,0.515005648
372.818163197,0.221,221,2,372.902,371096.489,740.196,372496.152,1.002838466
373.789474858,0.111,111,2,373.013,371112.873,740.307,372512.536,0.971311661
373.818867721,0.221,221,2,373.234,371129.257,740.528,372528.92,0.029392863
374.819376945,0.221,221,2,373.455,371145.641,740.749,372553.496,1.000509224
375.82005314,0.221,221,2,373.676,371162.025,740.97,372569.88,1.000676195
376.791195642,0.111,111,2,373.787,371178.409,741.081,372586.264,0.971142502
376.820717558,0.221,221,2,374.008,371194.793,741.302,372602.648,0.029521916
377.821306845,0.221,221,2,374.229,371211.177,741.523,372619.032,1.000589287
378.82200296,0.221,221,2,374.45,371227.561,741.744,372635.416,1.000696115
379.792665367,0.111,111,2,374.561,371243.945,741.855,372651.8,0.970662407
379.82263228,0.221,221,2,374.782,371260.329,742.076,372668.184,0.029966913
380.823248609,0.221,221,2,375.003,371276.713,742.297,372684.568,1.000616329
381.823844826,0.221,221,2,375.224,371358.633,742.518,372766.488,1.000596217
382.794376845,0.111,111,2,375.335,371375.017,742.629,372782.872,0.970532019
382.824557395,0.221,221,2,375.556,371391.401,742.85,372799.256,0.03018055
383.825232621,0.221,221,2,375.777,371407.785,743.071,372832.024,1.000675226
384.826015247,0.221,221,2,375.998,371424.169,743.292,372848.408,1.000782626
385.7960264,0.111,111,2,376.109,371440.553,743.403,372864.792,0.970011153
385.828484948,0.221,221,2,376.33,371456.937,743.624,372881.176,0.032458548
386.829279334,0.221,221,2,376.551,371473.321,743.845,372897.56,1.000794386
387.830468258,0.221,221,2,376.772,371489.705,744.066,372913.944,1.001188924
388.798016471,0.111,111,2,376.883,371506.089,744.177,372930.328,0.967548213
388.831266592,0.221,221,2,377.104,371522.473,744.398,372946.712,0.033250121
389.831856312,0.221,221,2,377.325,371538.857,744.619,372963.096,1.00058972
390.832484905,0.221,221,2,377.546,371555.241,744.84,372979.48,1.000628593
391.799648029,0.112,112,2,377.658,371571.625,744.952,372995.864,0.967163124
391.833160092,0.221,221,2,377.879,371604.393,745.173,373028.632,0.033512063
392.833884702,0.221,221,2,378.1,371620.777,745.394,373045.016,1.00072461
393.834517896,0.221,221,2,378.321,371637.161,745.615,373069.592,1.000633194
394.80174754,0.112,112,2,378.433,371653.545,745.727,373085.976,0.967229644
394.835386377,0.221,221,2,378.654,371669.929,745.948,373102.36,0.033638837
395.836145798,0.221,221,2,378.875,371702.697,746.169,373135.128,1.000759421
396.837342452,0.221,221,2,379.096,371735.465,746.39,373176.088,1.001196654
397.803904246,0.112,112,2,379.208,371751.849,746.502,373192.472,0.966561794
397.838251635,0.221,221,2,379.429,371760.041,746.723,373204.76,0.034347389
370.876044088,0.133,133,5,363.408,1249.44,754.972,373204.76,0
398.108625427,8.249,8249,2,387.678,371776.425,763.221,373229.336,27.232581339
398.10879453,8.249,8249,5,371.657,1263.776,763.466,373235.976,0.000169103000019
398.113579915,0.245,245,2,387.923,371777.417,763.711,373236.472,0.00478538499999
398.114884187,0.245,245,5,371.902,1264.704,766.038,373237.4,0.00130427199997
398.115645877,2.327,2327,2,390.25,371789.705,768.365,373252.76,0.000761690000047
398.116860798,2.327,2327,5,374.229,1270.848,768.586,373264.024,0.00121492099998
398.839030924,0.221,221,2,390.471,371800.969,776.835,373283.48,0.722170126
398.84400933,8.249,8249,5,382.478,1303.616,785.084,373332.632,0.00497840600002
399.071831687,8.249,8249,2,398.72,371841.929,793.333,373357.208,0.227822357
399.499722822,8.249,8249,5,390.727,1324.096,793.554,373377.688,0.427891135
399.839897536,0.221,221,2,398.941,371858.313,793.723,373377.688,0.340174714
400.649207536,0.169,169,5,390.896,1334.336,793.892,373408.408,0.80931
400.653324761,0.169,169,2,399.11,371878.793,794.061,373408.408,0.00411722500002
400.67538801,0.169,169,5,391.065,1338.944,794.23,373421.208,0.022063249
400.675820004,0.169,169,2,399.279,371886.985,794.399,373421.208,0.000431993999996
400.682981661,0.169,169,2,399.448,371890.057,794.568,373426.264,0.00716165699998
400.681656604,0.169,169,5,391.234,1340.928,794.737,373426.264,0
400.687645137,0.169,169,2,399.617,371898.745,794.906,373436.36,0.00598853299999
400.805680455,0.112,112,2,399.729,371923.321,795.018,373460.936,0.118035318
400.687735499,0.169,169,5,391.403,1342.336,803.467,373460.936,0
401.356546425,8.449,8449,2,408.178,371933.497,811.916,373471.112,0.668810926
401.36231983,0.245,245,2,408.423,371934.457,812.161,373472.072,0.00577340500001
401.356782313,8.449,8449,5,399.852,1345.152,945.157,373478.984,0
401.372051924,0.278,278,5,400.13,1346.048,945.435,373479.88,0.015269611
401.364232235,132.996,81980,2,541.419,371946.745,1066.847,373489.064,0
401.373958484,121.412,81980,5,521.542,1348.0,1067.068,373498.216,0.00972624900004
401.861459023,0.245,245,5,521.787,1349.28,1067.313,373499.496,0.487500539
401.84151975,0.221,221,2,541.64,371991.801,1106.472,373537.288,0
402.65955476,0.278,278,2,541.918,371993.177,1106.75,373538.664,0.81803501
402.661500478,39.159,39159,2,581.077,372017.753,1145.909,373563.24,0.001945718
402.842398741,0.221,221,2,581.298,372034.137,1146.13,373579.624,0.180898263
403.807219999,0.112,112,2,581.41,372050.521,1146.242,373596.008,0.964821258
403.843102079,0.221,221,2,581.631,372066.905,1146.463,373615.08,0.03588208
404.843818718,0.221,221,2,581.852,372087.385,1146.684,373635.56,1.000716639
405.742428324,8.449,8449,2,590.301,388320.857,1155.133,389869.032,0.898609606
405.844694446,0.221,221,2,590.522,388329.049,1155.354,389877.224,0.102266122
401.864020073,39.159,39159,5,560.946,1356.4,1155.6,389929.88,0
406.498279387,8.449,8449,5,569.395,18831.984,1164.049,407405.464,4.634259314
405.89952117,0.246,246,2,590.768,388386.393,1164.295,407421.848,0
406.808758103,0.112,112,2,590.88,388402.777,1164.407,407438.232,0.909236933
406.845587756,0.221,221,2,591.101,388419.161,1164.628,407454.616,0.036829653
407.846262528,0.221,221,2,591.322,404495.961,1164.849,423531.416,1.000674772
408.552636711,0.246,246,2,591.568,404500.569,1165.095,423536.024,0.706374183
408.742319684,8.449,8449,2,600.017,404508.761,1173.544,423544.216,0.189682973
408.847157697,0.221,221,2,600.238,404527.641,1173.765,423563.096,0.104838013
409.390112538,0.24,240,2,600.478,404535.833,1174.005,423571.288,0.542954841
409.810294112,0.112,112,2,600.59,404552.217,1174.117,423587.672,0.420181574
409.847911505,0.221,221,2,600.811,404568.601,1174.338,423604.056,0.037617393
410.84853259,0.221,221,2,601.032,404584.985,1174.559,423620.44,1.000621085
411.849167266,0.221,221,2,601.253,404605.465,1174.78,423645.528,1.000634676
412.811950829,0.112,112,2,601.365,404621.849,1174.892,423661.912,0.962783563
412.849950035,0.221,221,2,601.586,404638.233,1175.113,423678.296,0.037999206
413.850477013,0.221,221,2,601.807,404654.617,1175.334,423711.064,1.000526978
414.851000566,0.221,221,2,602.028,404671.001,1175.555,423727.448,1.000523553
415.813279615,0.112,112,2,602.14,404687.385,1175.667,423743.832,0.962279049
415.851478596,0.221,221,2,602.361,404703.769,1175.888,423760.216,0.038198981
416.851955785,0.221,221,2,602.582,404720.153,1176.109,423776.6,1.000477189
417.852444789,0.221,221,2,602.803,404736.537,1176.33,423792.984,1.000489004
418.814417291,0.112,112,2,602.915,404752.921,1176.442,423809.368,0.961972502
418.852916013,0.221,221,2,603.136,404769.305,1176.663,423825.752,0.038498722
419.853390277,0.221,221,2,603.357,404785.689,1176.884,423842.136,1.000474264
420.853867006,0.221,221,2,603.578,404802.073,1177.105,423858.52,1.000476729
421.815486942,0.112,112,2,603.69,404818.457,1177.217,423874.904,0.961619936
421.854356456,0.221,221,2,603.911,404867.609,1177.438,423924.056,0.038869514
422.854882311,0.221,221,2,604.132,404883.993,1177.659,423940.44,1.000525855
423.855385698,0.221,221,2,604.353,404900.377,1177.88,423965.016,1.000503387
424.816645164,0.112,112,2,604.465,404916.761,1177.992,423981.4,0.961259466
424.855975529,0.221,221,2,604.686,404933.145,1178.213,423997.784,0.039330365
425.856452796,0.221,221,2,604.907,404949.529,1178.434,424014.168,1.000477267
406.630108616,0.246,246,5,569.641,36793.456,1178.655,441946.456,0
426.856935088,0.221,221,2,605.128,404965.913,1178.901,441959.768,20.226826472
427.817907738,0.112,112,2,605.24,404982.297,1179.013,441976.152,0.96097265
427.857600133,0.221,221,2,605.461,404998.681,1179.234,441992.536,0.039692395
428.858269026,0.221,221,2,605.682,405015.065,1179.455,442008.92,1.000668893
429.858869554,0.221,221,2,605.903,405031.449,1179.676,442025.304,1.000600528
430.819378807,0.112,112,2,606.015,405047.833,1179.788,442041.688,0.960509253
430.859475261,0.221,221,2,606.236,405064.217,1180.009,442058.072,0.040096454
431.860087168,0.221,221,2,606.457,405129.753,1180.23,442123.608,1.000611907
433.820971629,0.112,112,2,606.569,405146.137,1180.342,442139.992,1.960884461
433.861421573,0.221,221,2,606.79,405162.521,1180.563,442157.4,0.040449944
434.862045393,0.221,221,2,607.011,405178.905,1180.784,442173.784,1.00062382
435.862661187,0.221,221,2,607.232,405195.289,1181.005,442190.168,1.000615794
436.822582837,0.112,112,2,607.344,405211.673,1181.117,442206.552,0.95992165
436.863287198,0.221,221,2,607.565,405228.057,1181.338,442222.936,0.040704361
437.86391924,0.221,221,2,607.786,405244.441,1181.559,442239.32,1.000632042
438.864591756,0.221,221,2,608.007,405260.825,1181.78,442255.704,1.000672516
439.82414128,0.112,112,2,608.119,405277.209,1181.892,442272.088,0.959549524
439.865695518,0.221,221,2,608.34,405293.593,1182.113,442288.472,0.041554238
440.866595112,0.221,221,2,608.561,405309.977,1182.334,442304.856,1.000899594
441.867303358,0.221,221,2,608.782,405359.129,1182.555,442354.008,1.000708246
442.826645549,0.112,112,2,608.894,405375.513,1182.667,442370.392,0.959342191
442.868009259,0.221,221,2,609.115,405391.897,1182.888,442386.776,0.04136371
443.868646959,0.221,221,2,609.336,405408.281,1183.109,442404.184,1.0006377
444.869359912,0.221,221,2,609.557,405424.665,1183.33,442420.568,1.000712953
445.828127475,0.112,112,2,609.669,405441.049,1183.442,442436.952,0.958767563
445.869979667,0.221,221,2,609.89,405457.433,1183.663,442453.336,0.041852192
446.870564831,0.221,221,2,610.111,405473.817,1183.884,442469.72,1.000585164
447.871179164,0.221,221,2,610.332,405490.201,1184.105,442486.104,1.000614333
448.829831554,0.112,112,2,610.444,405506.585,1184.217,442502.488,0.95865239
448.871800039,0.221,221,2,610.665,405522.969,1184.438,442518.872,0.041968485
449.872394989,0.221,221,2,610.886,405539.353,1184.659,442535.256,1.00059495
450.873027648,0.221,221,2,611.107,405563.929,1184.88,442559.832,1.000632659
451.831227614,0.112,112,2,611.219,405580.313,1184.992,442576.216,0.958199966
451.873744797,0.221,221,2,611.44,405608.985,1185.213,442604.888,0.042517183
452.874403848,0.221,221,2,611.661,405625.369,1185.434,442621.272,1.000659051
453.875024179,0.221,221,2,611.882,421112.345,1185.655,458109.24,1.000620331
427.059122422,0.246,246,5,569.887,36801.616,1185.901,458113.336,0
454.702907485,0.246,246,2,612.128,421116.441,1186.07,458113.336,27.643785063
454.712983026,0.169,169,5,570.056,36803.504,1186.239,458117.24,0.010075541
454.713109068,0.169,169,2,612.297,421118.457,1186.408,458117.24,0.000126041999977
454.765311905,0.169,169,2,612.466,421128.073,1186.577,458128.184,0.052202837
454.832688777,0.112,112,2,612.578,421144.457,1186.689,458144.568,0.067376872
454.765212217,0.169,169,5,570.225,36804.832,1186.91,458152.76,0
454.87594721,0.221,221,2,612.799,421152.649,1195.243,458152.76,0.110734993
454.933473181,8.333,8333,5,578.558,36807.888,1203.576,458155.816,0.057525971
454.938563471,0.245,245,5,578.803,36809.104,1203.821,458157.032,0.00509029
454.933761608,8.333,8333,2,621.132,421155.929,2447.027,458161.24,0
455.562241318,0.278,278,2,621.41,421157.241,2447.305,458162.552,0.62847971
455.564219717,935.492,262144,2,1556.902,421166.425,3382.797,458171.736,0.001978399
455.87679825,0.221,221,2,1557.123,421182.809,3383.018,458188.12,0.312578533
456.877487236,0.221,221,2,1557.344,421193.881,3383.239,458199.192,1.000688986
454.941451878,1243.206,262144,5,1822.009,36813.168,3391.572,458206.424,0
457.640527153,8.333,8333,2,1565.677,421206.169,3399.905,458217.176,2.699075275
457.834491483,0.112,112,2,1565.789,421222.553,3400.017,458233.56,0.19396433
457.878253861,0.221,221,2,1566.01,421238.937,3400.238,458249.944,0.043762378
458.878899923,0.221,221,2,1566.231,421255.321,3400.459,458266.328,1.000646062
459.879529371,0.221,221,2,1566.452,421267.609,3400.68,458278.616,1.000629448
459.901501418,8.333,8333,2,1574.785,421308.569,3409.013,458327.768,0.021972047
460.83622347,0.112,112,2,1574.897,421324.953,3409.125,458344.152,0.934722052
460.880299091,0.221,221,2,1575.118,421374.105,3409.346,458393.304,0.044075621
457.720182992,8.333,8333,5,1830.342,36823.92,3409.567,458434.264,0
461.880968835,0.221,221,2,1575.339,421415.065,3409.736,458434.264,4.160785843
462.463127167,0.169,169,5,1830.511,36840.304,3409.905,458467.032,0.582158332
462.463253887,0.169,169,2,1575.508,421431.449,3410.074,458467.032,0.000126720000026
462.466888768,0.169,169,2,1575.677,421443.737,3410.243,458491.608,0.00363488099998
462.466733298,0.169,169,5,1830.68,36852.592,3418.693,458491.608,0
462.500058231,8.45,8450,2,1584.127,421479.577,3427.143,458529.496,0.033324933
462.503566666,0.245,245,2,1584.372,421480.809,3427.388,458531.752,0.00350843499996
462.500449194,8.45,8450,5,1839.13,36888.432,3509.368,458564.52,0
462.507833936,0.245,245,5,1839.375,36889.568,3509.613,458582.04,0.007384742
462.505507461,81.98,81980,2,1666.352,421505.385,3591.593,458606.616,0
462.567265551,0.245,245,2,1666.597,421506.553,3591.838,458607.784,0.06175809
462.569300396,404.903,262144,2,2071.5,421506.553,3996.741,458607.784,0.00203484500003
462.509954532,81.98,81980,5,1921.355,36914.144,4164.378,458615.976,0
462.575752854,0.245,245,5,1921.6,36915.216,4164.623,458617.048,0.065798322
462.570475989,167.637,142759,2,2239.137,421514.745,5248.569,458629.336,0
462.881747399,0.221,221,2,2239.358,421533.177,5248.79,458647.768,0.31127141
463.838248482,0.112,112,2,2239.47,421549.561,5248.902,458664.152,0.956501083
463.882625298,0.221,221,2,2239.691,421582.329,5249.123,458701.016,0.044376816
465.884015598,0.221,221,2,2239.912,421596.665,5249.344,458715.352,2.0013903
466.719392348,8.45,8450,2,2248.362,437243.385,5257.794,474362.072,0.83537675
466.81861343,0.246,246,2,2248.608,437261.817,5258.04,474380.504,0.099221082
466.842459232,0.112,112,2,2248.72,437278.201,5258.152,474396.888,0.023845802
462.577737931,1083.946,262144,5,3005.546,36972.56,5258.373,474454.232,0
467.184757928,8.45,8450,5,3013.996,52631.568,5266.823,490113.24,4.607019997
466.884829609,0.221,221,2,2248.941,437294.585,5267.069,490133.72,0
467.885664542,0.221,221,2,2249.162,437310.969,5267.29,490150.104,1.000834933
468.88632263,0.221,221,2,2249.383,437323.257,5267.511,490162.392,1.000658088
469.574803953,8.45,8450,2,2257.833,453068.281,5275.961,505907.416,0.688481323
469.675168604,0.246,246,2,2258.079,453125.625,5276.207,505964.76,0.100364651
469.844187322,0.112,112,2,2258.191,453142.009,5276.319,505981.144,0.169018718
469.887125945,0.221,221,2,2258.412,453166.585,5276.54,506005.72,0.042938623
470.8877929,0.221,221,2,2258.633,453191.161,5276.761,506030.296,1.000666955
467.279716992,0.246,246,5,3014.242,69491.216,5276.982,522885.848,0
471.888456111,0.221,221,2,2258.854,453207.545,5277.228,522918.616,4.608739119
472.845967708,0.112,112,2,2258.966,453223.929,5277.34,522935.0,0.957511597
472.889293824,0.221,221,2,2259.187,471451.129,5277.561,541162.2,0.043326116
473.868264831,0.246,246,2,2259.433,471467.513,5277.807,541178.584,0.978971007
472.484359496,0.246,246,5,3014.488,69515.792,5277.976,541178.584,0
473.877882037,0.169,169,2,2259.602,471485.945,5278.145,541203.16,1.393522541
473.877909624,0.169,169,5,3014.657,69521.936,5278.366,541211.352,2.75869999768e-05
473.890203202,0.221,221,2,2259.823,471494.137,5278.535,541211.352,0.012293578
474.09902759,0.169,169,5,3014.826,69523.952,5278.704,541217.976,0.208824388
474.099084705,0.169,169,2,2259.992,471498.745,5287.038,541217.976,5.71150000042e-05
474.144182967,8.334,8334,5,3023.16,69530.448,5295.372,541224.472,0.045098262
474.149232165,0.245,245,5,3023.405,69531.12,5295.617,541225.144,0.00504919799999
474.144541869,8.334,8334,2,2268.326,471509.433,6217.081,541237.88,0
474.24103826,0.278,278,2,2268.604,471521.721,6217.359,541253.24,0.096496391
474.891137786,0.221,221,2,2268.825,471529.913,6217.58,541261.432,0.650099526
475.847947283,0.112,112,2,2268.937,471546.297,6217.692,541277.816,0.956809497
474.151248281,921.464,262144,5,3944.869,69552.624,6217.913,541302.392,0
475.891937678,0.221,221,2,2269.158,471558.585,6226.247,541306.488,1.740689397
476.489812836,8.334,8334,2,2277.492,471599.545,6234.581,541359.736,0.597875158
476.892711815,0.221,221,2,2277.713,471615.929,6234.802,541376.12,0.402898979
476.179202298,8.334,8334,5,3953.203,69573.104,6235.023,541392.504,0
478.788812639,8.334,8334,5,3961.537,69583.344,6243.357,541402.744,2.609610341
477.893411905,0.221,221,2,2277.934,471632.313,6243.597,541410.936,0
478.84961391,0.112,112,2,2278.046,471665.081,6243.709,541443.704,0.956202005
478.894149594,0.221,221,2,2278.267,471681.465,6243.93,541460.088,0.044535684
479.894788321,0.221,221,2,2278.488,471697.849,6244.151,541476.472,1.000638727
480.895430506,0.221,221,2,2278.709,471714.233,6244.372,541492.856,1.000642185
481.851277041,0.112,112,2,2278.821,471742.905,6244.484,541521.528,0.955846535
481.896124649,0.221,221,2,2279.042,471759.289,6244.705,541537.912,0.044847608
482.896732037,0.221,221,2,2279.263,471775.673,6244.926,541554.296,1.000607388
483.897348926,0.221,221,2,2279.484,471792.057,6245.147,541574.776,1.000616889
484.852681362,0.112,112,2,2279.596,471808.441,6245.259,541591.16,0.955332436
484.89810326,0.221,221,2,2279.817,471824.825,6245.48,541607.544,0.045421898
485.898723557,0.221,221,2,2280.038,471841.209,6245.701,541623.928,1.000620297
486.899317155,0.221,221,2,2280.259,471857.593,6245.922,541640.312,1.000593598
487.854000235,0.112,112,2,2280.371,471873.977,6246.034,541656.696,0.95468308
487.899882937,0.221,221,2,2280.592,471890.361,6246.255,541673.08,0.045882702
488.90047468,0.221,221,2,2280.813,471906.745,6246.476,541689.464,1.000591743
489.901061545,0.221,221,2,2281.034,471923.129,6246.697,541705.848,1.000586865
490.855249523,0.112,112,2,2281.146,471939.513,6246.809,541722.232,0.954187978
490.901652627,0.221,221,2,2281.367,471962.041,6247.03,541744.76,0.046403104
491.902261011,0.221,221,2,2281.588,471978.425,6247.251,541761.144,1.000608384
492.902836774,0.221,221,2,2281.809,471994.809,6247.472,541777.528,1.000575763
493.856527535,0.112,112,2,2281.921,472011.193,6247.584,541793.912,0.953690761
493.903428466,0.221,221,2,2282.142,472027.577,6247.805,541843.064,0.046900931
494.904042246,0.221,221,2,2282.363,472043.961,6248.026,541859.448,1.00061378
495.906275498,0.221,221,2,2282.584,472060.345,6248.247,541875.832,1.002233252
496.858109819,0.112,112,2,2282.696,472093.113,6248.359,541908.6,0.951834321
497.907251825,0.221,221,2,2282.917,472109.497,6248.58,541924.984,1.049142006
498.907731244,0.221,221,2,2283.138,472125.881,6248.801,541941.368,1.000479419
499.859340325,0.112,112,2,2283.25,472142.265,6248.913,541957.752,0.951609081
499.908255478,0.221,221,2,2283.471,472158.649,6249.134,541974.136,0.048915153
500.908742588,0.221,221,2,2283.692,472178.105,6249.355,541993.592,1.00048711
501.909304346,0.221,221,2,2283.913,472194.489,6249.576,542009.976,1.000561758
502.860522417,0.112,112,2,2284.025,472210.873,6249.688,542026.36,0.951218071
502.909802469,0.221,221,2,2284.246,472227.257,6249.909,542042.744,0.049280052
503.910266755,0.221,221,2,2284.467,472243.641,6250.13,542075.512,1.000464286
504.910751296,0.221,221,2,2284.688,472260.025,6250.351,542091.896,1.000484541
505.861662323,0.112,112,2,2284.8,472276.409,6250.463,542108.28,0.950911027
505.911233156,0.221,221,2,2285.021,472292.793,6250.684,542124.664,0.049570833
506.911697692,0.221,221,2,2285.242,472309.177,6250.905,542141.048,1.000464536
507.912175205,0.221,221,2,2285.463,472325.561,6251.126,542157.432,1.000477513
508.86280827,0.112,112,2,2285.575,472341.945,6251.238,542173.816,0.950633065
508.912650832,0.221,221,2,2285.796,472358.329,6251.459,542190.2,0.049842562
509.914700288,0.221,221,2,2286.017,472374.713,6251.68,542206.584,1.002049456
510.915186109,0.221,221,2,2286.238,472391.097,6251.901,542222.968,1.000485821
511.865571712,0.112,112,2,2286.35,472409.017,6252.013,542240.888,0.950385603
511.915700249,0.221,221,2,2286.571,472425.401,6252.234,542257.272,0.050128537
512.916187334,0.221,221,2,2286.792,472441.785,6252.455,542273.656,1.000487085
513.916678241,0.221,221,2,2287.013,472458.169,6252.676,542290.04,1.000490907
514.866698497,0.112,112,2,2287.125,472474.553,6252.788,542318.712,0.950020256
514.918022819,0.221,221,2,2287.346,472490.937,6253.009,542335.096,0.051324322
515.919779391,0.221,221,2,2287.567,472507.321,6253.23,542351.48,1.001756572
516.920498277,0.221,221,2,2287.788,472523.705,6253.451,542367.864,1.000718886
517.868302302,0.112,112,2,2287.9,472540.089,6253.563,542384.248,0.947804025
517.920988029,0.221,221,2,2288.121,472556.473,6253.784,542400.632,0.052685727
518.921439854,0.221,221,2,2288.342,472572.857,6254.005,542417.016,1.000451825
519.921904404,0.221,221,2,2288.563,472589.241,6254.226,542441.592,1.00046455
520.869511963,0.112,112,2,2288.675,472605.625,6254.338,542457.976,0.947607559
520.922409139,0.221,221,2,2288.896,472623.017,6254.559,542475.368,0.052897176
521.922913243,0.221,221,2,2289.117,472639.401,6254.78,542497.896,1.000504104
478.808465481,0.24,240,5,3961.777,69663.216,6255.001,542506.088,0
522.923650306,0.221,221,2,2289.338,472647.593,6263.451,542506.088,44.115184825
523.132248809,8.45,8450,5,3970.227,69761.52,6271.901,542610.904,0.208598503
523.132547535,8.45,8450,2,2297.788,472654.105,6272.146,542610.904,0.000298725999983
523.137689185,0.245,245,5,3970.472,69762.464,6272.391,542612.936,0.00514165000004
523.137764807,0.245,245,2,2298.033,472655.193,6354.371,542612.936,7.5622000054e-05
523.14001715,81.98,81980,2,2380.013,472658.265,6436.351,542632.392,0.0022523429999
523.200586421,0.245,245,2,2380.258,472659.289,6436.596,542633.416,0.0605692710001
523.202206317,554.344,262144,2,2934.602,472659.289,6990.94,542633.416,0.00161989599997
523.20436783,10.52,10520,2,2945.122,472668.473,7001.46,542642.6,0.00216151300003
523.870797844,0.112,112,2,2945.234,472684.857,7001.572,542658.984,0.666430014
523.924373059,0.221,221,2,2945.455,472701.241,7001.793,542675.368,0.053575215
523.13988443,81.98,81980,5,4052.452,69793.184,7002.014,542697.896,0
524.924997229,0.221,221,2,2945.676,472717.625,7002.292,542771.624,1.785112799
525.925633378,0.221,221,2,2945.897,472734.009,7002.513,542788.008,1.000636149
526.873114527,0.112,112,2,2946.009,472750.393,7002.625,542804.392,0.947481149
526.926243102,0.221,221,2,2946.23,472761.865,7002.846,542815.864,0.053128575
527.290394518,8.45,8450,2,2954.68,489489.929,7011.296,559543.928,0.364151416
527.386878708,0.246,246,2,2954.926,489500.681,7011.542,559554.68,0.0964841900001
525.212196664,0.278,278,5,4052.73,69907.872,7011.763,559614.52,0
528.906818944,8.45,8450,5,4061.18,85788.064,7020.213,575511.096,3.69462228
527.927014089,0.221,221,2,2955.147,489535.945,7020.459,575531.576,0
529.874564525,0.112,112,2,2955.259,489552.329,7020.571,575547.96,1.947550436
529.929318594,0.221,221,2,2955.48,489568.713,7020.792,575564.344,0.0547540690001
530.930017405,0.221,221,2,2955.701,489589.193,7021.013,575584.824,1.000698811
531.840506864,8.45,8450,2,2964.151,505659.849,7029.463,591655.48,0.910489459
531.932796613,0.221,221,2,2964.372,505668.041,7029.684,591663.672,0.0922897490001
531.94024293,0.246,246,2,2964.618,505774.537,7029.93,609076.28,0.0074463169999
529.001326193,0.246,246,5,4061.426,103106.464,7030.042,609076.28,0
532.88277841,0.169,169,5,4061.595,103131.04,7030.38,609133.624,3.881452217
532.882659462,0.281,112,2,2964.899,505807.305,7030.549,609133.624,0
532.887697396,0.169,169,5,4061.764,103135.136,7030.718,609141.816,0.00503793400003
532.88786301,0.169,169,2,2965.068,505819.593,7030.964,609153.08,0.000165614000025
532.933651298,0.221,221,2,2965.289,505835.977,7031.185,609169.464,0.0457882879999
533.934281682,0.221,221,2,2965.51,505852.361,7031.406,609186.84,1.000630384
534.934845501,0.221,221,2,2965.731,522134.473,7031.627,625468.952,1.000563819
532.893306707,0.246,246,5,4062.01,103139.2,7031.873,625493.528,0
535.307348748,0.246,246,2,2965.977,522159.049,7032.042,625493.528,2.414042041
535.314705919,0.169,169,2,2966.146,522165.193,7032.211,625501.56,0.00735717099997
535.314587197,0.169,169,5,4062.179,103141.088,7040.545,625501.56,0
535.494712007,8.334,8334,2,2974.48,522184.137,7048.879,625522.744,0.18012481
535.494984431,8.334,8334,5,4070.513,103144.352,7049.124,625523.768,0.000272424000059
535.498424,0.245,245,2,2974.725,522184.777,7049.369,625524.408,0.00343956899997
535.499980159,532.39,262144,2,3507.115,522184.777,7581.759,625525.0,0.00155615899996
535.498871787,0.245,245,5,4070.758,103145.232,7711.118,625525.288,0
535.502745755,456.663,262144,5,4527.421,103145.232,8167.781,625525.288,0.00387396799999
535.501196188,129.359,129359,2,3636.474,522201.161,8490.698,625542.664,0
535.884403928,0.112,112,2,3636.586,522217.545,8490.81,625559.048,0.38320774
535.935618352,0.221,221,2,3636.807,522233.929,8491.031,625575.432,0.051214424
535.504475945,322.917,194519,5,4850.338,103148.624,8491.252,625586.024,0
536.936250275,0.221,221,2,3637.028,522250.313,8499.586,625598.312,1.43177433
537.936919131,0.221,221,2,3637.249,522262.601,8499.807,625610.6,1.000668856
538.053750345,8.334,8334,2,3645.583,522336.329,8508.141,625684.328,0.116831214
538.885890003,0.112,112,2,3645.695,522352.713,8508.253,625700.712,0.832139658
537.629495403,8.334,8334,5,4858.672,103157.84,8508.474,625714.024,0
538.938732005,0.221,221,2,3645.916,522369.097,8516.808,625754.984,1.309236602
539.939515235,0.221,221,2,3646.137,522401.865,8517.029,625787.752,1.00078323
540.940225797,0.221,221,2,3646.358,522442.825,8517.25,625828.712,1.000710562
541.887308821,0.112,112,2,3646.47,522459.209,8517.362,625845.096,0.947083024
541.940848034,0.221,221,2,3646.691,522475.593,8517.583,625877.864,0.053539213
539.82751134,8.334,8334,5,4867.006,103206.992,8517.804,625886.056,0
542.941539844,0.221,221,2,3646.912,522483.785,8517.973,625886.056,3.114028504
543.153711574,0.169,169,5,4867.175,103225.424,8518.142,625922.92,0.21217173
543.153805465,0.169,169,2,3647.081,522502.217,8518.311,625922.92,9.38910000059e-05
543.159841136,0.169,169,5,4867.344,103228.496,8518.48,625929.064,0.00603567099995
543.159990345,0.169,169,2,3647.25,522505.289,8518.649,625929.064,0.000149209000028
543.161532214,0.169,169,2,3647.419,522507.833,8518.818,625934.152,0.00154186899999
543.16142771,0.169,169,5,4867.513,103231.04,8527.268,625934.152,0
543.209855083,8.45,8450,2,3655.869,522514.345,8535.718,625943.08,0.048427373
543.212904315,0.245,245,2,3656.114,522515.241,8535.963,625943.976,0.00304923199997
543.210190664,8.45,8450,5,4875.963,103237.552,8617.942,625948.072,0
543.216074662,0.245,245,5,4876.208,103238.352,8618.187,625950.92,0.00588399799994
543.214333262,81.979,81979,2,3738.093,522518.313,8700.166,625953.992,0
543.279689367,0.245,245,2,3738.338,522519.145,8700.411,625954.824,0.065356105
543.281267406,564.418,262144,2,4302.756,522519.145,9264.829,625954.824,0.00157803900004
543.218247691,81.979,81979,5,4958.187,103241.424,9278.707,625955.848,0
543.285935825,0.245,245,5,4958.432,103242.16,9278.952,625956.584,0.067688134
543.287735912,417.926,262144,5,5376.358,103242.16,9696.878,625956.584,0.00180008699999
543.288897605,181.244,155782,5,5557.602,103242.16,9878.122,625956.584,0.00116169299997
543.283443502,13.878,13878,2,4316.634,522527.337,9903.584,625965.768,0
543.942264366,0.221,221,2,4316.855,522544.713,9903.805,625986.504,0.658820864
544.888620395,0.112,112,2,4316.967,522561.097,9903.917,626002.888,0.946356029
544.943077067,0.221,221,2,4317.188,522577.481,9904.138,626019.272,0.054456672
545.943683904,0.221,221,2,4317.409,522593.865,9904.359,626035.656,1.000606837
543.290060841,25.462,25462,5,5583.064,103253.68,9904.58,626051.016,0
546.944290313,0.221,221,2,4317.63,522605.337,9913.03,643437.72,3.654229472
547.555425136,8.45,8450,5,5591.514,120637.104,9921.48,645012.632,0.611134823
547.647676479,8.45,8450,2,4326.08,538336.025,9921.726,659205.272,0.0922513429999
547.749101296,0.246,246,2,4326.326,538393.369,9921.972,659262.616,0.101424817
547.890464193,0.112,112,2,4326.438,538409.753,9922.084,659279.0,0.141362897
547.945065185,0.221,221,2,4326.659,538426.137,9922.305,659295.384,0.054600992
548.945704134,0.221,221,2,4326.88,538442.521,9922.526,659311.768,1.000638949
549.946280315,0.221,221,2,4327.101,538458.905,9922.747,659328.152,1.000576181
550.892070932,0.112,112,2,4327.213,538475.289,9922.859,659344.536,0.945790617
550.946835934,0.221,221,2,4327.434,538495.769,9923.08,659365.016,0.054765002
551.008293061,8.45,8450,2,4335.884,554373.913,9931.53,675243.16,0.061457127
547.654404904,0.246,246,5,5591.76,137887.408,9931.776,692461.208,0
551.11742718,0.246,246,2,4336.13,554390.201,9932.022,692522.04,3.463022276
551.947576458,0.221,221,2,4336.351,554406.585,9932.243,692538.424,0.830149278
552.94820897,0.221,221,2,4336.572,554422.969,9932.464,692554.808,1.000632512
553.893477443,0.112,112,2,4336.684,554439.353,9932.576,692571.192,0.945268473
553.948705165,0.221,221,2,4336.905,571843.257,9932.797,709983.288,0.0552277219999
551.63684627,0.246,246,5,5592.006,137944.752,9933.043,709987.896,0
554.798299009,0.246,246,2,4337.151,571847.865,9933.212,709987.896,3.161452739
554.804921958,0.169,169,2,4337.32,571858.041,9933.381,710004.216,0.00662294900008
554.949572038,0.221,221,2,4337.541,571866.233,9933.602,710012.408,0.14465008
554.804816477,0.169,169,5,5592.175,137950.896,9941.936,710012.408,0
554.960716678,8.334,8334,5,5600.509,137969.84,9950.27,710031.352,0.155900201
554.966842803,0.245,245,5,5600.754,137970.496,9950.515,710032.008,0.00612612499992
554.968781709,714.589,262144,5,6315.343,137970.496,10665.104,710032.008,0.00193890600008
554.96045799,8.334,8334,2,4345.875,571874.425,10729.039,710048.392,0
555.950401016,0.221,221,2,4346.096,571887.001,10729.26,710060.968,0.989943026
556.181653465,0.278,278,2,4346.374,571887.753,10729.538,710061.72,0.231252449
556.183874133,531.862,262144,2,4878.236,571887.753,11261.4,710061.72,0.00222066800006
556.185083431,129.095,129095,2,5007.331,571896.969,11390.495,710070.936,0.00120929799994
556.894966799,0.112,112,2,5007.443,571913.353,11390.607,710087.32,0.709883368
554.970857191,63.935,63935,5,6379.278,137984.832,11390.828,710101.656,0
556.951124754,0.221,221,2,5007.664,571929.737,11399.162,710175.384,1.980267563
557.951873105,0.221,221,2,5007.885,571946.121,11399.383,710191.768,1.000748351
558.952530787,0.221,221,2,5008.106,571957.289,11399.604,710202.936,1.000657682
557.191537518,8.334,8334,5,6387.612,138066.752,11407.938,710227.512,0
558.961518461,8.334,8334,2,5016.44,571973.673,11416.272,710235.704,1.769980943
559.896662691,0.112,112,2,5016.552,571990.057,11416.384,710252.088,0.93514423
559.95334004,0.221,221,2,5016.773,571998.249,11416.605,710276.664,0.056677349
560.954092548,0.221,221,2,5016.994,572088.361,11416.826,710366.776,1.000752508
559.310785629,8.334,8334,5,6395.946,138091.328,11417.047,710383.16,0
561.954786687,0.221,221,2,5017.215,572096.553,11417.216,710383.16,2.644001058
562.23096366,0.169,169,5,6396.115,138097.472,11417.385,710422.072,0.276176973
562.231018638,0.169,169,2,5017.384,572129.321,11417.554,710422.072,5.49779999801e-05
562.233002201,0.169,169,5,6396.284,138102.08,11417.723,710451.256,0.00198356299995
562.233095037,0.169,169,2,5017.553,572153.897,11417.892,710451.256,9.28360000216e-05
562.236603383,0.169,169,5,6396.453,138104.064,11418.061,710459.384,0.00350834599999
562.23669014,0.169,169,2,5017.722,572160.041,11426.511,710459.384,8.67569999627e-05
562.40845057,8.45,8450,2,5026.172,572178.985,11434.961,710478.328,0.17176043
562.412914523,0.245,245,2,5026.417,572179.673,11435.206,710479.016,0.00446395300003
562.408199872,8.45,8450,5,6404.903,138108.448,11517.186,710491.592,0
562.414752873,81.98,81980,2,5108.397,572191.961,11517.464,710496.712,0.00655300100004
562.463662646,0.245,245,2,5108.642,572192.569,11517.709,710497.32,0.048909773
562.46515581,560.062,262144,2,5668.704,572192.569,12077.771,710497.32,0.00149316400007
562.420333033,0.278,278,5,6405.181,138110.464,12090.197,710500.36,0
562.476821558,0.278,278,5,6405.459,138111.056,12090.475,710500.952,0.056488525
562.478646553,707.758,262144,5,7113.217,138111.056,12798.233,710500.952,0.00182499499999
562.46733372,12.426,12426,2,5681.13,572202.809,12859.891,710510.104,0
562.898438891,0.112,112,2,5681.242,572219.193,12860.003,710526.488,0.431105171
562.955538452,0.221,221,2,5681.463,572235.577,12860.224,710542.872,0.0570995610001
563.95616233,0.221,221,2,5681.684,572251.961,12860.445,710562.504,1.000623878
564.956780523,0.221,221,2,5681.905,572268.345,12860.666,710578.888,1.000618193
565.899807124,0.112,112,2,5682.017,572284.729,12860.778,710595.272,0.943026601
565.957414678,0.221,221,2,5682.238,572296.425,12860.999,710606.968,0.057607554
565.983570666,8.45,8450,2,5690.688,588225.769,12869.449,726536.312,0.026155988
566.088197829,0.246,246,2,5690.934,588246.249,12869.695,726556.792,0.104627163
562.480745938,61.658,61658,5,7174.875,138119.872,12869.916,726569.592,0
567.372304758,8.45,8450,5,7183.325,153684.672,12878.366,742134.392,4.89155882
566.958196513,0.221,221,2,5691.155,588262.633,12878.612,742167.16,0
567.959037734,0.221,221,2,5691.376,588279.017,12878.833,742183.544,1.000841221
568.901424948,0.112,112,2,5691.488,588295.401,12878.945,742199.928,0.942387214
568.959664048,0.221,221,2,5691.709,588308.201,12879.166,742216.824,0.0582391
569.521442939,8.45,8450,2,5700.159,603889.385,12887.616,757798.008,0.561778891
569.620084876,0.246,246,2,5700.405,603922.153,12887.862,757830.776,0.0986419369999
569.960424788,0.221,221,2,5700.626,603942.633,12888.083,757851.256,0.340339912
570.961068727,0.221,221,2,5700.847,603964.137,12888.304,757872.76,1.000643939
571.902988443,0.112,112,2,5700.959,603980.521,12888.416,757889.144,0.941919716
567.479127978,0.246,246,5,7183.571,170758.848,12888.637,774942.84,0
571.961832164,0.221,221,2,5701.18,603996.905,12888.883,774975.608,4.482704186
572.96266101,0.221,221,2,5701.401,604013.289,12889.104,774991.992,1.000828846
573.963337257,0.221,221,2,5701.622,620454.633,12889.325,791433.336,1.000676247
572.423458742,0.246,246,5,7183.817,170783.424,12889.571,791445.624,0
574.142517761,0.246,246,2,5701.868,620466.921,12889.74,791445.624,1.719059019
574.148479998,0.169,169,5,7183.986,170789.568,12889.909,791454.84,0.00596223699995
574.14857382,0.169,169,2,5702.037,620469.993,12890.078,791454.84,9.38220000535e-05
574.309280958,0.169,169,5,7184.155,170791.584,12890.247,791458.808,0.160707138
574.309373542,0.169,169,2,5702.206,620471.945,12898.581,791458.808,9.25839999582e-05
574.372773092,8.334,8334,5,7192.489,170798.08,12906.915,791465.304,0.06339955
574.557783332,0.245,245,5,7192.734,170798.592,12907.16,791465.816,0.18501024
574.559997458,714.025,262144,5,7906.759,170798.592,13621.185,791465.816,0.00221412600001
574.373067274,8.334,8334,2,5710.54,620476.313,13684.932,791475.304,0
574.6192975,0.278,278,2,5710.818,620476.857,13685.21,791475.848,0.246230226
574.62100419,531.486,262144,2,6242.304,620476.857,14216.696,791475.848,0.00170668999999
574.622201525,128.907,128907,2,6371.211,620486.073,14345.603,791485.064,0.00119733500003
574.90477252,0.112,112,2,6371.323,620502.457,14345.715,791501.448,0.282570995
574.964245383,0.221,221,2,6371.544,620518.841,14345.936,791517.832,0.059472863
575.964952157,0.221,221,2,6371.765,620535.225,14346.157,791550.6,1.000706774
574.562086271,63.747,63747,5,7970.506,170820.096,14346.378,791550.6,0
576.965619719,0.221,221,2,6371.986,620546.393,14354.712,791574.056,2.403533448
577.077845919,8.334,8334,2,6380.32,620562.777,14363.046,791590.44,0.1122262
577.906463513,0.112,112,2,6380.432,620579.161,14363.158,791606.824,0.828617594
577.966423379,0.221,221,2,6380.653,620595.545,14363.379,791623.208,0.0599598660001
578.967053891,0.221,221,2,6380.874,620607.833,14363.6,791635.496,1.000630512
579.380403013,8.334,8334,2,6389.208,620622.169,14371.934,791658.024,0.413349122
579.967768662,0.221,221,2,6389.429,620638.553,14372.155,791674.408,0.587365649
580.907900134,0.112,112,2,6389.541,620654.937,14372.267,791690.792,0.940131472
580.968400332,0.221,221,2,6389.762,620710.233,14372.488,791746.088,0.060500198
581.969181809,0.221,221,2,6389.983,620718.425,14372.709,791754.28,1.000781477
576.96587321,8.334,8334,5,7978.84,170840.576,14381.159,791754.28,0
582.114594902,8.45,8450,2,6398.433,620792.153,14389.609,791834.152,5.148721692
582.114930472,8.45,8450,5,7987.29,170850.816,14389.854,791838.712,0.000335569999947
582.118809283,0.245,245,2,6398.678,620792.617,14390.099,791838.712,0.00387881100005
582.120570243,0.245,245,5,7987.535,170851.264,14472.079,791839.16,0.00176095999996
582.12262903,81.98,81980,5,8069.515,170854.336,14554.059,791854.52,0.00205878700001
582.184822277,0.245,245,5,8069.76,170854.704,14554.304,791854.888,0.062193247
582.186363555,416.23,262144,5,8485.99,170854.704,14970.534,791854.888,0.00154127799999
582.187538038,177.852,154086,5,8663.842,170854.704,15148.386,791854.888,0.001174483
582.12062216,81.98,81980,2,6480.658,620811.049,15172.152,791861.032,0
582.203760551,0.245,245,2,6480.903,620811.449,15172.397,791861.432,0.0831383909999
582.205348443,559.33,262144,2,7040.233,620811.449,15731.727,791861.432,0.00158789200009
582.212311446,12.182,12182,2,7052.415,620819.641,15743.909,791870.616,0.0069630029999
582.969972,0.221,221,2,7052.636,620839.097,15744.13,791890.072,0.757660554
583.909695159,0.112,112,2,7052.748,620855.481,15744.242,791906.456,0.939723159
583.970660187,0.221,221,2,7052.969,620871.865,15744.463,791926.2,0.0609650280001
584.971309498,0.221,221,2,7053.19,620888.249,15744.684,791942.584,1.000649311
582.188678601,23.766,23766,5,8687.608,170866.224,15744.905,791957.944,0
586.100512375,8.45,8450,5,8696.058,186283.568,15753.355,807375.288,3.911833774
585.971905109,0.221,221,2,7053.411,620900.473,15753.601,807416.184,0
586.883634032,8.45,8450,2,7061.861,628285.561,15762.051,814801.272,0.911728923
586.912463709,0.112,112,2,7061.973,637444.217,15762.163,823959.928,0.028829677
586.973483297,0.221,221,2,7062.194,637452.409,15762.384,823968.12,0.061019588
586.987113488,0.246,246,2,7062.44,637472.889,15762.63,823988.6,0.0136301909999
587.974166847,0.221,221,2,7062.661,637489.273,15762.851,824004.984,0.987053359
586.206311898,0.246,246,5,8696.304,186330.672,15763.072,824023.416,0
589.651257228,8.45,8450,5,8704.754,201862.704,15771.522,839555.448,3.44494533
588.974736038,0.221,221,2,7062.882,637505.657,15771.768,839612.792,0
589.915032023,0.112,112,2,7062.994,651944.569,15771.88,854051.704,0.940295985
589.976631466,0.221,221,2,7063.215,655131.257,15772.101,857238.392,0.061599443
590.016884893,0.246,246,2,7063.461,655164.025,15772.347,857271.16,0.040253427
590.97889723,0.221,221,2,7063.682,655184.505,15772.568,857299.832,0.962012337
591.979467064,0.221,221,2,7063.903,655200.889,15772.789,857316.216,1.000569834
589.75289245,0.246,246,5,8705.0,218312.24,15772.901,873716.6,0
595.24170726,0.246,246,5,8705.246,218336.816,15773.147,873741.176,5.48881481
592.916824173,0.112,112,2,7064.015,655209.081,15773.316,873741.176,0
595.247264615,0.169,169,5,8705.415,218342.96,15773.485,873750.392,2.330440442
595.247365149,0.169,169,2,7064.184,655212.153,15773.654,873750.392,0.000100534000012
595.352748319,0.169,169,5,8705.584,218344.976,15773.823,873754.36,0.10538317
595.352754223,0.169,169,2,7064.353,655214.105,15773.992,873754.36,5.90399997691e-06
595.356146203,0.169,169,5,8705.753,218345.936,15774.161,873756.248,0.00339197999995
595.356250821,0.169,169,2,7064.522,655215.033,15774.33,873756.248,0.000104618000023
595.357569782,0.169,169,2,7064.691,655216.793,15774.499,873759.832,0.00131896100004
595.357432023,0.169,169,5,8705.922,218347.76,15782.833,873759.832,0
595.478479719,8.334,8334,2,7073.025,655219.833,15791.167,873765.032,0.121047696
595.482156466,0.245,245,2,7073.27,655220.057,15791.412,873766.248,0.00367674699999
595.478830241,8.334,8334,5,8714.256,218350.912,16211.848,873766.248,0
595.483824746,0.245,245,5,8714.501,218351.024,16484.249,873766.36,0.00499450500001
595.486394956,456.636,262144,5,9171.137,218351.024,16940.885,873766.36,0.00257021000004
595.488010327,258.664,194492,5,9429.801,218351.024,17199.549,873766.36,0.00161537099996
595.48365947,692.592,262144,2,7765.862,655229.177,17263.721,873776.44,0
595.918137976,0.112,112,2,7765.974,655240.505,17263.833,873787.768,0.434478506
595.489162321,64.172,64172,5,9493.973,218355.232,17272.167,873793.576,0
597.779355613,8.334,8334,2,7774.308,655251.257,17280.501,873804.84,2.290193292
598.919933823,0.112,112,2,7774.42,655275.833,17280.613,873829.416,1.14057821
600.156687734,8.334,8334,2,7782.754,655300.409,17288.947,873886.76,1.236753911
601.921568695,0.112,112,2,7782.866,655312.697,17289.059,873899.048,1.764880961
598.908375444,8.334,8334,5,9502.307,218391.072,17289.189,873899.048,0
602.666435106,0.13,130,2,7782.996,655320.889,17289.319,873907.24,3.758059662
602.70674338,0.123,123,2,7783.119,655337.273,17289.442,873923.624,0.040308274
602.810719183,0.123,123,2,7783.242,655370.041,17289.565,873956.392,0.103975803
