time,size,first_call,destination,dest_out_traffic,dest_in_traffic,total_network_out,total_network_in,dens10
3.790530626,0.244,244,2,0.244,32.768,0.244,34.816,0
3.823835629,0.183,183,2,0.427,49.152,0.427,51.2,0.033305003
4.835762425,0.183,183,2,0.61,65.536,0.61,67.584,1.011926796
5.837362838,0.183,183,2,0.793,81.92,0.793,83.968,1.001600413
6.838461093,0.183,183,2,0.976,98.304,0.976,100.352,1.001098255
7.839259588,0.183,183,2,1.159,114.688,1.159,116.736,1.000798495
8.840041321,0.183,183,2,1.342,131.072,1.342,133.12,1.000781733
9.840748045,0.183,183,2,1.525,147.456,1.525,149.504,1.000706724
10.841473766,0.183,183,2,1.708,163.84,1.708,165.888,1.000725721
11.842345036,0.183,183,2,1.891,180.224,1.891,182.272,1.00087127
12.843199824,0.183,183,2,2.074,196.608,2.074,198.656,1.000854788
13.843927221,0.183,183,2,2.257,212.992,2.257,215.04,1.000727397
14.846324663,0.183,183,2,2.44,229.376,2.44,231.424,1.002397442
15.846985361,0.183,183,2,2.623,245.76,2.623,247.808,1.000660698
16.847651368,0.183,183,2,2.806,262.144,2.806,264.192,1.000666007
17.848316955,0.183,183,2,2.989,278.528,2.989,280.576,1.000665587
18.850022409,0.183,183,2,3.172,294.912,3.172,296.96,1.001705454
19.850781444,0.183,183,2,3.355,311.296,3.355,313.344,1.000759035
20.851457368,0.183,183,2,3.538,327.68,3.538,329.728,1.000675924
21.852201737,0.183,183,2,3.721,344.064,3.721,346.112,1.000744369
22.853032848,0.183,183,2,3.904,360.448,3.904,362.496,1.000831111
23.85381521,0.183,183,2,4.087,376.832,4.087,378.88,1.000782362
24.855150576,0.183,183,2,4.27,393.216,4.27,395.264,1.001335366
25.855908493,0.183,183,2,4.453,409.6,4.453,411.648,1.000757917
26.856658589,0.183,183,2,4.636,425.984,4.636,428.032,1.000750096
27.857415179,0.183,183,2,4.819,434.176,4.819,436.224,1.00075659
28.697716729,0.268,268,6,0.268,8.452,5.253,447.408,0.84030155
28.152092806,0.166,166,2,4.985,445.1,5.506,463.792,0
28.865164908,0.219,219,2,5.204,477.868,5.725,496.56,0.713072102
29.259385919,0.283,283,2,5.487,494.252,6.008,512.944,0.394221011
29.306229306,0.207,207,2,5.694,510.636,6.215,529.328,0.046843387
29.355451068,0.102,102,2,5.796,518.828,6.317,537.52,0.049221762
28.73886002,0.253,253,6,0.521,24.836,6.443,18809.782,0
29.75111479,0.291,291,6,0.812,25.123,6.734,19100.629,1.01225477
29.386267626,0.126,126,2,5.922,26891.799,6.968,26927.162,0
29.753937007,0.234,234,6,1.046,41.507,7.187,98556.919,0.367669381
30.755086943,0.405,405,6,1.451,41.908,7.592,98557.32,1.001149936
29.867707061,0.219,219,2,6.141,106891.765,7.822,106943.913,0
30.757503591,0.23,230,6,1.681,58.292,8.041,173329.231,0.88979653
30.872761265,0.219,219,2,6.36,181221.12,8.556,181290.163,0.115257674
31.7587805,0.515,515,6,2.196,75.187,8.775,250496.053,0.886019235
31.87770959,0.219,219,2,6.579,259164.178,9.29,259250.116,0.11892909
32.760818189,0.515,515,6,2.711,92.082,9.509,357935.288,0.883108599
32.883269375,0.219,219,2,6.798,365133.901,10.024,365236.734,0.122451186
33.825125948,0.126,126,2,6.924,373688.422,10.15,373791.255,0.941856573
33.763130215,0.515,515,6,3.226,108.977,10.369,491181.402,0
33.888684659,0.219,219,2,7.143,504812.336,10.884,504932.064,0.125554444
34.89272791,0.219,219,2,7.362,504828.72,11.103,504948.448,1.004043251
35.436105458,0.174,174,2,7.536,504845.104,11.277,504964.832,0.543377548
35.438829757,0.188,188,2,7.724,504853.296,11.465,504973.024,0.002724299
34.764762126,0.515,515,6,3.741,125.872,11.589,504981.216,0
35.442492793,0.124,124,2,7.848,505155.327,12.24,505292.086,0.677730667
35.444489276,0.651,651,6,4.392,142.903,12.41,505300.278,0.001996483
35.479624121,0.17,170,2,8.018,505171.711,12.907,505317.155,0.035134845
35.481974629,0.184,184,2,8.202,505179.903,13.091,505333.539,0.002350508
35.481205328,0.497,497,6,4.889,159.78,13.215,505379.698,0
35.485304871,0.124,124,2,8.326,505226.062,13.594,505396.457,0.004099543
35.501140684,0.379,379,6,5.268,176.539,13.813,505412.841,0.015835813
35.89473445,0.219,219,2,8.545,505242.446,14.125,505445.913,0.393593766
36.895707828,0.219,219,2,8.764,505250.638,14.344,505454.105,1.000973378
37.79471405,0.176,176,2,8.94,505251.662,14.52,505455.129,0.899006222
37.82001629,0.154,154,2,9.094,505262.926,14.674,505466.393,0.02530224
37.89673247,0.219,219,2,9.313,505271.118,14.893,505474.585,0.07671618
37.958722895,0.17,170,2,9.483,505272.142,15.063,505475.609,0.061990425
37.990425041,0.172,172,2,9.655,505273.166,15.235,505476.633,0.031702146
38.364426511,0.177,177,2,9.832,505273.678,15.412,505477.145,0.37400147
38.394001292,0.176,176,2,10.008,505274.19,15.588,505477.657,0.029574781
38.413487708,1.53,1530,2,11.538,505275.662,17.118,505479.129,0.019486416
38.465748404,1.256,1256,2,12.794,505276.606,18.374,505480.073,0.052260696
38.475629549,0.171,171,2,12.965,505285.71,18.545,505489.177,0.00988114499999
38.897752991,0.219,219,2,13.184,505302.094,18.764,505505.561,0.422123442
39.898745366,0.219,219,2,13.403,505318.478,18.983,505521.945,1.000992375
40.899497975,0.219,219,2,13.622,505334.862,19.202,505538.329,1.000752609
41.90035409,0.219,219,2,13.841,505351.246,19.421,505554.713,1.000856115
42.900999074,0.219,219,2,14.06,505367.63,19.64,505571.097,1.000644984
43.902151455,0.219,219,2,14.279,505384.014,19.859,505587.481,1.001152381
44.902928719,0.219,219,2,14.498,505400.398,20.078,505603.865,1.000777264
45.903725608,0.219,219,2,14.717,505416.782,20.297,505620.249,1.000796889
46.904516211,0.219,219,2,14.936,505433.166,20.516,505636.633,1.000790603
47.905201843,0.22,220,2,15.156,505441.358,20.736,505644.825,1.000685632
48.868348484,0.339,339,2,15.495,505449.998,21.075,505653.465,0.963146641
48.906058796,0.22,220,2,15.715,505482.766,21.295,505686.233,0.037710312
50.907400237,0.22,220,2,15.935,505499.15,21.515,505702.617,2.001341441
51.90808552,0.22,220,2,16.155,505515.534,21.735,505719.001,1.000685283
52.908805514,0.22,220,2,16.375,505531.918,21.955,505735.385,1.000719994
53.909452524,0.22,220,2,16.595,505548.302,22.175,505751.769,1.00064701
54.910094854,0.22,220,2,16.815,505564.686,22.395,505768.153,1.00064233
55.910696257,0.22,220,2,17.035,505581.07,22.615,505784.537,1.000601403
56.911424841,0.22,220,2,17.255,505597.454,22.835,505800.921,1.000728584
57.912194702,0.22,220,2,17.475,505614.478,23.055,505817.945,1.000769861
58.166752492,1.575,1575,2,19.05,505614.478,24.63,505817.945,0.25455779
58.282039638,0.286,286,2,19.336,505624.206,24.916,505827.673,0.115287146
58.593260919,0.189,189,2,19.525,505628.302,25.105,505831.769,0.311221281
58.880207673,2.513,2513,2,22.038,505638.542,27.618,505842.009,0.286946754
58.913292677,0.22,220,2,22.258,505646.734,27.838,505850.201,0.033085004
58.992420407,0.286,286,2,22.544,505693.838,28.124,505897.305,0.07912773
59.003717584,0.189,189,2,22.733,505703.054,53.982,505908.569,0.011297177
60.017739409,0.23,230,8,0.23,40.96,54.432,505959.769,1.014021825
59.914332544,0.22,220,2,22.953,505719.438,54.686,510535.19,0
60.915674474,0.22,220,2,23.173,505735.822,54.906,521321.473,1.00134193
61.916652043,0.22,220,2,23.393,505752.206,55.126,533429.216,1.000977569
62.917561376,0.22,220,2,23.613,505768.59,55.346,545933.397,1.000909333
63.918588741,0.22,220,2,23.833,505784.974,55.566,557975.067,1.001027365
64.919665275,0.22,220,2,24.053,505801.358,55.786,570479.248,1.001076534
65.920627059,0.22,220,2,24.273,505817.742,56.006,583863.615,1.000961784
66.921850399,0.22,220,2,24.493,505834.126,56.226,597094.599,1.00122334
67.922782571,0.22,220,2,24.713,505842.318,56.446,604833.332,1.000932172
68.8615032,2.513,2513,2,27.226,505851.534,58.959,605371.132,0.938720629
68.923691835,0.22,220,2,27.446,505867.918,59.179,618800.335,0.062188635
69.924561289,0.22,220,2,27.666,505884.302,59.399,632163.465,1.000869454
60.128704707,0.152,152,9,0.152,135536.96,59.619,641686.169,0
70.925534527,0.22,220,2,27.886,505892.494,59.771,641752.242,10.79682982
71.730662679,2.538,2538,2,30.424,505909.39,62.309,641769.138,0.805128152
60.098115342,0.102,102,8,0.332,73.728,63.884,641793.714,0
71.649227184,0.152,152,9,0.304,135603.033,64.114,641801.906,11.551111842
71.741608694,1.575,1575,2,31.999,505917.582,64.266,642913.754,0.09238151
71.926880229,0.22,220,2,32.219,505933.966,64.486,655523.035,0.185271535
72.928328598,0.22,220,2,32.439,505950.35,64.706,668291.508,1.001448369
73.92929143,0.22,220,2,32.659,505966.734,64.926,680927.835,1.000962832
74.930242668,0.22,220,2,32.879,505983.118,65.146,694290.965,1.000951238
75.931122109,0.22,220,2,33.099,505999.502,65.366,707521.949,1.000879441
76.93205016,0.22,220,2,33.319,506015.886,65.586,720158.276,1.000928051
77.93294378,0.22,220,2,33.539,506024.078,65.806,731993.535,1.00089362
78.862141969,2.513,2513,2,36.052,506040.462,68.319,733001.014,0.929198189
78.933935177,0.22,220,2,36.272,506056.846,68.539,746628.436,0.071793208
79.934989361,0.22,220,2,36.492,506073.23,68.759,758802.252,1.001054184
80.936420828,0.22,220,2,36.712,506081.422,68.979,771496.46,1.001431467
71.80388484,0.152,152,9,0.456,271402.49,69.199,777781.587,0
81.937403914,0.22,220,2,36.932,506089.614,69.351,777863.978,10.133519074
82.498038545,2.581,2581,2,39.513,506105.998,71.932,777880.362,0.560634631
71.800960865,0.23,230,8,0.562,106.496,73.507,777904.938,0
82.523167858,0.23,230,8,0.792,122.88,73.737,777921.322,10.722206993
82.443153912,0.152,152,9,0.608,271484.881,73.881,777929.514,0
82.506101442,1.575,1575,2,41.088,506114.19,74.033,783140.251,0.06294753
82.938300676,0.22,220,2,41.308,506130.574,74.253,796305.162,0.432199234
83.939266721,0.22,220,2,41.528,506146.958,74.473,809007.562,1.000966045
84.940189673,0.22,220,2,41.748,506163.342,74.693,822106.4,1.000922952
85.941107877,0.22,220,2,41.968,506179.726,74.913,835139.165,1.000918204
86.942060093,0.22,220,2,42.188,506196.11,75.133,848502.295,1.000952216
87.943087458,0.22,220,2,42.408,506204.302,75.353,860667.919,1.001027365
88.861709233,2.513,2513,2,44.921,506278.03,77.866,861798.815,0.918621775
88.94414283,0.22,220,2,45.141,506294.414,78.086,874963.726,0.082433597
89.945284595,0.22,220,2,45.361,506310.798,78.306,888194.71,1.001141765
90.946302183,0.22,220,2,45.581,506327.182,78.526,901491.767,1.001017588
82.528597459,0.152,152,9,0.76,407313.747,78.746,913987.756,0
91.947309922,0.22,220,2,45.801,506335.374,78.898,914053.829,9.418712463
92.919771923,2.538,2538,2,48.339,506400.91,81.436,914119.365,0.972462001
82.525556849,0.144,144,8,0.936,155.648,83.011,914143.941,0
92.935112771,0.23,230,8,1.166,172.032,83.241,914160.325,10.409555922
92.872440835,0.152,152,9,0.912,407379.82,83.385,914168.517,0
92.925497372,1.575,1575,2,49.914,506409.102,83.537,914576.686,0.053056537
92.948250405,0.22,220,2,50.134,506425.486,83.757,927655.921,0.022753033
93.949283358,0.22,220,2,50.354,506441.87,83.977,940886.905,1.001032953
94.950411504,0.22,220,2,50.574,506458.254,84.197,954117.889,1.001128146
95.951385581,0.22,220,2,50.794,506474.638,84.417,967547.092,1.000974077
96.952656692,0.22,220,2,51.014,506491.022,84.637,980844.149,1.001271111
97.953623295,0.22,220,2,51.234,506499.214,84.857,992282.97,1.000966603
98.859992674,2.513,2513,2,53.747,506572.942,87.37,993612.085,0.906369379
98.954544362,0.22,220,2,53.967,506589.326,87.59,1005918.047,0.094551688
99.955596451,0.22,220,2,54.187,506605.71,87.81,1018752.593,1.001052089
100.956510534,0.22,220,2,54.407,506622.094,88.03,1032115.723,1.000914083
101.957448642,0.22,220,2,54.627,506638.478,88.25,1045412.78,1.000938108
92.939237876,0.152,152,9,1.064,543474.136,88.47,1050508.593,0
102.95833402,0.22,220,2,54.847,506646.67,88.622,1050665.222,10.019096144
103.388456594,2.538,2538,2,57.385,506679.438,91.16,1050697.99,0.430122574
92.937065952,0.144,144,8,1.31,204.8,92.735,1050722.566,0
103.413228668,0.23,230,8,1.54,221.184,92.965,1050738.95,10.476162716
103.340748781,0.152,152,9,1.216,543630.765,93.109,1050747.142,0
103.395267306,1.575,1575,2,58.96,506687.63,93.261,1057913.742,0.054518525
103.95932423,0.22,220,2,59.18,506704.014,93.481,1070931.918,0.564056924
104.960262198,0.22,220,2,59.4,506720.398,93.701,1084162.902,1.000937968
105.961320573,0.22,220,2,59.62,506736.782,93.921,1097195.667,1.001058375
106.962251977,0.22,220,2,59.84,506753.166,94.141,1110624.87,1.000931404
107.963168294,0.22,220,2,60.06,506761.358,94.361,1122592.275,1.000916317
108.860143042,2.513,2513,2,62.573,506785.934,96.874,1124070.457,0.896974748
108.964112479,0.22,220,2,62.793,506802.318,97.094,1137103.222,0.103969437
109.965042765,0.22,220,2,63.013,506818.702,97.314,1150334.206,1.000930286
110.966307031,0.22,220,2,63.233,506835.086,97.534,1163829.482,1.001264266
111.967698689,0.22,220,2,63.453,506851.47,97.754,1176994.393,1.001391658
103.416818231,0.152,152,9,1.368,679550.861,97.974,1186847.462,0
112.968710968,0.22,220,2,63.673,506859.662,98.126,1187004.091,9.551892737
113.752348469,2.538,2538,2,66.211,506884.238,100.664,1187028.667,0.783637501
103.414972675,0.144,144,8,1.684,253.952,102.239,1187053.243,0
113.768164447,0.23,230,8,1.914,270.336,102.469,1187069.627,10.353191772
113.705173685,0.152,152,9,1.52,679707.49,102.613,1187077.819,0
113.758858095,1.575,1575,2,67.786,506884.238,102.765,1189749.965,0.05368441
113.969627077,0.22,220,2,68.006,506900.622,102.985,1202848.803,0.210768982
114.970993102,0.22,220,2,68.226,506917.006,103.205,1215683.349,1.001366025
115.971965503,0.22,220,2,68.446,506933.39,103.425,1229112.552,1.000972401
116.972860379,0.22,220,2,68.666,506949.774,103.645,1242673.901,1.000894876
117.973829566,0.22,220,2,68.886,506957.966,103.865,1254641.306,1.000969187
118.860704497,2.513,2513,2,71.399,507031.694,106.378,1256102.567,0.886874931
118.974858957,0.22,220,2,71.619,507048.078,106.598,1269796.062,0.11415446
119.975780024,0.22,220,2,71.839,507064.462,106.818,1283225.265,1.000921067
120.97668377,0.22,220,2,72.059,507080.846,107.038,1296786.614,1.000903746
121.977564678,0.22,220,2,72.279,507097.23,107.258,1310347.963,1.000880908
113.771565228,0.152,152,9,1.672,815847.096,107.478,1323438.609,0
122.978500482,0.22,220,2,72.499,507113.614,107.63,1323603.43,9.206935254
123.979488107,0.22,220,2,72.719,507121.806,107.85,1323611.622,1.000987625
123.996867762,2.538,2538,2,75.257,507220.11,110.388,1323709.926,0.017379655
113.769785742,0.144,144,8,2.058,303.104,111.963,1323734.502,0
124.010170221,0.23,230,8,2.288,319.488,112.193,1323750.886,10.240384479
123.947274863,0.152,152,9,1.824,816003.725,112.337,1323759.078,0
124.002011642,1.575,1575,2,76.832,507228.302,112.489,1336588.219,0.054736779
124.980552419,0.22,220,2,77.052,507244.686,112.709,1349753.13,0.978540777
125.981476908,0.22,220,2,77.272,507261.07,112.929,1363050.187,1.000924489
126.982364311,0.22,220,2,77.492,507277.454,113.149,1376149.025,1.000887403
127.983492178,0.22,220,2,77.712,507285.646,113.369,1387389.627,1.001127867
128.860357176,2.513,2513,2,80.225,507326.606,115.882,1389148.485,0.876864998
128.984581353,0.22,220,2,80.445,507342.99,116.102,1402181.25,0.124224177
129.98551562,0.22,220,2,80.665,507359.374,116.322,1415346.161,1.000934267
130.986570642,0.22,220,2,80.885,507375.758,116.542,1428841.437,1.001055022
131.988126008,0.221,221,2,81.106,507392.142,116.763,1442204.567,1.001555366
132.989152325,0.221,221,2,81.327,507408.526,116.984,1455501.624,1.001026317
124.014683924,0.152,152,9,1.976,951654.381,117.205,1459606.342,0
133.990025691,0.221,221,2,81.548,507416.718,117.357,1459762.971,9.975341767
134.343124992,2.538,2538,2,84.086,507465.87,119.895,1459812.123,0.353099301
124.01198812,0.144,144,8,2.432,344.064,121.47,1459828.507,0
134.360345268,0.23,230,8,2.662,368.64,121.7,1459853.083,10.348357148
134.296506634,0.152,152,9,2.128,951811.01,121.844,1459861.275,0
134.348954434,1.575,1575,2,85.661,507474.062,121.996,1468550.944,0.0524478
134.991180796,0.221,221,2,85.882,507490.446,122.217,1481781.928,0.642226362
135.992149983,0.221,221,2,86.103,507506.83,122.438,1494946.839,1.000969187
136.992892745,0.221,221,2,86.324,507523.214,122.659,1508309.969,1.000742762
137.993746765,0.221,221,2,86.545,507531.406,122.88,1519484.498,1.00085402
138.859626776,2.513,2513,2,89.058,507572.366,125.393,1521111.21,0.865880011
138.994732365,0.221,221,2,89.279,507588.75,125.614,1534474.34,0.135105589
139.995713914,0.221,221,2,89.5,507605.134,125.835,1548035.689,1.000981549
140.996587559,0.221,221,2,89.721,507621.518,126.056,1561398.819,1.000873645
141.997444023,0.221,221,2,89.942,507637.902,126.277,1574563.73,1.000856464
142.998371375,0.221,221,2,90.163,507654.286,126.498,1587662.568,1.000927352
134.363641288,0.152,152,9,2.28,1088211.596,126.719,1596458.469,0
143.999343775,0.221,221,2,90.384,507662.478,126.871,1596574.554,9.635702487
144.745334868,2.538,2538,2,92.922,507687.054,129.409,1596599.13,0.745991093
134.36201657,0.144,144,8,2.806,401.408,130.984,1596623.706,0
144.758373049,0.23,230,8,3.036,417.792,131.214,1596640.09,10.396356479
144.699329856,0.152,152,9,2.432,1088327.681,131.358,1596648.282,0
144.750779136,1.575,1575,2,94.497,507695.246,131.51,1599698.619,0.05144928
145.000259045,0.221,221,2,94.718,507703.438,131.731,1612591.046,0.249479909
146.001195268,0.221,221,2,94.939,507719.822,131.952,1625755.957,1.000936223
147.002080855,0.221,221,2,95.16,507736.206,132.173,1639053.014,1.000885587
148.002817052,0.221,221,2,95.381,507744.398,132.394,1650161.47,1.000736197
148.858659824,2.513,2513,2,97.894,507883.662,134.907,1652282.924,0.855842772
149.003523916,0.221,221,2,98.115,507900.046,135.128,1665315.689,0.144864092
150.004291122,0.221,221,2,98.336,507916.43,135.349,1678018.089,1.000767206
151.005001129,0.221,221,2,98.557,507932.814,135.57,1691249.073,1.000710007
152.005780209,0.221,221,2,98.778,507949.198,135.791,1704612.203,1.00077908
153.006575352,0.221,221,2,98.999,507965.582,136.012,1717644.968,1.000795143
154.007430069,0.221,221,2,99.22,507981.966,136.233,1731074.171,1.000854717
144.763097462,0.152,152,9,2.584,1223912.264,136.454,1732535.969,0
155.00839786,0.221,221,2,99.441,507990.158,136.606,1732741.301,10.245300398
155.167066571,2.538,2538,2,101.979,508055.694,139.144,1732806.837,0.158668711
144.7608411,0.144,144,8,3.18,450.56,140.719,1732831.413,0
155.181193437,0.23,230,8,3.41,466.944,140.949,1732847.797,10.420352337
155.118956402,0.152,152,9,2.736,1224117.596,141.093,1732855.989,0
155.173339505,1.575,1575,2,103.554,508063.886,141.245,1743838.934,0.054383103
156.00943612,0.221,221,2,103.775,508080.27,141.466,1757202.064,0.836096615
157.010647518,0.221,221,2,103.996,508096.654,141.687,1770631.267,1.001211398
158.011576756,0.221,221,2,104.217,508104.846,141.908,1781937.942,1.000929238
158.859179793,2.513,2513,2,106.73,508162.19,144.421,1783977.476,0.847603037
159.012491118,0.221,221,2,106.951,508178.574,144.642,1797538.825,0.153311325
160.013390883,0.221,221,2,107.172,508194.958,144.863,1810637.663,1.000899765
161.014371385,0.221,221,2,107.393,508211.342,145.084,1824132.939,1.000980502
162.015261093,0.221,221,2,107.614,508227.726,145.305,1837562.142,1.000889708
163.016162605,0.221,221,2,107.835,508244.11,145.526,1850991.345,1.000901512
164.017038135,0.221,221,2,108.056,508252.302,145.747,1864412.356,1.00087553
155.185220346,0.152,152,9,2.888,1360168.538,145.968,1869119.923,0
165.018027716,0.221,221,2,108.277,508268.686,146.12,1869373.958,9.83280737
165.412845591,2.538,2538,2,110.815,508301.454,148.658,1869406.726,0.394817875
155.183201863,0.144,144,8,3.554,491.52,150.233,1869423.11,0
165.424851237,0.23,230,8,3.784,516.096,150.463,1869447.686,10.241649374
165.370560604,0.152,152,9,3.04,1360422.573,150.607,1869455.878,0
165.417428995,1.575,1575,2,112.39,508309.646,150.759,1877131.325,0.046868391
166.018935932,0.221,221,2,112.611,508326.03,150.98,1890560.528,0.601506937
167.019828643,0.221,221,2,112.832,508342.414,151.201,1904055.804,1.000892711
168.020721844,0.221,221,2,113.053,508350.606,151.422,1915230.333,1.000893201
168.858905317,2.513,2513,2,115.566,508489.87,153.935,1917616.079,0.838183473
169.021587247,0.221,221,2,115.787,508506.254,154.156,1930582.771,0.16268193
170.022484847,0.221,221,2,116.008,508522.638,154.377,1944078.047,1.0008976
171.023393971,0.221,221,2,116.229,508539.022,154.598,1957507.25,1.000909124
172.024253298,0.221,221,2,116.45,508555.406,154.819,1970672.161,1.000859327
173.025125826,0.221,221,2,116.671,508571.79,155.04,1984035.291,1.000872528
174.026041864,0.221,221,2,116.892,508588.174,155.261,1997398.421,1.000916038
165.42782026,0.152,152,9,3.192,1496073.229,155.482,2005401.446,0
175.026891413,0.221,221,2,117.113,508596.366,155.634,2005558.075,9.599071153
175.669551978,2.538,2538,2,119.651,508661.902,158.172,2005623.611,0.642660565
165.426342069,0.144,144,8,3.928,540.672,159.747,2005639.995,0
175.682452082,0.23,230,8,4.158,565.248,159.977,2005664.571,10.256110013
175.625879385,0.152,152,9,3.344,1496229.858,160.121,2005672.763,0
175.675353973,1.575,1575,2,121.226,508670.094,160.273,2010048.718,0.049474588
176.027812201,0.221,221,2,121.447,508686.478,160.494,2023477.921,0.352458228
177.02870568,0.221,221,2,121.668,508694.67,160.715,2036965.005,1.000893479
178.029609147,0.221,221,2,121.889,508702.862,160.936,2048007.388,1.000903467
178.859622796,2.513,2513,2,124.402,508743.822,163.449,2050360.903,0.830013649
179.030492709,0.221,221,2,124.623,508760.206,163.67,2063856.179,0.170869913
180.031359021,0.221,221,2,124.844,508776.59,163.891,2077219.309,1.000866312
181.032223935,0.221,221,2,125.065,508792.974,164.112,2090582.439,1.000864914
182.033083123,0.221,221,2,125.286,508809.358,164.333,2104011.642,1.000859188
183.034026259,0.221,221,2,125.507,508825.742,164.554,2117242.626,1.000943136
184.034902977,0.221,221,2,125.728,508842.126,164.775,2130605.756,1.000876718
175.686362356,0.152,152,9,3.496,1631884.672,164.996,2141515.993,0
185.035714882,0.221,221,2,125.949,508850.318,165.148,2141609.968,9.349352526
185.896714036,2.538,2538,2,128.487,508883.086,167.686,2141642.736,0.860999154
175.684511213,0.144,144,8,4.302,589.824,169.261,2141659.12,0
185.908521403,0.23,230,8,4.532,614.4,169.491,2141683.696,10.22401019
185.85435837,0.152,152,9,3.648,1631978.647,169.635,2141691.888,0
185.901821459,1.575,1575,2,130.062,508891.278,169.787,2143288.619,0.047463089
186.036664654,0.221,221,2,130.283,508907.662,170.008,2156321.384,0.134843195
187.037615473,0.221,221,2,130.504,508924.046,170.229,2169618.441,1.000950819
188.038491841,0.221,221,2,130.725,508932.238,170.45,2180594.751,1.000876368
188.85835832,2.513,2513,2,133.238,508956.814,172.963,2183064.028,0.819866479
189.03980367,0.221,221,2,133.459,508973.198,173.184,2196625.377,0.18144535
190.040867493,0.221,221,2,133.68,508989.582,173.405,2210252.799,1.001063823
191.041857353,0.221,221,2,133.901,509005.966,173.626,2223880.221,1.00098986
192.042816693,0.221,221,2,134.122,509022.35,173.847,2237507.643,1.00095934
193.043841265,0.221,221,2,134.343,509038.734,174.068,2251068.992,1.001024572
194.044932605,0.221,221,2,134.564,509055.118,174.289,2264696.414,1.00109134
185.912306521,0.152,152,9,3.8,1767629.303,174.51,2277522.768,0
195.046077233,0.221,221,2,134.785,509071.502,174.662,2277787.689,9.133770712
196.047230592,0.221,221,2,135.006,509079.694,174.883,2277795.881,1.001153359
196.059805446,2.538,2538,2,137.544,509104.27,177.421,2277820.457,0.012574854
185.910021803,0.144,144,8,4.676,638.976,178.996,2277836.841,0
196.070935213,0.23,230,8,4.906,663.552,179.226,2277861.417,10.16091341
196.018043222,0.152,152,9,3.952,1767886.032,179.37,2277869.609,0
196.064607523,1.575,1575,2,139.119,509112.462,179.522,2290566.604,0.046564301
197.048254536,0.221,221,2,139.34,509128.846,179.743,2303929.734,0.983647013
198.049223653,0.221,221,2,139.561,509137.038,179.964,2314575.679,1.000969117
198.858506873,2.513,2513,2,142.074,509276.302,182.477,2316631.06,0.80928322
199.050098834,0.221,221,2,142.295,509292.686,182.698,2329729.898,0.191591961
200.051015781,0.221,221,2,142.516,509309.07,182.919,2343093.028,1.000916947
201.051880346,0.221,221,2,142.737,509325.454,183.14,2356588.304,1.000864565
202.052801832,0.221,221,2,142.958,509341.838,183.361,2370083.58,1.000921486
203.053551997,0.221,221,2,143.179,509358.222,183.582,2383578.856,1.000750165
204.05426375,0.221,221,2,143.4,509374.606,183.803,2396677.694,1.000711753
205.055139489,0.221,221,2,143.621,509390.99,184.024,2410239.043,1.000875739
196.073950261,0.152,152,9,4.104,1903536.688,184.245,2413815.177,0
206.056068728,0.221,221,2,143.842,509399.182,184.397,2413971.806,9.982118467
206.365826693,2.538,2538,2,146.38,509464.718,186.935,2414037.342,0.309757965
196.072494909,0.144,144,8,5.05,696.32,188.51,2414061.918,0
206.380990004,0.23,230,8,5.28,712.704,188.74,2414078.302,10.308495095
206.320054462,0.152,152,9,4.256,1903693.317,188.884,2414086.494,0
206.37057192,1.575,1575,2,147.955,509472.91,189.036,2423550.977,0.050517458
207.056954245,0.221,221,2,148.176,509489.294,189.257,2436914.107,0.686382325
208.057925528,0.221,221,2,148.397,509497.486,189.478,2447692.198,1.000971283
208.860212118,2.513,2513,2,150.91,509554.83,191.991,2450392.462,0.80228659
209.058874043,0.221,221,2,151.131,509563.022,192.212,2463020.597,0.198661925
210.059803421,0.221,221,2,151.352,509579.406,192.433,2476648.019,1.000929378
211.066238247,0.221,221,2,151.573,509595.79,192.654,2490143.295,1.006434826
212.067536737,0.221,221,2,151.794,509612.174,192.875,2503572.498,1.00129849
213.06843713,0.221,221,2,152.015,509628.558,193.096,2517067.774,1.000900393
214.069354216,0.221,221,2,152.236,509644.942,193.317,2530166.612,1.000917086
215.070539353,0.221,221,2,152.457,509661.326,193.538,2543463.669,1.001185137
206.384190411,0.152,152,9,4.408,2040141.914,193.759,2550739.891,0
216.071766674,0.221,221,2,152.678,509669.518,193.911,2550844.392,9.687576263
216.665222937,2.538,2538,2,155.216,509685.902,196.449,2550860.776,0.593456263
206.382472176,0.144,144,8,5.424,745.472,198.024,2550885.352,0
216.685034045,0.23,230,8,5.654,761.856,198.254,2550901.736,10.302561869
216.621618439,0.152,152,9,4.56,2040246.415,198.398,2550909.928,0
216.670676424,1.575,1575,2,156.791,509694.094,198.55,2556140.674,0.049057985
217.072850052,0.221,221,2,157.012,509710.478,198.771,2569702.023,0.402173628
218.073872598,0.221,221,2,157.233,509718.67,198.992,2580281.895,1.001022546
218.858920264,2.513,2513,2,159.746,509751.438,201.505,2583287.948,0.785047666
219.074894306,0.221,221,2,159.967,509767.822,201.726,2596651.078,0.215974042
220.076078465,0.221,221,2,160.188,509784.206,201.947,2610080.281,1.001184159
221.076955043,0.221,221,2,160.409,509800.59,202.168,2623509.484,1.000876578
222.077819958,0.221,221,2,160.63,509816.974,202.389,2636938.687,1.000864915
223.078722237,0.221,221,2,160.851,509833.358,202.61,2650500.036,1.000902279
224.079674803,0.221,221,2,161.072,509849.742,202.831,2663863.166,1.000952566
225.080562555,0.221,221,2,161.293,509866.126,203.052,2677226.296,1.000887752
216.688570738,0.152,152,9,4.712,2175897.071,203.273,2686749.0,0
226.081523502,0.221,221,2,161.514,509874.318,203.425,2687003.035,9.392952764
226.837660158,2.538,2538,2,164.052,509894.798,205.963,2687023.515,0.756136656
216.686491214,0.144,144,8,5.798,786.432,207.538,2687039.899,0
226.849083678,0.23,230,8,6.028,811.008,207.768,2687064.475,10.162592464
226.790045654,0.152,152,9,4.864,2176151.106,207.912,2687072.667,0
226.84264047,1.575,1575,2,165.627,509902.99,208.064,2690181.697,0.052594816
227.082889318,0.221,221,2,165.848,509919.374,208.285,2703610.9,0.240248848
228.083921223,0.221,221,2,166.069,509927.566,208.506,2713992.553,1.001031905
228.858798251,2.513,2513,2,168.582,510001.294,211.019,2717171.712,0.774877028
229.084871972,0.221,221,2,168.803,510017.678,211.24,2730534.842,0.226073721
230.085746525,0.221,221,2,169.024,510034.062,211.461,2743369.388,1.000874553
231.086653065,0.221,221,2,169.245,510050.446,211.682,2756600.372,1.00090654
232.088552049,0.221,221,2,169.466,510066.83,211.903,2769765.283,1.001898984
233.089635497,0.221,221,2,169.687,510083.214,212.124,2782798.048,1.001083448
234.090599167,0.221,221,2,169.908,510099.598,212.345,2796227.251,1.00096367
235.091626462,0.221,221,2,170.129,510115.982,212.566,2809722.527,1.001027295
236.092685606,0.221,221,2,170.35,510132.366,212.787,2822821.365,1.001059144
226.852335069,0.152,152,9,5.016,2312190.82,213.008,2823358.141,0
237.093613098,0.221,221,2,170.571,510140.558,213.16,2823752.326,10.241278029
237.183837839,2.538,2538,2,173.109,510238.862,215.698,2823850.63,0.090224741
226.850442999,0.144,144,8,6.172,835.584,217.273,2823867.014,0
237.198377468,0.23,230,8,6.402,860.16,217.503,2823891.59,10.347934469
237.134658471,0.152,152,9,5.168,2312585.005,217.647,2823899.782,0
237.188865993,1.575,1575,2,174.684,510247.054,217.799,2836035.802,0.054207522
238.094564825,0.221,221,2,174.905,510255.246,218.02,2846549.601,0.905698832
238.858752575,2.513,2513,2,177.418,510328.974,220.533,2849926.979,0.76418775
239.095895022,0.221,221,2,177.639,510345.358,220.754,2863554.401,0.237142447
240.097084629,0.221,221,2,177.86,510361.742,220.975,2877313.969,1.001189607
241.098171639,0.221,221,2,178.081,510369.934,221.196,2890668.907,1.00108701
242.098849378,0.221,221,2,178.302,510386.318,221.417,2904164.183,1.000677739
243.099612464,0.221,221,2,178.523,510402.702,221.638,2917857.678,1.000763086
244.100305918,0.221,221,2,178.744,510419.086,221.859,2931419.027,1.000693454
245.100995461,0.221,221,2,178.965,510435.47,222.08,2945112.522,1.000689543
246.101604896,0.221,221,2,179.186,510451.854,222.301,2958739.944,1.000609435
237.201497837,0.152,152,9,5.32,2448071.124,222.522,2959607.085,0
247.102610192,0.221,221,2,179.407,510460.046,222.674,2959812.417,9.901112355
247.204745317,2.538,2538,2,181.945,510492.814,225.212,2959845.185,0.102135125
237.200072516,0.144,144,8,6.546,884.736,226.787,2959861.569,0
247.216208227,0.23,230,8,6.776,909.312,227.017,2959886.145,10.016135711
247.168100503,0.152,152,9,5.472,2448276.456,227.161,2959894.337,0
247.209893248,1.575,1575,2,183.52,510501.006,227.313,2972023.169,0.041792745
248.103652084,0.221,221,2,183.741,510509.198,227.534,2982338.749,0.893758836
248.858640271,2.513,2513,2,186.254,510541.966,230.047,2985807.313,0.754988187
249.104561837,0.221,221,2,186.475,510558.35,230.268,2999500.808,0.245921566
250.105471659,0.221,221,2,186.696,510574.734,230.489,3013260.376,1.000909822
251.106462218,0.221,221,2,186.917,510591.118,230.71,3027019.944,1.000990559
252.107577304,0.221,221,2,187.138,510607.502,230.931,3040713.439,1.001115086
253.108594892,0.221,221,2,187.359,510623.886,231.152,3054406.934,1.001017588
254.109592854,0.221,221,2,187.58,510640.27,231.373,3067968.283,1.000997962
255.110555686,0.221,221,2,187.801,510656.654,231.594,3081661.778,1.000962832
256.111613921,0.221,221,2,188.022,510673.038,231.815,3095355.273,1.001058235
247.220283117,0.152,152,9,5.624,2584085.752,232.036,3095892.049,0
257.112583667,0.221,221,2,188.243,510681.23,232.188,3096199.928,9.89230055
257.18818525,2.538,2538,2,190.781,510701.71,234.726,3096220.408,0.075601583
247.218022285,0.144,144,8,6.92,925.696,236.301,3096228.6,0
257.197943125,0.14,140,8,7.06,942.08,236.441,3096244.984,9.97992084
257.152672773,0.152,152,9,5.776,2584393.631,236.585,3096253.176,0
257.193627632,1.575,1575,2,192.356,510709.902,236.737,3108976.665,0.040954859
258.113829077,0.221,221,2,192.577,510718.094,236.958,3119160.099,0.920201445
258.858775833,2.513,2513,2,195.09,510857.358,239.471,3122867.305,0.744946756
259.114972798,0.221,221,2,195.311,510873.742,239.692,3136362.581,0.256196965
260.116542271,0.221,221,2,195.532,510890.126,239.913,3150122.149,1.001569473
261.117454887,0.221,221,2,195.753,510906.51,240.134,3163749.571,1.000912616
262.118317986,0.221,221,2,195.974,510922.894,240.355,3177376.993,1.000863099
263.119200291,0.221,221,2,196.195,510939.278,240.576,3190872.269,1.000882305
264.120031053,0.221,221,2,196.416,510955.662,240.797,3204433.618,1.000830762
265.120844145,0.221,221,2,196.637,510972.046,241.018,3218127.113,1.000813092
266.121669879,0.221,221,2,196.858,510988.43,241.239,3231952.754,1.000825734
257.200954821,0.152,152,9,5.928,2720202.927,241.46,3232357.384,0
267.122476895,0.221,221,2,197.079,510996.622,241.612,3232544.282,9.921522074
267.190065238,2.538,2538,2,199.617,511062.158,244.15,3232609.818,0.067588343
257.199552199,0.144,144,8,7.204,958.464,245.725,3232618.01,0
267.198196021,0.14,140,8,7.344,974.848,245.865,3232634.394,9.998643822
267.15392866,0.152,152,9,6.08,2720389.825,246.009,3232642.586,0
267.194396585,1.575,1575,2,201.192,511070.35,246.161,3244711.029,0.040467925
268.123298508,0.221,221,2,201.413,511078.542,246.382,3254828.39,0.928901923
268.859945605,2.513,2513,2,203.926,511135.886,248.895,3258519.749,0.736647097
269.12410294,0.221,221,2,204.147,511152.27,249.116,3271816.806,0.264157335
270.12490786,0.221,221,2,204.368,511168.654,249.337,3285444.228,1.00080492
271.125485797,0.221,221,2,204.589,511185.038,249.558,3298741.285,1.000577937
272.126195664,0.221,221,2,204.81,511201.422,249.779,3312434.78,1.000709867
273.126825632,0.221,221,2,205.031,511209.614,250.0,3325723.645,1.000629968
274.127531378,0.221,221,2,205.252,511225.998,250.221,3339417.14,1.000705746
275.128369614,0.221,221,2,205.473,511242.382,250.442,3352978.489,1.000838236
276.129254014,0.221,221,2,205.694,511258.766,250.663,3366539.838,1.0008844
267.201011044,0.152,152,9,6.232,2855940.513,250.884,3368398.074,0
277.130061309,0.221,221,2,205.915,511266.958,251.036,3368554.703,9.929050265
277.319694642,2.538,2538,2,208.453,511283.342,253.574,3368571.087,0.189633333
267.199498561,0.144,144,8,7.488,1007.616,255.149,3368595.663,0
277.337453255,0.23,230,8,7.718,1024.0,255.379,3368612.047,10.137954694
277.283669739,0.152,152,9,6.384,2856097.142,255.523,3368620.239,0
277.324591424,1.575,1575,2,210.028,511291.534,255.675,3379401.117,0.040921685
278.130907087,0.221,221,2,210.249,511299.726,255.896,3389122.04,0.806315663
278.859581173,2.513,2513,2,212.762,511324.302,258.409,3392846.704,0.728674086
279.131757754,0.221,221,2,212.983,511340.686,258.63,3406408.053,0.272176581
280.132559742,0.221,221,2,213.204,511357.07,258.851,3418846.161,1.000801988
281.133388059,0.221,221,2,213.425,511373.454,259.072,3430887.831,1.000828317
282.134295647,0.221,221,2,213.646,511389.838,259.293,3444118.815,1.000907588
283.135173412,0.221,221,2,213.867,511406.222,259.514,3457812.31,1.000877765
284.136133939,0.221,221,2,214.088,511422.606,259.735,3471505.805,1.000960527
285.136994663,0.221,221,2,214.309,511438.99,259.956,3485331.446,1.000860724
286.137683438,0.221,221,2,214.53,511455.374,260.177,3499223.16,1.000688775
277.340173014,0.152,152,9,6.536,2991747.798,260.398,3504451.119,0
287.138307051,0.221,221,2,214.751,511463.566,260.55,3504607.748,9.798134037
287.586532136,2.538,2538,2,217.289,511479.95,263.088,3504624.132,0.448225085
277.338820049,0.144,144,8,7.862,1056.768,264.663,3504648.708,0
287.600197212,0.23,230,8,8.092,1073.152,264.893,3504665.092,10.261377163
287.549089316,0.152,152,9,6.688,2991904.427,265.037,3504673.284,0
287.591470823,1.575,1575,2,218.864,511488.142,265.189,3512186.105,0.042381507
288.139060149,0.221,221,2,219.085,511496.334,265.41,3522039.174,0.547589326
288.858419364,2.513,2513,2,221.598,511570.062,267.923,3525812.99,0.719359215
289.139929394,0.221,221,2,221.819,511586.446,268.144,3539374.339,0.28151003
290.140745629,0.221,221,2,222.04,511602.83,268.365,3553001.761,1.000816235
291.141541191,0.221,221,2,222.261,511619.214,268.586,3566893.475,1.000795562
292.142365947,0.221,221,2,222.482,511635.598,268.807,3580785.189,1.000824756
293.143190842,0.221,221,2,222.703,511651.982,269.028,3594544.757,1.000824895
294.144019858,0.221,221,2,222.924,511668.366,269.249,3608040.033,1.000829016
295.144773725,0.221,221,2,223.145,511684.75,269.47,3621865.674,1.000753867
296.145454189,0.221,221,2,223.366,511701.134,269.691,3635757.388,1.000680464
287.603226577,0.152,152,9,6.84,3127788.895,269.912,3640787.128,0
297.146071935,0.221,221,2,223.587,511709.326,270.064,3640992.46,9.542845358
297.544674649,2.538,2538,2,226.125,511774.862,272.602,3641057.996,0.398602714
287.601812152,0.144,144,8,8.236,1089.536,274.177,3641066.188,0
297.553109869,0.14,140,8,8.376,1105.92,274.317,3641082.572,9.951297717
297.510665156,0.152,152,9,6.992,3127994.227,274.461,3641090.764,0
297.549222014,1.575,1575,2,227.7,511783.054,274.613,3649387.684,0.038556858
298.146813789,0.221,221,2,227.921,511791.246,274.834,3658910.388,0.597591775
298.858232679,2.513,2513,2,230.434,511824.014,277.347,3662775.39,0.71141889
299.14764525,0.221,221,2,230.655,511848.59,277.568,3675485.982,0.289412571
300.148461694,0.221,221,2,230.876,511864.974,277.789,3689113.404,1.000816444
301.149298253,0.221,221,2,231.097,511881.358,278.01,3702476.534,1.000836559
302.150159676,0.221,221,2,231.318,511897.742,278.231,3716236.102,1.000861423
303.150728323,0.221,221,2,231.539,511914.126,278.452,3729599.232,1.000568647
304.151240959,0.221,221,2,231.76,511930.51,278.673,3743358.8,1.000512636
305.151827975,0.221,221,2,231.981,511938.702,278.894,3756449.446,1.000587016
306.152559772,0.221,221,2,232.202,511955.086,279.115,3769746.503,1.000731797
297.555467082,0.152,152,9,7.144,3263605.626,279.336,3776890.579,0
307.153328026,0.221,221,2,232.423,511963.278,279.488,3776984.554,9.597860944
307.708353354,2.538,2538,2,234.961,512012.43,282.026,3777033.706,0.555025328
297.554347247,0.144,144,8,8.52,1138.688,283.601,3777058.282,0
307.721148068,0.23,230,8,8.75,1155.072,283.831,3777074.666,10.166800821
307.671508655,0.152,152,9,7.296,3263699.601,283.975,3777082.858,0
307.713359857,1.575,1575,2,236.536,512020.622,284.127,3782974.334,0.041851202
308.154101727,0.221,221,2,236.757,512028.814,284.348,3792629.184,0.44074187
308.859212761,2.513,2513,2,239.27,512069.774,286.861,3796766.67,0.705111034
309.154907417,0.221,221,2,239.491,512086.158,287.082,3810460.165,0.295694656
310.155754312,0.221,221,2,239.712,512102.542,287.303,3824021.514,1.000846895
311.156571106,0.221,221,2,239.933,512118.926,287.524,3837847.155,1.000816794
312.157407036,0.221,221,2,240.154,512135.31,287.745,3851540.65,1.00083593
313.158205392,0.221,221,2,240.375,512151.694,287.966,3865234.145,1.000798356
314.159040764,0.221,221,2,240.596,512168.078,288.187,3878663.348,1.000835372
315.159889335,0.221,221,2,240.817,512184.462,288.408,3892158.624,1.000848571
316.160596129,0.221,221,2,241.038,512200.846,288.629,3906116.411,1.000706794
307.725179656,0.152,152,9,7.448,3399350.257,288.85,3912930.122,0
317.161369481,0.221,221,2,241.259,512209.038,289.002,3913184.157,9.436189825
317.694236545,2.538,2538,2,243.797,512233.614,291.54,3913208.733,0.532867064
307.723216417,0.144,144,8,8.894,1171.456,293.115,3913216.925,0
317.702999112,0.14,140,8,9.034,1187.84,293.255,3913233.309,9.979782695
317.660748977,0.152,152,9,7.6,3399604.292,293.399,3913241.501,0
317.699104692,1.575,1575,2,245.372,512241.806,293.551,3919331.196,0.038355715
318.163208263,0.221,221,2,245.593,512249.998,293.772,3928787.827,0.464103571
318.858105149,2.513,2513,2,248.106,512389.262,296.285,3932759.325,0.694896886
319.164038815,0.221,221,2,248.327,512405.646,296.506,3946452.82,0.305933666
320.164884943,0.221,221,2,248.548,512422.03,296.727,3960212.388,1.000846128
321.165767387,0.221,221,2,248.769,512438.414,296.948,3974236.248,1.000882444
322.166643406,0.221,221,2,248.99,512454.798,297.169,3988194.035,1.000876019
323.167544289,0.221,221,2,249.211,512471.182,297.39,4002217.895,1.000900883
324.168321064,0.221,221,2,249.432,512487.566,297.611,4015911.39,1.000776775
325.169059286,0.221,221,2,249.653,512503.95,297.832,4029869.177,1.000738222
326.169747572,0.221,221,2,249.874,512520.334,298.053,4043694.818,1.000688286
317.705615855,0.152,152,9,7.752,3535254.948,298.274,4049187.069,0
327.170398284,0.221,221,2,250.095,512528.526,298.426,4049441.104,9.464782429
327.601766267,2.538,2538,2,252.633,512594.062,300.964,4049506.64,0.431367983
317.704468363,0.144,144,8,9.178,1204.224,302.539,4049514.832,0
327.56914934,0.152,152,9,7.904,3535508.983,302.823,4049539.408,9.864680977
327.606526579,1.575,1575,2,254.208,512602.254,302.975,4057016.636,0.037377239
328.171153827,0.221,221,2,254.429,512610.446,303.196,4066010.756,0.564627248
328.858461409,2.513,2513,2,256.942,512651.406,305.709,4069619.658,0.687307582
329.171984379,0.221,221,2,257.163,512667.79,305.93,4082454.204,0.31352297
330.172745789,0.221,221,2,257.384,512684.174,306.151,4095354.823,1.00076141
331.173558741,0.221,221,2,257.605,512700.558,306.372,4108321.515,1.000812952
332.174333561,0.221,221,2,257.826,512716.942,306.593,4121552.499,1.00077482
333.175102653,0.221,221,2,258.047,512733.326,306.814,4134585.264,1.000769092
334.175890393,0.221,221,2,258.268,512749.71,307.035,4147882.321,1.00078774
335.176704602,0.221,221,2,258.489,512766.094,307.256,4160716.867,1.000814209
336.177578945,0.221,221,2,258.71,512782.478,307.477,4172758.537,1.000874343
337.178366895,0.221,221,2,258.931,512790.67,307.698,4183941.258,1.00078795
327.612416155,0.152,152,9,8.056,3671093.566,307.919,4185336.983,0
338.17938099,0.221,221,2,259.152,512798.862,308.071,4185430.958,10.566964835
338.329393153,2.538,2538,2,261.69,512831.63,310.609,4185463.726,0.150012163
327.610361564,0.284,140,8,9.462,1245.184,312.184,4185480.11,0
338.341514038,0.23,230,8,9.692,1269.76,312.414,4185504.686,10.731152474
338.283550312,0.152,152,9,8.208,3671187.541,312.558,4185512.878,0
338.334222189,1.575,1575,2,263.265,512831.63,312.71,4192453.33,0.050671877
338.858383048,2.513,2513,2,265.778,512864.398,315.223,4196714.77,0.524160859
339.180313162,0.221,221,2,265.999,512880.782,315.444,4209218.951,0.321930114
340.181089238,0.221,221,2,266.22,512897.166,315.665,4221657.059,1.000776076
341.181936623,0.221,221,2,266.441,512913.55,315.886,4235086.262,1.000847385
342.18270369,0.221,221,2,266.662,512929.934,316.107,4247854.735,1.000767067
343.183567137,0.221,221,2,266.883,512946.318,316.328,4261151.792,1.000863447
344.184592547,0.221,221,2,267.104,512962.702,316.549,4273788.119,1.00102541
345.185399703,0.221,221,2,267.325,512979.086,316.77,4286556.592,1.000807156
346.186243595,0.221,221,2,267.546,512995.47,316.991,4299919.722,1.000843892
347.187053544,0.221,221,2,267.767,513011.854,317.212,4312952.487,1.000809949
338.343731499,0.152,152,9,8.36,3806838.197,317.433,4321351.95,0
348.187873551,0.221,221,2,267.988,513020.046,317.585,4321445.925,9.844142052
348.858900782,2.513,2513,2,270.501,513028.238,320.098,4321454.117,0.671027231
348.877098487,2.538,2538,2,273.039,513040.526,322.636,4321466.405,0.018197705
338.34263087,0.144,144,8,9.836,1294.336,324.211,4321482.789,0
348.888512927,0.23,230,8,10.066,1318.912,324.441,4321507.365,10.545882057
348.833877837,0.152,152,9,8.512,3806932.172,324.585,4321515.557,0
348.881248595,1.575,1575,2,274.614,513048.718,324.737,4325463.531,0.047370758
349.188650605,0.221,221,2,274.835,513065.102,324.958,4336646.252,0.30740201
350.189423818,0.221,221,2,275.056,513081.486,325.179,4349745.09,1.000773213
351.190230834,0.221,221,2,275.277,513097.87,325.4,4363108.22,1.000807016
352.191011869,0.221,221,2,275.498,513114.254,325.621,4376603.496,1.000781035
353.191802333,0.221,221,2,275.719,513130.638,325.842,4390098.772,1.000790464
354.192615984,0.221,221,2,275.94,513147.022,326.063,4403263.683,1.000813651
355.193398555,0.221,221,2,276.161,513163.406,326.284,4416362.521,1.000782571
356.194046054,0.221,221,2,276.382,513179.79,326.505,4429461.359,1.000647499
357.194557781,0.221,221,2,276.603,513196.174,326.726,4442890.562,1.000511727
358.195242645,0.221,221,2,276.824,513204.366,326.947,4451488.244,1.000684864
358.858150547,2.513,2513,2,279.337,513343.63,329.46,4456186.545,0.662907902
348.890822718,0.152,152,9,8.664,3942621.516,329.681,4457516.197,0
359.196008315,0.221,221,2,279.558,513351.822,329.833,4457672.826,10.305185597
359.34509983,2.538,2538,2,282.096,513417.358,332.371,4457738.362,0.149091515
348.889703092,0.144,144,8,10.21,1343.488,333.946,4457754.746,0
359.300266894,0.152,152,9,8.816,3942778.145,334.32,4457787.514,10.410563802
359.349228427,1.575,1575,2,283.671,513425.55,334.472,4468334.749,0.048961533
360.196804575,0.221,221,2,283.892,513441.934,334.693,4481830.025,0.847576148
361.197616271,0.221,221,2,284.113,513458.318,334.914,4494994.936,1.000811696
362.198425312,0.221,221,2,284.334,513474.702,335.135,4508225.92,1.000809041
363.199274023,0.221,221,2,284.555,513491.086,335.356,4521390.831,1.000848711
364.2000633,0.221,221,2,284.776,513507.47,335.577,4534489.669,1.000789277
365.200881979,0.221,221,2,284.997,513523.854,335.798,4547984.945,1.000818679
366.201554761,0.221,221,2,285.218,513532.046,336.019,4561273.81,1.000672782
367.20246591,0.221,221,2,285.439,513556.622,336.24,4574579.059,1.000911149
368.206354882,0.221,221,2,285.66,513564.814,336.461,4583308.887,1.003888972
368.858234845,2.513,2513,2,288.173,513622.158,338.974,4588057.414,0.651879963
359.356514899,0.152,152,9,8.968,4078789.815,339.195,4594003.984,0
369.207288241,0.221,221,2,288.394,513622.158,339.347,4594258.019,9.850773342
369.694875664,2.538,2538,2,290.932,513654.926,341.885,4594290.787,0.487587423
359.354575406,0.374,230,8,10.584,1392.64,343.46,4594307.171,0
369.705188707,0.23,230,8,10.814,1417.216,343.69,4594331.747,10.350613301
369.652238818,0.152,152,9,9.12,4079043.85,343.834,4594339.939,0
369.699223982,1.575,1575,2,292.507,513663.118,343.986,4600126.085,0.046985164
370.20815134,0.221,221,2,292.728,513671.31,344.207,4613547.096,0.508927358
371.208908908,0.221,221,2,292.949,513695.886,344.428,4626786.272,1.000757568
372.209656559,0.221,221,2,293.17,513712.27,344.649,4639819.037,1.000747651
373.210393524,0.221,221,2,293.391,513728.654,344.87,4653314.313,1.000736965
374.21112588,0.221,221,2,293.612,513745.038,345.091,4666809.589,1.000732356
375.211870388,0.221,221,2,293.833,513761.422,345.312,4679181.624,1.000744508
376.212555531,0.221,221,2,294.054,513777.806,345.533,4690628.637,1.000685143
377.213260649,0.221,221,2,294.275,513794.19,345.754,4703859.621,1.000705118
378.214111246,0.221,221,2,294.496,513802.382,345.975,4712325.157,1.000850597
378.859806275,2.513,2513,2,297.009,513876.11,348.488,4716957.922,0.645695029
379.214913443,0.221,221,2,297.23,513892.494,348.709,4728999.592,0.355107168
369.7084438,0.152,152,9,9.272,4214721.322,348.93,4730263.171,0
380.215686097,0.221,221,2,297.451,513900.686,349.082,4730357.146,10.507242297
380.370477569,2.581,2581,2,300.032,513998.99,351.663,4730455.45,0.154791472
369.706594333,0.144,144,8,10.958,1449.984,353.238,4730480.026,0
380.383167101,0.23,230,8,11.188,1466.368,353.468,4730496.41,10.676572768
380.324388956,0.152,152,9,9.424,4214815.297,353.612,4730504.602,0
380.376160484,1.575,1575,2,301.607,514007.182,353.764,4741592.532,0.051771528
381.216427602,0.221,221,2,301.828,514023.566,353.985,4754823.516,0.840267118
382.217165266,0.221,221,2,302.049,514039.95,354.206,4766799.113,1.000737664
383.217909494,0.221,221,2,302.27,514056.334,354.427,4778444.345,1.000744228
384.218665945,0.221,221,2,302.491,514072.718,354.648,4790882.453,1.000756451
385.219396345,0.221,221,2,302.712,514089.102,354.869,4803981.291,1.0007304
386.220210765,0.221,221,2,302.933,514105.486,355.09,4817014.056,1.00081442
387.221175901,0.221,221,2,303.154,514121.87,355.311,4829253.945,1.000965136
388.222472435,0.221,221,2,303.375,514130.062,355.532,4835935.51,1.001296534
388.859607227,2.513,2513,2,305.888,514203.79,358.045,4840700.421,0.637134792
389.223345591,0.221,221,2,306.109,514220.174,358.266,4853667.113,0.363738364
380.38589133,0.152,152,9,9.576,4350376.567,358.487,4866295.248,0
390.224070683,0.221,221,2,306.33,514236.558,358.639,4866385.831,9.838179353
391.224814004,0.221,221,2,306.551,514244.75,358.86,4866394.023,1.000743321
391.249980891,2.538,2538,2,309.089,514277.518,361.398,4866426.791,0.025166887
380.384553381,0.144,144,8,11.332,1490.944,362.973,4866443.175,0
391.260846239,0.23,230,8,11.562,1515.52,363.203,4866467.751,10.876292858
391.188548568,0.152,152,9,9.728,4350458.958,363.348,4866475.943,0
391.25441267,1.575,1575,2,310.664,514285.71,363.5,4879701.522,0.065864102
392.225552506,0.221,221,2,310.885,514302.094,363.721,4893328.944,0.971139836
393.226282347,0.221,221,2,311.106,514318.478,363.942,4906824.22,1.000729841
394.227082798,0.221,221,2,311.327,514334.862,364.163,4919592.693,1.000800451
395.227897497,0.221,221,2,311.548,514351.246,364.384,4932559.385,1.000814699
396.228633414,0.221,221,2,311.769,514367.63,364.605,4946120.734,1.000735917
397.229304729,0.221,221,2,311.99,514384.014,364.826,4959682.083,1.000671315
398.229962843,0.221,221,2,312.211,514392.206,365.047,4968213.692,1.000658114
398.859367043,2.513,2513,2,314.724,514416.782,367.56,4973259.816,0.6294042
399.230694291,0.221,221,2,314.945,514433.166,367.781,4986226.508,0.371327248
400.23146897,0.221,221,2,315.166,514449.55,368.002,4999589.638,1.000774679
391.263562996,0.152,152,9,9.88,4486043.541,368.223,5002306.823,0
401.232121498,0.221,221,2,315.387,514449.55,368.375,5002463.934,9.968558502
401.47829554,2.538,2538,2,317.925,514457.742,370.913,5002472.126,0.246174042
402.232840933,0.221,221,2,318.146,514474.126,371.134,5002488.51,0.754545393
403.233415168,0.221,221,2,318.367,514490.51,371.355,5002504.894,1.000574235
404.233877796,0.221,221,2,318.588,514506.894,371.576,5002521.278,1.000462628
405.234374927,0.221,221,2,318.809,514523.278,371.797,5002537.662,1.000497131
406.234860533,0.221,221,2,319.03,514539.662,372.018,5002554.046,1.000485606
407.235325606,0.221,221,2,319.251,514556.046,372.239,5002570.43,1.000465073
408.235863245,0.221,221,2,319.472,514564.238,372.46,5002578.622,1.000537639
408.864683851,0.339,339,2,319.811,514588.814,372.799,5002605.246,0.628820606
409.236498591,0.221,221,2,320.032,514605.198,373.02,5002623.646,0.37181474
410.237845829,0.221,221,2,320.253,514621.582,373.241,5002640.03,1.001347238
411.238509321,0.221,221,2,320.474,514637.966,373.462,5002656.414,1.000663492
412.239098083,0.221,221,2,320.695,514654.35,373.683,5002672.798,1.000588762
413.240024947,0.221,221,2,320.916,514670.734,373.904,5002689.182,1.000926864
414.240590522,0.221,221,2,321.137,514687.118,374.125,5002705.566,1.000565575
415.241064674,0.221,221,2,321.358,514703.502,374.346,5002721.95,1.000474152
416.241546579,0.221,221,2,321.579,514719.886,374.567,5002738.334,1.000481905
417.242012211,0.221,221,2,321.8,514736.27,374.788,5002754.718,1.000465632
418.24247484,0.221,221,2,322.021,514744.462,375.009,5002762.91,1.000462629
418.857667316,0.339,339,2,322.36,514760.846,375.348,5002779.294,0.615192476
419.242989919,0.221,221,2,322.581,514777.23,375.569,5002795.678,0.385322603
420.24350004,0.221,221,2,322.802,514793.614,375.79,5002812.062,1.000510121
421.24396637,0.221,221,2,323.023,514809.998,376.011,5002828.446,1.00046633
422.244434028,0.221,221,2,323.244,514826.382,376.232,5002844.83,1.000467658
423.244909926,0.221,221,2,323.465,514842.766,376.453,5002861.214,1.000475898
424.245411806,0.221,221,2,323.686,514859.15,376.674,5002877.598,1.00050188
425.245949723,0.221,221,2,323.907,514875.534,376.895,5002893.982,1.000537917
426.246451742,0.221,221,2,324.128,514891.918,377.116,5002910.366,1.000502019
427.246918561,0.221,221,2,324.349,514908.302,377.337,5002926.75,1.000466819
428.247387825,0.221,221,2,324.57,514916.494,377.558,5002934.942,1.000469264
428.857405342,0.339,339,2,324.909,514928.782,377.897,5002947.23,0.610017517
429.247892289,0.221,221,2,325.13,514945.166,378.118,5002963.614,0.390486947
430.248400663,0.221,221,2,325.351,514961.55,378.339,5002979.998,1.000508374
431.248891368,0.221,221,2,325.572,514977.934,378.56,5002996.382,1.000490705
432.249384937,0.221,221,2,325.793,514994.318,378.781,5003012.766,1.000493569
433.249854969,0.221,221,2,326.014,515010.702,379.002,5003029.15,1.000470032
434.250347489,0.221,221,2,326.235,515027.086,379.223,5003045.534,1.00049252
435.250806207,0.221,221,2,326.456,515043.47,379.444,5003061.918,1.000458718
436.251299007,0.221,221,2,326.677,515059.854,379.665,5003078.302,1.0004928
437.25184349,0.221,221,2,326.898,515076.238,379.886,5003094.686,1.000544483
438.252366322,0.221,221,2,327.119,515084.43,380.107,5003104.766,1.000522832
438.857559971,0.339,339,2,327.458,515093.646,380.446,5003113.982,0.605193649
439.253011306,0.221,221,2,327.679,515110.03,380.667,5003130.366,0.395451335
440.25353735,0.221,221,2,327.9,515126.414,380.888,5003146.75,1.000526044
441.254042093,0.221,221,2,328.121,515142.798,381.109,5003163.134,1.000504743
442.25466424,0.221,221,2,328.342,515159.182,381.33,5003179.518,1.000622147
443.255248113,0.221,221,2,328.563,515175.566,381.551,5003195.902,1.000583873
444.255772202,0.221,221,2,328.784,515191.95,381.772,5003212.286,1.000524089
445.256265002,0.221,221,2,329.005,515208.334,381.993,5003228.67,1.0004928
446.256750678,0.221,221,2,329.226,515224.718,382.214,5003245.054,1.000485676
447.257234469,0.221,221,2,329.447,515241.102,382.435,5003262.766,1.000483791
448.258126831,0.221,221,2,329.668,515249.294,382.656,5003270.958,1.000892362
448.857541184,0.339,339,2,330.007,515259.022,382.995,5003280.686,0.599414353
449.260119403,0.221,221,2,330.228,515275.406,383.216,5003297.07,0.402578219
450.260622889,0.221,221,2,330.449,515291.79,383.437,5003313.454,1.000503486
451.261117435,0.221,221,2,330.67,515308.174,383.658,5003329.838,1.000494546
452.261609536,0.221,221,2,330.891,515324.558,383.879,5003346.222,1.000492101
453.262113791,0.221,221,2,331.112,515340.942,384.1,5003362.606,1.000504255
454.262609245,0.221,221,2,331.333,515357.326,384.321,5003378.99,1.000495454
455.263158546,0.221,221,2,331.554,515373.71,384.542,5003395.374,1.000549301
456.26365421,0.221,221,2,331.775,515390.094,384.763,5003411.758,1.000495664
457.264177112,0.221,221,2,331.996,515406.478,384.984,5003428.142,1.000522902
458.264686394,0.221,221,2,332.217,515414.67,385.205,5003436.334,1.000509282
458.857426994,0.339,339,2,332.556,515423.87,385.544,5003445.534,0.5927406
459.265229829,0.221,221,2,332.777,515440.254,385.765,5003461.918,0.407802835
460.26573136,0.221,221,2,332.998,515456.638,385.986,5003478.302,1.000501531
461.26621089,0.221,221,2,333.219,515473.022,386.207,5003494.686,1.00047953
462.266691049,0.221,221,2,333.44,515489.406,386.428,5003511.07,1.000480159
463.2671747,0.221,221,2,333.661,515505.79,386.649,5003527.454,1.000483651
464.267704935,0.221,221,2,333.882,515522.174,386.87,5003543.838,1.000530235
465.268187678,0.221,221,2,334.103,515530.366,387.091,5003552.03,1.000482743
466.268706459,0.221,221,2,334.324,515546.75,387.312,5003568.414,1.000518781
467.269197513,0.221,221,2,334.545,515563.134,387.533,5003584.798,1.000491054
468.269682211,0.221,221,2,334.766,515571.326,387.754,5003595.486,1.000484698
468.857494111,0.339,339,2,335.105,515580.494,388.093,5003604.654,0.5878119
469.270469812,0.221,221,2,335.326,515597.614,388.314,5003621.774,0.412975701
469.654107703,1.575,1575,2,336.901,515597.614,389.889,5003621.774,0.383637891
469.664266607,0.286,286,2,337.187,515598.638,390.175,5003626.894,0.010158904
469.674158717,0.189,189,2,337.376,515599.662,390.364,5003627.918,0.00989211000001
469.694318822,0.249,249,2,337.625,515600.686,390.613,5003628.942,0.020160105
59.093954058,25.669,25669,3,25.669,8.64,390.727,5003630.958,0
469.730025248,0.215,215,3,25.884,893.376,391.33,5004528.974,410.63607119
469.706663129,0.114,114,2,337.739,515609.87,391.704,5159532.894,0
470.271281926,0.221,221,2,337.96,515626.254,391.925,5526728.43,0.564618797
471.27233171,0.221,221,2,338.181,515642.638,392.146,5536042.734,1.001049784
472.273421444,0.221,221,2,338.402,515659.022,392.367,5536059.118,1.001089734
473.274183273,0.221,221,2,338.623,515675.406,392.588,5536075.502,1.000761829
474.275010194,0.221,221,2,338.844,515691.79,392.809,5536091.886,1.000826921
475.275883629,0.221,221,2,339.065,515708.174,393.03,5536108.27,1.000873435
476.276500048,0.221,221,2,339.286,515724.558,393.251,5536124.654,1.000616419
477.277213756,0.221,221,2,339.507,515740.942,393.472,5536141.038,1.000713708
478.277994582,0.221,221,2,339.728,515749.134,393.693,5536149.23,1.000780826
478.859674696,2.513,2513,2,342.241,515758.302,396.206,5536158.398,0.581680114
479.278773731,0.221,221,2,342.462,515774.686,396.427,5536174.782,0.419099035
480.279566499,0.221,221,2,342.683,515791.07,396.648,5536191.166,1.000792768
481.280326023,0.221,221,2,342.904,515807.454,396.869,5536207.55,1.000759524
482.281133947,0.221,221,2,343.125,515823.838,397.09,5536223.934,1.000807924
469.733702043,0.158,158,7,0.158,68547.584,397.311,5536232.126,0
483.281900525,0.221,221,2,343.346,515840.222,397.542,5602185.918,13.548198482
484.282639306,0.221,221,2,343.567,515856.606,397.763,5602202.302,1.000738781
469.738540647,0.188,188,3,26.072,243814.848,397.984,5602210.494,0
485.283458196,0.221,221,2,343.788,515872.99,398.213,5647766.206,15.544917549
486.284200678,0.221,221,2,344.009,515889.374,398.434,5664954.43,1.000742482
487.284961599,0.221,221,2,344.23,515905.758,398.655,5664972.606,1.000760921
488.285885669,0.221,221,2,344.451,515922.142,398.876,5664988.99,1.00092407
469.73818271,0.416,230,4,0.416,220019.84,399.097,5664997.182,0
489.28666845,0.221,221,2,344.672,515930.334,399.285,5664997.182,19.54848574
489.606695669,2.513,2513,2,347.185,515939.47,401.798,5749170.926,0.320027219
490.287393682,0.221,221,2,347.406,515955.854,402.019,5749187.31,0.680698013
483.644883067,0.231,231,7,0.389,134493.184,402.24,5749196.638,0
491.288159632,0.221,221,2,347.627,515972.238,402.428,5810480.99,7.643276565
492.288960851,0.221,221,2,347.848,515988.622,402.649,5810497.374,1.000801219
491.835210273,0.188,188,7,0.577,195769.344,402.87,5810505.566,0
493.2897004,0.221,221,2,348.069,516005.006,403.056,5812678.206,1.454490127
494.290416623,0.221,221,2,348.29,516021.39,403.277,5876100.67,1.000716223
495.292865747,0.221,221,2,348.511,516037.774,403.498,5876118.286,1.002449124
496.293824109,0.221,221,2,348.732,516054.158,403.719,5876136.142,1.000958362
489.606694551,0.188,188,4,0.604,304185.584,403.94,5876136.142,0
497.296563564,0.221,221,2,348.953,516062.35,404.136,5958883.534,7.689869013
498.297332516,0.221,221,2,349.174,516070.542,404.357,5958891.726,1.000768952
498.858558773,2.513,2513,2,351.687,516079.646,406.87,5958900.83,0.561226257
499.298089665,0.221,221,2,351.908,516096.03,407.091,5958917.214,0.439530892
500.298840389,0.221,221,2,352.129,516112.414,407.498,6013305.95,1.000750724
501.29960152,0.221,221,2,352.35,516128.798,407.719,6022399.07,1.000761131
501.083545274,0.186,186,5,0.186,63456.368,407.94,6022407.262,0
502.300400085,0.221,221,2,352.571,516145.182,408.117,6058034.27,1.216854811
503.302128866,0.221,221,2,352.792,516161.566,408.338,6068539.486,1.001728781
504.30306439,0.221,221,2,353.013,516177.95,408.559,6068555.87,1.000935524
505.303793952,0.221,221,2,353.234,516194.334,408.78,6068572.254,1.000729562
486.108115926,0.229,229,3,26.301,306537.2,409.001,6068581.774,0
506.304338086,0.221,221,2,353.455,516210.718,409.187,6136485.262,20.19622216
507.305005489,0.221,221,2,353.676,516227.102,409.408,6136501.646,1.000667403
508.305735959,0.221,221,2,353.897,516235.294,409.629,6136509.838,1.00073047
508.857968265,2.513,2513,2,356.41,516244.366,412.142,6136518.91,0.552232306
503.117224068,0.177,177,5,0.363,109562.608,412.363,6136527.102,0
509.306465801,0.221,221,2,356.631,516260.75,412.612,6200596.734,6.189241733
510.307413477,0.221,221,2,356.852,516277.134,412.833,6200613.118,1.000947676
511.308212531,0.221,221,2,357.073,516293.518,413.054,6200629.502,1.000799054
512.308927357,0.221,221,2,357.294,516309.902,413.275,6200646.958,1.000714826
509.683541056,0.249,249,5,0.612,173624.048,413.496,6200655.15,0
513.309659643,0.221,221,2,357.515,516326.286,413.684,6260186.414,3.626118587
514.31200603,0.221,221,2,357.736,516342.67,413.905,6260202.798,1.002346387
515.31314612,0.221,221,2,357.957,516359.054,414.126,6260219.182,1.00114009
516.31503372,0.221,221,2,358.178,516375.438,414.347,6260235.566,1.0018876
517.316067371,0.221,221,2,358.399,516391.822,414.568,6260251.95,1.001033651
518.316782546,0.221,221,2,358.62,516400.014,414.789,6260260.142,1.000715175
519.317327587,0.221,221,2,358.841,516416.398,415.01,6260276.526,1.000545041
520.255756489,2.513,2513,2,361.354,516425.438,417.523,6260285.566,0.938428902
520.317975156,0.221,221,2,361.575,516441.822,417.744,6260301.95,0.062218667
521.318745715,0.221,221,2,361.796,516458.206,417.965,6260318.334,1.000770559
522.31949595,0.221,221,2,362.017,516474.59,418.186,6260334.718,1.000750235
523.320224953,0.221,221,2,362.238,516490.974,418.407,6260351.102,1.000729003
524.321169766,0.221,221,2,362.459,516507.358,418.628,6260369.742,1.000944813
525.321963303,0.221,221,2,362.68,516523.742,418.849,6260386.126,1.000793537
526.322749995,0.221,221,2,362.901,516540.126,419.07,6260403.678,1.000786692
527.323465868,0.221,221,2,363.122,516556.51,419.291,6260420.062,1.000715873
528.324182021,0.221,221,2,363.343,516564.702,419.512,6260428.254,1.000716153
528.858455827,2.513,2513,2,365.856,516573.71,422.025,6260437.262,0.534273806
529.324923945,0.221,221,2,366.077,516581.902,422.246,6260445.454,0.466468118
530.325720065,0.221,221,2,366.298,516598.286,422.467,6260461.838,1.00079612
531.326441246,0.221,221,2,366.519,516606.478,422.688,6260470.03,1.000721181
531.876921304,0.178,178,2,366.697,516615.454,422.866,6260479.006,0.550480058
532.32711745,0.221,221,2,366.918,516631.838,423.087,6260495.39,0.450196146
533.327619888,0.221,221,2,367.139,516648.222,423.308,6260511.774,1.000502438
534.328298256,0.221,221,2,367.36,516664.606,423.529,6260528.158,1.000678368
535.329098009,0.221,221,2,367.581,516680.99,423.75,6260544.542,1.000799753
536.329866962,0.221,221,2,367.802,516689.182,423.971,6260552.734,1.000768953
537.329473196,2.588,2588,2,370.39,516697.374,426.559,6260560.926,0.999606234
537.330566701,0.221,221,2,370.611,516713.758,426.78,6260577.31,0.00109350499997
538.331250168,0.221,221,2,370.832,516721.95,427.001,6260585.502,1.000683467
538.857815104,0.339,339,2,371.171,516730.894,427.34,6260594.446,0.526564936
539.331792137,0.221,221,2,371.392,516747.278,427.561,6260610.83,0.473977033
540.332252181,0.221,221,2,371.613,516763.662,427.782,6260627.214,1.000460044
541.33272361,0.221,221,2,371.834,516780.046,428.003,6260643.598,1.000471429
542.33318121,0.221,221,2,372.055,516796.43,428.224,6260659.982,1.0004576
543.33363867,0.221,221,2,372.276,516812.814,428.445,6260676.366,1.00045746
544.334098505,0.221,221,2,372.497,516829.198,428.666,6260692.75,1.000459835
545.334623014,0.221,221,2,372.718,516845.582,428.887,6260709.134,1.000524509
546.335080893,0.221,221,2,372.939,516861.966,429.108,6260725.518,1.000457879
547.335549598,0.221,221,2,373.16,516878.35,429.329,6260743.342,1.000468705
548.336050081,0.221,221,2,373.381,516886.542,429.55,6260751.534,1.000500483
548.85736365,0.339,339,2,373.72,516895.454,429.889,6260760.446,0.521313569
549.336598404,0.221,221,2,373.941,516911.838,430.11,6260776.83,0.479234754
550.337069833,0.221,221,2,374.162,516928.222,430.331,6260793.214,1.000471429
551.337518913,0.221,221,2,374.383,516944.606,430.552,6260809.598,1.00044908
552.337962056,0.221,221,2,374.604,516960.99,430.773,6260825.982,1.000443143
553.338407434,0.221,221,2,374.825,516977.374,430.994,6260843.71,1.000445378
554.338893459,0.221,221,2,375.046,516993.758,431.215,6260860.094,1.000486025
555.339358672,0.221,221,2,375.267,517010.142,431.436,6260876.478,1.000465213
556.339824932,0.221,221,2,375.488,517026.526,431.657,6260892.862,1.00046626
557.340276177,0.221,221,2,375.709,517042.91,431.878,6260909.246,1.000451245
558.340737898,0.221,221,2,375.93,517051.102,432.099,6260917.438,1.000461721
558.857374056,0.339,339,2,376.269,517059.982,432.438,6260926.318,0.516636158
559.341206114,0.221,221,2,376.49,517076.366,432.659,6260944.014,0.483832058
560.341742145,0.221,221,2,376.711,517092.75,432.88,6260960.398,1.000536031
561.34394466,0.221,221,2,376.932,517109.134,433.101,6260976.782,1.002202515
562.344419092,0.221,221,2,377.153,517125.518,433.322,6260994.35,1.000474432
563.344912032,0.221,221,2,377.374,517141.902,433.543,6261011.95,1.00049294
564.345424038,0.221,221,2,377.595,517158.286,433.764,6261028.334,1.000512006
565.345896305,0.221,221,2,377.816,517174.67,433.985,6261044.718,1.000472267
566.346397905,0.221,221,2,378.037,517191.054,434.206,6261061.102,1.0005016
567.346850547,0.221,221,2,378.258,517207.438,434.427,6261077.486,1.000452642
568.347314013,0.221,221,2,378.479,517215.63,434.648,6261085.678,1.000463466
568.857480565,0.339,339,2,378.818,517224.478,434.987,6261094.526,0.510166552
569.347835588,0.221,221,2,379.039,517240.862,435.208,6261110.91,0.490355023
570.348310998,0.221,221,2,379.26,517257.246,435.429,6261127.294,1.00047541
571.348766573,0.221,221,2,379.481,517273.63,435.65,6261143.678,1.000455575
572.349232833,0.221,221,2,379.702,517290.014,435.871,6261160.062,1.00046626
573.349683589,0.221,221,2,379.923,517306.398,436.092,6261176.446,1.000450756
574.35014042,0.221,221,2,380.144,517322.782,436.313,6261192.83,1.000456831
575.35067296,0.221,221,2,380.365,517339.166,436.534,6261209.214,1.00053254
576.351146554,0.221,221,2,380.586,517355.55,436.755,6261225.598,1.000473594
577.351594237,0.221,221,2,380.807,517371.934,436.976,6261241.982,1.000447683
578.352036891,0.221,221,2,381.028,517380.126,437.197,6261250.174,1.000442654
578.857361765,0.339,339,2,381.367,517388.942,437.536,6261258.99,0.505324874
579.352498123,0.221,221,2,381.588,517405.326,437.757,6261275.374,0.495136358
580.352963545,0.221,221,2,381.809,517421.71,437.978,6261291.758,1.000465422
581.353410669,0.221,221,2,382.03,517438.094,438.199,6261308.142,1.000447124
582.353857304,0.221,221,2,382.251,517454.478,438.42,6261324.526,1.000446635
583.354336974,0.221,221,2,382.472,517470.862,438.641,6261340.91,1.00047967
584.354807774,0.221,221,2,382.693,517487.246,438.862,6261357.294,1.0004708
585.355249869,0.221,221,2,382.914,517503.63,439.083,6261373.678,1.000442095
586.355735197,0.221,221,2,383.135,517520.014,439.304,6261390.062,1.000485328
587.356175616,0.221,221,2,383.356,517536.398,439.525,6261406.446,1.000440419
588.356617152,0.221,221,2,383.577,517544.59,439.746,6261414.638,1.000441536
588.857486432,0.339,339,2,383.916,517553.374,440.085,6261423.422,0.50086928
589.35723874,0.221,221,2,384.137,517569.758,440.306,6261439.806,0.499752308
590.357783781,0.221,221,2,384.358,517586.142,440.527,6261456.19,1.000545041
591.358288105,0.221,221,2,384.579,517602.526,440.748,6261472.574,1.000504324
592.358762188,0.221,221,2,384.8,517618.91,440.969,6261488.958,1.000474083
593.359312537,0.221,221,2,385.021,517627.102,441.19,6261505.342,1.000550349
594.359789204,0.221,221,2,385.242,517643.486,441.411,6261521.726,1.000476667
595.360234302,0.221,221,2,385.463,517659.87,441.632,6261538.11,1.000445098
596.360690226,0.221,221,2,385.684,517676.734,441.853,6261554.974,1.000455924
597.01789887,1.575,1575,2,387.259,517676.734,443.428,6261554.974,0.657208644
597.021922566,0.286,286,2,387.545,517808.606,443.714,6261686.846,0.00402369599999
597.027332821,0.189,189,2,387.734,517817.566,443.903,6261695.806,0.00541025500002
597.361333115,0.221,221,2,387.955,517833.95,444.124,6261712.19,0.334000294
598.362040957,0.221,221,2,388.176,517842.142,444.345,6261720.382,1.000707842
598.858239112,4.889,2513,2,393.065,517851.07,449.234,6261729.31,0.496198155
599.36277883,0.221,221,2,393.286,517867.454,449.455,6261745.694,0.504539718
600.363387148,0.221,221,2,393.507,517883.838,449.676,6261762.078,1.000608318
601.363862557,0.221,221,2,393.728,517900.222,449.897,6261778.462,1.000475409
602.364313313,0.221,221,2,393.949,517916.606,450.118,6261794.846,1.000450756
603.364761135,0.221,221,2,394.17,517932.99,450.339,6261811.23,1.000447822
604.365208818,0.221,221,2,394.391,517949.374,450.56,6261827.614,1.000447683
605.365725713,0.221,221,2,394.612,517965.758,450.781,6261843.998,1.000516895
606.366196583,0.221,221,2,394.833,517982.142,451.002,6261860.382,1.00047087
607.366643428,0.221,221,2,395.054,517998.526,451.223,6261876.766,1.000446845
608.367093485,0.221,221,2,395.275,518006.718,451.444,6261884.958,1.000450057
608.857516534,0.339,339,2,395.614,518015.614,451.783,6261893.854,0.490423049
609.367591733,0.221,221,2,395.835,518031.998,452.004,6261910.238,0.510075199
610.368067142,0.221,221,2,396.056,518048.382,452.225,6261926.622,1.000475409
611.36851245,0.221,221,2,396.277,518064.766,452.446,6261943.006,1.000445308
612.36895287,0.221,221,2,396.498,518081.15,452.667,6261959.39,1.00044042
613.369460686,0.221,221,2,396.719,518097.534,452.888,6261975.774,1.000507816
614.369926806,0.221,221,2,396.94,518113.918,453.109,6261992.158,1.00046612
615.370374699,0.221,221,2,397.161,518130.302,453.33,6262008.542,1.000447893
616.3708228,0.221,221,2,397.382,518146.686,453.551,6262024.926,1.000448101
617.371277258,0.221,221,2,397.603,518163.07,453.772,6262041.31,1.000454458
618.371726337,0.221,221,2,397.824,518171.262,453.993,6262049.502,1.000449079
618.857513252,0.339,339,2,398.163,518180.126,454.332,6262058.366,0.485786915
619.372205797,0.221,221,2,398.384,518196.51,454.553,6262074.75,0.514692545
620.372666959,0.221,221,2,398.605,518212.894,454.774,6262091.134,1.000461162
621.373110731,0.221,221,2,398.826,518229.278,454.995,6262107.518,1.000443772
622.373559741,0.221,221,2,399.047,518245.662,455.216,6262123.902,1.00044901
623.374010287,0.221,221,2,399.268,518262.046,455.437,6262140.286,1.000450546
624.374474452,0.221,221,2,399.489,518278.43,455.658,6262156.67,1.000464165
625.374938687,0.221,221,2,399.71,518294.814,455.879,6262173.054,1.000464235
626.375437773,0.221,221,2,399.931,518311.198,456.1,6262189.438,1.000499086
627.375890694,0.221,221,2,400.152,518327.582,456.321,6262205.822,1.000452921
628.376369246,0.221,221,2,400.373,518335.774,456.542,6262214.014,1.000478552
628.857312179,0.339,339,2,400.712,518344.606,456.881,6262222.846,0.480942933
629.376902484,0.221,221,2,400.933,518360.99,457.102,6262239.23,0.519590305
630.37736658,0.221,221,2,401.154,518377.374,457.323,6262255.614,1.000464096
631.377804205,0.221,221,2,401.375,518393.758,457.544,6262271.998,1.000437625
632.378248745,0.221,221,2,401.596,518410.142,457.765,6262288.382,1.00044454
633.378702644,0.221,221,2,401.817,518426.526,457.986,6262306.83,1.000453899
634.379615748,0.221,221,2,402.038,518442.91,458.207,6262323.214,1.000913104
635.380145774,0.221,221,2,402.259,518459.294,458.428,6262339.598,1.000530026
636.380586123,0.221,221,2,402.48,518475.678,458.649,6262355.982,1.000440349
637.381023749,0.221,221,2,402.701,518492.062,458.87,6262372.366,1.000437626
638.381479952,0.221,221,2,402.922,518500.254,459.091,6262380.558,1.000456203
638.857474141,0.339,339,2,403.261,518509.054,459.43,6262389.358,0.475994189
639.381973241,0.221,221,2,403.482,518525.438,459.651,6262405.742,0.5244991
640.38244446,0.221,221,2,403.703,518541.822,459.872,6262422.126,1.000471219
641.382920987,0.221,221,2,403.924,518558.206,460.093,6262438.51,1.000476527
642.383375026,0.221,221,2,404.145,518574.59,460.314,6262454.894,1.000454039
643.384024619,0.221,221,2,404.366,518590.974,460.535,6262471.278,1.000649593
644.38501888,0.221,221,2,404.587,518607.358,460.756,6262487.662,1.000994261
645.385844404,0.221,221,2,404.808,518623.742,460.977,6262504.046,1.000825524
646.386294252,0.221,221,2,405.029,518640.126,461.198,6262520.43,1.000449848
647.386778461,0.221,221,2,405.25,518656.51,461.419,6262536.814,1.000484209
648.387238436,0.221,221,2,405.471,518664.702,461.64,6262545.006,1.000459975
648.857699379,0.339,339,2,405.81,518673.47,461.979,6262553.774,0.470460943
649.387714963,0.221,221,2,406.031,518689.854,462.2,6262570.158,0.530015584
650.38818283,0.221,221,2,406.252,518706.238,462.421,6262586.542,1.000467867
651.38869323,0.221,221,2,406.473,518722.622,462.642,6262602.926,1.0005104
652.389164519,0.221,221,2,406.694,518739.006,462.863,6262619.31,1.000471289
653.389591529,0.221,221,2,406.915,518755.39,463.084,6262635.694,1.00042701
654.390021262,0.221,221,2,407.136,518771.774,463.305,6262652.078,1.000429733
655.390449948,0.221,221,2,407.357,518788.158,463.526,6262668.462,1.000428686
656.390880659,0.221,221,2,407.578,518804.542,463.747,6262686.35,1.000430711
657.391366755,0.221,221,2,407.799,518820.926,463.968,6262702.734,1.000486096
658.393887257,0.221,221,2,408.02,518829.118,464.189,6262710.926,1.002520502
658.857704688,0.339,339,2,408.359,518837.854,464.528,6262719.662,0.463817431
659.394380755,0.221,221,2,408.58,518854.238,464.749,6262736.046,0.536676067
660.394830882,0.221,221,2,408.801,518870.622,464.97,6262752.43,1.000450127
661.395260686,0.221,221,2,409.022,518887.006,465.191,6262768.814,1.000429804
662.395696984,0.221,221,2,409.243,518903.39,465.412,6262785.198,1.000436298
663.3961256,0.221,221,2,409.464,518919.774,465.633,6262801.582,1.000428616
664.396578381,0.221,221,2,409.685,518936.158,465.854,6262817.966,1.000452781
665.397100375,0.221,221,2,409.906,518952.542,466.075,6262834.35,1.000521994
666.397536324,0.221,221,2,410.127,518968.926,466.296,6262850.734,1.000435949
667.397962775,0.221,221,2,410.348,518985.31,466.517,6262867.118,1.000426451
668.398402286,0.221,221,2,410.569,518993.502,466.738,6262875.31,1.000439511
668.857461221,0.339,339,2,410.908,519002.206,467.077,6262884.014,0.459058935
669.398882096,0.221,221,2,411.129,519018.59,467.298,6262900.398,0.541420875
670.399325588,0.221,221,2,411.35,519034.974,467.519,6262916.782,1.000443492
671.39975602,0.221,221,2,411.571,519051.358,467.74,6262933.166,1.000430432
672.400175627,0.221,221,2,411.792,519067.742,467.961,6262949.55,1.000419607
673.400585385,0.221,221,2,412.013,519084.126,468.182,6262965.934,1.000409758
674.401020566,0.221,221,2,412.234,519100.51,468.403,6262982.318,1.000435181
675.401441709,0.221,221,2,412.455,519116.894,468.624,6262998.702,1.000421143
676.401883176,0.221,221,2,412.676,519133.278,468.845,6263016.782,1.000441467
677.402477316,0.221,221,2,412.897,519149.662,469.066,6263033.166,1.00059414
678.402949932,0.221,221,2,413.118,519157.854,469.287,6263041.358,1.000472616
678.857530434,0.339,339,2,413.457,519166.526,469.626,6263050.03,0.454580502
679.403397615,0.221,221,2,413.678,519182.91,469.847,6263066.414,0.545867181
680.403826231,0.221,221,2,413.899,519199.294,470.068,6263084.014,1.000428616
681.404316307,0.221,221,2,414.12,519215.678,470.289,6263100.398,1.000490076
682.405957787,0.221,221,2,414.341,519232.062,470.51,6263116.782,1.00164148
683.406391012,0.221,221,2,414.562,519248.446,470.731,6263133.166,1.000433225
684.406822492,0.221,221,2,414.783,519264.83,470.952,6263149.55,1.00043148
685.407234485,0.221,221,2,415.004,519281.214,471.173,6263165.934,1.000411993
686.407687616,0.221,221,2,415.225,519297.598,471.394,6263182.318,1.000453131
687.408110924,0.221,221,2,415.446,519313.982,471.615,6263198.702,1.000423308
688.408527317,0.221,221,2,415.667,519322.174,471.836,6263206.894,1.000416393
688.857336695,0.339,339,2,416.006,519330.814,472.175,6263215.534,0.448809378
689.408952581,0.221,221,2,416.227,519339.006,472.396,6263223.726,0.551615886
690.409417724,0.221,221,2,416.448,519355.39,472.617,6263240.11,1.000465143
691.409856327,0.221,221,2,416.669,519371.774,472.838,6263256.494,1.000438603
692.410298772,0.221,221,2,416.89,519388.158,473.059,6263272.878,1.000442445
693.410723896,0.221,221,2,417.111,519404.542,473.28,6263289.262,1.000425124
694.41114888,0.221,221,2,417.332,519420.926,473.501,6263305.646,1.000424984
695.411649153,0.221,221,2,417.553,519437.31,473.722,6263322.03,1.000500273
696.412101026,0.221,221,2,417.774,519453.694,473.943,6263338.414,1.000451873
697.412527826,0.221,221,2,417.995,519470.494,474.164,6263355.214,1.0004268
698.413092633,0.221,221,2,418.216,519478.686,474.385,6263363.406,1.000564807
698.421504457,0.189,189,2,418.405,519479.422,474.574,6263364.142,0.00841182399995
698.436852498,0.189,189,2,418.594,519480.622,474.763,6263365.342,0.015348041
698.448287611,0.189,189,2,418.783,519481.006,474.952,6263365.726,0.0114351129999
698.857273209,0.339,339,2,419.122,519489.55,475.291,6263374.27,0.408985598
699.413803338,0.221,221,2,419.343,519505.934,475.512,6263390.654,0.556530129
700.414410049,0.221,221,2,419.564,519522.318,475.733,6263407.038,1.000606711
701.414964868,0.221,221,2,419.785,519538.702,475.954,6263423.422,1.000554819
702.415528487,0.221,221,2,420.006,519555.086,476.175,6263439.806,1.000563619
703.416079535,0.221,221,2,420.227,519571.47,476.396,6263456.19,1.000551048
704.416655935,0.221,221,2,420.448,519587.854,476.617,6263472.574,1.0005764
705.417210685,0.221,221,2,420.669,519604.238,476.838,6263488.958,1.00055475
706.417771161,0.221,221,2,420.89,519620.622,477.059,6263505.342,1.000560476
707.418333663,0.221,221,2,421.111,519637.006,477.28,6263521.726,1.000562502
708.418969358,0.221,221,2,421.332,519645.198,477.501,6263529.918,1.000635695
708.857286968,0.339,339,2,421.671,519653.71,477.84,6263538.43,0.43831761
709.419584939,0.221,221,2,421.892,519670.094,478.061,6263554.814,0.562297971
710.420242565,0.221,221,2,422.113,519686.478,478.282,6263571.198,1.000657626
711.421846889,0.221,221,2,422.334,519702.862,478.503,6263587.582,1.001604324
712.422413581,0.221,221,2,422.555,519719.246,478.724,6263603.966,1.000566692
713.422988026,0.221,221,2,422.776,519735.63,478.945,6263620.35,1.000574445
714.423555346,0.221,221,2,422.997,519752.014,479.166,6263636.734,1.00056732
715.424155143,0.221,221,2,423.218,519768.398,479.387,6263653.118,1.000599797
716.424741112,0.221,221,2,423.439,519784.782,479.608,6263669.502,1.000585969
717.425334344,0.221,221,2,423.66,519801.166,479.829,6263685.886,1.000593232
718.425871074,0.221,221,2,423.881,519809.358,480.05,6263694.078,1.00053673
718.857338441,0.339,339,2,424.22,519817.838,480.389,6263702.558,0.431467367
719.426439442,0.221,221,2,424.441,519834.222,480.61,6263718.942,0.569101001
720.427049855,0.221,221,2,424.662,519850.99,480.831,6263735.71,1.000610413
720.915751456,1.575,1575,2,426.237,519850.99,482.406,6263735.71,0.488701601
720.919024009,0.286,286,2,426.523,531590.766,482.692,6275475.486,0.0032725530001
721.05177874,0.189,189,2,426.712,531591.374,482.881,6275476.094,0.132754731
721.061640399,0.286,286,2,426.998,531600.43,483.167,6275485.15,0.00986165899997
721.427772573,0.221,221,2,427.219,531608.622,483.388,6275501.534,0.366132174
722.428291144,0.221,221,2,427.44,531625.006,483.609,6275517.918,1.000518571
723.428718224,0.221,221,2,427.661,531633.198,483.83,6275902.942,1.00042708
723.707790584,0.189,189,2,427.85,531642.094,484.019,6275911.838,0.27907236
724.429363418,0.221,221,2,428.071,531658.478,484.24,6275928.222,0.721572834
725.430173716,0.221,221,2,428.292,531666.67,484.461,6275936.414,1.000810298
726.379094875,0.286,286,2,428.578,531667.678,484.747,6280950.926,0.948921159
726.41034857,0.189,189,2,428.767,531676.67,484.936,6280959.918,0.031253695
726.43087632,0.221,221,2,428.988,531693.054,485.157,6280976.302,0.02052775
727.431577736,0.221,221,2,429.209,531709.438,485.378,6280992.686,1.000701416
728.43226665,0.221,221,2,429.43,531717.63,485.599,6281000.878,1.000688914
728.858820474,2.513,2513,2,431.943,531726.59,488.112,6281009.838,0.426553824
729.432950187,0.221,221,2,432.164,531742.974,488.333,6281026.222,0.574129713
730.433629952,0.221,221,2,432.385,531759.358,488.554,6281042.606,1.000679765
731.434294282,0.221,221,2,432.606,531775.742,488.775,6281058.99,1.00066433
732.434969997,0.221,221,2,432.827,531792.126,488.996,6281075.374,1.000675715
733.435670156,0.221,221,2,433.048,531808.51,489.217,6281091.758,1.000700159
734.436355019,0.221,221,2,433.269,531824.894,489.438,6281108.142,1.000684863
735.43705001,0.221,221,2,433.49,531841.278,489.659,6281124.526,1.000694991
736.437728378,0.221,221,2,433.711,531857.662,489.88,6281140.91,1.000678368
737.438402696,0.221,221,2,433.932,531874.046,490.101,6281157.294,1.000674318
738.439090842,0.221,221,2,434.153,531882.238,490.322,6281165.486,1.000688146
738.858068074,2.513,2513,2,436.666,531891.166,492.835,6281174.414,0.418977232
739.439815236,0.221,221,2,436.887,531907.55,493.056,6281190.798,0.581747162
740.440518957,0.221,221,2,437.108,531923.934,493.277,6281207.182,1.000703721
741.441216322,0.221,221,2,437.329,531940.318,493.498,6281223.566,1.000697365
742.441889871,0.221,221,2,437.55,531948.51,493.719,6281231.758,1.000673549
743.124158825,2.663,2663,2,440.213,531956.702,496.382,6281239.95,0.682268954
743.442584653,0.221,221,2,440.434,531973.086,496.603,6281256.334,0.318425828
744.443260926,0.221,221,2,440.655,531989.47,496.824,6281272.718,1.000676273
745.444133802,0.221,221,2,440.876,532005.854,497.045,6281289.102,1.000872876
746.444893605,0.221,221,2,441.097,532022.238,497.266,6281305.486,1.000759803
747.445440044,0.221,221,2,441.318,532038.622,497.487,6281321.87,1.000546439
748.445880393,0.221,221,2,441.539,532046.814,497.708,6281330.062,1.000440349
748.85796003,0.339,339,2,441.878,532055.71,498.047,6281338.958,0.412079637
749.446416215,0.221,221,2,442.099,532072.094,498.268,6281355.342,0.588456185
750.446887784,0.221,221,2,442.32,532088.478,498.489,6281371.726,1.000471569
751.447336095,0.221,221,2,442.541,532104.862,498.71,6281388.11,1.000448311
752.447782381,0.221,221,2,442.762,532121.246,498.931,6281404.494,1.000446286
753.4482316,0.221,221,2,442.983,532137.63,499.152,6281420.878,1.000449219
754.448722165,0.221,221,2,443.204,532154.014,499.373,6281437.262,1.000490565
755.449230819,0.221,221,2,443.425,532170.398,499.594,6281453.646,1.000508654
756.449675359,0.221,221,2,443.646,532186.782,499.815,6281470.03,1.00044454
757.450301766,0.221,221,2,443.867,532203.166,500.036,6281486.414,1.000626407
758.450860426,0.221,221,2,444.088,532211.358,500.257,6281494.606,1.00055866
758.857389287,0.339,339,2,444.427,532220.222,500.596,6281503.47,0.406528861
759.451410985,0.221,221,2,444.648,532236.606,500.817,6281519.854,0.594021698
760.452004077,0.221,221,2,444.869,532252.99,501.038,6281536.238,1.000593092
761.452453925,0.221,221,2,445.09,532269.374,501.259,6281552.622,1.000449848
762.453004204,0.221,221,2,445.311,532285.758,501.48,6281569.006,1.000550279
763.453443227,0.221,221,2,445.532,532302.142,501.701,6281585.39,1.000439023
764.453870097,0.221,221,2,445.753,532318.526,501.922,6281601.774,1.00042687
765.454297106,0.221,221,2,445.974,532334.91,502.143,6281618.158,1.000427009
766.454738014,0.221,221,2,446.195,532351.294,502.364,6281634.542,1.000440908
767.455160414,0.221,221,2,446.416,532367.678,502.585,6281650.926,1.0004224
768.455601672,0.221,221,2,446.637,532375.87,502.806,6281659.118,1.000441258
768.857316582,0.339,339,2,446.976,532384.702,503.145,6281667.95,0.40171491
769.456145875,0.221,221,2,447.197,532401.086,503.366,6281685.166,0.598829293
770.456716129,0.221,221,2,447.418,532417.47,503.587,6281701.55,1.000570254
771.45718197,0.221,221,2,447.639,532433.854,503.808,6281717.934,1.000465841
772.457696142,0.221,221,2,447.86,532450.238,504.029,6281734.318,1.000514172
773.458199628,0.221,221,2,448.081,532466.622,504.25,6281750.702,1.000503486
774.458680625,0.221,221,2,448.302,532483.006,504.471,6281767.086,1.000480997
775.459127679,0.221,221,2,448.523,532499.39,504.692,6281783.47,1.000447054
776.45957585,0.221,221,2,448.744,532515.774,504.913,6281799.854,1.000448171
777.460008936,0.221,221,2,448.965,532532.158,505.134,6281816.238,1.000433086
778.460451032,0.221,221,2,449.186,532540.35,505.355,6281824.43,1.000442096
778.857531554,0.339,339,2,449.525,532549.15,505.694,6281833.23,0.397080522
779.460928886,0.221,221,2,449.746,532565.534,505.915,6281849.614,0.603397332
780.461387603,0.221,221,2,449.967,532581.918,506.136,6281865.998,1.000458717
781.461858962,0.221,221,2,450.188,532598.302,506.357,6281882.382,1.000471359
782.462308111,0.221,221,2,450.409,532614.686,506.578,6281898.766,1.000449149
783.462806918,0.221,221,2,450.63,532631.07,506.799,6281915.15,1.000498807
784.463271153,0.221,221,2,450.851,532647.454,507.02,6281931.534,1.000464235
785.463760251,0.221,221,2,451.072,532655.646,507.241,6281947.918,1.000489098
786.464225674,0.221,221,2,451.293,532672.03,507.462,6281964.302,1.000465423
787.464669934,0.221,221,2,451.514,532688.414,507.683,6281980.686,1.00044426
788.465116011,0.221,221,2,451.735,532696.606,507.904,6281988.878,1.000446077
788.857556348,0.339,339,2,452.074,532705.374,508.243,6281997.646,0.392440337
789.465690525,0.221,221,2,452.295,532721.758,508.464,6282014.03,0.608134177
790.466300868,0.221,221,2,452.516,532738.142,508.685,6282030.414,1.000610343
791.467307421,0.221,221,2,452.737,532754.526,508.906,6282046.798,1.001006553
792.468310551,0.221,221,2,452.958,532770.91,509.127,6282063.182,1.00100313
793.469269681,0.221,221,2,453.179,532787.294,509.348,6282079.566,1.00095913
794.470082285,0.221,221,2,453.4,532796.03,509.569,6282088.302,1.000812604
794.931430826,0.189,189,2,453.589,532796.542,509.758,6282088.814,0.461348541
794.934048478,0.189,189,2,453.778,532805.214,509.947,6282097.486,0.00261765200003
795.471028145,0.221,221,2,453.999,532821.598,510.168,6282113.87,0.536979667
796.471661955,0.221,221,2,454.22,532837.982,510.389,6282130.254,1.00063381
797.472255466,0.221,221,2,454.441,532854.366,510.61,6282146.638,1.000593511
798.472818387,0.221,221,2,454.662,532862.558,510.831,6282154.83,1.000562921
798.857403955,0.339,339,2,455.001,532871.198,511.17,6282163.47,0.384585568
799.473625124,0.221,221,2,455.222,532879.806,511.391,6282172.078,0.616221169
799.577641633,0.189,189,2,455.411,532888.382,511.58,6282180.654,0.104016509
800.474300559,0.221,221,2,455.632,532904.766,511.801,6282197.038,0.896658926
801.474913346,0.221,221,2,455.853,532921.982,512.022,6282214.254,1.000612787
802.475752489,0.221,221,2,456.074,532938.366,512.243,6282230.638,1.000839143
803.476409975,0.221,221,2,456.295,532954.75,512.464,6282247.022,1.000657486
804.476966261,0.221,221,2,456.516,532971.79,512.685,6282264.062,1.000556286
805.477734026,0.221,221,2,456.737,532979.982,512.906,6282272.254,1.000767765
