time,size,first_call,destination,dest_out_traffic,dest_in_traffic,total_network_out,total_network_in,dens10
3.845933271,0.244,244,2,0.244,24.576,0.244,26.624,0
3.885675198,0.183,183,2,0.427,40.96,0.427,43.008,0.039741927
4.895349566,0.183,183,2,0.61,57.344,0.61,59.392,1.009674368
5.896417747,0.183,183,2,0.793,73.728,0.793,75.776,1.001068181
6.897318241,0.183,183,2,0.976,90.112,0.976,92.16,1.000900494
7.898122159,0.183,183,2,1.159,106.496,1.159,108.544,1.000803918
8.898963548,0.183,183,2,1.342,122.88,1.342,124.928,1.000841389
9.899773061,0.183,183,2,1.525,139.264,1.525,141.312,1.000809513
10.900599914,0.183,183,2,1.708,155.648,1.708,157.696,1.000826853
11.901518358,0.183,183,2,1.891,172.032,1.891,174.08,1.000918444
12.902306818,0.183,183,2,2.074,188.416,2.074,190.464,1.00078846
13.903059295,0.183,183,2,2.257,204.8,2.257,206.848,1.000752477
14.903818811,0.183,183,2,2.44,221.184,2.44,223.232,1.000759516
15.90459188,0.183,183,2,2.623,237.568,2.623,239.616,1.000773069
16.905357635,0.183,183,2,2.806,253.952,2.806,256.0,1.000765755
17.90625605,0.183,183,2,2.989,270.336,2.989,272.384,1.000898415
18.908073232,0.183,183,2,3.172,278.528,3.172,280.576,1.001817182
19.828538737,0.268,268,5,0.268,8.452,3.606,291.759,0.920465505
19.293287941,0.166,166,2,3.338,289.451,3.858,308.143,0
19.915674547,0.219,219,2,3.557,322.219,4.077,340.911,0.622386606
20.367010567,0.282,282,2,3.839,338.603,4.359,357.295,0.45133602
20.409417846,0.206,206,2,4.045,354.987,4.565,373.679,0.042407279
20.449887269,0.102,102,2,4.147,363.179,4.667,381.871,0.040469423
19.87040186,0.252,252,5,0.52,24.836,4.792,34525.621,0
20.883514138,0.29,290,5,0.81,25.122,5.082,34622.899,1.013112278
20.476965112,0.125,125,2,4.272,37070.4,5.316,37105.762,0
20.886297484,0.234,234,5,1.044,41.506,5.535,112831.793,0.409332372
21.888366034,0.404,404,5,1.448,41.906,5.939,112886.353,1.00206855
20.917386577,0.219,219,2,4.491,115312.71,6.169,115364.856,0
21.890652143,0.23,230,5,1.678,58.29,6.388,184069.329,0.973265566
21.922899089,0.219,219,2,4.71,186141.986,6.902,186211.026,0.032246946
22.892046738,0.514,514,5,2.192,75.184,7.121,245284.249,0.969147649
22.929043693,0.219,219,2,4.929,247766.585,7.635,247852.519,0.036996955
23.894170499,0.514,514,5,2.706,92.078,7.854,305268.286,0.965126806
23.935638277,0.219,219,2,5.148,308221.307,8.368,308324.135,0.041467778
24.89660895,0.514,514,5,3.22,108.972,8.587,362371.461,0.960970673
24.942872461,0.219,219,2,5.367,365277.039,9.101,365396.761,0.046263511
25.89834637,0.514,514,5,3.734,125.866,9.32,419084.706,0.955473909
25.950467589,0.219,219,2,5.586,422186.684,9.834,422323.3,0.052121219
26.956605098,0.219,219,2,5.805,531069.945,10.053,531206.561,1.006137509
26.901077901,0.514,514,5,4.248,142.76,10.178,536937.763,0
27.83640273,0.125,125,2,5.93,542155.594,10.692,542309.104,0.935324829
27.902518179,0.514,514,5,4.762,159.654,10.911,683653.645,0.066115449
27.961671324,0.219,219,2,6.149,683500.135,11.425,683670.539,0.059153145
28.964556403,0.219,219,2,6.368,683516.519,11.644,683686.923,1.002885079
29.340444247,0.174,174,2,6.542,683532.903,11.818,683703.307,0.375887844
29.341649633,0.188,188,2,6.73,683541.095,12.006,683711.499,0.001205386
28.903925967,0.514,514,5,5.276,176.548,12.129,683912.943,0
29.344225419,0.123,123,2,6.853,683758.923,12.777,683946.355,0.440299452
29.350261148,0.648,648,5,5.924,193.576,12.961,683954.547,0.006035729
29.372891863,0.184,184,2,7.037,683767.115,13.458,683971.424,0.022630715
29.373128262,0.497,497,5,6.421,210.453,13.581,684046.543,0.000236399000002
29.374566838,0.123,123,2,7.16,683834.042,13.96,684055.11,0.001438576
29.387242351,0.379,379,5,6.8,227.212,14.179,684079.686,0.012675513
29.965880642,0.219,219,2,7.379,683858.618,14.491,684112.758,0.578638291
30.967025497,0.219,219,2,7.598,683866.81,14.71,684120.95,1.001144855
31.636769297,0.176,176,2,7.774,683867.834,14.886,684121.974,0.6697438
31.65919922,0.154,154,2,7.928,683871.418,15.04,684125.558,0.022429923
31.782465763,0.17,170,2,8.098,683872.442,15.21,684126.582,0.123266543
31.81460738,0.172,172,2,8.27,683882.17,15.382,684136.31,0.032141617
31.96812054,0.219,219,2,8.489,683890.362,15.601,684144.502,0.15351316
32.159283552,0.177,177,2,8.666,683890.874,15.778,684145.014,0.191163012
32.188476643,0.176,176,2,8.842,683891.37,15.954,684145.51,0.029193091
32.208930794,1.53,1530,2,10.372,683892.346,17.484,684146.486,0.020454151
32.28750056,1.256,1256,2,11.628,683893.29,18.74,684147.43,0.078569766
32.299160232,0.171,171,2,11.799,683902.906,18.911,684157.046,0.011659672
32.799970995,1.575,1575,2,13.374,683902.906,20.486,684157.046,0.500810763
32.914679443,0.286,286,2,13.66,683920.314,20.772,684174.454,0.114708448
32.969209917,0.219,219,2,13.879,683932.602,20.991,684186.742,0.054530474
32.996850723,0.189,189,2,14.068,683940.794,21.18,684194.934,0.027640806
33.387369949,0.286,286,2,14.354,683944.89,21.466,684233.846,0.390519226
33.462667618,0.189,189,2,14.543,683951.034,21.655,684239.99,0.075297669
34.446339516,0.235,235,8,0.235,32.768,22.109,684282.998,0.983671898
34.528909004,0.102,102,8,0.337,40.96,22.211,684291.19,0.082569488
33.970337088,0.219,219,2,14.762,683967.418,22.363,685686.915,0
34.971718639,0.219,219,2,14.981,683983.802,22.582,699314.337,1.001381551
35.9727477,0.219,219,2,15.2,684000.186,22.801,713007.832,1.001029061
36.973888486,0.219,219,2,15.419,684016.57,23.02,727890.641,1.001140786
37.974817844,0.219,219,2,15.638,684032.954,23.239,742244.866,1.000929358
38.975826256,0.219,219,2,15.857,684049.338,23.458,756334.799,1.001008412
39.976849975,0.219,219,2,16.076,684065.722,23.677,772076.557,1.001023719
40.977780822,0.219,219,2,16.295,684082.106,23.896,788082.607,1.000930847
41.978705064,0.219,219,2,16.514,684098.49,24.115,802965.416,1.000924242
42.979712239,0.219,219,2,16.733,684106.682,24.334,813413.142,1.001007175
43.692881104,2.513,2513,2,19.246,684116.922,26.847,817982.419,0.713168865
34.556601093,0.152,152,8,0.489,135358.464,27.066,819774.582,0
43.980722823,0.219,219,2,19.465,684125.114,27.218,819840.655,9.42412173
44.182379827,2.578,2578,2,22.043,684135.354,29.796,819850.895,0.201657004
44.097109107,0.152,152,8,0.641,135432.729,31.371,819859.087,0
44.250521714,0.145,145,8,0.786,135440.921,31.516,819867.279,0.153412607
44.192752268,1.575,1575,2,23.618,684143.546,31.668,830160.438,0
44.981765276,0.22,220,2,23.838,684159.93,31.888,845770.05,0.789013008
45.982796409,0.22,220,2,24.058,684176.314,32.108,861379.662,1.001031133
46.983808681,0.22,220,2,24.278,684192.698,32.328,875932.106,1.001012272
47.985023891,0.22,220,2,24.498,684209.082,32.548,891806.01,1.00121521
48.985990267,0.22,220,2,24.718,684225.466,32.768,906094.162,1.000966376
49.986939232,0.22,220,2,24.938,684241.85,32.988,921373.409,1.000948965
50.987890369,0.22,220,2,25.158,684258.234,33.208,937379.459,1.000951137
51.988736299,0.22,220,2,25.378,684274.618,33.428,953055.144,1.00084593
44.253414472,0.152,152,8,0.938,271594.953,33.648,956168.767,0
52.989553311,0.22,220,2,25.598,684282.81,33.8,956234.84,8.736138839
53.241684169,2.535,2535,2,28.133,684299.194,36.335,956251.224,0.252130858
53.185253297,0.152,152,8,1.09,271669.218,37.91,956259.416,0
53.262098614,0.145,145,8,1.235,271685.602,38.055,956275.8,0.076845317
53.265334686,0.149,149,8,1.384,271693.794,38.204,956283.992,0.003236072
53.249394813,1.575,1575,2,29.708,684299.194,38.356,961018.647,0
53.668231932,2.513,2513,2,32.221,684323.77,40.869,965932.625,0.418837119
53.990460905,0.22,220,2,32.441,684340.154,41.089,981872.602,0.322228973
54.991463886,0.22,220,2,32.661,684356.538,41.309,997614.36,1.001002981
55.992459856,0.22,220,2,32.881,684372.922,41.529,1013223.972,1.00099597
56.993437762,0.22,220,2,33.101,684389.306,41.749,1028040.708,1.000977906
57.994443142,0.22,220,2,33.321,684405.69,41.969,1043253.882,1.00100538
58.995378288,0.22,220,2,33.541,684422.074,42.189,1058004.545,1.000935146
59.996339037,0.22,220,2,33.761,684438.458,42.409,1072821.281,1.000960749
60.997253276,0.22,220,2,33.981,684454.842,42.629,1087968.382,1.000914239
53.267784807,0.152,152,8,1.536,407451.208,42.849,1092205.246,0
61.998213554,0.22,220,2,34.201,684463.034,43.001,1092271.319,8.730428747
62.321908874,2.535,2535,2,36.736,684479.418,45.536,1092287.703,0.32369532
62.271961209,0.152,152,8,1.688,407525.473,47.111,1092295.895,0
62.3361919,0.145,145,8,1.833,407541.857,47.256,1092312.279,0.064230691
62.338268776,0.149,149,8,1.982,407550.049,47.405,1092320.471,0.002076876
62.328530224,1.575,1575,2,38.311,684487.61,47.557,1102065.205,0
62.999227484,0.22,220,2,38.531,684495.802,47.777,1112380.785,0.67069726
63.666680171,2.513,2513,2,41.044,684520.378,50.29,1117691.201,0.667452687
64.000249466,0.22,220,2,41.264,684536.762,50.51,1133168.667,0.333569295
65.001312477,0.22,220,2,41.484,684544.954,50.73,1148447.914,1.001063011
66.00245152,0.22,220,2,41.704,684561.338,50.95,1164123.599,1.001139043
67.003518324,0.22,220,2,41.924,684577.722,51.17,1179468.919,1.001066804
68.004536814,0.22,220,2,42.144,684594.106,51.39,1193558.852,1.00101849
69.005463655,0.22,220,2,42.364,684610.49,51.61,1209168.464,1.000926841
70.0064305,0.22,220,2,42.584,684626.874,51.83,1224051.273,1.000966845
62.341160154,0.152,152,8,2.134,543155.656,52.05,1228089.918,0
71.007413679,0.22,220,2,42.804,684635.066,52.202,1228183.893,8.666253525
71.323892426,2.535,2535,2,45.339,684651.45,54.737,1228200.277,0.316478747
71.276354738,0.152,152,8,2.286,543257.823,56.312,1228208.469,0
71.336499955,0.145,145,8,2.431,543274.207,56.457,1228224.853,0.060145217
71.338508427,0.149,149,8,2.58,543282.399,56.606,1228233.045,0.002008472
71.329818518,1.575,1575,2,46.914,684659.642,56.758,1238273.685,0
72.008479224,0.22,220,2,47.134,684676.026,56.978,1253156.494,0.678660706
73.009513083,0.22,220,2,47.354,684684.218,57.198,1263207.782,1.001033859
73.666733788,2.513,2513,2,49.867,684757.946,59.711,1268501.277,0.657220705
74.010513075,0.22,220,2,50.087,684774.33,59.931,1283384.086,0.343779287
75.011629504,0.22,220,2,50.307,684790.714,60.151,1298861.552,1.001116429
76.01259027,0.22,220,2,50.527,684807.098,60.371,1314471.164,1.000960766
77.013573963,0.22,220,2,50.747,684823.482,60.591,1329618.265,1.000983693
78.014506165,0.22,220,2,50.967,684839.866,60.811,1344963.585,1.000932202
79.01543014,0.22,220,2,51.187,684856.25,61.031,1360441.051,1.000923975
71.340694781,0.152,152,8,2.732,679117.839,61.251,1364281.477,0
80.016339217,0.22,220,2,51.407,684864.442,61.403,1364375.452,8.675644436
80.314112601,2.535,2535,2,53.942,684962.746,63.938,1364473.756,0.297773384
80.265737509,0.152,152,8,2.884,679220.006,65.513,1364481.948,0
80.327477288,0.145,145,8,3.029,679236.39,65.658,1364498.332,0.061739779
80.329378288,0.149,149,8,3.178,679244.582,65.807,1364506.524,0.001901
80.321243763,1.575,1575,2,55.517,684970.938,65.959,1374837.911,0
81.017314298,0.22,220,2,55.737,684987.322,66.179,1390183.231,0.696070535
82.018298164,0.22,220,2,55.957,685003.706,66.399,1405660.697,1.000983866
83.019273572,0.22,220,2,56.177,685011.898,66.619,1415711.985,1.000975408
83.67054793,2.513,2513,2,58.69,685052.858,69.132,1421237.004,0.651274358
84.020178054,0.22,220,2,58.91,685069.242,69.352,1436978.762,0.349630124
85.021182062,0.22,220,2,59.13,685085.626,69.572,1452588.374,1.001004008
86.022237437,0.22,220,2,59.35,685102.01,69.792,1468264.059,1.001055375
87.023204874,0.22,220,2,59.57,685118.394,70.012,1483609.379,1.000967437
88.024110165,0.22,220,2,59.79,685134.778,70.232,1499152.918,1.000905291
80.331400313,0.152,152,8,3.33,814776.112,70.452,1500218.278,0
89.025128149,0.22,220,2,60.01,685142.97,70.604,1500312.253,8.693727836
89.144156528,2.535,2535,2,62.545,685192.122,73.139,1500361.405,0.119028379
89.096245975,0.152,152,8,3.482,814878.279,74.714,1500369.597,0
89.155786806,0.145,145,8,3.627,814894.663,74.859,1500385.981,0.059540831
89.157861374,0.149,149,8,3.776,814902.855,75.008,1500394.173,0.00207456800001
89.150184333,1.575,1575,2,64.12,685200.314,75.16,1512387.911,0
90.026743245,0.22,220,2,64.34,685216.698,75.38,1527667.158,0.876558912
91.0278547,0.22,220,2,64.56,685233.082,75.6,1543144.624,1.001111455
92.028970537,0.22,220,2,64.78,685249.466,75.82,1558225.652,1.001115837
93.029985166,0.22,220,2,65.0,685257.658,76.04,1567946.575,1.001014629
93.666724205,2.513,2513,2,67.513,685282.234,78.553,1573785.575,0.636739039
94.031081238,0.22,220,2,67.733,685298.618,78.773,1588932.676,0.364357033
95.032081886,0.22,220,2,67.953,685315.002,78.993,1604344.069,1.001000648
96.033138161,0.22,220,2,68.173,685331.386,79.213,1620284.046,1.001056275
89.160713894,0.152,152,8,3.928,950378.838,79.433,1636083.685,0
97.034314543,0.22,220,2,68.393,685339.578,79.585,1636248.506,7.873600649
98.035414568,0.22,220,2,68.613,685347.77,79.805,1636256.698,1.001100025
98.073684245,2.535,2535,2,71.148,685380.538,82.34,1636289.466,0.038269677
98.028459845,0.152,152,8,4.08,950543.659,83.915,1636297.658,0
98.088151216,0.145,145,8,4.225,950560.043,84.06,1636314.042,0.059691371
98.089988575,0.149,149,8,4.374,950568.235,84.209,1636322.234,0.00183735900001
98.078985479,1.575,1575,2,72.723,685388.73,84.361,1650832.003,0
99.03643154,0.22,220,2,72.943,685405.114,84.581,1666309.469,0.957446061
100.03753226,0.22,220,2,73.163,685421.498,84.801,1681456.57,1.00110072
101.038495933,0.22,220,2,73.383,685437.882,85.021,1697132.255,1.000963673
102.039426069,0.22,220,2,73.603,685454.266,85.241,1712675.794,1.000930136
103.040397939,0.22,220,2,73.823,685462.458,85.461,1721934.206,1.00097187
103.66693441,2.513,2513,2,76.336,685601.722,87.974,1727887.894,0.626536471
104.041358741,0.22,220,2,76.556,685618.106,88.194,1743761.798,0.374424331
105.042438481,0.22,220,2,76.776,685634.49,88.414,1759635.702,1.00107974
98.092314657,0.152,152,8,4.526,1086049.475,88.634,1772065.618,0
106.043472207,0.22,220,2,76.996,685642.682,88.786,1772164.327,7.95115755
106.879402485,2.535,2535,2,79.531,685708.218,91.321,1772229.863,0.835930278
106.831635875,0.152,152,8,4.678,1086156.376,92.896,1772238.055,0
106.893142961,0.145,145,8,4.823,1086172.76,93.041,1772254.439,0.061507086
106.896183999,0.149,149,8,4.972,1086180.952,93.19,1772262.631,0.00304103800001
106.88446259,1.575,1575,2,81.106,685716.41,93.342,1774499.043,0
107.044468195,0.22,220,2,81.326,685732.794,93.562,1790306.874,0.160005605
108.04561524,0.22,220,2,81.546,685749.178,93.782,1806378.997,1.001147045
109.046733519,0.22,220,2,81.766,685765.562,94.002,1822517.193,1.001118279
110.04761499,0.22,220,2,81.986,685781.946,94.222,1838192.878,1.000881471
111.048502468,0.22,220,2,82.206,685798.33,94.442,1853472.125,1.000887478
112.049195444,0.22,220,2,82.426,685814.714,94.662,1868751.372,1.000692976
113.050070311,0.22,220,2,82.646,685822.906,94.882,1878670.514,1.000874867
113.666381568,2.513,2513,2,85.159,685880.25,97.395,1884872.647,0.616311257
114.051017708,0.22,220,2,85.379,685896.634,97.615,1900548.332,0.38463614
106.898626598,0.152,152,8,5.124,1222008.778,97.835,1908287.065,0
115.051982824,0.22,220,2,85.599,685904.826,97.987,1908541.1,8.153356226
115.585663141,2.535,2535,2,88.134,685937.594,100.522,1908573.868,0.533680317
115.542628994,0.152,152,8,5.276,1222271.005,102.097,1908582.06,0
115.595499699,0.145,145,8,5.421,1222287.389,102.242,1908598.444,0.052870705
115.596953085,0.149,149,8,5.57,1222295.581,102.391,1908606.636,0.00145338599999
115.590335619,1.575,1575,2,89.709,685945.786,102.543,1915666.779,0
116.05305581,0.22,220,2,89.929,685962.17,102.763,1930879.953,0.462720191
117.053969183,0.22,220,2,90.149,685978.554,102.983,1946621.711,1.000913373
118.054903726,0.22,220,2,90.369,685994.938,103.203,1962495.615,1.000934543
119.055832391,0.22,220,2,90.589,686011.322,103.423,1978171.3,1.000928665
120.056785183,0.22,220,2,90.809,686027.706,103.643,1993846.985,1.000952792
121.057687647,0.22,220,2,91.029,686044.09,103.863,2009720.889,1.000902464
122.058605339,0.22,220,2,91.249,686060.474,104.083,2025528.72,1.000917692
123.059558909,0.22,220,2,91.469,686068.666,104.303,2035051.424,1.00095357
123.666712266,2.513,2513,2,93.982,686142.394,106.816,2041336.014,0.607153357
115.598930883,0.152,152,8,5.722,1357859.517,107.036,2044383.564,0
124.060498699,0.22,220,2,94.202,686150.586,107.188,2044540.193,8.461567816
124.293656898,2.535,2535,2,96.737,686248.89,109.723,2044638.497,0.233158199
124.252271265,0.152,152,8,5.874,1358024.338,111.298,2044646.689,0
124.30437145,0.145,145,8,6.019,1358040.722,111.443,2044663.073,0.052100185
124.305877772,0.149,149,8,6.168,1358048.914,111.592,2044671.265,0.001506322
124.298749491,1.575,1575,2,98.312,686257.082,111.744,2056189.46,0
125.061512757,0.22,220,2,98.532,686273.466,111.964,2071799.072,0.762763266
126.062427701,0.22,220,2,98.752,686289.85,112.184,2087739.049,1.000914944
127.063370866,0.22,220,2,98.972,686306.234,112.404,2103745.099,1.000943165
128.064261907,0.22,220,2,99.192,686322.618,112.624,2119685.076,1.000891041
129.065151162,0.22,220,2,99.412,686330.81,112.844,2135228.615,1.000889255
130.06610541,0.22,220,2,99.632,686347.194,113.064,2150970.373,1.000954248
131.06736667,0.22,220,2,99.852,686363.578,113.284,2165985.328,1.00126126
124.307613521,0.152,152,8,6.32,1493577.938,113.505,2180331.361,0
132.068651826,0.221,221,2,100.073,686371.77,113.657,2180487.99,7.761038305
133.037384663,2.535,2535,2,102.608,686437.306,116.192,2180553.526,0.968732837
132.995881873,0.152,152,8,6.472,1493742.759,117.767,2180561.718,0
133.047011757,0.145,145,8,6.617,1493759.143,117.912,2180578.102,0.051129884
133.048869589,0.149,149,8,6.766,1493767.335,118.061,2180586.294,0.00185783199998
133.041872316,1.575,1575,2,104.183,686445.498,118.213,2180938.152,0
133.069521742,0.221,221,2,104.404,686453.69,118.434,2190064.418,0.027649426
133.665770649,2.513,2513,2,106.917,686511.034,120.947,2196398.697,0.596248907
134.070574482,0.221,221,2,107.138,686527.418,121.168,2211810.09,0.404803833
135.071564419,0.221,221,2,107.359,686543.802,121.389,2226692.899,1.000989937
136.072445105,0.221,221,2,107.58,686560.186,121.61,2242434.657,1.000880686
137.073352341,0.221,221,2,107.801,686576.57,121.831,2258572.853,1.000907236
138.074317312,0.221,221,2,108.022,686592.954,122.052,2274644.976,1.000964971
139.075247342,0.221,221,2,108.243,686609.338,122.273,2290783.172,1.00093003
140.076132493,0.221,221,2,108.464,686625.722,122.494,2306458.857,1.000885151
133.051582212,0.152,152,8,6.918,1629296.359,122.715,2316311.926,0
141.07713107,0.221,221,2,108.685,686633.914,122.867,2316377.999,8.025548858
141.747401129,2.535,2535,2,111.22,686642.106,125.402,2316386.191,0.670270059
142.078006829,0.221,221,2,111.441,686658.49,125.623,2316402.575,0.3306057
143.078681835,0.221,221,2,111.662,686666.682,125.844,2316410.767,1.000675006
143.665211091,0.339,339,2,112.001,686691.258,126.183,2316435.343,0.586529256
144.079377089,0.221,221,2,112.222,686707.642,126.404,2316451.727,0.414165998
145.080016078,0.221,221,2,112.443,686724.026,126.625,2316468.111,1.000638989
146.080565407,0.221,221,2,112.664,686740.41,126.846,2316484.495,1.000549329
147.08128071,0.221,221,2,112.885,686756.794,127.067,2316500.879,1.000715303
148.082587451,0.221,221,2,113.106,686773.178,127.288,2316517.263,1.001306741
149.083554729,0.221,221,2,113.327,686789.562,127.509,2316535.695,1.000967278
150.084352453,0.221,221,2,113.548,686805.946,127.73,2316552.079,1.000797724
151.084975662,0.221,221,2,113.769,686822.33,127.951,2316568.463,1.000623209
152.085542437,0.221,221,2,113.99,686838.714,128.172,2316584.847,1.000566775
153.086182892,0.221,221,2,114.211,686846.906,128.393,2316593.039,1.000640455
153.665171897,0.339,339,2,114.55,686871.482,128.732,2316619.631,0.578989005
154.087016948,0.221,221,2,114.771,686887.866,128.953,2316636.015,0.421845051
155.089592761,0.221,221,2,114.992,686904.25,129.174,2316652.399,1.002575813
156.090201351,0.221,221,2,115.213,686920.634,129.395,2316668.783,1.00060859
157.091258405,0.221,221,2,115.434,686937.018,129.616,2316685.167,1.001057054
158.091856606,0.221,221,2,115.655,686953.402,129.837,2316701.551,1.000598201
159.092435151,0.221,221,2,115.876,686969.786,130.058,2316717.935,1.000578545
160.093001733,0.221,221,2,116.097,686986.17,130.279,2316734.319,1.000566582
161.093546601,0.221,221,2,116.318,686994.362,130.5,2316750.703,1.000544868
162.094140496,0.221,221,2,116.539,687010.746,130.721,2316767.087,1.000593895
163.094690176,0.221,221,2,116.76,687018.938,130.942,2316775.279,1.00054968
163.66527886,0.339,339,2,117.099,687031.226,131.281,2316787.567,0.570588684
164.095303282,0.221,221,2,117.32,687047.61,131.502,2316803.951,0.430024422
165.095879199,0.221,221,2,117.541,687063.994,131.723,2316820.335,1.000575917
166.096428152,0.221,221,2,117.762,687080.378,131.944,2316836.719,1.000548953
167.097030979,0.221,221,2,117.983,687102.906,132.165,2316859.247,1.000602827
167.382479377,1.575,1575,2,119.558,687102.906,133.74,2316859.247,0.285448398
167.392524875,0.286,286,2,119.844,687217.594,134.026,2316973.935,0.010045498
167.398741842,0.189,189,2,120.033,687250.362,134.215,2317006.703,0.006216967
167.420527211,0.249,249,2,120.282,687266.746,134.464,2317023.087,0.021785369
167.434262669,0.114,114,2,120.396,687283.13,135.184,2545502.479,0.013735458
168.098095999,0.221,221,2,120.617,687299.514,135.405,2717544.559,0.66383333
169.099736477,0.221,221,2,120.838,687315.898,135.626,2735222.895,1.001640478
170.101393856,0.221,221,2,121.059,687332.282,135.847,2735239.279,1.001657379
171.102274169,0.221,221,2,121.28,687340.474,136.068,2735247.471,1.000880313
172.103386963,0.221,221,2,121.501,687365.05,136.289,2735272.047,1.001112794
173.104313776,0.221,221,2,121.722,687373.242,136.51,2735280.239,1.000926813
167.457032377,0.152,152,6,0.152,113172.288,139.023,2735284.335,0
173.772384409,2.513,2513,2,124.235,687385.53,139.173,2735292.527,6.315352032
174.105152524,0.221,221,2,124.456,687401.914,139.394,2806399.087,0.332768115
175.106010905,0.221,221,2,124.677,687418.298,139.749,2861125.023,1.000858381
176.106888704,0.221,221,2,124.898,687434.682,139.97,2861141.407,1.000877799
177.108284323,0.221,221,2,125.119,687451.066,140.191,2861157.791,1.001395619
175.799332232,0.134,134,4,0.134,54708.224,140.412,2861165.983,0
178.109149903,0.221,221,2,125.34,687467.45,140.562,2932460.959,2.309817671
179.110012613,0.221,221,2,125.561,687483.834,140.783,2932477.343,1.00086271
167.467675941,0.152,152,3,0.152,106895.808,141.004,2932485.535,0
180.110879285,0.221,221,2,125.782,687500.218,141.154,3000470.943,12.643203344
181.111831274,0.221,221,2,126.003,687516.602,141.375,3000487.327,1.000951989
182.112736187,0.221,221,2,126.224,687532.986,141.596,3000503.711,1.000904913
183.113680446,0.221,221,2,126.445,687541.178,141.817,3000511.903,1.000944259
183.715231163,2.513,2513,2,128.958,687551.418,144.33,3000522.143,0.601550717
184.114581129,0.221,221,2,129.179,687567.802,144.551,3000538.527,0.399349966
185.115572089,0.221,221,2,129.4,687584.186,144.772,3000554.911,1.00099096
186.116557385,0.221,221,2,129.621,687600.57,144.993,3000571.295,1.000985296
187.117236964,0.221,221,2,129.842,687616.954,145.214,3000587.679,1.000679579
188.11804158,0.221,221,2,130.063,687633.338,145.435,3000604.063,1.000804616
189.118766599,0.221,221,2,130.284,687650.746,145.656,3000621.471,1.000725019
190.119635931,0.221,221,2,130.505,687658.938,145.877,3000629.663,1.000869332
190.425205851,2.588,2588,2,133.093,687667.13,148.465,3000637.855,0.30556992
191.120503079,0.221,221,2,133.314,687683.514,148.686,3000654.239,0.695297228
192.121166895,0.221,221,2,133.535,687699.898,148.907,3000670.623,1.000663816
193.121698041,0.221,221,2,133.756,687699.898,149.128,3000670.623,1.000531146
193.665055209,0.339,339,2,134.095,687709.082,149.467,3000679.807,0.543357168
194.122302369,0.221,221,2,134.316,687725.466,149.688,3000696.191,0.45724716
195.122891323,0.221,221,2,134.537,687743.866,149.909,3000714.591,1.000588954
195.69504387,1.575,1575,2,136.112,687743.866,151.484,3000714.591,0.572152547
195.697330873,0.286,286,2,136.398,687768.442,151.77,3000739.167,0.00228700299999
195.703992745,0.189,189,2,136.587,687778.682,151.959,3000749.407,0.006661872
196.123997557,0.221,221,2,136.808,687786.874,152.18,3000757.599,0.420004812
196.77528614,2.376,2376,2,139.184,687795.066,154.556,3000765.791,0.651288583
197.124889397,0.221,221,2,139.405,687811.45,154.777,3000782.175,0.349603257
198.125580319,0.221,221,2,139.626,687821.658,154.998,3000792.383,1.000690922
198.894200318,0.189,189,2,139.815,687823.546,155.187,3000794.271,0.768619999
198.899160153,0.189,189,2,140.004,687833.77,155.376,3000804.495,0.00495983499999
198.964559786,1.575,1575,2,141.579,687833.77,156.951,3000804.495,0.065399633
198.968051362,0.286,286,2,141.865,688022.186,157.237,3000992.911,0.00349157600002
198.975206041,0.189,189,2,142.054,688034.474,157.426,3001005.199,0.007154679
199.126642477,0.221,221,2,142.275,688042.666,157.647,3001013.391,0.151436436
199.476757758,0.286,286,2,142.561,688224.938,157.933,3001195.663,0.350115281
199.482908123,0.189,189,2,142.75,688234.154,158.122,3001204.879,0.006150365
200.127611385,0.221,221,2,142.971,688250.538,158.343,3001221.263,0.644703262
201.128529914,0.221,221,2,143.192,688266.922,158.564,3001237.647,1.000918529
202.129495379,0.221,221,2,143.413,688275.114,158.785,3001245.839,1.000965465
202.400137225,0.184,184,2,143.597,688276.106,158.969,3001246.831,0.270641846
202.406656119,1.775,1775,2,145.372,688278.154,160.744,3001248.879,0.00651889399998
202.431514971,17563.648,262144,2,17709.02,688278.154,17724.392,3001248.879,0.024858852
202.455488375,524.288,262144,2,18233.308,688278.154,18248.68,3001248.879,0.023973404
202.456967936,524.288,262144,2,18757.596,688278.154,18772.968,3001248.879,0.00147956100002
202.458432627,524.288,262144,2,19281.884,688278.154,19297.256,3001248.879,0.001464691
202.459902018,524.288,262144,2,19806.172,688278.154,19821.544,3001248.879,0.001469391
202.461514684,524.288,262144,2,20330.46,688278.154,20345.832,3001248.879,0.001612666
202.462993121,786.432,262144,2,21116.892,688278.154,21132.264,3001248.879,0.001478437
202.465047006,786.432,262144,2,21903.324,688278.154,21918.696,3001248.879,0.00205388499998
202.467107854,524.288,262144,2,22427.612,688278.154,22442.984,3001248.879,0.00206084800001
202.469019963,524.288,262144,2,22951.9,688278.154,22967.272,3001248.879,0.00191210899999
202.471074986,524.288,262144,2,23476.188,688278.154,23491.56,3001248.879,0.002055023
202.473132215,786.432,262144,2,24262.62,688278.154,24277.992,3001248.879,0.002057229
202.475636044,786.432,262144,2,25049.052,688278.154,25064.424,3001248.879,0.00250382900001
202.478139134,786.432,262144,2,25835.484,688278.154,25850.856,3001248.879,0.00250309
202.480641309,786.432,262144,2,26621.916,688278.154,26637.288,3001248.879,0.00250217499999
202.483129364,786.432,262144,2,27408.348,688278.154,27423.72,3001248.879,0.00248805500001
202.485780002,786.432,262144,2,28194.78,688278.154,28210.152,3001248.879,0.00265063800001
202.488733967,786.432,262144,2,28981.212,688278.154,28996.584,3001248.879,0.00295396499999
202.491817,865.738,262144,2,29846.95,688278.154,29862.322,3001248.879,0.003083033
202.495312571,138.145,138145,2,29985.095,688287.306,30000.467,3001258.031,0.003495571
203.130461169,0.221,221,2,29985.316,688295.498,30000.688,3001266.223,0.635148598
203.938419491,0.339,339,2,29985.655,688305.514,30001.027,3001276.239,0.807958322
204.131424585,0.221,221,2,29985.876,688321.898,30001.248,3001292.623,0.193005094
205.132500514,0.221,221,2,29986.097,688338.282,30001.469,3001309.007,1.001075929
206.133587873,0.221,221,2,29986.318,688354.666,30001.69,3001325.391,1.001087359
207.134281835,0.221,221,2,29986.539,688371.05,30001.911,3001341.775,1.000693962
208.134960344,0.221,221,2,29986.76,688387.434,30002.132,3001358.159,1.000678509
209.135634266,0.221,221,2,29986.981,688403.818,30002.353,3001374.543,1.000673922
210.136376682,0.221,221,2,29987.202,688420.202,30002.574,3001390.927,1.000742416
211.137041117,0.221,221,2,29987.423,688436.586,30002.795,3001407.311,1.000664435
212.137934932,0.221,221,2,29987.644,688452.97,30003.016,3001423.695,1.000893815
213.138590612,0.221,221,2,29987.865,688461.162,30003.237,3001431.887,1.00065568
213.666202916,0.339,339,2,29988.204,688470.218,30003.576,3001440.943,0.527612304
214.139288586,0.221,221,2,29988.425,688486.602,30003.797,3001457.327,0.47308567
215.139905196,0.221,221,2,29988.646,688502.986,30004.018,3001473.711,1.00061661
216.140927216,0.221,221,2,29988.867,688519.37,30004.239,3001490.095,1.00102202
217.142027666,0.221,221,2,29989.088,688535.754,30004.46,3001510.543,1.00110045
218.143715027,0.221,221,2,29989.309,688552.138,30004.681,3001526.927,1.001687361
219.144400513,0.221,221,2,29989.53,688568.522,30004.902,3001543.311,1.000685486
220.144955528,0.221,221,2,29989.751,688584.906,30005.123,3001559.695,1.000555015
221.145868905,0.221,221,2,29989.972,688601.29,30005.344,3001576.079,1.000913377
222.146516045,0.221,221,2,29990.193,688617.674,30005.565,3001592.463,1.00064714
223.147115984,0.221,221,2,29990.414,688625.866,30005.786,3001600.655,1.000599939
223.665082885,0.339,339,2,29990.753,688634.89,30006.125,3001609.679,0.517966901
224.147880977,0.221,221,2,29990.974,688651.274,30006.346,3001626.063,0.482798092
225.148463263,0.221,221,2,29991.195,688659.466,30006.567,3001634.255,1.000582286
226.149101678,0.221,221,2,29991.416,688675.85,30006.788,3001650.639,1.000638415
227.149650798,0.221,221,2,29991.637,688692.234,30007.009,3001667.023,1.00054912
228.150224142,0.221,221,2,29991.858,688708.618,30007.23,3001683.407,1.000573344
229.151010291,0.221,221,2,29992.079,688725.002,30007.451,3001699.791,1.000786149
230.151957359,0.221,221,2,29992.3,688741.386,30007.672,3001716.175,1.000947068
231.152658938,0.221,221,2,29992.521,688757.77,30007.893,3001732.559,1.000701579
232.153246901,0.221,221,2,29992.742,688774.154,30008.114,3001748.943,1.000587963
233.153791772,0.221,221,2,29992.963,688782.346,30008.335,3001757.135,1.000544871
233.66519311,0.339,339,2,29993.302,688791.338,30008.674,3001766.127,0.511401338
234.154452387,0.221,221,2,29993.523,688807.722,30008.895,3001782.511,0.489259277
235.155072221,0.221,221,2,29993.744,688824.106,30009.116,3001798.895,1.000619834
236.155705944,0.221,221,2,29993.965,688840.49,30009.337,3001815.279,1.000633723
237.156859385,0.221,221,2,29994.186,688856.874,30009.558,3001831.663,1.001153441
238.15770919,0.221,221,2,29994.407,688873.258,30009.779,3001848.047,1.000849805
239.15822709,0.221,221,2,29994.628,688889.642,30010.0,3001864.431,1.0005179
240.158856015,0.221,221,2,29994.849,688906.026,30010.221,3001880.815,1.000628925
241.159375624,0.221,221,2,29995.07,688922.41,30010.442,3001897.199,1.000519609
242.159911238,0.221,221,2,29995.291,688938.794,30010.663,3001913.583,1.000535614
243.160459868,0.221,221,2,29995.512,688946.986,30010.884,3001921.775,1.00054863
243.665199728,0.339,339,2,29995.851,688955.946,30011.223,3001930.735,0.50473986
244.161383108,0.221,221,2,29996.072,688972.33,30011.444,3001947.119,0.49618338
245.162007104,0.221,221,2,29996.293,688988.714,30011.665,3001963.503,1.000623996
246.162570097,0.221,221,2,29996.514,689005.098,30011.886,3001979.887,1.000562993
247.163141774,0.221,221,2,29996.735,689014.026,30012.107,3001988.815,1.000571677
248.033628934,0.189,189,2,29996.924,689022.922,30012.296,3001997.711,0.87048716
248.163811616,0.221,221,2,29997.145,689031.786,30012.517,3002006.575,0.130182682
248.250358678,0.189,189,2,29997.334,689041.274,30012.706,3002016.063,0.086547062
248.281842451,1.575,1575,2,29998.909,689041.274,30014.281,3002016.063,0.031483773
248.28521803,0.286,286,2,29999.195,690139.866,30014.567,3003114.655,0.00337557900002
248.30783378,0.189,189,2,29999.384,690148.89,30014.756,3003123.679,0.02261575
249.164735979,0.221,221,2,29999.605,690165.274,30014.977,3003140.063,0.856902199
250.165560953,0.221,221,2,29999.826,690173.466,30015.198,3003148.255,1.000824974
250.958253705,2.339,2339,2,30002.165,690181.658,30017.537,3003156.447,0.792692752
251.166423768,0.221,221,2,30002.386,690198.97,30017.758,3003173.759,0.208170063
251.264503813,1.575,1575,2,30003.961,690198.97,30019.333,3003173.759,0.098080045
251.267914072,0.286,286,2,30004.247,690561.466,30019.619,3003536.255,0.00341025899999
251.275060501,0.189,189,2,30004.436,690562.49,30019.808,3003537.279,0.00714642900002
251.33010801,0.286,286,2,30004.722,691792.282,30020.094,3004767.071,0.055047509
251.343307275,0.189,189,2,30004.911,691801.434,30020.283,3004776.223,0.013199265
252.167442219,0.221,221,2,30005.132,691817.818,30020.504,3004792.607,0.824134944
253.168323262,0.221,221,2,30005.353,691826.01,30020.725,3004800.799,1.000881043
253.667867229,2.513,2513,2,30007.866,691835.13,30023.238,3004809.919,0.499543967
254.169268678,0.221,221,2,30008.087,691851.514,30023.459,3004826.303,0.501401449
255.170239974,0.221,221,2,30008.308,691859.706,30023.68,3004834.495,1.000971296
255.20139372,0.184,184,2,30008.492,691860.602,30023.864,3004835.391,0.031153746
255.20447437,1.775,1775,2,30010.267,691861.626,30025.639,3004836.415,0.00308065000002
255.207565563,1835.008,262144,2,31845.275,691861.626,31860.647,3004836.415,0.00309119299999
255.211638543,786.432,262144,2,32631.707,691861.626,32647.079,3004836.415,0.00407297999999
255.214869194,786.432,262144,2,33418.139,691861.626,33433.511,3004836.415,0.003230651
255.2182818,786.432,262144,2,34204.571,691861.626,34219.943,3004836.415,0.00341260600001
255.221511581,786.432,262144,2,34991.003,691861.626,35006.375,3004836.415,0.00322978099999
255.224900151,786.432,262144,2,35777.435,691861.626,35792.807,3004836.415,0.00338857000003
255.228285157,786.432,262144,2,36563.867,691861.626,36579.239,3004836.415,0.00338500599997
255.23210748,786.432,262144,2,37350.299,691861.626,37365.671,3004836.415,0.00382232300001
255.235342676,786.432,262144,2,38136.731,691861.626,38152.103,3004836.415,0.00323519599999
255.238727197,786.432,262144,2,38923.163,691861.626,38938.535,3004836.415,0.00338452100002
255.242114796,786.432,262144,2,39709.595,691861.626,39724.967,3004836.415,0.00338759900001
255.245936437,786.432,262144,2,40496.027,691861.626,40773.543,3004836.415,0.003821641
255.24974666,786.432,262144,2,41282.459,691861.626,41559.975,3004836.415,0.00381022299999
255.25313984,786.432,262144,2,42068.891,691861.626,42346.407,3004836.415,0.00339317999999
255.25637078,786.432,262144,2,42855.323,691861.626,43132.839,3004836.415,0.00323094000001
255.259763077,786.432,262144,2,43641.755,691861.626,43919.271,3004836.415,0.003392297
255.263141596,786.432,262144,2,44428.187,691861.626,44705.703,3004836.415,0.00337851899999
255.266373277,481.906,262144,2,44910.093,691861.626,45187.609,3004836.415,0.00323168100002
255.269417288,45.473,45473,2,44955.566,691862.49,45233.082,3004837.279,0.00304401099999
255.300494557,0.184,184,2,44955.75,691871.514,45233.266,3004846.303,0.031077269
256.171079605,0.221,221,2,44955.971,691880.506,45233.487,3004855.295,0.870585048
257.093623415,0.189,189,2,44956.16,691889.082,45233.676,3004863.871,0.92254381
257.171779823,0.221,221,2,44956.381,691889.834,45233.897,3004872.815,0.078156408
257.190771009,0.189,189,2,44956.57,691891.242,45234.086,3004874.223,0.018991186
257.196828423,0.189,189,2,44956.759,691900.762,45234.275,3004883.743,0.006057414
257.299920235,1.575,1575,2,44958.334,691900.762,45235.85,3004883.743,0.103091812
257.304568682,0.286,286,2,44958.62,692884.666,45236.136,3005867.647,0.00464844700002
257.322663927,0.19,190,2,44958.81,692893.69,45236.326,3005876.671,0.018095245
258.173302022,0.221,221,2,44959.031,692910.074,45236.547,3005893.055,0.850638095
259.174883262,0.221,221,2,44959.252,692918.266,45236.768,3005901.247,1.00158124
259.872281767,2.339,2339,2,44961.591,692926.458,45239.107,3005909.439,0.697398505
260.176268198,0.221,221,2,44961.812,692943.77,45239.328,3005926.751,0.303986431
260.635688692,1.575,1575,2,44963.387,692943.77,45240.903,3005926.751,0.459420494
260.638956585,0.286,286,2,44963.673,692945.818,45241.189,3006272.863,0.00326789300004
260.646286735,0.19,190,2,44963.863,692946.842,45241.379,3006273.887,0.00733014999997
260.698577015,0.286,286,2,44964.149,694537.082,45241.665,3007864.127,0.05229028
260.706972372,0.19,190,2,44964.339,694545.754,45241.855,3007872.799,0.00839535699998
261.17711533,0.221,221,2,44964.56,694562.138,45242.076,3007889.183,0.470142958
262.177920019,0.221,221,2,44964.781,694578.522,45242.297,3007905.567,1.000804689
263.178744153,0.221,221,2,44965.002,694586.714,45242.518,3007913.759,1.000824134
263.667857518,2.513,2513,2,44967.515,694595.85,45245.031,3007922.895,0.489113365
264.179520745,0.221,221,2,44967.736,694604.042,45245.252,3007931.087,0.511663227
264.604647895,0.184,184,2,44967.92,694604.954,45245.436,3007931.999,0.42512715
264.608126432,1.775,1775,2,44969.695,694605.946,45247.211,3007932.991,0.00347853699998
264.613312529,1572.864,262144,2,46542.559,694605.946,46820.075,3007932.991,0.00518609699998
264.617437527,786.432,262144,2,47328.991,694605.946,47606.507,3007932.991,0.00412499800001
264.621382626,786.432,262144,2,48115.423,694605.946,48392.939,3007932.991,0.00394509900002
264.62522121,786.432,262144,2,48901.855,694605.946,49179.371,3007932.991,0.00383858399999
264.629045828,786.432,262144,2,49688.287,694605.946,49965.803,3007932.991,0.00382461800001
264.632722614,786.432,262144,2,50474.719,694605.946,50752.235,3007932.991,0.00367678599997
264.63625739,1048.576,262144,2,51523.295,694605.946,51800.811,3007932.991,0.00353477600004
264.640359325,786.432,262144,2,52309.727,694605.946,52587.243,3007932.991,0.00410193499999
264.644337279,786.432,262144,2,53096.159,694605.946,53373.675,3007932.991,0.00397795399999
264.648453603,1048.576,262144,2,54144.735,694605.946,54422.251,3007932.991,0.00411632399999
264.653011434,1048.576,262144,2,55193.311,694605.946,55470.827,3007932.991,0.004557831
264.657577037,1048.576,262144,2,56241.887,694605.946,56519.403,3007932.991,0.004565603
264.661994501,1048.576,262144,2,57290.463,694605.946,57567.979,3007932.991,0.00441746399997
264.667130494,591.326,262144,2,57881.789,694606.826,58159.305,3007933.871,0.00513599300001
264.707236788,0.184,184,2,57881.973,694615.866,58159.489,3007942.911,0.040106294
265.18028748,0.221,221,2,57882.194,694624.874,58159.71,3007951.919,0.473050692
265.934221504,0.19,190,2,57882.384,694634.522,58159.9,3007961.567,0.753934024
266.090711033,1.575,1575,2,57883.959,694634.522,58161.475,3007961.567,0.156489529
266.092920503,0.286,286,2,57884.245,695749.626,58161.761,3009076.671,0.00220947000003
266.1052388,0.19,190,2,57884.435,695758.778,58161.951,3009085.823,0.012318297
266.181102584,0.221,221,2,57884.656,695775.162,58162.172,3009102.207,0.075863784
267.181971771,0.221,221,2,57884.877,695791.546,58162.393,3009118.591,1.000869187
268.182788915,0.221,221,2,57885.098,695799.738,58162.614,3009126.783,1.000817144
268.677690405,2.339,2339,2,57887.437,695807.93,58164.953,3009134.975,0.49490149
269.183561694,0.221,221,2,57887.658,695817.946,58165.174,3009144.991,0.505871289
269.288583323,0.19,190,2,57887.848,695819.642,58165.364,3009146.687,0.105021629
269.293888238,0.19,190,2,57888.038,695821.946,58165.554,3009148.991,0.00530491500001
269.305668017,0.19,190,2,57888.228,695823.962,58165.744,3009151.007,0.011779779
269.311753576,0.189,189,2,57888.417,695833.05,58165.933,3009160.095,0.00608555899998
269.505219553,1.575,1575,2,57889.992,695833.05,58167.508,3009160.095,0.193465977
269.507369246,0.286,286,2,57890.278,696145.178,58167.794,3009472.223,0.00214969299998
269.512703369,0.19,190,2,57890.468,696145.978,58167.984,3009473.023,0.00533412300001
269.589597688,0.286,286,2,57890.754,697072.442,58168.27,3010399.487,0.076894319
270.184521693,0.221,221,2,57890.975,697080.634,58168.491,3010407.679,0.594924005
271.008716854,0.19,190,2,57891.165,697089.562,58168.681,3010416.607,0.824195161
271.185346995,0.221,221,2,57891.386,697105.946,58168.902,3010432.991,0.176630141
272.186230256,0.221,221,2,57891.607,697122.33,58169.123,3010449.375,1.000883261
273.187284276,0.221,221,2,57891.828,697130.522,58169.344,3010457.567,1.00105402
273.665844801,2.513,2513,2,57894.341,697139.418,58171.857,3010466.463,0.478560525
274.188350874,0.221,221,2,57894.562,697147.61,58172.078,3010474.655,0.522506073
274.209952352,0.185,185,2,57894.747,697148.282,58172.263,3010475.327,0.021601478
274.212579533,1.775,1775,2,57896.522,697149.242,58174.038,3010476.287,0.00262718099998
274.214943222,2359.296,262144,2,60255.818,697149.242,60533.334,3010476.287,0.00236368899999
274.22151467,1310.72,262144,2,61566.538,697149.242,61844.054,3010476.287,0.00657144799999
274.227543212,1310.72,262144,2,62877.258,697149.242,63154.774,3010476.287,0.00602854200002
274.233719134,1310.72,262144,2,64187.978,697149.242,64465.494,3010476.287,0.00617592200001
274.239765541,1310.72,262144,2,65498.698,697149.242,65776.214,3010476.287,0.00604640699999
274.245925577,1048.576,262144,2,66547.274,697149.242,66824.79,3010476.287,0.00616003599998
274.251360852,1048.576,262144,2,67595.85,697149.242,67873.366,3010476.287,0.00543527500002
274.257107553,1048.576,262144,2,68644.426,697149.242,68921.942,3010476.287,0.00574670100002
274.262991212,1048.576,262144,2,69693.002,697149.242,69970.518,3010476.287,0.00588365899995
274.268726425,439.329,262144,2,70132.331,697149.882,70409.847,3010476.927,0.00573521300004
274.307435977,0.185,185,2,70132.516,697151.066,70410.032,3010478.111,0.038709552
275.137781417,0.19,190,2,70132.706,697159.802,70410.222,3010486.847,0.83034544
275.189296682,0.221,221,2,70132.927,697176.826,70410.443,3010503.871,0.051515265
275.331909365,1.575,1575,2,70134.502,697176.826,70412.018,3010503.871,0.142612683
275.333854818,0.286,286,2,70134.788,698242.554,70412.304,3011569.599,0.00194545300002
275.346840736,0.19,190,2,70134.978,698251.482,70412.494,3011578.527,0.012985918
276.1908969,0.221,221,2,70135.199,698267.866,70412.715,3011594.911,0.844056164
277.191823095,0.221,221,2,70135.42,698276.058,70412.936,3011603.103,1.000926195
277.666413105,2.339,2339,2,70137.759,698284.25,70415.275,3011611.295,0.47459001
278.192630333,0.221,221,2,70137.98,698300.634,70415.496,3011627.679,0.526217228
279.19319696,0.221,221,2,70138.201,698309.53,70415.717,3011636.575,1.000566627
279.195959454,0.19,190,2,70138.391,698310.842,70415.907,3011637.887,0.00276249399997
279.199877308,0.19,190,2,70138.581,698320.218,70416.097,3011647.263,0.00391785400001
279.304909231,1.575,1575,2,70140.156,698320.218,70417.672,3011647.263,0.105031923
279.307462786,0.286,286,2,70140.442,698321.05,70417.958,3011975.775,0.00255355499996
279.312660234,0.19,190,2,70140.632,698321.85,70418.148,3011976.575,0.00519744800005
279.368350462,0.286,286,2,70140.918,698322.234,70418.434,3013353.215,0.055690228
279.377952341,0.19,190,2,70141.108,698331.178,70418.624,3013362.159,0.009601879
280.194017444,0.221,221,2,70141.329,698347.562,70418.845,3013378.543,0.816065103
281.194789307,0.221,221,2,70141.55,698363.946,70419.066,3013394.927,1.000771863
282.195574943,0.221,221,2,70141.771,698372.138,70419.287,3013403.119,1.000785636
282.416738385,0.185,185,2,70141.956,698372.858,70419.472,3013403.839,0.221163442
282.419013387,1.775,1775,2,70143.731,698373.786,70421.247,3013404.767,0.00227500200003
282.421643552,2359.296,262144,2,72503.027,698373.786,72780.543,3013404.767,0.00263016499997
282.428158539,1048.576,262144,2,73551.603,698373.786,73829.119,3013404.767,0.006514987
282.434031575,1048.576,262144,2,74600.179,698373.786,74877.695,3013404.767,0.00587303600003
282.440150867,1048.576,262144,2,75648.755,698373.786,75926.271,3013404.767,0.00611929199999
282.446339109,1310.72,262144,2,76959.475,698373.786,77236.991,3013404.767,0.00618824200001
282.452956531,1048.576,262144,2,78008.051,698373.786,78285.567,3013404.767,0.00661742199998
282.45957098,1310.72,262144,2,79318.771,698373.786,79596.287,3013404.767,0.00661444900004
282.466194757,1310.72,262144,2,80629.491,698373.786,80907.007,3013404.767,0.00662377699996
282.472522233,758.388,262144,2,81387.879,698373.786,81665.395,3013404.767,0.00632747600002
282.478354379,20.814,20814,2,81408.693,698374.474,81686.209,3013405.455,0.00583214599999
282.515037755,0.185,185,2,81408.878,698383.322,81686.394,3013414.303,0.036683376
283.196448757,0.221,221,2,81409.099,698391.514,81686.615,3013422.495,0.681411002
283.664883009,0.339,339,2,81409.438,698400.33,81686.954,3013431.311,0.468434252
284.197308142,0.221,221,2,81409.659,698409.114,81687.175,3013440.095,0.532425133
284.710615619,0.19,190,2,81409.849,698418.522,81687.365,3013449.503,0.513307477
284.867543327,1.575,1575,2,81411.424,698418.522,81688.94,3013449.503,0.156927708
284.869513464,0.286,286,2,81411.71,700008.154,81689.226,3015039.135,0.001970137
173.849066796,0.15,150,6,0.302,185641.312,81689.416,3015041.151,0
284.877737347,0.19,190,2,81411.9,700017.098,82091.782,3015049.343,111.028670551
285.198144224,0.221,221,2,81412.121,700033.482,82092.003,3015065.727,0.320406877
286.198952386,0.221,221,2,81412.342,700041.674,82092.224,3015073.919,1.000808162
287.18457219,2.382,2382,2,81414.724,700049.866,82094.606,3015082.111,0.985619804
287.199726267,0.221,221,2,81414.945,700066.25,82094.827,3015098.495,0.015154077
288.200388412,0.221,221,2,81415.166,700083.354,82095.048,3015115.599,1.000662145
288.354924017,1.575,1575,2,81416.741,700083.354,82096.623,3015115.599,0.154535605
288.356392728,0.286,286,2,81417.027,700411.994,82096.909,3015444.239,0.00146871100003
288.360470374,0.19,190,2,81417.217,700412.922,82097.099,3015445.167,0.00407764599998
288.403533748,0.286,286,2,81417.503,701298.554,82097.385,3016330.799,0.043063374
180.226420757,0.15,150,3,0.302,174874.432,82097.575,3016332.639,0
288.417063243,461.35,262144,3,461.652,174874.432,82558.925,3016332.639,108.190642486
178.208165857,0.15,150,4,0.284,126000.496,82620.184,3016334.063,0
288.427718312,526.51,262144,4,526.794,126000.496,83146.694,3016334.063,110.219552455
288.411619828,0.19,190,2,81417.693,701307.178,83273.113,3016342.255,0
289.201245979,0.221,221,2,81417.914,701315.37,83273.334,3016350.447,0.789626151
290.202083568,0.221,221,2,81418.135,701323.562,83273.555,3016358.639,1.000837589
291.083934618,0.185,185,2,81418.32,701324.41,83273.74,3016359.487,0.88185105
291.085861629,1.775,1775,2,81420.095,701325.738,83275.515,3016360.815,0.00192701100002
291.088101971,2621.44,262144,2,84041.535,701325.738,85896.955,3016360.815,0.00224034199999
291.095059384,1048.576,262144,2,85090.111,701325.738,86945.531,3016360.815,0.00695741300001
291.10167605,1048.576,262144,2,86138.687,701325.738,87994.107,3016360.815,0.00661666599996
291.108295212,1048.576,262144,2,87187.263,701325.738,89042.683,3016360.815,0.00661916199999
291.114909621,1048.576,262144,2,88235.839,701325.738,90091.259,3016360.815,0.00661440900001
291.12153424,1048.576,262144,2,89284.415,701325.738,91139.835,3016360.815,0.00662461900004
291.128290408,1048.576,262144,2,90332.991,701325.738,92188.411,3016360.815,0.00675616799998
291.134909334,1048.576,262144,2,91381.567,701325.738,93236.987,3016360.815,0.00661892599999
291.141382377,420.462,262144,2,91802.029,701326.554,93657.449,3016361.631,0.00647304300003
291.183540602,0.185,185,2,91802.214,701335.53,93657.634,3016370.607,0.042158225
291.202911271,0.221,221,2,91802.435,701351.914,93657.855,3016386.991,0.019370669
292.20360151,0.221,221,2,91802.656,701368.298,93658.076,3016403.375,1.000690239
293.204105144,0.221,221,2,91802.877,701376.49,93658.297,3016411.567,1.000503634
293.664787891,0.339,339,2,91803.216,701385.434,93658.636,3016420.511,0.460682747
294.204730067,0.221,221,2,91803.437,701394.346,93658.857,3016429.423,0.539942176
294.57486674,0.19,190,2,91803.627,701395.69,93659.047,3016430.767,0.370136673
294.579481091,0.19,190,2,91803.817,701397.466,93659.237,3016432.543,0.00461435099999
294.596401475,0.19,190,2,91804.007,701406.65,93659.427,3016441.727,0.016920384
294.767058468,1.575,1575,2,91805.582,701406.65,93661.002,3016441.727,0.170656993
294.769097269,0.286,286,2,91805.868,702898.33,93661.288,3017933.407,0.00203880099997
294.777145478,0.19,190,2,91806.058,702907.226,93661.478,3017942.303,0.00804820900004
295.205457026,0.221,221,2,91806.279,702923.61,93661.699,3017958.687,0.428311548
296.206252883,0.221,221,2,91806.5,702931.802,93661.92,3017966.879,1.000795857
296.758791516,2.339,2339,2,91808.839,702939.994,93664.259,3017975.071,0.552538633
297.207012025,0.221,221,2,91809.06,702956.378,93664.48,3017991.455,0.448220509
298.207554542,0.221,221,2,91809.281,702972.762,93664.701,3018007.839,1.000542517
299.208076314,0.221,221,2,91809.502,702989.866,93664.922,3018024.943,1.000521772
299.617259757,1.575,1575,2,91811.077,702989.866,93666.497,3018024.943,0.409183443
299.619651754,0.286,286,2,91811.363,703400.394,93666.783,3018435.471,0.00239199700002
299.624679267,0.19,190,2,91811.553,703400.842,93666.973,3018435.919,0.00502751299996
299.669556963,0.286,286,2,91811.839,704892.666,93667.259,3019927.743,0.044877696
288.418615898,61.259,61259,3,522.911,174875.328,93667.449,3019929.487,0
299.699762608,462.784,262144,3,985.695,174875.328,94130.233,3019929.487,11.28114671
299.679792554,0.19,190,2,91812.029,704901.706,94192.209,3019937.679,0
300.208775065,0.221,221,2,91812.25,704918.09,94192.43,3019954.063,0.528982511
301.209554067,0.221,221,2,91812.471,704934.474,94192.651,3019970.447,1.000779002
302.21032424,0.221,221,2,91812.692,704942.666,94192.872,3019978.639,1.000770173
302.484333718,0.185,185,2,91812.877,704943.482,94193.057,3019979.455,0.274009478
302.486405251,1.775,1775,2,91814.652,704944.33,94194.832,3019980.303,0.00207153299999
302.488403748,2359.296,262144,2,94173.948,704944.33,96554.128,3019980.303,0.00199849699999
302.529633196,1048.576,262144,2,95222.524,704944.33,97602.704,3019980.303,0.041229448
302.550506578,1048.576,262144,2,96271.1,704944.33,98651.28,3019980.303,0.020873382
302.56100868,1310.72,262144,2,97581.82,704944.33,99962.0,3019980.303,0.010502102
302.568315438,1310.72,262144,2,98892.54,704944.33,101272.72,3019980.303,0.00730675800003
302.575063407,1048.576,262144,2,99941.116,704944.33,102321.296,3019980.303,0.006747969
302.581931688,1048.576,262144,2,100989.692,704944.33,103369.872,3019980.303,0.00686828099998
302.58899057,1310.72,262144,2,102300.412,704944.33,104680.592,3019980.303,0.00705888200002
302.595763681,675.353,262144,2,102975.765,704945.114,105355.945,3019981.087,0.00677311099997
302.642736068,0.185,185,2,102975.95,704954.058,105356.13,3019990.031,0.046972387
303.211054929,0.221,221,2,102976.171,704962.25,105356.351,3019998.223,0.568318861
303.664773886,0.339,339,2,102976.51,704971.162,105356.69,3020007.135,0.453718957
304.211664741,0.221,221,2,102976.731,704980.042,105356.911,3020016.015,0.546890855
304.921668455,0.19,190,2,102976.921,704989.562,105357.101,3020025.535,0.710003714
305.102632397,1.575,1575,2,102978.496,704989.562,105358.676,3020025.535,0.180963942
305.104379507,0.286,286,2,102978.782,706383.066,105358.962,3021419.039,0.00174711
305.116169172,0.19,190,2,102978.972,706392.09,105359.152,3021428.063,0.011789665
305.212401785,0.221,221,2,102979.193,706408.474,105359.373,3021444.447,0.096232613
306.213228936,0.221,221,2,102979.414,706416.666,105359.594,3021452.639,1.000827151
307.115711478,2.339,2339,2,102981.753,706424.858,105361.933,3021460.831,0.902482542
307.214052452,0.221,221,2,102981.974,706441.242,105362.154,3021477.215,0.098340974
308.214738507,0.221,221,2,102982.195,706451.002,105362.375,3021486.975,1.000686055
309.118025607,0.19,190,2,102982.385,706452.442,105362.565,3021488.415,0.9032871
309.12202196,0.19,190,2,102982.575,706453.754,105362.755,3021489.727,0.00399635299999
309.126550074,0.19,190,2,102982.765,706454.938,105362.945,3021490.911,0.00452811400004
309.130570776,0.19,190,2,102982.955,706464.186,105363.135,3021500.159,0.00402070199999
309.215483297,0.221,221,2,102983.176,706481.322,105363.356,3021517.295,0.084912521
309.245448975,1.575,1575,2,102984.751,706481.322,105364.931,3021517.295,0.029965678
309.247501163,0.286,286,2,102985.037,706875.274,105365.217,3021911.247,0.00205218799999
309.253022222,0.19,190,2,102985.227,706875.978,105365.407,3021911.951,0.00552105900005
309.297594964,0.286,286,2,102985.513,707925.226,105365.693,3022961.199,0.044572742
299.703423655,61.976,61976,3,1047.671,174876.608,105365.883,3022963.119,0
309.313650846,471.48,262144,3,1519.151,174876.608,105837.363,3022963.119,9.610227191
309.30940629,0.19,190,2,102985.703,707934.058,105903.687,3022971.311,0
310.21644993,0.221,221,2,102985.924,707950.442,105903.908,3022987.695,0.90704364
311.217319332,0.221,221,2,102986.145,707966.826,105904.129,3023004.079,1.000869402
312.218147481,0.221,221,2,102986.366,707975.018,105904.35,3023012.271,1.000828149
312.427529214,0.185,185,2,102986.551,707975.626,105904.535,3023012.879,0.209381733
312.429717053,1.775,1775,2,102988.326,707976.842,105906.31,3023014.095,0.00218783899999
312.431727201,2621.44,262144,2,105609.766,707976.842,108527.75,3023014.095,0.00201014800001
312.439338407,1048.576,262144,2,106658.342,707976.842,109576.326,3023014.095,0.00761120599998
312.445951984,1048.576,262144,2,107706.918,707976.842,110624.902,3023014.095,0.006613577
312.452577364,1048.576,262144,2,108755.494,707976.842,111673.478,3023014.095,0.00662538
312.459339928,1048.576,262144,2,109804.07,707976.842,112722.054,3023014.095,0.00676256400004
312.465964752,1048.576,262144,2,110852.646,707976.842,113770.63,3023014.095,0.00662482399997
312.472565834,1048.576,262144,2,111901.222,707976.842,114819.206,3023014.095,0.00660108200003
312.479185965,1048.576,262144,2,112949.798,707976.842,115867.782,3023014.095,0.00662013099998
312.485804794,317.542,262144,2,113267.34,707977.418,116185.324,3023014.671,0.00661882899999
312.52164099,0.185,185,2,113267.525,707986.154,116185.509,3023023.407,0.035836196
313.219066228,0.221,221,2,113267.746,707994.346,116185.73,3023031.599,0.697425238
313.664757922,0.339,339,2,113268.085,708003.05,116186.069,3023040.303,0.445691694
314.21981445,0.221,221,2,113268.306,708011.722,116186.29,3023048.975,0.555056528
314.317944031,0.19,190,2,113268.496,708020.73,116186.48,3023057.983,0.098129581
314.471538788,1.575,1575,2,113270.071,708020.73,116188.055,3023057.983,0.153594757
314.473104253,0.286,286,2,113270.357,709659.93,116188.341,3024697.183,0.001565465
314.484639932,0.19,190,2,113270.547,709668.89,116188.531,3024706.143,0.011535679
315.220679609,0.221,221,2,113270.768,709685.274,116188.752,3024722.527,0.736039677
316.221386776,0.221,221,2,113270.989,709693.466,116188.973,3024730.719,1.000707167
316.693092829,2.339,2339,2,113273.328,709701.658,116191.312,3024738.911,0.471706053
317.222080353,0.221,221,2,113273.549,709718.698,116191.533,3024755.951,0.528987524
318.208626393,1.575,1575,2,113275.124,709718.698,116193.108,3024755.951,0.98654604
318.211565643,0.286,286,2,113275.41,709981.834,116193.394,3025051.855,0.00293925
318.218377795,0.19,190,2,113275.6,709990.986,116193.584,3025061.007,0.00681215200001
318.222894875,0.221,221,2,113275.821,709999.178,116193.805,3025069.199,0.00451708000003
318.287214993,0.286,286,2,113276.107,711646.698,116194.091,3026716.719,0.064320118
319.223747601,0.221,221,2,113276.328,711654.89,116194.312,3026724.911,0.936532608
319.432626494,0.19,190,2,113276.518,711663.978,116194.502,3026733.999,0.208878893
320.224579784,0.221,221,2,113276.739,711680.362,116194.723,3026750.383,0.79195329
321.225434772,0.221,221,2,113276.96,711688.554,116194.944,3026766.767,1.000854988
322.226093461,0.221,221,2,113277.181,711696.746,116195.165,3026774.959,1.000658689
323.08360873,0.185,185,2,113277.366,711697.61,116195.35,3026775.823,0.857515269
323.086139805,1.775,1775,2,113279.141,711698.378,116197.125,3026776.591,0.00253107500004
323.088236874,2621.44,262144,2,115900.581,711698.378,118818.565,3026776.591,0.002097069
323.095343172,1048.576,262144,2,116949.157,711698.378,119867.141,3026776.591,0.007106298
323.101950161,1310.72,262144,2,118259.877,711698.378,121177.861,3026776.591,0.00660698899998
323.108728245,1048.576,262144,2,119308.453,711698.378,122226.437,3026776.591,0.00677808400002
323.115353231,1048.576,262144,2,120357.029,711698.378,123275.013,3026776.591,0.00662498599996
323.12196785,1048.576,262144,2,121405.605,711698.378,124323.589,3026776.591,0.006614619
323.128588122,1048.576,262144,2,122454.181,711698.378,125372.165,3026776.591,0.00662027200002
323.135192621,1310.72,262144,2,123764.901,711698.378,126682.885,3026776.591,0.00660449899999
323.141970448,366.929,262144,2,124131.83,711699.21,127049.814,3026777.423,0.00677782700001
323.189419297,0.185,185,2,124132.015,711700.778,127049.999,3026778.991,0.047448849
323.1935492,0.19,190,2,124132.205,711709.706,127050.189,3026787.919,0.00412990300003
323.226991054,0.221,221,2,124132.426,711719.274,127050.41,3026797.487,0.033441854
323.371618711,0.19,190,2,124132.616,711720.522,127050.6,3026798.735,0.144627657
323.375285246,0.19,190,2,124132.806,711721.642,127050.79,3026799.855,0.00366653499998
323.378669451,0.19,190,2,124132.996,711730.794,127050.98,3026809.007,0.00338420500003
323.431146222,1.575,1575,2,124134.571,711730.794,127052.555,3026809.007,0.052476771
323.432924118,0.286,286,2,124134.857,712845.642,127052.841,3027923.855,0.00177789600002
323.444149682,0.19,190,2,124135.047,712846.346,127053.031,3027924.559,0.011225564
323.666551231,2.513,2513,2,124137.56,712855.21,127055.544,3027933.423,0.222401549
324.22792896,0.221,221,2,124137.781,712871.594,127055.765,3027949.807,0.561377729
325.228719461,0.221,221,2,124138.002,712879.786,127055.986,3027957.999,1.000790501
326.016372986,2.339,2339,2,124140.341,712887.978,127058.325,3027966.191,0.787653525
326.229484179,0.221,221,2,124140.562,712905.066,127058.546,3027983.279,0.213111193
326.929666157,1.575,1575,2,124142.137,712905.066,127060.121,3027983.279,0.700181978
326.93265361,0.286,286,2,124142.423,713250.026,127060.407,3028328.239,0.002987453
326.939173441,0.19,190,2,124142.613,713250.89,127060.597,3028329.103,0.00651983099999
326.994769869,0.286,286,2,124142.899,713251.306,127060.883,3029820.463,0.055596428
327.003903792,0.19,190,2,124143.089,713260.314,127061.073,3029829.471,0.00913392300004
327.230334796,0.221,221,2,124143.31,713276.698,127061.294,3029845.855,0.226431004
328.231126575,0.221,221,2,124143.531,713293.082,127061.515,3029862.239,1.000791779
329.231971936,0.221,221,2,124143.752,713301.274,127061.736,3029870.431,1.000845361
330.06179252,0.185,185,2,124143.937,713302.058,127061.921,3029871.215,0.829820584
330.063825743,1.775,1775,2,124145.712,713302.794,127063.696,3029871.951,0.00203322300001
330.065918105,2359.296,262144,2,126505.008,713302.794,129422.992,3029871.951,0.00209236199998
330.072412481,1048.576,262144,2,127553.584,713302.794,130471.568,3029871.951,0.00649437600003
330.078746576,1048.576,262144,2,128602.16,713302.794,131520.144,3029871.951,0.006334095
330.085505565,1048.576,262144,2,129650.736,713302.794,132568.72,3029871.951,0.00675898899999
330.092119737,1048.576,262144,2,130699.312,713302.794,133617.296,3029871.951,0.00661417200001
330.098739087,1048.576,262144,2,131747.888,713302.794,134665.872,3029871.951,0.00661934999999
330.105359672,1048.576,262144,2,132796.464,713302.794,135714.448,3029871.951,0.00662058500001
330.111977281,1048.576,262144,2,133845.04,713302.794,136763.024,3029871.951,0.00661760899999
330.118602052,476.934,262144,2,134321.974,713303.546,137239.958,3029872.703,0.00662477100002
330.158685508,0.185,185,2,134322.159,713312.458,137240.143,3029881.615,0.040083456
330.232909143,0.221,221,2,134322.38,713328.842,137240.364,3029897.999,0.074223635
331.233631518,0.221,221,2,134322.601,713337.722,137240.585,3029906.879,1.000722375
331.491773832,0.19,190,2,134322.791,713347.242,137240.775,3029916.399,0.258142314
331.674117304,1.575,1575,2,134324.366,713347.242,137242.35,3029916.399,0.182343472
331.678975715,0.286,286,2,134324.652,713348.106,137242.636,3031637.583,0.00485841099999
331.688435569,0.19,190,2,134324.842,713357.13,137242.826,3031646.607,0.009459854
309.315202691,66.324,66324,3,1585.475,174877.424,137243.047,3031655.615,0
332.581707265,548.568,262144,3,2134.043,174877.424,137791.615,3031655.615,23.266504574
332.234545812,0.221,221,2,134325.063,713373.514,137896.483,3031663.807,0
333.235469263,0.221,221,2,134325.284,713381.706,137896.704,3031671.999,1.000923451
333.665632917,2.513,2513,2,134327.797,713390.698,137899.217,3031680.991,0.430163654
334.236257019,0.221,221,2,134328.018,713398.89,137899.438,3031689.183,0.570624102
334.483021538,2.425,2425,2,134330.443,713407.082,137901.863,3031697.375,0.246764519
335.236874428,0.221,221,2,134330.664,713424.49,137902.084,3031714.783,0.75385289
335.516768326,1.575,1575,2,134332.239,713424.49,137903.659,3031714.783,0.279893898
335.51979909,0.286,286,2,134332.525,713752.682,137903.945,3032042.975,0.00303076400002
335.524252501,0.19,190,2,134332.715,713753.69,137904.135,3032043.983,0.00445341099999
335.5815758,0.286,286,2,134333.001,715483.178,137904.421,3033773.471,0.057323299
335.589275643,0.19,190,2,134333.191,715492.314,137904.611,3033782.607,0.00769984300001
336.23775228,0.221,221,2,134333.412,715508.698,137904.832,3033798.991,0.648476637
337.238420444,0.221,221,2,134333.633,715525.082,137905.053,3033815.375,1.000668164
338.2389491,0.221,221,2,134333.854,715541.466,137905.274,3033831.759,1.000528656
339.239589249,0.221,221,2,134334.075,715549.658,137905.495,3033839.951,1.000640149
340.116921078,0.185,185,2,134334.26,715550.57,137905.68,3033840.863,0.877331829
340.119347556,1.775,1775,2,134336.035,715551.274,137907.455,3033841.567,0.00242647799996
340.121483987,2621.44,262144,2,136957.475,715551.274,140528.895,3033841.567,0.002136431
340.128606455,1048.576,262144,2,138006.051,715551.274,141577.471,3033841.567,0.00712246800003
340.135203284,1048.576,262144,2,139054.627,715551.274,142626.047,3033841.567,0.00659682899999
340.141978568,1048.576,262144,2,140103.203,715551.274,143674.623,3033841.567,0.00677528400001
340.148596829,1048.576,262144,2,141151.779,715551.274,144723.199,3033841.567,0.00661826099997
340.155219024,1048.576,262144,2,142200.355,715551.274,145771.775,3033841.567,0.00662219500003
340.161841341,1048.576,262144,2,143248.931,715551.274,146820.351,3033841.567,0.00662231699999
340.168465051,1048.576,262144,2,144297.507,715551.274,147868.927,3033841.567,0.00662370999999
340.175073964,366.886,262144,2,144664.393,715552.154,148235.813,3033842.447,0.00660891299998
340.220896631,0.185,185,2,144664.578,715561.194,148235.998,3033851.487,0.045822667
340.240470153,0.221,221,2,144664.799,715570.202,148236.219,3033860.495,0.019573522
340.452126226,0.19,190,2,144664.989,715572.458,148236.409,3033862.751,0.211656073
340.456907413,0.19,190,2,144665.179,715574.426,148236.599,3033864.719,0.00478118699999
340.461806327,0.19,190,2,144665.369,715575.578,148236.789,3033865.871,0.00489891399997
340.468471849,0.19,190,2,144665.559,715584.762,148236.979,3033875.055,0.00666552200005
340.615229738,1.575,1575,2,144667.134,715584.762,148238.554,3033875.055,0.146757889
340.617118973,0.286,286,2,144667.42,716634.074,148238.84,3034924.367,0.00188923500002
284.88546047,402.366,262144,6,402.668,187362.432,148239.03,3034925.871,0
332.583232548,104.868,104868,3,2238.911,174878.208,148685.339,3034926.655,47.697772078
341.226276655,553.786,262144,3,2792.697,174878.208,149239.125,3034926.655,8.643044107
340.629386846,0.19,190,2,144667.61,716642.97,149346.602,3034934.847,0
341.241366364,0.221,221,2,144667.831,716659.354,149346.823,3034951.231,0.611979518
342.242225575,0.221,221,2,144668.052,716667.546,149347.044,3034959.423,1.000859211
343.205297426,2.339,2339,2,144670.391,716675.738,149349.383,3034967.615,0.963071851
343.243034237,0.221,221,2,144670.612,716683.93,149349.604,3034975.807,0.037736811
343.665089264,0.339,339,2,144670.951,716692.794,149349.943,3034984.671,0.422055027
344.243698184,0.221,221,2,144671.172,716709.882,149350.164,3035001.759,0.57860892
344.513536462,1.575,1575,2,144672.747,716709.882,149351.739,3035001.759,0.269838278
344.517728262,0.286,286,2,144673.033,717054.842,149352.025,3035346.719,0.0041918
344.523461319,0.19,190,2,144673.223,717055.706,149352.215,3035347.583,0.00573305699999
344.570703844,0.286,286,2,144673.509,718400.026,149352.501,3036691.903,0.047242525
288.429052232,126.419,126419,4,653.213,126001.408,149352.691,3036693.615,0
344.586377214,613.82,262144,4,1267.033,126001.408,149966.511,3036693.615,56.157324982
344.587757826,209.828,170074,4,1476.861,126001.408,150176.339,3036693.615,0.00138061199999
344.583195445,0.19,190,2,144673.699,718409.018,150216.093,3036701.807,0
345.24448771,0.221,221,2,144673.92,718425.402,150216.314,3036718.191,0.661292265
346.24527855,0.221,221,2,144674.141,718441.786,150216.535,3036734.575,1.00079084
347.246079983,0.221,221,2,144674.362,718449.978,150216.756,3036742.767,1.000801433
348.114839651,0.185,185,2,144674.547,718450.746,150216.941,3036743.535,0.868759668
348.11781322,1.775,1775,2,144676.322,718451.418,150218.716,3036744.207,0.00297356900001
348.11987375,2621.44,262144,2,147297.762,718451.418,152840.156,3036744.207,0.00206052999999
348.126982062,1048.576,262144,2,148346.338,718451.418,153888.732,3036744.207,0.00710831200001
348.13358089,1048.576,262144,2,149394.914,718451.418,154937.308,3036744.207,0.00659882799999
348.140201599,1048.576,262144,2,150443.49,718451.418,155985.884,3036744.207,0.006620709
348.146944757,1048.576,262144,2,151492.066,718451.418,157034.46,3036744.207,0.00674315800001
348.153564149,1048.576,262144,2,152540.642,718451.418,158083.036,3036744.207,0.00661939199995
348.160181911,1048.576,262144,2,153589.218,718451.418,159131.612,3036744.207,0.00661776200002
348.16680026,1048.576,262144,2,154637.794,718451.418,160180.188,3036744.207,0.00661834900001
348.173418958,366.886,262144,2,155004.68,718452.154,160547.074,3036744.943,0.00661869800001
348.20953425,0.185,185,2,155004.865,718461.05,160547.259,3036753.839,0.036115292
348.247148333,0.221,221,2,155005.086,718469.914,160547.48,3036762.703,0.037614083
348.790711261,0.19,190,2,155005.276,718479.402,160547.67,3036772.191,0.543562928
348.935155633,1.575,1575,2,155006.851,718479.402,160549.245,3036772.191,0.144444372
348.937139834,0.286,286,2,155007.137,719709.066,160549.531,3038001.855,0.00198420099997
348.949923543,0.19,190,2,155007.327,719717.674,160549.721,3038010.463,0.012783709
341.2277789,107.477,107477,3,2900.174,174878.96,160549.942,3038019.407,0
349.874788426,722.298,262144,3,3622.472,174878.96,161272.24,3038019.407,8.647009526
349.248051514,0.221,221,2,155007.548,719734.058,161392.822,3038027.599,0
350.24890237,0.221,221,2,155007.769,719750.442,161393.043,3038043.983,1.000850856
351.249738819,0.221,221,2,155007.99,719758.634,161393.264,3038052.175,1.000836449
351.3472878,2.382,2382,2,155010.372,719766.826,161395.646,3038060.367,0.097548981
352.250538833,0.221,221,2,155010.593,719784.154,161395.867,3038077.695,0.903251033
353.128951254,1.575,1575,2,155012.168,719784.154,161397.442,3038077.695,0.878412421
353.130966231,0.286,286,2,155012.454,720130.266,161397.728,3038423.807,0.00201497699999
353.135197842,0.19,190,2,155012.644,720131.29,161397.918,3038424.831,0.00423161100002
353.184361966,0.286,286,2,155012.93,721148.09,161398.204,3039441.631,0.049164124
353.191929694,0.19,190,2,155013.12,721157.242,161398.394,3039450.783,0.00756772800003
353.251292221,0.221,221,2,155013.341,721157.242,161398.615,3039458.975,0.059362527
353.665301191,2.513,2513,2,155015.854,721158.17,161401.128,3039459.903,0.41400897
356.858144022,0.185,185,2,155016.039,721159.066,161401.313,3039460.799,3.192842831
356.860237137,1.775,1775,2,155017.814,721159.706,161403.088,3039461.439,0.00209311500004
356.862291598,2621.44,262144,2,157639.254,721159.706,164024.528,3039461.439,0.002054461
356.869086432,1048.576,262144,2,158687.83,721159.706,165073.104,3039461.439,0.006794834
356.875695651,1048.576,262144,2,159736.406,721159.706,166121.68,3039461.439,0.00660921899998
356.882325611,1048.576,262144,2,160784.982,721159.706,167170.256,3039461.439,0.00662996
356.888940373,1048.576,262144,2,161833.558,721159.706,168218.832,3039461.439,0.00661476200003
356.895557421,1048.576,262144,2,162882.134,721159.706,169267.408,3039461.439,0.00661704799995
356.902174097,1048.576,262144,2,163930.71,721159.706,170315.984,3039461.439,0.00661667600002
356.908947133,1048.576,262144,2,164979.286,721159.706,171364.56,3039461.439,0.00677303600003
356.915576201,414.67,262144,2,165393.956,721160.57,171779.23,3039462.303,0.006629068
356.959414724,0.185,185,2,165394.141,721162.202,171779.415,3039463.935,0.043838523
358.110907883,0.19,190,2,165394.331,721163.706,171779.605,3039465.439,1.151493159
358.184861869,0.19,190,2,165394.521,721165.722,171779.795,3039467.455,0.073953986
358.189667471,0.19,190,2,165394.711,721166.906,171779.985,3039468.639,0.00480560200003
358.192752579,0.19,190,2,165394.901,721167.962,171780.175,3039469.695,0.00308510799999
358.195836941,0.19,190,2,165395.091,721169.306,171780.365,3039471.039,0.00308436199998
358.200519607,0.19,190,2,165395.281,721178.346,171780.555,3039480.079,0.00468266600001
358.318521203,1.575,1575,2,165396.856,721178.346,171782.13,3039480.079,0.118001596
358.320480948,0.286,286,2,165397.142,722964.938,171782.416,3041266.671,0.00195974500002
167.459708324,0.302,152,7,0.302,200285.552,171782.606,3041268.799,0
358.330681609,873.98,262144,7,874.282,200285.552,172656.586,3041268.799,190.870973285
344.588897239,39.754,39754,4,1516.615,126002.288,172708.923,3041269.679,0
358.328446902,0.19,190,2,165397.332,722965.642,173748.449,3041269.679,13.739549663
