time,size,first_call,destination,dest_out_traffic,dest_in_traffic,total_network_out,total_network_in,dens10
4.210701831,0.244,244,2,0.244,24.576,0.244,26.624,0
4.246561014,0.183,183,2,0.427,40.96,0.427,43.008,0.035859183
5.255780182,0.183,183,2,0.61,57.344,0.61,59.392,1.009219168
6.256899003,0.183,183,2,0.793,73.728,0.793,75.776,1.001118821
7.257695246,0.183,183,2,0.976,90.112,0.976,92.16,1.000796243
8.258447857,0.183,183,2,1.159,106.496,1.159,108.544,1.000752611
9.259216789,0.183,183,2,1.342,122.88,1.342,124.928,1.000768932
10.259981195,0.183,183,2,1.525,139.264,1.525,141.312,1.000764406
11.26081544,0.183,183,2,1.708,155.648,1.708,157.696,1.000834245
12.26166995,0.183,183,2,1.891,172.032,1.891,174.08,1.00085451
13.262506272,0.183,183,2,2.074,188.416,2.074,190.464,1.000836322
14.263326876,0.183,183,2,2.257,204.8,2.257,206.848,1.000820604
15.264118142,0.183,183,2,2.44,221.184,2.44,223.232,1.000791266
16.264979079,0.183,183,2,2.623,237.568,2.623,239.616,1.000860937
17.265784888,0.183,183,2,2.806,253.952,2.806,256.0,1.000805809
18.266575376,0.183,183,2,2.989,270.336,2.989,272.384,1.000790488
19.268344766,0.183,183,2,3.172,278.528,3.172,280.576,1.00176939
20.075401389,0.166,166,2,3.338,289.452,3.338,291.5,0.807056623
20.617596621,0.268,268,4,0.268,8.452,3.789,308.144,0.542195232
20.269337319,0.183,183,2,3.521,322.22,4.042,340.912,0
21.172817415,0.283,283,2,3.804,338.604,4.325,357.296,0.903480096
21.219903269,0.207,207,2,4.011,354.988,4.532,373.68,0.047085854
21.269486758,0.102,102,2,4.113,371.372,4.634,390.064,0.049583489
21.280429232,0.219,219,2,4.332,379.564,4.853,398.256,0.010942474
20.661521357,0.253,253,4,0.521,24.836,4.978,33832.578,0
21.673621671,0.291,291,4,0.812,25.123,5.269,34004.819,1.012100314
21.300536141,0.125,125,2,4.457,104941.238,5.503,104976.601,0
21.676388993,0.234,234,4,1.046,41.507,5.722,147825.585,0.375852852
22.677273487,0.405,405,4,1.451,41.908,6.127,147973.834,1.000884494
22.288638577,0.219,219,2,4.676,218929.043,6.357,218981.191,0
22.679116239,0.23,230,4,1.681,58.292,6.576,250583.128,0.390477662
23.304025376,0.219,219,2,4.895,303651.803,7.091,303720.846,0.624909137
23.680375537,0.515,515,4,2.196,75.187,7.31,330886.107,0.376350161
24.316984639,0.219,219,2,5.114,390147.518,7.825,390233.456,0.636609102
24.681979283,0.515,515,4,2.711,92.082,8.044,422653.642,0.364994644
25.33139892,0.219,219,2,5.333,491529.187,8.559,491632.02,0.649419637
25.683823476,0.515,515,4,3.226,108.977,8.778,543801.284,0.352424556
26.346322331,0.219,219,2,5.552,563335.075,9.293,563454.803,0.662498855
26.814527866,0.125,125,2,5.677,637330.91,9.418,637450.638,0.468205535
26.685475196,0.515,515,4,3.741,125.872,9.637,685303.718,0
27.357377034,0.219,219,2,5.896,707918.742,10.152,708055.365,0.671901838
28.359066459,0.174,174,2,6.07,707935.126,10.326,708071.749,1.001689425
28.362338128,0.188,188,2,6.258,707943.318,10.514,708079.941,0.003271669
28.363421727,0.219,219,2,6.477,707951.51,10.733,708088.133,0.001083599
27.688078221,0.515,515,4,4.256,142.767,10.856,708096.325,0
28.365781534,0.123,123,2,6.6,708180.459,11.507,708334.113,0.677703313
28.366327806,0.651,651,4,4.907,159.798,11.677,708342.305,0.000546272000001
28.397437432,0.17,170,2,6.77,708196.843,12.174,708359.182,0.031109626
28.399858156,0.184,184,2,6.954,708205.035,12.358,708367.374,0.002420724
28.398259762,0.497,497,4,5.404,168.483,12.481,708425.974,0
28.403119325,0.123,123,2,7.077,708263.635,12.86,708442.733,0.004859563
28.417732951,0.379,379,4,5.783,185.242,13.079,708459.117,0.014613626
29.378049293,0.219,219,2,7.296,708280.019,13.391,708492.189,0.960316342
30.379131913,0.219,219,2,7.515,708288.211,13.61,708500.381,1.00108262
30.929477213,0.176,176,2,7.691,708289.235,13.786,708501.405,0.5503453
30.961027516,0.154,154,2,7.845,708292.819,13.94,708504.989,0.031550303
31.094751075,0.17,170,2,8.015,708293.843,14.11,708506.013,0.133723559
31.130358646,0.172,172,2,8.187,708303.059,14.282,708515.229,0.035607571
31.380133411,0.219,219,2,8.406,708311.251,14.501,708523.421,0.249774765
31.437816845,0.177,177,2,8.583,708311.763,14.678,708523.933,0.057683434
31.463766849,0.176,176,2,8.759,708312.275,14.854,708524.445,0.025950004
31.481816247,1.53,1530,2,10.289,708313.747,16.384,708525.917,0.018049398
31.544923103,1.256,1256,2,11.545,708314.691,17.64,708526.861,0.063106856
31.555200864,0.171,171,2,11.716,708323.795,17.811,708535.965,0.010277761
32.381204954,0.219,219,2,11.935,708340.179,18.03,708552.349,0.82600409
33.381942775,0.219,219,2,12.154,708356.563,18.249,708568.733,1.000737821
34.382583543,0.219,219,2,12.373,708372.947,18.468,708585.117,1.000640768
35.383280928,0.219,219,2,12.592,708381.139,18.687,708593.309,1.000697385
36.384233667,0.219,219,2,12.811,708397.523,18.906,708609.693,1.000952739
37.384919152,0.219,219,2,13.03,708413.907,19.125,708626.077,1.000685485
38.385687335,0.219,219,2,13.249,708430.291,19.344,708642.461,1.000768183
39.386757288,0.219,219,2,13.468,708446.675,19.563,708658.845,1.001069953
40.387369694,0.219,219,2,13.687,708463.059,19.782,708675.229,1.000612406
41.38808664,0.219,219,2,13.906,708471.251,20.001,708683.421,1.000716946
41.930588943,0.339,339,2,14.245,708479.891,20.34,708692.061,0.542502303
42.388963916,0.219,219,2,14.464,708496.275,20.559,708708.445,0.458374973
43.389622494,0.219,219,2,14.683,708512.659,20.778,708724.829,1.000658578
44.390364619,0.219,219,2,14.902,708529.043,20.997,708741.213,1.000742125
45.391037851,0.219,219,2,15.121,708545.427,21.216,708757.597,1.000673232
46.391741551,0.219,219,2,15.34,708561.811,21.435,708773.981,1.0007037
47.392386197,0.22,220,2,15.56,708578.195,21.655,708790.365,1.000644646
48.393013778,0.22,220,2,15.78,708595.219,21.875,708807.389,1.000627581
49.192723574,1.575,1575,2,17.355,708595.219,23.45,708807.389,0.799709796
49.309553371,0.286,286,2,17.641,708604.947,23.736,708817.117,0.116829797
49.379060918,0.189,189,2,17.83,708619.283,23.925,708831.453,0.069507547
49.393873929,0.22,220,2,18.05,708627.475,24.145,708839.645,0.014813011
49.775651073,0.286,286,2,18.336,708674.579,24.431,708886.749,0.381777144
49.784702558,0.189,189,2,18.525,708684.819,50.289,708899.037,0.009051485
50.814831959,0.23,230,8,0.23,40.96,50.739,708950.237,1.030129401
50.39491589,0.22,220,2,18.745,708701.203,50.994,710552.373,0
51.395944252,0.22,220,2,18.965,708709.395,51.214,716176.77,1.001028362
51.938003075,2.513,2513,2,21.478,708718.099,53.727,721999.898,0.542058823
52.396848516,0.22,220,2,21.698,708734.483,53.947,733335.145,0.458845441
53.397794137,0.22,220,2,21.918,708750.867,54.167,745905.399,1.000945621
54.398798166,0.22,220,2,22.138,708767.251,54.387,758409.58,1.001004029
55.399811992,0.22,220,2,22.358,708783.635,54.607,771706.637,1.001013826
56.400782547,0.22,220,2,22.578,708800.019,54.827,784871.548,1.000970555
57.401846568,0.22,220,2,22.798,708816.403,55.047,798565.043,1.001064021
58.403092646,0.22,220,2,23.018,708832.787,55.267,811201.37,1.001246078
59.40492547,0.22,220,2,23.238,708849.171,55.487,824300.208,1.001832824
60.405936318,0.22,220,2,23.458,708865.555,55.707,837597.265,1.001010848
61.406854429,0.22,220,2,23.678,708873.747,55.927,844344.903,1.000918111
50.915361373,0.153,153,9,0.153,135602.176,58.44,844741.853,0
61.92662107,2.513,2513,2,26.191,708874.259,58.593,844818.438,11.011259697
62.072729789,2.581,2581,2,28.772,708886.787,61.174,844830.966,0.146108719
50.888868546,0.102,102,8,0.332,73.728,62.749,844855.542,0
61.964308569,0.153,153,9,0.306,135678.761,62.979,844863.734,11.075440023
62.082828992,1.575,1575,2,30.347,708894.979,63.132,847653.427,0.118520423
62.407772358,0.22,220,2,30.567,708911.363,63.352,860752.265,0.324943366
63.408719202,0.22,220,2,30.787,708927.747,63.572,873586.811,1.000946844
64.409738038,0.22,220,2,31.007,708944.131,63.792,886619.576,1.001018836
65.41082714,0.22,220,2,31.227,708960.515,64.012,899916.633,1.001089102
66.411779491,0.22,220,2,31.447,708976.899,64.232,912420.814,1.000952351
67.412823469,0.22,220,2,31.667,708985.091,64.452,925048.949,1.001043978
68.41394819,0.22,220,2,31.887,709001.475,64.672,938147.787,1.001124721
69.414968695,0.22,220,2,32.107,709017.859,64.892,951378.771,1.001020505
70.415819287,0.22,220,2,32.327,709034.243,65.112,964147.244,1.000850592
71.416574279,0.22,220,2,32.547,709042.435,65.332,970168.079,1.000754992
71.926079715,2.513,2513,2,35.06,709054.723,67.845,976589.448,0.509505436
62.150633185,0.153,153,9,0.459,271266.992,68.065,980628.093,0
72.417431413,0.22,220,2,35.28,709062.915,68.218,980725.862,10.266798228
72.775072789,2.538,2538,2,37.818,709075.203,70.756,980738.15,0.357641376
62.147851856,0.23,230,8,0.562,106.496,72.331,980762.726,0
72.795320443,0.23,230,8,0.792,122.88,72.561,980779.11,10.647468587
72.7238026,0.153,153,9,0.612,271364.761,72.705,980787.302,0
72.781681839,1.575,1575,2,39.393,709083.395,72.858,987889.116,0.057879239
73.418388265,0.22,220,2,39.613,709099.779,73.078,1000855.808,0.636706426
74.419448807,0.22,220,2,39.833,709116.163,73.298,1013624.281,1.001060542
75.420404123,0.22,220,2,40.053,709132.547,73.518,1026921.338,1.000955316
76.421483546,0.22,220,2,40.273,709148.931,73.738,1040350.541,1.001079423
77.422449188,0.22,220,2,40.493,709165.315,73.958,1053845.817,1.000965642
78.423351315,0.22,220,2,40.713,709181.699,74.178,1067142.874,1.000902127
79.424279629,0.22,220,2,40.933,709198.083,74.398,1080506.004,1.000928314
80.425166936,0.22,220,2,41.153,709214.467,74.618,1093538.769,1.000887307
81.426084702,0.22,220,2,41.373,709222.659,74.838,1100220.334,1.000917766
81.925211078,2.513,2513,2,43.886,709263.619,77.351,1107066.813,0.499126376
72.799620915,0.153,153,9,0.765,407036.441,77.571,1116655.59,0
82.427007557,0.22,220,2,44.106,709271.811,77.724,1116860.922,9.627386642
83.192428984,2.538,2538,2,46.644,709304.579,80.262,1116893.69,0.765421427
72.797425409,0.144,144,8,0.936,155.648,81.837,1116918.266,0
83.209568163,0.23,230,8,1.166,172.032,82.067,1116934.65,10.412142754
83.143234087,0.153,153,9,0.918,407241.773,82.211,1116942.842,0
83.198154099,1.575,1575,2,48.219,709312.771,82.364,1119332.449,0.054920012
83.428131542,0.22,220,2,48.439,709329.155,82.584,1132100.922,0.229977443
84.429165123,0.22,220,2,48.659,709345.539,82.804,1145331.906,1.001033581
85.430175704,0.22,220,2,48.879,709361.923,83.024,1158827.182,1.001010581
86.431057936,0.22,220,2,49.099,709378.307,83.244,1172322.458,1.000882232
87.431972142,0.22,220,2,49.319,709394.691,83.464,1185817.734,1.000914206
88.432986957,0.22,220,2,49.539,709411.075,83.684,1199445.156,1.001014815
89.434052976,0.22,220,2,49.759,709427.459,83.904,1213072.578,1.001066019
90.435280994,0.22,220,2,49.979,709443.843,84.124,1226369.635,1.001228018
91.436194567,0.22,220,2,50.199,709452.035,84.344,1232852.981,1.000913573
91.923858165,2.513,2513,2,52.712,709509.379,86.857,1239781.917,0.487663598
92.437184262,0.22,220,2,52.932,709525.763,87.077,1252814.682,0.513326097
83.215340747,0.153,153,9,1.071,542892.429,87.297,1252822.874,0
93.438072539,0.22,220,2,53.152,709533.955,87.45,1252979.503,10.222731792
93.488798867,2.538,2538,2,55.69,709566.723,89.988,1253012.271,0.050726328
83.212604335,0.144,144,8,1.31,204.8,91.563,1253036.847,0
93.507530803,0.23,230,8,1.54,221.184,91.793,1253053.231,10.294926468
93.442380793,0.153,153,9,1.224,543049.058,91.937,1253061.423,0
93.495673593,1.575,1575,2,57.265,709574.915,92.09,1264933.151,0.0532928
94.439051012,0.22,220,2,57.485,709591.299,92.31,1278362.354,0.943377419
95.440123034,0.22,220,2,57.705,709607.683,92.53,1291923.703,1.001072022
96.44103636,0.22,220,2,57.925,709624.067,92.75,1304824.322,1.000913326
97.441928514,0.22,220,2,58.145,709640.451,92.97,1318121.379,1.000892154
98.442927003,0.22,220,2,58.365,709656.835,93.19,1331616.655,1.000998489
99.44391436,0.22,220,2,58.585,709665.027,93.41,1345169.812,1.000987357
100.444866552,0.22,220,2,58.805,709681.411,93.63,1358532.942,1.000952192
101.445810313,0.22,220,2,59.025,709689.603,93.85,1365016.288,1.000943761
101.925351457,2.513,2513,2,61.538,709763.331,96.363,1372027.681,0.479541144
102.446742824,0.22,220,2,61.758,709779.715,96.583,1385456.884,0.521391367
93.512289216,0.153,153,9,1.377,678535.177,96.803,1388768.726,0
103.44763229,0.22,220,2,61.978,709787.907,96.956,1388931.147,9.935343074
103.741404617,2.538,2538,2,64.516,709853.443,99.494,1388996.683,0.293772327
93.509957105,0.144,144,8,1.684,253.952,101.069,1389021.259,0
103.7562319,0.23,230,8,1.914,270.336,101.299,1389037.643,10.246274795
103.695446761,0.153,153,9,1.53,678697.598,101.443,1389045.835,0
103.747608829,1.575,1575,2,66.091,709861.635,101.596,1397646.304,0.052162068
104.448552123,0.22,220,2,66.311,709878.019,101.816,1411075.507,0.700943294
105.449460398,0.22,220,2,66.531,709894.403,102.036,1424570.783,1.000908275
106.450405503,0.22,220,2,66.751,709910.787,102.256,1437999.986,1.000945105
107.451399548,0.22,220,2,66.971,709927.171,102.476,1451495.262,1.000994045
108.452314904,0.22,220,2,67.191,709943.555,102.696,1464660.173,1.000915356
109.453227878,0.22,220,2,67.411,709959.939,102.916,1478089.376,1.000912974
110.4542528,0.22,220,2,67.631,709976.323,103.136,1491650.725,1.001024922
111.45531267,0.22,220,2,67.851,709984.515,103.356,1497803.706,1.00105987
111.923859491,2.513,2513,2,70.364,710025.475,105.869,1505046.623,0.468546821
112.456235227,0.22,220,2,70.584,710041.859,106.089,1516097.198,0.532375736
103.759802714,0.153,153,9,1.683,814348.254,106.309,1524893.099,0
113.457146559,0.22,220,2,70.804,710050.051,106.462,1524987.074,9.697343845
114.161749534,2.538,2538,2,73.342,710082.819,109.0,1525019.842,0.704602975
103.757992194,0.144,144,8,2.058,303.104,110.575,1525044.418,0
114.174984104,0.23,230,8,2.288,311.296,110.805,1525052.61,10.41699191
114.114084004,0.153,153,9,1.836,814442.229,110.949,1525068.994,0
114.167049993,1.575,1575,2,74.917,710091.011,111.102,1528647.915,0.052965989
114.458024736,0.22,220,2,75.137,710107.395,111.322,1541944.972,0.290974743
115.458922577,0.22,220,2,75.357,710123.779,111.542,1554647.372,1.000897841
116.459900036,0.22,220,2,75.577,710140.163,111.762,1566094.385,1.000977459
117.460830778,0.22,220,2,75.797,710156.547,111.982,1579787.88,1.000930742
118.461827027,0.22,220,2,76.017,710172.931,112.202,1592820.645,1.000996249
119.462725374,0.22,220,2,76.237,710189.315,112.422,1606249.848,1.000898347
120.463633091,0.22,220,2,76.457,710205.699,112.642,1619745.124,1.000907717
121.464518935,0.22,220,2,76.677,710213.891,112.862,1625898.105,1.000885844
121.923764602,2.513,2513,2,79.19,710254.851,115.375,1633339.241,0.459245667
122.465393853,0.22,220,2,79.41,710271.235,115.595,1646438.079,0.541629251
123.46605555,0.22,220,2,79.63,710287.619,115.815,1659536.917,1.000661697
114.179017575,0.153,153,9,1.989,950092.885,116.035,1660932.642,0
124.467018097,0.22,220,2,79.85,710295.811,116.188,1661089.271,10.288000522
124.617107509,2.538,2538,2,82.388,710328.579,118.726,1661122.039,0.150089412
114.176558907,0.144,144,8,2.432,344.064,120.301,1661138.423,0
124.63371888,0.23,230,8,2.662,368.64,120.531,1661162.999,10.457159973
124.56961365,0.153,153,9,2.142,950249.514,120.675,1661171.191,0
124.623201559,1.575,1575,2,83.963,710336.771,120.828,1672398.994,0.053587909
125.468146271,0.22,220,2,84.183,710353.155,121.048,1685497.832,0.844944712
126.469083491,0.22,220,2,84.403,710369.539,121.268,1699059.181,1.00093722
127.470063743,0.22,220,2,84.623,710385.923,121.488,1712554.457,1.000980252
128.471178792,0.22,220,2,84.843,710402.307,121.708,1725917.587,1.001115049
129.472047849,0.22,220,2,85.063,710418.691,121.928,1738487.841,1.000869057
130.472989391,0.22,220,2,85.283,710435.075,122.148,1751850.971,1.000941542
131.474278486,0.22,220,2,85.503,710435.075,122.368,1757863.614,1.001289095
131.924283042,2.513,2513,2,88.016,710459.651,124.881,1765354.439,0.450004556
132.475744195,0.221,221,2,88.237,710476.035,125.102,1778981.861,0.551461153
133.476395279,0.221,221,2,88.458,710492.419,125.323,1792543.21,1.000651084
124.637175105,0.153,153,9,2.295,1085950.657,125.544,1797044.366,0
134.476952094,0.221,221,2,88.679,710500.611,125.697,1797110.439,9.839776989
134.884914051,2.538,2538,2,91.217,710525.187,128.235,1797135.015,0.407961957
124.635267087,0.144,144,8,2.806,401.408,129.81,1797159.591,0
134.898269977,0.23,230,8,3.036,417.792,130.04,1797175.975,10.26300289
134.830629961,0.153,153,9,2.448,1086016.73,130.184,1797184.167,0
134.890490294,1.575,1575,2,92.792,710533.379,130.337,1805357.144,0.059860333
135.477799358,0.221,221,2,93.013,710549.763,130.558,1818852.42,0.587309064
136.478812189,0.221,221,2,93.234,710566.147,130.779,1832281.623,1.001012831
137.479733594,0.221,221,2,93.455,710582.531,131.0,1845842.972,1.000921405
138.480635778,0.221,221,2,93.676,710598.915,131.221,1859272.175,1.000902184
139.481559596,0.221,221,2,93.897,710615.299,131.442,1872701.378,1.000923818
140.482450933,0.221,221,2,94.118,710631.683,131.663,1886130.581,1.000891337
141.483208873,0.221,221,2,94.339,710639.875,131.884,1892019.27,1.00075794
141.92327771,2.513,2513,2,96.852,710713.603,134.397,1899493.174,0.440068837
142.48388363,0.221,221,2,97.073,710729.987,134.618,1912658.085,0.56060592
143.484823696,0.221,221,2,97.294,710746.371,134.839,1925756.923,1.000940066
134.902812167,0.153,153,9,2.601,1222164.916,135.06,1933561.729,0
144.485843971,0.221,221,2,97.515,710754.563,135.213,1933815.764,9.583031804
145.12014662,2.538,2538,2,100.053,710852.867,137.751,1933914.068,0.634302649
134.900755413,0.144,144,8,3.18,442.368,139.326,1933930.452,0
145.132264621,0.23,230,8,3.41,466.944,139.556,1933955.028,10.231509208
145.075669198,0.153,153,9,2.754,1222418.951,139.7,1933963.22,0
145.125237329,1.575,1575,2,101.628,710861.059,139.853,1938467.163,0.049568131
145.486724336,0.221,221,2,101.849,710877.443,140.074,1951433.855,0.361487007
146.496114588,0.221,221,2,102.07,710893.827,140.295,1964796.985,1.009390252
147.497068253,0.221,221,2,102.291,710910.211,140.516,1978292.261,1.000953665
148.498036208,0.221,221,2,102.512,710926.595,140.737,1990267.858,1.000967955
149.499713467,0.221,221,2,102.733,710942.979,140.958,2003036.331,1.001677259
150.500568608,0.221,221,2,102.954,710959.363,141.179,2016003.023,1.000855141
151.501223651,0.221,221,2,103.175,710967.555,141.4,2021627.42,1.000655043
151.923860089,2.513,2513,2,105.688,711008.515,143.913,2029266.775,0.422636438
152.5020102,0.221,221,2,105.909,711024.899,144.134,2042699.302,0.578150111
153.502894877,0.221,221,2,106.13,711041.283,144.355,2055798.14,1.000884677
154.503787904,0.221,221,2,106.351,711057.667,144.576,2069095.197,1.000893027
145.135872053,0.153,153,9,2.907,1358337.223,144.797,2070094.484,0
155.504772205,0.221,221,2,106.572,711065.859,144.95,2070219.786,10.368900152
155.626072284,2.538,2538,2,109.11,711115.011,147.488,2070268.938,0.121300079
145.134030382,0.144,144,8,3.554,491.52,149.063,2070285.322,0
155.639334904,0.23,230,8,3.784,516.096,149.293,2070309.898,10.505304522
155.579330368,0.153,153,9,3.06,1358462.525,149.437,2070318.09,0
155.63118959,1.575,1575,2,110.685,711123.203,149.59,2081627.552,0.051859222
156.505661021,0.221,221,2,110.906,711139.587,149.811,2095056.755,0.874471431
157.506610379,0.221,221,2,111.127,711155.971,150.032,2108552.031,1.000949358
158.507530562,0.221,221,2,111.348,711172.355,150.253,2122047.307,1.000920183
159.50842351,0.221,221,2,111.569,711188.739,150.474,2135608.656,1.000892948
160.509307967,0.221,221,2,111.79,711205.123,150.695,2149103.932,1.000884457
161.510184466,0.221,221,2,112.011,711213.315,150.916,2154728.329,1.000876499
161.923118428,2.513,2513,2,114.524,711237.891,153.429,2162747.738,0.412933962
162.511054956,0.221,221,2,114.745,711254.275,153.65,2176264.251,0.587936528
163.511942856,0.221,221,2,114.966,711262.467,153.871,2189288.824,1.0008879
164.512838442,0.221,221,2,115.187,711278.851,154.092,2202057.297,1.000895586
155.64299652,0.153,153,9,3.213,1494266.564,154.313,2206294.161,0
165.513719801,0.221,221,2,115.408,711287.043,154.466,2206456.582,9.870723281
165.866571697,2.538,2538,2,117.946,711319.811,157.004,2206489.35,0.352851896
155.641253263,0.144,144,8,3.928,540.672,158.579,2206505.734,0
165.878411866,0.23,230,8,4.158,565.248,158.809,2206530.31,10.237158603
165.823983841,0.153,153,9,3.366,1494428.985,158.953,2206538.502,0
165.871905463,1.575,1575,2,119.521,711328.003,159.106,2215138.971,0.047921622
166.514661038,0.221,221,2,119.742,711344.387,159.327,2228700.32,0.642755575
167.515629839,0.221,221,2,119.963,711360.771,159.548,2242261.669,1.000968801
168.516538279,0.221,221,2,120.184,711377.155,159.769,2255823.018,1.00090844
169.517424775,0.221,221,2,120.405,711393.539,159.99,2268855.783,1.000886496
170.51840741,0.221,221,2,120.626,711409.923,160.211,2282417.132,1.000982635
171.519277108,0.221,221,2,120.847,711418.115,160.432,2287843.31,1.000869698
171.927971366,2.513,2513,2,123.36,711491.843,162.945,2295977.944,0.408694258
172.520231926,0.221,221,2,123.581,711508.227,163.166,2309275.001,0.59226056
173.52121465,0.221,221,2,123.802,711524.611,163.387,2322704.204,1.000982724
174.522207999,0.221,221,2,124.023,711540.995,163.608,2336067.334,1.000993349
165.881528355,0.153,153,9,3.519,1630299.097,163.829,2342637.99,0
175.52319334,0.221,221,2,124.244,711549.187,163.982,2342794.619,9.641664985
176.062224214,2.538,2538,2,126.782,711647.491,166.52,2342892.923,0.539030874
165.88001749,0.144,144,8,4.302,598.016,168.095,2342917.499,0
176.083080967,0.23,230,8,4.532,614.4,168.325,2342933.883,10.203063477
176.019989344,0.153,153,9,3.672,1630455.726,168.469,2342942.075,0
176.070333795,1.575,1575,2,128.357,711655.683,168.622,2348658.93,0.050344451
176.524083454,0.221,221,2,128.578,711672.067,168.843,2361889.914,0.453749659
177.524906798,0.221,221,2,128.799,711688.451,169.064,2375385.19,1.000823344
178.525531761,0.221,221,2,129.02,711704.835,169.285,2388880.466,1.000624963
179.526059572,0.221,221,2,129.241,711721.219,169.506,2401913.231,1.000527811
180.526887045,0.221,221,2,129.462,711737.603,169.727,2415474.58,1.000827473
181.527726351,0.221,221,2,129.683,711745.795,169.948,2420768.612,1.000839306
181.922957613,2.513,2513,2,132.196,711786.755,172.461,2428870.478,0.395231262
182.528573436,0.221,221,2,132.417,711803.139,172.682,2442167.535,0.605615823
183.529410313,0.221,221,2,132.638,711819.523,172.903,2455728.884,1.000836877
184.530234418,0.221,221,2,132.859,711835.907,173.124,2468761.649,1.000824105
176.088899401,0.153,153,9,3.825,1766262.126,173.345,2478945.083,0
185.531225465,0.221,221,2,133.08,711844.099,173.498,2479266.506,9.442326064
186.329166527,2.538,2538,2,135.618,711893.251,176.036,2479315.658,0.797941062
176.084859804,0.144,144,8,4.676,638.976,177.611,2479332.042,0
186.339849723,0.23,230,8,4.906,663.552,177.841,2479356.618,10.254989919
186.286157184,0.153,153,9,3.978,1766583.549,177.985,2479364.81,0
186.333839607,1.575,1575,2,137.193,711901.443,178.138,2481952.636,0.047682423
186.532115312,0.221,221,2,137.414,711917.827,178.359,2495183.62,0.198275705
187.533010541,0.221,221,2,137.635,711934.211,178.58,2508811.042,1.000895229
188.533894858,0.221,221,2,137.856,711950.595,178.801,2522240.245,1.000884317
189.534661936,0.221,221,2,138.077,711966.979,179.022,2535339.083,1.000767078
190.535629746,0.221,221,2,138.298,711983.363,179.243,2548900.432,1.00096781
191.53658033,0.221,221,2,138.519,711991.555,179.464,2553996.245,1.000950584
191.923064469,2.513,2513,2,141.032,712016.131,181.977,2562279.946,0.386484139
192.537488933,0.221,221,2,141.253,712032.515,182.198,2575709.149,0.614424464
193.538309036,0.221,221,2,141.474,712048.899,182.419,2589072.279,1.000820103
194.538992579,0.221,221,2,141.695,712065.283,182.64,2601906.825,1.000683543
186.34320359,0.153,153,9,4.131,1902168.132,182.861,2615121.425,0
195.539991393,0.221,221,2,141.916,712073.475,183.014,2615291.018,9.196787803
196.541076063,0.221,221,2,142.137,712081.667,183.235,2615299.21,1.00108467
196.563887216,2.538,2538,2,144.675,712114.435,185.773,2615331.978,0.022811153
186.341422242,0.144,144,8,5.05,688.128,187.348,2615348.362,0
196.575275161,0.23,230,8,5.28,712.704,187.578,2615372.938,10.233852919
196.518093854,0.153,153,9,4.284,1902329.533,187.722,2615381.13,0
196.568816605,1.575,1575,2,146.25,712122.627,187.875,2627769.628,0.050722751
197.542168143,0.221,221,2,146.471,712139.011,188.096,2641330.977,0.973351538
198.543045404,0.221,221,2,146.692,712155.395,188.317,2654628.034,1.000877261
199.543723386,0.221,221,2,146.913,712171.779,188.538,2667528.653,1.000677982
200.544559572,0.221,221,2,147.134,712188.163,188.759,2680957.856,1.000836186
201.54551622,0.221,221,2,147.355,712196.355,188.98,2686119.742,1.000956648
201.923891617,2.513,2513,2,149.868,712335.619,191.493,2694385.985,0.378375397
202.546753689,0.221,221,2,150.089,712352.003,191.714,2707881.261,0.622862072
203.547717453,0.221,221,2,150.31,712368.387,191.935,2721574.756,1.000963764
204.548594469,0.221,221,2,150.531,712384.771,192.156,2735334.324,1.000877016
205.549648839,0.221,221,2,150.752,712401.155,192.377,2748829.6,1.00105437
196.578635558,0.153,153,9,4.437,2038794.933,192.598,2752141.442,0
206.550663693,0.221,221,2,150.973,712409.347,192.751,2752395.477,9.972028135
206.834756914,2.538,2538,2,153.511,712474.883,195.289,2752461.013,0.284093221
196.57676932,0.144,144,8,5.424,737.28,196.864,2752477.397,0
206.849269307,0.23,230,8,5.654,761.856,197.094,2752501.973,10.272499987
206.792697853,0.153,153,9,4.59,2039048.968,197.238,2752510.165,0
206.840495187,1.575,1575,2,155.086,712483.075,197.391,2762388.435,0.047797334
207.551602213,0.221,221,2,155.307,712499.459,197.612,2775553.346,0.711107026
208.552308023,0.221,221,2,155.528,712515.843,197.833,2788916.476,1.00070581
209.55316042,0.221,221,2,155.749,712532.227,198.054,2802279.606,1.000852397
210.554376392,0.221,221,2,155.97,712548.611,198.275,2815708.809,1.001215972
211.555346526,0.221,221,2,156.191,712556.803,198.496,2820804.622,1.000970134
211.923447112,2.513,2513,2,158.704,712597.763,201.009,2829038.634,0.368100586
212.556424263,0.221,221,2,158.925,712614.147,201.23,2842666.056,0.632977151
213.557424834,0.221,221,2,159.146,712630.531,201.451,2856359.551,1.001000571
214.558310773,0.221,221,2,159.367,712646.915,201.672,2869920.9,1.000885939
215.559243862,0.221,221,2,159.588,712663.299,201.893,2883614.395,1.000933089
206.851723774,0.153,153,9,4.743,2175250.622,202.114,2888908.427,0
216.560175203,0.221,221,2,159.809,712671.491,202.267,2889290.276,9.708451429
216.993447828,2.538,2538,2,162.347,712704.259,204.805,2889323.044,0.433272625
206.850481174,0.144,144,8,5.798,794.624,206.38,2889347.62,0
217.005754943,0.23,230,8,6.028,811.008,206.61,2889364.004,10.155273769
216.948053746,0.153,153,9,4.896,2175632.471,206.754,2889372.196,0
216.998642683,1.575,1575,2,163.922,712712.451,206.907,2896870.448,0.050588937
217.561185755,0.221,221,2,164.143,712728.835,207.128,2910299.651,0.562543072
218.562069292,0.221,221,2,164.364,712745.219,207.349,2923464.562,1.000883537
219.562897601,0.221,221,2,164.585,712761.603,207.57,2937025.911,1.000828309
220.563763149,0.221,221,2,164.806,712777.987,207.791,2950587.26,1.000865548
221.564578508,0.221,221,2,165.027,712786.179,208.012,2955418.781,1.000815359
221.923526544,2.513,2513,2,167.54,712818.947,210.525,2964173.185,0.358948036
222.565443568,0.221,221,2,167.761,712835.331,210.746,2977719.945,0.641917024
223.566313589,0.221,221,2,167.982,712851.715,210.967,2991083.075,1.000870021
224.567217192,0.221,221,2,168.203,712868.099,211.188,3004247.986,1.000903603
225.568240682,0.221,221,2,168.424,712884.483,211.409,3017743.262,1.00102349
217.008815054,0.153,153,9,5.049,2311619.927,211.63,3025548.068,0
226.569664289,0.221,221,2,168.645,712892.675,211.783,3025802.103,9.560849235
227.191243171,2.538,2538,2,171.183,712913.155,214.321,3025822.583,0.621578882
217.007381892,0.144,144,8,6.172,835.584,215.896,3025838.967,0
227.196142548,1.575,1575,2,172.758,712913.155,216.126,3025863.543,10.188760656
227.147854631,0.153,153,9,5.202,2311873.962,216.318,3025871.735,0
227.205129863,0.192,192,2,172.95,712921.347,216.471,3029934.191,0.057275232
227.570724447,0.221,221,2,173.171,712929.539,216.692,3043627.638,0.365594584
228.57188218,0.221,221,2,173.392,712945.923,216.913,3057387.206,1.001157733
229.572830914,0.221,221,2,173.613,712962.307,217.134,3070750.336,1.000948734
230.573842705,0.221,221,2,173.834,712978.691,217.355,3084575.977,1.001011791
231.57568314,0.221,221,2,174.055,712986.883,217.576,3089407.498,1.001840435
231.92281258,2.513,2513,2,176.568,713060.611,220.089,3098533.227,0.34712944
232.577319547,0.221,221,2,176.789,713076.995,220.31,3112491.014,0.654506967
233.578512317,0.221,221,2,177.01,713093.379,220.531,3126118.436,1.00119277
234.580010507,0.221,221,2,177.231,713109.763,220.752,3139613.712,1.00149819
235.580841357,0.221,221,2,177.452,713126.147,220.973,3153108.988,1.00083085
227.206893056,0.153,153,9,5.355,2447545.642,221.194,3161772.743,0
236.581697064,0.221,221,2,177.673,713134.339,221.347,3162026.778,9.374804008
237.2415032,2.538,2538,2,180.211,713232.643,223.885,3162125.082,0.659806136
227.203159792,0.23,230,8,6.402,892.88,225.46,3162141.466,0
237.254049496,0.23,230,8,6.632,917.456,225.69,3162166.042,10.050889704
237.20661516,0.153,153,9,5.508,2447799.677,225.834,3162174.234,0
237.247785495,1.575,1575,2,181.786,713240.835,225.987,3167330.558,0.041170335
237.582901735,0.221,221,2,182.007,713257.219,226.208,3180825.834,0.33511624
238.583706985,0.221,221,2,182.228,713273.603,226.429,3193528.234,1.00080525
239.584922095,0.221,221,2,182.449,713289.987,226.65,3206957.437,1.00121511
240.585663364,0.221,221,2,182.67,713306.371,226.871,3220650.932,1.000741269
241.586449048,0.221,221,2,182.891,713314.563,227.092,3224953.869,1.000785684
241.922968726,2.513,2513,2,185.404,713388.291,229.605,3233947.452,0.336519678
242.587275894,0.221,221,2,185.625,713404.675,229.826,3247574.874,0.664307168
243.588078035,0.221,221,2,185.846,713421.059,230.047,3261334.442,1.000802141
244.588884301,0.221,221,2,186.067,713437.443,230.268,3274697.572,1.000806266
245.589830311,0.221,221,2,186.288,713453.827,230.489,3288589.286,1.00094601
237.261608111,0.153,153,9,5.661,2584300.933,230.71,3298904.866,0
246.590621245,0.221,221,2,186.509,713462.019,230.863,3299061.495,9.329013134
247.370279194,2.538,2538,2,189.047,713478.403,233.401,3299077.879,0.779657949
237.259971421,0.144,144,8,6.776,942.032,234.976,3299094.263,0
247.381470967,0.23,230,8,7.006,966.608,235.206,3299118.839,10.121499546
247.333065158,0.153,153,9,5.814,2584457.562,235.35,3299127.031,0
247.375138632,1.575,1575,2,190.622,713486.595,235.503,3302408.579,0.042073474
247.591611288,0.221,221,2,190.843,713502.979,235.724,3315837.782,0.216472656
248.59243613,0.221,221,2,191.064,713519.363,235.945,3329465.204,1.000824842
249.593063512,0.221,221,2,191.285,713535.747,236.166,3342828.334,1.000627382
250.593810583,0.221,221,2,191.506,713552.131,236.387,3356455.756,1.000747071
251.594668856,0.221,221,2,191.727,713560.323,236.608,3360890.839,1.000858273
251.922902449,2.513,2513,2,194.24,713601.283,239.121,3370049.873,0.328233593
252.595617588,0.221,221,2,194.461,713617.667,239.342,3375880.681,0.672715139
253.596514452,0.221,221,2,194.682,713634.051,239.563,3389508.103,1.000896864
254.597316941,0.221,221,2,194.903,713650.435,239.784,3403135.525,1.000802489
255.598180818,0.221,221,2,195.124,713666.819,240.005,3416762.947,1.000863877
256.599022183,0.221,221,2,195.345,713683.203,240.226,3430324.296,1.000841365
247.384230657,0.153,153,9,5.967,2720405.502,240.447,3435287.963,0
257.599940688,0.221,221,2,195.566,713691.395,240.6,3435444.592,10.215710031
257.998972422,2.538,2538,2,198.104,713715.971,243.138,3435469.168,0.399031734
247.382931477,0.144,144,8,7.15,991.184,244.713,3435485.552,0
258.010658471,0.23,230,8,7.38,1015.76,244.943,3435510.128,10.627726994
257.965810641,0.153,153,9,6.12,2720562.131,245.087,3435518.32,0
258.004139064,1.575,1575,2,199.679,713724.163,245.24,3443683.094,0.038328423
258.601807711,0.221,221,2,199.9,713740.547,245.461,3457310.516,0.597668647
259.603316728,0.221,221,2,200.121,713748.739,245.682,3471061.892,1.001509017
260.604975537,0.221,221,2,200.342,713765.123,245.903,3484491.095,1.001658809
261.60583021,0.221,221,2,200.563,713773.315,246.124,3488794.032,1.000854673
261.922798531,2.513,2513,2,203.076,713912.579,248.637,3498381.735,0.316968321
262.606606652,0.221,221,2,203.297,713928.963,248.858,3512207.376,0.683808121
263.607363243,0.221,221,2,203.518,713945.347,249.079,3526033.017,1.000756591
264.608117962,0.221,221,2,203.739,713961.731,249.3,3539858.658,1.000754719
265.608963899,0.221,221,2,203.96,713978.115,249.521,3553816.445,1.000845937
266.609761533,0.221,221,2,204.181,713994.499,249.742,3567642.086,1.000797634
258.013112286,0.153,153,9,6.273,2856173.53,249.963,3571416.439,0
267.610552877,0.221,221,2,204.402,714002.691,250.116,3571709.96,9.597440591
267.916782451,2.538,2538,2,206.94,714068.227,252.654,3571775.496,0.306229574
258.011878171,0.144,144,8,7.524,1032.144,254.229,3571783.688,0
267.928635933,0.14,140,8,7.664,1048.528,254.369,3571800.072,9.916757762
267.885451452,0.153,153,9,6.426,2856467.051,254.513,3571808.264,0
267.922569875,1.575,1575,2,208.515,714076.419,254.666,3581201.609,0.037118423
268.611307332,0.221,221,2,208.736,714092.803,254.887,3594961.177,0.688737457
269.612054573,0.221,221,2,208.957,714109.187,255.108,3608720.745,1.000747241
270.612834042,0.221,221,2,209.178,714125.571,255.329,3622083.875,1.000779469
271.61359518,0.221,221,2,209.399,714133.763,255.55,3626188.593,1.000761138
271.923283003,2.513,2513,2,211.912,714174.723,258.063,3635744.065,0.309687823
272.614341726,0.221,221,2,212.133,714191.107,258.284,3649371.487,0.691058723
273.6152363,0.221,221,2,212.354,714207.491,258.505,3662998.909,1.000894574
274.616182529,0.221,221,2,212.575,714223.875,258.726,3676626.331,1.000946229
275.619280901,0.221,221,2,212.796,714240.259,258.947,3690187.68,1.003098372
276.620650786,0.221,221,2,213.017,714256.643,259.168,3703749.029,1.001369885
267.931486558,0.153,153,9,6.579,2992117.707,259.389,3707655.528,0
277.621666857,0.221,221,2,213.238,714264.835,259.542,3707909.563,9.690180299
278.463007402,2.538,2538,2,215.776,714297.603,262.08,3707942.331,0.841340545
267.930033982,0.144,144,8,7.808,1073.104,263.655,3707958.715,0
278.474824161,0.23,230,8,8.038,1097.68,263.885,3707983.291,10.544790179
277.961187219,0.153,153,9,6.732,2992371.742,264.029,3707991.483,0
278.468399519,1.575,1575,2,217.351,714305.795,264.182,3709918.579,0.5072123
278.622414052,0.221,221,2,217.572,714322.179,264.403,3723479.928,0.154014533
279.623200886,0.221,221,2,217.793,714338.563,264.624,3736975.204,1.000786834
280.623957616,0.221,221,2,218.014,714354.947,264.845,3750404.407,1.00075673
281.624752492,0.221,221,2,218.235,714363.139,265.066,3754376.979,1.000794876
281.922781185,2.513,2513,2,220.748,714387.715,267.579,3762991.045,0.298028693
282.625501899,0.221,221,2,220.969,714404.099,267.8,3776618.467,0.702720714
283.626385941,0.221,221,2,221.19,714420.483,268.021,3790311.962,1.000884042
284.627228679,0.221,221,2,221.411,714436.867,268.242,3803873.311,1.000842738
285.628033104,0.221,221,2,221.632,714453.251,268.463,3817368.587,1.000804425
286.628811621,0.221,221,2,221.853,714469.635,268.684,3831260.301,1.000778517
278.477730492,0.153,153,9,6.885,3128022.398,268.905,3843822.363,0
287.629584274,0.221,221,2,222.074,714477.827,269.058,3844078.236,9.151853782
288.562155024,2.538,2538,2,224.612,714502.403,271.596,3844102.812,0.93257075
278.475864403,0.144,144,8,8.182,1122.256,273.171,3844119.196,0
288.573710817,0.23,230,8,8.412,1146.832,273.401,3844143.772,10.097846414
288.531455411,0.153,153,9,7.038,3128278.271,273.545,3844151.964,0
288.56712543,1.575,1575,2,226.187,714510.595,273.698,3845114.781,0.035670019
288.630385533,0.221,221,2,226.408,714526.979,273.919,3858411.838,0.063260103
289.631186584,0.221,221,2,226.629,714543.363,274.14,3871708.895,1.000801051
290.631969904,0.221,221,2,226.85,714559.747,274.361,3885270.244,1.00078332
291.632720557,0.221,221,2,227.071,714559.747,274.582,3889234.624,1.000750653
291.922802723,2.513,2513,2,229.584,714633.475,277.095,3898888.937,0.290082166
292.633529168,0.221,221,2,229.805,714649.859,277.316,3912714.578,0.710726445
293.634294193,0.221,221,2,230.026,714666.243,277.537,3926209.854,1.000765025
294.635091774,0.221,221,2,230.247,714682.627,277.758,3939572.984,1.000797581
295.63584251,0.221,221,2,230.468,714699.011,277.979,3953002.187,1.000750736
296.636583143,0.221,221,2,230.689,714715.395,278.2,3966563.536,1.000740633
288.576586896,0.153,153,9,7.191,3263955.743,278.421,3980050.62,0
297.637400325,0.221,221,2,230.91,714731.779,278.574,3980221.233,9.060813429
298.638177112,0.221,221,2,231.131,714739.971,278.795,3980229.425,1.000776787
298.652964019,2.538,2538,2,233.669,714838.275,281.333,3980327.729,0.014786907
288.574872788,0.144,144,8,8.556,1171.408,282.908,3980344.113,0
298.663491627,0.23,230,8,8.786,1195.984,283.138,3980368.689,10.088618839
298.61857452,0.153,153,9,7.344,3264118.164,283.282,3980376.881,0
298.657506561,1.575,1575,2,235.244,714846.467,283.435,3994156.963,0.038932041
299.639010092,0.221,221,2,235.465,714862.851,283.656,4008114.75,0.981503531
300.639774211,0.221,221,2,235.686,714879.235,283.877,4022072.537,1.000764119
301.640538869,0.221,221,2,235.907,714887.427,284.098,4025979.036,1.000764658
301.922863152,2.513,2513,2,238.42,714961.155,286.611,4036095.86,0.282324283
302.641292649,0.221,221,2,238.641,714977.539,286.832,4049921.501,0.718429497
303.642041192,0.221,221,2,238.862,714993.923,287.053,4063614.996,1.000748543
304.642788134,0.221,221,2,239.083,715010.307,287.274,4077242.418,1.000746942
305.643605357,0.221,221,2,239.304,715026.691,287.495,4090935.913,1.000817223
306.644360514,0.221,221,2,239.525,715043.075,287.716,4104629.408,1.000755157
298.665754396,0.153,153,9,7.497,3399728.666,287.937,4116200.375,0
307.645194519,0.221,221,2,239.746,715051.267,288.09,4116350.154,8.979440123
308.5447305,2.538,2538,2,242.284,715084.035,290.628,4116382.922,0.899535981
298.664573828,0.144,144,8,8.93,1212.368,292.203,4116391.114,0
308.55337098,0.14,140,8,9.07,1228.752,292.343,4116407.498,9.888797152
308.512043015,0.153,153,9,7.65,3399878.445,292.487,4116415.69,0
308.549468782,1.575,1575,2,243.859,715092.227,292.64,4117814.202,0.037425767
308.646001501,0.221,221,2,244.08,715108.611,292.861,4131111.259,0.096532719
309.646864554,0.221,221,2,244.301,715124.995,293.082,4144936.9,1.000863053
310.647619737,0.221,221,2,244.522,715141.379,293.303,4158630.395,1.000755183
311.64846221,0.221,221,2,244.743,715149.571,293.524,4162404.748,1.000842473
311.922795083,2.513,2513,2,247.256,715182.339,296.037,4172414.539,0.274332873
312.649336328,0.221,221,2,247.477,715198.723,296.258,4185975.888,0.726541245
313.650112274,0.221,221,2,247.698,715215.107,296.479,4199471.164,1.000775946
314.650887868,0.221,221,2,247.919,715231.491,296.7,4213098.586,1.000775594
315.651644356,0.221,221,2,248.14,715247.875,296.921,4226461.716,1.000756488
316.652407098,0.221,221,2,248.361,715264.259,297.142,4240155.211,1.000762742
308.555766599,0.153,153,9,7.803,3535529.101,297.363,4252254.762,0
317.653164228,0.221,221,2,248.582,715272.451,297.516,4252636.611,9.097397629
318.565256536,2.538,2538,2,251.12,715292.931,300.054,4252657.091,0.912092308
308.554727481,0.144,144,8,9.214,1253.328,301.629,4252673.475,0
318.578360587,0.23,230,8,9.444,1277.904,301.859,4252698.051,10.023633106
318.523435382,0.153,153,9,7.956,3535910.95,302.003,4252706.243,0
318.570107038,1.575,1575,2,252.695,715301.123,302.156,4253608.403,0.046671656
318.65393261,0.221,221,2,252.916,715317.507,302.377,4266971.533,0.083825572
319.654740373,0.221,221,2,253.137,715333.891,302.598,4280400.736,1.000807763
320.655504601,0.221,221,2,253.358,715350.275,302.819,4293763.866,1.000764228
321.656237043,0.221,221,2,253.579,715358.467,303.04,4297340.0,1.000732442
321.922762423,2.513,2513,2,256.092,715497.731,305.553,4307456.287,0.26652538
322.657113986,0.221,221,2,256.313,715514.115,305.774,4321083.709,0.734351563
323.657939628,0.221,221,2,256.534,715522.307,305.995,4334835.085,1.000825642
324.658740739,0.221,221,2,256.755,715538.691,306.216,4348396.434,1.000801111
325.659503017,0.221,221,2,256.976,715555.075,306.437,4361957.783,1.000762278
326.660248515,0.221,221,2,257.197,715571.459,306.658,4375519.132,1.000745498
318.5843841,0.153,153,9,8.109,3671527.765,306.879,4388609.778,0
327.661146484,0.221,221,2,257.418,715587.843,307.032,4388872.005,9.076762384
328.661965001,0.221,221,2,257.639,715596.035,307.253,4388880.197,1.000818517
328.675758688,2.538,2538,2,260.177,715661.571,309.791,4388945.733,0.013793687
318.579635698,0.144,144,8,9.588,1302.48,311.366,4388962.117,0
328.686671221,0.23,230,8,9.818,1327.056,311.596,4388986.693,10.107035523
328.634611978,0.153,153,9,8.262,3671781.8,311.74,4388994.885,0
328.680795509,1.575,1575,2,261.752,715669.763,311.893,4402315.914,0.046183531
329.662803449,0.221,221,2,261.973,715686.147,312.114,4415612.971,0.98200794
330.66361553,0.221,221,2,262.194,715702.531,312.335,4428976.101,1.000812081
331.664373075,0.221,221,2,262.415,715710.723,312.556,4432420.089,1.000757545
331.922754086,2.513,2513,2,264.928,715768.067,315.069,4442586.602,0.258381011
332.665148946,0.221,221,2,265.149,715784.451,315.29,4456147.951,0.74239486
333.665880865,0.221,221,2,265.37,715800.835,315.511,4469312.862,1.000731919
334.666704441,0.221,221,2,265.591,715817.219,315.732,4482345.627,1.000823576
335.667355811,0.221,221,2,265.812,715833.603,315.953,4495378.392,1.00065137
336.668102542,0.221,221,2,266.033,715849.987,316.174,4508411.157,1.000746731
337.669045912,0.221,221,2,266.254,715866.371,316.395,4521509.995,1.00094337
328.688682699,0.153,153,9,8.415,3807660.052,316.616,4525086.129,0
338.669817366,0.221,221,2,266.475,715874.563,316.769,4525180.104,9.981134667
338.979467702,2.538,2538,2,269.013,715907.331,319.307,4525212.872,0.309650336
328.687697623,0.144,144,8,9.962,1351.632,320.882,4525229.256,0
338.994857462,0.23,230,8,10.192,1376.208,321.112,4525253.832,10.307159839
338.936284685,0.153,153,9,8.568,3807754.027,321.256,4525262.024,0
338.984604174,1.575,1575,2,270.588,715915.523,321.409,4534828.831,0.0483194890001
339.670607713,0.221,221,2,270.809,715931.907,321.63,4548390.18,0.686003539
340.6713585,0.221,221,2,271.03,715948.291,321.851,4561885.456,1.000750787
341.672181339,0.221,221,2,271.251,715956.483,322.072,4565263.371,1.000822839
341.922694834,2.513,2513,2,273.764,716095.747,324.585,4575710.023,0.250513495
342.673040514,0.221,221,2,273.985,716112.131,324.806,4589469.591,0.75034568
343.673862183,0.221,221,2,274.206,716128.515,325.027,4603097.013,1.000821669
344.674614557,0.221,221,2,274.427,716144.899,325.248,4615997.632,1.000752374
345.675188659,0.221,221,2,274.648,716161.283,325.469,4629228.616,1.000574102
346.675875515,0.221,221,2,274.869,716177.667,325.69,4642261.381,1.000686856
347.676613197,0.221,221,2,275.09,716194.051,325.911,4655228.073,1.000737682
338.997707499,0.153,153,9,8.721,3943974.583,326.132,4661777.492,0
348.677375482,0.221,221,2,275.311,716202.243,326.285,4662079.701,9.679667983
349.202259837,2.538,2538,2,277.849,716267.779,328.823,4662145.237,0.524884355
338.996337282,0.144,144,8,10.336,1400.784,330.398,4662161.621,0
349.212029482,0.23,230,8,10.566,1425.36,330.628,4662186.197,10.2156922
349.16209345,0.153,153,9,8.874,3944276.792,330.772,4662194.389,0
349.20668689,1.575,1575,2,279.424,716275.971,330.925,4668686.957,0.04459344
349.678129493,0.221,221,2,279.645,716292.355,331.146,4682116.16,0.471442603
350.678935611,0.221,221,2,279.866,716308.739,331.367,4695281.071,1.000806118
351.679692701,0.221,221,2,280.087,716316.931,331.588,4698395.337,1.00075709
351.922740127,2.513,2513,2,282.6,716357.891,334.101,4708479.393,0.243047426
352.680403625,0.221,221,2,282.821,716374.275,334.322,4721842.523,0.757663498
353.681173287,0.221,221,2,283.042,716390.659,334.543,4735139.58,1.000769662
354.681936653,0.221,221,2,283.263,716407.043,334.764,4748700.929,1.000763366
355.682601634,0.221,221,2,283.484,716415.235,334.985,4761527.283,1.000664981
356.683360719,0.221,221,2,283.705,716431.619,335.206,4774692.194,1.000759085
357.68412425,0.221,221,2,283.926,716448.003,335.427,4787857.105,1.000763531
349.214669569,0.153,153,9,9.027,4080529.183,335.648,4798635.196,0
358.684884152,0.221,221,2,284.147,716456.195,335.801,4798889.231,9.470214583
359.564883324,2.538,2538,2,286.685,716488.963,338.339,4798921.999,0.879999172
349.213371888,0.144,144,8,10.71,1449.936,339.914,4798938.383,0
359.574553101,0.23,230,8,10.94,1474.512,340.144,4798962.959,10.361181213
359.522546704,0.153,153,9,9.18,4080783.218,340.288,4798971.151,0
359.569222333,1.575,1575,2,288.26,716497.155,340.441,4800534.417,0.046675629
359.687667756,0.221,221,2,288.481,716505.347,340.662,4813558.99,0.118445423
360.688685428,0.221,221,2,288.702,716529.923,340.883,4826401.728,1.001017672
361.689475527,0.221,221,2,288.923,716538.115,341.104,4829581.424,1.000790099
361.924181959,2.513,2513,2,291.436,716562.691,343.617,4839913.388,0.234706432
362.690343027,0.221,221,2,291.657,716579.075,343.838,4853078.299,0.766161068
363.691077199,0.221,221,2,291.878,716595.459,344.059,4865978.918,1.000734172
364.691645611,0.221,221,2,292.099,716611.843,344.28,4878417.026,1.000568412
365.692237921,0.221,221,2,292.32,716628.227,344.501,4891780.156,1.00059231
366.693187467,0.221,221,2,292.541,716644.611,344.722,4905077.213,1.000949546
367.694307472,0.221,221,2,292.762,716660.995,344.943,4918770.708,1.001120005
368.695276959,0.221,221,2,292.983,716677.379,345.164,4932067.765,1.000969487
359.580533301,0.153,153,9,9.333,4216466.482,345.385,4934851.023,0
369.696088265,0.221,221,2,293.204,716685.571,345.538,4934964.212,10.115554964
369.947590569,2.538,2538,2,295.742,716710.147,348.076,4934988.788,0.251502304
359.578808062,0.144,144,8,11.084,1507.28,349.651,4935013.364,0
369.960805342,0.23,230,8,11.314,1523.664,349.881,4935029.748,10.38199728
369.903138503,0.153,153,9,9.486,4216579.671,350.025,4935037.94,0
369.952721767,1.575,1575,2,297.317,716718.339,350.178,4945113.039,0.049583264
370.696844022,0.221,221,2,297.538,716734.723,350.399,4958542.242,0.744122255
371.697575324,0.221,221,2,297.759,716742.915,350.62,4961589.792,1.000731302
371.922751815,2.513,2513,2,300.272,716882.179,353.133,4972234.663,0.225176491
372.698378015,0.221,221,2,300.493,716898.563,353.354,4985729.939,0.7756262
373.699307744,0.221,221,2,300.714,716914.947,353.575,4999026.996,1.000929729
374.699861412,0.221,221,2,300.935,716931.331,353.796,5012390.126,1.000553668
375.700322154,0.221,221,2,301.156,716947.715,354.017,5025488.964,1.000460742
376.700789142,0.221,221,2,301.377,716964.099,354.238,5038786.021,1.000466988
377.701307184,0.221,221,2,301.598,716980.483,354.459,5052149.151,1.000518042
378.702015618,0.221,221,2,301.819,716996.867,354.68,5065578.354,1.000708434
369.964065944,0.153,153,9,9.639,4352251.351,354.901,5071004.532,0
379.702625225,0.221,221,2,302.04,717005.059,355.054,5071274.885,9.738559281
380.191813757,2.538,2538,2,304.578,717070.595,357.592,5071340.421,0.489188532
369.962459828,0.144,144,8,11.458,1548.24,359.167,5071356.805,0
380.201631955,0.23,230,8,11.688,1572.816,359.397,5071381.381,10.239172127
380.102914213,0.153,153,9,9.792,4352521.704,359.542,5071389.573,0
380.1961963,1.575,1575,2,306.153,717078.787,359.695,5078212.615,0.093282087
380.703335854,0.221,221,2,306.374,717095.171,359.916,5091707.891,0.507139554
381.704063392,0.221,221,2,306.595,717103.363,360.137,5094623.295,1.000727538
381.92257025,2.513,2513,2,309.108,717160.707,362.65,5105054.1,0.218506858
382.704786122,0.221,221,2,309.329,717177.091,362.871,5118285.084,0.782215872
383.705530773,0.221,221,2,309.55,717193.475,363.092,5131780.36,1.000744651
384.706288987,0.221,221,2,309.771,717209.859,363.313,5145407.782,1.000758214
385.706989093,0.221,221,2,309.992,717226.243,363.534,5158374.474,1.000700106
386.707702146,0.221,221,2,310.213,717242.627,363.755,5171737.604,1.000713053
387.708708492,0.221,221,2,310.434,717250.819,363.976,5184762.177,1.001006346
388.709951654,0.221,221,2,310.655,717267.203,364.197,5198323.526,1.001243162
380.204286022,0.153,153,9,9.945,4488112.831,364.418,5207185.5,0
389.710779817,0.221,221,2,310.876,722091.587,364.571,5212335.381,9.506493795
390.408296706,2.538,2538,2,313.414,722099.779,367.109,5212343.573,0.697516889
390.711481893,0.221,221,2,313.635,722116.163,367.33,5212359.957,0.303185187
391.712005879,0.221,221,2,313.856,722124.355,367.551,5212368.149,1.000523986
391.937194724,0.339,339,2,314.195,722148.931,367.89,5212392.725,0.225188845
392.712567306,0.221,221,2,314.416,722165.315,368.111,5212409.109,0.775372582
393.713055534,0.221,221,2,314.637,722181.699,368.332,5212425.493,1.000488228
394.713502367,0.221,221,2,314.858,722198.083,368.553,5212441.877,1.000446833
395.713995668,0.221,221,2,315.079,722214.467,368.774,5212458.261,1.000493301
396.714453935,0.221,221,2,315.3,722230.851,368.995,5212474.645,1.000458267
397.714895281,0.221,221,2,315.521,722247.235,369.216,5212493.589,1.000441346
398.715571667,0.221,221,2,315.742,722263.619,369.437,5212509.973,1.000676386
399.716099106,0.221,221,2,315.963,722280.003,369.658,5212526.357,1.000527439
400.716554143,0.221,221,2,316.184,722296.387,369.879,5212542.741,1.000455037
401.7169959,0.221,221,2,316.405,722304.579,370.1,5212550.933,1.000441757
401.922224568,0.339,339,2,316.744,722329.155,370.439,5212575.509,0.205228668
402.717485562,0.221,221,2,316.965,722345.539,370.66,5212591.893,0.795260994
403.71828325,0.221,221,2,317.186,722361.923,370.881,5212608.277,1.000797688
404.718960064,0.221,221,2,317.407,722378.307,371.102,5212624.661,1.000676814
405.719609533,0.221,221,2,317.628,722394.691,371.323,5212641.045,1.000649469
406.720059205,0.221,221,2,317.849,722411.075,371.544,5212657.429,1.000449672
407.720503258,0.221,221,2,318.07,722427.459,371.765,5212673.813,1.000444053
408.720957215,0.221,221,2,318.291,722443.843,371.986,5212690.197,1.000453957
409.721409334,0.221,221,2,318.512,722460.227,372.207,5212706.581,1.000452119
410.721836508,0.221,221,2,318.733,722476.611,372.428,5212722.965,1.000427174
411.722273493,0.221,221,2,318.954,722484.803,372.649,5212731.157,1.000436985
411.922155029,0.339,339,2,319.293,722501.187,372.988,5212747.541,0.199881536
412.722748157,0.221,221,2,319.514,722517.571,373.209,5212763.925,0.800593128
413.72320352,0.221,221,2,319.735,722533.955,373.43,5212780.309,1.000455363
414.723632806,0.221,221,2,319.956,722550.339,373.651,5212799.157,1.000429286
415.724152879,0.221,221,2,320.177,722566.723,373.872,5212815.541,1.000520073
416.724624171,0.221,221,2,320.398,722583.107,374.093,5212833.749,1.000471292
417.725219991,0.221,221,2,320.619,722599.491,374.314,5212850.133,1.00059582
418.725699898,0.221,221,2,320.84,722615.875,374.535,5212866.517,1.000479907
419.726158066,0.221,221,2,321.061,722624.067,374.756,5212874.789,1.000458168
420.72664053,0.221,221,2,321.282,722640.451,374.977,5212891.173,1.000482464
421.727085778,0.221,221,2,321.503,722648.643,375.198,5212899.365,1.000445248
421.922103242,0.339,339,2,321.842,722660.931,375.537,5212911.653,0.195017464
422.727556288,0.221,221,2,322.063,722677.315,375.758,5212928.037,0.805453046
423.728006445,0.221,221,2,322.284,722693.699,375.979,5212944.421,1.000450157
424.72843589,0.221,221,2,322.505,722710.083,376.2,5212960.805,1.000429445
425.728940903,0.221,221,2,322.726,722726.467,376.421,5212977.189,1.000505013
426.729382819,0.221,221,2,322.947,722742.851,376.642,5212995.669,1.000441916
427.729951871,0.221,221,2,323.168,722759.235,376.863,5213012.053,1.000569052
428.730434443,0.221,221,2,323.389,722775.619,377.084,5213028.437,1.000482572
429.730876591,0.221,221,2,323.61,722792.003,377.305,5213044.821,1.000442148
430.731305797,0.221,221,2,323.831,722808.387,377.526,5213061.205,1.000429206
431.731774036,0.221,221,2,324.052,722816.579,377.747,5213069.397,1.000468239
431.922053073,0.339,339,2,324.391,722825.795,378.086,5213078.613,0.190279037
432.732312503,0.221,221,2,324.612,722842.179,378.307,5213094.997,0.81025943
433.732806243,0.221,221,2,324.833,722858.563,378.528,5213111.381,1.00049374
434.733246905,0.221,221,2,325.054,722874.947,378.749,5213127.765,1.000440662
435.733763292,0.221,221,2,325.275,722891.331,378.97,5213144.149,1.000516387
436.734261722,0.221,221,2,325.496,722907.715,379.191,5213160.533,1.00049843
437.734757741,0.221,221,2,325.717,722924.099,379.412,5213176.917,1.000496019
438.735249675,0.221,221,2,325.938,722940.483,379.633,5213193.301,1.000491934
439.735773664,0.221,221,2,326.159,722956.867,379.854,5213209.685,1.000523989
440.736269244,0.221,221,2,326.38,722973.251,380.075,5213226.069,1.00049558
441.73671797,0.221,221,2,326.601,722981.443,380.296,5213234.261,1.000448726
441.921964799,0.339,339,2,326.94,722990.659,380.635,5213243.477,0.185246829
442.737197473,0.221,221,2,327.161,723007.043,380.856,5213265.813,0.815232674
443.738515587,0.221,221,2,327.382,723023.427,381.077,5213282.197,1.001318114
444.739209542,0.221,221,2,327.603,723048.515,381.298,5213307.285,1.000693955
444.764735517,1.575,1575,2,329.178,723048.515,382.873,5213307.285,0.025525975
444.775368512,0.286,286,2,329.464,723056.707,383.159,5213319.573,0.010632995
444.784956806,0.189,189,2,329.653,723064.899,383.348,5213327.765,0.00958829400003
444.803365631,0.249,249,2,329.902,723068.995,383.597,5213331.861,0.018408825
444.846802741,0.186,186,5,0.186,5.952,384.083,5213335.957,0.04343711
444.848756075,0.188,188,5,0.374,6.976,384.271,5213337.477,0.00195333400001
444.815819878,0.114,114,2,330.016,723079.235,384.659,5488321.397,0
445.739908645,0.221,221,2,330.237,723095.619,384.88,5626774.389,0.924088767
446.74169848,0.221,221,2,330.458,723112.003,385.101,5650137.973,1.001789835
447.742455845,0.221,221,2,330.679,723128.387,385.322,5650154.357,1.000757365
448.743173755,0.221,221,2,330.9,723144.771,385.543,5650170.741,1.00071791
449.743867089,0.221,221,2,331.121,723161.155,385.764,5650187.125,1.000693334
450.744611376,0.221,221,2,331.342,723177.539,385.985,5650203.509,1.000744287
451.745333121,0.221,221,2,331.563,723177.539,386.206,5650203.509,1.000721745
451.925365216,2.513,2513,2,334.076,723186.755,388.719,5650212.725,0.180032095
452.746110202,0.221,221,2,334.297,723203.139,388.94,5650229.109,0.820744986
453.746825736,0.221,221,2,334.518,723219.523,389.161,5650245.493,1.000715534
454.747736718,0.221,221,2,334.739,723235.907,389.382,5650261.877,1.000910982
455.748548662,0.221,221,2,334.96,723252.291,389.603,5650280.021,1.000811944
50.037206697,25.669,25669,3,25.669,4.064,389.824,5650288.213,0
456.749257099,0.221,221,2,335.181,723268.675,390.001,5673334.357,406.712050402
457.749969887,0.221,221,2,335.402,723285.059,390.222,5696421.045,1.000712788
458.75067206,0.221,221,2,335.623,723301.443,390.443,5696437.429,1.000702173
444.848114077,0.186,186,6,0.186,91580.656,390.664,5696445.621,0
459.751448575,0.221,221,2,335.844,723317.827,390.852,5753126.069,14.903334498
460.752153766,0.221,221,2,336.065,723334.211,391.073,5753142.453,1.000705191
461.752845882,0.221,221,2,336.286,723342.403,391.294,5753150.645,1.000692116
444.895906558,0.158,158,7,0.158,78575.616,393.807,5753151.637,0
461.922757799,2.513,2513,2,338.799,723351.587,393.995,5814304.917,17.026851241
462.753551886,0.221,221,2,339.02,723367.971,394.216,5814321.301,0.830794087
463.754275688,0.221,221,2,339.241,723384.355,394.437,5814337.685,1.000723802
462.41270207,0.188,188,7,0.346,139720.704,394.658,5814345.877,0
464.754984093,0.221,221,2,339.462,723400.739,394.844,5874876.565,2.342282023
465.755739519,0.221,221,2,339.683,723417.123,395.065,5874892.949,1.000755426
466.756437106,0.221,221,2,339.904,723433.507,395.286,5874909.333,1.000697587
444.85008325,0.23,230,5,0.604,266627.2,395.507,5874917.525,0
467.756991494,0.221,221,2,340.125,723449.891,395.703,5940872.725,22.906908244
468.757631553,0.221,221,2,340.346,723466.275,395.924,5940889.109,1.000640059
457.55533557,0.177,177,3,25.846,46112.112,396.145,5940898.725,0
469.758360265,0.221,221,2,340.567,723482.659,396.331,5972577.189,12.203024695
470.759071161,0.221,221,2,340.788,723499.043,396.552,6002969.509,1.000710896
471.759791645,0.221,221,2,341.009,723507.235,396.773,6002977.701,1.000720484
471.952892368,2.513,2513,2,343.522,723516.387,399.286,6002988.645,0.193100723
460.095384869,0.188,188,6,0.374,148254.32,399.507,6002996.837,0
472.760491074,0.221,221,2,343.743,723532.771,399.737,6064592.485,12.665106205
473.761181791,0.221,221,2,343.964,723549.155,399.958,6064609.845,1.000690717
474.761942406,0.221,221,2,344.185,723565.539,400.179,6064627.893,1.000760615
475.762777563,0.221,221,2,344.406,723581.923,400.4,6064644.277,1.000835157
476.763559502,0.221,221,2,344.627,723598.307,400.621,6064660.661,1.000781939
465.04818384,0.186,186,7,0.532,200243.2,400.842,6064668.853,0
477.764357912,0.221,221,2,344.848,723614.691,401.091,6132867.253,12.716174072
478.765059765,0.221,221,2,345.069,723631.075,401.312,6132884.821,1.000701853
470.630593585,0.186,186,3,26.032,108161.776,401.533,6132893.013,0
479.765774211,0.221,221,2,345.29,723647.459,401.782,6194783.573,9.135180626
480.766464429,0.221,221,2,345.511,723663.843,402.003,6194799.957,1.000690218
481.766995007,0.221,221,2,345.732,723672.035,402.224,6194808.149,1.000530578
481.922572131,2.513,2513,2,348.245,723681.155,404.737,6194817.269,0.155577124
482.767636244,0.221,221,2,348.466,723697.539,404.958,6194833.653,0.845064113
480.367523633,0.249,249,3,26.281,170044.144,405.179,6194833.653,0
483.768346941,0.221,221,2,348.687,723705.731,405.367,6251874.549,3.400823308
484.7690795,0.221,221,2,348.908,723722.115,405.588,6251890.933,1.000732559
485.76989116,0.221,221,2,349.129,723738.499,405.809,6251909.861,1.00081166
486.770633733,0.221,221,2,349.35,723754.883,406.03,6251926.245,1.000742573
473.049458342,0.23,230,6,0.604,209843.936,406.251,6251934.437,0
487.77117516,0.221,221,2,349.571,723771.267,406.447,6309024.485,14.721716818
488.771857368,0.221,221,2,349.792,723787.651,406.668,6309040.869,1.000682208
489.772565896,0.221,221,2,350.013,723804.035,406.889,6309057.253,1.000708528
490.773291803,0.221,221,2,350.234,723820.419,407.11,6309073.637,1.000725907
491.774156558,0.221,221,2,350.455,723828.611,407.331,6309081.829,1.000864755
491.922455612,2.513,2513,2,352.968,723837.699,409.844,6309090.917,0.148299054
492.774935438,0.221,221,2,353.189,723854.083,410.065,6309107.301,0.852479826
493.775682912,0.221,221,2,353.41,723870.467,410.286,6309123.685,1.000747474
494.77641208,0.221,221,2,353.631,723886.851,410.507,6309140.069,1.000729168
495.77724338,0.221,221,2,353.852,723903.235,410.728,6309156.453,1.0008313
496.777967238,0.221,221,2,354.073,723919.619,410.949,6309172.837,1.000723858
497.778744107,0.221,221,2,354.294,723936.003,411.17,6309189.221,1.000776869
498.779447791,0.221,221,2,354.515,723952.387,411.391,6309205.605,1.000703684
499.780152213,0.221,221,2,354.736,723968.771,411.612,6309221.989,1.000704422
500.780863252,0.221,221,2,354.957,723985.155,411.833,6309238.373,1.000711039
501.781585797,0.221,221,2,355.178,724001.539,412.054,6309254.757,1.000722545
502.782288746,0.221,221,2,355.399,724009.731,412.275,6309263.333,1.000702949
503.650572606,2.513,2513,2,357.912,724018.787,414.788,6309272.757,0.86828386
503.783040047,0.221,221,2,358.133,724035.171,415.009,6309289.141,0.132467441
504.785470306,0.221,221,2,358.354,724051.555,415.23,6309305.525,1.002430259
505.786301748,0.221,221,2,358.575,724067.939,415.451,6309321.909,1.000831442
506.787112094,0.221,221,2,358.796,724076.131,415.672,6309330.101,1.000810346
507.171283827,0.178,178,2,358.974,724085.155,415.85,6309339.125,0.384171733
507.787834512,0.221,221,2,359.195,724101.539,416.071,6309355.509,0.616550685
508.788566958,0.221,221,2,359.416,724109.731,416.292,6309363.701,1.000732446
509.378071034,2.588,2588,2,362.004,724117.923,418.88,6309371.893,0.589504076
509.789275865,0.221,221,2,362.225,724134.307,419.101,6309388.277,0.411204831
510.789797376,0.221,221,2,362.446,724150.691,419.322,6309404.661,1.000521511
511.790258044,0.221,221,2,362.667,724158.883,419.543,6309412.853,1.000460668
511.921934356,0.339,339,2,363.006,724167.875,419.882,6309421.845,0.131676312
512.79075808,0.221,221,2,363.227,724184.259,420.103,6309438.229,0.868823724
513.791280941,0.221,221,2,363.448,724200.643,420.324,6309454.613,1.000522861
514.791750822,0.221,221,2,363.669,724208.835,420.545,6309462.805,1.000469881
515.792916737,0.221,221,2,363.89,724225.219,420.766,6309479.189,1.001165915
516.794258138,0.221,221,2,364.111,724241.603,420.987,6309495.573,1.001341401
517.79490355,0.221,221,2,364.332,724257.987,421.208,6309513.029,1.000645412
518.795613196,0.221,221,2,364.553,724274.371,421.429,6309529.413,1.000709646
519.797873654,0.221,221,2,364.774,724290.755,421.65,6309545.797,1.002260458
520.79836011,0.221,221,2,364.995,724307.139,421.871,6309562.181,1.000486456
521.798816973,0.221,221,2,365.216,724315.331,422.092,6309570.373,1.000456863
521.92247225,0.339,339,2,365.555,724324.291,422.431,6309579.333,0.123655277
522.799271206,0.221,221,2,365.776,724340.675,422.652,6309597.637,0.876798956
523.799837541,0.221,221,2,365.997,724357.059,422.873,6309614.021,1.000566335
524.800314017,0.221,221,2,366.218,724373.443,423.094,6309630.405,1.000476476
525.800748815,0.221,221,2,366.439,724389.827,423.315,6309648.101,1.000434798
526.80174807,0.221,221,2,366.66,724406.211,423.536,6309664.485,1.000999255
527.803214503,0.221,221,2,366.881,724422.595,423.757,6309680.869,1.001466433
528.803707676,0.221,221,2,367.102,724438.979,423.978,6309697.253,1.000493173
529.80420429,0.221,221,2,367.323,724455.363,424.199,6309713.637,1.000496614
530.804694108,0.221,221,2,367.544,724471.747,424.42,6309730.021,1.000489818
531.805124389,0.221,221,2,367.765,724479.939,424.641,6309738.213,1.000430281
531.922137587,0.339,339,2,368.104,724488.867,424.98,6309747.141,0.117013198
532.805749557,0.221,221,2,368.325,724505.251,425.201,6309763.525,0.88361197
533.806282068,0.221,221,2,368.546,724521.635,425.422,6309779.909,1.000532511
534.806722314,0.221,221,2,368.767,724538.019,425.643,6309797.653,1.000440246
535.807752595,0.221,221,2,368.988,724554.403,425.864,6309814.037,1.001030281
536.808240258,0.221,221,2,369.209,724570.787,426.085,6309830.421,1.000487663
537.808711267,0.221,221,2,369.43,724587.171,426.306,6309846.805,1.000471009
538.809186039,0.221,221,2,369.651,724603.555,426.527,6309866.069,1.000474772
539.809981552,0.221,221,2,369.872,724619.939,426.748,6309882.453,1.000795513
540.811725739,0.221,221,2,370.093,724636.323,426.969,6309898.837,1.001744187
541.812164919,0.221,221,2,370.314,724644.515,427.19,6309907.029,1.00043918
541.922154397,0.339,339,2,370.653,724653.411,427.529,6309915.925,0.109989478
542.812700147,0.221,221,2,370.874,724669.795,427.75,6309932.309,0.89054575
543.813183483,0.221,221,2,371.095,724686.179,427.971,6309948.693,1.000483336
544.813627761,0.221,221,2,371.316,724702.563,428.192,6309965.077,1.000444278
545.814160037,0.221,221,2,371.537,724718.947,428.413,6309981.461,1.000532276
546.814601372,0.221,221,2,371.758,724735.331,428.634,6309997.845,1.000441335
547.814998852,0.221,221,2,371.979,724743.523,428.855,6310006.037,1.00039748
548.81545428,0.221,221,2,372.2,724759.907,429.076,6310022.421,1.000455428
549.815868491,0.221,221,2,372.421,724776.291,429.297,6310038.805,1.000414211
550.816284652,0.221,221,2,372.642,724792.675,429.518,6310055.189,1.000416161
551.81669456,0.221,221,2,372.863,724800.867,429.739,6310063.381,1.000409908
551.921915043,0.339,339,2,373.202,724809.731,430.078,6310073.813,0.105220483
552.817224699,0.221,221,2,373.423,724826.115,430.299,6310090.197,0.895309656
553.819851512,0.221,221,2,373.644,724842.499,430.52,6310106.581,1.002626813
554.820269665,0.221,221,2,373.865,724858.883,430.741,6310122.965,1.000418153
555.820668281,0.221,221,2,374.086,724875.267,430.962,6310139.349,1.000398616
556.821082062,0.221,221,2,374.307,724891.651,431.183,6310155.733,1.000413781
557.821512165,0.221,221,2,374.528,724908.035,431.404,6310172.117,1.000430103
558.821930415,0.221,221,2,374.749,724924.419,431.625,6310188.501,1.00041825
559.822352629,0.221,221,2,374.97,724940.803,431.846,6310204.885,1.000422214
560.822766428,0.221,221,2,375.191,724957.187,432.067,6310221.269,1.000413799
561.823171856,0.221,221,2,375.412,724965.379,432.288,6310229.461,1.000405428
561.92207213,0.339,339,2,375.751,724974.211,432.627,6310238.293,0.0989002739999
562.823712593,0.221,221,2,375.972,724990.595,432.848,6310254.677,0.901640463
563.824184352,0.221,221,2,376.193,725006.979,433.069,6310271.061,1.000471759
564.824600834,0.221,221,2,376.414,725023.363,433.29,6310287.445,1.000416482
565.825035989,0.221,221,2,376.635,725039.747,433.511,6310303.829,1.000435155
566.825475205,0.221,221,2,376.856,725056.131,433.732,6310320.213,1.000439216
567.825884253,0.221,221,2,377.077,725072.515,433.953,6310336.597,1.000409048
568.826352977,0.221,221,2,377.298,725088.899,434.174,6310352.981,1.000468724
569.826793859,0.221,221,2,377.519,725105.283,434.395,6310369.365,1.000440882
570.827207279,0.221,221,2,377.74,725121.955,434.616,6310386.037,1.00041342
571.278706644,1.575,1575,2,379.315,725121.955,436.191,6310386.037,0.451499365
571.281139633,0.286,286,2,379.601,725319.427,436.477,6310583.509,0.002432989
571.285469567,0.189,189,2,379.79,725328.451,436.666,6310592.533,0.004329934
571.827841326,0.221,221,2,380.011,725336.643,436.887,6310600.725,0.542371759
571.922668837,2.513,2513,2,382.524,725345.635,439.4,6310609.717,0.0948275109999
572.828527103,0.221,221,2,382.745,725362.019,439.621,6310626.101,0.905858266
573.829216421,0.221,221,2,382.966,725378.403,439.842,6310642.485,1.000689318
574.829904323,0.221,221,2,383.187,725386.595,440.063,6310650.677,1.000687902
575.122978816,2.419,2419,2,385.606,725394.787,442.482,6310658.869,0.293074493
575.830659573,0.221,221,2,385.827,725411.171,442.703,6310675.253,0.707680757
576.831362049,0.221,221,2,386.048,725427.939,442.924,6310692.021,1.000702476
577.832032639,0.221,221,2,386.269,725436.883,443.145,6310700.965,1.00067059
578.508187195,0.189,189,2,386.458,725438.291,443.334,6310702.373,0.676154556
578.51681554,0.189,189,2,386.647,725439.571,443.523,6310703.653,0.00862834500003
578.52259368,0.189,189,2,386.836,725448.355,443.712,6310712.437,0.00577813999996
578.832797376,0.221,221,2,387.057,725464.739,443.933,6310728.821,0.310203696
579.833615785,0.221,221,2,387.278,725472.931,444.154,6310737.013,1.000818409
580.834343395,0.221,221,2,387.499,725489.315,444.375,6310753.397,1.00072761
581.835016762,0.221,221,2,387.72,725497.507,444.596,6310761.589,1.000673367
581.922883929,0.339,339,2,388.059,725506.259,444.935,6310770.341,0.087867167
582.835531009,0.221,221,2,388.28,725522.643,445.156,6310786.725,0.91264708
583.835978677,0.221,221,2,388.501,725539.027,445.377,6310803.109,1.000447668
584.836555992,0.221,221,2,388.722,725555.411,445.598,6310819.493,1.000577315
585.836975011,0.221,221,2,388.943,725571.795,445.819,6310835.877,1.000419019
586.837518035,0.221,221,2,389.164,725588.179,446.04,6310852.261,1.000543024
587.837961021,0.221,221,2,389.385,725604.563,446.261,6310868.645,1.000442986
588.839705806,0.221,221,2,389.606,725620.947,446.482,6310885.029,1.001744785
589.840137299,0.221,221,2,389.827,725637.331,446.703,6310901.413,1.000431493
590.841030636,0.221,221,2,390.048,725653.715,446.924,6310917.797,1.000893337
591.841579459,0.221,221,2,390.269,725661.907,447.145,6310925.989,1.000548823
591.921867383,0.339,339,2,390.608,725670.627,447.484,6310934.709,0.080287924
592.842220249,0.221,221,2,390.829,725687.011,447.705,6310951.093,0.920352866
593.842669442,0.221,221,2,391.05,725703.395,447.926,6310967.477,1.000449193
594.843108012,0.221,221,2,391.271,725719.779,448.147,6310983.861,1.00043857
595.843665125,0.221,221,2,391.492,725736.163,448.368,6311000.245,1.000557113
596.844104118,0.221,221,2,391.713,725752.547,448.589,6311016.629,1.000438993
597.84454159,0.221,221,2,391.934,725768.931,448.81,6311033.013,1.000437472
598.844975688,0.221,221,2,392.155,725785.315,449.031,6311049.397,1.000434098
599.845403253,0.221,221,2,392.376,725801.699,449.252,6311065.781,1.000427565
600.845986637,0.221,221,2,392.597,725818.083,449.473,6311082.165,1.000583384
601.846564868,0.221,221,2,392.818,725826.275,449.694,6311090.357,1.000578231
601.921798515,0.339,339,2,393.157,725835.555,450.033,6311099.637,0.075233647
602.259623277,1.575,1575,2,394.732,725835.555,451.608,6311099.637,0.337824762
602.264498881,0.286,286,2,395.018,726213.075,451.894,6311477.157,0.00487560400006
602.271628719,0.189,189,2,395.207,726213.731,452.083,6311477.813,0.00712983799997
602.274676556,0.286,286,2,395.493,735897.299,452.369,6321161.381,0.00304783700005
602.415543198,0.189,189,2,395.682,735906.083,452.558,6321170.165,0.140866642
602.847218496,0.221,221,2,395.903,735922.467,452.779,6321186.549,0.431675298
603.847936717,0.221,221,2,396.124,735938.851,453.0,6321202.933,1.000718221
604.84866154,0.221,221,2,396.345,735947.043,453.221,6321211.125,1.000724823
604.949380836,0.286,286,2,396.631,741206.867,453.507,6326470.949,0.100719296
604.97696845,0.189,189,2,396.82,741215.603,453.696,6326479.685,0.0275876139999
467.959073334,0.196,196,5,0.8,332577.664,453.917,6326488.421,0
605.849430071,0.221,221,2,397.041,741231.987,2590.203,6326496.613,137.890356737
606.850182978,0.221,221,2,397.262,741248.371,2590.424,6326512.997,1.000752907
607.850873623,0.221,221,2,397.483,741264.755,2590.645,6326529.381,1.000690645
608.851616042,0.221,221,2,397.704,741281.139,2590.866,6326545.765,1.000742419
609.852307918,0.221,221,2,397.925,741297.523,2591.087,6326562.149,1.000691876
610.853028855,0.221,221,2,398.146,741313.907,2591.308,6326578.533,1.000720937
611.853707078,0.221,221,2,398.367,741322.099,2591.529,6326586.725,1.000678223
612.85424363,0.221,221,2,398.588,741330.291,2591.75,6326594.917,1.000536552
613.001641251,2.513,2513,2,401.101,741338.995,2594.263,6326603.621,0.147397621
613.85488132,0.221,221,2,401.322,741355.379,2594.484,6326620.005,0.853240069
614.85559105,0.221,221,2,401.543,741371.763,2594.705,6326636.389,1.00070973
615.856298005,0.221,221,2,401.764,741388.147,2594.926,6326652.773,1.000706955
616.857010373,0.221,221,2,401.985,741404.531,2595.147,6326669.157,1.000712368
617.857739441,0.221,221,2,402.206,741420.915,2595.368,6326685.541,1.000729068
618.858465959,0.221,221,2,402.427,741437.299,2595.589,6326701.925,1.000726518
619.859150635,0.221,221,2,402.648,741445.491,2595.81,6326710.117,1.000684676
620.7199128,2.663,2663,2,405.311,741453.683,2598.473,6326718.309,0.860762165
620.859817024,0.221,221,2,405.532,741470.067,2598.694,6326734.693,0.139904224
621.860493895,0.221,221,2,405.753,741478.259,2598.915,6326742.885,1.000676871
621.922658749,0.339,339,2,406.092,741486.931,2599.254,6326751.557,0.062164854
622.861203413,0.221,221,2,406.313,741503.315,2599.475,6326767.941,0.938544664
624.216744606,0.221,221,2,406.534,741519.699,2599.696,6326784.325,1.355541193
625.21745547,0.221,221,2,406.755,741536.083,2599.917,6326800.709,1.000710864
626.217971067,0.221,221,2,406.976,741552.467,2600.138,6326817.093,1.000515597
627.218383143,0.221,221,2,407.197,741568.851,2600.359,6326833.477,1.000412076
628.218823618,0.221,221,2,407.418,741585.235,2600.58,6326849.861,1.000440475
629.219290152,0.221,221,2,407.639,741601.619,2600.801,6326866.245,1.000466534
630.219773527,0.221,221,2,407.86,741618.003,2601.022,6326882.629,1.000483375
631.220230886,0.221,221,2,408.081,741626.195,2601.243,6326890.821,1.000457359
631.923077754,0.339,339,2,408.42,741634.835,2601.582,6326899.461,0.702846868
632.22067154,0.221,221,2,408.641,741651.219,2601.803,6326915.845,0.297593786
633.221104747,0.221,221,2,408.862,741667.603,2602.024,6326932.229,1.000433207
634.221556791,0.221,221,2,409.083,741683.987,2602.245,6326948.613,1.000452044
635.221976668,0.221,221,2,409.304,741700.371,2602.466,6326964.997,1.000419877
636.222489605,0.221,221,2,409.525,741716.755,2602.687,6326981.381,1.000512937
637.222936611,0.221,221,2,409.746,741733.139,2602.908,6326997.765,1.000447006
638.22337461,0.221,221,2,409.967,741749.523,2603.129,6327014.149,1.000437999
639.223808546,0.221,221,2,410.188,741765.907,2603.35,6327030.533,1.000433936
640.224244883,0.221,221,2,410.409,741782.291,2603.571,6327046.917,1.000436337
641.224677059,0.221,221,2,410.63,741790.483,2603.792,6327055.109,1.000432176
641.921931099,0.339,339,2,410.969,741799.091,2604.131,6327063.717,0.69725404
642.225503778,0.221,221,2,411.19,741815.475,2604.352,6327080.101,0.303572679
643.225992663,0.221,221,2,411.411,741831.859,2604.573,6327096.485,1.000488885
644.226594832,0.221,221,2,411.632,741848.243,2604.794,6327112.869,1.000602169
645.227516997,0.221,221,2,411.853,741864.627,2605.015,6327129.253,1.000922165
646.228424186,0.221,221,2,412.074,741881.011,2605.236,6327145.637,1.000907189
647.228876881,0.221,221,2,412.295,741897.395,2605.457,6327162.021,1.000452695
648.229295256,0.221,221,2,412.516,741913.779,2605.678,6327178.405,1.000418375
649.229709075,0.221,221,2,412.737,741930.163,2605.899,6327195.877,1.000413819
650.230258072,0.221,221,2,412.958,741946.547,2606.12,6327212.261,1.000548997
651.232219256,0.221,221,2,413.179,741954.739,2606.341,6327220.453,1.001961184
651.92196323,0.339,339,2,413.518,741963.315,2606.68,6327229.029,0.689743974
652.232701331,0.221,221,2,413.739,741979.699,2606.901,6327245.413,0.310738101
653.233129074,0.221,221,2,413.96,741996.083,2607.122,6327261.797,1.000427743
654.233542596,0.221,221,2,414.181,742012.467,2607.343,6327278.181,1.000413522
655.233956616,0.221,221,2,414.402,742028.851,2607.564,6327294.565,1.00041402
656.23439019,0.221,221,2,414.623,742045.235,2607.785,6327310.949,1.000433574
657.234800869,0.221,221,2,414.844,742061.619,2608.006,6327327.333,1.000410679
658.235203613,0.221,221,2,415.065,742078.003,2608.227,6327343.717,1.000402744
659.235605541,0.221,221,2,415.286,742094.387,2608.448,6327360.101,1.000401928
660.236138422,0.221,221,2,415.507,742110.771,2608.669,6327376.485,1.000532881
661.236618974,0.221,221,2,415.728,742118.963,2608.89,6327384.677,1.000480552
661.921868106,0.339,339,2,416.067,742127.507,2609.229,6327393.221,0.685249132
662.237118733,0.221,221,2,416.288,742143.891,2609.45,6327409.605,0.315250627
663.237664871,0.221,221,2,416.509,742160.275,2609.671,6327425.989,1.000546138
664.238120967,0.221,221,2,416.73,742176.659,2609.892,6327442.373,1.000456096
665.238561646,0.221,221,2,416.951,742193.043,2610.113,6327458.757,1.000440679
666.239032865,0.221,221,2,417.172,742209.427,2610.334,6327475.141,1.000471219
667.239435045,0.221,221,2,417.393,742225.811,2610.555,6327491.525,1.00040218
668.239834076,0.221,221,2,417.614,742242.195,2610.776,6327507.909,1.000399031
669.240336044,0.221,221,2,417.835,742258.579,2610.997,6327524.293,1.000501968
670.24081729,0.221,221,2,418.056,742274.963,2611.218,6327540.677,1.000481246
671.24124461,0.221,221,2,418.277,742283.155,2611.439,6327548.869,1.00042732
671.921821548,0.339,339,2,418.616,742291.347,2611.778,6327557.061,0.680576938
672.24178463,0.221,221,2,418.837,742307.731,2611.999,6327573.445,0.319963082
673.242360618,0.221,221,2,419.058,742316.627,2612.22,6327582.341,1.000575988
674.096412205,0.189,189,2,419.247,742316.851,2612.409,6327582.565,0.854051587
674.102167887,0.189,189,2,419.436,742325.459,2612.598,6327591.173,0.00575568199997
674.242861966,0.221,221,2,419.657,742341.843,2612.819,6327607.557,0.140694079
675.243404749,0.221,221,2,419.878,742350.419,2613.04,6327616.133,1.000542783
675.467472906,0.189,189,2,420.067,742358.979,2613.229,6327624.693,0.224068157
